<?xml version="1.0" encoding="UTF-8"?>
<testsuite xmlns:xsi="http://www.w3.org/2001/XMLSchema-instance" xsi:noNamespaceSchemaLocation="https://maven.apache.org/surefire/maven-failsafe-plugin/xsd/failsafe-test-report-3.0.xsd" version="3.0" name="CucumberTestSuite" time="153.768" tests="11" errors="8" skipped="0" failures="0">
  <properties>
    <property name="sun.desktop" value="windows"/>
    <property name="awt.toolkit" value="sun.awt.windows.WToolkit"/>
    <property name="java.specification.version" value="11"/>
    <property name="webdriver.chrome.driver" value="C:\Users\ASUSTUF\OneDrive\Documents\Capstone Project\Web Automation\src\test\resources\webdriver\chromedriver.exe"/>
    <property name="sun.cpu.isalist" value="amd64"/>
    <property name="sun.jnu.encoding" value="Cp1252"/>
    <property name="java.class.path" value="C:\Users\ASUSTUF\OneDrive\Documents\Capstone Project\Web Automation\target\test-classes;C:\Users\ASUSTUF\.m2\repository\net\serenity-bdd\serenity-core\3.2.1\serenity-core-3.2.1.jar;C:\Users\ASUSTUF\.m2\repository\net\serenity-bdd\serenity-model\3.2.1\serenity-model-3.2.1.jar;C:\Users\ASUSTUF\.m2\repository\org\apache\commons\commons-text\1.9\commons-text-1.9.jar;C:\Users\ASUSTUF\.m2\repository\commons-net\commons-net\3.8.0\commons-net-3.8.0.jar;C:\Users\ASUSTUF\.m2\repository\com\google\guava\guava\31.1-jre\guava-31.1-jre.jar;C:\Users\ASUSTUF\.m2\repository\com\google\guava\failureaccess\1.0.1\failureaccess-1.0.1.jar;C:\Users\ASUSTUF\.m2\repository\com\google\guava\listenablefuture\9999.0-empty-to-avoid-conflict-with-guava\listenablefuture-9999.0-empty-to-avoid-conflict-with-guava.jar;C:\Users\ASUSTUF\.m2\repository\com\google\code\findbugs\jsr305\3.0.2\jsr305-3.0.2.jar;C:\Users\ASUSTUF\.m2\repository\org\checkerframework\checker-qual\3.12.0\checker-qual-3.12.0.jar;C:\Users\ASUSTUF\.m2\repository\com\google\errorprone\error_prone_annotations\2.11.0\error_prone_annotations-2.11.0.jar;C:\Users\ASUSTUF\.m2\repository\com\google\j2objc\j2objc-annotations\1.3\j2objc-annotations-1.3.jar;C:\Users\ASUSTUF\.m2\repository\com\google\inject\guice\5.1.0\guice-5.1.0.jar;C:\Users\ASUSTUF\.m2\repository\javax\inject\javax.inject\1\javax.inject-1.jar;C:\Users\ASUSTUF\.m2\repository\aopalliance\aopalliance\1.0\aopalliance-1.0.jar;C:\Users\ASUSTUF\.m2\repository\org\jsoup\jsoup\1.14.3\jsoup-1.14.3.jar;C:\Users\ASUSTUF\.m2\repository\com\thoughtworks\xstream\xstream\1.4.19\xstream-1.4.19.jar;C:\Users\ASUSTUF\.m2\repository\io\github\x-stream\mxparser\1.2.2\mxparser-1.2.2.jar;C:\Users\ASUSTUF\.m2\repository\xmlpull\xmlpull\1.1.3.1\xmlpull-1.1.3.1.jar;C:\Users\ASUSTUF\.m2\repository\io\cucumber\cucumber-java\7.2.3\cucumber-java-7.2.3.jar;C:\Users\ASUSTUF\.m2\repository\com\typesafe\config\1.4.2\config-1.4.2.jar;C:\Users\ASUSTUF\.m2\repository\org\imgscalr\imgscalr-lib\4.2\imgscalr-lib-4.2.jar;C:\Users\ASUSTUF\.m2\repository\org\awaitility\awaitility\4.2.0\awaitility-4.2.0.jar;C:\Users\ASUSTUF\.m2\repository\org\freemarker\freemarker\2.3.31\freemarker-2.3.31.jar;C:\Users\ASUSTUF\.m2\repository\io\github\classgraph\classgraph\4.8.138\classgraph-4.8.138.jar;C:\Users\ASUSTUF\.m2\repository\net\sourceforge\jexcelapi\jxl\2.6.12\jxl-2.6.12.jar;C:\Users\ASUSTUF\.m2\repository\net\bytebuddy\byte-buddy\1.12.8\byte-buddy-1.12.8.jar;C:\Users\ASUSTUF\.m2\repository\net\bytebuddy\byte-buddy-agent\1.12.8\byte-buddy-agent-1.12.8.jar;C:\Users\ASUSTUF\.m2\repository\org\objenesis\objenesis\3.1\objenesis-3.1.jar;C:\Users\ASUSTUF\.m2\repository\net\serenity-bdd\serenity-reports\3.2.1\serenity-reports-3.2.1.jar;C:\Users\ASUSTUF\.m2\repository\net\serenity-bdd\serenity-stats\3.2.1\serenity-stats-3.2.1.jar;C:\Users\ASUSTUF\.m2\repository\net\serenity-bdd\serenity-reports-configuration\3.2.1\serenity-reports-configuration-3.2.1.jar;C:\Users\ASUSTUF\.m2\repository\com\vladsch\flexmark\flexmark-all\0.34.30\flexmark-all-0.34.30.jar;C:\Users\ASUSTUF\.m2\repository\com\vladsch\flexmark\flexmark\0.34.30\flexmark-0.34.30.jar;C:\Users\ASUSTUF\.m2\repository\com\vladsch\flexmark\flexmark-ext-abbreviation\0.34.30\flexmark-ext-abbreviation-0.34.30.jar;C:\Users\ASUSTUF\.m2\repository\com\vladsch\flexmark\flexmark-ext-admonition\0.34.30\flexmark-ext-admonition-0.34.30.jar;C:\Users\ASUSTUF\.m2\repository\com\vladsch\flexmark\flexmark-ext-anchorlink\0.34.30\flexmark-ext-anchorlink-0.34.30.jar;C:\Users\ASUSTUF\.m2\repository\com\vladsch\flexmark\flexmark-ext-aside\0.34.30\flexmark-ext-aside-0.34.30.jar;C:\Users\ASUSTUF\.m2\repository\com\vladsch\flexmark\flexmark-ext-attributes\0.34.30\flexmark-ext-attributes-0.34.30.jar;C:\Users\ASUSTUF\.m2\repository\com\vladsch\flexmark\flexmark-ext-autolink\0.34.30\flexmark-ext-autolink-0.34.30.jar;C:\Users\ASUSTUF\.m2\repository\org\nibor\autolink\autolink\0.6.0\autolink-0.6.0.jar;C:\Users\ASUSTUF\.m2\repository\com\vladsch\flexmark\flexmark-ext-definition\0.34.30\flexmark-ext-definition-0.34.30.jar;C:\Users\ASUSTUF\.m2\repository\com\vladsch\flexmark\flexmark-ext-emoji\0.34.30\flexmark-ext-emoji-0.34.30.jar;C:\Users\ASUSTUF\.m2\repository\com\vladsch\flexmark\flexmark-ext-enumerated-reference\0.34.30\flexmark-ext-enumerated-reference-0.34.30.jar;C:\Users\ASUSTUF\.m2\repository\com\vladsch\flexmark\flexmark-ext-escaped-character\0.34.30\flexmark-ext-escaped-character-0.34.30.jar;C:\Users\ASUSTUF\.m2\repository\com\vladsch\flexmark\flexmark-ext-footnotes\0.34.30\flexmark-ext-footnotes-0.34.30.jar;C:\Users\ASUSTUF\.m2\repository\com\vladsch\flexmark\flexmark-ext-gfm-issues\0.34.30\flexmark-ext-gfm-issues-0.34.30.jar;C:\Users\ASUSTUF\.m2\repository\com\vladsch\flexmark\flexmark-ext-gfm-strikethrough\0.34.30\flexmark-ext-gfm-strikethrough-0.34.30.jar;C:\Users\ASUSTUF\.m2\repository\com\vladsch\flexmark\flexmark-ext-gfm-tables\0.34.30\flexmark-ext-gfm-tables-0.34.30.jar;C:\Users\ASUSTUF\.m2\repository\com\vladsch\flexmark\flexmark-ext-gfm-tasklist\0.34.30\flexmark-ext-gfm-tasklist-0.34.30.jar;C:\Users\ASUSTUF\.m2\repository\com\vladsch\flexmark\flexmark-ext-gfm-users\0.34.30\flexmark-ext-gfm-users-0.34.30.jar;C:\Users\ASUSTUF\.m2\repository\com\vladsch\flexmark\flexmark-ext-gitlab\0.34.30\flexmark-ext-gitlab-0.34.30.jar;C:\Users\ASUSTUF\.m2\repository\com\vladsch\flexmark\flexmark-ext-jekyll-front-matter\0.34.30\flexmark-ext-jekyll-front-matter-0.34.30.jar;C:\Users\ASUSTUF\.m2\repository\com\vladsch\flexmark\flexmark-ext-jekyll-tag\0.34.30\flexmark-ext-jekyll-tag-0.34.30.jar;C:\Users\ASUSTUF\.m2\repository\com\vladsch\flexmark\flexmark-ext-media-tags\0.34.30\flexmark-ext-media-tags-0.34.30.jar;C:\Users\ASUSTUF\.m2\repository\com\vladsch\flexmark\flexmark-test-util\0.34.30\flexmark-test-util-0.34.30.jar;C:\Users\ASUSTUF\.m2\repository\com\vladsch\flexmark\flexmark-ext-ins\0.34.30\flexmark-ext-ins-0.34.30.jar;C:\Users\ASUSTUF\.m2\repository\com\vladsch\flexmark\flexmark-ext-xwiki-macros\0.34.30\flexmark-ext-xwiki-macros-0.34.30.jar;C:\Users\ASUSTUF\.m2\repository\com\vladsch\flexmark\flexmark-ext-superscript\0.34.30\flexmark-ext-superscript-0.34.30.jar;C:\Users\ASUSTUF\.m2\repository\com\vladsch\flexmark\flexmark-ext-tables\0.34.30\flexmark-ext-tables-0.34.30.jar;C:\Users\ASUSTUF\.m2\repository\com\vladsch\flexmark\flexmark-ext-toc\0.34.30\flexmark-ext-toc-0.34.30.jar;C:\Users\ASUSTUF\.m2\repository\com\vladsch\flexmark\flexmark-ext-typographic\0.34.30\flexmark-ext-typographic-0.34.30.jar;C:\Users\ASUSTUF\.m2\repository\com\vladsch\flexmark\flexmark-ext-wikilink\0.34.30\flexmark-ext-wikilink-0.34.30.jar;C:\Users\ASUSTUF\.m2\repository\com\vladsch\flexmark\flexmark-ext-yaml-front-matter\0.34.30\flexmark-ext-yaml-front-matter-0.34.30.jar;C:\Users\ASUSTUF\.m2\repository\com\vladsch\flexmark\flexmark-ext-youtube-embedded\0.34.30\flexmark-ext-youtube-embedded-0.34.30.jar;C:\Users\ASUSTUF\.m2\repository\com\vladsch\flexmark\flexmark-formatter\0.34.30\flexmark-formatter-0.34.30.jar;C:\Users\ASUSTUF\.m2\repository\com\vladsch\flexmark\flexmark-html-parser\0.34.30\flexmark-html-parser-0.34.30.jar;C:\Users\ASUSTUF\.m2\repository\com\vladsch\flexmark\flexmark-jira-converter\0.34.30\flexmark-jira-converter-0.34.30.jar;C:\Users\ASUSTUF\.m2\repository\com\vladsch\flexmark\flexmark-pdf-converter\0.34.30\flexmark-pdf-converter-0.34.30.jar;C:\Users\ASUSTUF\.m2\repository\com\openhtmltopdf\openhtmltopdf-core\0.0.1-RC13\openhtmltopdf-core-0.0.1-RC13.jar;C:\Users\ASUSTUF\.m2\repository\com\openhtmltopdf\openhtmltopdf-pdfbox\0.0.1-RC13\openhtmltopdf-pdfbox-0.0.1-RC13.jar;C:\Users\ASUSTUF\.m2\repository\org\apache\pdfbox\pdfbox\2.0.8\pdfbox-2.0.8.jar;C:\Users\ASUSTUF\.m2\repository\org\apache\pdfbox\fontbox\2.0.8\fontbox-2.0.8.jar;C:\Users\ASUSTUF\.m2\repository\commons-logging\commons-logging\1.2\commons-logging-1.2.jar;C:\Users\ASUSTUF\.m2\repository\org\apache\pdfbox\xmpbox\2.0.8\xmpbox-2.0.8.jar;C:\Users\ASUSTUF\.m2\repository\de\rototor\pdfbox\graphics2d\0.12\graphics2d-0.12.jar;C:\Users\ASUSTUF\.m2\repository\com\openhtmltopdf\openhtmltopdf-rtl-support\0.0.1-RC13\openhtmltopdf-rtl-support-0.0.1-RC13.jar;C:\Users\ASUSTUF\.m2\repository\com\ibm\icu\icu4j\59.1\icu4j-59.1.jar;C:\Users\ASUSTUF\.m2\repository\com\openhtmltopdf\openhtmltopdf-jsoup-dom-converter\0.0.1-RC13\openhtmltopdf-jsoup-dom-converter-0.0.1-RC13.jar;C:\Users\ASUSTUF\.m2\repository\com\vladsch\flexmark\flexmark-profile-pegdown\0.34.30\flexmark-profile-pegdown-0.34.30.jar;C:\Users\ASUSTUF\.m2\repository\com\vladsch\flexmark\flexmark-util\0.34.30\flexmark-util-0.34.30.jar;C:\Users\ASUSTUF\.m2\repository\com\vladsch\flexmark\flexmark-youtrack-converter\0.34.30\flexmark-youtrack-converter-0.34.30.jar;C:\Users\ASUSTUF\.m2\repository\es\nitaur\markdown\txtmark\0.16\txtmark-0.16.jar;C:\Users\ASUSTUF\.m2\repository\net\serenity-bdd\serenity-report-resources\3.2.1\serenity-report-resources-3.2.1.jar;C:\Users\ASUSTUF\.m2\repository\com\google\code\gson\gson\2.9.0\gson-2.9.0.jar;C:\Users\ASUSTUF\.m2\repository\com\fasterxml\jackson\core\jackson-core\2.13.2\jackson-core-2.13.2.jar;C:\Users\ASUSTUF\.m2\repository\com\fasterxml\jackson\core\jackson-databind\2.13.2\jackson-databind-2.13.2.jar;C:\Users\ASUSTUF\.m2\repository\com\fasterxml\jackson\core\jackson-annotations\2.13.2\jackson-annotations-2.13.2.jar;C:\Users\ASUSTUF\.m2\repository\commons-codec\commons-codec\1.15\commons-codec-1.15.jar;C:\Users\ASUSTUF\.m2\repository\commons-io\commons-io\2.11.0\commons-io-2.11.0.jar;C:\Users\ASUSTUF\.m2\repository\org\seleniumhq\selenium\selenium-java\4.1.2\selenium-java-4.1.2.jar;C:\Users\ASUSTUF\.m2\repository\org\seleniumhq\selenium\selenium-devtools-v85\4.1.2\selenium-devtools-v85-4.1.2.jar;C:\Users\ASUSTUF\.m2\repository\org\seleniumhq\selenium\selenium-devtools-v95\4.1.2\selenium-devtools-v95-4.1.2.jar;C:\Users\ASUSTUF\.m2\repository\org\seleniumhq\selenium\selenium-devtools-v96\4.1.2\selenium-devtools-v96-4.1.2.jar;C:\Users\ASUSTUF\.m2\repository\org\seleniumhq\selenium\selenium-devtools-v97\4.1.2\selenium-devtools-v97-4.1.2.jar;C:\Users\ASUSTUF\.m2\repository\org\seleniumhq\selenium\selenium-firefox-xpi-driver\4.1.2\selenium-firefox-xpi-driver-4.1.2.jar;C:\Users\ASUSTUF\.m2\repository\org\seleniumhq\selenium\selenium-opera-driver\4.1.2\selenium-opera-driver-4.1.2.jar;C:\Users\ASUSTUF\.m2\repository\org\seleniumhq\selenium\selenium-remote-driver\4.1.2\selenium-remote-driver-4.1.2.jar;C:\Users\ASUSTUF\.m2\repository\com\beust\jcommander\1.82\jcommander-1.82.jar;C:\Users\ASUSTUF\.m2\repository\io\netty\netty-buffer\4.1.73.Final\netty-buffer-4.1.73.Final.jar;C:\Users\ASUSTUF\.m2\repository\io\netty\netty-codec-http\4.1.73.Final\netty-codec-http-4.1.73.Final.jar;C:\Users\ASUSTUF\.m2\repository\io\netty\netty-codec\4.1.73.Final\netty-codec-4.1.73.Final.jar;C:\Users\ASUSTUF\.m2\repository\io\netty\netty-handler\4.1.73.Final\netty-handler-4.1.73.Final.jar;C:\Users\ASUSTUF\.m2\repository\io\netty\netty-tcnative-classes\2.0.46.Final\netty-tcnative-classes-2.0.46.Final.jar;C:\Users\ASUSTUF\.m2\repository\io\netty\netty-common\4.1.73.Final\netty-common-4.1.73.Final.jar;C:\Users\ASUSTUF\.m2\repository\io\netty\netty-transport-classes-epoll\4.1.73.Final\netty-transport-classes-epoll-4.1.73.Final.jar;C:\Users\ASUSTUF\.m2\repository\io\netty\netty-transport-classes-kqueue\4.1.73.Final\netty-transport-classes-kqueue-4.1.73.Final.jar;C:\Users\ASUSTUF\.m2\repository\io\netty\netty-transport-native-epoll\4.1.73.Final\netty-transport-native-epoll-4.1.73.Final.jar;C:\Users\ASUSTUF\.m2\repository\io\netty\netty-transport-native-kqueue\4.1.73.Final\netty-transport-native-kqueue-4.1.73.Final.jar;C:\Users\ASUSTUF\.m2\repository\io\netty\netty-transport-native-unix-common\4.1.73.Final\netty-transport-native-unix-common-4.1.73.Final.jar;C:\Users\ASUSTUF\.m2\repository\io\netty\netty-transport\4.1.73.Final\netty-transport-4.1.73.Final.jar;C:\Users\ASUSTUF\.m2\repository\io\netty\netty-resolver\4.1.73.Final\netty-resolver-4.1.73.Final.jar;C:\Users\ASUSTUF\.m2\repository\io\opentelemetry\opentelemetry-api\1.10.1\opentelemetry-api-1.10.1.jar;C:\Users\ASUSTUF\.m2\repository\io\opentelemetry\opentelemetry-context\1.10.1\opentelemetry-context-1.10.1.jar;C:\Users\ASUSTUF\.m2\repository\io\opentelemetry\opentelemetry-exporter-logging\1.10.1\opentelemetry-exporter-logging-1.10.1.jar;C:\Users\ASUSTUF\.m2\repository\io\opentelemetry\opentelemetry-sdk-metrics\1.10.1-alpha\opentelemetry-sdk-metrics-1.10.1-alpha.jar;C:\Users\ASUSTUF\.m2\repository\io\opentelemetry\opentelemetry-sdk-logs\1.10.1-alpha\opentelemetry-sdk-logs-1.10.1-alpha.jar;C:\Users\ASUSTUF\.m2\repository\io\opentelemetry\opentelemetry-sdk-common\1.10.1\opentelemetry-sdk-common-1.10.1.jar;C:\Users\ASUSTUF\.m2\repository\io\opentelemetry\opentelemetry-sdk-extension-autoconfigure-spi\1.10.1\opentelemetry-sdk-extension-autoconfigure-spi-1.10.1.jar;C:\Users\ASUSTUF\.m2\repository\io\opentelemetry\opentelemetry-sdk-extension-autoconfigure\1.10.1-alpha\opentelemetry-sdk-extension-autoconfigure-1.10.1-alpha.jar;C:\Users\ASUSTUF\.m2\repository\io\opentelemetry\opentelemetry-sdk-trace\1.10.1\opentelemetry-sdk-trace-1.10.1.jar;C:\Users\ASUSTUF\.m2\repository\io\opentelemetry\opentelemetry-sdk\1.10.1\opentelemetry-sdk-1.10.1.jar;C:\Users\ASUSTUF\.m2\repository\io\opentelemetry\opentelemetry-semconv\1.10.1-alpha\opentelemetry-semconv-1.10.1-alpha.jar;C:\Users\ASUSTUF\.m2\repository\io\ous\jtoml\2.0.0\jtoml-2.0.0.jar;C:\Users\ASUSTUF\.m2\repository\org\apache\commons\commons-exec\1.3\commons-exec-1.3.jar;C:\Users\ASUSTUF\.m2\repository\org\asynchttpclient\async-http-client\2.12.3\async-http-client-2.12.3.jar;C:\Users\ASUSTUF\.m2\repository\org\asynchttpclient\async-http-client-netty-utils\2.12.3\async-http-client-netty-utils-2.12.3.jar;C:\Users\ASUSTUF\.m2\repository\io\netty\netty-codec-socks\4.1.60.Final\netty-codec-socks-4.1.60.Final.jar;C:\Users\ASUSTUF\.m2\repository\io\netty\netty-handler-proxy\4.1.60.Final\netty-handler-proxy-4.1.60.Final.jar;C:\Users\ASUSTUF\.m2\repository\io\netty\netty-transport-native-epoll\4.1.60.Final\netty-transport-native-epoll-4.1.60.Final-linux-x86_64.jar;C:\Users\ASUSTUF\.m2\repository\io\netty\netty-transport-native-kqueue\4.1.60.Final\netty-transport-native-kqueue-4.1.60.Final-osx-x86_64.jar;C:\Users\ASUSTUF\.m2\repository\org\reactivestreams\reactive-streams\1.0.3\reactive-streams-1.0.3.jar;C:\Users\ASUSTUF\.m2\repository\com\typesafe\netty\netty-reactive-streams\2.0.4\netty-reactive-streams-2.0.4.jar;C:\Users\ASUSTUF\.m2\repository\org\seleniumhq\selenium\selenium-http\4.1.2\selenium-http-4.1.2.jar;C:\Users\ASUSTUF\.m2\repository\net\jodah\failsafe\2.4.4\failsafe-2.4.4.jar;C:\Users\ASUSTUF\.m2\repository\org\seleniumhq\selenium\selenium-safari-driver\4.1.2\selenium-safari-driver-4.1.2.jar;C:\Users\ASUSTUF\.m2\repository\org\seleniumhq\selenium\selenium-api\4.1.2\selenium-api-4.1.2.jar;C:\Users\ASUSTUF\.m2\repository\org\seleniumhq\selenium\selenium-support\4.1.2\selenium-support-4.1.2.jar;C:\Users\ASUSTUF\.m2\repository\com\google\auto\service\auto-service-annotations\1.0.1\auto-service-annotations-1.0.1.jar;C:\Users\ASUSTUF\.m2\repository\com\google\auto\service\auto-service\1.0.1\auto-service-1.0.1.jar;C:\Users\ASUSTUF\.m2\repository\com\google\auto\auto-common\1.2\auto-common-1.2.jar;C:\Users\ASUSTUF\.m2\repository\org\seleniumhq\selenium\selenium-json\4.1.2\selenium-json-4.1.2.jar;C:\Users\ASUSTUF\.m2\repository\org\seleniumhq\selenium\selenium-chrome-driver\4.1.2\selenium-chrome-driver-4.1.2.jar;C:\Users\ASUSTUF\.m2\repository\org\seleniumhq\selenium\selenium-chromium-driver\4.1.2\selenium-chromium-driver-4.1.2.jar;C:\Users\ASUSTUF\.m2\repository\org\seleniumhq\selenium\selenium-firefox-driver\4.1.2\selenium-firefox-driver-4.1.2.jar;C:\Users\ASUSTUF\.m2\repository\org\seleniumhq\selenium\selenium-edge-driver\4.1.2\selenium-edge-driver-4.1.2.jar;C:\Users\ASUSTUF\.m2\repository\org\seleniumhq\selenium\selenium-ie-driver\4.1.2\selenium-ie-driver-4.1.2.jar;C:\Users\ASUSTUF\.m2\repository\org\projectlombok\lombok\1.18.20\lombok-1.18.20.jar;C:\Users\ASUSTUF\.m2\repository\io\appium\java-client\8.0.0\java-client-8.0.0.jar;C:\Users\ASUSTUF\.m2\repository\commons-validator\commons-validator\1.7\commons-validator-1.7.jar;C:\Users\ASUSTUF\.m2\repository\commons-digester\commons-digester\2.1\commons-digester-2.1.jar;C:\Users\ASUSTUF\.m2\repository\org\aspectj\aspectjweaver\1.9.8\aspectjweaver-1.9.8.jar;C:\Users\ASUSTUF\.m2\repository\org\codehaus\groovy\groovy\3.0.10\groovy-3.0.10.jar;C:\Users\ASUSTUF\.m2\repository\net\sf\opencsv\opencsv\2.0\opencsv-2.0.jar;C:\Users\ASUSTUF\.m2\repository\commons-beanutils\commons-beanutils\1.9.4\commons-beanutils-1.9.4.jar;C:\Users\ASUSTUF\.m2\repository\org\apache\commons\commons-lang3\3.12.0\commons-lang3-3.12.0.jar;C:\Users\ASUSTUF\.m2\repository\commons-collections\commons-collections\3.2.2\commons-collections-3.2.2.jar;C:\Users\ASUSTUF\.m2\repository\org\fluentlenium\fluentlenium-core\0.10.2\fluentlenium-core-0.10.2.jar;C:\Users\ASUSTUF\.m2\repository\io\github\bonigarcia\webdrivermanager\5.1.0\webdrivermanager-5.1.0.jar;C:\Users\ASUSTUF\.m2\repository\com\github\docker-java\docker-java\3.2.13\docker-java-3.2.13.jar;C:\Users\ASUSTUF\.m2\repository\com\github\docker-java\docker-java-core\3.2.13\docker-java-core-3.2.13.jar;C:\Users\ASUSTUF\.m2\repository\com\github\docker-java\docker-java-api\3.2.13\docker-java-api-3.2.13.jar;C:\Users\ASUSTUF\.m2\repository\org\apache\commons\commons-compress\1.21\commons-compress-1.21.jar;C:\Users\ASUSTUF\.m2\repository\org\bouncycastle\bcpkix-jdk15on\1.64\bcpkix-jdk15on-1.64.jar;C:\Users\ASUSTUF\.m2\repository\org\bouncycastle\bcprov-jdk15on\1.64\bcprov-jdk15on-1.64.jar;C:\Users\ASUSTUF\.m2\repository\org\slf4j\jcl-over-slf4j\1.7.30\jcl-over-slf4j-1.7.30.jar;C:\Users\ASUSTUF\.m2\repository\com\github\docker-java\docker-java-transport-httpclient5\3.2.13\docker-java-transport-httpclient5-3.2.13.jar;C:\Users\ASUSTUF\.m2\repository\com\github\docker-java\docker-java-transport\3.2.13\docker-java-transport-3.2.13.jar;C:\Users\ASUSTUF\.m2\repository\org\apache\httpcomponents\client5\httpclient5\5.0.3\httpclient5-5.0.3.jar;C:\Users\ASUSTUF\.m2\repository\org\apache\httpcomponents\core5\httpcore5\5.0.2\httpcore5-5.0.2.jar;C:\Users\ASUSTUF\.m2\repository\net\java\dev\jna\jna\5.8.0\jna-5.8.0.jar;C:\Users\ASUSTUF\.m2\repository\org\brotli\dec\0.1.2\dec-0.1.2.jar;C:\Users\ASUSTUF\.m2\repository\com\jhlabs\filters\2.0.235\filters-2.0.235.jar;C:\Users\ASUSTUF\.m2\repository\com\paulhammant\ngwebdriver\1.1.6\ngwebdriver-1.1.6.jar;C:\Users\ASUSTUF\.m2\repository\joda-time\joda-time\2.8.2\joda-time-2.8.2.jar;C:\Users\ASUSTUF\.m2\repository\org\hamcrest\hamcrest\2.2\hamcrest-2.2.jar;C:\Users\ASUSTUF\.m2\repository\com\google\jimfs\jimfs\1.2\jimfs-1.2.jar;C:\Users\ASUSTUF\.m2\repository\org\mockito\mockito-core\3.3.3\mockito-core-3.3.3.jar;C:\Users\ASUSTUF\.m2\repository\javax\xml\bind\jaxb-api\2.3.1\jaxb-api-2.3.1.jar;C:\Users\ASUSTUF\.m2\repository\javax\activation\javax.activation-api\1.2.0\javax.activation-api-1.2.0.jar;C:\Users\ASUSTUF\.m2\repository\com\sun\xml\bind\jaxb-core\2.3.0.1\jaxb-core-2.3.0.1.jar;C:\Users\ASUSTUF\.m2\repository\com\sun\xml\bind\jaxb-impl\2.3.3\jaxb-impl-2.3.3.jar;C:\Users\ASUSTUF\.m2\repository\jakarta\xml\bind\jakarta.xml.bind-api\2.3.3\jakarta.xml.bind-api-2.3.3.jar;C:\Users\ASUSTUF\.m2\repository\com\sun\activation\jakarta.activation\1.2.2\jakarta.activation-1.2.2.jar;C:\Users\ASUSTUF\.m2\repository\javax\activation\activation\1.1.1\activation-1.1.1.jar;C:\Users\ASUSTUF\.m2\repository\net\serenity-bdd\serenity-cucumber\3.2.1\serenity-cucumber-3.2.1.jar;C:\Users\ASUSTUF\.m2\repository\io\cucumber\cucumber-core\7.2.3\cucumber-core-7.2.3.jar;C:\Users\ASUSTUF\.m2\repository\io\cucumber\cucumber-gherkin\7.2.3\cucumber-gherkin-7.2.3.jar;C:\Users\ASUSTUF\.m2\repository\io\cucumber\cucumber-gherkin-messages\7.2.3\cucumber-gherkin-messages-7.2.3.jar;C:\Users\ASUSTUF\.m2\repository\io\cucumber\messages\17.1.1\messages-17.1.1.jar;C:\Users\ASUSTUF\.m2\repository\io\cucumber\tag-expressions\4.1.0\tag-expressions-4.1.0.jar;C:\Users\ASUSTUF\.m2\repository\io\cucumber\cucumber-expressions\15.0.1\cucumber-expressions-15.0.1.jar;C:\Users\ASUSTUF\.m2\repository\io\cucumber\datatable\7.2.3\datatable-7.2.3.jar;C:\Users\ASUSTUF\.m2\repository\io\cucumber\cucumber-plugin\7.2.3\cucumber-plugin-7.2.3.jar;C:\Users\ASUSTUF\.m2\repository\io\cucumber\docstring\7.2.3\docstring-7.2.3.jar;C:\Users\ASUSTUF\.m2\repository\io\cucumber\html-formatter\17.0.0\html-formatter-17.0.0.jar;C:\Users\ASUSTUF\.m2\repository\io\cucumber\ci-environment\8.1.0\ci-environment-8.1.0.jar;C:\Users\ASUSTUF\.m2\repository\io\cucumber\cucumber-junit\7.2.3\cucumber-junit-7.2.3.jar;C:\Users\ASUSTUF\.m2\repository\org\apache\commons\commons-csv\1.5\commons-csv-1.5.jar;C:\Users\ASUSTUF\.m2\repository\net\serenity-bdd\serenity-screenplay\3.2.1\serenity-screenplay-3.2.1.jar;C:\Users\ASUSTUF\.m2\repository\net\serenity-bdd\serenity-screenplay-webdriver\3.2.1\serenity-screenplay-webdriver-3.2.1.jar;C:\Users\ASUSTUF\.m2\repository\net\serenity-bdd\serenity-ensure\3.2.1\serenity-ensure-3.2.1.jar;C:\Users\ASUSTUF\.m2\repository\net\serenity-bdd\serenity-junit\3.2.1\serenity-junit-3.2.1.jar;C:\Users\ASUSTUF\.m2\repository\org\jetbrains\kotlin\kotlin-stdlib\1.6.0\kotlin-stdlib-1.6.0.jar;C:\Users\ASUSTUF\.m2\repository\org\jetbrains\annotations\13.0\annotations-13.0.jar;C:\Users\ASUSTUF\.m2\repository\org\jetbrains\kotlin\kotlin-stdlib-common\1.6.0\kotlin-stdlib-common-1.6.0.jar;C:\Users\ASUSTUF\.m2\repository\org\junit\platform\junit-platform-launcher\1.8.1\junit-platform-launcher-1.8.1.jar;C:\Users\ASUSTUF\.m2\repository\org\junit\platform\junit-platform-engine\1.8.1\junit-platform-engine-1.8.1.jar;C:\Users\ASUSTUF\.m2\repository\org\opentest4j\opentest4j\1.2.0\opentest4j-1.2.0.jar;C:\Users\ASUSTUF\.m2\repository\org\junit\platform\junit-platform-commons\1.8.1\junit-platform-commons-1.8.1.jar;C:\Users\ASUSTUF\.m2\repository\org\apiguardian\apiguardian-api\1.1.2\apiguardian-api-1.1.2.jar;C:\Users\ASUSTUF\.m2\repository\org\junit\jupiter\junit-jupiter-engine\5.8.2\junit-jupiter-engine-5.8.2.jar;C:\Users\ASUSTUF\.m2\repository\org\junit\jupiter\junit-jupiter-api\5.8.2\junit-jupiter-api-5.8.2.jar;C:\Users\ASUSTUF\.m2\repository\org\junit\vintage\junit-vintage-engine\5.8.2\junit-vintage-engine-5.8.2.jar;C:\Users\ASUSTUF\.m2\repository\junit\junit\4.13.2\junit-4.13.2.jar;C:\Users\ASUSTUF\.m2\repository\org\hamcrest\hamcrest-core\1.3\hamcrest-core-1.3.jar;C:\Users\ASUSTUF\.m2\repository\ch\qos\logback\logback-classic\1.2.10\logback-classic-1.2.10.jar;C:\Users\ASUSTUF\.m2\repository\ch\qos\logback\logback-core\1.2.10\logback-core-1.2.10.jar;C:\Users\ASUSTUF\.m2\repository\org\slf4j\slf4j-api\1.7.32\slf4j-api-1.7.32.jar;C:\Users\ASUSTUF\.m2\repository\org\assertj\assertj-core\3.6.2\assertj-core-3.6.2.jar;"/>
    <property name="java.vm.vendor" value="Oracle Corporation"/>
    <property name="sun.arch.data.model" value="64"/>
    <property name="user.variant" value=""/>
    <property name="java.vendor.url" value="https://openjdk.java.net/"/>
    <property name="user.timezone" value="Asia/Bangkok"/>
    <property name="log4j2.formatMsgNoLookups" value="true"/>
    <property name="java.vm.specification.version" value="11"/>
    <property name="os.name" value="Windows 11"/>
    <property name="sun.java.launcher" value="SUN_STANDARD"/>
    <property name="user.country" value="US"/>
    <property name="sun.boot.library.path" value="C:\Program Files\Java\jdk-11.0.16\bin"/>
    <property name="sun.java.command" value="org.apache.maven.surefire.booter.ForkedBooter C:\Users\ASUSTUF\AppData\Local\Temp\surefire7676089360788620273 2022-12-19T17-46-41_328-jvmRun1 surefire3363403538658147066tmp surefire_07100605020175343610tmp"/>
    <property name="jdk.debug" value="release"/>
    <property name="surefire.test.class.path" value="C:\Users\ASUSTUF\OneDrive\Documents\Capstone Project\Web Automation\target\test-classes;C:\Users\ASUSTUF\.m2\repository\net\serenity-bdd\serenity-core\3.2.1\serenity-core-3.2.1.jar;C:\Users\ASUSTUF\.m2\repository\net\serenity-bdd\serenity-model\3.2.1\serenity-model-3.2.1.jar;C:\Users\ASUSTUF\.m2\repository\org\apache\commons\commons-text\1.9\commons-text-1.9.jar;C:\Users\ASUSTUF\.m2\repository\commons-net\commons-net\3.8.0\commons-net-3.8.0.jar;C:\Users\ASUSTUF\.m2\repository\com\google\guava\guava\31.1-jre\guava-31.1-jre.jar;C:\Users\ASUSTUF\.m2\repository\com\google\guava\failureaccess\1.0.1\failureaccess-1.0.1.jar;C:\Users\ASUSTUF\.m2\repository\com\google\guava\listenablefuture\9999.0-empty-to-avoid-conflict-with-guava\listenablefuture-9999.0-empty-to-avoid-conflict-with-guava.jar;C:\Users\ASUSTUF\.m2\repository\com\google\code\findbugs\jsr305\3.0.2\jsr305-3.0.2.jar;C:\Users\ASUSTUF\.m2\repository\org\checkerframework\checker-qual\3.12.0\checker-qual-3.12.0.jar;C:\Users\ASUSTUF\.m2\repository\com\google\errorprone\error_prone_annotations\2.11.0\error_prone_annotations-2.11.0.jar;C:\Users\ASUSTUF\.m2\repository\com\google\j2objc\j2objc-annotations\1.3\j2objc-annotations-1.3.jar;C:\Users\ASUSTUF\.m2\repository\com\google\inject\guice\5.1.0\guice-5.1.0.jar;C:\Users\ASUSTUF\.m2\repository\javax\inject\javax.inject\1\javax.inject-1.jar;C:\Users\ASUSTUF\.m2\repository\aopalliance\aopalliance\1.0\aopalliance-1.0.jar;C:\Users\ASUSTUF\.m2\repository\org\jsoup\jsoup\1.14.3\jsoup-1.14.3.jar;C:\Users\ASUSTUF\.m2\repository\com\thoughtworks\xstream\xstream\1.4.19\xstream-1.4.19.jar;C:\Users\ASUSTUF\.m2\repository\io\github\x-stream\mxparser\1.2.2\mxparser-1.2.2.jar;C:\Users\ASUSTUF\.m2\repository\xmlpull\xmlpull\1.1.3.1\xmlpull-1.1.3.1.jar;C:\Users\ASUSTUF\.m2\repository\io\cucumber\cucumber-java\7.2.3\cucumber-java-7.2.3.jar;C:\Users\ASUSTUF\.m2\repository\com\typesafe\config\1.4.2\config-1.4.2.jar;C:\Users\ASUSTUF\.m2\repository\org\imgscalr\imgscalr-lib\4.2\imgscalr-lib-4.2.jar;C:\Users\ASUSTUF\.m2\repository\org\awaitility\awaitility\4.2.0\awaitility-4.2.0.jar;C:\Users\ASUSTUF\.m2\repository\org\freemarker\freemarker\2.3.31\freemarker-2.3.31.jar;C:\Users\ASUSTUF\.m2\repository\io\github\classgraph\classgraph\4.8.138\classgraph-4.8.138.jar;C:\Users\ASUSTUF\.m2\repository\net\sourceforge\jexcelapi\jxl\2.6.12\jxl-2.6.12.jar;C:\Users\ASUSTUF\.m2\repository\net\bytebuddy\byte-buddy\1.12.8\byte-buddy-1.12.8.jar;C:\Users\ASUSTUF\.m2\repository\net\bytebuddy\byte-buddy-agent\1.12.8\byte-buddy-agent-1.12.8.jar;C:\Users\ASUSTUF\.m2\repository\org\objenesis\objenesis\3.1\objenesis-3.1.jar;C:\Users\ASUSTUF\.m2\repository\net\serenity-bdd\serenity-reports\3.2.1\serenity-reports-3.2.1.jar;C:\Users\ASUSTUF\.m2\repository\net\serenity-bdd\serenity-stats\3.2.1\serenity-stats-3.2.1.jar;C:\Users\ASUSTUF\.m2\repository\net\serenity-bdd\serenity-reports-configuration\3.2.1\serenity-reports-configuration-3.2.1.jar;C:\Users\ASUSTUF\.m2\repository\com\vladsch\flexmark\flexmark-all\0.34.30\flexmark-all-0.34.30.jar;C:\Users\ASUSTUF\.m2\repository\com\vladsch\flexmark\flexmark\0.34.30\flexmark-0.34.30.jar;C:\Users\ASUSTUF\.m2\repository\com\vladsch\flexmark\flexmark-ext-abbreviation\0.34.30\flexmark-ext-abbreviation-0.34.30.jar;C:\Users\ASUSTUF\.m2\repository\com\vladsch\flexmark\flexmark-ext-admonition\0.34.30\flexmark-ext-admonition-0.34.30.jar;C:\Users\ASUSTUF\.m2\repository\com\vladsch\flexmark\flexmark-ext-anchorlink\0.34.30\flexmark-ext-anchorlink-0.34.30.jar;C:\Users\ASUSTUF\.m2\repository\com\vladsch\flexmark\flexmark-ext-aside\0.34.30\flexmark-ext-aside-0.34.30.jar;C:\Users\ASUSTUF\.m2\repository\com\vladsch\flexmark\flexmark-ext-attributes\0.34.30\flexmark-ext-attributes-0.34.30.jar;C:\Users\ASUSTUF\.m2\repository\com\vladsch\flexmark\flexmark-ext-autolink\0.34.30\flexmark-ext-autolink-0.34.30.jar;C:\Users\ASUSTUF\.m2\repository\org\nibor\autolink\autolink\0.6.0\autolink-0.6.0.jar;C:\Users\ASUSTUF\.m2\repository\com\vladsch\flexmark\flexmark-ext-definition\0.34.30\flexmark-ext-definition-0.34.30.jar;C:\Users\ASUSTUF\.m2\repository\com\vladsch\flexmark\flexmark-ext-emoji\0.34.30\flexmark-ext-emoji-0.34.30.jar;C:\Users\ASUSTUF\.m2\repository\com\vladsch\flexmark\flexmark-ext-enumerated-reference\0.34.30\flexmark-ext-enumerated-reference-0.34.30.jar;C:\Users\ASUSTUF\.m2\repository\com\vladsch\flexmark\flexmark-ext-escaped-character\0.34.30\flexmark-ext-escaped-character-0.34.30.jar;C:\Users\ASUSTUF\.m2\repository\com\vladsch\flexmark\flexmark-ext-footnotes\0.34.30\flexmark-ext-footnotes-0.34.30.jar;C:\Users\ASUSTUF\.m2\repository\com\vladsch\flexmark\flexmark-ext-gfm-issues\0.34.30\flexmark-ext-gfm-issues-0.34.30.jar;C:\Users\ASUSTUF\.m2\repository\com\vladsch\flexmark\flexmark-ext-gfm-strikethrough\0.34.30\flexmark-ext-gfm-strikethrough-0.34.30.jar;C:\Users\ASUSTUF\.m2\repository\com\vladsch\flexmark\flexmark-ext-gfm-tables\0.34.30\flexmark-ext-gfm-tables-0.34.30.jar;C:\Users\ASUSTUF\.m2\repository\com\vladsch\flexmark\flexmark-ext-gfm-tasklist\0.34.30\flexmark-ext-gfm-tasklist-0.34.30.jar;C:\Users\ASUSTUF\.m2\repository\com\vladsch\flexmark\flexmark-ext-gfm-users\0.34.30\flexmark-ext-gfm-users-0.34.30.jar;C:\Users\ASUSTUF\.m2\repository\com\vladsch\flexmark\flexmark-ext-gitlab\0.34.30\flexmark-ext-gitlab-0.34.30.jar;C:\Users\ASUSTUF\.m2\repository\com\vladsch\flexmark\flexmark-ext-jekyll-front-matter\0.34.30\flexmark-ext-jekyll-front-matter-0.34.30.jar;C:\Users\ASUSTUF\.m2\repository\com\vladsch\flexmark\flexmark-ext-jekyll-tag\0.34.30\flexmark-ext-jekyll-tag-0.34.30.jar;C:\Users\ASUSTUF\.m2\repository\com\vladsch\flexmark\flexmark-ext-media-tags\0.34.30\flexmark-ext-media-tags-0.34.30.jar;C:\Users\ASUSTUF\.m2\repository\com\vladsch\flexmark\flexmark-test-util\0.34.30\flexmark-test-util-0.34.30.jar;C:\Users\ASUSTUF\.m2\repository\com\vladsch\flexmark\flexmark-ext-ins\0.34.30\flexmark-ext-ins-0.34.30.jar;C:\Users\ASUSTUF\.m2\repository\com\vladsch\flexmark\flexmark-ext-xwiki-macros\0.34.30\flexmark-ext-xwiki-macros-0.34.30.jar;C:\Users\ASUSTUF\.m2\repository\com\vladsch\flexmark\flexmark-ext-superscript\0.34.30\flexmark-ext-superscript-0.34.30.jar;C:\Users\ASUSTUF\.m2\repository\com\vladsch\flexmark\flexmark-ext-tables\0.34.30\flexmark-ext-tables-0.34.30.jar;C:\Users\ASUSTUF\.m2\repository\com\vladsch\flexmark\flexmark-ext-toc\0.34.30\flexmark-ext-toc-0.34.30.jar;C:\Users\ASUSTUF\.m2\repository\com\vladsch\flexmark\flexmark-ext-typographic\0.34.30\flexmark-ext-typographic-0.34.30.jar;C:\Users\ASUSTUF\.m2\repository\com\vladsch\flexmark\flexmark-ext-wikilink\0.34.30\flexmark-ext-wikilink-0.34.30.jar;C:\Users\ASUSTUF\.m2\repository\com\vladsch\flexmark\flexmark-ext-yaml-front-matter\0.34.30\flexmark-ext-yaml-front-matter-0.34.30.jar;C:\Users\ASUSTUF\.m2\repository\com\vladsch\flexmark\flexmark-ext-youtube-embedded\0.34.30\flexmark-ext-youtube-embedded-0.34.30.jar;C:\Users\ASUSTUF\.m2\repository\com\vladsch\flexmark\flexmark-formatter\0.34.30\flexmark-formatter-0.34.30.jar;C:\Users\ASUSTUF\.m2\repository\com\vladsch\flexmark\flexmark-html-parser\0.34.30\flexmark-html-parser-0.34.30.jar;C:\Users\ASUSTUF\.m2\repository\com\vladsch\flexmark\flexmark-jira-converter\0.34.30\flexmark-jira-converter-0.34.30.jar;C:\Users\ASUSTUF\.m2\repository\com\vladsch\flexmark\flexmark-pdf-converter\0.34.30\flexmark-pdf-converter-0.34.30.jar;C:\Users\ASUSTUF\.m2\repository\com\openhtmltopdf\openhtmltopdf-core\0.0.1-RC13\openhtmltopdf-core-0.0.1-RC13.jar;C:\Users\ASUSTUF\.m2\repository\com\openhtmltopdf\openhtmltopdf-pdfbox\0.0.1-RC13\openhtmltopdf-pdfbox-0.0.1-RC13.jar;C:\Users\ASUSTUF\.m2\repository\org\apache\pdfbox\pdfbox\2.0.8\pdfbox-2.0.8.jar;C:\Users\ASUSTUF\.m2\repository\org\apache\pdfbox\fontbox\2.0.8\fontbox-2.0.8.jar;C:\Users\ASUSTUF\.m2\repository\commons-logging\commons-logging\1.2\commons-logging-1.2.jar;C:\Users\ASUSTUF\.m2\repository\org\apache\pdfbox\xmpbox\2.0.8\xmpbox-2.0.8.jar;C:\Users\ASUSTUF\.m2\repository\de\rototor\pdfbox\graphics2d\0.12\graphics2d-0.12.jar;C:\Users\ASUSTUF\.m2\repository\com\openhtmltopdf\openhtmltopdf-rtl-support\0.0.1-RC13\openhtmltopdf-rtl-support-0.0.1-RC13.jar;C:\Users\ASUSTUF\.m2\repository\com\ibm\icu\icu4j\59.1\icu4j-59.1.jar;C:\Users\ASUSTUF\.m2\repository\com\openhtmltopdf\openhtmltopdf-jsoup-dom-converter\0.0.1-RC13\openhtmltopdf-jsoup-dom-converter-0.0.1-RC13.jar;C:\Users\ASUSTUF\.m2\repository\com\vladsch\flexmark\flexmark-profile-pegdown\0.34.30\flexmark-profile-pegdown-0.34.30.jar;C:\Users\ASUSTUF\.m2\repository\com\vladsch\flexmark\flexmark-util\0.34.30\flexmark-util-0.34.30.jar;C:\Users\ASUSTUF\.m2\repository\com\vladsch\flexmark\flexmark-youtrack-converter\0.34.30\flexmark-youtrack-converter-0.34.30.jar;C:\Users\ASUSTUF\.m2\repository\es\nitaur\markdown\txtmark\0.16\txtmark-0.16.jar;C:\Users\ASUSTUF\.m2\repository\net\serenity-bdd\serenity-report-resources\3.2.1\serenity-report-resources-3.2.1.jar;C:\Users\ASUSTUF\.m2\repository\com\google\code\gson\gson\2.9.0\gson-2.9.0.jar;C:\Users\ASUSTUF\.m2\repository\com\fasterxml\jackson\core\jackson-core\2.13.2\jackson-core-2.13.2.jar;C:\Users\ASUSTUF\.m2\repository\com\fasterxml\jackson\core\jackson-databind\2.13.2\jackson-databind-2.13.2.jar;C:\Users\ASUSTUF\.m2\repository\com\fasterxml\jackson\core\jackson-annotations\2.13.2\jackson-annotations-2.13.2.jar;C:\Users\ASUSTUF\.m2\repository\commons-codec\commons-codec\1.15\commons-codec-1.15.jar;C:\Users\ASUSTUF\.m2\repository\commons-io\commons-io\2.11.0\commons-io-2.11.0.jar;C:\Users\ASUSTUF\.m2\repository\org\seleniumhq\selenium\selenium-java\4.1.2\selenium-java-4.1.2.jar;C:\Users\ASUSTUF\.m2\repository\org\seleniumhq\selenium\selenium-devtools-v85\4.1.2\selenium-devtools-v85-4.1.2.jar;C:\Users\ASUSTUF\.m2\repository\org\seleniumhq\selenium\selenium-devtools-v95\4.1.2\selenium-devtools-v95-4.1.2.jar;C:\Users\ASUSTUF\.m2\repository\org\seleniumhq\selenium\selenium-devtools-v96\4.1.2\selenium-devtools-v96-4.1.2.jar;C:\Users\ASUSTUF\.m2\repository\org\seleniumhq\selenium\selenium-devtools-v97\4.1.2\selenium-devtools-v97-4.1.2.jar;C:\Users\ASUSTUF\.m2\repository\org\seleniumhq\selenium\selenium-firefox-xpi-driver\4.1.2\selenium-firefox-xpi-driver-4.1.2.jar;C:\Users\ASUSTUF\.m2\repository\org\seleniumhq\selenium\selenium-opera-driver\4.1.2\selenium-opera-driver-4.1.2.jar;C:\Users\ASUSTUF\.m2\repository\org\seleniumhq\selenium\selenium-remote-driver\4.1.2\selenium-remote-driver-4.1.2.jar;C:\Users\ASUSTUF\.m2\repository\com\beust\jcommander\1.82\jcommander-1.82.jar;C:\Users\ASUSTUF\.m2\repository\io\netty\netty-buffer\4.1.73.Final\netty-buffer-4.1.73.Final.jar;C:\Users\ASUSTUF\.m2\repository\io\netty\netty-codec-http\4.1.73.Final\netty-codec-http-4.1.73.Final.jar;C:\Users\ASUSTUF\.m2\repository\io\netty\netty-codec\4.1.73.Final\netty-codec-4.1.73.Final.jar;C:\Users\ASUSTUF\.m2\repository\io\netty\netty-handler\4.1.73.Final\netty-handler-4.1.73.Final.jar;C:\Users\ASUSTUF\.m2\repository\io\netty\netty-tcnative-classes\2.0.46.Final\netty-tcnative-classes-2.0.46.Final.jar;C:\Users\ASUSTUF\.m2\repository\io\netty\netty-common\4.1.73.Final\netty-common-4.1.73.Final.jar;C:\Users\ASUSTUF\.m2\repository\io\netty\netty-transport-classes-epoll\4.1.73.Final\netty-transport-classes-epoll-4.1.73.Final.jar;C:\Users\ASUSTUF\.m2\repository\io\netty\netty-transport-classes-kqueue\4.1.73.Final\netty-transport-classes-kqueue-4.1.73.Final.jar;C:\Users\ASUSTUF\.m2\repository\io\netty\netty-transport-native-epoll\4.1.73.Final\netty-transport-native-epoll-4.1.73.Final.jar;C:\Users\ASUSTUF\.m2\repository\io\netty\netty-transport-native-kqueue\4.1.73.Final\netty-transport-native-kqueue-4.1.73.Final.jar;C:\Users\ASUSTUF\.m2\repository\io\netty\netty-transport-native-unix-common\4.1.73.Final\netty-transport-native-unix-common-4.1.73.Final.jar;C:\Users\ASUSTUF\.m2\repository\io\netty\netty-transport\4.1.73.Final\netty-transport-4.1.73.Final.jar;C:\Users\ASUSTUF\.m2\repository\io\netty\netty-resolver\4.1.73.Final\netty-resolver-4.1.73.Final.jar;C:\Users\ASUSTUF\.m2\repository\io\opentelemetry\opentelemetry-api\1.10.1\opentelemetry-api-1.10.1.jar;C:\Users\ASUSTUF\.m2\repository\io\opentelemetry\opentelemetry-context\1.10.1\opentelemetry-context-1.10.1.jar;C:\Users\ASUSTUF\.m2\repository\io\opentelemetry\opentelemetry-exporter-logging\1.10.1\opentelemetry-exporter-logging-1.10.1.jar;C:\Users\ASUSTUF\.m2\repository\io\opentelemetry\opentelemetry-sdk-metrics\1.10.1-alpha\opentelemetry-sdk-metrics-1.10.1-alpha.jar;C:\Users\ASUSTUF\.m2\repository\io\opentelemetry\opentelemetry-sdk-logs\1.10.1-alpha\opentelemetry-sdk-logs-1.10.1-alpha.jar;C:\Users\ASUSTUF\.m2\repository\io\opentelemetry\opentelemetry-sdk-common\1.10.1\opentelemetry-sdk-common-1.10.1.jar;C:\Users\ASUSTUF\.m2\repository\io\opentelemetry\opentelemetry-sdk-extension-autoconfigure-spi\1.10.1\opentelemetry-sdk-extension-autoconfigure-spi-1.10.1.jar;C:\Users\ASUSTUF\.m2\repository\io\opentelemetry\opentelemetry-sdk-extension-autoconfigure\1.10.1-alpha\opentelemetry-sdk-extension-autoconfigure-1.10.1-alpha.jar;C:\Users\ASUSTUF\.m2\repository\io\opentelemetry\opentelemetry-sdk-trace\1.10.1\opentelemetry-sdk-trace-1.10.1.jar;C:\Users\ASUSTUF\.m2\repository\io\opentelemetry\opentelemetry-sdk\1.10.1\opentelemetry-sdk-1.10.1.jar;C:\Users\ASUSTUF\.m2\repository\io\opentelemetry\opentelemetry-semconv\1.10.1-alpha\opentelemetry-semconv-1.10.1-alpha.jar;C:\Users\ASUSTUF\.m2\repository\io\ous\jtoml\2.0.0\jtoml-2.0.0.jar;C:\Users\ASUSTUF\.m2\repository\org\apache\commons\commons-exec\1.3\commons-exec-1.3.jar;C:\Users\ASUSTUF\.m2\repository\org\asynchttpclient\async-http-client\2.12.3\async-http-client-2.12.3.jar;C:\Users\ASUSTUF\.m2\repository\org\asynchttpclient\async-http-client-netty-utils\2.12.3\async-http-client-netty-utils-2.12.3.jar;C:\Users\ASUSTUF\.m2\repository\io\netty\netty-codec-socks\4.1.60.Final\netty-codec-socks-4.1.60.Final.jar;C:\Users\ASUSTUF\.m2\repository\io\netty\netty-handler-proxy\4.1.60.Final\netty-handler-proxy-4.1.60.Final.jar;C:\Users\ASUSTUF\.m2\repository\io\netty\netty-transport-native-epoll\4.1.60.Final\netty-transport-native-epoll-4.1.60.Final-linux-x86_64.jar;C:\Users\ASUSTUF\.m2\repository\io\netty\netty-transport-native-kqueue\4.1.60.Final\netty-transport-native-kqueue-4.1.60.Final-osx-x86_64.jar;C:\Users\ASUSTUF\.m2\repository\org\reactivestreams\reactive-streams\1.0.3\reactive-streams-1.0.3.jar;C:\Users\ASUSTUF\.m2\repository\com\typesafe\netty\netty-reactive-streams\2.0.4\netty-reactive-streams-2.0.4.jar;C:\Users\ASUSTUF\.m2\repository\org\seleniumhq\selenium\selenium-http\4.1.2\selenium-http-4.1.2.jar;C:\Users\ASUSTUF\.m2\repository\net\jodah\failsafe\2.4.4\failsafe-2.4.4.jar;C:\Users\ASUSTUF\.m2\repository\org\seleniumhq\selenium\selenium-safari-driver\4.1.2\selenium-safari-driver-4.1.2.jar;C:\Users\ASUSTUF\.m2\repository\org\seleniumhq\selenium\selenium-api\4.1.2\selenium-api-4.1.2.jar;C:\Users\ASUSTUF\.m2\repository\org\seleniumhq\selenium\selenium-support\4.1.2\selenium-support-4.1.2.jar;C:\Users\ASUSTUF\.m2\repository\com\google\auto\service\auto-service-annotations\1.0.1\auto-service-annotations-1.0.1.jar;C:\Users\ASUSTUF\.m2\repository\com\google\auto\service\auto-service\1.0.1\auto-service-1.0.1.jar;C:\Users\ASUSTUF\.m2\repository\com\google\auto\auto-common\1.2\auto-common-1.2.jar;C:\Users\ASUSTUF\.m2\repository\org\seleniumhq\selenium\selenium-json\4.1.2\selenium-json-4.1.2.jar;C:\Users\ASUSTUF\.m2\repository\org\seleniumhq\selenium\selenium-chrome-driver\4.1.2\selenium-chrome-driver-4.1.2.jar;C:\Users\ASUSTUF\.m2\repository\org\seleniumhq\selenium\selenium-chromium-driver\4.1.2\selenium-chromium-driver-4.1.2.jar;C:\Users\ASUSTUF\.m2\repository\org\seleniumhq\selenium\selenium-firefox-driver\4.1.2\selenium-firefox-driver-4.1.2.jar;C:\Users\ASUSTUF\.m2\repository\org\seleniumhq\selenium\selenium-edge-driver\4.1.2\selenium-edge-driver-4.1.2.jar;C:\Users\ASUSTUF\.m2\repository\org\seleniumhq\selenium\selenium-ie-driver\4.1.2\selenium-ie-driver-4.1.2.jar;C:\Users\ASUSTUF\.m2\repository\org\projectlombok\lombok\1.18.20\lombok-1.18.20.jar;C:\Users\ASUSTUF\.m2\repository\io\appium\java-client\8.0.0\java-client-8.0.0.jar;C:\Users\ASUSTUF\.m2\repository\commons-validator\commons-validator\1.7\commons-validator-1.7.jar;C:\Users\ASUSTUF\.m2\repository\commons-digester\commons-digester\2.1\commons-digester-2.1.jar;C:\Users\ASUSTUF\.m2\repository\org\aspectj\aspectjweaver\1.9.8\aspectjweaver-1.9.8.jar;C:\Users\ASUSTUF\.m2\repository\org\codehaus\groovy\groovy\3.0.10\groovy-3.0.10.jar;C:\Users\ASUSTUF\.m2\repository\net\sf\opencsv\opencsv\2.0\opencsv-2.0.jar;C:\Users\ASUSTUF\.m2\repository\commons-beanutils\commons-beanutils\1.9.4\commons-beanutils-1.9.4.jar;C:\Users\ASUSTUF\.m2\repository\org\apache\commons\commons-lang3\3.12.0\commons-lang3-3.12.0.jar;C:\Users\ASUSTUF\.m2\repository\commons-collections\commons-collections\3.2.2\commons-collections-3.2.2.jar;C:\Users\ASUSTUF\.m2\repository\org\fluentlenium\fluentlenium-core\0.10.2\fluentlenium-core-0.10.2.jar;C:\Users\ASUSTUF\.m2\repository\io\github\bonigarcia\webdrivermanager\5.1.0\webdrivermanager-5.1.0.jar;C:\Users\ASUSTUF\.m2\repository\com\github\docker-java\docker-java\3.2.13\docker-java-3.2.13.jar;C:\Users\ASUSTUF\.m2\repository\com\github\docker-java\docker-java-core\3.2.13\docker-java-core-3.2.13.jar;C:\Users\ASUSTUF\.m2\repository\com\github\docker-java\docker-java-api\3.2.13\docker-java-api-3.2.13.jar;C:\Users\ASUSTUF\.m2\repository\org\apache\commons\commons-compress\1.21\commons-compress-1.21.jar;C:\Users\ASUSTUF\.m2\repository\org\bouncycastle\bcpkix-jdk15on\1.64\bcpkix-jdk15on-1.64.jar;C:\Users\ASUSTUF\.m2\repository\org\bouncycastle\bcprov-jdk15on\1.64\bcprov-jdk15on-1.64.jar;C:\Users\ASUSTUF\.m2\repository\org\slf4j\jcl-over-slf4j\1.7.30\jcl-over-slf4j-1.7.30.jar;C:\Users\ASUSTUF\.m2\repository\com\github\docker-java\docker-java-transport-httpclient5\3.2.13\docker-java-transport-httpclient5-3.2.13.jar;C:\Users\ASUSTUF\.m2\repository\com\github\docker-java\docker-java-transport\3.2.13\docker-java-transport-3.2.13.jar;C:\Users\ASUSTUF\.m2\repository\org\apache\httpcomponents\client5\httpclient5\5.0.3\httpclient5-5.0.3.jar;C:\Users\ASUSTUF\.m2\repository\org\apache\httpcomponents\core5\httpcore5\5.0.2\httpcore5-5.0.2.jar;C:\Users\ASUSTUF\.m2\repository\net\java\dev\jna\jna\5.8.0\jna-5.8.0.jar;C:\Users\ASUSTUF\.m2\repository\org\brotli\dec\0.1.2\dec-0.1.2.jar;C:\Users\ASUSTUF\.m2\repository\com\jhlabs\filters\2.0.235\filters-2.0.235.jar;C:\Users\ASUSTUF\.m2\repository\com\paulhammant\ngwebdriver\1.1.6\ngwebdriver-1.1.6.jar;C:\Users\ASUSTUF\.m2\repository\joda-time\joda-time\2.8.2\joda-time-2.8.2.jar;C:\Users\ASUSTUF\.m2\repository\org\hamcrest\hamcrest\2.2\hamcrest-2.2.jar;C:\Users\ASUSTUF\.m2\repository\com\google\jimfs\jimfs\1.2\jimfs-1.2.jar;C:\Users\ASUSTUF\.m2\repository\org\mockito\mockito-core\3.3.3\mockito-core-3.3.3.jar;C:\Users\ASUSTUF\.m2\repository\javax\xml\bind\jaxb-api\2.3.1\jaxb-api-2.3.1.jar;C:\Users\ASUSTUF\.m2\repository\javax\activation\javax.activation-api\1.2.0\javax.activation-api-1.2.0.jar;C:\Users\ASUSTUF\.m2\repository\com\sun\xml\bind\jaxb-core\2.3.0.1\jaxb-core-2.3.0.1.jar;C:\Users\ASUSTUF\.m2\repository\com\sun\xml\bind\jaxb-impl\2.3.3\jaxb-impl-2.3.3.jar;C:\Users\ASUSTUF\.m2\repository\jakarta\xml\bind\jakarta.xml.bind-api\2.3.3\jakarta.xml.bind-api-2.3.3.jar;C:\Users\ASUSTUF\.m2\repository\com\sun\activation\jakarta.activation\1.2.2\jakarta.activation-1.2.2.jar;C:\Users\ASUSTUF\.m2\repository\javax\activation\activation\1.1.1\activation-1.1.1.jar;C:\Users\ASUSTUF\.m2\repository\net\serenity-bdd\serenity-cucumber\3.2.1\serenity-cucumber-3.2.1.jar;C:\Users\ASUSTUF\.m2\repository\io\cucumber\cucumber-core\7.2.3\cucumber-core-7.2.3.jar;C:\Users\ASUSTUF\.m2\repository\io\cucumber\cucumber-gherkin\7.2.3\cucumber-gherkin-7.2.3.jar;C:\Users\ASUSTUF\.m2\repository\io\cucumber\cucumber-gherkin-messages\7.2.3\cucumber-gherkin-messages-7.2.3.jar;C:\Users\ASUSTUF\.m2\repository\io\cucumber\messages\17.1.1\messages-17.1.1.jar;C:\Users\ASUSTUF\.m2\repository\io\cucumber\tag-expressions\4.1.0\tag-expressions-4.1.0.jar;C:\Users\ASUSTUF\.m2\repository\io\cucumber\cucumber-expressions\15.0.1\cucumber-expressions-15.0.1.jar;C:\Users\ASUSTUF\.m2\repository\io\cucumber\datatable\7.2.3\datatable-7.2.3.jar;C:\Users\ASUSTUF\.m2\repository\io\cucumber\cucumber-plugin\7.2.3\cucumber-plugin-7.2.3.jar;C:\Users\ASUSTUF\.m2\repository\io\cucumber\docstring\7.2.3\docstring-7.2.3.jar;C:\Users\ASUSTUF\.m2\repository\io\cucumber\html-formatter\17.0.0\html-formatter-17.0.0.jar;C:\Users\ASUSTUF\.m2\repository\io\cucumber\ci-environment\8.1.0\ci-environment-8.1.0.jar;C:\Users\ASUSTUF\.m2\repository\io\cucumber\cucumber-junit\7.2.3\cucumber-junit-7.2.3.jar;C:\Users\ASUSTUF\.m2\repository\org\apache\commons\commons-csv\1.5\commons-csv-1.5.jar;C:\Users\ASUSTUF\.m2\repository\net\serenity-bdd\serenity-screenplay\3.2.1\serenity-screenplay-3.2.1.jar;C:\Users\ASUSTUF\.m2\repository\net\serenity-bdd\serenity-screenplay-webdriver\3.2.1\serenity-screenplay-webdriver-3.2.1.jar;C:\Users\ASUSTUF\.m2\repository\net\serenity-bdd\serenity-ensure\3.2.1\serenity-ensure-3.2.1.jar;C:\Users\ASUSTUF\.m2\repository\net\serenity-bdd\serenity-junit\3.2.1\serenity-junit-3.2.1.jar;C:\Users\ASUSTUF\.m2\repository\org\jetbrains\kotlin\kotlin-stdlib\1.6.0\kotlin-stdlib-1.6.0.jar;C:\Users\ASUSTUF\.m2\repository\org\jetbrains\annotations\13.0\annotations-13.0.jar;C:\Users\ASUSTUF\.m2\repository\org\jetbrains\kotlin\kotlin-stdlib-common\1.6.0\kotlin-stdlib-common-1.6.0.jar;C:\Users\ASUSTUF\.m2\repository\org\junit\platform\junit-platform-launcher\1.8.1\junit-platform-launcher-1.8.1.jar;C:\Users\ASUSTUF\.m2\repository\org\junit\platform\junit-platform-engine\1.8.1\junit-platform-engine-1.8.1.jar;C:\Users\ASUSTUF\.m2\repository\org\opentest4j\opentest4j\1.2.0\opentest4j-1.2.0.jar;C:\Users\ASUSTUF\.m2\repository\org\junit\platform\junit-platform-commons\1.8.1\junit-platform-commons-1.8.1.jar;C:\Users\ASUSTUF\.m2\repository\org\apiguardian\apiguardian-api\1.1.2\apiguardian-api-1.1.2.jar;C:\Users\ASUSTUF\.m2\repository\org\junit\jupiter\junit-jupiter-engine\5.8.2\junit-jupiter-engine-5.8.2.jar;C:\Users\ASUSTUF\.m2\repository\org\junit\jupiter\junit-jupiter-api\5.8.2\junit-jupiter-api-5.8.2.jar;C:\Users\ASUSTUF\.m2\repository\org\junit\vintage\junit-vintage-engine\5.8.2\junit-vintage-engine-5.8.2.jar;C:\Users\ASUSTUF\.m2\repository\junit\junit\4.13.2\junit-4.13.2.jar;C:\Users\ASUSTUF\.m2\repository\org\hamcrest\hamcrest-core\1.3\hamcrest-core-1.3.jar;C:\Users\ASUSTUF\.m2\repository\ch\qos\logback\logback-classic\1.2.10\logback-classic-1.2.10.jar;C:\Users\ASUSTUF\.m2\repository\ch\qos\logback\logback-core\1.2.10\logback-core-1.2.10.jar;C:\Users\ASUSTUF\.m2\repository\org\slf4j\slf4j-api\1.7.32\slf4j-api-1.7.32.jar;C:\Users\ASUSTUF\.m2\repository\org\assertj\assertj-core\3.6.2\assertj-core-3.6.2.jar;"/>
    <property name="sun.cpu.endian" value="little"/>
    <property name="user.home" value="C:\Users\ASUSTUF"/>
    <property name="user.language" value="en"/>
    <property name="java.specification.vendor" value="Oracle Corporation"/>
    <property name="jdk.module.path" value="C:\Users\ASUSTUF\OneDrive\Documents\Capstone Project\Web Automation\target\Automation-1.0-SNAPSHOT.jar"/>
    <property name="java.version.date" value="2022-07-19"/>
    <property name="java.home" value="C:\Program Files\Java\jdk-11.0.16"/>
    <property name="file.separator" value="\"/>
    <property name="basedir" value="C:\Users\ASUSTUF\OneDrive\Documents\Capstone Project\Web Automation"/>
    <property name="java.vm.compressedOopsMode" value="32-bit"/>
    <property name="line.separator" value="&#10;"/>
    <property name="java.specification.name" value="Java Platform API Specification"/>
    <property name="java.vm.specification.vendor" value="Oracle Corporation"/>
    <property name="java.awt.graphicsenv" value="sun.awt.Win32GraphicsEnvironment"/>
    <property name="surefire.real.class.path" value="C:\Users\ASUSTUF\.m2\repository\org\apache\maven\surefire\surefire-booter\3.0.0-M5\surefire-booter-3.0.0-M5.jar;C:\Users\ASUSTUF\.m2\repository\org\apache\maven\surefire\surefire-api\3.0.0-M5\surefire-api-3.0.0-M5.jar;C:\Users\ASUSTUF\.m2\repository\org\apache\maven\surefire\surefire-logger-api\3.0.0-M5\surefire-logger-api-3.0.0-M5.jar;C:\Users\ASUSTUF\.m2\repository\org\apache\maven\surefire\surefire-shared-utils\3.0.0-M4\surefire-shared-utils-3.0.0-M4.jar;C:\Users\ASUSTUF\.m2\repository\org\apache\maven\surefire\surefire-extensions-spi\3.0.0-M5\surefire-extensions-spi-3.0.0-M5.jar;C:\Users\ASUSTUF\OneDrive\Documents\Capstone Project\Web Automation\target\test-classes;C:\Users\ASUSTUF\.m2\repository\net\serenity-bdd\serenity-core\3.2.1\serenity-core-3.2.1.jar;C:\Users\ASUSTUF\.m2\repository\net\serenity-bdd\serenity-model\3.2.1\serenity-model-3.2.1.jar;C:\Users\ASUSTUF\.m2\repository\org\apache\commons\commons-text\1.9\commons-text-1.9.jar;C:\Users\ASUSTUF\.m2\repository\commons-net\commons-net\3.8.0\commons-net-3.8.0.jar;C:\Users\ASUSTUF\.m2\repository\com\google\guava\guava\31.1-jre\guava-31.1-jre.jar;C:\Users\ASUSTUF\.m2\repository\com\google\guava\failureaccess\1.0.1\failureaccess-1.0.1.jar;C:\Users\ASUSTUF\.m2\repository\com\google\guava\listenablefuture\9999.0-empty-to-avoid-conflict-with-guava\listenablefuture-9999.0-empty-to-avoid-conflict-with-guava.jar;C:\Users\ASUSTUF\.m2\repository\com\google\code\findbugs\jsr305\3.0.2\jsr305-3.0.2.jar;C:\Users\ASUSTUF\.m2\repository\org\checkerframework\checker-qual\3.12.0\checker-qual-3.12.0.jar;C:\Users\ASUSTUF\.m2\repository\com\google\errorprone\error_prone_annotations\2.11.0\error_prone_annotations-2.11.0.jar;C:\Users\ASUSTUF\.m2\repository\com\google\j2objc\j2objc-annotations\1.3\j2objc-annotations-1.3.jar;C:\Users\ASUSTUF\.m2\repository\com\google\inject\guice\5.1.0\guice-5.1.0.jar;C:\Users\ASUSTUF\.m2\repository\javax\inject\javax.inject\1\javax.inject-1.jar;C:\Users\ASUSTUF\.m2\repository\aopalliance\aopalliance\1.0\aopalliance-1.0.jar;C:\Users\ASUSTUF\.m2\repository\org\jsoup\jsoup\1.14.3\jsoup-1.14.3.jar;C:\Users\ASUSTUF\.m2\repository\com\thoughtworks\xstream\xstream\1.4.19\xstream-1.4.19.jar;C:\Users\ASUSTUF\.m2\repository\io\github\x-stream\mxparser\1.2.2\mxparser-1.2.2.jar;C:\Users\ASUSTUF\.m2\repository\xmlpull\xmlpull\1.1.3.1\xmlpull-1.1.3.1.jar;C:\Users\ASUSTUF\.m2\repository\io\cucumber\cucumber-java\7.2.3\cucumber-java-7.2.3.jar;C:\Users\ASUSTUF\.m2\repository\com\typesafe\config\1.4.2\config-1.4.2.jar;C:\Users\ASUSTUF\.m2\repository\org\imgscalr\imgscalr-lib\4.2\imgscalr-lib-4.2.jar;C:\Users\ASUSTUF\.m2\repository\org\awaitility\awaitility\4.2.0\awaitility-4.2.0.jar;C:\Users\ASUSTUF\.m2\repository\org\freemarker\freemarker\2.3.31\freemarker-2.3.31.jar;C:\Users\ASUSTUF\.m2\repository\io\github\classgraph\classgraph\4.8.138\classgraph-4.8.138.jar;C:\Users\ASUSTUF\.m2\repository\net\sourceforge\jexcelapi\jxl\2.6.12\jxl-2.6.12.jar;C:\Users\ASUSTUF\.m2\repository\net\bytebuddy\byte-buddy\1.12.8\byte-buddy-1.12.8.jar;C:\Users\ASUSTUF\.m2\repository\net\bytebuddy\byte-buddy-agent\1.12.8\byte-buddy-agent-1.12.8.jar;C:\Users\ASUSTUF\.m2\repository\org\objenesis\objenesis\3.1\objenesis-3.1.jar;C:\Users\ASUSTUF\.m2\repository\net\serenity-bdd\serenity-reports\3.2.1\serenity-reports-3.2.1.jar;C:\Users\ASUSTUF\.m2\repository\net\serenity-bdd\serenity-stats\3.2.1\serenity-stats-3.2.1.jar;C:\Users\ASUSTUF\.m2\repository\net\serenity-bdd\serenity-reports-configuration\3.2.1\serenity-reports-configuration-3.2.1.jar;C:\Users\ASUSTUF\.m2\repository\com\vladsch\flexmark\flexmark-all\0.34.30\flexmark-all-0.34.30.jar;C:\Users\ASUSTUF\.m2\repository\com\vladsch\flexmark\flexmark\0.34.30\flexmark-0.34.30.jar;C:\Users\ASUSTUF\.m2\repository\com\vladsch\flexmark\flexmark-ext-abbreviation\0.34.30\flexmark-ext-abbreviation-0.34.30.jar;C:\Users\ASUSTUF\.m2\repository\com\vladsch\flexmark\flexmark-ext-admonition\0.34.30\flexmark-ext-admonition-0.34.30.jar;C:\Users\ASUSTUF\.m2\repository\com\vladsch\flexmark\flexmark-ext-anchorlink\0.34.30\flexmark-ext-anchorlink-0.34.30.jar;C:\Users\ASUSTUF\.m2\repository\com\vladsch\flexmark\flexmark-ext-aside\0.34.30\flexmark-ext-aside-0.34.30.jar;C:\Users\ASUSTUF\.m2\repository\com\vladsch\flexmark\flexmark-ext-attributes\0.34.30\flexmark-ext-attributes-0.34.30.jar;C:\Users\ASUSTUF\.m2\repository\com\vladsch\flexmark\flexmark-ext-autolink\0.34.30\flexmark-ext-autolink-0.34.30.jar;C:\Users\ASUSTUF\.m2\repository\org\nibor\autolink\autolink\0.6.0\autolink-0.6.0.jar;C:\Users\ASUSTUF\.m2\repository\com\vladsch\flexmark\flexmark-ext-definition\0.34.30\flexmark-ext-definition-0.34.30.jar;C:\Users\ASUSTUF\.m2\repository\com\vladsch\flexmark\flexmark-ext-emoji\0.34.30\flexmark-ext-emoji-0.34.30.jar;C:\Users\ASUSTUF\.m2\repository\com\vladsch\flexmark\flexmark-ext-enumerated-reference\0.34.30\flexmark-ext-enumerated-reference-0.34.30.jar;C:\Users\ASUSTUF\.m2\repository\com\vladsch\flexmark\flexmark-ext-escaped-character\0.34.30\flexmark-ext-escaped-character-0.34.30.jar;C:\Users\ASUSTUF\.m2\repository\com\vladsch\flexmark\flexmark-ext-footnotes\0.34.30\flexmark-ext-footnotes-0.34.30.jar;C:\Users\ASUSTUF\.m2\repository\com\vladsch\flexmark\flexmark-ext-gfm-issues\0.34.30\flexmark-ext-gfm-issues-0.34.30.jar;C:\Users\ASUSTUF\.m2\repository\com\vladsch\flexmark\flexmark-ext-gfm-strikethrough\0.34.30\flexmark-ext-gfm-strikethrough-0.34.30.jar;C:\Users\ASUSTUF\.m2\repository\com\vladsch\flexmark\flexmark-ext-gfm-tables\0.34.30\flexmark-ext-gfm-tables-0.34.30.jar;C:\Users\ASUSTUF\.m2\repository\com\vladsch\flexmark\flexmark-ext-gfm-tasklist\0.34.30\flexmark-ext-gfm-tasklist-0.34.30.jar;C:\Users\ASUSTUF\.m2\repository\com\vladsch\flexmark\flexmark-ext-gfm-users\0.34.30\flexmark-ext-gfm-users-0.34.30.jar;C:\Users\ASUSTUF\.m2\repository\com\vladsch\flexmark\flexmark-ext-gitlab\0.34.30\flexmark-ext-gitlab-0.34.30.jar;C:\Users\ASUSTUF\.m2\repository\com\vladsch\flexmark\flexmark-ext-jekyll-front-matter\0.34.30\flexmark-ext-jekyll-front-matter-0.34.30.jar;C:\Users\ASUSTUF\.m2\repository\com\vladsch\flexmark\flexmark-ext-jekyll-tag\0.34.30\flexmark-ext-jekyll-tag-0.34.30.jar;C:\Users\ASUSTUF\.m2\repository\com\vladsch\flexmark\flexmark-ext-media-tags\0.34.30\flexmark-ext-media-tags-0.34.30.jar;C:\Users\ASUSTUF\.m2\repository\com\vladsch\flexmark\flexmark-test-util\0.34.30\flexmark-test-util-0.34.30.jar;C:\Users\ASUSTUF\.m2\repository\com\vladsch\flexmark\flexmark-ext-ins\0.34.30\flexmark-ext-ins-0.34.30.jar;C:\Users\ASUSTUF\.m2\repository\com\vladsch\flexmark\flexmark-ext-xwiki-macros\0.34.30\flexmark-ext-xwiki-macros-0.34.30.jar;C:\Users\ASUSTUF\.m2\repository\com\vladsch\flexmark\flexmark-ext-superscript\0.34.30\flexmark-ext-superscript-0.34.30.jar;C:\Users\ASUSTUF\.m2\repository\com\vladsch\flexmark\flexmark-ext-tables\0.34.30\flexmark-ext-tables-0.34.30.jar;C:\Users\ASUSTUF\.m2\repository\com\vladsch\flexmark\flexmark-ext-toc\0.34.30\flexmark-ext-toc-0.34.30.jar;C:\Users\ASUSTUF\.m2\repository\com\vladsch\flexmark\flexmark-ext-typographic\0.34.30\flexmark-ext-typographic-0.34.30.jar;C:\Users\ASUSTUF\.m2\repository\com\vladsch\flexmark\flexmark-ext-wikilink\0.34.30\flexmark-ext-wikilink-0.34.30.jar;C:\Users\ASUSTUF\.m2\repository\com\vladsch\flexmark\flexmark-ext-yaml-front-matter\0.34.30\flexmark-ext-yaml-front-matter-0.34.30.jar;C:\Users\ASUSTUF\.m2\repository\com\vladsch\flexmark\flexmark-ext-youtube-embedded\0.34.30\flexmark-ext-youtube-embedded-0.34.30.jar;C:\Users\ASUSTUF\.m2\repository\com\vladsch\flexmark\flexmark-formatter\0.34.30\flexmark-formatter-0.34.30.jar;C:\Users\ASUSTUF\.m2\repository\com\vladsch\flexmark\flexmark-html-parser\0.34.30\flexmark-html-parser-0.34.30.jar;C:\Users\ASUSTUF\.m2\repository\com\vladsch\flexmark\flexmark-jira-converter\0.34.30\flexmark-jira-converter-0.34.30.jar;C:\Users\ASUSTUF\.m2\repository\com\vladsch\flexmark\flexmark-pdf-converter\0.34.30\flexmark-pdf-converter-0.34.30.jar;C:\Users\ASUSTUF\.m2\repository\com\openhtmltopdf\openhtmltopdf-core\0.0.1-RC13\openhtmltopdf-core-0.0.1-RC13.jar;C:\Users\ASUSTUF\.m2\repository\com\openhtmltopdf\openhtmltopdf-pdfbox\0.0.1-RC13\openhtmltopdf-pdfbox-0.0.1-RC13.jar;C:\Users\ASUSTUF\.m2\repository\org\apache\pdfbox\pdfbox\2.0.8\pdfbox-2.0.8.jar;C:\Users\ASUSTUF\.m2\repository\org\apache\pdfbox\fontbox\2.0.8\fontbox-2.0.8.jar;C:\Users\ASUSTUF\.m2\repository\commons-logging\commons-logging\1.2\commons-logging-1.2.jar;C:\Users\ASUSTUF\.m2\repository\org\apache\pdfbox\xmpbox\2.0.8\xmpbox-2.0.8.jar;C:\Users\ASUSTUF\.m2\repository\de\rototor\pdfbox\graphics2d\0.12\graphics2d-0.12.jar;C:\Users\ASUSTUF\.m2\repository\com\openhtmltopdf\openhtmltopdf-rtl-support\0.0.1-RC13\openhtmltopdf-rtl-support-0.0.1-RC13.jar;C:\Users\ASUSTUF\.m2\repository\com\ibm\icu\icu4j\59.1\icu4j-59.1.jar;C:\Users\ASUSTUF\.m2\repository\com\openhtmltopdf\openhtmltopdf-jsoup-dom-converter\0.0.1-RC13\openhtmltopdf-jsoup-dom-converter-0.0.1-RC13.jar;C:\Users\ASUSTUF\.m2\repository\com\vladsch\flexmark\flexmark-profile-pegdown\0.34.30\flexmark-profile-pegdown-0.34.30.jar;C:\Users\ASUSTUF\.m2\repository\com\vladsch\flexmark\flexmark-util\0.34.30\flexmark-util-0.34.30.jar;C:\Users\ASUSTUF\.m2\repository\com\vladsch\flexmark\flexmark-youtrack-converter\0.34.30\flexmark-youtrack-converter-0.34.30.jar;C:\Users\ASUSTUF\.m2\repository\es\nitaur\markdown\txtmark\0.16\txtmark-0.16.jar;C:\Users\ASUSTUF\.m2\repository\net\serenity-bdd\serenity-report-resources\3.2.1\serenity-report-resources-3.2.1.jar;C:\Users\ASUSTUF\.m2\repository\com\google\code\gson\gson\2.9.0\gson-2.9.0.jar;C:\Users\ASUSTUF\.m2\repository\com\fasterxml\jackson\core\jackson-core\2.13.2\jackson-core-2.13.2.jar;C:\Users\ASUSTUF\.m2\repository\com\fasterxml\jackson\core\jackson-databind\2.13.2\jackson-databind-2.13.2.jar;C:\Users\ASUSTUF\.m2\repository\com\fasterxml\jackson\core\jackson-annotations\2.13.2\jackson-annotations-2.13.2.jar;C:\Users\ASUSTUF\.m2\repository\commons-codec\commons-codec\1.15\commons-codec-1.15.jar;C:\Users\ASUSTUF\.m2\repository\commons-io\commons-io\2.11.0\commons-io-2.11.0.jar;C:\Users\ASUSTUF\.m2\repository\org\seleniumhq\selenium\selenium-java\4.1.2\selenium-java-4.1.2.jar;C:\Users\ASUSTUF\.m2\repository\org\seleniumhq\selenium\selenium-devtools-v85\4.1.2\selenium-devtools-v85-4.1.2.jar;C:\Users\ASUSTUF\.m2\repository\org\seleniumhq\selenium\selenium-devtools-v95\4.1.2\selenium-devtools-v95-4.1.2.jar;C:\Users\ASUSTUF\.m2\repository\org\seleniumhq\selenium\selenium-devtools-v96\4.1.2\selenium-devtools-v96-4.1.2.jar;C:\Users\ASUSTUF\.m2\repository\org\seleniumhq\selenium\selenium-devtools-v97\4.1.2\selenium-devtools-v97-4.1.2.jar;C:\Users\ASUSTUF\.m2\repository\org\seleniumhq\selenium\selenium-firefox-xpi-driver\4.1.2\selenium-firefox-xpi-driver-4.1.2.jar;C:\Users\ASUSTUF\.m2\repository\org\seleniumhq\selenium\selenium-opera-driver\4.1.2\selenium-opera-driver-4.1.2.jar;C:\Users\ASUSTUF\.m2\repository\org\seleniumhq\selenium\selenium-remote-driver\4.1.2\selenium-remote-driver-4.1.2.jar;C:\Users\ASUSTUF\.m2\repository\com\beust\jcommander\1.82\jcommander-1.82.jar;C:\Users\ASUSTUF\.m2\repository\io\netty\netty-buffer\4.1.73.Final\netty-buffer-4.1.73.Final.jar;C:\Users\ASUSTUF\.m2\repository\io\netty\netty-codec-http\4.1.73.Final\netty-codec-http-4.1.73.Final.jar;C:\Users\ASUSTUF\.m2\repository\io\netty\netty-codec\4.1.73.Final\netty-codec-4.1.73.Final.jar;C:\Users\ASUSTUF\.m2\repository\io\netty\netty-handler\4.1.73.Final\netty-handler-4.1.73.Final.jar;C:\Users\ASUSTUF\.m2\repository\io\netty\netty-tcnative-classes\2.0.46.Final\netty-tcnative-classes-2.0.46.Final.jar;C:\Users\ASUSTUF\.m2\repository\io\netty\netty-common\4.1.73.Final\netty-common-4.1.73.Final.jar;C:\Users\ASUSTUF\.m2\repository\io\netty\netty-transport-classes-epoll\4.1.73.Final\netty-transport-classes-epoll-4.1.73.Final.jar;C:\Users\ASUSTUF\.m2\repository\io\netty\netty-transport-classes-kqueue\4.1.73.Final\netty-transport-classes-kqueue-4.1.73.Final.jar;C:\Users\ASUSTUF\.m2\repository\io\netty\netty-transport-native-epoll\4.1.73.Final\netty-transport-native-epoll-4.1.73.Final.jar;C:\Users\ASUSTUF\.m2\repository\io\netty\netty-transport-native-kqueue\4.1.73.Final\netty-transport-native-kqueue-4.1.73.Final.jar;C:\Users\ASUSTUF\.m2\repository\io\netty\netty-transport-native-unix-common\4.1.73.Final\netty-transport-native-unix-common-4.1.73.Final.jar;C:\Users\ASUSTUF\.m2\repository\io\netty\netty-transport\4.1.73.Final\netty-transport-4.1.73.Final.jar;C:\Users\ASUSTUF\.m2\repository\io\netty\netty-resolver\4.1.73.Final\netty-resolver-4.1.73.Final.jar;C:\Users\ASUSTUF\.m2\repository\io\opentelemetry\opentelemetry-api\1.10.1\opentelemetry-api-1.10.1.jar;C:\Users\ASUSTUF\.m2\repository\io\opentelemetry\opentelemetry-context\1.10.1\opentelemetry-context-1.10.1.jar;C:\Users\ASUSTUF\.m2\repository\io\opentelemetry\opentelemetry-exporter-logging\1.10.1\opentelemetry-exporter-logging-1.10.1.jar;C:\Users\ASUSTUF\.m2\repository\io\opentelemetry\opentelemetry-sdk-metrics\1.10.1-alpha\opentelemetry-sdk-metrics-1.10.1-alpha.jar;C:\Users\ASUSTUF\.m2\repository\io\opentelemetry\opentelemetry-sdk-logs\1.10.1-alpha\opentelemetry-sdk-logs-1.10.1-alpha.jar;C:\Users\ASUSTUF\.m2\repository\io\opentelemetry\opentelemetry-sdk-common\1.10.1\opentelemetry-sdk-common-1.10.1.jar;C:\Users\ASUSTUF\.m2\repository\io\opentelemetry\opentelemetry-sdk-extension-autoconfigure-spi\1.10.1\opentelemetry-sdk-extension-autoconfigure-spi-1.10.1.jar;C:\Users\ASUSTUF\.m2\repository\io\opentelemetry\opentelemetry-sdk-extension-autoconfigure\1.10.1-alpha\opentelemetry-sdk-extension-autoconfigure-1.10.1-alpha.jar;C:\Users\ASUSTUF\.m2\repository\io\opentelemetry\opentelemetry-sdk-trace\1.10.1\opentelemetry-sdk-trace-1.10.1.jar;C:\Users\ASUSTUF\.m2\repository\io\opentelemetry\opentelemetry-sdk\1.10.1\opentelemetry-sdk-1.10.1.jar;C:\Users\ASUSTUF\.m2\repository\io\opentelemetry\opentelemetry-semconv\1.10.1-alpha\opentelemetry-semconv-1.10.1-alpha.jar;C:\Users\ASUSTUF\.m2\repository\io\ous\jtoml\2.0.0\jtoml-2.0.0.jar;C:\Users\ASUSTUF\.m2\repository\org\apache\commons\commons-exec\1.3\commons-exec-1.3.jar;C:\Users\ASUSTUF\.m2\repository\org\asynchttpclient\async-http-client\2.12.3\async-http-client-2.12.3.jar;C:\Users\ASUSTUF\.m2\repository\org\asynchttpclient\async-http-client-netty-utils\2.12.3\async-http-client-netty-utils-2.12.3.jar;C:\Users\ASUSTUF\.m2\repository\io\netty\netty-codec-socks\4.1.60.Final\netty-codec-socks-4.1.60.Final.jar;C:\Users\ASUSTUF\.m2\repository\io\netty\netty-handler-proxy\4.1.60.Final\netty-handler-proxy-4.1.60.Final.jar;C:\Users\ASUSTUF\.m2\repository\io\netty\netty-transport-native-epoll\4.1.60.Final\netty-transport-native-epoll-4.1.60.Final-linux-x86_64.jar;C:\Users\ASUSTUF\.m2\repository\io\netty\netty-transport-native-kqueue\4.1.60.Final\netty-transport-native-kqueue-4.1.60.Final-osx-x86_64.jar;C:\Users\ASUSTUF\.m2\repository\org\reactivestreams\reactive-streams\1.0.3\reactive-streams-1.0.3.jar;C:\Users\ASUSTUF\.m2\repository\com\typesafe\netty\netty-reactive-streams\2.0.4\netty-reactive-streams-2.0.4.jar;C:\Users\ASUSTUF\.m2\repository\org\seleniumhq\selenium\selenium-http\4.1.2\selenium-http-4.1.2.jar;C:\Users\ASUSTUF\.m2\repository\net\jodah\failsafe\2.4.4\failsafe-2.4.4.jar;C:\Users\ASUSTUF\.m2\repository\org\seleniumhq\selenium\selenium-safari-driver\4.1.2\selenium-safari-driver-4.1.2.jar;C:\Users\ASUSTUF\.m2\repository\org\seleniumhq\selenium\selenium-api\4.1.2\selenium-api-4.1.2.jar;C:\Users\ASUSTUF\.m2\repository\org\seleniumhq\selenium\selenium-support\4.1.2\selenium-support-4.1.2.jar;C:\Users\ASUSTUF\.m2\repository\com\google\auto\service\auto-service-annotations\1.0.1\auto-service-annotations-1.0.1.jar;C:\Users\ASUSTUF\.m2\repository\com\google\auto\service\auto-service\1.0.1\auto-service-1.0.1.jar;C:\Users\ASUSTUF\.m2\repository\com\google\auto\auto-common\1.2\auto-common-1.2.jar;C:\Users\ASUSTUF\.m2\repository\org\seleniumhq\selenium\selenium-json\4.1.2\selenium-json-4.1.2.jar;C:\Users\ASUSTUF\.m2\repository\org\seleniumhq\selenium\selenium-chrome-driver\4.1.2\selenium-chrome-driver-4.1.2.jar;C:\Users\ASUSTUF\.m2\repository\org\seleniumhq\selenium\selenium-chromium-driver\4.1.2\selenium-chromium-driver-4.1.2.jar;C:\Users\ASUSTUF\.m2\repository\org\seleniumhq\selenium\selenium-firefox-driver\4.1.2\selenium-firefox-driver-4.1.2.jar;C:\Users\ASUSTUF\.m2\repository\org\seleniumhq\selenium\selenium-edge-driver\4.1.2\selenium-edge-driver-4.1.2.jar;C:\Users\ASUSTUF\.m2\repository\org\seleniumhq\selenium\selenium-ie-driver\4.1.2\selenium-ie-driver-4.1.2.jar;C:\Users\ASUSTUF\.m2\repository\org\projectlombok\lombok\1.18.20\lombok-1.18.20.jar;C:\Users\ASUSTUF\.m2\repository\io\appium\java-client\8.0.0\java-client-8.0.0.jar;C:\Users\ASUSTUF\.m2\repository\commons-validator\commons-validator\1.7\commons-validator-1.7.jar;C:\Users\ASUSTUF\.m2\repository\commons-digester\commons-digester\2.1\commons-digester-2.1.jar;C:\Users\ASUSTUF\.m2\repository\org\aspectj\aspectjweaver\1.9.8\aspectjweaver-1.9.8.jar;C:\Users\ASUSTUF\.m2\repository\org\codehaus\groovy\groovy\3.0.10\groovy-3.0.10.jar;C:\Users\ASUSTUF\.m2\repository\net\sf\opencsv\opencsv\2.0\opencsv-2.0.jar;C:\Users\ASUSTUF\.m2\repository\commons-beanutils\commons-beanutils\1.9.4\commons-beanutils-1.9.4.jar;C:\Users\ASUSTUF\.m2\repository\org\apache\commons\commons-lang3\3.12.0\commons-lang3-3.12.0.jar;C:\Users\ASUSTUF\.m2\repository\commons-collections\commons-collections\3.2.2\commons-collections-3.2.2.jar;C:\Users\ASUSTUF\.m2\repository\org\fluentlenium\fluentlenium-core\0.10.2\fluentlenium-core-0.10.2.jar;C:\Users\ASUSTUF\.m2\repository\io\github\bonigarcia\webdrivermanager\5.1.0\webdrivermanager-5.1.0.jar;C:\Users\ASUSTUF\.m2\repository\com\github\docker-java\docker-java\3.2.13\docker-java-3.2.13.jar;C:\Users\ASUSTUF\.m2\repository\com\github\docker-java\docker-java-core\3.2.13\docker-java-core-3.2.13.jar;C:\Users\ASUSTUF\.m2\repository\com\github\docker-java\docker-java-api\3.2.13\docker-java-api-3.2.13.jar;C:\Users\ASUSTUF\.m2\repository\org\apache\commons\commons-compress\1.21\commons-compress-1.21.jar;C:\Users\ASUSTUF\.m2\repository\org\bouncycastle\bcpkix-jdk15on\1.64\bcpkix-jdk15on-1.64.jar;C:\Users\ASUSTUF\.m2\repository\org\bouncycastle\bcprov-jdk15on\1.64\bcprov-jdk15on-1.64.jar;C:\Users\ASUSTUF\.m2\repository\org\slf4j\jcl-over-slf4j\1.7.30\jcl-over-slf4j-1.7.30.jar;C:\Users\ASUSTUF\.m2\repository\com\github\docker-java\docker-java-transport-httpclient5\3.2.13\docker-java-transport-httpclient5-3.2.13.jar;C:\Users\ASUSTUF\.m2\repository\com\github\docker-java\docker-java-transport\3.2.13\docker-java-transport-3.2.13.jar;C:\Users\ASUSTUF\.m2\repository\org\apache\httpcomponents\client5\httpclient5\5.0.3\httpclient5-5.0.3.jar;C:\Users\ASUSTUF\.m2\repository\org\apache\httpcomponents\core5\httpcore5\5.0.2\httpcore5-5.0.2.jar;C:\Users\ASUSTUF\.m2\repository\net\java\dev\jna\jna\5.8.0\jna-5.8.0.jar;C:\Users\ASUSTUF\.m2\repository\org\brotli\dec\0.1.2\dec-0.1.2.jar;C:\Users\ASUSTUF\.m2\repository\com\jhlabs\filters\2.0.235\filters-2.0.235.jar;C:\Users\ASUSTUF\.m2\repository\com\paulhammant\ngwebdriver\1.1.6\ngwebdriver-1.1.6.jar;C:\Users\ASUSTUF\.m2\repository\joda-time\joda-time\2.8.2\joda-time-2.8.2.jar;C:\Users\ASUSTUF\.m2\repository\org\hamcrest\hamcrest\2.2\hamcrest-2.2.jar;C:\Users\ASUSTUF\.m2\repository\com\google\jimfs\jimfs\1.2\jimfs-1.2.jar;C:\Users\ASUSTUF\.m2\repository\org\mockito\mockito-core\3.3.3\mockito-core-3.3.3.jar;C:\Users\ASUSTUF\.m2\repository\javax\xml\bind\jaxb-api\2.3.1\jaxb-api-2.3.1.jar;C:\Users\ASUSTUF\.m2\repository\javax\activation\javax.activation-api\1.2.0\javax.activation-api-1.2.0.jar;C:\Users\ASUSTUF\.m2\repository\com\sun\xml\bind\jaxb-core\2.3.0.1\jaxb-core-2.3.0.1.jar;C:\Users\ASUSTUF\.m2\repository\com\sun\xml\bind\jaxb-impl\2.3.3\jaxb-impl-2.3.3.jar;C:\Users\ASUSTUF\.m2\repository\jakarta\xml\bind\jakarta.xml.bind-api\2.3.3\jakarta.xml.bind-api-2.3.3.jar;C:\Users\ASUSTUF\.m2\repository\com\sun\activation\jakarta.activation\1.2.2\jakarta.activation-1.2.2.jar;C:\Users\ASUSTUF\.m2\repository\javax\activation\activation\1.1.1\activation-1.1.1.jar;C:\Users\ASUSTUF\.m2\repository\net\serenity-bdd\serenity-cucumber\3.2.1\serenity-cucumber-3.2.1.jar;C:\Users\ASUSTUF\.m2\repository\io\cucumber\cucumber-core\7.2.3\cucumber-core-7.2.3.jar;C:\Users\ASUSTUF\.m2\repository\io\cucumber\cucumber-gherkin\7.2.3\cucumber-gherkin-7.2.3.jar;C:\Users\ASUSTUF\.m2\repository\io\cucumber\cucumber-gherkin-messages\7.2.3\cucumber-gherkin-messages-7.2.3.jar;C:\Users\ASUSTUF\.m2\repository\io\cucumber\messages\17.1.1\messages-17.1.1.jar;C:\Users\ASUSTUF\.m2\repository\io\cucumber\tag-expressions\4.1.0\tag-expressions-4.1.0.jar;C:\Users\ASUSTUF\.m2\repository\io\cucumber\cucumber-expressions\15.0.1\cucumber-expressions-15.0.1.jar;C:\Users\ASUSTUF\.m2\repository\io\cucumber\datatable\7.2.3\datatable-7.2.3.jar;C:\Users\ASUSTUF\.m2\repository\io\cucumber\cucumber-plugin\7.2.3\cucumber-plugin-7.2.3.jar;C:\Users\ASUSTUF\.m2\repository\io\cucumber\docstring\7.2.3\docstring-7.2.3.jar;C:\Users\ASUSTUF\.m2\repository\io\cucumber\html-formatter\17.0.0\html-formatter-17.0.0.jar;C:\Users\ASUSTUF\.m2\repository\io\cucumber\ci-environment\8.1.0\ci-environment-8.1.0.jar;C:\Users\ASUSTUF\.m2\repository\io\cucumber\cucumber-junit\7.2.3\cucumber-junit-7.2.3.jar;C:\Users\ASUSTUF\.m2\repository\org\apache\commons\commons-csv\1.5\commons-csv-1.5.jar;C:\Users\ASUSTUF\.m2\repository\net\serenity-bdd\serenity-screenplay\3.2.1\serenity-screenplay-3.2.1.jar;C:\Users\ASUSTUF\.m2\repository\net\serenity-bdd\serenity-screenplay-webdriver\3.2.1\serenity-screenplay-webdriver-3.2.1.jar;C:\Users\ASUSTUF\.m2\repository\net\serenity-bdd\serenity-ensure\3.2.1\serenity-ensure-3.2.1.jar;C:\Users\ASUSTUF\.m2\repository\net\serenity-bdd\serenity-junit\3.2.1\serenity-junit-3.2.1.jar;C:\Users\ASUSTUF\.m2\repository\org\jetbrains\kotlin\kotlin-stdlib\1.6.0\kotlin-stdlib-1.6.0.jar;C:\Users\ASUSTUF\.m2\repository\org\jetbrains\annotations\13.0\annotations-13.0.jar;C:\Users\ASUSTUF\.m2\repository\org\jetbrains\kotlin\kotlin-stdlib-common\1.6.0\kotlin-stdlib-common-1.6.0.jar;C:\Users\ASUSTUF\.m2\repository\org\junit\platform\junit-platform-launcher\1.8.1\junit-platform-launcher-1.8.1.jar;C:\Users\ASUSTUF\.m2\repository\org\junit\platform\junit-platform-engine\1.8.1\junit-platform-engine-1.8.1.jar;C:\Users\ASUSTUF\.m2\repository\org\opentest4j\opentest4j\1.2.0\opentest4j-1.2.0.jar;C:\Users\ASUSTUF\.m2\repository\org\junit\platform\junit-platform-commons\1.8.1\junit-platform-commons-1.8.1.jar;C:\Users\ASUSTUF\.m2\repository\org\apiguardian\apiguardian-api\1.1.2\apiguardian-api-1.1.2.jar;C:\Users\ASUSTUF\.m2\repository\org\junit\jupiter\junit-jupiter-engine\5.8.2\junit-jupiter-engine-5.8.2.jar;C:\Users\ASUSTUF\.m2\repository\org\junit\jupiter\junit-jupiter-api\5.8.2\junit-jupiter-api-5.8.2.jar;C:\Users\ASUSTUF\.m2\repository\org\junit\vintage\junit-vintage-engine\5.8.2\junit-vintage-engine-5.8.2.jar;C:\Users\ASUSTUF\.m2\repository\junit\junit\4.13.2\junit-4.13.2.jar;C:\Users\ASUSTUF\.m2\repository\org\hamcrest\hamcrest-core\1.3\hamcrest-core-1.3.jar;C:\Users\ASUSTUF\.m2\repository\ch\qos\logback\logback-classic\1.2.10\logback-classic-1.2.10.jar;C:\Users\ASUSTUF\.m2\repository\ch\qos\logback\logback-core\1.2.10\logback-core-1.2.10.jar;C:\Users\ASUSTUF\.m2\repository\org\slf4j\slf4j-api\1.7.32\slf4j-api-1.7.32.jar;C:\Users\ASUSTUF\.m2\repository\org\assertj\assertj-core\3.6.2\assertj-core-3.6.2.jar;C:\Users\ASUSTUF\.m2\repository\org\apache\maven\surefire\surefire-junit-platform\3.0.0-M5\surefire-junit-platform-3.0.0-M5.jar;C:\Users\ASUSTUF\.m2\repository\org\apache\maven\surefire\common-java5\3.0.0-M5\common-java5-3.0.0-M5.jar"/>
    <property name="user.script" value=""/>
    <property name="java.protocol.handler.pkgs" value="com.google.common"/>
    <property name="sun.management.compiler" value="HotSpot 64-Bit Tiered Compilers"/>
    <property name="java.runtime.version" value="11.0.16+11-LTS-199"/>
    <property name="user.name" value="ASUSTUF"/>
    <property name="path.separator" value=";"/>
    <property name="os.version" value="10.0"/>
    <property name="java.runtime.name" value="Java(TM) SE Runtime Environment"/>
    <property name="file.encoding" value="Cp1252"/>
    <property name="webdriver.base.url" value=""/>
    <property name="java.vm.name" value="Java HotSpot(TM) 64-Bit Server VM"/>
    <property name="java.vendor.version" value="18.9"/>
    <property name="localRepository" value="C:\Users\ASUSTUF\.m2\repository"/>
    <property name="java.vendor.url.bug" value="https://bugreport.java.com/bugreport/"/>
    <property name="java.io.tmpdir" value="C:\Users\ASUSTUF\AppData\Local\Temp\"/>
    <property name="java.version" value="11.0.16"/>
    <property name="user.dir" value="C:\Users\ASUSTUF\OneDrive\Documents\Capstone Project\Web Automation"/>
    <property name="os.arch" value="amd64"/>
    <property name="java.vm.specification.name" value="Java Virtual Machine Specification"/>
    <property name="java.awt.printerjob" value="sun.awt.windows.WPrinterJob"/>
    <property name="sun.os.patch.level" value=""/>
    <property name="java.library.path" value="C:\Program Files\Java\jdk-11.0.16\bin;C:\WINDOWS\Sun\Java\bin;C:\WINDOWS\system32;C:\WINDOWS;C:\Program Files\Java\jdk-11.0.16\bin;C:\Program Files\Common Files\Oracle\Java\javapath;C:\Windows\system32;C:\Windows;C:\Windows\System32\Wbem;C:\Windows\System32\WindowsPowerShell\v1.0\;C:\Windows\System32\OpenSSH\;C:\Program Files (x86)\NVIDIA Corporation\PhysX\Common;C:\Program Files\NVIDIA Corporation\NVIDIA NvDLISR;C:\WINDOWS\system32;C:\WINDOWS;C:\WINDOWS\System32\Wbem;C:\WINDOWS\System32\WindowsPowerShell\v1.0\;C:\WINDOWS\System32\OpenSSH\;C:\Program Files\Git\cmd;C:\Program Files\Java\jdk-17.0.4\bin;C:\Program Files\apache-maven-3.8.6-bin\apache-maven-3.8.6\bin;C:\Users\ASUSTUF\AppData\Local\Android\Sdk\platform-tools;C:\Program Files\nodejs\;C:\Program Files\Java\jdk-11.0.16\bin;C:\Users\ASUSTUF\AppData\Local\Microsoft\WindowsApps;C:\Users\ASUSTUF\AppData\Local\GitHubDesktop\bin;C:\Users\ASUSTUF\AppData\Local\Programs\Microsoft VS Code\bin;C:\Users\ASUSTUF\AppData\Roaming\npm;;."/>
    <property name="java.vendor" value="Oracle Corporation"/>
    <property name="java.vm.info" value="mixed mode"/>
    <property name="java.vm.version" value="11.0.16+11-LTS-199"/>
    <property name="sun.io.unicode.encoding" value="UnicodeLittle"/>
    <property name="java.class.version" value="55.0"/>
  </properties>
  <testcase name="Approve a vaccination booking" classname="Manage vaccination bookings" time="26.284">
    <error type="net.thucydides.core.webdriver.exceptions.ElementShouldBeEnabledException"><![CDATA[net.thucydides.core.webdriver.exceptions.ElementShouldBeEnabledException: Expected enabled element was not enabled
Caused by: org.openqa.selenium.TimeoutException: Expected condition failed: waiting for By.xpath: //div[@class='MuiCardActions-root MuiCardActions-spacing css-1k3fh4f'] to be enabled (tried for 5 second(s) with 100 milliseconds interval)
Caused by: org.openqa.selenium.NoSuchElementException: 
no such element: Unable to locate element: {"method":"xpath","selector":"//div[@class='MuiCardActions-root MuiCardActions-spacing css-1k3fh4f']"}
  (Session info: chrome=108.0.5359.125)
For documentation on this error, please visit: https://selenium.dev/exceptions/#no_such_element
Build info: version: '4.1.2', revision: '9a5a329c5a'
System info: host: 'LAPTOP-CFD9EV6G', ip: '192.168.100.7', os.name: 'Windows 11', os.arch: 'amd64', os.version: '10.0', java.version: '11.0.16'
Driver info: org.openqa.selenium.chrome.ChromeDriver
Command: [130adab82552622f512d4c81be97235f, findElement {using=xpath, value=//div[@class='MuiCardActions-root MuiCardActions-spacing css-1k3fh4f']}]
Capabilities {acceptInsecureCerts: false, browserName: chrome, browserVersion: 108.0.5359.125, chrome: {chromedriverVersion: 108.0.5359.71 (1e0e3868ee06..., userDataDir: C:\Users\ASUSTUF\AppData\Lo...}, goog:chromeOptions: {debuggerAddress: localhost:57649}, javascriptEnabled: true, networkConnectionEnabled: false, pageLoadStrategy: normal, platform: WINDOWS, platformName: WINDOWS, proxy: Proxy(), se:cdp: ws://localhost:57649/devtoo..., se:cdpVersion: 108.0.5359.125, setWindowRect: true, strictFileInteractability: false, timeouts: {implicit: 0, pageLoad: 300000, script: 30000}, unhandledPromptBehavior: dismiss and notify, webauthn:extension:credBlob: true, webauthn:extension:largeBlob: true, webauthn:virtualAuthenticators: true}
Session ID: 130adab82552622f512d4c81be97235f
]]></error>
    <system-out><![CDATA[17:46:46.529 [main] INFO io.cucumber.core.plugin.SerenityReporter - Running feature from file:///C:/Users/ASUSTUF/OneDrive/Documents/Capstone%20Project/Web%20Automation/src/test/resources/features/ManageVaccinationBookings.feature
17:46:46.760 [main] INFO  - 

-------------------------------------------------------------------------------------
     _______. _______ .______       _______ .__   __.  __  .___________.____    ____ 
    /       ||   ____||   _  \     |   ____||  \ |  | |  | |           |\   \  /   / 
   |   (----`|  |__   |  |_)  |    |  |__   |   \|  | |  | `---|  |----` \   \/   /  
    \   \    |   __|  |      /     |   __|  |  . `  | |  |     |  |       \_    _/   
.----)   |   |  |____ |  |\  \----.|  |____ |  |\   | |  |     |  |         |  |     
|_______/    |_______|| _| `._____||_______||__| \__| |__|     |__|         |__|    
                                                                                     
 News and tutorials at http://www.serenity-bdd.info                                  
 Documentation at https://wakaleo.gitbooks.io/the-serenity-book/content/             
 Join the Serenity Community on Gitter: https://gitter.im/serenity-bdd/serenity-core 
 Serenity BDD Support and Training at http://serenity-bdd.info/#/trainingandsupport  
-------------------------------------------------------------------------------------

17:46:46.764 [main] DEBUG net.thucydides.core.steps.StepEventBus - Test suite started for story net.thucydides.core.model.Story@cce5c3f8
17:46:46.767 [main] INFO  - Test Suite Started: Manage vaccination bookings
17:46:46.787 [main] INFO io.cucumber.core.plugin.SerenityReporter - Running feature from file:///C:/Users/ASUSTUF/OneDrive/Documents/Capstone%20Project/Web%20Automation/src/test/resources/features/VaccineNames.feature
17:46:46.796 [main] DEBUG net.thucydides.core.steps.StepEventBus - Test suite started for story net.thucydides.core.model.Story@942a1b8b
17:46:46.797 [main] INFO  - Test Suite Started: Vaccine names
17:46:46.798 [main] INFO io.cucumber.core.plugin.SerenityReporter - Running feature from file:///C:/Users/ASUSTUF/OneDrive/Documents/Capstone%20Project/Web%20Automation/src/test/resources/features/ManageVaccinationBookings.feature
17:46:46.801 [main] DEBUG net.thucydides.core.steps.StepEventBus - Test suite started for story net.thucydides.core.model.Story@cce5c3f8
17:46:46.801 [main] INFO  - Test Suite Started: Manage vaccination bookings

Scenario: Approve a vaccination booking &amp#27;[90m# src/test/resources/features/ManageVaccinationBookings.feature:6&amp#27;[0m
17:46:46.925 [main] INFO io.cucumber.core.plugin.SerenityReporter - Running feature from file:///C:/Users/ASUSTUF/OneDrive/Documents/Capstone%20Project/Web%20Automation/src/test/resources/features/ManageVaccinationBookings.feature
17:46:47.087 [main] INFO  - 
  _____   ___   ___   _____     ___   _____     _     ___   _____   ___   ___  
 |_   _| | __| / __| |_   _|   / __| |_   _|   /_\   | _ \ |_   _| | __| |   \ 
   | |   | _|  \__ \   | |     \__ \   | |    / _ \  |   /   | |   | _|  | |) |
   |_|   |___| |___/   |_|     |___/   |_|   /_/ \_\ |_|_\   |_|   |___| |___/ 

Approve a vaccination booking(manage-vaccination-bookings;approve-a-vaccination-booking)
--------------------------------------------------------------------------------
17:46:48.117 [main] INFO net.serenitybdd.core.webdriver.driverproviders.ChromeDriverProvider - Using automatically driver download
17:46:49.196 [main] DEBUG io.github.bonigarcia.wdm.cache.ResolutionCache - Resolution chrome=108 in cache (valid until 18:33:56 19/12/2022 ICT)
17:46:49.206 [main] DEBUG io.github.bonigarcia.wdm.cache.ResolutionCache - Resolution chrome108=108.0.5359.71 in cache (valid until 12:44:30 20/12/2022 ICT)
17:46:49.210 [main] INFO io.github.bonigarcia.wdm.WebDriverManager - Using chromedriver 108.0.5359.71 (resolved driver for Chrome 108)
17:46:49.240 [main] DEBUG io.github.bonigarcia.wdm.WebDriverManager - Driver chromedriver 108.0.5359.71 found in cache
17:46:49.241 [main] INFO io.github.bonigarcia.wdm.WebDriverManager - Exporting webdriver.chrome.driver as C:\Users\ASUSTUF\.cache\selenium\chromedriver\win32\108.0.5359.71\chromedriver.exe
17:46:50.036 [main] DEBUG net.thucydides.core.reflection.ClassFinder - Could not load class .CucumberTestSuite
17:46:50.036 [main] DEBUG net.thucydides.core.reflection.ClassFinder - Could not load class .starter.pages.ManageVaccinationBookingsPage
17:46:50.036 [main] DEBUG net.thucydides.core.reflection.ClassFinder - Could not load class .starter.pages.VaccineNamesPage
17:46:50.036 [main] DEBUG net.thucydides.core.reflection.ClassFinder - Could not load class .starter.stepdefinitions.ManageVaccinationBookingsSteps
17:46:50.036 [main] DEBUG net.thucydides.core.reflection.ClassFinder - Could not load class .starter.stepdefinitions.VaccineNamesSteps
17:46:50.036 [main] DEBUG net.thucydides.core.reflection.ClassFinder - Could not load class META-INF.versions.9.com.sun.istack.logging.StackHelper
17:46:50.037 [main] DEBUG net.thucydides.core.reflection.ClassFinder - Could not load class META-INF.versions.9.com.sun.xml.bind.v2.runtime.reflect.opt.AccessorInjector
17:46:50.038 [main] DEBUG net.thucydides.core.reflection.ClassFinder - Could not load class META-INF.versions.9.com.sun.xml.bind.v2.runtime.reflect.opt.Injector
17:46:50.039 [main] DEBUG net.thucydides.core.reflection.ClassFinder - Could not load class META-INF.versions.9.com.sun.xml.bind.v2.runtime.reflect.opt.OptimizedAccessorFactory
17:46:50.040 [main] DEBUG net.thucydides.core.reflection.ClassFinder - Could not load class META-INF.versions.9.com.sun.xml.bind.v2.runtime.reflect.opt.OptimizedTransducedAccessorFactory
17:46:50.041 [main] DEBUG net.thucydides.core.reflection.ClassFinder - Could not load class META-INF.versions.9.io.opentelemetry.sdk.internal.CurrentJavaVersionSpecific
17:46:50.041 [main] DEBUG net.thucydides.core.reflection.ClassFinder - Could not load class META-INF.versions.9.io.opentelemetry.sdk.internal.Java9VersionSpecific
17:46:50.042 [main] DEBUG net.thucydides.core.reflection.ClassFinder - Could not load class META-INF.versions.9.javax.xml.bind.ModuleUtil
17:46:50.042 [main] DEBUG net.thucydides.core.reflection.ClassFinder - Could not load class META-INF.versions.9.module-info
17:46:50.043 [main] DEBUG net.thucydides.core.reflection.ClassFinder - Could not load class META-INF.versions.9.org.junit.platform.commons.util.ModuleUtils
17:46:50.465 [main] DEBUG net.thucydides.core.reflection.ClassFinder - Could not load class com.google.gson.internal.
17:46:50.696 [main] DEBUG net.thucydides.core.reflection.ClassFinder - Could not load class com.sun.xml.bind.v2.runtime.output.FastInfosetStreamWriterOutput
17:46:51.241 [main] DEBUG net.thucydides.core.reflection.ClassFinder - Could not load class module-info
17:46:54.617 [main] DEBUG io.netty.util.internal.logging.InternalLoggerFactory - Using SLF4J as the default logging framework
17:46:54.625 [main] DEBUG io.netty.util.ResourceLeakDetector - -Dio.netty.leakDetection.level: simple
17:46:54.625 [main] DEBUG io.netty.util.ResourceLeakDetector - -Dio.netty.leakDetection.targetRecords: 4
17:46:54.630 [main] DEBUG io.netty.util.ResourceLeakDetectorFactory - Loaded default ResourceLeakDetector: io.netty.util.ResourceLeakDetector@41a56594
17:46:54.676 [main] DEBUG io.netty.util.internal.PlatformDependent0 - -Dio.netty.noUnsafe: false
17:46:54.676 [main] DEBUG io.netty.util.internal.PlatformDependent0 - Java version: 11
17:46:54.677 [main] DEBUG io.netty.util.internal.PlatformDependent0 - sun.misc.Unsafe.theUnsafe: available
17:46:54.678 [main] DEBUG io.netty.util.internal.PlatformDependent0 - sun.misc.Unsafe.copyMemory: available
17:46:54.679 [main] DEBUG io.netty.util.internal.PlatformDependent0 - java.nio.Buffer.address: available
17:46:54.680 [main] DEBUG io.netty.util.internal.PlatformDependent0 - direct buffer constructor: unavailable: Reflective setAccessible(true) disabled
17:46:54.680 [main] DEBUG io.netty.util.internal.PlatformDependent0 - java.nio.Bits.unaligned: available, true
17:46:54.681 [main] DEBUG io.netty.util.internal.PlatformDependent0 - jdk.internal.misc.Unsafe.allocateUninitializedArray(int): unavailable: class io.netty.util.internal.PlatformDependent0$6 cannot access class jdk.internal.misc.Unsafe (in module java.base) because module java.base does not export jdk.internal.misc to unnamed module @b93aad
17:46:54.684 [main] DEBUG io.netty.util.internal.PlatformDependent0 - java.nio.DirectByteBuffer.<init>(long, int): unavailable
17:46:54.685 [main] DEBUG io.netty.util.internal.PlatformDependent - sun.misc.Unsafe: available
17:46:54.690 [main] DEBUG io.netty.util.internal.PlatformDependent - maxDirectMemory: 2105540608 bytes (maybe)
17:46:54.691 [main] DEBUG io.netty.util.internal.PlatformDependent - -Dio.netty.tmpdir: C:\Users\ASUSTUF\AppData\Local\Temp (java.io.tmpdir)
17:46:54.691 [main] DEBUG io.netty.util.internal.PlatformDependent - -Dio.netty.bitMode: 64 (sun.arch.data.model)
17:46:54.691 [main] DEBUG io.netty.util.internal.PlatformDependent - Platform: Windows
17:46:54.692 [main] DEBUG io.netty.util.internal.PlatformDependent - -Dio.netty.maxDirectMemory: -1 bytes
17:46:54.693 [main] DEBUG io.netty.util.internal.PlatformDependent - -Dio.netty.uninitializedArrayAllocationThreshold: -1
17:46:54.694 [main] DEBUG io.netty.util.internal.CleanerJava9 - java.nio.ByteBuffer.cleaner(): available
17:46:54.694 [main] DEBUG io.netty.util.internal.PlatformDependent - -Dio.netty.noPreferDirect: false
17:46:54.708 [main] DEBUG io.netty.util.internal.PlatformDependent - org.jctools-core.MpscChunkedArrayQueue: available
17:46:54.741 [main] DEBUG io.netty.util.internal.InternalThreadLocalMap - -Dio.netty.threadLocalMap.stringBuilder.initialSize: 1024
17:46:54.741 [main] DEBUG io.netty.util.internal.InternalThreadLocalMap - -Dio.netty.threadLocalMap.stringBuilder.maxSize: 4096
17:46:54.823 [main] DEBUG io.netty.handler.ssl.JdkSslContext - Default protocols (JDK): [TLSv1.3, TLSv1.2] 
17:46:54.823 [main] DEBUG io.netty.handler.ssl.JdkSslContext - Default cipher suites (JDK): [TLS_ECDHE_ECDSA_WITH_AES_256_GCM_SHA384, TLS_ECDHE_ECDSA_WITH_AES_128_GCM_SHA256, TLS_ECDHE_RSA_WITH_AES_128_GCM_SHA256, TLS_ECDHE_RSA_WITH_AES_256_GCM_SHA384, TLS_ECDHE_RSA_WITH_AES_128_CBC_SHA, TLS_ECDHE_RSA_WITH_AES_256_CBC_SHA, TLS_RSA_WITH_AES_128_GCM_SHA256, TLS_RSA_WITH_AES_128_CBC_SHA, TLS_RSA_WITH_AES_256_CBC_SHA, TLS_AES_128_GCM_SHA256, TLS_AES_256_GCM_SHA384]
17:46:54.878 [main] DEBUG io.netty.channel.MultithreadEventLoopGroup - -Dio.netty.eventLoopThreads: 32
17:46:54.895 [main] DEBUG io.netty.channel.nio.NioEventLoop - -Dio.netty.noKeySetOptimization: false
17:46:54.895 [main] DEBUG io.netty.channel.nio.NioEventLoop - -Dio.netty.selectorAutoRebuildThreshold: 512
17:46:54.967 [main] DEBUG io.netty.buffer.PooledByteBufAllocator - -Dio.netty.allocator.numHeapArenas: 20
17:46:54.967 [main] DEBUG io.netty.buffer.PooledByteBufAllocator - -Dio.netty.allocator.numDirectArenas: 20
17:46:54.968 [main] DEBUG io.netty.buffer.PooledByteBufAllocator - -Dio.netty.allocator.pageSize: 8192
17:46:54.968 [main] DEBUG io.netty.buffer.PooledByteBufAllocator - -Dio.netty.allocator.maxOrder: 11
17:46:54.968 [main] DEBUG io.netty.buffer.PooledByteBufAllocator - -Dio.netty.allocator.chunkSize: 16777216
17:46:54.968 [main] DEBUG io.netty.buffer.PooledByteBufAllocator - -Dio.netty.allocator.smallCacheSize: 256
17:46:54.968 [main] DEBUG io.netty.buffer.PooledByteBufAllocator - -Dio.netty.allocator.normalCacheSize: 64
17:46:54.968 [main] DEBUG io.netty.buffer.PooledByteBufAllocator - -Dio.netty.allocator.maxCachedBufferCapacity: 32768
17:46:54.968 [main] DEBUG io.netty.buffer.PooledByteBufAllocator - -Dio.netty.allocator.cacheTrimInterval: 8192
17:46:54.968 [main] DEBUG io.netty.buffer.PooledByteBufAllocator - -Dio.netty.allocator.cacheTrimIntervalMillis: 0
17:46:54.968 [main] DEBUG io.netty.buffer.PooledByteBufAllocator - -Dio.netty.allocator.useCacheForAllThreads: true
17:46:54.968 [main] DEBUG io.netty.buffer.PooledByteBufAllocator - -Dio.netty.allocator.maxCachedByteBuffersPerChunk: 1023
17:46:54.984 [main] DEBUG io.netty.buffer.ByteBufUtil - -Dio.netty.allocator.type: pooled
17:46:54.984 [main] DEBUG io.netty.buffer.ByteBufUtil - -Dio.netty.threadLocalDirectBufferSize: 0
17:46:54.984 [main] DEBUG io.netty.buffer.ByteBufUtil - -Dio.netty.maxThreadLocalCharBufferSize: 16384
17:46:55.248 [main] DEBUG net.serenitybdd.core.webdriver.driverproviders.ProvideNewDriver - Instantiating driver
17:46:55.249 [main] DEBUG net.serenitybdd.core.webdriver.driverproviders.ProvideNewDriver - Driver capabilities: Capabilities {acceptInsecureCerts: false, base.url: https://vaksin-id.netlify.app/, browserName: chrome, chrome.driver: src/test/resources/webdrive..., driver: chrome, goog:chromeOptions: {args: [], extensions: []}}
17:46:55.932 [Forwarding newSession on session null to remote] DEBUG io.netty.channel.DefaultChannelId - -Dio.netty.processId: 15120 (auto-detected)
17:46:55.934 [Forwarding newSession on session null to remote] DEBUG io.netty.util.NetUtil - -Djava.net.preferIPv4Stack: false
17:46:55.934 [Forwarding newSession on session null to remote] DEBUG io.netty.util.NetUtil - -Djava.net.preferIPv6Addresses: false
17:46:56.167 [Forwarding newSession on session null to remote] DEBUG io.netty.util.NetUtilInitializations - Loopback interface: lo (Software Loopback Interface 1, 127.0.0.1)
17:46:56.168 [Forwarding newSession on session null to remote] DEBUG io.netty.util.NetUtil - Failed to get SOMAXCONN from sysctl and file \proc\sys\net\core\somaxconn. Default: 200
17:46:56.412 [Forwarding newSession on session null to remote] DEBUG io.netty.channel.DefaultChannelId - -Dio.netty.machineId: 78:2b:46:ff:fe:49:0d:9f (auto-detected)
17:46:56.492 [AsyncHttpClient-1-2] DEBUG io.netty.buffer.AbstractByteBuf - -Dio.netty.buffer.checkAccessible: true
17:46:56.493 [AsyncHttpClient-1-2] DEBUG io.netty.buffer.AbstractByteBuf - -Dio.netty.buffer.checkBounds: true
17:46:56.493 [AsyncHttpClient-1-2] DEBUG io.netty.util.ResourceLeakDetectorFactory - Loaded default ResourceLeakDetector: io.netty.util.ResourceLeakDetector@6e226168
17:46:56.511 [AsyncHttpClient-1-2] DEBUG org.asynchttpclient.netty.channel.NettyConnectListener - Using new Channel '[id: 0xb35e6d0d, L:/127.0.0.1:57648 - R:localhost/127.0.0.1:54439]' for 'POST' to '/session'
17:46:56.540 [AsyncHttpClient-1-2] DEBUG io.netty.util.Recycler - -Dio.netty.recycler.maxCapacityPerThread: 4096
17:46:56.540 [AsyncHttpClient-1-2] DEBUG io.netty.util.Recycler - -Dio.netty.recycler.ratio: 8
17:46:56.540 [AsyncHttpClient-1-2] DEBUG io.netty.util.Recycler - -Dio.netty.recycler.chunkSize: 32
17:46:56.540 [AsyncHttpClient-1-2] DEBUG io.netty.util.Recycler - -Dio.netty.recycler.blocking: false
17:46:58.408 [AsyncHttpClient-1-2] DEBUG io.netty.handler.codec.compression.Brotli - brotli4j not in the classpath; Brotli support will be unavailable.
17:46:58.408 [AsyncHttpClient-1-2] DEBUG org.asynchttpclient.netty.handler.HttpHandler - 

Request DefaultHttpRequest(decodeResult: success, version: HTTP/1.1)
POST /session HTTP/1.1
User-Agent: selenium/4.1.2 (java windows)
Content-Length: 616
Content-Type: application/json; charset=utf-8
host: localhost:54439
accept: */*

Response DefaultHttpResponse(decodeResult: success, version: HTTP/1.1)
HTTP/1.1 200 OK
Content-Type: application/json; charset=utf-8
cache-control: no-cache
content-length: 793

17:46:58.422 [AsyncHttpClient-1-2] DEBUG org.asynchttpclient.netty.channel.ChannelManager - Adding key: http://localhost:54439 for channel [id: 0xb35e6d0d, L:/127.0.0.1:57648 - R:localhost/127.0.0.1:54439]
17:46:58.574 [AsyncHttpClient-1-3] DEBUG org.asynchttpclient.netty.channel.NettyConnectListener - Using new Channel '[id: 0xd31e4b08, L:/127.0.0.1:57656 - R:localhost/127.0.0.1:57649]' for 'GET' to '/json/version'
17:46:58.589 [AsyncHttpClient-1-3] DEBUG org.asynchttpclient.netty.handler.HttpHandler - 

Request DefaultFullHttpRequest(decodeResult: success, version: HTTP/1.1, content: EmptyByteBufBE)
GET /json/version HTTP/1.1
User-Agent: selenium/4.1.2 (java windows)
host: localhost:57649
accept: */*

Response DefaultHttpResponse(decodeResult: success, version: HTTP/1.1)
HTTP/1.1 200 OK
Content-Type: application/json; charset=UTF-8
content-length: 424

17:46:58.590 [AsyncHttpClient-1-3] DEBUG org.asynchttpclient.netty.channel.ChannelManager - Adding key: http://localhost:57649 for channel [id: 0xd31e4b08, L:/127.0.0.1:57656 - R:localhost/127.0.0.1:57649]
17:46:58.606 [main] DEBUG io.netty.util.internal.ThreadLocalRandom - -Dio.netty.initialSeedUniquifier: 0x43101ab089cd55d0
17:46:58.616 [AsyncHttpClient-1-4] DEBUG org.asynchttpclient.netty.channel.NettyConnectListener - Using new Channel '[id: 0xc089f247, L:/127.0.0.1:57657 - R:localhost/127.0.0.1:57649]' for 'GET' to '/devtools/browser/1177a8e1-16f9-416d-a69b-edf8700adf07'
17:46:58.628 [AsyncHttpClient-1-4] DEBUG org.asynchttpclient.netty.handler.WebSocketHandler - 

Request DefaultFullHttpRequest(decodeResult: success, version: HTTP/1.1, content: EmptyByteBufBE)
GET /devtools/browser/1177a8e1-16f9-416d-a69b-edf8700adf07 HTTP/1.1
upgrade: websocket
connection: upgrade
sec-websocket-key: 6onhUr9+WpGSrXXvvTRArg==
sec-websocket-version: 13
origin: http://localhost:57649
host: localhost:57649
accept: */*
user-agent: AHC/2.1

Response DefaultHttpResponse(decodeResult: success, version: HTTP/1.1)
HTTP/1.1 101 WebSocket Protocol Handshake
Upgrade: WebSocket
Connection: Upgrade
Sec-WebSocket-Accept: ZV4ZsANLO3jgnGLgvxrQB0v3c9c=

17:46:59.217 [AsyncHttpClient-1-1] DEBUG org.asynchttpclient.netty.channel.DefaultChannelPool - Entry count for : http://localhost:54439 : 1
17:46:59.217 [AsyncHttpClient-1-1] DEBUG org.asynchttpclient.netty.channel.DefaultChannelPool - Entry count for : http://localhost:57649 : 1
17:46:59.889 [main] DEBUG net.thucydides.core.reflection.ClassFinder - Could not load class .CucumberTestSuite
17:46:59.890 [main] DEBUG net.thucydides.core.reflection.ClassFinder - Could not load class .starter.pages.ManageVaccinationBookingsPage
17:46:59.890 [main] DEBUG net.thucydides.core.reflection.ClassFinder - Could not load class .starter.pages.VaccineNamesPage
17:46:59.890 [main] DEBUG net.thucydides.core.reflection.ClassFinder - Could not load class .starter.stepdefinitions.ManageVaccinationBookingsSteps
17:46:59.890 [main] DEBUG net.thucydides.core.reflection.ClassFinder - Could not load class .starter.stepdefinitions.VaccineNamesSteps
17:46:59.891 [main] DEBUG net.thucydides.core.reflection.ClassFinder - Could not load class META-INF.versions.9.com.sun.istack.logging.StackHelper
17:46:59.892 [main] DEBUG net.thucydides.core.reflection.ClassFinder - Could not load class META-INF.versions.9.com.sun.xml.bind.v2.runtime.reflect.opt.AccessorInjector
17:46:59.893 [main] DEBUG net.thucydides.core.reflection.ClassFinder - Could not load class META-INF.versions.9.com.sun.xml.bind.v2.runtime.reflect.opt.Injector
17:46:59.894 [main] DEBUG net.thucydides.core.reflection.ClassFinder - Could not load class META-INF.versions.9.com.sun.xml.bind.v2.runtime.reflect.opt.OptimizedAccessorFactory
17:46:59.894 [main] DEBUG net.thucydides.core.reflection.ClassFinder - Could not load class META-INF.versions.9.com.sun.xml.bind.v2.runtime.reflect.opt.OptimizedTransducedAccessorFactory
17:46:59.895 [main] DEBUG net.thucydides.core.reflection.ClassFinder - Could not load class META-INF.versions.9.io.opentelemetry.sdk.internal.CurrentJavaVersionSpecific
17:46:59.895 [main] DEBUG net.thucydides.core.reflection.ClassFinder - Could not load class META-INF.versions.9.io.opentelemetry.sdk.internal.Java9VersionSpecific
17:46:59.896 [main] DEBUG net.thucydides.core.reflection.ClassFinder - Could not load class META-INF.versions.9.javax.xml.bind.ModuleUtil
17:46:59.897 [main] DEBUG net.thucydides.core.reflection.ClassFinder - Could not load class META-INF.versions.9.module-info
17:46:59.898 [main] DEBUG net.thucydides.core.reflection.ClassFinder - Could not load class META-INF.versions.9.org.junit.platform.commons.util.ModuleUtils
17:46:59.901 [main] DEBUG net.thucydides.core.reflection.ClassFinder - Could not load class com.google.gson.internal.
17:46:59.904 [main] DEBUG net.thucydides.core.reflection.ClassFinder - Could not load class com.sun.xml.bind.v2.runtime.output.FastInfosetStreamWriterOutput
17:46:59.910 [main] DEBUG net.thucydides.core.reflection.ClassFinder - Could not load class module-info
17:46:59.963 [Forwarding get on session 130adab82552622f512d4c81be97235f to remote] DEBUG org.asynchttpclient.netty.request.NettyRequestSender - Using pooled Channel '[id: 0xb35e6d0d, L:/127.0.0.1:57648 - R:localhost/127.0.0.1:54439]' for 'POST' to 'http://localhost:54439/session/130adab82552622f512d4c81be97235f/url'
17:46:59.963 [Forwarding get on session 130adab82552622f512d4c81be97235f to remote] DEBUG org.asynchttpclient.netty.request.NettyRequestSender - Using open Channel [id: 0xb35e6d0d, L:/127.0.0.1:57648 - R:localhost/127.0.0.1:54439] for POST '/session/130adab82552622f512d4c81be97235f/url'
17:47:00.315 [AsyncHttpClient-1-1] DEBUG org.asynchttpclient.netty.channel.DefaultChannelPool - Entry count for : http://localhost:57649 : 1
17:47:01.012 [AsyncHttpClient-1-2] DEBUG org.asynchttpclient.netty.handler.HttpHandler - 

Request DefaultHttpRequest(decodeResult: success, version: HTTP/1.1)
POST /session/130adab82552622f512d4c81be97235f/url HTTP/1.1
User-Agent: selenium/4.1.2 (java windows)
Content-Length: 60
Content-Type: application/json; charset=utf-8
host: localhost:54439
accept: */*

Response DefaultHttpResponse(decodeResult: success, version: HTTP/1.1)
HTTP/1.1 200 OK
Content-Type: application/json; charset=utf-8
cache-control: no-cache
content-length: 14

17:47:01.013 [AsyncHttpClient-1-2] DEBUG org.asynchttpclient.netty.channel.ChannelManager - Adding key: http://localhost:54439 for channel [id: 0xb35e6d0d, L:/127.0.0.1:57648 - R:localhost/127.0.0.1:54439]
17:47:01.033 [Forwarding setTimeout on session 130adab82552622f512d4c81be97235f to remote] DEBUG org.asynchttpclient.netty.request.NettyRequestSender - Using pooled Channel '[id: 0xb35e6d0d, L:/127.0.0.1:57648 - R:localhost/127.0.0.1:54439]' for 'POST' to 'http://localhost:54439/session/130adab82552622f512d4c81be97235f/timeouts'
17:47:01.033 [Forwarding setTimeout on session 130adab82552622f512d4c81be97235f to remote] DEBUG org.asynchttpclient.netty.request.NettyRequestSender - Using open Channel [id: 0xb35e6d0d, L:/127.0.0.1:57648 - R:localhost/127.0.0.1:54439] for POST '/session/130adab82552622f512d4c81be97235f/timeouts'
17:47:01.037 [AsyncHttpClient-1-2] DEBUG org.asynchttpclient.netty.handler.HttpHandler - 

Request DefaultHttpRequest(decodeResult: success, version: HTTP/1.1)
POST /session/130adab82552622f512d4c81be97235f/timeouts HTTP/1.1
User-Agent: selenium/4.1.2 (java windows)
Content-Length: 22
Content-Type: application/json; charset=utf-8
host: localhost:54439
accept: */*

Response DefaultHttpResponse(decodeResult: success, version: HTTP/1.1)
HTTP/1.1 200 OK
Content-Type: application/json; charset=utf-8
cache-control: no-cache
content-length: 14

17:47:01.038 [AsyncHttpClient-1-2] DEBUG org.asynchttpclient.netty.channel.ChannelManager - Adding key: http://localhost:54439 for channel [id: 0xb35e6d0d, L:/127.0.0.1:57648 - R:localhost/127.0.0.1:54439]
17:47:01.053 [Forwarding getCurrentUrl on session 130adab82552622f512d4c81be97235f to remote] DEBUG org.asynchttpclient.netty.request.NettyRequestSender - Using pooled Channel '[id: 0xb35e6d0d, L:/127.0.0.1:57648 - R:localhost/127.0.0.1:54439]' for 'GET' to 'http://localhost:54439/session/130adab82552622f512d4c81be97235f/url'
17:47:01.056 [Forwarding getCurrentUrl on session 130adab82552622f512d4c81be97235f to remote] DEBUG org.asynchttpclient.netty.request.NettyRequestSender - Using open Channel [id: 0xb35e6d0d, L:/127.0.0.1:57648 - R:localhost/127.0.0.1:54439] for GET '/session/130adab82552622f512d4c81be97235f/url'
17:47:01.079 [AsyncHttpClient-1-2] DEBUG org.asynchttpclient.netty.handler.HttpHandler - 

Request DefaultFullHttpRequest(decodeResult: success, version: HTTP/1.1, content: EmptyByteBufBE)
GET /session/130adab82552622f512d4c81be97235f/url HTTP/1.1
User-Agent: selenium/4.1.2 (java windows)
Cache-Control: no-cache
Content-Type: application/json; charset=utf-8
host: localhost:54439
accept: */*

Response DefaultHttpResponse(decodeResult: success, version: HTTP/1.1)
HTTP/1.1 200 OK
Content-Type: application/json; charset=utf-8
cache-control: no-cache
content-length: 42

17:47:01.080 [AsyncHttpClient-1-2] DEBUG org.asynchttpclient.netty.channel.ChannelManager - Adding key: http://localhost:54439 for channel [id: 0xb35e6d0d, L:/127.0.0.1:57648 - R:localhost/127.0.0.1:54439]
  &amp#27;[32mGiven &amp#27;[0m&amp#27;[32mI am on landing page&amp#27;[0m            &amp#27;[90m# starter.stepdefinitions.ManageVaccinationBookingsSteps.iAmOnLandingPage()&amp#27;[0m
17:47:01.140 [main] DEBUG net.serenitybdd.core.photography.Darkroom - Opening darkroom
17:47:01.141 [Darkroom Processing Line] DEBUG net.serenitybdd.core.photography.DarkroomProcessingLine - Darkroom processing line starting up
17:47:01.143 [Forwarding screenshot on session 130adab82552622f512d4c81be97235f to remote] DEBUG org.asynchttpclient.netty.request.NettyRequestSender - Using pooled Channel '[id: 0xb35e6d0d, L:/127.0.0.1:57648 - R:localhost/127.0.0.1:54439]' for 'GET' to 'http://localhost:54439/session/130adab82552622f512d4c81be97235f/screenshot'
17:47:01.143 [Forwarding screenshot on session 130adab82552622f512d4c81be97235f to remote] DEBUG org.asynchttpclient.netty.request.NettyRequestSender - Using open Channel [id: 0xb35e6d0d, L:/127.0.0.1:57648 - R:localhost/127.0.0.1:54439] for GET '/session/130adab82552622f512d4c81be97235f/screenshot'
17:47:01.420 [AsyncHttpClient-1-1] DEBUG org.asynchttpclient.netty.channel.DefaultChannelPool - Entry count for : http://localhost:57649 : 1
17:47:02.514 [AsyncHttpClient-1-1] DEBUG org.asynchttpclient.netty.channel.DefaultChannelPool - Entry count for : http://localhost:57649 : 1
17:47:02.529 [AsyncHttpClient-1-2] DEBUG org.asynchttpclient.netty.handler.HttpHandler - 

Request DefaultFullHttpRequest(decodeResult: success, version: HTTP/1.1, content: EmptyByteBufBE)
GET /session/130adab82552622f512d4c81be97235f/screenshot HTTP/1.1
User-Agent: selenium/4.1.2 (java windows)
Cache-Control: no-cache
Content-Type: application/json; charset=utf-8
host: localhost:54439
accept: */*

Response DefaultHttpResponse(decodeResult: success, version: HTTP/1.1)
HTTP/1.1 200 OK
Content-Type: application/json; charset=utf-8
cache-control: no-cache
content-length: 847132

17:47:02.563 [AsyncHttpClient-1-2] DEBUG org.asynchttpclient.netty.channel.ChannelManager - Adding key: http://localhost:54439 for channel [id: 0xb35e6d0d, L:/127.0.0.1:57648 - R:localhost/127.0.0.1:54439]
17:47:02.770 [main] DEBUG net.serenitybdd.core.photography.Darkroom - Send negative for processing for target\site\serenity\ff3b83dd42f508d91c0c8488aed412149de34b436c7528a8caa8428592644731.png
17:47:02.772 [Darkroom Processing Line] DEBUG net.serenitybdd.core.photography.DarkroomProcessingLine - Processing screenshot image in /var/screenshots/screenshot-4449275905207561629
17:47:02.772 [Darkroom Processing Line] DEBUG net.serenitybdd.core.photography.DarkroomProcessingLine - Saving screenshot to target\site\serenity\ff3b83dd42f508d91c0c8488aed412149de34b436c7528a8caa8428592644731.png
17:47:02.802 [Forwarding findElement on session 130adab82552622f512d4c81be97235f to remote] DEBUG org.asynchttpclient.netty.request.NettyRequestSender - Using pooled Channel '[id: 0xb35e6d0d, L:/127.0.0.1:57648 - R:localhost/127.0.0.1:54439]' for 'POST' to 'http://localhost:54439/session/130adab82552622f512d4c81be97235f/element'
17:47:02.802 [Forwarding findElement on session 130adab82552622f512d4c81be97235f to remote] DEBUG org.asynchttpclient.netty.request.NettyRequestSender - Using open Channel [id: 0xb35e6d0d, L:/127.0.0.1:57648 - R:localhost/127.0.0.1:54439] for POST '/session/130adab82552622f512d4c81be97235f/element'
17:47:02.829 [AsyncHttpClient-1-2] DEBUG org.asynchttpclient.netty.handler.HttpHandler - 

Request DefaultHttpRequest(decodeResult: success, version: HTTP/1.1)
POST /session/130adab82552622f512d4c81be97235f/element HTTP/1.1
User-Agent: selenium/4.1.2 (java windows)
Content-Length: 315
Content-Type: application/json; charset=utf-8
host: localhost:54439
accept: */*

Response DefaultHttpResponse(decodeResult: success, version: HTTP/1.1)
HTTP/1.1 200 OK
Content-Type: application/json; charset=utf-8
cache-control: no-cache
content-length: 88

17:47:02.830 [AsyncHttpClient-1-2] DEBUG org.asynchttpclient.netty.channel.ChannelManager - Adding key: http://localhost:54439 for channel [id: 0xb35e6d0d, L:/127.0.0.1:57648 - R:localhost/127.0.0.1:54439]
17:47:02.834 [Forwarding getElementTagName on session 130adab82552622f512d4c81be97235f to remote] DEBUG org.asynchttpclient.netty.request.NettyRequestSender - Using pooled Channel '[id: 0xb35e6d0d, L:/127.0.0.1:57648 - R:localhost/127.0.0.1:54439]' for 'GET' to 'http://localhost:54439/session/130adab82552622f512d4c81be97235f/element/74a8c3d0-2aaf-4598-a15d-d4d0eca05ba4/name'
17:47:02.834 [Forwarding getElementTagName on session 130adab82552622f512d4c81be97235f to remote] DEBUG org.asynchttpclient.netty.request.NettyRequestSender - Using open Channel [id: 0xb35e6d0d, L:/127.0.0.1:57648 - R:localhost/127.0.0.1:54439] for GET '/session/130adab82552622f512d4c81be97235f/element/74a8c3d0-2aaf-4598-a15d-d4d0eca05ba4/name'
17:47:02.842 [AsyncHttpClient-1-2] DEBUG org.asynchttpclient.netty.handler.HttpHandler - 

Request DefaultFullHttpRequest(decodeResult: success, version: HTTP/1.1, content: EmptyByteBufBE)
GET /session/130adab82552622f512d4c81be97235f/element/74a8c3d0-2aaf-4598-a15d-d4d0eca05ba4/name HTTP/1.1
User-Agent: selenium/4.1.2 (java windows)
Cache-Control: no-cache
Content-Type: application/json; charset=utf-8
host: localhost:54439
accept: */*

Response DefaultHttpResponse(decodeResult: success, version: HTTP/1.1)
HTTP/1.1 200 OK
Content-Type: application/json; charset=utf-8
cache-control: no-cache
content-length: 18

17:47:02.843 [AsyncHttpClient-1-2] DEBUG org.asynchttpclient.netty.channel.ChannelManager - Adding key: http://localhost:54439 for channel [id: 0xb35e6d0d, L:/127.0.0.1:57648 - R:localhost/127.0.0.1:54439]
17:47:02.845 [Forwarding getElementTagName on session 130adab82552622f512d4c81be97235f to remote] DEBUG org.asynchttpclient.netty.request.NettyRequestSender - Using pooled Channel '[id: 0xb35e6d0d, L:/127.0.0.1:57648 - R:localhost/127.0.0.1:54439]' for 'GET' to 'http://localhost:54439/session/130adab82552622f512d4c81be97235f/element/74a8c3d0-2aaf-4598-a15d-d4d0eca05ba4/name'
17:47:02.845 [Forwarding getElementTagName on session 130adab82552622f512d4c81be97235f to remote] DEBUG org.asynchttpclient.netty.request.NettyRequestSender - Using open Channel [id: 0xb35e6d0d, L:/127.0.0.1:57648 - R:localhost/127.0.0.1:54439] for GET '/session/130adab82552622f512d4c81be97235f/element/74a8c3d0-2aaf-4598-a15d-d4d0eca05ba4/name'
17:47:02.850 [AsyncHttpClient-1-2] DEBUG org.asynchttpclient.netty.handler.HttpHandler - 

Request DefaultFullHttpRequest(decodeResult: success, version: HTTP/1.1, content: EmptyByteBufBE)
GET /session/130adab82552622f512d4c81be97235f/element/74a8c3d0-2aaf-4598-a15d-d4d0eca05ba4/name HTTP/1.1
User-Agent: selenium/4.1.2 (java windows)
Cache-Control: no-cache
Content-Type: application/json; charset=utf-8
host: localhost:54439
accept: */*

Response DefaultHttpResponse(decodeResult: success, version: HTTP/1.1)
HTTP/1.1 200 OK
Content-Type: application/json; charset=utf-8
cache-control: no-cache
content-length: 18

17:47:02.850 [AsyncHttpClient-1-2] DEBUG org.asynchttpclient.netty.channel.ChannelManager - Adding key: http://localhost:54439 for channel [id: 0xb35e6d0d, L:/127.0.0.1:57648 - R:localhost/127.0.0.1:54439]
17:47:02.860 [Forwarding isElementEnabled on session 130adab82552622f512d4c81be97235f to remote] DEBUG org.asynchttpclient.netty.request.NettyRequestSender - Using pooled Channel '[id: 0xb35e6d0d, L:/127.0.0.1:57648 - R:localhost/127.0.0.1:54439]' for 'GET' to 'http://localhost:54439/session/130adab82552622f512d4c81be97235f/element/74a8c3d0-2aaf-4598-a15d-d4d0eca05ba4/enabled'
17:47:02.860 [Forwarding isElementEnabled on session 130adab82552622f512d4c81be97235f to remote] DEBUG org.asynchttpclient.netty.request.NettyRequestSender - Using open Channel [id: 0xb35e6d0d, L:/127.0.0.1:57648 - R:localhost/127.0.0.1:54439] for GET '/session/130adab82552622f512d4c81be97235f/element/74a8c3d0-2aaf-4598-a15d-d4d0eca05ba4/enabled'
17:47:02.879 [AsyncHttpClient-1-2] DEBUG org.asynchttpclient.netty.handler.HttpHandler - 

Request DefaultFullHttpRequest(decodeResult: success, version: HTTP/1.1, content: EmptyByteBufBE)
GET /session/130adab82552622f512d4c81be97235f/element/74a8c3d0-2aaf-4598-a15d-d4d0eca05ba4/enabled HTTP/1.1
User-Agent: selenium/4.1.2 (java windows)
Cache-Control: no-cache
Content-Type: application/json; charset=utf-8
host: localhost:54439
accept: */*

Response DefaultHttpResponse(decodeResult: success, version: HTTP/1.1)
HTTP/1.1 200 OK
Content-Type: application/json; charset=utf-8
cache-control: no-cache
content-length: 14

17:47:02.880 [AsyncHttpClient-1-2] DEBUG org.asynchttpclient.netty.channel.ChannelManager - Adding key: http://localhost:54439 for channel [id: 0xb35e6d0d, L:/127.0.0.1:57648 - R:localhost/127.0.0.1:54439]
17:47:02.884 [Forwarding isElementEnabled on session 130adab82552622f512d4c81be97235f to remote] DEBUG org.asynchttpclient.netty.request.NettyRequestSender - Using pooled Channel '[id: 0xb35e6d0d, L:/127.0.0.1:57648 - R:localhost/127.0.0.1:54439]' for 'GET' to 'http://localhost:54439/session/130adab82552622f512d4c81be97235f/element/74a8c3d0-2aaf-4598-a15d-d4d0eca05ba4/enabled'
17:47:02.884 [Forwarding isElementEnabled on session 130adab82552622f512d4c81be97235f to remote] DEBUG org.asynchttpclient.netty.request.NettyRequestSender - Using open Channel [id: 0xb35e6d0d, L:/127.0.0.1:57648 - R:localhost/127.0.0.1:54439] for GET '/session/130adab82552622f512d4c81be97235f/element/74a8c3d0-2aaf-4598-a15d-d4d0eca05ba4/enabled'
17:47:02.893 [AsyncHttpClient-1-2] DEBUG org.asynchttpclient.netty.handler.HttpHandler - 

Request DefaultFullHttpRequest(decodeResult: success, version: HTTP/1.1, content: EmptyByteBufBE)
GET /session/130adab82552622f512d4c81be97235f/element/74a8c3d0-2aaf-4598-a15d-d4d0eca05ba4/enabled HTTP/1.1
User-Agent: selenium/4.1.2 (java windows)
Cache-Control: no-cache
Content-Type: application/json; charset=utf-8
host: localhost:54439
accept: */*

Response DefaultHttpResponse(decodeResult: success, version: HTTP/1.1)
HTTP/1.1 200 OK
Content-Type: application/json; charset=utf-8
cache-control: no-cache
content-length: 14

17:47:02.894 [AsyncHttpClient-1-2] DEBUG org.asynchttpclient.netty.channel.ChannelManager - Adding key: http://localhost:54439 for channel [id: 0xb35e6d0d, L:/127.0.0.1:57648 - R:localhost/127.0.0.1:54439]
17:47:02.898 [Forwarding findElement on session 130adab82552622f512d4c81be97235f to remote] DEBUG org.asynchttpclient.netty.request.NettyRequestSender - Using pooled Channel '[id: 0xb35e6d0d, L:/127.0.0.1:57648 - R:localhost/127.0.0.1:54439]' for 'POST' to 'http://localhost:54439/session/130adab82552622f512d4c81be97235f/element'
17:47:02.898 [Forwarding findElement on session 130adab82552622f512d4c81be97235f to remote] DEBUG org.asynchttpclient.netty.request.NettyRequestSender - Using open Channel [id: 0xb35e6d0d, L:/127.0.0.1:57648 - R:localhost/127.0.0.1:54439] for POST '/session/130adab82552622f512d4c81be97235f/element'
17:47:02.909 [AsyncHttpClient-1-2] DEBUG org.asynchttpclient.netty.handler.HttpHandler - 

Request DefaultHttpRequest(decodeResult: success, version: HTTP/1.1)
POST /session/130adab82552622f512d4c81be97235f/element HTTP/1.1
User-Agent: selenium/4.1.2 (java windows)
Content-Length: 315
Content-Type: application/json; charset=utf-8
host: localhost:54439
accept: */*

Response DefaultHttpResponse(decodeResult: success, version: HTTP/1.1)
HTTP/1.1 200 OK
Content-Type: application/json; charset=utf-8
cache-control: no-cache
content-length: 88

17:47:02.909 [AsyncHttpClient-1-2] DEBUG org.asynchttpclient.netty.channel.ChannelManager - Adding key: http://localhost:54439 for channel [id: 0xb35e6d0d, L:/127.0.0.1:57648 - R:localhost/127.0.0.1:54439]
17:47:02.912 [Forwarding clickElement on session 130adab82552622f512d4c81be97235f to remote] DEBUG org.asynchttpclient.netty.request.NettyRequestSender - Using pooled Channel '[id: 0xb35e6d0d, L:/127.0.0.1:57648 - R:localhost/127.0.0.1:54439]' for 'POST' to 'http://localhost:54439/session/130adab82552622f512d4c81be97235f/element/74a8c3d0-2aaf-4598-a15d-d4d0eca05ba4/click'
17:47:02.912 [Forwarding clickElement on session 130adab82552622f512d4c81be97235f to remote] DEBUG org.asynchttpclient.netty.request.NettyRequestSender - Using open Channel [id: 0xb35e6d0d, L:/127.0.0.1:57648 - R:localhost/127.0.0.1:54439] for POST '/session/130adab82552622f512d4c81be97235f/element/74a8c3d0-2aaf-4598-a15d-d4d0eca05ba4/click'
17:47:03.046 [AsyncHttpClient-1-2] DEBUG org.asynchttpclient.netty.handler.HttpHandler - 

Request DefaultHttpRequest(decodeResult: success, version: HTTP/1.1)
POST /session/130adab82552622f512d4c81be97235f/element/74a8c3d0-2aaf-4598-a15d-d4d0eca05ba4/click HTTP/1.1
User-Agent: selenium/4.1.2 (java windows)
Content-Length: 50
Content-Type: application/json; charset=utf-8
host: localhost:54439
accept: */*

Response DefaultHttpResponse(decodeResult: success, version: HTTP/1.1)
HTTP/1.1 200 OK
Content-Type: application/json; charset=utf-8
cache-control: no-cache
content-length: 14

17:47:03.046 [AsyncHttpClient-1-2] DEBUG org.asynchttpclient.netty.channel.ChannelManager - Adding key: http://localhost:54439 for channel [id: 0xb35e6d0d, L:/127.0.0.1:57648 - R:localhost/127.0.0.1:54439]
17:47:03.060 [Forwarding findElement on session 130adab82552622f512d4c81be97235f to remote] DEBUG org.asynchttpclient.netty.request.NettyRequestSender - Using pooled Channel '[id: 0xb35e6d0d, L:/127.0.0.1:57648 - R:localhost/127.0.0.1:54439]' for 'POST' to 'http://localhost:54439/session/130adab82552622f512d4c81be97235f/element'
17:47:03.060 [Forwarding findElement on session 130adab82552622f512d4c81be97235f to remote] DEBUG org.asynchttpclient.netty.request.NettyRequestSender - Using open Channel [id: 0xb35e6d0d, L:/127.0.0.1:57648 - R:localhost/127.0.0.1:54439] for POST '/session/130adab82552622f512d4c81be97235f/element'
17:47:03.083 [AsyncHttpClient-1-2] DEBUG org.asynchttpclient.netty.handler.HttpHandler - 

Request DefaultHttpRequest(decodeResult: success, version: HTTP/1.1)
POST /session/130adab82552622f512d4c81be97235f/element HTTP/1.1
User-Agent: selenium/4.1.2 (java windows)
Content-Length: 69
Content-Type: application/json; charset=utf-8
host: localhost:54439
accept: */*

Response DefaultHttpResponse(decodeResult: success, version: HTTP/1.1)
HTTP/1.1 200 OK
Content-Type: application/json; charset=utf-8
cache-control: no-cache
content-length: 88

17:47:03.083 [AsyncHttpClient-1-2] DEBUG org.asynchttpclient.netty.channel.ChannelManager - Adding key: http://localhost:54439 for channel [id: 0xb35e6d0d, L:/127.0.0.1:57648 - R:localhost/127.0.0.1:54439]
17:47:03.086 [Forwarding clearElement on session 130adab82552622f512d4c81be97235f to remote] DEBUG org.asynchttpclient.netty.request.NettyRequestSender - Using pooled Channel '[id: 0xb35e6d0d, L:/127.0.0.1:57648 - R:localhost/127.0.0.1:54439]' for 'POST' to 'http://localhost:54439/session/130adab82552622f512d4c81be97235f/element/a2fad3ed-fe37-4a55-84b5-caddd0678974/clear'
17:47:03.086 [Forwarding clearElement on session 130adab82552622f512d4c81be97235f to remote] DEBUG org.asynchttpclient.netty.request.NettyRequestSender - Using open Channel [id: 0xb35e6d0d, L:/127.0.0.1:57648 - R:localhost/127.0.0.1:54439] for POST '/session/130adab82552622f512d4c81be97235f/element/a2fad3ed-fe37-4a55-84b5-caddd0678974/clear'
17:47:03.150 [AsyncHttpClient-1-2] DEBUG org.asynchttpclient.netty.handler.HttpHandler - 

Request DefaultHttpRequest(decodeResult: success, version: HTTP/1.1)
POST /session/130adab82552622f512d4c81be97235f/element/a2fad3ed-fe37-4a55-84b5-caddd0678974/clear HTTP/1.1
User-Agent: selenium/4.1.2 (java windows)
Content-Length: 50
Content-Type: application/json; charset=utf-8
host: localhost:54439
accept: */*

Response DefaultHttpResponse(decodeResult: success, version: HTTP/1.1)
HTTP/1.1 200 OK
Content-Type: application/json; charset=utf-8
cache-control: no-cache
content-length: 14

17:47:03.151 [AsyncHttpClient-1-2] DEBUG org.asynchttpclient.netty.channel.ChannelManager - Adding key: http://localhost:54439 for channel [id: 0xb35e6d0d, L:/127.0.0.1:57648 - R:localhost/127.0.0.1:54439]
17:47:03.161 [Forwarding sendKeysToElement on session 130adab82552622f512d4c81be97235f to remote] DEBUG org.asynchttpclient.netty.request.NettyRequestSender - Using pooled Channel '[id: 0xb35e6d0d, L:/127.0.0.1:57648 - R:localhost/127.0.0.1:54439]' for 'POST' to 'http://localhost:54439/session/130adab82552622f512d4c81be97235f/element/a2fad3ed-fe37-4a55-84b5-caddd0678974/value'
17:47:03.162 [Forwarding sendKeysToElement on session 130adab82552622f512d4c81be97235f to remote] DEBUG org.asynchttpclient.netty.request.NettyRequestSender - Using open Channel [id: 0xb35e6d0d, L:/127.0.0.1:57648 - R:localhost/127.0.0.1:54439] for POST '/session/130adab82552622f512d4c81be97235f/element/a2fad3ed-fe37-4a55-84b5-caddd0678974/value'
17:47:03.600 [AsyncHttpClient-1-2] DEBUG org.asynchttpclient.netty.handler.HttpHandler - 

Request DefaultHttpRequest(decodeResult: success, version: HTTP/1.1)
POST /session/130adab82552622f512d4c81be97235f/element/a2fad3ed-fe37-4a55-84b5-caddd0678974/value HTTP/1.1
User-Agent: selenium/4.1.2 (java windows)
Content-Length: 411
Content-Type: application/json; charset=utf-8
host: localhost:54439
accept: */*

Response DefaultHttpResponse(decodeResult: success, version: HTTP/1.1)
HTTP/1.1 200 OK
Content-Type: application/json; charset=utf-8
cache-control: no-cache
content-length: 14

17:47:03.600 [AsyncHttpClient-1-2] DEBUG org.asynchttpclient.netty.channel.ChannelManager - Adding key: http://localhost:54439 for channel [id: 0xb35e6d0d, L:/127.0.0.1:57648 - R:localhost/127.0.0.1:54439]
17:47:03.612 [Forwarding findElement on session 130adab82552622f512d4c81be97235f to remote] DEBUG org.asynchttpclient.netty.request.NettyRequestSender - Using pooled Channel '[id: 0xb35e6d0d, L:/127.0.0.1:57648 - R:localhost/127.0.0.1:54439]' for 'POST' to 'http://localhost:54439/session/130adab82552622f512d4c81be97235f/element'
17:47:03.612 [Forwarding findElement on session 130adab82552622f512d4c81be97235f to remote] DEBUG org.asynchttpclient.netty.request.NettyRequestSender - Using open Channel [id: 0xb35e6d0d, L:/127.0.0.1:57648 - R:localhost/127.0.0.1:54439] for POST '/session/130adab82552622f512d4c81be97235f/element'
17:47:03.618 [AsyncHttpClient-1-1] DEBUG org.asynchttpclient.netty.channel.DefaultChannelPool - Entry count for : http://localhost:57649 : 1
17:47:03.637 [AsyncHttpClient-1-2] DEBUG org.asynchttpclient.netty.handler.HttpHandler - 

Request DefaultHttpRequest(decodeResult: success, version: HTTP/1.1)
POST /session/130adab82552622f512d4c81be97235f/element HTTP/1.1
User-Agent: selenium/4.1.2 (java windows)
Content-Length: 72
Content-Type: application/json; charset=utf-8
host: localhost:54439
accept: */*

Response DefaultHttpResponse(decodeResult: success, version: HTTP/1.1)
HTTP/1.1 200 OK
Content-Type: application/json; charset=utf-8
cache-control: no-cache
content-length: 88

17:47:03.638 [AsyncHttpClient-1-2] DEBUG org.asynchttpclient.netty.channel.ChannelManager - Adding key: http://localhost:54439 for channel [id: 0xb35e6d0d, L:/127.0.0.1:57648 - R:localhost/127.0.0.1:54439]
17:47:03.642 [Forwarding clearElement on session 130adab82552622f512d4c81be97235f to remote] DEBUG org.asynchttpclient.netty.request.NettyRequestSender - Using pooled Channel '[id: 0xb35e6d0d, L:/127.0.0.1:57648 - R:localhost/127.0.0.1:54439]' for 'POST' to 'http://localhost:54439/session/130adab82552622f512d4c81be97235f/element/b241f431-eee0-4a27-b809-d2b49163791d/clear'
17:47:03.642 [Forwarding clearElement on session 130adab82552622f512d4c81be97235f to remote] DEBUG org.asynchttpclient.netty.request.NettyRequestSender - Using open Channel [id: 0xb35e6d0d, L:/127.0.0.1:57648 - R:localhost/127.0.0.1:54439] for POST '/session/130adab82552622f512d4c81be97235f/element/b241f431-eee0-4a27-b809-d2b49163791d/clear'
17:47:03.707 [AsyncHttpClient-1-2] DEBUG org.asynchttpclient.netty.handler.HttpHandler - 

Request DefaultHttpRequest(decodeResult: success, version: HTTP/1.1)
POST /session/130adab82552622f512d4c81be97235f/element/b241f431-eee0-4a27-b809-d2b49163791d/clear HTTP/1.1
User-Agent: selenium/4.1.2 (java windows)
Content-Length: 50
Content-Type: application/json; charset=utf-8
host: localhost:54439
accept: */*

Response DefaultHttpResponse(decodeResult: success, version: HTTP/1.1)
HTTP/1.1 200 OK
Content-Type: application/json; charset=utf-8
cache-control: no-cache
content-length: 14

17:47:03.708 [AsyncHttpClient-1-2] DEBUG org.asynchttpclient.netty.channel.ChannelManager - Adding key: http://localhost:54439 for channel [id: 0xb35e6d0d, L:/127.0.0.1:57648 - R:localhost/127.0.0.1:54439]
17:47:03.712 [Forwarding sendKeysToElement on session 130adab82552622f512d4c81be97235f to remote] DEBUG org.asynchttpclient.netty.request.NettyRequestSender - Using pooled Channel '[id: 0xb35e6d0d, L:/127.0.0.1:57648 - R:localhost/127.0.0.1:54439]' for 'POST' to 'http://localhost:54439/session/130adab82552622f512d4c81be97235f/element/b241f431-eee0-4a27-b809-d2b49163791d/value'
17:47:03.712 [Forwarding sendKeysToElement on session 130adab82552622f512d4c81be97235f to remote] DEBUG org.asynchttpclient.netty.request.NettyRequestSender - Using open Channel [id: 0xb35e6d0d, L:/127.0.0.1:57648 - R:localhost/127.0.0.1:54439] for POST '/session/130adab82552622f512d4c81be97235f/element/b241f431-eee0-4a27-b809-d2b49163791d/value'
17:47:03.960 [AsyncHttpClient-1-2] DEBUG org.asynchttpclient.netty.handler.HttpHandler - 

Request DefaultHttpRequest(decodeResult: success, version: HTTP/1.1)
POST /session/130adab82552622f512d4c81be97235f/element/b241f431-eee0-4a27-b809-d2b49163791d/value HTTP/1.1
User-Agent: selenium/4.1.2 (java windows)
Content-Length: 241
Content-Type: application/json; charset=utf-8
host: localhost:54439
accept: */*

Response DefaultHttpResponse(decodeResult: success, version: HTTP/1.1)
HTTP/1.1 200 OK
Content-Type: application/json; charset=utf-8
cache-control: no-cache
content-length: 14

17:47:03.961 [AsyncHttpClient-1-2] DEBUG org.asynchttpclient.netty.channel.ChannelManager - Adding key: http://localhost:54439 for channel [id: 0xb35e6d0d, L:/127.0.0.1:57648 - R:localhost/127.0.0.1:54439]
17:47:03.972 [Forwarding findElement on session 130adab82552622f512d4c81be97235f to remote] DEBUG org.asynchttpclient.netty.request.NettyRequestSender - Using pooled Channel '[id: 0xb35e6d0d, L:/127.0.0.1:57648 - R:localhost/127.0.0.1:54439]' for 'POST' to 'http://localhost:54439/session/130adab82552622f512d4c81be97235f/element'
17:47:03.972 [Forwarding findElement on session 130adab82552622f512d4c81be97235f to remote] DEBUG org.asynchttpclient.netty.request.NettyRequestSender - Using open Channel [id: 0xb35e6d0d, L:/127.0.0.1:57648 - R:localhost/127.0.0.1:54439] for POST '/session/130adab82552622f512d4c81be97235f/element'
17:47:04.000 [AsyncHttpClient-1-2] DEBUG org.asynchttpclient.netty.handler.HttpHandler - 

Request DefaultHttpRequest(decodeResult: success, version: HTTP/1.1)
POST /session/130adab82552622f512d4c81be97235f/element HTTP/1.1
User-Agent: selenium/4.1.2 (java windows)
Content-Length: 321
Content-Type: application/json; charset=utf-8
host: localhost:54439
accept: */*

Response DefaultHttpResponse(decodeResult: success, version: HTTP/1.1)
HTTP/1.1 200 OK
Content-Type: application/json; charset=utf-8
cache-control: no-cache
content-length: 88

17:47:04.000 [AsyncHttpClient-1-2] DEBUG org.asynchttpclient.netty.channel.ChannelManager - Adding key: http://localhost:54439 for channel [id: 0xb35e6d0d, L:/127.0.0.1:57648 - R:localhost/127.0.0.1:54439]
17:47:04.004 [Forwarding getElementTagName on session 130adab82552622f512d4c81be97235f to remote] DEBUG org.asynchttpclient.netty.request.NettyRequestSender - Using pooled Channel '[id: 0xb35e6d0d, L:/127.0.0.1:57648 - R:localhost/127.0.0.1:54439]' for 'GET' to 'http://localhost:54439/session/130adab82552622f512d4c81be97235f/element/902dd928-f65b-4f37-bbfe-f58ab05b7d9b/name'
17:47:04.005 [Forwarding getElementTagName on session 130adab82552622f512d4c81be97235f to remote] DEBUG org.asynchttpclient.netty.request.NettyRequestSender - Using open Channel [id: 0xb35e6d0d, L:/127.0.0.1:57648 - R:localhost/127.0.0.1:54439] for GET '/session/130adab82552622f512d4c81be97235f/element/902dd928-f65b-4f37-bbfe-f58ab05b7d9b/name'
17:47:04.014 [AsyncHttpClient-1-2] DEBUG org.asynchttpclient.netty.handler.HttpHandler - 

Request DefaultFullHttpRequest(decodeResult: success, version: HTTP/1.1, content: EmptyByteBufBE)
GET /session/130adab82552622f512d4c81be97235f/element/902dd928-f65b-4f37-bbfe-f58ab05b7d9b/name HTTP/1.1
User-Agent: selenium/4.1.2 (java windows)
Cache-Control: no-cache
Content-Type: application/json; charset=utf-8
host: localhost:54439
accept: */*

Response DefaultHttpResponse(decodeResult: success, version: HTTP/1.1)
HTTP/1.1 200 OK
Content-Type: application/json; charset=utf-8
cache-control: no-cache
content-length: 18

17:47:04.014 [AsyncHttpClient-1-2] DEBUG org.asynchttpclient.netty.channel.ChannelManager - Adding key: http://localhost:54439 for channel [id: 0xb35e6d0d, L:/127.0.0.1:57648 - R:localhost/127.0.0.1:54439]
17:47:04.017 [Forwarding getElementTagName on session 130adab82552622f512d4c81be97235f to remote] DEBUG org.asynchttpclient.netty.request.NettyRequestSender - Using pooled Channel '[id: 0xb35e6d0d, L:/127.0.0.1:57648 - R:localhost/127.0.0.1:54439]' for 'GET' to 'http://localhost:54439/session/130adab82552622f512d4c81be97235f/element/902dd928-f65b-4f37-bbfe-f58ab05b7d9b/name'
17:47:04.017 [Forwarding getElementTagName on session 130adab82552622f512d4c81be97235f to remote] DEBUG org.asynchttpclient.netty.request.NettyRequestSender - Using open Channel [id: 0xb35e6d0d, L:/127.0.0.1:57648 - R:localhost/127.0.0.1:54439] for GET '/session/130adab82552622f512d4c81be97235f/element/902dd928-f65b-4f37-bbfe-f58ab05b7d9b/name'
17:47:04.024 [AsyncHttpClient-1-2] DEBUG org.asynchttpclient.netty.handler.HttpHandler - 

Request DefaultFullHttpRequest(decodeResult: success, version: HTTP/1.1, content: EmptyByteBufBE)
GET /session/130adab82552622f512d4c81be97235f/element/902dd928-f65b-4f37-bbfe-f58ab05b7d9b/name HTTP/1.1
User-Agent: selenium/4.1.2 (java windows)
Cache-Control: no-cache
Content-Type: application/json; charset=utf-8
host: localhost:54439
accept: */*

Response DefaultHttpResponse(decodeResult: success, version: HTTP/1.1)
HTTP/1.1 200 OK
Content-Type: application/json; charset=utf-8
cache-control: no-cache
content-length: 18

17:47:04.024 [AsyncHttpClient-1-2] DEBUG org.asynchttpclient.netty.channel.ChannelManager - Adding key: http://localhost:54439 for channel [id: 0xb35e6d0d, L:/127.0.0.1:57648 - R:localhost/127.0.0.1:54439]
17:47:04.029 [Forwarding isElementEnabled on session 130adab82552622f512d4c81be97235f to remote] DEBUG org.asynchttpclient.netty.request.NettyRequestSender - Using pooled Channel '[id: 0xb35e6d0d, L:/127.0.0.1:57648 - R:localhost/127.0.0.1:54439]' for 'GET' to 'http://localhost:54439/session/130adab82552622f512d4c81be97235f/element/902dd928-f65b-4f37-bbfe-f58ab05b7d9b/enabled'
17:47:04.029 [Forwarding isElementEnabled on session 130adab82552622f512d4c81be97235f to remote] DEBUG org.asynchttpclient.netty.request.NettyRequestSender - Using open Channel [id: 0xb35e6d0d, L:/127.0.0.1:57648 - R:localhost/127.0.0.1:54439] for GET '/session/130adab82552622f512d4c81be97235f/element/902dd928-f65b-4f37-bbfe-f58ab05b7d9b/enabled'
17:47:04.045 [AsyncHttpClient-1-2] DEBUG org.asynchttpclient.netty.handler.HttpHandler - 

Request DefaultFullHttpRequest(decodeResult: success, version: HTTP/1.1, content: EmptyByteBufBE)
GET /session/130adab82552622f512d4c81be97235f/element/902dd928-f65b-4f37-bbfe-f58ab05b7d9b/enabled HTTP/1.1
User-Agent: selenium/4.1.2 (java windows)
Cache-Control: no-cache
Content-Type: application/json; charset=utf-8
host: localhost:54439
accept: */*

Response DefaultHttpResponse(decodeResult: success, version: HTTP/1.1)
HTTP/1.1 200 OK
Content-Type: application/json; charset=utf-8
cache-control: no-cache
content-length: 14

17:47:04.045 [AsyncHttpClient-1-2] DEBUG org.asynchttpclient.netty.channel.ChannelManager - Adding key: http://localhost:54439 for channel [id: 0xb35e6d0d, L:/127.0.0.1:57648 - R:localhost/127.0.0.1:54439]
17:47:04.049 [Forwarding isElementEnabled on session 130adab82552622f512d4c81be97235f to remote] DEBUG org.asynchttpclient.netty.request.NettyRequestSender - Using pooled Channel '[id: 0xb35e6d0d, L:/127.0.0.1:57648 - R:localhost/127.0.0.1:54439]' for 'GET' to 'http://localhost:54439/session/130adab82552622f512d4c81be97235f/element/902dd928-f65b-4f37-bbfe-f58ab05b7d9b/enabled'
17:47:04.049 [Forwarding isElementEnabled on session 130adab82552622f512d4c81be97235f to remote] DEBUG org.asynchttpclient.netty.request.NettyRequestSender - Using open Channel [id: 0xb35e6d0d, L:/127.0.0.1:57648 - R:localhost/127.0.0.1:54439] for GET '/session/130adab82552622f512d4c81be97235f/element/902dd928-f65b-4f37-bbfe-f58ab05b7d9b/enabled'
17:47:04.060 [AsyncHttpClient-1-2] DEBUG org.asynchttpclient.netty.handler.HttpHandler - 

Request DefaultFullHttpRequest(decodeResult: success, version: HTTP/1.1, content: EmptyByteBufBE)
GET /session/130adab82552622f512d4c81be97235f/element/902dd928-f65b-4f37-bbfe-f58ab05b7d9b/enabled HTTP/1.1
User-Agent: selenium/4.1.2 (java windows)
Cache-Control: no-cache
Content-Type: application/json; charset=utf-8
host: localhost:54439
accept: */*

Response DefaultHttpResponse(decodeResult: success, version: HTTP/1.1)
HTTP/1.1 200 OK
Content-Type: application/json; charset=utf-8
cache-control: no-cache
content-length: 14

17:47:04.060 [AsyncHttpClient-1-2] DEBUG org.asynchttpclient.netty.channel.ChannelManager - Adding key: http://localhost:54439 for channel [id: 0xb35e6d0d, L:/127.0.0.1:57648 - R:localhost/127.0.0.1:54439]
17:47:04.063 [Forwarding findElement on session 130adab82552622f512d4c81be97235f to remote] DEBUG org.asynchttpclient.netty.request.NettyRequestSender - Using pooled Channel '[id: 0xb35e6d0d, L:/127.0.0.1:57648 - R:localhost/127.0.0.1:54439]' for 'POST' to 'http://localhost:54439/session/130adab82552622f512d4c81be97235f/element'
17:47:04.063 [Forwarding findElement on session 130adab82552622f512d4c81be97235f to remote] DEBUG org.asynchttpclient.netty.request.NettyRequestSender - Using open Channel [id: 0xb35e6d0d, L:/127.0.0.1:57648 - R:localhost/127.0.0.1:54439] for POST '/session/130adab82552622f512d4c81be97235f/element'
17:47:04.076 [AsyncHttpClient-1-2] DEBUG org.asynchttpclient.netty.handler.HttpHandler - 

Request DefaultHttpRequest(decodeResult: success, version: HTTP/1.1)
POST /session/130adab82552622f512d4c81be97235f/element HTTP/1.1
User-Agent: selenium/4.1.2 (java windows)
Content-Length: 321
Content-Type: application/json; charset=utf-8
host: localhost:54439
accept: */*

Response DefaultHttpResponse(decodeResult: success, version: HTTP/1.1)
HTTP/1.1 200 OK
Content-Type: application/json; charset=utf-8
cache-control: no-cache
content-length: 88

17:47:04.077 [AsyncHttpClient-1-2] DEBUG org.asynchttpclient.netty.channel.ChannelManager - Adding key: http://localhost:54439 for channel [id: 0xb35e6d0d, L:/127.0.0.1:57648 - R:localhost/127.0.0.1:54439]
17:47:04.082 [Forwarding clickElement on session 130adab82552622f512d4c81be97235f to remote] DEBUG org.asynchttpclient.netty.request.NettyRequestSender - Using pooled Channel '[id: 0xb35e6d0d, L:/127.0.0.1:57648 - R:localhost/127.0.0.1:54439]' for 'POST' to 'http://localhost:54439/session/130adab82552622f512d4c81be97235f/element/902dd928-f65b-4f37-bbfe-f58ab05b7d9b/click'
17:47:04.082 [Forwarding clickElement on session 130adab82552622f512d4c81be97235f to remote] DEBUG org.asynchttpclient.netty.request.NettyRequestSender - Using open Channel [id: 0xb35e6d0d, L:/127.0.0.1:57648 - R:localhost/127.0.0.1:54439] for POST '/session/130adab82552622f512d4c81be97235f/element/902dd928-f65b-4f37-bbfe-f58ab05b7d9b/click'
17:47:04.175 [AsyncHttpClient-1-2] DEBUG org.asynchttpclient.netty.handler.HttpHandler - 

Request DefaultHttpRequest(decodeResult: success, version: HTTP/1.1)
POST /session/130adab82552622f512d4c81be97235f/element/902dd928-f65b-4f37-bbfe-f58ab05b7d9b/click HTTP/1.1
User-Agent: selenium/4.1.2 (java windows)
Content-Length: 50
Content-Type: application/json; charset=utf-8
host: localhost:54439
accept: */*

Response DefaultHttpResponse(decodeResult: success, version: HTTP/1.1)
HTTP/1.1 200 OK
Content-Type: application/json; charset=utf-8
cache-control: no-cache
content-length: 14

17:47:04.176 [AsyncHttpClient-1-2] DEBUG org.asynchttpclient.netty.channel.ChannelManager - Adding key: http://localhost:54439 for channel [id: 0xb35e6d0d, L:/127.0.0.1:57648 - R:localhost/127.0.0.1:54439]
  &amp#27;[32mAnd &amp#27;[0m&amp#27;[32mI have logged in&amp#27;[0m                  &amp#27;[90m# starter.stepdefinitions.ManageVaccinationBookingsSteps.iHaveLoggedIn()&amp#27;[0m
17:47:04.194 [Forwarding screenshot on session 130adab82552622f512d4c81be97235f to remote] DEBUG org.asynchttpclient.netty.request.NettyRequestSender - Using pooled Channel '[id: 0xb35e6d0d, L:/127.0.0.1:57648 - R:localhost/127.0.0.1:54439]' for 'GET' to 'http://localhost:54439/session/130adab82552622f512d4c81be97235f/screenshot'
17:47:04.194 [Forwarding screenshot on session 130adab82552622f512d4c81be97235f to remote] DEBUG org.asynchttpclient.netty.request.NettyRequestSender - Using open Channel [id: 0xb35e6d0d, L:/127.0.0.1:57648 - R:localhost/127.0.0.1:54439] for GET '/session/130adab82552622f512d4c81be97235f/screenshot'
17:47:04.569 [AsyncHttpClient-1-2] DEBUG org.asynchttpclient.netty.handler.HttpHandler - 

Request DefaultFullHttpRequest(decodeResult: success, version: HTTP/1.1, content: EmptyByteBufBE)
GET /session/130adab82552622f512d4c81be97235f/screenshot HTTP/1.1
User-Agent: selenium/4.1.2 (java windows)
Cache-Control: no-cache
Content-Type: application/json; charset=utf-8
host: localhost:54439
accept: */*

Response DefaultHttpResponse(decodeResult: success, version: HTTP/1.1)
HTTP/1.1 200 OK
Content-Type: application/json; charset=utf-8
cache-control: no-cache
content-length: 115820

17:47:04.570 [AsyncHttpClient-1-2] DEBUG org.asynchttpclient.netty.channel.ChannelManager - Adding key: http://localhost:54439 for channel [id: 0xb35e6d0d, L:/127.0.0.1:57648 - R:localhost/127.0.0.1:54439]
17:47:04.592 [main] DEBUG net.serenitybdd.core.photography.Darkroom - Send negative for processing for target\site\serenity\c32cf08e6b2317b5374b850a48b8ef7acbdaa8a62917634aa0f2f56baad272de.png
17:47:04.593 [Darkroom Processing Line] DEBUG net.serenitybdd.core.photography.DarkroomProcessingLine - Processing screenshot image in /var/screenshots/screenshot-4868213949776000837
17:47:04.593 [Darkroom Processing Line] DEBUG net.serenitybdd.core.photography.DarkroomProcessingLine - Saving screenshot to target\site\serenity\c32cf08e6b2317b5374b850a48b8ef7acbdaa8a62917634aa0f2f56baad272de.png
17:47:04.615 [Forwarding findElement on session 130adab82552622f512d4c81be97235f to remote] DEBUG org.asynchttpclient.netty.request.NettyRequestSender - Using pooled Channel '[id: 0xb35e6d0d, L:/127.0.0.1:57648 - R:localhost/127.0.0.1:54439]' for 'POST' to 'http://localhost:54439/session/130adab82552622f512d4c81be97235f/element'
17:47:04.615 [Forwarding findElement on session 130adab82552622f512d4c81be97235f to remote] DEBUG org.asynchttpclient.netty.request.NettyRequestSender - Using open Channel [id: 0xb35e6d0d, L:/127.0.0.1:57648 - R:localhost/127.0.0.1:54439] for POST '/session/130adab82552622f512d4c81be97235f/element'
17:47:04.714 [AsyncHttpClient-1-1] DEBUG org.asynchttpclient.netty.channel.DefaultChannelPool - Entry count for : http://localhost:57649 : 1
17:47:04.957 [AsyncHttpClient-1-2] DEBUG org.asynchttpclient.netty.handler.HttpHandler - 

Request DefaultHttpRequest(decodeResult: success, version: HTTP/1.1)
POST /session/130adab82552622f512d4c81be97235f/element HTTP/1.1
User-Agent: selenium/4.1.2 (java windows)
Content-Length: 80
Content-Type: application/json; charset=utf-8
host: localhost:54439
accept: */*

Response DefaultHttpResponse(decodeResult: success, version: HTTP/1.1)
HTTP/1.1 200 OK
Content-Type: application/json; charset=utf-8
cache-control: no-cache
content-length: 88

17:47:04.958 [AsyncHttpClient-1-2] DEBUG org.asynchttpclient.netty.channel.ChannelManager - Adding key: http://localhost:54439 for channel [id: 0xb35e6d0d, L:/127.0.0.1:57648 - R:localhost/127.0.0.1:54439]
17:47:04.961 [Forwarding getElementTagName on session 130adab82552622f512d4c81be97235f to remote] DEBUG org.asynchttpclient.netty.request.NettyRequestSender - Using pooled Channel '[id: 0xb35e6d0d, L:/127.0.0.1:57648 - R:localhost/127.0.0.1:54439]' for 'GET' to 'http://localhost:54439/session/130adab82552622f512d4c81be97235f/element/6106ac14-bfcb-4937-bd85-f419e5dae27f/name'
17:47:04.961 [Forwarding getElementTagName on session 130adab82552622f512d4c81be97235f to remote] DEBUG org.asynchttpclient.netty.request.NettyRequestSender - Using open Channel [id: 0xb35e6d0d, L:/127.0.0.1:57648 - R:localhost/127.0.0.1:54439] for GET '/session/130adab82552622f512d4c81be97235f/element/6106ac14-bfcb-4937-bd85-f419e5dae27f/name'
17:47:04.969 [AsyncHttpClient-1-2] DEBUG org.asynchttpclient.netty.handler.HttpHandler - 

Request DefaultFullHttpRequest(decodeResult: success, version: HTTP/1.1, content: EmptyByteBufBE)
GET /session/130adab82552622f512d4c81be97235f/element/6106ac14-bfcb-4937-bd85-f419e5dae27f/name HTTP/1.1
User-Agent: selenium/4.1.2 (java windows)
Cache-Control: no-cache
Content-Type: application/json; charset=utf-8
host: localhost:54439
accept: */*

Response DefaultHttpResponse(decodeResult: success, version: HTTP/1.1)
HTTP/1.1 200 OK
Content-Type: application/json; charset=utf-8
cache-control: no-cache
content-length: 13

17:47:04.970 [AsyncHttpClient-1-2] DEBUG org.asynchttpclient.netty.channel.ChannelManager - Adding key: http://localhost:54439 for channel [id: 0xb35e6d0d, L:/127.0.0.1:57648 - R:localhost/127.0.0.1:54439]
17:47:04.974 [Forwarding getElementTagName on session 130adab82552622f512d4c81be97235f to remote] DEBUG org.asynchttpclient.netty.request.NettyRequestSender - Using pooled Channel '[id: 0xb35e6d0d, L:/127.0.0.1:57648 - R:localhost/127.0.0.1:54439]' for 'GET' to 'http://localhost:54439/session/130adab82552622f512d4c81be97235f/element/6106ac14-bfcb-4937-bd85-f419e5dae27f/name'
17:47:04.974 [Forwarding getElementTagName on session 130adab82552622f512d4c81be97235f to remote] DEBUG org.asynchttpclient.netty.request.NettyRequestSender - Using open Channel [id: 0xb35e6d0d, L:/127.0.0.1:57648 - R:localhost/127.0.0.1:54439] for GET '/session/130adab82552622f512d4c81be97235f/element/6106ac14-bfcb-4937-bd85-f419e5dae27f/name'
17:47:04.979 [AsyncHttpClient-1-2] DEBUG org.asynchttpclient.netty.handler.HttpHandler - 

Request DefaultFullHttpRequest(decodeResult: success, version: HTTP/1.1, content: EmptyByteBufBE)
GET /session/130adab82552622f512d4c81be97235f/element/6106ac14-bfcb-4937-bd85-f419e5dae27f/name HTTP/1.1
User-Agent: selenium/4.1.2 (java windows)
Cache-Control: no-cache
Content-Type: application/json; charset=utf-8
host: localhost:54439
accept: */*

Response DefaultHttpResponse(decodeResult: success, version: HTTP/1.1)
HTTP/1.1 200 OK
Content-Type: application/json; charset=utf-8
cache-control: no-cache
content-length: 13

17:47:04.980 [AsyncHttpClient-1-2] DEBUG org.asynchttpclient.netty.channel.ChannelManager - Adding key: http://localhost:54439 for channel [id: 0xb35e6d0d, L:/127.0.0.1:57648 - R:localhost/127.0.0.1:54439]
17:47:04.982 [Forwarding findElement on session 130adab82552622f512d4c81be97235f to remote] DEBUG org.asynchttpclient.netty.request.NettyRequestSender - Using pooled Channel '[id: 0xb35e6d0d, L:/127.0.0.1:57648 - R:localhost/127.0.0.1:54439]' for 'POST' to 'http://localhost:54439/session/130adab82552622f512d4c81be97235f/element'
17:47:04.983 [Forwarding findElement on session 130adab82552622f512d4c81be97235f to remote] DEBUG org.asynchttpclient.netty.request.NettyRequestSender - Using open Channel [id: 0xb35e6d0d, L:/127.0.0.1:57648 - R:localhost/127.0.0.1:54439] for POST '/session/130adab82552622f512d4c81be97235f/element'
17:47:04.995 [AsyncHttpClient-1-2] DEBUG org.asynchttpclient.netty.handler.HttpHandler - 

Request DefaultHttpRequest(decodeResult: success, version: HTTP/1.1)
POST /session/130adab82552622f512d4c81be97235f/element HTTP/1.1
User-Agent: selenium/4.1.2 (java windows)
Content-Length: 80
Content-Type: application/json; charset=utf-8
host: localhost:54439
accept: */*

Response DefaultHttpResponse(decodeResult: success, version: HTTP/1.1)
HTTP/1.1 200 OK
Content-Type: application/json; charset=utf-8
cache-control: no-cache
content-length: 88

17:47:04.995 [AsyncHttpClient-1-2] DEBUG org.asynchttpclient.netty.channel.ChannelManager - Adding key: http://localhost:54439 for channel [id: 0xb35e6d0d, L:/127.0.0.1:57648 - R:localhost/127.0.0.1:54439]
17:47:04.999 [Forwarding clickElement on session 130adab82552622f512d4c81be97235f to remote] DEBUG org.asynchttpclient.netty.request.NettyRequestSender - Using pooled Channel '[id: 0xb35e6d0d, L:/127.0.0.1:57648 - R:localhost/127.0.0.1:54439]' for 'POST' to 'http://localhost:54439/session/130adab82552622f512d4c81be97235f/element/6106ac14-bfcb-4937-bd85-f419e5dae27f/click'
17:47:05.000 [Forwarding clickElement on session 130adab82552622f512d4c81be97235f to remote] DEBUG org.asynchttpclient.netty.request.NettyRequestSender - Using open Channel [id: 0xb35e6d0d, L:/127.0.0.1:57648 - R:localhost/127.0.0.1:54439] for POST '/session/130adab82552622f512d4c81be97235f/element/6106ac14-bfcb-4937-bd85-f419e5dae27f/click'
17:47:05.208 [AsyncHttpClient-1-2] DEBUG org.asynchttpclient.netty.handler.HttpHandler - 

Request DefaultHttpRequest(decodeResult: success, version: HTTP/1.1)
POST /session/130adab82552622f512d4c81be97235f/element/6106ac14-bfcb-4937-bd85-f419e5dae27f/click HTTP/1.1
User-Agent: selenium/4.1.2 (java windows)
Content-Length: 50
Content-Type: application/json; charset=utf-8
host: localhost:54439
accept: */*

Response DefaultHttpResponse(decodeResult: success, version: HTTP/1.1)
HTTP/1.1 200 OK
Content-Type: application/json; charset=utf-8
cache-control: no-cache
content-length: 14

17:47:05.209 [AsyncHttpClient-1-2] DEBUG org.asynchttpclient.netty.channel.ChannelManager - Adding key: http://localhost:54439 for channel [id: 0xb35e6d0d, L:/127.0.0.1:57648 - R:localhost/127.0.0.1:54439]
  &amp#27;[32mWhen &amp#27;[0m&amp#27;[32mI go to Book Vaksinasi page&amp#27;[0m      &amp#27;[90m# starter.stepdefinitions.ManageVaccinationBookingsSteps.iGoToBookVaksinasiPage()&amp#27;[0m
17:47:05.229 [Forwarding screenshot on session 130adab82552622f512d4c81be97235f to remote] DEBUG org.asynchttpclient.netty.request.NettyRequestSender - Using pooled Channel '[id: 0xb35e6d0d, L:/127.0.0.1:57648 - R:localhost/127.0.0.1:54439]' for 'GET' to 'http://localhost:54439/session/130adab82552622f512d4c81be97235f/screenshot'
17:47:05.229 [Forwarding screenshot on session 130adab82552622f512d4c81be97235f to remote] DEBUG org.asynchttpclient.netty.request.NettyRequestSender - Using open Channel [id: 0xb35e6d0d, L:/127.0.0.1:57648 - R:localhost/127.0.0.1:54439] for GET '/session/130adab82552622f512d4c81be97235f/screenshot'
17:47:05.807 [AsyncHttpClient-1-2] DEBUG org.asynchttpclient.netty.handler.HttpHandler - 

Request DefaultFullHttpRequest(decodeResult: success, version: HTTP/1.1, content: EmptyByteBufBE)
GET /session/130adab82552622f512d4c81be97235f/screenshot HTTP/1.1
User-Agent: selenium/4.1.2 (java windows)
Cache-Control: no-cache
Content-Type: application/json; charset=utf-8
host: localhost:54439
accept: */*

Response DefaultHttpResponse(decodeResult: success, version: HTTP/1.1)
HTTP/1.1 200 OK
Content-Type: application/json; charset=utf-8
cache-control: no-cache
content-length: 127220

17:47:05.809 [AsyncHttpClient-1-2] DEBUG org.asynchttpclient.netty.channel.ChannelManager - Adding key: http://localhost:54439 for channel [id: 0xb35e6d0d, L:/127.0.0.1:57648 - R:localhost/127.0.0.1:54439]
17:47:05.815 [AsyncHttpClient-1-1] DEBUG org.asynchttpclient.netty.channel.DefaultChannelPool - Entry count for : http://localhost:54439 : 1
17:47:05.815 [AsyncHttpClient-1-1] DEBUG org.asynchttpclient.netty.channel.DefaultChannelPool - Entry count for : http://localhost:57649 : 1
17:47:05.815 [main] DEBUG net.serenitybdd.core.photography.Darkroom - Send negative for processing for target\site\serenity\93e88d332e77d669a49f5c16dbaa93077f7de6e86727f256f56b680a4aa3423f.png
17:47:05.815 [Darkroom Processing Line] DEBUG net.serenitybdd.core.photography.DarkroomProcessingLine - Processing screenshot image in /var/screenshots/screenshot-12310746595915243980
17:47:05.815 [Darkroom Processing Line] DEBUG net.serenitybdd.core.photography.DarkroomProcessingLine - Saving screenshot to target\site\serenity\93e88d332e77d669a49f5c16dbaa93077f7de6e86727f256f56b680a4aa3423f.png
17:47:05.831 [Forwarding findElement on session 130adab82552622f512d4c81be97235f to remote] DEBUG org.asynchttpclient.netty.request.NettyRequestSender - Using pooled Channel '[id: 0xb35e6d0d, L:/127.0.0.1:57648 - R:localhost/127.0.0.1:54439]' for 'POST' to 'http://localhost:54439/session/130adab82552622f512d4c81be97235f/element'
17:47:05.831 [Forwarding findElement on session 130adab82552622f512d4c81be97235f to remote] DEBUG org.asynchttpclient.netty.request.NettyRequestSender - Using open Channel [id: 0xb35e6d0d, L:/127.0.0.1:57648 - R:localhost/127.0.0.1:54439] for POST '/session/130adab82552622f512d4c81be97235f/element'
17:47:06.920 [AsyncHttpClient-1-1] DEBUG org.asynchttpclient.netty.channel.DefaultChannelPool - Entry count for : http://localhost:57649 : 1
17:47:07.885 [AsyncHttpClient-1-2] DEBUG org.asynchttpclient.netty.handler.HttpHandler - 

Request DefaultHttpRequest(decodeResult: success, version: HTTP/1.1)
POST /session/130adab82552622f512d4c81be97235f/element HTTP/1.1
User-Agent: selenium/4.1.2 (java windows)
Content-Length: 117
Content-Type: application/json; charset=utf-8
host: localhost:54439
accept: */*

Response DefaultHttpResponse(decodeResult: success, version: HTTP/1.1)
HTTP/1.1 404 Not Found
Content-Type: application/json; charset=utf-8
cache-control: no-cache
content-length: 985

17:47:07.886 [AsyncHttpClient-1-2] DEBUG org.asynchttpclient.netty.channel.ChannelManager - Adding key: http://localhost:54439 for channel [id: 0xb35e6d0d, L:/127.0.0.1:57648 - R:localhost/127.0.0.1:54439]
17:47:08.011 [Forwarding findElement on session 130adab82552622f512d4c81be97235f to remote] DEBUG org.asynchttpclient.netty.request.NettyRequestSender - Using pooled Channel '[id: 0xb35e6d0d, L:/127.0.0.1:57648 - R:localhost/127.0.0.1:54439]' for 'POST' to 'http://localhost:54439/session/130adab82552622f512d4c81be97235f/element'
17:47:08.011 [Forwarding findElement on session 130adab82552622f512d4c81be97235f to remote] DEBUG org.asynchttpclient.netty.request.NettyRequestSender - Using open Channel [id: 0xb35e6d0d, L:/127.0.0.1:57648 - R:localhost/127.0.0.1:54439] for POST '/session/130adab82552622f512d4c81be97235f/element'
17:47:08.021 [AsyncHttpClient-1-1] DEBUG org.asynchttpclient.netty.channel.DefaultChannelPool - Entry count for : http://localhost:57649 : 1
17:47:09.115 [AsyncHttpClient-1-1] DEBUG org.asynchttpclient.netty.channel.DefaultChannelPool - Entry count for : http://localhost:57649 : 1
17:47:10.023 [AsyncHttpClient-1-2] DEBUG org.asynchttpclient.netty.handler.HttpHandler - 

Request DefaultHttpRequest(decodeResult: success, version: HTTP/1.1)
POST /session/130adab82552622f512d4c81be97235f/element HTTP/1.1
User-Agent: selenium/4.1.2 (java windows)
Content-Length: 117
Content-Type: application/json; charset=utf-8
host: localhost:54439
accept: */*

Response DefaultHttpResponse(decodeResult: success, version: HTTP/1.1)
HTTP/1.1 404 Not Found
Content-Type: application/json; charset=utf-8
cache-control: no-cache
content-length: 985

17:47:10.024 [AsyncHttpClient-1-2] DEBUG org.asynchttpclient.netty.channel.ChannelManager - Adding key: http://localhost:54439 for channel [id: 0xb35e6d0d, L:/127.0.0.1:57648 - R:localhost/127.0.0.1:54439]
17:47:10.139 [Forwarding findElement on session 130adab82552622f512d4c81be97235f to remote] DEBUG org.asynchttpclient.netty.request.NettyRequestSender - Using pooled Channel '[id: 0xb35e6d0d, L:/127.0.0.1:57648 - R:localhost/127.0.0.1:54439]' for 'POST' to 'http://localhost:54439/session/130adab82552622f512d4c81be97235f/element'
17:47:10.139 [Forwarding findElement on session 130adab82552622f512d4c81be97235f to remote] DEBUG org.asynchttpclient.netty.request.NettyRequestSender - Using open Channel [id: 0xb35e6d0d, L:/127.0.0.1:57648 - R:localhost/127.0.0.1:54439] for POST '/session/130adab82552622f512d4c81be97235f/element'
17:47:10.214 [AsyncHttpClient-1-1] DEBUG org.asynchttpclient.netty.channel.DefaultChannelPool - Entry count for : http://localhost:57649 : 1
17:47:11.320 [AsyncHttpClient-1-1] DEBUG org.asynchttpclient.netty.channel.DefaultChannelPool - Entry count for : http://localhost:57649 : 1
17:47:12.204 [AsyncHttpClient-1-2] DEBUG org.asynchttpclient.netty.handler.HttpHandler - 

Request DefaultHttpRequest(decodeResult: success, version: HTTP/1.1)
POST /session/130adab82552622f512d4c81be97235f/element HTTP/1.1
User-Agent: selenium/4.1.2 (java windows)
Content-Length: 117
Content-Type: application/json; charset=utf-8
host: localhost:54439
accept: */*

Response DefaultHttpResponse(decodeResult: success, version: HTTP/1.1)
HTTP/1.1 404 Not Found
Content-Type: application/json; charset=utf-8
cache-control: no-cache
content-length: 985

17:47:12.205 [AsyncHttpClient-1-2] DEBUG org.asynchttpclient.netty.channel.ChannelManager - Adding key: http://localhost:54439 for channel [id: 0xb35e6d0d, L:/127.0.0.1:57648 - R:localhost/127.0.0.1:54439]
17:47:12.246 [Forwarding screenshot on session 130adab82552622f512d4c81be97235f to remote] DEBUG org.asynchttpclient.netty.request.NettyRequestSender - Using pooled Channel '[id: 0xb35e6d0d, L:/127.0.0.1:57648 - R:localhost/127.0.0.1:54439]' for 'GET' to 'http://localhost:54439/session/130adab82552622f512d4c81be97235f/screenshot'
17:47:12.246 [Forwarding screenshot on session 130adab82552622f512d4c81be97235f to remote] DEBUG org.asynchttpclient.netty.request.NettyRequestSender - Using open Channel [id: 0xb35e6d0d, L:/127.0.0.1:57648 - R:localhost/127.0.0.1:54439] for GET '/session/130adab82552622f512d4c81be97235f/screenshot'
17:47:12.367 [AsyncHttpClient-1-2] DEBUG org.asynchttpclient.netty.handler.HttpHandler - 

Request DefaultFullHttpRequest(decodeResult: success, version: HTTP/1.1, content: EmptyByteBufBE)
GET /session/130adab82552622f512d4c81be97235f/screenshot HTTP/1.1
User-Agent: selenium/4.1.2 (java windows)
Cache-Control: no-cache
Content-Type: application/json; charset=utf-8
host: localhost:54439
accept: */*

Response DefaultHttpResponse(decodeResult: success, version: HTTP/1.1)
HTTP/1.1 200 OK
Content-Type: application/json; charset=utf-8
cache-control: no-cache
content-length: 8064

17:47:12.367 [AsyncHttpClient-1-2] DEBUG org.asynchttpclient.netty.channel.ChannelManager - Adding key: http://localhost:54439 for channel [id: 0xb35e6d0d, L:/127.0.0.1:57648 - R:localhost/127.0.0.1:54439]
17:47:12.370 [main] DEBUG net.serenitybdd.core.photography.Darkroom - Send negative for processing for target\site\serenity\3c90801a70fb2c2bfe5fc60b174aa3986624ea5eb79294b52a5a7ca3339080db.png
17:47:12.371 [Darkroom Processing Line] DEBUG net.serenitybdd.core.photography.DarkroomProcessingLine - Processing screenshot image in /var/screenshots/screenshot-13612207563296078732
17:47:12.371 [Darkroom Processing Line] DEBUG net.serenitybdd.core.photography.DarkroomProcessingLine - Saving screenshot to target\site\serenity\3c90801a70fb2c2bfe5fc60b174aa3986624ea5eb79294b52a5a7ca3339080db.png
17:47:12.383 [Forwarding getPageSource on session 130adab82552622f512d4c81be97235f to remote] DEBUG org.asynchttpclient.netty.request.NettyRequestSender - Using pooled Channel '[id: 0xb35e6d0d, L:/127.0.0.1:57648 - R:localhost/127.0.0.1:54439]' for 'POST' to 'http://localhost:54439/session/130adab82552622f512d4c81be97235f/execute/sync'
17:47:12.383 [Forwarding getPageSource on session 130adab82552622f512d4c81be97235f to remote] DEBUG org.asynchttpclient.netty.request.NettyRequestSender - Using open Channel [id: 0xb35e6d0d, L:/127.0.0.1:57648 - R:localhost/127.0.0.1:54439] for POST '/session/130adab82552622f512d4c81be97235f/execute/sync'
17:47:12.395 [AsyncHttpClient-1-2] DEBUG org.asynchttpclient.netty.handler.HttpHandler - 

Request DefaultHttpRequest(decodeResult: success, version: HTTP/1.1)
POST /session/130adab82552622f512d4c81be97235f/execute/sync HTTP/1.1
User-Agent: selenium/4.1.2 (java windows)
Content-Length: 176
Content-Type: application/json; charset=utf-8
host: localhost:54439
accept: */*

Response DefaultHttpResponse(decodeResult: success, version: HTTP/1.1)
HTTP/1.1 200 OK
Content-Type: application/json; charset=utf-8
cache-control: no-cache
content-length: 852

17:47:12.395 [AsyncHttpClient-1-2] DEBUG org.asynchttpclient.netty.channel.ChannelManager - Adding key: http://localhost:54439 for channel [id: 0xb35e6d0d, L:/127.0.0.1:57648 - R:localhost/127.0.0.1:54439]
17:47:12.414 [AsyncHttpClient-1-1] DEBUG org.asynchttpclient.netty.channel.DefaultChannelPool - Entry count for : http://localhost:54439 : 1
17:47:12.414 [AsyncHttpClient-1-1] DEBUG org.asynchttpclient.netty.channel.DefaultChannelPool - Entry count for : http://localhost:57649 : 1
17:47:12.547 [Forwarding getCurrentUrl on session 130adab82552622f512d4c81be97235f to remote] DEBUG org.asynchttpclient.netty.request.NettyRequestSender - Using pooled Channel '[id: 0xb35e6d0d, L:/127.0.0.1:57648 - R:localhost/127.0.0.1:54439]' for 'GET' to 'http://localhost:54439/session/130adab82552622f512d4c81be97235f/url'
17:47:12.547 [Forwarding getCurrentUrl on session 130adab82552622f512d4c81be97235f to remote] DEBUG org.asynchttpclient.netty.request.NettyRequestSender - Using open Channel [id: 0xb35e6d0d, L:/127.0.0.1:57648 - R:localhost/127.0.0.1:54439] for GET '/session/130adab82552622f512d4c81be97235f/url'
17:47:12.553 [AsyncHttpClient-1-2] DEBUG org.asynchttpclient.netty.handler.HttpHandler - 

Request DefaultFullHttpRequest(decodeResult: success, version: HTTP/1.1, content: EmptyByteBufBE)
GET /session/130adab82552622f512d4c81be97235f/url HTTP/1.1
User-Agent: selenium/4.1.2 (java windows)
Cache-Control: no-cache
Content-Type: application/json; charset=utf-8
host: localhost:54439
accept: */*

Response DefaultHttpResponse(decodeResult: success, version: HTTP/1.1)
HTTP/1.1 200 OK
Content-Type: application/json; charset=utf-8
cache-control: no-cache
content-length: 56

17:47:12.553 [AsyncHttpClient-1-2] DEBUG org.asynchttpclient.netty.channel.ChannelManager - Adding key: http://localhost:54439 for channel [id: 0xb35e6d0d, L:/127.0.0.1:57648 - R:localhost/127.0.0.1:54439]
  &amp#27;[31mAnd &amp#27;[0m&amp#27;[31mI select a session&amp#27;[0m                &amp#27;[90m# starter.stepdefinitions.ManageVaccinationBookingsSteps.iSelectASession()&amp#27;[0m
      &amp#27;[31mnet.thucydides.core.webdriver.exceptions.ElementShouldBeEnabledException: Expected enabled element was not enabled
	at net.serenitybdd.core.pages.WebElementFacadeImpl.waitUntilEnabled(WebElementFacadeImpl.java:1100)
	at net.serenitybdd.core.pages.WebElementFacadeImpl.waitUntilElementAvailable(WebElementFacadeImpl.java:888)
	at net.serenitybdd.core.pages.WebElementFacadeImpl.click(WebElementFacadeImpl.java:1182)
	at net.serenitybdd.core.pages.WebElementFacadeImpl.click(WebElementFacadeImpl.java:1201)
	at Automation@1.0-SNAPSHOT/starter.pages.ManageVaccinationBookingsPage.selectUnconfirmedSession(ManageVaccinationBookingsPage.java:121)
	at Automation@1.0-SNAPSHOT/starter.pages.ManageVaccinationBookingsPage$ByteBuddy$8UxQrdCL.selectUnconfirmedSession$accessor$DBxTDoTq(Unknown Source)
	at java.base/jdk.internal.reflect.NativeMethodAccessorImpl.invoke0(Native Method)
	at java.base/jdk.internal.reflect.NativeMethodAccessorImpl.invoke(NativeMethodAccessorImpl.java:62)
	at java.base/jdk.internal.reflect.DelegatingMethodAccessorImpl.invoke(DelegatingMethodAccessorImpl.java:43)
	at java.base/java.lang.reflect.Method.invoke(Method.java:566)
	at net.thucydides.core.steps.BaseMethodRunner.invokeMethod(BaseMethodRunner.java:18)
	at net.thucydides.core.steps.NormalMethodRunner.invokeMethodAndNotifyFailures(NormalMethodRunner.java:18)
	at net.thucydides.core.steps.StepInterceptor.runNormalMethod(StepInterceptor.java:406)
	at net.thucydides.core.steps.StepInterceptor.testStepResult(StepInterceptor.java:191)
	at net.thucydides.core.steps.StepInterceptor.intercept(StepInterceptor.java:84)
	at net.thucydides.core.steps.ProxyConfiguration$InterceptorDispatcher.intercept(ProxyConfiguration.java:51)
	at Automation@1.0-SNAPSHOT/starter.pages.ManageVaccinationBookingsPage$ByteBuddy$8UxQrdCL.selectUnconfirmedSession(Unknown Source)
	at Automation@1.0-SNAPSHOT/starter.stepdefinitions.ManageVaccinationBookingsSteps.iSelectASession(ManageVaccinationBookingsSteps.java:34)
	at âœ½.I select a session(file:///C:/Users/ASUSTUF/OneDrive/Documents/Capstone%20Project/Web%20Automation/src/test/resources/features/ManageVaccinationBookings.feature:10)
Caused by: org.openqa.selenium.TimeoutException: Expected condition failed: waiting for By.xpath: //div[@class='MuiCardActions-root MuiCardActions-spacing css-1k3fh4f'] to be enabled (tried for 5 second(s) with 100 milliseconds interval)
	at org.openqa.selenium.support.ui.FluentWait.timeoutException(FluentWait.java:263)
	at org.openqa.selenium.support.ui.FluentWait.until(FluentWait.java:231)
	at net.serenitybdd.core.pages.WebElementFacadeImpl.waitUntilEnabled(WebElementFacadeImpl.java:1097)
	at net.serenitybdd.core.pages.WebElementFacadeImpl.waitUntilElementAvailable(WebElementFacadeImpl.java:888)
	at net.serenitybdd.core.pages.WebElementFacadeImpl.click(WebElementFacadeImpl.java:1182)
	at net.serenitybdd.core.pages.WebElementFacadeImpl.click(WebElementFacadeImpl.java:1201)
	at Automation@1.0-SNAPSHOT/starter.pages.ManageVaccinationBookingsPage.selectUnconfirmedSession(ManageVaccinationBookingsPage.java:121)
	at Automation@1.0-SNAPSHOT/starter.pages.ManageVaccinationBookingsPage$ByteBuddy$8UxQrdCL.selectUnconfirmedSession$accessor$DBxTDoTq(Unknown Source)
	at java.base/jdk.internal.reflect.NativeMethodAccessorImpl.invoke0(Native Method)
	at java.base/jdk.internal.reflect.NativeMethodAccessorImpl.invoke(NativeMethodAccessorImpl.java:62)
	at java.base/jdk.internal.reflect.DelegatingMethodAccessorImpl.invoke(DelegatingMethodAccessorImpl.java:43)
	at java.base/java.lang.reflect.Method.invoke(Method.java:566)
	at net.thucydides.core.steps.BaseMethodRunner.invokeMethod(BaseMethodRunner.java:18)
	at net.thucydides.core.steps.NormalMethodRunner.invokeMethodAndNotifyFailures(NormalMethodRunner.java:18)
	at net.thucydides.core.steps.StepInterceptor.runNormalMethod(StepInterceptor.java:406)
	at net.thucydides.core.steps.StepInterceptor.testStepResult(StepInterceptor.java:191)
	at net.thucydides.core.steps.StepInterceptor.intercept(StepInterceptor.java:84)
	at net.thucydides.core.steps.ProxyConfiguration$InterceptorDispatcher.intercept(ProxyConfiguration.java:51)
	at Automation@1.0-SNAPSHOT/starter.pages.ManageVaccinationBookingsPage$ByteBuddy$8UxQrdCL.selectUnconfirmedSession(Unknown Source)
	at Automation@1.0-SNAPSHOT/starter.stepdefinitions.ManageVaccinationBookingsSteps.iSelectASession(ManageVaccinationBookingsSteps.java:34)
	at java.base/jdk.internal.reflect.NativeMethodAccessorImpl.invoke0(Native Method)
	at java.base/jdk.internal.reflect.NativeMethodAccessorImpl.invoke(NativeMethodAccessorImpl.java:62)
	at java.base/jdk.internal.reflect.DelegatingMethodAccessorImpl.invoke(DelegatingMethodAccessorImpl.java:43)
	at java.base/java.lang.reflect.Method.invoke(Method.java:566)
	at io.cucumber.java.Invoker.doInvoke(Invoker.java:66)
	at io.cucumber.java.Invoker.invoke(Invoker.java:24)
	at io.cucumber.java.AbstractGlueDefinition.invokeMethod(AbstractGlueDefinition.java:47)
	at io.cucumber.java.JavaStepDefinition.execute(JavaStepDefinition.java:29)
	at io.cucumber.core.runner.CoreStepDefinition.execute(CoreStepDefinition.java:66)
	at io.cucumber.core.runner.PickleStepDefinitionMatch.runStep(PickleStepDefinitionMatch.java:63)
	at io.cucumber.core.runner.ExecutionMode$1.execute(ExecutionMode.java:10)
	at io.cucumber.core.runner.TestStep.executeStep(TestStep.java:86)
	at io.cucumber.core.runner.TestStep.run(TestStep.java:57)
	at io.cucumber.core.runner.PickleStepTestStep.run(PickleStepTestStep.java:51)
	at io.cucumber.core.runner.TestCase.run(TestCase.java:95)
	at io.cucumber.core.runner.Runner.runPickle(Runner.java:75)
	at io.cucumber.junit.PickleRunners$NoStepDescriptions.lambda$run$0(PickleRunners.java:151)
	at io.cucumber.core.runtime.CucumberExecutionContext.lambda$runTestCase$3(CucumberExecutionContext.java:151)
	at io.cucumber.core.runtime.RethrowingThrowableCollector.executeAndThrow(RethrowingThrowableCollector.java:23)
	at io.cucumber.core.runtime.CucumberExecutionContext.runTestCase(CucumberExecutionContext.java:151)
	at io.cucumber.junit.PickleRunners$NoStepDescriptions.run(PickleRunners.java:148)
	at io.cucumber.junit.FeatureRunner.runChild(FeatureRunner.java:144)
	at io.cucumber.junit.FeatureRunner.runChild(FeatureRunner.java:28)
	at org.junit.runners.ParentRunner$4.run(ParentRunner.java:331)
	at org.junit.runners.ParentRunner$1.schedule(ParentRunner.java:79)
	at org.junit.runners.ParentRunner.runChildren(ParentRunner.java:329)
	at org.junit.runners.ParentRunner.access$100(ParentRunner.java:66)
	at org.junit.runners.ParentRunner$2.evaluate(ParentRunner.java:293)
	at org.junit.runners.ParentRunner$3.evaluate(ParentRunner.java:306)
	at org.junit.runners.ParentRunner.run(ParentRunner.java:413)
	at io.cucumber.junit.FeatureRunner.run(FeatureRunner.java:137)
	at io.cucumber.junit.CucumberSerenityRunner.runChild(CucumberSerenityRunner.java:258)
	at io.cucumber.junit.CucumberSerenityRunner.runChild(CucumberSerenityRunner.java:58)
	at org.junit.runners.ParentRunner$4.run(ParentRunner.java:331)
	at org.junit.runners.ParentRunner$1.schedule(ParentRunner.java:79)
	at org.junit.runners.ParentRunner.runChildren(ParentRunner.java:329)
	at org.junit.runners.ParentRunner.access$100(ParentRunner.java:66)
	at org.junit.runners.ParentRunner$2.evaluate(ParentRunner.java:293)
	at io.cucumber.junit.CucumberSerenityRunner$RunCucumber.evaluate(CucumberSerenityRunner.java:287)
	at org.junit.runners.ParentRunner$3.evaluate(ParentRunner.java:306)
	at org.junit.runners.ParentRunner.run(ParentRunner.java:413)
	at org.junit.runner.JUnitCore.run(JUnitCore.java:137)
	at org.junit.runner.JUnitCore.run(JUnitCore.java:115)
	at org.junit.vintage.engine.execution.RunnerExecutor.execute(RunnerExecutor.java:42)
	at org.junit.vintage.engine.VintageTestEngine.executeAllChildren(VintageTestEngine.java:80)
	at org.junit.vintage.engine.VintageTestEngine.execute(VintageTestEngine.java:72)
	at org.junit.platform.launcher.core.EngineExecutionOrchestrator.execute(EngineExecutionOrchestrator.java:107)
	at org.junit.platform.launcher.core.EngineExecutionOrchestrator.execute(EngineExecutionOrchestrator.java:88)
	at org.junit.platform.launcher.core.EngineExecutionOrchestrator.lambda$execute$0(EngineExecutionOrchestrator.java:54)
	at org.junit.platform.launcher.core.EngineExecutionOrchestrator.withInterceptedStreams(EngineExecutionOrchestrator.java:67)
	at org.junit.platform.launcher.core.EngineExecutionOrchestrator.execute(EngineExecutionOrchestrator.java:52)
	at org.junit.platform.launcher.core.DefaultLauncher.execute(DefaultLauncher.java:114)
	at org.junit.platform.launcher.core.DefaultLauncher.execute(DefaultLauncher.java:86)
	at org.junit.platform.launcher.core.DefaultLauncherSession$DelegatingLauncher.execute(DefaultLauncherSession.java:86)
	at org.junit.platform.launcher.core.SessionPerRequestLauncher.execute(SessionPerRequestLauncher.java:53)
	at org.apache.maven.surefire.junitplatform.JUnitPlatformProvider.execute(JUnitPlatformProvider.java:188)
	at org.apache.maven.surefire.junitplatform.JUnitPlatformProvider.invokeAllTests(JUnitPlatformProvider.java:154)
	at org.apache.maven.surefire.junitplatform.JUnitPlatformProvider.invoke(JUnitPlatformProvider.java:128)
	at org.apache.maven.surefire.booter.ForkedBooter.runSuitesInProcess(ForkedBooter.java:428)
	at org.apache.maven.surefire.booter.ForkedBooter.execute(ForkedBooter.java:162)
	at org.apache.maven.surefire.booter.ForkedBooter.run(ForkedBooter.java:562)
	at org.apache.maven.surefire.booter.ForkedBooter.main(ForkedBooter.java:548)
Caused by: org.openqa.selenium.NoSuchElementException: no such element: Unable to locate element: {"method":"xpath","selector":"//div[@class='MuiCardActions-root MuiCardActions-spacing css-1k3fh4f']"}
  (Session info: chrome=108.0.5359.125)
For documentation on this error, please visit: https://selenium.dev/exceptions/#no_such_element
Build info: version: '4.1.2', revision: '9a5a329c5a'
System info: host: 'LAPTOP-CFD9EV6G', ip: '192.168.100.7', os.name: 'Windows 11', os.arch: 'amd64', os.version: '10.0', java.version: '11.0.16'
Driver info: org.openqa.selenium.chrome.ChromeDriver
Command: [130adab82552622f512d4c81be97235f, findElement {using=xpath, value=//div[@class='MuiCardActions-root MuiCardActions-spacing css-1k3fh4f']}]
Capabilities {acceptInsecureCerts: false, browserName: chrome, browserVersion: 108.0.5359.125, chrome: {chromedriverVersion: 108.0.5359.71 (1e0e3868ee06..., userDataDir: C:\Users\ASUSTUF\AppData\Lo...}, goog:chromeOptions: {debuggerAddress: localhost:57649}, javascriptEnabled: true, networkConnectionEnabled: false, pageLoadStrategy: normal, platform: WINDOWS, platformName: WINDOWS, proxy: Proxy(), se:cdp: ws://localhost:57649/devtoo..., se:cdpVersion: 108.0.5359.125, setWindowRect: true, strictFileInteractability: false, timeouts: {implicit: 0, pageLoad: 300000, script: 30000}, unhandledPromptBehavior: dismiss and notify, webauthn:extension:credBlob: true, webauthn:extension:largeBlob: true, webauthn:virtualAuthenticators: true}
Session ID: 130adab82552622f512d4c81be97235f
	at java.base/jdk.internal.reflect.NativeConstructorAccessorImpl.newInstance0(Native Method)
	at java.base/jdk.internal.reflect.NativeConstructorAccessorImpl.newInstance(NativeConstructorAccessorImpl.java:62)
	at java.base/jdk.internal.reflect.DelegatingConstructorAccessorImpl.newInstance(DelegatingConstructorAccessorImpl.java:45)
	at java.base/java.lang.reflect.Constructor.newInstance(Constructor.java:490)
	at org.openqa.selenium.remote.codec.w3c.W3CHttpResponseCodec.createException(W3CHttpResponseCodec.java:200)
	at org.openqa.selenium.remote.codec.w3c.W3CHttpResponseCodec.decode(W3CHttpResponseCodec.java:133)
	at org.openqa.selenium.remote.codec.w3c.W3CHttpResponseCodec.decode(W3CHttpResponseCodec.java:53)
	at org.openqa.selenium.remote.HttpCommandExecutor.execute(HttpCommandExecutor.java:184)
	at org.openqa.selenium.remote.service.DriverCommandExecutor.invokeExecute(DriverCommandExecutor.java:167)
	at org.openqa.selenium.remote.service.DriverCommandExecutor.execute(DriverCommandExecutor.java:142)
	at org.openqa.selenium.remote.RemoteWebDriver.execute(RemoteWebDriver.java:558)
	at org.openqa.selenium.remote.ElementLocation$ElementFinder$2.findElement(ElementLocation.java:162)
	at org.openqa.selenium.remote.ElementLocation.findElement(ElementLocation.java:60)
	at org.openqa.selenium.remote.RemoteWebDriver.findElement(RemoteWebDriver.java:382)
	at org.openqa.selenium.remote.RemoteWebDriver.findElement(RemoteWebDriver.java:374)
	at net.thucydides.core.webdriver.WebDriverFacade.findElement(WebDriverFacade.java:224)
	at net.serenitybdd.core.pages.WebElementResolverByLocator.resolveForDriver(WebElementResolverByLocator.java:25)
	at net.serenitybdd.core.pages.WebElementFacadeImpl.getResolvedElement(WebElementFacadeImpl.java:191)
	at net.serenitybdd.core.pages.WebElementFacadeImpl.getElement(WebElementFacadeImpl.java:186)
	at net.serenitybdd.core.pages.WebElementExpectations$3.apply(WebElementExpectations.java:63)
	at net.serenitybdd.core.pages.WebElementExpectations$3.apply(WebElementExpectations.java:55)
	at org.openqa.selenium.support.ui.FluentWait.until(FluentWait.java:208)
	... 80 more
&amp#27;[0m
  &amp#27;[36mAnd &amp#27;[0m&amp#27;[36mI click check button&amp#27;[0m              &amp#27;[90m# starter.stepdefinitions.ManageVaccinationBookingsSteps.iClickCheckButton()&amp#27;[0m
  &amp#27;[36mThen &amp#27;[0m&amp#27;[36mthe booking will be approved&amp#27;[0m     &amp#27;[90m# starter.stepdefinitions.ManageVaccinationBookingsSteps.theBookingWillBeApproved()&amp#27;[0m
17:47:12.640 [main] ERROR  - 
  _____   ___   ___   _____     ___     _     ___   _      ___   ___  
 |_   _| | __| / __| |_   _|   | __|   /_\   |_ _| | |    | __| |   \ 
   | |   | _|  \__ \   | |     | _|   / _ \   | |  | |__  | _|  | |) |
   |_|   |___| |___/   |_|     |_|   /_/ \_\ |___| |____| |___| |___/ 

Approve a vaccination booking
-----------------------------------------------------------------------
17:47:12.642 [main] DEBUG  - RELATED ISSUES: 
17:47:12.645 [main] ERROR  -     Test failed at step: Select unconfirmed session
17:47:12.645 [main] ERROR  -     Expected enabled element was not enabled
17:47:12.811 [Driver Command Executor] DEBUG org.asynchttpclient.netty.request.NettyRequestSender - Using pooled Channel '[id: 0xb35e6d0d, L:/127.0.0.1:57648 - R:localhost/127.0.0.1:54439]' for 'DELETE' to 'http://localhost:54439/session/130adab82552622f512d4c81be97235f'
17:47:12.811 [Driver Command Executor] DEBUG org.asynchttpclient.netty.request.NettyRequestSender - Using open Channel [id: 0xb35e6d0d, L:/127.0.0.1:57648 - R:localhost/127.0.0.1:54439] for DELETE '/session/130adab82552622f512d4c81be97235f'
17:47:12.814 [AsyncHttpClient-1-4] DEBUG org.asynchttpclient.netty.handler.WebSocketHandler - Channel Closed: [id: 0xc089f247, L:/127.0.0.1:57657 ! R:localhost/127.0.0.1:57649] with attribute NettyResponseFuture{currentRetry=5,
	isDone=1,
	isCancelled=0,
	asyncHandler=org.asynchttpclient.ws.WebSocketUpgradeHandler@4004d4fa,
	nettyRequest=org.asynchttpclient.netty.request.NettyRequest@6894b5b1,
	future=java.util.concurrent.CompletableFuture@48e537d[Completed normally],
	uri=ws://localhost:57649/devtools/browser/1177a8e1-16f9-416d-a69b-edf8700adf07,
	keepAlive=true,
	redirectCount=0,
	timeoutsHolder=null,
	inAuth=0,
	touch=1671446818662}
17:47:12.815 [AsyncHttpClient-1-4] DEBUG org.asynchttpclient.netty.channel.ChannelManager - Closing Channel [id: 0xc089f247, L:/127.0.0.1:57657 ! R:localhost/127.0.0.1:57649] 
17:47:12.855 [AsyncHttpClient-1-3] DEBUG org.asynchttpclient.netty.handler.HttpHandler - Unexpected I/O exception on channel [id: 0xd31e4b08, L:/127.0.0.1:57656 - R:localhost/127.0.0.1:57649]
java.io.IOException: An existing connection was forcibly closed by the remote host
	at java.base/sun.nio.ch.SocketDispatcher.read0(Native Method)
	at java.base/sun.nio.ch.SocketDispatcher.read(SocketDispatcher.java:43)
	at java.base/sun.nio.ch.IOUtil.readIntoNativeBuffer(IOUtil.java:276)
	at java.base/sun.nio.ch.IOUtil.read(IOUtil.java:233)
	at java.base/sun.nio.ch.IOUtil.read(IOUtil.java:223)
	at java.base/sun.nio.ch.SocketChannelImpl.read(SocketChannelImpl.java:358)
	at io.netty.buffer.PooledByteBuf.setBytes(PooledByteBuf.java:258)
	at io.netty.buffer.AbstractByteBuf.writeBytes(AbstractByteBuf.java:1132)
	at io.netty.channel.socket.nio.NioSocketChannel.doReadBytes(NioSocketChannel.java:350)
	at io.netty.channel.nio.AbstractNioByteChannel$NioByteUnsafe.read(AbstractNioByteChannel.java:151)
	at io.netty.channel.nio.NioEventLoop.processSelectedKey(NioEventLoop.java:722)
	at io.netty.channel.nio.NioEventLoop.processSelectedKeysOptimized(NioEventLoop.java:658)
	at io.netty.channel.nio.NioEventLoop.processSelectedKeys(NioEventLoop.java:584)
	at io.netty.channel.nio.NioEventLoop.run(NioEventLoop.java:496)
	at io.netty.util.concurrent.SingleThreadEventExecutor$4.run(SingleThreadEventExecutor.java:986)
	at io.netty.util.internal.ThreadExecutorMap$2.run(ThreadExecutorMap.java:74)
	at io.netty.util.concurrent.FastThreadLocalRunnable.run(FastThreadLocalRunnable.java:30)
	at java.base/java.lang.Thread.run(Thread.java:834)
17:47:12.856 [AsyncHttpClient-1-3] DEBUG org.asynchttpclient.netty.channel.ChannelManager - Closing Channel [id: 0xd31e4b08, L:/127.0.0.1:57656 - R:localhost/127.0.0.1:57649] 
17:47:12.859 [AsyncHttpClient-1-3] DEBUG org.asynchttpclient.netty.handler.HttpHandler - Channel Closed: [id: 0xd31e4b08, L:/127.0.0.1:57656 ! R:localhost/127.0.0.1:57649] with attribute DISCARD
17:47:12.875 [AsyncHttpClient-1-2] DEBUG org.asynchttpclient.netty.handler.HttpHandler - 

Request DefaultFullHttpRequest(decodeResult: success, version: HTTP/1.1, content: EmptyByteBufBE)
DELETE /session/130adab82552622f512d4c81be97235f HTTP/1.1
User-Agent: selenium/4.1.2 (java windows)
Content-Type: application/json; charset=utf-8
host: localhost:54439
accept: */*

Response DefaultHttpResponse(decodeResult: success, version: HTTP/1.1)
HTTP/1.1 200 OK
Content-Type: application/json; charset=utf-8
cache-control: no-cache
content-length: 14

17:47:12.875 [AsyncHttpClient-1-2] DEBUG org.asynchttpclient.netty.channel.ChannelManager - Adding key: http://localhost:54439 for channel [id: 0xb35e6d0d, L:/127.0.0.1:57648 - R:localhost/127.0.0.1:54439]
17:47:12.975 [AsyncHttpClient-1-2] DEBUG org.asynchttpclient.netty.handler.HttpHandler - Channel Closed: [id: 0xb35e6d0d, L:/127.0.0.1:57648 ! R:localhost/127.0.0.1:54439] with attribute DISCARD
]]></system-out>
    <system-err><![CDATA[Starting ChromeDriver 108.0.5359.71 (1e0e3868ee06e91ad636a874420e3ca3ae3756ac-refs/branch-heads/5359@{#1016}) on port 54439
Only local connections are allowed.
Please see https://chromedriver.chromium.org/security-considerations for suggestions on keeping ChromeDriver safe.
ChromeDriver was started successfully.
Dec 19, 2022 5:46:58 PM org.openqa.selenium.remote.ProtocolHandshake createSession
INFO: Detected dialect: W3C
Dec 19, 2022 5:46:58 PM org.openqa.selenium.devtools.CdpVersionFinder findNearestMatch
WARNING: Unable to find an exact match for CDP version 108, so returning the closest version found: a no-op implementation
Dec 19, 2022 5:46:58 PM org.openqa.selenium.devtools.CdpVersionFinder findNearestMatch
INFO: Unable to find CDP implementation matching 108.
Dec 19, 2022 5:46:58 PM org.openqa.selenium.chromium.ChromiumDriver lambda$new$3
WARNING: Unable to find version of CDP to use for . You may need to include a dependency on a specific version of the CDP using something similar to `org.seleniumhq.selenium:selenium-devtools-v86:4.1.2` where the version ("v86") matches the version of the chromium-based browser you're using and the version number of the artifact is the same as Selenium's.
]]></system-err>
  </testcase>
  <testcase name="Approve all vaccination bookings" classname="Manage vaccination bookings" time="13.805">
    <error type="net.thucydides.core.webdriver.exceptions.ElementShouldBeEnabledException"><![CDATA[net.thucydides.core.webdriver.exceptions.ElementShouldBeEnabledException: Expected enabled element was not enabled
Caused by: org.openqa.selenium.TimeoutException: Expected condition failed: waiting for By.xpath: //div[@class='MuiCardActions-root MuiCardActions-spacing css-1k3fh4f'] to be enabled (tried for 5 second(s) with 100 milliseconds interval)
Caused by: org.openqa.selenium.NoSuchElementException: 
no such element: Unable to locate element: {"method":"xpath","selector":"//div[@class='MuiCardActions-root MuiCardActions-spacing css-1k3fh4f']"}
  (Session info: chrome=108.0.5359.125)
For documentation on this error, please visit: https://selenium.dev/exceptions/#no_such_element
Build info: version: '4.1.2', revision: '9a5a329c5a'
System info: host: 'LAPTOP-CFD9EV6G', ip: '192.168.100.7', os.name: 'Windows 11', os.arch: 'amd64', os.version: '10.0', java.version: '11.0.16'
Driver info: org.openqa.selenium.chrome.ChromeDriver
Command: [5e0421aecbfcb8b8d729081f3601ff7d, findElement {using=xpath, value=//div[@class='MuiCardActions-root MuiCardActions-spacing css-1k3fh4f']}]
Capabilities {acceptInsecureCerts: false, browserName: chrome, browserVersion: 108.0.5359.125, chrome: {chromedriverVersion: 108.0.5359.71 (1e0e3868ee06..., userDataDir: C:\Users\ASUSTUF\AppData\Lo...}, goog:chromeOptions: {debuggerAddress: localhost:57685}, javascriptEnabled: true, networkConnectionEnabled: false, pageLoadStrategy: normal, platform: WINDOWS, platformName: WINDOWS, proxy: Proxy(), se:cdp: ws://localhost:57685/devtoo..., se:cdpVersion: 108.0.5359.125, setWindowRect: true, strictFileInteractability: false, timeouts: {implicit: 0, pageLoad: 300000, script: 30000}, unhandledPromptBehavior: dismiss and notify, webauthn:extension:credBlob: true, webauthn:extension:largeBlob: true, webauthn:virtualAuthenticators: true}
Session ID: 5e0421aecbfcb8b8d729081f3601ff7d
]]></error>
    <system-out><![CDATA[
Scenario: Approve all vaccination bookings &amp#27;[90m# src/test/resources/features/ManageVaccinationBookings.feature:14&amp#27;[0m
17:47:13.127 [main] INFO io.cucumber.core.plugin.SerenityReporter - Running feature from file:///C:/Users/ASUSTUF/OneDrive/Documents/Capstone%20Project/Web%20Automation/src/test/resources/features/ManageVaccinationBookings.feature
17:47:13.132 [main] INFO  - 
  _____   ___   ___   _____     ___   _____     _     ___   _____   ___   ___  
 |_   _| | __| / __| |_   _|   / __| |_   _|   /_\   | _ \ |_   _| | __| |   \ 
   | |   | _|  \__ \   | |     \__ \   | |    / _ \  |   /   | |   | _|  | |) |
   |_|   |___| |___/   |_|     |___/   |_|   /_/ \_\ |_|_\   |_|   |___| |___/ 

Approve all vaccination bookings(manage-vaccination-bookings;approve-all-vaccination-bookings)
--------------------------------------------------------------------------------
17:47:13.163 [main] INFO net.serenitybdd.core.webdriver.driverproviders.ChromeDriverProvider - Using automatically driver download
17:47:13.374 [main] DEBUG io.github.bonigarcia.wdm.cache.ResolutionCache - Resolution chrome=108 in cache (valid until 18:33:56 19/12/2022 ICT)
17:47:13.383 [main] DEBUG io.github.bonigarcia.wdm.cache.ResolutionCache - Resolution chrome108=108.0.5359.71 in cache (valid until 12:44:30 20/12/2022 ICT)
17:47:13.386 [main] INFO io.github.bonigarcia.wdm.WebDriverManager - Using chromedriver 108.0.5359.71 (resolved driver for Chrome 108)
17:47:13.415 [main] DEBUG io.github.bonigarcia.wdm.WebDriverManager - Driver chromedriver 108.0.5359.71 found in cache
17:47:13.416 [main] INFO io.github.bonigarcia.wdm.WebDriverManager - Exporting webdriver.chrome.driver as C:\Users\ASUSTUF\.cache\selenium\chromedriver\win32\108.0.5359.71\chromedriver.exe
17:47:13.523 [AsyncHttpClient-1-1] DEBUG org.asynchttpclient.netty.channel.DefaultChannelPool - Entry count for : http://localhost:54439 : 1
17:47:13.528 [AsyncHttpClient-1-1] DEBUG org.asynchttpclient.netty.channel.DefaultChannelPool - Entry count for : http://localhost:57649 : 1
17:47:13.534 [AsyncHttpClient-1-1] DEBUG org.asynchttpclient.netty.channel.DefaultChannelPool - Adding Candidate expired Channel [id: 0xb35e6d0d, L:/127.0.0.1:57648 ! R:localhost/127.0.0.1:54439] isIdleTimeoutExpired=false isRemotelyClosed=true isTtlExpired=false
17:47:13.535 [AsyncHttpClient-1-1] DEBUG org.asynchttpclient.netty.channel.DefaultChannelPool - Closing Idle Channel [id: 0xb35e6d0d, L:/127.0.0.1:57648 ! R:localhost/127.0.0.1:54439]
17:47:13.540 [AsyncHttpClient-1-1] DEBUG org.asynchttpclient.netty.channel.DefaultChannelPool - Adding Candidate expired Channel [id: 0xd31e4b08, L:/127.0.0.1:57656 ! R:localhost/127.0.0.1:57649] isIdleTimeoutExpired=false isRemotelyClosed=true isTtlExpired=false
17:47:13.540 [AsyncHttpClient-1-1] DEBUG org.asynchttpclient.netty.channel.DefaultChannelPool - Closing Idle Channel [id: 0xd31e4b08, L:/127.0.0.1:57656 ! R:localhost/127.0.0.1:57649]
17:47:13.540 [AsyncHttpClient-1-1] DEBUG org.asynchttpclient.netty.channel.DefaultChannelPool - Closed 2 connections out of 2 in 7 ms
17:47:13.644 [main] DEBUG net.serenitybdd.core.webdriver.driverproviders.ProvideNewDriver - Instantiating driver
17:47:13.646 [main] DEBUG net.serenitybdd.core.webdriver.driverproviders.ProvideNewDriver - Driver capabilities: Capabilities {acceptInsecureCerts: false, base.url: https://vaksin-id.netlify.app/, browserName: chrome, chrome.driver: src/test/resources/webdrive..., driver: chrome, goog:chromeOptions: {args: [], extensions: []}}
17:47:14.412 [AsyncHttpClient-1-5] DEBUG org.asynchttpclient.netty.channel.NettyConnectListener - Using new Channel '[id: 0x4a080b09, L:/127.0.0.1:57684 - R:localhost/127.0.0.1:58291]' for 'POST' to '/session'
17:47:15.392 [AsyncHttpClient-1-5] DEBUG org.asynchttpclient.netty.handler.HttpHandler - 

Request DefaultHttpRequest(decodeResult: success, version: HTTP/1.1)
POST /session HTTP/1.1
User-Agent: selenium/4.1.2 (java windows)
Content-Length: 616
Content-Type: application/json; charset=utf-8
host: localhost:58291
accept: */*

Response DefaultHttpResponse(decodeResult: success, version: HTTP/1.1)
HTTP/1.1 200 OK
Content-Type: application/json; charset=utf-8
cache-control: no-cache
content-length: 793

17:47:15.393 [AsyncHttpClient-1-5] DEBUG org.asynchttpclient.netty.channel.ChannelManager - Adding key: http://localhost:58291 for channel [id: 0x4a080b09, L:/127.0.0.1:57684 - R:localhost/127.0.0.1:58291]
17:47:15.409 [AsyncHttpClient-1-6] DEBUG org.asynchttpclient.netty.channel.NettyConnectListener - Using new Channel '[id: 0x53a0c707, L:/127.0.0.1:57691 - R:localhost/127.0.0.1:57685]' for 'GET' to '/json/version'
17:47:15.425 [AsyncHttpClient-1-6] DEBUG org.asynchttpclient.netty.handler.HttpHandler - 

Request DefaultFullHttpRequest(decodeResult: success, version: HTTP/1.1, content: EmptyByteBufBE)
GET /json/version HTTP/1.1
User-Agent: selenium/4.1.2 (java windows)
host: localhost:57685
accept: */*

Response DefaultHttpResponse(decodeResult: success, version: HTTP/1.1)
HTTP/1.1 200 OK
Content-Type: application/json; charset=UTF-8
content-length: 424

17:47:15.426 [AsyncHttpClient-1-6] DEBUG org.asynchttpclient.netty.channel.ChannelManager - Adding key: http://localhost:57685 for channel [id: 0x53a0c707, L:/127.0.0.1:57691 - R:localhost/127.0.0.1:57685]
17:47:15.438 [AsyncHttpClient-1-7] DEBUG org.asynchttpclient.netty.channel.NettyConnectListener - Using new Channel '[id: 0x456155a9, L:/127.0.0.1:57692 - R:localhost/127.0.0.1:57685]' for 'GET' to '/devtools/browser/91106367-f6fe-47fa-ae88-7a66e92d5d3d'
17:47:15.453 [AsyncHttpClient-1-7] DEBUG org.asynchttpclient.netty.handler.WebSocketHandler - 

Request DefaultFullHttpRequest(decodeResult: success, version: HTTP/1.1, content: EmptyByteBufBE)
GET /devtools/browser/91106367-f6fe-47fa-ae88-7a66e92d5d3d HTTP/1.1
upgrade: websocket
connection: upgrade
sec-websocket-key: ChKor7XeZR1cgPUkanPPpg==
sec-websocket-version: 13
origin: http://localhost:57685
host: localhost:57685
accept: */*
user-agent: AHC/2.1

Response DefaultHttpResponse(decodeResult: success, version: HTTP/1.1)
HTTP/1.1 101 WebSocket Protocol Handshake
Upgrade: WebSocket
Connection: Upgrade
Sec-WebSocket-Accept: oh+4008jW8kpLKuj6tbuMk3oebA=

17:47:15.465 [Forwarding get on session 5e0421aecbfcb8b8d729081f3601ff7d to remote] DEBUG org.asynchttpclient.netty.request.NettyRequestSender - Using pooled Channel '[id: 0x4a080b09, L:/127.0.0.1:57684 - R:localhost/127.0.0.1:58291]' for 'POST' to 'http://localhost:58291/session/5e0421aecbfcb8b8d729081f3601ff7d/url'
17:47:15.466 [Forwarding get on session 5e0421aecbfcb8b8d729081f3601ff7d to remote] DEBUG org.asynchttpclient.netty.request.NettyRequestSender - Using open Channel [id: 0x4a080b09, L:/127.0.0.1:57684 - R:localhost/127.0.0.1:58291] for POST '/session/5e0421aecbfcb8b8d729081f3601ff7d/url'
17:47:15.714 [AsyncHttpClient-1-1] DEBUG org.asynchttpclient.netty.channel.DefaultChannelPool - Entry count for : http://localhost:57685 : 1
17:47:16.499 [AsyncHttpClient-1-5] DEBUG org.asynchttpclient.netty.handler.HttpHandler - 

Request DefaultHttpRequest(decodeResult: success, version: HTTP/1.1)
POST /session/5e0421aecbfcb8b8d729081f3601ff7d/url HTTP/1.1
User-Agent: selenium/4.1.2 (java windows)
Content-Length: 60
Content-Type: application/json; charset=utf-8
host: localhost:58291
accept: */*

Response DefaultHttpResponse(decodeResult: success, version: HTTP/1.1)
HTTP/1.1 200 OK
Content-Type: application/json; charset=utf-8
cache-control: no-cache
content-length: 14

17:47:16.500 [AsyncHttpClient-1-5] DEBUG org.asynchttpclient.netty.channel.ChannelManager - Adding key: http://localhost:58291 for channel [id: 0x4a080b09, L:/127.0.0.1:57684 - R:localhost/127.0.0.1:58291]
17:47:16.508 [Forwarding setTimeout on session 5e0421aecbfcb8b8d729081f3601ff7d to remote] DEBUG org.asynchttpclient.netty.request.NettyRequestSender - Using pooled Channel '[id: 0x4a080b09, L:/127.0.0.1:57684 - R:localhost/127.0.0.1:58291]' for 'POST' to 'http://localhost:58291/session/5e0421aecbfcb8b8d729081f3601ff7d/timeouts'
17:47:16.509 [Forwarding setTimeout on session 5e0421aecbfcb8b8d729081f3601ff7d to remote] DEBUG org.asynchttpclient.netty.request.NettyRequestSender - Using open Channel [id: 0x4a080b09, L:/127.0.0.1:57684 - R:localhost/127.0.0.1:58291] for POST '/session/5e0421aecbfcb8b8d729081f3601ff7d/timeouts'
17:47:16.513 [AsyncHttpClient-1-5] DEBUG org.asynchttpclient.netty.handler.HttpHandler - 

Request DefaultHttpRequest(decodeResult: success, version: HTTP/1.1)
POST /session/5e0421aecbfcb8b8d729081f3601ff7d/timeouts HTTP/1.1
User-Agent: selenium/4.1.2 (java windows)
Content-Length: 22
Content-Type: application/json; charset=utf-8
host: localhost:58291
accept: */*

Response DefaultHttpResponse(decodeResult: success, version: HTTP/1.1)
HTTP/1.1 200 OK
Content-Type: application/json; charset=utf-8
cache-control: no-cache
content-length: 14

17:47:16.513 [AsyncHttpClient-1-5] DEBUG org.asynchttpclient.netty.channel.ChannelManager - Adding key: http://localhost:58291 for channel [id: 0x4a080b09, L:/127.0.0.1:57684 - R:localhost/127.0.0.1:58291]
17:47:16.524 [Forwarding getCurrentUrl on session 5e0421aecbfcb8b8d729081f3601ff7d to remote] DEBUG org.asynchttpclient.netty.request.NettyRequestSender - Using pooled Channel '[id: 0x4a080b09, L:/127.0.0.1:57684 - R:localhost/127.0.0.1:58291]' for 'GET' to 'http://localhost:58291/session/5e0421aecbfcb8b8d729081f3601ff7d/url'
17:47:16.524 [Forwarding getCurrentUrl on session 5e0421aecbfcb8b8d729081f3601ff7d to remote] DEBUG org.asynchttpclient.netty.request.NettyRequestSender - Using open Channel [id: 0x4a080b09, L:/127.0.0.1:57684 - R:localhost/127.0.0.1:58291] for GET '/session/5e0421aecbfcb8b8d729081f3601ff7d/url'
17:47:16.584 [AsyncHttpClient-1-5] DEBUG org.asynchttpclient.netty.handler.HttpHandler - 

Request DefaultFullHttpRequest(decodeResult: success, version: HTTP/1.1, content: EmptyByteBufBE)
GET /session/5e0421aecbfcb8b8d729081f3601ff7d/url HTTP/1.1
User-Agent: selenium/4.1.2 (java windows)
Cache-Control: no-cache
Content-Type: application/json; charset=utf-8
host: localhost:58291
accept: */*

Response DefaultHttpResponse(decodeResult: success, version: HTTP/1.1)
HTTP/1.1 200 OK
Content-Type: application/json; charset=utf-8
cache-control: no-cache
content-length: 42

17:47:16.585 [AsyncHttpClient-1-5] DEBUG org.asynchttpclient.netty.channel.ChannelManager - Adding key: http://localhost:58291 for channel [id: 0x4a080b09, L:/127.0.0.1:57684 - R:localhost/127.0.0.1:58291]
  &amp#27;[32mGiven &amp#27;[0m&amp#27;[32mI am on landing page&amp#27;[0m               &amp#27;[90m# starter.stepdefinitions.ManageVaccinationBookingsSteps.iAmOnLandingPage()&amp#27;[0m
17:47:16.601 [Forwarding screenshot on session 5e0421aecbfcb8b8d729081f3601ff7d to remote] DEBUG org.asynchttpclient.netty.request.NettyRequestSender - Using pooled Channel '[id: 0x4a080b09, L:/127.0.0.1:57684 - R:localhost/127.0.0.1:58291]' for 'GET' to 'http://localhost:58291/session/5e0421aecbfcb8b8d729081f3601ff7d/screenshot'
17:47:16.601 [Forwarding screenshot on session 5e0421aecbfcb8b8d729081f3601ff7d to remote] DEBUG org.asynchttpclient.netty.request.NettyRequestSender - Using open Channel [id: 0x4a080b09, L:/127.0.0.1:57684 - R:localhost/127.0.0.1:58291] for GET '/session/5e0421aecbfcb8b8d729081f3601ff7d/screenshot'
17:47:16.818 [AsyncHttpClient-1-1] DEBUG org.asynchttpclient.netty.channel.DefaultChannelPool - Entry count for : http://localhost:57685 : 1
17:47:17.744 [AsyncHttpClient-1-5] DEBUG org.asynchttpclient.netty.handler.HttpHandler - 

Request DefaultFullHttpRequest(decodeResult: success, version: HTTP/1.1, content: EmptyByteBufBE)
GET /session/5e0421aecbfcb8b8d729081f3601ff7d/screenshot HTTP/1.1
User-Agent: selenium/4.1.2 (java windows)
Cache-Control: no-cache
Content-Type: application/json; charset=utf-8
host: localhost:58291
accept: */*

Response DefaultHttpResponse(decodeResult: success, version: HTTP/1.1)
HTTP/1.1 200 OK
Content-Type: application/json; charset=utf-8
cache-control: no-cache
content-length: 847132

17:47:17.768 [AsyncHttpClient-1-5] DEBUG org.asynchttpclient.netty.channel.ChannelManager - Adding key: http://localhost:58291 for channel [id: 0x4a080b09, L:/127.0.0.1:57684 - R:localhost/127.0.0.1:58291]
17:47:17.810 [main] DEBUG net.serenitybdd.core.photography.Darkroom - Send negative for processing for target\site\serenity\ff3b83dd42f508d91c0c8488aed412149de34b436c7528a8caa8428592644731.png
17:47:17.819 [Forwarding findElement on session 5e0421aecbfcb8b8d729081f3601ff7d to remote] DEBUG org.asynchttpclient.netty.request.NettyRequestSender - Using pooled Channel '[id: 0x4a080b09, L:/127.0.0.1:57684 - R:localhost/127.0.0.1:58291]' for 'POST' to 'http://localhost:58291/session/5e0421aecbfcb8b8d729081f3601ff7d/element'
17:47:17.819 [Forwarding findElement on session 5e0421aecbfcb8b8d729081f3601ff7d to remote] DEBUG org.asynchttpclient.netty.request.NettyRequestSender - Using open Channel [id: 0x4a080b09, L:/127.0.0.1:57684 - R:localhost/127.0.0.1:58291] for POST '/session/5e0421aecbfcb8b8d729081f3601ff7d/element'
17:47:17.835 [AsyncHttpClient-1-5] DEBUG org.asynchttpclient.netty.handler.HttpHandler - 

Request DefaultHttpRequest(decodeResult: success, version: HTTP/1.1)
POST /session/5e0421aecbfcb8b8d729081f3601ff7d/element HTTP/1.1
User-Agent: selenium/4.1.2 (java windows)
Content-Length: 315
Content-Type: application/json; charset=utf-8
host: localhost:58291
accept: */*

Response DefaultHttpResponse(decodeResult: success, version: HTTP/1.1)
HTTP/1.1 200 OK
Content-Type: application/json; charset=utf-8
cache-control: no-cache
content-length: 88

17:47:17.835 [AsyncHttpClient-1-5] DEBUG org.asynchttpclient.netty.channel.ChannelManager - Adding key: http://localhost:58291 for channel [id: 0x4a080b09, L:/127.0.0.1:57684 - R:localhost/127.0.0.1:58291]
17:47:17.839 [Forwarding getElementTagName on session 5e0421aecbfcb8b8d729081f3601ff7d to remote] DEBUG org.asynchttpclient.netty.request.NettyRequestSender - Using pooled Channel '[id: 0x4a080b09, L:/127.0.0.1:57684 - R:localhost/127.0.0.1:58291]' for 'GET' to 'http://localhost:58291/session/5e0421aecbfcb8b8d729081f3601ff7d/element/4dcfd29f-1eef-4fc4-9cde-78a0a1c4a6fa/name'
17:47:17.840 [Forwarding getElementTagName on session 5e0421aecbfcb8b8d729081f3601ff7d to remote] DEBUG org.asynchttpclient.netty.request.NettyRequestSender - Using open Channel [id: 0x4a080b09, L:/127.0.0.1:57684 - R:localhost/127.0.0.1:58291] for GET '/session/5e0421aecbfcb8b8d729081f3601ff7d/element/4dcfd29f-1eef-4fc4-9cde-78a0a1c4a6fa/name'
17:47:17.850 [AsyncHttpClient-1-5] DEBUG org.asynchttpclient.netty.handler.HttpHandler - 

Request DefaultFullHttpRequest(decodeResult: success, version: HTTP/1.1, content: EmptyByteBufBE)
GET /session/5e0421aecbfcb8b8d729081f3601ff7d/element/4dcfd29f-1eef-4fc4-9cde-78a0a1c4a6fa/name HTTP/1.1
User-Agent: selenium/4.1.2 (java windows)
Cache-Control: no-cache
Content-Type: application/json; charset=utf-8
host: localhost:58291
accept: */*

Response DefaultHttpResponse(decodeResult: success, version: HTTP/1.1)
HTTP/1.1 200 OK
Content-Type: application/json; charset=utf-8
cache-control: no-cache
content-length: 18

17:47:17.850 [AsyncHttpClient-1-5] DEBUG org.asynchttpclient.netty.channel.ChannelManager - Adding key: http://localhost:58291 for channel [id: 0x4a080b09, L:/127.0.0.1:57684 - R:localhost/127.0.0.1:58291]
17:47:17.852 [Forwarding getElementTagName on session 5e0421aecbfcb8b8d729081f3601ff7d to remote] DEBUG org.asynchttpclient.netty.request.NettyRequestSender - Using pooled Channel '[id: 0x4a080b09, L:/127.0.0.1:57684 - R:localhost/127.0.0.1:58291]' for 'GET' to 'http://localhost:58291/session/5e0421aecbfcb8b8d729081f3601ff7d/element/4dcfd29f-1eef-4fc4-9cde-78a0a1c4a6fa/name'
17:47:17.852 [Forwarding getElementTagName on session 5e0421aecbfcb8b8d729081f3601ff7d to remote] DEBUG org.asynchttpclient.netty.request.NettyRequestSender - Using open Channel [id: 0x4a080b09, L:/127.0.0.1:57684 - R:localhost/127.0.0.1:58291] for GET '/session/5e0421aecbfcb8b8d729081f3601ff7d/element/4dcfd29f-1eef-4fc4-9cde-78a0a1c4a6fa/name'
17:47:17.861 [AsyncHttpClient-1-5] DEBUG org.asynchttpclient.netty.handler.HttpHandler - 

Request DefaultFullHttpRequest(decodeResult: success, version: HTTP/1.1, content: EmptyByteBufBE)
GET /session/5e0421aecbfcb8b8d729081f3601ff7d/element/4dcfd29f-1eef-4fc4-9cde-78a0a1c4a6fa/name HTTP/1.1
User-Agent: selenium/4.1.2 (java windows)
Cache-Control: no-cache
Content-Type: application/json; charset=utf-8
host: localhost:58291
accept: */*

Response DefaultHttpResponse(decodeResult: success, version: HTTP/1.1)
HTTP/1.1 200 OK
Content-Type: application/json; charset=utf-8
cache-control: no-cache
content-length: 18

17:47:17.861 [AsyncHttpClient-1-5] DEBUG org.asynchttpclient.netty.channel.ChannelManager - Adding key: http://localhost:58291 for channel [id: 0x4a080b09, L:/127.0.0.1:57684 - R:localhost/127.0.0.1:58291]
17:47:17.864 [Forwarding isElementEnabled on session 5e0421aecbfcb8b8d729081f3601ff7d to remote] DEBUG org.asynchttpclient.netty.request.NettyRequestSender - Using pooled Channel '[id: 0x4a080b09, L:/127.0.0.1:57684 - R:localhost/127.0.0.1:58291]' for 'GET' to 'http://localhost:58291/session/5e0421aecbfcb8b8d729081f3601ff7d/element/4dcfd29f-1eef-4fc4-9cde-78a0a1c4a6fa/enabled'
17:47:17.864 [Forwarding isElementEnabled on session 5e0421aecbfcb8b8d729081f3601ff7d to remote] DEBUG org.asynchttpclient.netty.request.NettyRequestSender - Using open Channel [id: 0x4a080b09, L:/127.0.0.1:57684 - R:localhost/127.0.0.1:58291] for GET '/session/5e0421aecbfcb8b8d729081f3601ff7d/element/4dcfd29f-1eef-4fc4-9cde-78a0a1c4a6fa/enabled'
17:47:17.877 [AsyncHttpClient-1-5] DEBUG org.asynchttpclient.netty.handler.HttpHandler - 

Request DefaultFullHttpRequest(decodeResult: success, version: HTTP/1.1, content: EmptyByteBufBE)
GET /session/5e0421aecbfcb8b8d729081f3601ff7d/element/4dcfd29f-1eef-4fc4-9cde-78a0a1c4a6fa/enabled HTTP/1.1
User-Agent: selenium/4.1.2 (java windows)
Cache-Control: no-cache
Content-Type: application/json; charset=utf-8
host: localhost:58291
accept: */*

Response DefaultHttpResponse(decodeResult: success, version: HTTP/1.1)
HTTP/1.1 200 OK
Content-Type: application/json; charset=utf-8
cache-control: no-cache
content-length: 14

17:47:17.877 [AsyncHttpClient-1-5] DEBUG org.asynchttpclient.netty.channel.ChannelManager - Adding key: http://localhost:58291 for channel [id: 0x4a080b09, L:/127.0.0.1:57684 - R:localhost/127.0.0.1:58291]
17:47:17.879 [Forwarding isElementEnabled on session 5e0421aecbfcb8b8d729081f3601ff7d to remote] DEBUG org.asynchttpclient.netty.request.NettyRequestSender - Using pooled Channel '[id: 0x4a080b09, L:/127.0.0.1:57684 - R:localhost/127.0.0.1:58291]' for 'GET' to 'http://localhost:58291/session/5e0421aecbfcb8b8d729081f3601ff7d/element/4dcfd29f-1eef-4fc4-9cde-78a0a1c4a6fa/enabled'
17:47:17.879 [Forwarding isElementEnabled on session 5e0421aecbfcb8b8d729081f3601ff7d to remote] DEBUG org.asynchttpclient.netty.request.NettyRequestSender - Using open Channel [id: 0x4a080b09, L:/127.0.0.1:57684 - R:localhost/127.0.0.1:58291] for GET '/session/5e0421aecbfcb8b8d729081f3601ff7d/element/4dcfd29f-1eef-4fc4-9cde-78a0a1c4a6fa/enabled'
17:47:17.890 [AsyncHttpClient-1-5] DEBUG org.asynchttpclient.netty.handler.HttpHandler - 

Request DefaultFullHttpRequest(decodeResult: success, version: HTTP/1.1, content: EmptyByteBufBE)
GET /session/5e0421aecbfcb8b8d729081f3601ff7d/element/4dcfd29f-1eef-4fc4-9cde-78a0a1c4a6fa/enabled HTTP/1.1
User-Agent: selenium/4.1.2 (java windows)
Cache-Control: no-cache
Content-Type: application/json; charset=utf-8
host: localhost:58291
accept: */*

Response DefaultHttpResponse(decodeResult: success, version: HTTP/1.1)
HTTP/1.1 200 OK
Content-Type: application/json; charset=utf-8
cache-control: no-cache
content-length: 14

17:47:17.890 [AsyncHttpClient-1-5] DEBUG org.asynchttpclient.netty.channel.ChannelManager - Adding key: http://localhost:58291 for channel [id: 0x4a080b09, L:/127.0.0.1:57684 - R:localhost/127.0.0.1:58291]
17:47:17.895 [Forwarding findElement on session 5e0421aecbfcb8b8d729081f3601ff7d to remote] DEBUG org.asynchttpclient.netty.request.NettyRequestSender - Using pooled Channel '[id: 0x4a080b09, L:/127.0.0.1:57684 - R:localhost/127.0.0.1:58291]' for 'POST' to 'http://localhost:58291/session/5e0421aecbfcb8b8d729081f3601ff7d/element'
17:47:17.895 [Forwarding findElement on session 5e0421aecbfcb8b8d729081f3601ff7d to remote] DEBUG org.asynchttpclient.netty.request.NettyRequestSender - Using open Channel [id: 0x4a080b09, L:/127.0.0.1:57684 - R:localhost/127.0.0.1:58291] for POST '/session/5e0421aecbfcb8b8d729081f3601ff7d/element'
17:47:17.906 [AsyncHttpClient-1-5] DEBUG org.asynchttpclient.netty.handler.HttpHandler - 

Request DefaultHttpRequest(decodeResult: success, version: HTTP/1.1)
POST /session/5e0421aecbfcb8b8d729081f3601ff7d/element HTTP/1.1
User-Agent: selenium/4.1.2 (java windows)
Content-Length: 315
Content-Type: application/json; charset=utf-8
host: localhost:58291
accept: */*

Response DefaultHttpResponse(decodeResult: success, version: HTTP/1.1)
HTTP/1.1 200 OK
Content-Type: application/json; charset=utf-8
cache-control: no-cache
content-length: 88

17:47:17.906 [AsyncHttpClient-1-5] DEBUG org.asynchttpclient.netty.channel.ChannelManager - Adding key: http://localhost:58291 for channel [id: 0x4a080b09, L:/127.0.0.1:57684 - R:localhost/127.0.0.1:58291]
17:47:17.908 [Forwarding clickElement on session 5e0421aecbfcb8b8d729081f3601ff7d to remote] DEBUG org.asynchttpclient.netty.request.NettyRequestSender - Using pooled Channel '[id: 0x4a080b09, L:/127.0.0.1:57684 - R:localhost/127.0.0.1:58291]' for 'POST' to 'http://localhost:58291/session/5e0421aecbfcb8b8d729081f3601ff7d/element/4dcfd29f-1eef-4fc4-9cde-78a0a1c4a6fa/click'
17:47:17.908 [Forwarding clickElement on session 5e0421aecbfcb8b8d729081f3601ff7d to remote] DEBUG org.asynchttpclient.netty.request.NettyRequestSender - Using open Channel [id: 0x4a080b09, L:/127.0.0.1:57684 - R:localhost/127.0.0.1:58291] for POST '/session/5e0421aecbfcb8b8d729081f3601ff7d/element/4dcfd29f-1eef-4fc4-9cde-78a0a1c4a6fa/click'
17:47:17.919 [AsyncHttpClient-1-1] DEBUG org.asynchttpclient.netty.channel.DefaultChannelPool - Entry count for : http://localhost:57685 : 1
17:47:18.007 [AsyncHttpClient-1-5] DEBUG org.asynchttpclient.netty.handler.HttpHandler - 

Request DefaultHttpRequest(decodeResult: success, version: HTTP/1.1)
POST /session/5e0421aecbfcb8b8d729081f3601ff7d/element/4dcfd29f-1eef-4fc4-9cde-78a0a1c4a6fa/click HTTP/1.1
User-Agent: selenium/4.1.2 (java windows)
Content-Length: 50
Content-Type: application/json; charset=utf-8
host: localhost:58291
accept: */*

Response DefaultHttpResponse(decodeResult: success, version: HTTP/1.1)
HTTP/1.1 200 OK
Content-Type: application/json; charset=utf-8
cache-control: no-cache
content-length: 14

17:47:18.008 [AsyncHttpClient-1-5] DEBUG org.asynchttpclient.netty.channel.ChannelManager - Adding key: http://localhost:58291 for channel [id: 0x4a080b09, L:/127.0.0.1:57684 - R:localhost/127.0.0.1:58291]
17:47:18.015 [Forwarding findElement on session 5e0421aecbfcb8b8d729081f3601ff7d to remote] DEBUG org.asynchttpclient.netty.request.NettyRequestSender - Using pooled Channel '[id: 0x4a080b09, L:/127.0.0.1:57684 - R:localhost/127.0.0.1:58291]' for 'POST' to 'http://localhost:58291/session/5e0421aecbfcb8b8d729081f3601ff7d/element'
17:47:18.015 [Forwarding findElement on session 5e0421aecbfcb8b8d729081f3601ff7d to remote] DEBUG org.asynchttpclient.netty.request.NettyRequestSender - Using open Channel [id: 0x4a080b09, L:/127.0.0.1:57684 - R:localhost/127.0.0.1:58291] for POST '/session/5e0421aecbfcb8b8d729081f3601ff7d/element'
17:47:18.033 [AsyncHttpClient-1-5] DEBUG org.asynchttpclient.netty.handler.HttpHandler - 

Request DefaultHttpRequest(decodeResult: success, version: HTTP/1.1)
POST /session/5e0421aecbfcb8b8d729081f3601ff7d/element HTTP/1.1
User-Agent: selenium/4.1.2 (java windows)
Content-Length: 69
Content-Type: application/json; charset=utf-8
host: localhost:58291
accept: */*

Response DefaultHttpResponse(decodeResult: success, version: HTTP/1.1)
HTTP/1.1 200 OK
Content-Type: application/json; charset=utf-8
cache-control: no-cache
content-length: 88

17:47:18.034 [AsyncHttpClient-1-5] DEBUG org.asynchttpclient.netty.channel.ChannelManager - Adding key: http://localhost:58291 for channel [id: 0x4a080b09, L:/127.0.0.1:57684 - R:localhost/127.0.0.1:58291]
17:47:18.035 [Forwarding clearElement on session 5e0421aecbfcb8b8d729081f3601ff7d to remote] DEBUG org.asynchttpclient.netty.request.NettyRequestSender - Using pooled Channel '[id: 0x4a080b09, L:/127.0.0.1:57684 - R:localhost/127.0.0.1:58291]' for 'POST' to 'http://localhost:58291/session/5e0421aecbfcb8b8d729081f3601ff7d/element/5237533f-28c1-4e6f-9c5a-308b6566b43c/clear'
17:47:18.035 [Forwarding clearElement on session 5e0421aecbfcb8b8d729081f3601ff7d to remote] DEBUG org.asynchttpclient.netty.request.NettyRequestSender - Using open Channel [id: 0x4a080b09, L:/127.0.0.1:57684 - R:localhost/127.0.0.1:58291] for POST '/session/5e0421aecbfcb8b8d729081f3601ff7d/element/5237533f-28c1-4e6f-9c5a-308b6566b43c/clear'
17:47:18.086 [AsyncHttpClient-1-5] DEBUG org.asynchttpclient.netty.handler.HttpHandler - 

Request DefaultHttpRequest(decodeResult: success, version: HTTP/1.1)
POST /session/5e0421aecbfcb8b8d729081f3601ff7d/element/5237533f-28c1-4e6f-9c5a-308b6566b43c/clear HTTP/1.1
User-Agent: selenium/4.1.2 (java windows)
Content-Length: 50
Content-Type: application/json; charset=utf-8
host: localhost:58291
accept: */*

Response DefaultHttpResponse(decodeResult: success, version: HTTP/1.1)
HTTP/1.1 200 OK
Content-Type: application/json; charset=utf-8
cache-control: no-cache
content-length: 14

17:47:18.087 [AsyncHttpClient-1-5] DEBUG org.asynchttpclient.netty.channel.ChannelManager - Adding key: http://localhost:58291 for channel [id: 0x4a080b09, L:/127.0.0.1:57684 - R:localhost/127.0.0.1:58291]
17:47:18.092 [Forwarding sendKeysToElement on session 5e0421aecbfcb8b8d729081f3601ff7d to remote] DEBUG org.asynchttpclient.netty.request.NettyRequestSender - Using pooled Channel '[id: 0x4a080b09, L:/127.0.0.1:57684 - R:localhost/127.0.0.1:58291]' for 'POST' to 'http://localhost:58291/session/5e0421aecbfcb8b8d729081f3601ff7d/element/5237533f-28c1-4e6f-9c5a-308b6566b43c/value'
17:47:18.092 [Forwarding sendKeysToElement on session 5e0421aecbfcb8b8d729081f3601ff7d to remote] DEBUG org.asynchttpclient.netty.request.NettyRequestSender - Using open Channel [id: 0x4a080b09, L:/127.0.0.1:57684 - R:localhost/127.0.0.1:58291] for POST '/session/5e0421aecbfcb8b8d729081f3601ff7d/element/5237533f-28c1-4e6f-9c5a-308b6566b43c/value'
17:47:18.396 [AsyncHttpClient-1-5] DEBUG org.asynchttpclient.netty.handler.HttpHandler - 

Request DefaultHttpRequest(decodeResult: success, version: HTTP/1.1)
POST /session/5e0421aecbfcb8b8d729081f3601ff7d/element/5237533f-28c1-4e6f-9c5a-308b6566b43c/value HTTP/1.1
User-Agent: selenium/4.1.2 (java windows)
Content-Length: 411
Content-Type: application/json; charset=utf-8
host: localhost:58291
accept: */*

Response DefaultHttpResponse(decodeResult: success, version: HTTP/1.1)
HTTP/1.1 200 OK
Content-Type: application/json; charset=utf-8
cache-control: no-cache
content-length: 14

17:47:18.396 [AsyncHttpClient-1-5] DEBUG org.asynchttpclient.netty.channel.ChannelManager - Adding key: http://localhost:58291 for channel [id: 0x4a080b09, L:/127.0.0.1:57684 - R:localhost/127.0.0.1:58291]
17:47:18.403 [Forwarding findElement on session 5e0421aecbfcb8b8d729081f3601ff7d to remote] DEBUG org.asynchttpclient.netty.request.NettyRequestSender - Using pooled Channel '[id: 0x4a080b09, L:/127.0.0.1:57684 - R:localhost/127.0.0.1:58291]' for 'POST' to 'http://localhost:58291/session/5e0421aecbfcb8b8d729081f3601ff7d/element'
17:47:18.404 [Forwarding findElement on session 5e0421aecbfcb8b8d729081f3601ff7d to remote] DEBUG org.asynchttpclient.netty.request.NettyRequestSender - Using open Channel [id: 0x4a080b09, L:/127.0.0.1:57684 - R:localhost/127.0.0.1:58291] for POST '/session/5e0421aecbfcb8b8d729081f3601ff7d/element'
17:47:18.417 [AsyncHttpClient-1-5] DEBUG org.asynchttpclient.netty.handler.HttpHandler - 

Request DefaultHttpRequest(decodeResult: success, version: HTTP/1.1)
POST /session/5e0421aecbfcb8b8d729081f3601ff7d/element HTTP/1.1
User-Agent: selenium/4.1.2 (java windows)
Content-Length: 72
Content-Type: application/json; charset=utf-8
host: localhost:58291
accept: */*

Response DefaultHttpResponse(decodeResult: success, version: HTTP/1.1)
HTTP/1.1 200 OK
Content-Type: application/json; charset=utf-8
cache-control: no-cache
content-length: 88

17:47:18.417 [AsyncHttpClient-1-5] DEBUG org.asynchttpclient.netty.channel.ChannelManager - Adding key: http://localhost:58291 for channel [id: 0x4a080b09, L:/127.0.0.1:57684 - R:localhost/127.0.0.1:58291]
17:47:18.420 [Forwarding clearElement on session 5e0421aecbfcb8b8d729081f3601ff7d to remote] DEBUG org.asynchttpclient.netty.request.NettyRequestSender - Using pooled Channel '[id: 0x4a080b09, L:/127.0.0.1:57684 - R:localhost/127.0.0.1:58291]' for 'POST' to 'http://localhost:58291/session/5e0421aecbfcb8b8d729081f3601ff7d/element/06dc5f59-4193-40a3-9afe-a37ca971be43/clear'
17:47:18.420 [Forwarding clearElement on session 5e0421aecbfcb8b8d729081f3601ff7d to remote] DEBUG org.asynchttpclient.netty.request.NettyRequestSender - Using open Channel [id: 0x4a080b09, L:/127.0.0.1:57684 - R:localhost/127.0.0.1:58291] for POST '/session/5e0421aecbfcb8b8d729081f3601ff7d/element/06dc5f59-4193-40a3-9afe-a37ca971be43/clear'
17:47:18.485 [AsyncHttpClient-1-5] DEBUG org.asynchttpclient.netty.handler.HttpHandler - 

Request DefaultHttpRequest(decodeResult: success, version: HTTP/1.1)
POST /session/5e0421aecbfcb8b8d729081f3601ff7d/element/06dc5f59-4193-40a3-9afe-a37ca971be43/clear HTTP/1.1
User-Agent: selenium/4.1.2 (java windows)
Content-Length: 50
Content-Type: application/json; charset=utf-8
host: localhost:58291
accept: */*

Response DefaultHttpResponse(decodeResult: success, version: HTTP/1.1)
HTTP/1.1 200 OK
Content-Type: application/json; charset=utf-8
cache-control: no-cache
content-length: 14

17:47:18.486 [AsyncHttpClient-1-5] DEBUG org.asynchttpclient.netty.channel.ChannelManager - Adding key: http://localhost:58291 for channel [id: 0x4a080b09, L:/127.0.0.1:57684 - R:localhost/127.0.0.1:58291]
17:47:18.494 [Forwarding sendKeysToElement on session 5e0421aecbfcb8b8d729081f3601ff7d to remote] DEBUG org.asynchttpclient.netty.request.NettyRequestSender - Using pooled Channel '[id: 0x4a080b09, L:/127.0.0.1:57684 - R:localhost/127.0.0.1:58291]' for 'POST' to 'http://localhost:58291/session/5e0421aecbfcb8b8d729081f3601ff7d/element/06dc5f59-4193-40a3-9afe-a37ca971be43/value'
17:47:18.494 [Forwarding sendKeysToElement on session 5e0421aecbfcb8b8d729081f3601ff7d to remote] DEBUG org.asynchttpclient.netty.request.NettyRequestSender - Using open Channel [id: 0x4a080b09, L:/127.0.0.1:57684 - R:localhost/127.0.0.1:58291] for POST '/session/5e0421aecbfcb8b8d729081f3601ff7d/element/06dc5f59-4193-40a3-9afe-a37ca971be43/value'
17:47:18.689 [AsyncHttpClient-1-5] DEBUG org.asynchttpclient.netty.handler.HttpHandler - 

Request DefaultHttpRequest(decodeResult: success, version: HTTP/1.1)
POST /session/5e0421aecbfcb8b8d729081f3601ff7d/element/06dc5f59-4193-40a3-9afe-a37ca971be43/value HTTP/1.1
User-Agent: selenium/4.1.2 (java windows)
Content-Length: 241
Content-Type: application/json; charset=utf-8
host: localhost:58291
accept: */*

Response DefaultHttpResponse(decodeResult: success, version: HTTP/1.1)
HTTP/1.1 200 OK
Content-Type: application/json; charset=utf-8
cache-control: no-cache
content-length: 14

17:47:18.690 [AsyncHttpClient-1-5] DEBUG org.asynchttpclient.netty.channel.ChannelManager - Adding key: http://localhost:58291 for channel [id: 0x4a080b09, L:/127.0.0.1:57684 - R:localhost/127.0.0.1:58291]
17:47:18.698 [Forwarding findElement on session 5e0421aecbfcb8b8d729081f3601ff7d to remote] DEBUG org.asynchttpclient.netty.request.NettyRequestSender - Using pooled Channel '[id: 0x4a080b09, L:/127.0.0.1:57684 - R:localhost/127.0.0.1:58291]' for 'POST' to 'http://localhost:58291/session/5e0421aecbfcb8b8d729081f3601ff7d/element'
17:47:18.698 [Forwarding findElement on session 5e0421aecbfcb8b8d729081f3601ff7d to remote] DEBUG org.asynchttpclient.netty.request.NettyRequestSender - Using open Channel [id: 0x4a080b09, L:/127.0.0.1:57684 - R:localhost/127.0.0.1:58291] for POST '/session/5e0421aecbfcb8b8d729081f3601ff7d/element'
17:47:18.721 [AsyncHttpClient-1-5] DEBUG org.asynchttpclient.netty.handler.HttpHandler - 

Request DefaultHttpRequest(decodeResult: success, version: HTTP/1.1)
POST /session/5e0421aecbfcb8b8d729081f3601ff7d/element HTTP/1.1
User-Agent: selenium/4.1.2 (java windows)
Content-Length: 321
Content-Type: application/json; charset=utf-8
host: localhost:58291
accept: */*

Response DefaultHttpResponse(decodeResult: success, version: HTTP/1.1)
HTTP/1.1 200 OK
Content-Type: application/json; charset=utf-8
cache-control: no-cache
content-length: 88

17:47:18.722 [AsyncHttpClient-1-5] DEBUG org.asynchttpclient.netty.channel.ChannelManager - Adding key: http://localhost:58291 for channel [id: 0x4a080b09, L:/127.0.0.1:57684 - R:localhost/127.0.0.1:58291]
17:47:18.726 [Forwarding getElementTagName on session 5e0421aecbfcb8b8d729081f3601ff7d to remote] DEBUG org.asynchttpclient.netty.request.NettyRequestSender - Using pooled Channel '[id: 0x4a080b09, L:/127.0.0.1:57684 - R:localhost/127.0.0.1:58291]' for 'GET' to 'http://localhost:58291/session/5e0421aecbfcb8b8d729081f3601ff7d/element/ffddce2d-1d90-407f-993a-4ade3178dd79/name'
17:47:18.726 [Forwarding getElementTagName on session 5e0421aecbfcb8b8d729081f3601ff7d to remote] DEBUG org.asynchttpclient.netty.request.NettyRequestSender - Using open Channel [id: 0x4a080b09, L:/127.0.0.1:57684 - R:localhost/127.0.0.1:58291] for GET '/session/5e0421aecbfcb8b8d729081f3601ff7d/element/ffddce2d-1d90-407f-993a-4ade3178dd79/name'
17:47:18.734 [AsyncHttpClient-1-5] DEBUG org.asynchttpclient.netty.handler.HttpHandler - 

Request DefaultFullHttpRequest(decodeResult: success, version: HTTP/1.1, content: EmptyByteBufBE)
GET /session/5e0421aecbfcb8b8d729081f3601ff7d/element/ffddce2d-1d90-407f-993a-4ade3178dd79/name HTTP/1.1
User-Agent: selenium/4.1.2 (java windows)
Cache-Control: no-cache
Content-Type: application/json; charset=utf-8
host: localhost:58291
accept: */*

Response DefaultHttpResponse(decodeResult: success, version: HTTP/1.1)
HTTP/1.1 200 OK
Content-Type: application/json; charset=utf-8
cache-control: no-cache
content-length: 18

17:47:18.734 [AsyncHttpClient-1-5] DEBUG org.asynchttpclient.netty.channel.ChannelManager - Adding key: http://localhost:58291 for channel [id: 0x4a080b09, L:/127.0.0.1:57684 - R:localhost/127.0.0.1:58291]
17:47:18.737 [Forwarding getElementTagName on session 5e0421aecbfcb8b8d729081f3601ff7d to remote] DEBUG org.asynchttpclient.netty.request.NettyRequestSender - Using pooled Channel '[id: 0x4a080b09, L:/127.0.0.1:57684 - R:localhost/127.0.0.1:58291]' for 'GET' to 'http://localhost:58291/session/5e0421aecbfcb8b8d729081f3601ff7d/element/ffddce2d-1d90-407f-993a-4ade3178dd79/name'
17:47:18.737 [Forwarding getElementTagName on session 5e0421aecbfcb8b8d729081f3601ff7d to remote] DEBUG org.asynchttpclient.netty.request.NettyRequestSender - Using open Channel [id: 0x4a080b09, L:/127.0.0.1:57684 - R:localhost/127.0.0.1:58291] for GET '/session/5e0421aecbfcb8b8d729081f3601ff7d/element/ffddce2d-1d90-407f-993a-4ade3178dd79/name'
17:47:18.742 [AsyncHttpClient-1-5] DEBUG org.asynchttpclient.netty.handler.HttpHandler - 

Request DefaultFullHttpRequest(decodeResult: success, version: HTTP/1.1, content: EmptyByteBufBE)
GET /session/5e0421aecbfcb8b8d729081f3601ff7d/element/ffddce2d-1d90-407f-993a-4ade3178dd79/name HTTP/1.1
User-Agent: selenium/4.1.2 (java windows)
Cache-Control: no-cache
Content-Type: application/json; charset=utf-8
host: localhost:58291
accept: */*

Response DefaultHttpResponse(decodeResult: success, version: HTTP/1.1)
HTTP/1.1 200 OK
Content-Type: application/json; charset=utf-8
cache-control: no-cache
content-length: 18

17:47:18.742 [AsyncHttpClient-1-5] DEBUG org.asynchttpclient.netty.channel.ChannelManager - Adding key: http://localhost:58291 for channel [id: 0x4a080b09, L:/127.0.0.1:57684 - R:localhost/127.0.0.1:58291]
17:47:18.746 [Forwarding isElementEnabled on session 5e0421aecbfcb8b8d729081f3601ff7d to remote] DEBUG org.asynchttpclient.netty.request.NettyRequestSender - Using pooled Channel '[id: 0x4a080b09, L:/127.0.0.1:57684 - R:localhost/127.0.0.1:58291]' for 'GET' to 'http://localhost:58291/session/5e0421aecbfcb8b8d729081f3601ff7d/element/ffddce2d-1d90-407f-993a-4ade3178dd79/enabled'
17:47:18.746 [Forwarding isElementEnabled on session 5e0421aecbfcb8b8d729081f3601ff7d to remote] DEBUG org.asynchttpclient.netty.request.NettyRequestSender - Using open Channel [id: 0x4a080b09, L:/127.0.0.1:57684 - R:localhost/127.0.0.1:58291] for GET '/session/5e0421aecbfcb8b8d729081f3601ff7d/element/ffddce2d-1d90-407f-993a-4ade3178dd79/enabled'
17:47:18.761 [AsyncHttpClient-1-5] DEBUG org.asynchttpclient.netty.handler.HttpHandler - 

Request DefaultFullHttpRequest(decodeResult: success, version: HTTP/1.1, content: EmptyByteBufBE)
GET /session/5e0421aecbfcb8b8d729081f3601ff7d/element/ffddce2d-1d90-407f-993a-4ade3178dd79/enabled HTTP/1.1
User-Agent: selenium/4.1.2 (java windows)
Cache-Control: no-cache
Content-Type: application/json; charset=utf-8
host: localhost:58291
accept: */*

Response DefaultHttpResponse(decodeResult: success, version: HTTP/1.1)
HTTP/1.1 200 OK
Content-Type: application/json; charset=utf-8
cache-control: no-cache
content-length: 14

17:47:18.761 [AsyncHttpClient-1-5] DEBUG org.asynchttpclient.netty.channel.ChannelManager - Adding key: http://localhost:58291 for channel [id: 0x4a080b09, L:/127.0.0.1:57684 - R:localhost/127.0.0.1:58291]
17:47:18.764 [Forwarding isElementEnabled on session 5e0421aecbfcb8b8d729081f3601ff7d to remote] DEBUG org.asynchttpclient.netty.request.NettyRequestSender - Using pooled Channel '[id: 0x4a080b09, L:/127.0.0.1:57684 - R:localhost/127.0.0.1:58291]' for 'GET' to 'http://localhost:58291/session/5e0421aecbfcb8b8d729081f3601ff7d/element/ffddce2d-1d90-407f-993a-4ade3178dd79/enabled'
17:47:18.764 [Forwarding isElementEnabled on session 5e0421aecbfcb8b8d729081f3601ff7d to remote] DEBUG org.asynchttpclient.netty.request.NettyRequestSender - Using open Channel [id: 0x4a080b09, L:/127.0.0.1:57684 - R:localhost/127.0.0.1:58291] for GET '/session/5e0421aecbfcb8b8d729081f3601ff7d/element/ffddce2d-1d90-407f-993a-4ade3178dd79/enabled'
17:47:18.776 [AsyncHttpClient-1-5] DEBUG org.asynchttpclient.netty.handler.HttpHandler - 

Request DefaultFullHttpRequest(decodeResult: success, version: HTTP/1.1, content: EmptyByteBufBE)
GET /session/5e0421aecbfcb8b8d729081f3601ff7d/element/ffddce2d-1d90-407f-993a-4ade3178dd79/enabled HTTP/1.1
User-Agent: selenium/4.1.2 (java windows)
Cache-Control: no-cache
Content-Type: application/json; charset=utf-8
host: localhost:58291
accept: */*

Response DefaultHttpResponse(decodeResult: success, version: HTTP/1.1)
HTTP/1.1 200 OK
Content-Type: application/json; charset=utf-8
cache-control: no-cache
content-length: 14

17:47:18.776 [AsyncHttpClient-1-5] DEBUG org.asynchttpclient.netty.channel.ChannelManager - Adding key: http://localhost:58291 for channel [id: 0x4a080b09, L:/127.0.0.1:57684 - R:localhost/127.0.0.1:58291]
17:47:18.780 [Forwarding findElement on session 5e0421aecbfcb8b8d729081f3601ff7d to remote] DEBUG org.asynchttpclient.netty.request.NettyRequestSender - Using pooled Channel '[id: 0x4a080b09, L:/127.0.0.1:57684 - R:localhost/127.0.0.1:58291]' for 'POST' to 'http://localhost:58291/session/5e0421aecbfcb8b8d729081f3601ff7d/element'
17:47:18.780 [Forwarding findElement on session 5e0421aecbfcb8b8d729081f3601ff7d to remote] DEBUG org.asynchttpclient.netty.request.NettyRequestSender - Using open Channel [id: 0x4a080b09, L:/127.0.0.1:57684 - R:localhost/127.0.0.1:58291] for POST '/session/5e0421aecbfcb8b8d729081f3601ff7d/element'
17:47:18.792 [AsyncHttpClient-1-5] DEBUG org.asynchttpclient.netty.handler.HttpHandler - 

Request DefaultHttpRequest(decodeResult: success, version: HTTP/1.1)
POST /session/5e0421aecbfcb8b8d729081f3601ff7d/element HTTP/1.1
User-Agent: selenium/4.1.2 (java windows)
Content-Length: 321
Content-Type: application/json; charset=utf-8
host: localhost:58291
accept: */*

Response DefaultHttpResponse(decodeResult: success, version: HTTP/1.1)
HTTP/1.1 200 OK
Content-Type: application/json; charset=utf-8
cache-control: no-cache
content-length: 88

17:47:18.792 [AsyncHttpClient-1-5] DEBUG org.asynchttpclient.netty.channel.ChannelManager - Adding key: http://localhost:58291 for channel [id: 0x4a080b09, L:/127.0.0.1:57684 - R:localhost/127.0.0.1:58291]
17:47:18.795 [Forwarding clickElement on session 5e0421aecbfcb8b8d729081f3601ff7d to remote] DEBUG org.asynchttpclient.netty.request.NettyRequestSender - Using pooled Channel '[id: 0x4a080b09, L:/127.0.0.1:57684 - R:localhost/127.0.0.1:58291]' for 'POST' to 'http://localhost:58291/session/5e0421aecbfcb8b8d729081f3601ff7d/element/ffddce2d-1d90-407f-993a-4ade3178dd79/click'
17:47:18.795 [Forwarding clickElement on session 5e0421aecbfcb8b8d729081f3601ff7d to remote] DEBUG org.asynchttpclient.netty.request.NettyRequestSender - Using open Channel [id: 0x4a080b09, L:/127.0.0.1:57684 - R:localhost/127.0.0.1:58291] for POST '/session/5e0421aecbfcb8b8d729081f3601ff7d/element/ffddce2d-1d90-407f-993a-4ade3178dd79/click'
17:47:18.867 [AsyncHttpClient-1-5] DEBUG org.asynchttpclient.netty.handler.HttpHandler - 

Request DefaultHttpRequest(decodeResult: success, version: HTTP/1.1)
POST /session/5e0421aecbfcb8b8d729081f3601ff7d/element/ffddce2d-1d90-407f-993a-4ade3178dd79/click HTTP/1.1
User-Agent: selenium/4.1.2 (java windows)
Content-Length: 50
Content-Type: application/json; charset=utf-8
host: localhost:58291
accept: */*

Response DefaultHttpResponse(decodeResult: success, version: HTTP/1.1)
HTTP/1.1 200 OK
Content-Type: application/json; charset=utf-8
cache-control: no-cache
content-length: 14

17:47:18.868 [AsyncHttpClient-1-5] DEBUG org.asynchttpclient.netty.channel.ChannelManager - Adding key: http://localhost:58291 for channel [id: 0x4a080b09, L:/127.0.0.1:57684 - R:localhost/127.0.0.1:58291]
  &amp#27;[32mAnd &amp#27;[0m&amp#27;[32mI have logged in&amp#27;[0m                     &amp#27;[90m# starter.stepdefinitions.ManageVaccinationBookingsSteps.iHaveLoggedIn()&amp#27;[0m
17:47:18.884 [Forwarding screenshot on session 5e0421aecbfcb8b8d729081f3601ff7d to remote] DEBUG org.asynchttpclient.netty.request.NettyRequestSender - Using pooled Channel '[id: 0x4a080b09, L:/127.0.0.1:57684 - R:localhost/127.0.0.1:58291]' for 'GET' to 'http://localhost:58291/session/5e0421aecbfcb8b8d729081f3601ff7d/screenshot'
17:47:18.884 [Forwarding screenshot on session 5e0421aecbfcb8b8d729081f3601ff7d to remote] DEBUG org.asynchttpclient.netty.request.NettyRequestSender - Using open Channel [id: 0x4a080b09, L:/127.0.0.1:57684 - R:localhost/127.0.0.1:58291] for GET '/session/5e0421aecbfcb8b8d729081f3601ff7d/screenshot'
17:47:19.014 [AsyncHttpClient-1-1] DEBUG org.asynchttpclient.netty.channel.DefaultChannelPool - Entry count for : http://localhost:57685 : 1
17:47:19.231 [AsyncHttpClient-1-5] DEBUG org.asynchttpclient.netty.handler.HttpHandler - 

Request DefaultFullHttpRequest(decodeResult: success, version: HTTP/1.1, content: EmptyByteBufBE)
GET /session/5e0421aecbfcb8b8d729081f3601ff7d/screenshot HTTP/1.1
User-Agent: selenium/4.1.2 (java windows)
Cache-Control: no-cache
Content-Type: application/json; charset=utf-8
host: localhost:58291
accept: */*

Response DefaultHttpResponse(decodeResult: success, version: HTTP/1.1)
HTTP/1.1 200 OK
Content-Type: application/json; charset=utf-8
cache-control: no-cache
content-length: 115896

17:47:19.233 [AsyncHttpClient-1-5] DEBUG org.asynchttpclient.netty.channel.ChannelManager - Adding key: http://localhost:58291 for channel [id: 0x4a080b09, L:/127.0.0.1:57684 - R:localhost/127.0.0.1:58291]
17:47:19.240 [main] DEBUG net.serenitybdd.core.photography.Darkroom - Send negative for processing for target\site\serenity\61d941c532730426d8981780d6c1c1941afe70b705aeb5ba06759ce6b71f7abd.png
17:47:19.241 [Darkroom Processing Line] DEBUG net.serenitybdd.core.photography.DarkroomProcessingLine - Processing screenshot image in /var/screenshots/screenshot-5000218723844006536
17:47:19.241 [Darkroom Processing Line] DEBUG net.serenitybdd.core.photography.DarkroomProcessingLine - Saving screenshot to target\site\serenity\61d941c532730426d8981780d6c1c1941afe70b705aeb5ba06759ce6b71f7abd.png
17:47:19.257 [Forwarding findElement on session 5e0421aecbfcb8b8d729081f3601ff7d to remote] DEBUG org.asynchttpclient.netty.request.NettyRequestSender - Using pooled Channel '[id: 0x4a080b09, L:/127.0.0.1:57684 - R:localhost/127.0.0.1:58291]' for 'POST' to 'http://localhost:58291/session/5e0421aecbfcb8b8d729081f3601ff7d/element'
17:47:19.257 [Forwarding findElement on session 5e0421aecbfcb8b8d729081f3601ff7d to remote] DEBUG org.asynchttpclient.netty.request.NettyRequestSender - Using open Channel [id: 0x4a080b09, L:/127.0.0.1:57684 - R:localhost/127.0.0.1:58291] for POST '/session/5e0421aecbfcb8b8d729081f3601ff7d/element'
17:47:19.426 [AsyncHttpClient-1-5] DEBUG org.asynchttpclient.netty.handler.HttpHandler - 

Request DefaultHttpRequest(decodeResult: success, version: HTTP/1.1)
POST /session/5e0421aecbfcb8b8d729081f3601ff7d/element HTTP/1.1
User-Agent: selenium/4.1.2 (java windows)
Content-Length: 80
Content-Type: application/json; charset=utf-8
host: localhost:58291
accept: */*

Response DefaultHttpResponse(decodeResult: success, version: HTTP/1.1)
HTTP/1.1 200 OK
Content-Type: application/json; charset=utf-8
cache-control: no-cache
content-length: 88

17:47:19.426 [AsyncHttpClient-1-5] DEBUG org.asynchttpclient.netty.channel.ChannelManager - Adding key: http://localhost:58291 for channel [id: 0x4a080b09, L:/127.0.0.1:57684 - R:localhost/127.0.0.1:58291]
17:47:19.428 [Forwarding getElementTagName on session 5e0421aecbfcb8b8d729081f3601ff7d to remote] DEBUG org.asynchttpclient.netty.request.NettyRequestSender - Using pooled Channel '[id: 0x4a080b09, L:/127.0.0.1:57684 - R:localhost/127.0.0.1:58291]' for 'GET' to 'http://localhost:58291/session/5e0421aecbfcb8b8d729081f3601ff7d/element/24402366-2676-4b6e-b5b0-445f849f2b89/name'
17:47:19.428 [Forwarding getElementTagName on session 5e0421aecbfcb8b8d729081f3601ff7d to remote] DEBUG org.asynchttpclient.netty.request.NettyRequestSender - Using open Channel [id: 0x4a080b09, L:/127.0.0.1:57684 - R:localhost/127.0.0.1:58291] for GET '/session/5e0421aecbfcb8b8d729081f3601ff7d/element/24402366-2676-4b6e-b5b0-445f849f2b89/name'
17:47:19.436 [AsyncHttpClient-1-5] DEBUG org.asynchttpclient.netty.handler.HttpHandler - 

Request DefaultFullHttpRequest(decodeResult: success, version: HTTP/1.1, content: EmptyByteBufBE)
GET /session/5e0421aecbfcb8b8d729081f3601ff7d/element/24402366-2676-4b6e-b5b0-445f849f2b89/name HTTP/1.1
User-Agent: selenium/4.1.2 (java windows)
Cache-Control: no-cache
Content-Type: application/json; charset=utf-8
host: localhost:58291
accept: */*

Response DefaultHttpResponse(decodeResult: success, version: HTTP/1.1)
HTTP/1.1 200 OK
Content-Type: application/json; charset=utf-8
cache-control: no-cache
content-length: 13

17:47:19.437 [AsyncHttpClient-1-5] DEBUG org.asynchttpclient.netty.channel.ChannelManager - Adding key: http://localhost:58291 for channel [id: 0x4a080b09, L:/127.0.0.1:57684 - R:localhost/127.0.0.1:58291]
17:47:19.439 [Forwarding getElementTagName on session 5e0421aecbfcb8b8d729081f3601ff7d to remote] DEBUG org.asynchttpclient.netty.request.NettyRequestSender - Using pooled Channel '[id: 0x4a080b09, L:/127.0.0.1:57684 - R:localhost/127.0.0.1:58291]' for 'GET' to 'http://localhost:58291/session/5e0421aecbfcb8b8d729081f3601ff7d/element/24402366-2676-4b6e-b5b0-445f849f2b89/name'
17:47:19.439 [Forwarding getElementTagName on session 5e0421aecbfcb8b8d729081f3601ff7d to remote] DEBUG org.asynchttpclient.netty.request.NettyRequestSender - Using open Channel [id: 0x4a080b09, L:/127.0.0.1:57684 - R:localhost/127.0.0.1:58291] for GET '/session/5e0421aecbfcb8b8d729081f3601ff7d/element/24402366-2676-4b6e-b5b0-445f849f2b89/name'
17:47:19.446 [AsyncHttpClient-1-5] DEBUG org.asynchttpclient.netty.handler.HttpHandler - 

Request DefaultFullHttpRequest(decodeResult: success, version: HTTP/1.1, content: EmptyByteBufBE)
GET /session/5e0421aecbfcb8b8d729081f3601ff7d/element/24402366-2676-4b6e-b5b0-445f849f2b89/name HTTP/1.1
User-Agent: selenium/4.1.2 (java windows)
Cache-Control: no-cache
Content-Type: application/json; charset=utf-8
host: localhost:58291
accept: */*

Response DefaultHttpResponse(decodeResult: success, version: HTTP/1.1)
HTTP/1.1 200 OK
Content-Type: application/json; charset=utf-8
cache-control: no-cache
content-length: 13

17:47:19.446 [AsyncHttpClient-1-5] DEBUG org.asynchttpclient.netty.channel.ChannelManager - Adding key: http://localhost:58291 for channel [id: 0x4a080b09, L:/127.0.0.1:57684 - R:localhost/127.0.0.1:58291]
17:47:19.448 [Forwarding findElement on session 5e0421aecbfcb8b8d729081f3601ff7d to remote] DEBUG org.asynchttpclient.netty.request.NettyRequestSender - Using pooled Channel '[id: 0x4a080b09, L:/127.0.0.1:57684 - R:localhost/127.0.0.1:58291]' for 'POST' to 'http://localhost:58291/session/5e0421aecbfcb8b8d729081f3601ff7d/element'
17:47:19.448 [Forwarding findElement on session 5e0421aecbfcb8b8d729081f3601ff7d to remote] DEBUG org.asynchttpclient.netty.request.NettyRequestSender - Using open Channel [id: 0x4a080b09, L:/127.0.0.1:57684 - R:localhost/127.0.0.1:58291] for POST '/session/5e0421aecbfcb8b8d729081f3601ff7d/element'
17:47:19.461 [AsyncHttpClient-1-5] DEBUG org.asynchttpclient.netty.handler.HttpHandler - 

Request DefaultHttpRequest(decodeResult: success, version: HTTP/1.1)
POST /session/5e0421aecbfcb8b8d729081f3601ff7d/element HTTP/1.1
User-Agent: selenium/4.1.2 (java windows)
Content-Length: 80
Content-Type: application/json; charset=utf-8
host: localhost:58291
accept: */*

Response DefaultHttpResponse(decodeResult: success, version: HTTP/1.1)
HTTP/1.1 200 OK
Content-Type: application/json; charset=utf-8
cache-control: no-cache
content-length: 88

17:47:19.461 [AsyncHttpClient-1-5] DEBUG org.asynchttpclient.netty.channel.ChannelManager - Adding key: http://localhost:58291 for channel [id: 0x4a080b09, L:/127.0.0.1:57684 - R:localhost/127.0.0.1:58291]
17:47:19.463 [Forwarding clickElement on session 5e0421aecbfcb8b8d729081f3601ff7d to remote] DEBUG org.asynchttpclient.netty.request.NettyRequestSender - Using pooled Channel '[id: 0x4a080b09, L:/127.0.0.1:57684 - R:localhost/127.0.0.1:58291]' for 'POST' to 'http://localhost:58291/session/5e0421aecbfcb8b8d729081f3601ff7d/element/24402366-2676-4b6e-b5b0-445f849f2b89/click'
17:47:19.464 [Forwarding clickElement on session 5e0421aecbfcb8b8d729081f3601ff7d to remote] DEBUG org.asynchttpclient.netty.request.NettyRequestSender - Using open Channel [id: 0x4a080b09, L:/127.0.0.1:57684 - R:localhost/127.0.0.1:58291] for POST '/session/5e0421aecbfcb8b8d729081f3601ff7d/element/24402366-2676-4b6e-b5b0-445f849f2b89/click'
17:47:19.627 [AsyncHttpClient-1-5] DEBUG org.asynchttpclient.netty.handler.HttpHandler - 

Request DefaultHttpRequest(decodeResult: success, version: HTTP/1.1)
POST /session/5e0421aecbfcb8b8d729081f3601ff7d/element/24402366-2676-4b6e-b5b0-445f849f2b89/click HTTP/1.1
User-Agent: selenium/4.1.2 (java windows)
Content-Length: 50
Content-Type: application/json; charset=utf-8
host: localhost:58291
accept: */*

Response DefaultHttpResponse(decodeResult: success, version: HTTP/1.1)
HTTP/1.1 200 OK
Content-Type: application/json; charset=utf-8
cache-control: no-cache
content-length: 14

17:47:19.627 [AsyncHttpClient-1-5] DEBUG org.asynchttpclient.netty.channel.ChannelManager - Adding key: http://localhost:58291 for channel [id: 0x4a080b09, L:/127.0.0.1:57684 - R:localhost/127.0.0.1:58291]
  &amp#27;[32mWhen &amp#27;[0m&amp#27;[32mI go to Book Vaksinasi page&amp#27;[0m         &amp#27;[90m# starter.stepdefinitions.ManageVaccinationBookingsSteps.iGoToBookVaksinasiPage()&amp#27;[0m
17:47:19.641 [Forwarding screenshot on session 5e0421aecbfcb8b8d729081f3601ff7d to remote] DEBUG org.asynchttpclient.netty.request.NettyRequestSender - Using pooled Channel '[id: 0x4a080b09, L:/127.0.0.1:57684 - R:localhost/127.0.0.1:58291]' for 'GET' to 'http://localhost:58291/session/5e0421aecbfcb8b8d729081f3601ff7d/screenshot'
17:47:19.641 [Forwarding screenshot on session 5e0421aecbfcb8b8d729081f3601ff7d to remote] DEBUG org.asynchttpclient.netty.request.NettyRequestSender - Using open Channel [id: 0x4a080b09, L:/127.0.0.1:57684 - R:localhost/127.0.0.1:58291] for GET '/session/5e0421aecbfcb8b8d729081f3601ff7d/screenshot'
17:47:20.017 [AsyncHttpClient-1-5] DEBUG org.asynchttpclient.netty.handler.HttpHandler - 

Request DefaultFullHttpRequest(decodeResult: success, version: HTTP/1.1, content: EmptyByteBufBE)
GET /session/5e0421aecbfcb8b8d729081f3601ff7d/screenshot HTTP/1.1
User-Agent: selenium/4.1.2 (java windows)
Cache-Control: no-cache
Content-Type: application/json; charset=utf-8
host: localhost:58291
accept: */*

Response DefaultHttpResponse(decodeResult: success, version: HTTP/1.1)
HTTP/1.1 200 OK
Content-Type: application/json; charset=utf-8
cache-control: no-cache
content-length: 137920

17:47:20.018 [AsyncHttpClient-1-5] DEBUG org.asynchttpclient.netty.channel.ChannelManager - Adding key: http://localhost:58291 for channel [id: 0x4a080b09, L:/127.0.0.1:57684 - R:localhost/127.0.0.1:58291]
17:47:20.026 [main] DEBUG net.serenitybdd.core.photography.Darkroom - Send negative for processing for target\site\serenity\f3ec07350d851b65ec53a683575666c15e516b2887019dd04704da480fe6924b.png
17:47:20.026 [Darkroom Processing Line] DEBUG net.serenitybdd.core.photography.DarkroomProcessingLine - Processing screenshot image in /var/screenshots/screenshot-1904656774519512215
17:47:20.026 [Darkroom Processing Line] DEBUG net.serenitybdd.core.photography.DarkroomProcessingLine - Saving screenshot to target\site\serenity\f3ec07350d851b65ec53a683575666c15e516b2887019dd04704da480fe6924b.png
17:47:20.041 [Forwarding findElement on session 5e0421aecbfcb8b8d729081f3601ff7d to remote] DEBUG org.asynchttpclient.netty.request.NettyRequestSender - Using pooled Channel '[id: 0x4a080b09, L:/127.0.0.1:57684 - R:localhost/127.0.0.1:58291]' for 'POST' to 'http://localhost:58291/session/5e0421aecbfcb8b8d729081f3601ff7d/element'
17:47:20.041 [Forwarding findElement on session 5e0421aecbfcb8b8d729081f3601ff7d to remote] DEBUG org.asynchttpclient.netty.request.NettyRequestSender - Using open Channel [id: 0x4a080b09, L:/127.0.0.1:57684 - R:localhost/127.0.0.1:58291] for POST '/session/5e0421aecbfcb8b8d729081f3601ff7d/element'
17:47:20.115 [AsyncHttpClient-1-1] DEBUG org.asynchttpclient.netty.channel.DefaultChannelPool - Entry count for : http://localhost:57685 : 1
17:47:21.215 [AsyncHttpClient-1-1] DEBUG org.asynchttpclient.netty.channel.DefaultChannelPool - Entry count for : http://localhost:57685 : 1
17:47:22.101 [AsyncHttpClient-1-5] DEBUG org.asynchttpclient.netty.handler.HttpHandler - 

Request DefaultHttpRequest(decodeResult: success, version: HTTP/1.1)
POST /session/5e0421aecbfcb8b8d729081f3601ff7d/element HTTP/1.1
User-Agent: selenium/4.1.2 (java windows)
Content-Length: 117
Content-Type: application/json; charset=utf-8
host: localhost:58291
accept: */*

Response DefaultHttpResponse(decodeResult: success, version: HTTP/1.1)
HTTP/1.1 404 Not Found
Content-Type: application/json; charset=utf-8
cache-control: no-cache
content-length: 985

17:47:22.101 [AsyncHttpClient-1-5] DEBUG org.asynchttpclient.netty.channel.ChannelManager - Adding key: http://localhost:58291 for channel [id: 0x4a080b09, L:/127.0.0.1:57684 - R:localhost/127.0.0.1:58291]
17:47:22.207 [Forwarding findElement on session 5e0421aecbfcb8b8d729081f3601ff7d to remote] DEBUG org.asynchttpclient.netty.request.NettyRequestSender - Using pooled Channel '[id: 0x4a080b09, L:/127.0.0.1:57684 - R:localhost/127.0.0.1:58291]' for 'POST' to 'http://localhost:58291/session/5e0421aecbfcb8b8d729081f3601ff7d/element'
17:47:22.207 [Forwarding findElement on session 5e0421aecbfcb8b8d729081f3601ff7d to remote] DEBUG org.asynchttpclient.netty.request.NettyRequestSender - Using open Channel [id: 0x4a080b09, L:/127.0.0.1:57684 - R:localhost/127.0.0.1:58291] for POST '/session/5e0421aecbfcb8b8d729081f3601ff7d/element'
17:47:22.315 [AsyncHttpClient-1-1] DEBUG org.asynchttpclient.netty.channel.DefaultChannelPool - Entry count for : http://localhost:57685 : 1
17:47:23.416 [AsyncHttpClient-1-1] DEBUG org.asynchttpclient.netty.channel.DefaultChannelPool - Entry count for : http://localhost:57685 : 1
17:47:24.258 [AsyncHttpClient-1-5] DEBUG org.asynchttpclient.netty.handler.HttpHandler - 

Request DefaultHttpRequest(decodeResult: success, version: HTTP/1.1)
POST /session/5e0421aecbfcb8b8d729081f3601ff7d/element HTTP/1.1
User-Agent: selenium/4.1.2 (java windows)
Content-Length: 117
Content-Type: application/json; charset=utf-8
host: localhost:58291
accept: */*

Response DefaultHttpResponse(decodeResult: success, version: HTTP/1.1)
HTTP/1.1 404 Not Found
Content-Type: application/json; charset=utf-8
cache-control: no-cache
content-length: 985

17:47:24.258 [AsyncHttpClient-1-5] DEBUG org.asynchttpclient.netty.channel.ChannelManager - Adding key: http://localhost:58291 for channel [id: 0x4a080b09, L:/127.0.0.1:57684 - R:localhost/127.0.0.1:58291]
17:47:24.368 [Forwarding findElement on session 5e0421aecbfcb8b8d729081f3601ff7d to remote] DEBUG org.asynchttpclient.netty.request.NettyRequestSender - Using pooled Channel '[id: 0x4a080b09, L:/127.0.0.1:57684 - R:localhost/127.0.0.1:58291]' for 'POST' to 'http://localhost:58291/session/5e0421aecbfcb8b8d729081f3601ff7d/element'
17:47:24.368 [Forwarding findElement on session 5e0421aecbfcb8b8d729081f3601ff7d to remote] DEBUG org.asynchttpclient.netty.request.NettyRequestSender - Using open Channel [id: 0x4a080b09, L:/127.0.0.1:57684 - R:localhost/127.0.0.1:58291] for POST '/session/5e0421aecbfcb8b8d729081f3601ff7d/element'
17:47:24.518 [AsyncHttpClient-1-1] DEBUG org.asynchttpclient.netty.channel.DefaultChannelPool - Entry count for : http://localhost:57685 : 1
17:47:25.614 [AsyncHttpClient-1-1] DEBUG org.asynchttpclient.netty.channel.DefaultChannelPool - Entry count for : http://localhost:57685 : 1
17:47:26.418 [AsyncHttpClient-1-5] DEBUG org.asynchttpclient.netty.handler.HttpHandler - 

Request DefaultHttpRequest(decodeResult: success, version: HTTP/1.1)
POST /session/5e0421aecbfcb8b8d729081f3601ff7d/element HTTP/1.1
User-Agent: selenium/4.1.2 (java windows)
Content-Length: 117
Content-Type: application/json; charset=utf-8
host: localhost:58291
accept: */*

Response DefaultHttpResponse(decodeResult: success, version: HTTP/1.1)
HTTP/1.1 404 Not Found
Content-Type: application/json; charset=utf-8
cache-control: no-cache
content-length: 985

17:47:26.418 [AsyncHttpClient-1-5] DEBUG org.asynchttpclient.netty.channel.ChannelManager - Adding key: http://localhost:58291 for channel [id: 0x4a080b09, L:/127.0.0.1:57684 - R:localhost/127.0.0.1:58291]
17:47:26.429 [Forwarding screenshot on session 5e0421aecbfcb8b8d729081f3601ff7d to remote] DEBUG org.asynchttpclient.netty.request.NettyRequestSender - Using pooled Channel '[id: 0x4a080b09, L:/127.0.0.1:57684 - R:localhost/127.0.0.1:58291]' for 'GET' to 'http://localhost:58291/session/5e0421aecbfcb8b8d729081f3601ff7d/screenshot'
17:47:26.429 [Forwarding screenshot on session 5e0421aecbfcb8b8d729081f3601ff7d to remote] DEBUG org.asynchttpclient.netty.request.NettyRequestSender - Using open Channel [id: 0x4a080b09, L:/127.0.0.1:57684 - R:localhost/127.0.0.1:58291] for GET '/session/5e0421aecbfcb8b8d729081f3601ff7d/screenshot'
17:47:26.566 [AsyncHttpClient-1-5] DEBUG org.asynchttpclient.netty.handler.HttpHandler - 

Request DefaultFullHttpRequest(decodeResult: success, version: HTTP/1.1, content: EmptyByteBufBE)
GET /session/5e0421aecbfcb8b8d729081f3601ff7d/screenshot HTTP/1.1
User-Agent: selenium/4.1.2 (java windows)
Cache-Control: no-cache
Content-Type: application/json; charset=utf-8
host: localhost:58291
accept: */*

Response DefaultHttpResponse(decodeResult: success, version: HTTP/1.1)
HTTP/1.1 200 OK
Content-Type: application/json; charset=utf-8
cache-control: no-cache
content-length: 8064

17:47:26.566 [AsyncHttpClient-1-5] DEBUG org.asynchttpclient.netty.channel.ChannelManager - Adding key: http://localhost:58291 for channel [id: 0x4a080b09, L:/127.0.0.1:57684 - R:localhost/127.0.0.1:58291]
17:47:26.567 [main] DEBUG net.serenitybdd.core.photography.Darkroom - Send negative for processing for target\site\serenity\3c90801a70fb2c2bfe5fc60b174aa3986624ea5eb79294b52a5a7ca3339080db.png
17:47:26.575 [Forwarding getPageSource on session 5e0421aecbfcb8b8d729081f3601ff7d to remote] DEBUG org.asynchttpclient.netty.request.NettyRequestSender - Using pooled Channel '[id: 0x4a080b09, L:/127.0.0.1:57684 - R:localhost/127.0.0.1:58291]' for 'POST' to 'http://localhost:58291/session/5e0421aecbfcb8b8d729081f3601ff7d/execute/sync'
17:47:26.575 [Forwarding getPageSource on session 5e0421aecbfcb8b8d729081f3601ff7d to remote] DEBUG org.asynchttpclient.netty.request.NettyRequestSender - Using open Channel [id: 0x4a080b09, L:/127.0.0.1:57684 - R:localhost/127.0.0.1:58291] for POST '/session/5e0421aecbfcb8b8d729081f3601ff7d/execute/sync'
17:47:26.581 [AsyncHttpClient-1-5] DEBUG org.asynchttpclient.netty.handler.HttpHandler - 

Request DefaultHttpRequest(decodeResult: success, version: HTTP/1.1)
POST /session/5e0421aecbfcb8b8d729081f3601ff7d/execute/sync HTTP/1.1
User-Agent: selenium/4.1.2 (java windows)
Content-Length: 176
Content-Type: application/json; charset=utf-8
host: localhost:58291
accept: */*

Response DefaultHttpResponse(decodeResult: success, version: HTTP/1.1)
HTTP/1.1 200 OK
Content-Type: application/json; charset=utf-8
cache-control: no-cache
content-length: 852

17:47:26.581 [AsyncHttpClient-1-5] DEBUG org.asynchttpclient.netty.channel.ChannelManager - Adding key: http://localhost:58291 for channel [id: 0x4a080b09, L:/127.0.0.1:57684 - R:localhost/127.0.0.1:58291]
17:47:26.583 [Forwarding getCurrentUrl on session 5e0421aecbfcb8b8d729081f3601ff7d to remote] DEBUG org.asynchttpclient.netty.request.NettyRequestSender - Using pooled Channel '[id: 0x4a080b09, L:/127.0.0.1:57684 - R:localhost/127.0.0.1:58291]' for 'GET' to 'http://localhost:58291/session/5e0421aecbfcb8b8d729081f3601ff7d/url'
17:47:26.583 [Forwarding getCurrentUrl on session 5e0421aecbfcb8b8d729081f3601ff7d to remote] DEBUG org.asynchttpclient.netty.request.NettyRequestSender - Using open Channel [id: 0x4a080b09, L:/127.0.0.1:57684 - R:localhost/127.0.0.1:58291] for GET '/session/5e0421aecbfcb8b8d729081f3601ff7d/url'
17:47:26.591 [AsyncHttpClient-1-5] DEBUG org.asynchttpclient.netty.handler.HttpHandler - 

Request DefaultFullHttpRequest(decodeResult: success, version: HTTP/1.1, content: EmptyByteBufBE)
GET /session/5e0421aecbfcb8b8d729081f3601ff7d/url HTTP/1.1
User-Agent: selenium/4.1.2 (java windows)
Cache-Control: no-cache
Content-Type: application/json; charset=utf-8
host: localhost:58291
accept: */*

Response DefaultHttpResponse(decodeResult: success, version: HTTP/1.1)
HTTP/1.1 200 OK
Content-Type: application/json; charset=utf-8
cache-control: no-cache
content-length: 56

17:47:26.592 [AsyncHttpClient-1-5] DEBUG org.asynchttpclient.netty.channel.ChannelManager - Adding key: http://localhost:58291 for channel [id: 0x4a080b09, L:/127.0.0.1:57684 - R:localhost/127.0.0.1:58291]
  &amp#27;[31mAnd &amp#27;[0m&amp#27;[31mI select a session&amp#27;[0m                   &amp#27;[90m# starter.stepdefinitions.ManageVaccinationBookingsSteps.iSelectASession()&amp#27;[0m
      &amp#27;[31mnet.thucydides.core.webdriver.exceptions.ElementShouldBeEnabledException: Expected enabled element was not enabled
	at net.serenitybdd.core.pages.WebElementFacadeImpl.waitUntilEnabled(WebElementFacadeImpl.java:1100)
	at net.serenitybdd.core.pages.WebElementFacadeImpl.waitUntilElementAvailable(WebElementFacadeImpl.java:888)
	at net.serenitybdd.core.pages.WebElementFacadeImpl.click(WebElementFacadeImpl.java:1182)
	at net.serenitybdd.core.pages.WebElementFacadeImpl.click(WebElementFacadeImpl.java:1201)
	at Automation@1.0-SNAPSHOT/starter.pages.ManageVaccinationBookingsPage.selectUnconfirmedSession(ManageVaccinationBookingsPage.java:121)
	at Automation@1.0-SNAPSHOT/starter.pages.ManageVaccinationBookingsPage$ByteBuddy$8UxQrdCL.selectUnconfirmedSession$accessor$DBxTDoTq(Unknown Source)
	at java.base/jdk.internal.reflect.NativeMethodAccessorImpl.invoke0(Native Method)
	at java.base/jdk.internal.reflect.NativeMethodAccessorImpl.invoke(NativeMethodAccessorImpl.java:62)
	at java.base/jdk.internal.reflect.DelegatingMethodAccessorImpl.invoke(DelegatingMethodAccessorImpl.java:43)
	at java.base/java.lang.reflect.Method.invoke(Method.java:566)
	at net.thucydides.core.steps.BaseMethodRunner.invokeMethod(BaseMethodRunner.java:18)
	at net.thucydides.core.steps.NormalMethodRunner.invokeMethodAndNotifyFailures(NormalMethodRunner.java:18)
	at net.thucydides.core.steps.StepInterceptor.runNormalMethod(StepInterceptor.java:406)
	at net.thucydides.core.steps.StepInterceptor.testStepResult(StepInterceptor.java:191)
	at net.thucydides.core.steps.StepInterceptor.intercept(StepInterceptor.java:84)
	at net.thucydides.core.steps.ProxyConfiguration$InterceptorDispatcher.intercept(ProxyConfiguration.java:51)
	at Automation@1.0-SNAPSHOT/starter.pages.ManageVaccinationBookingsPage$ByteBuddy$8UxQrdCL.selectUnconfirmedSession(Unknown Source)
	at Automation@1.0-SNAPSHOT/starter.stepdefinitions.ManageVaccinationBookingsSteps.iSelectASession(ManageVaccinationBookingsSteps.java:34)
	at âœ½.I select a session(file:///C:/Users/ASUSTUF/OneDrive/Documents/Capstone%20Project/Web%20Automation/src/test/resources/features/ManageVaccinationBookings.feature:18)
Caused by: org.openqa.selenium.TimeoutException: Expected condition failed: waiting for By.xpath: //div[@class='MuiCardActions-root MuiCardActions-spacing css-1k3fh4f'] to be enabled (tried for 5 second(s) with 100 milliseconds interval)
	at org.openqa.selenium.support.ui.FluentWait.timeoutException(FluentWait.java:263)
	at org.openqa.selenium.support.ui.FluentWait.until(FluentWait.java:231)
	at net.serenitybdd.core.pages.WebElementFacadeImpl.waitUntilEnabled(WebElementFacadeImpl.java:1097)
	at net.serenitybdd.core.pages.WebElementFacadeImpl.waitUntilElementAvailable(WebElementFacadeImpl.java:888)
	at net.serenitybdd.core.pages.WebElementFacadeImpl.click(WebElementFacadeImpl.java:1182)
	at net.serenitybdd.core.pages.WebElementFacadeImpl.click(WebElementFacadeImpl.java:1201)
	at Automation@1.0-SNAPSHOT/starter.pages.ManageVaccinationBookingsPage.selectUnconfirmedSession(ManageVaccinationBookingsPage.java:121)
	at Automation@1.0-SNAPSHOT/starter.pages.ManageVaccinationBookingsPage$ByteBuddy$8UxQrdCL.selectUnconfirmedSession$accessor$DBxTDoTq(Unknown Source)
	at java.base/jdk.internal.reflect.NativeMethodAccessorImpl.invoke0(Native Method)
	at java.base/jdk.internal.reflect.NativeMethodAccessorImpl.invoke(NativeMethodAccessorImpl.java:62)
	at java.base/jdk.internal.reflect.DelegatingMethodAccessorImpl.invoke(DelegatingMethodAccessorImpl.java:43)
	at java.base/java.lang.reflect.Method.invoke(Method.java:566)
	at net.thucydides.core.steps.BaseMethodRunner.invokeMethod(BaseMethodRunner.java:18)
	at net.thucydides.core.steps.NormalMethodRunner.invokeMethodAndNotifyFailures(NormalMethodRunner.java:18)
	at net.thucydides.core.steps.StepInterceptor.runNormalMethod(StepInterceptor.java:406)
	at net.thucydides.core.steps.StepInterceptor.testStepResult(StepInterceptor.java:191)
	at net.thucydides.core.steps.StepInterceptor.intercept(StepInterceptor.java:84)
	at net.thucydides.core.steps.ProxyConfiguration$InterceptorDispatcher.intercept(ProxyConfiguration.java:51)
	at Automation@1.0-SNAPSHOT/starter.pages.ManageVaccinationBookingsPage$ByteBuddy$8UxQrdCL.selectUnconfirmedSession(Unknown Source)
	at Automation@1.0-SNAPSHOT/starter.stepdefinitions.ManageVaccinationBookingsSteps.iSelectASession(ManageVaccinationBookingsSteps.java:34)
	at java.base/jdk.internal.reflect.NativeMethodAccessorImpl.invoke0(Native Method)
	at java.base/jdk.internal.reflect.NativeMethodAccessorImpl.invoke(NativeMethodAccessorImpl.java:62)
	at java.base/jdk.internal.reflect.DelegatingMethodAccessorImpl.invoke(DelegatingMethodAccessorImpl.java:43)
	at java.base/java.lang.reflect.Method.invoke(Method.java:566)
	at io.cucumber.java.Invoker.doInvoke(Invoker.java:66)
	at io.cucumber.java.Invoker.invoke(Invoker.java:24)
	at io.cucumber.java.AbstractGlueDefinition.invokeMethod(AbstractGlueDefinition.java:47)
	at io.cucumber.java.JavaStepDefinition.execute(JavaStepDefinition.java:29)
	at io.cucumber.core.runner.CoreStepDefinition.execute(CoreStepDefinition.java:66)
	at io.cucumber.core.runner.PickleStepDefinitionMatch.runStep(PickleStepDefinitionMatch.java:63)
	at io.cucumber.core.runner.ExecutionMode$1.execute(ExecutionMode.java:10)
	at io.cucumber.core.runner.TestStep.executeStep(TestStep.java:86)
	at io.cucumber.core.runner.TestStep.run(TestStep.java:57)
	at io.cucumber.core.runner.PickleStepTestStep.run(PickleStepTestStep.java:51)
	at io.cucumber.core.runner.TestCase.run(TestCase.java:95)
	at io.cucumber.core.runner.Runner.runPickle(Runner.java:75)
	at io.cucumber.junit.PickleRunners$NoStepDescriptions.lambda$run$0(PickleRunners.java:151)
	at io.cucumber.core.runtime.CucumberExecutionContext.lambda$runTestCase$3(CucumberExecutionContext.java:151)
	at io.cucumber.core.runtime.RethrowingThrowableCollector.executeAndThrow(RethrowingThrowableCollector.java:23)
	at io.cucumber.core.runtime.CucumberExecutionContext.runTestCase(CucumberExecutionContext.java:151)
	at io.cucumber.junit.PickleRunners$NoStepDescriptions.run(PickleRunners.java:148)
	at io.cucumber.junit.FeatureRunner.runChild(FeatureRunner.java:144)
	at io.cucumber.junit.FeatureRunner.runChild(FeatureRunner.java:28)
	at org.junit.runners.ParentRunner$4.run(ParentRunner.java:331)
	at org.junit.runners.ParentRunner$1.schedule(ParentRunner.java:79)
	at org.junit.runners.ParentRunner.runChildren(ParentRunner.java:329)
	at org.junit.runners.ParentRunner.access$100(ParentRunner.java:66)
	at org.junit.runners.ParentRunner$2.evaluate(ParentRunner.java:293)
	at org.junit.runners.ParentRunner$3.evaluate(ParentRunner.java:306)
	at org.junit.runners.ParentRunner.run(ParentRunner.java:413)
	at io.cucumber.junit.FeatureRunner.run(FeatureRunner.java:137)
	at io.cucumber.junit.CucumberSerenityRunner.runChild(CucumberSerenityRunner.java:258)
	at io.cucumber.junit.CucumberSerenityRunner.runChild(CucumberSerenityRunner.java:58)
	at org.junit.runners.ParentRunner$4.run(ParentRunner.java:331)
	at org.junit.runners.ParentRunner$1.schedule(ParentRunner.java:79)
	at org.junit.runners.ParentRunner.runChildren(ParentRunner.java:329)
	at org.junit.runners.ParentRunner.access$100(ParentRunner.java:66)
	at org.junit.runners.ParentRunner$2.evaluate(ParentRunner.java:293)
	at io.cucumber.junit.CucumberSerenityRunner$RunCucumber.evaluate(CucumberSerenityRunner.java:287)
	at org.junit.runners.ParentRunner$3.evaluate(ParentRunner.java:306)
	at org.junit.runners.ParentRunner.run(ParentRunner.java:413)
	at org.junit.runner.JUnitCore.run(JUnitCore.java:137)
	at org.junit.runner.JUnitCore.run(JUnitCore.java:115)
	at org.junit.vintage.engine.execution.RunnerExecutor.execute(RunnerExecutor.java:42)
	at org.junit.vintage.engine.VintageTestEngine.executeAllChildren(VintageTestEngine.java:80)
	at org.junit.vintage.engine.VintageTestEngine.execute(VintageTestEngine.java:72)
	at org.junit.platform.launcher.core.EngineExecutionOrchestrator.execute(EngineExecutionOrchestrator.java:107)
	at org.junit.platform.launcher.core.EngineExecutionOrchestrator.execute(EngineExecutionOrchestrator.java:88)
	at org.junit.platform.launcher.core.EngineExecutionOrchestrator.lambda$execute$0(EngineExecutionOrchestrator.java:54)
	at org.junit.platform.launcher.core.EngineExecutionOrchestrator.withInterceptedStreams(EngineExecutionOrchestrator.java:67)
	at org.junit.platform.launcher.core.EngineExecutionOrchestrator.execute(EngineExecutionOrchestrator.java:52)
	at org.junit.platform.launcher.core.DefaultLauncher.execute(DefaultLauncher.java:114)
	at org.junit.platform.launcher.core.DefaultLauncher.execute(DefaultLauncher.java:86)
	at org.junit.platform.launcher.core.DefaultLauncherSession$DelegatingLauncher.execute(DefaultLauncherSession.java:86)
	at org.junit.platform.launcher.core.SessionPerRequestLauncher.execute(SessionPerRequestLauncher.java:53)
	at org.apache.maven.surefire.junitplatform.JUnitPlatformProvider.execute(JUnitPlatformProvider.java:188)
	at org.apache.maven.surefire.junitplatform.JUnitPlatformProvider.invokeAllTests(JUnitPlatformProvider.java:154)
	at org.apache.maven.surefire.junitplatform.JUnitPlatformProvider.invoke(JUnitPlatformProvider.java:128)
	at org.apache.maven.surefire.booter.ForkedBooter.runSuitesInProcess(ForkedBooter.java:428)
	at org.apache.maven.surefire.booter.ForkedBooter.execute(ForkedBooter.java:162)
	at org.apache.maven.surefire.booter.ForkedBooter.run(ForkedBooter.java:562)
	at org.apache.maven.surefire.booter.ForkedBooter.main(ForkedBooter.java:548)
Caused by: org.openqa.selenium.NoSuchElementException: no such element: Unable to locate element: {"method":"xpath","selector":"//div[@class='MuiCardActions-root MuiCardActions-spacing css-1k3fh4f']"}
  (Session info: chrome=108.0.5359.125)
For documentation on this error, please visit: https://selenium.dev/exceptions/#no_such_element
Build info: version: '4.1.2', revision: '9a5a329c5a'
System info: host: 'LAPTOP-CFD9EV6G', ip: '192.168.100.7', os.name: 'Windows 11', os.arch: 'amd64', os.version: '10.0', java.version: '11.0.16'
Driver info: org.openqa.selenium.chrome.ChromeDriver
Command: [5e0421aecbfcb8b8d729081f3601ff7d, findElement {using=xpath, value=//div[@class='MuiCardActions-root MuiCardActions-spacing css-1k3fh4f']}]
Capabilities {acceptInsecureCerts: false, browserName: chrome, browserVersion: 108.0.5359.125, chrome: {chromedriverVersion: 108.0.5359.71 (1e0e3868ee06..., userDataDir: C:\Users\ASUSTUF\AppData\Lo...}, goog:chromeOptions: {debuggerAddress: localhost:57685}, javascriptEnabled: true, networkConnectionEnabled: false, pageLoadStrategy: normal, platform: WINDOWS, platformName: WINDOWS, proxy: Proxy(), se:cdp: ws://localhost:57685/devtoo..., se:cdpVersion: 108.0.5359.125, setWindowRect: true, strictFileInteractability: false, timeouts: {implicit: 0, pageLoad: 300000, script: 30000}, unhandledPromptBehavior: dismiss and notify, webauthn:extension:credBlob: true, webauthn:extension:largeBlob: true, webauthn:virtualAuthenticators: true}
Session ID: 5e0421aecbfcb8b8d729081f3601ff7d
	at java.base/jdk.internal.reflect.NativeConstructorAccessorImpl.newInstance0(Native Method)
	at java.base/jdk.internal.reflect.NativeConstructorAccessorImpl.newInstance(NativeConstructorAccessorImpl.java:62)
	at java.base/jdk.internal.reflect.DelegatingConstructorAccessorImpl.newInstance(DelegatingConstructorAccessorImpl.java:45)
	at java.base/java.lang.reflect.Constructor.newInstance(Constructor.java:490)
	at org.openqa.selenium.remote.codec.w3c.W3CHttpResponseCodec.createException(W3CHttpResponseCodec.java:200)
	at org.openqa.selenium.remote.codec.w3c.W3CHttpResponseCodec.decode(W3CHttpResponseCodec.java:133)
	at org.openqa.selenium.remote.codec.w3c.W3CHttpResponseCodec.decode(W3CHttpResponseCodec.java:53)
	at org.openqa.selenium.remote.HttpCommandExecutor.execute(HttpCommandExecutor.java:184)
	at org.openqa.selenium.remote.service.DriverCommandExecutor.invokeExecute(DriverCommandExecutor.java:167)
	at org.openqa.selenium.remote.service.DriverCommandExecutor.execute(DriverCommandExecutor.java:142)
	at org.openqa.selenium.remote.RemoteWebDriver.execute(RemoteWebDriver.java:558)
	at org.openqa.selenium.remote.ElementLocation$ElementFinder$2.findElement(ElementLocation.java:162)
	at org.openqa.selenium.remote.ElementLocation.findElement(ElementLocation.java:60)
	at org.openqa.selenium.remote.RemoteWebDriver.findElement(RemoteWebDriver.java:382)
	at org.openqa.selenium.remote.RemoteWebDriver.findElement(RemoteWebDriver.java:374)
	at net.thucydides.core.webdriver.WebDriverFacade.findElement(WebDriverFacade.java:224)
	at net.serenitybdd.core.pages.WebElementResolverByLocator.resolveForDriver(WebElementResolverByLocator.java:25)
	at net.serenitybdd.core.pages.WebElementFacadeImpl.getResolvedElement(WebElementFacadeImpl.java:191)
	at net.serenitybdd.core.pages.WebElementFacadeImpl.getElement(WebElementFacadeImpl.java:186)
	at net.serenitybdd.core.pages.WebElementExpectations$3.apply(WebElementExpectations.java:63)
	at net.serenitybdd.core.pages.WebElementExpectations$3.apply(WebElementExpectations.java:55)
	at org.openqa.selenium.support.ui.FluentWait.until(FluentWait.java:208)
	... 80 more
&amp#27;[0m
  &amp#27;[36mAnd &amp#27;[0m&amp#27;[36mI select all bookings&amp#27;[0m                &amp#27;[90m# starter.stepdefinitions.ManageVaccinationBookingsSteps.iSelectAllBookings()&amp#27;[0m
  &amp#27;[36mAnd &amp#27;[0m&amp#27;[36mI click Terima Semua button&amp#27;[0m          &amp#27;[90m# starter.stepdefinitions.ManageVaccinationBookingsSteps.iClickTerimaSemuaButton()&amp#27;[0m
  &amp#27;[36mThen &amp#27;[0m&amp#27;[36mthe booking will be approved&amp#27;[0m        &amp#27;[90m# starter.stepdefinitions.ManageVaccinationBookingsSteps.theBookingWillBeApproved()&amp#27;[0m
17:47:26.645 [main] ERROR  - 
  _____   ___   ___   _____     ___     _     ___   _      ___   ___  
 |_   _| | __| / __| |_   _|   | __|   /_\   |_ _| | |    | __| |   \ 
   | |   | _|  \__ \   | |     | _|   / _ \   | |  | |__  | _|  | |) |
   |_|   |___| |___/   |_|     |_|   /_/ \_\ |___| |____| |___| |___/ 

Approve all vaccination bookings
-----------------------------------------------------------------------
17:47:26.645 [main] DEBUG  - RELATED ISSUES: 
17:47:26.646 [main] ERROR  -     Test failed at step: Select unconfirmed session
17:47:26.646 [main] ERROR  -     Expected enabled element was not enabled
17:47:26.649 [AsyncHttpClient-1-7] DEBUG org.asynchttpclient.netty.handler.WebSocketHandler - Channel Closed: [id: 0x456155a9, L:/127.0.0.1:57692 ! R:localhost/127.0.0.1:57685] with attribute NettyResponseFuture{currentRetry=5,
	isDone=1,
	isCancelled=0,
	asyncHandler=org.asynchttpclient.ws.WebSocketUpgradeHandler@701ab608,
	nettyRequest=org.asynchttpclient.netty.request.NettyRequest@3518266f,
	future=java.util.concurrent.CompletableFuture@597d24a9[Completed normally],
	uri=ws://localhost:57685/devtools/browser/91106367-f6fe-47fa-ae88-7a66e92d5d3d,
	keepAlive=true,
	redirectCount=0,
	timeoutsHolder=null,
	inAuth=0,
	touch=1671446835455}
17:47:26.649 [AsyncHttpClient-1-7] DEBUG org.asynchttpclient.netty.channel.ChannelManager - Closing Channel [id: 0x456155a9, L:/127.0.0.1:57692 ! R:localhost/127.0.0.1:57685] 
17:47:26.649 [Driver Command Executor] DEBUG org.asynchttpclient.netty.request.NettyRequestSender - Using pooled Channel '[id: 0x4a080b09, L:/127.0.0.1:57684 - R:localhost/127.0.0.1:58291]' for 'DELETE' to 'http://localhost:58291/session/5e0421aecbfcb8b8d729081f3601ff7d'
17:47:26.650 [Driver Command Executor] DEBUG org.asynchttpclient.netty.request.NettyRequestSender - Using open Channel [id: 0x4a080b09, L:/127.0.0.1:57684 - R:localhost/127.0.0.1:58291] for DELETE '/session/5e0421aecbfcb8b8d729081f3601ff7d'
17:47:26.688 [AsyncHttpClient-1-6] DEBUG org.asynchttpclient.netty.handler.HttpHandler - Unexpected I/O exception on channel [id: 0x53a0c707, L:/127.0.0.1:57691 - R:localhost/127.0.0.1:57685]
java.io.IOException: An existing connection was forcibly closed by the remote host
	at java.base/sun.nio.ch.SocketDispatcher.read0(Native Method)
	at java.base/sun.nio.ch.SocketDispatcher.read(SocketDispatcher.java:43)
	at java.base/sun.nio.ch.IOUtil.readIntoNativeBuffer(IOUtil.java:276)
	at java.base/sun.nio.ch.IOUtil.read(IOUtil.java:233)
	at java.base/sun.nio.ch.IOUtil.read(IOUtil.java:223)
	at java.base/sun.nio.ch.SocketChannelImpl.read(SocketChannelImpl.java:358)
	at io.netty.buffer.PooledByteBuf.setBytes(PooledByteBuf.java:258)
	at io.netty.buffer.AbstractByteBuf.writeBytes(AbstractByteBuf.java:1132)
	at io.netty.channel.socket.nio.NioSocketChannel.doReadBytes(NioSocketChannel.java:350)
	at io.netty.channel.nio.AbstractNioByteChannel$NioByteUnsafe.read(AbstractNioByteChannel.java:151)
	at io.netty.channel.nio.NioEventLoop.processSelectedKey(NioEventLoop.java:722)
	at io.netty.channel.nio.NioEventLoop.processSelectedKeysOptimized(NioEventLoop.java:658)
	at io.netty.channel.nio.NioEventLoop.processSelectedKeys(NioEventLoop.java:584)
	at io.netty.channel.nio.NioEventLoop.run(NioEventLoop.java:496)
	at io.netty.util.concurrent.SingleThreadEventExecutor$4.run(SingleThreadEventExecutor.java:986)
	at io.netty.util.internal.ThreadExecutorMap$2.run(ThreadExecutorMap.java:74)
	at io.netty.util.concurrent.FastThreadLocalRunnable.run(FastThreadLocalRunnable.java:30)
	at java.base/java.lang.Thread.run(Thread.java:834)
17:47:26.689 [AsyncHttpClient-1-6] DEBUG org.asynchttpclient.netty.channel.ChannelManager - Closing Channel [id: 0x53a0c707, L:/127.0.0.1:57691 - R:localhost/127.0.0.1:57685] 
17:47:26.689 [AsyncHttpClient-1-6] DEBUG org.asynchttpclient.netty.handler.HttpHandler - Channel Closed: [id: 0x53a0c707, L:/127.0.0.1:57691 ! R:localhost/127.0.0.1:57685] with attribute DISCARD
17:47:26.715 [AsyncHttpClient-1-5] DEBUG org.asynchttpclient.netty.handler.HttpHandler - 

Request DefaultFullHttpRequest(decodeResult: success, version: HTTP/1.1, content: EmptyByteBufBE)
DELETE /session/5e0421aecbfcb8b8d729081f3601ff7d HTTP/1.1
User-Agent: selenium/4.1.2 (java windows)
Content-Type: application/json; charset=utf-8
host: localhost:58291
accept: */*

Response DefaultHttpResponse(decodeResult: success, version: HTTP/1.1)
HTTP/1.1 200 OK
Content-Type: application/json; charset=utf-8
cache-control: no-cache
content-length: 14

17:47:26.715 [AsyncHttpClient-1-1] DEBUG org.asynchttpclient.netty.channel.DefaultChannelPool - Entry count for : http://localhost:57685 : 1
17:47:26.715 [AsyncHttpClient-1-1] DEBUG org.asynchttpclient.netty.channel.DefaultChannelPool - Adding Candidate expired Channel [id: 0x53a0c707, L:/127.0.0.1:57691 ! R:localhost/127.0.0.1:57685] isIdleTimeoutExpired=false isRemotelyClosed=true isTtlExpired=false
17:47:26.715 [AsyncHttpClient-1-1] DEBUG org.asynchttpclient.netty.channel.DefaultChannelPool - Closing Idle Channel [id: 0x53a0c707, L:/127.0.0.1:57691 ! R:localhost/127.0.0.1:57685]
17:47:26.716 [AsyncHttpClient-1-1] DEBUG org.asynchttpclient.netty.channel.DefaultChannelPool - Closed 1 connections out of 1 in 1 ms
17:47:26.716 [AsyncHttpClient-1-5] DEBUG org.asynchttpclient.netty.channel.ChannelManager - Adding key: http://localhost:58291 for channel [id: 0x4a080b09, L:/127.0.0.1:57684 - R:localhost/127.0.0.1:58291]
17:47:26.820 [AsyncHttpClient-1-5] DEBUG org.asynchttpclient.netty.handler.HttpHandler - Channel Closed: [id: 0x4a080b09, L:/127.0.0.1:57684 ! R:localhost/127.0.0.1:58291] with attribute DISCARD
]]></system-out>
    <system-err><![CDATA[Starting ChromeDriver 108.0.5359.71 (1e0e3868ee06e91ad636a874420e3ca3ae3756ac-refs/branch-heads/5359@{#1016}) on port 58291
Only local connections are allowed.
Please see https://chromedriver.chromium.org/security-considerations for suggestions on keeping ChromeDriver safe.
ChromeDriver was started successfully.
Dec 19, 2022 5:47:15 PM org.openqa.selenium.remote.ProtocolHandshake createSession
INFO: Detected dialect: W3C
Dec 19, 2022 5:47:15 PM org.openqa.selenium.devtools.CdpVersionFinder findNearestMatch
WARNING: Unable to find an exact match for CDP version 108, so returning the closest version found: a no-op implementation
Dec 19, 2022 5:47:15 PM org.openqa.selenium.devtools.CdpVersionFinder findNearestMatch
INFO: Unable to find CDP implementation matching 108.
Dec 19, 2022 5:47:15 PM org.openqa.selenium.chromium.ChromiumDriver lambda$new$3
WARNING: Unable to find version of CDP to use for . You may need to include a dependency on a specific version of the CDP using something similar to `org.seleniumhq.selenium:selenium-devtools-v86:4.1.2` where the version ("v86") matches the version of the chromium-based browser you're using and the version number of the artifact is the same as Selenium's.
]]></system-err>
  </testcase>
  <testcase name="Reject a vaccination booking" classname="Manage vaccination bookings" time="14.009">
    <error type="net.thucydides.core.webdriver.exceptions.ElementShouldBeEnabledException"><![CDATA[net.thucydides.core.webdriver.exceptions.ElementShouldBeEnabledException: Expected enabled element was not enabled
Caused by: org.openqa.selenium.TimeoutException: Expected condition failed: waiting for By.xpath: //div[@class='MuiCardActions-root MuiCardActions-spacing css-1k3fh4f'] to be enabled (tried for 5 second(s) with 100 milliseconds interval)
Caused by: org.openqa.selenium.NoSuchElementException: 
no such element: Unable to locate element: {"method":"xpath","selector":"//div[@class='MuiCardActions-root MuiCardActions-spacing css-1k3fh4f']"}
  (Session info: chrome=108.0.5359.125)
For documentation on this error, please visit: https://selenium.dev/exceptions/#no_such_element
Build info: version: '4.1.2', revision: '9a5a329c5a'
System info: host: 'LAPTOP-CFD9EV6G', ip: '192.168.100.7', os.name: 'Windows 11', os.arch: 'amd64', os.version: '10.0', java.version: '11.0.16'
Driver info: org.openqa.selenium.chrome.ChromeDriver
Command: [54c024b2c12378b8f29b5681833ddfc6, findElement {using=xpath, value=//div[@class='MuiCardActions-root MuiCardActions-spacing css-1k3fh4f']}]
Capabilities {acceptInsecureCerts: false, browserName: chrome, browserVersion: 108.0.5359.125, chrome: {chromedriverVersion: 108.0.5359.71 (1e0e3868ee06..., userDataDir: C:\Users\ASUSTUF\AppData\Lo...}, goog:chromeOptions: {debuggerAddress: localhost:57719}, javascriptEnabled: true, networkConnectionEnabled: false, pageLoadStrategy: normal, platform: WINDOWS, platformName: WINDOWS, proxy: Proxy(), se:cdp: ws://localhost:57719/devtoo..., se:cdpVersion: 108.0.5359.125, setWindowRect: true, strictFileInteractability: false, timeouts: {implicit: 0, pageLoad: 300000, script: 30000}, unhandledPromptBehavior: dismiss and notify, webauthn:extension:credBlob: true, webauthn:extension:largeBlob: true, webauthn:virtualAuthenticators: true}
Session ID: 54c024b2c12378b8f29b5681833ddfc6
]]></error>
    <system-out><![CDATA[
Scenario: Reject a vaccination booking &amp#27;[90m# src/test/resources/features/ManageVaccinationBookings.feature:23&amp#27;[0m
17:47:26.930 [main] INFO io.cucumber.core.plugin.SerenityReporter - Running feature from file:///C:/Users/ASUSTUF/OneDrive/Documents/Capstone%20Project/Web%20Automation/src/test/resources/features/ManageVaccinationBookings.feature
17:47:26.942 [main] INFO  - 
  _____   ___   ___   _____     ___   _____     _     ___   _____   ___   ___  
 |_   _| | __| / __| |_   _|   / __| |_   _|   /_\   | _ \ |_   _| | __| |   \ 
   | |   | _|  \__ \   | |     \__ \   | |    / _ \  |   /   | |   | _|  | |) |
   |_|   |___| |___/   |_|     |___/   |_|   /_/ \_\ |_|_\   |_|   |___| |___/ 

Reject a vaccination booking(manage-vaccination-bookings;reject-a-vaccination-booking)
--------------------------------------------------------------------------------
17:47:26.979 [main] INFO net.serenitybdd.core.webdriver.driverproviders.ChromeDriverProvider - Using automatically driver download
17:47:27.203 [main] DEBUG io.github.bonigarcia.wdm.cache.ResolutionCache - Resolution chrome=108 in cache (valid until 18:33:56 19/12/2022 ICT)
17:47:27.211 [main] DEBUG io.github.bonigarcia.wdm.cache.ResolutionCache - Resolution chrome108=108.0.5359.71 in cache (valid until 12:44:30 20/12/2022 ICT)
17:47:27.217 [main] INFO io.github.bonigarcia.wdm.WebDriverManager - Using chromedriver 108.0.5359.71 (resolved driver for Chrome 108)
17:47:27.243 [main] DEBUG io.github.bonigarcia.wdm.WebDriverManager - Driver chromedriver 108.0.5359.71 found in cache
17:47:27.247 [main] INFO io.github.bonigarcia.wdm.WebDriverManager - Exporting webdriver.chrome.driver as C:\Users\ASUSTUF\.cache\selenium\chromedriver\win32\108.0.5359.71\chromedriver.exe
17:47:27.428 [main] DEBUG net.serenitybdd.core.webdriver.driverproviders.ProvideNewDriver - Instantiating driver
17:47:27.428 [main] DEBUG net.serenitybdd.core.webdriver.driverproviders.ProvideNewDriver - Driver capabilities: Capabilities {acceptInsecureCerts: false, base.url: https://vaksin-id.netlify.app/, browserName: chrome, chrome.driver: src/test/resources/webdrive..., driver: chrome, goog:chromeOptions: {args: [], extensions: []}}
17:47:27.815 [AsyncHttpClient-1-1] DEBUG org.asynchttpclient.netty.channel.DefaultChannelPool - Entry count for : http://localhost:58291 : 1
17:47:27.815 [AsyncHttpClient-1-1] DEBUG org.asynchttpclient.netty.channel.DefaultChannelPool - Adding Candidate expired Channel [id: 0x4a080b09, L:/127.0.0.1:57684 ! R:localhost/127.0.0.1:58291] isIdleTimeoutExpired=false isRemotelyClosed=true isTtlExpired=false
17:47:27.815 [AsyncHttpClient-1-1] DEBUG org.asynchttpclient.netty.channel.DefaultChannelPool - Closing Idle Channel [id: 0x4a080b09, L:/127.0.0.1:57684 ! R:localhost/127.0.0.1:58291]
17:47:27.815 [AsyncHttpClient-1-1] DEBUG org.asynchttpclient.netty.channel.DefaultChannelPool - Closed 1 connections out of 1 in 0 ms
17:47:28.174 [AsyncHttpClient-1-8] DEBUG org.asynchttpclient.netty.channel.NettyConnectListener - Using new Channel '[id: 0x3c137513, L:/127.0.0.1:57718 - R:localhost/127.0.0.1:54248]' for 'POST' to '/session'
17:47:29.189 [AsyncHttpClient-1-8] DEBUG org.asynchttpclient.netty.handler.HttpHandler - 

Request DefaultHttpRequest(decodeResult: success, version: HTTP/1.1)
POST /session HTTP/1.1
User-Agent: selenium/4.1.2 (java windows)
Content-Length: 616
Content-Type: application/json; charset=utf-8
host: localhost:54248
accept: */*

Response DefaultHttpResponse(decodeResult: success, version: HTTP/1.1)
HTTP/1.1 200 OK
Content-Type: application/json; charset=utf-8
cache-control: no-cache
content-length: 793

17:47:29.190 [AsyncHttpClient-1-8] DEBUG org.asynchttpclient.netty.channel.ChannelManager - Adding key: http://localhost:54248 for channel [id: 0x3c137513, L:/127.0.0.1:57718 - R:localhost/127.0.0.1:54248]
17:47:29.207 [AsyncHttpClient-1-9] DEBUG org.asynchttpclient.netty.channel.NettyConnectListener - Using new Channel '[id: 0x5cd9d54e, L:/127.0.0.1:57725 - R:localhost/127.0.0.1:57719]' for 'GET' to '/json/version'
17:47:29.226 [AsyncHttpClient-1-9] DEBUG org.asynchttpclient.netty.handler.HttpHandler - 

Request DefaultFullHttpRequest(decodeResult: success, version: HTTP/1.1, content: EmptyByteBufBE)
GET /json/version HTTP/1.1
User-Agent: selenium/4.1.2 (java windows)
host: localhost:57719
accept: */*

Response DefaultHttpResponse(decodeResult: success, version: HTTP/1.1)
HTTP/1.1 200 OK
Content-Type: application/json; charset=UTF-8
content-length: 424

17:47:29.227 [AsyncHttpClient-1-9] DEBUG org.asynchttpclient.netty.channel.ChannelManager - Adding key: http://localhost:57719 for channel [id: 0x5cd9d54e, L:/127.0.0.1:57725 - R:localhost/127.0.0.1:57719]
17:47:29.236 [AsyncHttpClient-1-10] DEBUG org.asynchttpclient.netty.channel.NettyConnectListener - Using new Channel '[id: 0x274f00fa, L:/127.0.0.1:57726 - R:localhost/127.0.0.1:57719]' for 'GET' to '/devtools/browser/57df8699-c1d5-44c7-baa2-2cf9ed87999c'
17:47:29.252 [AsyncHttpClient-1-10] DEBUG org.asynchttpclient.netty.handler.WebSocketHandler - 

Request DefaultFullHttpRequest(decodeResult: success, version: HTTP/1.1, content: EmptyByteBufBE)
GET /devtools/browser/57df8699-c1d5-44c7-baa2-2cf9ed87999c HTTP/1.1
upgrade: websocket
connection: upgrade
sec-websocket-key: Sl3c76rnfyof69XlZ1vyhA==
sec-websocket-version: 13
origin: http://localhost:57719
host: localhost:57719
accept: */*
user-agent: AHC/2.1

Response DefaultHttpResponse(decodeResult: success, version: HTTP/1.1)
HTTP/1.1 101 WebSocket Protocol Handshake
Upgrade: WebSocket
Connection: Upgrade
Sec-WebSocket-Accept: F92I0rgeJg6v245hIwLQUTPIyBk=

17:47:29.268 [Forwarding get on session 54c024b2c12378b8f29b5681833ddfc6 to remote] DEBUG org.asynchttpclient.netty.request.NettyRequestSender - Using pooled Channel '[id: 0x3c137513, L:/127.0.0.1:57718 - R:localhost/127.0.0.1:54248]' for 'POST' to 'http://localhost:54248/session/54c024b2c12378b8f29b5681833ddfc6/url'
17:47:29.268 [Forwarding get on session 54c024b2c12378b8f29b5681833ddfc6 to remote] DEBUG org.asynchttpclient.netty.request.NettyRequestSender - Using open Channel [id: 0x3c137513, L:/127.0.0.1:57718 - R:localhost/127.0.0.1:54248] for POST '/session/54c024b2c12378b8f29b5681833ddfc6/url'
17:47:30.028 [AsyncHttpClient-1-1] DEBUG org.asynchttpclient.netty.channel.DefaultChannelPool - Entry count for : http://localhost:57719 : 1
17:47:30.584 [AsyncHttpClient-1-8] DEBUG org.asynchttpclient.netty.handler.HttpHandler - 

Request DefaultHttpRequest(decodeResult: success, version: HTTP/1.1)
POST /session/54c024b2c12378b8f29b5681833ddfc6/url HTTP/1.1
User-Agent: selenium/4.1.2 (java windows)
Content-Length: 60
Content-Type: application/json; charset=utf-8
host: localhost:54248
accept: */*

Response DefaultHttpResponse(decodeResult: success, version: HTTP/1.1)
HTTP/1.1 200 OK
Content-Type: application/json; charset=utf-8
cache-control: no-cache
content-length: 14

17:47:30.584 [AsyncHttpClient-1-8] DEBUG org.asynchttpclient.netty.channel.ChannelManager - Adding key: http://localhost:54248 for channel [id: 0x3c137513, L:/127.0.0.1:57718 - R:localhost/127.0.0.1:54248]
17:47:30.591 [Forwarding setTimeout on session 54c024b2c12378b8f29b5681833ddfc6 to remote] DEBUG org.asynchttpclient.netty.request.NettyRequestSender - Using pooled Channel '[id: 0x3c137513, L:/127.0.0.1:57718 - R:localhost/127.0.0.1:54248]' for 'POST' to 'http://localhost:54248/session/54c024b2c12378b8f29b5681833ddfc6/timeouts'
17:47:30.591 [Forwarding setTimeout on session 54c024b2c12378b8f29b5681833ddfc6 to remote] DEBUG org.asynchttpclient.netty.request.NettyRequestSender - Using open Channel [id: 0x3c137513, L:/127.0.0.1:57718 - R:localhost/127.0.0.1:54248] for POST '/session/54c024b2c12378b8f29b5681833ddfc6/timeouts'
17:47:30.594 [AsyncHttpClient-1-8] DEBUG org.asynchttpclient.netty.handler.HttpHandler - 

Request DefaultHttpRequest(decodeResult: success, version: HTTP/1.1)
POST /session/54c024b2c12378b8f29b5681833ddfc6/timeouts HTTP/1.1
User-Agent: selenium/4.1.2 (java windows)
Content-Length: 22
Content-Type: application/json; charset=utf-8
host: localhost:54248
accept: */*

Response DefaultHttpResponse(decodeResult: success, version: HTTP/1.1)
HTTP/1.1 200 OK
Content-Type: application/json; charset=utf-8
cache-control: no-cache
content-length: 14

17:47:30.594 [AsyncHttpClient-1-8] DEBUG org.asynchttpclient.netty.channel.ChannelManager - Adding key: http://localhost:54248 for channel [id: 0x3c137513, L:/127.0.0.1:57718 - R:localhost/127.0.0.1:54248]
17:47:30.602 [Forwarding getCurrentUrl on session 54c024b2c12378b8f29b5681833ddfc6 to remote] DEBUG org.asynchttpclient.netty.request.NettyRequestSender - Using pooled Channel '[id: 0x3c137513, L:/127.0.0.1:57718 - R:localhost/127.0.0.1:54248]' for 'GET' to 'http://localhost:54248/session/54c024b2c12378b8f29b5681833ddfc6/url'
17:47:30.602 [Forwarding getCurrentUrl on session 54c024b2c12378b8f29b5681833ddfc6 to remote] DEBUG org.asynchttpclient.netty.request.NettyRequestSender - Using open Channel [id: 0x3c137513, L:/127.0.0.1:57718 - R:localhost/127.0.0.1:54248] for GET '/session/54c024b2c12378b8f29b5681833ddfc6/url'
17:47:30.624 [AsyncHttpClient-1-8] DEBUG org.asynchttpclient.netty.handler.HttpHandler - 

Request DefaultFullHttpRequest(decodeResult: success, version: HTTP/1.1, content: EmptyByteBufBE)
GET /session/54c024b2c12378b8f29b5681833ddfc6/url HTTP/1.1
User-Agent: selenium/4.1.2 (java windows)
Cache-Control: no-cache
Content-Type: application/json; charset=utf-8
host: localhost:54248
accept: */*

Response DefaultHttpResponse(decodeResult: success, version: HTTP/1.1)
HTTP/1.1 200 OK
Content-Type: application/json; charset=utf-8
cache-control: no-cache
content-length: 42

17:47:30.625 [AsyncHttpClient-1-8] DEBUG org.asynchttpclient.netty.channel.ChannelManager - Adding key: http://localhost:54248 for channel [id: 0x3c137513, L:/127.0.0.1:57718 - R:localhost/127.0.0.1:54248]
  &amp#27;[32mGiven &amp#27;[0m&amp#27;[32mI am on landing page&amp#27;[0m           &amp#27;[90m# starter.stepdefinitions.ManageVaccinationBookingsSteps.iAmOnLandingPage()&amp#27;[0m
17:47:30.635 [Forwarding screenshot on session 54c024b2c12378b8f29b5681833ddfc6 to remote] DEBUG org.asynchttpclient.netty.request.NettyRequestSender - Using pooled Channel '[id: 0x3c137513, L:/127.0.0.1:57718 - R:localhost/127.0.0.1:54248]' for 'GET' to 'http://localhost:54248/session/54c024b2c12378b8f29b5681833ddfc6/screenshot'
17:47:30.635 [Forwarding screenshot on session 54c024b2c12378b8f29b5681833ddfc6 to remote] DEBUG org.asynchttpclient.netty.request.NettyRequestSender - Using open Channel [id: 0x3c137513, L:/127.0.0.1:57718 - R:localhost/127.0.0.1:54248] for GET '/session/54c024b2c12378b8f29b5681833ddfc6/screenshot'
17:47:31.116 [AsyncHttpClient-1-1] DEBUG org.asynchttpclient.netty.channel.DefaultChannelPool - Entry count for : http://localhost:57719 : 1
17:47:31.731 [AsyncHttpClient-1-8] DEBUG org.asynchttpclient.netty.handler.HttpHandler - 

Request DefaultFullHttpRequest(decodeResult: success, version: HTTP/1.1, content: EmptyByteBufBE)
GET /session/54c024b2c12378b8f29b5681833ddfc6/screenshot HTTP/1.1
User-Agent: selenium/4.1.2 (java windows)
Cache-Control: no-cache
Content-Type: application/json; charset=utf-8
host: localhost:54248
accept: */*

Response DefaultHttpResponse(decodeResult: success, version: HTTP/1.1)
HTTP/1.1 200 OK
Content-Type: application/json; charset=utf-8
cache-control: no-cache
content-length: 847132

17:47:31.747 [AsyncHttpClient-1-8] DEBUG org.asynchttpclient.netty.channel.ChannelManager - Adding key: http://localhost:54248 for channel [id: 0x3c137513, L:/127.0.0.1:57718 - R:localhost/127.0.0.1:54248]
17:47:31.801 [main] DEBUG net.serenitybdd.core.photography.Darkroom - Send negative for processing for target\site\serenity\ff3b83dd42f508d91c0c8488aed412149de34b436c7528a8caa8428592644731.png
17:47:31.815 [Forwarding findElement on session 54c024b2c12378b8f29b5681833ddfc6 to remote] DEBUG org.asynchttpclient.netty.request.NettyRequestSender - Using pooled Channel '[id: 0x3c137513, L:/127.0.0.1:57718 - R:localhost/127.0.0.1:54248]' for 'POST' to 'http://localhost:54248/session/54c024b2c12378b8f29b5681833ddfc6/element'
17:47:31.816 [Forwarding findElement on session 54c024b2c12378b8f29b5681833ddfc6 to remote] DEBUG org.asynchttpclient.netty.request.NettyRequestSender - Using open Channel [id: 0x3c137513, L:/127.0.0.1:57718 - R:localhost/127.0.0.1:54248] for POST '/session/54c024b2c12378b8f29b5681833ddfc6/element'
17:47:31.831 [AsyncHttpClient-1-8] DEBUG org.asynchttpclient.netty.handler.HttpHandler - 

Request DefaultHttpRequest(decodeResult: success, version: HTTP/1.1)
POST /session/54c024b2c12378b8f29b5681833ddfc6/element HTTP/1.1
User-Agent: selenium/4.1.2 (java windows)
Content-Length: 315
Content-Type: application/json; charset=utf-8
host: localhost:54248
accept: */*

Response DefaultHttpResponse(decodeResult: success, version: HTTP/1.1)
HTTP/1.1 200 OK
Content-Type: application/json; charset=utf-8
cache-control: no-cache
content-length: 88

17:47:31.831 [AsyncHttpClient-1-8] DEBUG org.asynchttpclient.netty.channel.ChannelManager - Adding key: http://localhost:54248 for channel [id: 0x3c137513, L:/127.0.0.1:57718 - R:localhost/127.0.0.1:54248]
17:47:31.833 [Forwarding getElementTagName on session 54c024b2c12378b8f29b5681833ddfc6 to remote] DEBUG org.asynchttpclient.netty.request.NettyRequestSender - Using pooled Channel '[id: 0x3c137513, L:/127.0.0.1:57718 - R:localhost/127.0.0.1:54248]' for 'GET' to 'http://localhost:54248/session/54c024b2c12378b8f29b5681833ddfc6/element/323c7492-a31a-4d69-961d-2eb0cb9791ec/name'
17:47:31.833 [Forwarding getElementTagName on session 54c024b2c12378b8f29b5681833ddfc6 to remote] DEBUG org.asynchttpclient.netty.request.NettyRequestSender - Using open Channel [id: 0x3c137513, L:/127.0.0.1:57718 - R:localhost/127.0.0.1:54248] for GET '/session/54c024b2c12378b8f29b5681833ddfc6/element/323c7492-a31a-4d69-961d-2eb0cb9791ec/name'
17:47:31.843 [AsyncHttpClient-1-8] DEBUG org.asynchttpclient.netty.handler.HttpHandler - 

Request DefaultFullHttpRequest(decodeResult: success, version: HTTP/1.1, content: EmptyByteBufBE)
GET /session/54c024b2c12378b8f29b5681833ddfc6/element/323c7492-a31a-4d69-961d-2eb0cb9791ec/name HTTP/1.1
User-Agent: selenium/4.1.2 (java windows)
Cache-Control: no-cache
Content-Type: application/json; charset=utf-8
host: localhost:54248
accept: */*

Response DefaultHttpResponse(decodeResult: success, version: HTTP/1.1)
HTTP/1.1 200 OK
Content-Type: application/json; charset=utf-8
cache-control: no-cache
content-length: 18

17:47:31.844 [AsyncHttpClient-1-8] DEBUG org.asynchttpclient.netty.channel.ChannelManager - Adding key: http://localhost:54248 for channel [id: 0x3c137513, L:/127.0.0.1:57718 - R:localhost/127.0.0.1:54248]
17:47:31.845 [Forwarding getElementTagName on session 54c024b2c12378b8f29b5681833ddfc6 to remote] DEBUG org.asynchttpclient.netty.request.NettyRequestSender - Using pooled Channel '[id: 0x3c137513, L:/127.0.0.1:57718 - R:localhost/127.0.0.1:54248]' for 'GET' to 'http://localhost:54248/session/54c024b2c12378b8f29b5681833ddfc6/element/323c7492-a31a-4d69-961d-2eb0cb9791ec/name'
17:47:31.845 [Forwarding getElementTagName on session 54c024b2c12378b8f29b5681833ddfc6 to remote] DEBUG org.asynchttpclient.netty.request.NettyRequestSender - Using open Channel [id: 0x3c137513, L:/127.0.0.1:57718 - R:localhost/127.0.0.1:54248] for GET '/session/54c024b2c12378b8f29b5681833ddfc6/element/323c7492-a31a-4d69-961d-2eb0cb9791ec/name'
17:47:31.849 [AsyncHttpClient-1-8] DEBUG org.asynchttpclient.netty.handler.HttpHandler - 

Request DefaultFullHttpRequest(decodeResult: success, version: HTTP/1.1, content: EmptyByteBufBE)
GET /session/54c024b2c12378b8f29b5681833ddfc6/element/323c7492-a31a-4d69-961d-2eb0cb9791ec/name HTTP/1.1
User-Agent: selenium/4.1.2 (java windows)
Cache-Control: no-cache
Content-Type: application/json; charset=utf-8
host: localhost:54248
accept: */*

Response DefaultHttpResponse(decodeResult: success, version: HTTP/1.1)
HTTP/1.1 200 OK
Content-Type: application/json; charset=utf-8
cache-control: no-cache
content-length: 18

17:47:31.849 [AsyncHttpClient-1-8] DEBUG org.asynchttpclient.netty.channel.ChannelManager - Adding key: http://localhost:54248 for channel [id: 0x3c137513, L:/127.0.0.1:57718 - R:localhost/127.0.0.1:54248]
17:47:31.852 [Forwarding isElementEnabled on session 54c024b2c12378b8f29b5681833ddfc6 to remote] DEBUG org.asynchttpclient.netty.request.NettyRequestSender - Using pooled Channel '[id: 0x3c137513, L:/127.0.0.1:57718 - R:localhost/127.0.0.1:54248]' for 'GET' to 'http://localhost:54248/session/54c024b2c12378b8f29b5681833ddfc6/element/323c7492-a31a-4d69-961d-2eb0cb9791ec/enabled'
17:47:31.852 [Forwarding isElementEnabled on session 54c024b2c12378b8f29b5681833ddfc6 to remote] DEBUG org.asynchttpclient.netty.request.NettyRequestSender - Using open Channel [id: 0x3c137513, L:/127.0.0.1:57718 - R:localhost/127.0.0.1:54248] for GET '/session/54c024b2c12378b8f29b5681833ddfc6/element/323c7492-a31a-4d69-961d-2eb0cb9791ec/enabled'
17:47:31.864 [AsyncHttpClient-1-8] DEBUG org.asynchttpclient.netty.handler.HttpHandler - 

Request DefaultFullHttpRequest(decodeResult: success, version: HTTP/1.1, content: EmptyByteBufBE)
GET /session/54c024b2c12378b8f29b5681833ddfc6/element/323c7492-a31a-4d69-961d-2eb0cb9791ec/enabled HTTP/1.1
User-Agent: selenium/4.1.2 (java windows)
Cache-Control: no-cache
Content-Type: application/json; charset=utf-8
host: localhost:54248
accept: */*

Response DefaultHttpResponse(decodeResult: success, version: HTTP/1.1)
HTTP/1.1 200 OK
Content-Type: application/json; charset=utf-8
cache-control: no-cache
content-length: 14

17:47:31.864 [AsyncHttpClient-1-8] DEBUG org.asynchttpclient.netty.channel.ChannelManager - Adding key: http://localhost:54248 for channel [id: 0x3c137513, L:/127.0.0.1:57718 - R:localhost/127.0.0.1:54248]
17:47:31.865 [Forwarding isElementEnabled on session 54c024b2c12378b8f29b5681833ddfc6 to remote] DEBUG org.asynchttpclient.netty.request.NettyRequestSender - Using pooled Channel '[id: 0x3c137513, L:/127.0.0.1:57718 - R:localhost/127.0.0.1:54248]' for 'GET' to 'http://localhost:54248/session/54c024b2c12378b8f29b5681833ddfc6/element/323c7492-a31a-4d69-961d-2eb0cb9791ec/enabled'
17:47:31.865 [Forwarding isElementEnabled on session 54c024b2c12378b8f29b5681833ddfc6 to remote] DEBUG org.asynchttpclient.netty.request.NettyRequestSender - Using open Channel [id: 0x3c137513, L:/127.0.0.1:57718 - R:localhost/127.0.0.1:54248] for GET '/session/54c024b2c12378b8f29b5681833ddfc6/element/323c7492-a31a-4d69-961d-2eb0cb9791ec/enabled'
17:47:31.875 [AsyncHttpClient-1-8] DEBUG org.asynchttpclient.netty.handler.HttpHandler - 

Request DefaultFullHttpRequest(decodeResult: success, version: HTTP/1.1, content: EmptyByteBufBE)
GET /session/54c024b2c12378b8f29b5681833ddfc6/element/323c7492-a31a-4d69-961d-2eb0cb9791ec/enabled HTTP/1.1
User-Agent: selenium/4.1.2 (java windows)
Cache-Control: no-cache
Content-Type: application/json; charset=utf-8
host: localhost:54248
accept: */*

Response DefaultHttpResponse(decodeResult: success, version: HTTP/1.1)
HTTP/1.1 200 OK
Content-Type: application/json; charset=utf-8
cache-control: no-cache
content-length: 14

17:47:31.875 [AsyncHttpClient-1-8] DEBUG org.asynchttpclient.netty.channel.ChannelManager - Adding key: http://localhost:54248 for channel [id: 0x3c137513, L:/127.0.0.1:57718 - R:localhost/127.0.0.1:54248]
17:47:31.877 [Forwarding findElement on session 54c024b2c12378b8f29b5681833ddfc6 to remote] DEBUG org.asynchttpclient.netty.request.NettyRequestSender - Using pooled Channel '[id: 0x3c137513, L:/127.0.0.1:57718 - R:localhost/127.0.0.1:54248]' for 'POST' to 'http://localhost:54248/session/54c024b2c12378b8f29b5681833ddfc6/element'
17:47:31.878 [Forwarding findElement on session 54c024b2c12378b8f29b5681833ddfc6 to remote] DEBUG org.asynchttpclient.netty.request.NettyRequestSender - Using open Channel [id: 0x3c137513, L:/127.0.0.1:57718 - R:localhost/127.0.0.1:54248] for POST '/session/54c024b2c12378b8f29b5681833ddfc6/element'
17:47:31.892 [AsyncHttpClient-1-8] DEBUG org.asynchttpclient.netty.handler.HttpHandler - 

Request DefaultHttpRequest(decodeResult: success, version: HTTP/1.1)
POST /session/54c024b2c12378b8f29b5681833ddfc6/element HTTP/1.1
User-Agent: selenium/4.1.2 (java windows)
Content-Length: 315
Content-Type: application/json; charset=utf-8
host: localhost:54248
accept: */*

Response DefaultHttpResponse(decodeResult: success, version: HTTP/1.1)
HTTP/1.1 200 OK
Content-Type: application/json; charset=utf-8
cache-control: no-cache
content-length: 88

17:47:31.892 [AsyncHttpClient-1-8] DEBUG org.asynchttpclient.netty.channel.ChannelManager - Adding key: http://localhost:54248 for channel [id: 0x3c137513, L:/127.0.0.1:57718 - R:localhost/127.0.0.1:54248]
17:47:31.894 [Forwarding clickElement on session 54c024b2c12378b8f29b5681833ddfc6 to remote] DEBUG org.asynchttpclient.netty.request.NettyRequestSender - Using pooled Channel '[id: 0x3c137513, L:/127.0.0.1:57718 - R:localhost/127.0.0.1:54248]' for 'POST' to 'http://localhost:54248/session/54c024b2c12378b8f29b5681833ddfc6/element/323c7492-a31a-4d69-961d-2eb0cb9791ec/click'
17:47:31.894 [Forwarding clickElement on session 54c024b2c12378b8f29b5681833ddfc6 to remote] DEBUG org.asynchttpclient.netty.request.NettyRequestSender - Using open Channel [id: 0x3c137513, L:/127.0.0.1:57718 - R:localhost/127.0.0.1:54248] for POST '/session/54c024b2c12378b8f29b5681833ddfc6/element/323c7492-a31a-4d69-961d-2eb0cb9791ec/click'
17:47:31.991 [AsyncHttpClient-1-8] DEBUG org.asynchttpclient.netty.handler.HttpHandler - 

Request DefaultHttpRequest(decodeResult: success, version: HTTP/1.1)
POST /session/54c024b2c12378b8f29b5681833ddfc6/element/323c7492-a31a-4d69-961d-2eb0cb9791ec/click HTTP/1.1
User-Agent: selenium/4.1.2 (java windows)
Content-Length: 50
Content-Type: application/json; charset=utf-8
host: localhost:54248
accept: */*

Response DefaultHttpResponse(decodeResult: success, version: HTTP/1.1)
HTTP/1.1 200 OK
Content-Type: application/json; charset=utf-8
cache-control: no-cache
content-length: 14

17:47:31.992 [AsyncHttpClient-1-8] DEBUG org.asynchttpclient.netty.channel.ChannelManager - Adding key: http://localhost:54248 for channel [id: 0x3c137513, L:/127.0.0.1:57718 - R:localhost/127.0.0.1:54248]
17:47:31.998 [Forwarding findElement on session 54c024b2c12378b8f29b5681833ddfc6 to remote] DEBUG org.asynchttpclient.netty.request.NettyRequestSender - Using pooled Channel '[id: 0x3c137513, L:/127.0.0.1:57718 - R:localhost/127.0.0.1:54248]' for 'POST' to 'http://localhost:54248/session/54c024b2c12378b8f29b5681833ddfc6/element'
17:47:31.998 [Forwarding findElement on session 54c024b2c12378b8f29b5681833ddfc6 to remote] DEBUG org.asynchttpclient.netty.request.NettyRequestSender - Using open Channel [id: 0x3c137513, L:/127.0.0.1:57718 - R:localhost/127.0.0.1:54248] for POST '/session/54c024b2c12378b8f29b5681833ddfc6/element'
17:47:32.015 [AsyncHttpClient-1-8] DEBUG org.asynchttpclient.netty.handler.HttpHandler - 

Request DefaultHttpRequest(decodeResult: success, version: HTTP/1.1)
POST /session/54c024b2c12378b8f29b5681833ddfc6/element HTTP/1.1
User-Agent: selenium/4.1.2 (java windows)
Content-Length: 69
Content-Type: application/json; charset=utf-8
host: localhost:54248
accept: */*

Response DefaultHttpResponse(decodeResult: success, version: HTTP/1.1)
HTTP/1.1 200 OK
Content-Type: application/json; charset=utf-8
cache-control: no-cache
content-length: 88

17:47:32.015 [AsyncHttpClient-1-8] DEBUG org.asynchttpclient.netty.channel.ChannelManager - Adding key: http://localhost:54248 for channel [id: 0x3c137513, L:/127.0.0.1:57718 - R:localhost/127.0.0.1:54248]
17:47:32.017 [Forwarding clearElement on session 54c024b2c12378b8f29b5681833ddfc6 to remote] DEBUG org.asynchttpclient.netty.request.NettyRequestSender - Using pooled Channel '[id: 0x3c137513, L:/127.0.0.1:57718 - R:localhost/127.0.0.1:54248]' for 'POST' to 'http://localhost:54248/session/54c024b2c12378b8f29b5681833ddfc6/element/c5e6fbae-dd79-4707-9c0c-01569cc1ac64/clear'
17:47:32.017 [Forwarding clearElement on session 54c024b2c12378b8f29b5681833ddfc6 to remote] DEBUG org.asynchttpclient.netty.request.NettyRequestSender - Using open Channel [id: 0x3c137513, L:/127.0.0.1:57718 - R:localhost/127.0.0.1:54248] for POST '/session/54c024b2c12378b8f29b5681833ddfc6/element/c5e6fbae-dd79-4707-9c0c-01569cc1ac64/clear'
17:47:32.073 [AsyncHttpClient-1-8] DEBUG org.asynchttpclient.netty.handler.HttpHandler - 

Request DefaultHttpRequest(decodeResult: success, version: HTTP/1.1)
POST /session/54c024b2c12378b8f29b5681833ddfc6/element/c5e6fbae-dd79-4707-9c0c-01569cc1ac64/clear HTTP/1.1
User-Agent: selenium/4.1.2 (java windows)
Content-Length: 50
Content-Type: application/json; charset=utf-8
host: localhost:54248
accept: */*

Response DefaultHttpResponse(decodeResult: success, version: HTTP/1.1)
HTTP/1.1 200 OK
Content-Type: application/json; charset=utf-8
cache-control: no-cache
content-length: 14

17:47:32.073 [AsyncHttpClient-1-8] DEBUG org.asynchttpclient.netty.channel.ChannelManager - Adding key: http://localhost:54248 for channel [id: 0x3c137513, L:/127.0.0.1:57718 - R:localhost/127.0.0.1:54248]
17:47:32.077 [Forwarding sendKeysToElement on session 54c024b2c12378b8f29b5681833ddfc6 to remote] DEBUG org.asynchttpclient.netty.request.NettyRequestSender - Using pooled Channel '[id: 0x3c137513, L:/127.0.0.1:57718 - R:localhost/127.0.0.1:54248]' for 'POST' to 'http://localhost:54248/session/54c024b2c12378b8f29b5681833ddfc6/element/c5e6fbae-dd79-4707-9c0c-01569cc1ac64/value'
17:47:32.077 [Forwarding sendKeysToElement on session 54c024b2c12378b8f29b5681833ddfc6 to remote] DEBUG org.asynchttpclient.netty.request.NettyRequestSender - Using open Channel [id: 0x3c137513, L:/127.0.0.1:57718 - R:localhost/127.0.0.1:54248] for POST '/session/54c024b2c12378b8f29b5681833ddfc6/element/c5e6fbae-dd79-4707-9c0c-01569cc1ac64/value'
17:47:32.219 [AsyncHttpClient-1-1] DEBUG org.asynchttpclient.netty.channel.DefaultChannelPool - Entry count for : http://localhost:57719 : 1
17:47:32.404 [AsyncHttpClient-1-8] DEBUG org.asynchttpclient.netty.handler.HttpHandler - 

Request DefaultHttpRequest(decodeResult: success, version: HTTP/1.1)
POST /session/54c024b2c12378b8f29b5681833ddfc6/element/c5e6fbae-dd79-4707-9c0c-01569cc1ac64/value HTTP/1.1
User-Agent: selenium/4.1.2 (java windows)
Content-Length: 411
Content-Type: application/json; charset=utf-8
host: localhost:54248
accept: */*

Response DefaultHttpResponse(decodeResult: success, version: HTTP/1.1)
HTTP/1.1 200 OK
Content-Type: application/json; charset=utf-8
cache-control: no-cache
content-length: 14

17:47:32.405 [AsyncHttpClient-1-8] DEBUG org.asynchttpclient.netty.channel.ChannelManager - Adding key: http://localhost:54248 for channel [id: 0x3c137513, L:/127.0.0.1:57718 - R:localhost/127.0.0.1:54248]
17:47:32.412 [Forwarding findElement on session 54c024b2c12378b8f29b5681833ddfc6 to remote] DEBUG org.asynchttpclient.netty.request.NettyRequestSender - Using pooled Channel '[id: 0x3c137513, L:/127.0.0.1:57718 - R:localhost/127.0.0.1:54248]' for 'POST' to 'http://localhost:54248/session/54c024b2c12378b8f29b5681833ddfc6/element'
17:47:32.412 [Forwarding findElement on session 54c024b2c12378b8f29b5681833ddfc6 to remote] DEBUG org.asynchttpclient.netty.request.NettyRequestSender - Using open Channel [id: 0x3c137513, L:/127.0.0.1:57718 - R:localhost/127.0.0.1:54248] for POST '/session/54c024b2c12378b8f29b5681833ddfc6/element'
17:47:32.429 [AsyncHttpClient-1-8] DEBUG org.asynchttpclient.netty.handler.HttpHandler - 

Request DefaultHttpRequest(decodeResult: success, version: HTTP/1.1)
POST /session/54c024b2c12378b8f29b5681833ddfc6/element HTTP/1.1
User-Agent: selenium/4.1.2 (java windows)
Content-Length: 72
Content-Type: application/json; charset=utf-8
host: localhost:54248
accept: */*

Response DefaultHttpResponse(decodeResult: success, version: HTTP/1.1)
HTTP/1.1 200 OK
Content-Type: application/json; charset=utf-8
cache-control: no-cache
content-length: 88

17:47:32.430 [AsyncHttpClient-1-8] DEBUG org.asynchttpclient.netty.channel.ChannelManager - Adding key: http://localhost:54248 for channel [id: 0x3c137513, L:/127.0.0.1:57718 - R:localhost/127.0.0.1:54248]
17:47:32.432 [Forwarding clearElement on session 54c024b2c12378b8f29b5681833ddfc6 to remote] DEBUG org.asynchttpclient.netty.request.NettyRequestSender - Using pooled Channel '[id: 0x3c137513, L:/127.0.0.1:57718 - R:localhost/127.0.0.1:54248]' for 'POST' to 'http://localhost:54248/session/54c024b2c12378b8f29b5681833ddfc6/element/d79d2465-e01c-4c85-b3f4-b6687214ec49/clear'
17:47:32.432 [Forwarding clearElement on session 54c024b2c12378b8f29b5681833ddfc6 to remote] DEBUG org.asynchttpclient.netty.request.NettyRequestSender - Using open Channel [id: 0x3c137513, L:/127.0.0.1:57718 - R:localhost/127.0.0.1:54248] for POST '/session/54c024b2c12378b8f29b5681833ddfc6/element/d79d2465-e01c-4c85-b3f4-b6687214ec49/clear'
17:47:32.478 [AsyncHttpClient-1-8] DEBUG org.asynchttpclient.netty.handler.HttpHandler - 

Request DefaultHttpRequest(decodeResult: success, version: HTTP/1.1)
POST /session/54c024b2c12378b8f29b5681833ddfc6/element/d79d2465-e01c-4c85-b3f4-b6687214ec49/clear HTTP/1.1
User-Agent: selenium/4.1.2 (java windows)
Content-Length: 50
Content-Type: application/json; charset=utf-8
host: localhost:54248
accept: */*

Response DefaultHttpResponse(decodeResult: success, version: HTTP/1.1)
HTTP/1.1 200 OK
Content-Type: application/json; charset=utf-8
cache-control: no-cache
content-length: 14

17:47:32.479 [AsyncHttpClient-1-8] DEBUG org.asynchttpclient.netty.channel.ChannelManager - Adding key: http://localhost:54248 for channel [id: 0x3c137513, L:/127.0.0.1:57718 - R:localhost/127.0.0.1:54248]
17:47:32.483 [Forwarding sendKeysToElement on session 54c024b2c12378b8f29b5681833ddfc6 to remote] DEBUG org.asynchttpclient.netty.request.NettyRequestSender - Using pooled Channel '[id: 0x3c137513, L:/127.0.0.1:57718 - R:localhost/127.0.0.1:54248]' for 'POST' to 'http://localhost:54248/session/54c024b2c12378b8f29b5681833ddfc6/element/d79d2465-e01c-4c85-b3f4-b6687214ec49/value'
17:47:32.483 [Forwarding sendKeysToElement on session 54c024b2c12378b8f29b5681833ddfc6 to remote] DEBUG org.asynchttpclient.netty.request.NettyRequestSender - Using open Channel [id: 0x3c137513, L:/127.0.0.1:57718 - R:localhost/127.0.0.1:54248] for POST '/session/54c024b2c12378b8f29b5681833ddfc6/element/d79d2465-e01c-4c85-b3f4-b6687214ec49/value'
17:47:32.709 [AsyncHttpClient-1-8] DEBUG org.asynchttpclient.netty.handler.HttpHandler - 

Request DefaultHttpRequest(decodeResult: success, version: HTTP/1.1)
POST /session/54c024b2c12378b8f29b5681833ddfc6/element/d79d2465-e01c-4c85-b3f4-b6687214ec49/value HTTP/1.1
User-Agent: selenium/4.1.2 (java windows)
Content-Length: 241
Content-Type: application/json; charset=utf-8
host: localhost:54248
accept: */*

Response DefaultHttpResponse(decodeResult: success, version: HTTP/1.1)
HTTP/1.1 200 OK
Content-Type: application/json; charset=utf-8
cache-control: no-cache
content-length: 14

17:47:32.710 [AsyncHttpClient-1-8] DEBUG org.asynchttpclient.netty.channel.ChannelManager - Adding key: http://localhost:54248 for channel [id: 0x3c137513, L:/127.0.0.1:57718 - R:localhost/127.0.0.1:54248]
17:47:32.718 [Forwarding findElement on session 54c024b2c12378b8f29b5681833ddfc6 to remote] DEBUG org.asynchttpclient.netty.request.NettyRequestSender - Using pooled Channel '[id: 0x3c137513, L:/127.0.0.1:57718 - R:localhost/127.0.0.1:54248]' for 'POST' to 'http://localhost:54248/session/54c024b2c12378b8f29b5681833ddfc6/element'
17:47:32.718 [Forwarding findElement on session 54c024b2c12378b8f29b5681833ddfc6 to remote] DEBUG org.asynchttpclient.netty.request.NettyRequestSender - Using open Channel [id: 0x3c137513, L:/127.0.0.1:57718 - R:localhost/127.0.0.1:54248] for POST '/session/54c024b2c12378b8f29b5681833ddfc6/element'
17:47:32.742 [AsyncHttpClient-1-8] DEBUG org.asynchttpclient.netty.handler.HttpHandler - 

Request DefaultHttpRequest(decodeResult: success, version: HTTP/1.1)
POST /session/54c024b2c12378b8f29b5681833ddfc6/element HTTP/1.1
User-Agent: selenium/4.1.2 (java windows)
Content-Length: 321
Content-Type: application/json; charset=utf-8
host: localhost:54248
accept: */*

Response DefaultHttpResponse(decodeResult: success, version: HTTP/1.1)
HTTP/1.1 200 OK
Content-Type: application/json; charset=utf-8
cache-control: no-cache
content-length: 88

17:47:32.743 [AsyncHttpClient-1-8] DEBUG org.asynchttpclient.netty.channel.ChannelManager - Adding key: http://localhost:54248 for channel [id: 0x3c137513, L:/127.0.0.1:57718 - R:localhost/127.0.0.1:54248]
17:47:32.746 [Forwarding getElementTagName on session 54c024b2c12378b8f29b5681833ddfc6 to remote] DEBUG org.asynchttpclient.netty.request.NettyRequestSender - Using pooled Channel '[id: 0x3c137513, L:/127.0.0.1:57718 - R:localhost/127.0.0.1:54248]' for 'GET' to 'http://localhost:54248/session/54c024b2c12378b8f29b5681833ddfc6/element/9da44819-148e-4168-8215-6280149f1d03/name'
17:47:32.746 [Forwarding getElementTagName on session 54c024b2c12378b8f29b5681833ddfc6 to remote] DEBUG org.asynchttpclient.netty.request.NettyRequestSender - Using open Channel [id: 0x3c137513, L:/127.0.0.1:57718 - R:localhost/127.0.0.1:54248] for GET '/session/54c024b2c12378b8f29b5681833ddfc6/element/9da44819-148e-4168-8215-6280149f1d03/name'
17:47:32.755 [AsyncHttpClient-1-8] DEBUG org.asynchttpclient.netty.handler.HttpHandler - 

Request DefaultFullHttpRequest(decodeResult: success, version: HTTP/1.1, content: EmptyByteBufBE)
GET /session/54c024b2c12378b8f29b5681833ddfc6/element/9da44819-148e-4168-8215-6280149f1d03/name HTTP/1.1
User-Agent: selenium/4.1.2 (java windows)
Cache-Control: no-cache
Content-Type: application/json; charset=utf-8
host: localhost:54248
accept: */*

Response DefaultHttpResponse(decodeResult: success, version: HTTP/1.1)
HTTP/1.1 200 OK
Content-Type: application/json; charset=utf-8
cache-control: no-cache
content-length: 18

17:47:32.755 [AsyncHttpClient-1-8] DEBUG org.asynchttpclient.netty.channel.ChannelManager - Adding key: http://localhost:54248 for channel [id: 0x3c137513, L:/127.0.0.1:57718 - R:localhost/127.0.0.1:54248]
17:47:32.758 [Forwarding getElementTagName on session 54c024b2c12378b8f29b5681833ddfc6 to remote] DEBUG org.asynchttpclient.netty.request.NettyRequestSender - Using pooled Channel '[id: 0x3c137513, L:/127.0.0.1:57718 - R:localhost/127.0.0.1:54248]' for 'GET' to 'http://localhost:54248/session/54c024b2c12378b8f29b5681833ddfc6/element/9da44819-148e-4168-8215-6280149f1d03/name'
17:47:32.758 [Forwarding getElementTagName on session 54c024b2c12378b8f29b5681833ddfc6 to remote] DEBUG org.asynchttpclient.netty.request.NettyRequestSender - Using open Channel [id: 0x3c137513, L:/127.0.0.1:57718 - R:localhost/127.0.0.1:54248] for GET '/session/54c024b2c12378b8f29b5681833ddfc6/element/9da44819-148e-4168-8215-6280149f1d03/name'
17:47:32.765 [AsyncHttpClient-1-8] DEBUG org.asynchttpclient.netty.handler.HttpHandler - 

Request DefaultFullHttpRequest(decodeResult: success, version: HTTP/1.1, content: EmptyByteBufBE)
GET /session/54c024b2c12378b8f29b5681833ddfc6/element/9da44819-148e-4168-8215-6280149f1d03/name HTTP/1.1
User-Agent: selenium/4.1.2 (java windows)
Cache-Control: no-cache
Content-Type: application/json; charset=utf-8
host: localhost:54248
accept: */*

Response DefaultHttpResponse(decodeResult: success, version: HTTP/1.1)
HTTP/1.1 200 OK
Content-Type: application/json; charset=utf-8
cache-control: no-cache
content-length: 18

17:47:32.765 [AsyncHttpClient-1-8] DEBUG org.asynchttpclient.netty.channel.ChannelManager - Adding key: http://localhost:54248 for channel [id: 0x3c137513, L:/127.0.0.1:57718 - R:localhost/127.0.0.1:54248]
17:47:32.767 [Forwarding isElementEnabled on session 54c024b2c12378b8f29b5681833ddfc6 to remote] DEBUG org.asynchttpclient.netty.request.NettyRequestSender - Using pooled Channel '[id: 0x3c137513, L:/127.0.0.1:57718 - R:localhost/127.0.0.1:54248]' for 'GET' to 'http://localhost:54248/session/54c024b2c12378b8f29b5681833ddfc6/element/9da44819-148e-4168-8215-6280149f1d03/enabled'
17:47:32.767 [Forwarding isElementEnabled on session 54c024b2c12378b8f29b5681833ddfc6 to remote] DEBUG org.asynchttpclient.netty.request.NettyRequestSender - Using open Channel [id: 0x3c137513, L:/127.0.0.1:57718 - R:localhost/127.0.0.1:54248] for GET '/session/54c024b2c12378b8f29b5681833ddfc6/element/9da44819-148e-4168-8215-6280149f1d03/enabled'
17:47:32.780 [AsyncHttpClient-1-8] DEBUG org.asynchttpclient.netty.handler.HttpHandler - 

Request DefaultFullHttpRequest(decodeResult: success, version: HTTP/1.1, content: EmptyByteBufBE)
GET /session/54c024b2c12378b8f29b5681833ddfc6/element/9da44819-148e-4168-8215-6280149f1d03/enabled HTTP/1.1
User-Agent: selenium/4.1.2 (java windows)
Cache-Control: no-cache
Content-Type: application/json; charset=utf-8
host: localhost:54248
accept: */*

Response DefaultHttpResponse(decodeResult: success, version: HTTP/1.1)
HTTP/1.1 200 OK
Content-Type: application/json; charset=utf-8
cache-control: no-cache
content-length: 14

17:47:32.780 [AsyncHttpClient-1-8] DEBUG org.asynchttpclient.netty.channel.ChannelManager - Adding key: http://localhost:54248 for channel [id: 0x3c137513, L:/127.0.0.1:57718 - R:localhost/127.0.0.1:54248]
17:47:32.782 [Forwarding isElementEnabled on session 54c024b2c12378b8f29b5681833ddfc6 to remote] DEBUG org.asynchttpclient.netty.request.NettyRequestSender - Using pooled Channel '[id: 0x3c137513, L:/127.0.0.1:57718 - R:localhost/127.0.0.1:54248]' for 'GET' to 'http://localhost:54248/session/54c024b2c12378b8f29b5681833ddfc6/element/9da44819-148e-4168-8215-6280149f1d03/enabled'
17:47:32.782 [Forwarding isElementEnabled on session 54c024b2c12378b8f29b5681833ddfc6 to remote] DEBUG org.asynchttpclient.netty.request.NettyRequestSender - Using open Channel [id: 0x3c137513, L:/127.0.0.1:57718 - R:localhost/127.0.0.1:54248] for GET '/session/54c024b2c12378b8f29b5681833ddfc6/element/9da44819-148e-4168-8215-6280149f1d03/enabled'
17:47:32.794 [AsyncHttpClient-1-8] DEBUG org.asynchttpclient.netty.handler.HttpHandler - 

Request DefaultFullHttpRequest(decodeResult: success, version: HTTP/1.1, content: EmptyByteBufBE)
GET /session/54c024b2c12378b8f29b5681833ddfc6/element/9da44819-148e-4168-8215-6280149f1d03/enabled HTTP/1.1
User-Agent: selenium/4.1.2 (java windows)
Cache-Control: no-cache
Content-Type: application/json; charset=utf-8
host: localhost:54248
accept: */*

Response DefaultHttpResponse(decodeResult: success, version: HTTP/1.1)
HTTP/1.1 200 OK
Content-Type: application/json; charset=utf-8
cache-control: no-cache
content-length: 14

17:47:32.794 [AsyncHttpClient-1-8] DEBUG org.asynchttpclient.netty.channel.ChannelManager - Adding key: http://localhost:54248 for channel [id: 0x3c137513, L:/127.0.0.1:57718 - R:localhost/127.0.0.1:54248]
17:47:32.796 [Forwarding findElement on session 54c024b2c12378b8f29b5681833ddfc6 to remote] DEBUG org.asynchttpclient.netty.request.NettyRequestSender - Using pooled Channel '[id: 0x3c137513, L:/127.0.0.1:57718 - R:localhost/127.0.0.1:54248]' for 'POST' to 'http://localhost:54248/session/54c024b2c12378b8f29b5681833ddfc6/element'
17:47:32.797 [Forwarding findElement on session 54c024b2c12378b8f29b5681833ddfc6 to remote] DEBUG org.asynchttpclient.netty.request.NettyRequestSender - Using open Channel [id: 0x3c137513, L:/127.0.0.1:57718 - R:localhost/127.0.0.1:54248] for POST '/session/54c024b2c12378b8f29b5681833ddfc6/element'
17:47:32.812 [AsyncHttpClient-1-8] DEBUG org.asynchttpclient.netty.handler.HttpHandler - 

Request DefaultHttpRequest(decodeResult: success, version: HTTP/1.1)
POST /session/54c024b2c12378b8f29b5681833ddfc6/element HTTP/1.1
User-Agent: selenium/4.1.2 (java windows)
Content-Length: 321
Content-Type: application/json; charset=utf-8
host: localhost:54248
accept: */*

Response DefaultHttpResponse(decodeResult: success, version: HTTP/1.1)
HTTP/1.1 200 OK
Content-Type: application/json; charset=utf-8
cache-control: no-cache
content-length: 88

17:47:32.813 [AsyncHttpClient-1-8] DEBUG org.asynchttpclient.netty.channel.ChannelManager - Adding key: http://localhost:54248 for channel [id: 0x3c137513, L:/127.0.0.1:57718 - R:localhost/127.0.0.1:54248]
17:47:32.814 [Forwarding clickElement on session 54c024b2c12378b8f29b5681833ddfc6 to remote] DEBUG org.asynchttpclient.netty.request.NettyRequestSender - Using pooled Channel '[id: 0x3c137513, L:/127.0.0.1:57718 - R:localhost/127.0.0.1:54248]' for 'POST' to 'http://localhost:54248/session/54c024b2c12378b8f29b5681833ddfc6/element/9da44819-148e-4168-8215-6280149f1d03/click'
17:47:32.814 [Forwarding clickElement on session 54c024b2c12378b8f29b5681833ddfc6 to remote] DEBUG org.asynchttpclient.netty.request.NettyRequestSender - Using open Channel [id: 0x3c137513, L:/127.0.0.1:57718 - R:localhost/127.0.0.1:54248] for POST '/session/54c024b2c12378b8f29b5681833ddfc6/element/9da44819-148e-4168-8215-6280149f1d03/click'
17:47:32.886 [AsyncHttpClient-1-8] DEBUG org.asynchttpclient.netty.handler.HttpHandler - 

Request DefaultHttpRequest(decodeResult: success, version: HTTP/1.1)
POST /session/54c024b2c12378b8f29b5681833ddfc6/element/9da44819-148e-4168-8215-6280149f1d03/click HTTP/1.1
User-Agent: selenium/4.1.2 (java windows)
Content-Length: 50
Content-Type: application/json; charset=utf-8
host: localhost:54248
accept: */*

Response DefaultHttpResponse(decodeResult: success, version: HTTP/1.1)
HTTP/1.1 200 OK
Content-Type: application/json; charset=utf-8
cache-control: no-cache
content-length: 14

17:47:32.886 [AsyncHttpClient-1-8] DEBUG org.asynchttpclient.netty.channel.ChannelManager - Adding key: http://localhost:54248 for channel [id: 0x3c137513, L:/127.0.0.1:57718 - R:localhost/127.0.0.1:54248]
  &amp#27;[32mAnd &amp#27;[0m&amp#27;[32mI have logged in&amp#27;[0m                 &amp#27;[90m# starter.stepdefinitions.ManageVaccinationBookingsSteps.iHaveLoggedIn()&amp#27;[0m
17:47:32.897 [Forwarding screenshot on session 54c024b2c12378b8f29b5681833ddfc6 to remote] DEBUG org.asynchttpclient.netty.request.NettyRequestSender - Using pooled Channel '[id: 0x3c137513, L:/127.0.0.1:57718 - R:localhost/127.0.0.1:54248]' for 'GET' to 'http://localhost:54248/session/54c024b2c12378b8f29b5681833ddfc6/screenshot'
17:47:32.897 [Forwarding screenshot on session 54c024b2c12378b8f29b5681833ddfc6 to remote] DEBUG org.asynchttpclient.netty.request.NettyRequestSender - Using open Channel [id: 0x3c137513, L:/127.0.0.1:57718 - R:localhost/127.0.0.1:54248] for GET '/session/54c024b2c12378b8f29b5681833ddfc6/screenshot'
17:47:33.162 [AsyncHttpClient-1-8] DEBUG org.asynchttpclient.netty.handler.HttpHandler - 

Request DefaultFullHttpRequest(decodeResult: success, version: HTTP/1.1, content: EmptyByteBufBE)
GET /session/54c024b2c12378b8f29b5681833ddfc6/screenshot HTTP/1.1
User-Agent: selenium/4.1.2 (java windows)
Cache-Control: no-cache
Content-Type: application/json; charset=utf-8
host: localhost:54248
accept: */*

Response DefaultHttpResponse(decodeResult: success, version: HTTP/1.1)
HTTP/1.1 200 OK
Content-Type: application/json; charset=utf-8
cache-control: no-cache
content-length: 115904

17:47:33.163 [AsyncHttpClient-1-8] DEBUG org.asynchttpclient.netty.channel.ChannelManager - Adding key: http://localhost:54248 for channel [id: 0x3c137513, L:/127.0.0.1:57718 - R:localhost/127.0.0.1:54248]
17:47:33.167 [main] DEBUG net.serenitybdd.core.photography.Darkroom - Send negative for processing for target\site\serenity\ace717ad9e648f52c47e65156491f8613c19c53df3129ecb44a11a5f26756ecb.png
17:47:33.167 [Darkroom Processing Line] DEBUG net.serenitybdd.core.photography.DarkroomProcessingLine - Processing screenshot image in /var/screenshots/screenshot-14994360286965783803
17:47:33.167 [Darkroom Processing Line] DEBUG net.serenitybdd.core.photography.DarkroomProcessingLine - Saving screenshot to target\site\serenity\ace717ad9e648f52c47e65156491f8613c19c53df3129ecb44a11a5f26756ecb.png
17:47:33.180 [Forwarding findElement on session 54c024b2c12378b8f29b5681833ddfc6 to remote] DEBUG org.asynchttpclient.netty.request.NettyRequestSender - Using pooled Channel '[id: 0x3c137513, L:/127.0.0.1:57718 - R:localhost/127.0.0.1:54248]' for 'POST' to 'http://localhost:54248/session/54c024b2c12378b8f29b5681833ddfc6/element'
17:47:33.180 [Forwarding findElement on session 54c024b2c12378b8f29b5681833ddfc6 to remote] DEBUG org.asynchttpclient.netty.request.NettyRequestSender - Using open Channel [id: 0x3c137513, L:/127.0.0.1:57718 - R:localhost/127.0.0.1:54248] for POST '/session/54c024b2c12378b8f29b5681833ddfc6/element'
17:47:33.314 [AsyncHttpClient-1-1] DEBUG org.asynchttpclient.netty.channel.DefaultChannelPool - Entry count for : http://localhost:57719 : 1
17:47:33.502 [AsyncHttpClient-1-8] DEBUG org.asynchttpclient.netty.handler.HttpHandler - 

Request DefaultHttpRequest(decodeResult: success, version: HTTP/1.1)
POST /session/54c024b2c12378b8f29b5681833ddfc6/element HTTP/1.1
User-Agent: selenium/4.1.2 (java windows)
Content-Length: 80
Content-Type: application/json; charset=utf-8
host: localhost:54248
accept: */*

Response DefaultHttpResponse(decodeResult: success, version: HTTP/1.1)
HTTP/1.1 200 OK
Content-Type: application/json; charset=utf-8
cache-control: no-cache
content-length: 88

17:47:33.502 [AsyncHttpClient-1-8] DEBUG org.asynchttpclient.netty.channel.ChannelManager - Adding key: http://localhost:54248 for channel [id: 0x3c137513, L:/127.0.0.1:57718 - R:localhost/127.0.0.1:54248]
17:47:33.506 [Forwarding getElementTagName on session 54c024b2c12378b8f29b5681833ddfc6 to remote] DEBUG org.asynchttpclient.netty.request.NettyRequestSender - Using pooled Channel '[id: 0x3c137513, L:/127.0.0.1:57718 - R:localhost/127.0.0.1:54248]' for 'GET' to 'http://localhost:54248/session/54c024b2c12378b8f29b5681833ddfc6/element/0dc942cc-4e34-4c16-9e1d-4b2bb58ff9e0/name'
17:47:33.506 [Forwarding getElementTagName on session 54c024b2c12378b8f29b5681833ddfc6 to remote] DEBUG org.asynchttpclient.netty.request.NettyRequestSender - Using open Channel [id: 0x3c137513, L:/127.0.0.1:57718 - R:localhost/127.0.0.1:54248] for GET '/session/54c024b2c12378b8f29b5681833ddfc6/element/0dc942cc-4e34-4c16-9e1d-4b2bb58ff9e0/name'
17:47:33.514 [AsyncHttpClient-1-8] DEBUG org.asynchttpclient.netty.handler.HttpHandler - 

Request DefaultFullHttpRequest(decodeResult: success, version: HTTP/1.1, content: EmptyByteBufBE)
GET /session/54c024b2c12378b8f29b5681833ddfc6/element/0dc942cc-4e34-4c16-9e1d-4b2bb58ff9e0/name HTTP/1.1
User-Agent: selenium/4.1.2 (java windows)
Cache-Control: no-cache
Content-Type: application/json; charset=utf-8
host: localhost:54248
accept: */*

Response DefaultHttpResponse(decodeResult: success, version: HTTP/1.1)
HTTP/1.1 200 OK
Content-Type: application/json; charset=utf-8
cache-control: no-cache
content-length: 13

17:47:33.514 [AsyncHttpClient-1-8] DEBUG org.asynchttpclient.netty.channel.ChannelManager - Adding key: http://localhost:54248 for channel [id: 0x3c137513, L:/127.0.0.1:57718 - R:localhost/127.0.0.1:54248]
17:47:33.516 [Forwarding getElementTagName on session 54c024b2c12378b8f29b5681833ddfc6 to remote] DEBUG org.asynchttpclient.netty.request.NettyRequestSender - Using pooled Channel '[id: 0x3c137513, L:/127.0.0.1:57718 - R:localhost/127.0.0.1:54248]' for 'GET' to 'http://localhost:54248/session/54c024b2c12378b8f29b5681833ddfc6/element/0dc942cc-4e34-4c16-9e1d-4b2bb58ff9e0/name'
17:47:33.516 [Forwarding getElementTagName on session 54c024b2c12378b8f29b5681833ddfc6 to remote] DEBUG org.asynchttpclient.netty.request.NettyRequestSender - Using open Channel [id: 0x3c137513, L:/127.0.0.1:57718 - R:localhost/127.0.0.1:54248] for GET '/session/54c024b2c12378b8f29b5681833ddfc6/element/0dc942cc-4e34-4c16-9e1d-4b2bb58ff9e0/name'
17:47:33.523 [AsyncHttpClient-1-8] DEBUG org.asynchttpclient.netty.handler.HttpHandler - 

Request DefaultFullHttpRequest(decodeResult: success, version: HTTP/1.1, content: EmptyByteBufBE)
GET /session/54c024b2c12378b8f29b5681833ddfc6/element/0dc942cc-4e34-4c16-9e1d-4b2bb58ff9e0/name HTTP/1.1
User-Agent: selenium/4.1.2 (java windows)
Cache-Control: no-cache
Content-Type: application/json; charset=utf-8
host: localhost:54248
accept: */*

Response DefaultHttpResponse(decodeResult: success, version: HTTP/1.1)
HTTP/1.1 200 OK
Content-Type: application/json; charset=utf-8
cache-control: no-cache
content-length: 13

17:47:33.523 [AsyncHttpClient-1-8] DEBUG org.asynchttpclient.netty.channel.ChannelManager - Adding key: http://localhost:54248 for channel [id: 0x3c137513, L:/127.0.0.1:57718 - R:localhost/127.0.0.1:54248]
17:47:33.525 [Forwarding findElement on session 54c024b2c12378b8f29b5681833ddfc6 to remote] DEBUG org.asynchttpclient.netty.request.NettyRequestSender - Using pooled Channel '[id: 0x3c137513, L:/127.0.0.1:57718 - R:localhost/127.0.0.1:54248]' for 'POST' to 'http://localhost:54248/session/54c024b2c12378b8f29b5681833ddfc6/element'
17:47:33.525 [Forwarding findElement on session 54c024b2c12378b8f29b5681833ddfc6 to remote] DEBUG org.asynchttpclient.netty.request.NettyRequestSender - Using open Channel [id: 0x3c137513, L:/127.0.0.1:57718 - R:localhost/127.0.0.1:54248] for POST '/session/54c024b2c12378b8f29b5681833ddfc6/element'
17:47:33.540 [AsyncHttpClient-1-8] DEBUG org.asynchttpclient.netty.handler.HttpHandler - 

Request DefaultHttpRequest(decodeResult: success, version: HTTP/1.1)
POST /session/54c024b2c12378b8f29b5681833ddfc6/element HTTP/1.1
User-Agent: selenium/4.1.2 (java windows)
Content-Length: 80
Content-Type: application/json; charset=utf-8
host: localhost:54248
accept: */*

Response DefaultHttpResponse(decodeResult: success, version: HTTP/1.1)
HTTP/1.1 200 OK
Content-Type: application/json; charset=utf-8
cache-control: no-cache
content-length: 88

17:47:33.540 [AsyncHttpClient-1-8] DEBUG org.asynchttpclient.netty.channel.ChannelManager - Adding key: http://localhost:54248 for channel [id: 0x3c137513, L:/127.0.0.1:57718 - R:localhost/127.0.0.1:54248]
17:47:33.542 [Forwarding clickElement on session 54c024b2c12378b8f29b5681833ddfc6 to remote] DEBUG org.asynchttpclient.netty.request.NettyRequestSender - Using pooled Channel '[id: 0x3c137513, L:/127.0.0.1:57718 - R:localhost/127.0.0.1:54248]' for 'POST' to 'http://localhost:54248/session/54c024b2c12378b8f29b5681833ddfc6/element/0dc942cc-4e34-4c16-9e1d-4b2bb58ff9e0/click'
17:47:33.542 [Forwarding clickElement on session 54c024b2c12378b8f29b5681833ddfc6 to remote] DEBUG org.asynchttpclient.netty.request.NettyRequestSender - Using open Channel [id: 0x3c137513, L:/127.0.0.1:57718 - R:localhost/127.0.0.1:54248] for POST '/session/54c024b2c12378b8f29b5681833ddfc6/element/0dc942cc-4e34-4c16-9e1d-4b2bb58ff9e0/click'
17:47:33.727 [AsyncHttpClient-1-8] DEBUG org.asynchttpclient.netty.handler.HttpHandler - 

Request DefaultHttpRequest(decodeResult: success, version: HTTP/1.1)
POST /session/54c024b2c12378b8f29b5681833ddfc6/element/0dc942cc-4e34-4c16-9e1d-4b2bb58ff9e0/click HTTP/1.1
User-Agent: selenium/4.1.2 (java windows)
Content-Length: 50
Content-Type: application/json; charset=utf-8
host: localhost:54248
accept: */*

Response DefaultHttpResponse(decodeResult: success, version: HTTP/1.1)
HTTP/1.1 200 OK
Content-Type: application/json; charset=utf-8
cache-control: no-cache
content-length: 14

17:47:33.727 [AsyncHttpClient-1-8] DEBUG org.asynchttpclient.netty.channel.ChannelManager - Adding key: http://localhost:54248 for channel [id: 0x3c137513, L:/127.0.0.1:57718 - R:localhost/127.0.0.1:54248]
  &amp#27;[32mWhen &amp#27;[0m&amp#27;[32mI go to Book Vaksinasi page&amp#27;[0m     &amp#27;[90m# starter.stepdefinitions.ManageVaccinationBookingsSteps.iGoToBookVaksinasiPage()&amp#27;[0m
17:47:33.736 [Forwarding screenshot on session 54c024b2c12378b8f29b5681833ddfc6 to remote] DEBUG org.asynchttpclient.netty.request.NettyRequestSender - Using pooled Channel '[id: 0x3c137513, L:/127.0.0.1:57718 - R:localhost/127.0.0.1:54248]' for 'GET' to 'http://localhost:54248/session/54c024b2c12378b8f29b5681833ddfc6/screenshot'
17:47:33.736 [Forwarding screenshot on session 54c024b2c12378b8f29b5681833ddfc6 to remote] DEBUG org.asynchttpclient.netty.request.NettyRequestSender - Using open Channel [id: 0x3c137513, L:/127.0.0.1:57718 - R:localhost/127.0.0.1:54248] for GET '/session/54c024b2c12378b8f29b5681833ddfc6/screenshot'
17:47:34.084 [AsyncHttpClient-1-8] DEBUG org.asynchttpclient.netty.handler.HttpHandler - 

Request DefaultFullHttpRequest(decodeResult: success, version: HTTP/1.1, content: EmptyByteBufBE)
GET /session/54c024b2c12378b8f29b5681833ddfc6/screenshot HTTP/1.1
User-Agent: selenium/4.1.2 (java windows)
Cache-Control: no-cache
Content-Type: application/json; charset=utf-8
host: localhost:54248
accept: */*

Response DefaultHttpResponse(decodeResult: success, version: HTTP/1.1)
HTTP/1.1 200 OK
Content-Type: application/json; charset=utf-8
cache-control: no-cache
content-length: 142128

17:47:34.085 [AsyncHttpClient-1-8] DEBUG org.asynchttpclient.netty.channel.ChannelManager - Adding key: http://localhost:54248 for channel [id: 0x3c137513, L:/127.0.0.1:57718 - R:localhost/127.0.0.1:54248]
17:47:34.094 [main] DEBUG net.serenitybdd.core.photography.Darkroom - Send negative for processing for target\site\serenity\eeba277de43fc60316cf14a8cef6b1b778e3c5c977581883d55de25c7213a1c8.png
17:47:34.094 [Darkroom Processing Line] DEBUG net.serenitybdd.core.photography.DarkroomProcessingLine - Processing screenshot image in /var/screenshots/screenshot-14996236259473752897
17:47:34.094 [Darkroom Processing Line] DEBUG net.serenitybdd.core.photography.DarkroomProcessingLine - Saving screenshot to target\site\serenity\eeba277de43fc60316cf14a8cef6b1b778e3c5c977581883d55de25c7213a1c8.png
17:47:34.108 [Forwarding findElement on session 54c024b2c12378b8f29b5681833ddfc6 to remote] DEBUG org.asynchttpclient.netty.request.NettyRequestSender - Using pooled Channel '[id: 0x3c137513, L:/127.0.0.1:57718 - R:localhost/127.0.0.1:54248]' for 'POST' to 'http://localhost:54248/session/54c024b2c12378b8f29b5681833ddfc6/element'
17:47:34.108 [Forwarding findElement on session 54c024b2c12378b8f29b5681833ddfc6 to remote] DEBUG org.asynchttpclient.netty.request.NettyRequestSender - Using open Channel [id: 0x3c137513, L:/127.0.0.1:57718 - R:localhost/127.0.0.1:54248] for POST '/session/54c024b2c12378b8f29b5681833ddfc6/element'
17:47:34.414 [AsyncHttpClient-1-1] DEBUG org.asynchttpclient.netty.channel.DefaultChannelPool - Entry count for : http://localhost:57719 : 1
17:47:35.515 [AsyncHttpClient-1-1] DEBUG org.asynchttpclient.netty.channel.DefaultChannelPool - Entry count for : http://localhost:57719 : 1
17:47:36.125 [AsyncHttpClient-1-8] DEBUG org.asynchttpclient.netty.handler.HttpHandler - 

Request DefaultHttpRequest(decodeResult: success, version: HTTP/1.1)
POST /session/54c024b2c12378b8f29b5681833ddfc6/element HTTP/1.1
User-Agent: selenium/4.1.2 (java windows)
Content-Length: 117
Content-Type: application/json; charset=utf-8
host: localhost:54248
accept: */*

Response DefaultHttpResponse(decodeResult: success, version: HTTP/1.1)
HTTP/1.1 404 Not Found
Content-Type: application/json; charset=utf-8
cache-control: no-cache
content-length: 985

17:47:36.125 [AsyncHttpClient-1-8] DEBUG org.asynchttpclient.netty.channel.ChannelManager - Adding key: http://localhost:54248 for channel [id: 0x3c137513, L:/127.0.0.1:57718 - R:localhost/127.0.0.1:54248]
17:47:36.228 [Forwarding findElement on session 54c024b2c12378b8f29b5681833ddfc6 to remote] DEBUG org.asynchttpclient.netty.request.NettyRequestSender - Using pooled Channel '[id: 0x3c137513, L:/127.0.0.1:57718 - R:localhost/127.0.0.1:54248]' for 'POST' to 'http://localhost:54248/session/54c024b2c12378b8f29b5681833ddfc6/element'
17:47:36.228 [Forwarding findElement on session 54c024b2c12378b8f29b5681833ddfc6 to remote] DEBUG org.asynchttpclient.netty.request.NettyRequestSender - Using open Channel [id: 0x3c137513, L:/127.0.0.1:57718 - R:localhost/127.0.0.1:54248] for POST '/session/54c024b2c12378b8f29b5681833ddfc6/element'
17:47:36.615 [AsyncHttpClient-1-1] DEBUG org.asynchttpclient.netty.channel.DefaultChannelPool - Entry count for : http://localhost:57719 : 1
17:47:37.717 [AsyncHttpClient-1-1] DEBUG org.asynchttpclient.netty.channel.DefaultChannelPool - Entry count for : http://localhost:57719 : 1
17:47:38.266 [AsyncHttpClient-1-8] DEBUG org.asynchttpclient.netty.handler.HttpHandler - 

Request DefaultHttpRequest(decodeResult: success, version: HTTP/1.1)
POST /session/54c024b2c12378b8f29b5681833ddfc6/element HTTP/1.1
User-Agent: selenium/4.1.2 (java windows)
Content-Length: 117
Content-Type: application/json; charset=utf-8
host: localhost:54248
accept: */*

Response DefaultHttpResponse(decodeResult: success, version: HTTP/1.1)
HTTP/1.1 404 Not Found
Content-Type: application/json; charset=utf-8
cache-control: no-cache
content-length: 985

17:47:38.266 [AsyncHttpClient-1-8] DEBUG org.asynchttpclient.netty.channel.ChannelManager - Adding key: http://localhost:54248 for channel [id: 0x3c137513, L:/127.0.0.1:57718 - R:localhost/127.0.0.1:54248]
17:47:38.382 [Forwarding findElement on session 54c024b2c12378b8f29b5681833ddfc6 to remote] DEBUG org.asynchttpclient.netty.request.NettyRequestSender - Using pooled Channel '[id: 0x3c137513, L:/127.0.0.1:57718 - R:localhost/127.0.0.1:54248]' for 'POST' to 'http://localhost:54248/session/54c024b2c12378b8f29b5681833ddfc6/element'
17:47:38.382 [Forwarding findElement on session 54c024b2c12378b8f29b5681833ddfc6 to remote] DEBUG org.asynchttpclient.netty.request.NettyRequestSender - Using open Channel [id: 0x3c137513, L:/127.0.0.1:57718 - R:localhost/127.0.0.1:54248] for POST '/session/54c024b2c12378b8f29b5681833ddfc6/element'
17:47:38.814 [AsyncHttpClient-1-1] DEBUG org.asynchttpclient.netty.channel.DefaultChannelPool - Entry count for : http://localhost:57719 : 1
17:47:39.914 [AsyncHttpClient-1-1] DEBUG org.asynchttpclient.netty.channel.DefaultChannelPool - Entry count for : http://localhost:57719 : 1
17:47:40.428 [AsyncHttpClient-1-8] DEBUG org.asynchttpclient.netty.handler.HttpHandler - 

Request DefaultHttpRequest(decodeResult: success, version: HTTP/1.1)
POST /session/54c024b2c12378b8f29b5681833ddfc6/element HTTP/1.1
User-Agent: selenium/4.1.2 (java windows)
Content-Length: 117
Content-Type: application/json; charset=utf-8
host: localhost:54248
accept: */*

Response DefaultHttpResponse(decodeResult: success, version: HTTP/1.1)
HTTP/1.1 404 Not Found
Content-Type: application/json; charset=utf-8
cache-control: no-cache
content-length: 985

17:47:40.429 [AsyncHttpClient-1-8] DEBUG org.asynchttpclient.netty.channel.ChannelManager - Adding key: http://localhost:54248 for channel [id: 0x3c137513, L:/127.0.0.1:57718 - R:localhost/127.0.0.1:54248]
17:47:40.437 [Forwarding screenshot on session 54c024b2c12378b8f29b5681833ddfc6 to remote] DEBUG org.asynchttpclient.netty.request.NettyRequestSender - Using pooled Channel '[id: 0x3c137513, L:/127.0.0.1:57718 - R:localhost/127.0.0.1:54248]' for 'GET' to 'http://localhost:54248/session/54c024b2c12378b8f29b5681833ddfc6/screenshot'
17:47:40.437 [Forwarding screenshot on session 54c024b2c12378b8f29b5681833ddfc6 to remote] DEBUG org.asynchttpclient.netty.request.NettyRequestSender - Using open Channel [id: 0x3c137513, L:/127.0.0.1:57718 - R:localhost/127.0.0.1:54248] for GET '/session/54c024b2c12378b8f29b5681833ddfc6/screenshot'
17:47:40.563 [AsyncHttpClient-1-8] DEBUG org.asynchttpclient.netty.handler.HttpHandler - 

Request DefaultFullHttpRequest(decodeResult: success, version: HTTP/1.1, content: EmptyByteBufBE)
GET /session/54c024b2c12378b8f29b5681833ddfc6/screenshot HTTP/1.1
User-Agent: selenium/4.1.2 (java windows)
Cache-Control: no-cache
Content-Type: application/json; charset=utf-8
host: localhost:54248
accept: */*

Response DefaultHttpResponse(decodeResult: success, version: HTTP/1.1)
HTTP/1.1 200 OK
Content-Type: application/json; charset=utf-8
cache-control: no-cache
content-length: 8064

17:47:40.563 [AsyncHttpClient-1-8] DEBUG org.asynchttpclient.netty.channel.ChannelManager - Adding key: http://localhost:54248 for channel [id: 0x3c137513, L:/127.0.0.1:57718 - R:localhost/127.0.0.1:54248]
17:47:40.564 [main] DEBUG net.serenitybdd.core.photography.Darkroom - Send negative for processing for target\site\serenity\3c90801a70fb2c2bfe5fc60b174aa3986624ea5eb79294b52a5a7ca3339080db.png
17:47:40.569 [Forwarding getPageSource on session 54c024b2c12378b8f29b5681833ddfc6 to remote] DEBUG org.asynchttpclient.netty.request.NettyRequestSender - Using pooled Channel '[id: 0x3c137513, L:/127.0.0.1:57718 - R:localhost/127.0.0.1:54248]' for 'POST' to 'http://localhost:54248/session/54c024b2c12378b8f29b5681833ddfc6/execute/sync'
17:47:40.569 [Forwarding getPageSource on session 54c024b2c12378b8f29b5681833ddfc6 to remote] DEBUG org.asynchttpclient.netty.request.NettyRequestSender - Using open Channel [id: 0x3c137513, L:/127.0.0.1:57718 - R:localhost/127.0.0.1:54248] for POST '/session/54c024b2c12378b8f29b5681833ddfc6/execute/sync'
17:47:40.580 [AsyncHttpClient-1-8] DEBUG org.asynchttpclient.netty.handler.HttpHandler - 

Request DefaultHttpRequest(decodeResult: success, version: HTTP/1.1)
POST /session/54c024b2c12378b8f29b5681833ddfc6/execute/sync HTTP/1.1
User-Agent: selenium/4.1.2 (java windows)
Content-Length: 176
Content-Type: application/json; charset=utf-8
host: localhost:54248
accept: */*

Response DefaultHttpResponse(decodeResult: success, version: HTTP/1.1)
HTTP/1.1 200 OK
Content-Type: application/json; charset=utf-8
cache-control: no-cache
content-length: 852

17:47:40.580 [AsyncHttpClient-1-8] DEBUG org.asynchttpclient.netty.channel.ChannelManager - Adding key: http://localhost:54248 for channel [id: 0x3c137513, L:/127.0.0.1:57718 - R:localhost/127.0.0.1:54248]
17:47:40.582 [Forwarding getCurrentUrl on session 54c024b2c12378b8f29b5681833ddfc6 to remote] DEBUG org.asynchttpclient.netty.request.NettyRequestSender - Using pooled Channel '[id: 0x3c137513, L:/127.0.0.1:57718 - R:localhost/127.0.0.1:54248]' for 'GET' to 'http://localhost:54248/session/54c024b2c12378b8f29b5681833ddfc6/url'
17:47:40.582 [Forwarding getCurrentUrl on session 54c024b2c12378b8f29b5681833ddfc6 to remote] DEBUG org.asynchttpclient.netty.request.NettyRequestSender - Using open Channel [id: 0x3c137513, L:/127.0.0.1:57718 - R:localhost/127.0.0.1:54248] for GET '/session/54c024b2c12378b8f29b5681833ddfc6/url'
17:47:40.587 [AsyncHttpClient-1-8] DEBUG org.asynchttpclient.netty.handler.HttpHandler - 

Request DefaultFullHttpRequest(decodeResult: success, version: HTTP/1.1, content: EmptyByteBufBE)
GET /session/54c024b2c12378b8f29b5681833ddfc6/url HTTP/1.1
User-Agent: selenium/4.1.2 (java windows)
Cache-Control: no-cache
Content-Type: application/json; charset=utf-8
host: localhost:54248
accept: */*

Response DefaultHttpResponse(decodeResult: success, version: HTTP/1.1)
HTTP/1.1 200 OK
Content-Type: application/json; charset=utf-8
cache-control: no-cache
content-length: 56

17:47:40.587 [AsyncHttpClient-1-8] DEBUG org.asynchttpclient.netty.channel.ChannelManager - Adding key: http://localhost:54248 for channel [id: 0x3c137513, L:/127.0.0.1:57718 - R:localhost/127.0.0.1:54248]
  &amp#27;[31mAnd &amp#27;[0m&amp#27;[31mI select a session&amp#27;[0m               &amp#27;[90m# starter.stepdefinitions.ManageVaccinationBookingsSteps.iSelectASession()&amp#27;[0m
      &amp#27;[31mnet.thucydides.core.webdriver.exceptions.ElementShouldBeEnabledException: Expected enabled element was not enabled
	at net.serenitybdd.core.pages.WebElementFacadeImpl.waitUntilEnabled(WebElementFacadeImpl.java:1100)
	at net.serenitybdd.core.pages.WebElementFacadeImpl.waitUntilElementAvailable(WebElementFacadeImpl.java:888)
	at net.serenitybdd.core.pages.WebElementFacadeImpl.click(WebElementFacadeImpl.java:1182)
	at net.serenitybdd.core.pages.WebElementFacadeImpl.click(WebElementFacadeImpl.java:1201)
	at Automation@1.0-SNAPSHOT/starter.pages.ManageVaccinationBookingsPage.selectUnconfirmedSession(ManageVaccinationBookingsPage.java:121)
	at Automation@1.0-SNAPSHOT/starter.pages.ManageVaccinationBookingsPage$ByteBuddy$8UxQrdCL.selectUnconfirmedSession$accessor$DBxTDoTq(Unknown Source)
	at java.base/jdk.internal.reflect.NativeMethodAccessorImpl.invoke0(Native Method)
	at java.base/jdk.internal.reflect.NativeMethodAccessorImpl.invoke(NativeMethodAccessorImpl.java:62)
	at java.base/jdk.internal.reflect.DelegatingMethodAccessorImpl.invoke(DelegatingMethodAccessorImpl.java:43)
	at java.base/java.lang.reflect.Method.invoke(Method.java:566)
	at net.thucydides.core.steps.BaseMethodRunner.invokeMethod(BaseMethodRunner.java:18)
	at net.thucydides.core.steps.NormalMethodRunner.invokeMethodAndNotifyFailures(NormalMethodRunner.java:18)
	at net.thucydides.core.steps.StepInterceptor.runNormalMethod(StepInterceptor.java:406)
	at net.thucydides.core.steps.StepInterceptor.testStepResult(StepInterceptor.java:191)
	at net.thucydides.core.steps.StepInterceptor.intercept(StepInterceptor.java:84)
	at net.thucydides.core.steps.ProxyConfiguration$InterceptorDispatcher.intercept(ProxyConfiguration.java:51)
	at Automation@1.0-SNAPSHOT/starter.pages.ManageVaccinationBookingsPage$ByteBuddy$8UxQrdCL.selectUnconfirmedSession(Unknown Source)
	at Automation@1.0-SNAPSHOT/starter.stepdefinitions.ManageVaccinationBookingsSteps.iSelectASession(ManageVaccinationBookingsSteps.java:34)
	at âœ½.I select a session(file:///C:/Users/ASUSTUF/OneDrive/Documents/Capstone%20Project/Web%20Automation/src/test/resources/features/ManageVaccinationBookings.feature:27)
Caused by: org.openqa.selenium.TimeoutException: Expected condition failed: waiting for By.xpath: //div[@class='MuiCardActions-root MuiCardActions-spacing css-1k3fh4f'] to be enabled (tried for 5 second(s) with 100 milliseconds interval)
	at org.openqa.selenium.support.ui.FluentWait.timeoutException(FluentWait.java:263)
	at org.openqa.selenium.support.ui.FluentWait.until(FluentWait.java:231)
	at net.serenitybdd.core.pages.WebElementFacadeImpl.waitUntilEnabled(WebElementFacadeImpl.java:1097)
	at net.serenitybdd.core.pages.WebElementFacadeImpl.waitUntilElementAvailable(WebElementFacadeImpl.java:888)
	at net.serenitybdd.core.pages.WebElementFacadeImpl.click(WebElementFacadeImpl.java:1182)
	at net.serenitybdd.core.pages.WebElementFacadeImpl.click(WebElementFacadeImpl.java:1201)
	at Automation@1.0-SNAPSHOT/starter.pages.ManageVaccinationBookingsPage.selectUnconfirmedSession(ManageVaccinationBookingsPage.java:121)
	at Automation@1.0-SNAPSHOT/starter.pages.ManageVaccinationBookingsPage$ByteBuddy$8UxQrdCL.selectUnconfirmedSession$accessor$DBxTDoTq(Unknown Source)
	at java.base/jdk.internal.reflect.NativeMethodAccessorImpl.invoke0(Native Method)
	at java.base/jdk.internal.reflect.NativeMethodAccessorImpl.invoke(NativeMethodAccessorImpl.java:62)
	at java.base/jdk.internal.reflect.DelegatingMethodAccessorImpl.invoke(DelegatingMethodAccessorImpl.java:43)
	at java.base/java.lang.reflect.Method.invoke(Method.java:566)
	at net.thucydides.core.steps.BaseMethodRunner.invokeMethod(BaseMethodRunner.java:18)
	at net.thucydides.core.steps.NormalMethodRunner.invokeMethodAndNotifyFailures(NormalMethodRunner.java:18)
	at net.thucydides.core.steps.StepInterceptor.runNormalMethod(StepInterceptor.java:406)
	at net.thucydides.core.steps.StepInterceptor.testStepResult(StepInterceptor.java:191)
	at net.thucydides.core.steps.StepInterceptor.intercept(StepInterceptor.java:84)
	at net.thucydides.core.steps.ProxyConfiguration$InterceptorDispatcher.intercept(ProxyConfiguration.java:51)
	at Automation@1.0-SNAPSHOT/starter.pages.ManageVaccinationBookingsPage$ByteBuddy$8UxQrdCL.selectUnconfirmedSession(Unknown Source)
	at Automation@1.0-SNAPSHOT/starter.stepdefinitions.ManageVaccinationBookingsSteps.iSelectASession(ManageVaccinationBookingsSteps.java:34)
	at java.base/jdk.internal.reflect.NativeMethodAccessorImpl.invoke0(Native Method)
	at java.base/jdk.internal.reflect.NativeMethodAccessorImpl.invoke(NativeMethodAccessorImpl.java:62)
	at java.base/jdk.internal.reflect.DelegatingMethodAccessorImpl.invoke(DelegatingMethodAccessorImpl.java:43)
	at java.base/java.lang.reflect.Method.invoke(Method.java:566)
	at io.cucumber.java.Invoker.doInvoke(Invoker.java:66)
	at io.cucumber.java.Invoker.invoke(Invoker.java:24)
	at io.cucumber.java.AbstractGlueDefinition.invokeMethod(AbstractGlueDefinition.java:47)
	at io.cucumber.java.JavaStepDefinition.execute(JavaStepDefinition.java:29)
	at io.cucumber.core.runner.CoreStepDefinition.execute(CoreStepDefinition.java:66)
	at io.cucumber.core.runner.PickleStepDefinitionMatch.runStep(PickleStepDefinitionMatch.java:63)
	at io.cucumber.core.runner.ExecutionMode$1.execute(ExecutionMode.java:10)
	at io.cucumber.core.runner.TestStep.executeStep(TestStep.java:86)
	at io.cucumber.core.runner.TestStep.run(TestStep.java:57)
	at io.cucumber.core.runner.PickleStepTestStep.run(PickleStepTestStep.java:51)
	at io.cucumber.core.runner.TestCase.run(TestCase.java:95)
	at io.cucumber.core.runner.Runner.runPickle(Runner.java:75)
	at io.cucumber.junit.PickleRunners$NoStepDescriptions.lambda$run$0(PickleRunners.java:151)
	at io.cucumber.core.runtime.CucumberExecutionContext.lambda$runTestCase$3(CucumberExecutionContext.java:151)
	at io.cucumber.core.runtime.RethrowingThrowableCollector.executeAndThrow(RethrowingThrowableCollector.java:23)
	at io.cucumber.core.runtime.CucumberExecutionContext.runTestCase(CucumberExecutionContext.java:151)
	at io.cucumber.junit.PickleRunners$NoStepDescriptions.run(PickleRunners.java:148)
	at io.cucumber.junit.FeatureRunner.runChild(FeatureRunner.java:144)
	at io.cucumber.junit.FeatureRunner.runChild(FeatureRunner.java:28)
	at org.junit.runners.ParentRunner$4.run(ParentRunner.java:331)
	at org.junit.runners.ParentRunner$1.schedule(ParentRunner.java:79)
	at org.junit.runners.ParentRunner.runChildren(ParentRunner.java:329)
	at org.junit.runners.ParentRunner.access$100(ParentRunner.java:66)
	at org.junit.runners.ParentRunner$2.evaluate(ParentRunner.java:293)
	at org.junit.runners.ParentRunner$3.evaluate(ParentRunner.java:306)
	at org.junit.runners.ParentRunner.run(ParentRunner.java:413)
	at io.cucumber.junit.FeatureRunner.run(FeatureRunner.java:137)
	at io.cucumber.junit.CucumberSerenityRunner.runChild(CucumberSerenityRunner.java:258)
	at io.cucumber.junit.CucumberSerenityRunner.runChild(CucumberSerenityRunner.java:58)
	at org.junit.runners.ParentRunner$4.run(ParentRunner.java:331)
	at org.junit.runners.ParentRunner$1.schedule(ParentRunner.java:79)
	at org.junit.runners.ParentRunner.runChildren(ParentRunner.java:329)
	at org.junit.runners.ParentRunner.access$100(ParentRunner.java:66)
	at org.junit.runners.ParentRunner$2.evaluate(ParentRunner.java:293)
	at io.cucumber.junit.CucumberSerenityRunner$RunCucumber.evaluate(CucumberSerenityRunner.java:287)
	at org.junit.runners.ParentRunner$3.evaluate(ParentRunner.java:306)
	at org.junit.runners.ParentRunner.run(ParentRunner.java:413)
	at org.junit.runner.JUnitCore.run(JUnitCore.java:137)
	at org.junit.runner.JUnitCore.run(JUnitCore.java:115)
	at org.junit.vintage.engine.execution.RunnerExecutor.execute(RunnerExecutor.java:42)
	at org.junit.vintage.engine.VintageTestEngine.executeAllChildren(VintageTestEngine.java:80)
	at org.junit.vintage.engine.VintageTestEngine.execute(VintageTestEngine.java:72)
	at org.junit.platform.launcher.core.EngineExecutionOrchestrator.execute(EngineExecutionOrchestrator.java:107)
	at org.junit.platform.launcher.core.EngineExecutionOrchestrator.execute(EngineExecutionOrchestrator.java:88)
	at org.junit.platform.launcher.core.EngineExecutionOrchestrator.lambda$execute$0(EngineExecutionOrchestrator.java:54)
	at org.junit.platform.launcher.core.EngineExecutionOrchestrator.withInterceptedStreams(EngineExecutionOrchestrator.java:67)
	at org.junit.platform.launcher.core.EngineExecutionOrchestrator.execute(EngineExecutionOrchestrator.java:52)
	at org.junit.platform.launcher.core.DefaultLauncher.execute(DefaultLauncher.java:114)
	at org.junit.platform.launcher.core.DefaultLauncher.execute(DefaultLauncher.java:86)
	at org.junit.platform.launcher.core.DefaultLauncherSession$DelegatingLauncher.execute(DefaultLauncherSession.java:86)
	at org.junit.platform.launcher.core.SessionPerRequestLauncher.execute(SessionPerRequestLauncher.java:53)
	at org.apache.maven.surefire.junitplatform.JUnitPlatformProvider.execute(JUnitPlatformProvider.java:188)
	at org.apache.maven.surefire.junitplatform.JUnitPlatformProvider.invokeAllTests(JUnitPlatformProvider.java:154)
	at org.apache.maven.surefire.junitplatform.JUnitPlatformProvider.invoke(JUnitPlatformProvider.java:128)
	at org.apache.maven.surefire.booter.ForkedBooter.runSuitesInProcess(ForkedBooter.java:428)
	at org.apache.maven.surefire.booter.ForkedBooter.execute(ForkedBooter.java:162)
	at org.apache.maven.surefire.booter.ForkedBooter.run(ForkedBooter.java:562)
	at org.apache.maven.surefire.booter.ForkedBooter.main(ForkedBooter.java:548)
Caused by: org.openqa.selenium.NoSuchElementException: no such element: Unable to locate element: {"method":"xpath","selector":"//div[@class='MuiCardActions-root MuiCardActions-spacing css-1k3fh4f']"}
  (Session info: chrome=108.0.5359.125)
For documentation on this error, please visit: https://selenium.dev/exceptions/#no_such_element
Build info: version: '4.1.2', revision: '9a5a329c5a'
System info: host: 'LAPTOP-CFD9EV6G', ip: '192.168.100.7', os.name: 'Windows 11', os.arch: 'amd64', os.version: '10.0', java.version: '11.0.16'
Driver info: org.openqa.selenium.chrome.ChromeDriver
Command: [54c024b2c12378b8f29b5681833ddfc6, findElement {using=xpath, value=//div[@class='MuiCardActions-root MuiCardActions-spacing css-1k3fh4f']}]
Capabilities {acceptInsecureCerts: false, browserName: chrome, browserVersion: 108.0.5359.125, chrome: {chromedriverVersion: 108.0.5359.71 (1e0e3868ee06..., userDataDir: C:\Users\ASUSTUF\AppData\Lo...}, goog:chromeOptions: {debuggerAddress: localhost:57719}, javascriptEnabled: true, networkConnectionEnabled: false, pageLoadStrategy: normal, platform: WINDOWS, platformName: WINDOWS, proxy: Proxy(), se:cdp: ws://localhost:57719/devtoo..., se:cdpVersion: 108.0.5359.125, setWindowRect: true, strictFileInteractability: false, timeouts: {implicit: 0, pageLoad: 300000, script: 30000}, unhandledPromptBehavior: dismiss and notify, webauthn:extension:credBlob: true, webauthn:extension:largeBlob: true, webauthn:virtualAuthenticators: true}
Session ID: 54c024b2c12378b8f29b5681833ddfc6
	at java.base/jdk.internal.reflect.NativeConstructorAccessorImpl.newInstance0(Native Method)
	at java.base/jdk.internal.reflect.NativeConstructorAccessorImpl.newInstance(NativeConstructorAccessorImpl.java:62)
	at java.base/jdk.internal.reflect.DelegatingConstructorAccessorImpl.newInstance(DelegatingConstructorAccessorImpl.java:45)
	at java.base/java.lang.reflect.Constructor.newInstance(Constructor.java:490)
	at org.openqa.selenium.remote.codec.w3c.W3CHttpResponseCodec.createException(W3CHttpResponseCodec.java:200)
	at org.openqa.selenium.remote.codec.w3c.W3CHttpResponseCodec.decode(W3CHttpResponseCodec.java:133)
	at org.openqa.selenium.remote.codec.w3c.W3CHttpResponseCodec.decode(W3CHttpResponseCodec.java:53)
	at org.openqa.selenium.remote.HttpCommandExecutor.execute(HttpCommandExecutor.java:184)
	at org.openqa.selenium.remote.service.DriverCommandExecutor.invokeExecute(DriverCommandExecutor.java:167)
	at org.openqa.selenium.remote.service.DriverCommandExecutor.execute(DriverCommandExecutor.java:142)
	at org.openqa.selenium.remote.RemoteWebDriver.execute(RemoteWebDriver.java:558)
	at org.openqa.selenium.remote.ElementLocation$ElementFinder$2.findElement(ElementLocation.java:162)
	at org.openqa.selenium.remote.ElementLocation.findElement(ElementLocation.java:60)
	at org.openqa.selenium.remote.RemoteWebDriver.findElement(RemoteWebDriver.java:382)
	at org.openqa.selenium.remote.RemoteWebDriver.findElement(RemoteWebDriver.java:374)
	at net.thucydides.core.webdriver.WebDriverFacade.findElement(WebDriverFacade.java:224)
	at net.serenitybdd.core.pages.WebElementResolverByLocator.resolveForDriver(WebElementResolverByLocator.java:25)
	at net.serenitybdd.core.pages.WebElementFacadeImpl.getResolvedElement(WebElementFacadeImpl.java:191)
	at net.serenitybdd.core.pages.WebElementFacadeImpl.getElement(WebElementFacadeImpl.java:186)
	at net.serenitybdd.core.pages.WebElementExpectations$3.apply(WebElementExpectations.java:63)
	at net.serenitybdd.core.pages.WebElementExpectations$3.apply(WebElementExpectations.java:55)
	at org.openqa.selenium.support.ui.FluentWait.until(FluentWait.java:208)
	... 80 more
&amp#27;[0m
  &amp#27;[36mAnd &amp#27;[0m&amp#27;[36mI click X button&amp#27;[0m                 &amp#27;[90m# starter.stepdefinitions.ManageVaccinationBookingsSteps.iClickXButton()&amp#27;[0m
  &amp#27;[36mThen &amp#27;[0m&amp#27;[36mthe booking will be rejected&amp#27;[0m    &amp#27;[90m# starter.stepdefinitions.ManageVaccinationBookingsSteps.theBookingWillBeRejected()&amp#27;[0m
17:47:40.620 [main] ERROR  - 
  _____   ___   ___   _____     ___     _     ___   _      ___   ___  
 |_   _| | __| / __| |_   _|   | __|   /_\   |_ _| | |    | __| |   \ 
   | |   | _|  \__ \   | |     | _|   / _ \   | |  | |__  | _|  | |) |
   |_|   |___| |___/   |_|     |_|   /_/ \_\ |___| |____| |___| |___/ 

Reject a vaccination booking
-----------------------------------------------------------------------
17:47:40.620 [main] DEBUG  - RELATED ISSUES: 
17:47:40.621 [main] ERROR  -     Test failed at step: Select unconfirmed session
17:47:40.621 [main] ERROR  -     Expected enabled element was not enabled
17:47:40.625 [AsyncHttpClient-1-10] DEBUG org.asynchttpclient.netty.handler.WebSocketHandler - Channel Closed: [id: 0x274f00fa, L:/127.0.0.1:57726 ! R:localhost/127.0.0.1:57719] with attribute NettyResponseFuture{currentRetry=5,
	isDone=1,
	isCancelled=0,
	asyncHandler=org.asynchttpclient.ws.WebSocketUpgradeHandler@6bc262f0,
	nettyRequest=org.asynchttpclient.netty.request.NettyRequest@2ec0e1ec,
	future=java.util.concurrent.CompletableFuture@1f879bbd[Completed normally],
	uri=ws://localhost:57719/devtools/browser/57df8699-c1d5-44c7-baa2-2cf9ed87999c,
	keepAlive=true,
	redirectCount=0,
	timeoutsHolder=null,
	inAuth=0,
	touch=1671446849254}
17:47:40.625 [Driver Command Executor] DEBUG org.asynchttpclient.netty.request.NettyRequestSender - Using pooled Channel '[id: 0x3c137513, L:/127.0.0.1:57718 - R:localhost/127.0.0.1:54248]' for 'DELETE' to 'http://localhost:54248/session/54c024b2c12378b8f29b5681833ddfc6'
17:47:40.625 [AsyncHttpClient-1-10] DEBUG org.asynchttpclient.netty.channel.ChannelManager - Closing Channel [id: 0x274f00fa, L:/127.0.0.1:57726 ! R:localhost/127.0.0.1:57719] 
17:47:40.625 [Driver Command Executor] DEBUG org.asynchttpclient.netty.request.NettyRequestSender - Using open Channel [id: 0x3c137513, L:/127.0.0.1:57718 - R:localhost/127.0.0.1:54248] for DELETE '/session/54c024b2c12378b8f29b5681833ddfc6'
17:47:40.656 [AsyncHttpClient-1-9] DEBUG org.asynchttpclient.netty.handler.HttpHandler - Unexpected I/O exception on channel [id: 0x5cd9d54e, L:/127.0.0.1:57725 - R:localhost/127.0.0.1:57719]
java.io.IOException: An existing connection was forcibly closed by the remote host
	at java.base/sun.nio.ch.SocketDispatcher.read0(Native Method)
	at java.base/sun.nio.ch.SocketDispatcher.read(SocketDispatcher.java:43)
	at java.base/sun.nio.ch.IOUtil.readIntoNativeBuffer(IOUtil.java:276)
	at java.base/sun.nio.ch.IOUtil.read(IOUtil.java:233)
	at java.base/sun.nio.ch.IOUtil.read(IOUtil.java:223)
	at java.base/sun.nio.ch.SocketChannelImpl.read(SocketChannelImpl.java:358)
	at io.netty.buffer.PooledByteBuf.setBytes(PooledByteBuf.java:258)
	at io.netty.buffer.AbstractByteBuf.writeBytes(AbstractByteBuf.java:1132)
	at io.netty.channel.socket.nio.NioSocketChannel.doReadBytes(NioSocketChannel.java:350)
	at io.netty.channel.nio.AbstractNioByteChannel$NioByteUnsafe.read(AbstractNioByteChannel.java:151)
	at io.netty.channel.nio.NioEventLoop.processSelectedKey(NioEventLoop.java:722)
	at io.netty.channel.nio.NioEventLoop.processSelectedKeysOptimized(NioEventLoop.java:658)
	at io.netty.channel.nio.NioEventLoop.processSelectedKeys(NioEventLoop.java:584)
	at io.netty.channel.nio.NioEventLoop.run(NioEventLoop.java:496)
	at io.netty.util.concurrent.SingleThreadEventExecutor$4.run(SingleThreadEventExecutor.java:986)
	at io.netty.util.internal.ThreadExecutorMap$2.run(ThreadExecutorMap.java:74)
	at io.netty.util.concurrent.FastThreadLocalRunnable.run(FastThreadLocalRunnable.java:30)
	at java.base/java.lang.Thread.run(Thread.java:834)
17:47:40.656 [AsyncHttpClient-1-9] DEBUG org.asynchttpclient.netty.channel.ChannelManager - Closing Channel [id: 0x5cd9d54e, L:/127.0.0.1:57725 - R:localhost/127.0.0.1:57719] 
17:47:40.656 [AsyncHttpClient-1-9] DEBUG org.asynchttpclient.netty.handler.HttpHandler - Channel Closed: [id: 0x5cd9d54e, L:/127.0.0.1:57725 ! R:localhost/127.0.0.1:57719] with attribute DISCARD
17:47:40.719 [AsyncHttpClient-1-8] DEBUG org.asynchttpclient.netty.handler.HttpHandler - 

Request DefaultFullHttpRequest(decodeResult: success, version: HTTP/1.1, content: EmptyByteBufBE)
DELETE /session/54c024b2c12378b8f29b5681833ddfc6 HTTP/1.1
User-Agent: selenium/4.1.2 (java windows)
Content-Type: application/json; charset=utf-8
host: localhost:54248
accept: */*

Response DefaultHttpResponse(decodeResult: success, version: HTTP/1.1)
HTTP/1.1 200 OK
Content-Type: application/json; charset=utf-8
cache-control: no-cache
content-length: 14

17:47:40.719 [AsyncHttpClient-1-8] DEBUG org.asynchttpclient.netty.channel.ChannelManager - Adding key: http://localhost:54248 for channel [id: 0x3c137513, L:/127.0.0.1:57718 - R:localhost/127.0.0.1:54248]
17:47:40.822 [AsyncHttpClient-1-8] DEBUG org.asynchttpclient.netty.handler.HttpHandler - Channel Closed: [id: 0x3c137513, L:/127.0.0.1:57718 ! R:localhost/127.0.0.1:54248] with attribute DISCARD
]]></system-out>
    <system-err><![CDATA[Starting ChromeDriver 108.0.5359.71 (1e0e3868ee06e91ad636a874420e3ca3ae3756ac-refs/branch-heads/5359@{#1016}) on port 54248
Only local connections are allowed.
Please see https://chromedriver.chromium.org/security-considerations for suggestions on keeping ChromeDriver safe.
ChromeDriver was started successfully.
Dec 19, 2022 5:47:29 PM org.openqa.selenium.remote.ProtocolHandshake createSession
INFO: Detected dialect: W3C
Dec 19, 2022 5:47:29 PM org.openqa.selenium.devtools.CdpVersionFinder findNearestMatch
WARNING: Unable to find an exact match for CDP version 108, so returning the closest version found: a no-op implementation
Dec 19, 2022 5:47:29 PM org.openqa.selenium.devtools.CdpVersionFinder findNearestMatch
INFO: Unable to find CDP implementation matching 108.
Dec 19, 2022 5:47:29 PM org.openqa.selenium.chromium.ChromiumDriver lambda$new$3
WARNING: Unable to find version of CDP to use for . You may need to include a dependency on a specific version of the CDP using something similar to `org.seleniumhq.selenium:selenium-devtools-v86:4.1.2` where the version ("v86") matches the version of the chromium-based browser you're using and the version number of the artifact is the same as Selenium's.
]]></system-err>
  </testcase>
  <testcase name="Reject all vaccination bookings" classname="Manage vaccination bookings" time="13.951">
    <error type="net.thucydides.core.webdriver.exceptions.ElementShouldBeEnabledException"><![CDATA[net.thucydides.core.webdriver.exceptions.ElementShouldBeEnabledException: Expected enabled element was not enabled
Caused by: org.openqa.selenium.TimeoutException: Expected condition failed: waiting for By.xpath: //div[@class='MuiCardActions-root MuiCardActions-spacing css-1k3fh4f'] to be enabled (tried for 5 second(s) with 100 milliseconds interval)
Caused by: org.openqa.selenium.NoSuchElementException: 
no such element: Unable to locate element: {"method":"xpath","selector":"//div[@class='MuiCardActions-root MuiCardActions-spacing css-1k3fh4f']"}
  (Session info: chrome=108.0.5359.125)
For documentation on this error, please visit: https://selenium.dev/exceptions/#no_such_element
Build info: version: '4.1.2', revision: '9a5a329c5a'
System info: host: 'LAPTOP-CFD9EV6G', ip: '192.168.100.7', os.name: 'Windows 11', os.arch: 'amd64', os.version: '10.0', java.version: '11.0.16'
Driver info: org.openqa.selenium.chrome.ChromeDriver
Command: [6f8fccfcf75bb5fd3db1302cd2e327d9, findElement {using=xpath, value=//div[@class='MuiCardActions-root MuiCardActions-spacing css-1k3fh4f']}]
Capabilities {acceptInsecureCerts: false, browserName: chrome, browserVersion: 108.0.5359.125, chrome: {chromedriverVersion: 108.0.5359.71 (1e0e3868ee06..., userDataDir: C:\Users\ASUSTUF\AppData\Lo...}, goog:chromeOptions: {debuggerAddress: localhost:57750}, javascriptEnabled: true, networkConnectionEnabled: false, pageLoadStrategy: normal, platform: WINDOWS, platformName: WINDOWS, proxy: Proxy(), se:cdp: ws://localhost:57750/devtoo..., se:cdpVersion: 108.0.5359.125, setWindowRect: true, strictFileInteractability: false, timeouts: {implicit: 0, pageLoad: 300000, script: 30000}, unhandledPromptBehavior: dismiss and notify, webauthn:extension:credBlob: true, webauthn:extension:largeBlob: true, webauthn:virtualAuthenticators: true}
Session ID: 6f8fccfcf75bb5fd3db1302cd2e327d9
]]></error>
    <system-out><![CDATA[
Scenario: Reject all vaccination bookings &amp#27;[90m# src/test/resources/features/ManageVaccinationBookings.feature:31&amp#27;[0m
17:47:40.934 [main] INFO io.cucumber.core.plugin.SerenityReporter - Running feature from file:///C:/Users/ASUSTUF/OneDrive/Documents/Capstone%20Project/Web%20Automation/src/test/resources/features/ManageVaccinationBookings.feature
17:47:40.937 [main] INFO  - 
  _____   ___   ___   _____     ___   _____     _     ___   _____   ___   ___  
 |_   _| | __| / __| |_   _|   / __| |_   _|   /_\   | _ \ |_   _| | __| |   \ 
   | |   | _|  \__ \   | |     \__ \   | |    / _ \  |   /   | |   | _|  | |) |
   |_|   |___| |___/   |_|     |___/   |_|   /_/ \_\ |_|_\   |_|   |___| |___/ 

Reject all vaccination bookings(manage-vaccination-bookings;reject-all-vaccination-bookings)
--------------------------------------------------------------------------------
17:47:40.956 [main] INFO net.serenitybdd.core.webdriver.driverproviders.ChromeDriverProvider - Using automatically driver download
17:47:41.017 [AsyncHttpClient-1-1] DEBUG org.asynchttpclient.netty.channel.DefaultChannelPool - Entry count for : http://localhost:57719 : 1
17:47:41.017 [AsyncHttpClient-1-1] DEBUG org.asynchttpclient.netty.channel.DefaultChannelPool - Entry count for : http://localhost:54248 : 1
17:47:41.017 [AsyncHttpClient-1-1] DEBUG org.asynchttpclient.netty.channel.DefaultChannelPool - Adding Candidate expired Channel [id: 0x5cd9d54e, L:/127.0.0.1:57725 ! R:localhost/127.0.0.1:57719] isIdleTimeoutExpired=false isRemotelyClosed=true isTtlExpired=false
17:47:41.017 [AsyncHttpClient-1-1] DEBUG org.asynchttpclient.netty.channel.DefaultChannelPool - Closing Idle Channel [id: 0x5cd9d54e, L:/127.0.0.1:57725 ! R:localhost/127.0.0.1:57719]
17:47:41.017 [AsyncHttpClient-1-1] DEBUG org.asynchttpclient.netty.channel.DefaultChannelPool - Adding Candidate expired Channel [id: 0x3c137513, L:/127.0.0.1:57718 ! R:localhost/127.0.0.1:54248] isIdleTimeoutExpired=false isRemotelyClosed=true isTtlExpired=false
17:47:41.017 [AsyncHttpClient-1-1] DEBUG org.asynchttpclient.netty.channel.DefaultChannelPool - Closing Idle Channel [id: 0x3c137513, L:/127.0.0.1:57718 ! R:localhost/127.0.0.1:54248]
17:47:41.018 [AsyncHttpClient-1-1] DEBUG org.asynchttpclient.netty.channel.DefaultChannelPool - Closed 2 connections out of 2 in 1 ms
17:47:41.147 [main] DEBUG io.github.bonigarcia.wdm.cache.ResolutionCache - Resolution chrome=108 in cache (valid until 18:33:56 19/12/2022 ICT)
17:47:41.151 [main] DEBUG io.github.bonigarcia.wdm.cache.ResolutionCache - Resolution chrome108=108.0.5359.71 in cache (valid until 12:44:30 20/12/2022 ICT)
17:47:41.153 [main] INFO io.github.bonigarcia.wdm.WebDriverManager - Using chromedriver 108.0.5359.71 (resolved driver for Chrome 108)
17:47:41.171 [main] DEBUG io.github.bonigarcia.wdm.WebDriverManager - Driver chromedriver 108.0.5359.71 found in cache
17:47:41.173 [main] INFO io.github.bonigarcia.wdm.WebDriverManager - Exporting webdriver.chrome.driver as C:\Users\ASUSTUF\.cache\selenium\chromedriver\win32\108.0.5359.71\chromedriver.exe
17:47:41.379 [main] DEBUG net.serenitybdd.core.webdriver.driverproviders.ProvideNewDriver - Instantiating driver
17:47:41.379 [main] DEBUG net.serenitybdd.core.webdriver.driverproviders.ProvideNewDriver - Driver capabilities: Capabilities {acceptInsecureCerts: false, base.url: https://vaksin-id.netlify.app/, browserName: chrome, chrome.driver: src/test/resources/webdrive..., driver: chrome, goog:chromeOptions: {args: [], extensions: []}}
17:47:42.123 [AsyncHttpClient-1-11] DEBUG org.asynchttpclient.netty.channel.NettyConnectListener - Using new Channel '[id: 0xc74cb96b, L:/127.0.0.1:57749 - R:localhost/127.0.0.1:52007]' for 'POST' to '/session'
17:47:43.405 [AsyncHttpClient-1-11] DEBUG org.asynchttpclient.netty.handler.HttpHandler - 

Request DefaultHttpRequest(decodeResult: success, version: HTTP/1.1)
POST /session HTTP/1.1
User-Agent: selenium/4.1.2 (java windows)
Content-Length: 616
Content-Type: application/json; charset=utf-8
host: localhost:52007
accept: */*

Response DefaultHttpResponse(decodeResult: success, version: HTTP/1.1)
HTTP/1.1 200 OK
Content-Type: application/json; charset=utf-8
cache-control: no-cache
content-length: 792

17:47:43.405 [AsyncHttpClient-1-11] DEBUG org.asynchttpclient.netty.channel.ChannelManager - Adding key: http://localhost:52007 for channel [id: 0xc74cb96b, L:/127.0.0.1:57749 - R:localhost/127.0.0.1:52007]
17:47:43.428 [AsyncHttpClient-1-12] DEBUG org.asynchttpclient.netty.channel.NettyConnectListener - Using new Channel '[id: 0x65eb764c, L:/127.0.0.1:57756 - R:localhost/127.0.0.1:57750]' for 'GET' to '/json/version'
17:47:43.443 [AsyncHttpClient-1-12] DEBUG org.asynchttpclient.netty.handler.HttpHandler - 

Request DefaultFullHttpRequest(decodeResult: success, version: HTTP/1.1, content: EmptyByteBufBE)
GET /json/version HTTP/1.1
User-Agent: selenium/4.1.2 (java windows)
host: localhost:57750
accept: */*

Response DefaultHttpResponse(decodeResult: success, version: HTTP/1.1)
HTTP/1.1 200 OK
Content-Type: application/json; charset=UTF-8
content-length: 424

17:47:43.444 [AsyncHttpClient-1-12] DEBUG org.asynchttpclient.netty.channel.ChannelManager - Adding key: http://localhost:57750 for channel [id: 0x65eb764c, L:/127.0.0.1:57756 - R:localhost/127.0.0.1:57750]
17:47:43.451 [AsyncHttpClient-1-13] DEBUG org.asynchttpclient.netty.channel.NettyConnectListener - Using new Channel '[id: 0x20632e54, L:/127.0.0.1:57757 - R:localhost/127.0.0.1:57750]' for 'GET' to '/devtools/browser/c719dd27-9d1f-4f3d-b181-f76751f31915'
17:47:43.464 [AsyncHttpClient-1-13] DEBUG org.asynchttpclient.netty.handler.WebSocketHandler - 

Request DefaultFullHttpRequest(decodeResult: success, version: HTTP/1.1, content: EmptyByteBufBE)
GET /devtools/browser/c719dd27-9d1f-4f3d-b181-f76751f31915 HTTP/1.1
upgrade: websocket
connection: upgrade
sec-websocket-key: WRA7CDHKONYdbenEAX01IQ==
sec-websocket-version: 13
origin: http://localhost:57750
host: localhost:57750
accept: */*
user-agent: AHC/2.1

Response DefaultHttpResponse(decodeResult: success, version: HTTP/1.1)
HTTP/1.1 101 WebSocket Protocol Handshake
Upgrade: WebSocket
Connection: Upgrade
Sec-WebSocket-Accept: /+IP526Ry5Mj4HAzOO7nKSpXOF4=

17:47:43.478 [Forwarding get on session 6f8fccfcf75bb5fd3db1302cd2e327d9 to remote] DEBUG org.asynchttpclient.netty.request.NettyRequestSender - Using pooled Channel '[id: 0xc74cb96b, L:/127.0.0.1:57749 - R:localhost/127.0.0.1:52007]' for 'POST' to 'http://localhost:52007/session/6f8fccfcf75bb5fd3db1302cd2e327d9/url'
17:47:43.478 [Forwarding get on session 6f8fccfcf75bb5fd3db1302cd2e327d9 to remote] DEBUG org.asynchttpclient.netty.request.NettyRequestSender - Using open Channel [id: 0xc74cb96b, L:/127.0.0.1:57749 - R:localhost/127.0.0.1:52007] for POST '/session/6f8fccfcf75bb5fd3db1302cd2e327d9/url'
17:47:44.314 [AsyncHttpClient-1-1] DEBUG org.asynchttpclient.netty.channel.DefaultChannelPool - Entry count for : http://localhost:57750 : 1
17:47:44.391 [AsyncHttpClient-1-11] DEBUG org.asynchttpclient.netty.handler.HttpHandler - 

Request DefaultHttpRequest(decodeResult: success, version: HTTP/1.1)
POST /session/6f8fccfcf75bb5fd3db1302cd2e327d9/url HTTP/1.1
User-Agent: selenium/4.1.2 (java windows)
Content-Length: 60
Content-Type: application/json; charset=utf-8
host: localhost:52007
accept: */*

Response DefaultHttpResponse(decodeResult: success, version: HTTP/1.1)
HTTP/1.1 200 OK
Content-Type: application/json; charset=utf-8
cache-control: no-cache
content-length: 14

17:47:44.392 [AsyncHttpClient-1-11] DEBUG org.asynchttpclient.netty.channel.ChannelManager - Adding key: http://localhost:52007 for channel [id: 0xc74cb96b, L:/127.0.0.1:57749 - R:localhost/127.0.0.1:52007]
17:47:44.398 [Forwarding setTimeout on session 6f8fccfcf75bb5fd3db1302cd2e327d9 to remote] DEBUG org.asynchttpclient.netty.request.NettyRequestSender - Using pooled Channel '[id: 0xc74cb96b, L:/127.0.0.1:57749 - R:localhost/127.0.0.1:52007]' for 'POST' to 'http://localhost:52007/session/6f8fccfcf75bb5fd3db1302cd2e327d9/timeouts'
17:47:44.398 [Forwarding setTimeout on session 6f8fccfcf75bb5fd3db1302cd2e327d9 to remote] DEBUG org.asynchttpclient.netty.request.NettyRequestSender - Using open Channel [id: 0xc74cb96b, L:/127.0.0.1:57749 - R:localhost/127.0.0.1:52007] for POST '/session/6f8fccfcf75bb5fd3db1302cd2e327d9/timeouts'
17:47:44.401 [AsyncHttpClient-1-11] DEBUG org.asynchttpclient.netty.handler.HttpHandler - 

Request DefaultHttpRequest(decodeResult: success, version: HTTP/1.1)
POST /session/6f8fccfcf75bb5fd3db1302cd2e327d9/timeouts HTTP/1.1
User-Agent: selenium/4.1.2 (java windows)
Content-Length: 22
Content-Type: application/json; charset=utf-8
host: localhost:52007
accept: */*

Response DefaultHttpResponse(decodeResult: success, version: HTTP/1.1)
HTTP/1.1 200 OK
Content-Type: application/json; charset=utf-8
cache-control: no-cache
content-length: 14

17:47:44.401 [AsyncHttpClient-1-11] DEBUG org.asynchttpclient.netty.channel.ChannelManager - Adding key: http://localhost:52007 for channel [id: 0xc74cb96b, L:/127.0.0.1:57749 - R:localhost/127.0.0.1:52007]
17:47:44.410 [Forwarding getCurrentUrl on session 6f8fccfcf75bb5fd3db1302cd2e327d9 to remote] DEBUG org.asynchttpclient.netty.request.NettyRequestSender - Using pooled Channel '[id: 0xc74cb96b, L:/127.0.0.1:57749 - R:localhost/127.0.0.1:52007]' for 'GET' to 'http://localhost:52007/session/6f8fccfcf75bb5fd3db1302cd2e327d9/url'
17:47:44.411 [Forwarding getCurrentUrl on session 6f8fccfcf75bb5fd3db1302cd2e327d9 to remote] DEBUG org.asynchttpclient.netty.request.NettyRequestSender - Using open Channel [id: 0xc74cb96b, L:/127.0.0.1:57749 - R:localhost/127.0.0.1:52007] for GET '/session/6f8fccfcf75bb5fd3db1302cd2e327d9/url'
17:47:44.427 [AsyncHttpClient-1-11] DEBUG org.asynchttpclient.netty.handler.HttpHandler - 

Request DefaultFullHttpRequest(decodeResult: success, version: HTTP/1.1, content: EmptyByteBufBE)
GET /session/6f8fccfcf75bb5fd3db1302cd2e327d9/url HTTP/1.1
User-Agent: selenium/4.1.2 (java windows)
Cache-Control: no-cache
Content-Type: application/json; charset=utf-8
host: localhost:52007
accept: */*

Response DefaultHttpResponse(decodeResult: success, version: HTTP/1.1)
HTTP/1.1 200 OK
Content-Type: application/json; charset=utf-8
cache-control: no-cache
content-length: 42

17:47:44.428 [AsyncHttpClient-1-11] DEBUG org.asynchttpclient.netty.channel.ChannelManager - Adding key: http://localhost:52007 for channel [id: 0xc74cb96b, L:/127.0.0.1:57749 - R:localhost/127.0.0.1:52007]
  &amp#27;[32mGiven &amp#27;[0m&amp#27;[32mI am on landing page&amp#27;[0m              &amp#27;[90m# starter.stepdefinitions.ManageVaccinationBookingsSteps.iAmOnLandingPage()&amp#27;[0m
17:47:44.440 [Forwarding screenshot on session 6f8fccfcf75bb5fd3db1302cd2e327d9 to remote] DEBUG org.asynchttpclient.netty.request.NettyRequestSender - Using pooled Channel '[id: 0xc74cb96b, L:/127.0.0.1:57749 - R:localhost/127.0.0.1:52007]' for 'GET' to 'http://localhost:52007/session/6f8fccfcf75bb5fd3db1302cd2e327d9/screenshot'
17:47:44.441 [Forwarding screenshot on session 6f8fccfcf75bb5fd3db1302cd2e327d9 to remote] DEBUG org.asynchttpclient.netty.request.NettyRequestSender - Using open Channel [id: 0xc74cb96b, L:/127.0.0.1:57749 - R:localhost/127.0.0.1:52007] for GET '/session/6f8fccfcf75bb5fd3db1302cd2e327d9/screenshot'
17:47:45.418 [AsyncHttpClient-1-1] DEBUG org.asynchttpclient.netty.channel.DefaultChannelPool - Entry count for : http://localhost:57750 : 1
17:47:45.690 [AsyncHttpClient-1-11] DEBUG org.asynchttpclient.netty.handler.HttpHandler - 

Request DefaultFullHttpRequest(decodeResult: success, version: HTTP/1.1, content: EmptyByteBufBE)
GET /session/6f8fccfcf75bb5fd3db1302cd2e327d9/screenshot HTTP/1.1
User-Agent: selenium/4.1.2 (java windows)
Cache-Control: no-cache
Content-Type: application/json; charset=utf-8
host: localhost:52007
accept: */*

Response DefaultHttpResponse(decodeResult: success, version: HTTP/1.1)
HTTP/1.1 200 OK
Content-Type: application/json; charset=utf-8
cache-control: no-cache
content-length: 847132

17:47:45.711 [AsyncHttpClient-1-11] DEBUG org.asynchttpclient.netty.channel.ChannelManager - Adding key: http://localhost:52007 for channel [id: 0xc74cb96b, L:/127.0.0.1:57749 - R:localhost/127.0.0.1:52007]
17:47:45.758 [main] DEBUG net.serenitybdd.core.photography.Darkroom - Send negative for processing for target\site\serenity\ff3b83dd42f508d91c0c8488aed412149de34b436c7528a8caa8428592644731.png
17:47:45.766 [Forwarding findElement on session 6f8fccfcf75bb5fd3db1302cd2e327d9 to remote] DEBUG org.asynchttpclient.netty.request.NettyRequestSender - Using pooled Channel '[id: 0xc74cb96b, L:/127.0.0.1:57749 - R:localhost/127.0.0.1:52007]' for 'POST' to 'http://localhost:52007/session/6f8fccfcf75bb5fd3db1302cd2e327d9/element'
17:47:45.766 [Forwarding findElement on session 6f8fccfcf75bb5fd3db1302cd2e327d9 to remote] DEBUG org.asynchttpclient.netty.request.NettyRequestSender - Using open Channel [id: 0xc74cb96b, L:/127.0.0.1:57749 - R:localhost/127.0.0.1:52007] for POST '/session/6f8fccfcf75bb5fd3db1302cd2e327d9/element'
17:47:45.793 [AsyncHttpClient-1-11] DEBUG org.asynchttpclient.netty.handler.HttpHandler - 

Request DefaultHttpRequest(decodeResult: success, version: HTTP/1.1)
POST /session/6f8fccfcf75bb5fd3db1302cd2e327d9/element HTTP/1.1
User-Agent: selenium/4.1.2 (java windows)
Content-Length: 315
Content-Type: application/json; charset=utf-8
host: localhost:52007
accept: */*

Response DefaultHttpResponse(decodeResult: success, version: HTTP/1.1)
HTTP/1.1 200 OK
Content-Type: application/json; charset=utf-8
cache-control: no-cache
content-length: 88

17:47:45.793 [AsyncHttpClient-1-11] DEBUG org.asynchttpclient.netty.channel.ChannelManager - Adding key: http://localhost:52007 for channel [id: 0xc74cb96b, L:/127.0.0.1:57749 - R:localhost/127.0.0.1:52007]
17:47:45.795 [Forwarding getElementTagName on session 6f8fccfcf75bb5fd3db1302cd2e327d9 to remote] DEBUG org.asynchttpclient.netty.request.NettyRequestSender - Using pooled Channel '[id: 0xc74cb96b, L:/127.0.0.1:57749 - R:localhost/127.0.0.1:52007]' for 'GET' to 'http://localhost:52007/session/6f8fccfcf75bb5fd3db1302cd2e327d9/element/f7937508-e778-4f62-99e5-439df568f9a4/name'
17:47:45.795 [Forwarding getElementTagName on session 6f8fccfcf75bb5fd3db1302cd2e327d9 to remote] DEBUG org.asynchttpclient.netty.request.NettyRequestSender - Using open Channel [id: 0xc74cb96b, L:/127.0.0.1:57749 - R:localhost/127.0.0.1:52007] for GET '/session/6f8fccfcf75bb5fd3db1302cd2e327d9/element/f7937508-e778-4f62-99e5-439df568f9a4/name'
17:47:45.801 [AsyncHttpClient-1-11] DEBUG org.asynchttpclient.netty.handler.HttpHandler - 

Request DefaultFullHttpRequest(decodeResult: success, version: HTTP/1.1, content: EmptyByteBufBE)
GET /session/6f8fccfcf75bb5fd3db1302cd2e327d9/element/f7937508-e778-4f62-99e5-439df568f9a4/name HTTP/1.1
User-Agent: selenium/4.1.2 (java windows)
Cache-Control: no-cache
Content-Type: application/json; charset=utf-8
host: localhost:52007
accept: */*

Response DefaultHttpResponse(decodeResult: success, version: HTTP/1.1)
HTTP/1.1 200 OK
Content-Type: application/json; charset=utf-8
cache-control: no-cache
content-length: 18

17:47:45.801 [AsyncHttpClient-1-11] DEBUG org.asynchttpclient.netty.channel.ChannelManager - Adding key: http://localhost:52007 for channel [id: 0xc74cb96b, L:/127.0.0.1:57749 - R:localhost/127.0.0.1:52007]
17:47:45.804 [Forwarding getElementTagName on session 6f8fccfcf75bb5fd3db1302cd2e327d9 to remote] DEBUG org.asynchttpclient.netty.request.NettyRequestSender - Using pooled Channel '[id: 0xc74cb96b, L:/127.0.0.1:57749 - R:localhost/127.0.0.1:52007]' for 'GET' to 'http://localhost:52007/session/6f8fccfcf75bb5fd3db1302cd2e327d9/element/f7937508-e778-4f62-99e5-439df568f9a4/name'
17:47:45.804 [Forwarding getElementTagName on session 6f8fccfcf75bb5fd3db1302cd2e327d9 to remote] DEBUG org.asynchttpclient.netty.request.NettyRequestSender - Using open Channel [id: 0xc74cb96b, L:/127.0.0.1:57749 - R:localhost/127.0.0.1:52007] for GET '/session/6f8fccfcf75bb5fd3db1302cd2e327d9/element/f7937508-e778-4f62-99e5-439df568f9a4/name'
17:47:45.809 [AsyncHttpClient-1-11] DEBUG org.asynchttpclient.netty.handler.HttpHandler - 

Request DefaultFullHttpRequest(decodeResult: success, version: HTTP/1.1, content: EmptyByteBufBE)
GET /session/6f8fccfcf75bb5fd3db1302cd2e327d9/element/f7937508-e778-4f62-99e5-439df568f9a4/name HTTP/1.1
User-Agent: selenium/4.1.2 (java windows)
Cache-Control: no-cache
Content-Type: application/json; charset=utf-8
host: localhost:52007
accept: */*

Response DefaultHttpResponse(decodeResult: success, version: HTTP/1.1)
HTTP/1.1 200 OK
Content-Type: application/json; charset=utf-8
cache-control: no-cache
content-length: 18

17:47:45.809 [AsyncHttpClient-1-11] DEBUG org.asynchttpclient.netty.channel.ChannelManager - Adding key: http://localhost:52007 for channel [id: 0xc74cb96b, L:/127.0.0.1:57749 - R:localhost/127.0.0.1:52007]
17:47:45.811 [Forwarding isElementEnabled on session 6f8fccfcf75bb5fd3db1302cd2e327d9 to remote] DEBUG org.asynchttpclient.netty.request.NettyRequestSender - Using pooled Channel '[id: 0xc74cb96b, L:/127.0.0.1:57749 - R:localhost/127.0.0.1:52007]' for 'GET' to 'http://localhost:52007/session/6f8fccfcf75bb5fd3db1302cd2e327d9/element/f7937508-e778-4f62-99e5-439df568f9a4/enabled'
17:47:45.811 [Forwarding isElementEnabled on session 6f8fccfcf75bb5fd3db1302cd2e327d9 to remote] DEBUG org.asynchttpclient.netty.request.NettyRequestSender - Using open Channel [id: 0xc74cb96b, L:/127.0.0.1:57749 - R:localhost/127.0.0.1:52007] for GET '/session/6f8fccfcf75bb5fd3db1302cd2e327d9/element/f7937508-e778-4f62-99e5-439df568f9a4/enabled'
17:47:45.823 [AsyncHttpClient-1-11] DEBUG org.asynchttpclient.netty.handler.HttpHandler - 

Request DefaultFullHttpRequest(decodeResult: success, version: HTTP/1.1, content: EmptyByteBufBE)
GET /session/6f8fccfcf75bb5fd3db1302cd2e327d9/element/f7937508-e778-4f62-99e5-439df568f9a4/enabled HTTP/1.1
User-Agent: selenium/4.1.2 (java windows)
Cache-Control: no-cache
Content-Type: application/json; charset=utf-8
host: localhost:52007
accept: */*

Response DefaultHttpResponse(decodeResult: success, version: HTTP/1.1)
HTTP/1.1 200 OK
Content-Type: application/json; charset=utf-8
cache-control: no-cache
content-length: 14

17:47:45.823 [AsyncHttpClient-1-11] DEBUG org.asynchttpclient.netty.channel.ChannelManager - Adding key: http://localhost:52007 for channel [id: 0xc74cb96b, L:/127.0.0.1:57749 - R:localhost/127.0.0.1:52007]
17:47:45.824 [Forwarding isElementEnabled on session 6f8fccfcf75bb5fd3db1302cd2e327d9 to remote] DEBUG org.asynchttpclient.netty.request.NettyRequestSender - Using pooled Channel '[id: 0xc74cb96b, L:/127.0.0.1:57749 - R:localhost/127.0.0.1:52007]' for 'GET' to 'http://localhost:52007/session/6f8fccfcf75bb5fd3db1302cd2e327d9/element/f7937508-e778-4f62-99e5-439df568f9a4/enabled'
17:47:45.824 [Forwarding isElementEnabled on session 6f8fccfcf75bb5fd3db1302cd2e327d9 to remote] DEBUG org.asynchttpclient.netty.request.NettyRequestSender - Using open Channel [id: 0xc74cb96b, L:/127.0.0.1:57749 - R:localhost/127.0.0.1:52007] for GET '/session/6f8fccfcf75bb5fd3db1302cd2e327d9/element/f7937508-e778-4f62-99e5-439df568f9a4/enabled'
17:47:45.830 [AsyncHttpClient-1-11] DEBUG org.asynchttpclient.netty.handler.HttpHandler - 

Request DefaultFullHttpRequest(decodeResult: success, version: HTTP/1.1, content: EmptyByteBufBE)
GET /session/6f8fccfcf75bb5fd3db1302cd2e327d9/element/f7937508-e778-4f62-99e5-439df568f9a4/enabled HTTP/1.1
User-Agent: selenium/4.1.2 (java windows)
Cache-Control: no-cache
Content-Type: application/json; charset=utf-8
host: localhost:52007
accept: */*

Response DefaultHttpResponse(decodeResult: success, version: HTTP/1.1)
HTTP/1.1 200 OK
Content-Type: application/json; charset=utf-8
cache-control: no-cache
content-length: 14

17:47:45.830 [AsyncHttpClient-1-11] DEBUG org.asynchttpclient.netty.channel.ChannelManager - Adding key: http://localhost:52007 for channel [id: 0xc74cb96b, L:/127.0.0.1:57749 - R:localhost/127.0.0.1:52007]
17:47:45.834 [Forwarding findElement on session 6f8fccfcf75bb5fd3db1302cd2e327d9 to remote] DEBUG org.asynchttpclient.netty.request.NettyRequestSender - Using pooled Channel '[id: 0xc74cb96b, L:/127.0.0.1:57749 - R:localhost/127.0.0.1:52007]' for 'POST' to 'http://localhost:52007/session/6f8fccfcf75bb5fd3db1302cd2e327d9/element'
17:47:45.834 [Forwarding findElement on session 6f8fccfcf75bb5fd3db1302cd2e327d9 to remote] DEBUG org.asynchttpclient.netty.request.NettyRequestSender - Using open Channel [id: 0xc74cb96b, L:/127.0.0.1:57749 - R:localhost/127.0.0.1:52007] for POST '/session/6f8fccfcf75bb5fd3db1302cd2e327d9/element'
17:47:45.846 [AsyncHttpClient-1-11] DEBUG org.asynchttpclient.netty.handler.HttpHandler - 

Request DefaultHttpRequest(decodeResult: success, version: HTTP/1.1)
POST /session/6f8fccfcf75bb5fd3db1302cd2e327d9/element HTTP/1.1
User-Agent: selenium/4.1.2 (java windows)
Content-Length: 315
Content-Type: application/json; charset=utf-8
host: localhost:52007
accept: */*

Response DefaultHttpResponse(decodeResult: success, version: HTTP/1.1)
HTTP/1.1 200 OK
Content-Type: application/json; charset=utf-8
cache-control: no-cache
content-length: 88

17:47:45.846 [AsyncHttpClient-1-11] DEBUG org.asynchttpclient.netty.channel.ChannelManager - Adding key: http://localhost:52007 for channel [id: 0xc74cb96b, L:/127.0.0.1:57749 - R:localhost/127.0.0.1:52007]
17:47:45.849 [Forwarding clickElement on session 6f8fccfcf75bb5fd3db1302cd2e327d9 to remote] DEBUG org.asynchttpclient.netty.request.NettyRequestSender - Using pooled Channel '[id: 0xc74cb96b, L:/127.0.0.1:57749 - R:localhost/127.0.0.1:52007]' for 'POST' to 'http://localhost:52007/session/6f8fccfcf75bb5fd3db1302cd2e327d9/element/f7937508-e778-4f62-99e5-439df568f9a4/click'
17:47:45.849 [Forwarding clickElement on session 6f8fccfcf75bb5fd3db1302cd2e327d9 to remote] DEBUG org.asynchttpclient.netty.request.NettyRequestSender - Using open Channel [id: 0xc74cb96b, L:/127.0.0.1:57749 - R:localhost/127.0.0.1:52007] for POST '/session/6f8fccfcf75bb5fd3db1302cd2e327d9/element/f7937508-e778-4f62-99e5-439df568f9a4/click'
17:47:46.000 [AsyncHttpClient-1-11] DEBUG org.asynchttpclient.netty.handler.HttpHandler - 

Request DefaultHttpRequest(decodeResult: success, version: HTTP/1.1)
POST /session/6f8fccfcf75bb5fd3db1302cd2e327d9/element/f7937508-e778-4f62-99e5-439df568f9a4/click HTTP/1.1
User-Agent: selenium/4.1.2 (java windows)
Content-Length: 50
Content-Type: application/json; charset=utf-8
host: localhost:52007
accept: */*

Response DefaultHttpResponse(decodeResult: success, version: HTTP/1.1)
HTTP/1.1 200 OK
Content-Type: application/json; charset=utf-8
cache-control: no-cache
content-length: 14

17:47:46.001 [AsyncHttpClient-1-11] DEBUG org.asynchttpclient.netty.channel.ChannelManager - Adding key: http://localhost:52007 for channel [id: 0xc74cb96b, L:/127.0.0.1:57749 - R:localhost/127.0.0.1:52007]
17:47:46.010 [Forwarding findElement on session 6f8fccfcf75bb5fd3db1302cd2e327d9 to remote] DEBUG org.asynchttpclient.netty.request.NettyRequestSender - Using pooled Channel '[id: 0xc74cb96b, L:/127.0.0.1:57749 - R:localhost/127.0.0.1:52007]' for 'POST' to 'http://localhost:52007/session/6f8fccfcf75bb5fd3db1302cd2e327d9/element'
17:47:46.010 [Forwarding findElement on session 6f8fccfcf75bb5fd3db1302cd2e327d9 to remote] DEBUG org.asynchttpclient.netty.request.NettyRequestSender - Using open Channel [id: 0xc74cb96b, L:/127.0.0.1:57749 - R:localhost/127.0.0.1:52007] for POST '/session/6f8fccfcf75bb5fd3db1302cd2e327d9/element'
17:47:46.031 [AsyncHttpClient-1-11] DEBUG org.asynchttpclient.netty.handler.HttpHandler - 

Request DefaultHttpRequest(decodeResult: success, version: HTTP/1.1)
POST /session/6f8fccfcf75bb5fd3db1302cd2e327d9/element HTTP/1.1
User-Agent: selenium/4.1.2 (java windows)
Content-Length: 69
Content-Type: application/json; charset=utf-8
host: localhost:52007
accept: */*

Response DefaultHttpResponse(decodeResult: success, version: HTTP/1.1)
HTTP/1.1 200 OK
Content-Type: application/json; charset=utf-8
cache-control: no-cache
content-length: 88

17:47:46.031 [AsyncHttpClient-1-11] DEBUG org.asynchttpclient.netty.channel.ChannelManager - Adding key: http://localhost:52007 for channel [id: 0xc74cb96b, L:/127.0.0.1:57749 - R:localhost/127.0.0.1:52007]
17:47:46.032 [Forwarding clearElement on session 6f8fccfcf75bb5fd3db1302cd2e327d9 to remote] DEBUG org.asynchttpclient.netty.request.NettyRequestSender - Using pooled Channel '[id: 0xc74cb96b, L:/127.0.0.1:57749 - R:localhost/127.0.0.1:52007]' for 'POST' to 'http://localhost:52007/session/6f8fccfcf75bb5fd3db1302cd2e327d9/element/a58fd49c-b04a-4fb1-aecd-3deba5b826dc/clear'
17:47:46.032 [Forwarding clearElement on session 6f8fccfcf75bb5fd3db1302cd2e327d9 to remote] DEBUG org.asynchttpclient.netty.request.NettyRequestSender - Using open Channel [id: 0xc74cb96b, L:/127.0.0.1:57749 - R:localhost/127.0.0.1:52007] for POST '/session/6f8fccfcf75bb5fd3db1302cd2e327d9/element/a58fd49c-b04a-4fb1-aecd-3deba5b826dc/clear'
17:47:46.097 [AsyncHttpClient-1-11] DEBUG org.asynchttpclient.netty.handler.HttpHandler - 

Request DefaultHttpRequest(decodeResult: success, version: HTTP/1.1)
POST /session/6f8fccfcf75bb5fd3db1302cd2e327d9/element/a58fd49c-b04a-4fb1-aecd-3deba5b826dc/clear HTTP/1.1
User-Agent: selenium/4.1.2 (java windows)
Content-Length: 50
Content-Type: application/json; charset=utf-8
host: localhost:52007
accept: */*

Response DefaultHttpResponse(decodeResult: success, version: HTTP/1.1)
HTTP/1.1 200 OK
Content-Type: application/json; charset=utf-8
cache-control: no-cache
content-length: 14

17:47:46.097 [AsyncHttpClient-1-11] DEBUG org.asynchttpclient.netty.channel.ChannelManager - Adding key: http://localhost:52007 for channel [id: 0xc74cb96b, L:/127.0.0.1:57749 - R:localhost/127.0.0.1:52007]
17:47:46.100 [Forwarding sendKeysToElement on session 6f8fccfcf75bb5fd3db1302cd2e327d9 to remote] DEBUG org.asynchttpclient.netty.request.NettyRequestSender - Using pooled Channel '[id: 0xc74cb96b, L:/127.0.0.1:57749 - R:localhost/127.0.0.1:52007]' for 'POST' to 'http://localhost:52007/session/6f8fccfcf75bb5fd3db1302cd2e327d9/element/a58fd49c-b04a-4fb1-aecd-3deba5b826dc/value'
17:47:46.100 [Forwarding sendKeysToElement on session 6f8fccfcf75bb5fd3db1302cd2e327d9 to remote] DEBUG org.asynchttpclient.netty.request.NettyRequestSender - Using open Channel [id: 0xc74cb96b, L:/127.0.0.1:57749 - R:localhost/127.0.0.1:52007] for POST '/session/6f8fccfcf75bb5fd3db1302cd2e327d9/element/a58fd49c-b04a-4fb1-aecd-3deba5b826dc/value'
17:47:46.461 [AsyncHttpClient-1-11] DEBUG org.asynchttpclient.netty.handler.HttpHandler - 

Request DefaultHttpRequest(decodeResult: success, version: HTTP/1.1)
POST /session/6f8fccfcf75bb5fd3db1302cd2e327d9/element/a58fd49c-b04a-4fb1-aecd-3deba5b826dc/value HTTP/1.1
User-Agent: selenium/4.1.2 (java windows)
Content-Length: 411
Content-Type: application/json; charset=utf-8
host: localhost:52007
accept: */*

Response DefaultHttpResponse(decodeResult: success, version: HTTP/1.1)
HTTP/1.1 200 OK
Content-Type: application/json; charset=utf-8
cache-control: no-cache
content-length: 14

17:47:46.462 [AsyncHttpClient-1-11] DEBUG org.asynchttpclient.netty.channel.ChannelManager - Adding key: http://localhost:52007 for channel [id: 0xc74cb96b, L:/127.0.0.1:57749 - R:localhost/127.0.0.1:52007]
17:47:46.467 [Forwarding findElement on session 6f8fccfcf75bb5fd3db1302cd2e327d9 to remote] DEBUG org.asynchttpclient.netty.request.NettyRequestSender - Using pooled Channel '[id: 0xc74cb96b, L:/127.0.0.1:57749 - R:localhost/127.0.0.1:52007]' for 'POST' to 'http://localhost:52007/session/6f8fccfcf75bb5fd3db1302cd2e327d9/element'
17:47:46.467 [Forwarding findElement on session 6f8fccfcf75bb5fd3db1302cd2e327d9 to remote] DEBUG org.asynchttpclient.netty.request.NettyRequestSender - Using open Channel [id: 0xc74cb96b, L:/127.0.0.1:57749 - R:localhost/127.0.0.1:52007] for POST '/session/6f8fccfcf75bb5fd3db1302cd2e327d9/element'
17:47:46.489 [AsyncHttpClient-1-11] DEBUG org.asynchttpclient.netty.handler.HttpHandler - 

Request DefaultHttpRequest(decodeResult: success, version: HTTP/1.1)
POST /session/6f8fccfcf75bb5fd3db1302cd2e327d9/element HTTP/1.1
User-Agent: selenium/4.1.2 (java windows)
Content-Length: 72
Content-Type: application/json; charset=utf-8
host: localhost:52007
accept: */*

Response DefaultHttpResponse(decodeResult: success, version: HTTP/1.1)
HTTP/1.1 200 OK
Content-Type: application/json; charset=utf-8
cache-control: no-cache
content-length: 88

17:47:46.489 [AsyncHttpClient-1-11] DEBUG org.asynchttpclient.netty.channel.ChannelManager - Adding key: http://localhost:52007 for channel [id: 0xc74cb96b, L:/127.0.0.1:57749 - R:localhost/127.0.0.1:52007]
17:47:46.491 [Forwarding clearElement on session 6f8fccfcf75bb5fd3db1302cd2e327d9 to remote] DEBUG org.asynchttpclient.netty.request.NettyRequestSender - Using pooled Channel '[id: 0xc74cb96b, L:/127.0.0.1:57749 - R:localhost/127.0.0.1:52007]' for 'POST' to 'http://localhost:52007/session/6f8fccfcf75bb5fd3db1302cd2e327d9/element/aa351933-5a41-407e-a829-0764a9f316fd/clear'
17:47:46.492 [Forwarding clearElement on session 6f8fccfcf75bb5fd3db1302cd2e327d9 to remote] DEBUG org.asynchttpclient.netty.request.NettyRequestSender - Using open Channel [id: 0xc74cb96b, L:/127.0.0.1:57749 - R:localhost/127.0.0.1:52007] for POST '/session/6f8fccfcf75bb5fd3db1302cd2e327d9/element/aa351933-5a41-407e-a829-0764a9f316fd/clear'
17:47:46.516 [AsyncHttpClient-1-1] DEBUG org.asynchttpclient.netty.channel.DefaultChannelPool - Entry count for : http://localhost:57750 : 1
17:47:46.552 [AsyncHttpClient-1-11] DEBUG org.asynchttpclient.netty.handler.HttpHandler - 

Request DefaultHttpRequest(decodeResult: success, version: HTTP/1.1)
POST /session/6f8fccfcf75bb5fd3db1302cd2e327d9/element/aa351933-5a41-407e-a829-0764a9f316fd/clear HTTP/1.1
User-Agent: selenium/4.1.2 (java windows)
Content-Length: 50
Content-Type: application/json; charset=utf-8
host: localhost:52007
accept: */*

Response DefaultHttpResponse(decodeResult: success, version: HTTP/1.1)
HTTP/1.1 200 OK
Content-Type: application/json; charset=utf-8
cache-control: no-cache
content-length: 14

17:47:46.554 [AsyncHttpClient-1-11] DEBUG org.asynchttpclient.netty.channel.ChannelManager - Adding key: http://localhost:52007 for channel [id: 0xc74cb96b, L:/127.0.0.1:57749 - R:localhost/127.0.0.1:52007]
17:47:46.558 [Forwarding sendKeysToElement on session 6f8fccfcf75bb5fd3db1302cd2e327d9 to remote] DEBUG org.asynchttpclient.netty.request.NettyRequestSender - Using pooled Channel '[id: 0xc74cb96b, L:/127.0.0.1:57749 - R:localhost/127.0.0.1:52007]' for 'POST' to 'http://localhost:52007/session/6f8fccfcf75bb5fd3db1302cd2e327d9/element/aa351933-5a41-407e-a829-0764a9f316fd/value'
17:47:46.558 [Forwarding sendKeysToElement on session 6f8fccfcf75bb5fd3db1302cd2e327d9 to remote] DEBUG org.asynchttpclient.netty.request.NettyRequestSender - Using open Channel [id: 0xc74cb96b, L:/127.0.0.1:57749 - R:localhost/127.0.0.1:52007] for POST '/session/6f8fccfcf75bb5fd3db1302cd2e327d9/element/aa351933-5a41-407e-a829-0764a9f316fd/value'
17:47:46.753 [AsyncHttpClient-1-11] DEBUG org.asynchttpclient.netty.handler.HttpHandler - 

Request DefaultHttpRequest(decodeResult: success, version: HTTP/1.1)
POST /session/6f8fccfcf75bb5fd3db1302cd2e327d9/element/aa351933-5a41-407e-a829-0764a9f316fd/value HTTP/1.1
User-Agent: selenium/4.1.2 (java windows)
Content-Length: 241
Content-Type: application/json; charset=utf-8
host: localhost:52007
accept: */*

Response DefaultHttpResponse(decodeResult: success, version: HTTP/1.1)
HTTP/1.1 200 OK
Content-Type: application/json; charset=utf-8
cache-control: no-cache
content-length: 14

17:47:46.753 [AsyncHttpClient-1-11] DEBUG org.asynchttpclient.netty.channel.ChannelManager - Adding key: http://localhost:52007 for channel [id: 0xc74cb96b, L:/127.0.0.1:57749 - R:localhost/127.0.0.1:52007]
17:47:46.761 [Forwarding findElement on session 6f8fccfcf75bb5fd3db1302cd2e327d9 to remote] DEBUG org.asynchttpclient.netty.request.NettyRequestSender - Using pooled Channel '[id: 0xc74cb96b, L:/127.0.0.1:57749 - R:localhost/127.0.0.1:52007]' for 'POST' to 'http://localhost:52007/session/6f8fccfcf75bb5fd3db1302cd2e327d9/element'
17:47:46.761 [Forwarding findElement on session 6f8fccfcf75bb5fd3db1302cd2e327d9 to remote] DEBUG org.asynchttpclient.netty.request.NettyRequestSender - Using open Channel [id: 0xc74cb96b, L:/127.0.0.1:57749 - R:localhost/127.0.0.1:52007] for POST '/session/6f8fccfcf75bb5fd3db1302cd2e327d9/element'
17:47:46.780 [AsyncHttpClient-1-11] DEBUG org.asynchttpclient.netty.handler.HttpHandler - 

Request DefaultHttpRequest(decodeResult: success, version: HTTP/1.1)
POST /session/6f8fccfcf75bb5fd3db1302cd2e327d9/element HTTP/1.1
User-Agent: selenium/4.1.2 (java windows)
Content-Length: 321
Content-Type: application/json; charset=utf-8
host: localhost:52007
accept: */*

Response DefaultHttpResponse(decodeResult: success, version: HTTP/1.1)
HTTP/1.1 200 OK
Content-Type: application/json; charset=utf-8
cache-control: no-cache
content-length: 88

17:47:46.781 [AsyncHttpClient-1-11] DEBUG org.asynchttpclient.netty.channel.ChannelManager - Adding key: http://localhost:52007 for channel [id: 0xc74cb96b, L:/127.0.0.1:57749 - R:localhost/127.0.0.1:52007]
17:47:46.782 [Forwarding getElementTagName on session 6f8fccfcf75bb5fd3db1302cd2e327d9 to remote] DEBUG org.asynchttpclient.netty.request.NettyRequestSender - Using pooled Channel '[id: 0xc74cb96b, L:/127.0.0.1:57749 - R:localhost/127.0.0.1:52007]' for 'GET' to 'http://localhost:52007/session/6f8fccfcf75bb5fd3db1302cd2e327d9/element/02364085-579c-43a3-abdc-2bdc4638e300/name'
17:47:46.782 [Forwarding getElementTagName on session 6f8fccfcf75bb5fd3db1302cd2e327d9 to remote] DEBUG org.asynchttpclient.netty.request.NettyRequestSender - Using open Channel [id: 0xc74cb96b, L:/127.0.0.1:57749 - R:localhost/127.0.0.1:52007] for GET '/session/6f8fccfcf75bb5fd3db1302cd2e327d9/element/02364085-579c-43a3-abdc-2bdc4638e300/name'
17:47:46.792 [AsyncHttpClient-1-11] DEBUG org.asynchttpclient.netty.handler.HttpHandler - 

Request DefaultFullHttpRequest(decodeResult: success, version: HTTP/1.1, content: EmptyByteBufBE)
GET /session/6f8fccfcf75bb5fd3db1302cd2e327d9/element/02364085-579c-43a3-abdc-2bdc4638e300/name HTTP/1.1
User-Agent: selenium/4.1.2 (java windows)
Cache-Control: no-cache
Content-Type: application/json; charset=utf-8
host: localhost:52007
accept: */*

Response DefaultHttpResponse(decodeResult: success, version: HTTP/1.1)
HTTP/1.1 200 OK
Content-Type: application/json; charset=utf-8
cache-control: no-cache
content-length: 18

17:47:46.792 [AsyncHttpClient-1-11] DEBUG org.asynchttpclient.netty.channel.ChannelManager - Adding key: http://localhost:52007 for channel [id: 0xc74cb96b, L:/127.0.0.1:57749 - R:localhost/127.0.0.1:52007]
17:47:46.793 [Forwarding getElementTagName on session 6f8fccfcf75bb5fd3db1302cd2e327d9 to remote] DEBUG org.asynchttpclient.netty.request.NettyRequestSender - Using pooled Channel '[id: 0xc74cb96b, L:/127.0.0.1:57749 - R:localhost/127.0.0.1:52007]' for 'GET' to 'http://localhost:52007/session/6f8fccfcf75bb5fd3db1302cd2e327d9/element/02364085-579c-43a3-abdc-2bdc4638e300/name'
17:47:46.793 [Forwarding getElementTagName on session 6f8fccfcf75bb5fd3db1302cd2e327d9 to remote] DEBUG org.asynchttpclient.netty.request.NettyRequestSender - Using open Channel [id: 0xc74cb96b, L:/127.0.0.1:57749 - R:localhost/127.0.0.1:52007] for GET '/session/6f8fccfcf75bb5fd3db1302cd2e327d9/element/02364085-579c-43a3-abdc-2bdc4638e300/name'
17:47:46.800 [AsyncHttpClient-1-11] DEBUG org.asynchttpclient.netty.handler.HttpHandler - 

Request DefaultFullHttpRequest(decodeResult: success, version: HTTP/1.1, content: EmptyByteBufBE)
GET /session/6f8fccfcf75bb5fd3db1302cd2e327d9/element/02364085-579c-43a3-abdc-2bdc4638e300/name HTTP/1.1
User-Agent: selenium/4.1.2 (java windows)
Cache-Control: no-cache
Content-Type: application/json; charset=utf-8
host: localhost:52007
accept: */*

Response DefaultHttpResponse(decodeResult: success, version: HTTP/1.1)
HTTP/1.1 200 OK
Content-Type: application/json; charset=utf-8
cache-control: no-cache
content-length: 18

17:47:46.801 [AsyncHttpClient-1-11] DEBUG org.asynchttpclient.netty.channel.ChannelManager - Adding key: http://localhost:52007 for channel [id: 0xc74cb96b, L:/127.0.0.1:57749 - R:localhost/127.0.0.1:52007]
17:47:46.806 [Forwarding isElementEnabled on session 6f8fccfcf75bb5fd3db1302cd2e327d9 to remote] DEBUG org.asynchttpclient.netty.request.NettyRequestSender - Using pooled Channel '[id: 0xc74cb96b, L:/127.0.0.1:57749 - R:localhost/127.0.0.1:52007]' for 'GET' to 'http://localhost:52007/session/6f8fccfcf75bb5fd3db1302cd2e327d9/element/02364085-579c-43a3-abdc-2bdc4638e300/enabled'
17:47:46.806 [Forwarding isElementEnabled on session 6f8fccfcf75bb5fd3db1302cd2e327d9 to remote] DEBUG org.asynchttpclient.netty.request.NettyRequestSender - Using open Channel [id: 0xc74cb96b, L:/127.0.0.1:57749 - R:localhost/127.0.0.1:52007] for GET '/session/6f8fccfcf75bb5fd3db1302cd2e327d9/element/02364085-579c-43a3-abdc-2bdc4638e300/enabled'
17:47:46.818 [AsyncHttpClient-1-11] DEBUG org.asynchttpclient.netty.handler.HttpHandler - 

Request DefaultFullHttpRequest(decodeResult: success, version: HTTP/1.1, content: EmptyByteBufBE)
GET /session/6f8fccfcf75bb5fd3db1302cd2e327d9/element/02364085-579c-43a3-abdc-2bdc4638e300/enabled HTTP/1.1
User-Agent: selenium/4.1.2 (java windows)
Cache-Control: no-cache
Content-Type: application/json; charset=utf-8
host: localhost:52007
accept: */*

Response DefaultHttpResponse(decodeResult: success, version: HTTP/1.1)
HTTP/1.1 200 OK
Content-Type: application/json; charset=utf-8
cache-control: no-cache
content-length: 14

17:47:46.818 [AsyncHttpClient-1-11] DEBUG org.asynchttpclient.netty.channel.ChannelManager - Adding key: http://localhost:52007 for channel [id: 0xc74cb96b, L:/127.0.0.1:57749 - R:localhost/127.0.0.1:52007]
17:47:46.821 [Forwarding isElementEnabled on session 6f8fccfcf75bb5fd3db1302cd2e327d9 to remote] DEBUG org.asynchttpclient.netty.request.NettyRequestSender - Using pooled Channel '[id: 0xc74cb96b, L:/127.0.0.1:57749 - R:localhost/127.0.0.1:52007]' for 'GET' to 'http://localhost:52007/session/6f8fccfcf75bb5fd3db1302cd2e327d9/element/02364085-579c-43a3-abdc-2bdc4638e300/enabled'
17:47:46.821 [Forwarding isElementEnabled on session 6f8fccfcf75bb5fd3db1302cd2e327d9 to remote] DEBUG org.asynchttpclient.netty.request.NettyRequestSender - Using open Channel [id: 0xc74cb96b, L:/127.0.0.1:57749 - R:localhost/127.0.0.1:52007] for GET '/session/6f8fccfcf75bb5fd3db1302cd2e327d9/element/02364085-579c-43a3-abdc-2bdc4638e300/enabled'
17:47:46.828 [AsyncHttpClient-1-11] DEBUG org.asynchttpclient.netty.handler.HttpHandler - 

Request DefaultFullHttpRequest(decodeResult: success, version: HTTP/1.1, content: EmptyByteBufBE)
GET /session/6f8fccfcf75bb5fd3db1302cd2e327d9/element/02364085-579c-43a3-abdc-2bdc4638e300/enabled HTTP/1.1
User-Agent: selenium/4.1.2 (java windows)
Cache-Control: no-cache
Content-Type: application/json; charset=utf-8
host: localhost:52007
accept: */*

Response DefaultHttpResponse(decodeResult: success, version: HTTP/1.1)
HTTP/1.1 200 OK
Content-Type: application/json; charset=utf-8
cache-control: no-cache
content-length: 14

17:47:46.828 [AsyncHttpClient-1-11] DEBUG org.asynchttpclient.netty.channel.ChannelManager - Adding key: http://localhost:52007 for channel [id: 0xc74cb96b, L:/127.0.0.1:57749 - R:localhost/127.0.0.1:52007]
17:47:46.829 [Forwarding findElement on session 6f8fccfcf75bb5fd3db1302cd2e327d9 to remote] DEBUG org.asynchttpclient.netty.request.NettyRequestSender - Using pooled Channel '[id: 0xc74cb96b, L:/127.0.0.1:57749 - R:localhost/127.0.0.1:52007]' for 'POST' to 'http://localhost:52007/session/6f8fccfcf75bb5fd3db1302cd2e327d9/element'
17:47:46.829 [Forwarding findElement on session 6f8fccfcf75bb5fd3db1302cd2e327d9 to remote] DEBUG org.asynchttpclient.netty.request.NettyRequestSender - Using open Channel [id: 0xc74cb96b, L:/127.0.0.1:57749 - R:localhost/127.0.0.1:52007] for POST '/session/6f8fccfcf75bb5fd3db1302cd2e327d9/element'
17:47:46.842 [AsyncHttpClient-1-11] DEBUG org.asynchttpclient.netty.handler.HttpHandler - 

Request DefaultHttpRequest(decodeResult: success, version: HTTP/1.1)
POST /session/6f8fccfcf75bb5fd3db1302cd2e327d9/element HTTP/1.1
User-Agent: selenium/4.1.2 (java windows)
Content-Length: 321
Content-Type: application/json; charset=utf-8
host: localhost:52007
accept: */*

Response DefaultHttpResponse(decodeResult: success, version: HTTP/1.1)
HTTP/1.1 200 OK
Content-Type: application/json; charset=utf-8
cache-control: no-cache
content-length: 88

17:47:46.843 [AsyncHttpClient-1-11] DEBUG org.asynchttpclient.netty.channel.ChannelManager - Adding key: http://localhost:52007 for channel [id: 0xc74cb96b, L:/127.0.0.1:57749 - R:localhost/127.0.0.1:52007]
17:47:46.845 [Forwarding clickElement on session 6f8fccfcf75bb5fd3db1302cd2e327d9 to remote] DEBUG org.asynchttpclient.netty.request.NettyRequestSender - Using pooled Channel '[id: 0xc74cb96b, L:/127.0.0.1:57749 - R:localhost/127.0.0.1:52007]' for 'POST' to 'http://localhost:52007/session/6f8fccfcf75bb5fd3db1302cd2e327d9/element/02364085-579c-43a3-abdc-2bdc4638e300/click'
17:47:46.845 [Forwarding clickElement on session 6f8fccfcf75bb5fd3db1302cd2e327d9 to remote] DEBUG org.asynchttpclient.netty.request.NettyRequestSender - Using open Channel [id: 0xc74cb96b, L:/127.0.0.1:57749 - R:localhost/127.0.0.1:52007] for POST '/session/6f8fccfcf75bb5fd3db1302cd2e327d9/element/02364085-579c-43a3-abdc-2bdc4638e300/click'
17:47:46.915 [AsyncHttpClient-1-11] DEBUG org.asynchttpclient.netty.handler.HttpHandler - 

Request DefaultHttpRequest(decodeResult: success, version: HTTP/1.1)
POST /session/6f8fccfcf75bb5fd3db1302cd2e327d9/element/02364085-579c-43a3-abdc-2bdc4638e300/click HTTP/1.1
User-Agent: selenium/4.1.2 (java windows)
Content-Length: 50
Content-Type: application/json; charset=utf-8
host: localhost:52007
accept: */*

Response DefaultHttpResponse(decodeResult: success, version: HTTP/1.1)
HTTP/1.1 200 OK
Content-Type: application/json; charset=utf-8
cache-control: no-cache
content-length: 14

17:47:46.916 [AsyncHttpClient-1-11] DEBUG org.asynchttpclient.netty.channel.ChannelManager - Adding key: http://localhost:52007 for channel [id: 0xc74cb96b, L:/127.0.0.1:57749 - R:localhost/127.0.0.1:52007]
  &amp#27;[32mAnd &amp#27;[0m&amp#27;[32mI have logged in&amp#27;[0m                    &amp#27;[90m# starter.stepdefinitions.ManageVaccinationBookingsSteps.iHaveLoggedIn()&amp#27;[0m
17:47:46.925 [Forwarding screenshot on session 6f8fccfcf75bb5fd3db1302cd2e327d9 to remote] DEBUG org.asynchttpclient.netty.request.NettyRequestSender - Using pooled Channel '[id: 0xc74cb96b, L:/127.0.0.1:57749 - R:localhost/127.0.0.1:52007]' for 'GET' to 'http://localhost:52007/session/6f8fccfcf75bb5fd3db1302cd2e327d9/screenshot'
17:47:46.925 [Forwarding screenshot on session 6f8fccfcf75bb5fd3db1302cd2e327d9 to remote] DEBUG org.asynchttpclient.netty.request.NettyRequestSender - Using open Channel [id: 0xc74cb96b, L:/127.0.0.1:57749 - R:localhost/127.0.0.1:52007] for GET '/session/6f8fccfcf75bb5fd3db1302cd2e327d9/screenshot'
17:47:47.197 [AsyncHttpClient-1-11] DEBUG org.asynchttpclient.netty.handler.HttpHandler - 

Request DefaultFullHttpRequest(decodeResult: success, version: HTTP/1.1, content: EmptyByteBufBE)
GET /session/6f8fccfcf75bb5fd3db1302cd2e327d9/screenshot HTTP/1.1
User-Agent: selenium/4.1.2 (java windows)
Cache-Control: no-cache
Content-Type: application/json; charset=utf-8
host: localhost:52007
accept: */*

Response DefaultHttpResponse(decodeResult: success, version: HTTP/1.1)
HTTP/1.1 200 OK
Content-Type: application/json; charset=utf-8
cache-control: no-cache
content-length: 116376

17:47:47.197 [AsyncHttpClient-1-11] DEBUG org.asynchttpclient.netty.channel.ChannelManager - Adding key: http://localhost:52007 for channel [id: 0xc74cb96b, L:/127.0.0.1:57749 - R:localhost/127.0.0.1:52007]
17:47:47.201 [main] DEBUG net.serenitybdd.core.photography.Darkroom - Send negative for processing for target\site\serenity\1e6f362df002caeea5524a415d5a45066058cbd48c5761493af354b5499967ea.png
17:47:47.201 [Darkroom Processing Line] DEBUG net.serenitybdd.core.photography.DarkroomProcessingLine - Processing screenshot image in /var/screenshots/screenshot-5349234991679579634
17:47:47.201 [Darkroom Processing Line] DEBUG net.serenitybdd.core.photography.DarkroomProcessingLine - Saving screenshot to target\site\serenity\1e6f362df002caeea5524a415d5a45066058cbd48c5761493af354b5499967ea.png
17:47:47.210 [Forwarding findElement on session 6f8fccfcf75bb5fd3db1302cd2e327d9 to remote] DEBUG org.asynchttpclient.netty.request.NettyRequestSender - Using pooled Channel '[id: 0xc74cb96b, L:/127.0.0.1:57749 - R:localhost/127.0.0.1:52007]' for 'POST' to 'http://localhost:52007/session/6f8fccfcf75bb5fd3db1302cd2e327d9/element'
17:47:47.210 [Forwarding findElement on session 6f8fccfcf75bb5fd3db1302cd2e327d9 to remote] DEBUG org.asynchttpclient.netty.request.NettyRequestSender - Using open Channel [id: 0xc74cb96b, L:/127.0.0.1:57749 - R:localhost/127.0.0.1:52007] for POST '/session/6f8fccfcf75bb5fd3db1302cd2e327d9/element'
17:47:47.514 [AsyncHttpClient-1-11] DEBUG org.asynchttpclient.netty.handler.HttpHandler - 

Request DefaultHttpRequest(decodeResult: success, version: HTTP/1.1)
POST /session/6f8fccfcf75bb5fd3db1302cd2e327d9/element HTTP/1.1
User-Agent: selenium/4.1.2 (java windows)
Content-Length: 80
Content-Type: application/json; charset=utf-8
host: localhost:52007
accept: */*

Response DefaultHttpResponse(decodeResult: success, version: HTTP/1.1)
HTTP/1.1 200 OK
Content-Type: application/json; charset=utf-8
cache-control: no-cache
content-length: 88

17:47:47.514 [AsyncHttpClient-1-11] DEBUG org.asynchttpclient.netty.channel.ChannelManager - Adding key: http://localhost:52007 for channel [id: 0xc74cb96b, L:/127.0.0.1:57749 - R:localhost/127.0.0.1:52007]
17:47:47.516 [Forwarding getElementTagName on session 6f8fccfcf75bb5fd3db1302cd2e327d9 to remote] DEBUG org.asynchttpclient.netty.request.NettyRequestSender - Using pooled Channel '[id: 0xc74cb96b, L:/127.0.0.1:57749 - R:localhost/127.0.0.1:52007]' for 'GET' to 'http://localhost:52007/session/6f8fccfcf75bb5fd3db1302cd2e327d9/element/e16debe6-8830-4b71-b32b-66db5c59ce73/name'
17:47:47.516 [Forwarding getElementTagName on session 6f8fccfcf75bb5fd3db1302cd2e327d9 to remote] DEBUG org.asynchttpclient.netty.request.NettyRequestSender - Using open Channel [id: 0xc74cb96b, L:/127.0.0.1:57749 - R:localhost/127.0.0.1:52007] for GET '/session/6f8fccfcf75bb5fd3db1302cd2e327d9/element/e16debe6-8830-4b71-b32b-66db5c59ce73/name'
17:47:47.522 [AsyncHttpClient-1-11] DEBUG org.asynchttpclient.netty.handler.HttpHandler - 

Request DefaultFullHttpRequest(decodeResult: success, version: HTTP/1.1, content: EmptyByteBufBE)
GET /session/6f8fccfcf75bb5fd3db1302cd2e327d9/element/e16debe6-8830-4b71-b32b-66db5c59ce73/name HTTP/1.1
User-Agent: selenium/4.1.2 (java windows)
Cache-Control: no-cache
Content-Type: application/json; charset=utf-8
host: localhost:52007
accept: */*

Response DefaultHttpResponse(decodeResult: success, version: HTTP/1.1)
HTTP/1.1 200 OK
Content-Type: application/json; charset=utf-8
cache-control: no-cache
content-length: 13

17:47:47.523 [AsyncHttpClient-1-11] DEBUG org.asynchttpclient.netty.channel.ChannelManager - Adding key: http://localhost:52007 for channel [id: 0xc74cb96b, L:/127.0.0.1:57749 - R:localhost/127.0.0.1:52007]
17:47:47.524 [Forwarding getElementTagName on session 6f8fccfcf75bb5fd3db1302cd2e327d9 to remote] DEBUG org.asynchttpclient.netty.request.NettyRequestSender - Using pooled Channel '[id: 0xc74cb96b, L:/127.0.0.1:57749 - R:localhost/127.0.0.1:52007]' for 'GET' to 'http://localhost:52007/session/6f8fccfcf75bb5fd3db1302cd2e327d9/element/e16debe6-8830-4b71-b32b-66db5c59ce73/name'
17:47:47.524 [Forwarding getElementTagName on session 6f8fccfcf75bb5fd3db1302cd2e327d9 to remote] DEBUG org.asynchttpclient.netty.request.NettyRequestSender - Using open Channel [id: 0xc74cb96b, L:/127.0.0.1:57749 - R:localhost/127.0.0.1:52007] for GET '/session/6f8fccfcf75bb5fd3db1302cd2e327d9/element/e16debe6-8830-4b71-b32b-66db5c59ce73/name'
17:47:47.529 [AsyncHttpClient-1-11] DEBUG org.asynchttpclient.netty.handler.HttpHandler - 

Request DefaultFullHttpRequest(decodeResult: success, version: HTTP/1.1, content: EmptyByteBufBE)
GET /session/6f8fccfcf75bb5fd3db1302cd2e327d9/element/e16debe6-8830-4b71-b32b-66db5c59ce73/name HTTP/1.1
User-Agent: selenium/4.1.2 (java windows)
Cache-Control: no-cache
Content-Type: application/json; charset=utf-8
host: localhost:52007
accept: */*

Response DefaultHttpResponse(decodeResult: success, version: HTTP/1.1)
HTTP/1.1 200 OK
Content-Type: application/json; charset=utf-8
cache-control: no-cache
content-length: 13

17:47:47.529 [AsyncHttpClient-1-11] DEBUG org.asynchttpclient.netty.channel.ChannelManager - Adding key: http://localhost:52007 for channel [id: 0xc74cb96b, L:/127.0.0.1:57749 - R:localhost/127.0.0.1:52007]
17:47:47.530 [Forwarding findElement on session 6f8fccfcf75bb5fd3db1302cd2e327d9 to remote] DEBUG org.asynchttpclient.netty.request.NettyRequestSender - Using pooled Channel '[id: 0xc74cb96b, L:/127.0.0.1:57749 - R:localhost/127.0.0.1:52007]' for 'POST' to 'http://localhost:52007/session/6f8fccfcf75bb5fd3db1302cd2e327d9/element'
17:47:47.530 [Forwarding findElement on session 6f8fccfcf75bb5fd3db1302cd2e327d9 to remote] DEBUG org.asynchttpclient.netty.request.NettyRequestSender - Using open Channel [id: 0xc74cb96b, L:/127.0.0.1:57749 - R:localhost/127.0.0.1:52007] for POST '/session/6f8fccfcf75bb5fd3db1302cd2e327d9/element'
17:47:47.544 [AsyncHttpClient-1-11] DEBUG org.asynchttpclient.netty.handler.HttpHandler - 

Request DefaultHttpRequest(decodeResult: success, version: HTTP/1.1)
POST /session/6f8fccfcf75bb5fd3db1302cd2e327d9/element HTTP/1.1
User-Agent: selenium/4.1.2 (java windows)
Content-Length: 80
Content-Type: application/json; charset=utf-8
host: localhost:52007
accept: */*

Response DefaultHttpResponse(decodeResult: success, version: HTTP/1.1)
HTTP/1.1 200 OK
Content-Type: application/json; charset=utf-8
cache-control: no-cache
content-length: 88

17:47:47.544 [AsyncHttpClient-1-11] DEBUG org.asynchttpclient.netty.channel.ChannelManager - Adding key: http://localhost:52007 for channel [id: 0xc74cb96b, L:/127.0.0.1:57749 - R:localhost/127.0.0.1:52007]
17:47:47.545 [Forwarding clickElement on session 6f8fccfcf75bb5fd3db1302cd2e327d9 to remote] DEBUG org.asynchttpclient.netty.request.NettyRequestSender - Using pooled Channel '[id: 0xc74cb96b, L:/127.0.0.1:57749 - R:localhost/127.0.0.1:52007]' for 'POST' to 'http://localhost:52007/session/6f8fccfcf75bb5fd3db1302cd2e327d9/element/e16debe6-8830-4b71-b32b-66db5c59ce73/click'
17:47:47.545 [Forwarding clickElement on session 6f8fccfcf75bb5fd3db1302cd2e327d9 to remote] DEBUG org.asynchttpclient.netty.request.NettyRequestSender - Using open Channel [id: 0xc74cb96b, L:/127.0.0.1:57749 - R:localhost/127.0.0.1:52007] for POST '/session/6f8fccfcf75bb5fd3db1302cd2e327d9/element/e16debe6-8830-4b71-b32b-66db5c59ce73/click'
17:47:47.616 [AsyncHttpClient-1-1] DEBUG org.asynchttpclient.netty.channel.DefaultChannelPool - Entry count for : http://localhost:57750 : 1
17:47:47.701 [AsyncHttpClient-1-11] DEBUG org.asynchttpclient.netty.handler.HttpHandler - 

Request DefaultHttpRequest(decodeResult: success, version: HTTP/1.1)
POST /session/6f8fccfcf75bb5fd3db1302cd2e327d9/element/e16debe6-8830-4b71-b32b-66db5c59ce73/click HTTP/1.1
User-Agent: selenium/4.1.2 (java windows)
Content-Length: 50
Content-Type: application/json; charset=utf-8
host: localhost:52007
accept: */*

Response DefaultHttpResponse(decodeResult: success, version: HTTP/1.1)
HTTP/1.1 200 OK
Content-Type: application/json; charset=utf-8
cache-control: no-cache
content-length: 14

17:47:47.702 [AsyncHttpClient-1-11] DEBUG org.asynchttpclient.netty.channel.ChannelManager - Adding key: http://localhost:52007 for channel [id: 0xc74cb96b, L:/127.0.0.1:57749 - R:localhost/127.0.0.1:52007]
  &amp#27;[32mWhen &amp#27;[0m&amp#27;[32mI go to Book Vaksinasi page&amp#27;[0m        &amp#27;[90m# starter.stepdefinitions.ManageVaccinationBookingsSteps.iGoToBookVaksinasiPage()&amp#27;[0m
17:47:47.712 [Forwarding screenshot on session 6f8fccfcf75bb5fd3db1302cd2e327d9 to remote] DEBUG org.asynchttpclient.netty.request.NettyRequestSender - Using pooled Channel '[id: 0xc74cb96b, L:/127.0.0.1:57749 - R:localhost/127.0.0.1:52007]' for 'GET' to 'http://localhost:52007/session/6f8fccfcf75bb5fd3db1302cd2e327d9/screenshot'
17:47:47.712 [Forwarding screenshot on session 6f8fccfcf75bb5fd3db1302cd2e327d9 to remote] DEBUG org.asynchttpclient.netty.request.NettyRequestSender - Using open Channel [id: 0xc74cb96b, L:/127.0.0.1:57749 - R:localhost/127.0.0.1:52007] for GET '/session/6f8fccfcf75bb5fd3db1302cd2e327d9/screenshot'
17:47:48.049 [AsyncHttpClient-1-11] DEBUG org.asynchttpclient.netty.handler.HttpHandler - 

Request DefaultFullHttpRequest(decodeResult: success, version: HTTP/1.1, content: EmptyByteBufBE)
GET /session/6f8fccfcf75bb5fd3db1302cd2e327d9/screenshot HTTP/1.1
User-Agent: selenium/4.1.2 (java windows)
Cache-Control: no-cache
Content-Type: application/json; charset=utf-8
host: localhost:52007
accept: */*

Response DefaultHttpResponse(decodeResult: success, version: HTTP/1.1)
HTTP/1.1 200 OK
Content-Type: application/json; charset=utf-8
cache-control: no-cache
content-length: 139156

17:47:48.050 [AsyncHttpClient-1-11] DEBUG org.asynchttpclient.netty.channel.ChannelManager - Adding key: http://localhost:52007 for channel [id: 0xc74cb96b, L:/127.0.0.1:57749 - R:localhost/127.0.0.1:52007]
17:47:48.057 [main] DEBUG net.serenitybdd.core.photography.Darkroom - Send negative for processing for target\site\serenity\dfd4c7893a1752c399211c61d7f3ac00b7d7d60aa2b3a58bd7f8b8c65bf6120d.png
17:47:48.058 [Darkroom Processing Line] DEBUG net.serenitybdd.core.photography.DarkroomProcessingLine - Processing screenshot image in /var/screenshots/screenshot-14055710063138279031
17:47:48.058 [Darkroom Processing Line] DEBUG net.serenitybdd.core.photography.DarkroomProcessingLine - Saving screenshot to target\site\serenity\dfd4c7893a1752c399211c61d7f3ac00b7d7d60aa2b3a58bd7f8b8c65bf6120d.png
17:47:48.067 [Forwarding findElement on session 6f8fccfcf75bb5fd3db1302cd2e327d9 to remote] DEBUG org.asynchttpclient.netty.request.NettyRequestSender - Using pooled Channel '[id: 0xc74cb96b, L:/127.0.0.1:57749 - R:localhost/127.0.0.1:52007]' for 'POST' to 'http://localhost:52007/session/6f8fccfcf75bb5fd3db1302cd2e327d9/element'
17:47:48.067 [Forwarding findElement on session 6f8fccfcf75bb5fd3db1302cd2e327d9 to remote] DEBUG org.asynchttpclient.netty.request.NettyRequestSender - Using open Channel [id: 0xc74cb96b, L:/127.0.0.1:57749 - R:localhost/127.0.0.1:52007] for POST '/session/6f8fccfcf75bb5fd3db1302cd2e327d9/element'
17:47:48.721 [AsyncHttpClient-1-1] DEBUG org.asynchttpclient.netty.channel.DefaultChannelPool - Entry count for : http://localhost:57750 : 1
17:47:49.817 [AsyncHttpClient-1-1] DEBUG org.asynchttpclient.netty.channel.DefaultChannelPool - Entry count for : http://localhost:57750 : 1
17:47:50.107 [AsyncHttpClient-1-11] DEBUG org.asynchttpclient.netty.handler.HttpHandler - 

Request DefaultHttpRequest(decodeResult: success, version: HTTP/1.1)
POST /session/6f8fccfcf75bb5fd3db1302cd2e327d9/element HTTP/1.1
User-Agent: selenium/4.1.2 (java windows)
Content-Length: 117
Content-Type: application/json; charset=utf-8
host: localhost:52007
accept: */*

Response DefaultHttpResponse(decodeResult: success, version: HTTP/1.1)
HTTP/1.1 404 Not Found
Content-Type: application/json; charset=utf-8
cache-control: no-cache
content-length: 985

17:47:50.107 [AsyncHttpClient-1-11] DEBUG org.asynchttpclient.netty.channel.ChannelManager - Adding key: http://localhost:52007 for channel [id: 0xc74cb96b, L:/127.0.0.1:57749 - R:localhost/127.0.0.1:52007]
17:47:50.224 [Forwarding findElement on session 6f8fccfcf75bb5fd3db1302cd2e327d9 to remote] DEBUG org.asynchttpclient.netty.request.NettyRequestSender - Using pooled Channel '[id: 0xc74cb96b, L:/127.0.0.1:57749 - R:localhost/127.0.0.1:52007]' for 'POST' to 'http://localhost:52007/session/6f8fccfcf75bb5fd3db1302cd2e327d9/element'
17:47:50.224 [Forwarding findElement on session 6f8fccfcf75bb5fd3db1302cd2e327d9 to remote] DEBUG org.asynchttpclient.netty.request.NettyRequestSender - Using open Channel [id: 0xc74cb96b, L:/127.0.0.1:57749 - R:localhost/127.0.0.1:52007] for POST '/session/6f8fccfcf75bb5fd3db1302cd2e327d9/element'
17:47:50.914 [AsyncHttpClient-1-1] DEBUG org.asynchttpclient.netty.channel.DefaultChannelPool - Entry count for : http://localhost:57750 : 1
17:47:52.019 [AsyncHttpClient-1-1] DEBUG org.asynchttpclient.netty.channel.DefaultChannelPool - Entry count for : http://localhost:57750 : 1
17:47:52.279 [AsyncHttpClient-1-11] DEBUG org.asynchttpclient.netty.handler.HttpHandler - 

Request DefaultHttpRequest(decodeResult: success, version: HTTP/1.1)
POST /session/6f8fccfcf75bb5fd3db1302cd2e327d9/element HTTP/1.1
User-Agent: selenium/4.1.2 (java windows)
Content-Length: 117
Content-Type: application/json; charset=utf-8
host: localhost:52007
accept: */*

Response DefaultHttpResponse(decodeResult: success, version: HTTP/1.1)
HTTP/1.1 404 Not Found
Content-Type: application/json; charset=utf-8
cache-control: no-cache
content-length: 985

17:47:52.279 [AsyncHttpClient-1-11] DEBUG org.asynchttpclient.netty.channel.ChannelManager - Adding key: http://localhost:52007 for channel [id: 0xc74cb96b, L:/127.0.0.1:57749 - R:localhost/127.0.0.1:52007]
17:47:52.388 [Forwarding findElement on session 6f8fccfcf75bb5fd3db1302cd2e327d9 to remote] DEBUG org.asynchttpclient.netty.request.NettyRequestSender - Using pooled Channel '[id: 0xc74cb96b, L:/127.0.0.1:57749 - R:localhost/127.0.0.1:52007]' for 'POST' to 'http://localhost:52007/session/6f8fccfcf75bb5fd3db1302cd2e327d9/element'
17:47:52.388 [Forwarding findElement on session 6f8fccfcf75bb5fd3db1302cd2e327d9 to remote] DEBUG org.asynchttpclient.netty.request.NettyRequestSender - Using open Channel [id: 0xc74cb96b, L:/127.0.0.1:57749 - R:localhost/127.0.0.1:52007] for POST '/session/6f8fccfcf75bb5fd3db1302cd2e327d9/element'
17:47:53.115 [AsyncHttpClient-1-1] DEBUG org.asynchttpclient.netty.channel.DefaultChannelPool - Entry count for : http://localhost:57750 : 1
17:47:54.220 [AsyncHttpClient-1-1] DEBUG org.asynchttpclient.netty.channel.DefaultChannelPool - Entry count for : http://localhost:57750 : 1
17:47:54.427 [AsyncHttpClient-1-11] DEBUG org.asynchttpclient.netty.handler.HttpHandler - 

Request DefaultHttpRequest(decodeResult: success, version: HTTP/1.1)
POST /session/6f8fccfcf75bb5fd3db1302cd2e327d9/element HTTP/1.1
User-Agent: selenium/4.1.2 (java windows)
Content-Length: 117
Content-Type: application/json; charset=utf-8
host: localhost:52007
accept: */*

Response DefaultHttpResponse(decodeResult: success, version: HTTP/1.1)
HTTP/1.1 404 Not Found
Content-Type: application/json; charset=utf-8
cache-control: no-cache
content-length: 985

17:47:54.427 [AsyncHttpClient-1-11] DEBUG org.asynchttpclient.netty.channel.ChannelManager - Adding key: http://localhost:52007 for channel [id: 0xc74cb96b, L:/127.0.0.1:57749 - R:localhost/127.0.0.1:52007]
17:47:54.434 [Forwarding screenshot on session 6f8fccfcf75bb5fd3db1302cd2e327d9 to remote] DEBUG org.asynchttpclient.netty.request.NettyRequestSender - Using pooled Channel '[id: 0xc74cb96b, L:/127.0.0.1:57749 - R:localhost/127.0.0.1:52007]' for 'GET' to 'http://localhost:52007/session/6f8fccfcf75bb5fd3db1302cd2e327d9/screenshot'
17:47:54.434 [Forwarding screenshot on session 6f8fccfcf75bb5fd3db1302cd2e327d9 to remote] DEBUG org.asynchttpclient.netty.request.NettyRequestSender - Using open Channel [id: 0xc74cb96b, L:/127.0.0.1:57749 - R:localhost/127.0.0.1:52007] for GET '/session/6f8fccfcf75bb5fd3db1302cd2e327d9/screenshot'
17:47:54.560 [AsyncHttpClient-1-11] DEBUG org.asynchttpclient.netty.handler.HttpHandler - 

Request DefaultFullHttpRequest(decodeResult: success, version: HTTP/1.1, content: EmptyByteBufBE)
GET /session/6f8fccfcf75bb5fd3db1302cd2e327d9/screenshot HTTP/1.1
User-Agent: selenium/4.1.2 (java windows)
Cache-Control: no-cache
Content-Type: application/json; charset=utf-8
host: localhost:52007
accept: */*

Response DefaultHttpResponse(decodeResult: success, version: HTTP/1.1)
HTTP/1.1 200 OK
Content-Type: application/json; charset=utf-8
cache-control: no-cache
content-length: 8064

17:47:54.561 [AsyncHttpClient-1-11] DEBUG org.asynchttpclient.netty.channel.ChannelManager - Adding key: http://localhost:52007 for channel [id: 0xc74cb96b, L:/127.0.0.1:57749 - R:localhost/127.0.0.1:52007]
17:47:54.562 [main] DEBUG net.serenitybdd.core.photography.Darkroom - Send negative for processing for target\site\serenity\3c90801a70fb2c2bfe5fc60b174aa3986624ea5eb79294b52a5a7ca3339080db.png
17:47:54.566 [Forwarding getPageSource on session 6f8fccfcf75bb5fd3db1302cd2e327d9 to remote] DEBUG org.asynchttpclient.netty.request.NettyRequestSender - Using pooled Channel '[id: 0xc74cb96b, L:/127.0.0.1:57749 - R:localhost/127.0.0.1:52007]' for 'POST' to 'http://localhost:52007/session/6f8fccfcf75bb5fd3db1302cd2e327d9/execute/sync'
17:47:54.566 [Forwarding getPageSource on session 6f8fccfcf75bb5fd3db1302cd2e327d9 to remote] DEBUG org.asynchttpclient.netty.request.NettyRequestSender - Using open Channel [id: 0xc74cb96b, L:/127.0.0.1:57749 - R:localhost/127.0.0.1:52007] for POST '/session/6f8fccfcf75bb5fd3db1302cd2e327d9/execute/sync'
17:47:54.574 [AsyncHttpClient-1-11] DEBUG org.asynchttpclient.netty.handler.HttpHandler - 

Request DefaultHttpRequest(decodeResult: success, version: HTTP/1.1)
POST /session/6f8fccfcf75bb5fd3db1302cd2e327d9/execute/sync HTTP/1.1
User-Agent: selenium/4.1.2 (java windows)
Content-Length: 176
Content-Type: application/json; charset=utf-8
host: localhost:52007
accept: */*

Response DefaultHttpResponse(decodeResult: success, version: HTTP/1.1)
HTTP/1.1 200 OK
Content-Type: application/json; charset=utf-8
cache-control: no-cache
content-length: 852

17:47:54.574 [AsyncHttpClient-1-11] DEBUG org.asynchttpclient.netty.channel.ChannelManager - Adding key: http://localhost:52007 for channel [id: 0xc74cb96b, L:/127.0.0.1:57749 - R:localhost/127.0.0.1:52007]
17:47:54.576 [Forwarding getCurrentUrl on session 6f8fccfcf75bb5fd3db1302cd2e327d9 to remote] DEBUG org.asynchttpclient.netty.request.NettyRequestSender - Using pooled Channel '[id: 0xc74cb96b, L:/127.0.0.1:57749 - R:localhost/127.0.0.1:52007]' for 'GET' to 'http://localhost:52007/session/6f8fccfcf75bb5fd3db1302cd2e327d9/url'
17:47:54.576 [Forwarding getCurrentUrl on session 6f8fccfcf75bb5fd3db1302cd2e327d9 to remote] DEBUG org.asynchttpclient.netty.request.NettyRequestSender - Using open Channel [id: 0xc74cb96b, L:/127.0.0.1:57749 - R:localhost/127.0.0.1:52007] for GET '/session/6f8fccfcf75bb5fd3db1302cd2e327d9/url'
17:47:54.579 [AsyncHttpClient-1-11] DEBUG org.asynchttpclient.netty.handler.HttpHandler - 

Request DefaultFullHttpRequest(decodeResult: success, version: HTTP/1.1, content: EmptyByteBufBE)
GET /session/6f8fccfcf75bb5fd3db1302cd2e327d9/url HTTP/1.1
User-Agent: selenium/4.1.2 (java windows)
Cache-Control: no-cache
Content-Type: application/json; charset=utf-8
host: localhost:52007
accept: */*

Response DefaultHttpResponse(decodeResult: success, version: HTTP/1.1)
HTTP/1.1 200 OK
Content-Type: application/json; charset=utf-8
cache-control: no-cache
content-length: 56

17:47:54.579 [AsyncHttpClient-1-11] DEBUG org.asynchttpclient.netty.channel.ChannelManager - Adding key: http://localhost:52007 for channel [id: 0xc74cb96b, L:/127.0.0.1:57749 - R:localhost/127.0.0.1:52007]
  &amp#27;[31mAnd &amp#27;[0m&amp#27;[31mI select a session&amp#27;[0m                  &amp#27;[90m# starter.stepdefinitions.ManageVaccinationBookingsSteps.iSelectASession()&amp#27;[0m
      &amp#27;[31mnet.thucydides.core.webdriver.exceptions.ElementShouldBeEnabledException: Expected enabled element was not enabled
	at net.serenitybdd.core.pages.WebElementFacadeImpl.waitUntilEnabled(WebElementFacadeImpl.java:1100)
	at net.serenitybdd.core.pages.WebElementFacadeImpl.waitUntilElementAvailable(WebElementFacadeImpl.java:888)
	at net.serenitybdd.core.pages.WebElementFacadeImpl.click(WebElementFacadeImpl.java:1182)
	at net.serenitybdd.core.pages.WebElementFacadeImpl.click(WebElementFacadeImpl.java:1201)
	at Automation@1.0-SNAPSHOT/starter.pages.ManageVaccinationBookingsPage.selectUnconfirmedSession(ManageVaccinationBookingsPage.java:121)
	at Automation@1.0-SNAPSHOT/starter.pages.ManageVaccinationBookingsPage$ByteBuddy$8UxQrdCL.selectUnconfirmedSession$accessor$DBxTDoTq(Unknown Source)
	at java.base/jdk.internal.reflect.NativeMethodAccessorImpl.invoke0(Native Method)
	at java.base/jdk.internal.reflect.NativeMethodAccessorImpl.invoke(NativeMethodAccessorImpl.java:62)
	at java.base/jdk.internal.reflect.DelegatingMethodAccessorImpl.invoke(DelegatingMethodAccessorImpl.java:43)
	at java.base/java.lang.reflect.Method.invoke(Method.java:566)
	at net.thucydides.core.steps.BaseMethodRunner.invokeMethod(BaseMethodRunner.java:18)
	at net.thucydides.core.steps.NormalMethodRunner.invokeMethodAndNotifyFailures(NormalMethodRunner.java:18)
	at net.thucydides.core.steps.StepInterceptor.runNormalMethod(StepInterceptor.java:406)
	at net.thucydides.core.steps.StepInterceptor.testStepResult(StepInterceptor.java:191)
	at net.thucydides.core.steps.StepInterceptor.intercept(StepInterceptor.java:84)
	at net.thucydides.core.steps.ProxyConfiguration$InterceptorDispatcher.intercept(ProxyConfiguration.java:51)
	at Automation@1.0-SNAPSHOT/starter.pages.ManageVaccinationBookingsPage$ByteBuddy$8UxQrdCL.selectUnconfirmedSession(Unknown Source)
	at Automation@1.0-SNAPSHOT/starter.stepdefinitions.ManageVaccinationBookingsSteps.iSelectASession(ManageVaccinationBookingsSteps.java:34)
	at âœ½.I select a session(file:///C:/Users/ASUSTUF/OneDrive/Documents/Capstone%20Project/Web%20Automation/src/test/resources/features/ManageVaccinationBookings.feature:35)
Caused by: org.openqa.selenium.TimeoutException: Expected condition failed: waiting for By.xpath: //div[@class='MuiCardActions-root MuiCardActions-spacing css-1k3fh4f'] to be enabled (tried for 5 second(s) with 100 milliseconds interval)
	at org.openqa.selenium.support.ui.FluentWait.timeoutException(FluentWait.java:263)
	at org.openqa.selenium.support.ui.FluentWait.until(FluentWait.java:231)
	at net.serenitybdd.core.pages.WebElementFacadeImpl.waitUntilEnabled(WebElementFacadeImpl.java:1097)
	at net.serenitybdd.core.pages.WebElementFacadeImpl.waitUntilElementAvailable(WebElementFacadeImpl.java:888)
	at net.serenitybdd.core.pages.WebElementFacadeImpl.click(WebElementFacadeImpl.java:1182)
	at net.serenitybdd.core.pages.WebElementFacadeImpl.click(WebElementFacadeImpl.java:1201)
	at Automation@1.0-SNAPSHOT/starter.pages.ManageVaccinationBookingsPage.selectUnconfirmedSession(ManageVaccinationBookingsPage.java:121)
	at Automation@1.0-SNAPSHOT/starter.pages.ManageVaccinationBookingsPage$ByteBuddy$8UxQrdCL.selectUnconfirmedSession$accessor$DBxTDoTq(Unknown Source)
	at java.base/jdk.internal.reflect.NativeMethodAccessorImpl.invoke0(Native Method)
	at java.base/jdk.internal.reflect.NativeMethodAccessorImpl.invoke(NativeMethodAccessorImpl.java:62)
	at java.base/jdk.internal.reflect.DelegatingMethodAccessorImpl.invoke(DelegatingMethodAccessorImpl.java:43)
	at java.base/java.lang.reflect.Method.invoke(Method.java:566)
	at net.thucydides.core.steps.BaseMethodRunner.invokeMethod(BaseMethodRunner.java:18)
	at net.thucydides.core.steps.NormalMethodRunner.invokeMethodAndNotifyFailures(NormalMethodRunner.java:18)
	at net.thucydides.core.steps.StepInterceptor.runNormalMethod(StepInterceptor.java:406)
	at net.thucydides.core.steps.StepInterceptor.testStepResult(StepInterceptor.java:191)
	at net.thucydides.core.steps.StepInterceptor.intercept(StepInterceptor.java:84)
	at net.thucydides.core.steps.ProxyConfiguration$InterceptorDispatcher.intercept(ProxyConfiguration.java:51)
	at Automation@1.0-SNAPSHOT/starter.pages.ManageVaccinationBookingsPage$ByteBuddy$8UxQrdCL.selectUnconfirmedSession(Unknown Source)
	at Automation@1.0-SNAPSHOT/starter.stepdefinitions.ManageVaccinationBookingsSteps.iSelectASession(ManageVaccinationBookingsSteps.java:34)
	at java.base/jdk.internal.reflect.NativeMethodAccessorImpl.invoke0(Native Method)
	at java.base/jdk.internal.reflect.NativeMethodAccessorImpl.invoke(NativeMethodAccessorImpl.java:62)
	at java.base/jdk.internal.reflect.DelegatingMethodAccessorImpl.invoke(DelegatingMethodAccessorImpl.java:43)
	at java.base/java.lang.reflect.Method.invoke(Method.java:566)
	at io.cucumber.java.Invoker.doInvoke(Invoker.java:66)
	at io.cucumber.java.Invoker.invoke(Invoker.java:24)
	at io.cucumber.java.AbstractGlueDefinition.invokeMethod(AbstractGlueDefinition.java:47)
	at io.cucumber.java.JavaStepDefinition.execute(JavaStepDefinition.java:29)
	at io.cucumber.core.runner.CoreStepDefinition.execute(CoreStepDefinition.java:66)
	at io.cucumber.core.runner.PickleStepDefinitionMatch.runStep(PickleStepDefinitionMatch.java:63)
	at io.cucumber.core.runner.ExecutionMode$1.execute(ExecutionMode.java:10)
	at io.cucumber.core.runner.TestStep.executeStep(TestStep.java:86)
	at io.cucumber.core.runner.TestStep.run(TestStep.java:57)
	at io.cucumber.core.runner.PickleStepTestStep.run(PickleStepTestStep.java:51)
	at io.cucumber.core.runner.TestCase.run(TestCase.java:95)
	at io.cucumber.core.runner.Runner.runPickle(Runner.java:75)
	at io.cucumber.junit.PickleRunners$NoStepDescriptions.lambda$run$0(PickleRunners.java:151)
	at io.cucumber.core.runtime.CucumberExecutionContext.lambda$runTestCase$3(CucumberExecutionContext.java:151)
	at io.cucumber.core.runtime.RethrowingThrowableCollector.executeAndThrow(RethrowingThrowableCollector.java:23)
	at io.cucumber.core.runtime.CucumberExecutionContext.runTestCase(CucumberExecutionContext.java:151)
	at io.cucumber.junit.PickleRunners$NoStepDescriptions.run(PickleRunners.java:148)
	at io.cucumber.junit.FeatureRunner.runChild(FeatureRunner.java:144)
	at io.cucumber.junit.FeatureRunner.runChild(FeatureRunner.java:28)
	at org.junit.runners.ParentRunner$4.run(ParentRunner.java:331)
	at org.junit.runners.ParentRunner$1.schedule(ParentRunner.java:79)
	at org.junit.runners.ParentRunner.runChildren(ParentRunner.java:329)
	at org.junit.runners.ParentRunner.access$100(ParentRunner.java:66)
	at org.junit.runners.ParentRunner$2.evaluate(ParentRunner.java:293)
	at org.junit.runners.ParentRunner$3.evaluate(ParentRunner.java:306)
	at org.junit.runners.ParentRunner.run(ParentRunner.java:413)
	at io.cucumber.junit.FeatureRunner.run(FeatureRunner.java:137)
	at io.cucumber.junit.CucumberSerenityRunner.runChild(CucumberSerenityRunner.java:258)
	at io.cucumber.junit.CucumberSerenityRunner.runChild(CucumberSerenityRunner.java:58)
	at org.junit.runners.ParentRunner$4.run(ParentRunner.java:331)
	at org.junit.runners.ParentRunner$1.schedule(ParentRunner.java:79)
	at org.junit.runners.ParentRunner.runChildren(ParentRunner.java:329)
	at org.junit.runners.ParentRunner.access$100(ParentRunner.java:66)
	at org.junit.runners.ParentRunner$2.evaluate(ParentRunner.java:293)
	at io.cucumber.junit.CucumberSerenityRunner$RunCucumber.evaluate(CucumberSerenityRunner.java:287)
	at org.junit.runners.ParentRunner$3.evaluate(ParentRunner.java:306)
	at org.junit.runners.ParentRunner.run(ParentRunner.java:413)
	at org.junit.runner.JUnitCore.run(JUnitCore.java:137)
	at org.junit.runner.JUnitCore.run(JUnitCore.java:115)
	at org.junit.vintage.engine.execution.RunnerExecutor.execute(RunnerExecutor.java:42)
	at org.junit.vintage.engine.VintageTestEngine.executeAllChildren(VintageTestEngine.java:80)
	at org.junit.vintage.engine.VintageTestEngine.execute(VintageTestEngine.java:72)
	at org.junit.platform.launcher.core.EngineExecutionOrchestrator.execute(EngineExecutionOrchestrator.java:107)
	at org.junit.platform.launcher.core.EngineExecutionOrchestrator.execute(EngineExecutionOrchestrator.java:88)
	at org.junit.platform.launcher.core.EngineExecutionOrchestrator.lambda$execute$0(EngineExecutionOrchestrator.java:54)
	at org.junit.platform.launcher.core.EngineExecutionOrchestrator.withInterceptedStreams(EngineExecutionOrchestrator.java:67)
	at org.junit.platform.launcher.core.EngineExecutionOrchestrator.execute(EngineExecutionOrchestrator.java:52)
	at org.junit.platform.launcher.core.DefaultLauncher.execute(DefaultLauncher.java:114)
	at org.junit.platform.launcher.core.DefaultLauncher.execute(DefaultLauncher.java:86)
	at org.junit.platform.launcher.core.DefaultLauncherSession$DelegatingLauncher.execute(DefaultLauncherSession.java:86)
	at org.junit.platform.launcher.core.SessionPerRequestLauncher.execute(SessionPerRequestLauncher.java:53)
	at org.apache.maven.surefire.junitplatform.JUnitPlatformProvider.execute(JUnitPlatformProvider.java:188)
	at org.apache.maven.surefire.junitplatform.JUnitPlatformProvider.invokeAllTests(JUnitPlatformProvider.java:154)
	at org.apache.maven.surefire.junitplatform.JUnitPlatformProvider.invoke(JUnitPlatformProvider.java:128)
	at org.apache.maven.surefire.booter.ForkedBooter.runSuitesInProcess(ForkedBooter.java:428)
	at org.apache.maven.surefire.booter.ForkedBooter.execute(ForkedBooter.java:162)
	at org.apache.maven.surefire.booter.ForkedBooter.run(ForkedBooter.java:562)
	at org.apache.maven.surefire.booter.ForkedBooter.main(ForkedBooter.java:548)
Caused by: org.openqa.selenium.NoSuchElementException: no such element: Unable to locate element: {"method":"xpath","selector":"//div[@class='MuiCardActions-root MuiCardActions-spacing css-1k3fh4f']"}
  (Session info: chrome=108.0.5359.125)
For documentation on this error, please visit: https://selenium.dev/exceptions/#no_such_element
Build info: version: '4.1.2', revision: '9a5a329c5a'
System info: host: 'LAPTOP-CFD9EV6G', ip: '192.168.100.7', os.name: 'Windows 11', os.arch: 'amd64', os.version: '10.0', java.version: '11.0.16'
Driver info: org.openqa.selenium.chrome.ChromeDriver
Command: [6f8fccfcf75bb5fd3db1302cd2e327d9, findElement {using=xpath, value=//div[@class='MuiCardActions-root MuiCardActions-spacing css-1k3fh4f']}]
Capabilities {acceptInsecureCerts: false, browserName: chrome, browserVersion: 108.0.5359.125, chrome: {chromedriverVersion: 108.0.5359.71 (1e0e3868ee06..., userDataDir: C:\Users\ASUSTUF\AppData\Lo...}, goog:chromeOptions: {debuggerAddress: localhost:57750}, javascriptEnabled: true, networkConnectionEnabled: false, pageLoadStrategy: normal, platform: WINDOWS, platformName: WINDOWS, proxy: Proxy(), se:cdp: ws://localhost:57750/devtoo..., se:cdpVersion: 108.0.5359.125, setWindowRect: true, strictFileInteractability: false, timeouts: {implicit: 0, pageLoad: 300000, script: 30000}, unhandledPromptBehavior: dismiss and notify, webauthn:extension:credBlob: true, webauthn:extension:largeBlob: true, webauthn:virtualAuthenticators: true}
Session ID: 6f8fccfcf75bb5fd3db1302cd2e327d9
	at java.base/jdk.internal.reflect.NativeConstructorAccessorImpl.newInstance0(Native Method)
	at java.base/jdk.internal.reflect.NativeConstructorAccessorImpl.newInstance(NativeConstructorAccessorImpl.java:62)
	at java.base/jdk.internal.reflect.DelegatingConstructorAccessorImpl.newInstance(DelegatingConstructorAccessorImpl.java:45)
	at java.base/java.lang.reflect.Constructor.newInstance(Constructor.java:490)
	at org.openqa.selenium.remote.codec.w3c.W3CHttpResponseCodec.createException(W3CHttpResponseCodec.java:200)
	at org.openqa.selenium.remote.codec.w3c.W3CHttpResponseCodec.decode(W3CHttpResponseCodec.java:133)
	at org.openqa.selenium.remote.codec.w3c.W3CHttpResponseCodec.decode(W3CHttpResponseCodec.java:53)
	at org.openqa.selenium.remote.HttpCommandExecutor.execute(HttpCommandExecutor.java:184)
	at org.openqa.selenium.remote.service.DriverCommandExecutor.invokeExecute(DriverCommandExecutor.java:167)
	at org.openqa.selenium.remote.service.DriverCommandExecutor.execute(DriverCommandExecutor.java:142)
	at org.openqa.selenium.remote.RemoteWebDriver.execute(RemoteWebDriver.java:558)
	at org.openqa.selenium.remote.ElementLocation$ElementFinder$2.findElement(ElementLocation.java:162)
	at org.openqa.selenium.remote.ElementLocation.findElement(ElementLocation.java:60)
	at org.openqa.selenium.remote.RemoteWebDriver.findElement(RemoteWebDriver.java:382)
	at org.openqa.selenium.remote.RemoteWebDriver.findElement(RemoteWebDriver.java:374)
	at net.thucydides.core.webdriver.WebDriverFacade.findElement(WebDriverFacade.java:224)
	at net.serenitybdd.core.pages.WebElementResolverByLocator.resolveForDriver(WebElementResolverByLocator.java:25)
	at net.serenitybdd.core.pages.WebElementFacadeImpl.getResolvedElement(WebElementFacadeImpl.java:191)
	at net.serenitybdd.core.pages.WebElementFacadeImpl.getElement(WebElementFacadeImpl.java:186)
	at net.serenitybdd.core.pages.WebElementExpectations$3.apply(WebElementExpectations.java:63)
	at net.serenitybdd.core.pages.WebElementExpectations$3.apply(WebElementExpectations.java:55)
	at org.openqa.selenium.support.ui.FluentWait.until(FluentWait.java:208)
	... 80 more
&amp#27;[0m
  &amp#27;[36mAnd &amp#27;[0m&amp#27;[36mI select all bookings&amp#27;[0m               &amp#27;[90m# starter.stepdefinitions.ManageVaccinationBookingsSteps.iSelectAllBookings()&amp#27;[0m
  &amp#27;[36mAnd &amp#27;[0m&amp#27;[36mI click Tolak Semua button&amp#27;[0m          &amp#27;[90m# starter.stepdefinitions.ManageVaccinationBookingsSteps.iClickTolakSemuaButton()&amp#27;[0m
  &amp#27;[36mThen &amp#27;[0m&amp#27;[36mthe booking will be rejected&amp#27;[0m       &amp#27;[90m# starter.stepdefinitions.ManageVaccinationBookingsSteps.theBookingWillBeRejected()&amp#27;[0m
17:47:54.618 [main] ERROR  - 
  _____   ___   ___   _____     ___     _     ___   _      ___   ___  
 |_   _| | __| / __| |_   _|   | __|   /_\   |_ _| | |    | __| |   \ 
   | |   | _|  \__ \   | |     | _|   / _ \   | |  | |__  | _|  | |) |
   |_|   |___| |___/   |_|     |_|   /_/ \_\ |___| |____| |___| |___/ 

Reject all vaccination bookings
-----------------------------------------------------------------------
17:47:54.619 [main] DEBUG  - RELATED ISSUES: 
17:47:54.620 [main] ERROR  -     Test failed at step: Select unconfirmed session
17:47:54.620 [main] ERROR  -     Expected enabled element was not enabled
17:47:54.624 [AsyncHttpClient-1-13] DEBUG org.asynchttpclient.netty.handler.WebSocketHandler - Channel Closed: [id: 0x20632e54, L:/127.0.0.1:57757 ! R:localhost/127.0.0.1:57750] with attribute NettyResponseFuture{currentRetry=5,
	isDone=1,
	isCancelled=0,
	asyncHandler=org.asynchttpclient.ws.WebSocketUpgradeHandler@598c19e8,
	nettyRequest=org.asynchttpclient.netty.request.NettyRequest@1c8e9cbd,
	future=java.util.concurrent.CompletableFuture@6c1ecd06[Completed normally],
	uri=ws://localhost:57750/devtools/browser/c719dd27-9d1f-4f3d-b181-f76751f31915,
	keepAlive=true,
	redirectCount=0,
	timeoutsHolder=null,
	inAuth=0,
	touch=1671446863465}
17:47:54.624 [AsyncHttpClient-1-13] DEBUG org.asynchttpclient.netty.channel.ChannelManager - Closing Channel [id: 0x20632e54, L:/127.0.0.1:57757 ! R:localhost/127.0.0.1:57750] 
17:47:54.625 [Driver Command Executor] DEBUG org.asynchttpclient.netty.request.NettyRequestSender - Using pooled Channel '[id: 0xc74cb96b, L:/127.0.0.1:57749 - R:localhost/127.0.0.1:52007]' for 'DELETE' to 'http://localhost:52007/session/6f8fccfcf75bb5fd3db1302cd2e327d9'
17:47:54.625 [Driver Command Executor] DEBUG org.asynchttpclient.netty.request.NettyRequestSender - Using open Channel [id: 0xc74cb96b, L:/127.0.0.1:57749 - R:localhost/127.0.0.1:52007] for DELETE '/session/6f8fccfcf75bb5fd3db1302cd2e327d9'
17:47:54.658 [AsyncHttpClient-1-12] DEBUG org.asynchttpclient.netty.handler.HttpHandler - Unexpected I/O exception on channel [id: 0x65eb764c, L:/127.0.0.1:57756 - R:localhost/127.0.0.1:57750]
java.io.IOException: An existing connection was forcibly closed by the remote host
	at java.base/sun.nio.ch.SocketDispatcher.read0(Native Method)
	at java.base/sun.nio.ch.SocketDispatcher.read(SocketDispatcher.java:43)
	at java.base/sun.nio.ch.IOUtil.readIntoNativeBuffer(IOUtil.java:276)
	at java.base/sun.nio.ch.IOUtil.read(IOUtil.java:233)
	at java.base/sun.nio.ch.IOUtil.read(IOUtil.java:223)
	at java.base/sun.nio.ch.SocketChannelImpl.read(SocketChannelImpl.java:358)
	at io.netty.buffer.PooledByteBuf.setBytes(PooledByteBuf.java:258)
	at io.netty.buffer.AbstractByteBuf.writeBytes(AbstractByteBuf.java:1132)
	at io.netty.channel.socket.nio.NioSocketChannel.doReadBytes(NioSocketChannel.java:350)
	at io.netty.channel.nio.AbstractNioByteChannel$NioByteUnsafe.read(AbstractNioByteChannel.java:151)
	at io.netty.channel.nio.NioEventLoop.processSelectedKey(NioEventLoop.java:722)
	at io.netty.channel.nio.NioEventLoop.processSelectedKeysOptimized(NioEventLoop.java:658)
	at io.netty.channel.nio.NioEventLoop.processSelectedKeys(NioEventLoop.java:584)
	at io.netty.channel.nio.NioEventLoop.run(NioEventLoop.java:496)
	at io.netty.util.concurrent.SingleThreadEventExecutor$4.run(SingleThreadEventExecutor.java:986)
	at io.netty.util.internal.ThreadExecutorMap$2.run(ThreadExecutorMap.java:74)
	at io.netty.util.concurrent.FastThreadLocalRunnable.run(FastThreadLocalRunnable.java:30)
	at java.base/java.lang.Thread.run(Thread.java:834)
17:47:54.658 [AsyncHttpClient-1-12] DEBUG org.asynchttpclient.netty.channel.ChannelManager - Closing Channel [id: 0x65eb764c, L:/127.0.0.1:57756 - R:localhost/127.0.0.1:57750] 
17:47:54.658 [AsyncHttpClient-1-12] DEBUG org.asynchttpclient.netty.handler.HttpHandler - Channel Closed: [id: 0x65eb764c, L:/127.0.0.1:57756 ! R:localhost/127.0.0.1:57750] with attribute DISCARD
17:47:54.691 [AsyncHttpClient-1-11] DEBUG org.asynchttpclient.netty.handler.HttpHandler - 

Request DefaultFullHttpRequest(decodeResult: success, version: HTTP/1.1, content: EmptyByteBufBE)
DELETE /session/6f8fccfcf75bb5fd3db1302cd2e327d9 HTTP/1.1
User-Agent: selenium/4.1.2 (java windows)
Content-Type: application/json; charset=utf-8
host: localhost:52007
accept: */*

Response DefaultHttpResponse(decodeResult: success, version: HTTP/1.1)
HTTP/1.1 200 OK
Content-Type: application/json; charset=utf-8
cache-control: no-cache
content-length: 14

17:47:54.691 [AsyncHttpClient-1-11] DEBUG org.asynchttpclient.netty.channel.ChannelManager - Adding key: http://localhost:52007 for channel [id: 0xc74cb96b, L:/127.0.0.1:57749 - R:localhost/127.0.0.1:52007]
17:47:54.789 [AsyncHttpClient-1-11] DEBUG org.asynchttpclient.netty.handler.HttpHandler - Channel Closed: [id: 0xc74cb96b, L:/127.0.0.1:57749 ! R:localhost/127.0.0.1:52007] with attribute DISCARD
]]></system-out>
    <system-err><![CDATA[Starting ChromeDriver 108.0.5359.71 (1e0e3868ee06e91ad636a874420e3ca3ae3756ac-refs/branch-heads/5359@{#1016}) on port 52007
Only local connections are allowed.
Please see https://chromedriver.chromium.org/security-considerations for suggestions on keeping ChromeDriver safe.
ChromeDriver was started successfully.
Dec 19, 2022 5:47:43 PM org.openqa.selenium.remote.ProtocolHandshake createSession
INFO: Detected dialect: W3C
Dec 19, 2022 5:47:43 PM org.openqa.selenium.devtools.CdpVersionFinder findNearestMatch
WARNING: Unable to find an exact match for CDP version 108, so returning the closest version found: a no-op implementation
Dec 19, 2022 5:47:43 PM org.openqa.selenium.devtools.CdpVersionFinder findNearestMatch
INFO: Unable to find CDP implementation matching 108.
Dec 19, 2022 5:47:43 PM org.openqa.selenium.chromium.ChromiumDriver lambda$new$3
WARNING: Unable to find version of CDP to use for . You may need to include a dependency on a specific version of the CDP using something similar to `org.seleniumhq.selenium:selenium-devtools-v86:4.1.2` where the version ("v86") matches the version of the chromium-based browser you're using and the version number of the artifact is the same as Selenium's.
]]></system-err>
  </testcase>
  <testcase name="Sort vaccination bookings by available date" classname="Manage vaccination bookings" time="13.903">
    <error type="net.thucydides.core.webdriver.exceptions.ElementShouldBeEnabledException"><![CDATA[net.thucydides.core.webdriver.exceptions.ElementShouldBeEnabledException: Expected enabled element was not enabled
Caused by: org.openqa.selenium.TimeoutException: Expected condition failed: waiting for By.xpath: //button[@class='MuiButtonBase-root MuiIconButton-root MuiIconButton-edgeEnd MuiIconButton-sizeMedium css-slyssw'] to be enabled (tried for 5 second(s) with 100 milliseconds interval)
Caused by: org.openqa.selenium.NoSuchElementException: 
no such element: Unable to locate element: {"method":"xpath","selector":"//button[@class='MuiButtonBase-root MuiIconButton-root MuiIconButton-edgeEnd MuiIconButton-sizeMedium css-slyssw']"}
  (Session info: chrome=108.0.5359.125)
For documentation on this error, please visit: https://selenium.dev/exceptions/#no_such_element
Build info: version: '4.1.2', revision: '9a5a329c5a'
System info: host: 'LAPTOP-CFD9EV6G', ip: '192.168.100.7', os.name: 'Windows 11', os.arch: 'amd64', os.version: '10.0', java.version: '11.0.16'
Driver info: org.openqa.selenium.chrome.ChromeDriver
Command: [804edfa87ed6d32589d8284bc465247c, findElement {using=xpath, value=//button[@class='MuiButtonBase-root MuiIconButton-root MuiIconButton-edgeEnd MuiIconButton-sizeMedium css-slyssw']}]
Capabilities {acceptInsecureCerts: false, browserName: chrome, browserVersion: 108.0.5359.125, chrome: {chromedriverVersion: 108.0.5359.71 (1e0e3868ee06..., userDataDir: C:\Users\ASUSTUF\AppData\Lo...}, goog:chromeOptions: {debuggerAddress: localhost:57782}, javascriptEnabled: true, networkConnectionEnabled: false, pageLoadStrategy: normal, platform: WINDOWS, platformName: WINDOWS, proxy: Proxy(), se:cdp: ws://localhost:57782/devtoo..., se:cdpVersion: 108.0.5359.125, setWindowRect: true, strictFileInteractability: false, timeouts: {implicit: 0, pageLoad: 300000, script: 30000}, unhandledPromptBehavior: dismiss and notify, webauthn:extension:credBlob: true, webauthn:extension:largeBlob: true, webauthn:virtualAuthenticators: true}
Session ID: 804edfa87ed6d32589d8284bc465247c
]]></error>
    <system-out><![CDATA[
Scenario: Sort vaccination bookings by available date &amp#27;[90m# src/test/resources/features/ManageVaccinationBookings.feature:40&amp#27;[0m
17:47:54.888 [main] INFO io.cucumber.core.plugin.SerenityReporter - Running feature from file:///C:/Users/ASUSTUF/OneDrive/Documents/Capstone%20Project/Web%20Automation/src/test/resources/features/ManageVaccinationBookings.feature
17:47:54.892 [main] INFO  - 
  _____   ___   ___   _____     ___   _____     _     ___   _____   ___   ___  
 |_   _| | __| / __| |_   _|   / __| |_   _|   /_\   | _ \ |_   _| | __| |   \ 
   | |   | _|  \__ \   | |     \__ \   | |    / _ \  |   /   | |   | _|  | |) |
   |_|   |___| |___/   |_|     |___/   |_|   /_/ \_\ |_|_\   |_|   |___| |___/ 

Sort vaccination bookings by available date(manage-vaccination-bookings;sort-vaccination-bookings-by-available-date)
--------------------------------------------------------------------------------
17:47:54.928 [main] INFO net.serenitybdd.core.webdriver.driverproviders.ChromeDriverProvider - Using automatically driver download
17:47:55.106 [main] DEBUG io.github.bonigarcia.wdm.cache.ResolutionCache - Resolution chrome=108 in cache (valid until 18:33:56 19/12/2022 ICT)
17:47:55.110 [main] DEBUG io.github.bonigarcia.wdm.cache.ResolutionCache - Resolution chrome108=108.0.5359.71 in cache (valid until 12:44:30 20/12/2022 ICT)
17:47:55.112 [main] INFO io.github.bonigarcia.wdm.WebDriverManager - Using chromedriver 108.0.5359.71 (resolved driver for Chrome 108)
17:47:55.129 [main] DEBUG io.github.bonigarcia.wdm.WebDriverManager - Driver chromedriver 108.0.5359.71 found in cache
17:47:55.130 [main] INFO io.github.bonigarcia.wdm.WebDriverManager - Exporting webdriver.chrome.driver as C:\Users\ASUSTUF\.cache\selenium\chromedriver\win32\108.0.5359.71\chromedriver.exe
17:47:55.315 [AsyncHttpClient-1-1] DEBUG org.asynchttpclient.netty.channel.DefaultChannelPool - Entry count for : http://localhost:52007 : 1
17:47:55.315 [AsyncHttpClient-1-1] DEBUG org.asynchttpclient.netty.channel.DefaultChannelPool - Entry count for : http://localhost:57750 : 1
17:47:55.315 [AsyncHttpClient-1-1] DEBUG org.asynchttpclient.netty.channel.DefaultChannelPool - Adding Candidate expired Channel [id: 0xc74cb96b, L:/127.0.0.1:57749 ! R:localhost/127.0.0.1:52007] isIdleTimeoutExpired=false isRemotelyClosed=true isTtlExpired=false
17:47:55.315 [AsyncHttpClient-1-1] DEBUG org.asynchttpclient.netty.channel.DefaultChannelPool - Closing Idle Channel [id: 0xc74cb96b, L:/127.0.0.1:57749 ! R:localhost/127.0.0.1:52007]
17:47:55.315 [AsyncHttpClient-1-1] DEBUG org.asynchttpclient.netty.channel.DefaultChannelPool - Adding Candidate expired Channel [id: 0x65eb764c, L:/127.0.0.1:57756 ! R:localhost/127.0.0.1:57750] isIdleTimeoutExpired=false isRemotelyClosed=true isTtlExpired=false
17:47:55.315 [AsyncHttpClient-1-1] DEBUG org.asynchttpclient.netty.channel.DefaultChannelPool - Closing Idle Channel [id: 0x65eb764c, L:/127.0.0.1:57756 ! R:localhost/127.0.0.1:57750]
17:47:55.315 [AsyncHttpClient-1-1] DEBUG org.asynchttpclient.netty.channel.DefaultChannelPool - Closed 2 connections out of 2 in 0 ms
17:47:55.324 [main] DEBUG net.serenitybdd.core.webdriver.driverproviders.ProvideNewDriver - Instantiating driver
17:47:55.324 [main] DEBUG net.serenitybdd.core.webdriver.driverproviders.ProvideNewDriver - Driver capabilities: Capabilities {acceptInsecureCerts: false, base.url: https://vaksin-id.netlify.app/, browserName: chrome, chrome.driver: src/test/resources/webdrive..., driver: chrome, goog:chromeOptions: {args: [], extensions: []}}
17:47:55.756 [AsyncHttpClient-1-14] DEBUG org.asynchttpclient.netty.channel.NettyConnectListener - Using new Channel '[id: 0xe5aea797, L:/127.0.0.1:57780 - R:localhost/127.0.0.1:59594]' for 'POST' to '/session'
17:47:56.990 [AsyncHttpClient-1-14] DEBUG org.asynchttpclient.netty.handler.HttpHandler - 

Request DefaultHttpRequest(decodeResult: success, version: HTTP/1.1)
POST /session HTTP/1.1
User-Agent: selenium/4.1.2 (java windows)
Content-Length: 616
Content-Type: application/json; charset=utf-8
host: localhost:59594
accept: */*

Response DefaultHttpResponse(decodeResult: success, version: HTTP/1.1)
HTTP/1.1 200 OK
Content-Type: application/json; charset=utf-8
cache-control: no-cache
content-length: 793

17:47:56.991 [AsyncHttpClient-1-14] DEBUG org.asynchttpclient.netty.channel.ChannelManager - Adding key: http://localhost:59594 for channel [id: 0xe5aea797, L:/127.0.0.1:57780 - R:localhost/127.0.0.1:59594]
17:47:57.007 [AsyncHttpClient-1-15] DEBUG org.asynchttpclient.netty.channel.NettyConnectListener - Using new Channel '[id: 0xdba5b170, L:/127.0.0.1:57791 - R:localhost/127.0.0.1:57782]' for 'GET' to '/json/version'
17:47:57.023 [AsyncHttpClient-1-15] DEBUG org.asynchttpclient.netty.handler.HttpHandler - 

Request DefaultFullHttpRequest(decodeResult: success, version: HTTP/1.1, content: EmptyByteBufBE)
GET /json/version HTTP/1.1
User-Agent: selenium/4.1.2 (java windows)
host: localhost:57782
accept: */*

Response DefaultHttpResponse(decodeResult: success, version: HTTP/1.1)
HTTP/1.1 200 OK
Content-Type: application/json; charset=UTF-8
content-length: 424

17:47:57.024 [AsyncHttpClient-1-15] DEBUG org.asynchttpclient.netty.channel.ChannelManager - Adding key: http://localhost:57782 for channel [id: 0xdba5b170, L:/127.0.0.1:57791 - R:localhost/127.0.0.1:57782]
17:47:57.035 [AsyncHttpClient-1-16] DEBUG org.asynchttpclient.netty.channel.NettyConnectListener - Using new Channel '[id: 0x29a44070, L:/127.0.0.1:57792 - R:localhost/127.0.0.1:57782]' for 'GET' to '/devtools/browser/56558305-723b-400e-8c66-3c447c5c82b0'
17:47:57.060 [AsyncHttpClient-1-16] DEBUG org.asynchttpclient.netty.handler.WebSocketHandler - 

Request DefaultFullHttpRequest(decodeResult: success, version: HTTP/1.1, content: EmptyByteBufBE)
GET /devtools/browser/56558305-723b-400e-8c66-3c447c5c82b0 HTTP/1.1
upgrade: websocket
connection: upgrade
sec-websocket-key: 8sb15SGhGPbK51v5SzoJEw==
sec-websocket-version: 13
origin: http://localhost:57782
host: localhost:57782
accept: */*
user-agent: AHC/2.1

Response DefaultHttpResponse(decodeResult: success, version: HTTP/1.1)
HTTP/1.1 101 WebSocket Protocol Handshake
Upgrade: WebSocket
Connection: Upgrade
Sec-WebSocket-Accept: 54eSUayaUvk23vv8pXWfoQEBBYg=

17:47:57.074 [Forwarding get on session 804edfa87ed6d32589d8284bc465247c to remote] DEBUG org.asynchttpclient.netty.request.NettyRequestSender - Using pooled Channel '[id: 0xe5aea797, L:/127.0.0.1:57780 - R:localhost/127.0.0.1:59594]' for 'POST' to 'http://localhost:59594/session/804edfa87ed6d32589d8284bc465247c/url'
17:47:57.075 [Forwarding get on session 804edfa87ed6d32589d8284bc465247c to remote] DEBUG org.asynchttpclient.netty.request.NettyRequestSender - Using open Channel [id: 0xe5aea797, L:/127.0.0.1:57780 - R:localhost/127.0.0.1:59594] for POST '/session/804edfa87ed6d32589d8284bc465247c/url'
17:47:57.514 [AsyncHttpClient-1-1] DEBUG org.asynchttpclient.netty.channel.DefaultChannelPool - Entry count for : http://localhost:57782 : 1
17:47:58.165 [AsyncHttpClient-1-14] DEBUG org.asynchttpclient.netty.handler.HttpHandler - 

Request DefaultHttpRequest(decodeResult: success, version: HTTP/1.1)
POST /session/804edfa87ed6d32589d8284bc465247c/url HTTP/1.1
User-Agent: selenium/4.1.2 (java windows)
Content-Length: 60
Content-Type: application/json; charset=utf-8
host: localhost:59594
accept: */*

Response DefaultHttpResponse(decodeResult: success, version: HTTP/1.1)
HTTP/1.1 200 OK
Content-Type: application/json; charset=utf-8
cache-control: no-cache
content-length: 14

17:47:58.166 [AsyncHttpClient-1-14] DEBUG org.asynchttpclient.netty.channel.ChannelManager - Adding key: http://localhost:59594 for channel [id: 0xe5aea797, L:/127.0.0.1:57780 - R:localhost/127.0.0.1:59594]
17:47:58.173 [Forwarding setTimeout on session 804edfa87ed6d32589d8284bc465247c to remote] DEBUG org.asynchttpclient.netty.request.NettyRequestSender - Using pooled Channel '[id: 0xe5aea797, L:/127.0.0.1:57780 - R:localhost/127.0.0.1:59594]' for 'POST' to 'http://localhost:59594/session/804edfa87ed6d32589d8284bc465247c/timeouts'
17:47:58.173 [Forwarding setTimeout on session 804edfa87ed6d32589d8284bc465247c to remote] DEBUG org.asynchttpclient.netty.request.NettyRequestSender - Using open Channel [id: 0xe5aea797, L:/127.0.0.1:57780 - R:localhost/127.0.0.1:59594] for POST '/session/804edfa87ed6d32589d8284bc465247c/timeouts'
17:47:58.175 [AsyncHttpClient-1-14] DEBUG org.asynchttpclient.netty.handler.HttpHandler - 

Request DefaultHttpRequest(decodeResult: success, version: HTTP/1.1)
POST /session/804edfa87ed6d32589d8284bc465247c/timeouts HTTP/1.1
User-Agent: selenium/4.1.2 (java windows)
Content-Length: 22
Content-Type: application/json; charset=utf-8
host: localhost:59594
accept: */*

Response DefaultHttpResponse(decodeResult: success, version: HTTP/1.1)
HTTP/1.1 200 OK
Content-Type: application/json; charset=utf-8
cache-control: no-cache
content-length: 14

17:47:58.175 [AsyncHttpClient-1-14] DEBUG org.asynchttpclient.netty.channel.ChannelManager - Adding key: http://localhost:59594 for channel [id: 0xe5aea797, L:/127.0.0.1:57780 - R:localhost/127.0.0.1:59594]
17:47:58.180 [Forwarding getCurrentUrl on session 804edfa87ed6d32589d8284bc465247c to remote] DEBUG org.asynchttpclient.netty.request.NettyRequestSender - Using pooled Channel '[id: 0xe5aea797, L:/127.0.0.1:57780 - R:localhost/127.0.0.1:59594]' for 'GET' to 'http://localhost:59594/session/804edfa87ed6d32589d8284bc465247c/url'
17:47:58.180 [Forwarding getCurrentUrl on session 804edfa87ed6d32589d8284bc465247c to remote] DEBUG org.asynchttpclient.netty.request.NettyRequestSender - Using open Channel [id: 0xe5aea797, L:/127.0.0.1:57780 - R:localhost/127.0.0.1:59594] for GET '/session/804edfa87ed6d32589d8284bc465247c/url'
17:47:58.193 [AsyncHttpClient-1-14] DEBUG org.asynchttpclient.netty.handler.HttpHandler - 

Request DefaultFullHttpRequest(decodeResult: success, version: HTTP/1.1, content: EmptyByteBufBE)
GET /session/804edfa87ed6d32589d8284bc465247c/url HTTP/1.1
User-Agent: selenium/4.1.2 (java windows)
Cache-Control: no-cache
Content-Type: application/json; charset=utf-8
host: localhost:59594
accept: */*

Response DefaultHttpResponse(decodeResult: success, version: HTTP/1.1)
HTTP/1.1 200 OK
Content-Type: application/json; charset=utf-8
cache-control: no-cache
content-length: 42

17:47:58.194 [AsyncHttpClient-1-14] DEBUG org.asynchttpclient.netty.channel.ChannelManager - Adding key: http://localhost:59594 for channel [id: 0xe5aea797, L:/127.0.0.1:57780 - R:localhost/127.0.0.1:59594]
  &amp#27;[32mGiven &amp#27;[0m&amp#27;[32mI am on landing page&amp#27;[0m                          &amp#27;[90m# starter.stepdefinitions.ManageVaccinationBookingsSteps.iAmOnLandingPage()&amp#27;[0m
17:47:58.214 [Forwarding screenshot on session 804edfa87ed6d32589d8284bc465247c to remote] DEBUG org.asynchttpclient.netty.request.NettyRequestSender - Using pooled Channel '[id: 0xe5aea797, L:/127.0.0.1:57780 - R:localhost/127.0.0.1:59594]' for 'GET' to 'http://localhost:59594/session/804edfa87ed6d32589d8284bc465247c/screenshot'
17:47:58.215 [Forwarding screenshot on session 804edfa87ed6d32589d8284bc465247c to remote] DEBUG org.asynchttpclient.netty.request.NettyRequestSender - Using open Channel [id: 0xe5aea797, L:/127.0.0.1:57780 - R:localhost/127.0.0.1:59594] for GET '/session/804edfa87ed6d32589d8284bc465247c/screenshot'
17:47:58.615 [AsyncHttpClient-1-1] DEBUG org.asynchttpclient.netty.channel.DefaultChannelPool - Entry count for : http://localhost:57782 : 1
17:47:59.595 [AsyncHttpClient-1-14] DEBUG org.asynchttpclient.netty.handler.HttpHandler - 

Request DefaultFullHttpRequest(decodeResult: success, version: HTTP/1.1, content: EmptyByteBufBE)
GET /session/804edfa87ed6d32589d8284bc465247c/screenshot HTTP/1.1
User-Agent: selenium/4.1.2 (java windows)
Cache-Control: no-cache
Content-Type: application/json; charset=utf-8
host: localhost:59594
accept: */*

Response DefaultHttpResponse(decodeResult: success, version: HTTP/1.1)
HTTP/1.1 200 OK
Content-Type: application/json; charset=utf-8
cache-control: no-cache
content-length: 847132

17:47:59.598 [AsyncHttpClient-1-14] DEBUG org.asynchttpclient.netty.channel.ChannelManager - Adding key: http://localhost:59594 for channel [id: 0xe5aea797, L:/127.0.0.1:57780 - R:localhost/127.0.0.1:59594]
17:47:59.629 [main] DEBUG net.serenitybdd.core.photography.Darkroom - Send negative for processing for target\site\serenity\ff3b83dd42f508d91c0c8488aed412149de34b436c7528a8caa8428592644731.png
17:47:59.653 [Forwarding findElement on session 804edfa87ed6d32589d8284bc465247c to remote] DEBUG org.asynchttpclient.netty.request.NettyRequestSender - Using pooled Channel '[id: 0xe5aea797, L:/127.0.0.1:57780 - R:localhost/127.0.0.1:59594]' for 'POST' to 'http://localhost:59594/session/804edfa87ed6d32589d8284bc465247c/element'
17:47:59.653 [Forwarding findElement on session 804edfa87ed6d32589d8284bc465247c to remote] DEBUG org.asynchttpclient.netty.request.NettyRequestSender - Using open Channel [id: 0xe5aea797, L:/127.0.0.1:57780 - R:localhost/127.0.0.1:59594] for POST '/session/804edfa87ed6d32589d8284bc465247c/element'
17:47:59.680 [AsyncHttpClient-1-14] DEBUG org.asynchttpclient.netty.handler.HttpHandler - 

Request DefaultHttpRequest(decodeResult: success, version: HTTP/1.1)
POST /session/804edfa87ed6d32589d8284bc465247c/element HTTP/1.1
User-Agent: selenium/4.1.2 (java windows)
Content-Length: 315
Content-Type: application/json; charset=utf-8
host: localhost:59594
accept: */*

Response DefaultHttpResponse(decodeResult: success, version: HTTP/1.1)
HTTP/1.1 200 OK
Content-Type: application/json; charset=utf-8
cache-control: no-cache
content-length: 88

17:47:59.680 [AsyncHttpClient-1-14] DEBUG org.asynchttpclient.netty.channel.ChannelManager - Adding key: http://localhost:59594 for channel [id: 0xe5aea797, L:/127.0.0.1:57780 - R:localhost/127.0.0.1:59594]
17:47:59.681 [Forwarding getElementTagName on session 804edfa87ed6d32589d8284bc465247c to remote] DEBUG org.asynchttpclient.netty.request.NettyRequestSender - Using pooled Channel '[id: 0xe5aea797, L:/127.0.0.1:57780 - R:localhost/127.0.0.1:59594]' for 'GET' to 'http://localhost:59594/session/804edfa87ed6d32589d8284bc465247c/element/8464d8e6-fc56-4e73-a9c1-fc08010eece8/name'
17:47:59.681 [Forwarding getElementTagName on session 804edfa87ed6d32589d8284bc465247c to remote] DEBUG org.asynchttpclient.netty.request.NettyRequestSender - Using open Channel [id: 0xe5aea797, L:/127.0.0.1:57780 - R:localhost/127.0.0.1:59594] for GET '/session/804edfa87ed6d32589d8284bc465247c/element/8464d8e6-fc56-4e73-a9c1-fc08010eece8/name'
17:47:59.689 [AsyncHttpClient-1-14] DEBUG org.asynchttpclient.netty.handler.HttpHandler - 

Request DefaultFullHttpRequest(decodeResult: success, version: HTTP/1.1, content: EmptyByteBufBE)
GET /session/804edfa87ed6d32589d8284bc465247c/element/8464d8e6-fc56-4e73-a9c1-fc08010eece8/name HTTP/1.1
User-Agent: selenium/4.1.2 (java windows)
Cache-Control: no-cache
Content-Type: application/json; charset=utf-8
host: localhost:59594
accept: */*

Response DefaultHttpResponse(decodeResult: success, version: HTTP/1.1)
HTTP/1.1 200 OK
Content-Type: application/json; charset=utf-8
cache-control: no-cache
content-length: 18

17:47:59.689 [AsyncHttpClient-1-14] DEBUG org.asynchttpclient.netty.channel.ChannelManager - Adding key: http://localhost:59594 for channel [id: 0xe5aea797, L:/127.0.0.1:57780 - R:localhost/127.0.0.1:59594]
17:47:59.691 [Forwarding getElementTagName on session 804edfa87ed6d32589d8284bc465247c to remote] DEBUG org.asynchttpclient.netty.request.NettyRequestSender - Using pooled Channel '[id: 0xe5aea797, L:/127.0.0.1:57780 - R:localhost/127.0.0.1:59594]' for 'GET' to 'http://localhost:59594/session/804edfa87ed6d32589d8284bc465247c/element/8464d8e6-fc56-4e73-a9c1-fc08010eece8/name'
17:47:59.691 [Forwarding getElementTagName on session 804edfa87ed6d32589d8284bc465247c to remote] DEBUG org.asynchttpclient.netty.request.NettyRequestSender - Using open Channel [id: 0xe5aea797, L:/127.0.0.1:57780 - R:localhost/127.0.0.1:59594] for GET '/session/804edfa87ed6d32589d8284bc465247c/element/8464d8e6-fc56-4e73-a9c1-fc08010eece8/name'
17:47:59.697 [AsyncHttpClient-1-14] DEBUG org.asynchttpclient.netty.handler.HttpHandler - 

Request DefaultFullHttpRequest(decodeResult: success, version: HTTP/1.1, content: EmptyByteBufBE)
GET /session/804edfa87ed6d32589d8284bc465247c/element/8464d8e6-fc56-4e73-a9c1-fc08010eece8/name HTTP/1.1
User-Agent: selenium/4.1.2 (java windows)
Cache-Control: no-cache
Content-Type: application/json; charset=utf-8
host: localhost:59594
accept: */*

Response DefaultHttpResponse(decodeResult: success, version: HTTP/1.1)
HTTP/1.1 200 OK
Content-Type: application/json; charset=utf-8
cache-control: no-cache
content-length: 18

17:47:59.697 [AsyncHttpClient-1-14] DEBUG org.asynchttpclient.netty.channel.ChannelManager - Adding key: http://localhost:59594 for channel [id: 0xe5aea797, L:/127.0.0.1:57780 - R:localhost/127.0.0.1:59594]
17:47:59.700 [Forwarding isElementEnabled on session 804edfa87ed6d32589d8284bc465247c to remote] DEBUG org.asynchttpclient.netty.request.NettyRequestSender - Using pooled Channel '[id: 0xe5aea797, L:/127.0.0.1:57780 - R:localhost/127.0.0.1:59594]' for 'GET' to 'http://localhost:59594/session/804edfa87ed6d32589d8284bc465247c/element/8464d8e6-fc56-4e73-a9c1-fc08010eece8/enabled'
17:47:59.700 [Forwarding isElementEnabled on session 804edfa87ed6d32589d8284bc465247c to remote] DEBUG org.asynchttpclient.netty.request.NettyRequestSender - Using open Channel [id: 0xe5aea797, L:/127.0.0.1:57780 - R:localhost/127.0.0.1:59594] for GET '/session/804edfa87ed6d32589d8284bc465247c/element/8464d8e6-fc56-4e73-a9c1-fc08010eece8/enabled'
17:47:59.715 [AsyncHttpClient-1-14] DEBUG org.asynchttpclient.netty.handler.HttpHandler - 

Request DefaultFullHttpRequest(decodeResult: success, version: HTTP/1.1, content: EmptyByteBufBE)
GET /session/804edfa87ed6d32589d8284bc465247c/element/8464d8e6-fc56-4e73-a9c1-fc08010eece8/enabled HTTP/1.1
User-Agent: selenium/4.1.2 (java windows)
Cache-Control: no-cache
Content-Type: application/json; charset=utf-8
host: localhost:59594
accept: */*

Response DefaultHttpResponse(decodeResult: success, version: HTTP/1.1)
HTTP/1.1 200 OK
Content-Type: application/json; charset=utf-8
cache-control: no-cache
content-length: 14

17:47:59.715 [AsyncHttpClient-1-1] DEBUG org.asynchttpclient.netty.channel.DefaultChannelPool - Entry count for : http://localhost:57782 : 1
17:47:59.715 [AsyncHttpClient-1-14] DEBUG org.asynchttpclient.netty.channel.ChannelManager - Adding key: http://localhost:59594 for channel [id: 0xe5aea797, L:/127.0.0.1:57780 - R:localhost/127.0.0.1:59594]
17:47:59.718 [Forwarding isElementEnabled on session 804edfa87ed6d32589d8284bc465247c to remote] DEBUG org.asynchttpclient.netty.request.NettyRequestSender - Using pooled Channel '[id: 0xe5aea797, L:/127.0.0.1:57780 - R:localhost/127.0.0.1:59594]' for 'GET' to 'http://localhost:59594/session/804edfa87ed6d32589d8284bc465247c/element/8464d8e6-fc56-4e73-a9c1-fc08010eece8/enabled'
17:47:59.718 [Forwarding isElementEnabled on session 804edfa87ed6d32589d8284bc465247c to remote] DEBUG org.asynchttpclient.netty.request.NettyRequestSender - Using open Channel [id: 0xe5aea797, L:/127.0.0.1:57780 - R:localhost/127.0.0.1:59594] for GET '/session/804edfa87ed6d32589d8284bc465247c/element/8464d8e6-fc56-4e73-a9c1-fc08010eece8/enabled'
17:47:59.726 [AsyncHttpClient-1-14] DEBUG org.asynchttpclient.netty.handler.HttpHandler - 

Request DefaultFullHttpRequest(decodeResult: success, version: HTTP/1.1, content: EmptyByteBufBE)
GET /session/804edfa87ed6d32589d8284bc465247c/element/8464d8e6-fc56-4e73-a9c1-fc08010eece8/enabled HTTP/1.1
User-Agent: selenium/4.1.2 (java windows)
Cache-Control: no-cache
Content-Type: application/json; charset=utf-8
host: localhost:59594
accept: */*

Response DefaultHttpResponse(decodeResult: success, version: HTTP/1.1)
HTTP/1.1 200 OK
Content-Type: application/json; charset=utf-8
cache-control: no-cache
content-length: 14

17:47:59.726 [AsyncHttpClient-1-14] DEBUG org.asynchttpclient.netty.channel.ChannelManager - Adding key: http://localhost:59594 for channel [id: 0xe5aea797, L:/127.0.0.1:57780 - R:localhost/127.0.0.1:59594]
17:47:59.728 [Forwarding findElement on session 804edfa87ed6d32589d8284bc465247c to remote] DEBUG org.asynchttpclient.netty.request.NettyRequestSender - Using pooled Channel '[id: 0xe5aea797, L:/127.0.0.1:57780 - R:localhost/127.0.0.1:59594]' for 'POST' to 'http://localhost:59594/session/804edfa87ed6d32589d8284bc465247c/element'
17:47:59.728 [Forwarding findElement on session 804edfa87ed6d32589d8284bc465247c to remote] DEBUG org.asynchttpclient.netty.request.NettyRequestSender - Using open Channel [id: 0xe5aea797, L:/127.0.0.1:57780 - R:localhost/127.0.0.1:59594] for POST '/session/804edfa87ed6d32589d8284bc465247c/element'
17:47:59.740 [AsyncHttpClient-1-14] DEBUG org.asynchttpclient.netty.handler.HttpHandler - 

Request DefaultHttpRequest(decodeResult: success, version: HTTP/1.1)
POST /session/804edfa87ed6d32589d8284bc465247c/element HTTP/1.1
User-Agent: selenium/4.1.2 (java windows)
Content-Length: 315
Content-Type: application/json; charset=utf-8
host: localhost:59594
accept: */*

Response DefaultHttpResponse(decodeResult: success, version: HTTP/1.1)
HTTP/1.1 200 OK
Content-Type: application/json; charset=utf-8
cache-control: no-cache
content-length: 88

17:47:59.740 [AsyncHttpClient-1-14] DEBUG org.asynchttpclient.netty.channel.ChannelManager - Adding key: http://localhost:59594 for channel [id: 0xe5aea797, L:/127.0.0.1:57780 - R:localhost/127.0.0.1:59594]
17:47:59.741 [Forwarding clickElement on session 804edfa87ed6d32589d8284bc465247c to remote] DEBUG org.asynchttpclient.netty.request.NettyRequestSender - Using pooled Channel '[id: 0xe5aea797, L:/127.0.0.1:57780 - R:localhost/127.0.0.1:59594]' for 'POST' to 'http://localhost:59594/session/804edfa87ed6d32589d8284bc465247c/element/8464d8e6-fc56-4e73-a9c1-fc08010eece8/click'
17:47:59.741 [Forwarding clickElement on session 804edfa87ed6d32589d8284bc465247c to remote] DEBUG org.asynchttpclient.netty.request.NettyRequestSender - Using open Channel [id: 0xe5aea797, L:/127.0.0.1:57780 - R:localhost/127.0.0.1:59594] for POST '/session/804edfa87ed6d32589d8284bc465247c/element/8464d8e6-fc56-4e73-a9c1-fc08010eece8/click'
17:47:59.853 [AsyncHttpClient-1-14] DEBUG org.asynchttpclient.netty.handler.HttpHandler - 

Request DefaultHttpRequest(decodeResult: success, version: HTTP/1.1)
POST /session/804edfa87ed6d32589d8284bc465247c/element/8464d8e6-fc56-4e73-a9c1-fc08010eece8/click HTTP/1.1
User-Agent: selenium/4.1.2 (java windows)
Content-Length: 50
Content-Type: application/json; charset=utf-8
host: localhost:59594
accept: */*

Response DefaultHttpResponse(decodeResult: success, version: HTTP/1.1)
HTTP/1.1 200 OK
Content-Type: application/json; charset=utf-8
cache-control: no-cache
content-length: 14

17:47:59.854 [AsyncHttpClient-1-14] DEBUG org.asynchttpclient.netty.channel.ChannelManager - Adding key: http://localhost:59594 for channel [id: 0xe5aea797, L:/127.0.0.1:57780 - R:localhost/127.0.0.1:59594]
17:47:59.861 [Forwarding findElement on session 804edfa87ed6d32589d8284bc465247c to remote] DEBUG org.asynchttpclient.netty.request.NettyRequestSender - Using pooled Channel '[id: 0xe5aea797, L:/127.0.0.1:57780 - R:localhost/127.0.0.1:59594]' for 'POST' to 'http://localhost:59594/session/804edfa87ed6d32589d8284bc465247c/element'
17:47:59.861 [Forwarding findElement on session 804edfa87ed6d32589d8284bc465247c to remote] DEBUG org.asynchttpclient.netty.request.NettyRequestSender - Using open Channel [id: 0xe5aea797, L:/127.0.0.1:57780 - R:localhost/127.0.0.1:59594] for POST '/session/804edfa87ed6d32589d8284bc465247c/element'
17:47:59.880 [AsyncHttpClient-1-14] DEBUG org.asynchttpclient.netty.handler.HttpHandler - 

Request DefaultHttpRequest(decodeResult: success, version: HTTP/1.1)
POST /session/804edfa87ed6d32589d8284bc465247c/element HTTP/1.1
User-Agent: selenium/4.1.2 (java windows)
Content-Length: 69
Content-Type: application/json; charset=utf-8
host: localhost:59594
accept: */*

Response DefaultHttpResponse(decodeResult: success, version: HTTP/1.1)
HTTP/1.1 200 OK
Content-Type: application/json; charset=utf-8
cache-control: no-cache
content-length: 88

17:47:59.881 [AsyncHttpClient-1-14] DEBUG org.asynchttpclient.netty.channel.ChannelManager - Adding key: http://localhost:59594 for channel [id: 0xe5aea797, L:/127.0.0.1:57780 - R:localhost/127.0.0.1:59594]
17:47:59.882 [Forwarding clearElement on session 804edfa87ed6d32589d8284bc465247c to remote] DEBUG org.asynchttpclient.netty.request.NettyRequestSender - Using pooled Channel '[id: 0xe5aea797, L:/127.0.0.1:57780 - R:localhost/127.0.0.1:59594]' for 'POST' to 'http://localhost:59594/session/804edfa87ed6d32589d8284bc465247c/element/87eb1247-2ba8-4a7d-92ff-9c1c386df4d1/clear'
17:47:59.882 [Forwarding clearElement on session 804edfa87ed6d32589d8284bc465247c to remote] DEBUG org.asynchttpclient.netty.request.NettyRequestSender - Using open Channel [id: 0xe5aea797, L:/127.0.0.1:57780 - R:localhost/127.0.0.1:59594] for POST '/session/804edfa87ed6d32589d8284bc465247c/element/87eb1247-2ba8-4a7d-92ff-9c1c386df4d1/clear'
17:47:59.954 [AsyncHttpClient-1-14] DEBUG org.asynchttpclient.netty.handler.HttpHandler - 

Request DefaultHttpRequest(decodeResult: success, version: HTTP/1.1)
POST /session/804edfa87ed6d32589d8284bc465247c/element/87eb1247-2ba8-4a7d-92ff-9c1c386df4d1/clear HTTP/1.1
User-Agent: selenium/4.1.2 (java windows)
Content-Length: 50
Content-Type: application/json; charset=utf-8
host: localhost:59594
accept: */*

Response DefaultHttpResponse(decodeResult: success, version: HTTP/1.1)
HTTP/1.1 200 OK
Content-Type: application/json; charset=utf-8
cache-control: no-cache
content-length: 14

17:47:59.954 [AsyncHttpClient-1-14] DEBUG org.asynchttpclient.netty.channel.ChannelManager - Adding key: http://localhost:59594 for channel [id: 0xe5aea797, L:/127.0.0.1:57780 - R:localhost/127.0.0.1:59594]
17:47:59.958 [Forwarding sendKeysToElement on session 804edfa87ed6d32589d8284bc465247c to remote] DEBUG org.asynchttpclient.netty.request.NettyRequestSender - Using pooled Channel '[id: 0xe5aea797, L:/127.0.0.1:57780 - R:localhost/127.0.0.1:59594]' for 'POST' to 'http://localhost:59594/session/804edfa87ed6d32589d8284bc465247c/element/87eb1247-2ba8-4a7d-92ff-9c1c386df4d1/value'
17:47:59.958 [Forwarding sendKeysToElement on session 804edfa87ed6d32589d8284bc465247c to remote] DEBUG org.asynchttpclient.netty.request.NettyRequestSender - Using open Channel [id: 0xe5aea797, L:/127.0.0.1:57780 - R:localhost/127.0.0.1:59594] for POST '/session/804edfa87ed6d32589d8284bc465247c/element/87eb1247-2ba8-4a7d-92ff-9c1c386df4d1/value'
17:48:00.279 [AsyncHttpClient-1-14] DEBUG org.asynchttpclient.netty.handler.HttpHandler - 

Request DefaultHttpRequest(decodeResult: success, version: HTTP/1.1)
POST /session/804edfa87ed6d32589d8284bc465247c/element/87eb1247-2ba8-4a7d-92ff-9c1c386df4d1/value HTTP/1.1
User-Agent: selenium/4.1.2 (java windows)
Content-Length: 411
Content-Type: application/json; charset=utf-8
host: localhost:59594
accept: */*

Response DefaultHttpResponse(decodeResult: success, version: HTTP/1.1)
HTTP/1.1 200 OK
Content-Type: application/json; charset=utf-8
cache-control: no-cache
content-length: 14

17:48:00.279 [AsyncHttpClient-1-14] DEBUG org.asynchttpclient.netty.channel.ChannelManager - Adding key: http://localhost:59594 for channel [id: 0xe5aea797, L:/127.0.0.1:57780 - R:localhost/127.0.0.1:59594]
17:48:00.284 [Forwarding findElement on session 804edfa87ed6d32589d8284bc465247c to remote] DEBUG org.asynchttpclient.netty.request.NettyRequestSender - Using pooled Channel '[id: 0xe5aea797, L:/127.0.0.1:57780 - R:localhost/127.0.0.1:59594]' for 'POST' to 'http://localhost:59594/session/804edfa87ed6d32589d8284bc465247c/element'
17:48:00.284 [Forwarding findElement on session 804edfa87ed6d32589d8284bc465247c to remote] DEBUG org.asynchttpclient.netty.request.NettyRequestSender - Using open Channel [id: 0xe5aea797, L:/127.0.0.1:57780 - R:localhost/127.0.0.1:59594] for POST '/session/804edfa87ed6d32589d8284bc465247c/element'
17:48:00.302 [AsyncHttpClient-1-14] DEBUG org.asynchttpclient.netty.handler.HttpHandler - 

Request DefaultHttpRequest(decodeResult: success, version: HTTP/1.1)
POST /session/804edfa87ed6d32589d8284bc465247c/element HTTP/1.1
User-Agent: selenium/4.1.2 (java windows)
Content-Length: 72
Content-Type: application/json; charset=utf-8
host: localhost:59594
accept: */*

Response DefaultHttpResponse(decodeResult: success, version: HTTP/1.1)
HTTP/1.1 200 OK
Content-Type: application/json; charset=utf-8
cache-control: no-cache
content-length: 88

17:48:00.303 [AsyncHttpClient-1-14] DEBUG org.asynchttpclient.netty.channel.ChannelManager - Adding key: http://localhost:59594 for channel [id: 0xe5aea797, L:/127.0.0.1:57780 - R:localhost/127.0.0.1:59594]
17:48:00.306 [Forwarding clearElement on session 804edfa87ed6d32589d8284bc465247c to remote] DEBUG org.asynchttpclient.netty.request.NettyRequestSender - Using pooled Channel '[id: 0xe5aea797, L:/127.0.0.1:57780 - R:localhost/127.0.0.1:59594]' for 'POST' to 'http://localhost:59594/session/804edfa87ed6d32589d8284bc465247c/element/d8246803-addf-44cf-812c-9a7077970044/clear'
17:48:00.306 [Forwarding clearElement on session 804edfa87ed6d32589d8284bc465247c to remote] DEBUG org.asynchttpclient.netty.request.NettyRequestSender - Using open Channel [id: 0xe5aea797, L:/127.0.0.1:57780 - R:localhost/127.0.0.1:59594] for POST '/session/804edfa87ed6d32589d8284bc465247c/element/d8246803-addf-44cf-812c-9a7077970044/clear'
17:48:00.366 [AsyncHttpClient-1-14] DEBUG org.asynchttpclient.netty.handler.HttpHandler - 

Request DefaultHttpRequest(decodeResult: success, version: HTTP/1.1)
POST /session/804edfa87ed6d32589d8284bc465247c/element/d8246803-addf-44cf-812c-9a7077970044/clear HTTP/1.1
User-Agent: selenium/4.1.2 (java windows)
Content-Length: 50
Content-Type: application/json; charset=utf-8
host: localhost:59594
accept: */*

Response DefaultHttpResponse(decodeResult: success, version: HTTP/1.1)
HTTP/1.1 200 OK
Content-Type: application/json; charset=utf-8
cache-control: no-cache
content-length: 14

17:48:00.367 [AsyncHttpClient-1-14] DEBUG org.asynchttpclient.netty.channel.ChannelManager - Adding key: http://localhost:59594 for channel [id: 0xe5aea797, L:/127.0.0.1:57780 - R:localhost/127.0.0.1:59594]
17:48:00.374 [Forwarding sendKeysToElement on session 804edfa87ed6d32589d8284bc465247c to remote] DEBUG org.asynchttpclient.netty.request.NettyRequestSender - Using pooled Channel '[id: 0xe5aea797, L:/127.0.0.1:57780 - R:localhost/127.0.0.1:59594]' for 'POST' to 'http://localhost:59594/session/804edfa87ed6d32589d8284bc465247c/element/d8246803-addf-44cf-812c-9a7077970044/value'
17:48:00.374 [Forwarding sendKeysToElement on session 804edfa87ed6d32589d8284bc465247c to remote] DEBUG org.asynchttpclient.netty.request.NettyRequestSender - Using open Channel [id: 0xe5aea797, L:/127.0.0.1:57780 - R:localhost/127.0.0.1:59594] for POST '/session/804edfa87ed6d32589d8284bc465247c/element/d8246803-addf-44cf-812c-9a7077970044/value'
17:48:00.576 [AsyncHttpClient-1-14] DEBUG org.asynchttpclient.netty.handler.HttpHandler - 

Request DefaultHttpRequest(decodeResult: success, version: HTTP/1.1)
POST /session/804edfa87ed6d32589d8284bc465247c/element/d8246803-addf-44cf-812c-9a7077970044/value HTTP/1.1
User-Agent: selenium/4.1.2 (java windows)
Content-Length: 241
Content-Type: application/json; charset=utf-8
host: localhost:59594
accept: */*

Response DefaultHttpResponse(decodeResult: success, version: HTTP/1.1)
HTTP/1.1 200 OK
Content-Type: application/json; charset=utf-8
cache-control: no-cache
content-length: 14

17:48:00.576 [AsyncHttpClient-1-14] DEBUG org.asynchttpclient.netty.channel.ChannelManager - Adding key: http://localhost:59594 for channel [id: 0xe5aea797, L:/127.0.0.1:57780 - R:localhost/127.0.0.1:59594]
17:48:00.583 [Forwarding findElement on session 804edfa87ed6d32589d8284bc465247c to remote] DEBUG org.asynchttpclient.netty.request.NettyRequestSender - Using pooled Channel '[id: 0xe5aea797, L:/127.0.0.1:57780 - R:localhost/127.0.0.1:59594]' for 'POST' to 'http://localhost:59594/session/804edfa87ed6d32589d8284bc465247c/element'
17:48:00.583 [Forwarding findElement on session 804edfa87ed6d32589d8284bc465247c to remote] DEBUG org.asynchttpclient.netty.request.NettyRequestSender - Using open Channel [id: 0xe5aea797, L:/127.0.0.1:57780 - R:localhost/127.0.0.1:59594] for POST '/session/804edfa87ed6d32589d8284bc465247c/element'
17:48:00.600 [AsyncHttpClient-1-14] DEBUG org.asynchttpclient.netty.handler.HttpHandler - 

Request DefaultHttpRequest(decodeResult: success, version: HTTP/1.1)
POST /session/804edfa87ed6d32589d8284bc465247c/element HTTP/1.1
User-Agent: selenium/4.1.2 (java windows)
Content-Length: 321
Content-Type: application/json; charset=utf-8
host: localhost:59594
accept: */*

Response DefaultHttpResponse(decodeResult: success, version: HTTP/1.1)
HTTP/1.1 200 OK
Content-Type: application/json; charset=utf-8
cache-control: no-cache
content-length: 88

17:48:00.600 [AsyncHttpClient-1-14] DEBUG org.asynchttpclient.netty.channel.ChannelManager - Adding key: http://localhost:59594 for channel [id: 0xe5aea797, L:/127.0.0.1:57780 - R:localhost/127.0.0.1:59594]
17:48:00.603 [Forwarding getElementTagName on session 804edfa87ed6d32589d8284bc465247c to remote] DEBUG org.asynchttpclient.netty.request.NettyRequestSender - Using pooled Channel '[id: 0xe5aea797, L:/127.0.0.1:57780 - R:localhost/127.0.0.1:59594]' for 'GET' to 'http://localhost:59594/session/804edfa87ed6d32589d8284bc465247c/element/09cf9f59-2b70-4b6f-9817-14df34cbff33/name'
17:48:00.603 [Forwarding getElementTagName on session 804edfa87ed6d32589d8284bc465247c to remote] DEBUG org.asynchttpclient.netty.request.NettyRequestSender - Using open Channel [id: 0xe5aea797, L:/127.0.0.1:57780 - R:localhost/127.0.0.1:59594] for GET '/session/804edfa87ed6d32589d8284bc465247c/element/09cf9f59-2b70-4b6f-9817-14df34cbff33/name'
17:48:00.613 [AsyncHttpClient-1-14] DEBUG org.asynchttpclient.netty.handler.HttpHandler - 

Request DefaultFullHttpRequest(decodeResult: success, version: HTTP/1.1, content: EmptyByteBufBE)
GET /session/804edfa87ed6d32589d8284bc465247c/element/09cf9f59-2b70-4b6f-9817-14df34cbff33/name HTTP/1.1
User-Agent: selenium/4.1.2 (java windows)
Cache-Control: no-cache
Content-Type: application/json; charset=utf-8
host: localhost:59594
accept: */*

Response DefaultHttpResponse(decodeResult: success, version: HTTP/1.1)
HTTP/1.1 200 OK
Content-Type: application/json; charset=utf-8
cache-control: no-cache
content-length: 18

17:48:00.614 [AsyncHttpClient-1-14] DEBUG org.asynchttpclient.netty.channel.ChannelManager - Adding key: http://localhost:59594 for channel [id: 0xe5aea797, L:/127.0.0.1:57780 - R:localhost/127.0.0.1:59594]
17:48:00.615 [Forwarding getElementTagName on session 804edfa87ed6d32589d8284bc465247c to remote] DEBUG org.asynchttpclient.netty.request.NettyRequestSender - Using pooled Channel '[id: 0xe5aea797, L:/127.0.0.1:57780 - R:localhost/127.0.0.1:59594]' for 'GET' to 'http://localhost:59594/session/804edfa87ed6d32589d8284bc465247c/element/09cf9f59-2b70-4b6f-9817-14df34cbff33/name'
17:48:00.615 [Forwarding getElementTagName on session 804edfa87ed6d32589d8284bc465247c to remote] DEBUG org.asynchttpclient.netty.request.NettyRequestSender - Using open Channel [id: 0xe5aea797, L:/127.0.0.1:57780 - R:localhost/127.0.0.1:59594] for GET '/session/804edfa87ed6d32589d8284bc465247c/element/09cf9f59-2b70-4b6f-9817-14df34cbff33/name'
17:48:00.625 [AsyncHttpClient-1-14] DEBUG org.asynchttpclient.netty.handler.HttpHandler - 

Request DefaultFullHttpRequest(decodeResult: success, version: HTTP/1.1, content: EmptyByteBufBE)
GET /session/804edfa87ed6d32589d8284bc465247c/element/09cf9f59-2b70-4b6f-9817-14df34cbff33/name HTTP/1.1
User-Agent: selenium/4.1.2 (java windows)
Cache-Control: no-cache
Content-Type: application/json; charset=utf-8
host: localhost:59594
accept: */*

Response DefaultHttpResponse(decodeResult: success, version: HTTP/1.1)
HTTP/1.1 200 OK
Content-Type: application/json; charset=utf-8
cache-control: no-cache
content-length: 18

17:48:00.625 [AsyncHttpClient-1-14] DEBUG org.asynchttpclient.netty.channel.ChannelManager - Adding key: http://localhost:59594 for channel [id: 0xe5aea797, L:/127.0.0.1:57780 - R:localhost/127.0.0.1:59594]
17:48:00.627 [Forwarding isElementEnabled on session 804edfa87ed6d32589d8284bc465247c to remote] DEBUG org.asynchttpclient.netty.request.NettyRequestSender - Using pooled Channel '[id: 0xe5aea797, L:/127.0.0.1:57780 - R:localhost/127.0.0.1:59594]' for 'GET' to 'http://localhost:59594/session/804edfa87ed6d32589d8284bc465247c/element/09cf9f59-2b70-4b6f-9817-14df34cbff33/enabled'
17:48:00.627 [Forwarding isElementEnabled on session 804edfa87ed6d32589d8284bc465247c to remote] DEBUG org.asynchttpclient.netty.request.NettyRequestSender - Using open Channel [id: 0xe5aea797, L:/127.0.0.1:57780 - R:localhost/127.0.0.1:59594] for GET '/session/804edfa87ed6d32589d8284bc465247c/element/09cf9f59-2b70-4b6f-9817-14df34cbff33/enabled'
17:48:00.641 [AsyncHttpClient-1-14] DEBUG org.asynchttpclient.netty.handler.HttpHandler - 

Request DefaultFullHttpRequest(decodeResult: success, version: HTTP/1.1, content: EmptyByteBufBE)
GET /session/804edfa87ed6d32589d8284bc465247c/element/09cf9f59-2b70-4b6f-9817-14df34cbff33/enabled HTTP/1.1
User-Agent: selenium/4.1.2 (java windows)
Cache-Control: no-cache
Content-Type: application/json; charset=utf-8
host: localhost:59594
accept: */*

Response DefaultHttpResponse(decodeResult: success, version: HTTP/1.1)
HTTP/1.1 200 OK
Content-Type: application/json; charset=utf-8
cache-control: no-cache
content-length: 14

17:48:00.642 [AsyncHttpClient-1-14] DEBUG org.asynchttpclient.netty.channel.ChannelManager - Adding key: http://localhost:59594 for channel [id: 0xe5aea797, L:/127.0.0.1:57780 - R:localhost/127.0.0.1:59594]
17:48:00.643 [Forwarding isElementEnabled on session 804edfa87ed6d32589d8284bc465247c to remote] DEBUG org.asynchttpclient.netty.request.NettyRequestSender - Using pooled Channel '[id: 0xe5aea797, L:/127.0.0.1:57780 - R:localhost/127.0.0.1:59594]' for 'GET' to 'http://localhost:59594/session/804edfa87ed6d32589d8284bc465247c/element/09cf9f59-2b70-4b6f-9817-14df34cbff33/enabled'
17:48:00.643 [Forwarding isElementEnabled on session 804edfa87ed6d32589d8284bc465247c to remote] DEBUG org.asynchttpclient.netty.request.NettyRequestSender - Using open Channel [id: 0xe5aea797, L:/127.0.0.1:57780 - R:localhost/127.0.0.1:59594] for GET '/session/804edfa87ed6d32589d8284bc465247c/element/09cf9f59-2b70-4b6f-9817-14df34cbff33/enabled'
17:48:00.656 [AsyncHttpClient-1-14] DEBUG org.asynchttpclient.netty.handler.HttpHandler - 

Request DefaultFullHttpRequest(decodeResult: success, version: HTTP/1.1, content: EmptyByteBufBE)
GET /session/804edfa87ed6d32589d8284bc465247c/element/09cf9f59-2b70-4b6f-9817-14df34cbff33/enabled HTTP/1.1
User-Agent: selenium/4.1.2 (java windows)
Cache-Control: no-cache
Content-Type: application/json; charset=utf-8
host: localhost:59594
accept: */*

Response DefaultHttpResponse(decodeResult: success, version: HTTP/1.1)
HTTP/1.1 200 OK
Content-Type: application/json; charset=utf-8
cache-control: no-cache
content-length: 14

17:48:00.656 [AsyncHttpClient-1-14] DEBUG org.asynchttpclient.netty.channel.ChannelManager - Adding key: http://localhost:59594 for channel [id: 0xe5aea797, L:/127.0.0.1:57780 - R:localhost/127.0.0.1:59594]
17:48:00.660 [Forwarding findElement on session 804edfa87ed6d32589d8284bc465247c to remote] DEBUG org.asynchttpclient.netty.request.NettyRequestSender - Using pooled Channel '[id: 0xe5aea797, L:/127.0.0.1:57780 - R:localhost/127.0.0.1:59594]' for 'POST' to 'http://localhost:59594/session/804edfa87ed6d32589d8284bc465247c/element'
17:48:00.660 [Forwarding findElement on session 804edfa87ed6d32589d8284bc465247c to remote] DEBUG org.asynchttpclient.netty.request.NettyRequestSender - Using open Channel [id: 0xe5aea797, L:/127.0.0.1:57780 - R:localhost/127.0.0.1:59594] for POST '/session/804edfa87ed6d32589d8284bc465247c/element'
17:48:00.670 [AsyncHttpClient-1-14] DEBUG org.asynchttpclient.netty.handler.HttpHandler - 

Request DefaultHttpRequest(decodeResult: success, version: HTTP/1.1)
POST /session/804edfa87ed6d32589d8284bc465247c/element HTTP/1.1
User-Agent: selenium/4.1.2 (java windows)
Content-Length: 321
Content-Type: application/json; charset=utf-8
host: localhost:59594
accept: */*

Response DefaultHttpResponse(decodeResult: success, version: HTTP/1.1)
HTTP/1.1 200 OK
Content-Type: application/json; charset=utf-8
cache-control: no-cache
content-length: 88

17:48:00.670 [AsyncHttpClient-1-14] DEBUG org.asynchttpclient.netty.channel.ChannelManager - Adding key: http://localhost:59594 for channel [id: 0xe5aea797, L:/127.0.0.1:57780 - R:localhost/127.0.0.1:59594]
17:48:00.672 [Forwarding clickElement on session 804edfa87ed6d32589d8284bc465247c to remote] DEBUG org.asynchttpclient.netty.request.NettyRequestSender - Using pooled Channel '[id: 0xe5aea797, L:/127.0.0.1:57780 - R:localhost/127.0.0.1:59594]' for 'POST' to 'http://localhost:59594/session/804edfa87ed6d32589d8284bc465247c/element/09cf9f59-2b70-4b6f-9817-14df34cbff33/click'
17:48:00.672 [Forwarding clickElement on session 804edfa87ed6d32589d8284bc465247c to remote] DEBUG org.asynchttpclient.netty.request.NettyRequestSender - Using open Channel [id: 0xe5aea797, L:/127.0.0.1:57780 - R:localhost/127.0.0.1:59594] for POST '/session/804edfa87ed6d32589d8284bc465247c/element/09cf9f59-2b70-4b6f-9817-14df34cbff33/click'
17:48:00.737 [AsyncHttpClient-1-14] DEBUG org.asynchttpclient.netty.handler.HttpHandler - 

Request DefaultHttpRequest(decodeResult: success, version: HTTP/1.1)
POST /session/804edfa87ed6d32589d8284bc465247c/element/09cf9f59-2b70-4b6f-9817-14df34cbff33/click HTTP/1.1
User-Agent: selenium/4.1.2 (java windows)
Content-Length: 50
Content-Type: application/json; charset=utf-8
host: localhost:59594
accept: */*

Response DefaultHttpResponse(decodeResult: success, version: HTTP/1.1)
HTTP/1.1 200 OK
Content-Type: application/json; charset=utf-8
cache-control: no-cache
content-length: 14

17:48:00.738 [AsyncHttpClient-1-14] DEBUG org.asynchttpclient.netty.channel.ChannelManager - Adding key: http://localhost:59594 for channel [id: 0xe5aea797, L:/127.0.0.1:57780 - R:localhost/127.0.0.1:59594]
  &amp#27;[32mAnd &amp#27;[0m&amp#27;[32mI have logged in&amp#27;[0m                                &amp#27;[90m# starter.stepdefinitions.ManageVaccinationBookingsSteps.iHaveLoggedIn()&amp#27;[0m
17:48:00.749 [Forwarding screenshot on session 804edfa87ed6d32589d8284bc465247c to remote] DEBUG org.asynchttpclient.netty.request.NettyRequestSender - Using pooled Channel '[id: 0xe5aea797, L:/127.0.0.1:57780 - R:localhost/127.0.0.1:59594]' for 'GET' to 'http://localhost:59594/session/804edfa87ed6d32589d8284bc465247c/screenshot'
17:48:00.749 [Forwarding screenshot on session 804edfa87ed6d32589d8284bc465247c to remote] DEBUG org.asynchttpclient.netty.request.NettyRequestSender - Using open Channel [id: 0xe5aea797, L:/127.0.0.1:57780 - R:localhost/127.0.0.1:59594] for GET '/session/804edfa87ed6d32589d8284bc465247c/screenshot'
17:48:00.819 [AsyncHttpClient-1-1] DEBUG org.asynchttpclient.netty.channel.DefaultChannelPool - Entry count for : http://localhost:57782 : 1
17:48:01.013 [AsyncHttpClient-1-14] DEBUG org.asynchttpclient.netty.handler.HttpHandler - 

Request DefaultFullHttpRequest(decodeResult: success, version: HTTP/1.1, content: EmptyByteBufBE)
GET /session/804edfa87ed6d32589d8284bc465247c/screenshot HTTP/1.1
User-Agent: selenium/4.1.2 (java windows)
Cache-Control: no-cache
Content-Type: application/json; charset=utf-8
host: localhost:59594
accept: */*

Response DefaultHttpResponse(decodeResult: success, version: HTTP/1.1)
HTTP/1.1 200 OK
Content-Type: application/json; charset=utf-8
cache-control: no-cache
content-length: 116624

17:48:01.014 [AsyncHttpClient-1-14] DEBUG org.asynchttpclient.netty.channel.ChannelManager - Adding key: http://localhost:59594 for channel [id: 0xe5aea797, L:/127.0.0.1:57780 - R:localhost/127.0.0.1:59594]
17:48:01.017 [main] DEBUG net.serenitybdd.core.photography.Darkroom - Send negative for processing for target\site\serenity\084e039897f9e637a847f6fc6051805d98b98cb2dc77d16c9b235a08b1b63021.png
17:48:01.017 [Darkroom Processing Line] DEBUG net.serenitybdd.core.photography.DarkroomProcessingLine - Processing screenshot image in /var/screenshots/screenshot-14729473009134854430
17:48:01.017 [Darkroom Processing Line] DEBUG net.serenitybdd.core.photography.DarkroomProcessingLine - Saving screenshot to target\site\serenity\084e039897f9e637a847f6fc6051805d98b98cb2dc77d16c9b235a08b1b63021.png
17:48:01.028 [Forwarding findElement on session 804edfa87ed6d32589d8284bc465247c to remote] DEBUG org.asynchttpclient.netty.request.NettyRequestSender - Using pooled Channel '[id: 0xe5aea797, L:/127.0.0.1:57780 - R:localhost/127.0.0.1:59594]' for 'POST' to 'http://localhost:59594/session/804edfa87ed6d32589d8284bc465247c/element'
17:48:01.029 [Forwarding findElement on session 804edfa87ed6d32589d8284bc465247c to remote] DEBUG org.asynchttpclient.netty.request.NettyRequestSender - Using open Channel [id: 0xe5aea797, L:/127.0.0.1:57780 - R:localhost/127.0.0.1:59594] for POST '/session/804edfa87ed6d32589d8284bc465247c/element'
17:48:01.339 [AsyncHttpClient-1-14] DEBUG org.asynchttpclient.netty.handler.HttpHandler - 

Request DefaultHttpRequest(decodeResult: success, version: HTTP/1.1)
POST /session/804edfa87ed6d32589d8284bc465247c/element HTTP/1.1
User-Agent: selenium/4.1.2 (java windows)
Content-Length: 80
Content-Type: application/json; charset=utf-8
host: localhost:59594
accept: */*

Response DefaultHttpResponse(decodeResult: success, version: HTTP/1.1)
HTTP/1.1 200 OK
Content-Type: application/json; charset=utf-8
cache-control: no-cache
content-length: 88

17:48:01.340 [AsyncHttpClient-1-14] DEBUG org.asynchttpclient.netty.channel.ChannelManager - Adding key: http://localhost:59594 for channel [id: 0xe5aea797, L:/127.0.0.1:57780 - R:localhost/127.0.0.1:59594]
17:48:01.342 [Forwarding getElementTagName on session 804edfa87ed6d32589d8284bc465247c to remote] DEBUG org.asynchttpclient.netty.request.NettyRequestSender - Using pooled Channel '[id: 0xe5aea797, L:/127.0.0.1:57780 - R:localhost/127.0.0.1:59594]' for 'GET' to 'http://localhost:59594/session/804edfa87ed6d32589d8284bc465247c/element/a6a67326-d769-4b79-9e55-3bdd4e3316f4/name'
17:48:01.342 [Forwarding getElementTagName on session 804edfa87ed6d32589d8284bc465247c to remote] DEBUG org.asynchttpclient.netty.request.NettyRequestSender - Using open Channel [id: 0xe5aea797, L:/127.0.0.1:57780 - R:localhost/127.0.0.1:59594] for GET '/session/804edfa87ed6d32589d8284bc465247c/element/a6a67326-d769-4b79-9e55-3bdd4e3316f4/name'
17:48:01.348 [AsyncHttpClient-1-14] DEBUG org.asynchttpclient.netty.handler.HttpHandler - 

Request DefaultFullHttpRequest(decodeResult: success, version: HTTP/1.1, content: EmptyByteBufBE)
GET /session/804edfa87ed6d32589d8284bc465247c/element/a6a67326-d769-4b79-9e55-3bdd4e3316f4/name HTTP/1.1
User-Agent: selenium/4.1.2 (java windows)
Cache-Control: no-cache
Content-Type: application/json; charset=utf-8
host: localhost:59594
accept: */*

Response DefaultHttpResponse(decodeResult: success, version: HTTP/1.1)
HTTP/1.1 200 OK
Content-Type: application/json; charset=utf-8
cache-control: no-cache
content-length: 13

17:48:01.348 [AsyncHttpClient-1-14] DEBUG org.asynchttpclient.netty.channel.ChannelManager - Adding key: http://localhost:59594 for channel [id: 0xe5aea797, L:/127.0.0.1:57780 - R:localhost/127.0.0.1:59594]
17:48:01.350 [Forwarding getElementTagName on session 804edfa87ed6d32589d8284bc465247c to remote] DEBUG org.asynchttpclient.netty.request.NettyRequestSender - Using pooled Channel '[id: 0xe5aea797, L:/127.0.0.1:57780 - R:localhost/127.0.0.1:59594]' for 'GET' to 'http://localhost:59594/session/804edfa87ed6d32589d8284bc465247c/element/a6a67326-d769-4b79-9e55-3bdd4e3316f4/name'
17:48:01.350 [Forwarding getElementTagName on session 804edfa87ed6d32589d8284bc465247c to remote] DEBUG org.asynchttpclient.netty.request.NettyRequestSender - Using open Channel [id: 0xe5aea797, L:/127.0.0.1:57780 - R:localhost/127.0.0.1:59594] for GET '/session/804edfa87ed6d32589d8284bc465247c/element/a6a67326-d769-4b79-9e55-3bdd4e3316f4/name'
17:48:01.358 [AsyncHttpClient-1-14] DEBUG org.asynchttpclient.netty.handler.HttpHandler - 

Request DefaultFullHttpRequest(decodeResult: success, version: HTTP/1.1, content: EmptyByteBufBE)
GET /session/804edfa87ed6d32589d8284bc465247c/element/a6a67326-d769-4b79-9e55-3bdd4e3316f4/name HTTP/1.1
User-Agent: selenium/4.1.2 (java windows)
Cache-Control: no-cache
Content-Type: application/json; charset=utf-8
host: localhost:59594
accept: */*

Response DefaultHttpResponse(decodeResult: success, version: HTTP/1.1)
HTTP/1.1 200 OK
Content-Type: application/json; charset=utf-8
cache-control: no-cache
content-length: 13

17:48:01.359 [AsyncHttpClient-1-14] DEBUG org.asynchttpclient.netty.channel.ChannelManager - Adding key: http://localhost:59594 for channel [id: 0xe5aea797, L:/127.0.0.1:57780 - R:localhost/127.0.0.1:59594]
17:48:01.361 [Forwarding findElement on session 804edfa87ed6d32589d8284bc465247c to remote] DEBUG org.asynchttpclient.netty.request.NettyRequestSender - Using pooled Channel '[id: 0xe5aea797, L:/127.0.0.1:57780 - R:localhost/127.0.0.1:59594]' for 'POST' to 'http://localhost:59594/session/804edfa87ed6d32589d8284bc465247c/element'
17:48:01.361 [Forwarding findElement on session 804edfa87ed6d32589d8284bc465247c to remote] DEBUG org.asynchttpclient.netty.request.NettyRequestSender - Using open Channel [id: 0xe5aea797, L:/127.0.0.1:57780 - R:localhost/127.0.0.1:59594] for POST '/session/804edfa87ed6d32589d8284bc465247c/element'
17:48:01.369 [AsyncHttpClient-1-14] DEBUG org.asynchttpclient.netty.handler.HttpHandler - 

Request DefaultHttpRequest(decodeResult: success, version: HTTP/1.1)
POST /session/804edfa87ed6d32589d8284bc465247c/element HTTP/1.1
User-Agent: selenium/4.1.2 (java windows)
Content-Length: 80
Content-Type: application/json; charset=utf-8
host: localhost:59594
accept: */*

Response DefaultHttpResponse(decodeResult: success, version: HTTP/1.1)
HTTP/1.1 200 OK
Content-Type: application/json; charset=utf-8
cache-control: no-cache
content-length: 88

17:48:01.370 [AsyncHttpClient-1-14] DEBUG org.asynchttpclient.netty.channel.ChannelManager - Adding key: http://localhost:59594 for channel [id: 0xe5aea797, L:/127.0.0.1:57780 - R:localhost/127.0.0.1:59594]
17:48:01.371 [Forwarding clickElement on session 804edfa87ed6d32589d8284bc465247c to remote] DEBUG org.asynchttpclient.netty.request.NettyRequestSender - Using pooled Channel '[id: 0xe5aea797, L:/127.0.0.1:57780 - R:localhost/127.0.0.1:59594]' for 'POST' to 'http://localhost:59594/session/804edfa87ed6d32589d8284bc465247c/element/a6a67326-d769-4b79-9e55-3bdd4e3316f4/click'
17:48:01.371 [Forwarding clickElement on session 804edfa87ed6d32589d8284bc465247c to remote] DEBUG org.asynchttpclient.netty.request.NettyRequestSender - Using open Channel [id: 0xe5aea797, L:/127.0.0.1:57780 - R:localhost/127.0.0.1:59594] for POST '/session/804edfa87ed6d32589d8284bc465247c/element/a6a67326-d769-4b79-9e55-3bdd4e3316f4/click'
17:48:01.531 [AsyncHttpClient-1-14] DEBUG org.asynchttpclient.netty.handler.HttpHandler - 

Request DefaultHttpRequest(decodeResult: success, version: HTTP/1.1)
POST /session/804edfa87ed6d32589d8284bc465247c/element/a6a67326-d769-4b79-9e55-3bdd4e3316f4/click HTTP/1.1
User-Agent: selenium/4.1.2 (java windows)
Content-Length: 50
Content-Type: application/json; charset=utf-8
host: localhost:59594
accept: */*

Response DefaultHttpResponse(decodeResult: success, version: HTTP/1.1)
HTTP/1.1 200 OK
Content-Type: application/json; charset=utf-8
cache-control: no-cache
content-length: 14

17:48:01.532 [AsyncHttpClient-1-14] DEBUG org.asynchttpclient.netty.channel.ChannelManager - Adding key: http://localhost:59594 for channel [id: 0xe5aea797, L:/127.0.0.1:57780 - R:localhost/127.0.0.1:59594]
  &amp#27;[32mWhen &amp#27;[0m&amp#27;[32mI go to Book Vaksinasi page&amp#27;[0m                    &amp#27;[90m# starter.stepdefinitions.ManageVaccinationBookingsSteps.iGoToBookVaksinasiPage()&amp#27;[0m
17:48:01.544 [Forwarding screenshot on session 804edfa87ed6d32589d8284bc465247c to remote] DEBUG org.asynchttpclient.netty.request.NettyRequestSender - Using pooled Channel '[id: 0xe5aea797, L:/127.0.0.1:57780 - R:localhost/127.0.0.1:59594]' for 'GET' to 'http://localhost:59594/session/804edfa87ed6d32589d8284bc465247c/screenshot'
17:48:01.544 [Forwarding screenshot on session 804edfa87ed6d32589d8284bc465247c to remote] DEBUG org.asynchttpclient.netty.request.NettyRequestSender - Using open Channel [id: 0xe5aea797, L:/127.0.0.1:57780 - R:localhost/127.0.0.1:59594] for GET '/session/804edfa87ed6d32589d8284bc465247c/screenshot'
17:48:01.892 [AsyncHttpClient-1-14] DEBUG org.asynchttpclient.netty.handler.HttpHandler - 

Request DefaultFullHttpRequest(decodeResult: success, version: HTTP/1.1, content: EmptyByteBufBE)
GET /session/804edfa87ed6d32589d8284bc465247c/screenshot HTTP/1.1
User-Agent: selenium/4.1.2 (java windows)
Cache-Control: no-cache
Content-Type: application/json; charset=utf-8
host: localhost:59594
accept: */*

Response DefaultHttpResponse(decodeResult: success, version: HTTP/1.1)
HTTP/1.1 200 OK
Content-Type: application/json; charset=utf-8
cache-control: no-cache
content-length: 100604

17:48:01.892 [AsyncHttpClient-1-14] DEBUG org.asynchttpclient.netty.channel.ChannelManager - Adding key: http://localhost:59594 for channel [id: 0xe5aea797, L:/127.0.0.1:57780 - R:localhost/127.0.0.1:59594]
17:48:01.895 [main] DEBUG net.serenitybdd.core.photography.Darkroom - Send negative for processing for target\site\serenity\3126b53e5735ddf070c407f18d31a5af15ec82699da6a22ed67ddfa1f31d794d.png
17:48:01.896 [Darkroom Processing Line] DEBUG net.serenitybdd.core.photography.DarkroomProcessingLine - Processing screenshot image in /var/screenshots/screenshot-12160578748633280099
17:48:01.896 [Darkroom Processing Line] DEBUG net.serenitybdd.core.photography.DarkroomProcessingLine - Saving screenshot to target\site\serenity\3126b53e5735ddf070c407f18d31a5af15ec82699da6a22ed67ddfa1f31d794d.png
17:48:01.910 [Forwarding findElement on session 804edfa87ed6d32589d8284bc465247c to remote] DEBUG org.asynchttpclient.netty.request.NettyRequestSender - Using pooled Channel '[id: 0xe5aea797, L:/127.0.0.1:57780 - R:localhost/127.0.0.1:59594]' for 'POST' to 'http://localhost:59594/session/804edfa87ed6d32589d8284bc465247c/element'
17:48:01.910 [Forwarding findElement on session 804edfa87ed6d32589d8284bc465247c to remote] DEBUG org.asynchttpclient.netty.request.NettyRequestSender - Using open Channel [id: 0xe5aea797, L:/127.0.0.1:57780 - R:localhost/127.0.0.1:59594] for POST '/session/804edfa87ed6d32589d8284bc465247c/element'
17:48:01.914 [AsyncHttpClient-1-1] DEBUG org.asynchttpclient.netty.channel.DefaultChannelPool - Entry count for : http://localhost:57782 : 1
17:48:03.015 [AsyncHttpClient-1-1] DEBUG org.asynchttpclient.netty.channel.DefaultChannelPool - Entry count for : http://localhost:57782 : 1
17:48:03.969 [AsyncHttpClient-1-14] DEBUG org.asynchttpclient.netty.handler.HttpHandler - 

Request DefaultHttpRequest(decodeResult: success, version: HTTP/1.1)
POST /session/804edfa87ed6d32589d8284bc465247c/element HTTP/1.1
User-Agent: selenium/4.1.2 (java windows)
Content-Length: 161
Content-Type: application/json; charset=utf-8
host: localhost:59594
accept: */*

Response DefaultHttpResponse(decodeResult: success, version: HTTP/1.1)
HTTP/1.1 404 Not Found
Content-Type: application/json; charset=utf-8
cache-control: no-cache
content-length: 1029

17:48:03.969 [AsyncHttpClient-1-14] DEBUG org.asynchttpclient.netty.channel.ChannelManager - Adding key: http://localhost:59594 for channel [id: 0xe5aea797, L:/127.0.0.1:57780 - R:localhost/127.0.0.1:59594]
17:48:04.084 [Forwarding findElement on session 804edfa87ed6d32589d8284bc465247c to remote] DEBUG org.asynchttpclient.netty.request.NettyRequestSender - Using pooled Channel '[id: 0xe5aea797, L:/127.0.0.1:57780 - R:localhost/127.0.0.1:59594]' for 'POST' to 'http://localhost:59594/session/804edfa87ed6d32589d8284bc465247c/element'
17:48:04.084 [Forwarding findElement on session 804edfa87ed6d32589d8284bc465247c to remote] DEBUG org.asynchttpclient.netty.request.NettyRequestSender - Using open Channel [id: 0xe5aea797, L:/127.0.0.1:57780 - R:localhost/127.0.0.1:59594] for POST '/session/804edfa87ed6d32589d8284bc465247c/element'
17:48:04.114 [AsyncHttpClient-1-1] DEBUG org.asynchttpclient.netty.channel.DefaultChannelPool - Entry count for : http://localhost:57782 : 1
17:48:05.217 [AsyncHttpClient-1-1] DEBUG org.asynchttpclient.netty.channel.DefaultChannelPool - Entry count for : http://localhost:57782 : 1
17:48:06.092 [AsyncHttpClient-1-14] DEBUG org.asynchttpclient.netty.handler.HttpHandler - 

Request DefaultHttpRequest(decodeResult: success, version: HTTP/1.1)
POST /session/804edfa87ed6d32589d8284bc465247c/element HTTP/1.1
User-Agent: selenium/4.1.2 (java windows)
Content-Length: 161
Content-Type: application/json; charset=utf-8
host: localhost:59594
accept: */*

Response DefaultHttpResponse(decodeResult: success, version: HTTP/1.1)
HTTP/1.1 404 Not Found
Content-Type: application/json; charset=utf-8
cache-control: no-cache
content-length: 1029

17:48:06.092 [AsyncHttpClient-1-14] DEBUG org.asynchttpclient.netty.channel.ChannelManager - Adding key: http://localhost:59594 for channel [id: 0xe5aea797, L:/127.0.0.1:57780 - R:localhost/127.0.0.1:59594]
17:48:06.208 [Forwarding findElement on session 804edfa87ed6d32589d8284bc465247c to remote] DEBUG org.asynchttpclient.netty.request.NettyRequestSender - Using pooled Channel '[id: 0xe5aea797, L:/127.0.0.1:57780 - R:localhost/127.0.0.1:59594]' for 'POST' to 'http://localhost:59594/session/804edfa87ed6d32589d8284bc465247c/element'
17:48:06.208 [Forwarding findElement on session 804edfa87ed6d32589d8284bc465247c to remote] DEBUG org.asynchttpclient.netty.request.NettyRequestSender - Using open Channel [id: 0xe5aea797, L:/127.0.0.1:57780 - R:localhost/127.0.0.1:59594] for POST '/session/804edfa87ed6d32589d8284bc465247c/element'
17:48:06.317 [AsyncHttpClient-1-1] DEBUG org.asynchttpclient.netty.channel.DefaultChannelPool - Entry count for : http://localhost:57782 : 1
17:48:07.414 [AsyncHttpClient-1-1] DEBUG org.asynchttpclient.netty.channel.DefaultChannelPool - Entry count for : http://localhost:57782 : 1
17:48:08.246 [AsyncHttpClient-1-14] DEBUG org.asynchttpclient.netty.handler.HttpHandler - 

Request DefaultHttpRequest(decodeResult: success, version: HTTP/1.1)
POST /session/804edfa87ed6d32589d8284bc465247c/element HTTP/1.1
User-Agent: selenium/4.1.2 (java windows)
Content-Length: 161
Content-Type: application/json; charset=utf-8
host: localhost:59594
accept: */*

Response DefaultHttpResponse(decodeResult: success, version: HTTP/1.1)
HTTP/1.1 404 Not Found
Content-Type: application/json; charset=utf-8
cache-control: no-cache
content-length: 1029

17:48:08.246 [AsyncHttpClient-1-14] DEBUG org.asynchttpclient.netty.channel.ChannelManager - Adding key: http://localhost:59594 for channel [id: 0xe5aea797, L:/127.0.0.1:57780 - R:localhost/127.0.0.1:59594]
17:48:08.254 [Forwarding screenshot on session 804edfa87ed6d32589d8284bc465247c to remote] DEBUG org.asynchttpclient.netty.request.NettyRequestSender - Using pooled Channel '[id: 0xe5aea797, L:/127.0.0.1:57780 - R:localhost/127.0.0.1:59594]' for 'GET' to 'http://localhost:59594/session/804edfa87ed6d32589d8284bc465247c/screenshot'
17:48:08.254 [Forwarding screenshot on session 804edfa87ed6d32589d8284bc465247c to remote] DEBUG org.asynchttpclient.netty.request.NettyRequestSender - Using open Channel [id: 0xe5aea797, L:/127.0.0.1:57780 - R:localhost/127.0.0.1:59594] for GET '/session/804edfa87ed6d32589d8284bc465247c/screenshot'
17:48:08.375 [AsyncHttpClient-1-14] DEBUG org.asynchttpclient.netty.handler.HttpHandler - 

Request DefaultFullHttpRequest(decodeResult: success, version: HTTP/1.1, content: EmptyByteBufBE)
GET /session/804edfa87ed6d32589d8284bc465247c/screenshot HTTP/1.1
User-Agent: selenium/4.1.2 (java windows)
Cache-Control: no-cache
Content-Type: application/json; charset=utf-8
host: localhost:59594
accept: */*

Response DefaultHttpResponse(decodeResult: success, version: HTTP/1.1)
HTTP/1.1 200 OK
Content-Type: application/json; charset=utf-8
cache-control: no-cache
content-length: 8064

17:48:08.375 [AsyncHttpClient-1-14] DEBUG org.asynchttpclient.netty.channel.ChannelManager - Adding key: http://localhost:59594 for channel [id: 0xe5aea797, L:/127.0.0.1:57780 - R:localhost/127.0.0.1:59594]
17:48:08.376 [main] DEBUG net.serenitybdd.core.photography.Darkroom - Send negative for processing for target\site\serenity\3c90801a70fb2c2bfe5fc60b174aa3986624ea5eb79294b52a5a7ca3339080db.png
17:48:08.382 [Forwarding getPageSource on session 804edfa87ed6d32589d8284bc465247c to remote] DEBUG org.asynchttpclient.netty.request.NettyRequestSender - Using pooled Channel '[id: 0xe5aea797, L:/127.0.0.1:57780 - R:localhost/127.0.0.1:59594]' for 'POST' to 'http://localhost:59594/session/804edfa87ed6d32589d8284bc465247c/execute/sync'
17:48:08.382 [Forwarding getPageSource on session 804edfa87ed6d32589d8284bc465247c to remote] DEBUG org.asynchttpclient.netty.request.NettyRequestSender - Using open Channel [id: 0xe5aea797, L:/127.0.0.1:57780 - R:localhost/127.0.0.1:59594] for POST '/session/804edfa87ed6d32589d8284bc465247c/execute/sync'
17:48:08.391 [AsyncHttpClient-1-14] DEBUG org.asynchttpclient.netty.handler.HttpHandler - 

Request DefaultHttpRequest(decodeResult: success, version: HTTP/1.1)
POST /session/804edfa87ed6d32589d8284bc465247c/execute/sync HTTP/1.1
User-Agent: selenium/4.1.2 (java windows)
Content-Length: 176
Content-Type: application/json; charset=utf-8
host: localhost:59594
accept: */*

Response DefaultHttpResponse(decodeResult: success, version: HTTP/1.1)
HTTP/1.1 200 OK
Content-Type: application/json; charset=utf-8
cache-control: no-cache
content-length: 852

17:48:08.391 [AsyncHttpClient-1-14] DEBUG org.asynchttpclient.netty.channel.ChannelManager - Adding key: http://localhost:59594 for channel [id: 0xe5aea797, L:/127.0.0.1:57780 - R:localhost/127.0.0.1:59594]
17:48:08.393 [Forwarding getCurrentUrl on session 804edfa87ed6d32589d8284bc465247c to remote] DEBUG org.asynchttpclient.netty.request.NettyRequestSender - Using pooled Channel '[id: 0xe5aea797, L:/127.0.0.1:57780 - R:localhost/127.0.0.1:59594]' for 'GET' to 'http://localhost:59594/session/804edfa87ed6d32589d8284bc465247c/url'
17:48:08.393 [Forwarding getCurrentUrl on session 804edfa87ed6d32589d8284bc465247c to remote] DEBUG org.asynchttpclient.netty.request.NettyRequestSender - Using open Channel [id: 0xe5aea797, L:/127.0.0.1:57780 - R:localhost/127.0.0.1:59594] for GET '/session/804edfa87ed6d32589d8284bc465247c/url'
17:48:08.397 [AsyncHttpClient-1-14] DEBUG org.asynchttpclient.netty.handler.HttpHandler - 

Request DefaultFullHttpRequest(decodeResult: success, version: HTTP/1.1, content: EmptyByteBufBE)
GET /session/804edfa87ed6d32589d8284bc465247c/url HTTP/1.1
User-Agent: selenium/4.1.2 (java windows)
Cache-Control: no-cache
Content-Type: application/json; charset=utf-8
host: localhost:59594
accept: */*

Response DefaultHttpResponse(decodeResult: success, version: HTTP/1.1)
HTTP/1.1 200 OK
Content-Type: application/json; charset=utf-8
cache-control: no-cache
content-length: 56

17:48:08.397 [AsyncHttpClient-1-14] DEBUG org.asynchttpclient.netty.channel.ChannelManager - Adding key: http://localhost:59594 for channel [id: 0xe5aea797, L:/127.0.0.1:57780 - R:localhost/127.0.0.1:59594]
  &amp#27;[31mAnd &amp#27;[0m&amp#27;[31mI click calendar button&amp#27;[0m                         &amp#27;[90m# starter.stepdefinitions.ManageVaccinationBookingsSteps.iClickCalendarButton()&amp#27;[0m
      &amp#27;[31mnet.thucydides.core.webdriver.exceptions.ElementShouldBeEnabledException: Expected enabled element was not enabled
	at net.serenitybdd.core.pages.WebElementFacadeImpl.waitUntilEnabled(WebElementFacadeImpl.java:1100)
	at net.serenitybdd.core.pages.WebElementFacadeImpl.waitUntilElementAvailable(WebElementFacadeImpl.java:888)
	at net.serenitybdd.core.pages.WebElementFacadeImpl.click(WebElementFacadeImpl.java:1182)
	at net.serenitybdd.core.pages.WebElementFacadeImpl.click(WebElementFacadeImpl.java:1201)
	at Automation@1.0-SNAPSHOT/starter.pages.ManageVaccinationBookingsPage.sortByDate(ManageVaccinationBookingsPage.java:145)
	at Automation@1.0-SNAPSHOT/starter.pages.ManageVaccinationBookingsPage$ByteBuddy$8UxQrdCL.sortByDate$accessor$DBxTDoTq(Unknown Source)
	at java.base/jdk.internal.reflect.NativeMethodAccessorImpl.invoke0(Native Method)
	at java.base/jdk.internal.reflect.NativeMethodAccessorImpl.invoke(NativeMethodAccessorImpl.java:62)
	at java.base/jdk.internal.reflect.DelegatingMethodAccessorImpl.invoke(DelegatingMethodAccessorImpl.java:43)
	at java.base/java.lang.reflect.Method.invoke(Method.java:566)
	at net.thucydides.core.steps.BaseMethodRunner.invokeMethod(BaseMethodRunner.java:18)
	at net.thucydides.core.steps.NormalMethodRunner.invokeMethodAndNotifyFailures(NormalMethodRunner.java:18)
	at net.thucydides.core.steps.StepInterceptor.runNormalMethod(StepInterceptor.java:406)
	at net.thucydides.core.steps.StepInterceptor.testStepResult(StepInterceptor.java:191)
	at net.thucydides.core.steps.StepInterceptor.intercept(StepInterceptor.java:84)
	at net.thucydides.core.steps.ProxyConfiguration$InterceptorDispatcher.intercept(ProxyConfiguration.java:51)
	at Automation@1.0-SNAPSHOT/starter.pages.ManageVaccinationBookingsPage$ByteBuddy$8UxQrdCL.sortByDate(Unknown Source)
	at Automation@1.0-SNAPSHOT/starter.stepdefinitions.ManageVaccinationBookingsSteps.iClickCalendarButton(ManageVaccinationBookingsSteps.java:74)
	at âœ½.I click calendar button(file:///C:/Users/ASUSTUF/OneDrive/Documents/Capstone%20Project/Web%20Automation/src/test/resources/features/ManageVaccinationBookings.feature:44)
Caused by: org.openqa.selenium.TimeoutException: Expected condition failed: waiting for By.xpath: //button[@class='MuiButtonBase-root MuiIconButton-root MuiIconButton-edgeEnd MuiIconButton-sizeMedium css-slyssw'] to be enabled (tried for 5 second(s) with 100 milliseconds interval)
	at org.openqa.selenium.support.ui.FluentWait.timeoutException(FluentWait.java:263)
	at org.openqa.selenium.support.ui.FluentWait.until(FluentWait.java:231)
	at net.serenitybdd.core.pages.WebElementFacadeImpl.waitUntilEnabled(WebElementFacadeImpl.java:1097)
	at net.serenitybdd.core.pages.WebElementFacadeImpl.waitUntilElementAvailable(WebElementFacadeImpl.java:888)
	at net.serenitybdd.core.pages.WebElementFacadeImpl.click(WebElementFacadeImpl.java:1182)
	at net.serenitybdd.core.pages.WebElementFacadeImpl.click(WebElementFacadeImpl.java:1201)
	at Automation@1.0-SNAPSHOT/starter.pages.ManageVaccinationBookingsPage.sortByDate(ManageVaccinationBookingsPage.java:145)
	at Automation@1.0-SNAPSHOT/starter.pages.ManageVaccinationBookingsPage$ByteBuddy$8UxQrdCL.sortByDate$accessor$DBxTDoTq(Unknown Source)
	at java.base/jdk.internal.reflect.NativeMethodAccessorImpl.invoke0(Native Method)
	at java.base/jdk.internal.reflect.NativeMethodAccessorImpl.invoke(NativeMethodAccessorImpl.java:62)
	at java.base/jdk.internal.reflect.DelegatingMethodAccessorImpl.invoke(DelegatingMethodAccessorImpl.java:43)
	at java.base/java.lang.reflect.Method.invoke(Method.java:566)
	at net.thucydides.core.steps.BaseMethodRunner.invokeMethod(BaseMethodRunner.java:18)
	at net.thucydides.core.steps.NormalMethodRunner.invokeMethodAndNotifyFailures(NormalMethodRunner.java:18)
	at net.thucydides.core.steps.StepInterceptor.runNormalMethod(StepInterceptor.java:406)
	at net.thucydides.core.steps.StepInterceptor.testStepResult(StepInterceptor.java:191)
	at net.thucydides.core.steps.StepInterceptor.intercept(StepInterceptor.java:84)
	at net.thucydides.core.steps.ProxyConfiguration$InterceptorDispatcher.intercept(ProxyConfiguration.java:51)
	at Automation@1.0-SNAPSHOT/starter.pages.ManageVaccinationBookingsPage$ByteBuddy$8UxQrdCL.sortByDate(Unknown Source)
	at Automation@1.0-SNAPSHOT/starter.stepdefinitions.ManageVaccinationBookingsSteps.iClickCalendarButton(ManageVaccinationBookingsSteps.java:74)
	at java.base/jdk.internal.reflect.NativeMethodAccessorImpl.invoke0(Native Method)
	at java.base/jdk.internal.reflect.NativeMethodAccessorImpl.invoke(NativeMethodAccessorImpl.java:62)
	at java.base/jdk.internal.reflect.DelegatingMethodAccessorImpl.invoke(DelegatingMethodAccessorImpl.java:43)
	at java.base/java.lang.reflect.Method.invoke(Method.java:566)
	at io.cucumber.java.Invoker.doInvoke(Invoker.java:66)
	at io.cucumber.java.Invoker.invoke(Invoker.java:24)
	at io.cucumber.java.AbstractGlueDefinition.invokeMethod(AbstractGlueDefinition.java:47)
	at io.cucumber.java.JavaStepDefinition.execute(JavaStepDefinition.java:29)
	at io.cucumber.core.runner.CoreStepDefinition.execute(CoreStepDefinition.java:66)
	at io.cucumber.core.runner.PickleStepDefinitionMatch.runStep(PickleStepDefinitionMatch.java:63)
	at io.cucumber.core.runner.ExecutionMode$1.execute(ExecutionMode.java:10)
	at io.cucumber.core.runner.TestStep.executeStep(TestStep.java:86)
	at io.cucumber.core.runner.TestStep.run(TestStep.java:57)
	at io.cucumber.core.runner.PickleStepTestStep.run(PickleStepTestStep.java:51)
	at io.cucumber.core.runner.TestCase.run(TestCase.java:95)
	at io.cucumber.core.runner.Runner.runPickle(Runner.java:75)
	at io.cucumber.junit.PickleRunners$NoStepDescriptions.lambda$run$0(PickleRunners.java:151)
	at io.cucumber.core.runtime.CucumberExecutionContext.lambda$runTestCase$3(CucumberExecutionContext.java:151)
	at io.cucumber.core.runtime.RethrowingThrowableCollector.executeAndThrow(RethrowingThrowableCollector.java:23)
	at io.cucumber.core.runtime.CucumberExecutionContext.runTestCase(CucumberExecutionContext.java:151)
	at io.cucumber.junit.PickleRunners$NoStepDescriptions.run(PickleRunners.java:148)
	at io.cucumber.junit.FeatureRunner.runChild(FeatureRunner.java:144)
	at io.cucumber.junit.FeatureRunner.runChild(FeatureRunner.java:28)
	at org.junit.runners.ParentRunner$4.run(ParentRunner.java:331)
	at org.junit.runners.ParentRunner$1.schedule(ParentRunner.java:79)
	at org.junit.runners.ParentRunner.runChildren(ParentRunner.java:329)
	at org.junit.runners.ParentRunner.access$100(ParentRunner.java:66)
	at org.junit.runners.ParentRunner$2.evaluate(ParentRunner.java:293)
	at org.junit.runners.ParentRunner$3.evaluate(ParentRunner.java:306)
	at org.junit.runners.ParentRunner.run(ParentRunner.java:413)
	at io.cucumber.junit.FeatureRunner.run(FeatureRunner.java:137)
	at io.cucumber.junit.CucumberSerenityRunner.runChild(CucumberSerenityRunner.java:258)
	at io.cucumber.junit.CucumberSerenityRunner.runChild(CucumberSerenityRunner.java:58)
	at org.junit.runners.ParentRunner$4.run(ParentRunner.java:331)
	at org.junit.runners.ParentRunner$1.schedule(ParentRunner.java:79)
	at org.junit.runners.ParentRunner.runChildren(ParentRunner.java:329)
	at org.junit.runners.ParentRunner.access$100(ParentRunner.java:66)
	at org.junit.runners.ParentRunner$2.evaluate(ParentRunner.java:293)
	at io.cucumber.junit.CucumberSerenityRunner$RunCucumber.evaluate(CucumberSerenityRunner.java:287)
	at org.junit.runners.ParentRunner$3.evaluate(ParentRunner.java:306)
	at org.junit.runners.ParentRunner.run(ParentRunner.java:413)
	at org.junit.runner.JUnitCore.run(JUnitCore.java:137)
	at org.junit.runner.JUnitCore.run(JUnitCore.java:115)
	at org.junit.vintage.engine.execution.RunnerExecutor.execute(RunnerExecutor.java:42)
	at org.junit.vintage.engine.VintageTestEngine.executeAllChildren(VintageTestEngine.java:80)
	at org.junit.vintage.engine.VintageTestEngine.execute(VintageTestEngine.java:72)
	at org.junit.platform.launcher.core.EngineExecutionOrchestrator.execute(EngineExecutionOrchestrator.java:107)
	at org.junit.platform.launcher.core.EngineExecutionOrchestrator.execute(EngineExecutionOrchestrator.java:88)
	at org.junit.platform.launcher.core.EngineExecutionOrchestrator.lambda$execute$0(EngineExecutionOrchestrator.java:54)
	at org.junit.platform.launcher.core.EngineExecutionOrchestrator.withInterceptedStreams(EngineExecutionOrchestrator.java:67)
	at org.junit.platform.launcher.core.EngineExecutionOrchestrator.execute(EngineExecutionOrchestrator.java:52)
	at org.junit.platform.launcher.core.DefaultLauncher.execute(DefaultLauncher.java:114)
	at org.junit.platform.launcher.core.DefaultLauncher.execute(DefaultLauncher.java:86)
	at org.junit.platform.launcher.core.DefaultLauncherSession$DelegatingLauncher.execute(DefaultLauncherSession.java:86)
	at org.junit.platform.launcher.core.SessionPerRequestLauncher.execute(SessionPerRequestLauncher.java:53)
	at org.apache.maven.surefire.junitplatform.JUnitPlatformProvider.execute(JUnitPlatformProvider.java:188)
	at org.apache.maven.surefire.junitplatform.JUnitPlatformProvider.invokeAllTests(JUnitPlatformProvider.java:154)
	at org.apache.maven.surefire.junitplatform.JUnitPlatformProvider.invoke(JUnitPlatformProvider.java:128)
	at org.apache.maven.surefire.booter.ForkedBooter.runSuitesInProcess(ForkedBooter.java:428)
	at org.apache.maven.surefire.booter.ForkedBooter.execute(ForkedBooter.java:162)
	at org.apache.maven.surefire.booter.ForkedBooter.run(ForkedBooter.java:562)
	at org.apache.maven.surefire.booter.ForkedBooter.main(ForkedBooter.java:548)
Caused by: org.openqa.selenium.NoSuchElementException: no such element: Unable to locate element: {"method":"xpath","selector":"//button[@class='MuiButtonBase-root MuiIconButton-root MuiIconButton-edgeEnd MuiIconButton-sizeMedium css-slyssw']"}
  (Session info: chrome=108.0.5359.125)
For documentation on this error, please visit: https://selenium.dev/exceptions/#no_such_element
Build info: version: '4.1.2', revision: '9a5a329c5a'
System info: host: 'LAPTOP-CFD9EV6G', ip: '192.168.100.7', os.name: 'Windows 11', os.arch: 'amd64', os.version: '10.0', java.version: '11.0.16'
Driver info: org.openqa.selenium.chrome.ChromeDriver
Command: [804edfa87ed6d32589d8284bc465247c, findElement {using=xpath, value=//button[@class='MuiButtonBase-root MuiIconButton-root MuiIconButton-edgeEnd MuiIconButton-sizeMedium css-slyssw']}]
Capabilities {acceptInsecureCerts: false, browserName: chrome, browserVersion: 108.0.5359.125, chrome: {chromedriverVersion: 108.0.5359.71 (1e0e3868ee06..., userDataDir: C:\Users\ASUSTUF\AppData\Lo...}, goog:chromeOptions: {debuggerAddress: localhost:57782}, javascriptEnabled: true, networkConnectionEnabled: false, pageLoadStrategy: normal, platform: WINDOWS, platformName: WINDOWS, proxy: Proxy(), se:cdp: ws://localhost:57782/devtoo..., se:cdpVersion: 108.0.5359.125, setWindowRect: true, strictFileInteractability: false, timeouts: {implicit: 0, pageLoad: 300000, script: 30000}, unhandledPromptBehavior: dismiss and notify, webauthn:extension:credBlob: true, webauthn:extension:largeBlob: true, webauthn:virtualAuthenticators: true}
Session ID: 804edfa87ed6d32589d8284bc465247c
	at java.base/jdk.internal.reflect.NativeConstructorAccessorImpl.newInstance0(Native Method)
	at java.base/jdk.internal.reflect.NativeConstructorAccessorImpl.newInstance(NativeConstructorAccessorImpl.java:62)
	at java.base/jdk.internal.reflect.DelegatingConstructorAccessorImpl.newInstance(DelegatingConstructorAccessorImpl.java:45)
	at java.base/java.lang.reflect.Constructor.newInstance(Constructor.java:490)
	at org.openqa.selenium.remote.codec.w3c.W3CHttpResponseCodec.createException(W3CHttpResponseCodec.java:200)
	at org.openqa.selenium.remote.codec.w3c.W3CHttpResponseCodec.decode(W3CHttpResponseCodec.java:133)
	at org.openqa.selenium.remote.codec.w3c.W3CHttpResponseCodec.decode(W3CHttpResponseCodec.java:53)
	at org.openqa.selenium.remote.HttpCommandExecutor.execute(HttpCommandExecutor.java:184)
	at org.openqa.selenium.remote.service.DriverCommandExecutor.invokeExecute(DriverCommandExecutor.java:167)
	at org.openqa.selenium.remote.service.DriverCommandExecutor.execute(DriverCommandExecutor.java:142)
	at org.openqa.selenium.remote.RemoteWebDriver.execute(RemoteWebDriver.java:558)
	at org.openqa.selenium.remote.ElementLocation$ElementFinder$2.findElement(ElementLocation.java:162)
	at org.openqa.selenium.remote.ElementLocation.findElement(ElementLocation.java:60)
	at org.openqa.selenium.remote.RemoteWebDriver.findElement(RemoteWebDriver.java:382)
	at org.openqa.selenium.remote.RemoteWebDriver.findElement(RemoteWebDriver.java:374)
	at net.thucydides.core.webdriver.WebDriverFacade.findElement(WebDriverFacade.java:224)
	at net.serenitybdd.core.pages.WebElementResolverByLocator.resolveForDriver(WebElementResolverByLocator.java:25)
	at net.serenitybdd.core.pages.WebElementFacadeImpl.getResolvedElement(WebElementFacadeImpl.java:191)
	at net.serenitybdd.core.pages.WebElementFacadeImpl.getElement(WebElementFacadeImpl.java:186)
	at net.serenitybdd.core.pages.WebElementExpectations$3.apply(WebElementExpectations.java:63)
	at net.serenitybdd.core.pages.WebElementExpectations$3.apply(WebElementExpectations.java:55)
	at org.openqa.selenium.support.ui.FluentWait.until(FluentWait.java:208)
	... 80 more
&amp#27;[0m
  &amp#27;[36mAnd &amp#27;[0m&amp#27;[36mI select available date&amp#27;[0m                         &amp#27;[90m# starter.stepdefinitions.ManageVaccinationBookingsSteps.iSelectAvailableDate()&amp#27;[0m
  &amp#27;[36mThen &amp#27;[0m&amp#27;[36mbookings will be sorted by selected date&amp#27;[0m       &amp#27;[90m# starter.stepdefinitions.ManageVaccinationBookingsSteps.bookingsWillBeSortedBySelectedDate()&amp#27;[0m
17:48:08.433 [main] ERROR  - 
  _____   ___   ___   _____     ___     _     ___   _      ___   ___  
 |_   _| | __| / __| |_   _|   | __|   /_\   |_ _| | |    | __| |   \ 
   | |   | _|  \__ \   | |     | _|   / _ \   | |  | |__  | _|  | |) |
   |_|   |___| |___/   |_|     |_|   /_/ \_\ |___| |____| |___| |___/ 

Sort vaccination bookings by available date
-----------------------------------------------------------------------
17:48:08.433 [main] DEBUG  - RELATED ISSUES: 
17:48:08.434 [main] ERROR  -     Test failed at step: Sort by date
17:48:08.434 [main] ERROR  -     Expected enabled element was not enabled
17:48:08.437 [AsyncHttpClient-1-16] DEBUG org.asynchttpclient.netty.handler.WebSocketHandler - Channel Closed: [id: 0x29a44070, L:/127.0.0.1:57792 ! R:localhost/127.0.0.1:57782] with attribute NettyResponseFuture{currentRetry=5,
	isDone=1,
	isCancelled=0,
	asyncHandler=org.asynchttpclient.ws.WebSocketUpgradeHandler@18822e93,
	nettyRequest=org.asynchttpclient.netty.request.NettyRequest@5d80a3e7,
	future=java.util.concurrent.CompletableFuture@1d95a0e9[Completed normally],
	uri=ws://localhost:57782/devtools/browser/56558305-723b-400e-8c66-3c447c5c82b0,
	keepAlive=true,
	redirectCount=0,
	timeoutsHolder=null,
	inAuth=0,
	touch=1671446877062}
17:48:08.437 [AsyncHttpClient-1-16] DEBUG org.asynchttpclient.netty.channel.ChannelManager - Closing Channel [id: 0x29a44070, L:/127.0.0.1:57792 ! R:localhost/127.0.0.1:57782] 
17:48:08.437 [Driver Command Executor] DEBUG org.asynchttpclient.netty.request.NettyRequestSender - Using pooled Channel '[id: 0xe5aea797, L:/127.0.0.1:57780 - R:localhost/127.0.0.1:59594]' for 'DELETE' to 'http://localhost:59594/session/804edfa87ed6d32589d8284bc465247c'
17:48:08.437 [Driver Command Executor] DEBUG org.asynchttpclient.netty.request.NettyRequestSender - Using open Channel [id: 0xe5aea797, L:/127.0.0.1:57780 - R:localhost/127.0.0.1:59594] for DELETE '/session/804edfa87ed6d32589d8284bc465247c'
17:48:08.468 [AsyncHttpClient-1-15] DEBUG org.asynchttpclient.netty.handler.HttpHandler - Unexpected I/O exception on channel [id: 0xdba5b170, L:/127.0.0.1:57791 - R:localhost/127.0.0.1:57782]
java.io.IOException: An existing connection was forcibly closed by the remote host
	at java.base/sun.nio.ch.SocketDispatcher.read0(Native Method)
	at java.base/sun.nio.ch.SocketDispatcher.read(SocketDispatcher.java:43)
	at java.base/sun.nio.ch.IOUtil.readIntoNativeBuffer(IOUtil.java:276)
	at java.base/sun.nio.ch.IOUtil.read(IOUtil.java:233)
	at java.base/sun.nio.ch.IOUtil.read(IOUtil.java:223)
	at java.base/sun.nio.ch.SocketChannelImpl.read(SocketChannelImpl.java:358)
	at io.netty.buffer.PooledByteBuf.setBytes(PooledByteBuf.java:258)
	at io.netty.buffer.AbstractByteBuf.writeBytes(AbstractByteBuf.java:1132)
	at io.netty.channel.socket.nio.NioSocketChannel.doReadBytes(NioSocketChannel.java:350)
	at io.netty.channel.nio.AbstractNioByteChannel$NioByteUnsafe.read(AbstractNioByteChannel.java:151)
	at io.netty.channel.nio.NioEventLoop.processSelectedKey(NioEventLoop.java:722)
	at io.netty.channel.nio.NioEventLoop.processSelectedKeysOptimized(NioEventLoop.java:658)
	at io.netty.channel.nio.NioEventLoop.processSelectedKeys(NioEventLoop.java:584)
	at io.netty.channel.nio.NioEventLoop.run(NioEventLoop.java:496)
	at io.netty.util.concurrent.SingleThreadEventExecutor$4.run(SingleThreadEventExecutor.java:986)
	at io.netty.util.internal.ThreadExecutorMap$2.run(ThreadExecutorMap.java:74)
	at io.netty.util.concurrent.FastThreadLocalRunnable.run(FastThreadLocalRunnable.java:30)
	at java.base/java.lang.Thread.run(Thread.java:834)
17:48:08.468 [AsyncHttpClient-1-15] DEBUG org.asynchttpclient.netty.channel.ChannelManager - Closing Channel [id: 0xdba5b170, L:/127.0.0.1:57791 - R:localhost/127.0.0.1:57782] 
17:48:08.469 [AsyncHttpClient-1-15] DEBUG org.asynchttpclient.netty.handler.HttpHandler - Channel Closed: [id: 0xdba5b170, L:/127.0.0.1:57791 ! R:localhost/127.0.0.1:57782] with attribute DISCARD
17:48:08.514 [AsyncHttpClient-1-1] DEBUG org.asynchttpclient.netty.channel.DefaultChannelPool - Entry count for : http://localhost:57782 : 1
17:48:08.514 [AsyncHttpClient-1-1] DEBUG org.asynchttpclient.netty.channel.DefaultChannelPool - Adding Candidate expired Channel [id: 0xdba5b170, L:/127.0.0.1:57791 ! R:localhost/127.0.0.1:57782] isIdleTimeoutExpired=false isRemotelyClosed=true isTtlExpired=false
17:48:08.514 [AsyncHttpClient-1-1] DEBUG org.asynchttpclient.netty.channel.DefaultChannelPool - Closing Idle Channel [id: 0xdba5b170, L:/127.0.0.1:57791 ! R:localhost/127.0.0.1:57782]
17:48:08.514 [AsyncHttpClient-1-1] DEBUG org.asynchttpclient.netty.channel.DefaultChannelPool - Closed 1 connections out of 1 in 0 ms
17:48:08.606 [AsyncHttpClient-1-14] DEBUG org.asynchttpclient.netty.handler.HttpHandler - 

Request DefaultFullHttpRequest(decodeResult: success, version: HTTP/1.1, content: EmptyByteBufBE)
DELETE /session/804edfa87ed6d32589d8284bc465247c HTTP/1.1
User-Agent: selenium/4.1.2 (java windows)
Content-Type: application/json; charset=utf-8
host: localhost:59594
accept: */*

Response DefaultHttpResponse(decodeResult: success, version: HTTP/1.1)
HTTP/1.1 200 OK
Content-Type: application/json; charset=utf-8
cache-control: no-cache
content-length: 14

17:48:08.607 [AsyncHttpClient-1-14] DEBUG org.asynchttpclient.netty.channel.ChannelManager - Adding key: http://localhost:59594 for channel [id: 0xe5aea797, L:/127.0.0.1:57780 - R:localhost/127.0.0.1:59594]
17:48:08.699 [AsyncHttpClient-1-14] DEBUG org.asynchttpclient.netty.handler.HttpHandler - Channel Closed: [id: 0xe5aea797, L:/127.0.0.1:57780 ! R:localhost/127.0.0.1:59594] with attribute DISCARD
]]></system-out>
    <system-err><![CDATA[Starting ChromeDriver 108.0.5359.71 (1e0e3868ee06e91ad636a874420e3ca3ae3756ac-refs/branch-heads/5359@{#1016}) on port 59594
Only local connections are allowed.
Please see https://chromedriver.chromium.org/security-considerations for suggestions on keeping ChromeDriver safe.
ChromeDriver was started successfully.
Dec 19, 2022 5:47:56 PM org.openqa.selenium.remote.ProtocolHandshake createSession
INFO: Detected dialect: W3C
Dec 19, 2022 5:47:57 PM org.openqa.selenium.devtools.CdpVersionFinder findNearestMatch
WARNING: Unable to find an exact match for CDP version 108, so returning the closest version found: a no-op implementation
Dec 19, 2022 5:47:57 PM org.openqa.selenium.devtools.CdpVersionFinder findNearestMatch
INFO: Unable to find CDP implementation matching 108.
Dec 19, 2022 5:47:57 PM org.openqa.selenium.chromium.ChromiumDriver lambda$new$3
WARNING: Unable to find version of CDP to use for . You may need to include a dependency on a specific version of the CDP using something similar to `org.seleniumhq.selenium:selenium-devtools-v86:4.1.2` where the version ("v86") matches the version of the chromium-based browser you're using and the version number of the artifact is the same as Selenium's.
]]></system-err>
  </testcase>
  <testcase name="Sort vaccination bookings by unavailable date" classname="Manage vaccination bookings" time="13.931">
    <error type="net.thucydides.core.webdriver.exceptions.ElementShouldBeEnabledException"><![CDATA[net.thucydides.core.webdriver.exceptions.ElementShouldBeEnabledException: Expected enabled element was not enabled
Caused by: org.openqa.selenium.TimeoutException: Expected condition failed: waiting for By.xpath: //button[@class='MuiButtonBase-root MuiIconButton-root MuiIconButton-edgeEnd MuiIconButton-sizeMedium css-slyssw'] to be enabled (tried for 5 second(s) with 100 milliseconds interval)
Caused by: org.openqa.selenium.NoSuchElementException: 
no such element: Unable to locate element: {"method":"xpath","selector":"//button[@class='MuiButtonBase-root MuiIconButton-root MuiIconButton-edgeEnd MuiIconButton-sizeMedium css-slyssw']"}
  (Session info: chrome=108.0.5359.125)
For documentation on this error, please visit: https://selenium.dev/exceptions/#no_such_element
Build info: version: '4.1.2', revision: '9a5a329c5a'
System info: host: 'LAPTOP-CFD9EV6G', ip: '192.168.100.7', os.name: 'Windows 11', os.arch: 'amd64', os.version: '10.0', java.version: '11.0.16'
Driver info: org.openqa.selenium.chrome.ChromeDriver
Command: [9982a612580eef99d20711feeae447b6, findElement {using=xpath, value=//button[@class='MuiButtonBase-root MuiIconButton-root MuiIconButton-edgeEnd MuiIconButton-sizeMedium css-slyssw']}]
Capabilities {acceptInsecureCerts: false, browserName: chrome, browserVersion: 108.0.5359.125, chrome: {chromedriverVersion: 108.0.5359.71 (1e0e3868ee06..., userDataDir: C:\Users\ASUSTUF\AppData\Lo...}, goog:chromeOptions: {debuggerAddress: localhost:56554}, javascriptEnabled: true, networkConnectionEnabled: false, pageLoadStrategy: normal, platform: WINDOWS, platformName: WINDOWS, proxy: Proxy(), se:cdp: ws://localhost:56554/devtoo..., se:cdpVersion: 108.0.5359.125, setWindowRect: true, strictFileInteractability: false, timeouts: {implicit: 0, pageLoad: 300000, script: 30000}, unhandledPromptBehavior: dismiss and notify, webauthn:extension:credBlob: true, webauthn:extension:largeBlob: true, webauthn:virtualAuthenticators: true}
Session ID: 9982a612580eef99d20711feeae447b6
]]></error>
    <system-out><![CDATA[
Scenario: Sort vaccination bookings by unavailable date &amp#27;[90m# src/test/resources/features/ManageVaccinationBookings.feature:48&amp#27;[0m
17:48:08.789 [main] INFO io.cucumber.core.plugin.SerenityReporter - Running feature from file:///C:/Users/ASUSTUF/OneDrive/Documents/Capstone%20Project/Web%20Automation/src/test/resources/features/ManageVaccinationBookings.feature
17:48:08.792 [main] INFO  - 
  _____   ___   ___   _____     ___   _____     _     ___   _____   ___   ___  
 |_   _| | __| / __| |_   _|   / __| |_   _|   /_\   | _ \ |_   _| | __| |   \ 
   | |   | _|  \__ \   | |     \__ \   | |    / _ \  |   /   | |   | _|  | |) |
   |_|   |___| |___/   |_|     |___/   |_|   /_/ \_\ |_|_\   |_|   |___| |___/ 

Sort vaccination bookings by unavailable date(manage-vaccination-bookings;sort-vaccination-bookings-by-unavailable-date)
--------------------------------------------------------------------------------
17:48:08.810 [main] INFO net.serenitybdd.core.webdriver.driverproviders.ChromeDriverProvider - Using automatically driver download
17:48:08.999 [main] DEBUG io.github.bonigarcia.wdm.cache.ResolutionCache - Resolution chrome=108 in cache (valid until 18:33:56 19/12/2022 ICT)
17:48:09.004 [main] DEBUG io.github.bonigarcia.wdm.cache.ResolutionCache - Resolution chrome108=108.0.5359.71 in cache (valid until 12:44:30 20/12/2022 ICT)
17:48:09.007 [main] INFO io.github.bonigarcia.wdm.WebDriverManager - Using chromedriver 108.0.5359.71 (resolved driver for Chrome 108)
17:48:09.026 [main] DEBUG io.github.bonigarcia.wdm.WebDriverManager - Driver chromedriver 108.0.5359.71 found in cache
17:48:09.027 [main] INFO io.github.bonigarcia.wdm.WebDriverManager - Exporting webdriver.chrome.driver as C:\Users\ASUSTUF\.cache\selenium\chromedriver\win32\108.0.5359.71\chromedriver.exe
17:48:09.229 [main] DEBUG net.serenitybdd.core.webdriver.driverproviders.ProvideNewDriver - Instantiating driver
17:48:09.229 [main] DEBUG net.serenitybdd.core.webdriver.driverproviders.ProvideNewDriver - Driver capabilities: Capabilities {acceptInsecureCerts: false, base.url: https://vaksin-id.netlify.app/, browserName: chrome, chrome.driver: src/test/resources/webdrive..., driver: chrome, goog:chromeOptions: {args: [], extensions: []}}
17:48:09.617 [AsyncHttpClient-1-1] DEBUG org.asynchttpclient.netty.channel.DefaultChannelPool - Entry count for : http://localhost:59594 : 1
17:48:09.617 [AsyncHttpClient-1-1] DEBUG org.asynchttpclient.netty.channel.DefaultChannelPool - Adding Candidate expired Channel [id: 0xe5aea797, L:/127.0.0.1:57780 ! R:localhost/127.0.0.1:59594] isIdleTimeoutExpired=false isRemotelyClosed=true isTtlExpired=false
17:48:09.617 [AsyncHttpClient-1-1] DEBUG org.asynchttpclient.netty.channel.DefaultChannelPool - Closing Idle Channel [id: 0xe5aea797, L:/127.0.0.1:57780 ! R:localhost/127.0.0.1:59594]
17:48:09.617 [AsyncHttpClient-1-1] DEBUG org.asynchttpclient.netty.channel.DefaultChannelPool - Closed 1 connections out of 1 in 0 ms
17:48:09.991 [AsyncHttpClient-1-17] DEBUG org.asynchttpclient.netty.channel.NettyConnectListener - Using new Channel '[id: 0xb2b4dcff, L:/127.0.0.1:56553 - R:localhost/127.0.0.1:56546]' for 'POST' to '/session'
17:48:11.371 [AsyncHttpClient-1-17] DEBUG org.asynchttpclient.netty.handler.HttpHandler - 

Request DefaultHttpRequest(decodeResult: success, version: HTTP/1.1)
POST /session HTTP/1.1
User-Agent: selenium/4.1.2 (java windows)
Content-Length: 616
Content-Type: application/json; charset=utf-8
host: localhost:56546
accept: */*

Response DefaultHttpResponse(decodeResult: success, version: HTTP/1.1)
HTTP/1.1 200 OK
Content-Type: application/json; charset=utf-8
cache-control: no-cache
content-length: 794

17:48:11.372 [AsyncHttpClient-1-17] DEBUG org.asynchttpclient.netty.channel.ChannelManager - Adding key: http://localhost:56546 for channel [id: 0xb2b4dcff, L:/127.0.0.1:56553 - R:localhost/127.0.0.1:56546]
17:48:11.400 [AsyncHttpClient-1-18] DEBUG org.asynchttpclient.netty.channel.NettyConnectListener - Using new Channel '[id: 0x5ebd24b4, L:/127.0.0.1:56560 - R:localhost/127.0.0.1:56554]' for 'GET' to '/json/version'
17:48:11.420 [AsyncHttpClient-1-18] DEBUG org.asynchttpclient.netty.handler.HttpHandler - 

Request DefaultFullHttpRequest(decodeResult: success, version: HTTP/1.1, content: EmptyByteBufBE)
GET /json/version HTTP/1.1
User-Agent: selenium/4.1.2 (java windows)
host: localhost:56554
accept: */*

Response DefaultHttpResponse(decodeResult: success, version: HTTP/1.1)
HTTP/1.1 200 OK
Content-Type: application/json; charset=UTF-8
content-length: 424

17:48:11.421 [AsyncHttpClient-1-18] DEBUG org.asynchttpclient.netty.channel.ChannelManager - Adding key: http://localhost:56554 for channel [id: 0x5ebd24b4, L:/127.0.0.1:56560 - R:localhost/127.0.0.1:56554]
17:48:11.431 [AsyncHttpClient-1-19] DEBUG org.asynchttpclient.netty.channel.NettyConnectListener - Using new Channel '[id: 0x903b4e34, L:/127.0.0.1:56561 - R:localhost/127.0.0.1:56554]' for 'GET' to '/devtools/browser/97f5d596-3867-4977-8628-9e953326ace0'
17:48:11.453 [AsyncHttpClient-1-19] DEBUG org.asynchttpclient.netty.handler.WebSocketHandler - 

Request DefaultFullHttpRequest(decodeResult: success, version: HTTP/1.1, content: EmptyByteBufBE)
GET /devtools/browser/97f5d596-3867-4977-8628-9e953326ace0 HTTP/1.1
upgrade: websocket
connection: upgrade
sec-websocket-key: e9gSrYnub4Hyk4rkGE9FqA==
sec-websocket-version: 13
origin: http://localhost:56554
host: localhost:56554
accept: */*
user-agent: AHC/2.1

Response DefaultHttpResponse(decodeResult: success, version: HTTP/1.1)
HTTP/1.1 101 WebSocket Protocol Handshake
Upgrade: WebSocket
Connection: Upgrade
Sec-WebSocket-Accept: 9Wxl5gl/S8V+g94nAmjzUYDZGVo=

17:48:11.460 [Forwarding get on session 9982a612580eef99d20711feeae447b6 to remote] DEBUG org.asynchttpclient.netty.request.NettyRequestSender - Using pooled Channel '[id: 0xb2b4dcff, L:/127.0.0.1:56553 - R:localhost/127.0.0.1:56546]' for 'POST' to 'http://localhost:56546/session/9982a612580eef99d20711feeae447b6/url'
17:48:11.461 [Forwarding get on session 9982a612580eef99d20711feeae447b6 to remote] DEBUG org.asynchttpclient.netty.request.NettyRequestSender - Using open Channel [id: 0xb2b4dcff, L:/127.0.0.1:56553 - R:localhost/127.0.0.1:56546] for POST '/session/9982a612580eef99d20711feeae447b6/url'
17:48:11.830 [AsyncHttpClient-1-1] DEBUG org.asynchttpclient.netty.channel.DefaultChannelPool - Entry count for : http://localhost:56554 : 1
17:48:12.439 [AsyncHttpClient-1-17] DEBUG org.asynchttpclient.netty.handler.HttpHandler - 

Request DefaultHttpRequest(decodeResult: success, version: HTTP/1.1)
POST /session/9982a612580eef99d20711feeae447b6/url HTTP/1.1
User-Agent: selenium/4.1.2 (java windows)
Content-Length: 60
Content-Type: application/json; charset=utf-8
host: localhost:56546
accept: */*

Response DefaultHttpResponse(decodeResult: success, version: HTTP/1.1)
HTTP/1.1 200 OK
Content-Type: application/json; charset=utf-8
cache-control: no-cache
content-length: 14

17:48:12.440 [AsyncHttpClient-1-17] DEBUG org.asynchttpclient.netty.channel.ChannelManager - Adding key: http://localhost:56546 for channel [id: 0xb2b4dcff, L:/127.0.0.1:56553 - R:localhost/127.0.0.1:56546]
17:48:12.444 [Forwarding setTimeout on session 9982a612580eef99d20711feeae447b6 to remote] DEBUG org.asynchttpclient.netty.request.NettyRequestSender - Using pooled Channel '[id: 0xb2b4dcff, L:/127.0.0.1:56553 - R:localhost/127.0.0.1:56546]' for 'POST' to 'http://localhost:56546/session/9982a612580eef99d20711feeae447b6/timeouts'
17:48:12.444 [Forwarding setTimeout on session 9982a612580eef99d20711feeae447b6 to remote] DEBUG org.asynchttpclient.netty.request.NettyRequestSender - Using open Channel [id: 0xb2b4dcff, L:/127.0.0.1:56553 - R:localhost/127.0.0.1:56546] for POST '/session/9982a612580eef99d20711feeae447b6/timeouts'
17:48:12.446 [AsyncHttpClient-1-17] DEBUG org.asynchttpclient.netty.handler.HttpHandler - 

Request DefaultHttpRequest(decodeResult: success, version: HTTP/1.1)
POST /session/9982a612580eef99d20711feeae447b6/timeouts HTTP/1.1
User-Agent: selenium/4.1.2 (java windows)
Content-Length: 22
Content-Type: application/json; charset=utf-8
host: localhost:56546
accept: */*

Response DefaultHttpResponse(decodeResult: success, version: HTTP/1.1)
HTTP/1.1 200 OK
Content-Type: application/json; charset=utf-8
cache-control: no-cache
content-length: 14

17:48:12.446 [AsyncHttpClient-1-17] DEBUG org.asynchttpclient.netty.channel.ChannelManager - Adding key: http://localhost:56546 for channel [id: 0xb2b4dcff, L:/127.0.0.1:56553 - R:localhost/127.0.0.1:56546]
17:48:12.452 [Forwarding getCurrentUrl on session 9982a612580eef99d20711feeae447b6 to remote] DEBUG org.asynchttpclient.netty.request.NettyRequestSender - Using pooled Channel '[id: 0xb2b4dcff, L:/127.0.0.1:56553 - R:localhost/127.0.0.1:56546]' for 'GET' to 'http://localhost:56546/session/9982a612580eef99d20711feeae447b6/url'
17:48:12.452 [Forwarding getCurrentUrl on session 9982a612580eef99d20711feeae447b6 to remote] DEBUG org.asynchttpclient.netty.request.NettyRequestSender - Using open Channel [id: 0xb2b4dcff, L:/127.0.0.1:56553 - R:localhost/127.0.0.1:56546] for GET '/session/9982a612580eef99d20711feeae447b6/url'
17:48:12.492 [AsyncHttpClient-1-17] DEBUG org.asynchttpclient.netty.handler.HttpHandler - 

Request DefaultFullHttpRequest(decodeResult: success, version: HTTP/1.1, content: EmptyByteBufBE)
GET /session/9982a612580eef99d20711feeae447b6/url HTTP/1.1
User-Agent: selenium/4.1.2 (java windows)
Cache-Control: no-cache
Content-Type: application/json; charset=utf-8
host: localhost:56546
accept: */*

Response DefaultHttpResponse(decodeResult: success, version: HTTP/1.1)
HTTP/1.1 200 OK
Content-Type: application/json; charset=utf-8
cache-control: no-cache
content-length: 42

17:48:12.493 [AsyncHttpClient-1-17] DEBUG org.asynchttpclient.netty.channel.ChannelManager - Adding key: http://localhost:56546 for channel [id: 0xb2b4dcff, L:/127.0.0.1:56553 - R:localhost/127.0.0.1:56546]
  &amp#27;[32mGiven &amp#27;[0m&amp#27;[32mI am on landing page&amp#27;[0m                            &amp#27;[90m# starter.stepdefinitions.ManageVaccinationBookingsSteps.iAmOnLandingPage()&amp#27;[0m
17:48:12.513 [Forwarding screenshot on session 9982a612580eef99d20711feeae447b6 to remote] DEBUG org.asynchttpclient.netty.request.NettyRequestSender - Using pooled Channel '[id: 0xb2b4dcff, L:/127.0.0.1:56553 - R:localhost/127.0.0.1:56546]' for 'GET' to 'http://localhost:56546/session/9982a612580eef99d20711feeae447b6/screenshot'
17:48:12.513 [Forwarding screenshot on session 9982a612580eef99d20711feeae447b6 to remote] DEBUG org.asynchttpclient.netty.request.NettyRequestSender - Using open Channel [id: 0xb2b4dcff, L:/127.0.0.1:56553 - R:localhost/127.0.0.1:56546] for GET '/session/9982a612580eef99d20711feeae447b6/screenshot'
17:48:12.914 [AsyncHttpClient-1-1] DEBUG org.asynchttpclient.netty.channel.DefaultChannelPool - Entry count for : http://localhost:56554 : 1
17:48:13.681 [AsyncHttpClient-1-17] DEBUG org.asynchttpclient.netty.handler.HttpHandler - 

Request DefaultFullHttpRequest(decodeResult: success, version: HTTP/1.1, content: EmptyByteBufBE)
GET /session/9982a612580eef99d20711feeae447b6/screenshot HTTP/1.1
User-Agent: selenium/4.1.2 (java windows)
Cache-Control: no-cache
Content-Type: application/json; charset=utf-8
host: localhost:56546
accept: */*

Response DefaultHttpResponse(decodeResult: success, version: HTTP/1.1)
HTTP/1.1 200 OK
Content-Type: application/json; charset=utf-8
cache-control: no-cache
content-length: 847132

17:48:13.684 [AsyncHttpClient-1-17] DEBUG org.asynchttpclient.netty.channel.ChannelManager - Adding key: http://localhost:56546 for channel [id: 0xb2b4dcff, L:/127.0.0.1:56553 - R:localhost/127.0.0.1:56546]
17:48:13.713 [main] DEBUG net.serenitybdd.core.photography.Darkroom - Send negative for processing for target\site\serenity\ff3b83dd42f508d91c0c8488aed412149de34b436c7528a8caa8428592644731.png
17:48:13.738 [Forwarding findElement on session 9982a612580eef99d20711feeae447b6 to remote] DEBUG org.asynchttpclient.netty.request.NettyRequestSender - Using pooled Channel '[id: 0xb2b4dcff, L:/127.0.0.1:56553 - R:localhost/127.0.0.1:56546]' for 'POST' to 'http://localhost:56546/session/9982a612580eef99d20711feeae447b6/element'
17:48:13.738 [Forwarding findElement on session 9982a612580eef99d20711feeae447b6 to remote] DEBUG org.asynchttpclient.netty.request.NettyRequestSender - Using open Channel [id: 0xb2b4dcff, L:/127.0.0.1:56553 - R:localhost/127.0.0.1:56546] for POST '/session/9982a612580eef99d20711feeae447b6/element'
17:48:13.762 [AsyncHttpClient-1-17] DEBUG org.asynchttpclient.netty.handler.HttpHandler - 

Request DefaultHttpRequest(decodeResult: success, version: HTTP/1.1)
POST /session/9982a612580eef99d20711feeae447b6/element HTTP/1.1
User-Agent: selenium/4.1.2 (java windows)
Content-Length: 315
Content-Type: application/json; charset=utf-8
host: localhost:56546
accept: */*

Response DefaultHttpResponse(decodeResult: success, version: HTTP/1.1)
HTTP/1.1 200 OK
Content-Type: application/json; charset=utf-8
cache-control: no-cache
content-length: 88

17:48:13.762 [AsyncHttpClient-1-17] DEBUG org.asynchttpclient.netty.channel.ChannelManager - Adding key: http://localhost:56546 for channel [id: 0xb2b4dcff, L:/127.0.0.1:56553 - R:localhost/127.0.0.1:56546]
17:48:13.764 [Forwarding getElementTagName on session 9982a612580eef99d20711feeae447b6 to remote] DEBUG org.asynchttpclient.netty.request.NettyRequestSender - Using pooled Channel '[id: 0xb2b4dcff, L:/127.0.0.1:56553 - R:localhost/127.0.0.1:56546]' for 'GET' to 'http://localhost:56546/session/9982a612580eef99d20711feeae447b6/element/f618b1ea-86a9-4ad3-8742-be1088424478/name'
17:48:13.764 [Forwarding getElementTagName on session 9982a612580eef99d20711feeae447b6 to remote] DEBUG org.asynchttpclient.netty.request.NettyRequestSender - Using open Channel [id: 0xb2b4dcff, L:/127.0.0.1:56553 - R:localhost/127.0.0.1:56546] for GET '/session/9982a612580eef99d20711feeae447b6/element/f618b1ea-86a9-4ad3-8742-be1088424478/name'
17:48:13.770 [AsyncHttpClient-1-17] DEBUG org.asynchttpclient.netty.handler.HttpHandler - 

Request DefaultFullHttpRequest(decodeResult: success, version: HTTP/1.1, content: EmptyByteBufBE)
GET /session/9982a612580eef99d20711feeae447b6/element/f618b1ea-86a9-4ad3-8742-be1088424478/name HTTP/1.1
User-Agent: selenium/4.1.2 (java windows)
Cache-Control: no-cache
Content-Type: application/json; charset=utf-8
host: localhost:56546
accept: */*

Response DefaultHttpResponse(decodeResult: success, version: HTTP/1.1)
HTTP/1.1 200 OK
Content-Type: application/json; charset=utf-8
cache-control: no-cache
content-length: 18

17:48:13.770 [AsyncHttpClient-1-17] DEBUG org.asynchttpclient.netty.channel.ChannelManager - Adding key: http://localhost:56546 for channel [id: 0xb2b4dcff, L:/127.0.0.1:56553 - R:localhost/127.0.0.1:56546]
17:48:13.772 [Forwarding getElementTagName on session 9982a612580eef99d20711feeae447b6 to remote] DEBUG org.asynchttpclient.netty.request.NettyRequestSender - Using pooled Channel '[id: 0xb2b4dcff, L:/127.0.0.1:56553 - R:localhost/127.0.0.1:56546]' for 'GET' to 'http://localhost:56546/session/9982a612580eef99d20711feeae447b6/element/f618b1ea-86a9-4ad3-8742-be1088424478/name'
17:48:13.772 [Forwarding getElementTagName on session 9982a612580eef99d20711feeae447b6 to remote] DEBUG org.asynchttpclient.netty.request.NettyRequestSender - Using open Channel [id: 0xb2b4dcff, L:/127.0.0.1:56553 - R:localhost/127.0.0.1:56546] for GET '/session/9982a612580eef99d20711feeae447b6/element/f618b1ea-86a9-4ad3-8742-be1088424478/name'
17:48:13.778 [AsyncHttpClient-1-17] DEBUG org.asynchttpclient.netty.handler.HttpHandler - 

Request DefaultFullHttpRequest(decodeResult: success, version: HTTP/1.1, content: EmptyByteBufBE)
GET /session/9982a612580eef99d20711feeae447b6/element/f618b1ea-86a9-4ad3-8742-be1088424478/name HTTP/1.1
User-Agent: selenium/4.1.2 (java windows)
Cache-Control: no-cache
Content-Type: application/json; charset=utf-8
host: localhost:56546
accept: */*

Response DefaultHttpResponse(decodeResult: success, version: HTTP/1.1)
HTTP/1.1 200 OK
Content-Type: application/json; charset=utf-8
cache-control: no-cache
content-length: 18

17:48:13.779 [AsyncHttpClient-1-17] DEBUG org.asynchttpclient.netty.channel.ChannelManager - Adding key: http://localhost:56546 for channel [id: 0xb2b4dcff, L:/127.0.0.1:56553 - R:localhost/127.0.0.1:56546]
17:48:13.780 [Forwarding isElementEnabled on session 9982a612580eef99d20711feeae447b6 to remote] DEBUG org.asynchttpclient.netty.request.NettyRequestSender - Using pooled Channel '[id: 0xb2b4dcff, L:/127.0.0.1:56553 - R:localhost/127.0.0.1:56546]' for 'GET' to 'http://localhost:56546/session/9982a612580eef99d20711feeae447b6/element/f618b1ea-86a9-4ad3-8742-be1088424478/enabled'
17:48:13.780 [Forwarding isElementEnabled on session 9982a612580eef99d20711feeae447b6 to remote] DEBUG org.asynchttpclient.netty.request.NettyRequestSender - Using open Channel [id: 0xb2b4dcff, L:/127.0.0.1:56553 - R:localhost/127.0.0.1:56546] for GET '/session/9982a612580eef99d20711feeae447b6/element/f618b1ea-86a9-4ad3-8742-be1088424478/enabled'
17:48:13.792 [AsyncHttpClient-1-17] DEBUG org.asynchttpclient.netty.handler.HttpHandler - 

Request DefaultFullHttpRequest(decodeResult: success, version: HTTP/1.1, content: EmptyByteBufBE)
GET /session/9982a612580eef99d20711feeae447b6/element/f618b1ea-86a9-4ad3-8742-be1088424478/enabled HTTP/1.1
User-Agent: selenium/4.1.2 (java windows)
Cache-Control: no-cache
Content-Type: application/json; charset=utf-8
host: localhost:56546
accept: */*

Response DefaultHttpResponse(decodeResult: success, version: HTTP/1.1)
HTTP/1.1 200 OK
Content-Type: application/json; charset=utf-8
cache-control: no-cache
content-length: 14

17:48:13.792 [AsyncHttpClient-1-17] DEBUG org.asynchttpclient.netty.channel.ChannelManager - Adding key: http://localhost:56546 for channel [id: 0xb2b4dcff, L:/127.0.0.1:56553 - R:localhost/127.0.0.1:56546]
17:48:13.793 [Forwarding isElementEnabled on session 9982a612580eef99d20711feeae447b6 to remote] DEBUG org.asynchttpclient.netty.request.NettyRequestSender - Using pooled Channel '[id: 0xb2b4dcff, L:/127.0.0.1:56553 - R:localhost/127.0.0.1:56546]' for 'GET' to 'http://localhost:56546/session/9982a612580eef99d20711feeae447b6/element/f618b1ea-86a9-4ad3-8742-be1088424478/enabled'
17:48:13.793 [Forwarding isElementEnabled on session 9982a612580eef99d20711feeae447b6 to remote] DEBUG org.asynchttpclient.netty.request.NettyRequestSender - Using open Channel [id: 0xb2b4dcff, L:/127.0.0.1:56553 - R:localhost/127.0.0.1:56546] for GET '/session/9982a612580eef99d20711feeae447b6/element/f618b1ea-86a9-4ad3-8742-be1088424478/enabled'
17:48:13.800 [AsyncHttpClient-1-17] DEBUG org.asynchttpclient.netty.handler.HttpHandler - 

Request DefaultFullHttpRequest(decodeResult: success, version: HTTP/1.1, content: EmptyByteBufBE)
GET /session/9982a612580eef99d20711feeae447b6/element/f618b1ea-86a9-4ad3-8742-be1088424478/enabled HTTP/1.1
User-Agent: selenium/4.1.2 (java windows)
Cache-Control: no-cache
Content-Type: application/json; charset=utf-8
host: localhost:56546
accept: */*

Response DefaultHttpResponse(decodeResult: success, version: HTTP/1.1)
HTTP/1.1 200 OK
Content-Type: application/json; charset=utf-8
cache-control: no-cache
content-length: 14

17:48:13.800 [AsyncHttpClient-1-17] DEBUG org.asynchttpclient.netty.channel.ChannelManager - Adding key: http://localhost:56546 for channel [id: 0xb2b4dcff, L:/127.0.0.1:56553 - R:localhost/127.0.0.1:56546]
17:48:13.802 [Forwarding findElement on session 9982a612580eef99d20711feeae447b6 to remote] DEBUG org.asynchttpclient.netty.request.NettyRequestSender - Using pooled Channel '[id: 0xb2b4dcff, L:/127.0.0.1:56553 - R:localhost/127.0.0.1:56546]' for 'POST' to 'http://localhost:56546/session/9982a612580eef99d20711feeae447b6/element'
17:48:13.802 [Forwarding findElement on session 9982a612580eef99d20711feeae447b6 to remote] DEBUG org.asynchttpclient.netty.request.NettyRequestSender - Using open Channel [id: 0xb2b4dcff, L:/127.0.0.1:56553 - R:localhost/127.0.0.1:56546] for POST '/session/9982a612580eef99d20711feeae447b6/element'
17:48:13.811 [AsyncHttpClient-1-17] DEBUG org.asynchttpclient.netty.handler.HttpHandler - 

Request DefaultHttpRequest(decodeResult: success, version: HTTP/1.1)
POST /session/9982a612580eef99d20711feeae447b6/element HTTP/1.1
User-Agent: selenium/4.1.2 (java windows)
Content-Length: 315
Content-Type: application/json; charset=utf-8
host: localhost:56546
accept: */*

Response DefaultHttpResponse(decodeResult: success, version: HTTP/1.1)
HTTP/1.1 200 OK
Content-Type: application/json; charset=utf-8
cache-control: no-cache
content-length: 88

17:48:13.811 [AsyncHttpClient-1-17] DEBUG org.asynchttpclient.netty.channel.ChannelManager - Adding key: http://localhost:56546 for channel [id: 0xb2b4dcff, L:/127.0.0.1:56553 - R:localhost/127.0.0.1:56546]
17:48:13.812 [Forwarding clickElement on session 9982a612580eef99d20711feeae447b6 to remote] DEBUG org.asynchttpclient.netty.request.NettyRequestSender - Using pooled Channel '[id: 0xb2b4dcff, L:/127.0.0.1:56553 - R:localhost/127.0.0.1:56546]' for 'POST' to 'http://localhost:56546/session/9982a612580eef99d20711feeae447b6/element/f618b1ea-86a9-4ad3-8742-be1088424478/click'
17:48:13.812 [Forwarding clickElement on session 9982a612580eef99d20711feeae447b6 to remote] DEBUG org.asynchttpclient.netty.request.NettyRequestSender - Using open Channel [id: 0xb2b4dcff, L:/127.0.0.1:56553 - R:localhost/127.0.0.1:56546] for POST '/session/9982a612580eef99d20711feeae447b6/element/f618b1ea-86a9-4ad3-8742-be1088424478/click'
17:48:13.928 [AsyncHttpClient-1-17] DEBUG org.asynchttpclient.netty.handler.HttpHandler - 

Request DefaultHttpRequest(decodeResult: success, version: HTTP/1.1)
POST /session/9982a612580eef99d20711feeae447b6/element/f618b1ea-86a9-4ad3-8742-be1088424478/click HTTP/1.1
User-Agent: selenium/4.1.2 (java windows)
Content-Length: 50
Content-Type: application/json; charset=utf-8
host: localhost:56546
accept: */*

Response DefaultHttpResponse(decodeResult: success, version: HTTP/1.1)
HTTP/1.1 200 OK
Content-Type: application/json; charset=utf-8
cache-control: no-cache
content-length: 14

17:48:13.928 [AsyncHttpClient-1-17] DEBUG org.asynchttpclient.netty.channel.ChannelManager - Adding key: http://localhost:56546 for channel [id: 0xb2b4dcff, L:/127.0.0.1:56553 - R:localhost/127.0.0.1:56546]
17:48:13.934 [Forwarding findElement on session 9982a612580eef99d20711feeae447b6 to remote] DEBUG org.asynchttpclient.netty.request.NettyRequestSender - Using pooled Channel '[id: 0xb2b4dcff, L:/127.0.0.1:56553 - R:localhost/127.0.0.1:56546]' for 'POST' to 'http://localhost:56546/session/9982a612580eef99d20711feeae447b6/element'
17:48:13.934 [Forwarding findElement on session 9982a612580eef99d20711feeae447b6 to remote] DEBUG org.asynchttpclient.netty.request.NettyRequestSender - Using open Channel [id: 0xb2b4dcff, L:/127.0.0.1:56553 - R:localhost/127.0.0.1:56546] for POST '/session/9982a612580eef99d20711feeae447b6/element'
17:48:13.954 [AsyncHttpClient-1-17] DEBUG org.asynchttpclient.netty.handler.HttpHandler - 

Request DefaultHttpRequest(decodeResult: success, version: HTTP/1.1)
POST /session/9982a612580eef99d20711feeae447b6/element HTTP/1.1
User-Agent: selenium/4.1.2 (java windows)
Content-Length: 69
Content-Type: application/json; charset=utf-8
host: localhost:56546
accept: */*

Response DefaultHttpResponse(decodeResult: success, version: HTTP/1.1)
HTTP/1.1 200 OK
Content-Type: application/json; charset=utf-8
cache-control: no-cache
content-length: 88

17:48:13.954 [AsyncHttpClient-1-17] DEBUG org.asynchttpclient.netty.channel.ChannelManager - Adding key: http://localhost:56546 for channel [id: 0xb2b4dcff, L:/127.0.0.1:56553 - R:localhost/127.0.0.1:56546]
17:48:13.955 [Forwarding clearElement on session 9982a612580eef99d20711feeae447b6 to remote] DEBUG org.asynchttpclient.netty.request.NettyRequestSender - Using pooled Channel '[id: 0xb2b4dcff, L:/127.0.0.1:56553 - R:localhost/127.0.0.1:56546]' for 'POST' to 'http://localhost:56546/session/9982a612580eef99d20711feeae447b6/element/4ee6785d-6f7d-4074-9b2f-53bbe2e025d5/clear'
17:48:13.955 [Forwarding clearElement on session 9982a612580eef99d20711feeae447b6 to remote] DEBUG org.asynchttpclient.netty.request.NettyRequestSender - Using open Channel [id: 0xb2b4dcff, L:/127.0.0.1:56553 - R:localhost/127.0.0.1:56546] for POST '/session/9982a612580eef99d20711feeae447b6/element/4ee6785d-6f7d-4074-9b2f-53bbe2e025d5/clear'
17:48:14.014 [AsyncHttpClient-1-17] DEBUG org.asynchttpclient.netty.handler.HttpHandler - 

Request DefaultHttpRequest(decodeResult: success, version: HTTP/1.1)
POST /session/9982a612580eef99d20711feeae447b6/element/4ee6785d-6f7d-4074-9b2f-53bbe2e025d5/clear HTTP/1.1
User-Agent: selenium/4.1.2 (java windows)
Content-Length: 50
Content-Type: application/json; charset=utf-8
host: localhost:56546
accept: */*

Response DefaultHttpResponse(decodeResult: success, version: HTTP/1.1)
HTTP/1.1 200 OK
Content-Type: application/json; charset=utf-8
cache-control: no-cache
content-length: 14

17:48:14.014 [AsyncHttpClient-1-17] DEBUG org.asynchttpclient.netty.channel.ChannelManager - Adding key: http://localhost:56546 for channel [id: 0xb2b4dcff, L:/127.0.0.1:56553 - R:localhost/127.0.0.1:56546]
17:48:14.017 [Forwarding sendKeysToElement on session 9982a612580eef99d20711feeae447b6 to remote] DEBUG org.asynchttpclient.netty.request.NettyRequestSender - Using pooled Channel '[id: 0xb2b4dcff, L:/127.0.0.1:56553 - R:localhost/127.0.0.1:56546]' for 'POST' to 'http://localhost:56546/session/9982a612580eef99d20711feeae447b6/element/4ee6785d-6f7d-4074-9b2f-53bbe2e025d5/value'
17:48:14.017 [Forwarding sendKeysToElement on session 9982a612580eef99d20711feeae447b6 to remote] DEBUG org.asynchttpclient.netty.request.NettyRequestSender - Using open Channel [id: 0xb2b4dcff, L:/127.0.0.1:56553 - R:localhost/127.0.0.1:56546] for POST '/session/9982a612580eef99d20711feeae447b6/element/4ee6785d-6f7d-4074-9b2f-53bbe2e025d5/value'
17:48:14.021 [AsyncHttpClient-1-1] DEBUG org.asynchttpclient.netty.channel.DefaultChannelPool - Entry count for : http://localhost:56554 : 1
17:48:14.343 [AsyncHttpClient-1-17] DEBUG org.asynchttpclient.netty.handler.HttpHandler - 

Request DefaultHttpRequest(decodeResult: success, version: HTTP/1.1)
POST /session/9982a612580eef99d20711feeae447b6/element/4ee6785d-6f7d-4074-9b2f-53bbe2e025d5/value HTTP/1.1
User-Agent: selenium/4.1.2 (java windows)
Content-Length: 411
Content-Type: application/json; charset=utf-8
host: localhost:56546
accept: */*

Response DefaultHttpResponse(decodeResult: success, version: HTTP/1.1)
HTTP/1.1 200 OK
Content-Type: application/json; charset=utf-8
cache-control: no-cache
content-length: 14

17:48:14.344 [AsyncHttpClient-1-17] DEBUG org.asynchttpclient.netty.channel.ChannelManager - Adding key: http://localhost:56546 for channel [id: 0xb2b4dcff, L:/127.0.0.1:56553 - R:localhost/127.0.0.1:56546]
17:48:14.348 [Forwarding findElement on session 9982a612580eef99d20711feeae447b6 to remote] DEBUG org.asynchttpclient.netty.request.NettyRequestSender - Using pooled Channel '[id: 0xb2b4dcff, L:/127.0.0.1:56553 - R:localhost/127.0.0.1:56546]' for 'POST' to 'http://localhost:56546/session/9982a612580eef99d20711feeae447b6/element'
17:48:14.348 [Forwarding findElement on session 9982a612580eef99d20711feeae447b6 to remote] DEBUG org.asynchttpclient.netty.request.NettyRequestSender - Using open Channel [id: 0xb2b4dcff, L:/127.0.0.1:56553 - R:localhost/127.0.0.1:56546] for POST '/session/9982a612580eef99d20711feeae447b6/element'
17:48:14.365 [AsyncHttpClient-1-17] DEBUG org.asynchttpclient.netty.handler.HttpHandler - 

Request DefaultHttpRequest(decodeResult: success, version: HTTP/1.1)
POST /session/9982a612580eef99d20711feeae447b6/element HTTP/1.1
User-Agent: selenium/4.1.2 (java windows)
Content-Length: 72
Content-Type: application/json; charset=utf-8
host: localhost:56546
accept: */*

Response DefaultHttpResponse(decodeResult: success, version: HTTP/1.1)
HTTP/1.1 200 OK
Content-Type: application/json; charset=utf-8
cache-control: no-cache
content-length: 88

17:48:14.365 [AsyncHttpClient-1-17] DEBUG org.asynchttpclient.netty.channel.ChannelManager - Adding key: http://localhost:56546 for channel [id: 0xb2b4dcff, L:/127.0.0.1:56553 - R:localhost/127.0.0.1:56546]
17:48:14.366 [Forwarding clearElement on session 9982a612580eef99d20711feeae447b6 to remote] DEBUG org.asynchttpclient.netty.request.NettyRequestSender - Using pooled Channel '[id: 0xb2b4dcff, L:/127.0.0.1:56553 - R:localhost/127.0.0.1:56546]' for 'POST' to 'http://localhost:56546/session/9982a612580eef99d20711feeae447b6/element/fc452204-bf63-48e8-b7b0-9a7db5a6df2c/clear'
17:48:14.366 [Forwarding clearElement on session 9982a612580eef99d20711feeae447b6 to remote] DEBUG org.asynchttpclient.netty.request.NettyRequestSender - Using open Channel [id: 0xb2b4dcff, L:/127.0.0.1:56553 - R:localhost/127.0.0.1:56546] for POST '/session/9982a612580eef99d20711feeae447b6/element/fc452204-bf63-48e8-b7b0-9a7db5a6df2c/clear'
17:48:14.411 [AsyncHttpClient-1-17] DEBUG org.asynchttpclient.netty.handler.HttpHandler - 

Request DefaultHttpRequest(decodeResult: success, version: HTTP/1.1)
POST /session/9982a612580eef99d20711feeae447b6/element/fc452204-bf63-48e8-b7b0-9a7db5a6df2c/clear HTTP/1.1
User-Agent: selenium/4.1.2 (java windows)
Content-Length: 50
Content-Type: application/json; charset=utf-8
host: localhost:56546
accept: */*

Response DefaultHttpResponse(decodeResult: success, version: HTTP/1.1)
HTTP/1.1 200 OK
Content-Type: application/json; charset=utf-8
cache-control: no-cache
content-length: 14

17:48:14.411 [AsyncHttpClient-1-17] DEBUG org.asynchttpclient.netty.channel.ChannelManager - Adding key: http://localhost:56546 for channel [id: 0xb2b4dcff, L:/127.0.0.1:56553 - R:localhost/127.0.0.1:56546]
17:48:14.414 [Forwarding sendKeysToElement on session 9982a612580eef99d20711feeae447b6 to remote] DEBUG org.asynchttpclient.netty.request.NettyRequestSender - Using pooled Channel '[id: 0xb2b4dcff, L:/127.0.0.1:56553 - R:localhost/127.0.0.1:56546]' for 'POST' to 'http://localhost:56546/session/9982a612580eef99d20711feeae447b6/element/fc452204-bf63-48e8-b7b0-9a7db5a6df2c/value'
17:48:14.414 [Forwarding sendKeysToElement on session 9982a612580eef99d20711feeae447b6 to remote] DEBUG org.asynchttpclient.netty.request.NettyRequestSender - Using open Channel [id: 0xb2b4dcff, L:/127.0.0.1:56553 - R:localhost/127.0.0.1:56546] for POST '/session/9982a612580eef99d20711feeae447b6/element/fc452204-bf63-48e8-b7b0-9a7db5a6df2c/value'
17:48:14.634 [AsyncHttpClient-1-17] DEBUG org.asynchttpclient.netty.handler.HttpHandler - 

Request DefaultHttpRequest(decodeResult: success, version: HTTP/1.1)
POST /session/9982a612580eef99d20711feeae447b6/element/fc452204-bf63-48e8-b7b0-9a7db5a6df2c/value HTTP/1.1
User-Agent: selenium/4.1.2 (java windows)
Content-Length: 241
Content-Type: application/json; charset=utf-8
host: localhost:56546
accept: */*

Response DefaultHttpResponse(decodeResult: success, version: HTTP/1.1)
HTTP/1.1 200 OK
Content-Type: application/json; charset=utf-8
cache-control: no-cache
content-length: 14

17:48:14.634 [AsyncHttpClient-1-17] DEBUG org.asynchttpclient.netty.channel.ChannelManager - Adding key: http://localhost:56546 for channel [id: 0xb2b4dcff, L:/127.0.0.1:56553 - R:localhost/127.0.0.1:56546]
17:48:14.643 [Forwarding findElement on session 9982a612580eef99d20711feeae447b6 to remote] DEBUG org.asynchttpclient.netty.request.NettyRequestSender - Using pooled Channel '[id: 0xb2b4dcff, L:/127.0.0.1:56553 - R:localhost/127.0.0.1:56546]' for 'POST' to 'http://localhost:56546/session/9982a612580eef99d20711feeae447b6/element'
17:48:14.644 [Forwarding findElement on session 9982a612580eef99d20711feeae447b6 to remote] DEBUG org.asynchttpclient.netty.request.NettyRequestSender - Using open Channel [id: 0xb2b4dcff, L:/127.0.0.1:56553 - R:localhost/127.0.0.1:56546] for POST '/session/9982a612580eef99d20711feeae447b6/element'
17:48:14.669 [AsyncHttpClient-1-17] DEBUG org.asynchttpclient.netty.handler.HttpHandler - 

Request DefaultHttpRequest(decodeResult: success, version: HTTP/1.1)
POST /session/9982a612580eef99d20711feeae447b6/element HTTP/1.1
User-Agent: selenium/4.1.2 (java windows)
Content-Length: 321
Content-Type: application/json; charset=utf-8
host: localhost:56546
accept: */*

Response DefaultHttpResponse(decodeResult: success, version: HTTP/1.1)
HTTP/1.1 200 OK
Content-Type: application/json; charset=utf-8
cache-control: no-cache
content-length: 88

17:48:14.669 [AsyncHttpClient-1-17] DEBUG org.asynchttpclient.netty.channel.ChannelManager - Adding key: http://localhost:56546 for channel [id: 0xb2b4dcff, L:/127.0.0.1:56553 - R:localhost/127.0.0.1:56546]
17:48:14.672 [Forwarding getElementTagName on session 9982a612580eef99d20711feeae447b6 to remote] DEBUG org.asynchttpclient.netty.request.NettyRequestSender - Using pooled Channel '[id: 0xb2b4dcff, L:/127.0.0.1:56553 - R:localhost/127.0.0.1:56546]' for 'GET' to 'http://localhost:56546/session/9982a612580eef99d20711feeae447b6/element/1135eb4e-59e2-478c-816b-26e6c4b4727a/name'
17:48:14.672 [Forwarding getElementTagName on session 9982a612580eef99d20711feeae447b6 to remote] DEBUG org.asynchttpclient.netty.request.NettyRequestSender - Using open Channel [id: 0xb2b4dcff, L:/127.0.0.1:56553 - R:localhost/127.0.0.1:56546] for GET '/session/9982a612580eef99d20711feeae447b6/element/1135eb4e-59e2-478c-816b-26e6c4b4727a/name'
17:48:14.680 [AsyncHttpClient-1-17] DEBUG org.asynchttpclient.netty.handler.HttpHandler - 

Request DefaultFullHttpRequest(decodeResult: success, version: HTTP/1.1, content: EmptyByteBufBE)
GET /session/9982a612580eef99d20711feeae447b6/element/1135eb4e-59e2-478c-816b-26e6c4b4727a/name HTTP/1.1
User-Agent: selenium/4.1.2 (java windows)
Cache-Control: no-cache
Content-Type: application/json; charset=utf-8
host: localhost:56546
accept: */*

Response DefaultHttpResponse(decodeResult: success, version: HTTP/1.1)
HTTP/1.1 200 OK
Content-Type: application/json; charset=utf-8
cache-control: no-cache
content-length: 18

17:48:14.680 [AsyncHttpClient-1-17] DEBUG org.asynchttpclient.netty.channel.ChannelManager - Adding key: http://localhost:56546 for channel [id: 0xb2b4dcff, L:/127.0.0.1:56553 - R:localhost/127.0.0.1:56546]
17:48:14.682 [Forwarding getElementTagName on session 9982a612580eef99d20711feeae447b6 to remote] DEBUG org.asynchttpclient.netty.request.NettyRequestSender - Using pooled Channel '[id: 0xb2b4dcff, L:/127.0.0.1:56553 - R:localhost/127.0.0.1:56546]' for 'GET' to 'http://localhost:56546/session/9982a612580eef99d20711feeae447b6/element/1135eb4e-59e2-478c-816b-26e6c4b4727a/name'
17:48:14.682 [Forwarding getElementTagName on session 9982a612580eef99d20711feeae447b6 to remote] DEBUG org.asynchttpclient.netty.request.NettyRequestSender - Using open Channel [id: 0xb2b4dcff, L:/127.0.0.1:56553 - R:localhost/127.0.0.1:56546] for GET '/session/9982a612580eef99d20711feeae447b6/element/1135eb4e-59e2-478c-816b-26e6c4b4727a/name'
17:48:14.690 [AsyncHttpClient-1-17] DEBUG org.asynchttpclient.netty.handler.HttpHandler - 

Request DefaultFullHttpRequest(decodeResult: success, version: HTTP/1.1, content: EmptyByteBufBE)
GET /session/9982a612580eef99d20711feeae447b6/element/1135eb4e-59e2-478c-816b-26e6c4b4727a/name HTTP/1.1
User-Agent: selenium/4.1.2 (java windows)
Cache-Control: no-cache
Content-Type: application/json; charset=utf-8
host: localhost:56546
accept: */*

Response DefaultHttpResponse(decodeResult: success, version: HTTP/1.1)
HTTP/1.1 200 OK
Content-Type: application/json; charset=utf-8
cache-control: no-cache
content-length: 18

17:48:14.690 [AsyncHttpClient-1-17] DEBUG org.asynchttpclient.netty.channel.ChannelManager - Adding key: http://localhost:56546 for channel [id: 0xb2b4dcff, L:/127.0.0.1:56553 - R:localhost/127.0.0.1:56546]
17:48:14.692 [Forwarding isElementEnabled on session 9982a612580eef99d20711feeae447b6 to remote] DEBUG org.asynchttpclient.netty.request.NettyRequestSender - Using pooled Channel '[id: 0xb2b4dcff, L:/127.0.0.1:56553 - R:localhost/127.0.0.1:56546]' for 'GET' to 'http://localhost:56546/session/9982a612580eef99d20711feeae447b6/element/1135eb4e-59e2-478c-816b-26e6c4b4727a/enabled'
17:48:14.693 [Forwarding isElementEnabled on session 9982a612580eef99d20711feeae447b6 to remote] DEBUG org.asynchttpclient.netty.request.NettyRequestSender - Using open Channel [id: 0xb2b4dcff, L:/127.0.0.1:56553 - R:localhost/127.0.0.1:56546] for GET '/session/9982a612580eef99d20711feeae447b6/element/1135eb4e-59e2-478c-816b-26e6c4b4727a/enabled'
17:48:14.706 [AsyncHttpClient-1-17] DEBUG org.asynchttpclient.netty.handler.HttpHandler - 

Request DefaultFullHttpRequest(decodeResult: success, version: HTTP/1.1, content: EmptyByteBufBE)
GET /session/9982a612580eef99d20711feeae447b6/element/1135eb4e-59e2-478c-816b-26e6c4b4727a/enabled HTTP/1.1
User-Agent: selenium/4.1.2 (java windows)
Cache-Control: no-cache
Content-Type: application/json; charset=utf-8
host: localhost:56546
accept: */*

Response DefaultHttpResponse(decodeResult: success, version: HTTP/1.1)
HTTP/1.1 200 OK
Content-Type: application/json; charset=utf-8
cache-control: no-cache
content-length: 14

17:48:14.707 [AsyncHttpClient-1-17] DEBUG org.asynchttpclient.netty.channel.ChannelManager - Adding key: http://localhost:56546 for channel [id: 0xb2b4dcff, L:/127.0.0.1:56553 - R:localhost/127.0.0.1:56546]
17:48:14.714 [Forwarding isElementEnabled on session 9982a612580eef99d20711feeae447b6 to remote] DEBUG org.asynchttpclient.netty.request.NettyRequestSender - Using pooled Channel '[id: 0xb2b4dcff, L:/127.0.0.1:56553 - R:localhost/127.0.0.1:56546]' for 'GET' to 'http://localhost:56546/session/9982a612580eef99d20711feeae447b6/element/1135eb4e-59e2-478c-816b-26e6c4b4727a/enabled'
17:48:14.714 [Forwarding isElementEnabled on session 9982a612580eef99d20711feeae447b6 to remote] DEBUG org.asynchttpclient.netty.request.NettyRequestSender - Using open Channel [id: 0xb2b4dcff, L:/127.0.0.1:56553 - R:localhost/127.0.0.1:56546] for GET '/session/9982a612580eef99d20711feeae447b6/element/1135eb4e-59e2-478c-816b-26e6c4b4727a/enabled'
17:48:14.726 [AsyncHttpClient-1-17] DEBUG org.asynchttpclient.netty.handler.HttpHandler - 

Request DefaultFullHttpRequest(decodeResult: success, version: HTTP/1.1, content: EmptyByteBufBE)
GET /session/9982a612580eef99d20711feeae447b6/element/1135eb4e-59e2-478c-816b-26e6c4b4727a/enabled HTTP/1.1
User-Agent: selenium/4.1.2 (java windows)
Cache-Control: no-cache
Content-Type: application/json; charset=utf-8
host: localhost:56546
accept: */*

Response DefaultHttpResponse(decodeResult: success, version: HTTP/1.1)
HTTP/1.1 200 OK
Content-Type: application/json; charset=utf-8
cache-control: no-cache
content-length: 14

17:48:14.726 [AsyncHttpClient-1-17] DEBUG org.asynchttpclient.netty.channel.ChannelManager - Adding key: http://localhost:56546 for channel [id: 0xb2b4dcff, L:/127.0.0.1:56553 - R:localhost/127.0.0.1:56546]
17:48:14.729 [Forwarding findElement on session 9982a612580eef99d20711feeae447b6 to remote] DEBUG org.asynchttpclient.netty.request.NettyRequestSender - Using pooled Channel '[id: 0xb2b4dcff, L:/127.0.0.1:56553 - R:localhost/127.0.0.1:56546]' for 'POST' to 'http://localhost:56546/session/9982a612580eef99d20711feeae447b6/element'
17:48:14.729 [Forwarding findElement on session 9982a612580eef99d20711feeae447b6 to remote] DEBUG org.asynchttpclient.netty.request.NettyRequestSender - Using open Channel [id: 0xb2b4dcff, L:/127.0.0.1:56553 - R:localhost/127.0.0.1:56546] for POST '/session/9982a612580eef99d20711feeae447b6/element'
17:48:14.742 [AsyncHttpClient-1-17] DEBUG org.asynchttpclient.netty.handler.HttpHandler - 

Request DefaultHttpRequest(decodeResult: success, version: HTTP/1.1)
POST /session/9982a612580eef99d20711feeae447b6/element HTTP/1.1
User-Agent: selenium/4.1.2 (java windows)
Content-Length: 321
Content-Type: application/json; charset=utf-8
host: localhost:56546
accept: */*

Response DefaultHttpResponse(decodeResult: success, version: HTTP/1.1)
HTTP/1.1 200 OK
Content-Type: application/json; charset=utf-8
cache-control: no-cache
content-length: 88

17:48:14.742 [AsyncHttpClient-1-17] DEBUG org.asynchttpclient.netty.channel.ChannelManager - Adding key: http://localhost:56546 for channel [id: 0xb2b4dcff, L:/127.0.0.1:56553 - R:localhost/127.0.0.1:56546]
17:48:14.744 [Forwarding clickElement on session 9982a612580eef99d20711feeae447b6 to remote] DEBUG org.asynchttpclient.netty.request.NettyRequestSender - Using pooled Channel '[id: 0xb2b4dcff, L:/127.0.0.1:56553 - R:localhost/127.0.0.1:56546]' for 'POST' to 'http://localhost:56546/session/9982a612580eef99d20711feeae447b6/element/1135eb4e-59e2-478c-816b-26e6c4b4727a/click'
17:48:14.744 [Forwarding clickElement on session 9982a612580eef99d20711feeae447b6 to remote] DEBUG org.asynchttpclient.netty.request.NettyRequestSender - Using open Channel [id: 0xb2b4dcff, L:/127.0.0.1:56553 - R:localhost/127.0.0.1:56546] for POST '/session/9982a612580eef99d20711feeae447b6/element/1135eb4e-59e2-478c-816b-26e6c4b4727a/click'
17:48:14.817 [AsyncHttpClient-1-17] DEBUG org.asynchttpclient.netty.handler.HttpHandler - 

Request DefaultHttpRequest(decodeResult: success, version: HTTP/1.1)
POST /session/9982a612580eef99d20711feeae447b6/element/1135eb4e-59e2-478c-816b-26e6c4b4727a/click HTTP/1.1
User-Agent: selenium/4.1.2 (java windows)
Content-Length: 50
Content-Type: application/json; charset=utf-8
host: localhost:56546
accept: */*

Response DefaultHttpResponse(decodeResult: success, version: HTTP/1.1)
HTTP/1.1 200 OK
Content-Type: application/json; charset=utf-8
cache-control: no-cache
content-length: 14

17:48:14.818 [AsyncHttpClient-1-17] DEBUG org.asynchttpclient.netty.channel.ChannelManager - Adding key: http://localhost:56546 for channel [id: 0xb2b4dcff, L:/127.0.0.1:56553 - R:localhost/127.0.0.1:56546]
  &amp#27;[32mAnd &amp#27;[0m&amp#27;[32mI have logged in&amp#27;[0m                                  &amp#27;[90m# starter.stepdefinitions.ManageVaccinationBookingsSteps.iHaveLoggedIn()&amp#27;[0m
17:48:14.827 [Forwarding screenshot on session 9982a612580eef99d20711feeae447b6 to remote] DEBUG org.asynchttpclient.netty.request.NettyRequestSender - Using pooled Channel '[id: 0xb2b4dcff, L:/127.0.0.1:56553 - R:localhost/127.0.0.1:56546]' for 'GET' to 'http://localhost:56546/session/9982a612580eef99d20711feeae447b6/screenshot'
17:48:14.827 [Forwarding screenshot on session 9982a612580eef99d20711feeae447b6 to remote] DEBUG org.asynchttpclient.netty.request.NettyRequestSender - Using open Channel [id: 0xb2b4dcff, L:/127.0.0.1:56553 - R:localhost/127.0.0.1:56546] for GET '/session/9982a612580eef99d20711feeae447b6/screenshot'
17:48:15.114 [AsyncHttpClient-1-1] DEBUG org.asynchttpclient.netty.channel.DefaultChannelPool - Entry count for : http://localhost:56554 : 1
17:48:15.143 [AsyncHttpClient-1-17] DEBUG org.asynchttpclient.netty.handler.HttpHandler - 

Request DefaultFullHttpRequest(decodeResult: success, version: HTTP/1.1, content: EmptyByteBufBE)
GET /session/9982a612580eef99d20711feeae447b6/screenshot HTTP/1.1
User-Agent: selenium/4.1.2 (java windows)
Cache-Control: no-cache
Content-Type: application/json; charset=utf-8
host: localhost:56546
accept: */*

Response DefaultHttpResponse(decodeResult: success, version: HTTP/1.1)
HTTP/1.1 200 OK
Content-Type: application/json; charset=utf-8
cache-control: no-cache
content-length: 115964

17:48:15.143 [AsyncHttpClient-1-17] DEBUG org.asynchttpclient.netty.channel.ChannelManager - Adding key: http://localhost:56546 for channel [id: 0xb2b4dcff, L:/127.0.0.1:56553 - R:localhost/127.0.0.1:56546]
17:48:15.147 [main] DEBUG net.serenitybdd.core.photography.Darkroom - Send negative for processing for target\site\serenity\80dd67201f5684a1269bf293cb4ad030ccccf4c4c3493f515dcb51c39398ccba.png
17:48:15.147 [Darkroom Processing Line] DEBUG net.serenitybdd.core.photography.DarkroomProcessingLine - Processing screenshot image in /var/screenshots/screenshot-8872091865180409810
17:48:15.147 [Darkroom Processing Line] DEBUG net.serenitybdd.core.photography.DarkroomProcessingLine - Saving screenshot to target\site\serenity\80dd67201f5684a1269bf293cb4ad030ccccf4c4c3493f515dcb51c39398ccba.png
17:48:15.157 [Forwarding findElement on session 9982a612580eef99d20711feeae447b6 to remote] DEBUG org.asynchttpclient.netty.request.NettyRequestSender - Using pooled Channel '[id: 0xb2b4dcff, L:/127.0.0.1:56553 - R:localhost/127.0.0.1:56546]' for 'POST' to 'http://localhost:56546/session/9982a612580eef99d20711feeae447b6/element'
17:48:15.157 [Forwarding findElement on session 9982a612580eef99d20711feeae447b6 to remote] DEBUG org.asynchttpclient.netty.request.NettyRequestSender - Using open Channel [id: 0xb2b4dcff, L:/127.0.0.1:56553 - R:localhost/127.0.0.1:56546] for POST '/session/9982a612580eef99d20711feeae447b6/element'
17:48:15.360 [AsyncHttpClient-1-17] DEBUG org.asynchttpclient.netty.handler.HttpHandler - 

Request DefaultHttpRequest(decodeResult: success, version: HTTP/1.1)
POST /session/9982a612580eef99d20711feeae447b6/element HTTP/1.1
User-Agent: selenium/4.1.2 (java windows)
Content-Length: 80
Content-Type: application/json; charset=utf-8
host: localhost:56546
accept: */*

Response DefaultHttpResponse(decodeResult: success, version: HTTP/1.1)
HTTP/1.1 200 OK
Content-Type: application/json; charset=utf-8
cache-control: no-cache
content-length: 88

17:48:15.360 [AsyncHttpClient-1-17] DEBUG org.asynchttpclient.netty.channel.ChannelManager - Adding key: http://localhost:56546 for channel [id: 0xb2b4dcff, L:/127.0.0.1:56553 - R:localhost/127.0.0.1:56546]
17:48:15.362 [Forwarding getElementTagName on session 9982a612580eef99d20711feeae447b6 to remote] DEBUG org.asynchttpclient.netty.request.NettyRequestSender - Using pooled Channel '[id: 0xb2b4dcff, L:/127.0.0.1:56553 - R:localhost/127.0.0.1:56546]' for 'GET' to 'http://localhost:56546/session/9982a612580eef99d20711feeae447b6/element/1cd9518f-6d86-4584-a427-0fa4f447a482/name'
17:48:15.362 [Forwarding getElementTagName on session 9982a612580eef99d20711feeae447b6 to remote] DEBUG org.asynchttpclient.netty.request.NettyRequestSender - Using open Channel [id: 0xb2b4dcff, L:/127.0.0.1:56553 - R:localhost/127.0.0.1:56546] for GET '/session/9982a612580eef99d20711feeae447b6/element/1cd9518f-6d86-4584-a427-0fa4f447a482/name'
17:48:15.368 [AsyncHttpClient-1-17] DEBUG org.asynchttpclient.netty.handler.HttpHandler - 

Request DefaultFullHttpRequest(decodeResult: success, version: HTTP/1.1, content: EmptyByteBufBE)
GET /session/9982a612580eef99d20711feeae447b6/element/1cd9518f-6d86-4584-a427-0fa4f447a482/name HTTP/1.1
User-Agent: selenium/4.1.2 (java windows)
Cache-Control: no-cache
Content-Type: application/json; charset=utf-8
host: localhost:56546
accept: */*

Response DefaultHttpResponse(decodeResult: success, version: HTTP/1.1)
HTTP/1.1 200 OK
Content-Type: application/json; charset=utf-8
cache-control: no-cache
content-length: 13

17:48:15.369 [AsyncHttpClient-1-17] DEBUG org.asynchttpclient.netty.channel.ChannelManager - Adding key: http://localhost:56546 for channel [id: 0xb2b4dcff, L:/127.0.0.1:56553 - R:localhost/127.0.0.1:56546]
17:48:15.371 [Forwarding getElementTagName on session 9982a612580eef99d20711feeae447b6 to remote] DEBUG org.asynchttpclient.netty.request.NettyRequestSender - Using pooled Channel '[id: 0xb2b4dcff, L:/127.0.0.1:56553 - R:localhost/127.0.0.1:56546]' for 'GET' to 'http://localhost:56546/session/9982a612580eef99d20711feeae447b6/element/1cd9518f-6d86-4584-a427-0fa4f447a482/name'
17:48:15.371 [Forwarding getElementTagName on session 9982a612580eef99d20711feeae447b6 to remote] DEBUG org.asynchttpclient.netty.request.NettyRequestSender - Using open Channel [id: 0xb2b4dcff, L:/127.0.0.1:56553 - R:localhost/127.0.0.1:56546] for GET '/session/9982a612580eef99d20711feeae447b6/element/1cd9518f-6d86-4584-a427-0fa4f447a482/name'
17:48:15.378 [AsyncHttpClient-1-17] DEBUG org.asynchttpclient.netty.handler.HttpHandler - 

Request DefaultFullHttpRequest(decodeResult: success, version: HTTP/1.1, content: EmptyByteBufBE)
GET /session/9982a612580eef99d20711feeae447b6/element/1cd9518f-6d86-4584-a427-0fa4f447a482/name HTTP/1.1
User-Agent: selenium/4.1.2 (java windows)
Cache-Control: no-cache
Content-Type: application/json; charset=utf-8
host: localhost:56546
accept: */*

Response DefaultHttpResponse(decodeResult: success, version: HTTP/1.1)
HTTP/1.1 200 OK
Content-Type: application/json; charset=utf-8
cache-control: no-cache
content-length: 13

17:48:15.378 [AsyncHttpClient-1-17] DEBUG org.asynchttpclient.netty.channel.ChannelManager - Adding key: http://localhost:56546 for channel [id: 0xb2b4dcff, L:/127.0.0.1:56553 - R:localhost/127.0.0.1:56546]
17:48:15.380 [Forwarding findElement on session 9982a612580eef99d20711feeae447b6 to remote] DEBUG org.asynchttpclient.netty.request.NettyRequestSender - Using pooled Channel '[id: 0xb2b4dcff, L:/127.0.0.1:56553 - R:localhost/127.0.0.1:56546]' for 'POST' to 'http://localhost:56546/session/9982a612580eef99d20711feeae447b6/element'
17:48:15.380 [Forwarding findElement on session 9982a612580eef99d20711feeae447b6 to remote] DEBUG org.asynchttpclient.netty.request.NettyRequestSender - Using open Channel [id: 0xb2b4dcff, L:/127.0.0.1:56553 - R:localhost/127.0.0.1:56546] for POST '/session/9982a612580eef99d20711feeae447b6/element'
17:48:15.392 [AsyncHttpClient-1-17] DEBUG org.asynchttpclient.netty.handler.HttpHandler - 

Request DefaultHttpRequest(decodeResult: success, version: HTTP/1.1)
POST /session/9982a612580eef99d20711feeae447b6/element HTTP/1.1
User-Agent: selenium/4.1.2 (java windows)
Content-Length: 80
Content-Type: application/json; charset=utf-8
host: localhost:56546
accept: */*

Response DefaultHttpResponse(decodeResult: success, version: HTTP/1.1)
HTTP/1.1 200 OK
Content-Type: application/json; charset=utf-8
cache-control: no-cache
content-length: 88

17:48:15.393 [AsyncHttpClient-1-17] DEBUG org.asynchttpclient.netty.channel.ChannelManager - Adding key: http://localhost:56546 for channel [id: 0xb2b4dcff, L:/127.0.0.1:56553 - R:localhost/127.0.0.1:56546]
17:48:15.394 [Forwarding clickElement on session 9982a612580eef99d20711feeae447b6 to remote] DEBUG org.asynchttpclient.netty.request.NettyRequestSender - Using pooled Channel '[id: 0xb2b4dcff, L:/127.0.0.1:56553 - R:localhost/127.0.0.1:56546]' for 'POST' to 'http://localhost:56546/session/9982a612580eef99d20711feeae447b6/element/1cd9518f-6d86-4584-a427-0fa4f447a482/click'
17:48:15.394 [Forwarding clickElement on session 9982a612580eef99d20711feeae447b6 to remote] DEBUG org.asynchttpclient.netty.request.NettyRequestSender - Using open Channel [id: 0xb2b4dcff, L:/127.0.0.1:56553 - R:localhost/127.0.0.1:56546] for POST '/session/9982a612580eef99d20711feeae447b6/element/1cd9518f-6d86-4584-a427-0fa4f447a482/click'
17:48:15.550 [AsyncHttpClient-1-17] DEBUG org.asynchttpclient.netty.handler.HttpHandler - 

Request DefaultHttpRequest(decodeResult: success, version: HTTP/1.1)
POST /session/9982a612580eef99d20711feeae447b6/element/1cd9518f-6d86-4584-a427-0fa4f447a482/click HTTP/1.1
User-Agent: selenium/4.1.2 (java windows)
Content-Length: 50
Content-Type: application/json; charset=utf-8
host: localhost:56546
accept: */*

Response DefaultHttpResponse(decodeResult: success, version: HTTP/1.1)
HTTP/1.1 200 OK
Content-Type: application/json; charset=utf-8
cache-control: no-cache
content-length: 14

17:48:15.550 [AsyncHttpClient-1-17] DEBUG org.asynchttpclient.netty.channel.ChannelManager - Adding key: http://localhost:56546 for channel [id: 0xb2b4dcff, L:/127.0.0.1:56553 - R:localhost/127.0.0.1:56546]
  &amp#27;[32mWhen &amp#27;[0m&amp#27;[32mI go to Book Vaksinasi page&amp#27;[0m                      &amp#27;[90m# starter.stepdefinitions.ManageVaccinationBookingsSteps.iGoToBookVaksinasiPage()&amp#27;[0m
17:48:15.563 [Forwarding screenshot on session 9982a612580eef99d20711feeae447b6 to remote] DEBUG org.asynchttpclient.netty.request.NettyRequestSender - Using pooled Channel '[id: 0xb2b4dcff, L:/127.0.0.1:56553 - R:localhost/127.0.0.1:56546]' for 'GET' to 'http://localhost:56546/session/9982a612580eef99d20711feeae447b6/screenshot'
17:48:15.563 [Forwarding screenshot on session 9982a612580eef99d20711feeae447b6 to remote] DEBUG org.asynchttpclient.netty.request.NettyRequestSender - Using open Channel [id: 0xb2b4dcff, L:/127.0.0.1:56553 - R:localhost/127.0.0.1:56546] for GET '/session/9982a612580eef99d20711feeae447b6/screenshot'
17:48:15.881 [AsyncHttpClient-1-17] DEBUG org.asynchttpclient.netty.handler.HttpHandler - 

Request DefaultFullHttpRequest(decodeResult: success, version: HTTP/1.1, content: EmptyByteBufBE)
GET /session/9982a612580eef99d20711feeae447b6/screenshot HTTP/1.1
User-Agent: selenium/4.1.2 (java windows)
Cache-Control: no-cache
Content-Type: application/json; charset=utf-8
host: localhost:56546
accept: */*

Response DefaultHttpResponse(decodeResult: success, version: HTTP/1.1)
HTTP/1.1 200 OK
Content-Type: application/json; charset=utf-8
cache-control: no-cache
content-length: 138980

17:48:15.881 [AsyncHttpClient-1-17] DEBUG org.asynchttpclient.netty.channel.ChannelManager - Adding key: http://localhost:56546 for channel [id: 0xb2b4dcff, L:/127.0.0.1:56553 - R:localhost/127.0.0.1:56546]
17:48:15.886 [main] DEBUG net.serenitybdd.core.photography.Darkroom - Send negative for processing for target\site\serenity\9eddd9bc5d4ab277878a51846db89cf41dd0884757e4188db5555e5e8c99e4b1.png
17:48:15.887 [Darkroom Processing Line] DEBUG net.serenitybdd.core.photography.DarkroomProcessingLine - Processing screenshot image in /var/screenshots/screenshot-17204403029251589229
17:48:15.887 [Darkroom Processing Line] DEBUG net.serenitybdd.core.photography.DarkroomProcessingLine - Saving screenshot to target\site\serenity\9eddd9bc5d4ab277878a51846db89cf41dd0884757e4188db5555e5e8c99e4b1.png
17:48:15.897 [Forwarding findElement on session 9982a612580eef99d20711feeae447b6 to remote] DEBUG org.asynchttpclient.netty.request.NettyRequestSender - Using pooled Channel '[id: 0xb2b4dcff, L:/127.0.0.1:56553 - R:localhost/127.0.0.1:56546]' for 'POST' to 'http://localhost:56546/session/9982a612580eef99d20711feeae447b6/element'
17:48:15.897 [Forwarding findElement on session 9982a612580eef99d20711feeae447b6 to remote] DEBUG org.asynchttpclient.netty.request.NettyRequestSender - Using open Channel [id: 0xb2b4dcff, L:/127.0.0.1:56553 - R:localhost/127.0.0.1:56546] for POST '/session/9982a612580eef99d20711feeae447b6/element'
17:48:16.216 [AsyncHttpClient-1-1] DEBUG org.asynchttpclient.netty.channel.DefaultChannelPool - Entry count for : http://localhost:56554 : 1
17:48:17.315 [AsyncHttpClient-1-1] DEBUG org.asynchttpclient.netty.channel.DefaultChannelPool - Entry count for : http://localhost:56554 : 1
17:48:17.911 [AsyncHttpClient-1-17] DEBUG org.asynchttpclient.netty.handler.HttpHandler - 

Request DefaultHttpRequest(decodeResult: success, version: HTTP/1.1)
POST /session/9982a612580eef99d20711feeae447b6/element HTTP/1.1
User-Agent: selenium/4.1.2 (java windows)
Content-Length: 161
Content-Type: application/json; charset=utf-8
host: localhost:56546
accept: */*

Response DefaultHttpResponse(decodeResult: success, version: HTTP/1.1)
HTTP/1.1 404 Not Found
Content-Type: application/json; charset=utf-8
cache-control: no-cache
content-length: 1029

17:48:17.911 [AsyncHttpClient-1-17] DEBUG org.asynchttpclient.netty.channel.ChannelManager - Adding key: http://localhost:56546 for channel [id: 0xb2b4dcff, L:/127.0.0.1:56553 - R:localhost/127.0.0.1:56546]
17:48:18.023 [Forwarding findElement on session 9982a612580eef99d20711feeae447b6 to remote] DEBUG org.asynchttpclient.netty.request.NettyRequestSender - Using pooled Channel '[id: 0xb2b4dcff, L:/127.0.0.1:56553 - R:localhost/127.0.0.1:56546]' for 'POST' to 'http://localhost:56546/session/9982a612580eef99d20711feeae447b6/element'
17:48:18.023 [Forwarding findElement on session 9982a612580eef99d20711feeae447b6 to remote] DEBUG org.asynchttpclient.netty.request.NettyRequestSender - Using open Channel [id: 0xb2b4dcff, L:/127.0.0.1:56553 - R:localhost/127.0.0.1:56546] for POST '/session/9982a612580eef99d20711feeae447b6/element'
17:48:18.421 [AsyncHttpClient-1-1] DEBUG org.asynchttpclient.netty.channel.DefaultChannelPool - Entry count for : http://localhost:56554 : 1
17:48:19.515 [AsyncHttpClient-1-1] DEBUG org.asynchttpclient.netty.channel.DefaultChannelPool - Entry count for : http://localhost:56554 : 1
17:48:20.051 [AsyncHttpClient-1-17] DEBUG org.asynchttpclient.netty.handler.HttpHandler - 

Request DefaultHttpRequest(decodeResult: success, version: HTTP/1.1)
POST /session/9982a612580eef99d20711feeae447b6/element HTTP/1.1
User-Agent: selenium/4.1.2 (java windows)
Content-Length: 161
Content-Type: application/json; charset=utf-8
host: localhost:56546
accept: */*

Response DefaultHttpResponse(decodeResult: success, version: HTTP/1.1)
HTTP/1.1 404 Not Found
Content-Type: application/json; charset=utf-8
cache-control: no-cache
content-length: 1029

17:48:20.051 [AsyncHttpClient-1-17] DEBUG org.asynchttpclient.netty.channel.ChannelManager - Adding key: http://localhost:56546 for channel [id: 0xb2b4dcff, L:/127.0.0.1:56553 - R:localhost/127.0.0.1:56546]
17:48:20.170 [Forwarding findElement on session 9982a612580eef99d20711feeae447b6 to remote] DEBUG org.asynchttpclient.netty.request.NettyRequestSender - Using pooled Channel '[id: 0xb2b4dcff, L:/127.0.0.1:56553 - R:localhost/127.0.0.1:56546]' for 'POST' to 'http://localhost:56546/session/9982a612580eef99d20711feeae447b6/element'
17:48:20.170 [Forwarding findElement on session 9982a612580eef99d20711feeae447b6 to remote] DEBUG org.asynchttpclient.netty.request.NettyRequestSender - Using open Channel [id: 0xb2b4dcff, L:/127.0.0.1:56553 - R:localhost/127.0.0.1:56546] for POST '/session/9982a612580eef99d20711feeae447b6/element'
17:48:20.614 [AsyncHttpClient-1-1] DEBUG org.asynchttpclient.netty.channel.DefaultChannelPool - Entry count for : http://localhost:56554 : 1
17:48:21.717 [AsyncHttpClient-1-1] DEBUG org.asynchttpclient.netty.channel.DefaultChannelPool - Entry count for : http://localhost:56554 : 1
17:48:22.223 [AsyncHttpClient-1-17] DEBUG org.asynchttpclient.netty.handler.HttpHandler - 

Request DefaultHttpRequest(decodeResult: success, version: HTTP/1.1)
POST /session/9982a612580eef99d20711feeae447b6/element HTTP/1.1
User-Agent: selenium/4.1.2 (java windows)
Content-Length: 161
Content-Type: application/json; charset=utf-8
host: localhost:56546
accept: */*

Response DefaultHttpResponse(decodeResult: success, version: HTTP/1.1)
HTTP/1.1 404 Not Found
Content-Type: application/json; charset=utf-8
cache-control: no-cache
content-length: 1029

17:48:22.223 [AsyncHttpClient-1-17] DEBUG org.asynchttpclient.netty.channel.ChannelManager - Adding key: http://localhost:56546 for channel [id: 0xb2b4dcff, L:/127.0.0.1:56553 - R:localhost/127.0.0.1:56546]
17:48:22.230 [Forwarding screenshot on session 9982a612580eef99d20711feeae447b6 to remote] DEBUG org.asynchttpclient.netty.request.NettyRequestSender - Using pooled Channel '[id: 0xb2b4dcff, L:/127.0.0.1:56553 - R:localhost/127.0.0.1:56546]' for 'GET' to 'http://localhost:56546/session/9982a612580eef99d20711feeae447b6/screenshot'
17:48:22.230 [Forwarding screenshot on session 9982a612580eef99d20711feeae447b6 to remote] DEBUG org.asynchttpclient.netty.request.NettyRequestSender - Using open Channel [id: 0xb2b4dcff, L:/127.0.0.1:56553 - R:localhost/127.0.0.1:56546] for GET '/session/9982a612580eef99d20711feeae447b6/screenshot'
17:48:22.373 [AsyncHttpClient-1-17] DEBUG org.asynchttpclient.netty.handler.HttpHandler - 

Request DefaultFullHttpRequest(decodeResult: success, version: HTTP/1.1, content: EmptyByteBufBE)
GET /session/9982a612580eef99d20711feeae447b6/screenshot HTTP/1.1
User-Agent: selenium/4.1.2 (java windows)
Cache-Control: no-cache
Content-Type: application/json; charset=utf-8
host: localhost:56546
accept: */*

Response DefaultHttpResponse(decodeResult: success, version: HTTP/1.1)
HTTP/1.1 200 OK
Content-Type: application/json; charset=utf-8
cache-control: no-cache
content-length: 8064

17:48:22.373 [AsyncHttpClient-1-17] DEBUG org.asynchttpclient.netty.channel.ChannelManager - Adding key: http://localhost:56546 for channel [id: 0xb2b4dcff, L:/127.0.0.1:56553 - R:localhost/127.0.0.1:56546]
17:48:22.375 [main] DEBUG net.serenitybdd.core.photography.Darkroom - Send negative for processing for target\site\serenity\3c90801a70fb2c2bfe5fc60b174aa3986624ea5eb79294b52a5a7ca3339080db.png
17:48:22.379 [Forwarding getPageSource on session 9982a612580eef99d20711feeae447b6 to remote] DEBUG org.asynchttpclient.netty.request.NettyRequestSender - Using pooled Channel '[id: 0xb2b4dcff, L:/127.0.0.1:56553 - R:localhost/127.0.0.1:56546]' for 'POST' to 'http://localhost:56546/session/9982a612580eef99d20711feeae447b6/execute/sync'
17:48:22.379 [Forwarding getPageSource on session 9982a612580eef99d20711feeae447b6 to remote] DEBUG org.asynchttpclient.netty.request.NettyRequestSender - Using open Channel [id: 0xb2b4dcff, L:/127.0.0.1:56553 - R:localhost/127.0.0.1:56546] for POST '/session/9982a612580eef99d20711feeae447b6/execute/sync'
17:48:22.386 [AsyncHttpClient-1-17] DEBUG org.asynchttpclient.netty.handler.HttpHandler - 

Request DefaultHttpRequest(decodeResult: success, version: HTTP/1.1)
POST /session/9982a612580eef99d20711feeae447b6/execute/sync HTTP/1.1
User-Agent: selenium/4.1.2 (java windows)
Content-Length: 176
Content-Type: application/json; charset=utf-8
host: localhost:56546
accept: */*

Response DefaultHttpResponse(decodeResult: success, version: HTTP/1.1)
HTTP/1.1 200 OK
Content-Type: application/json; charset=utf-8
cache-control: no-cache
content-length: 852

17:48:22.386 [AsyncHttpClient-1-17] DEBUG org.asynchttpclient.netty.channel.ChannelManager - Adding key: http://localhost:56546 for channel [id: 0xb2b4dcff, L:/127.0.0.1:56553 - R:localhost/127.0.0.1:56546]
17:48:22.389 [Forwarding getCurrentUrl on session 9982a612580eef99d20711feeae447b6 to remote] DEBUG org.asynchttpclient.netty.request.NettyRequestSender - Using pooled Channel '[id: 0xb2b4dcff, L:/127.0.0.1:56553 - R:localhost/127.0.0.1:56546]' for 'GET' to 'http://localhost:56546/session/9982a612580eef99d20711feeae447b6/url'
17:48:22.389 [Forwarding getCurrentUrl on session 9982a612580eef99d20711feeae447b6 to remote] DEBUG org.asynchttpclient.netty.request.NettyRequestSender - Using open Channel [id: 0xb2b4dcff, L:/127.0.0.1:56553 - R:localhost/127.0.0.1:56546] for GET '/session/9982a612580eef99d20711feeae447b6/url'
17:48:22.394 [AsyncHttpClient-1-17] DEBUG org.asynchttpclient.netty.handler.HttpHandler - 

Request DefaultFullHttpRequest(decodeResult: success, version: HTTP/1.1, content: EmptyByteBufBE)
GET /session/9982a612580eef99d20711feeae447b6/url HTTP/1.1
User-Agent: selenium/4.1.2 (java windows)
Cache-Control: no-cache
Content-Type: application/json; charset=utf-8
host: localhost:56546
accept: */*

Response DefaultHttpResponse(decodeResult: success, version: HTTP/1.1)
HTTP/1.1 200 OK
Content-Type: application/json; charset=utf-8
cache-control: no-cache
content-length: 56

17:48:22.394 [AsyncHttpClient-1-17] DEBUG org.asynchttpclient.netty.channel.ChannelManager - Adding key: http://localhost:56546 for channel [id: 0xb2b4dcff, L:/127.0.0.1:56553 - R:localhost/127.0.0.1:56546]
  &amp#27;[31mAnd &amp#27;[0m&amp#27;[31mI click calendar button&amp#27;[0m                           &amp#27;[90m# starter.stepdefinitions.ManageVaccinationBookingsSteps.iClickCalendarButton()&amp#27;[0m
      &amp#27;[31mnet.thucydides.core.webdriver.exceptions.ElementShouldBeEnabledException: Expected enabled element was not enabled
	at net.serenitybdd.core.pages.WebElementFacadeImpl.waitUntilEnabled(WebElementFacadeImpl.java:1100)
	at net.serenitybdd.core.pages.WebElementFacadeImpl.waitUntilElementAvailable(WebElementFacadeImpl.java:888)
	at net.serenitybdd.core.pages.WebElementFacadeImpl.click(WebElementFacadeImpl.java:1182)
	at net.serenitybdd.core.pages.WebElementFacadeImpl.click(WebElementFacadeImpl.java:1201)
	at Automation@1.0-SNAPSHOT/starter.pages.ManageVaccinationBookingsPage.sortByDate(ManageVaccinationBookingsPage.java:145)
	at Automation@1.0-SNAPSHOT/starter.pages.ManageVaccinationBookingsPage$ByteBuddy$8UxQrdCL.sortByDate$accessor$DBxTDoTq(Unknown Source)
	at java.base/jdk.internal.reflect.NativeMethodAccessorImpl.invoke0(Native Method)
	at java.base/jdk.internal.reflect.NativeMethodAccessorImpl.invoke(NativeMethodAccessorImpl.java:62)
	at java.base/jdk.internal.reflect.DelegatingMethodAccessorImpl.invoke(DelegatingMethodAccessorImpl.java:43)
	at java.base/java.lang.reflect.Method.invoke(Method.java:566)
	at net.thucydides.core.steps.BaseMethodRunner.invokeMethod(BaseMethodRunner.java:18)
	at net.thucydides.core.steps.NormalMethodRunner.invokeMethodAndNotifyFailures(NormalMethodRunner.java:18)
	at net.thucydides.core.steps.StepInterceptor.runNormalMethod(StepInterceptor.java:406)
	at net.thucydides.core.steps.StepInterceptor.testStepResult(StepInterceptor.java:191)
	at net.thucydides.core.steps.StepInterceptor.intercept(StepInterceptor.java:84)
	at net.thucydides.core.steps.ProxyConfiguration$InterceptorDispatcher.intercept(ProxyConfiguration.java:51)
	at Automation@1.0-SNAPSHOT/starter.pages.ManageVaccinationBookingsPage$ByteBuddy$8UxQrdCL.sortByDate(Unknown Source)
	at Automation@1.0-SNAPSHOT/starter.stepdefinitions.ManageVaccinationBookingsSteps.iClickCalendarButton(ManageVaccinationBookingsSteps.java:74)
	at âœ½.I click calendar button(file:///C:/Users/ASUSTUF/OneDrive/Documents/Capstone%20Project/Web%20Automation/src/test/resources/features/ManageVaccinationBookings.feature:52)
Caused by: org.openqa.selenium.TimeoutException: Expected condition failed: waiting for By.xpath: //button[@class='MuiButtonBase-root MuiIconButton-root MuiIconButton-edgeEnd MuiIconButton-sizeMedium css-slyssw'] to be enabled (tried for 5 second(s) with 100 milliseconds interval)
	at org.openqa.selenium.support.ui.FluentWait.timeoutException(FluentWait.java:263)
	at org.openqa.selenium.support.ui.FluentWait.until(FluentWait.java:231)
	at net.serenitybdd.core.pages.WebElementFacadeImpl.waitUntilEnabled(WebElementFacadeImpl.java:1097)
	at net.serenitybdd.core.pages.WebElementFacadeImpl.waitUntilElementAvailable(WebElementFacadeImpl.java:888)
	at net.serenitybdd.core.pages.WebElementFacadeImpl.click(WebElementFacadeImpl.java:1182)
	at net.serenitybdd.core.pages.WebElementFacadeImpl.click(WebElementFacadeImpl.java:1201)
	at Automation@1.0-SNAPSHOT/starter.pages.ManageVaccinationBookingsPage.sortByDate(ManageVaccinationBookingsPage.java:145)
	at Automation@1.0-SNAPSHOT/starter.pages.ManageVaccinationBookingsPage$ByteBuddy$8UxQrdCL.sortByDate$accessor$DBxTDoTq(Unknown Source)
	at java.base/jdk.internal.reflect.NativeMethodAccessorImpl.invoke0(Native Method)
	at java.base/jdk.internal.reflect.NativeMethodAccessorImpl.invoke(NativeMethodAccessorImpl.java:62)
	at java.base/jdk.internal.reflect.DelegatingMethodAccessorImpl.invoke(DelegatingMethodAccessorImpl.java:43)
	at java.base/java.lang.reflect.Method.invoke(Method.java:566)
	at net.thucydides.core.steps.BaseMethodRunner.invokeMethod(BaseMethodRunner.java:18)
	at net.thucydides.core.steps.NormalMethodRunner.invokeMethodAndNotifyFailures(NormalMethodRunner.java:18)
	at net.thucydides.core.steps.StepInterceptor.runNormalMethod(StepInterceptor.java:406)
	at net.thucydides.core.steps.StepInterceptor.testStepResult(StepInterceptor.java:191)
	at net.thucydides.core.steps.StepInterceptor.intercept(StepInterceptor.java:84)
	at net.thucydides.core.steps.ProxyConfiguration$InterceptorDispatcher.intercept(ProxyConfiguration.java:51)
	at Automation@1.0-SNAPSHOT/starter.pages.ManageVaccinationBookingsPage$ByteBuddy$8UxQrdCL.sortByDate(Unknown Source)
	at Automation@1.0-SNAPSHOT/starter.stepdefinitions.ManageVaccinationBookingsSteps.iClickCalendarButton(ManageVaccinationBookingsSteps.java:74)
	at java.base/jdk.internal.reflect.NativeMethodAccessorImpl.invoke0(Native Method)
	at java.base/jdk.internal.reflect.NativeMethodAccessorImpl.invoke(NativeMethodAccessorImpl.java:62)
	at java.base/jdk.internal.reflect.DelegatingMethodAccessorImpl.invoke(DelegatingMethodAccessorImpl.java:43)
	at java.base/java.lang.reflect.Method.invoke(Method.java:566)
	at io.cucumber.java.Invoker.doInvoke(Invoker.java:66)
	at io.cucumber.java.Invoker.invoke(Invoker.java:24)
	at io.cucumber.java.AbstractGlueDefinition.invokeMethod(AbstractGlueDefinition.java:47)
	at io.cucumber.java.JavaStepDefinition.execute(JavaStepDefinition.java:29)
	at io.cucumber.core.runner.CoreStepDefinition.execute(CoreStepDefinition.java:66)
	at io.cucumber.core.runner.PickleStepDefinitionMatch.runStep(PickleStepDefinitionMatch.java:63)
	at io.cucumber.core.runner.ExecutionMode$1.execute(ExecutionMode.java:10)
	at io.cucumber.core.runner.TestStep.executeStep(TestStep.java:86)
	at io.cucumber.core.runner.TestStep.run(TestStep.java:57)
	at io.cucumber.core.runner.PickleStepTestStep.run(PickleStepTestStep.java:51)
	at io.cucumber.core.runner.TestCase.run(TestCase.java:95)
	at io.cucumber.core.runner.Runner.runPickle(Runner.java:75)
	at io.cucumber.junit.PickleRunners$NoStepDescriptions.lambda$run$0(PickleRunners.java:151)
	at io.cucumber.core.runtime.CucumberExecutionContext.lambda$runTestCase$3(CucumberExecutionContext.java:151)
	at io.cucumber.core.runtime.RethrowingThrowableCollector.executeAndThrow(RethrowingThrowableCollector.java:23)
	at io.cucumber.core.runtime.CucumberExecutionContext.runTestCase(CucumberExecutionContext.java:151)
	at io.cucumber.junit.PickleRunners$NoStepDescriptions.run(PickleRunners.java:148)
	at io.cucumber.junit.FeatureRunner.runChild(FeatureRunner.java:144)
	at io.cucumber.junit.FeatureRunner.runChild(FeatureRunner.java:28)
	at org.junit.runners.ParentRunner$4.run(ParentRunner.java:331)
	at org.junit.runners.ParentRunner$1.schedule(ParentRunner.java:79)
	at org.junit.runners.ParentRunner.runChildren(ParentRunner.java:329)
	at org.junit.runners.ParentRunner.access$100(ParentRunner.java:66)
	at org.junit.runners.ParentRunner$2.evaluate(ParentRunner.java:293)
	at org.junit.runners.ParentRunner$3.evaluate(ParentRunner.java:306)
	at org.junit.runners.ParentRunner.run(ParentRunner.java:413)
	at io.cucumber.junit.FeatureRunner.run(FeatureRunner.java:137)
	at io.cucumber.junit.CucumberSerenityRunner.runChild(CucumberSerenityRunner.java:258)
	at io.cucumber.junit.CucumberSerenityRunner.runChild(CucumberSerenityRunner.java:58)
	at org.junit.runners.ParentRunner$4.run(ParentRunner.java:331)
	at org.junit.runners.ParentRunner$1.schedule(ParentRunner.java:79)
	at org.junit.runners.ParentRunner.runChildren(ParentRunner.java:329)
	at org.junit.runners.ParentRunner.access$100(ParentRunner.java:66)
	at org.junit.runners.ParentRunner$2.evaluate(ParentRunner.java:293)
	at io.cucumber.junit.CucumberSerenityRunner$RunCucumber.evaluate(CucumberSerenityRunner.java:287)
	at org.junit.runners.ParentRunner$3.evaluate(ParentRunner.java:306)
	at org.junit.runners.ParentRunner.run(ParentRunner.java:413)
	at org.junit.runner.JUnitCore.run(JUnitCore.java:137)
	at org.junit.runner.JUnitCore.run(JUnitCore.java:115)
	at org.junit.vintage.engine.execution.RunnerExecutor.execute(RunnerExecutor.java:42)
	at org.junit.vintage.engine.VintageTestEngine.executeAllChildren(VintageTestEngine.java:80)
	at org.junit.vintage.engine.VintageTestEngine.execute(VintageTestEngine.java:72)
	at org.junit.platform.launcher.core.EngineExecutionOrchestrator.execute(EngineExecutionOrchestrator.java:107)
	at org.junit.platform.launcher.core.EngineExecutionOrchestrator.execute(EngineExecutionOrchestrator.java:88)
	at org.junit.platform.launcher.core.EngineExecutionOrchestrator.lambda$execute$0(EngineExecutionOrchestrator.java:54)
	at org.junit.platform.launcher.core.EngineExecutionOrchestrator.withInterceptedStreams(EngineExecutionOrchestrator.java:67)
	at org.junit.platform.launcher.core.EngineExecutionOrchestrator.execute(EngineExecutionOrchestrator.java:52)
	at org.junit.platform.launcher.core.DefaultLauncher.execute(DefaultLauncher.java:114)
	at org.junit.platform.launcher.core.DefaultLauncher.execute(DefaultLauncher.java:86)
	at org.junit.platform.launcher.core.DefaultLauncherSession$DelegatingLauncher.execute(DefaultLauncherSession.java:86)
	at org.junit.platform.launcher.core.SessionPerRequestLauncher.execute(SessionPerRequestLauncher.java:53)
	at org.apache.maven.surefire.junitplatform.JUnitPlatformProvider.execute(JUnitPlatformProvider.java:188)
	at org.apache.maven.surefire.junitplatform.JUnitPlatformProvider.invokeAllTests(JUnitPlatformProvider.java:154)
	at org.apache.maven.surefire.junitplatform.JUnitPlatformProvider.invoke(JUnitPlatformProvider.java:128)
	at org.apache.maven.surefire.booter.ForkedBooter.runSuitesInProcess(ForkedBooter.java:428)
	at org.apache.maven.surefire.booter.ForkedBooter.execute(ForkedBooter.java:162)
	at org.apache.maven.surefire.booter.ForkedBooter.run(ForkedBooter.java:562)
	at org.apache.maven.surefire.booter.ForkedBooter.main(ForkedBooter.java:548)
Caused by: org.openqa.selenium.NoSuchElementException: no such element: Unable to locate element: {"method":"xpath","selector":"//button[@class='MuiButtonBase-root MuiIconButton-root MuiIconButton-edgeEnd MuiIconButton-sizeMedium css-slyssw']"}
  (Session info: chrome=108.0.5359.125)
For documentation on this error, please visit: https://selenium.dev/exceptions/#no_such_element
Build info: version: '4.1.2', revision: '9a5a329c5a'
System info: host: 'LAPTOP-CFD9EV6G', ip: '192.168.100.7', os.name: 'Windows 11', os.arch: 'amd64', os.version: '10.0', java.version: '11.0.16'
Driver info: org.openqa.selenium.chrome.ChromeDriver
Command: [9982a612580eef99d20711feeae447b6, findElement {using=xpath, value=//button[@class='MuiButtonBase-root MuiIconButton-root MuiIconButton-edgeEnd MuiIconButton-sizeMedium css-slyssw']}]
Capabilities {acceptInsecureCerts: false, browserName: chrome, browserVersion: 108.0.5359.125, chrome: {chromedriverVersion: 108.0.5359.71 (1e0e3868ee06..., userDataDir: C:\Users\ASUSTUF\AppData\Lo...}, goog:chromeOptions: {debuggerAddress: localhost:56554}, javascriptEnabled: true, networkConnectionEnabled: false, pageLoadStrategy: normal, platform: WINDOWS, platformName: WINDOWS, proxy: Proxy(), se:cdp: ws://localhost:56554/devtoo..., se:cdpVersion: 108.0.5359.125, setWindowRect: true, strictFileInteractability: false, timeouts: {implicit: 0, pageLoad: 300000, script: 30000}, unhandledPromptBehavior: dismiss and notify, webauthn:extension:credBlob: true, webauthn:extension:largeBlob: true, webauthn:virtualAuthenticators: true}
Session ID: 9982a612580eef99d20711feeae447b6
	at jdk.internal.reflect.GeneratedConstructorAccessor19.newInstance(Unknown Source)
	at java.base/jdk.internal.reflect.DelegatingConstructorAccessorImpl.newInstance(DelegatingConstructorAccessorImpl.java:45)
	at java.base/java.lang.reflect.Constructor.newInstance(Constructor.java:490)
	at org.openqa.selenium.remote.codec.w3c.W3CHttpResponseCodec.createException(W3CHttpResponseCodec.java:200)
	at org.openqa.selenium.remote.codec.w3c.W3CHttpResponseCodec.decode(W3CHttpResponseCodec.java:133)
	at org.openqa.selenium.remote.codec.w3c.W3CHttpResponseCodec.decode(W3CHttpResponseCodec.java:53)
	at org.openqa.selenium.remote.HttpCommandExecutor.execute(HttpCommandExecutor.java:184)
	at org.openqa.selenium.remote.service.DriverCommandExecutor.invokeExecute(DriverCommandExecutor.java:167)
	at org.openqa.selenium.remote.service.DriverCommandExecutor.execute(DriverCommandExecutor.java:142)
	at org.openqa.selenium.remote.RemoteWebDriver.execute(RemoteWebDriver.java:558)
	at org.openqa.selenium.remote.ElementLocation$ElementFinder$2.findElement(ElementLocation.java:162)
	at org.openqa.selenium.remote.ElementLocation.findElement(ElementLocation.java:60)
	at org.openqa.selenium.remote.RemoteWebDriver.findElement(RemoteWebDriver.java:382)
	at org.openqa.selenium.remote.RemoteWebDriver.findElement(RemoteWebDriver.java:374)
	at net.thucydides.core.webdriver.WebDriverFacade.findElement(WebDriverFacade.java:224)
	at net.serenitybdd.core.pages.WebElementResolverByLocator.resolveForDriver(WebElementResolverByLocator.java:25)
	at net.serenitybdd.core.pages.WebElementFacadeImpl.getResolvedElement(WebElementFacadeImpl.java:191)
	at net.serenitybdd.core.pages.WebElementFacadeImpl.getElement(WebElementFacadeImpl.java:186)
	at net.serenitybdd.core.pages.WebElementExpectations$3.apply(WebElementExpectations.java:63)
	at net.serenitybdd.core.pages.WebElementExpectations$3.apply(WebElementExpectations.java:55)
	at org.openqa.selenium.support.ui.FluentWait.until(FluentWait.java:208)
	... 80 more
&amp#27;[0m
  &amp#27;[36mAnd &amp#27;[0m&amp#27;[36mI select unavailable date&amp#27;[0m                         &amp#27;[90m# starter.stepdefinitions.ManageVaccinationBookingsSteps.iSelectUnavailableDate()&amp#27;[0m
  &amp#27;[36mThen &amp#27;[0m&amp#27;[36mno booking will be displayed&amp#27;[0m                     &amp#27;[90m# starter.stepdefinitions.ManageVaccinationBookingsSteps.noBookingWillBeDisplayed()&amp#27;[0m
17:48:22.425 [main] ERROR  - 
  _____   ___   ___   _____     ___     _     ___   _      ___   ___  
 |_   _| | __| / __| |_   _|   | __|   /_\   |_ _| | |    | __| |   \ 
   | |   | _|  \__ \   | |     | _|   / _ \   | |  | |__  | _|  | |) |
   |_|   |___| |___/   |_|     |_|   /_/ \_\ |___| |____| |___| |___/ 

Sort vaccination bookings by unavailable date
-----------------------------------------------------------------------
17:48:22.425 [main] DEBUG  - RELATED ISSUES: 
17:48:22.426 [main] ERROR  -     Test failed at step: Sort by date
17:48:22.426 [main] ERROR  -     Expected enabled element was not enabled
17:48:22.430 [AsyncHttpClient-1-19] DEBUG org.asynchttpclient.netty.handler.WebSocketHandler - Channel Closed: [id: 0x903b4e34, L:/127.0.0.1:56561 ! R:localhost/127.0.0.1:56554] with attribute NettyResponseFuture{currentRetry=5,
	isDone=1,
	isCancelled=0,
	asyncHandler=org.asynchttpclient.ws.WebSocketUpgradeHandler@7de40fd9,
	nettyRequest=org.asynchttpclient.netty.request.NettyRequest@38e69e01,
	future=java.util.concurrent.CompletableFuture@2c4b9c98[Completed normally],
	uri=ws://localhost:56554/devtools/browser/97f5d596-3867-4977-8628-9e953326ace0,
	keepAlive=true,
	redirectCount=0,
	timeoutsHolder=null,
	inAuth=0,
	touch=1671446891454}
17:48:22.430 [AsyncHttpClient-1-19] DEBUG org.asynchttpclient.netty.channel.ChannelManager - Closing Channel [id: 0x903b4e34, L:/127.0.0.1:56561 ! R:localhost/127.0.0.1:56554] 
17:48:22.430 [Driver Command Executor] DEBUG org.asynchttpclient.netty.request.NettyRequestSender - Using pooled Channel '[id: 0xb2b4dcff, L:/127.0.0.1:56553 - R:localhost/127.0.0.1:56546]' for 'DELETE' to 'http://localhost:56546/session/9982a612580eef99d20711feeae447b6'
17:48:22.430 [Driver Command Executor] DEBUG org.asynchttpclient.netty.request.NettyRequestSender - Using open Channel [id: 0xb2b4dcff, L:/127.0.0.1:56553 - R:localhost/127.0.0.1:56546] for DELETE '/session/9982a612580eef99d20711feeae447b6'
17:48:22.471 [AsyncHttpClient-1-18] DEBUG org.asynchttpclient.netty.handler.HttpHandler - Unexpected I/O exception on channel [id: 0x5ebd24b4, L:/127.0.0.1:56560 - R:localhost/127.0.0.1:56554]
java.io.IOException: An existing connection was forcibly closed by the remote host
	at java.base/sun.nio.ch.SocketDispatcher.read0(Native Method)
	at java.base/sun.nio.ch.SocketDispatcher.read(SocketDispatcher.java:43)
	at java.base/sun.nio.ch.IOUtil.readIntoNativeBuffer(IOUtil.java:276)
	at java.base/sun.nio.ch.IOUtil.read(IOUtil.java:233)
	at java.base/sun.nio.ch.IOUtil.read(IOUtil.java:223)
	at java.base/sun.nio.ch.SocketChannelImpl.read(SocketChannelImpl.java:358)
	at io.netty.buffer.PooledByteBuf.setBytes(PooledByteBuf.java:258)
	at io.netty.buffer.AbstractByteBuf.writeBytes(AbstractByteBuf.java:1132)
	at io.netty.channel.socket.nio.NioSocketChannel.doReadBytes(NioSocketChannel.java:350)
	at io.netty.channel.nio.AbstractNioByteChannel$NioByteUnsafe.read(AbstractNioByteChannel.java:151)
	at io.netty.channel.nio.NioEventLoop.processSelectedKey(NioEventLoop.java:722)
	at io.netty.channel.nio.NioEventLoop.processSelectedKeysOptimized(NioEventLoop.java:658)
	at io.netty.channel.nio.NioEventLoop.processSelectedKeys(NioEventLoop.java:584)
	at io.netty.channel.nio.NioEventLoop.run(NioEventLoop.java:496)
	at io.netty.util.concurrent.SingleThreadEventExecutor$4.run(SingleThreadEventExecutor.java:986)
	at io.netty.util.internal.ThreadExecutorMap$2.run(ThreadExecutorMap.java:74)
	at io.netty.util.concurrent.FastThreadLocalRunnable.run(FastThreadLocalRunnable.java:30)
	at java.base/java.lang.Thread.run(Thread.java:834)
17:48:22.471 [AsyncHttpClient-1-18] DEBUG org.asynchttpclient.netty.channel.ChannelManager - Closing Channel [id: 0x5ebd24b4, L:/127.0.0.1:56560 - R:localhost/127.0.0.1:56554] 
17:48:22.472 [AsyncHttpClient-1-18] DEBUG org.asynchttpclient.netty.handler.HttpHandler - Channel Closed: [id: 0x5ebd24b4, L:/127.0.0.1:56560 ! R:localhost/127.0.0.1:56554] with attribute DISCARD
17:48:22.515 [AsyncHttpClient-1-17] DEBUG org.asynchttpclient.netty.handler.HttpHandler - 

Request DefaultFullHttpRequest(decodeResult: success, version: HTTP/1.1, content: EmptyByteBufBE)
DELETE /session/9982a612580eef99d20711feeae447b6 HTTP/1.1
User-Agent: selenium/4.1.2 (java windows)
Content-Type: application/json; charset=utf-8
host: localhost:56546
accept: */*

Response DefaultHttpResponse(decodeResult: success, version: HTTP/1.1)
HTTP/1.1 200 OK
Content-Type: application/json; charset=utf-8
cache-control: no-cache
content-length: 14

17:48:22.515 [AsyncHttpClient-1-17] DEBUG org.asynchttpclient.netty.channel.ChannelManager - Adding key: http://localhost:56546 for channel [id: 0xb2b4dcff, L:/127.0.0.1:56553 - R:localhost/127.0.0.1:56546]
17:48:22.620 [AsyncHttpClient-1-17] DEBUG org.asynchttpclient.netty.handler.HttpHandler - Channel Closed: [id: 0xb2b4dcff, L:/127.0.0.1:56553 ! R:localhost/127.0.0.1:56546] with attribute DISCARD
]]></system-out>
    <system-err><![CDATA[Starting ChromeDriver 108.0.5359.71 (1e0e3868ee06e91ad636a874420e3ca3ae3756ac-refs/branch-heads/5359@{#1016}) on port 56546
Only local connections are allowed.
Please see https://chromedriver.chromium.org/security-considerations for suggestions on keeping ChromeDriver safe.
ChromeDriver was started successfully.
Dec 19, 2022 5:48:11 PM org.openqa.selenium.remote.ProtocolHandshake createSession
INFO: Detected dialect: W3C
Dec 19, 2022 5:48:11 PM org.openqa.selenium.devtools.CdpVersionFinder findNearestMatch
WARNING: Unable to find an exact match for CDP version 108, so returning the closest version found: a no-op implementation
Dec 19, 2022 5:48:11 PM org.openqa.selenium.devtools.CdpVersionFinder findNearestMatch
INFO: Unable to find CDP implementation matching 108.
Dec 19, 2022 5:48:11 PM org.openqa.selenium.chromium.ChromiumDriver lambda$new$3
WARNING: Unable to find version of CDP to use for . You may need to include a dependency on a specific version of the CDP using something similar to `org.seleniumhq.selenium:selenium-devtools-v86:4.1.2` where the version ("v86") matches the version of the chromium-based browser you're using and the version number of the artifact is the same as Selenium's.
]]></system-err>
  </testcase>
  <testcase name="Sort vaccination bookings by vaccine" classname="Manage vaccination bookings" time="14.021">
    <error type="net.thucydides.core.webdriver.exceptions.ElementShouldBeEnabledException"><![CDATA[net.thucydides.core.webdriver.exceptions.ElementShouldBeEnabledException: Expected enabled element was not enabled
Caused by: org.openqa.selenium.TimeoutException: Expected condition failed: waiting for By.xpath: //div[@fdprocessedid='p0urda'] to be enabled (tried for 5 second(s) with 100 milliseconds interval)
Caused by: org.openqa.selenium.NoSuchElementException: 
no such element: Unable to locate element: {"method":"xpath","selector":"//div[@fdprocessedid='p0urda']"}
  (Session info: chrome=108.0.5359.125)
For documentation on this error, please visit: https://selenium.dev/exceptions/#no_such_element
Build info: version: '4.1.2', revision: '9a5a329c5a'
System info: host: 'LAPTOP-CFD9EV6G', ip: '192.168.100.7', os.name: 'Windows 11', os.arch: 'amd64', os.version: '10.0', java.version: '11.0.16'
Driver info: org.openqa.selenium.chrome.ChromeDriver
Command: [9751ce9ddbb89f8ae0ee065c596b3d69, findElement {using=xpath, value=//div[@fdprocessedid='p0urda']}]
Capabilities {acceptInsecureCerts: false, browserName: chrome, browserVersion: 108.0.5359.125, chrome: {chromedriverVersion: 108.0.5359.71 (1e0e3868ee06..., userDataDir: C:\Users\ASUSTUF\AppData\Lo...}, goog:chromeOptions: {debuggerAddress: localhost:56586}, javascriptEnabled: true, networkConnectionEnabled: false, pageLoadStrategy: normal, platform: WINDOWS, platformName: WINDOWS, proxy: Proxy(), se:cdp: ws://localhost:56586/devtoo..., se:cdpVersion: 108.0.5359.125, setWindowRect: true, strictFileInteractability: false, timeouts: {implicit: 0, pageLoad: 300000, script: 30000}, unhandledPromptBehavior: dismiss and notify, webauthn:extension:credBlob: true, webauthn:extension:largeBlob: true, webauthn:virtualAuthenticators: true}
Session ID: 9751ce9ddbb89f8ae0ee065c596b3d69
]]></error>
    <system-out><![CDATA[
Scenario: Sort vaccination bookings by vaccine  &amp#27;[90m# src/test/resources/features/ManageVaccinationBookings.feature:56&amp#27;[0m
17:48:22.720 [main] INFO io.cucumber.core.plugin.SerenityReporter - Running feature from file:///C:/Users/ASUSTUF/OneDrive/Documents/Capstone%20Project/Web%20Automation/src/test/resources/features/ManageVaccinationBookings.feature
17:48:22.724 [main] INFO  - 
  _____   ___   ___   _____     ___   _____     _     ___   _____   ___   ___  
 |_   _| | __| / __| |_   _|   / __| |_   _|   /_\   | _ \ |_   _| | __| |   \ 
   | |   | _|  \__ \   | |     \__ \   | |    / _ \  |   /   | |   | _|  | |) |
   |_|   |___| |___/   |_|     |___/   |_|   /_/ \_\ |_|_\   |_|   |___| |___/ 

Sort vaccination bookings by vaccine(manage-vaccination-bookings;sort-vaccination-bookings-by-vaccine)
--------------------------------------------------------------------------------
17:48:22.744 [main] INFO net.serenitybdd.core.webdriver.driverproviders.ChromeDriverProvider - Using automatically driver download
17:48:22.828 [AsyncHttpClient-1-1] DEBUG org.asynchttpclient.netty.channel.DefaultChannelPool - Entry count for : http://localhost:56554 : 1
17:48:22.828 [AsyncHttpClient-1-1] DEBUG org.asynchttpclient.netty.channel.DefaultChannelPool - Entry count for : http://localhost:56546 : 1
17:48:22.828 [AsyncHttpClient-1-1] DEBUG org.asynchttpclient.netty.channel.DefaultChannelPool - Adding Candidate expired Channel [id: 0x5ebd24b4, L:/127.0.0.1:56560 ! R:localhost/127.0.0.1:56554] isIdleTimeoutExpired=false isRemotelyClosed=true isTtlExpired=false
17:48:22.828 [AsyncHttpClient-1-1] DEBUG org.asynchttpclient.netty.channel.DefaultChannelPool - Closing Idle Channel [id: 0x5ebd24b4, L:/127.0.0.1:56560 ! R:localhost/127.0.0.1:56554]
17:48:22.828 [AsyncHttpClient-1-1] DEBUG org.asynchttpclient.netty.channel.DefaultChannelPool - Adding Candidate expired Channel [id: 0xb2b4dcff, L:/127.0.0.1:56553 ! R:localhost/127.0.0.1:56546] isIdleTimeoutExpired=false isRemotelyClosed=true isTtlExpired=false
17:48:22.828 [AsyncHttpClient-1-1] DEBUG org.asynchttpclient.netty.channel.DefaultChannelPool - Closing Idle Channel [id: 0xb2b4dcff, L:/127.0.0.1:56553 ! R:localhost/127.0.0.1:56546]
17:48:22.828 [AsyncHttpClient-1-1] DEBUG org.asynchttpclient.netty.channel.DefaultChannelPool - Closed 2 connections out of 2 in 0 ms
17:48:22.925 [main] DEBUG io.github.bonigarcia.wdm.cache.ResolutionCache - Resolution chrome=108 in cache (valid until 18:33:56 19/12/2022 ICT)
17:48:22.928 [main] DEBUG io.github.bonigarcia.wdm.cache.ResolutionCache - Resolution chrome108=108.0.5359.71 in cache (valid until 12:44:30 20/12/2022 ICT)
17:48:22.930 [main] INFO io.github.bonigarcia.wdm.WebDriverManager - Using chromedriver 108.0.5359.71 (resolved driver for Chrome 108)
17:48:22.944 [main] DEBUG io.github.bonigarcia.wdm.WebDriverManager - Driver chromedriver 108.0.5359.71 found in cache
17:48:22.945 [main] INFO io.github.bonigarcia.wdm.WebDriverManager - Exporting webdriver.chrome.driver as C:\Users\ASUSTUF\.cache\selenium\chromedriver\win32\108.0.5359.71\chromedriver.exe
17:48:23.149 [main] DEBUG net.serenitybdd.core.webdriver.driverproviders.ProvideNewDriver - Instantiating driver
17:48:23.149 [main] DEBUG net.serenitybdd.core.webdriver.driverproviders.ProvideNewDriver - Driver capabilities: Capabilities {acceptInsecureCerts: false, base.url: https://vaksin-id.netlify.app/, browserName: chrome, chrome.driver: src/test/resources/webdrive..., driver: chrome, goog:chromeOptions: {args: [], extensions: []}}
17:48:23.915 [AsyncHttpClient-1-20] DEBUG org.asynchttpclient.netty.channel.NettyConnectListener - Using new Channel '[id: 0xc0d7a399, L:/127.0.0.1:56585 - R:localhost/127.0.0.1:63677]' for 'POST' to '/session'
17:48:25.266 [AsyncHttpClient-1-20] DEBUG org.asynchttpclient.netty.handler.HttpHandler - 

Request DefaultHttpRequest(decodeResult: success, version: HTTP/1.1)
POST /session HTTP/1.1
User-Agent: selenium/4.1.2 (java windows)
Content-Length: 616
Content-Type: application/json; charset=utf-8
host: localhost:63677
accept: */*

Response DefaultHttpResponse(decodeResult: success, version: HTTP/1.1)
HTTP/1.1 200 OK
Content-Type: application/json; charset=utf-8
cache-control: no-cache
content-length: 794

17:48:25.268 [AsyncHttpClient-1-20] DEBUG org.asynchttpclient.netty.channel.ChannelManager - Adding key: http://localhost:63677 for channel [id: 0xc0d7a399, L:/127.0.0.1:56585 - R:localhost/127.0.0.1:63677]
17:48:25.306 [AsyncHttpClient-1-21] DEBUG org.asynchttpclient.netty.channel.NettyConnectListener - Using new Channel '[id: 0x4d05c201, L:/127.0.0.1:56593 - R:localhost/127.0.0.1:56586]' for 'GET' to '/json/version'
17:48:25.323 [AsyncHttpClient-1-21] DEBUG org.asynchttpclient.netty.handler.HttpHandler - 

Request DefaultFullHttpRequest(decodeResult: success, version: HTTP/1.1, content: EmptyByteBufBE)
GET /json/version HTTP/1.1
User-Agent: selenium/4.1.2 (java windows)
host: localhost:56586
accept: */*

Response DefaultHttpResponse(decodeResult: success, version: HTTP/1.1)
HTTP/1.1 200 OK
Content-Type: application/json; charset=UTF-8
content-length: 424

17:48:25.324 [AsyncHttpClient-1-21] DEBUG org.asynchttpclient.netty.channel.ChannelManager - Adding key: http://localhost:56586 for channel [id: 0x4d05c201, L:/127.0.0.1:56593 - R:localhost/127.0.0.1:56586]
17:48:25.334 [AsyncHttpClient-1-22] DEBUG org.asynchttpclient.netty.channel.NettyConnectListener - Using new Channel '[id: 0x3680e63f, L:/127.0.0.1:56594 - R:localhost/127.0.0.1:56586]' for 'GET' to '/devtools/browser/9dfaa40e-946f-49a3-8cef-16024350eac8'
17:48:25.340 [AsyncHttpClient-1-22] DEBUG org.asynchttpclient.netty.handler.WebSocketHandler - 

Request DefaultFullHttpRequest(decodeResult: success, version: HTTP/1.1, content: EmptyByteBufBE)
GET /devtools/browser/9dfaa40e-946f-49a3-8cef-16024350eac8 HTTP/1.1
upgrade: websocket
connection: upgrade
sec-websocket-key: /mJWxrXvaFZa00cZ+PPmaQ==
sec-websocket-version: 13
origin: http://localhost:56586
host: localhost:56586
accept: */*
user-agent: AHC/2.1

Response DefaultHttpResponse(decodeResult: success, version: HTTP/1.1)
HTTP/1.1 101 WebSocket Protocol Handshake
Upgrade: WebSocket
Connection: Upgrade
Sec-WebSocket-Accept: /sZOgi6AOKipAWJOFWJhwAFYkMk=

17:48:25.358 [Forwarding get on session 9751ce9ddbb89f8ae0ee065c596b3d69 to remote] DEBUG org.asynchttpclient.netty.request.NettyRequestSender - Using pooled Channel '[id: 0xc0d7a399, L:/127.0.0.1:56585 - R:localhost/127.0.0.1:63677]' for 'POST' to 'http://localhost:63677/session/9751ce9ddbb89f8ae0ee065c596b3d69/url'
17:48:25.358 [Forwarding get on session 9751ce9ddbb89f8ae0ee065c596b3d69 to remote] DEBUG org.asynchttpclient.netty.request.NettyRequestSender - Using open Channel [id: 0xc0d7a399, L:/127.0.0.1:56585 - R:localhost/127.0.0.1:63677] for POST '/session/9751ce9ddbb89f8ae0ee065c596b3d69/url'
17:48:26.114 [AsyncHttpClient-1-1] DEBUG org.asynchttpclient.netty.channel.DefaultChannelPool - Entry count for : http://localhost:56586 : 1
17:48:26.413 [AsyncHttpClient-1-20] DEBUG org.asynchttpclient.netty.handler.HttpHandler - 

Request DefaultHttpRequest(decodeResult: success, version: HTTP/1.1)
POST /session/9751ce9ddbb89f8ae0ee065c596b3d69/url HTTP/1.1
User-Agent: selenium/4.1.2 (java windows)
Content-Length: 60
Content-Type: application/json; charset=utf-8
host: localhost:63677
accept: */*

Response DefaultHttpResponse(decodeResult: success, version: HTTP/1.1)
HTTP/1.1 200 OK
Content-Type: application/json; charset=utf-8
cache-control: no-cache
content-length: 14

17:48:26.414 [AsyncHttpClient-1-20] DEBUG org.asynchttpclient.netty.channel.ChannelManager - Adding key: http://localhost:63677 for channel [id: 0xc0d7a399, L:/127.0.0.1:56585 - R:localhost/127.0.0.1:63677]
17:48:26.420 [Forwarding setTimeout on session 9751ce9ddbb89f8ae0ee065c596b3d69 to remote] DEBUG org.asynchttpclient.netty.request.NettyRequestSender - Using pooled Channel '[id: 0xc0d7a399, L:/127.0.0.1:56585 - R:localhost/127.0.0.1:63677]' for 'POST' to 'http://localhost:63677/session/9751ce9ddbb89f8ae0ee065c596b3d69/timeouts'
17:48:26.421 [Forwarding setTimeout on session 9751ce9ddbb89f8ae0ee065c596b3d69 to remote] DEBUG org.asynchttpclient.netty.request.NettyRequestSender - Using open Channel [id: 0xc0d7a399, L:/127.0.0.1:56585 - R:localhost/127.0.0.1:63677] for POST '/session/9751ce9ddbb89f8ae0ee065c596b3d69/timeouts'
17:48:26.424 [AsyncHttpClient-1-20] DEBUG org.asynchttpclient.netty.handler.HttpHandler - 

Request DefaultHttpRequest(decodeResult: success, version: HTTP/1.1)
POST /session/9751ce9ddbb89f8ae0ee065c596b3d69/timeouts HTTP/1.1
User-Agent: selenium/4.1.2 (java windows)
Content-Length: 22
Content-Type: application/json; charset=utf-8
host: localhost:63677
accept: */*

Response DefaultHttpResponse(decodeResult: success, version: HTTP/1.1)
HTTP/1.1 200 OK
Content-Type: application/json; charset=utf-8
cache-control: no-cache
content-length: 14

17:48:26.425 [AsyncHttpClient-1-20] DEBUG org.asynchttpclient.netty.channel.ChannelManager - Adding key: http://localhost:63677 for channel [id: 0xc0d7a399, L:/127.0.0.1:56585 - R:localhost/127.0.0.1:63677]
17:48:26.433 [Forwarding getCurrentUrl on session 9751ce9ddbb89f8ae0ee065c596b3d69 to remote] DEBUG org.asynchttpclient.netty.request.NettyRequestSender - Using pooled Channel '[id: 0xc0d7a399, L:/127.0.0.1:56585 - R:localhost/127.0.0.1:63677]' for 'GET' to 'http://localhost:63677/session/9751ce9ddbb89f8ae0ee065c596b3d69/url'
17:48:26.433 [Forwarding getCurrentUrl on session 9751ce9ddbb89f8ae0ee065c596b3d69 to remote] DEBUG org.asynchttpclient.netty.request.NettyRequestSender - Using open Channel [id: 0xc0d7a399, L:/127.0.0.1:56585 - R:localhost/127.0.0.1:63677] for GET '/session/9751ce9ddbb89f8ae0ee065c596b3d69/url'
17:48:26.454 [AsyncHttpClient-1-20] DEBUG org.asynchttpclient.netty.handler.HttpHandler - 

Request DefaultFullHttpRequest(decodeResult: success, version: HTTP/1.1, content: EmptyByteBufBE)
GET /session/9751ce9ddbb89f8ae0ee065c596b3d69/url HTTP/1.1
User-Agent: selenium/4.1.2 (java windows)
Cache-Control: no-cache
Content-Type: application/json; charset=utf-8
host: localhost:63677
accept: */*

Response DefaultHttpResponse(decodeResult: success, version: HTTP/1.1)
HTTP/1.1 200 OK
Content-Type: application/json; charset=utf-8
cache-control: no-cache
content-length: 42

17:48:26.455 [AsyncHttpClient-1-20] DEBUG org.asynchttpclient.netty.channel.ChannelManager - Adding key: http://localhost:63677 for channel [id: 0xc0d7a399, L:/127.0.0.1:56585 - R:localhost/127.0.0.1:63677]
  &amp#27;[32mGiven &amp#27;[0m&amp#27;[32mI am on landing page&amp#27;[0m                    &amp#27;[90m# starter.stepdefinitions.ManageVaccinationBookingsSteps.iAmOnLandingPage()&amp#27;[0m
17:48:26.462 [Forwarding screenshot on session 9751ce9ddbb89f8ae0ee065c596b3d69 to remote] DEBUG org.asynchttpclient.netty.request.NettyRequestSender - Using pooled Channel '[id: 0xc0d7a399, L:/127.0.0.1:56585 - R:localhost/127.0.0.1:63677]' for 'GET' to 'http://localhost:63677/session/9751ce9ddbb89f8ae0ee065c596b3d69/screenshot'
17:48:26.462 [Forwarding screenshot on session 9751ce9ddbb89f8ae0ee065c596b3d69 to remote] DEBUG org.asynchttpclient.netty.request.NettyRequestSender - Using open Channel [id: 0xc0d7a399, L:/127.0.0.1:56585 - R:localhost/127.0.0.1:63677] for GET '/session/9751ce9ddbb89f8ae0ee065c596b3d69/screenshot'
17:48:27.215 [AsyncHttpClient-1-1] DEBUG org.asynchttpclient.netty.channel.DefaultChannelPool - Entry count for : http://localhost:56586 : 1
17:48:27.643 [AsyncHttpClient-1-20] DEBUG org.asynchttpclient.netty.handler.HttpHandler - 

Request DefaultFullHttpRequest(decodeResult: success, version: HTTP/1.1, content: EmptyByteBufBE)
GET /session/9751ce9ddbb89f8ae0ee065c596b3d69/screenshot HTTP/1.1
User-Agent: selenium/4.1.2 (java windows)
Cache-Control: no-cache
Content-Type: application/json; charset=utf-8
host: localhost:63677
accept: */*

Response DefaultHttpResponse(decodeResult: success, version: HTTP/1.1)
HTTP/1.1 200 OK
Content-Type: application/json; charset=utf-8
cache-control: no-cache
content-length: 847132

17:48:27.645 [AsyncHttpClient-1-20] DEBUG org.asynchttpclient.netty.channel.ChannelManager - Adding key: http://localhost:63677 for channel [id: 0xc0d7a399, L:/127.0.0.1:56585 - R:localhost/127.0.0.1:63677]
17:48:27.670 [main] DEBUG net.serenitybdd.core.photography.Darkroom - Send negative for processing for target\site\serenity\ff3b83dd42f508d91c0c8488aed412149de34b436c7528a8caa8428592644731.png
17:48:27.689 [Forwarding findElement on session 9751ce9ddbb89f8ae0ee065c596b3d69 to remote] DEBUG org.asynchttpclient.netty.request.NettyRequestSender - Using pooled Channel '[id: 0xc0d7a399, L:/127.0.0.1:56585 - R:localhost/127.0.0.1:63677]' for 'POST' to 'http://localhost:63677/session/9751ce9ddbb89f8ae0ee065c596b3d69/element'
17:48:27.689 [Forwarding findElement on session 9751ce9ddbb89f8ae0ee065c596b3d69 to remote] DEBUG org.asynchttpclient.netty.request.NettyRequestSender - Using open Channel [id: 0xc0d7a399, L:/127.0.0.1:56585 - R:localhost/127.0.0.1:63677] for POST '/session/9751ce9ddbb89f8ae0ee065c596b3d69/element'
17:48:27.710 [AsyncHttpClient-1-20] DEBUG org.asynchttpclient.netty.handler.HttpHandler - 

Request DefaultHttpRequest(decodeResult: success, version: HTTP/1.1)
POST /session/9751ce9ddbb89f8ae0ee065c596b3d69/element HTTP/1.1
User-Agent: selenium/4.1.2 (java windows)
Content-Length: 315
Content-Type: application/json; charset=utf-8
host: localhost:63677
accept: */*

Response DefaultHttpResponse(decodeResult: success, version: HTTP/1.1)
HTTP/1.1 200 OK
Content-Type: application/json; charset=utf-8
cache-control: no-cache
content-length: 88

17:48:27.710 [AsyncHttpClient-1-20] DEBUG org.asynchttpclient.netty.channel.ChannelManager - Adding key: http://localhost:63677 for channel [id: 0xc0d7a399, L:/127.0.0.1:56585 - R:localhost/127.0.0.1:63677]
17:48:27.712 [Forwarding getElementTagName on session 9751ce9ddbb89f8ae0ee065c596b3d69 to remote] DEBUG org.asynchttpclient.netty.request.NettyRequestSender - Using pooled Channel '[id: 0xc0d7a399, L:/127.0.0.1:56585 - R:localhost/127.0.0.1:63677]' for 'GET' to 'http://localhost:63677/session/9751ce9ddbb89f8ae0ee065c596b3d69/element/5ee96e0b-2f7d-4caf-a7ba-6ed2e6d33652/name'
17:48:27.712 [Forwarding getElementTagName on session 9751ce9ddbb89f8ae0ee065c596b3d69 to remote] DEBUG org.asynchttpclient.netty.request.NettyRequestSender - Using open Channel [id: 0xc0d7a399, L:/127.0.0.1:56585 - R:localhost/127.0.0.1:63677] for GET '/session/9751ce9ddbb89f8ae0ee065c596b3d69/element/5ee96e0b-2f7d-4caf-a7ba-6ed2e6d33652/name'
17:48:27.720 [AsyncHttpClient-1-20] DEBUG org.asynchttpclient.netty.handler.HttpHandler - 

Request DefaultFullHttpRequest(decodeResult: success, version: HTTP/1.1, content: EmptyByteBufBE)
GET /session/9751ce9ddbb89f8ae0ee065c596b3d69/element/5ee96e0b-2f7d-4caf-a7ba-6ed2e6d33652/name HTTP/1.1
User-Agent: selenium/4.1.2 (java windows)
Cache-Control: no-cache
Content-Type: application/json; charset=utf-8
host: localhost:63677
accept: */*

Response DefaultHttpResponse(decodeResult: success, version: HTTP/1.1)
HTTP/1.1 200 OK
Content-Type: application/json; charset=utf-8
cache-control: no-cache
content-length: 18

17:48:27.720 [AsyncHttpClient-1-20] DEBUG org.asynchttpclient.netty.channel.ChannelManager - Adding key: http://localhost:63677 for channel [id: 0xc0d7a399, L:/127.0.0.1:56585 - R:localhost/127.0.0.1:63677]
17:48:27.722 [Forwarding getElementTagName on session 9751ce9ddbb89f8ae0ee065c596b3d69 to remote] DEBUG org.asynchttpclient.netty.request.NettyRequestSender - Using pooled Channel '[id: 0xc0d7a399, L:/127.0.0.1:56585 - R:localhost/127.0.0.1:63677]' for 'GET' to 'http://localhost:63677/session/9751ce9ddbb89f8ae0ee065c596b3d69/element/5ee96e0b-2f7d-4caf-a7ba-6ed2e6d33652/name'
17:48:27.722 [Forwarding getElementTagName on session 9751ce9ddbb89f8ae0ee065c596b3d69 to remote] DEBUG org.asynchttpclient.netty.request.NettyRequestSender - Using open Channel [id: 0xc0d7a399, L:/127.0.0.1:56585 - R:localhost/127.0.0.1:63677] for GET '/session/9751ce9ddbb89f8ae0ee065c596b3d69/element/5ee96e0b-2f7d-4caf-a7ba-6ed2e6d33652/name'
17:48:27.728 [AsyncHttpClient-1-20] DEBUG org.asynchttpclient.netty.handler.HttpHandler - 

Request DefaultFullHttpRequest(decodeResult: success, version: HTTP/1.1, content: EmptyByteBufBE)
GET /session/9751ce9ddbb89f8ae0ee065c596b3d69/element/5ee96e0b-2f7d-4caf-a7ba-6ed2e6d33652/name HTTP/1.1
User-Agent: selenium/4.1.2 (java windows)
Cache-Control: no-cache
Content-Type: application/json; charset=utf-8
host: localhost:63677
accept: */*

Response DefaultHttpResponse(decodeResult: success, version: HTTP/1.1)
HTTP/1.1 200 OK
Content-Type: application/json; charset=utf-8
cache-control: no-cache
content-length: 18

17:48:27.728 [AsyncHttpClient-1-20] DEBUG org.asynchttpclient.netty.channel.ChannelManager - Adding key: http://localhost:63677 for channel [id: 0xc0d7a399, L:/127.0.0.1:56585 - R:localhost/127.0.0.1:63677]
17:48:27.731 [Forwarding isElementEnabled on session 9751ce9ddbb89f8ae0ee065c596b3d69 to remote] DEBUG org.asynchttpclient.netty.request.NettyRequestSender - Using pooled Channel '[id: 0xc0d7a399, L:/127.0.0.1:56585 - R:localhost/127.0.0.1:63677]' for 'GET' to 'http://localhost:63677/session/9751ce9ddbb89f8ae0ee065c596b3d69/element/5ee96e0b-2f7d-4caf-a7ba-6ed2e6d33652/enabled'
17:48:27.731 [Forwarding isElementEnabled on session 9751ce9ddbb89f8ae0ee065c596b3d69 to remote] DEBUG org.asynchttpclient.netty.request.NettyRequestSender - Using open Channel [id: 0xc0d7a399, L:/127.0.0.1:56585 - R:localhost/127.0.0.1:63677] for GET '/session/9751ce9ddbb89f8ae0ee065c596b3d69/element/5ee96e0b-2f7d-4caf-a7ba-6ed2e6d33652/enabled'
17:48:27.746 [AsyncHttpClient-1-20] DEBUG org.asynchttpclient.netty.handler.HttpHandler - 

Request DefaultFullHttpRequest(decodeResult: success, version: HTTP/1.1, content: EmptyByteBufBE)
GET /session/9751ce9ddbb89f8ae0ee065c596b3d69/element/5ee96e0b-2f7d-4caf-a7ba-6ed2e6d33652/enabled HTTP/1.1
User-Agent: selenium/4.1.2 (java windows)
Cache-Control: no-cache
Content-Type: application/json; charset=utf-8
host: localhost:63677
accept: */*

Response DefaultHttpResponse(decodeResult: success, version: HTTP/1.1)
HTTP/1.1 200 OK
Content-Type: application/json; charset=utf-8
cache-control: no-cache
content-length: 14

17:48:27.746 [AsyncHttpClient-1-20] DEBUG org.asynchttpclient.netty.channel.ChannelManager - Adding key: http://localhost:63677 for channel [id: 0xc0d7a399, L:/127.0.0.1:56585 - R:localhost/127.0.0.1:63677]
17:48:27.747 [Forwarding isElementEnabled on session 9751ce9ddbb89f8ae0ee065c596b3d69 to remote] DEBUG org.asynchttpclient.netty.request.NettyRequestSender - Using pooled Channel '[id: 0xc0d7a399, L:/127.0.0.1:56585 - R:localhost/127.0.0.1:63677]' for 'GET' to 'http://localhost:63677/session/9751ce9ddbb89f8ae0ee065c596b3d69/element/5ee96e0b-2f7d-4caf-a7ba-6ed2e6d33652/enabled'
17:48:27.748 [Forwarding isElementEnabled on session 9751ce9ddbb89f8ae0ee065c596b3d69 to remote] DEBUG org.asynchttpclient.netty.request.NettyRequestSender - Using open Channel [id: 0xc0d7a399, L:/127.0.0.1:56585 - R:localhost/127.0.0.1:63677] for GET '/session/9751ce9ddbb89f8ae0ee065c596b3d69/element/5ee96e0b-2f7d-4caf-a7ba-6ed2e6d33652/enabled'
17:48:27.757 [AsyncHttpClient-1-20] DEBUG org.asynchttpclient.netty.handler.HttpHandler - 

Request DefaultFullHttpRequest(decodeResult: success, version: HTTP/1.1, content: EmptyByteBufBE)
GET /session/9751ce9ddbb89f8ae0ee065c596b3d69/element/5ee96e0b-2f7d-4caf-a7ba-6ed2e6d33652/enabled HTTP/1.1
User-Agent: selenium/4.1.2 (java windows)
Cache-Control: no-cache
Content-Type: application/json; charset=utf-8
host: localhost:63677
accept: */*

Response DefaultHttpResponse(decodeResult: success, version: HTTP/1.1)
HTTP/1.1 200 OK
Content-Type: application/json; charset=utf-8
cache-control: no-cache
content-length: 14

17:48:27.757 [AsyncHttpClient-1-20] DEBUG org.asynchttpclient.netty.channel.ChannelManager - Adding key: http://localhost:63677 for channel [id: 0xc0d7a399, L:/127.0.0.1:56585 - R:localhost/127.0.0.1:63677]
17:48:27.760 [Forwarding findElement on session 9751ce9ddbb89f8ae0ee065c596b3d69 to remote] DEBUG org.asynchttpclient.netty.request.NettyRequestSender - Using pooled Channel '[id: 0xc0d7a399, L:/127.0.0.1:56585 - R:localhost/127.0.0.1:63677]' for 'POST' to 'http://localhost:63677/session/9751ce9ddbb89f8ae0ee065c596b3d69/element'
17:48:27.760 [Forwarding findElement on session 9751ce9ddbb89f8ae0ee065c596b3d69 to remote] DEBUG org.asynchttpclient.netty.request.NettyRequestSender - Using open Channel [id: 0xc0d7a399, L:/127.0.0.1:56585 - R:localhost/127.0.0.1:63677] for POST '/session/9751ce9ddbb89f8ae0ee065c596b3d69/element'
17:48:27.770 [AsyncHttpClient-1-20] DEBUG org.asynchttpclient.netty.handler.HttpHandler - 

Request DefaultHttpRequest(decodeResult: success, version: HTTP/1.1)
POST /session/9751ce9ddbb89f8ae0ee065c596b3d69/element HTTP/1.1
User-Agent: selenium/4.1.2 (java windows)
Content-Length: 315
Content-Type: application/json; charset=utf-8
host: localhost:63677
accept: */*

Response DefaultHttpResponse(decodeResult: success, version: HTTP/1.1)
HTTP/1.1 200 OK
Content-Type: application/json; charset=utf-8
cache-control: no-cache
content-length: 88

17:48:27.770 [AsyncHttpClient-1-20] DEBUG org.asynchttpclient.netty.channel.ChannelManager - Adding key: http://localhost:63677 for channel [id: 0xc0d7a399, L:/127.0.0.1:56585 - R:localhost/127.0.0.1:63677]
17:48:27.771 [Forwarding clickElement on session 9751ce9ddbb89f8ae0ee065c596b3d69 to remote] DEBUG org.asynchttpclient.netty.request.NettyRequestSender - Using pooled Channel '[id: 0xc0d7a399, L:/127.0.0.1:56585 - R:localhost/127.0.0.1:63677]' for 'POST' to 'http://localhost:63677/session/9751ce9ddbb89f8ae0ee065c596b3d69/element/5ee96e0b-2f7d-4caf-a7ba-6ed2e6d33652/click'
17:48:27.772 [Forwarding clickElement on session 9751ce9ddbb89f8ae0ee065c596b3d69 to remote] DEBUG org.asynchttpclient.netty.request.NettyRequestSender - Using open Channel [id: 0xc0d7a399, L:/127.0.0.1:56585 - R:localhost/127.0.0.1:63677] for POST '/session/9751ce9ddbb89f8ae0ee065c596b3d69/element/5ee96e0b-2f7d-4caf-a7ba-6ed2e6d33652/click'
17:48:27.922 [AsyncHttpClient-1-20] DEBUG org.asynchttpclient.netty.handler.HttpHandler - 

Request DefaultHttpRequest(decodeResult: success, version: HTTP/1.1)
POST /session/9751ce9ddbb89f8ae0ee065c596b3d69/element/5ee96e0b-2f7d-4caf-a7ba-6ed2e6d33652/click HTTP/1.1
User-Agent: selenium/4.1.2 (java windows)
Content-Length: 50
Content-Type: application/json; charset=utf-8
host: localhost:63677
accept: */*

Response DefaultHttpResponse(decodeResult: success, version: HTTP/1.1)
HTTP/1.1 200 OK
Content-Type: application/json; charset=utf-8
cache-control: no-cache
content-length: 14

17:48:27.922 [AsyncHttpClient-1-20] DEBUG org.asynchttpclient.netty.channel.ChannelManager - Adding key: http://localhost:63677 for channel [id: 0xc0d7a399, L:/127.0.0.1:56585 - R:localhost/127.0.0.1:63677]
17:48:27.930 [Forwarding findElement on session 9751ce9ddbb89f8ae0ee065c596b3d69 to remote] DEBUG org.asynchttpclient.netty.request.NettyRequestSender - Using pooled Channel '[id: 0xc0d7a399, L:/127.0.0.1:56585 - R:localhost/127.0.0.1:63677]' for 'POST' to 'http://localhost:63677/session/9751ce9ddbb89f8ae0ee065c596b3d69/element'
17:48:27.931 [Forwarding findElement on session 9751ce9ddbb89f8ae0ee065c596b3d69 to remote] DEBUG org.asynchttpclient.netty.request.NettyRequestSender - Using open Channel [id: 0xc0d7a399, L:/127.0.0.1:56585 - R:localhost/127.0.0.1:63677] for POST '/session/9751ce9ddbb89f8ae0ee065c596b3d69/element'
17:48:27.947 [AsyncHttpClient-1-20] DEBUG org.asynchttpclient.netty.handler.HttpHandler - 

Request DefaultHttpRequest(decodeResult: success, version: HTTP/1.1)
POST /session/9751ce9ddbb89f8ae0ee065c596b3d69/element HTTP/1.1
User-Agent: selenium/4.1.2 (java windows)
Content-Length: 69
Content-Type: application/json; charset=utf-8
host: localhost:63677
accept: */*

Response DefaultHttpResponse(decodeResult: success, version: HTTP/1.1)
HTTP/1.1 200 OK
Content-Type: application/json; charset=utf-8
cache-control: no-cache
content-length: 88

17:48:27.947 [AsyncHttpClient-1-20] DEBUG org.asynchttpclient.netty.channel.ChannelManager - Adding key: http://localhost:63677 for channel [id: 0xc0d7a399, L:/127.0.0.1:56585 - R:localhost/127.0.0.1:63677]
17:48:27.949 [Forwarding clearElement on session 9751ce9ddbb89f8ae0ee065c596b3d69 to remote] DEBUG org.asynchttpclient.netty.request.NettyRequestSender - Using pooled Channel '[id: 0xc0d7a399, L:/127.0.0.1:56585 - R:localhost/127.0.0.1:63677]' for 'POST' to 'http://localhost:63677/session/9751ce9ddbb89f8ae0ee065c596b3d69/element/f504fb62-bbbc-4704-a56a-6f33fb5ab36a/clear'
17:48:27.949 [Forwarding clearElement on session 9751ce9ddbb89f8ae0ee065c596b3d69 to remote] DEBUG org.asynchttpclient.netty.request.NettyRequestSender - Using open Channel [id: 0xc0d7a399, L:/127.0.0.1:56585 - R:localhost/127.0.0.1:63677] for POST '/session/9751ce9ddbb89f8ae0ee065c596b3d69/element/f504fb62-bbbc-4704-a56a-6f33fb5ab36a/clear'
17:48:28.003 [AsyncHttpClient-1-20] DEBUG org.asynchttpclient.netty.handler.HttpHandler - 

Request DefaultHttpRequest(decodeResult: success, version: HTTP/1.1)
POST /session/9751ce9ddbb89f8ae0ee065c596b3d69/element/f504fb62-bbbc-4704-a56a-6f33fb5ab36a/clear HTTP/1.1
User-Agent: selenium/4.1.2 (java windows)
Content-Length: 50
Content-Type: application/json; charset=utf-8
host: localhost:63677
accept: */*

Response DefaultHttpResponse(decodeResult: success, version: HTTP/1.1)
HTTP/1.1 200 OK
Content-Type: application/json; charset=utf-8
cache-control: no-cache
content-length: 14

17:48:28.003 [AsyncHttpClient-1-20] DEBUG org.asynchttpclient.netty.channel.ChannelManager - Adding key: http://localhost:63677 for channel [id: 0xc0d7a399, L:/127.0.0.1:56585 - R:localhost/127.0.0.1:63677]
17:48:28.008 [Forwarding sendKeysToElement on session 9751ce9ddbb89f8ae0ee065c596b3d69 to remote] DEBUG org.asynchttpclient.netty.request.NettyRequestSender - Using pooled Channel '[id: 0xc0d7a399, L:/127.0.0.1:56585 - R:localhost/127.0.0.1:63677]' for 'POST' to 'http://localhost:63677/session/9751ce9ddbb89f8ae0ee065c596b3d69/element/f504fb62-bbbc-4704-a56a-6f33fb5ab36a/value'
17:48:28.008 [Forwarding sendKeysToElement on session 9751ce9ddbb89f8ae0ee065c596b3d69 to remote] DEBUG org.asynchttpclient.netty.request.NettyRequestSender - Using open Channel [id: 0xc0d7a399, L:/127.0.0.1:56585 - R:localhost/127.0.0.1:63677] for POST '/session/9751ce9ddbb89f8ae0ee065c596b3d69/element/f504fb62-bbbc-4704-a56a-6f33fb5ab36a/value'
17:48:28.314 [AsyncHttpClient-1-1] DEBUG org.asynchttpclient.netty.channel.DefaultChannelPool - Entry count for : http://localhost:56586 : 1
17:48:28.340 [AsyncHttpClient-1-20] DEBUG org.asynchttpclient.netty.handler.HttpHandler - 

Request DefaultHttpRequest(decodeResult: success, version: HTTP/1.1)
POST /session/9751ce9ddbb89f8ae0ee065c596b3d69/element/f504fb62-bbbc-4704-a56a-6f33fb5ab36a/value HTTP/1.1
User-Agent: selenium/4.1.2 (java windows)
Content-Length: 411
Content-Type: application/json; charset=utf-8
host: localhost:63677
accept: */*

Response DefaultHttpResponse(decodeResult: success, version: HTTP/1.1)
HTTP/1.1 200 OK
Content-Type: application/json; charset=utf-8
cache-control: no-cache
content-length: 14

17:48:28.340 [AsyncHttpClient-1-20] DEBUG org.asynchttpclient.netty.channel.ChannelManager - Adding key: http://localhost:63677 for channel [id: 0xc0d7a399, L:/127.0.0.1:56585 - R:localhost/127.0.0.1:63677]
17:48:28.345 [Forwarding findElement on session 9751ce9ddbb89f8ae0ee065c596b3d69 to remote] DEBUG org.asynchttpclient.netty.request.NettyRequestSender - Using pooled Channel '[id: 0xc0d7a399, L:/127.0.0.1:56585 - R:localhost/127.0.0.1:63677]' for 'POST' to 'http://localhost:63677/session/9751ce9ddbb89f8ae0ee065c596b3d69/element'
17:48:28.346 [Forwarding findElement on session 9751ce9ddbb89f8ae0ee065c596b3d69 to remote] DEBUG org.asynchttpclient.netty.request.NettyRequestSender - Using open Channel [id: 0xc0d7a399, L:/127.0.0.1:56585 - R:localhost/127.0.0.1:63677] for POST '/session/9751ce9ddbb89f8ae0ee065c596b3d69/element'
17:48:28.364 [AsyncHttpClient-1-20] DEBUG org.asynchttpclient.netty.handler.HttpHandler - 

Request DefaultHttpRequest(decodeResult: success, version: HTTP/1.1)
POST /session/9751ce9ddbb89f8ae0ee065c596b3d69/element HTTP/1.1
User-Agent: selenium/4.1.2 (java windows)
Content-Length: 72
Content-Type: application/json; charset=utf-8
host: localhost:63677
accept: */*

Response DefaultHttpResponse(decodeResult: success, version: HTTP/1.1)
HTTP/1.1 200 OK
Content-Type: application/json; charset=utf-8
cache-control: no-cache
content-length: 88

17:48:28.364 [AsyncHttpClient-1-20] DEBUG org.asynchttpclient.netty.channel.ChannelManager - Adding key: http://localhost:63677 for channel [id: 0xc0d7a399, L:/127.0.0.1:56585 - R:localhost/127.0.0.1:63677]
17:48:28.365 [Forwarding clearElement on session 9751ce9ddbb89f8ae0ee065c596b3d69 to remote] DEBUG org.asynchttpclient.netty.request.NettyRequestSender - Using pooled Channel '[id: 0xc0d7a399, L:/127.0.0.1:56585 - R:localhost/127.0.0.1:63677]' for 'POST' to 'http://localhost:63677/session/9751ce9ddbb89f8ae0ee065c596b3d69/element/91a5f170-67d5-4dca-be1a-762c5e829536/clear'
17:48:28.365 [Forwarding clearElement on session 9751ce9ddbb89f8ae0ee065c596b3d69 to remote] DEBUG org.asynchttpclient.netty.request.NettyRequestSender - Using open Channel [id: 0xc0d7a399, L:/127.0.0.1:56585 - R:localhost/127.0.0.1:63677] for POST '/session/9751ce9ddbb89f8ae0ee065c596b3d69/element/91a5f170-67d5-4dca-be1a-762c5e829536/clear'
17:48:28.430 [AsyncHttpClient-1-20] DEBUG org.asynchttpclient.netty.handler.HttpHandler - 

Request DefaultHttpRequest(decodeResult: success, version: HTTP/1.1)
POST /session/9751ce9ddbb89f8ae0ee065c596b3d69/element/91a5f170-67d5-4dca-be1a-762c5e829536/clear HTTP/1.1
User-Agent: selenium/4.1.2 (java windows)
Content-Length: 50
Content-Type: application/json; charset=utf-8
host: localhost:63677
accept: */*

Response DefaultHttpResponse(decodeResult: success, version: HTTP/1.1)
HTTP/1.1 200 OK
Content-Type: application/json; charset=utf-8
cache-control: no-cache
content-length: 14

17:48:28.431 [AsyncHttpClient-1-20] DEBUG org.asynchttpclient.netty.channel.ChannelManager - Adding key: http://localhost:63677 for channel [id: 0xc0d7a399, L:/127.0.0.1:56585 - R:localhost/127.0.0.1:63677]
17:48:28.441 [Forwarding sendKeysToElement on session 9751ce9ddbb89f8ae0ee065c596b3d69 to remote] DEBUG org.asynchttpclient.netty.request.NettyRequestSender - Using pooled Channel '[id: 0xc0d7a399, L:/127.0.0.1:56585 - R:localhost/127.0.0.1:63677]' for 'POST' to 'http://localhost:63677/session/9751ce9ddbb89f8ae0ee065c596b3d69/element/91a5f170-67d5-4dca-be1a-762c5e829536/value'
17:48:28.442 [Forwarding sendKeysToElement on session 9751ce9ddbb89f8ae0ee065c596b3d69 to remote] DEBUG org.asynchttpclient.netty.request.NettyRequestSender - Using open Channel [id: 0xc0d7a399, L:/127.0.0.1:56585 - R:localhost/127.0.0.1:63677] for POST '/session/9751ce9ddbb89f8ae0ee065c596b3d69/element/91a5f170-67d5-4dca-be1a-762c5e829536/value'
17:48:28.658 [AsyncHttpClient-1-20] DEBUG org.asynchttpclient.netty.handler.HttpHandler - 

Request DefaultHttpRequest(decodeResult: success, version: HTTP/1.1)
POST /session/9751ce9ddbb89f8ae0ee065c596b3d69/element/91a5f170-67d5-4dca-be1a-762c5e829536/value HTTP/1.1
User-Agent: selenium/4.1.2 (java windows)
Content-Length: 241
Content-Type: application/json; charset=utf-8
host: localhost:63677
accept: */*

Response DefaultHttpResponse(decodeResult: success, version: HTTP/1.1)
HTTP/1.1 200 OK
Content-Type: application/json; charset=utf-8
cache-control: no-cache
content-length: 14

17:48:28.658 [AsyncHttpClient-1-20] DEBUG org.asynchttpclient.netty.channel.ChannelManager - Adding key: http://localhost:63677 for channel [id: 0xc0d7a399, L:/127.0.0.1:56585 - R:localhost/127.0.0.1:63677]
17:48:28.664 [Forwarding findElement on session 9751ce9ddbb89f8ae0ee065c596b3d69 to remote] DEBUG org.asynchttpclient.netty.request.NettyRequestSender - Using pooled Channel '[id: 0xc0d7a399, L:/127.0.0.1:56585 - R:localhost/127.0.0.1:63677]' for 'POST' to 'http://localhost:63677/session/9751ce9ddbb89f8ae0ee065c596b3d69/element'
17:48:28.664 [Forwarding findElement on session 9751ce9ddbb89f8ae0ee065c596b3d69 to remote] DEBUG org.asynchttpclient.netty.request.NettyRequestSender - Using open Channel [id: 0xc0d7a399, L:/127.0.0.1:56585 - R:localhost/127.0.0.1:63677] for POST '/session/9751ce9ddbb89f8ae0ee065c596b3d69/element'
17:48:28.680 [AsyncHttpClient-1-20] DEBUG org.asynchttpclient.netty.handler.HttpHandler - 

Request DefaultHttpRequest(decodeResult: success, version: HTTP/1.1)
POST /session/9751ce9ddbb89f8ae0ee065c596b3d69/element HTTP/1.1
User-Agent: selenium/4.1.2 (java windows)
Content-Length: 321
Content-Type: application/json; charset=utf-8
host: localhost:63677
accept: */*

Response DefaultHttpResponse(decodeResult: success, version: HTTP/1.1)
HTTP/1.1 200 OK
Content-Type: application/json; charset=utf-8
cache-control: no-cache
content-length: 88

17:48:28.681 [AsyncHttpClient-1-20] DEBUG org.asynchttpclient.netty.channel.ChannelManager - Adding key: http://localhost:63677 for channel [id: 0xc0d7a399, L:/127.0.0.1:56585 - R:localhost/127.0.0.1:63677]
17:48:28.682 [Forwarding getElementTagName on session 9751ce9ddbb89f8ae0ee065c596b3d69 to remote] DEBUG org.asynchttpclient.netty.request.NettyRequestSender - Using pooled Channel '[id: 0xc0d7a399, L:/127.0.0.1:56585 - R:localhost/127.0.0.1:63677]' for 'GET' to 'http://localhost:63677/session/9751ce9ddbb89f8ae0ee065c596b3d69/element/21ab9f37-09f0-462c-89bc-1230f282ecdf/name'
17:48:28.682 [Forwarding getElementTagName on session 9751ce9ddbb89f8ae0ee065c596b3d69 to remote] DEBUG org.asynchttpclient.netty.request.NettyRequestSender - Using open Channel [id: 0xc0d7a399, L:/127.0.0.1:56585 - R:localhost/127.0.0.1:63677] for GET '/session/9751ce9ddbb89f8ae0ee065c596b3d69/element/21ab9f37-09f0-462c-89bc-1230f282ecdf/name'
17:48:28.691 [AsyncHttpClient-1-20] DEBUG org.asynchttpclient.netty.handler.HttpHandler - 

Request DefaultFullHttpRequest(decodeResult: success, version: HTTP/1.1, content: EmptyByteBufBE)
GET /session/9751ce9ddbb89f8ae0ee065c596b3d69/element/21ab9f37-09f0-462c-89bc-1230f282ecdf/name HTTP/1.1
User-Agent: selenium/4.1.2 (java windows)
Cache-Control: no-cache
Content-Type: application/json; charset=utf-8
host: localhost:63677
accept: */*

Response DefaultHttpResponse(decodeResult: success, version: HTTP/1.1)
HTTP/1.1 200 OK
Content-Type: application/json; charset=utf-8
cache-control: no-cache
content-length: 18

17:48:28.691 [AsyncHttpClient-1-20] DEBUG org.asynchttpclient.netty.channel.ChannelManager - Adding key: http://localhost:63677 for channel [id: 0xc0d7a399, L:/127.0.0.1:56585 - R:localhost/127.0.0.1:63677]
17:48:28.692 [Forwarding getElementTagName on session 9751ce9ddbb89f8ae0ee065c596b3d69 to remote] DEBUG org.asynchttpclient.netty.request.NettyRequestSender - Using pooled Channel '[id: 0xc0d7a399, L:/127.0.0.1:56585 - R:localhost/127.0.0.1:63677]' for 'GET' to 'http://localhost:63677/session/9751ce9ddbb89f8ae0ee065c596b3d69/element/21ab9f37-09f0-462c-89bc-1230f282ecdf/name'
17:48:28.692 [Forwarding getElementTagName on session 9751ce9ddbb89f8ae0ee065c596b3d69 to remote] DEBUG org.asynchttpclient.netty.request.NettyRequestSender - Using open Channel [id: 0xc0d7a399, L:/127.0.0.1:56585 - R:localhost/127.0.0.1:63677] for GET '/session/9751ce9ddbb89f8ae0ee065c596b3d69/element/21ab9f37-09f0-462c-89bc-1230f282ecdf/name'
17:48:28.697 [AsyncHttpClient-1-20] DEBUG org.asynchttpclient.netty.handler.HttpHandler - 

Request DefaultFullHttpRequest(decodeResult: success, version: HTTP/1.1, content: EmptyByteBufBE)
GET /session/9751ce9ddbb89f8ae0ee065c596b3d69/element/21ab9f37-09f0-462c-89bc-1230f282ecdf/name HTTP/1.1
User-Agent: selenium/4.1.2 (java windows)
Cache-Control: no-cache
Content-Type: application/json; charset=utf-8
host: localhost:63677
accept: */*

Response DefaultHttpResponse(decodeResult: success, version: HTTP/1.1)
HTTP/1.1 200 OK
Content-Type: application/json; charset=utf-8
cache-control: no-cache
content-length: 18

17:48:28.697 [AsyncHttpClient-1-20] DEBUG org.asynchttpclient.netty.channel.ChannelManager - Adding key: http://localhost:63677 for channel [id: 0xc0d7a399, L:/127.0.0.1:56585 - R:localhost/127.0.0.1:63677]
17:48:28.700 [Forwarding isElementEnabled on session 9751ce9ddbb89f8ae0ee065c596b3d69 to remote] DEBUG org.asynchttpclient.netty.request.NettyRequestSender - Using pooled Channel '[id: 0xc0d7a399, L:/127.0.0.1:56585 - R:localhost/127.0.0.1:63677]' for 'GET' to 'http://localhost:63677/session/9751ce9ddbb89f8ae0ee065c596b3d69/element/21ab9f37-09f0-462c-89bc-1230f282ecdf/enabled'
17:48:28.700 [Forwarding isElementEnabled on session 9751ce9ddbb89f8ae0ee065c596b3d69 to remote] DEBUG org.asynchttpclient.netty.request.NettyRequestSender - Using open Channel [id: 0xc0d7a399, L:/127.0.0.1:56585 - R:localhost/127.0.0.1:63677] for GET '/session/9751ce9ddbb89f8ae0ee065c596b3d69/element/21ab9f37-09f0-462c-89bc-1230f282ecdf/enabled'
17:48:28.714 [AsyncHttpClient-1-20] DEBUG org.asynchttpclient.netty.handler.HttpHandler - 

Request DefaultFullHttpRequest(decodeResult: success, version: HTTP/1.1, content: EmptyByteBufBE)
GET /session/9751ce9ddbb89f8ae0ee065c596b3d69/element/21ab9f37-09f0-462c-89bc-1230f282ecdf/enabled HTTP/1.1
User-Agent: selenium/4.1.2 (java windows)
Cache-Control: no-cache
Content-Type: application/json; charset=utf-8
host: localhost:63677
accept: */*

Response DefaultHttpResponse(decodeResult: success, version: HTTP/1.1)
HTTP/1.1 200 OK
Content-Type: application/json; charset=utf-8
cache-control: no-cache
content-length: 14

17:48:28.715 [AsyncHttpClient-1-20] DEBUG org.asynchttpclient.netty.channel.ChannelManager - Adding key: http://localhost:63677 for channel [id: 0xc0d7a399, L:/127.0.0.1:56585 - R:localhost/127.0.0.1:63677]
17:48:28.718 [Forwarding isElementEnabled on session 9751ce9ddbb89f8ae0ee065c596b3d69 to remote] DEBUG org.asynchttpclient.netty.request.NettyRequestSender - Using pooled Channel '[id: 0xc0d7a399, L:/127.0.0.1:56585 - R:localhost/127.0.0.1:63677]' for 'GET' to 'http://localhost:63677/session/9751ce9ddbb89f8ae0ee065c596b3d69/element/21ab9f37-09f0-462c-89bc-1230f282ecdf/enabled'
17:48:28.718 [Forwarding isElementEnabled on session 9751ce9ddbb89f8ae0ee065c596b3d69 to remote] DEBUG org.asynchttpclient.netty.request.NettyRequestSender - Using open Channel [id: 0xc0d7a399, L:/127.0.0.1:56585 - R:localhost/127.0.0.1:63677] for GET '/session/9751ce9ddbb89f8ae0ee065c596b3d69/element/21ab9f37-09f0-462c-89bc-1230f282ecdf/enabled'
17:48:28.726 [AsyncHttpClient-1-20] DEBUG org.asynchttpclient.netty.handler.HttpHandler - 

Request DefaultFullHttpRequest(decodeResult: success, version: HTTP/1.1, content: EmptyByteBufBE)
GET /session/9751ce9ddbb89f8ae0ee065c596b3d69/element/21ab9f37-09f0-462c-89bc-1230f282ecdf/enabled HTTP/1.1
User-Agent: selenium/4.1.2 (java windows)
Cache-Control: no-cache
Content-Type: application/json; charset=utf-8
host: localhost:63677
accept: */*

Response DefaultHttpResponse(decodeResult: success, version: HTTP/1.1)
HTTP/1.1 200 OK
Content-Type: application/json; charset=utf-8
cache-control: no-cache
content-length: 14

17:48:28.727 [AsyncHttpClient-1-20] DEBUG org.asynchttpclient.netty.channel.ChannelManager - Adding key: http://localhost:63677 for channel [id: 0xc0d7a399, L:/127.0.0.1:56585 - R:localhost/127.0.0.1:63677]
17:48:28.730 [Forwarding findElement on session 9751ce9ddbb89f8ae0ee065c596b3d69 to remote] DEBUG org.asynchttpclient.netty.request.NettyRequestSender - Using pooled Channel '[id: 0xc0d7a399, L:/127.0.0.1:56585 - R:localhost/127.0.0.1:63677]' for 'POST' to 'http://localhost:63677/session/9751ce9ddbb89f8ae0ee065c596b3d69/element'
17:48:28.730 [Forwarding findElement on session 9751ce9ddbb89f8ae0ee065c596b3d69 to remote] DEBUG org.asynchttpclient.netty.request.NettyRequestSender - Using open Channel [id: 0xc0d7a399, L:/127.0.0.1:56585 - R:localhost/127.0.0.1:63677] for POST '/session/9751ce9ddbb89f8ae0ee065c596b3d69/element'
17:48:28.743 [AsyncHttpClient-1-20] DEBUG org.asynchttpclient.netty.handler.HttpHandler - 

Request DefaultHttpRequest(decodeResult: success, version: HTTP/1.1)
POST /session/9751ce9ddbb89f8ae0ee065c596b3d69/element HTTP/1.1
User-Agent: selenium/4.1.2 (java windows)
Content-Length: 321
Content-Type: application/json; charset=utf-8
host: localhost:63677
accept: */*

Response DefaultHttpResponse(decodeResult: success, version: HTTP/1.1)
HTTP/1.1 200 OK
Content-Type: application/json; charset=utf-8
cache-control: no-cache
content-length: 88

17:48:28.743 [AsyncHttpClient-1-20] DEBUG org.asynchttpclient.netty.channel.ChannelManager - Adding key: http://localhost:63677 for channel [id: 0xc0d7a399, L:/127.0.0.1:56585 - R:localhost/127.0.0.1:63677]
17:48:28.744 [Forwarding clickElement on session 9751ce9ddbb89f8ae0ee065c596b3d69 to remote] DEBUG org.asynchttpclient.netty.request.NettyRequestSender - Using pooled Channel '[id: 0xc0d7a399, L:/127.0.0.1:56585 - R:localhost/127.0.0.1:63677]' for 'POST' to 'http://localhost:63677/session/9751ce9ddbb89f8ae0ee065c596b3d69/element/21ab9f37-09f0-462c-89bc-1230f282ecdf/click'
17:48:28.744 [Forwarding clickElement on session 9751ce9ddbb89f8ae0ee065c596b3d69 to remote] DEBUG org.asynchttpclient.netty.request.NettyRequestSender - Using open Channel [id: 0xc0d7a399, L:/127.0.0.1:56585 - R:localhost/127.0.0.1:63677] for POST '/session/9751ce9ddbb89f8ae0ee065c596b3d69/element/21ab9f37-09f0-462c-89bc-1230f282ecdf/click'
17:48:28.815 [AsyncHttpClient-1-20] DEBUG org.asynchttpclient.netty.handler.HttpHandler - 

Request DefaultHttpRequest(decodeResult: success, version: HTTP/1.1)
POST /session/9751ce9ddbb89f8ae0ee065c596b3d69/element/21ab9f37-09f0-462c-89bc-1230f282ecdf/click HTTP/1.1
User-Agent: selenium/4.1.2 (java windows)
Content-Length: 50
Content-Type: application/json; charset=utf-8
host: localhost:63677
accept: */*

Response DefaultHttpResponse(decodeResult: success, version: HTTP/1.1)
HTTP/1.1 200 OK
Content-Type: application/json; charset=utf-8
cache-control: no-cache
content-length: 14

17:48:28.815 [AsyncHttpClient-1-20] DEBUG org.asynchttpclient.netty.channel.ChannelManager - Adding key: http://localhost:63677 for channel [id: 0xc0d7a399, L:/127.0.0.1:56585 - R:localhost/127.0.0.1:63677]
  &amp#27;[32mAnd &amp#27;[0m&amp#27;[32mI have logged in&amp#27;[0m                          &amp#27;[90m# starter.stepdefinitions.ManageVaccinationBookingsSteps.iHaveLoggedIn()&amp#27;[0m
17:48:28.827 [Forwarding screenshot on session 9751ce9ddbb89f8ae0ee065c596b3d69 to remote] DEBUG org.asynchttpclient.netty.request.NettyRequestSender - Using pooled Channel '[id: 0xc0d7a399, L:/127.0.0.1:56585 - R:localhost/127.0.0.1:63677]' for 'GET' to 'http://localhost:63677/session/9751ce9ddbb89f8ae0ee065c596b3d69/screenshot'
17:48:28.827 [Forwarding screenshot on session 9751ce9ddbb89f8ae0ee065c596b3d69 to remote] DEBUG org.asynchttpclient.netty.request.NettyRequestSender - Using open Channel [id: 0xc0d7a399, L:/127.0.0.1:56585 - R:localhost/127.0.0.1:63677] for GET '/session/9751ce9ddbb89f8ae0ee065c596b3d69/screenshot'
17:48:29.122 [AsyncHttpClient-1-20] DEBUG org.asynchttpclient.netty.handler.HttpHandler - 

Request DefaultFullHttpRequest(decodeResult: success, version: HTTP/1.1, content: EmptyByteBufBE)
GET /session/9751ce9ddbb89f8ae0ee065c596b3d69/screenshot HTTP/1.1
User-Agent: selenium/4.1.2 (java windows)
Cache-Control: no-cache
Content-Type: application/json; charset=utf-8
host: localhost:63677
accept: */*

Response DefaultHttpResponse(decodeResult: success, version: HTTP/1.1)
HTTP/1.1 200 OK
Content-Type: application/json; charset=utf-8
cache-control: no-cache
content-length: 115940

17:48:29.122 [AsyncHttpClient-1-20] DEBUG org.asynchttpclient.netty.channel.ChannelManager - Adding key: http://localhost:63677 for channel [id: 0xc0d7a399, L:/127.0.0.1:56585 - R:localhost/127.0.0.1:63677]
17:48:29.125 [main] DEBUG net.serenitybdd.core.photography.Darkroom - Send negative for processing for target\site\serenity\e1b2e8d0c95c6c6fcf60674449987da92faae20607b5c714cad0840edd441b84.png
17:48:29.125 [Darkroom Processing Line] DEBUG net.serenitybdd.core.photography.DarkroomProcessingLine - Processing screenshot image in /var/screenshots/screenshot-3898443080884772003
17:48:29.125 [Darkroom Processing Line] DEBUG net.serenitybdd.core.photography.DarkroomProcessingLine - Saving screenshot to target\site\serenity\e1b2e8d0c95c6c6fcf60674449987da92faae20607b5c714cad0840edd441b84.png
17:48:29.132 [Forwarding findElement on session 9751ce9ddbb89f8ae0ee065c596b3d69 to remote] DEBUG org.asynchttpclient.netty.request.NettyRequestSender - Using pooled Channel '[id: 0xc0d7a399, L:/127.0.0.1:56585 - R:localhost/127.0.0.1:63677]' for 'POST' to 'http://localhost:63677/session/9751ce9ddbb89f8ae0ee065c596b3d69/element'
17:48:29.132 [Forwarding findElement on session 9751ce9ddbb89f8ae0ee065c596b3d69 to remote] DEBUG org.asynchttpclient.netty.request.NettyRequestSender - Using open Channel [id: 0xc0d7a399, L:/127.0.0.1:56585 - R:localhost/127.0.0.1:63677] for POST '/session/9751ce9ddbb89f8ae0ee065c596b3d69/element'
17:48:29.360 [AsyncHttpClient-1-20] DEBUG org.asynchttpclient.netty.handler.HttpHandler - 

Request DefaultHttpRequest(decodeResult: success, version: HTTP/1.1)
POST /session/9751ce9ddbb89f8ae0ee065c596b3d69/element HTTP/1.1
User-Agent: selenium/4.1.2 (java windows)
Content-Length: 80
Content-Type: application/json; charset=utf-8
host: localhost:63677
accept: */*

Response DefaultHttpResponse(decodeResult: success, version: HTTP/1.1)
HTTP/1.1 200 OK
Content-Type: application/json; charset=utf-8
cache-control: no-cache
content-length: 88

17:48:29.360 [AsyncHttpClient-1-20] DEBUG org.asynchttpclient.netty.channel.ChannelManager - Adding key: http://localhost:63677 for channel [id: 0xc0d7a399, L:/127.0.0.1:56585 - R:localhost/127.0.0.1:63677]
17:48:29.361 [Forwarding getElementTagName on session 9751ce9ddbb89f8ae0ee065c596b3d69 to remote] DEBUG org.asynchttpclient.netty.request.NettyRequestSender - Using pooled Channel '[id: 0xc0d7a399, L:/127.0.0.1:56585 - R:localhost/127.0.0.1:63677]' for 'GET' to 'http://localhost:63677/session/9751ce9ddbb89f8ae0ee065c596b3d69/element/694a91c0-79b5-440a-bc52-06565c4c740b/name'
17:48:29.361 [Forwarding getElementTagName on session 9751ce9ddbb89f8ae0ee065c596b3d69 to remote] DEBUG org.asynchttpclient.netty.request.NettyRequestSender - Using open Channel [id: 0xc0d7a399, L:/127.0.0.1:56585 - R:localhost/127.0.0.1:63677] for GET '/session/9751ce9ddbb89f8ae0ee065c596b3d69/element/694a91c0-79b5-440a-bc52-06565c4c740b/name'
17:48:29.366 [AsyncHttpClient-1-20] DEBUG org.asynchttpclient.netty.handler.HttpHandler - 

Request DefaultFullHttpRequest(decodeResult: success, version: HTTP/1.1, content: EmptyByteBufBE)
GET /session/9751ce9ddbb89f8ae0ee065c596b3d69/element/694a91c0-79b5-440a-bc52-06565c4c740b/name HTTP/1.1
User-Agent: selenium/4.1.2 (java windows)
Cache-Control: no-cache
Content-Type: application/json; charset=utf-8
host: localhost:63677
accept: */*

Response DefaultHttpResponse(decodeResult: success, version: HTTP/1.1)
HTTP/1.1 200 OK
Content-Type: application/json; charset=utf-8
cache-control: no-cache
content-length: 13

17:48:29.366 [AsyncHttpClient-1-20] DEBUG org.asynchttpclient.netty.channel.ChannelManager - Adding key: http://localhost:63677 for channel [id: 0xc0d7a399, L:/127.0.0.1:56585 - R:localhost/127.0.0.1:63677]
17:48:29.367 [Forwarding getElementTagName on session 9751ce9ddbb89f8ae0ee065c596b3d69 to remote] DEBUG org.asynchttpclient.netty.request.NettyRequestSender - Using pooled Channel '[id: 0xc0d7a399, L:/127.0.0.1:56585 - R:localhost/127.0.0.1:63677]' for 'GET' to 'http://localhost:63677/session/9751ce9ddbb89f8ae0ee065c596b3d69/element/694a91c0-79b5-440a-bc52-06565c4c740b/name'
17:48:29.368 [Forwarding getElementTagName on session 9751ce9ddbb89f8ae0ee065c596b3d69 to remote] DEBUG org.asynchttpclient.netty.request.NettyRequestSender - Using open Channel [id: 0xc0d7a399, L:/127.0.0.1:56585 - R:localhost/127.0.0.1:63677] for GET '/session/9751ce9ddbb89f8ae0ee065c596b3d69/element/694a91c0-79b5-440a-bc52-06565c4c740b/name'
17:48:29.375 [AsyncHttpClient-1-20] DEBUG org.asynchttpclient.netty.handler.HttpHandler - 

Request DefaultFullHttpRequest(decodeResult: success, version: HTTP/1.1, content: EmptyByteBufBE)
GET /session/9751ce9ddbb89f8ae0ee065c596b3d69/element/694a91c0-79b5-440a-bc52-06565c4c740b/name HTTP/1.1
User-Agent: selenium/4.1.2 (java windows)
Cache-Control: no-cache
Content-Type: application/json; charset=utf-8
host: localhost:63677
accept: */*

Response DefaultHttpResponse(decodeResult: success, version: HTTP/1.1)
HTTP/1.1 200 OK
Content-Type: application/json; charset=utf-8
cache-control: no-cache
content-length: 13

17:48:29.375 [AsyncHttpClient-1-20] DEBUG org.asynchttpclient.netty.channel.ChannelManager - Adding key: http://localhost:63677 for channel [id: 0xc0d7a399, L:/127.0.0.1:56585 - R:localhost/127.0.0.1:63677]
17:48:29.377 [Forwarding findElement on session 9751ce9ddbb89f8ae0ee065c596b3d69 to remote] DEBUG org.asynchttpclient.netty.request.NettyRequestSender - Using pooled Channel '[id: 0xc0d7a399, L:/127.0.0.1:56585 - R:localhost/127.0.0.1:63677]' for 'POST' to 'http://localhost:63677/session/9751ce9ddbb89f8ae0ee065c596b3d69/element'
17:48:29.377 [Forwarding findElement on session 9751ce9ddbb89f8ae0ee065c596b3d69 to remote] DEBUG org.asynchttpclient.netty.request.NettyRequestSender - Using open Channel [id: 0xc0d7a399, L:/127.0.0.1:56585 - R:localhost/127.0.0.1:63677] for POST '/session/9751ce9ddbb89f8ae0ee065c596b3d69/element'
17:48:29.390 [AsyncHttpClient-1-20] DEBUG org.asynchttpclient.netty.handler.HttpHandler - 

Request DefaultHttpRequest(decodeResult: success, version: HTTP/1.1)
POST /session/9751ce9ddbb89f8ae0ee065c596b3d69/element HTTP/1.1
User-Agent: selenium/4.1.2 (java windows)
Content-Length: 80
Content-Type: application/json; charset=utf-8
host: localhost:63677
accept: */*

Response DefaultHttpResponse(decodeResult: success, version: HTTP/1.1)
HTTP/1.1 200 OK
Content-Type: application/json; charset=utf-8
cache-control: no-cache
content-length: 88

17:48:29.390 [AsyncHttpClient-1-20] DEBUG org.asynchttpclient.netty.channel.ChannelManager - Adding key: http://localhost:63677 for channel [id: 0xc0d7a399, L:/127.0.0.1:56585 - R:localhost/127.0.0.1:63677]
17:48:29.392 [Forwarding clickElement on session 9751ce9ddbb89f8ae0ee065c596b3d69 to remote] DEBUG org.asynchttpclient.netty.request.NettyRequestSender - Using pooled Channel '[id: 0xc0d7a399, L:/127.0.0.1:56585 - R:localhost/127.0.0.1:63677]' for 'POST' to 'http://localhost:63677/session/9751ce9ddbb89f8ae0ee065c596b3d69/element/694a91c0-79b5-440a-bc52-06565c4c740b/click'
17:48:29.392 [Forwarding clickElement on session 9751ce9ddbb89f8ae0ee065c596b3d69 to remote] DEBUG org.asynchttpclient.netty.request.NettyRequestSender - Using open Channel [id: 0xc0d7a399, L:/127.0.0.1:56585 - R:localhost/127.0.0.1:63677] for POST '/session/9751ce9ddbb89f8ae0ee065c596b3d69/element/694a91c0-79b5-440a-bc52-06565c4c740b/click'
17:48:29.415 [AsyncHttpClient-1-1] DEBUG org.asynchttpclient.netty.channel.DefaultChannelPool - Entry count for : http://localhost:56586 : 1
17:48:29.548 [AsyncHttpClient-1-20] DEBUG org.asynchttpclient.netty.handler.HttpHandler - 

Request DefaultHttpRequest(decodeResult: success, version: HTTP/1.1)
POST /session/9751ce9ddbb89f8ae0ee065c596b3d69/element/694a91c0-79b5-440a-bc52-06565c4c740b/click HTTP/1.1
User-Agent: selenium/4.1.2 (java windows)
Content-Length: 50
Content-Type: application/json; charset=utf-8
host: localhost:63677
accept: */*

Response DefaultHttpResponse(decodeResult: success, version: HTTP/1.1)
HTTP/1.1 200 OK
Content-Type: application/json; charset=utf-8
cache-control: no-cache
content-length: 14

17:48:29.549 [AsyncHttpClient-1-20] DEBUG org.asynchttpclient.netty.channel.ChannelManager - Adding key: http://localhost:63677 for channel [id: 0xc0d7a399, L:/127.0.0.1:56585 - R:localhost/127.0.0.1:63677]
  &amp#27;[32mWhen &amp#27;[0m&amp#27;[32mI go to Book Vaksinasi page&amp#27;[0m              &amp#27;[90m# starter.stepdefinitions.ManageVaccinationBookingsSteps.iGoToBookVaksinasiPage()&amp#27;[0m
17:48:29.561 [Forwarding screenshot on session 9751ce9ddbb89f8ae0ee065c596b3d69 to remote] DEBUG org.asynchttpclient.netty.request.NettyRequestSender - Using pooled Channel '[id: 0xc0d7a399, L:/127.0.0.1:56585 - R:localhost/127.0.0.1:63677]' for 'GET' to 'http://localhost:63677/session/9751ce9ddbb89f8ae0ee065c596b3d69/screenshot'
17:48:29.562 [Forwarding screenshot on session 9751ce9ddbb89f8ae0ee065c596b3d69 to remote] DEBUG org.asynchttpclient.netty.request.NettyRequestSender - Using open Channel [id: 0xc0d7a399, L:/127.0.0.1:56585 - R:localhost/127.0.0.1:63677] for GET '/session/9751ce9ddbb89f8ae0ee065c596b3d69/screenshot'
17:48:29.898 [AsyncHttpClient-1-20] DEBUG org.asynchttpclient.netty.handler.HttpHandler - 

Request DefaultFullHttpRequest(decodeResult: success, version: HTTP/1.1, content: EmptyByteBufBE)
GET /session/9751ce9ddbb89f8ae0ee065c596b3d69/screenshot HTTP/1.1
User-Agent: selenium/4.1.2 (java windows)
Cache-Control: no-cache
Content-Type: application/json; charset=utf-8
host: localhost:63677
accept: */*

Response DefaultHttpResponse(decodeResult: success, version: HTTP/1.1)
HTTP/1.1 200 OK
Content-Type: application/json; charset=utf-8
cache-control: no-cache
content-length: 140752

17:48:29.898 [AsyncHttpClient-1-20] DEBUG org.asynchttpclient.netty.channel.ChannelManager - Adding key: http://localhost:63677 for channel [id: 0xc0d7a399, L:/127.0.0.1:56585 - R:localhost/127.0.0.1:63677]
17:48:29.906 [main] DEBUG net.serenitybdd.core.photography.Darkroom - Send negative for processing for target\site\serenity\336ca5578da658afa28f95468b28d9fd533548f9bb505d74e6000769895c1ca6.png
17:48:29.907 [Darkroom Processing Line] DEBUG net.serenitybdd.core.photography.DarkroomProcessingLine - Processing screenshot image in /var/screenshots/screenshot-1072208190972109275
17:48:29.907 [Darkroom Processing Line] DEBUG net.serenitybdd.core.photography.DarkroomProcessingLine - Saving screenshot to target\site\serenity\336ca5578da658afa28f95468b28d9fd533548f9bb505d74e6000769895c1ca6.png
17:48:29.919 [Forwarding findElement on session 9751ce9ddbb89f8ae0ee065c596b3d69 to remote] DEBUG org.asynchttpclient.netty.request.NettyRequestSender - Using pooled Channel '[id: 0xc0d7a399, L:/127.0.0.1:56585 - R:localhost/127.0.0.1:63677]' for 'POST' to 'http://localhost:63677/session/9751ce9ddbb89f8ae0ee065c596b3d69/element'
17:48:29.919 [Forwarding findElement on session 9751ce9ddbb89f8ae0ee065c596b3d69 to remote] DEBUG org.asynchttpclient.netty.request.NettyRequestSender - Using open Channel [id: 0xc0d7a399, L:/127.0.0.1:56585 - R:localhost/127.0.0.1:63677] for POST '/session/9751ce9ddbb89f8ae0ee065c596b3d69/element'
17:48:30.514 [AsyncHttpClient-1-1] DEBUG org.asynchttpclient.netty.channel.DefaultChannelPool - Entry count for : http://localhost:56586 : 1
17:48:31.615 [AsyncHttpClient-1-1] DEBUG org.asynchttpclient.netty.channel.DefaultChannelPool - Entry count for : http://localhost:56586 : 1
17:48:31.935 [AsyncHttpClient-1-20] DEBUG org.asynchttpclient.netty.handler.HttpHandler - 

Request DefaultHttpRequest(decodeResult: success, version: HTTP/1.1)
POST /session/9751ce9ddbb89f8ae0ee065c596b3d69/element HTTP/1.1
User-Agent: selenium/4.1.2 (java windows)
Content-Length: 77
Content-Type: application/json; charset=utf-8
host: localhost:63677
accept: */*

Response DefaultHttpResponse(decodeResult: success, version: HTTP/1.1)
HTTP/1.1 404 Not Found
Content-Type: application/json; charset=utf-8
cache-control: no-cache
content-length: 945

17:48:31.935 [AsyncHttpClient-1-20] DEBUG org.asynchttpclient.netty.channel.ChannelManager - Adding key: http://localhost:63677 for channel [id: 0xc0d7a399, L:/127.0.0.1:56585 - R:localhost/127.0.0.1:63677]
17:48:32.052 [Forwarding findElement on session 9751ce9ddbb89f8ae0ee065c596b3d69 to remote] DEBUG org.asynchttpclient.netty.request.NettyRequestSender - Using pooled Channel '[id: 0xc0d7a399, L:/127.0.0.1:56585 - R:localhost/127.0.0.1:63677]' for 'POST' to 'http://localhost:63677/session/9751ce9ddbb89f8ae0ee065c596b3d69/element'
17:48:32.052 [Forwarding findElement on session 9751ce9ddbb89f8ae0ee065c596b3d69 to remote] DEBUG org.asynchttpclient.netty.request.NettyRequestSender - Using open Channel [id: 0xc0d7a399, L:/127.0.0.1:56585 - R:localhost/127.0.0.1:63677] for POST '/session/9751ce9ddbb89f8ae0ee065c596b3d69/element'
17:48:32.715 [AsyncHttpClient-1-1] DEBUG org.asynchttpclient.netty.channel.DefaultChannelPool - Entry count for : http://localhost:56586 : 1
17:48:33.814 [AsyncHttpClient-1-1] DEBUG org.asynchttpclient.netty.channel.DefaultChannelPool - Entry count for : http://localhost:56586 : 1
17:48:34.096 [AsyncHttpClient-1-20] DEBUG org.asynchttpclient.netty.handler.HttpHandler - 

Request DefaultHttpRequest(decodeResult: success, version: HTTP/1.1)
POST /session/9751ce9ddbb89f8ae0ee065c596b3d69/element HTTP/1.1
User-Agent: selenium/4.1.2 (java windows)
Content-Length: 77
Content-Type: application/json; charset=utf-8
host: localhost:63677
accept: */*

Response DefaultHttpResponse(decodeResult: success, version: HTTP/1.1)
HTTP/1.1 404 Not Found
Content-Type: application/json; charset=utf-8
cache-control: no-cache
content-length: 945

17:48:34.096 [AsyncHttpClient-1-20] DEBUG org.asynchttpclient.netty.channel.ChannelManager - Adding key: http://localhost:63677 for channel [id: 0xc0d7a399, L:/127.0.0.1:56585 - R:localhost/127.0.0.1:63677]
17:48:34.210 [Forwarding findElement on session 9751ce9ddbb89f8ae0ee065c596b3d69 to remote] DEBUG org.asynchttpclient.netty.request.NettyRequestSender - Using pooled Channel '[id: 0xc0d7a399, L:/127.0.0.1:56585 - R:localhost/127.0.0.1:63677]' for 'POST' to 'http://localhost:63677/session/9751ce9ddbb89f8ae0ee065c596b3d69/element'
17:48:34.210 [Forwarding findElement on session 9751ce9ddbb89f8ae0ee065c596b3d69 to remote] DEBUG org.asynchttpclient.netty.request.NettyRequestSender - Using open Channel [id: 0xc0d7a399, L:/127.0.0.1:56585 - R:localhost/127.0.0.1:63677] for POST '/session/9751ce9ddbb89f8ae0ee065c596b3d69/element'
17:48:34.918 [AsyncHttpClient-1-1] DEBUG org.asynchttpclient.netty.channel.DefaultChannelPool - Entry count for : http://localhost:56586 : 1
17:48:36.024 [AsyncHttpClient-1-1] DEBUG org.asynchttpclient.netty.channel.DefaultChannelPool - Entry count for : http://localhost:56586 : 1
17:48:36.263 [AsyncHttpClient-1-20] DEBUG org.asynchttpclient.netty.handler.HttpHandler - 

Request DefaultHttpRequest(decodeResult: success, version: HTTP/1.1)
POST /session/9751ce9ddbb89f8ae0ee065c596b3d69/element HTTP/1.1
User-Agent: selenium/4.1.2 (java windows)
Content-Length: 77
Content-Type: application/json; charset=utf-8
host: localhost:63677
accept: */*

Response DefaultHttpResponse(decodeResult: success, version: HTTP/1.1)
HTTP/1.1 404 Not Found
Content-Type: application/json; charset=utf-8
cache-control: no-cache
content-length: 945

17:48:36.263 [AsyncHttpClient-1-20] DEBUG org.asynchttpclient.netty.channel.ChannelManager - Adding key: http://localhost:63677 for channel [id: 0xc0d7a399, L:/127.0.0.1:56585 - R:localhost/127.0.0.1:63677]
17:48:36.271 [Forwarding screenshot on session 9751ce9ddbb89f8ae0ee065c596b3d69 to remote] DEBUG org.asynchttpclient.netty.request.NettyRequestSender - Using pooled Channel '[id: 0xc0d7a399, L:/127.0.0.1:56585 - R:localhost/127.0.0.1:63677]' for 'GET' to 'http://localhost:63677/session/9751ce9ddbb89f8ae0ee065c596b3d69/screenshot'
17:48:36.271 [Forwarding screenshot on session 9751ce9ddbb89f8ae0ee065c596b3d69 to remote] DEBUG org.asynchttpclient.netty.request.NettyRequestSender - Using open Channel [id: 0xc0d7a399, L:/127.0.0.1:56585 - R:localhost/127.0.0.1:63677] for GET '/session/9751ce9ddbb89f8ae0ee065c596b3d69/screenshot'
17:48:36.391 [AsyncHttpClient-1-20] DEBUG org.asynchttpclient.netty.handler.HttpHandler - 

Request DefaultFullHttpRequest(decodeResult: success, version: HTTP/1.1, content: EmptyByteBufBE)
GET /session/9751ce9ddbb89f8ae0ee065c596b3d69/screenshot HTTP/1.1
User-Agent: selenium/4.1.2 (java windows)
Cache-Control: no-cache
Content-Type: application/json; charset=utf-8
host: localhost:63677
accept: */*

Response DefaultHttpResponse(decodeResult: success, version: HTTP/1.1)
HTTP/1.1 200 OK
Content-Type: application/json; charset=utf-8
cache-control: no-cache
content-length: 8064

17:48:36.394 [AsyncHttpClient-1-20] DEBUG org.asynchttpclient.netty.channel.ChannelManager - Adding key: http://localhost:63677 for channel [id: 0xc0d7a399, L:/127.0.0.1:56585 - R:localhost/127.0.0.1:63677]
17:48:36.395 [main] DEBUG net.serenitybdd.core.photography.Darkroom - Send negative for processing for target\site\serenity\3c90801a70fb2c2bfe5fc60b174aa3986624ea5eb79294b52a5a7ca3339080db.png
17:48:36.403 [Forwarding getPageSource on session 9751ce9ddbb89f8ae0ee065c596b3d69 to remote] DEBUG org.asynchttpclient.netty.request.NettyRequestSender - Using pooled Channel '[id: 0xc0d7a399, L:/127.0.0.1:56585 - R:localhost/127.0.0.1:63677]' for 'POST' to 'http://localhost:63677/session/9751ce9ddbb89f8ae0ee065c596b3d69/execute/sync'
17:48:36.403 [Forwarding getPageSource on session 9751ce9ddbb89f8ae0ee065c596b3d69 to remote] DEBUG org.asynchttpclient.netty.request.NettyRequestSender - Using open Channel [id: 0xc0d7a399, L:/127.0.0.1:56585 - R:localhost/127.0.0.1:63677] for POST '/session/9751ce9ddbb89f8ae0ee065c596b3d69/execute/sync'
17:48:36.410 [AsyncHttpClient-1-20] DEBUG org.asynchttpclient.netty.handler.HttpHandler - 

Request DefaultHttpRequest(decodeResult: success, version: HTTP/1.1)
POST /session/9751ce9ddbb89f8ae0ee065c596b3d69/execute/sync HTTP/1.1
User-Agent: selenium/4.1.2 (java windows)
Content-Length: 176
Content-Type: application/json; charset=utf-8
host: localhost:63677
accept: */*

Response DefaultHttpResponse(decodeResult: success, version: HTTP/1.1)
HTTP/1.1 200 OK
Content-Type: application/json; charset=utf-8
cache-control: no-cache
content-length: 852

17:48:36.410 [AsyncHttpClient-1-20] DEBUG org.asynchttpclient.netty.channel.ChannelManager - Adding key: http://localhost:63677 for channel [id: 0xc0d7a399, L:/127.0.0.1:56585 - R:localhost/127.0.0.1:63677]
17:48:36.412 [Forwarding getCurrentUrl on session 9751ce9ddbb89f8ae0ee065c596b3d69 to remote] DEBUG org.asynchttpclient.netty.request.NettyRequestSender - Using pooled Channel '[id: 0xc0d7a399, L:/127.0.0.1:56585 - R:localhost/127.0.0.1:63677]' for 'GET' to 'http://localhost:63677/session/9751ce9ddbb89f8ae0ee065c596b3d69/url'
17:48:36.412 [Forwarding getCurrentUrl on session 9751ce9ddbb89f8ae0ee065c596b3d69 to remote] DEBUG org.asynchttpclient.netty.request.NettyRequestSender - Using open Channel [id: 0xc0d7a399, L:/127.0.0.1:56585 - R:localhost/127.0.0.1:63677] for GET '/session/9751ce9ddbb89f8ae0ee065c596b3d69/url'
17:48:36.417 [AsyncHttpClient-1-20] DEBUG org.asynchttpclient.netty.handler.HttpHandler - 

Request DefaultFullHttpRequest(decodeResult: success, version: HTTP/1.1, content: EmptyByteBufBE)
GET /session/9751ce9ddbb89f8ae0ee065c596b3d69/url HTTP/1.1
User-Agent: selenium/4.1.2 (java windows)
Cache-Control: no-cache
Content-Type: application/json; charset=utf-8
host: localhost:63677
accept: */*

Response DefaultHttpResponse(decodeResult: success, version: HTTP/1.1)
HTTP/1.1 200 OK
Content-Type: application/json; charset=utf-8
cache-control: no-cache
content-length: 56

17:48:36.417 [AsyncHttpClient-1-20] DEBUG org.asynchttpclient.netty.channel.ChannelManager - Adding key: http://localhost:63677 for channel [id: 0xc0d7a399, L:/127.0.0.1:56585 - R:localhost/127.0.0.1:63677]
  &amp#27;[31mAnd &amp#27;[0m&amp#27;[31mI click the arrow button on vaccine field&amp#27;[0m &amp#27;[90m# starter.stepdefinitions.ManageVaccinationBookingsSteps.iClickTheArrowButtonOnVaccineField()&amp#27;[0m
      &amp#27;[31mnet.thucydides.core.webdriver.exceptions.ElementShouldBeEnabledException: Expected enabled element was not enabled
	at net.serenitybdd.core.pages.WebElementFacadeImpl.waitUntilEnabled(WebElementFacadeImpl.java:1100)
	at net.serenitybdd.core.pages.WebElementFacadeImpl.waitUntilElementAvailable(WebElementFacadeImpl.java:888)
	at net.serenitybdd.core.pages.WebElementFacadeImpl.click(WebElementFacadeImpl.java:1182)
	at net.serenitybdd.core.pages.WebElementFacadeImpl.click(WebElementFacadeImpl.java:1201)
	at Automation@1.0-SNAPSHOT/starter.pages.ManageVaccinationBookingsPage.sortByVaccine(ManageVaccinationBookingsPage.java:160)
	at Automation@1.0-SNAPSHOT/starter.pages.ManageVaccinationBookingsPage$ByteBuddy$8UxQrdCL.sortByVaccine$accessor$DBxTDoTq(Unknown Source)
	at java.base/jdk.internal.reflect.NativeMethodAccessorImpl.invoke0(Native Method)
	at java.base/jdk.internal.reflect.NativeMethodAccessorImpl.invoke(NativeMethodAccessorImpl.java:62)
	at java.base/jdk.internal.reflect.DelegatingMethodAccessorImpl.invoke(DelegatingMethodAccessorImpl.java:43)
	at java.base/java.lang.reflect.Method.invoke(Method.java:566)
	at net.thucydides.core.steps.BaseMethodRunner.invokeMethod(BaseMethodRunner.java:18)
	at net.thucydides.core.steps.NormalMethodRunner.invokeMethodAndNotifyFailures(NormalMethodRunner.java:18)
	at net.thucydides.core.steps.StepInterceptor.runNormalMethod(StepInterceptor.java:406)
	at net.thucydides.core.steps.StepInterceptor.testStepResult(StepInterceptor.java:191)
	at net.thucydides.core.steps.StepInterceptor.intercept(StepInterceptor.java:84)
	at net.thucydides.core.steps.ProxyConfiguration$InterceptorDispatcher.intercept(ProxyConfiguration.java:51)
	at Automation@1.0-SNAPSHOT/starter.pages.ManageVaccinationBookingsPage$ByteBuddy$8UxQrdCL.sortByVaccine(Unknown Source)
	at Automation@1.0-SNAPSHOT/starter.stepdefinitions.ManageVaccinationBookingsSteps.iClickTheArrowButtonOnVaccineField(ManageVaccinationBookingsSteps.java:99)
	at âœ½.I click the arrow button on vaccine field(file:///C:/Users/ASUSTUF/OneDrive/Documents/Capstone%20Project/Web%20Automation/src/test/resources/features/ManageVaccinationBookings.feature:60)
Caused by: org.openqa.selenium.TimeoutException: Expected condition failed: waiting for By.xpath: //div[@fdprocessedid='p0urda'] to be enabled (tried for 5 second(s) with 100 milliseconds interval)
	at org.openqa.selenium.support.ui.FluentWait.timeoutException(FluentWait.java:263)
	at org.openqa.selenium.support.ui.FluentWait.until(FluentWait.java:231)
	at net.serenitybdd.core.pages.WebElementFacadeImpl.waitUntilEnabled(WebElementFacadeImpl.java:1097)
	at net.serenitybdd.core.pages.WebElementFacadeImpl.waitUntilElementAvailable(WebElementFacadeImpl.java:888)
	at net.serenitybdd.core.pages.WebElementFacadeImpl.click(WebElementFacadeImpl.java:1182)
	at net.serenitybdd.core.pages.WebElementFacadeImpl.click(WebElementFacadeImpl.java:1201)
	at Automation@1.0-SNAPSHOT/starter.pages.ManageVaccinationBookingsPage.sortByVaccine(ManageVaccinationBookingsPage.java:160)
	at Automation@1.0-SNAPSHOT/starter.pages.ManageVaccinationBookingsPage$ByteBuddy$8UxQrdCL.sortByVaccine$accessor$DBxTDoTq(Unknown Source)
	at java.base/jdk.internal.reflect.NativeMethodAccessorImpl.invoke0(Native Method)
	at java.base/jdk.internal.reflect.NativeMethodAccessorImpl.invoke(NativeMethodAccessorImpl.java:62)
	at java.base/jdk.internal.reflect.DelegatingMethodAccessorImpl.invoke(DelegatingMethodAccessorImpl.java:43)
	at java.base/java.lang.reflect.Method.invoke(Method.java:566)
	at net.thucydides.core.steps.BaseMethodRunner.invokeMethod(BaseMethodRunner.java:18)
	at net.thucydides.core.steps.NormalMethodRunner.invokeMethodAndNotifyFailures(NormalMethodRunner.java:18)
	at net.thucydides.core.steps.StepInterceptor.runNormalMethod(StepInterceptor.java:406)
	at net.thucydides.core.steps.StepInterceptor.testStepResult(StepInterceptor.java:191)
	at net.thucydides.core.steps.StepInterceptor.intercept(StepInterceptor.java:84)
	at net.thucydides.core.steps.ProxyConfiguration$InterceptorDispatcher.intercept(ProxyConfiguration.java:51)
	at Automation@1.0-SNAPSHOT/starter.pages.ManageVaccinationBookingsPage$ByteBuddy$8UxQrdCL.sortByVaccine(Unknown Source)
	at Automation@1.0-SNAPSHOT/starter.stepdefinitions.ManageVaccinationBookingsSteps.iClickTheArrowButtonOnVaccineField(ManageVaccinationBookingsSteps.java:99)
	at java.base/jdk.internal.reflect.NativeMethodAccessorImpl.invoke0(Native Method)
	at java.base/jdk.internal.reflect.NativeMethodAccessorImpl.invoke(NativeMethodAccessorImpl.java:62)
	at java.base/jdk.internal.reflect.DelegatingMethodAccessorImpl.invoke(DelegatingMethodAccessorImpl.java:43)
	at java.base/java.lang.reflect.Method.invoke(Method.java:566)
	at io.cucumber.java.Invoker.doInvoke(Invoker.java:66)
	at io.cucumber.java.Invoker.invoke(Invoker.java:24)
	at io.cucumber.java.AbstractGlueDefinition.invokeMethod(AbstractGlueDefinition.java:47)
	at io.cucumber.java.JavaStepDefinition.execute(JavaStepDefinition.java:29)
	at io.cucumber.core.runner.CoreStepDefinition.execute(CoreStepDefinition.java:66)
	at io.cucumber.core.runner.PickleStepDefinitionMatch.runStep(PickleStepDefinitionMatch.java:63)
	at io.cucumber.core.runner.ExecutionMode$1.execute(ExecutionMode.java:10)
	at io.cucumber.core.runner.TestStep.executeStep(TestStep.java:86)
	at io.cucumber.core.runner.TestStep.run(TestStep.java:57)
	at io.cucumber.core.runner.PickleStepTestStep.run(PickleStepTestStep.java:51)
	at io.cucumber.core.runner.TestCase.run(TestCase.java:95)
	at io.cucumber.core.runner.Runner.runPickle(Runner.java:75)
	at io.cucumber.junit.PickleRunners$NoStepDescriptions.lambda$run$0(PickleRunners.java:151)
	at io.cucumber.core.runtime.CucumberExecutionContext.lambda$runTestCase$3(CucumberExecutionContext.java:151)
	at io.cucumber.core.runtime.RethrowingThrowableCollector.executeAndThrow(RethrowingThrowableCollector.java:23)
	at io.cucumber.core.runtime.CucumberExecutionContext.runTestCase(CucumberExecutionContext.java:151)
	at io.cucumber.junit.PickleRunners$NoStepDescriptions.run(PickleRunners.java:148)
	at io.cucumber.junit.FeatureRunner.runChild(FeatureRunner.java:144)
	at io.cucumber.junit.FeatureRunner.runChild(FeatureRunner.java:28)
	at org.junit.runners.ParentRunner$4.run(ParentRunner.java:331)
	at org.junit.runners.ParentRunner$1.schedule(ParentRunner.java:79)
	at org.junit.runners.ParentRunner.runChildren(ParentRunner.java:329)
	at org.junit.runners.ParentRunner.access$100(ParentRunner.java:66)
	at org.junit.runners.ParentRunner$2.evaluate(ParentRunner.java:293)
	at org.junit.runners.ParentRunner$3.evaluate(ParentRunner.java:306)
	at org.junit.runners.ParentRunner.run(ParentRunner.java:413)
	at io.cucumber.junit.FeatureRunner.run(FeatureRunner.java:137)
	at io.cucumber.junit.CucumberSerenityRunner.runChild(CucumberSerenityRunner.java:258)
	at io.cucumber.junit.CucumberSerenityRunner.runChild(CucumberSerenityRunner.java:58)
	at org.junit.runners.ParentRunner$4.run(ParentRunner.java:331)
	at org.junit.runners.ParentRunner$1.schedule(ParentRunner.java:79)
	at org.junit.runners.ParentRunner.runChildren(ParentRunner.java:329)
	at org.junit.runners.ParentRunner.access$100(ParentRunner.java:66)
	at org.junit.runners.ParentRunner$2.evaluate(ParentRunner.java:293)
	at io.cucumber.junit.CucumberSerenityRunner$RunCucumber.evaluate(CucumberSerenityRunner.java:287)
	at org.junit.runners.ParentRunner$3.evaluate(ParentRunner.java:306)
	at org.junit.runners.ParentRunner.run(ParentRunner.java:413)
	at org.junit.runner.JUnitCore.run(JUnitCore.java:137)
	at org.junit.runner.JUnitCore.run(JUnitCore.java:115)
	at org.junit.vintage.engine.execution.RunnerExecutor.execute(RunnerExecutor.java:42)
	at org.junit.vintage.engine.VintageTestEngine.executeAllChildren(VintageTestEngine.java:80)
	at org.junit.vintage.engine.VintageTestEngine.execute(VintageTestEngine.java:72)
	at org.junit.platform.launcher.core.EngineExecutionOrchestrator.execute(EngineExecutionOrchestrator.java:107)
	at org.junit.platform.launcher.core.EngineExecutionOrchestrator.execute(EngineExecutionOrchestrator.java:88)
	at org.junit.platform.launcher.core.EngineExecutionOrchestrator.lambda$execute$0(EngineExecutionOrchestrator.java:54)
	at org.junit.platform.launcher.core.EngineExecutionOrchestrator.withInterceptedStreams(EngineExecutionOrchestrator.java:67)
	at org.junit.platform.launcher.core.EngineExecutionOrchestrator.execute(EngineExecutionOrchestrator.java:52)
	at org.junit.platform.launcher.core.DefaultLauncher.execute(DefaultLauncher.java:114)
	at org.junit.platform.launcher.core.DefaultLauncher.execute(DefaultLauncher.java:86)
	at org.junit.platform.launcher.core.DefaultLauncherSession$DelegatingLauncher.execute(DefaultLauncherSession.java:86)
	at org.junit.platform.launcher.core.SessionPerRequestLauncher.execute(SessionPerRequestLauncher.java:53)
	at org.apache.maven.surefire.junitplatform.JUnitPlatformProvider.execute(JUnitPlatformProvider.java:188)
	at org.apache.maven.surefire.junitplatform.JUnitPlatformProvider.invokeAllTests(JUnitPlatformProvider.java:154)
	at org.apache.maven.surefire.junitplatform.JUnitPlatformProvider.invoke(JUnitPlatformProvider.java:128)
	at org.apache.maven.surefire.booter.ForkedBooter.runSuitesInProcess(ForkedBooter.java:428)
	at org.apache.maven.surefire.booter.ForkedBooter.execute(ForkedBooter.java:162)
	at org.apache.maven.surefire.booter.ForkedBooter.run(ForkedBooter.java:562)
	at org.apache.maven.surefire.booter.ForkedBooter.main(ForkedBooter.java:548)
Caused by: org.openqa.selenium.NoSuchElementException: no such element: Unable to locate element: {"method":"xpath","selector":"//div[@fdprocessedid='p0urda']"}
  (Session info: chrome=108.0.5359.125)
For documentation on this error, please visit: https://selenium.dev/exceptions/#no_such_element
Build info: version: '4.1.2', revision: '9a5a329c5a'
System info: host: 'LAPTOP-CFD9EV6G', ip: '192.168.100.7', os.name: 'Windows 11', os.arch: 'amd64', os.version: '10.0', java.version: '11.0.16'
Driver info: org.openqa.selenium.chrome.ChromeDriver
Command: [9751ce9ddbb89f8ae0ee065c596b3d69, findElement {using=xpath, value=//div[@fdprocessedid='p0urda']}]
Capabilities {acceptInsecureCerts: false, browserName: chrome, browserVersion: 108.0.5359.125, chrome: {chromedriverVersion: 108.0.5359.71 (1e0e3868ee06..., userDataDir: C:\Users\ASUSTUF\AppData\Lo...}, goog:chromeOptions: {debuggerAddress: localhost:56586}, javascriptEnabled: true, networkConnectionEnabled: false, pageLoadStrategy: normal, platform: WINDOWS, platformName: WINDOWS, proxy: Proxy(), se:cdp: ws://localhost:56586/devtoo..., se:cdpVersion: 108.0.5359.125, setWindowRect: true, strictFileInteractability: false, timeouts: {implicit: 0, pageLoad: 300000, script: 30000}, unhandledPromptBehavior: dismiss and notify, webauthn:extension:credBlob: true, webauthn:extension:largeBlob: true, webauthn:virtualAuthenticators: true}
Session ID: 9751ce9ddbb89f8ae0ee065c596b3d69
	at jdk.internal.reflect.GeneratedConstructorAccessor19.newInstance(Unknown Source)
	at java.base/jdk.internal.reflect.DelegatingConstructorAccessorImpl.newInstance(DelegatingConstructorAccessorImpl.java:45)
	at java.base/java.lang.reflect.Constructor.newInstance(Constructor.java:490)
	at org.openqa.selenium.remote.codec.w3c.W3CHttpResponseCodec.createException(W3CHttpResponseCodec.java:200)
	at org.openqa.selenium.remote.codec.w3c.W3CHttpResponseCodec.decode(W3CHttpResponseCodec.java:133)
	at org.openqa.selenium.remote.codec.w3c.W3CHttpResponseCodec.decode(W3CHttpResponseCodec.java:53)
	at org.openqa.selenium.remote.HttpCommandExecutor.execute(HttpCommandExecutor.java:184)
	at org.openqa.selenium.remote.service.DriverCommandExecutor.invokeExecute(DriverCommandExecutor.java:167)
	at org.openqa.selenium.remote.service.DriverCommandExecutor.execute(DriverCommandExecutor.java:142)
	at org.openqa.selenium.remote.RemoteWebDriver.execute(RemoteWebDriver.java:558)
	at org.openqa.selenium.remote.ElementLocation$ElementFinder$2.findElement(ElementLocation.java:162)
	at org.openqa.selenium.remote.ElementLocation.findElement(ElementLocation.java:60)
	at org.openqa.selenium.remote.RemoteWebDriver.findElement(RemoteWebDriver.java:382)
	at org.openqa.selenium.remote.RemoteWebDriver.findElement(RemoteWebDriver.java:374)
	at net.thucydides.core.webdriver.WebDriverFacade.findElement(WebDriverFacade.java:224)
	at net.serenitybdd.core.pages.WebElementResolverByLocator.resolveForDriver(WebElementResolverByLocator.java:25)
	at net.serenitybdd.core.pages.WebElementFacadeImpl.getResolvedElement(WebElementFacadeImpl.java:191)
	at net.serenitybdd.core.pages.WebElementFacadeImpl.getElement(WebElementFacadeImpl.java:186)
	at net.serenitybdd.core.pages.WebElementExpectations$3.apply(WebElementExpectations.java:63)
	at net.serenitybdd.core.pages.WebElementExpectations$3.apply(WebElementExpectations.java:55)
	at org.openqa.selenium.support.ui.FluentWait.until(FluentWait.java:208)
	... 80 more
&amp#27;[0m
  &amp#27;[36mAnd &amp#27;[0m&amp#27;[36mI select vaccine&amp#27;[0m                          &amp#27;[90m# starter.stepdefinitions.ManageVaccinationBookingsSteps.iSelectVaccine()&amp#27;[0m
  &amp#27;[36mThen &amp#27;[0m&amp#27;[36mbookings will be sorted by vaccine&amp#27;[0m       &amp#27;[90m# starter.stepdefinitions.ManageVaccinationBookingsSteps.bookingsWillBeSortedByVaccine()&amp#27;[0m
17:48:36.473 [main] ERROR  - 
  _____   ___   ___   _____     ___     _     ___   _      ___   ___  
 |_   _| | __| / __| |_   _|   | __|   /_\   |_ _| | |    | __| |   \ 
   | |   | _|  \__ \   | |     | _|   / _ \   | |  | |__  | _|  | |) |
   |_|   |___| |___/   |_|     |_|   /_/ \_\ |___| |____| |___| |___/ 

Sort vaccination bookings by vaccine
-----------------------------------------------------------------------
17:48:36.473 [main] DEBUG  - RELATED ISSUES: 
17:48:36.473 [main] ERROR  -     Test failed at step: Sort by vaccine
17:48:36.473 [main] ERROR  -     Expected enabled element was not enabled
17:48:36.476 [AsyncHttpClient-1-22] DEBUG org.asynchttpclient.netty.handler.WebSocketHandler - Channel Closed: [id: 0x3680e63f, L:/127.0.0.1:56594 ! R:localhost/127.0.0.1:56586] with attribute NettyResponseFuture{currentRetry=5,
	isDone=1,
	isCancelled=0,
	asyncHandler=org.asynchttpclient.ws.WebSocketUpgradeHandler@3fe997ab,
	nettyRequest=org.asynchttpclient.netty.request.NettyRequest@7aeb1e32,
	future=java.util.concurrent.CompletableFuture@4026c290[Completed normally],
	uri=ws://localhost:56586/devtools/browser/9dfaa40e-946f-49a3-8cef-16024350eac8,
	keepAlive=true,
	redirectCount=0,
	timeoutsHolder=null,
	inAuth=0,
	touch=1671446905341}
17:48:36.476 [AsyncHttpClient-1-22] DEBUG org.asynchttpclient.netty.channel.ChannelManager - Closing Channel [id: 0x3680e63f, L:/127.0.0.1:56594 ! R:localhost/127.0.0.1:56586] 
17:48:36.476 [Driver Command Executor] DEBUG org.asynchttpclient.netty.request.NettyRequestSender - Using pooled Channel '[id: 0xc0d7a399, L:/127.0.0.1:56585 - R:localhost/127.0.0.1:63677]' for 'DELETE' to 'http://localhost:63677/session/9751ce9ddbb89f8ae0ee065c596b3d69'
17:48:36.476 [Driver Command Executor] DEBUG org.asynchttpclient.netty.request.NettyRequestSender - Using open Channel [id: 0xc0d7a399, L:/127.0.0.1:56585 - R:localhost/127.0.0.1:63677] for DELETE '/session/9751ce9ddbb89f8ae0ee065c596b3d69'
17:48:36.521 [AsyncHttpClient-1-21] DEBUG org.asynchttpclient.netty.handler.HttpHandler - Unexpected I/O exception on channel [id: 0x4d05c201, L:/127.0.0.1:56593 - R:localhost/127.0.0.1:56586]
java.io.IOException: An existing connection was forcibly closed by the remote host
	at java.base/sun.nio.ch.SocketDispatcher.read0(Native Method)
	at java.base/sun.nio.ch.SocketDispatcher.read(SocketDispatcher.java:43)
	at java.base/sun.nio.ch.IOUtil.readIntoNativeBuffer(IOUtil.java:276)
	at java.base/sun.nio.ch.IOUtil.read(IOUtil.java:233)
	at java.base/sun.nio.ch.IOUtil.read(IOUtil.java:223)
	at java.base/sun.nio.ch.SocketChannelImpl.read(SocketChannelImpl.java:358)
	at io.netty.buffer.PooledByteBuf.setBytes(PooledByteBuf.java:258)
	at io.netty.buffer.AbstractByteBuf.writeBytes(AbstractByteBuf.java:1132)
	at io.netty.channel.socket.nio.NioSocketChannel.doReadBytes(NioSocketChannel.java:350)
	at io.netty.channel.nio.AbstractNioByteChannel$NioByteUnsafe.read(AbstractNioByteChannel.java:151)
	at io.netty.channel.nio.NioEventLoop.processSelectedKey(NioEventLoop.java:722)
	at io.netty.channel.nio.NioEventLoop.processSelectedKeysOptimized(NioEventLoop.java:658)
	at io.netty.channel.nio.NioEventLoop.processSelectedKeys(NioEventLoop.java:584)
	at io.netty.channel.nio.NioEventLoop.run(NioEventLoop.java:496)
	at io.netty.util.concurrent.SingleThreadEventExecutor$4.run(SingleThreadEventExecutor.java:986)
	at io.netty.util.internal.ThreadExecutorMap$2.run(ThreadExecutorMap.java:74)
	at io.netty.util.concurrent.FastThreadLocalRunnable.run(FastThreadLocalRunnable.java:30)
	at java.base/java.lang.Thread.run(Thread.java:834)
17:48:36.521 [AsyncHttpClient-1-21] DEBUG org.asynchttpclient.netty.channel.ChannelManager - Closing Channel [id: 0x4d05c201, L:/127.0.0.1:56593 - R:localhost/127.0.0.1:56586] 
17:48:36.522 [AsyncHttpClient-1-21] DEBUG org.asynchttpclient.netty.handler.HttpHandler - Channel Closed: [id: 0x4d05c201, L:/127.0.0.1:56593 ! R:localhost/127.0.0.1:56586] with attribute DISCARD
17:48:36.546 [AsyncHttpClient-1-20] DEBUG org.asynchttpclient.netty.handler.HttpHandler - 

Request DefaultFullHttpRequest(decodeResult: success, version: HTTP/1.1, content: EmptyByteBufBE)
DELETE /session/9751ce9ddbb89f8ae0ee065c596b3d69 HTTP/1.1
User-Agent: selenium/4.1.2 (java windows)
Content-Type: application/json; charset=utf-8
host: localhost:63677
accept: */*

Response DefaultHttpResponse(decodeResult: success, version: HTTP/1.1)
HTTP/1.1 200 OK
Content-Type: application/json; charset=utf-8
cache-control: no-cache
content-length: 14

17:48:36.547 [AsyncHttpClient-1-20] DEBUG org.asynchttpclient.netty.channel.ChannelManager - Adding key: http://localhost:63677 for channel [id: 0xc0d7a399, L:/127.0.0.1:56585 - R:localhost/127.0.0.1:63677]
17:48:36.642 [AsyncHttpClient-1-20] DEBUG org.asynchttpclient.netty.handler.HttpHandler - Channel Closed: [id: 0xc0d7a399, L:/127.0.0.1:56585 ! R:localhost/127.0.0.1:63677] with attribute DISCARD
]]></system-out>
    <system-err><![CDATA[Starting ChromeDriver 108.0.5359.71 (1e0e3868ee06e91ad636a874420e3ca3ae3756ac-refs/branch-heads/5359@{#1016}) on port 63677
Only local connections are allowed.
Please see https://chromedriver.chromium.org/security-considerations for suggestions on keeping ChromeDriver safe.
ChromeDriver was started successfully.
Dec 19, 2022 5:48:25 PM org.openqa.selenium.remote.ProtocolHandshake createSession
INFO: Detected dialect: W3C
Dec 19, 2022 5:48:25 PM org.openqa.selenium.devtools.CdpVersionFinder findNearestMatch
WARNING: Unable to find an exact match for CDP version 108, so returning the closest version found: a no-op implementation
Dec 19, 2022 5:48:25 PM org.openqa.selenium.devtools.CdpVersionFinder findNearestMatch
INFO: Unable to find CDP implementation matching 108.
Dec 19, 2022 5:48:25 PM org.openqa.selenium.chromium.ChromiumDriver lambda$new$3
WARNING: Unable to find version of CDP to use for . You may need to include a dependency on a specific version of the CDP using something similar to `org.seleniumhq.selenium:selenium-devtools-v86:4.1.2` where the version ("v86") matches the version of the chromium-based browser you're using and the version number of the artifact is the same as Selenium's.
]]></system-err>
  </testcase>
  <testcase name="Sort vaccination bookings by status" classname="Manage vaccination bookings" time="13.68">
    <error type="net.thucydides.core.webdriver.exceptions.ElementShouldBeEnabledException"><![CDATA[net.thucydides.core.webdriver.exceptions.ElementShouldBeEnabledException: Expected enabled element was not enabled
Caused by: org.openqa.selenium.TimeoutException: Expected condition failed: waiting for By.xpath: //div[@fdprocessedid='xb3zh9'] to be enabled (tried for 5 second(s) with 100 milliseconds interval)
Caused by: org.openqa.selenium.NoSuchElementException: 
no such element: Unable to locate element: {"method":"xpath","selector":"//div[@fdprocessedid='xb3zh9']"}
  (Session info: chrome=108.0.5359.125)
For documentation on this error, please visit: https://selenium.dev/exceptions/#no_such_element
Build info: version: '4.1.2', revision: '9a5a329c5a'
System info: host: 'LAPTOP-CFD9EV6G', ip: '192.168.100.7', os.name: 'Windows 11', os.arch: 'amd64', os.version: '10.0', java.version: '11.0.16'
Driver info: org.openqa.selenium.chrome.ChromeDriver
Command: [0fc22476fa005b32c0a97fdef491a0d4, findElement {using=xpath, value=//div[@fdprocessedid='xb3zh9']}]
Capabilities {acceptInsecureCerts: false, browserName: chrome, browserVersion: 108.0.5359.125, chrome: {chromedriverVersion: 108.0.5359.71 (1e0e3868ee06..., userDataDir: C:\Users\ASUSTUF\AppData\Lo...}, goog:chromeOptions: {debuggerAddress: localhost:56621}, javascriptEnabled: true, networkConnectionEnabled: false, pageLoadStrategy: normal, platform: WINDOWS, platformName: WINDOWS, proxy: Proxy(), se:cdp: ws://localhost:56621/devtoo..., se:cdpVersion: 108.0.5359.125, setWindowRect: true, strictFileInteractability: false, timeouts: {implicit: 0, pageLoad: 300000, script: 30000}, unhandledPromptBehavior: dismiss and notify, webauthn:extension:credBlob: true, webauthn:extension:largeBlob: true, webauthn:virtualAuthenticators: true}
Session ID: 0fc22476fa005b32c0a97fdef491a0d4
]]></error>
    <system-out><![CDATA[
Scenario: Sort vaccination bookings by status  &amp#27;[90m# src/test/resources/features/ManageVaccinationBookings.feature:64&amp#27;[0m
17:48:36.749 [main] INFO io.cucumber.core.plugin.SerenityReporter - Running feature from file:///C:/Users/ASUSTUF/OneDrive/Documents/Capstone%20Project/Web%20Automation/src/test/resources/features/ManageVaccinationBookings.feature
17:48:36.753 [main] INFO  - 
  _____   ___   ___   _____     ___   _____     _     ___   _____   ___   ___  
 |_   _| | __| / __| |_   _|   / __| |_   _|   /_\   | _ \ |_   _| | __| |   \ 
   | |   | _|  \__ \   | |     \__ \   | |    / _ \  |   /   | |   | _|  | |) |
   |_|   |___| |___/   |_|     |___/   |_|   /_/ \_\ |_|_\   |_|   |___| |___/ 

Sort vaccination bookings by status(manage-vaccination-bookings;sort-vaccination-bookings-by-status)
--------------------------------------------------------------------------------
17:48:36.775 [main] INFO net.serenitybdd.core.webdriver.driverproviders.ChromeDriverProvider - Using automatically driver download
17:48:36.964 [main] DEBUG io.github.bonigarcia.wdm.cache.ResolutionCache - Resolution chrome=108 in cache (valid until 18:33:56 19/12/2022 ICT)
17:48:36.973 [main] DEBUG io.github.bonigarcia.wdm.cache.ResolutionCache - Resolution chrome108=108.0.5359.71 in cache (valid until 12:44:30 20/12/2022 ICT)
17:48:36.974 [main] INFO io.github.bonigarcia.wdm.WebDriverManager - Using chromedriver 108.0.5359.71 (resolved driver for Chrome 108)
17:48:36.989 [main] DEBUG io.github.bonigarcia.wdm.WebDriverManager - Driver chromedriver 108.0.5359.71 found in cache
17:48:36.990 [main] INFO io.github.bonigarcia.wdm.WebDriverManager - Exporting webdriver.chrome.driver as C:\Users\ASUSTUF\.cache\selenium\chromedriver\win32\108.0.5359.71\chromedriver.exe
17:48:37.115 [AsyncHttpClient-1-1] DEBUG org.asynchttpclient.netty.channel.DefaultChannelPool - Entry count for : http://localhost:56586 : 1
17:48:37.115 [AsyncHttpClient-1-1] DEBUG org.asynchttpclient.netty.channel.DefaultChannelPool - Entry count for : http://localhost:63677 : 1
17:48:37.115 [AsyncHttpClient-1-1] DEBUG org.asynchttpclient.netty.channel.DefaultChannelPool - Adding Candidate expired Channel [id: 0x4d05c201, L:/127.0.0.1:56593 ! R:localhost/127.0.0.1:56586] isIdleTimeoutExpired=false isRemotelyClosed=true isTtlExpired=false
17:48:37.115 [AsyncHttpClient-1-1] DEBUG org.asynchttpclient.netty.channel.DefaultChannelPool - Closing Idle Channel [id: 0x4d05c201, L:/127.0.0.1:56593 ! R:localhost/127.0.0.1:56586]
17:48:37.115 [AsyncHttpClient-1-1] DEBUG org.asynchttpclient.netty.channel.DefaultChannelPool - Adding Candidate expired Channel [id: 0xc0d7a399, L:/127.0.0.1:56585 ! R:localhost/127.0.0.1:63677] isIdleTimeoutExpired=false isRemotelyClosed=true isTtlExpired=false
17:48:37.115 [AsyncHttpClient-1-1] DEBUG org.asynchttpclient.netty.channel.DefaultChannelPool - Closing Idle Channel [id: 0xc0d7a399, L:/127.0.0.1:56585 ! R:localhost/127.0.0.1:63677]
17:48:37.115 [AsyncHttpClient-1-1] DEBUG org.asynchttpclient.netty.channel.DefaultChannelPool - Closed 2 connections out of 2 in 0 ms
17:48:37.158 [main] DEBUG net.serenitybdd.core.webdriver.driverproviders.ProvideNewDriver - Instantiating driver
17:48:37.159 [main] DEBUG net.serenitybdd.core.webdriver.driverproviders.ProvideNewDriver - Driver capabilities: Capabilities {acceptInsecureCerts: false, base.url: https://vaksin-id.netlify.app/, browserName: chrome, chrome.driver: src/test/resources/webdrive..., driver: chrome, goog:chromeOptions: {args: [], extensions: []}}
17:48:37.876 [AsyncHttpClient-1-23] DEBUG org.asynchttpclient.netty.channel.NettyConnectListener - Using new Channel '[id: 0x5d32e81d, L:/127.0.0.1:56620 - R:localhost/127.0.0.1:51200]' for 'POST' to '/session'
17:48:39.050 [AsyncHttpClient-1-23] DEBUG org.asynchttpclient.netty.handler.HttpHandler - 

Request DefaultHttpRequest(decodeResult: success, version: HTTP/1.1)
POST /session HTTP/1.1
User-Agent: selenium/4.1.2 (java windows)
Content-Length: 616
Content-Type: application/json; charset=utf-8
host: localhost:51200
accept: */*

Response DefaultHttpResponse(decodeResult: success, version: HTTP/1.1)
HTTP/1.1 200 OK
Content-Type: application/json; charset=utf-8
cache-control: no-cache
content-length: 793

17:48:39.050 [AsyncHttpClient-1-23] DEBUG org.asynchttpclient.netty.channel.ChannelManager - Adding key: http://localhost:51200 for channel [id: 0x5d32e81d, L:/127.0.0.1:56620 - R:localhost/127.0.0.1:51200]
17:48:39.073 [AsyncHttpClient-1-24] DEBUG org.asynchttpclient.netty.channel.NettyConnectListener - Using new Channel '[id: 0x2778ef0d, L:/127.0.0.1:56627 - R:localhost/127.0.0.1:56621]' for 'GET' to '/json/version'
17:48:39.077 [AsyncHttpClient-1-24] DEBUG org.asynchttpclient.netty.handler.HttpHandler - 

Request DefaultFullHttpRequest(decodeResult: success, version: HTTP/1.1, content: EmptyByteBufBE)
GET /json/version HTTP/1.1
User-Agent: selenium/4.1.2 (java windows)
host: localhost:56621
accept: */*

Response DefaultHttpResponse(decodeResult: success, version: HTTP/1.1)
HTTP/1.1 200 OK
Content-Type: application/json; charset=UTF-8
content-length: 424

17:48:39.079 [AsyncHttpClient-1-24] DEBUG org.asynchttpclient.netty.channel.ChannelManager - Adding key: http://localhost:56621 for channel [id: 0x2778ef0d, L:/127.0.0.1:56627 - R:localhost/127.0.0.1:56621]
17:48:39.084 [AsyncHttpClient-1-25] DEBUG org.asynchttpclient.netty.channel.NettyConnectListener - Using new Channel '[id: 0x0a5fee8c, L:/127.0.0.1:56628 - R:localhost/127.0.0.1:56621]' for 'GET' to '/devtools/browser/9bf634ba-b7f1-4e82-b5b1-182ed9a16b0e'
17:48:39.087 [AsyncHttpClient-1-25] DEBUG org.asynchttpclient.netty.handler.WebSocketHandler - 

Request DefaultFullHttpRequest(decodeResult: success, version: HTTP/1.1, content: EmptyByteBufBE)
GET /devtools/browser/9bf634ba-b7f1-4e82-b5b1-182ed9a16b0e HTTP/1.1
upgrade: websocket
connection: upgrade
sec-websocket-key: ymsOkRXo4R9RQieOIjO7nQ==
sec-websocket-version: 13
origin: http://localhost:56621
host: localhost:56621
accept: */*
user-agent: AHC/2.1

Response DefaultHttpResponse(decodeResult: success, version: HTTP/1.1)
HTTP/1.1 101 WebSocket Protocol Handshake
Upgrade: WebSocket
Connection: Upgrade
Sec-WebSocket-Accept: xR6YhHxoz3/+odiTIIDVJ3JTXi4=

17:48:39.092 [Forwarding get on session 0fc22476fa005b32c0a97fdef491a0d4 to remote] DEBUG org.asynchttpclient.netty.request.NettyRequestSender - Using pooled Channel '[id: 0x5d32e81d, L:/127.0.0.1:56620 - R:localhost/127.0.0.1:51200]' for 'POST' to 'http://localhost:51200/session/0fc22476fa005b32c0a97fdef491a0d4/url'
17:48:39.092 [Forwarding get on session 0fc22476fa005b32c0a97fdef491a0d4 to remote] DEBUG org.asynchttpclient.netty.request.NettyRequestSender - Using open Channel [id: 0x5d32e81d, L:/127.0.0.1:56620 - R:localhost/127.0.0.1:51200] for POST '/session/0fc22476fa005b32c0a97fdef491a0d4/url'
17:48:39.322 [AsyncHttpClient-1-1] DEBUG org.asynchttpclient.netty.channel.DefaultChannelPool - Entry count for : http://localhost:56621 : 1
17:48:40.023 [AsyncHttpClient-1-23] DEBUG org.asynchttpclient.netty.handler.HttpHandler - 

Request DefaultHttpRequest(decodeResult: success, version: HTTP/1.1)
POST /session/0fc22476fa005b32c0a97fdef491a0d4/url HTTP/1.1
User-Agent: selenium/4.1.2 (java windows)
Content-Length: 60
Content-Type: application/json; charset=utf-8
host: localhost:51200
accept: */*

Response DefaultHttpResponse(decodeResult: success, version: HTTP/1.1)
HTTP/1.1 200 OK
Content-Type: application/json; charset=utf-8
cache-control: no-cache
content-length: 14

17:48:40.024 [AsyncHttpClient-1-23] DEBUG org.asynchttpclient.netty.channel.ChannelManager - Adding key: http://localhost:51200 for channel [id: 0x5d32e81d, L:/127.0.0.1:56620 - R:localhost/127.0.0.1:51200]
17:48:40.030 [Forwarding setTimeout on session 0fc22476fa005b32c0a97fdef491a0d4 to remote] DEBUG org.asynchttpclient.netty.request.NettyRequestSender - Using pooled Channel '[id: 0x5d32e81d, L:/127.0.0.1:56620 - R:localhost/127.0.0.1:51200]' for 'POST' to 'http://localhost:51200/session/0fc22476fa005b32c0a97fdef491a0d4/timeouts'
17:48:40.030 [Forwarding setTimeout on session 0fc22476fa005b32c0a97fdef491a0d4 to remote] DEBUG org.asynchttpclient.netty.request.NettyRequestSender - Using open Channel [id: 0x5d32e81d, L:/127.0.0.1:56620 - R:localhost/127.0.0.1:51200] for POST '/session/0fc22476fa005b32c0a97fdef491a0d4/timeouts'
17:48:40.032 [AsyncHttpClient-1-23] DEBUG org.asynchttpclient.netty.handler.HttpHandler - 

Request DefaultHttpRequest(decodeResult: success, version: HTTP/1.1)
POST /session/0fc22476fa005b32c0a97fdef491a0d4/timeouts HTTP/1.1
User-Agent: selenium/4.1.2 (java windows)
Content-Length: 22
Content-Type: application/json; charset=utf-8
host: localhost:51200
accept: */*

Response DefaultHttpResponse(decodeResult: success, version: HTTP/1.1)
HTTP/1.1 200 OK
Content-Type: application/json; charset=utf-8
cache-control: no-cache
content-length: 14

17:48:40.033 [AsyncHttpClient-1-23] DEBUG org.asynchttpclient.netty.channel.ChannelManager - Adding key: http://localhost:51200 for channel [id: 0x5d32e81d, L:/127.0.0.1:56620 - R:localhost/127.0.0.1:51200]
17:48:40.042 [Forwarding getCurrentUrl on session 0fc22476fa005b32c0a97fdef491a0d4 to remote] DEBUG org.asynchttpclient.netty.request.NettyRequestSender - Using pooled Channel '[id: 0x5d32e81d, L:/127.0.0.1:56620 - R:localhost/127.0.0.1:51200]' for 'GET' to 'http://localhost:51200/session/0fc22476fa005b32c0a97fdef491a0d4/url'
17:48:40.043 [Forwarding getCurrentUrl on session 0fc22476fa005b32c0a97fdef491a0d4 to remote] DEBUG org.asynchttpclient.netty.request.NettyRequestSender - Using open Channel [id: 0x5d32e81d, L:/127.0.0.1:56620 - R:localhost/127.0.0.1:51200] for GET '/session/0fc22476fa005b32c0a97fdef491a0d4/url'
17:48:40.078 [AsyncHttpClient-1-23] DEBUG org.asynchttpclient.netty.handler.HttpHandler - 

Request DefaultFullHttpRequest(decodeResult: success, version: HTTP/1.1, content: EmptyByteBufBE)
GET /session/0fc22476fa005b32c0a97fdef491a0d4/url HTTP/1.1
User-Agent: selenium/4.1.2 (java windows)
Cache-Control: no-cache
Content-Type: application/json; charset=utf-8
host: localhost:51200
accept: */*

Response DefaultHttpResponse(decodeResult: success, version: HTTP/1.1)
HTTP/1.1 200 OK
Content-Type: application/json; charset=utf-8
cache-control: no-cache
content-length: 42

17:48:40.078 [AsyncHttpClient-1-23] DEBUG org.asynchttpclient.netty.channel.ChannelManager - Adding key: http://localhost:51200 for channel [id: 0x5d32e81d, L:/127.0.0.1:56620 - R:localhost/127.0.0.1:51200]
  &amp#27;[32mGiven &amp#27;[0m&amp#27;[32mI am on landing page&amp#27;[0m                   &amp#27;[90m# starter.stepdefinitions.ManageVaccinationBookingsSteps.iAmOnLandingPage()&amp#27;[0m
17:48:40.089 [Forwarding screenshot on session 0fc22476fa005b32c0a97fdef491a0d4 to remote] DEBUG org.asynchttpclient.netty.request.NettyRequestSender - Using pooled Channel '[id: 0x5d32e81d, L:/127.0.0.1:56620 - R:localhost/127.0.0.1:51200]' for 'GET' to 'http://localhost:51200/session/0fc22476fa005b32c0a97fdef491a0d4/screenshot'
17:48:40.089 [Forwarding screenshot on session 0fc22476fa005b32c0a97fdef491a0d4 to remote] DEBUG org.asynchttpclient.netty.request.NettyRequestSender - Using open Channel [id: 0x5d32e81d, L:/127.0.0.1:56620 - R:localhost/127.0.0.1:51200] for GET '/session/0fc22476fa005b32c0a97fdef491a0d4/screenshot'
17:48:40.414 [AsyncHttpClient-1-1] DEBUG org.asynchttpclient.netty.channel.DefaultChannelPool - Entry count for : http://localhost:56621 : 1
17:48:41.297 [AsyncHttpClient-1-23] DEBUG org.asynchttpclient.netty.handler.HttpHandler - 

Request DefaultFullHttpRequest(decodeResult: success, version: HTTP/1.1, content: EmptyByteBufBE)
GET /session/0fc22476fa005b32c0a97fdef491a0d4/screenshot HTTP/1.1
User-Agent: selenium/4.1.2 (java windows)
Cache-Control: no-cache
Content-Type: application/json; charset=utf-8
host: localhost:51200
accept: */*

Response DefaultHttpResponse(decodeResult: success, version: HTTP/1.1)
HTTP/1.1 200 OK
Content-Type: application/json; charset=utf-8
cache-control: no-cache
content-length: 847132

17:48:41.302 [AsyncHttpClient-1-23] DEBUG org.asynchttpclient.netty.channel.ChannelManager - Adding key: http://localhost:51200 for channel [id: 0x5d32e81d, L:/127.0.0.1:56620 - R:localhost/127.0.0.1:51200]
17:48:41.351 [main] DEBUG net.serenitybdd.core.photography.Darkroom - Send negative for processing for target\site\serenity\ff3b83dd42f508d91c0c8488aed412149de34b436c7528a8caa8428592644731.png
17:48:41.362 [Forwarding findElement on session 0fc22476fa005b32c0a97fdef491a0d4 to remote] DEBUG org.asynchttpclient.netty.request.NettyRequestSender - Using pooled Channel '[id: 0x5d32e81d, L:/127.0.0.1:56620 - R:localhost/127.0.0.1:51200]' for 'POST' to 'http://localhost:51200/session/0fc22476fa005b32c0a97fdef491a0d4/element'
17:48:41.362 [Forwarding findElement on session 0fc22476fa005b32c0a97fdef491a0d4 to remote] DEBUG org.asynchttpclient.netty.request.NettyRequestSender - Using open Channel [id: 0x5d32e81d, L:/127.0.0.1:56620 - R:localhost/127.0.0.1:51200] for POST '/session/0fc22476fa005b32c0a97fdef491a0d4/element'
17:48:41.378 [AsyncHttpClient-1-23] DEBUG org.asynchttpclient.netty.handler.HttpHandler - 

Request DefaultHttpRequest(decodeResult: success, version: HTTP/1.1)
POST /session/0fc22476fa005b32c0a97fdef491a0d4/element HTTP/1.1
User-Agent: selenium/4.1.2 (java windows)
Content-Length: 315
Content-Type: application/json; charset=utf-8
host: localhost:51200
accept: */*

Response DefaultHttpResponse(decodeResult: success, version: HTTP/1.1)
HTTP/1.1 200 OK
Content-Type: application/json; charset=utf-8
cache-control: no-cache
content-length: 88

17:48:41.379 [AsyncHttpClient-1-23] DEBUG org.asynchttpclient.netty.channel.ChannelManager - Adding key: http://localhost:51200 for channel [id: 0x5d32e81d, L:/127.0.0.1:56620 - R:localhost/127.0.0.1:51200]
17:48:41.380 [Forwarding getElementTagName on session 0fc22476fa005b32c0a97fdef491a0d4 to remote] DEBUG org.asynchttpclient.netty.request.NettyRequestSender - Using pooled Channel '[id: 0x5d32e81d, L:/127.0.0.1:56620 - R:localhost/127.0.0.1:51200]' for 'GET' to 'http://localhost:51200/session/0fc22476fa005b32c0a97fdef491a0d4/element/68005ac2-cfc5-44d5-92a1-57194a05a51a/name'
17:48:41.380 [Forwarding getElementTagName on session 0fc22476fa005b32c0a97fdef491a0d4 to remote] DEBUG org.asynchttpclient.netty.request.NettyRequestSender - Using open Channel [id: 0x5d32e81d, L:/127.0.0.1:56620 - R:localhost/127.0.0.1:51200] for GET '/session/0fc22476fa005b32c0a97fdef491a0d4/element/68005ac2-cfc5-44d5-92a1-57194a05a51a/name'
17:48:41.386 [AsyncHttpClient-1-23] DEBUG org.asynchttpclient.netty.handler.HttpHandler - 

Request DefaultFullHttpRequest(decodeResult: success, version: HTTP/1.1, content: EmptyByteBufBE)
GET /session/0fc22476fa005b32c0a97fdef491a0d4/element/68005ac2-cfc5-44d5-92a1-57194a05a51a/name HTTP/1.1
User-Agent: selenium/4.1.2 (java windows)
Cache-Control: no-cache
Content-Type: application/json; charset=utf-8
host: localhost:51200
accept: */*

Response DefaultHttpResponse(decodeResult: success, version: HTTP/1.1)
HTTP/1.1 200 OK
Content-Type: application/json; charset=utf-8
cache-control: no-cache
content-length: 18

17:48:41.387 [AsyncHttpClient-1-23] DEBUG org.asynchttpclient.netty.channel.ChannelManager - Adding key: http://localhost:51200 for channel [id: 0x5d32e81d, L:/127.0.0.1:56620 - R:localhost/127.0.0.1:51200]
17:48:41.389 [Forwarding getElementTagName on session 0fc22476fa005b32c0a97fdef491a0d4 to remote] DEBUG org.asynchttpclient.netty.request.NettyRequestSender - Using pooled Channel '[id: 0x5d32e81d, L:/127.0.0.1:56620 - R:localhost/127.0.0.1:51200]' for 'GET' to 'http://localhost:51200/session/0fc22476fa005b32c0a97fdef491a0d4/element/68005ac2-cfc5-44d5-92a1-57194a05a51a/name'
17:48:41.389 [Forwarding getElementTagName on session 0fc22476fa005b32c0a97fdef491a0d4 to remote] DEBUG org.asynchttpclient.netty.request.NettyRequestSender - Using open Channel [id: 0x5d32e81d, L:/127.0.0.1:56620 - R:localhost/127.0.0.1:51200] for GET '/session/0fc22476fa005b32c0a97fdef491a0d4/element/68005ac2-cfc5-44d5-92a1-57194a05a51a/name'
17:48:41.393 [AsyncHttpClient-1-23] DEBUG org.asynchttpclient.netty.handler.HttpHandler - 

Request DefaultFullHttpRequest(decodeResult: success, version: HTTP/1.1, content: EmptyByteBufBE)
GET /session/0fc22476fa005b32c0a97fdef491a0d4/element/68005ac2-cfc5-44d5-92a1-57194a05a51a/name HTTP/1.1
User-Agent: selenium/4.1.2 (java windows)
Cache-Control: no-cache
Content-Type: application/json; charset=utf-8
host: localhost:51200
accept: */*

Response DefaultHttpResponse(decodeResult: success, version: HTTP/1.1)
HTTP/1.1 200 OK
Content-Type: application/json; charset=utf-8
cache-control: no-cache
content-length: 18

17:48:41.393 [AsyncHttpClient-1-23] DEBUG org.asynchttpclient.netty.channel.ChannelManager - Adding key: http://localhost:51200 for channel [id: 0x5d32e81d, L:/127.0.0.1:56620 - R:localhost/127.0.0.1:51200]
17:48:41.394 [Forwarding isElementEnabled on session 0fc22476fa005b32c0a97fdef491a0d4 to remote] DEBUG org.asynchttpclient.netty.request.NettyRequestSender - Using pooled Channel '[id: 0x5d32e81d, L:/127.0.0.1:56620 - R:localhost/127.0.0.1:51200]' for 'GET' to 'http://localhost:51200/session/0fc22476fa005b32c0a97fdef491a0d4/element/68005ac2-cfc5-44d5-92a1-57194a05a51a/enabled'
17:48:41.394 [Forwarding isElementEnabled on session 0fc22476fa005b32c0a97fdef491a0d4 to remote] DEBUG org.asynchttpclient.netty.request.NettyRequestSender - Using open Channel [id: 0x5d32e81d, L:/127.0.0.1:56620 - R:localhost/127.0.0.1:51200] for GET '/session/0fc22476fa005b32c0a97fdef491a0d4/element/68005ac2-cfc5-44d5-92a1-57194a05a51a/enabled'
17:48:41.408 [AsyncHttpClient-1-23] DEBUG org.asynchttpclient.netty.handler.HttpHandler - 

Request DefaultFullHttpRequest(decodeResult: success, version: HTTP/1.1, content: EmptyByteBufBE)
GET /session/0fc22476fa005b32c0a97fdef491a0d4/element/68005ac2-cfc5-44d5-92a1-57194a05a51a/enabled HTTP/1.1
User-Agent: selenium/4.1.2 (java windows)
Cache-Control: no-cache
Content-Type: application/json; charset=utf-8
host: localhost:51200
accept: */*

Response DefaultHttpResponse(decodeResult: success, version: HTTP/1.1)
HTTP/1.1 200 OK
Content-Type: application/json; charset=utf-8
cache-control: no-cache
content-length: 14

17:48:41.409 [AsyncHttpClient-1-23] DEBUG org.asynchttpclient.netty.channel.ChannelManager - Adding key: http://localhost:51200 for channel [id: 0x5d32e81d, L:/127.0.0.1:56620 - R:localhost/127.0.0.1:51200]
17:48:41.410 [Forwarding isElementEnabled on session 0fc22476fa005b32c0a97fdef491a0d4 to remote] DEBUG org.asynchttpclient.netty.request.NettyRequestSender - Using pooled Channel '[id: 0x5d32e81d, L:/127.0.0.1:56620 - R:localhost/127.0.0.1:51200]' for 'GET' to 'http://localhost:51200/session/0fc22476fa005b32c0a97fdef491a0d4/element/68005ac2-cfc5-44d5-92a1-57194a05a51a/enabled'
17:48:41.410 [Forwarding isElementEnabled on session 0fc22476fa005b32c0a97fdef491a0d4 to remote] DEBUG org.asynchttpclient.netty.request.NettyRequestSender - Using open Channel [id: 0x5d32e81d, L:/127.0.0.1:56620 - R:localhost/127.0.0.1:51200] for GET '/session/0fc22476fa005b32c0a97fdef491a0d4/element/68005ac2-cfc5-44d5-92a1-57194a05a51a/enabled'
17:48:41.417 [AsyncHttpClient-1-23] DEBUG org.asynchttpclient.netty.handler.HttpHandler - 

Request DefaultFullHttpRequest(decodeResult: success, version: HTTP/1.1, content: EmptyByteBufBE)
GET /session/0fc22476fa005b32c0a97fdef491a0d4/element/68005ac2-cfc5-44d5-92a1-57194a05a51a/enabled HTTP/1.1
User-Agent: selenium/4.1.2 (java windows)
Cache-Control: no-cache
Content-Type: application/json; charset=utf-8
host: localhost:51200
accept: */*

Response DefaultHttpResponse(decodeResult: success, version: HTTP/1.1)
HTTP/1.1 200 OK
Content-Type: application/json; charset=utf-8
cache-control: no-cache
content-length: 14

17:48:41.418 [AsyncHttpClient-1-23] DEBUG org.asynchttpclient.netty.channel.ChannelManager - Adding key: http://localhost:51200 for channel [id: 0x5d32e81d, L:/127.0.0.1:56620 - R:localhost/127.0.0.1:51200]
17:48:41.420 [Forwarding findElement on session 0fc22476fa005b32c0a97fdef491a0d4 to remote] DEBUG org.asynchttpclient.netty.request.NettyRequestSender - Using pooled Channel '[id: 0x5d32e81d, L:/127.0.0.1:56620 - R:localhost/127.0.0.1:51200]' for 'POST' to 'http://localhost:51200/session/0fc22476fa005b32c0a97fdef491a0d4/element'
17:48:41.420 [Forwarding findElement on session 0fc22476fa005b32c0a97fdef491a0d4 to remote] DEBUG org.asynchttpclient.netty.request.NettyRequestSender - Using open Channel [id: 0x5d32e81d, L:/127.0.0.1:56620 - R:localhost/127.0.0.1:51200] for POST '/session/0fc22476fa005b32c0a97fdef491a0d4/element'
17:48:41.428 [AsyncHttpClient-1-23] DEBUG org.asynchttpclient.netty.handler.HttpHandler - 

Request DefaultHttpRequest(decodeResult: success, version: HTTP/1.1)
POST /session/0fc22476fa005b32c0a97fdef491a0d4/element HTTP/1.1
User-Agent: selenium/4.1.2 (java windows)
Content-Length: 315
Content-Type: application/json; charset=utf-8
host: localhost:51200
accept: */*

Response DefaultHttpResponse(decodeResult: success, version: HTTP/1.1)
HTTP/1.1 200 OK
Content-Type: application/json; charset=utf-8
cache-control: no-cache
content-length: 88

17:48:41.428 [AsyncHttpClient-1-23] DEBUG org.asynchttpclient.netty.channel.ChannelManager - Adding key: http://localhost:51200 for channel [id: 0x5d32e81d, L:/127.0.0.1:56620 - R:localhost/127.0.0.1:51200]
17:48:41.429 [Forwarding clickElement on session 0fc22476fa005b32c0a97fdef491a0d4 to remote] DEBUG org.asynchttpclient.netty.request.NettyRequestSender - Using pooled Channel '[id: 0x5d32e81d, L:/127.0.0.1:56620 - R:localhost/127.0.0.1:51200]' for 'POST' to 'http://localhost:51200/session/0fc22476fa005b32c0a97fdef491a0d4/element/68005ac2-cfc5-44d5-92a1-57194a05a51a/click'
17:48:41.429 [Forwarding clickElement on session 0fc22476fa005b32c0a97fdef491a0d4 to remote] DEBUG org.asynchttpclient.netty.request.NettyRequestSender - Using open Channel [id: 0x5d32e81d, L:/127.0.0.1:56620 - R:localhost/127.0.0.1:51200] for POST '/session/0fc22476fa005b32c0a97fdef491a0d4/element/68005ac2-cfc5-44d5-92a1-57194a05a51a/click'
17:48:41.515 [AsyncHttpClient-1-1] DEBUG org.asynchttpclient.netty.channel.DefaultChannelPool - Entry count for : http://localhost:56621 : 1
17:48:41.547 [AsyncHttpClient-1-23] DEBUG org.asynchttpclient.netty.handler.HttpHandler - 

Request DefaultHttpRequest(decodeResult: success, version: HTTP/1.1)
POST /session/0fc22476fa005b32c0a97fdef491a0d4/element/68005ac2-cfc5-44d5-92a1-57194a05a51a/click HTTP/1.1
User-Agent: selenium/4.1.2 (java windows)
Content-Length: 50
Content-Type: application/json; charset=utf-8
host: localhost:51200
accept: */*

Response DefaultHttpResponse(decodeResult: success, version: HTTP/1.1)
HTTP/1.1 200 OK
Content-Type: application/json; charset=utf-8
cache-control: no-cache
content-length: 14

17:48:41.547 [AsyncHttpClient-1-23] DEBUG org.asynchttpclient.netty.channel.ChannelManager - Adding key: http://localhost:51200 for channel [id: 0x5d32e81d, L:/127.0.0.1:56620 - R:localhost/127.0.0.1:51200]
17:48:41.554 [Forwarding findElement on session 0fc22476fa005b32c0a97fdef491a0d4 to remote] DEBUG org.asynchttpclient.netty.request.NettyRequestSender - Using pooled Channel '[id: 0x5d32e81d, L:/127.0.0.1:56620 - R:localhost/127.0.0.1:51200]' for 'POST' to 'http://localhost:51200/session/0fc22476fa005b32c0a97fdef491a0d4/element'
17:48:41.555 [Forwarding findElement on session 0fc22476fa005b32c0a97fdef491a0d4 to remote] DEBUG org.asynchttpclient.netty.request.NettyRequestSender - Using open Channel [id: 0x5d32e81d, L:/127.0.0.1:56620 - R:localhost/127.0.0.1:51200] for POST '/session/0fc22476fa005b32c0a97fdef491a0d4/element'
17:48:41.571 [AsyncHttpClient-1-23] DEBUG org.asynchttpclient.netty.handler.HttpHandler - 

Request DefaultHttpRequest(decodeResult: success, version: HTTP/1.1)
POST /session/0fc22476fa005b32c0a97fdef491a0d4/element HTTP/1.1
User-Agent: selenium/4.1.2 (java windows)
Content-Length: 69
Content-Type: application/json; charset=utf-8
host: localhost:51200
accept: */*

Response DefaultHttpResponse(decodeResult: success, version: HTTP/1.1)
HTTP/1.1 200 OK
Content-Type: application/json; charset=utf-8
cache-control: no-cache
content-length: 88

17:48:41.571 [AsyncHttpClient-1-23] DEBUG org.asynchttpclient.netty.channel.ChannelManager - Adding key: http://localhost:51200 for channel [id: 0x5d32e81d, L:/127.0.0.1:56620 - R:localhost/127.0.0.1:51200]
17:48:41.573 [Forwarding clearElement on session 0fc22476fa005b32c0a97fdef491a0d4 to remote] DEBUG org.asynchttpclient.netty.request.NettyRequestSender - Using pooled Channel '[id: 0x5d32e81d, L:/127.0.0.1:56620 - R:localhost/127.0.0.1:51200]' for 'POST' to 'http://localhost:51200/session/0fc22476fa005b32c0a97fdef491a0d4/element/8ac6abf3-db56-4d4a-b038-89c84b3c49f0/clear'
17:48:41.573 [Forwarding clearElement on session 0fc22476fa005b32c0a97fdef491a0d4 to remote] DEBUG org.asynchttpclient.netty.request.NettyRequestSender - Using open Channel [id: 0x5d32e81d, L:/127.0.0.1:56620 - R:localhost/127.0.0.1:51200] for POST '/session/0fc22476fa005b32c0a97fdef491a0d4/element/8ac6abf3-db56-4d4a-b038-89c84b3c49f0/clear'
17:48:41.622 [AsyncHttpClient-1-23] DEBUG org.asynchttpclient.netty.handler.HttpHandler - 

Request DefaultHttpRequest(decodeResult: success, version: HTTP/1.1)
POST /session/0fc22476fa005b32c0a97fdef491a0d4/element/8ac6abf3-db56-4d4a-b038-89c84b3c49f0/clear HTTP/1.1
User-Agent: selenium/4.1.2 (java windows)
Content-Length: 50
Content-Type: application/json; charset=utf-8
host: localhost:51200
accept: */*

Response DefaultHttpResponse(decodeResult: success, version: HTTP/1.1)
HTTP/1.1 200 OK
Content-Type: application/json; charset=utf-8
cache-control: no-cache
content-length: 14

17:48:41.622 [AsyncHttpClient-1-23] DEBUG org.asynchttpclient.netty.channel.ChannelManager - Adding key: http://localhost:51200 for channel [id: 0x5d32e81d, L:/127.0.0.1:56620 - R:localhost/127.0.0.1:51200]
17:48:41.625 [Forwarding sendKeysToElement on session 0fc22476fa005b32c0a97fdef491a0d4 to remote] DEBUG org.asynchttpclient.netty.request.NettyRequestSender - Using pooled Channel '[id: 0x5d32e81d, L:/127.0.0.1:56620 - R:localhost/127.0.0.1:51200]' for 'POST' to 'http://localhost:51200/session/0fc22476fa005b32c0a97fdef491a0d4/element/8ac6abf3-db56-4d4a-b038-89c84b3c49f0/value'
17:48:41.625 [Forwarding sendKeysToElement on session 0fc22476fa005b32c0a97fdef491a0d4 to remote] DEBUG org.asynchttpclient.netty.request.NettyRequestSender - Using open Channel [id: 0x5d32e81d, L:/127.0.0.1:56620 - R:localhost/127.0.0.1:51200] for POST '/session/0fc22476fa005b32c0a97fdef491a0d4/element/8ac6abf3-db56-4d4a-b038-89c84b3c49f0/value'
17:48:41.934 [AsyncHttpClient-1-23] DEBUG org.asynchttpclient.netty.handler.HttpHandler - 

Request DefaultHttpRequest(decodeResult: success, version: HTTP/1.1)
POST /session/0fc22476fa005b32c0a97fdef491a0d4/element/8ac6abf3-db56-4d4a-b038-89c84b3c49f0/value HTTP/1.1
User-Agent: selenium/4.1.2 (java windows)
Content-Length: 411
Content-Type: application/json; charset=utf-8
host: localhost:51200
accept: */*

Response DefaultHttpResponse(decodeResult: success, version: HTTP/1.1)
HTTP/1.1 200 OK
Content-Type: application/json; charset=utf-8
cache-control: no-cache
content-length: 14

17:48:41.934 [AsyncHttpClient-1-23] DEBUG org.asynchttpclient.netty.channel.ChannelManager - Adding key: http://localhost:51200 for channel [id: 0x5d32e81d, L:/127.0.0.1:56620 - R:localhost/127.0.0.1:51200]
17:48:41.940 [Forwarding findElement on session 0fc22476fa005b32c0a97fdef491a0d4 to remote] DEBUG org.asynchttpclient.netty.request.NettyRequestSender - Using pooled Channel '[id: 0x5d32e81d, L:/127.0.0.1:56620 - R:localhost/127.0.0.1:51200]' for 'POST' to 'http://localhost:51200/session/0fc22476fa005b32c0a97fdef491a0d4/element'
17:48:41.940 [Forwarding findElement on session 0fc22476fa005b32c0a97fdef491a0d4 to remote] DEBUG org.asynchttpclient.netty.request.NettyRequestSender - Using open Channel [id: 0x5d32e81d, L:/127.0.0.1:56620 - R:localhost/127.0.0.1:51200] for POST '/session/0fc22476fa005b32c0a97fdef491a0d4/element'
17:48:41.957 [AsyncHttpClient-1-23] DEBUG org.asynchttpclient.netty.handler.HttpHandler - 

Request DefaultHttpRequest(decodeResult: success, version: HTTP/1.1)
POST /session/0fc22476fa005b32c0a97fdef491a0d4/element HTTP/1.1
User-Agent: selenium/4.1.2 (java windows)
Content-Length: 72
Content-Type: application/json; charset=utf-8
host: localhost:51200
accept: */*

Response DefaultHttpResponse(decodeResult: success, version: HTTP/1.1)
HTTP/1.1 200 OK
Content-Type: application/json; charset=utf-8
cache-control: no-cache
content-length: 88

17:48:41.957 [AsyncHttpClient-1-23] DEBUG org.asynchttpclient.netty.channel.ChannelManager - Adding key: http://localhost:51200 for channel [id: 0x5d32e81d, L:/127.0.0.1:56620 - R:localhost/127.0.0.1:51200]
17:48:41.959 [Forwarding clearElement on session 0fc22476fa005b32c0a97fdef491a0d4 to remote] DEBUG org.asynchttpclient.netty.request.NettyRequestSender - Using pooled Channel '[id: 0x5d32e81d, L:/127.0.0.1:56620 - R:localhost/127.0.0.1:51200]' for 'POST' to 'http://localhost:51200/session/0fc22476fa005b32c0a97fdef491a0d4/element/6ce64f85-5e93-4dd8-b01d-d1a441f6a6da/clear'
17:48:41.959 [Forwarding clearElement on session 0fc22476fa005b32c0a97fdef491a0d4 to remote] DEBUG org.asynchttpclient.netty.request.NettyRequestSender - Using open Channel [id: 0x5d32e81d, L:/127.0.0.1:56620 - R:localhost/127.0.0.1:51200] for POST '/session/0fc22476fa005b32c0a97fdef491a0d4/element/6ce64f85-5e93-4dd8-b01d-d1a441f6a6da/clear'
17:48:42.027 [AsyncHttpClient-1-23] DEBUG org.asynchttpclient.netty.handler.HttpHandler - 

Request DefaultHttpRequest(decodeResult: success, version: HTTP/1.1)
POST /session/0fc22476fa005b32c0a97fdef491a0d4/element/6ce64f85-5e93-4dd8-b01d-d1a441f6a6da/clear HTTP/1.1
User-Agent: selenium/4.1.2 (java windows)
Content-Length: 50
Content-Type: application/json; charset=utf-8
host: localhost:51200
accept: */*

Response DefaultHttpResponse(decodeResult: success, version: HTTP/1.1)
HTTP/1.1 200 OK
Content-Type: application/json; charset=utf-8
cache-control: no-cache
content-length: 14

17:48:42.028 [AsyncHttpClient-1-23] DEBUG org.asynchttpclient.netty.channel.ChannelManager - Adding key: http://localhost:51200 for channel [id: 0x5d32e81d, L:/127.0.0.1:56620 - R:localhost/127.0.0.1:51200]
17:48:42.030 [Forwarding sendKeysToElement on session 0fc22476fa005b32c0a97fdef491a0d4 to remote] DEBUG org.asynchttpclient.netty.request.NettyRequestSender - Using pooled Channel '[id: 0x5d32e81d, L:/127.0.0.1:56620 - R:localhost/127.0.0.1:51200]' for 'POST' to 'http://localhost:51200/session/0fc22476fa005b32c0a97fdef491a0d4/element/6ce64f85-5e93-4dd8-b01d-d1a441f6a6da/value'
17:48:42.030 [Forwarding sendKeysToElement on session 0fc22476fa005b32c0a97fdef491a0d4 to remote] DEBUG org.asynchttpclient.netty.request.NettyRequestSender - Using open Channel [id: 0x5d32e81d, L:/127.0.0.1:56620 - R:localhost/127.0.0.1:51200] for POST '/session/0fc22476fa005b32c0a97fdef491a0d4/element/6ce64f85-5e93-4dd8-b01d-d1a441f6a6da/value'
17:48:42.204 [AsyncHttpClient-1-23] DEBUG org.asynchttpclient.netty.handler.HttpHandler - 

Request DefaultHttpRequest(decodeResult: success, version: HTTP/1.1)
POST /session/0fc22476fa005b32c0a97fdef491a0d4/element/6ce64f85-5e93-4dd8-b01d-d1a441f6a6da/value HTTP/1.1
User-Agent: selenium/4.1.2 (java windows)
Content-Length: 241
Content-Type: application/json; charset=utf-8
host: localhost:51200
accept: */*

Response DefaultHttpResponse(decodeResult: success, version: HTTP/1.1)
HTTP/1.1 200 OK
Content-Type: application/json; charset=utf-8
cache-control: no-cache
content-length: 14

17:48:42.204 [AsyncHttpClient-1-23] DEBUG org.asynchttpclient.netty.channel.ChannelManager - Adding key: http://localhost:51200 for channel [id: 0x5d32e81d, L:/127.0.0.1:56620 - R:localhost/127.0.0.1:51200]
17:48:42.211 [Forwarding findElement on session 0fc22476fa005b32c0a97fdef491a0d4 to remote] DEBUG org.asynchttpclient.netty.request.NettyRequestSender - Using pooled Channel '[id: 0x5d32e81d, L:/127.0.0.1:56620 - R:localhost/127.0.0.1:51200]' for 'POST' to 'http://localhost:51200/session/0fc22476fa005b32c0a97fdef491a0d4/element'
17:48:42.212 [Forwarding findElement on session 0fc22476fa005b32c0a97fdef491a0d4 to remote] DEBUG org.asynchttpclient.netty.request.NettyRequestSender - Using open Channel [id: 0x5d32e81d, L:/127.0.0.1:56620 - R:localhost/127.0.0.1:51200] for POST '/session/0fc22476fa005b32c0a97fdef491a0d4/element'
17:48:42.230 [AsyncHttpClient-1-23] DEBUG org.asynchttpclient.netty.handler.HttpHandler - 

Request DefaultHttpRequest(decodeResult: success, version: HTTP/1.1)
POST /session/0fc22476fa005b32c0a97fdef491a0d4/element HTTP/1.1
User-Agent: selenium/4.1.2 (java windows)
Content-Length: 321
Content-Type: application/json; charset=utf-8
host: localhost:51200
accept: */*

Response DefaultHttpResponse(decodeResult: success, version: HTTP/1.1)
HTTP/1.1 200 OK
Content-Type: application/json; charset=utf-8
cache-control: no-cache
content-length: 88

17:48:42.230 [AsyncHttpClient-1-23] DEBUG org.asynchttpclient.netty.channel.ChannelManager - Adding key: http://localhost:51200 for channel [id: 0x5d32e81d, L:/127.0.0.1:56620 - R:localhost/127.0.0.1:51200]
17:48:42.231 [Forwarding getElementTagName on session 0fc22476fa005b32c0a97fdef491a0d4 to remote] DEBUG org.asynchttpclient.netty.request.NettyRequestSender - Using pooled Channel '[id: 0x5d32e81d, L:/127.0.0.1:56620 - R:localhost/127.0.0.1:51200]' for 'GET' to 'http://localhost:51200/session/0fc22476fa005b32c0a97fdef491a0d4/element/98cda22a-372a-4abf-8973-0916d25663db/name'
17:48:42.231 [Forwarding getElementTagName on session 0fc22476fa005b32c0a97fdef491a0d4 to remote] DEBUG org.asynchttpclient.netty.request.NettyRequestSender - Using open Channel [id: 0x5d32e81d, L:/127.0.0.1:56620 - R:localhost/127.0.0.1:51200] for GET '/session/0fc22476fa005b32c0a97fdef491a0d4/element/98cda22a-372a-4abf-8973-0916d25663db/name'
17:48:42.241 [AsyncHttpClient-1-23] DEBUG org.asynchttpclient.netty.handler.HttpHandler - 

Request DefaultFullHttpRequest(decodeResult: success, version: HTTP/1.1, content: EmptyByteBufBE)
GET /session/0fc22476fa005b32c0a97fdef491a0d4/element/98cda22a-372a-4abf-8973-0916d25663db/name HTTP/1.1
User-Agent: selenium/4.1.2 (java windows)
Cache-Control: no-cache
Content-Type: application/json; charset=utf-8
host: localhost:51200
accept: */*

Response DefaultHttpResponse(decodeResult: success, version: HTTP/1.1)
HTTP/1.1 200 OK
Content-Type: application/json; charset=utf-8
cache-control: no-cache
content-length: 18

17:48:42.242 [AsyncHttpClient-1-23] DEBUG org.asynchttpclient.netty.channel.ChannelManager - Adding key: http://localhost:51200 for channel [id: 0x5d32e81d, L:/127.0.0.1:56620 - R:localhost/127.0.0.1:51200]
17:48:42.243 [Forwarding getElementTagName on session 0fc22476fa005b32c0a97fdef491a0d4 to remote] DEBUG org.asynchttpclient.netty.request.NettyRequestSender - Using pooled Channel '[id: 0x5d32e81d, L:/127.0.0.1:56620 - R:localhost/127.0.0.1:51200]' for 'GET' to 'http://localhost:51200/session/0fc22476fa005b32c0a97fdef491a0d4/element/98cda22a-372a-4abf-8973-0916d25663db/name'
17:48:42.243 [Forwarding getElementTagName on session 0fc22476fa005b32c0a97fdef491a0d4 to remote] DEBUG org.asynchttpclient.netty.request.NettyRequestSender - Using open Channel [id: 0x5d32e81d, L:/127.0.0.1:56620 - R:localhost/127.0.0.1:51200] for GET '/session/0fc22476fa005b32c0a97fdef491a0d4/element/98cda22a-372a-4abf-8973-0916d25663db/name'
17:48:42.247 [AsyncHttpClient-1-23] DEBUG org.asynchttpclient.netty.handler.HttpHandler - 

Request DefaultFullHttpRequest(decodeResult: success, version: HTTP/1.1, content: EmptyByteBufBE)
GET /session/0fc22476fa005b32c0a97fdef491a0d4/element/98cda22a-372a-4abf-8973-0916d25663db/name HTTP/1.1
User-Agent: selenium/4.1.2 (java windows)
Cache-Control: no-cache
Content-Type: application/json; charset=utf-8
host: localhost:51200
accept: */*

Response DefaultHttpResponse(decodeResult: success, version: HTTP/1.1)
HTTP/1.1 200 OK
Content-Type: application/json; charset=utf-8
cache-control: no-cache
content-length: 18

17:48:42.247 [AsyncHttpClient-1-23] DEBUG org.asynchttpclient.netty.channel.ChannelManager - Adding key: http://localhost:51200 for channel [id: 0x5d32e81d, L:/127.0.0.1:56620 - R:localhost/127.0.0.1:51200]
17:48:42.249 [Forwarding isElementEnabled on session 0fc22476fa005b32c0a97fdef491a0d4 to remote] DEBUG org.asynchttpclient.netty.request.NettyRequestSender - Using pooled Channel '[id: 0x5d32e81d, L:/127.0.0.1:56620 - R:localhost/127.0.0.1:51200]' for 'GET' to 'http://localhost:51200/session/0fc22476fa005b32c0a97fdef491a0d4/element/98cda22a-372a-4abf-8973-0916d25663db/enabled'
17:48:42.249 [Forwarding isElementEnabled on session 0fc22476fa005b32c0a97fdef491a0d4 to remote] DEBUG org.asynchttpclient.netty.request.NettyRequestSender - Using open Channel [id: 0x5d32e81d, L:/127.0.0.1:56620 - R:localhost/127.0.0.1:51200] for GET '/session/0fc22476fa005b32c0a97fdef491a0d4/element/98cda22a-372a-4abf-8973-0916d25663db/enabled'
17:48:42.264 [AsyncHttpClient-1-23] DEBUG org.asynchttpclient.netty.handler.HttpHandler - 

Request DefaultFullHttpRequest(decodeResult: success, version: HTTP/1.1, content: EmptyByteBufBE)
GET /session/0fc22476fa005b32c0a97fdef491a0d4/element/98cda22a-372a-4abf-8973-0916d25663db/enabled HTTP/1.1
User-Agent: selenium/4.1.2 (java windows)
Cache-Control: no-cache
Content-Type: application/json; charset=utf-8
host: localhost:51200
accept: */*

Response DefaultHttpResponse(decodeResult: success, version: HTTP/1.1)
HTTP/1.1 200 OK
Content-Type: application/json; charset=utf-8
cache-control: no-cache
content-length: 14

17:48:42.264 [AsyncHttpClient-1-23] DEBUG org.asynchttpclient.netty.channel.ChannelManager - Adding key: http://localhost:51200 for channel [id: 0x5d32e81d, L:/127.0.0.1:56620 - R:localhost/127.0.0.1:51200]
17:48:42.265 [Forwarding isElementEnabled on session 0fc22476fa005b32c0a97fdef491a0d4 to remote] DEBUG org.asynchttpclient.netty.request.NettyRequestSender - Using pooled Channel '[id: 0x5d32e81d, L:/127.0.0.1:56620 - R:localhost/127.0.0.1:51200]' for 'GET' to 'http://localhost:51200/session/0fc22476fa005b32c0a97fdef491a0d4/element/98cda22a-372a-4abf-8973-0916d25663db/enabled'
17:48:42.265 [Forwarding isElementEnabled on session 0fc22476fa005b32c0a97fdef491a0d4 to remote] DEBUG org.asynchttpclient.netty.request.NettyRequestSender - Using open Channel [id: 0x5d32e81d, L:/127.0.0.1:56620 - R:localhost/127.0.0.1:51200] for GET '/session/0fc22476fa005b32c0a97fdef491a0d4/element/98cda22a-372a-4abf-8973-0916d25663db/enabled'
17:48:42.274 [AsyncHttpClient-1-23] DEBUG org.asynchttpclient.netty.handler.HttpHandler - 

Request DefaultFullHttpRequest(decodeResult: success, version: HTTP/1.1, content: EmptyByteBufBE)
GET /session/0fc22476fa005b32c0a97fdef491a0d4/element/98cda22a-372a-4abf-8973-0916d25663db/enabled HTTP/1.1
User-Agent: selenium/4.1.2 (java windows)
Cache-Control: no-cache
Content-Type: application/json; charset=utf-8
host: localhost:51200
accept: */*

Response DefaultHttpResponse(decodeResult: success, version: HTTP/1.1)
HTTP/1.1 200 OK
Content-Type: application/json; charset=utf-8
cache-control: no-cache
content-length: 14

17:48:42.274 [AsyncHttpClient-1-23] DEBUG org.asynchttpclient.netty.channel.ChannelManager - Adding key: http://localhost:51200 for channel [id: 0x5d32e81d, L:/127.0.0.1:56620 - R:localhost/127.0.0.1:51200]
17:48:42.276 [Forwarding findElement on session 0fc22476fa005b32c0a97fdef491a0d4 to remote] DEBUG org.asynchttpclient.netty.request.NettyRequestSender - Using pooled Channel '[id: 0x5d32e81d, L:/127.0.0.1:56620 - R:localhost/127.0.0.1:51200]' for 'POST' to 'http://localhost:51200/session/0fc22476fa005b32c0a97fdef491a0d4/element'
17:48:42.276 [Forwarding findElement on session 0fc22476fa005b32c0a97fdef491a0d4 to remote] DEBUG org.asynchttpclient.netty.request.NettyRequestSender - Using open Channel [id: 0x5d32e81d, L:/127.0.0.1:56620 - R:localhost/127.0.0.1:51200] for POST '/session/0fc22476fa005b32c0a97fdef491a0d4/element'
17:48:42.290 [AsyncHttpClient-1-23] DEBUG org.asynchttpclient.netty.handler.HttpHandler - 

Request DefaultHttpRequest(decodeResult: success, version: HTTP/1.1)
POST /session/0fc22476fa005b32c0a97fdef491a0d4/element HTTP/1.1
User-Agent: selenium/4.1.2 (java windows)
Content-Length: 321
Content-Type: application/json; charset=utf-8
host: localhost:51200
accept: */*

Response DefaultHttpResponse(decodeResult: success, version: HTTP/1.1)
HTTP/1.1 200 OK
Content-Type: application/json; charset=utf-8
cache-control: no-cache
content-length: 88

17:48:42.290 [AsyncHttpClient-1-23] DEBUG org.asynchttpclient.netty.channel.ChannelManager - Adding key: http://localhost:51200 for channel [id: 0x5d32e81d, L:/127.0.0.1:56620 - R:localhost/127.0.0.1:51200]
17:48:42.292 [Forwarding clickElement on session 0fc22476fa005b32c0a97fdef491a0d4 to remote] DEBUG org.asynchttpclient.netty.request.NettyRequestSender - Using pooled Channel '[id: 0x5d32e81d, L:/127.0.0.1:56620 - R:localhost/127.0.0.1:51200]' for 'POST' to 'http://localhost:51200/session/0fc22476fa005b32c0a97fdef491a0d4/element/98cda22a-372a-4abf-8973-0916d25663db/click'
17:48:42.292 [Forwarding clickElement on session 0fc22476fa005b32c0a97fdef491a0d4 to remote] DEBUG org.asynchttpclient.netty.request.NettyRequestSender - Using open Channel [id: 0x5d32e81d, L:/127.0.0.1:56620 - R:localhost/127.0.0.1:51200] for POST '/session/0fc22476fa005b32c0a97fdef491a0d4/element/98cda22a-372a-4abf-8973-0916d25663db/click'
17:48:42.361 [AsyncHttpClient-1-23] DEBUG org.asynchttpclient.netty.handler.HttpHandler - 

Request DefaultHttpRequest(decodeResult: success, version: HTTP/1.1)
POST /session/0fc22476fa005b32c0a97fdef491a0d4/element/98cda22a-372a-4abf-8973-0916d25663db/click HTTP/1.1
User-Agent: selenium/4.1.2 (java windows)
Content-Length: 50
Content-Type: application/json; charset=utf-8
host: localhost:51200
accept: */*

Response DefaultHttpResponse(decodeResult: success, version: HTTP/1.1)
HTTP/1.1 200 OK
Content-Type: application/json; charset=utf-8
cache-control: no-cache
content-length: 14

17:48:42.361 [AsyncHttpClient-1-23] DEBUG org.asynchttpclient.netty.channel.ChannelManager - Adding key: http://localhost:51200 for channel [id: 0x5d32e81d, L:/127.0.0.1:56620 - R:localhost/127.0.0.1:51200]
  &amp#27;[32mAnd &amp#27;[0m&amp#27;[32mI have logged in&amp#27;[0m                         &amp#27;[90m# starter.stepdefinitions.ManageVaccinationBookingsSteps.iHaveLoggedIn()&amp#27;[0m
17:48:42.376 [Forwarding screenshot on session 0fc22476fa005b32c0a97fdef491a0d4 to remote] DEBUG org.asynchttpclient.netty.request.NettyRequestSender - Using pooled Channel '[id: 0x5d32e81d, L:/127.0.0.1:56620 - R:localhost/127.0.0.1:51200]' for 'GET' to 'http://localhost:51200/session/0fc22476fa005b32c0a97fdef491a0d4/screenshot'
17:48:42.376 [Forwarding screenshot on session 0fc22476fa005b32c0a97fdef491a0d4 to remote] DEBUG org.asynchttpclient.netty.request.NettyRequestSender - Using open Channel [id: 0x5d32e81d, L:/127.0.0.1:56620 - R:localhost/127.0.0.1:51200] for GET '/session/0fc22476fa005b32c0a97fdef491a0d4/screenshot'
17:48:42.614 [AsyncHttpClient-1-23] DEBUG org.asynchttpclient.netty.handler.HttpHandler - 

Request DefaultFullHttpRequest(decodeResult: success, version: HTTP/1.1, content: EmptyByteBufBE)
GET /session/0fc22476fa005b32c0a97fdef491a0d4/screenshot HTTP/1.1
User-Agent: selenium/4.1.2 (java windows)
Cache-Control: no-cache
Content-Type: application/json; charset=utf-8
host: localhost:51200
accept: */*

Response DefaultHttpResponse(decodeResult: success, version: HTTP/1.1)
HTTP/1.1 200 OK
Content-Type: application/json; charset=utf-8
cache-control: no-cache
content-length: 115824

17:48:42.615 [AsyncHttpClient-1-1] DEBUG org.asynchttpclient.netty.channel.DefaultChannelPool - Entry count for : http://localhost:56621 : 1
17:48:42.615 [AsyncHttpClient-1-23] DEBUG org.asynchttpclient.netty.channel.ChannelManager - Adding key: http://localhost:51200 for channel [id: 0x5d32e81d, L:/127.0.0.1:56620 - R:localhost/127.0.0.1:51200]
17:48:42.620 [main] DEBUG net.serenitybdd.core.photography.Darkroom - Send negative for processing for target\site\serenity\5b924e048bdb884c4e32064810d76fa8107699e1c08f6f051c0eeda624b0f6da.png
17:48:42.620 [Darkroom Processing Line] DEBUG net.serenitybdd.core.photography.DarkroomProcessingLine - Processing screenshot image in /var/screenshots/screenshot-1422159238133978502
17:48:42.620 [Darkroom Processing Line] DEBUG net.serenitybdd.core.photography.DarkroomProcessingLine - Saving screenshot to target\site\serenity\5b924e048bdb884c4e32064810d76fa8107699e1c08f6f051c0eeda624b0f6da.png
17:48:42.628 [Forwarding findElement on session 0fc22476fa005b32c0a97fdef491a0d4 to remote] DEBUG org.asynchttpclient.netty.request.NettyRequestSender - Using pooled Channel '[id: 0x5d32e81d, L:/127.0.0.1:56620 - R:localhost/127.0.0.1:51200]' for 'POST' to 'http://localhost:51200/session/0fc22476fa005b32c0a97fdef491a0d4/element'
17:48:42.628 [Forwarding findElement on session 0fc22476fa005b32c0a97fdef491a0d4 to remote] DEBUG org.asynchttpclient.netty.request.NettyRequestSender - Using open Channel [id: 0x5d32e81d, L:/127.0.0.1:56620 - R:localhost/127.0.0.1:51200] for POST '/session/0fc22476fa005b32c0a97fdef491a0d4/element'
17:48:42.914 [AsyncHttpClient-1-23] DEBUG org.asynchttpclient.netty.handler.HttpHandler - 

Request DefaultHttpRequest(decodeResult: success, version: HTTP/1.1)
POST /session/0fc22476fa005b32c0a97fdef491a0d4/element HTTP/1.1
User-Agent: selenium/4.1.2 (java windows)
Content-Length: 80
Content-Type: application/json; charset=utf-8
host: localhost:51200
accept: */*

Response DefaultHttpResponse(decodeResult: success, version: HTTP/1.1)
HTTP/1.1 200 OK
Content-Type: application/json; charset=utf-8
cache-control: no-cache
content-length: 88

17:48:42.914 [AsyncHttpClient-1-23] DEBUG org.asynchttpclient.netty.channel.ChannelManager - Adding key: http://localhost:51200 for channel [id: 0x5d32e81d, L:/127.0.0.1:56620 - R:localhost/127.0.0.1:51200]
17:48:42.915 [Forwarding getElementTagName on session 0fc22476fa005b32c0a97fdef491a0d4 to remote] DEBUG org.asynchttpclient.netty.request.NettyRequestSender - Using pooled Channel '[id: 0x5d32e81d, L:/127.0.0.1:56620 - R:localhost/127.0.0.1:51200]' for 'GET' to 'http://localhost:51200/session/0fc22476fa005b32c0a97fdef491a0d4/element/63e42508-b540-450f-9ece-c536e76c3a0b/name'
17:48:42.915 [Forwarding getElementTagName on session 0fc22476fa005b32c0a97fdef491a0d4 to remote] DEBUG org.asynchttpclient.netty.request.NettyRequestSender - Using open Channel [id: 0x5d32e81d, L:/127.0.0.1:56620 - R:localhost/127.0.0.1:51200] for GET '/session/0fc22476fa005b32c0a97fdef491a0d4/element/63e42508-b540-450f-9ece-c536e76c3a0b/name'
17:48:42.922 [AsyncHttpClient-1-23] DEBUG org.asynchttpclient.netty.handler.HttpHandler - 

Request DefaultFullHttpRequest(decodeResult: success, version: HTTP/1.1, content: EmptyByteBufBE)
GET /session/0fc22476fa005b32c0a97fdef491a0d4/element/63e42508-b540-450f-9ece-c536e76c3a0b/name HTTP/1.1
User-Agent: selenium/4.1.2 (java windows)
Cache-Control: no-cache
Content-Type: application/json; charset=utf-8
host: localhost:51200
accept: */*

Response DefaultHttpResponse(decodeResult: success, version: HTTP/1.1)
HTTP/1.1 200 OK
Content-Type: application/json; charset=utf-8
cache-control: no-cache
content-length: 13

17:48:42.922 [AsyncHttpClient-1-23] DEBUG org.asynchttpclient.netty.channel.ChannelManager - Adding key: http://localhost:51200 for channel [id: 0x5d32e81d, L:/127.0.0.1:56620 - R:localhost/127.0.0.1:51200]
17:48:42.924 [Forwarding getElementTagName on session 0fc22476fa005b32c0a97fdef491a0d4 to remote] DEBUG org.asynchttpclient.netty.request.NettyRequestSender - Using pooled Channel '[id: 0x5d32e81d, L:/127.0.0.1:56620 - R:localhost/127.0.0.1:51200]' for 'GET' to 'http://localhost:51200/session/0fc22476fa005b32c0a97fdef491a0d4/element/63e42508-b540-450f-9ece-c536e76c3a0b/name'
17:48:42.924 [Forwarding getElementTagName on session 0fc22476fa005b32c0a97fdef491a0d4 to remote] DEBUG org.asynchttpclient.netty.request.NettyRequestSender - Using open Channel [id: 0x5d32e81d, L:/127.0.0.1:56620 - R:localhost/127.0.0.1:51200] for GET '/session/0fc22476fa005b32c0a97fdef491a0d4/element/63e42508-b540-450f-9ece-c536e76c3a0b/name'
17:48:42.927 [AsyncHttpClient-1-23] DEBUG org.asynchttpclient.netty.handler.HttpHandler - 

Request DefaultFullHttpRequest(decodeResult: success, version: HTTP/1.1, content: EmptyByteBufBE)
GET /session/0fc22476fa005b32c0a97fdef491a0d4/element/63e42508-b540-450f-9ece-c536e76c3a0b/name HTTP/1.1
User-Agent: selenium/4.1.2 (java windows)
Cache-Control: no-cache
Content-Type: application/json; charset=utf-8
host: localhost:51200
accept: */*

Response DefaultHttpResponse(decodeResult: success, version: HTTP/1.1)
HTTP/1.1 200 OK
Content-Type: application/json; charset=utf-8
cache-control: no-cache
content-length: 13

17:48:42.927 [AsyncHttpClient-1-23] DEBUG org.asynchttpclient.netty.channel.ChannelManager - Adding key: http://localhost:51200 for channel [id: 0x5d32e81d, L:/127.0.0.1:56620 - R:localhost/127.0.0.1:51200]
17:48:42.929 [Forwarding findElement on session 0fc22476fa005b32c0a97fdef491a0d4 to remote] DEBUG org.asynchttpclient.netty.request.NettyRequestSender - Using pooled Channel '[id: 0x5d32e81d, L:/127.0.0.1:56620 - R:localhost/127.0.0.1:51200]' for 'POST' to 'http://localhost:51200/session/0fc22476fa005b32c0a97fdef491a0d4/element'
17:48:42.929 [Forwarding findElement on session 0fc22476fa005b32c0a97fdef491a0d4 to remote] DEBUG org.asynchttpclient.netty.request.NettyRequestSender - Using open Channel [id: 0x5d32e81d, L:/127.0.0.1:56620 - R:localhost/127.0.0.1:51200] for POST '/session/0fc22476fa005b32c0a97fdef491a0d4/element'
17:48:42.940 [AsyncHttpClient-1-23] DEBUG org.asynchttpclient.netty.handler.HttpHandler - 

Request DefaultHttpRequest(decodeResult: success, version: HTTP/1.1)
POST /session/0fc22476fa005b32c0a97fdef491a0d4/element HTTP/1.1
User-Agent: selenium/4.1.2 (java windows)
Content-Length: 80
Content-Type: application/json; charset=utf-8
host: localhost:51200
accept: */*

Response DefaultHttpResponse(decodeResult: success, version: HTTP/1.1)
HTTP/1.1 200 OK
Content-Type: application/json; charset=utf-8
cache-control: no-cache
content-length: 88

17:48:42.941 [AsyncHttpClient-1-23] DEBUG org.asynchttpclient.netty.channel.ChannelManager - Adding key: http://localhost:51200 for channel [id: 0x5d32e81d, L:/127.0.0.1:56620 - R:localhost/127.0.0.1:51200]
17:48:42.942 [Forwarding clickElement on session 0fc22476fa005b32c0a97fdef491a0d4 to remote] DEBUG org.asynchttpclient.netty.request.NettyRequestSender - Using pooled Channel '[id: 0x5d32e81d, L:/127.0.0.1:56620 - R:localhost/127.0.0.1:51200]' for 'POST' to 'http://localhost:51200/session/0fc22476fa005b32c0a97fdef491a0d4/element/63e42508-b540-450f-9ece-c536e76c3a0b/click'
17:48:42.942 [Forwarding clickElement on session 0fc22476fa005b32c0a97fdef491a0d4 to remote] DEBUG org.asynchttpclient.netty.request.NettyRequestSender - Using open Channel [id: 0x5d32e81d, L:/127.0.0.1:56620 - R:localhost/127.0.0.1:51200] for POST '/session/0fc22476fa005b32c0a97fdef491a0d4/element/63e42508-b540-450f-9ece-c536e76c3a0b/click'
17:48:43.125 [AsyncHttpClient-1-23] DEBUG org.asynchttpclient.netty.handler.HttpHandler - 

Request DefaultHttpRequest(decodeResult: success, version: HTTP/1.1)
POST /session/0fc22476fa005b32c0a97fdef491a0d4/element/63e42508-b540-450f-9ece-c536e76c3a0b/click HTTP/1.1
User-Agent: selenium/4.1.2 (java windows)
Content-Length: 50
Content-Type: application/json; charset=utf-8
host: localhost:51200
accept: */*

Response DefaultHttpResponse(decodeResult: success, version: HTTP/1.1)
HTTP/1.1 200 OK
Content-Type: application/json; charset=utf-8
cache-control: no-cache
content-length: 14

17:48:43.125 [AsyncHttpClient-1-23] DEBUG org.asynchttpclient.netty.channel.ChannelManager - Adding key: http://localhost:51200 for channel [id: 0x5d32e81d, L:/127.0.0.1:56620 - R:localhost/127.0.0.1:51200]
  &amp#27;[32mWhen &amp#27;[0m&amp#27;[32mI go to Book Vaksinasi page&amp#27;[0m             &amp#27;[90m# starter.stepdefinitions.ManageVaccinationBookingsSteps.iGoToBookVaksinasiPage()&amp#27;[0m
17:48:43.137 [Forwarding screenshot on session 0fc22476fa005b32c0a97fdef491a0d4 to remote] DEBUG org.asynchttpclient.netty.request.NettyRequestSender - Using pooled Channel '[id: 0x5d32e81d, L:/127.0.0.1:56620 - R:localhost/127.0.0.1:51200]' for 'GET' to 'http://localhost:51200/session/0fc22476fa005b32c0a97fdef491a0d4/screenshot'
17:48:43.137 [Forwarding screenshot on session 0fc22476fa005b32c0a97fdef491a0d4 to remote] DEBUG org.asynchttpclient.netty.request.NettyRequestSender - Using open Channel [id: 0x5d32e81d, L:/127.0.0.1:56620 - R:localhost/127.0.0.1:51200] for GET '/session/0fc22476fa005b32c0a97fdef491a0d4/screenshot'
17:48:43.615 [AsyncHttpClient-1-23] DEBUG org.asynchttpclient.netty.handler.HttpHandler - 

Request DefaultFullHttpRequest(decodeResult: success, version: HTTP/1.1, content: EmptyByteBufBE)
GET /session/0fc22476fa005b32c0a97fdef491a0d4/screenshot HTTP/1.1
User-Agent: selenium/4.1.2 (java windows)
Cache-Control: no-cache
Content-Type: application/json; charset=utf-8
host: localhost:51200
accept: */*

Response DefaultHttpResponse(decodeResult: success, version: HTTP/1.1)
HTTP/1.1 200 OK
Content-Type: application/json; charset=utf-8
cache-control: no-cache
content-length: 137024

17:48:43.616 [AsyncHttpClient-1-23] DEBUG org.asynchttpclient.netty.channel.ChannelManager - Adding key: http://localhost:51200 for channel [id: 0x5d32e81d, L:/127.0.0.1:56620 - R:localhost/127.0.0.1:51200]
17:48:43.620 [main] DEBUG net.serenitybdd.core.photography.Darkroom - Send negative for processing for target\site\serenity\dd183f0a3e07cebbe5f96c52c9795faffaf35f60b75e10308185217eab461d5a.png
17:48:43.621 [Darkroom Processing Line] DEBUG net.serenitybdd.core.photography.DarkroomProcessingLine - Processing screenshot image in /var/screenshots/screenshot-5174791114960700844
17:48:43.621 [Darkroom Processing Line] DEBUG net.serenitybdd.core.photography.DarkroomProcessingLine - Saving screenshot to target\site\serenity\dd183f0a3e07cebbe5f96c52c9795faffaf35f60b75e10308185217eab461d5a.png
17:48:43.627 [Forwarding findElement on session 0fc22476fa005b32c0a97fdef491a0d4 to remote] DEBUG org.asynchttpclient.netty.request.NettyRequestSender - Using pooled Channel '[id: 0x5d32e81d, L:/127.0.0.1:56620 - R:localhost/127.0.0.1:51200]' for 'POST' to 'http://localhost:51200/session/0fc22476fa005b32c0a97fdef491a0d4/element'
17:48:43.627 [Forwarding findElement on session 0fc22476fa005b32c0a97fdef491a0d4 to remote] DEBUG org.asynchttpclient.netty.request.NettyRequestSender - Using open Channel [id: 0x5d32e81d, L:/127.0.0.1:56620 - R:localhost/127.0.0.1:51200] for POST '/session/0fc22476fa005b32c0a97fdef491a0d4/element'
17:48:43.714 [AsyncHttpClient-1-1] DEBUG org.asynchttpclient.netty.channel.DefaultChannelPool - Entry count for : http://localhost:56621 : 1
17:48:44.814 [AsyncHttpClient-1-1] DEBUG org.asynchttpclient.netty.channel.DefaultChannelPool - Entry count for : http://localhost:56621 : 1
17:48:45.690 [AsyncHttpClient-1-23] DEBUG org.asynchttpclient.netty.handler.HttpHandler - 

Request DefaultHttpRequest(decodeResult: success, version: HTTP/1.1)
POST /session/0fc22476fa005b32c0a97fdef491a0d4/element HTTP/1.1
User-Agent: selenium/4.1.2 (java windows)
Content-Length: 77
Content-Type: application/json; charset=utf-8
host: localhost:51200
accept: */*

Response DefaultHttpResponse(decodeResult: success, version: HTTP/1.1)
HTTP/1.1 404 Not Found
Content-Type: application/json; charset=utf-8
cache-control: no-cache
content-length: 945

17:48:45.690 [AsyncHttpClient-1-23] DEBUG org.asynchttpclient.netty.channel.ChannelManager - Adding key: http://localhost:51200 for channel [id: 0x5d32e81d, L:/127.0.0.1:56620 - R:localhost/127.0.0.1:51200]
17:48:45.802 [Forwarding findElement on session 0fc22476fa005b32c0a97fdef491a0d4 to remote] DEBUG org.asynchttpclient.netty.request.NettyRequestSender - Using pooled Channel '[id: 0x5d32e81d, L:/127.0.0.1:56620 - R:localhost/127.0.0.1:51200]' for 'POST' to 'http://localhost:51200/session/0fc22476fa005b32c0a97fdef491a0d4/element'
17:48:45.802 [Forwarding findElement on session 0fc22476fa005b32c0a97fdef491a0d4 to remote] DEBUG org.asynchttpclient.netty.request.NettyRequestSender - Using open Channel [id: 0x5d32e81d, L:/127.0.0.1:56620 - R:localhost/127.0.0.1:51200] for POST '/session/0fc22476fa005b32c0a97fdef491a0d4/element'
17:48:45.914 [AsyncHttpClient-1-1] DEBUG org.asynchttpclient.netty.channel.DefaultChannelPool - Entry count for : http://localhost:56621 : 1
17:48:47.015 [AsyncHttpClient-1-1] DEBUG org.asynchttpclient.netty.channel.DefaultChannelPool - Entry count for : http://localhost:56621 : 1
17:48:47.836 [AsyncHttpClient-1-23] DEBUG org.asynchttpclient.netty.handler.HttpHandler - 

Request DefaultHttpRequest(decodeResult: success, version: HTTP/1.1)
POST /session/0fc22476fa005b32c0a97fdef491a0d4/element HTTP/1.1
User-Agent: selenium/4.1.2 (java windows)
Content-Length: 77
Content-Type: application/json; charset=utf-8
host: localhost:51200
accept: */*

Response DefaultHttpResponse(decodeResult: success, version: HTTP/1.1)
HTTP/1.1 404 Not Found
Content-Type: application/json; charset=utf-8
cache-control: no-cache
content-length: 945

17:48:47.839 [AsyncHttpClient-1-23] DEBUG org.asynchttpclient.netty.channel.ChannelManager - Adding key: http://localhost:51200 for channel [id: 0x5d32e81d, L:/127.0.0.1:56620 - R:localhost/127.0.0.1:51200]
17:48:47.952 [Forwarding findElement on session 0fc22476fa005b32c0a97fdef491a0d4 to remote] DEBUG org.asynchttpclient.netty.request.NettyRequestSender - Using pooled Channel '[id: 0x5d32e81d, L:/127.0.0.1:56620 - R:localhost/127.0.0.1:51200]' for 'POST' to 'http://localhost:51200/session/0fc22476fa005b32c0a97fdef491a0d4/element'
17:48:47.952 [Forwarding findElement on session 0fc22476fa005b32c0a97fdef491a0d4 to remote] DEBUG org.asynchttpclient.netty.request.NettyRequestSender - Using open Channel [id: 0x5d32e81d, L:/127.0.0.1:56620 - R:localhost/127.0.0.1:51200] for POST '/session/0fc22476fa005b32c0a97fdef491a0d4/element'
17:48:48.120 [AsyncHttpClient-1-1] DEBUG org.asynchttpclient.netty.channel.DefaultChannelPool - Entry count for : http://localhost:56621 : 1
17:48:49.220 [AsyncHttpClient-1-1] DEBUG org.asynchttpclient.netty.channel.DefaultChannelPool - Entry count for : http://localhost:56621 : 1
17:48:49.986 [AsyncHttpClient-1-23] DEBUG org.asynchttpclient.netty.handler.HttpHandler - 

Request DefaultHttpRequest(decodeResult: success, version: HTTP/1.1)
POST /session/0fc22476fa005b32c0a97fdef491a0d4/element HTTP/1.1
User-Agent: selenium/4.1.2 (java windows)
Content-Length: 77
Content-Type: application/json; charset=utf-8
host: localhost:51200
accept: */*

Response DefaultHttpResponse(decodeResult: success, version: HTTP/1.1)
HTTP/1.1 404 Not Found
Content-Type: application/json; charset=utf-8
cache-control: no-cache
content-length: 945

17:48:49.986 [AsyncHttpClient-1-23] DEBUG org.asynchttpclient.netty.channel.ChannelManager - Adding key: http://localhost:51200 for channel [id: 0x5d32e81d, L:/127.0.0.1:56620 - R:localhost/127.0.0.1:51200]
17:48:49.993 [Forwarding screenshot on session 0fc22476fa005b32c0a97fdef491a0d4 to remote] DEBUG org.asynchttpclient.netty.request.NettyRequestSender - Using pooled Channel '[id: 0x5d32e81d, L:/127.0.0.1:56620 - R:localhost/127.0.0.1:51200]' for 'GET' to 'http://localhost:51200/session/0fc22476fa005b32c0a97fdef491a0d4/screenshot'
17:48:49.993 [Forwarding screenshot on session 0fc22476fa005b32c0a97fdef491a0d4 to remote] DEBUG org.asynchttpclient.netty.request.NettyRequestSender - Using open Channel [id: 0x5d32e81d, L:/127.0.0.1:56620 - R:localhost/127.0.0.1:51200] for GET '/session/0fc22476fa005b32c0a97fdef491a0d4/screenshot'
17:48:50.124 [AsyncHttpClient-1-23] DEBUG org.asynchttpclient.netty.handler.HttpHandler - 

Request DefaultFullHttpRequest(decodeResult: success, version: HTTP/1.1, content: EmptyByteBufBE)
GET /session/0fc22476fa005b32c0a97fdef491a0d4/screenshot HTTP/1.1
User-Agent: selenium/4.1.2 (java windows)
Cache-Control: no-cache
Content-Type: application/json; charset=utf-8
host: localhost:51200
accept: */*

Response DefaultHttpResponse(decodeResult: success, version: HTTP/1.1)
HTTP/1.1 200 OK
Content-Type: application/json; charset=utf-8
cache-control: no-cache
content-length: 8064

17:48:50.125 [AsyncHttpClient-1-23] DEBUG org.asynchttpclient.netty.channel.ChannelManager - Adding key: http://localhost:51200 for channel [id: 0x5d32e81d, L:/127.0.0.1:56620 - R:localhost/127.0.0.1:51200]
17:48:50.125 [main] DEBUG net.serenitybdd.core.photography.Darkroom - Send negative for processing for target\site\serenity\3c90801a70fb2c2bfe5fc60b174aa3986624ea5eb79294b52a5a7ca3339080db.png
17:48:50.130 [Forwarding getPageSource on session 0fc22476fa005b32c0a97fdef491a0d4 to remote] DEBUG org.asynchttpclient.netty.request.NettyRequestSender - Using pooled Channel '[id: 0x5d32e81d, L:/127.0.0.1:56620 - R:localhost/127.0.0.1:51200]' for 'POST' to 'http://localhost:51200/session/0fc22476fa005b32c0a97fdef491a0d4/execute/sync'
17:48:50.130 [Forwarding getPageSource on session 0fc22476fa005b32c0a97fdef491a0d4 to remote] DEBUG org.asynchttpclient.netty.request.NettyRequestSender - Using open Channel [id: 0x5d32e81d, L:/127.0.0.1:56620 - R:localhost/127.0.0.1:51200] for POST '/session/0fc22476fa005b32c0a97fdef491a0d4/execute/sync'
17:48:50.137 [AsyncHttpClient-1-23] DEBUG org.asynchttpclient.netty.handler.HttpHandler - 

Request DefaultHttpRequest(decodeResult: success, version: HTTP/1.1)
POST /session/0fc22476fa005b32c0a97fdef491a0d4/execute/sync HTTP/1.1
User-Agent: selenium/4.1.2 (java windows)
Content-Length: 176
Content-Type: application/json; charset=utf-8
host: localhost:51200
accept: */*

Response DefaultHttpResponse(decodeResult: success, version: HTTP/1.1)
HTTP/1.1 200 OK
Content-Type: application/json; charset=utf-8
cache-control: no-cache
content-length: 852

17:48:50.137 [AsyncHttpClient-1-23] DEBUG org.asynchttpclient.netty.channel.ChannelManager - Adding key: http://localhost:51200 for channel [id: 0x5d32e81d, L:/127.0.0.1:56620 - R:localhost/127.0.0.1:51200]
17:48:50.138 [Forwarding getCurrentUrl on session 0fc22476fa005b32c0a97fdef491a0d4 to remote] DEBUG org.asynchttpclient.netty.request.NettyRequestSender - Using pooled Channel '[id: 0x5d32e81d, L:/127.0.0.1:56620 - R:localhost/127.0.0.1:51200]' for 'GET' to 'http://localhost:51200/session/0fc22476fa005b32c0a97fdef491a0d4/url'
17:48:50.139 [Forwarding getCurrentUrl on session 0fc22476fa005b32c0a97fdef491a0d4 to remote] DEBUG org.asynchttpclient.netty.request.NettyRequestSender - Using open Channel [id: 0x5d32e81d, L:/127.0.0.1:56620 - R:localhost/127.0.0.1:51200] for GET '/session/0fc22476fa005b32c0a97fdef491a0d4/url'
17:48:50.144 [AsyncHttpClient-1-23] DEBUG org.asynchttpclient.netty.handler.HttpHandler - 

Request DefaultFullHttpRequest(decodeResult: success, version: HTTP/1.1, content: EmptyByteBufBE)
GET /session/0fc22476fa005b32c0a97fdef491a0d4/url HTTP/1.1
User-Agent: selenium/4.1.2 (java windows)
Cache-Control: no-cache
Content-Type: application/json; charset=utf-8
host: localhost:51200
accept: */*

Response DefaultHttpResponse(decodeResult: success, version: HTTP/1.1)
HTTP/1.1 200 OK
Content-Type: application/json; charset=utf-8
cache-control: no-cache
content-length: 56

17:48:50.144 [AsyncHttpClient-1-23] DEBUG org.asynchttpclient.netty.channel.ChannelManager - Adding key: http://localhost:51200 for channel [id: 0x5d32e81d, L:/127.0.0.1:56620 - R:localhost/127.0.0.1:51200]
  &amp#27;[31mAnd &amp#27;[0m&amp#27;[31mI click the arrow button on status field&amp#27;[0m &amp#27;[90m# starter.stepdefinitions.ManageVaccinationBookingsSteps.iClickTheArrowButtonOnStatusField()&amp#27;[0m
      &amp#27;[31mnet.thucydides.core.webdriver.exceptions.ElementShouldBeEnabledException: Expected enabled element was not enabled
	at net.serenitybdd.core.pages.WebElementFacadeImpl.waitUntilEnabled(WebElementFacadeImpl.java:1100)
	at net.serenitybdd.core.pages.WebElementFacadeImpl.waitUntilElementAvailable(WebElementFacadeImpl.java:888)
	at net.serenitybdd.core.pages.WebElementFacadeImpl.click(WebElementFacadeImpl.java:1182)
	at net.serenitybdd.core.pages.WebElementFacadeImpl.click(WebElementFacadeImpl.java:1201)
	at Automation@1.0-SNAPSHOT/starter.pages.ManageVaccinationBookingsPage.sortByStatus(ManageVaccinationBookingsPage.java:169)
	at Automation@1.0-SNAPSHOT/starter.pages.ManageVaccinationBookingsPage$ByteBuddy$8UxQrdCL.sortByStatus$accessor$DBxTDoTq(Unknown Source)
	at java.base/jdk.internal.reflect.NativeMethodAccessorImpl.invoke0(Native Method)
	at java.base/jdk.internal.reflect.NativeMethodAccessorImpl.invoke(NativeMethodAccessorImpl.java:62)
	at java.base/jdk.internal.reflect.DelegatingMethodAccessorImpl.invoke(DelegatingMethodAccessorImpl.java:43)
	at java.base/java.lang.reflect.Method.invoke(Method.java:566)
	at net.thucydides.core.steps.BaseMethodRunner.invokeMethod(BaseMethodRunner.java:18)
	at net.thucydides.core.steps.NormalMethodRunner.invokeMethodAndNotifyFailures(NormalMethodRunner.java:18)
	at net.thucydides.core.steps.StepInterceptor.runNormalMethod(StepInterceptor.java:406)
	at net.thucydides.core.steps.StepInterceptor.testStepResult(StepInterceptor.java:191)
	at net.thucydides.core.steps.StepInterceptor.intercept(StepInterceptor.java:84)
	at net.thucydides.core.steps.ProxyConfiguration$InterceptorDispatcher.intercept(ProxyConfiguration.java:51)
	at Automation@1.0-SNAPSHOT/starter.pages.ManageVaccinationBookingsPage$ByteBuddy$8UxQrdCL.sortByStatus(Unknown Source)
	at Automation@1.0-SNAPSHOT/starter.stepdefinitions.ManageVaccinationBookingsSteps.iClickTheArrowButtonOnStatusField(ManageVaccinationBookingsSteps.java:114)
	at âœ½.I click the arrow button on status field(file:///C:/Users/ASUSTUF/OneDrive/Documents/Capstone%20Project/Web%20Automation/src/test/resources/features/ManageVaccinationBookings.feature:68)
Caused by: org.openqa.selenium.TimeoutException: Expected condition failed: waiting for By.xpath: //div[@fdprocessedid='xb3zh9'] to be enabled (tried for 5 second(s) with 100 milliseconds interval)
	at org.openqa.selenium.support.ui.FluentWait.timeoutException(FluentWait.java:263)
	at org.openqa.selenium.support.ui.FluentWait.until(FluentWait.java:231)
	at net.serenitybdd.core.pages.WebElementFacadeImpl.waitUntilEnabled(WebElementFacadeImpl.java:1097)
	at net.serenitybdd.core.pages.WebElementFacadeImpl.waitUntilElementAvailable(WebElementFacadeImpl.java:888)
	at net.serenitybdd.core.pages.WebElementFacadeImpl.click(WebElementFacadeImpl.java:1182)
	at net.serenitybdd.core.pages.WebElementFacadeImpl.click(WebElementFacadeImpl.java:1201)
	at Automation@1.0-SNAPSHOT/starter.pages.ManageVaccinationBookingsPage.sortByStatus(ManageVaccinationBookingsPage.java:169)
	at Automation@1.0-SNAPSHOT/starter.pages.ManageVaccinationBookingsPage$ByteBuddy$8UxQrdCL.sortByStatus$accessor$DBxTDoTq(Unknown Source)
	at java.base/jdk.internal.reflect.NativeMethodAccessorImpl.invoke0(Native Method)
	at java.base/jdk.internal.reflect.NativeMethodAccessorImpl.invoke(NativeMethodAccessorImpl.java:62)
	at java.base/jdk.internal.reflect.DelegatingMethodAccessorImpl.invoke(DelegatingMethodAccessorImpl.java:43)
	at java.base/java.lang.reflect.Method.invoke(Method.java:566)
	at net.thucydides.core.steps.BaseMethodRunner.invokeMethod(BaseMethodRunner.java:18)
	at net.thucydides.core.steps.NormalMethodRunner.invokeMethodAndNotifyFailures(NormalMethodRunner.java:18)
	at net.thucydides.core.steps.StepInterceptor.runNormalMethod(StepInterceptor.java:406)
	at net.thucydides.core.steps.StepInterceptor.testStepResult(StepInterceptor.java:191)
	at net.thucydides.core.steps.StepInterceptor.intercept(StepInterceptor.java:84)
	at net.thucydides.core.steps.ProxyConfiguration$InterceptorDispatcher.intercept(ProxyConfiguration.java:51)
	at Automation@1.0-SNAPSHOT/starter.pages.ManageVaccinationBookingsPage$ByteBuddy$8UxQrdCL.sortByStatus(Unknown Source)
	at Automation@1.0-SNAPSHOT/starter.stepdefinitions.ManageVaccinationBookingsSteps.iClickTheArrowButtonOnStatusField(ManageVaccinationBookingsSteps.java:114)
	at java.base/jdk.internal.reflect.NativeMethodAccessorImpl.invoke0(Native Method)
	at java.base/jdk.internal.reflect.NativeMethodAccessorImpl.invoke(NativeMethodAccessorImpl.java:62)
	at java.base/jdk.internal.reflect.DelegatingMethodAccessorImpl.invoke(DelegatingMethodAccessorImpl.java:43)
	at java.base/java.lang.reflect.Method.invoke(Method.java:566)
	at io.cucumber.java.Invoker.doInvoke(Invoker.java:66)
	at io.cucumber.java.Invoker.invoke(Invoker.java:24)
	at io.cucumber.java.AbstractGlueDefinition.invokeMethod(AbstractGlueDefinition.java:47)
	at io.cucumber.java.JavaStepDefinition.execute(JavaStepDefinition.java:29)
	at io.cucumber.core.runner.CoreStepDefinition.execute(CoreStepDefinition.java:66)
	at io.cucumber.core.runner.PickleStepDefinitionMatch.runStep(PickleStepDefinitionMatch.java:63)
	at io.cucumber.core.runner.ExecutionMode$1.execute(ExecutionMode.java:10)
	at io.cucumber.core.runner.TestStep.executeStep(TestStep.java:86)
	at io.cucumber.core.runner.TestStep.run(TestStep.java:57)
	at io.cucumber.core.runner.PickleStepTestStep.run(PickleStepTestStep.java:51)
	at io.cucumber.core.runner.TestCase.run(TestCase.java:95)
	at io.cucumber.core.runner.Runner.runPickle(Runner.java:75)
	at io.cucumber.junit.PickleRunners$NoStepDescriptions.lambda$run$0(PickleRunners.java:151)
	at io.cucumber.core.runtime.CucumberExecutionContext.lambda$runTestCase$3(CucumberExecutionContext.java:151)
	at io.cucumber.core.runtime.RethrowingThrowableCollector.executeAndThrow(RethrowingThrowableCollector.java:23)
	at io.cucumber.core.runtime.CucumberExecutionContext.runTestCase(CucumberExecutionContext.java:151)
	at io.cucumber.junit.PickleRunners$NoStepDescriptions.run(PickleRunners.java:148)
	at io.cucumber.junit.FeatureRunner.runChild(FeatureRunner.java:144)
	at io.cucumber.junit.FeatureRunner.runChild(FeatureRunner.java:28)
	at org.junit.runners.ParentRunner$4.run(ParentRunner.java:331)
	at org.junit.runners.ParentRunner$1.schedule(ParentRunner.java:79)
	at org.junit.runners.ParentRunner.runChildren(ParentRunner.java:329)
	at org.junit.runners.ParentRunner.access$100(ParentRunner.java:66)
	at org.junit.runners.ParentRunner$2.evaluate(ParentRunner.java:293)
	at org.junit.runners.ParentRunner$3.evaluate(ParentRunner.java:306)
	at org.junit.runners.ParentRunner.run(ParentRunner.java:413)
	at io.cucumber.junit.FeatureRunner.run(FeatureRunner.java:137)
	at io.cucumber.junit.CucumberSerenityRunner.runChild(CucumberSerenityRunner.java:258)
	at io.cucumber.junit.CucumberSerenityRunner.runChild(CucumberSerenityRunner.java:58)
	at org.junit.runners.ParentRunner$4.run(ParentRunner.java:331)
	at org.junit.runners.ParentRunner$1.schedule(ParentRunner.java:79)
	at org.junit.runners.ParentRunner.runChildren(ParentRunner.java:329)
	at org.junit.runners.ParentRunner.access$100(ParentRunner.java:66)
	at org.junit.runners.ParentRunner$2.evaluate(ParentRunner.java:293)
	at io.cucumber.junit.CucumberSerenityRunner$RunCucumber.evaluate(CucumberSerenityRunner.java:287)
	at org.junit.runners.ParentRunner$3.evaluate(ParentRunner.java:306)
	at org.junit.runners.ParentRunner.run(ParentRunner.java:413)
	at org.junit.runner.JUnitCore.run(JUnitCore.java:137)
	at org.junit.runner.JUnitCore.run(JUnitCore.java:115)
	at org.junit.vintage.engine.execution.RunnerExecutor.execute(RunnerExecutor.java:42)
	at org.junit.vintage.engine.VintageTestEngine.executeAllChildren(VintageTestEngine.java:80)
	at org.junit.vintage.engine.VintageTestEngine.execute(VintageTestEngine.java:72)
	at org.junit.platform.launcher.core.EngineExecutionOrchestrator.execute(EngineExecutionOrchestrator.java:107)
	at org.junit.platform.launcher.core.EngineExecutionOrchestrator.execute(EngineExecutionOrchestrator.java:88)
	at org.junit.platform.launcher.core.EngineExecutionOrchestrator.lambda$execute$0(EngineExecutionOrchestrator.java:54)
	at org.junit.platform.launcher.core.EngineExecutionOrchestrator.withInterceptedStreams(EngineExecutionOrchestrator.java:67)
	at org.junit.platform.launcher.core.EngineExecutionOrchestrator.execute(EngineExecutionOrchestrator.java:52)
	at org.junit.platform.launcher.core.DefaultLauncher.execute(DefaultLauncher.java:114)
	at org.junit.platform.launcher.core.DefaultLauncher.execute(DefaultLauncher.java:86)
	at org.junit.platform.launcher.core.DefaultLauncherSession$DelegatingLauncher.execute(DefaultLauncherSession.java:86)
	at org.junit.platform.launcher.core.SessionPerRequestLauncher.execute(SessionPerRequestLauncher.java:53)
	at org.apache.maven.surefire.junitplatform.JUnitPlatformProvider.execute(JUnitPlatformProvider.java:188)
	at org.apache.maven.surefire.junitplatform.JUnitPlatformProvider.invokeAllTests(JUnitPlatformProvider.java:154)
	at org.apache.maven.surefire.junitplatform.JUnitPlatformProvider.invoke(JUnitPlatformProvider.java:128)
	at org.apache.maven.surefire.booter.ForkedBooter.runSuitesInProcess(ForkedBooter.java:428)
	at org.apache.maven.surefire.booter.ForkedBooter.execute(ForkedBooter.java:162)
	at org.apache.maven.surefire.booter.ForkedBooter.run(ForkedBooter.java:562)
	at org.apache.maven.surefire.booter.ForkedBooter.main(ForkedBooter.java:548)
Caused by: org.openqa.selenium.NoSuchElementException: no such element: Unable to locate element: {"method":"xpath","selector":"//div[@fdprocessedid='xb3zh9']"}
  (Session info: chrome=108.0.5359.125)
For documentation on this error, please visit: https://selenium.dev/exceptions/#no_such_element
Build info: version: '4.1.2', revision: '9a5a329c5a'
System info: host: 'LAPTOP-CFD9EV6G', ip: '192.168.100.7', os.name: 'Windows 11', os.arch: 'amd64', os.version: '10.0', java.version: '11.0.16'
Driver info: org.openqa.selenium.chrome.ChromeDriver
Command: [0fc22476fa005b32c0a97fdef491a0d4, findElement {using=xpath, value=//div[@fdprocessedid='xb3zh9']}]
Capabilities {acceptInsecureCerts: false, browserName: chrome, browserVersion: 108.0.5359.125, chrome: {chromedriverVersion: 108.0.5359.71 (1e0e3868ee06..., userDataDir: C:\Users\ASUSTUF\AppData\Lo...}, goog:chromeOptions: {debuggerAddress: localhost:56621}, javascriptEnabled: true, networkConnectionEnabled: false, pageLoadStrategy: normal, platform: WINDOWS, platformName: WINDOWS, proxy: Proxy(), se:cdp: ws://localhost:56621/devtoo..., se:cdpVersion: 108.0.5359.125, setWindowRect: true, strictFileInteractability: false, timeouts: {implicit: 0, pageLoad: 300000, script: 30000}, unhandledPromptBehavior: dismiss and notify, webauthn:extension:credBlob: true, webauthn:extension:largeBlob: true, webauthn:virtualAuthenticators: true}
Session ID: 0fc22476fa005b32c0a97fdef491a0d4
	at jdk.internal.reflect.GeneratedConstructorAccessor19.newInstance(Unknown Source)
	at java.base/jdk.internal.reflect.DelegatingConstructorAccessorImpl.newInstance(DelegatingConstructorAccessorImpl.java:45)
	at java.base/java.lang.reflect.Constructor.newInstance(Constructor.java:490)
	at org.openqa.selenium.remote.codec.w3c.W3CHttpResponseCodec.createException(W3CHttpResponseCodec.java:200)
	at org.openqa.selenium.remote.codec.w3c.W3CHttpResponseCodec.decode(W3CHttpResponseCodec.java:133)
	at org.openqa.selenium.remote.codec.w3c.W3CHttpResponseCodec.decode(W3CHttpResponseCodec.java:53)
	at org.openqa.selenium.remote.HttpCommandExecutor.execute(HttpCommandExecutor.java:184)
	at org.openqa.selenium.remote.service.DriverCommandExecutor.invokeExecute(DriverCommandExecutor.java:167)
	at org.openqa.selenium.remote.service.DriverCommandExecutor.execute(DriverCommandExecutor.java:142)
	at org.openqa.selenium.remote.RemoteWebDriver.execute(RemoteWebDriver.java:558)
	at org.openqa.selenium.remote.ElementLocation$ElementFinder$2.findElement(ElementLocation.java:162)
	at org.openqa.selenium.remote.ElementLocation.findElement(ElementLocation.java:60)
	at org.openqa.selenium.remote.RemoteWebDriver.findElement(RemoteWebDriver.java:382)
	at org.openqa.selenium.remote.RemoteWebDriver.findElement(RemoteWebDriver.java:374)
	at net.thucydides.core.webdriver.WebDriverFacade.findElement(WebDriverFacade.java:224)
	at net.serenitybdd.core.pages.WebElementResolverByLocator.resolveForDriver(WebElementResolverByLocator.java:25)
	at net.serenitybdd.core.pages.WebElementFacadeImpl.getResolvedElement(WebElementFacadeImpl.java:191)
	at net.serenitybdd.core.pages.WebElementFacadeImpl.getElement(WebElementFacadeImpl.java:186)
	at net.serenitybdd.core.pages.WebElementExpectations$3.apply(WebElementExpectations.java:63)
	at net.serenitybdd.core.pages.WebElementExpectations$3.apply(WebElementExpectations.java:55)
	at org.openqa.selenium.support.ui.FluentWait.until(FluentWait.java:208)
	... 80 more
&amp#27;[0m
  &amp#27;[36mAnd &amp#27;[0m&amp#27;[36mI select status&amp#27;[0m                          &amp#27;[90m# starter.stepdefinitions.ManageVaccinationBookingsSteps.iSelectStatus()&amp#27;[0m
  &amp#27;[36mThen &amp#27;[0m&amp#27;[36mbookings will be sorted by status&amp#27;[0m       &amp#27;[90m# starter.stepdefinitions.ManageVaccinationBookingsSteps.bookingsWillBeSortedByStatus()&amp#27;[0m
17:48:50.173 [main] ERROR  - 
  _____   ___   ___   _____     ___     _     ___   _      ___   ___  
 |_   _| | __| / __| |_   _|   | __|   /_\   |_ _| | |    | __| |   \ 
   | |   | _|  \__ \   | |     | _|   / _ \   | |  | |__  | _|  | |) |
   |_|   |___| |___/   |_|     |_|   /_/ \_\ |___| |____| |___| |___/ 

Sort vaccination bookings by status
-----------------------------------------------------------------------
17:48:50.173 [main] DEBUG  - RELATED ISSUES: 
17:48:50.173 [main] ERROR  -     Test failed at step: Sort by status
17:48:50.173 [main] ERROR  -     Expected enabled element was not enabled
17:48:50.176 [AsyncHttpClient-1-25] DEBUG org.asynchttpclient.netty.handler.WebSocketHandler - Channel Closed: [id: 0x0a5fee8c, L:/127.0.0.1:56628 ! R:localhost/127.0.0.1:56621] with attribute NettyResponseFuture{currentRetry=5,
	isDone=1,
	isCancelled=0,
	asyncHandler=org.asynchttpclient.ws.WebSocketUpgradeHandler@4a99dda5,
	nettyRequest=org.asynchttpclient.netty.request.NettyRequest@f9b4a92,
	future=java.util.concurrent.CompletableFuture@420192aa[Completed normally],
	uri=ws://localhost:56621/devtools/browser/9bf634ba-b7f1-4e82-b5b1-182ed9a16b0e,
	keepAlive=true,
	redirectCount=0,
	timeoutsHolder=null,
	inAuth=0,
	touch=1671446919088}
17:48:50.176 [AsyncHttpClient-1-25] DEBUG org.asynchttpclient.netty.channel.ChannelManager - Closing Channel [id: 0x0a5fee8c, L:/127.0.0.1:56628 ! R:localhost/127.0.0.1:56621] 
17:48:50.176 [Driver Command Executor] DEBUG org.asynchttpclient.netty.request.NettyRequestSender - Using pooled Channel '[id: 0x5d32e81d, L:/127.0.0.1:56620 - R:localhost/127.0.0.1:51200]' for 'DELETE' to 'http://localhost:51200/session/0fc22476fa005b32c0a97fdef491a0d4'
17:48:50.176 [Driver Command Executor] DEBUG org.asynchttpclient.netty.request.NettyRequestSender - Using open Channel [id: 0x5d32e81d, L:/127.0.0.1:56620 - R:localhost/127.0.0.1:51200] for DELETE '/session/0fc22476fa005b32c0a97fdef491a0d4'
17:48:50.207 [AsyncHttpClient-1-24] DEBUG org.asynchttpclient.netty.handler.HttpHandler - Unexpected I/O exception on channel [id: 0x2778ef0d, L:/127.0.0.1:56627 - R:localhost/127.0.0.1:56621]
java.io.IOException: An existing connection was forcibly closed by the remote host
	at java.base/sun.nio.ch.SocketDispatcher.read0(Native Method)
	at java.base/sun.nio.ch.SocketDispatcher.read(SocketDispatcher.java:43)
	at java.base/sun.nio.ch.IOUtil.readIntoNativeBuffer(IOUtil.java:276)
	at java.base/sun.nio.ch.IOUtil.read(IOUtil.java:233)
	at java.base/sun.nio.ch.IOUtil.read(IOUtil.java:223)
	at java.base/sun.nio.ch.SocketChannelImpl.read(SocketChannelImpl.java:358)
	at io.netty.buffer.PooledByteBuf.setBytes(PooledByteBuf.java:258)
	at io.netty.buffer.AbstractByteBuf.writeBytes(AbstractByteBuf.java:1132)
	at io.netty.channel.socket.nio.NioSocketChannel.doReadBytes(NioSocketChannel.java:350)
	at io.netty.channel.nio.AbstractNioByteChannel$NioByteUnsafe.read(AbstractNioByteChannel.java:151)
	at io.netty.channel.nio.NioEventLoop.processSelectedKey(NioEventLoop.java:722)
	at io.netty.channel.nio.NioEventLoop.processSelectedKeysOptimized(NioEventLoop.java:658)
	at io.netty.channel.nio.NioEventLoop.processSelectedKeys(NioEventLoop.java:584)
	at io.netty.channel.nio.NioEventLoop.run(NioEventLoop.java:496)
	at io.netty.util.concurrent.SingleThreadEventExecutor$4.run(SingleThreadEventExecutor.java:986)
	at io.netty.util.internal.ThreadExecutorMap$2.run(ThreadExecutorMap.java:74)
	at io.netty.util.concurrent.FastThreadLocalRunnable.run(FastThreadLocalRunnable.java:30)
	at java.base/java.lang.Thread.run(Thread.java:834)
17:48:50.208 [AsyncHttpClient-1-24] DEBUG org.asynchttpclient.netty.channel.ChannelManager - Closing Channel [id: 0x2778ef0d, L:/127.0.0.1:56627 - R:localhost/127.0.0.1:56621] 
17:48:50.208 [AsyncHttpClient-1-24] DEBUG org.asynchttpclient.netty.handler.HttpHandler - Channel Closed: [id: 0x2778ef0d, L:/127.0.0.1:56627 ! R:localhost/127.0.0.1:56621] with attribute DISCARD
17:48:50.239 [AsyncHttpClient-1-23] DEBUG org.asynchttpclient.netty.handler.HttpHandler - 

Request DefaultFullHttpRequest(decodeResult: success, version: HTTP/1.1, content: EmptyByteBufBE)
DELETE /session/0fc22476fa005b32c0a97fdef491a0d4 HTTP/1.1
User-Agent: selenium/4.1.2 (java windows)
Content-Type: application/json; charset=utf-8
host: localhost:51200
accept: */*

Response DefaultHttpResponse(decodeResult: success, version: HTTP/1.1)
HTTP/1.1 200 OK
Content-Type: application/json; charset=utf-8
cache-control: no-cache
content-length: 14

17:48:50.239 [AsyncHttpClient-1-23] DEBUG org.asynchttpclient.netty.channel.ChannelManager - Adding key: http://localhost:51200 for channel [id: 0x5d32e81d, L:/127.0.0.1:56620 - R:localhost/127.0.0.1:51200]
17:48:50.318 [AsyncHttpClient-1-1] DEBUG org.asynchttpclient.netty.channel.DefaultChannelPool - Entry count for : http://localhost:56621 : 1
17:48:50.319 [AsyncHttpClient-1-1] DEBUG org.asynchttpclient.netty.channel.DefaultChannelPool - Entry count for : http://localhost:51200 : 1
17:48:50.319 [AsyncHttpClient-1-1] DEBUG org.asynchttpclient.netty.channel.DefaultChannelPool - Adding Candidate expired Channel [id: 0x2778ef0d, L:/127.0.0.1:56627 ! R:localhost/127.0.0.1:56621] isIdleTimeoutExpired=false isRemotelyClosed=true isTtlExpired=false
17:48:50.319 [AsyncHttpClient-1-1] DEBUG org.asynchttpclient.netty.channel.DefaultChannelPool - Closing Idle Channel [id: 0x2778ef0d, L:/127.0.0.1:56627 ! R:localhost/127.0.0.1:56621]
17:48:50.319 [AsyncHttpClient-1-1] DEBUG org.asynchttpclient.netty.channel.DefaultChannelPool - Closed 1 connections out of 2 in 0 ms
17:48:50.333 [AsyncHttpClient-1-23] DEBUG org.asynchttpclient.netty.handler.HttpHandler - Channel Closed: [id: 0x5d32e81d, L:/127.0.0.1:56620 ! R:localhost/127.0.0.1:51200] with attribute DISCARD
]]></system-out>
    <system-err><![CDATA[Starting ChromeDriver 108.0.5359.71 (1e0e3868ee06e91ad636a874420e3ca3ae3756ac-refs/branch-heads/5359@{#1016}) on port 51200
Only local connections are allowed.
Please see https://chromedriver.chromium.org/security-considerations for suggestions on keeping ChromeDriver safe.
ChromeDriver was started successfully.
Dec 19, 2022 5:48:39 PM org.openqa.selenium.remote.ProtocolHandshake createSession
INFO: Detected dialect: W3C
Dec 19, 2022 5:48:39 PM org.openqa.selenium.devtools.CdpVersionFinder findNearestMatch
WARNING: Unable to find an exact match for CDP version 108, so returning the closest version found: a no-op implementation
Dec 19, 2022 5:48:39 PM org.openqa.selenium.devtools.CdpVersionFinder findNearestMatch
INFO: Unable to find CDP implementation matching 108.
Dec 19, 2022 5:48:39 PM org.openqa.selenium.chromium.ChromiumDriver lambda$new$3
WARNING: Unable to find version of CDP to use for . You may need to include a dependency on a specific version of the CDP using something similar to `org.seleniumhq.selenium:selenium-devtools-v86:4.1.2` where the version ("v86") matches the version of the chromium-based browser you're using and the version number of the artifact is the same as Selenium's.
]]></system-err>
  </testcase>
  <testcase name="Sort vaccination bookings by time" classname="Manage vaccination bookings" time="7.904">
    <system-out><![CDATA[
Scenario: Sort vaccination bookings by time     &amp#27;[90m# src/test/resources/features/ManageVaccinationBookings.feature:72&amp#27;[0m
17:48:50.430 [main] INFO io.cucumber.core.plugin.SerenityReporter - Running feature from file:///C:/Users/ASUSTUF/OneDrive/Documents/Capstone%20Project/Web%20Automation/src/test/resources/features/ManageVaccinationBookings.feature
17:48:50.437 [main] INFO  - 
  _____   ___   ___   _____     ___   _____     _     ___   _____   ___   ___  
 |_   _| | __| / __| |_   _|   / __| |_   _|   /_\   | _ \ |_   _| | __| |   \ 
   | |   | _|  \__ \   | |     \__ \   | |    / _ \  |   /   | |   | _|  | |) |
   |_|   |___| |___/   |_|     |___/   |_|   /_/ \_\ |_|_\   |_|   |___| |___/ 

Sort vaccination bookings by time(manage-vaccination-bookings;sort-vaccination-bookings-by-time)
--------------------------------------------------------------------------------
17:48:50.471 [main] INFO net.serenitybdd.core.webdriver.driverproviders.ChromeDriverProvider - Using automatically driver download
17:48:50.640 [main] DEBUG io.github.bonigarcia.wdm.cache.ResolutionCache - Resolution chrome=108 in cache (valid until 18:33:56 19/12/2022 ICT)
17:48:50.644 [main] DEBUG io.github.bonigarcia.wdm.cache.ResolutionCache - Resolution chrome108=108.0.5359.71 in cache (valid until 12:44:30 20/12/2022 ICT)
17:48:50.645 [main] INFO io.github.bonigarcia.wdm.WebDriverManager - Using chromedriver 108.0.5359.71 (resolved driver for Chrome 108)
17:48:50.670 [main] DEBUG io.github.bonigarcia.wdm.WebDriverManager - Driver chromedriver 108.0.5359.71 found in cache
17:48:50.671 [main] INFO io.github.bonigarcia.wdm.WebDriverManager - Exporting webdriver.chrome.driver as C:\Users\ASUSTUF\.cache\selenium\chromedriver\win32\108.0.5359.71\chromedriver.exe
17:48:50.873 [main] DEBUG net.serenitybdd.core.webdriver.driverproviders.ProvideNewDriver - Instantiating driver
17:48:50.873 [main] DEBUG net.serenitybdd.core.webdriver.driverproviders.ProvideNewDriver - Driver capabilities: Capabilities {acceptInsecureCerts: false, base.url: https://vaksin-id.netlify.app/, browserName: chrome, chrome.driver: src/test/resources/webdrive..., driver: chrome, goog:chromeOptions: {args: [], extensions: []}}
17:48:51.419 [AsyncHttpClient-1-1] DEBUG org.asynchttpclient.netty.channel.DefaultChannelPool - Entry count for : http://localhost:51200 : 1
17:48:51.419 [AsyncHttpClient-1-1] DEBUG org.asynchttpclient.netty.channel.DefaultChannelPool - Adding Candidate expired Channel [id: 0x5d32e81d, L:/127.0.0.1:56620 ! R:localhost/127.0.0.1:51200] isIdleTimeoutExpired=false isRemotelyClosed=true isTtlExpired=false
17:48:51.419 [AsyncHttpClient-1-1] DEBUG org.asynchttpclient.netty.channel.DefaultChannelPool - Closing Idle Channel [id: 0x5d32e81d, L:/127.0.0.1:56620 ! R:localhost/127.0.0.1:51200]
17:48:51.419 [AsyncHttpClient-1-1] DEBUG org.asynchttpclient.netty.channel.DefaultChannelPool - Closed 1 connections out of 1 in 0 ms
17:48:51.631 [AsyncHttpClient-1-26] DEBUG org.asynchttpclient.netty.channel.NettyConnectListener - Using new Channel '[id: 0x55b637a9, L:/127.0.0.1:56655 - R:localhost/127.0.0.1:65522]' for 'POST' to '/session'
17:48:52.897 [AsyncHttpClient-1-26] DEBUG org.asynchttpclient.netty.handler.HttpHandler - 

Request DefaultHttpRequest(decodeResult: success, version: HTTP/1.1)
POST /session HTTP/1.1
User-Agent: selenium/4.1.2 (java windows)
Content-Length: 616
Content-Type: application/json; charset=utf-8
host: localhost:65522
accept: */*

Response DefaultHttpResponse(decodeResult: success, version: HTTP/1.1)
HTTP/1.1 200 OK
Content-Type: application/json; charset=utf-8
cache-control: no-cache
content-length: 793

17:48:52.897 [AsyncHttpClient-1-26] DEBUG org.asynchttpclient.netty.channel.ChannelManager - Adding key: http://localhost:65522 for channel [id: 0x55b637a9, L:/127.0.0.1:56655 - R:localhost/127.0.0.1:65522]
17:48:52.909 [AsyncHttpClient-1-27] DEBUG org.asynchttpclient.netty.channel.NettyConnectListener - Using new Channel '[id: 0xfd16a305, L:/127.0.0.1:56663 - R:localhost/127.0.0.1:56656]' for 'GET' to '/json/version'
17:48:52.911 [AsyncHttpClient-1-27] DEBUG org.asynchttpclient.netty.handler.HttpHandler - 

Request DefaultFullHttpRequest(decodeResult: success, version: HTTP/1.1, content: EmptyByteBufBE)
GET /json/version HTTP/1.1
User-Agent: selenium/4.1.2 (java windows)
host: localhost:56656
accept: */*

Response DefaultHttpResponse(decodeResult: success, version: HTTP/1.1)
HTTP/1.1 200 OK
Content-Type: application/json; charset=UTF-8
content-length: 424

17:48:52.912 [AsyncHttpClient-1-27] DEBUG org.asynchttpclient.netty.channel.ChannelManager - Adding key: http://localhost:56656 for channel [id: 0xfd16a305, L:/127.0.0.1:56663 - R:localhost/127.0.0.1:56656]
17:48:52.915 [AsyncHttpClient-1-28] DEBUG org.asynchttpclient.netty.channel.NettyConnectListener - Using new Channel '[id: 0x5524bd41, L:/127.0.0.1:56664 - R:localhost/127.0.0.1:56656]' for 'GET' to '/devtools/browser/686ed8fa-9967-40c9-bc48-470e07844822'
17:48:52.918 [AsyncHttpClient-1-28] DEBUG org.asynchttpclient.netty.handler.WebSocketHandler - 

Request DefaultFullHttpRequest(decodeResult: success, version: HTTP/1.1, content: EmptyByteBufBE)
GET /devtools/browser/686ed8fa-9967-40c9-bc48-470e07844822 HTTP/1.1
upgrade: websocket
connection: upgrade
sec-websocket-key: a1uYAEvr6Vb13sa0tcz0Wg==
sec-websocket-version: 13
origin: http://localhost:56656
host: localhost:56656
accept: */*
user-agent: AHC/2.1

Response DefaultHttpResponse(decodeResult: success, version: HTTP/1.1)
HTTP/1.1 101 WebSocket Protocol Handshake
Upgrade: WebSocket
Connection: Upgrade
Sec-WebSocket-Accept: v7BtFXSJOUNlC0mRaZQK60xf6Uk=

17:48:52.923 [Forwarding get on session dc846d3ff50522c4b6de737e17ab3e7a to remote] DEBUG org.asynchttpclient.netty.request.NettyRequestSender - Using pooled Channel '[id: 0x55b637a9, L:/127.0.0.1:56655 - R:localhost/127.0.0.1:65522]' for 'POST' to 'http://localhost:65522/session/dc846d3ff50522c4b6de737e17ab3e7a/url'
17:48:52.923 [Forwarding get on session dc846d3ff50522c4b6de737e17ab3e7a to remote] DEBUG org.asynchttpclient.netty.request.NettyRequestSender - Using open Channel [id: 0x55b637a9, L:/127.0.0.1:56655 - R:localhost/127.0.0.1:65522] for POST '/session/dc846d3ff50522c4b6de737e17ab3e7a/url'
17:48:53.637 [AsyncHttpClient-1-1] DEBUG org.asynchttpclient.netty.channel.DefaultChannelPool - Entry count for : http://localhost:56656 : 1
17:48:54.212 [AsyncHttpClient-1-26] DEBUG org.asynchttpclient.netty.handler.HttpHandler - 

Request DefaultHttpRequest(decodeResult: success, version: HTTP/1.1)
POST /session/dc846d3ff50522c4b6de737e17ab3e7a/url HTTP/1.1
User-Agent: selenium/4.1.2 (java windows)
Content-Length: 60
Content-Type: application/json; charset=utf-8
host: localhost:65522
accept: */*

Response DefaultHttpResponse(decodeResult: success, version: HTTP/1.1)
HTTP/1.1 200 OK
Content-Type: application/json; charset=utf-8
cache-control: no-cache
content-length: 14

17:48:54.212 [AsyncHttpClient-1-26] DEBUG org.asynchttpclient.netty.channel.ChannelManager - Adding key: http://localhost:65522 for channel [id: 0x55b637a9, L:/127.0.0.1:56655 - R:localhost/127.0.0.1:65522]
17:48:54.214 [Forwarding setTimeout on session dc846d3ff50522c4b6de737e17ab3e7a to remote] DEBUG org.asynchttpclient.netty.request.NettyRequestSender - Using pooled Channel '[id: 0x55b637a9, L:/127.0.0.1:56655 - R:localhost/127.0.0.1:65522]' for 'POST' to 'http://localhost:65522/session/dc846d3ff50522c4b6de737e17ab3e7a/timeouts'
17:48:54.214 [Forwarding setTimeout on session dc846d3ff50522c4b6de737e17ab3e7a to remote] DEBUG org.asynchttpclient.netty.request.NettyRequestSender - Using open Channel [id: 0x55b637a9, L:/127.0.0.1:56655 - R:localhost/127.0.0.1:65522] for POST '/session/dc846d3ff50522c4b6de737e17ab3e7a/timeouts'
17:48:54.215 [AsyncHttpClient-1-26] DEBUG org.asynchttpclient.netty.handler.HttpHandler - 

Request DefaultHttpRequest(decodeResult: success, version: HTTP/1.1)
POST /session/dc846d3ff50522c4b6de737e17ab3e7a/timeouts HTTP/1.1
User-Agent: selenium/4.1.2 (java windows)
Content-Length: 22
Content-Type: application/json; charset=utf-8
host: localhost:65522
accept: */*

Response DefaultHttpResponse(decodeResult: success, version: HTTP/1.1)
HTTP/1.1 200 OK
Content-Type: application/json; charset=utf-8
cache-control: no-cache
content-length: 14

17:48:54.215 [AsyncHttpClient-1-26] DEBUG org.asynchttpclient.netty.channel.ChannelManager - Adding key: http://localhost:65522 for channel [id: 0x55b637a9, L:/127.0.0.1:56655 - R:localhost/127.0.0.1:65522]
17:48:54.221 [Forwarding getCurrentUrl on session dc846d3ff50522c4b6de737e17ab3e7a to remote] DEBUG org.asynchttpclient.netty.request.NettyRequestSender - Using pooled Channel '[id: 0x55b637a9, L:/127.0.0.1:56655 - R:localhost/127.0.0.1:65522]' for 'GET' to 'http://localhost:65522/session/dc846d3ff50522c4b6de737e17ab3e7a/url'
17:48:54.222 [Forwarding getCurrentUrl on session dc846d3ff50522c4b6de737e17ab3e7a to remote] DEBUG org.asynchttpclient.netty.request.NettyRequestSender - Using open Channel [id: 0x55b637a9, L:/127.0.0.1:56655 - R:localhost/127.0.0.1:65522] for GET '/session/dc846d3ff50522c4b6de737e17ab3e7a/url'
17:48:54.287 [AsyncHttpClient-1-26] DEBUG org.asynchttpclient.netty.handler.HttpHandler - 

Request DefaultFullHttpRequest(decodeResult: success, version: HTTP/1.1, content: EmptyByteBufBE)
GET /session/dc846d3ff50522c4b6de737e17ab3e7a/url HTTP/1.1
User-Agent: selenium/4.1.2 (java windows)
Cache-Control: no-cache
Content-Type: application/json; charset=utf-8
host: localhost:65522
accept: */*

Response DefaultHttpResponse(decodeResult: success, version: HTTP/1.1)
HTTP/1.1 200 OK
Content-Type: application/json; charset=utf-8
cache-control: no-cache
content-length: 42

17:48:54.288 [AsyncHttpClient-1-26] DEBUG org.asynchttpclient.netty.channel.ChannelManager - Adding key: http://localhost:65522 for channel [id: 0x55b637a9, L:/127.0.0.1:56655 - R:localhost/127.0.0.1:65522]
  &amp#27;[32mGiven &amp#27;[0m&amp#27;[32mI am on landing page&amp#27;[0m                    &amp#27;[90m# starter.stepdefinitions.ManageVaccinationBookingsSteps.iAmOnLandingPage()&amp#27;[0m
17:48:54.298 [Forwarding screenshot on session dc846d3ff50522c4b6de737e17ab3e7a to remote] DEBUG org.asynchttpclient.netty.request.NettyRequestSender - Using pooled Channel '[id: 0x55b637a9, L:/127.0.0.1:56655 - R:localhost/127.0.0.1:65522]' for 'GET' to 'http://localhost:65522/session/dc846d3ff50522c4b6de737e17ab3e7a/screenshot'
17:48:54.299 [Forwarding screenshot on session dc846d3ff50522c4b6de737e17ab3e7a to remote] DEBUG org.asynchttpclient.netty.request.NettyRequestSender - Using open Channel [id: 0x55b637a9, L:/127.0.0.1:56655 - R:localhost/127.0.0.1:65522] for GET '/session/dc846d3ff50522c4b6de737e17ab3e7a/screenshot'
17:48:54.720 [AsyncHttpClient-1-1] DEBUG org.asynchttpclient.netty.channel.DefaultChannelPool - Entry count for : http://localhost:56656 : 1
17:48:55.493 [AsyncHttpClient-1-26] DEBUG org.asynchttpclient.netty.handler.HttpHandler - 

Request DefaultFullHttpRequest(decodeResult: success, version: HTTP/1.1, content: EmptyByteBufBE)
GET /session/dc846d3ff50522c4b6de737e17ab3e7a/screenshot HTTP/1.1
User-Agent: selenium/4.1.2 (java windows)
Cache-Control: no-cache
Content-Type: application/json; charset=utf-8
host: localhost:65522
accept: */*

Response DefaultHttpResponse(decodeResult: success, version: HTTP/1.1)
HTTP/1.1 200 OK
Content-Type: application/json; charset=utf-8
cache-control: no-cache
content-length: 847132

17:48:55.494 [AsyncHttpClient-1-26] DEBUG org.asynchttpclient.netty.channel.ChannelManager - Adding key: http://localhost:65522 for channel [id: 0x55b637a9, L:/127.0.0.1:56655 - R:localhost/127.0.0.1:65522]
17:48:55.520 [main] DEBUG net.serenitybdd.core.photography.Darkroom - Send negative for processing for target\site\serenity\ff3b83dd42f508d91c0c8488aed412149de34b436c7528a8caa8428592644731.png
17:48:55.541 [Forwarding findElement on session dc846d3ff50522c4b6de737e17ab3e7a to remote] DEBUG org.asynchttpclient.netty.request.NettyRequestSender - Using pooled Channel '[id: 0x55b637a9, L:/127.0.0.1:56655 - R:localhost/127.0.0.1:65522]' for 'POST' to 'http://localhost:65522/session/dc846d3ff50522c4b6de737e17ab3e7a/element'
17:48:55.541 [Forwarding findElement on session dc846d3ff50522c4b6de737e17ab3e7a to remote] DEBUG org.asynchttpclient.netty.request.NettyRequestSender - Using open Channel [id: 0x55b637a9, L:/127.0.0.1:56655 - R:localhost/127.0.0.1:65522] for POST '/session/dc846d3ff50522c4b6de737e17ab3e7a/element'
17:48:55.568 [AsyncHttpClient-1-26] DEBUG org.asynchttpclient.netty.handler.HttpHandler - 

Request DefaultHttpRequest(decodeResult: success, version: HTTP/1.1)
POST /session/dc846d3ff50522c4b6de737e17ab3e7a/element HTTP/1.1
User-Agent: selenium/4.1.2 (java windows)
Content-Length: 315
Content-Type: application/json; charset=utf-8
host: localhost:65522
accept: */*

Response DefaultHttpResponse(decodeResult: success, version: HTTP/1.1)
HTTP/1.1 200 OK
Content-Type: application/json; charset=utf-8
cache-control: no-cache
content-length: 88

17:48:55.568 [AsyncHttpClient-1-26] DEBUG org.asynchttpclient.netty.channel.ChannelManager - Adding key: http://localhost:65522 for channel [id: 0x55b637a9, L:/127.0.0.1:56655 - R:localhost/127.0.0.1:65522]
17:48:55.570 [Forwarding getElementTagName on session dc846d3ff50522c4b6de737e17ab3e7a to remote] DEBUG org.asynchttpclient.netty.request.NettyRequestSender - Using pooled Channel '[id: 0x55b637a9, L:/127.0.0.1:56655 - R:localhost/127.0.0.1:65522]' for 'GET' to 'http://localhost:65522/session/dc846d3ff50522c4b6de737e17ab3e7a/element/f42999ef-7676-4144-a8fa-b4b6b6478777/name'
17:48:55.570 [Forwarding getElementTagName on session dc846d3ff50522c4b6de737e17ab3e7a to remote] DEBUG org.asynchttpclient.netty.request.NettyRequestSender - Using open Channel [id: 0x55b637a9, L:/127.0.0.1:56655 - R:localhost/127.0.0.1:65522] for GET '/session/dc846d3ff50522c4b6de737e17ab3e7a/element/f42999ef-7676-4144-a8fa-b4b6b6478777/name'
17:48:55.576 [AsyncHttpClient-1-26] DEBUG org.asynchttpclient.netty.handler.HttpHandler - 

Request DefaultFullHttpRequest(decodeResult: success, version: HTTP/1.1, content: EmptyByteBufBE)
GET /session/dc846d3ff50522c4b6de737e17ab3e7a/element/f42999ef-7676-4144-a8fa-b4b6b6478777/name HTTP/1.1
User-Agent: selenium/4.1.2 (java windows)
Cache-Control: no-cache
Content-Type: application/json; charset=utf-8
host: localhost:65522
accept: */*

Response DefaultHttpResponse(decodeResult: success, version: HTTP/1.1)
HTTP/1.1 200 OK
Content-Type: application/json; charset=utf-8
cache-control: no-cache
content-length: 18

17:48:55.576 [AsyncHttpClient-1-26] DEBUG org.asynchttpclient.netty.channel.ChannelManager - Adding key: http://localhost:65522 for channel [id: 0x55b637a9, L:/127.0.0.1:56655 - R:localhost/127.0.0.1:65522]
17:48:55.579 [Forwarding getElementTagName on session dc846d3ff50522c4b6de737e17ab3e7a to remote] DEBUG org.asynchttpclient.netty.request.NettyRequestSender - Using pooled Channel '[id: 0x55b637a9, L:/127.0.0.1:56655 - R:localhost/127.0.0.1:65522]' for 'GET' to 'http://localhost:65522/session/dc846d3ff50522c4b6de737e17ab3e7a/element/f42999ef-7676-4144-a8fa-b4b6b6478777/name'
17:48:55.579 [Forwarding getElementTagName on session dc846d3ff50522c4b6de737e17ab3e7a to remote] DEBUG org.asynchttpclient.netty.request.NettyRequestSender - Using open Channel [id: 0x55b637a9, L:/127.0.0.1:56655 - R:localhost/127.0.0.1:65522] for GET '/session/dc846d3ff50522c4b6de737e17ab3e7a/element/f42999ef-7676-4144-a8fa-b4b6b6478777/name'
17:48:55.585 [AsyncHttpClient-1-26] DEBUG org.asynchttpclient.netty.handler.HttpHandler - 

Request DefaultFullHttpRequest(decodeResult: success, version: HTTP/1.1, content: EmptyByteBufBE)
GET /session/dc846d3ff50522c4b6de737e17ab3e7a/element/f42999ef-7676-4144-a8fa-b4b6b6478777/name HTTP/1.1
User-Agent: selenium/4.1.2 (java windows)
Cache-Control: no-cache
Content-Type: application/json; charset=utf-8
host: localhost:65522
accept: */*

Response DefaultHttpResponse(decodeResult: success, version: HTTP/1.1)
HTTP/1.1 200 OK
Content-Type: application/json; charset=utf-8
cache-control: no-cache
content-length: 18

17:48:55.585 [AsyncHttpClient-1-26] DEBUG org.asynchttpclient.netty.channel.ChannelManager - Adding key: http://localhost:65522 for channel [id: 0x55b637a9, L:/127.0.0.1:56655 - R:localhost/127.0.0.1:65522]
17:48:55.589 [Forwarding isElementEnabled on session dc846d3ff50522c4b6de737e17ab3e7a to remote] DEBUG org.asynchttpclient.netty.request.NettyRequestSender - Using pooled Channel '[id: 0x55b637a9, L:/127.0.0.1:56655 - R:localhost/127.0.0.1:65522]' for 'GET' to 'http://localhost:65522/session/dc846d3ff50522c4b6de737e17ab3e7a/element/f42999ef-7676-4144-a8fa-b4b6b6478777/enabled'
17:48:55.589 [Forwarding isElementEnabled on session dc846d3ff50522c4b6de737e17ab3e7a to remote] DEBUG org.asynchttpclient.netty.request.NettyRequestSender - Using open Channel [id: 0x55b637a9, L:/127.0.0.1:56655 - R:localhost/127.0.0.1:65522] for GET '/session/dc846d3ff50522c4b6de737e17ab3e7a/element/f42999ef-7676-4144-a8fa-b4b6b6478777/enabled'
17:48:55.603 [AsyncHttpClient-1-26] DEBUG org.asynchttpclient.netty.handler.HttpHandler - 

Request DefaultFullHttpRequest(decodeResult: success, version: HTTP/1.1, content: EmptyByteBufBE)
GET /session/dc846d3ff50522c4b6de737e17ab3e7a/element/f42999ef-7676-4144-a8fa-b4b6b6478777/enabled HTTP/1.1
User-Agent: selenium/4.1.2 (java windows)
Cache-Control: no-cache
Content-Type: application/json; charset=utf-8
host: localhost:65522
accept: */*

Response DefaultHttpResponse(decodeResult: success, version: HTTP/1.1)
HTTP/1.1 200 OK
Content-Type: application/json; charset=utf-8
cache-control: no-cache
content-length: 14

17:48:55.604 [AsyncHttpClient-1-26] DEBUG org.asynchttpclient.netty.channel.ChannelManager - Adding key: http://localhost:65522 for channel [id: 0x55b637a9, L:/127.0.0.1:56655 - R:localhost/127.0.0.1:65522]
17:48:55.605 [Forwarding isElementEnabled on session dc846d3ff50522c4b6de737e17ab3e7a to remote] DEBUG org.asynchttpclient.netty.request.NettyRequestSender - Using pooled Channel '[id: 0x55b637a9, L:/127.0.0.1:56655 - R:localhost/127.0.0.1:65522]' for 'GET' to 'http://localhost:65522/session/dc846d3ff50522c4b6de737e17ab3e7a/element/f42999ef-7676-4144-a8fa-b4b6b6478777/enabled'
17:48:55.605 [Forwarding isElementEnabled on session dc846d3ff50522c4b6de737e17ab3e7a to remote] DEBUG org.asynchttpclient.netty.request.NettyRequestSender - Using open Channel [id: 0x55b637a9, L:/127.0.0.1:56655 - R:localhost/127.0.0.1:65522] for GET '/session/dc846d3ff50522c4b6de737e17ab3e7a/element/f42999ef-7676-4144-a8fa-b4b6b6478777/enabled'
17:48:55.615 [AsyncHttpClient-1-26] DEBUG org.asynchttpclient.netty.handler.HttpHandler - 

Request DefaultFullHttpRequest(decodeResult: success, version: HTTP/1.1, content: EmptyByteBufBE)
GET /session/dc846d3ff50522c4b6de737e17ab3e7a/element/f42999ef-7676-4144-a8fa-b4b6b6478777/enabled HTTP/1.1
User-Agent: selenium/4.1.2 (java windows)
Cache-Control: no-cache
Content-Type: application/json; charset=utf-8
host: localhost:65522
accept: */*

Response DefaultHttpResponse(decodeResult: success, version: HTTP/1.1)
HTTP/1.1 200 OK
Content-Type: application/json; charset=utf-8
cache-control: no-cache
content-length: 14

17:48:55.615 [AsyncHttpClient-1-26] DEBUG org.asynchttpclient.netty.channel.ChannelManager - Adding key: http://localhost:65522 for channel [id: 0x55b637a9, L:/127.0.0.1:56655 - R:localhost/127.0.0.1:65522]
17:48:55.618 [Forwarding findElement on session dc846d3ff50522c4b6de737e17ab3e7a to remote] DEBUG org.asynchttpclient.netty.request.NettyRequestSender - Using pooled Channel '[id: 0x55b637a9, L:/127.0.0.1:56655 - R:localhost/127.0.0.1:65522]' for 'POST' to 'http://localhost:65522/session/dc846d3ff50522c4b6de737e17ab3e7a/element'
17:48:55.618 [Forwarding findElement on session dc846d3ff50522c4b6de737e17ab3e7a to remote] DEBUG org.asynchttpclient.netty.request.NettyRequestSender - Using open Channel [id: 0x55b637a9, L:/127.0.0.1:56655 - R:localhost/127.0.0.1:65522] for POST '/session/dc846d3ff50522c4b6de737e17ab3e7a/element'
17:48:55.629 [AsyncHttpClient-1-26] DEBUG org.asynchttpclient.netty.handler.HttpHandler - 

Request DefaultHttpRequest(decodeResult: success, version: HTTP/1.1)
POST /session/dc846d3ff50522c4b6de737e17ab3e7a/element HTTP/1.1
User-Agent: selenium/4.1.2 (java windows)
Content-Length: 315
Content-Type: application/json; charset=utf-8
host: localhost:65522
accept: */*

Response DefaultHttpResponse(decodeResult: success, version: HTTP/1.1)
HTTP/1.1 200 OK
Content-Type: application/json; charset=utf-8
cache-control: no-cache
content-length: 88

17:48:55.630 [AsyncHttpClient-1-26] DEBUG org.asynchttpclient.netty.channel.ChannelManager - Adding key: http://localhost:65522 for channel [id: 0x55b637a9, L:/127.0.0.1:56655 - R:localhost/127.0.0.1:65522]
17:48:55.631 [Forwarding clickElement on session dc846d3ff50522c4b6de737e17ab3e7a to remote] DEBUG org.asynchttpclient.netty.request.NettyRequestSender - Using pooled Channel '[id: 0x55b637a9, L:/127.0.0.1:56655 - R:localhost/127.0.0.1:65522]' for 'POST' to 'http://localhost:65522/session/dc846d3ff50522c4b6de737e17ab3e7a/element/f42999ef-7676-4144-a8fa-b4b6b6478777/click'
17:48:55.631 [Forwarding clickElement on session dc846d3ff50522c4b6de737e17ab3e7a to remote] DEBUG org.asynchttpclient.netty.request.NettyRequestSender - Using open Channel [id: 0x55b637a9, L:/127.0.0.1:56655 - R:localhost/127.0.0.1:65522] for POST '/session/dc846d3ff50522c4b6de737e17ab3e7a/element/f42999ef-7676-4144-a8fa-b4b6b6478777/click'
17:48:55.785 [AsyncHttpClient-1-26] DEBUG org.asynchttpclient.netty.handler.HttpHandler - 

Request DefaultHttpRequest(decodeResult: success, version: HTTP/1.1)
POST /session/dc846d3ff50522c4b6de737e17ab3e7a/element/f42999ef-7676-4144-a8fa-b4b6b6478777/click HTTP/1.1
User-Agent: selenium/4.1.2 (java windows)
Content-Length: 50
Content-Type: application/json; charset=utf-8
host: localhost:65522
accept: */*

Response DefaultHttpResponse(decodeResult: success, version: HTTP/1.1)
HTTP/1.1 200 OK
Content-Type: application/json; charset=utf-8
cache-control: no-cache
content-length: 14

17:48:55.785 [AsyncHttpClient-1-26] DEBUG org.asynchttpclient.netty.channel.ChannelManager - Adding key: http://localhost:65522 for channel [id: 0x55b637a9, L:/127.0.0.1:56655 - R:localhost/127.0.0.1:65522]
17:48:55.791 [Forwarding findElement on session dc846d3ff50522c4b6de737e17ab3e7a to remote] DEBUG org.asynchttpclient.netty.request.NettyRequestSender - Using pooled Channel '[id: 0x55b637a9, L:/127.0.0.1:56655 - R:localhost/127.0.0.1:65522]' for 'POST' to 'http://localhost:65522/session/dc846d3ff50522c4b6de737e17ab3e7a/element'
17:48:55.791 [Forwarding findElement on session dc846d3ff50522c4b6de737e17ab3e7a to remote] DEBUG org.asynchttpclient.netty.request.NettyRequestSender - Using open Channel [id: 0x55b637a9, L:/127.0.0.1:56655 - R:localhost/127.0.0.1:65522] for POST '/session/dc846d3ff50522c4b6de737e17ab3e7a/element'
17:48:55.807 [AsyncHttpClient-1-26] DEBUG org.asynchttpclient.netty.handler.HttpHandler - 

Request DefaultHttpRequest(decodeResult: success, version: HTTP/1.1)
POST /session/dc846d3ff50522c4b6de737e17ab3e7a/element HTTP/1.1
User-Agent: selenium/4.1.2 (java windows)
Content-Length: 69
Content-Type: application/json; charset=utf-8
host: localhost:65522
accept: */*

Response DefaultHttpResponse(decodeResult: success, version: HTTP/1.1)
HTTP/1.1 200 OK
Content-Type: application/json; charset=utf-8
cache-control: no-cache
content-length: 88

17:48:55.807 [AsyncHttpClient-1-26] DEBUG org.asynchttpclient.netty.channel.ChannelManager - Adding key: http://localhost:65522 for channel [id: 0x55b637a9, L:/127.0.0.1:56655 - R:localhost/127.0.0.1:65522]
17:48:55.809 [Forwarding clearElement on session dc846d3ff50522c4b6de737e17ab3e7a to remote] DEBUG org.asynchttpclient.netty.request.NettyRequestSender - Using pooled Channel '[id: 0x55b637a9, L:/127.0.0.1:56655 - R:localhost/127.0.0.1:65522]' for 'POST' to 'http://localhost:65522/session/dc846d3ff50522c4b6de737e17ab3e7a/element/1f742748-8acc-4245-9dd9-745c6362ca90/clear'
17:48:55.809 [Forwarding clearElement on session dc846d3ff50522c4b6de737e17ab3e7a to remote] DEBUG org.asynchttpclient.netty.request.NettyRequestSender - Using open Channel [id: 0x55b637a9, L:/127.0.0.1:56655 - R:localhost/127.0.0.1:65522] for POST '/session/dc846d3ff50522c4b6de737e17ab3e7a/element/1f742748-8acc-4245-9dd9-745c6362ca90/clear'
17:48:55.814 [AsyncHttpClient-1-1] DEBUG org.asynchttpclient.netty.channel.DefaultChannelPool - Entry count for : http://localhost:56656 : 1
17:48:55.860 [AsyncHttpClient-1-26] DEBUG org.asynchttpclient.netty.handler.HttpHandler - 

Request DefaultHttpRequest(decodeResult: success, version: HTTP/1.1)
POST /session/dc846d3ff50522c4b6de737e17ab3e7a/element/1f742748-8acc-4245-9dd9-745c6362ca90/clear HTTP/1.1
User-Agent: selenium/4.1.2 (java windows)
Content-Length: 50
Content-Type: application/json; charset=utf-8
host: localhost:65522
accept: */*

Response DefaultHttpResponse(decodeResult: success, version: HTTP/1.1)
HTTP/1.1 200 OK
Content-Type: application/json; charset=utf-8
cache-control: no-cache
content-length: 14

17:48:55.860 [AsyncHttpClient-1-26] DEBUG org.asynchttpclient.netty.channel.ChannelManager - Adding key: http://localhost:65522 for channel [id: 0x55b637a9, L:/127.0.0.1:56655 - R:localhost/127.0.0.1:65522]
17:48:55.862 [Forwarding sendKeysToElement on session dc846d3ff50522c4b6de737e17ab3e7a to remote] DEBUG org.asynchttpclient.netty.request.NettyRequestSender - Using pooled Channel '[id: 0x55b637a9, L:/127.0.0.1:56655 - R:localhost/127.0.0.1:65522]' for 'POST' to 'http://localhost:65522/session/dc846d3ff50522c4b6de737e17ab3e7a/element/1f742748-8acc-4245-9dd9-745c6362ca90/value'
17:48:55.862 [Forwarding sendKeysToElement on session dc846d3ff50522c4b6de737e17ab3e7a to remote] DEBUG org.asynchttpclient.netty.request.NettyRequestSender - Using open Channel [id: 0x55b637a9, L:/127.0.0.1:56655 - R:localhost/127.0.0.1:65522] for POST '/session/dc846d3ff50522c4b6de737e17ab3e7a/element/1f742748-8acc-4245-9dd9-745c6362ca90/value'
17:48:56.190 [AsyncHttpClient-1-26] DEBUG org.asynchttpclient.netty.handler.HttpHandler - 

Request DefaultHttpRequest(decodeResult: success, version: HTTP/1.1)
POST /session/dc846d3ff50522c4b6de737e17ab3e7a/element/1f742748-8acc-4245-9dd9-745c6362ca90/value HTTP/1.1
User-Agent: selenium/4.1.2 (java windows)
Content-Length: 411
Content-Type: application/json; charset=utf-8
host: localhost:65522
accept: */*

Response DefaultHttpResponse(decodeResult: success, version: HTTP/1.1)
HTTP/1.1 200 OK
Content-Type: application/json; charset=utf-8
cache-control: no-cache
content-length: 14

17:48:56.190 [AsyncHttpClient-1-26] DEBUG org.asynchttpclient.netty.channel.ChannelManager - Adding key: http://localhost:65522 for channel [id: 0x55b637a9, L:/127.0.0.1:56655 - R:localhost/127.0.0.1:65522]
17:48:56.193 [Forwarding findElement on session dc846d3ff50522c4b6de737e17ab3e7a to remote] DEBUG org.asynchttpclient.netty.request.NettyRequestSender - Using pooled Channel '[id: 0x55b637a9, L:/127.0.0.1:56655 - R:localhost/127.0.0.1:65522]' for 'POST' to 'http://localhost:65522/session/dc846d3ff50522c4b6de737e17ab3e7a/element'
17:48:56.193 [Forwarding findElement on session dc846d3ff50522c4b6de737e17ab3e7a to remote] DEBUG org.asynchttpclient.netty.request.NettyRequestSender - Using open Channel [id: 0x55b637a9, L:/127.0.0.1:56655 - R:localhost/127.0.0.1:65522] for POST '/session/dc846d3ff50522c4b6de737e17ab3e7a/element'
17:48:56.213 [AsyncHttpClient-1-26] DEBUG org.asynchttpclient.netty.handler.HttpHandler - 

Request DefaultHttpRequest(decodeResult: success, version: HTTP/1.1)
POST /session/dc846d3ff50522c4b6de737e17ab3e7a/element HTTP/1.1
User-Agent: selenium/4.1.2 (java windows)
Content-Length: 72
Content-Type: application/json; charset=utf-8
host: localhost:65522
accept: */*

Response DefaultHttpResponse(decodeResult: success, version: HTTP/1.1)
HTTP/1.1 200 OK
Content-Type: application/json; charset=utf-8
cache-control: no-cache
content-length: 88

17:48:56.213 [AsyncHttpClient-1-26] DEBUG org.asynchttpclient.netty.channel.ChannelManager - Adding key: http://localhost:65522 for channel [id: 0x55b637a9, L:/127.0.0.1:56655 - R:localhost/127.0.0.1:65522]
17:48:56.214 [Forwarding clearElement on session dc846d3ff50522c4b6de737e17ab3e7a to remote] DEBUG org.asynchttpclient.netty.request.NettyRequestSender - Using pooled Channel '[id: 0x55b637a9, L:/127.0.0.1:56655 - R:localhost/127.0.0.1:65522]' for 'POST' to 'http://localhost:65522/session/dc846d3ff50522c4b6de737e17ab3e7a/element/9dd75777-3a6f-467b-8a27-33e0accf947e/clear'
17:48:56.214 [Forwarding clearElement on session dc846d3ff50522c4b6de737e17ab3e7a to remote] DEBUG org.asynchttpclient.netty.request.NettyRequestSender - Using open Channel [id: 0x55b637a9, L:/127.0.0.1:56655 - R:localhost/127.0.0.1:65522] for POST '/session/dc846d3ff50522c4b6de737e17ab3e7a/element/9dd75777-3a6f-467b-8a27-33e0accf947e/clear'
17:48:56.255 [AsyncHttpClient-1-26] DEBUG org.asynchttpclient.netty.handler.HttpHandler - 

Request DefaultHttpRequest(decodeResult: success, version: HTTP/1.1)
POST /session/dc846d3ff50522c4b6de737e17ab3e7a/element/9dd75777-3a6f-467b-8a27-33e0accf947e/clear HTTP/1.1
User-Agent: selenium/4.1.2 (java windows)
Content-Length: 50
Content-Type: application/json; charset=utf-8
host: localhost:65522
accept: */*

Response DefaultHttpResponse(decodeResult: success, version: HTTP/1.1)
HTTP/1.1 200 OK
Content-Type: application/json; charset=utf-8
cache-control: no-cache
content-length: 14

17:48:56.255 [AsyncHttpClient-1-26] DEBUG org.asynchttpclient.netty.channel.ChannelManager - Adding key: http://localhost:65522 for channel [id: 0x55b637a9, L:/127.0.0.1:56655 - R:localhost/127.0.0.1:65522]
17:48:56.257 [Forwarding sendKeysToElement on session dc846d3ff50522c4b6de737e17ab3e7a to remote] DEBUG org.asynchttpclient.netty.request.NettyRequestSender - Using pooled Channel '[id: 0x55b637a9, L:/127.0.0.1:56655 - R:localhost/127.0.0.1:65522]' for 'POST' to 'http://localhost:65522/session/dc846d3ff50522c4b6de737e17ab3e7a/element/9dd75777-3a6f-467b-8a27-33e0accf947e/value'
17:48:56.257 [Forwarding sendKeysToElement on session dc846d3ff50522c4b6de737e17ab3e7a to remote] DEBUG org.asynchttpclient.netty.request.NettyRequestSender - Using open Channel [id: 0x55b637a9, L:/127.0.0.1:56655 - R:localhost/127.0.0.1:65522] for POST '/session/dc846d3ff50522c4b6de737e17ab3e7a/element/9dd75777-3a6f-467b-8a27-33e0accf947e/value'
17:48:56.460 [AsyncHttpClient-1-26] DEBUG org.asynchttpclient.netty.handler.HttpHandler - 

Request DefaultHttpRequest(decodeResult: success, version: HTTP/1.1)
POST /session/dc846d3ff50522c4b6de737e17ab3e7a/element/9dd75777-3a6f-467b-8a27-33e0accf947e/value HTTP/1.1
User-Agent: selenium/4.1.2 (java windows)
Content-Length: 241
Content-Type: application/json; charset=utf-8
host: localhost:65522
accept: */*

Response DefaultHttpResponse(decodeResult: success, version: HTTP/1.1)
HTTP/1.1 200 OK
Content-Type: application/json; charset=utf-8
cache-control: no-cache
content-length: 14

17:48:56.460 [AsyncHttpClient-1-26] DEBUG org.asynchttpclient.netty.channel.ChannelManager - Adding key: http://localhost:65522 for channel [id: 0x55b637a9, L:/127.0.0.1:56655 - R:localhost/127.0.0.1:65522]
17:48:56.464 [Forwarding findElement on session dc846d3ff50522c4b6de737e17ab3e7a to remote] DEBUG org.asynchttpclient.netty.request.NettyRequestSender - Using pooled Channel '[id: 0x55b637a9, L:/127.0.0.1:56655 - R:localhost/127.0.0.1:65522]' for 'POST' to 'http://localhost:65522/session/dc846d3ff50522c4b6de737e17ab3e7a/element'
17:48:56.464 [Forwarding findElement on session dc846d3ff50522c4b6de737e17ab3e7a to remote] DEBUG org.asynchttpclient.netty.request.NettyRequestSender - Using open Channel [id: 0x55b637a9, L:/127.0.0.1:56655 - R:localhost/127.0.0.1:65522] for POST '/session/dc846d3ff50522c4b6de737e17ab3e7a/element'
17:48:56.491 [AsyncHttpClient-1-26] DEBUG org.asynchttpclient.netty.handler.HttpHandler - 

Request DefaultHttpRequest(decodeResult: success, version: HTTP/1.1)
POST /session/dc846d3ff50522c4b6de737e17ab3e7a/element HTTP/1.1
User-Agent: selenium/4.1.2 (java windows)
Content-Length: 321
Content-Type: application/json; charset=utf-8
host: localhost:65522
accept: */*

Response DefaultHttpResponse(decodeResult: success, version: HTTP/1.1)
HTTP/1.1 200 OK
Content-Type: application/json; charset=utf-8
cache-control: no-cache
content-length: 88

17:48:56.491 [AsyncHttpClient-1-26] DEBUG org.asynchttpclient.netty.channel.ChannelManager - Adding key: http://localhost:65522 for channel [id: 0x55b637a9, L:/127.0.0.1:56655 - R:localhost/127.0.0.1:65522]
17:48:56.492 [Forwarding getElementTagName on session dc846d3ff50522c4b6de737e17ab3e7a to remote] DEBUG org.asynchttpclient.netty.request.NettyRequestSender - Using pooled Channel '[id: 0x55b637a9, L:/127.0.0.1:56655 - R:localhost/127.0.0.1:65522]' for 'GET' to 'http://localhost:65522/session/dc846d3ff50522c4b6de737e17ab3e7a/element/08c3a86d-2337-4ddd-81b9-f1ed596bb96b/name'
17:48:56.492 [Forwarding getElementTagName on session dc846d3ff50522c4b6de737e17ab3e7a to remote] DEBUG org.asynchttpclient.netty.request.NettyRequestSender - Using open Channel [id: 0x55b637a9, L:/127.0.0.1:56655 - R:localhost/127.0.0.1:65522] for GET '/session/dc846d3ff50522c4b6de737e17ab3e7a/element/08c3a86d-2337-4ddd-81b9-f1ed596bb96b/name'
17:48:56.500 [AsyncHttpClient-1-26] DEBUG org.asynchttpclient.netty.handler.HttpHandler - 

Request DefaultFullHttpRequest(decodeResult: success, version: HTTP/1.1, content: EmptyByteBufBE)
GET /session/dc846d3ff50522c4b6de737e17ab3e7a/element/08c3a86d-2337-4ddd-81b9-f1ed596bb96b/name HTTP/1.1
User-Agent: selenium/4.1.2 (java windows)
Cache-Control: no-cache
Content-Type: application/json; charset=utf-8
host: localhost:65522
accept: */*

Response DefaultHttpResponse(decodeResult: success, version: HTTP/1.1)
HTTP/1.1 200 OK
Content-Type: application/json; charset=utf-8
cache-control: no-cache
content-length: 18

17:48:56.500 [AsyncHttpClient-1-26] DEBUG org.asynchttpclient.netty.channel.ChannelManager - Adding key: http://localhost:65522 for channel [id: 0x55b637a9, L:/127.0.0.1:56655 - R:localhost/127.0.0.1:65522]
17:48:56.504 [Forwarding getElementTagName on session dc846d3ff50522c4b6de737e17ab3e7a to remote] DEBUG org.asynchttpclient.netty.request.NettyRequestSender - Using pooled Channel '[id: 0x55b637a9, L:/127.0.0.1:56655 - R:localhost/127.0.0.1:65522]' for 'GET' to 'http://localhost:65522/session/dc846d3ff50522c4b6de737e17ab3e7a/element/08c3a86d-2337-4ddd-81b9-f1ed596bb96b/name'
17:48:56.504 [Forwarding getElementTagName on session dc846d3ff50522c4b6de737e17ab3e7a to remote] DEBUG org.asynchttpclient.netty.request.NettyRequestSender - Using open Channel [id: 0x55b637a9, L:/127.0.0.1:56655 - R:localhost/127.0.0.1:65522] for GET '/session/dc846d3ff50522c4b6de737e17ab3e7a/element/08c3a86d-2337-4ddd-81b9-f1ed596bb96b/name'
17:48:56.509 [AsyncHttpClient-1-26] DEBUG org.asynchttpclient.netty.handler.HttpHandler - 

Request DefaultFullHttpRequest(decodeResult: success, version: HTTP/1.1, content: EmptyByteBufBE)
GET /session/dc846d3ff50522c4b6de737e17ab3e7a/element/08c3a86d-2337-4ddd-81b9-f1ed596bb96b/name HTTP/1.1
User-Agent: selenium/4.1.2 (java windows)
Cache-Control: no-cache
Content-Type: application/json; charset=utf-8
host: localhost:65522
accept: */*

Response DefaultHttpResponse(decodeResult: success, version: HTTP/1.1)
HTTP/1.1 200 OK
Content-Type: application/json; charset=utf-8
cache-control: no-cache
content-length: 18

17:48:56.509 [AsyncHttpClient-1-26] DEBUG org.asynchttpclient.netty.channel.ChannelManager - Adding key: http://localhost:65522 for channel [id: 0x55b637a9, L:/127.0.0.1:56655 - R:localhost/127.0.0.1:65522]
17:48:56.511 [Forwarding isElementEnabled on session dc846d3ff50522c4b6de737e17ab3e7a to remote] DEBUG org.asynchttpclient.netty.request.NettyRequestSender - Using pooled Channel '[id: 0x55b637a9, L:/127.0.0.1:56655 - R:localhost/127.0.0.1:65522]' for 'GET' to 'http://localhost:65522/session/dc846d3ff50522c4b6de737e17ab3e7a/element/08c3a86d-2337-4ddd-81b9-f1ed596bb96b/enabled'
17:48:56.511 [Forwarding isElementEnabled on session dc846d3ff50522c4b6de737e17ab3e7a to remote] DEBUG org.asynchttpclient.netty.request.NettyRequestSender - Using open Channel [id: 0x55b637a9, L:/127.0.0.1:56655 - R:localhost/127.0.0.1:65522] for GET '/session/dc846d3ff50522c4b6de737e17ab3e7a/element/08c3a86d-2337-4ddd-81b9-f1ed596bb96b/enabled'
17:48:56.524 [AsyncHttpClient-1-26] DEBUG org.asynchttpclient.netty.handler.HttpHandler - 

Request DefaultFullHttpRequest(decodeResult: success, version: HTTP/1.1, content: EmptyByteBufBE)
GET /session/dc846d3ff50522c4b6de737e17ab3e7a/element/08c3a86d-2337-4ddd-81b9-f1ed596bb96b/enabled HTTP/1.1
User-Agent: selenium/4.1.2 (java windows)
Cache-Control: no-cache
Content-Type: application/json; charset=utf-8
host: localhost:65522
accept: */*

Response DefaultHttpResponse(decodeResult: success, version: HTTP/1.1)
HTTP/1.1 200 OK
Content-Type: application/json; charset=utf-8
cache-control: no-cache
content-length: 14

17:48:56.524 [AsyncHttpClient-1-26] DEBUG org.asynchttpclient.netty.channel.ChannelManager - Adding key: http://localhost:65522 for channel [id: 0x55b637a9, L:/127.0.0.1:56655 - R:localhost/127.0.0.1:65522]
17:48:56.525 [Forwarding isElementEnabled on session dc846d3ff50522c4b6de737e17ab3e7a to remote] DEBUG org.asynchttpclient.netty.request.NettyRequestSender - Using pooled Channel '[id: 0x55b637a9, L:/127.0.0.1:56655 - R:localhost/127.0.0.1:65522]' for 'GET' to 'http://localhost:65522/session/dc846d3ff50522c4b6de737e17ab3e7a/element/08c3a86d-2337-4ddd-81b9-f1ed596bb96b/enabled'
17:48:56.525 [Forwarding isElementEnabled on session dc846d3ff50522c4b6de737e17ab3e7a to remote] DEBUG org.asynchttpclient.netty.request.NettyRequestSender - Using open Channel [id: 0x55b637a9, L:/127.0.0.1:56655 - R:localhost/127.0.0.1:65522] for GET '/session/dc846d3ff50522c4b6de737e17ab3e7a/element/08c3a86d-2337-4ddd-81b9-f1ed596bb96b/enabled'
17:48:56.540 [AsyncHttpClient-1-26] DEBUG org.asynchttpclient.netty.handler.HttpHandler - 

Request DefaultFullHttpRequest(decodeResult: success, version: HTTP/1.1, content: EmptyByteBufBE)
GET /session/dc846d3ff50522c4b6de737e17ab3e7a/element/08c3a86d-2337-4ddd-81b9-f1ed596bb96b/enabled HTTP/1.1
User-Agent: selenium/4.1.2 (java windows)
Cache-Control: no-cache
Content-Type: application/json; charset=utf-8
host: localhost:65522
accept: */*

Response DefaultHttpResponse(decodeResult: success, version: HTTP/1.1)
HTTP/1.1 200 OK
Content-Type: application/json; charset=utf-8
cache-control: no-cache
content-length: 14

17:48:56.540 [AsyncHttpClient-1-26] DEBUG org.asynchttpclient.netty.channel.ChannelManager - Adding key: http://localhost:65522 for channel [id: 0x55b637a9, L:/127.0.0.1:56655 - R:localhost/127.0.0.1:65522]
17:48:56.541 [Forwarding findElement on session dc846d3ff50522c4b6de737e17ab3e7a to remote] DEBUG org.asynchttpclient.netty.request.NettyRequestSender - Using pooled Channel '[id: 0x55b637a9, L:/127.0.0.1:56655 - R:localhost/127.0.0.1:65522]' for 'POST' to 'http://localhost:65522/session/dc846d3ff50522c4b6de737e17ab3e7a/element'
17:48:56.541 [Forwarding findElement on session dc846d3ff50522c4b6de737e17ab3e7a to remote] DEBUG org.asynchttpclient.netty.request.NettyRequestSender - Using open Channel [id: 0x55b637a9, L:/127.0.0.1:56655 - R:localhost/127.0.0.1:65522] for POST '/session/dc846d3ff50522c4b6de737e17ab3e7a/element'
17:48:56.555 [AsyncHttpClient-1-26] DEBUG org.asynchttpclient.netty.handler.HttpHandler - 

Request DefaultHttpRequest(decodeResult: success, version: HTTP/1.1)
POST /session/dc846d3ff50522c4b6de737e17ab3e7a/element HTTP/1.1
User-Agent: selenium/4.1.2 (java windows)
Content-Length: 321
Content-Type: application/json; charset=utf-8
host: localhost:65522
accept: */*

Response DefaultHttpResponse(decodeResult: success, version: HTTP/1.1)
HTTP/1.1 200 OK
Content-Type: application/json; charset=utf-8
cache-control: no-cache
content-length: 88

17:48:56.556 [AsyncHttpClient-1-26] DEBUG org.asynchttpclient.netty.channel.ChannelManager - Adding key: http://localhost:65522 for channel [id: 0x55b637a9, L:/127.0.0.1:56655 - R:localhost/127.0.0.1:65522]
17:48:56.558 [Forwarding clickElement on session dc846d3ff50522c4b6de737e17ab3e7a to remote] DEBUG org.asynchttpclient.netty.request.NettyRequestSender - Using pooled Channel '[id: 0x55b637a9, L:/127.0.0.1:56655 - R:localhost/127.0.0.1:65522]' for 'POST' to 'http://localhost:65522/session/dc846d3ff50522c4b6de737e17ab3e7a/element/08c3a86d-2337-4ddd-81b9-f1ed596bb96b/click'
17:48:56.558 [Forwarding clickElement on session dc846d3ff50522c4b6de737e17ab3e7a to remote] DEBUG org.asynchttpclient.netty.request.NettyRequestSender - Using open Channel [id: 0x55b637a9, L:/127.0.0.1:56655 - R:localhost/127.0.0.1:65522] for POST '/session/dc846d3ff50522c4b6de737e17ab3e7a/element/08c3a86d-2337-4ddd-81b9-f1ed596bb96b/click'
17:48:56.628 [AsyncHttpClient-1-26] DEBUG org.asynchttpclient.netty.handler.HttpHandler - 

Request DefaultHttpRequest(decodeResult: success, version: HTTP/1.1)
POST /session/dc846d3ff50522c4b6de737e17ab3e7a/element/08c3a86d-2337-4ddd-81b9-f1ed596bb96b/click HTTP/1.1
User-Agent: selenium/4.1.2 (java windows)
Content-Length: 50
Content-Type: application/json; charset=utf-8
host: localhost:65522
accept: */*

Response DefaultHttpResponse(decodeResult: success, version: HTTP/1.1)
HTTP/1.1 200 OK
Content-Type: application/json; charset=utf-8
cache-control: no-cache
content-length: 14

17:48:56.628 [AsyncHttpClient-1-26] DEBUG org.asynchttpclient.netty.channel.ChannelManager - Adding key: http://localhost:65522 for channel [id: 0x55b637a9, L:/127.0.0.1:56655 - R:localhost/127.0.0.1:65522]
  &amp#27;[32mAnd &amp#27;[0m&amp#27;[32mI have logged in&amp#27;[0m                          &amp#27;[90m# starter.stepdefinitions.ManageVaccinationBookingsSteps.iHaveLoggedIn()&amp#27;[0m
17:48:56.636 [Forwarding screenshot on session dc846d3ff50522c4b6de737e17ab3e7a to remote] DEBUG org.asynchttpclient.netty.request.NettyRequestSender - Using pooled Channel '[id: 0x55b637a9, L:/127.0.0.1:56655 - R:localhost/127.0.0.1:65522]' for 'GET' to 'http://localhost:65522/session/dc846d3ff50522c4b6de737e17ab3e7a/screenshot'
17:48:56.636 [Forwarding screenshot on session dc846d3ff50522c4b6de737e17ab3e7a to remote] DEBUG org.asynchttpclient.netty.request.NettyRequestSender - Using open Channel [id: 0x55b637a9, L:/127.0.0.1:56655 - R:localhost/127.0.0.1:65522] for GET '/session/dc846d3ff50522c4b6de737e17ab3e7a/screenshot'
17:48:56.916 [AsyncHttpClient-1-1] DEBUG org.asynchttpclient.netty.channel.DefaultChannelPool - Entry count for : http://localhost:56656 : 1
17:48:56.922 [AsyncHttpClient-1-26] DEBUG org.asynchttpclient.netty.handler.HttpHandler - 

Request DefaultFullHttpRequest(decodeResult: success, version: HTTP/1.1, content: EmptyByteBufBE)
GET /session/dc846d3ff50522c4b6de737e17ab3e7a/screenshot HTTP/1.1
User-Agent: selenium/4.1.2 (java windows)
Cache-Control: no-cache
Content-Type: application/json; charset=utf-8
host: localhost:65522
accept: */*

Response DefaultHttpResponse(decodeResult: success, version: HTTP/1.1)
HTTP/1.1 200 OK
Content-Type: application/json; charset=utf-8
cache-control: no-cache
content-length: 115840

17:48:56.922 [AsyncHttpClient-1-26] DEBUG org.asynchttpclient.netty.channel.ChannelManager - Adding key: http://localhost:65522 for channel [id: 0x55b637a9, L:/127.0.0.1:56655 - R:localhost/127.0.0.1:65522]
17:48:56.925 [main] DEBUG net.serenitybdd.core.photography.Darkroom - Send negative for processing for target\site\serenity\9edf7391117c5ea27a7e4c192f99c7c0594f34afd6f0e22e62f3ef47ad94ed79.png
17:48:56.926 [Darkroom Processing Line] DEBUG net.serenitybdd.core.photography.DarkroomProcessingLine - Processing screenshot image in /var/screenshots/screenshot-15006258473409047597
17:48:56.926 [Darkroom Processing Line] DEBUG net.serenitybdd.core.photography.DarkroomProcessingLine - Saving screenshot to target\site\serenity\9edf7391117c5ea27a7e4c192f99c7c0594f34afd6f0e22e62f3ef47ad94ed79.png
17:48:56.937 [Forwarding findElement on session dc846d3ff50522c4b6de737e17ab3e7a to remote] DEBUG org.asynchttpclient.netty.request.NettyRequestSender - Using pooled Channel '[id: 0x55b637a9, L:/127.0.0.1:56655 - R:localhost/127.0.0.1:65522]' for 'POST' to 'http://localhost:65522/session/dc846d3ff50522c4b6de737e17ab3e7a/element'
17:48:56.938 [Forwarding findElement on session dc846d3ff50522c4b6de737e17ab3e7a to remote] DEBUG org.asynchttpclient.netty.request.NettyRequestSender - Using open Channel [id: 0x55b637a9, L:/127.0.0.1:56655 - R:localhost/127.0.0.1:65522] for POST '/session/dc846d3ff50522c4b6de737e17ab3e7a/element'
17:48:57.278 [AsyncHttpClient-1-26] DEBUG org.asynchttpclient.netty.handler.HttpHandler - 

Request DefaultHttpRequest(decodeResult: success, version: HTTP/1.1)
POST /session/dc846d3ff50522c4b6de737e17ab3e7a/element HTTP/1.1
User-Agent: selenium/4.1.2 (java windows)
Content-Length: 80
Content-Type: application/json; charset=utf-8
host: localhost:65522
accept: */*

Response DefaultHttpResponse(decodeResult: success, version: HTTP/1.1)
HTTP/1.1 200 OK
Content-Type: application/json; charset=utf-8
cache-control: no-cache
content-length: 88

17:48:57.278 [AsyncHttpClient-1-26] DEBUG org.asynchttpclient.netty.channel.ChannelManager - Adding key: http://localhost:65522 for channel [id: 0x55b637a9, L:/127.0.0.1:56655 - R:localhost/127.0.0.1:65522]
17:48:57.280 [Forwarding getElementTagName on session dc846d3ff50522c4b6de737e17ab3e7a to remote] DEBUG org.asynchttpclient.netty.request.NettyRequestSender - Using pooled Channel '[id: 0x55b637a9, L:/127.0.0.1:56655 - R:localhost/127.0.0.1:65522]' for 'GET' to 'http://localhost:65522/session/dc846d3ff50522c4b6de737e17ab3e7a/element/590213e5-9dcd-4d37-b015-dc18216060fb/name'
17:48:57.280 [Forwarding getElementTagName on session dc846d3ff50522c4b6de737e17ab3e7a to remote] DEBUG org.asynchttpclient.netty.request.NettyRequestSender - Using open Channel [id: 0x55b637a9, L:/127.0.0.1:56655 - R:localhost/127.0.0.1:65522] for GET '/session/dc846d3ff50522c4b6de737e17ab3e7a/element/590213e5-9dcd-4d37-b015-dc18216060fb/name'
17:48:57.287 [AsyncHttpClient-1-26] DEBUG org.asynchttpclient.netty.handler.HttpHandler - 

Request DefaultFullHttpRequest(decodeResult: success, version: HTTP/1.1, content: EmptyByteBufBE)
GET /session/dc846d3ff50522c4b6de737e17ab3e7a/element/590213e5-9dcd-4d37-b015-dc18216060fb/name HTTP/1.1
User-Agent: selenium/4.1.2 (java windows)
Cache-Control: no-cache
Content-Type: application/json; charset=utf-8
host: localhost:65522
accept: */*

Response DefaultHttpResponse(decodeResult: success, version: HTTP/1.1)
HTTP/1.1 200 OK
Content-Type: application/json; charset=utf-8
cache-control: no-cache
content-length: 13

17:48:57.287 [AsyncHttpClient-1-26] DEBUG org.asynchttpclient.netty.channel.ChannelManager - Adding key: http://localhost:65522 for channel [id: 0x55b637a9, L:/127.0.0.1:56655 - R:localhost/127.0.0.1:65522]
17:48:57.288 [Forwarding getElementTagName on session dc846d3ff50522c4b6de737e17ab3e7a to remote] DEBUG org.asynchttpclient.netty.request.NettyRequestSender - Using pooled Channel '[id: 0x55b637a9, L:/127.0.0.1:56655 - R:localhost/127.0.0.1:65522]' for 'GET' to 'http://localhost:65522/session/dc846d3ff50522c4b6de737e17ab3e7a/element/590213e5-9dcd-4d37-b015-dc18216060fb/name'
17:48:57.288 [Forwarding getElementTagName on session dc846d3ff50522c4b6de737e17ab3e7a to remote] DEBUG org.asynchttpclient.netty.request.NettyRequestSender - Using open Channel [id: 0x55b637a9, L:/127.0.0.1:56655 - R:localhost/127.0.0.1:65522] for GET '/session/dc846d3ff50522c4b6de737e17ab3e7a/element/590213e5-9dcd-4d37-b015-dc18216060fb/name'
17:48:57.295 [AsyncHttpClient-1-26] DEBUG org.asynchttpclient.netty.handler.HttpHandler - 

Request DefaultFullHttpRequest(decodeResult: success, version: HTTP/1.1, content: EmptyByteBufBE)
GET /session/dc846d3ff50522c4b6de737e17ab3e7a/element/590213e5-9dcd-4d37-b015-dc18216060fb/name HTTP/1.1
User-Agent: selenium/4.1.2 (java windows)
Cache-Control: no-cache
Content-Type: application/json; charset=utf-8
host: localhost:65522
accept: */*

Response DefaultHttpResponse(decodeResult: success, version: HTTP/1.1)
HTTP/1.1 200 OK
Content-Type: application/json; charset=utf-8
cache-control: no-cache
content-length: 13

17:48:57.295 [AsyncHttpClient-1-26] DEBUG org.asynchttpclient.netty.channel.ChannelManager - Adding key: http://localhost:65522 for channel [id: 0x55b637a9, L:/127.0.0.1:56655 - R:localhost/127.0.0.1:65522]
17:48:57.297 [Forwarding findElement on session dc846d3ff50522c4b6de737e17ab3e7a to remote] DEBUG org.asynchttpclient.netty.request.NettyRequestSender - Using pooled Channel '[id: 0x55b637a9, L:/127.0.0.1:56655 - R:localhost/127.0.0.1:65522]' for 'POST' to 'http://localhost:65522/session/dc846d3ff50522c4b6de737e17ab3e7a/element'
17:48:57.297 [Forwarding findElement on session dc846d3ff50522c4b6de737e17ab3e7a to remote] DEBUG org.asynchttpclient.netty.request.NettyRequestSender - Using open Channel [id: 0x55b637a9, L:/127.0.0.1:56655 - R:localhost/127.0.0.1:65522] for POST '/session/dc846d3ff50522c4b6de737e17ab3e7a/element'
17:48:57.309 [AsyncHttpClient-1-26] DEBUG org.asynchttpclient.netty.handler.HttpHandler - 

Request DefaultHttpRequest(decodeResult: success, version: HTTP/1.1)
POST /session/dc846d3ff50522c4b6de737e17ab3e7a/element HTTP/1.1
User-Agent: selenium/4.1.2 (java windows)
Content-Length: 80
Content-Type: application/json; charset=utf-8
host: localhost:65522
accept: */*

Response DefaultHttpResponse(decodeResult: success, version: HTTP/1.1)
HTTP/1.1 200 OK
Content-Type: application/json; charset=utf-8
cache-control: no-cache
content-length: 88

17:48:57.310 [AsyncHttpClient-1-26] DEBUG org.asynchttpclient.netty.channel.ChannelManager - Adding key: http://localhost:65522 for channel [id: 0x55b637a9, L:/127.0.0.1:56655 - R:localhost/127.0.0.1:65522]
17:48:57.311 [Forwarding clickElement on session dc846d3ff50522c4b6de737e17ab3e7a to remote] DEBUG org.asynchttpclient.netty.request.NettyRequestSender - Using pooled Channel '[id: 0x55b637a9, L:/127.0.0.1:56655 - R:localhost/127.0.0.1:65522]' for 'POST' to 'http://localhost:65522/session/dc846d3ff50522c4b6de737e17ab3e7a/element/590213e5-9dcd-4d37-b015-dc18216060fb/click'
17:48:57.311 [Forwarding clickElement on session dc846d3ff50522c4b6de737e17ab3e7a to remote] DEBUG org.asynchttpclient.netty.request.NettyRequestSender - Using open Channel [id: 0x55b637a9, L:/127.0.0.1:56655 - R:localhost/127.0.0.1:65522] for POST '/session/dc846d3ff50522c4b6de737e17ab3e7a/element/590213e5-9dcd-4d37-b015-dc18216060fb/click'
17:48:57.490 [AsyncHttpClient-1-26] DEBUG org.asynchttpclient.netty.handler.HttpHandler - 

Request DefaultHttpRequest(decodeResult: success, version: HTTP/1.1)
POST /session/dc846d3ff50522c4b6de737e17ab3e7a/element/590213e5-9dcd-4d37-b015-dc18216060fb/click HTTP/1.1
User-Agent: selenium/4.1.2 (java windows)
Content-Length: 50
Content-Type: application/json; charset=utf-8
host: localhost:65522
accept: */*

Response DefaultHttpResponse(decodeResult: success, version: HTTP/1.1)
HTTP/1.1 200 OK
Content-Type: application/json; charset=utf-8
cache-control: no-cache
content-length: 14

17:48:57.491 [AsyncHttpClient-1-26] DEBUG org.asynchttpclient.netty.channel.ChannelManager - Adding key: http://localhost:65522 for channel [id: 0x55b637a9, L:/127.0.0.1:56655 - R:localhost/127.0.0.1:65522]
  &amp#27;[32mWhen &amp#27;[0m&amp#27;[32mI go to Book Vaksinasi page&amp#27;[0m              &amp#27;[90m# starter.stepdefinitions.ManageVaccinationBookingsSteps.iGoToBookVaksinasiPage()&amp#27;[0m
17:48:57.498 [Forwarding screenshot on session dc846d3ff50522c4b6de737e17ab3e7a to remote] DEBUG org.asynchttpclient.netty.request.NettyRequestSender - Using pooled Channel '[id: 0x55b637a9, L:/127.0.0.1:56655 - R:localhost/127.0.0.1:65522]' for 'GET' to 'http://localhost:65522/session/dc846d3ff50522c4b6de737e17ab3e7a/screenshot'
17:48:57.498 [Forwarding screenshot on session dc846d3ff50522c4b6de737e17ab3e7a to remote] DEBUG org.asynchttpclient.netty.request.NettyRequestSender - Using open Channel [id: 0x55b637a9, L:/127.0.0.1:56655 - R:localhost/127.0.0.1:65522] for GET '/session/dc846d3ff50522c4b6de737e17ab3e7a/screenshot'
17:48:57.840 [AsyncHttpClient-1-26] DEBUG org.asynchttpclient.netty.handler.HttpHandler - 

Request DefaultFullHttpRequest(decodeResult: success, version: HTTP/1.1, content: EmptyByteBufBE)
GET /session/dc846d3ff50522c4b6de737e17ab3e7a/screenshot HTTP/1.1
User-Agent: selenium/4.1.2 (java windows)
Cache-Control: no-cache
Content-Type: application/json; charset=utf-8
host: localhost:65522
accept: */*

Response DefaultHttpResponse(decodeResult: success, version: HTTP/1.1)
HTTP/1.1 200 OK
Content-Type: application/json; charset=utf-8
cache-control: no-cache
content-length: 104100

17:48:57.840 [AsyncHttpClient-1-26] DEBUG org.asynchttpclient.netty.channel.ChannelManager - Adding key: http://localhost:65522 for channel [id: 0x55b637a9, L:/127.0.0.1:56655 - R:localhost/127.0.0.1:65522]
17:48:57.848 [main] DEBUG net.serenitybdd.core.photography.Darkroom - Send negative for processing for target\site\serenity\4805c35d72f29c8b1a553e66fe021882dc8657259d7234d7f62c21f521add652.png
17:48:57.848 [Darkroom Processing Line] DEBUG net.serenitybdd.core.photography.DarkroomProcessingLine - Processing screenshot image in /var/screenshots/screenshot-3397139663894457142
17:48:57.848 [Darkroom Processing Line] DEBUG net.serenitybdd.core.photography.DarkroomProcessingLine - Saving screenshot to target\site\serenity\4805c35d72f29c8b1a553e66fe021882dc8657259d7234d7f62c21f521add652.png
  &amp#27;[32mAnd &amp#27;[0m&amp#27;[32mI click the dots on the top right of page&amp#27;[0m &amp#27;[90m# starter.stepdefinitions.ManageVaccinationBookingsSteps.iClickTheDotsOnTheTopRightOfPage()&amp#27;[0m
  &amp#27;[32mAnd &amp#27;[0m&amp#27;[32mI click Waktu button&amp#27;[0m                      &amp#27;[90m# starter.stepdefinitions.ManageVaccinationBookingsSteps.iClickWaktuButton()&amp#27;[0m
  &amp#27;[32mAnd &amp#27;[0m&amp#27;[32mI select time&amp#27;[0m                             &amp#27;[90m# starter.stepdefinitions.ManageVaccinationBookingsSteps.iSelectTime()&amp#27;[0m
17:48:57.902 [Forwarding screenshot on session dc846d3ff50522c4b6de737e17ab3e7a to remote] DEBUG org.asynchttpclient.netty.request.NettyRequestSender - Using pooled Channel '[id: 0x55b637a9, L:/127.0.0.1:56655 - R:localhost/127.0.0.1:65522]' for 'GET' to 'http://localhost:65522/session/dc846d3ff50522c4b6de737e17ab3e7a/screenshot'
17:48:57.902 [Forwarding screenshot on session dc846d3ff50522c4b6de737e17ab3e7a to remote] DEBUG org.asynchttpclient.netty.request.NettyRequestSender - Using open Channel [id: 0x55b637a9, L:/127.0.0.1:56655 - R:localhost/127.0.0.1:65522] for GET '/session/dc846d3ff50522c4b6de737e17ab3e7a/screenshot'
17:48:58.014 [AsyncHttpClient-1-1] DEBUG org.asynchttpclient.netty.channel.DefaultChannelPool - Entry count for : http://localhost:56656 : 1
17:48:58.063 [AsyncHttpClient-1-26] DEBUG org.asynchttpclient.netty.handler.HttpHandler - 

Request DefaultFullHttpRequest(decodeResult: success, version: HTTP/1.1, content: EmptyByteBufBE)
GET /session/dc846d3ff50522c4b6de737e17ab3e7a/screenshot HTTP/1.1
User-Agent: selenium/4.1.2 (java windows)
Cache-Control: no-cache
Content-Type: application/json; charset=utf-8
host: localhost:65522
accept: */*

Response DefaultHttpResponse(decodeResult: success, version: HTTP/1.1)
HTTP/1.1 200 OK
Content-Type: application/json; charset=utf-8
cache-control: no-cache
content-length: 8064

17:48:58.063 [AsyncHttpClient-1-26] DEBUG org.asynchttpclient.netty.channel.ChannelManager - Adding key: http://localhost:65522 for channel [id: 0x55b637a9, L:/127.0.0.1:56655 - R:localhost/127.0.0.1:65522]
17:48:58.064 [main] DEBUG net.serenitybdd.core.photography.Darkroom - Send negative for processing for target\site\serenity\3c90801a70fb2c2bfe5fc60b174aa3986624ea5eb79294b52a5a7ca3339080db.png
  &amp#27;[32mThen &amp#27;[0m&amp#27;[32mbookings will be sorted by time&amp#27;[0m          &amp#27;[90m# starter.stepdefinitions.ManageVaccinationBookingsSteps.bookingsWillBeSortedByTime()&amp#27;[0m
17:48:58.072 [main] INFO  - 
  _____   ___   ___   _____     ___     _     ___   ___   ___   ___  
 |_   _| | __| / __| |_   _|   | _ \   /_\   / __| / __| | __| |   \ 
   | |   | _|  \__ \   | |     |  _/  / _ \  \__ \ \__ \ | _|  | |) |
   |_|   |___| |___/   |_|     |_|   /_/ \_\ |___/ |___/ |___| |___/ 

Sort vaccination bookings by time
----------------------------------------------------------------------
17:48:58.076 [AsyncHttpClient-1-28] DEBUG org.asynchttpclient.netty.handler.WebSocketHandler - Channel Closed: [id: 0x5524bd41, L:/127.0.0.1:56664 ! R:localhost/127.0.0.1:56656] with attribute NettyResponseFuture{currentRetry=5,
	isDone=1,
	isCancelled=0,
	asyncHandler=org.asynchttpclient.ws.WebSocketUpgradeHandler@1a0c341,
	nettyRequest=org.asynchttpclient.netty.request.NettyRequest@44a24d11,
	future=java.util.concurrent.CompletableFuture@af57c94[Completed normally],
	uri=ws://localhost:56656/devtools/browser/686ed8fa-9967-40c9-bc48-470e07844822,
	keepAlive=true,
	redirectCount=0,
	timeoutsHolder=null,
	inAuth=0,
	touch=1671446932919}
17:48:58.076 [AsyncHttpClient-1-28] DEBUG org.asynchttpclient.netty.channel.ChannelManager - Closing Channel [id: 0x5524bd41, L:/127.0.0.1:56664 ! R:localhost/127.0.0.1:56656] 
17:48:58.077 [Driver Command Executor] DEBUG org.asynchttpclient.netty.request.NettyRequestSender - Using pooled Channel '[id: 0x55b637a9, L:/127.0.0.1:56655 - R:localhost/127.0.0.1:65522]' for 'DELETE' to 'http://localhost:65522/session/dc846d3ff50522c4b6de737e17ab3e7a'
17:48:58.077 [Driver Command Executor] DEBUG org.asynchttpclient.netty.request.NettyRequestSender - Using open Channel [id: 0x55b637a9, L:/127.0.0.1:56655 - R:localhost/127.0.0.1:65522] for DELETE '/session/dc846d3ff50522c4b6de737e17ab3e7a'
17:48:58.113 [AsyncHttpClient-1-27] DEBUG org.asynchttpclient.netty.handler.HttpHandler - Unexpected I/O exception on channel [id: 0xfd16a305, L:/127.0.0.1:56663 - R:localhost/127.0.0.1:56656]
java.io.IOException: An existing connection was forcibly closed by the remote host
	at java.base/sun.nio.ch.SocketDispatcher.read0(Native Method)
	at java.base/sun.nio.ch.SocketDispatcher.read(SocketDispatcher.java:43)
	at java.base/sun.nio.ch.IOUtil.readIntoNativeBuffer(IOUtil.java:276)
	at java.base/sun.nio.ch.IOUtil.read(IOUtil.java:233)
	at java.base/sun.nio.ch.IOUtil.read(IOUtil.java:223)
	at java.base/sun.nio.ch.SocketChannelImpl.read(SocketChannelImpl.java:358)
	at io.netty.buffer.PooledByteBuf.setBytes(PooledByteBuf.java:258)
	at io.netty.buffer.AbstractByteBuf.writeBytes(AbstractByteBuf.java:1132)
	at io.netty.channel.socket.nio.NioSocketChannel.doReadBytes(NioSocketChannel.java:350)
	at io.netty.channel.nio.AbstractNioByteChannel$NioByteUnsafe.read(AbstractNioByteChannel.java:151)
	at io.netty.channel.nio.NioEventLoop.processSelectedKey(NioEventLoop.java:722)
	at io.netty.channel.nio.NioEventLoop.processSelectedKeysOptimized(NioEventLoop.java:658)
	at io.netty.channel.nio.NioEventLoop.processSelectedKeys(NioEventLoop.java:584)
	at io.netty.channel.nio.NioEventLoop.run(NioEventLoop.java:496)
	at io.netty.util.concurrent.SingleThreadEventExecutor$4.run(SingleThreadEventExecutor.java:986)
	at io.netty.util.internal.ThreadExecutorMap$2.run(ThreadExecutorMap.java:74)
	at io.netty.util.concurrent.FastThreadLocalRunnable.run(FastThreadLocalRunnable.java:30)
	at java.base/java.lang.Thread.run(Thread.java:834)
17:48:58.113 [AsyncHttpClient-1-27] DEBUG org.asynchttpclient.netty.channel.ChannelManager - Closing Channel [id: 0xfd16a305, L:/127.0.0.1:56663 - R:localhost/127.0.0.1:56656] 
17:48:58.113 [AsyncHttpClient-1-27] DEBUG org.asynchttpclient.netty.handler.HttpHandler - Channel Closed: [id: 0xfd16a305, L:/127.0.0.1:56663 ! R:localhost/127.0.0.1:56656] with attribute DISCARD
17:48:58.142 [AsyncHttpClient-1-26] DEBUG org.asynchttpclient.netty.handler.HttpHandler - 

Request DefaultFullHttpRequest(decodeResult: success, version: HTTP/1.1, content: EmptyByteBufBE)
DELETE /session/dc846d3ff50522c4b6de737e17ab3e7a HTTP/1.1
User-Agent: selenium/4.1.2 (java windows)
Content-Type: application/json; charset=utf-8
host: localhost:65522
accept: */*

Response DefaultHttpResponse(decodeResult: success, version: HTTP/1.1)
HTTP/1.1 200 OK
Content-Type: application/json; charset=utf-8
cache-control: no-cache
content-length: 14

17:48:58.142 [AsyncHttpClient-1-26] DEBUG org.asynchttpclient.netty.channel.ChannelManager - Adding key: http://localhost:65522 for channel [id: 0x55b637a9, L:/127.0.0.1:56655 - R:localhost/127.0.0.1:65522]
17:48:58.218 [AsyncHttpClient-1-26] DEBUG org.asynchttpclient.netty.handler.HttpHandler - Channel Closed: [id: 0x55b637a9, L:/127.0.0.1:56655 ! R:localhost/127.0.0.1:65522] with attribute DISCARD
]]></system-out>
    <system-err><![CDATA[Starting ChromeDriver 108.0.5359.71 (1e0e3868ee06e91ad636a874420e3ca3ae3756ac-refs/branch-heads/5359@{#1016}) on port 65522
Only local connections are allowed.
Please see https://chromedriver.chromium.org/security-considerations for suggestions on keeping ChromeDriver safe.
ChromeDriver was started successfully.
Dec 19, 2022 5:48:52 PM org.openqa.selenium.remote.ProtocolHandshake createSession
INFO: Detected dialect: W3C
Dec 19, 2022 5:48:52 PM org.openqa.selenium.devtools.CdpVersionFinder findNearestMatch
WARNING: Unable to find an exact match for CDP version 108, so returning the closest version found: a no-op implementation
Dec 19, 2022 5:48:52 PM org.openqa.selenium.devtools.CdpVersionFinder findNearestMatch
INFO: Unable to find CDP implementation matching 108.
Dec 19, 2022 5:48:52 PM org.openqa.selenium.chromium.ChromiumDriver lambda$new$3
WARNING: Unable to find version of CDP to use for . You may need to include a dependency on a specific version of the CDP using something similar to `org.seleniumhq.selenium:selenium-devtools-v86:4.1.2` where the version ("v86") matches the version of the chromium-based browser you're using and the version number of the artifact is the same as Selenium's.
]]></system-err>
  </testcase>
  <testcase name="Sort vaccination bookings by dose" classname="Manage vaccination bookings" time="7.011">
    <system-out><![CDATA[
Scenario: Sort vaccination bookings by dose     &amp#27;[90m# src/test/resources/features/ManageVaccinationBookings.feature:81&amp#27;[0m
17:48:58.337 [main] INFO io.cucumber.core.plugin.SerenityReporter - Running feature from file:///C:/Users/ASUSTUF/OneDrive/Documents/Capstone%20Project/Web%20Automation/src/test/resources/features/ManageVaccinationBookings.feature
17:48:58.341 [main] INFO  - 
  _____   ___   ___   _____     ___   _____     _     ___   _____   ___   ___  
 |_   _| | __| / __| |_   _|   / __| |_   _|   /_\   | _ \ |_   _| | __| |   \ 
   | |   | _|  \__ \   | |     \__ \   | |    / _ \  |   /   | |   | _|  | |) |
   |_|   |___| |___/   |_|     |___/   |_|   /_/ \_\ |_|_\   |_|   |___| |___/ 

Sort vaccination bookings by dose(manage-vaccination-bookings;sort-vaccination-bookings-by-dose)
--------------------------------------------------------------------------------
17:48:58.369 [main] INFO net.serenitybdd.core.webdriver.driverproviders.ChromeDriverProvider - Using automatically driver download
17:48:58.554 [main] DEBUG io.github.bonigarcia.wdm.cache.ResolutionCache - Resolution chrome=108 in cache (valid until 18:33:56 19/12/2022 ICT)
17:48:58.559 [main] DEBUG io.github.bonigarcia.wdm.cache.ResolutionCache - Resolution chrome108=108.0.5359.71 in cache (valid until 12:44:30 20/12/2022 ICT)
17:48:58.561 [main] INFO io.github.bonigarcia.wdm.WebDriverManager - Using chromedriver 108.0.5359.71 (resolved driver for Chrome 108)
17:48:58.578 [main] DEBUG io.github.bonigarcia.wdm.WebDriverManager - Driver chromedriver 108.0.5359.71 found in cache
17:48:58.578 [main] INFO io.github.bonigarcia.wdm.WebDriverManager - Exporting webdriver.chrome.driver as C:\Users\ASUSTUF\.cache\selenium\chromedriver\win32\108.0.5359.71\chromedriver.exe
17:48:58.801 [main] DEBUG net.serenitybdd.core.webdriver.driverproviders.ProvideNewDriver - Instantiating driver
17:48:58.801 [main] DEBUG net.serenitybdd.core.webdriver.driverproviders.ProvideNewDriver - Driver capabilities: Capabilities {acceptInsecureCerts: false, base.url: https://vaksin-id.netlify.app/, browserName: chrome, chrome.driver: src/test/resources/webdrive..., driver: chrome, goog:chromeOptions: {args: [], extensions: []}}
17:48:59.129 [AsyncHttpClient-1-1] DEBUG org.asynchttpclient.netty.channel.DefaultChannelPool - Entry count for : http://localhost:56656 : 1
17:48:59.130 [AsyncHttpClient-1-1] DEBUG org.asynchttpclient.netty.channel.DefaultChannelPool - Entry count for : http://localhost:65522 : 1
17:48:59.130 [AsyncHttpClient-1-1] DEBUG org.asynchttpclient.netty.channel.DefaultChannelPool - Adding Candidate expired Channel [id: 0xfd16a305, L:/127.0.0.1:56663 ! R:localhost/127.0.0.1:56656] isIdleTimeoutExpired=false isRemotelyClosed=true isTtlExpired=false
17:48:59.130 [AsyncHttpClient-1-1] DEBUG org.asynchttpclient.netty.channel.DefaultChannelPool - Closing Idle Channel [id: 0xfd16a305, L:/127.0.0.1:56663 ! R:localhost/127.0.0.1:56656]
17:48:59.130 [AsyncHttpClient-1-1] DEBUG org.asynchttpclient.netty.channel.DefaultChannelPool - Adding Candidate expired Channel [id: 0x55b637a9, L:/127.0.0.1:56655 ! R:localhost/127.0.0.1:65522] isIdleTimeoutExpired=false isRemotelyClosed=true isTtlExpired=false
17:48:59.130 [AsyncHttpClient-1-1] DEBUG org.asynchttpclient.netty.channel.DefaultChannelPool - Closing Idle Channel [id: 0x55b637a9, L:/127.0.0.1:56655 ! R:localhost/127.0.0.1:65522]
17:48:59.131 [AsyncHttpClient-1-1] DEBUG org.asynchttpclient.netty.channel.DefaultChannelPool - Closed 2 connections out of 2 in 1 ms
17:48:59.512 [AsyncHttpClient-1-29] DEBUG org.asynchttpclient.netty.channel.NettyConnectListener - Using new Channel '[id: 0xfbe34a9c, L:/127.0.0.1:56692 - R:localhost/127.0.0.1:62067]' for 'POST' to '/session'
17:49:00.323 [AsyncHttpClient-1-29] DEBUG org.asynchttpclient.netty.handler.HttpHandler - 

Request DefaultHttpRequest(decodeResult: success, version: HTTP/1.1)
POST /session HTTP/1.1
User-Agent: selenium/4.1.2 (java windows)
Content-Length: 616
Content-Type: application/json; charset=utf-8
host: localhost:62067
accept: */*

Response DefaultHttpResponse(decodeResult: success, version: HTTP/1.1)
HTTP/1.1 200 OK
Content-Type: application/json; charset=utf-8
cache-control: no-cache
content-length: 794

17:49:00.323 [AsyncHttpClient-1-29] DEBUG org.asynchttpclient.netty.channel.ChannelManager - Adding key: http://localhost:62067 for channel [id: 0xfbe34a9c, L:/127.0.0.1:56692 - R:localhost/127.0.0.1:62067]
17:49:00.344 [AsyncHttpClient-1-30] DEBUG org.asynchttpclient.netty.channel.NettyConnectListener - Using new Channel '[id: 0xac3ab8a1, L:/127.0.0.1:56699 - R:localhost/127.0.0.1:56693]' for 'GET' to '/json/version'
17:49:00.346 [AsyncHttpClient-1-30] DEBUG org.asynchttpclient.netty.handler.HttpHandler - 

Request DefaultFullHttpRequest(decodeResult: success, version: HTTP/1.1, content: EmptyByteBufBE)
GET /json/version HTTP/1.1
User-Agent: selenium/4.1.2 (java windows)
host: localhost:56693
accept: */*

Response DefaultHttpResponse(decodeResult: success, version: HTTP/1.1)
HTTP/1.1 200 OK
Content-Type: application/json; charset=UTF-8
content-length: 424

17:49:00.347 [AsyncHttpClient-1-30] DEBUG org.asynchttpclient.netty.channel.ChannelManager - Adding key: http://localhost:56693 for channel [id: 0xac3ab8a1, L:/127.0.0.1:56699 - R:localhost/127.0.0.1:56693]
17:49:00.354 [AsyncHttpClient-1-31] DEBUG org.asynchttpclient.netty.channel.NettyConnectListener - Using new Channel '[id: 0x411ccc76, L:/127.0.0.1:56700 - R:localhost/127.0.0.1:56693]' for 'GET' to '/devtools/browser/1d5fca24-48fc-4c9a-b49f-90ac6d26b44d'
17:49:00.355 [AsyncHttpClient-1-31] DEBUG org.asynchttpclient.netty.handler.WebSocketHandler - 

Request DefaultFullHttpRequest(decodeResult: success, version: HTTP/1.1, content: EmptyByteBufBE)
GET /devtools/browser/1d5fca24-48fc-4c9a-b49f-90ac6d26b44d HTTP/1.1
upgrade: websocket
connection: upgrade
sec-websocket-key: uR+icbLE7JQdUgqIuK3C+w==
sec-websocket-version: 13
origin: http://localhost:56693
host: localhost:56693
accept: */*
user-agent: AHC/2.1

Response DefaultHttpResponse(decodeResult: success, version: HTTP/1.1)
HTTP/1.1 101 WebSocket Protocol Handshake
Upgrade: WebSocket
Connection: Upgrade
Sec-WebSocket-Accept: ehzgqo7X0HQjKkS5KDfAyrD2VSQ=

17:49:00.363 [Forwarding get on session d5eddacf51586082cf4b912e3e7dd951 to remote] DEBUG org.asynchttpclient.netty.request.NettyRequestSender - Using pooled Channel '[id: 0xfbe34a9c, L:/127.0.0.1:56692 - R:localhost/127.0.0.1:62067]' for 'POST' to 'http://localhost:62067/session/d5eddacf51586082cf4b912e3e7dd951/url'
17:49:00.363 [Forwarding get on session d5eddacf51586082cf4b912e3e7dd951 to remote] DEBUG org.asynchttpclient.netty.request.NettyRequestSender - Using open Channel [id: 0xfbe34a9c, L:/127.0.0.1:56692 - R:localhost/127.0.0.1:62067] for POST '/session/d5eddacf51586082cf4b912e3e7dd951/url'
17:49:01.178 [AsyncHttpClient-1-29] DEBUG org.asynchttpclient.netty.handler.HttpHandler - 

Request DefaultHttpRequest(decodeResult: success, version: HTTP/1.1)
POST /session/d5eddacf51586082cf4b912e3e7dd951/url HTTP/1.1
User-Agent: selenium/4.1.2 (java windows)
Content-Length: 60
Content-Type: application/json; charset=utf-8
host: localhost:62067
accept: */*

Response DefaultHttpResponse(decodeResult: success, version: HTTP/1.1)
HTTP/1.1 200 OK
Content-Type: application/json; charset=utf-8
cache-control: no-cache
content-length: 14

17:49:01.178 [AsyncHttpClient-1-29] DEBUG org.asynchttpclient.netty.channel.ChannelManager - Adding key: http://localhost:62067 for channel [id: 0xfbe34a9c, L:/127.0.0.1:56692 - R:localhost/127.0.0.1:62067]
17:49:01.182 [Forwarding setTimeout on session d5eddacf51586082cf4b912e3e7dd951 to remote] DEBUG org.asynchttpclient.netty.request.NettyRequestSender - Using pooled Channel '[id: 0xfbe34a9c, L:/127.0.0.1:56692 - R:localhost/127.0.0.1:62067]' for 'POST' to 'http://localhost:62067/session/d5eddacf51586082cf4b912e3e7dd951/timeouts'
17:49:01.183 [Forwarding setTimeout on session d5eddacf51586082cf4b912e3e7dd951 to remote] DEBUG org.asynchttpclient.netty.request.NettyRequestSender - Using open Channel [id: 0xfbe34a9c, L:/127.0.0.1:56692 - R:localhost/127.0.0.1:62067] for POST '/session/d5eddacf51586082cf4b912e3e7dd951/timeouts'
17:49:01.186 [AsyncHttpClient-1-29] DEBUG org.asynchttpclient.netty.handler.HttpHandler - 

Request DefaultHttpRequest(decodeResult: success, version: HTTP/1.1)
POST /session/d5eddacf51586082cf4b912e3e7dd951/timeouts HTTP/1.1
User-Agent: selenium/4.1.2 (java windows)
Content-Length: 22
Content-Type: application/json; charset=utf-8
host: localhost:62067
accept: */*

Response DefaultHttpResponse(decodeResult: success, version: HTTP/1.1)
HTTP/1.1 200 OK
Content-Type: application/json; charset=utf-8
cache-control: no-cache
content-length: 14

17:49:01.186 [AsyncHttpClient-1-29] DEBUG org.asynchttpclient.netty.channel.ChannelManager - Adding key: http://localhost:62067 for channel [id: 0xfbe34a9c, L:/127.0.0.1:56692 - R:localhost/127.0.0.1:62067]
17:49:01.189 [Forwarding getCurrentUrl on session d5eddacf51586082cf4b912e3e7dd951 to remote] DEBUG org.asynchttpclient.netty.request.NettyRequestSender - Using pooled Channel '[id: 0xfbe34a9c, L:/127.0.0.1:56692 - R:localhost/127.0.0.1:62067]' for 'GET' to 'http://localhost:62067/session/d5eddacf51586082cf4b912e3e7dd951/url'
17:49:01.189 [Forwarding getCurrentUrl on session d5eddacf51586082cf4b912e3e7dd951 to remote] DEBUG org.asynchttpclient.netty.request.NettyRequestSender - Using open Channel [id: 0xfbe34a9c, L:/127.0.0.1:56692 - R:localhost/127.0.0.1:62067] for GET '/session/d5eddacf51586082cf4b912e3e7dd951/url'
17:49:01.205 [AsyncHttpClient-1-29] DEBUG org.asynchttpclient.netty.handler.HttpHandler - 

Request DefaultFullHttpRequest(decodeResult: success, version: HTTP/1.1, content: EmptyByteBufBE)
GET /session/d5eddacf51586082cf4b912e3e7dd951/url HTTP/1.1
User-Agent: selenium/4.1.2 (java windows)
Cache-Control: no-cache
Content-Type: application/json; charset=utf-8
host: localhost:62067
accept: */*

Response DefaultHttpResponse(decodeResult: success, version: HTTP/1.1)
HTTP/1.1 200 OK
Content-Type: application/json; charset=utf-8
cache-control: no-cache
content-length: 42

17:49:01.205 [AsyncHttpClient-1-29] DEBUG org.asynchttpclient.netty.channel.ChannelManager - Adding key: http://localhost:62067 for channel [id: 0xfbe34a9c, L:/127.0.0.1:56692 - R:localhost/127.0.0.1:62067]
  &amp#27;[32mGiven &amp#27;[0m&amp#27;[32mI am on landing page&amp#27;[0m                    &amp#27;[90m# starter.stepdefinitions.ManageVaccinationBookingsSteps.iAmOnLandingPage()&amp#27;[0m
17:49:01.218 [Forwarding screenshot on session d5eddacf51586082cf4b912e3e7dd951 to remote] DEBUG org.asynchttpclient.netty.request.NettyRequestSender - Using pooled Channel '[id: 0xfbe34a9c, L:/127.0.0.1:56692 - R:localhost/127.0.0.1:62067]' for 'GET' to 'http://localhost:62067/session/d5eddacf51586082cf4b912e3e7dd951/screenshot'
17:49:01.219 [Forwarding screenshot on session d5eddacf51586082cf4b912e3e7dd951 to remote] DEBUG org.asynchttpclient.netty.request.NettyRequestSender - Using open Channel [id: 0xfbe34a9c, L:/127.0.0.1:56692 - R:localhost/127.0.0.1:62067] for GET '/session/d5eddacf51586082cf4b912e3e7dd951/screenshot'
17:49:01.320 [AsyncHttpClient-1-1] DEBUG org.asynchttpclient.netty.channel.DefaultChannelPool - Entry count for : http://localhost:56693 : 1
17:49:02.414 [AsyncHttpClient-1-1] DEBUG org.asynchttpclient.netty.channel.DefaultChannelPool - Entry count for : http://localhost:56693 : 1
17:49:02.570 [AsyncHttpClient-1-29] DEBUG org.asynchttpclient.netty.handler.HttpHandler - 

Request DefaultFullHttpRequest(decodeResult: success, version: HTTP/1.1, content: EmptyByteBufBE)
GET /session/d5eddacf51586082cf4b912e3e7dd951/screenshot HTTP/1.1
User-Agent: selenium/4.1.2 (java windows)
Cache-Control: no-cache
Content-Type: application/json; charset=utf-8
host: localhost:62067
accept: */*

Response DefaultHttpResponse(decodeResult: success, version: HTTP/1.1)
HTTP/1.1 200 OK
Content-Type: application/json; charset=utf-8
cache-control: no-cache
content-length: 847132

17:49:02.571 [AsyncHttpClient-1-29] DEBUG org.asynchttpclient.netty.channel.ChannelManager - Adding key: http://localhost:62067 for channel [id: 0xfbe34a9c, L:/127.0.0.1:56692 - R:localhost/127.0.0.1:62067]
17:49:02.602 [main] DEBUG net.serenitybdd.core.photography.Darkroom - Send negative for processing for target\site\serenity\ff3b83dd42f508d91c0c8488aed412149de34b436c7528a8caa8428592644731.png
17:49:02.614 [Forwarding findElement on session d5eddacf51586082cf4b912e3e7dd951 to remote] DEBUG org.asynchttpclient.netty.request.NettyRequestSender - Using pooled Channel '[id: 0xfbe34a9c, L:/127.0.0.1:56692 - R:localhost/127.0.0.1:62067]' for 'POST' to 'http://localhost:62067/session/d5eddacf51586082cf4b912e3e7dd951/element'
17:49:02.614 [Forwarding findElement on session d5eddacf51586082cf4b912e3e7dd951 to remote] DEBUG org.asynchttpclient.netty.request.NettyRequestSender - Using open Channel [id: 0xfbe34a9c, L:/127.0.0.1:56692 - R:localhost/127.0.0.1:62067] for POST '/session/d5eddacf51586082cf4b912e3e7dd951/element'
17:49:02.636 [AsyncHttpClient-1-29] DEBUG org.asynchttpclient.netty.handler.HttpHandler - 

Request DefaultHttpRequest(decodeResult: success, version: HTTP/1.1)
POST /session/d5eddacf51586082cf4b912e3e7dd951/element HTTP/1.1
User-Agent: selenium/4.1.2 (java windows)
Content-Length: 315
Content-Type: application/json; charset=utf-8
host: localhost:62067
accept: */*

Response DefaultHttpResponse(decodeResult: success, version: HTTP/1.1)
HTTP/1.1 200 OK
Content-Type: application/json; charset=utf-8
cache-control: no-cache
content-length: 88

17:49:02.636 [AsyncHttpClient-1-29] DEBUG org.asynchttpclient.netty.channel.ChannelManager - Adding key: http://localhost:62067 for channel [id: 0xfbe34a9c, L:/127.0.0.1:56692 - R:localhost/127.0.0.1:62067]
17:49:02.639 [Forwarding getElementTagName on session d5eddacf51586082cf4b912e3e7dd951 to remote] DEBUG org.asynchttpclient.netty.request.NettyRequestSender - Using pooled Channel '[id: 0xfbe34a9c, L:/127.0.0.1:56692 - R:localhost/127.0.0.1:62067]' for 'GET' to 'http://localhost:62067/session/d5eddacf51586082cf4b912e3e7dd951/element/a311e03c-2798-4ea9-9d39-ab0d1527179c/name'
17:49:02.639 [Forwarding getElementTagName on session d5eddacf51586082cf4b912e3e7dd951 to remote] DEBUG org.asynchttpclient.netty.request.NettyRequestSender - Using open Channel [id: 0xfbe34a9c, L:/127.0.0.1:56692 - R:localhost/127.0.0.1:62067] for GET '/session/d5eddacf51586082cf4b912e3e7dd951/element/a311e03c-2798-4ea9-9d39-ab0d1527179c/name'
17:49:02.647 [AsyncHttpClient-1-29] DEBUG org.asynchttpclient.netty.handler.HttpHandler - 

Request DefaultFullHttpRequest(decodeResult: success, version: HTTP/1.1, content: EmptyByteBufBE)
GET /session/d5eddacf51586082cf4b912e3e7dd951/element/a311e03c-2798-4ea9-9d39-ab0d1527179c/name HTTP/1.1
User-Agent: selenium/4.1.2 (java windows)
Cache-Control: no-cache
Content-Type: application/json; charset=utf-8
host: localhost:62067
accept: */*

Response DefaultHttpResponse(decodeResult: success, version: HTTP/1.1)
HTTP/1.1 200 OK
Content-Type: application/json; charset=utf-8
cache-control: no-cache
content-length: 18

17:49:02.647 [AsyncHttpClient-1-29] DEBUG org.asynchttpclient.netty.channel.ChannelManager - Adding key: http://localhost:62067 for channel [id: 0xfbe34a9c, L:/127.0.0.1:56692 - R:localhost/127.0.0.1:62067]
17:49:02.648 [Forwarding getElementTagName on session d5eddacf51586082cf4b912e3e7dd951 to remote] DEBUG org.asynchttpclient.netty.request.NettyRequestSender - Using pooled Channel '[id: 0xfbe34a9c, L:/127.0.0.1:56692 - R:localhost/127.0.0.1:62067]' for 'GET' to 'http://localhost:62067/session/d5eddacf51586082cf4b912e3e7dd951/element/a311e03c-2798-4ea9-9d39-ab0d1527179c/name'
17:49:02.648 [Forwarding getElementTagName on session d5eddacf51586082cf4b912e3e7dd951 to remote] DEBUG org.asynchttpclient.netty.request.NettyRequestSender - Using open Channel [id: 0xfbe34a9c, L:/127.0.0.1:56692 - R:localhost/127.0.0.1:62067] for GET '/session/d5eddacf51586082cf4b912e3e7dd951/element/a311e03c-2798-4ea9-9d39-ab0d1527179c/name'
17:49:02.657 [AsyncHttpClient-1-29] DEBUG org.asynchttpclient.netty.handler.HttpHandler - 

Request DefaultFullHttpRequest(decodeResult: success, version: HTTP/1.1, content: EmptyByteBufBE)
GET /session/d5eddacf51586082cf4b912e3e7dd951/element/a311e03c-2798-4ea9-9d39-ab0d1527179c/name HTTP/1.1
User-Agent: selenium/4.1.2 (java windows)
Cache-Control: no-cache
Content-Type: application/json; charset=utf-8
host: localhost:62067
accept: */*

Response DefaultHttpResponse(decodeResult: success, version: HTTP/1.1)
HTTP/1.1 200 OK
Content-Type: application/json; charset=utf-8
cache-control: no-cache
content-length: 18

17:49:02.657 [AsyncHttpClient-1-29] DEBUG org.asynchttpclient.netty.channel.ChannelManager - Adding key: http://localhost:62067 for channel [id: 0xfbe34a9c, L:/127.0.0.1:56692 - R:localhost/127.0.0.1:62067]
17:49:02.660 [Forwarding isElementEnabled on session d5eddacf51586082cf4b912e3e7dd951 to remote] DEBUG org.asynchttpclient.netty.request.NettyRequestSender - Using pooled Channel '[id: 0xfbe34a9c, L:/127.0.0.1:56692 - R:localhost/127.0.0.1:62067]' for 'GET' to 'http://localhost:62067/session/d5eddacf51586082cf4b912e3e7dd951/element/a311e03c-2798-4ea9-9d39-ab0d1527179c/enabled'
17:49:02.660 [Forwarding isElementEnabled on session d5eddacf51586082cf4b912e3e7dd951 to remote] DEBUG org.asynchttpclient.netty.request.NettyRequestSender - Using open Channel [id: 0xfbe34a9c, L:/127.0.0.1:56692 - R:localhost/127.0.0.1:62067] for GET '/session/d5eddacf51586082cf4b912e3e7dd951/element/a311e03c-2798-4ea9-9d39-ab0d1527179c/enabled'
17:49:02.673 [AsyncHttpClient-1-29] DEBUG org.asynchttpclient.netty.handler.HttpHandler - 

Request DefaultFullHttpRequest(decodeResult: success, version: HTTP/1.1, content: EmptyByteBufBE)
GET /session/d5eddacf51586082cf4b912e3e7dd951/element/a311e03c-2798-4ea9-9d39-ab0d1527179c/enabled HTTP/1.1
User-Agent: selenium/4.1.2 (java windows)
Cache-Control: no-cache
Content-Type: application/json; charset=utf-8
host: localhost:62067
accept: */*

Response DefaultHttpResponse(decodeResult: success, version: HTTP/1.1)
HTTP/1.1 200 OK
Content-Type: application/json; charset=utf-8
cache-control: no-cache
content-length: 14

17:49:02.673 [AsyncHttpClient-1-29] DEBUG org.asynchttpclient.netty.channel.ChannelManager - Adding key: http://localhost:62067 for channel [id: 0xfbe34a9c, L:/127.0.0.1:56692 - R:localhost/127.0.0.1:62067]
17:49:02.674 [Forwarding isElementEnabled on session d5eddacf51586082cf4b912e3e7dd951 to remote] DEBUG org.asynchttpclient.netty.request.NettyRequestSender - Using pooled Channel '[id: 0xfbe34a9c, L:/127.0.0.1:56692 - R:localhost/127.0.0.1:62067]' for 'GET' to 'http://localhost:62067/session/d5eddacf51586082cf4b912e3e7dd951/element/a311e03c-2798-4ea9-9d39-ab0d1527179c/enabled'
17:49:02.674 [Forwarding isElementEnabled on session d5eddacf51586082cf4b912e3e7dd951 to remote] DEBUG org.asynchttpclient.netty.request.NettyRequestSender - Using open Channel [id: 0xfbe34a9c, L:/127.0.0.1:56692 - R:localhost/127.0.0.1:62067] for GET '/session/d5eddacf51586082cf4b912e3e7dd951/element/a311e03c-2798-4ea9-9d39-ab0d1527179c/enabled'
17:49:02.681 [AsyncHttpClient-1-29] DEBUG org.asynchttpclient.netty.handler.HttpHandler - 

Request DefaultFullHttpRequest(decodeResult: success, version: HTTP/1.1, content: EmptyByteBufBE)
GET /session/d5eddacf51586082cf4b912e3e7dd951/element/a311e03c-2798-4ea9-9d39-ab0d1527179c/enabled HTTP/1.1
User-Agent: selenium/4.1.2 (java windows)
Cache-Control: no-cache
Content-Type: application/json; charset=utf-8
host: localhost:62067
accept: */*

Response DefaultHttpResponse(decodeResult: success, version: HTTP/1.1)
HTTP/1.1 200 OK
Content-Type: application/json; charset=utf-8
cache-control: no-cache
content-length: 14

17:49:02.682 [AsyncHttpClient-1-29] DEBUG org.asynchttpclient.netty.channel.ChannelManager - Adding key: http://localhost:62067 for channel [id: 0xfbe34a9c, L:/127.0.0.1:56692 - R:localhost/127.0.0.1:62067]
17:49:02.687 [Forwarding findElement on session d5eddacf51586082cf4b912e3e7dd951 to remote] DEBUG org.asynchttpclient.netty.request.NettyRequestSender - Using pooled Channel '[id: 0xfbe34a9c, L:/127.0.0.1:56692 - R:localhost/127.0.0.1:62067]' for 'POST' to 'http://localhost:62067/session/d5eddacf51586082cf4b912e3e7dd951/element'
17:49:02.687 [Forwarding findElement on session d5eddacf51586082cf4b912e3e7dd951 to remote] DEBUG org.asynchttpclient.netty.request.NettyRequestSender - Using open Channel [id: 0xfbe34a9c, L:/127.0.0.1:56692 - R:localhost/127.0.0.1:62067] for POST '/session/d5eddacf51586082cf4b912e3e7dd951/element'
17:49:02.695 [AsyncHttpClient-1-29] DEBUG org.asynchttpclient.netty.handler.HttpHandler - 

Request DefaultHttpRequest(decodeResult: success, version: HTTP/1.1)
POST /session/d5eddacf51586082cf4b912e3e7dd951/element HTTP/1.1
User-Agent: selenium/4.1.2 (java windows)
Content-Length: 315
Content-Type: application/json; charset=utf-8
host: localhost:62067
accept: */*

Response DefaultHttpResponse(decodeResult: success, version: HTTP/1.1)
HTTP/1.1 200 OK
Content-Type: application/json; charset=utf-8
cache-control: no-cache
content-length: 88

17:49:02.695 [AsyncHttpClient-1-29] DEBUG org.asynchttpclient.netty.channel.ChannelManager - Adding key: http://localhost:62067 for channel [id: 0xfbe34a9c, L:/127.0.0.1:56692 - R:localhost/127.0.0.1:62067]
17:49:02.696 [Forwarding clickElement on session d5eddacf51586082cf4b912e3e7dd951 to remote] DEBUG org.asynchttpclient.netty.request.NettyRequestSender - Using pooled Channel '[id: 0xfbe34a9c, L:/127.0.0.1:56692 - R:localhost/127.0.0.1:62067]' for 'POST' to 'http://localhost:62067/session/d5eddacf51586082cf4b912e3e7dd951/element/a311e03c-2798-4ea9-9d39-ab0d1527179c/click'
17:49:02.696 [Forwarding clickElement on session d5eddacf51586082cf4b912e3e7dd951 to remote] DEBUG org.asynchttpclient.netty.request.NettyRequestSender - Using open Channel [id: 0xfbe34a9c, L:/127.0.0.1:56692 - R:localhost/127.0.0.1:62067] for POST '/session/d5eddacf51586082cf4b912e3e7dd951/element/a311e03c-2798-4ea9-9d39-ab0d1527179c/click'
17:49:02.821 [AsyncHttpClient-1-29] DEBUG org.asynchttpclient.netty.handler.HttpHandler - 

Request DefaultHttpRequest(decodeResult: success, version: HTTP/1.1)
POST /session/d5eddacf51586082cf4b912e3e7dd951/element/a311e03c-2798-4ea9-9d39-ab0d1527179c/click HTTP/1.1
User-Agent: selenium/4.1.2 (java windows)
Content-Length: 50
Content-Type: application/json; charset=utf-8
host: localhost:62067
accept: */*

Response DefaultHttpResponse(decodeResult: success, version: HTTP/1.1)
HTTP/1.1 200 OK
Content-Type: application/json; charset=utf-8
cache-control: no-cache
content-length: 14

17:49:02.821 [AsyncHttpClient-1-29] DEBUG org.asynchttpclient.netty.channel.ChannelManager - Adding key: http://localhost:62067 for channel [id: 0xfbe34a9c, L:/127.0.0.1:56692 - R:localhost/127.0.0.1:62067]
17:49:02.828 [Forwarding findElement on session d5eddacf51586082cf4b912e3e7dd951 to remote] DEBUG org.asynchttpclient.netty.request.NettyRequestSender - Using pooled Channel '[id: 0xfbe34a9c, L:/127.0.0.1:56692 - R:localhost/127.0.0.1:62067]' for 'POST' to 'http://localhost:62067/session/d5eddacf51586082cf4b912e3e7dd951/element'
17:49:02.828 [Forwarding findElement on session d5eddacf51586082cf4b912e3e7dd951 to remote] DEBUG org.asynchttpclient.netty.request.NettyRequestSender - Using open Channel [id: 0xfbe34a9c, L:/127.0.0.1:56692 - R:localhost/127.0.0.1:62067] for POST '/session/d5eddacf51586082cf4b912e3e7dd951/element'
17:49:02.844 [AsyncHttpClient-1-29] DEBUG org.asynchttpclient.netty.handler.HttpHandler - 

Request DefaultHttpRequest(decodeResult: success, version: HTTP/1.1)
POST /session/d5eddacf51586082cf4b912e3e7dd951/element HTTP/1.1
User-Agent: selenium/4.1.2 (java windows)
Content-Length: 69
Content-Type: application/json; charset=utf-8
host: localhost:62067
accept: */*

Response DefaultHttpResponse(decodeResult: success, version: HTTP/1.1)
HTTP/1.1 200 OK
Content-Type: application/json; charset=utf-8
cache-control: no-cache
content-length: 88

17:49:02.845 [AsyncHttpClient-1-29] DEBUG org.asynchttpclient.netty.channel.ChannelManager - Adding key: http://localhost:62067 for channel [id: 0xfbe34a9c, L:/127.0.0.1:56692 - R:localhost/127.0.0.1:62067]
17:49:02.846 [Forwarding clearElement on session d5eddacf51586082cf4b912e3e7dd951 to remote] DEBUG org.asynchttpclient.netty.request.NettyRequestSender - Using pooled Channel '[id: 0xfbe34a9c, L:/127.0.0.1:56692 - R:localhost/127.0.0.1:62067]' for 'POST' to 'http://localhost:62067/session/d5eddacf51586082cf4b912e3e7dd951/element/db0a1ee7-0f30-48c2-a7bf-2f24e24c2c7c/clear'
17:49:02.846 [Forwarding clearElement on session d5eddacf51586082cf4b912e3e7dd951 to remote] DEBUG org.asynchttpclient.netty.request.NettyRequestSender - Using open Channel [id: 0xfbe34a9c, L:/127.0.0.1:56692 - R:localhost/127.0.0.1:62067] for POST '/session/d5eddacf51586082cf4b912e3e7dd951/element/db0a1ee7-0f30-48c2-a7bf-2f24e24c2c7c/clear'
17:49:02.895 [AsyncHttpClient-1-29] DEBUG org.asynchttpclient.netty.handler.HttpHandler - 

Request DefaultHttpRequest(decodeResult: success, version: HTTP/1.1)
POST /session/d5eddacf51586082cf4b912e3e7dd951/element/db0a1ee7-0f30-48c2-a7bf-2f24e24c2c7c/clear HTTP/1.1
User-Agent: selenium/4.1.2 (java windows)
Content-Length: 50
Content-Type: application/json; charset=utf-8
host: localhost:62067
accept: */*

Response DefaultHttpResponse(decodeResult: success, version: HTTP/1.1)
HTTP/1.1 200 OK
Content-Type: application/json; charset=utf-8
cache-control: no-cache
content-length: 14

17:49:02.895 [AsyncHttpClient-1-29] DEBUG org.asynchttpclient.netty.channel.ChannelManager - Adding key: http://localhost:62067 for channel [id: 0xfbe34a9c, L:/127.0.0.1:56692 - R:localhost/127.0.0.1:62067]
17:49:02.897 [Forwarding sendKeysToElement on session d5eddacf51586082cf4b912e3e7dd951 to remote] DEBUG org.asynchttpclient.netty.request.NettyRequestSender - Using pooled Channel '[id: 0xfbe34a9c, L:/127.0.0.1:56692 - R:localhost/127.0.0.1:62067]' for 'POST' to 'http://localhost:62067/session/d5eddacf51586082cf4b912e3e7dd951/element/db0a1ee7-0f30-48c2-a7bf-2f24e24c2c7c/value'
17:49:02.897 [Forwarding sendKeysToElement on session d5eddacf51586082cf4b912e3e7dd951 to remote] DEBUG org.asynchttpclient.netty.request.NettyRequestSender - Using open Channel [id: 0xfbe34a9c, L:/127.0.0.1:56692 - R:localhost/127.0.0.1:62067] for POST '/session/d5eddacf51586082cf4b912e3e7dd951/element/db0a1ee7-0f30-48c2-a7bf-2f24e24c2c7c/value'
17:49:03.224 [AsyncHttpClient-1-29] DEBUG org.asynchttpclient.netty.handler.HttpHandler - 

Request DefaultHttpRequest(decodeResult: success, version: HTTP/1.1)
POST /session/d5eddacf51586082cf4b912e3e7dd951/element/db0a1ee7-0f30-48c2-a7bf-2f24e24c2c7c/value HTTP/1.1
User-Agent: selenium/4.1.2 (java windows)
Content-Length: 411
Content-Type: application/json; charset=utf-8
host: localhost:62067
accept: */*

Response DefaultHttpResponse(decodeResult: success, version: HTTP/1.1)
HTTP/1.1 200 OK
Content-Type: application/json; charset=utf-8
cache-control: no-cache
content-length: 14

17:49:03.224 [AsyncHttpClient-1-29] DEBUG org.asynchttpclient.netty.channel.ChannelManager - Adding key: http://localhost:62067 for channel [id: 0xfbe34a9c, L:/127.0.0.1:56692 - R:localhost/127.0.0.1:62067]
17:49:03.230 [Forwarding findElement on session d5eddacf51586082cf4b912e3e7dd951 to remote] DEBUG org.asynchttpclient.netty.request.NettyRequestSender - Using pooled Channel '[id: 0xfbe34a9c, L:/127.0.0.1:56692 - R:localhost/127.0.0.1:62067]' for 'POST' to 'http://localhost:62067/session/d5eddacf51586082cf4b912e3e7dd951/element'
17:49:03.230 [Forwarding findElement on session d5eddacf51586082cf4b912e3e7dd951 to remote] DEBUG org.asynchttpclient.netty.request.NettyRequestSender - Using open Channel [id: 0xfbe34a9c, L:/127.0.0.1:56692 - R:localhost/127.0.0.1:62067] for POST '/session/d5eddacf51586082cf4b912e3e7dd951/element'
17:49:03.252 [AsyncHttpClient-1-29] DEBUG org.asynchttpclient.netty.handler.HttpHandler - 

Request DefaultHttpRequest(decodeResult: success, version: HTTP/1.1)
POST /session/d5eddacf51586082cf4b912e3e7dd951/element HTTP/1.1
User-Agent: selenium/4.1.2 (java windows)
Content-Length: 72
Content-Type: application/json; charset=utf-8
host: localhost:62067
accept: */*

Response DefaultHttpResponse(decodeResult: success, version: HTTP/1.1)
HTTP/1.1 200 OK
Content-Type: application/json; charset=utf-8
cache-control: no-cache
content-length: 88

17:49:03.253 [AsyncHttpClient-1-29] DEBUG org.asynchttpclient.netty.channel.ChannelManager - Adding key: http://localhost:62067 for channel [id: 0xfbe34a9c, L:/127.0.0.1:56692 - R:localhost/127.0.0.1:62067]
17:49:03.254 [Forwarding clearElement on session d5eddacf51586082cf4b912e3e7dd951 to remote] DEBUG org.asynchttpclient.netty.request.NettyRequestSender - Using pooled Channel '[id: 0xfbe34a9c, L:/127.0.0.1:56692 - R:localhost/127.0.0.1:62067]' for 'POST' to 'http://localhost:62067/session/d5eddacf51586082cf4b912e3e7dd951/element/149ad67d-7c1a-49ef-9df1-03818d5e2352/clear'
17:49:03.254 [Forwarding clearElement on session d5eddacf51586082cf4b912e3e7dd951 to remote] DEBUG org.asynchttpclient.netty.request.NettyRequestSender - Using open Channel [id: 0xfbe34a9c, L:/127.0.0.1:56692 - R:localhost/127.0.0.1:62067] for POST '/session/d5eddacf51586082cf4b912e3e7dd951/element/149ad67d-7c1a-49ef-9df1-03818d5e2352/clear'
17:49:03.310 [AsyncHttpClient-1-29] DEBUG org.asynchttpclient.netty.handler.HttpHandler - 

Request DefaultHttpRequest(decodeResult: success, version: HTTP/1.1)
POST /session/d5eddacf51586082cf4b912e3e7dd951/element/149ad67d-7c1a-49ef-9df1-03818d5e2352/clear HTTP/1.1
User-Agent: selenium/4.1.2 (java windows)
Content-Length: 50
Content-Type: application/json; charset=utf-8
host: localhost:62067
accept: */*

Response DefaultHttpResponse(decodeResult: success, version: HTTP/1.1)
HTTP/1.1 200 OK
Content-Type: application/json; charset=utf-8
cache-control: no-cache
content-length: 14

17:49:03.311 [AsyncHttpClient-1-29] DEBUG org.asynchttpclient.netty.channel.ChannelManager - Adding key: http://localhost:62067 for channel [id: 0xfbe34a9c, L:/127.0.0.1:56692 - R:localhost/127.0.0.1:62067]
17:49:03.313 [Forwarding sendKeysToElement on session d5eddacf51586082cf4b912e3e7dd951 to remote] DEBUG org.asynchttpclient.netty.request.NettyRequestSender - Using pooled Channel '[id: 0xfbe34a9c, L:/127.0.0.1:56692 - R:localhost/127.0.0.1:62067]' for 'POST' to 'http://localhost:62067/session/d5eddacf51586082cf4b912e3e7dd951/element/149ad67d-7c1a-49ef-9df1-03818d5e2352/value'
17:49:03.313 [Forwarding sendKeysToElement on session d5eddacf51586082cf4b912e3e7dd951 to remote] DEBUG org.asynchttpclient.netty.request.NettyRequestSender - Using open Channel [id: 0xfbe34a9c, L:/127.0.0.1:56692 - R:localhost/127.0.0.1:62067] for POST '/session/d5eddacf51586082cf4b912e3e7dd951/element/149ad67d-7c1a-49ef-9df1-03818d5e2352/value'
17:49:03.518 [AsyncHttpClient-1-1] DEBUG org.asynchttpclient.netty.channel.DefaultChannelPool - Entry count for : http://localhost:56693 : 1
17:49:03.530 [AsyncHttpClient-1-29] DEBUG org.asynchttpclient.netty.handler.HttpHandler - 

Request DefaultHttpRequest(decodeResult: success, version: HTTP/1.1)
POST /session/d5eddacf51586082cf4b912e3e7dd951/element/149ad67d-7c1a-49ef-9df1-03818d5e2352/value HTTP/1.1
User-Agent: selenium/4.1.2 (java windows)
Content-Length: 241
Content-Type: application/json; charset=utf-8
host: localhost:62067
accept: */*

Response DefaultHttpResponse(decodeResult: success, version: HTTP/1.1)
HTTP/1.1 200 OK
Content-Type: application/json; charset=utf-8
cache-control: no-cache
content-length: 14

17:49:03.530 [AsyncHttpClient-1-29] DEBUG org.asynchttpclient.netty.channel.ChannelManager - Adding key: http://localhost:62067 for channel [id: 0xfbe34a9c, L:/127.0.0.1:56692 - R:localhost/127.0.0.1:62067]
17:49:03.544 [Forwarding findElement on session d5eddacf51586082cf4b912e3e7dd951 to remote] DEBUG org.asynchttpclient.netty.request.NettyRequestSender - Using pooled Channel '[id: 0xfbe34a9c, L:/127.0.0.1:56692 - R:localhost/127.0.0.1:62067]' for 'POST' to 'http://localhost:62067/session/d5eddacf51586082cf4b912e3e7dd951/element'
17:49:03.544 [Forwarding findElement on session d5eddacf51586082cf4b912e3e7dd951 to remote] DEBUG org.asynchttpclient.netty.request.NettyRequestSender - Using open Channel [id: 0xfbe34a9c, L:/127.0.0.1:56692 - R:localhost/127.0.0.1:62067] for POST '/session/d5eddacf51586082cf4b912e3e7dd951/element'
17:49:03.563 [AsyncHttpClient-1-29] DEBUG org.asynchttpclient.netty.handler.HttpHandler - 

Request DefaultHttpRequest(decodeResult: success, version: HTTP/1.1)
POST /session/d5eddacf51586082cf4b912e3e7dd951/element HTTP/1.1
User-Agent: selenium/4.1.2 (java windows)
Content-Length: 321
Content-Type: application/json; charset=utf-8
host: localhost:62067
accept: */*

Response DefaultHttpResponse(decodeResult: success, version: HTTP/1.1)
HTTP/1.1 200 OK
Content-Type: application/json; charset=utf-8
cache-control: no-cache
content-length: 88

17:49:03.564 [AsyncHttpClient-1-29] DEBUG org.asynchttpclient.netty.channel.ChannelManager - Adding key: http://localhost:62067 for channel [id: 0xfbe34a9c, L:/127.0.0.1:56692 - R:localhost/127.0.0.1:62067]
17:49:03.566 [Forwarding getElementTagName on session d5eddacf51586082cf4b912e3e7dd951 to remote] DEBUG org.asynchttpclient.netty.request.NettyRequestSender - Using pooled Channel '[id: 0xfbe34a9c, L:/127.0.0.1:56692 - R:localhost/127.0.0.1:62067]' for 'GET' to 'http://localhost:62067/session/d5eddacf51586082cf4b912e3e7dd951/element/2963972f-f356-4350-897f-de6d2bd5e9d1/name'
17:49:03.566 [Forwarding getElementTagName on session d5eddacf51586082cf4b912e3e7dd951 to remote] DEBUG org.asynchttpclient.netty.request.NettyRequestSender - Using open Channel [id: 0xfbe34a9c, L:/127.0.0.1:56692 - R:localhost/127.0.0.1:62067] for GET '/session/d5eddacf51586082cf4b912e3e7dd951/element/2963972f-f356-4350-897f-de6d2bd5e9d1/name'
17:49:03.575 [AsyncHttpClient-1-29] DEBUG org.asynchttpclient.netty.handler.HttpHandler - 

Request DefaultFullHttpRequest(decodeResult: success, version: HTTP/1.1, content: EmptyByteBufBE)
GET /session/d5eddacf51586082cf4b912e3e7dd951/element/2963972f-f356-4350-897f-de6d2bd5e9d1/name HTTP/1.1
User-Agent: selenium/4.1.2 (java windows)
Cache-Control: no-cache
Content-Type: application/json; charset=utf-8
host: localhost:62067
accept: */*

Response DefaultHttpResponse(decodeResult: success, version: HTTP/1.1)
HTTP/1.1 200 OK
Content-Type: application/json; charset=utf-8
cache-control: no-cache
content-length: 18

17:49:03.576 [AsyncHttpClient-1-29] DEBUG org.asynchttpclient.netty.channel.ChannelManager - Adding key: http://localhost:62067 for channel [id: 0xfbe34a9c, L:/127.0.0.1:56692 - R:localhost/127.0.0.1:62067]
17:49:03.577 [Forwarding getElementTagName on session d5eddacf51586082cf4b912e3e7dd951 to remote] DEBUG org.asynchttpclient.netty.request.NettyRequestSender - Using pooled Channel '[id: 0xfbe34a9c, L:/127.0.0.1:56692 - R:localhost/127.0.0.1:62067]' for 'GET' to 'http://localhost:62067/session/d5eddacf51586082cf4b912e3e7dd951/element/2963972f-f356-4350-897f-de6d2bd5e9d1/name'
17:49:03.577 [Forwarding getElementTagName on session d5eddacf51586082cf4b912e3e7dd951 to remote] DEBUG org.asynchttpclient.netty.request.NettyRequestSender - Using open Channel [id: 0xfbe34a9c, L:/127.0.0.1:56692 - R:localhost/127.0.0.1:62067] for GET '/session/d5eddacf51586082cf4b912e3e7dd951/element/2963972f-f356-4350-897f-de6d2bd5e9d1/name'
17:49:03.581 [AsyncHttpClient-1-29] DEBUG org.asynchttpclient.netty.handler.HttpHandler - 

Request DefaultFullHttpRequest(decodeResult: success, version: HTTP/1.1, content: EmptyByteBufBE)
GET /session/d5eddacf51586082cf4b912e3e7dd951/element/2963972f-f356-4350-897f-de6d2bd5e9d1/name HTTP/1.1
User-Agent: selenium/4.1.2 (java windows)
Cache-Control: no-cache
Content-Type: application/json; charset=utf-8
host: localhost:62067
accept: */*

Response DefaultHttpResponse(decodeResult: success, version: HTTP/1.1)
HTTP/1.1 200 OK
Content-Type: application/json; charset=utf-8
cache-control: no-cache
content-length: 18

17:49:03.581 [AsyncHttpClient-1-29] DEBUG org.asynchttpclient.netty.channel.ChannelManager - Adding key: http://localhost:62067 for channel [id: 0xfbe34a9c, L:/127.0.0.1:56692 - R:localhost/127.0.0.1:62067]
17:49:03.584 [Forwarding isElementEnabled on session d5eddacf51586082cf4b912e3e7dd951 to remote] DEBUG org.asynchttpclient.netty.request.NettyRequestSender - Using pooled Channel '[id: 0xfbe34a9c, L:/127.0.0.1:56692 - R:localhost/127.0.0.1:62067]' for 'GET' to 'http://localhost:62067/session/d5eddacf51586082cf4b912e3e7dd951/element/2963972f-f356-4350-897f-de6d2bd5e9d1/enabled'
17:49:03.584 [Forwarding isElementEnabled on session d5eddacf51586082cf4b912e3e7dd951 to remote] DEBUG org.asynchttpclient.netty.request.NettyRequestSender - Using open Channel [id: 0xfbe34a9c, L:/127.0.0.1:56692 - R:localhost/127.0.0.1:62067] for GET '/session/d5eddacf51586082cf4b912e3e7dd951/element/2963972f-f356-4350-897f-de6d2bd5e9d1/enabled'
17:49:03.602 [AsyncHttpClient-1-29] DEBUG org.asynchttpclient.netty.handler.HttpHandler - 

Request DefaultFullHttpRequest(decodeResult: success, version: HTTP/1.1, content: EmptyByteBufBE)
GET /session/d5eddacf51586082cf4b912e3e7dd951/element/2963972f-f356-4350-897f-de6d2bd5e9d1/enabled HTTP/1.1
User-Agent: selenium/4.1.2 (java windows)
Cache-Control: no-cache
Content-Type: application/json; charset=utf-8
host: localhost:62067
accept: */*

Response DefaultHttpResponse(decodeResult: success, version: HTTP/1.1)
HTTP/1.1 200 OK
Content-Type: application/json; charset=utf-8
cache-control: no-cache
content-length: 14

17:49:03.603 [AsyncHttpClient-1-29] DEBUG org.asynchttpclient.netty.channel.ChannelManager - Adding key: http://localhost:62067 for channel [id: 0xfbe34a9c, L:/127.0.0.1:56692 - R:localhost/127.0.0.1:62067]
17:49:03.605 [Forwarding isElementEnabled on session d5eddacf51586082cf4b912e3e7dd951 to remote] DEBUG org.asynchttpclient.netty.request.NettyRequestSender - Using pooled Channel '[id: 0xfbe34a9c, L:/127.0.0.1:56692 - R:localhost/127.0.0.1:62067]' for 'GET' to 'http://localhost:62067/session/d5eddacf51586082cf4b912e3e7dd951/element/2963972f-f356-4350-897f-de6d2bd5e9d1/enabled'
17:49:03.605 [Forwarding isElementEnabled on session d5eddacf51586082cf4b912e3e7dd951 to remote] DEBUG org.asynchttpclient.netty.request.NettyRequestSender - Using open Channel [id: 0xfbe34a9c, L:/127.0.0.1:56692 - R:localhost/127.0.0.1:62067] for GET '/session/d5eddacf51586082cf4b912e3e7dd951/element/2963972f-f356-4350-897f-de6d2bd5e9d1/enabled'
17:49:03.619 [AsyncHttpClient-1-29] DEBUG org.asynchttpclient.netty.handler.HttpHandler - 

Request DefaultFullHttpRequest(decodeResult: success, version: HTTP/1.1, content: EmptyByteBufBE)
GET /session/d5eddacf51586082cf4b912e3e7dd951/element/2963972f-f356-4350-897f-de6d2bd5e9d1/enabled HTTP/1.1
User-Agent: selenium/4.1.2 (java windows)
Cache-Control: no-cache
Content-Type: application/json; charset=utf-8
host: localhost:62067
accept: */*

Response DefaultHttpResponse(decodeResult: success, version: HTTP/1.1)
HTTP/1.1 200 OK
Content-Type: application/json; charset=utf-8
cache-control: no-cache
content-length: 14

17:49:03.619 [AsyncHttpClient-1-29] DEBUG org.asynchttpclient.netty.channel.ChannelManager - Adding key: http://localhost:62067 for channel [id: 0xfbe34a9c, L:/127.0.0.1:56692 - R:localhost/127.0.0.1:62067]
17:49:03.621 [Forwarding findElement on session d5eddacf51586082cf4b912e3e7dd951 to remote] DEBUG org.asynchttpclient.netty.request.NettyRequestSender - Using pooled Channel '[id: 0xfbe34a9c, L:/127.0.0.1:56692 - R:localhost/127.0.0.1:62067]' for 'POST' to 'http://localhost:62067/session/d5eddacf51586082cf4b912e3e7dd951/element'
17:49:03.621 [Forwarding findElement on session d5eddacf51586082cf4b912e3e7dd951 to remote] DEBUG org.asynchttpclient.netty.request.NettyRequestSender - Using open Channel [id: 0xfbe34a9c, L:/127.0.0.1:56692 - R:localhost/127.0.0.1:62067] for POST '/session/d5eddacf51586082cf4b912e3e7dd951/element'
17:49:03.630 [AsyncHttpClient-1-29] DEBUG org.asynchttpclient.netty.handler.HttpHandler - 

Request DefaultHttpRequest(decodeResult: success, version: HTTP/1.1)
POST /session/d5eddacf51586082cf4b912e3e7dd951/element HTTP/1.1
User-Agent: selenium/4.1.2 (java windows)
Content-Length: 321
Content-Type: application/json; charset=utf-8
host: localhost:62067
accept: */*

Response DefaultHttpResponse(decodeResult: success, version: HTTP/1.1)
HTTP/1.1 200 OK
Content-Type: application/json; charset=utf-8
cache-control: no-cache
content-length: 88

17:49:03.630 [AsyncHttpClient-1-29] DEBUG org.asynchttpclient.netty.channel.ChannelManager - Adding key: http://localhost:62067 for channel [id: 0xfbe34a9c, L:/127.0.0.1:56692 - R:localhost/127.0.0.1:62067]
17:49:03.631 [Forwarding clickElement on session d5eddacf51586082cf4b912e3e7dd951 to remote] DEBUG org.asynchttpclient.netty.request.NettyRequestSender - Using pooled Channel '[id: 0xfbe34a9c, L:/127.0.0.1:56692 - R:localhost/127.0.0.1:62067]' for 'POST' to 'http://localhost:62067/session/d5eddacf51586082cf4b912e3e7dd951/element/2963972f-f356-4350-897f-de6d2bd5e9d1/click'
17:49:03.632 [Forwarding clickElement on session d5eddacf51586082cf4b912e3e7dd951 to remote] DEBUG org.asynchttpclient.netty.request.NettyRequestSender - Using open Channel [id: 0xfbe34a9c, L:/127.0.0.1:56692 - R:localhost/127.0.0.1:62067] for POST '/session/d5eddacf51586082cf4b912e3e7dd951/element/2963972f-f356-4350-897f-de6d2bd5e9d1/click'
17:49:03.712 [AsyncHttpClient-1-29] DEBUG org.asynchttpclient.netty.handler.HttpHandler - 

Request DefaultHttpRequest(decodeResult: success, version: HTTP/1.1)
POST /session/d5eddacf51586082cf4b912e3e7dd951/element/2963972f-f356-4350-897f-de6d2bd5e9d1/click HTTP/1.1
User-Agent: selenium/4.1.2 (java windows)
Content-Length: 50
Content-Type: application/json; charset=utf-8
host: localhost:62067
accept: */*

Response DefaultHttpResponse(decodeResult: success, version: HTTP/1.1)
HTTP/1.1 200 OK
Content-Type: application/json; charset=utf-8
cache-control: no-cache
content-length: 14

17:49:03.712 [AsyncHttpClient-1-29] DEBUG org.asynchttpclient.netty.channel.ChannelManager - Adding key: http://localhost:62067 for channel [id: 0xfbe34a9c, L:/127.0.0.1:56692 - R:localhost/127.0.0.1:62067]
  &amp#27;[32mAnd &amp#27;[0m&amp#27;[32mI have logged in&amp#27;[0m                          &amp#27;[90m# starter.stepdefinitions.ManageVaccinationBookingsSteps.iHaveLoggedIn()&amp#27;[0m
17:49:03.721 [Forwarding screenshot on session d5eddacf51586082cf4b912e3e7dd951 to remote] DEBUG org.asynchttpclient.netty.request.NettyRequestSender - Using pooled Channel '[id: 0xfbe34a9c, L:/127.0.0.1:56692 - R:localhost/127.0.0.1:62067]' for 'GET' to 'http://localhost:62067/session/d5eddacf51586082cf4b912e3e7dd951/screenshot'
17:49:03.722 [Forwarding screenshot on session d5eddacf51586082cf4b912e3e7dd951 to remote] DEBUG org.asynchttpclient.netty.request.NettyRequestSender - Using open Channel [id: 0xfbe34a9c, L:/127.0.0.1:56692 - R:localhost/127.0.0.1:62067] for GET '/session/d5eddacf51586082cf4b912e3e7dd951/screenshot'
17:49:04.055 [AsyncHttpClient-1-29] DEBUG org.asynchttpclient.netty.handler.HttpHandler - 

Request DefaultFullHttpRequest(decodeResult: success, version: HTTP/1.1, content: EmptyByteBufBE)
GET /session/d5eddacf51586082cf4b912e3e7dd951/screenshot HTTP/1.1
User-Agent: selenium/4.1.2 (java windows)
Cache-Control: no-cache
Content-Type: application/json; charset=utf-8
host: localhost:62067
accept: */*

Response DefaultHttpResponse(decodeResult: success, version: HTTP/1.1)
HTTP/1.1 200 OK
Content-Type: application/json; charset=utf-8
cache-control: no-cache
content-length: 115916

17:49:04.055 [AsyncHttpClient-1-29] DEBUG org.asynchttpclient.netty.channel.ChannelManager - Adding key: http://localhost:62067 for channel [id: 0xfbe34a9c, L:/127.0.0.1:56692 - R:localhost/127.0.0.1:62067]
17:49:04.059 [main] DEBUG net.serenitybdd.core.photography.Darkroom - Send negative for processing for target\site\serenity\8b91b7d12b0b94da2893f8e335c9fc4f9d80dd1677957d6de9005ed2ac6b0cbb.png
17:49:04.060 [Darkroom Processing Line] DEBUG net.serenitybdd.core.photography.DarkroomProcessingLine - Processing screenshot image in /var/screenshots/screenshot-11095583740385611459
17:49:04.060 [Darkroom Processing Line] DEBUG net.serenitybdd.core.photography.DarkroomProcessingLine - Saving screenshot to target\site\serenity\8b91b7d12b0b94da2893f8e335c9fc4f9d80dd1677957d6de9005ed2ac6b0cbb.png
17:49:04.071 [Forwarding findElement on session d5eddacf51586082cf4b912e3e7dd951 to remote] DEBUG org.asynchttpclient.netty.request.NettyRequestSender - Using pooled Channel '[id: 0xfbe34a9c, L:/127.0.0.1:56692 - R:localhost/127.0.0.1:62067]' for 'POST' to 'http://localhost:62067/session/d5eddacf51586082cf4b912e3e7dd951/element'
17:49:04.071 [Forwarding findElement on session d5eddacf51586082cf4b912e3e7dd951 to remote] DEBUG org.asynchttpclient.netty.request.NettyRequestSender - Using open Channel [id: 0xfbe34a9c, L:/127.0.0.1:56692 - R:localhost/127.0.0.1:62067] for POST '/session/d5eddacf51586082cf4b912e3e7dd951/element'
17:49:04.247 [AsyncHttpClient-1-29] DEBUG org.asynchttpclient.netty.handler.HttpHandler - 

Request DefaultHttpRequest(decodeResult: success, version: HTTP/1.1)
POST /session/d5eddacf51586082cf4b912e3e7dd951/element HTTP/1.1
User-Agent: selenium/4.1.2 (java windows)
Content-Length: 80
Content-Type: application/json; charset=utf-8
host: localhost:62067
accept: */*

Response DefaultHttpResponse(decodeResult: success, version: HTTP/1.1)
HTTP/1.1 200 OK
Content-Type: application/json; charset=utf-8
cache-control: no-cache
content-length: 88

17:49:04.247 [AsyncHttpClient-1-29] DEBUG org.asynchttpclient.netty.channel.ChannelManager - Adding key: http://localhost:62067 for channel [id: 0xfbe34a9c, L:/127.0.0.1:56692 - R:localhost/127.0.0.1:62067]
17:49:04.251 [Forwarding getElementTagName on session d5eddacf51586082cf4b912e3e7dd951 to remote] DEBUG org.asynchttpclient.netty.request.NettyRequestSender - Using pooled Channel '[id: 0xfbe34a9c, L:/127.0.0.1:56692 - R:localhost/127.0.0.1:62067]' for 'GET' to 'http://localhost:62067/session/d5eddacf51586082cf4b912e3e7dd951/element/6e4a5c26-3643-499e-b7c2-10113dd679b4/name'
17:49:04.251 [Forwarding getElementTagName on session d5eddacf51586082cf4b912e3e7dd951 to remote] DEBUG org.asynchttpclient.netty.request.NettyRequestSender - Using open Channel [id: 0xfbe34a9c, L:/127.0.0.1:56692 - R:localhost/127.0.0.1:62067] for GET '/session/d5eddacf51586082cf4b912e3e7dd951/element/6e4a5c26-3643-499e-b7c2-10113dd679b4/name'
17:49:04.263 [AsyncHttpClient-1-29] DEBUG org.asynchttpclient.netty.handler.HttpHandler - 

Request DefaultFullHttpRequest(decodeResult: success, version: HTTP/1.1, content: EmptyByteBufBE)
GET /session/d5eddacf51586082cf4b912e3e7dd951/element/6e4a5c26-3643-499e-b7c2-10113dd679b4/name HTTP/1.1
User-Agent: selenium/4.1.2 (java windows)
Cache-Control: no-cache
Content-Type: application/json; charset=utf-8
host: localhost:62067
accept: */*

Response DefaultHttpResponse(decodeResult: success, version: HTTP/1.1)
HTTP/1.1 200 OK
Content-Type: application/json; charset=utf-8
cache-control: no-cache
content-length: 13

17:49:04.263 [AsyncHttpClient-1-29] DEBUG org.asynchttpclient.netty.channel.ChannelManager - Adding key: http://localhost:62067 for channel [id: 0xfbe34a9c, L:/127.0.0.1:56692 - R:localhost/127.0.0.1:62067]
17:49:04.265 [Forwarding getElementTagName on session d5eddacf51586082cf4b912e3e7dd951 to remote] DEBUG org.asynchttpclient.netty.request.NettyRequestSender - Using pooled Channel '[id: 0xfbe34a9c, L:/127.0.0.1:56692 - R:localhost/127.0.0.1:62067]' for 'GET' to 'http://localhost:62067/session/d5eddacf51586082cf4b912e3e7dd951/element/6e4a5c26-3643-499e-b7c2-10113dd679b4/name'
17:49:04.265 [Forwarding getElementTagName on session d5eddacf51586082cf4b912e3e7dd951 to remote] DEBUG org.asynchttpclient.netty.request.NettyRequestSender - Using open Channel [id: 0xfbe34a9c, L:/127.0.0.1:56692 - R:localhost/127.0.0.1:62067] for GET '/session/d5eddacf51586082cf4b912e3e7dd951/element/6e4a5c26-3643-499e-b7c2-10113dd679b4/name'
17:49:04.273 [AsyncHttpClient-1-29] DEBUG org.asynchttpclient.netty.handler.HttpHandler - 

Request DefaultFullHttpRequest(decodeResult: success, version: HTTP/1.1, content: EmptyByteBufBE)
GET /session/d5eddacf51586082cf4b912e3e7dd951/element/6e4a5c26-3643-499e-b7c2-10113dd679b4/name HTTP/1.1
User-Agent: selenium/4.1.2 (java windows)
Cache-Control: no-cache
Content-Type: application/json; charset=utf-8
host: localhost:62067
accept: */*

Response DefaultHttpResponse(decodeResult: success, version: HTTP/1.1)
HTTP/1.1 200 OK
Content-Type: application/json; charset=utf-8
cache-control: no-cache
content-length: 13

17:49:04.273 [AsyncHttpClient-1-29] DEBUG org.asynchttpclient.netty.channel.ChannelManager - Adding key: http://localhost:62067 for channel [id: 0xfbe34a9c, L:/127.0.0.1:56692 - R:localhost/127.0.0.1:62067]
17:49:04.276 [Forwarding findElement on session d5eddacf51586082cf4b912e3e7dd951 to remote] DEBUG org.asynchttpclient.netty.request.NettyRequestSender - Using pooled Channel '[id: 0xfbe34a9c, L:/127.0.0.1:56692 - R:localhost/127.0.0.1:62067]' for 'POST' to 'http://localhost:62067/session/d5eddacf51586082cf4b912e3e7dd951/element'
17:49:04.276 [Forwarding findElement on session d5eddacf51586082cf4b912e3e7dd951 to remote] DEBUG org.asynchttpclient.netty.request.NettyRequestSender - Using open Channel [id: 0xfbe34a9c, L:/127.0.0.1:56692 - R:localhost/127.0.0.1:62067] for POST '/session/d5eddacf51586082cf4b912e3e7dd951/element'
17:49:04.290 [AsyncHttpClient-1-29] DEBUG org.asynchttpclient.netty.handler.HttpHandler - 

Request DefaultHttpRequest(decodeResult: success, version: HTTP/1.1)
POST /session/d5eddacf51586082cf4b912e3e7dd951/element HTTP/1.1
User-Agent: selenium/4.1.2 (java windows)
Content-Length: 80
Content-Type: application/json; charset=utf-8
host: localhost:62067
accept: */*

Response DefaultHttpResponse(decodeResult: success, version: HTTP/1.1)
HTTP/1.1 200 OK
Content-Type: application/json; charset=utf-8
cache-control: no-cache
content-length: 88

17:49:04.290 [AsyncHttpClient-1-29] DEBUG org.asynchttpclient.netty.channel.ChannelManager - Adding key: http://localhost:62067 for channel [id: 0xfbe34a9c, L:/127.0.0.1:56692 - R:localhost/127.0.0.1:62067]
17:49:04.292 [Forwarding clickElement on session d5eddacf51586082cf4b912e3e7dd951 to remote] DEBUG org.asynchttpclient.netty.request.NettyRequestSender - Using pooled Channel '[id: 0xfbe34a9c, L:/127.0.0.1:56692 - R:localhost/127.0.0.1:62067]' for 'POST' to 'http://localhost:62067/session/d5eddacf51586082cf4b912e3e7dd951/element/6e4a5c26-3643-499e-b7c2-10113dd679b4/click'
17:49:04.292 [Forwarding clickElement on session d5eddacf51586082cf4b912e3e7dd951 to remote] DEBUG org.asynchttpclient.netty.request.NettyRequestSender - Using open Channel [id: 0xfbe34a9c, L:/127.0.0.1:56692 - R:localhost/127.0.0.1:62067] for POST '/session/d5eddacf51586082cf4b912e3e7dd951/element/6e4a5c26-3643-499e-b7c2-10113dd679b4/click'
17:49:04.454 [AsyncHttpClient-1-29] DEBUG org.asynchttpclient.netty.handler.HttpHandler - 

Request DefaultHttpRequest(decodeResult: success, version: HTTP/1.1)
POST /session/d5eddacf51586082cf4b912e3e7dd951/element/6e4a5c26-3643-499e-b7c2-10113dd679b4/click HTTP/1.1
User-Agent: selenium/4.1.2 (java windows)
Content-Length: 50
Content-Type: application/json; charset=utf-8
host: localhost:62067
accept: */*

Response DefaultHttpResponse(decodeResult: success, version: HTTP/1.1)
HTTP/1.1 200 OK
Content-Type: application/json; charset=utf-8
cache-control: no-cache
content-length: 14

17:49:04.455 [AsyncHttpClient-1-29] DEBUG org.asynchttpclient.netty.channel.ChannelManager - Adding key: http://localhost:62067 for channel [id: 0xfbe34a9c, L:/127.0.0.1:56692 - R:localhost/127.0.0.1:62067]
  &amp#27;[32mWhen &amp#27;[0m&amp#27;[32mI go to Book Vaksinasi page&amp#27;[0m              &amp#27;[90m# starter.stepdefinitions.ManageVaccinationBookingsSteps.iGoToBookVaksinasiPage()&amp#27;[0m
17:49:04.467 [Forwarding screenshot on session d5eddacf51586082cf4b912e3e7dd951 to remote] DEBUG org.asynchttpclient.netty.request.NettyRequestSender - Using pooled Channel '[id: 0xfbe34a9c, L:/127.0.0.1:56692 - R:localhost/127.0.0.1:62067]' for 'GET' to 'http://localhost:62067/session/d5eddacf51586082cf4b912e3e7dd951/screenshot'
17:49:04.467 [Forwarding screenshot on session d5eddacf51586082cf4b912e3e7dd951 to remote] DEBUG org.asynchttpclient.netty.request.NettyRequestSender - Using open Channel [id: 0xfbe34a9c, L:/127.0.0.1:56692 - R:localhost/127.0.0.1:62067] for GET '/session/d5eddacf51586082cf4b912e3e7dd951/screenshot'
17:49:04.614 [AsyncHttpClient-1-1] DEBUG org.asynchttpclient.netty.channel.DefaultChannelPool - Entry count for : http://localhost:56693 : 1
17:49:04.809 [AsyncHttpClient-1-29] DEBUG org.asynchttpclient.netty.handler.HttpHandler - 

Request DefaultFullHttpRequest(decodeResult: success, version: HTTP/1.1, content: EmptyByteBufBE)
GET /session/d5eddacf51586082cf4b912e3e7dd951/screenshot HTTP/1.1
User-Agent: selenium/4.1.2 (java windows)
Cache-Control: no-cache
Content-Type: application/json; charset=utf-8
host: localhost:62067
accept: */*

Response DefaultHttpResponse(decodeResult: success, version: HTTP/1.1)
HTTP/1.1 200 OK
Content-Type: application/json; charset=utf-8
cache-control: no-cache
content-length: 138064

17:49:04.810 [AsyncHttpClient-1-29] DEBUG org.asynchttpclient.netty.channel.ChannelManager - Adding key: http://localhost:62067 for channel [id: 0xfbe34a9c, L:/127.0.0.1:56692 - R:localhost/127.0.0.1:62067]
17:49:04.820 [main] DEBUG net.serenitybdd.core.photography.Darkroom - Send negative for processing for target\site\serenity\9bb251cf8181ef708a4667de83384e0698e7fd8e742ada4e77db98af5e8f4a43.png
17:49:04.820 [Darkroom Processing Line] DEBUG net.serenitybdd.core.photography.DarkroomProcessingLine - Processing screenshot image in /var/screenshots/screenshot-6659309789485596359
17:49:04.820 [Darkroom Processing Line] DEBUG net.serenitybdd.core.photography.DarkroomProcessingLine - Saving screenshot to target\site\serenity\9bb251cf8181ef708a4667de83384e0698e7fd8e742ada4e77db98af5e8f4a43.png
  &amp#27;[32mAnd &amp#27;[0m&amp#27;[32mI click the dots on the top right of page&amp#27;[0m &amp#27;[90m# starter.stepdefinitions.ManageVaccinationBookingsSteps.iClickTheDotsOnTheTopRightOfPage()&amp#27;[0m
  &amp#27;[32mAnd &amp#27;[0m&amp#27;[32mI click Dosis button&amp#27;[0m                      &amp#27;[90m# starter.stepdefinitions.ManageVaccinationBookingsSteps.iClickDosisButton()&amp#27;[0m
  &amp#27;[32mAnd &amp#27;[0m&amp#27;[32mI select dose&amp#27;[0m                             &amp#27;[90m# starter.stepdefinitions.ManageVaccinationBookingsSteps.iSelectDose()&amp#27;[0m
  &amp#27;[32mThen &amp#27;[0m&amp#27;[32mbookings will be sorted by dose&amp#27;[0m          &amp#27;[90m# starter.stepdefinitions.ManageVaccinationBookingsSteps.bookingsWillBeSortedByDose()&amp#27;[0m
17:49:04.873 [Forwarding screenshot on session d5eddacf51586082cf4b912e3e7dd951 to remote] DEBUG org.asynchttpclient.netty.request.NettyRequestSender - Using pooled Channel '[id: 0xfbe34a9c, L:/127.0.0.1:56692 - R:localhost/127.0.0.1:62067]' for 'GET' to 'http://localhost:62067/session/d5eddacf51586082cf4b912e3e7dd951/screenshot'
17:49:04.873 [Forwarding screenshot on session d5eddacf51586082cf4b912e3e7dd951 to remote] DEBUG org.asynchttpclient.netty.request.NettyRequestSender - Using open Channel [id: 0xfbe34a9c, L:/127.0.0.1:56692 - R:localhost/127.0.0.1:62067] for GET '/session/d5eddacf51586082cf4b912e3e7dd951/screenshot'
17:49:05.074 [AsyncHttpClient-1-29] DEBUG org.asynchttpclient.netty.handler.HttpHandler - 

Request DefaultFullHttpRequest(decodeResult: success, version: HTTP/1.1, content: EmptyByteBufBE)
GET /session/d5eddacf51586082cf4b912e3e7dd951/screenshot HTTP/1.1
User-Agent: selenium/4.1.2 (java windows)
Cache-Control: no-cache
Content-Type: application/json; charset=utf-8
host: localhost:62067
accept: */*

Response DefaultHttpResponse(decodeResult: success, version: HTTP/1.1)
HTTP/1.1 200 OK
Content-Type: application/json; charset=utf-8
cache-control: no-cache
content-length: 8064

17:49:05.074 [AsyncHttpClient-1-29] DEBUG org.asynchttpclient.netty.channel.ChannelManager - Adding key: http://localhost:62067 for channel [id: 0xfbe34a9c, L:/127.0.0.1:56692 - R:localhost/127.0.0.1:62067]
17:49:05.075 [main] DEBUG net.serenitybdd.core.photography.Darkroom - Send negative for processing for target\site\serenity\3c90801a70fb2c2bfe5fc60b174aa3986624ea5eb79294b52a5a7ca3339080db.png
17:49:05.076 [main] INFO  - 
  _____   ___   ___   _____     ___     _     ___   ___   ___   ___  
 |_   _| | __| / __| |_   _|   | _ \   /_\   / __| / __| | __| |   \ 
   | |   | _|  \__ \   | |     |  _/  / _ \  \__ \ \__ \ | _|  | |) |
   |_|   |___| |___/   |_|     |_|   /_/ \_\ |___/ |___/ |___| |___/ 

Sort vaccination bookings by dose
----------------------------------------------------------------------
17:49:05.077 [AsyncHttpClient-1-31] DEBUG org.asynchttpclient.netty.handler.WebSocketHandler - Channel Closed: [id: 0x411ccc76, L:/127.0.0.1:56700 ! R:localhost/127.0.0.1:56693] with attribute NettyResponseFuture{currentRetry=5,
	isDone=1,
	isCancelled=0,
	asyncHandler=org.asynchttpclient.ws.WebSocketUpgradeHandler@6fefd52a,
	nettyRequest=org.asynchttpclient.netty.request.NettyRequest@2aed46b3,
	future=java.util.concurrent.CompletableFuture@72d0d8da[Completed normally],
	uri=ws://localhost:56693/devtools/browser/1d5fca24-48fc-4c9a-b49f-90ac6d26b44d,
	keepAlive=true,
	redirectCount=0,
	timeoutsHolder=null,
	inAuth=0,
	touch=1671446940356}
17:49:05.077 [AsyncHttpClient-1-31] DEBUG org.asynchttpclient.netty.channel.ChannelManager - Closing Channel [id: 0x411ccc76, L:/127.0.0.1:56700 ! R:localhost/127.0.0.1:56693] 
17:49:05.077 [Driver Command Executor] DEBUG org.asynchttpclient.netty.request.NettyRequestSender - Using pooled Channel '[id: 0xfbe34a9c, L:/127.0.0.1:56692 - R:localhost/127.0.0.1:62067]' for 'DELETE' to 'http://localhost:62067/session/d5eddacf51586082cf4b912e3e7dd951'
17:49:05.077 [Driver Command Executor] DEBUG org.asynchttpclient.netty.request.NettyRequestSender - Using open Channel [id: 0xfbe34a9c, L:/127.0.0.1:56692 - R:localhost/127.0.0.1:62067] for DELETE '/session/d5eddacf51586082cf4b912e3e7dd951'
17:49:05.128 [AsyncHttpClient-1-30] DEBUG org.asynchttpclient.netty.handler.HttpHandler - Unexpected I/O exception on channel [id: 0xac3ab8a1, L:/127.0.0.1:56699 - R:localhost/127.0.0.1:56693]
java.io.IOException: An existing connection was forcibly closed by the remote host
	at java.base/sun.nio.ch.SocketDispatcher.read0(Native Method)
	at java.base/sun.nio.ch.SocketDispatcher.read(SocketDispatcher.java:43)
	at java.base/sun.nio.ch.IOUtil.readIntoNativeBuffer(IOUtil.java:276)
	at java.base/sun.nio.ch.IOUtil.read(IOUtil.java:233)
	at java.base/sun.nio.ch.IOUtil.read(IOUtil.java:223)
	at java.base/sun.nio.ch.SocketChannelImpl.read(SocketChannelImpl.java:358)
	at io.netty.buffer.PooledByteBuf.setBytes(PooledByteBuf.java:258)
	at io.netty.buffer.AbstractByteBuf.writeBytes(AbstractByteBuf.java:1132)
	at io.netty.channel.socket.nio.NioSocketChannel.doReadBytes(NioSocketChannel.java:350)
	at io.netty.channel.nio.AbstractNioByteChannel$NioByteUnsafe.read(AbstractNioByteChannel.java:151)
	at io.netty.channel.nio.NioEventLoop.processSelectedKey(NioEventLoop.java:722)
	at io.netty.channel.nio.NioEventLoop.processSelectedKeysOptimized(NioEventLoop.java:658)
	at io.netty.channel.nio.NioEventLoop.processSelectedKeys(NioEventLoop.java:584)
	at io.netty.channel.nio.NioEventLoop.run(NioEventLoop.java:496)
	at io.netty.util.concurrent.SingleThreadEventExecutor$4.run(SingleThreadEventExecutor.java:986)
	at io.netty.util.internal.ThreadExecutorMap$2.run(ThreadExecutorMap.java:74)
	at io.netty.util.concurrent.FastThreadLocalRunnable.run(FastThreadLocalRunnable.java:30)
	at java.base/java.lang.Thread.run(Thread.java:834)
17:49:05.128 [AsyncHttpClient-1-30] DEBUG org.asynchttpclient.netty.channel.ChannelManager - Closing Channel [id: 0xac3ab8a1, L:/127.0.0.1:56699 - R:localhost/127.0.0.1:56693] 
17:49:05.129 [AsyncHttpClient-1-30] DEBUG org.asynchttpclient.netty.handler.HttpHandler - Channel Closed: [id: 0xac3ab8a1, L:/127.0.0.1:56699 ! R:localhost/127.0.0.1:56693] with attribute DISCARD
17:49:05.171 [AsyncHttpClient-1-29] DEBUG org.asynchttpclient.netty.handler.HttpHandler - 

Request DefaultFullHttpRequest(decodeResult: success, version: HTTP/1.1, content: EmptyByteBufBE)
DELETE /session/d5eddacf51586082cf4b912e3e7dd951 HTTP/1.1
User-Agent: selenium/4.1.2 (java windows)
Content-Type: application/json; charset=utf-8
host: localhost:62067
accept: */*

Response DefaultHttpResponse(decodeResult: success, version: HTTP/1.1)
HTTP/1.1 200 OK
Content-Type: application/json; charset=utf-8
cache-control: no-cache
content-length: 14

17:49:05.172 [AsyncHttpClient-1-29] DEBUG org.asynchttpclient.netty.channel.ChannelManager - Adding key: http://localhost:62067 for channel [id: 0xfbe34a9c, L:/127.0.0.1:56692 - R:localhost/127.0.0.1:62067]
17:49:05.251 [AsyncHttpClient-1-29] DEBUG org.asynchttpclient.netty.handler.HttpHandler - Channel Closed: [id: 0xfbe34a9c, L:/127.0.0.1:56692 ! R:localhost/127.0.0.1:62067] with attribute DISCARD
]]></system-out>
    <system-err><![CDATA[Starting ChromeDriver 108.0.5359.71 (1e0e3868ee06e91ad636a874420e3ca3ae3756ac-refs/branch-heads/5359@{#1016}) on port 62067
Only local connections are allowed.
Please see https://chromedriver.chromium.org/security-considerations for suggestions on keeping ChromeDriver safe.
ChromeDriver was started successfully.
Dec 19, 2022 5:49:00 PM org.openqa.selenium.remote.ProtocolHandshake createSession
INFO: Detected dialect: W3C
Dec 19, 2022 5:49:00 PM org.openqa.selenium.devtools.CdpVersionFinder findNearestMatch
WARNING: Unable to find an exact match for CDP version 108, so returning the closest version found: a no-op implementation
Dec 19, 2022 5:49:00 PM org.openqa.selenium.devtools.CdpVersionFinder findNearestMatch
INFO: Unable to find CDP implementation matching 108.
Dec 19, 2022 5:49:00 PM org.openqa.selenium.chromium.ChromiumDriver lambda$new$3
WARNING: Unable to find version of CDP to use for . You may need to include a dependency on a specific version of the CDP using something similar to `org.seleniumhq.selenium:selenium-devtools-v86:4.1.2` where the version ("v86") matches the version of the chromium-based browser you're using and the version number of the artifact is the same as Selenium's.
]]></system-err>
  </testcase>
  <testcase name="(Vaccine names)" classname="Vaccine names" time="6.968">
    <system-out><![CDATA[17:49:05.339 [main] INFO io.cucumber.core.plugin.SerenityReporter - Running feature from file:///C:/Users/ASUSTUF/OneDrive/Documents/Capstone%20Project/Web%20Automation/src/test/resources/features/VaccineNames.feature
17:49:05.345 [main] DEBUG net.thucydides.core.steps.StepEventBus - Test suite started for story net.thucydides.core.model.Story@942a1b8b
17:49:05.346 [main] INFO  - Test Suite Started: Vaccine names

Scenario:                              &amp#27;[90m# src/test/resources/features/VaccineNames.feature:6&amp#27;[0m
17:49:05.368 [main] INFO io.cucumber.core.plugin.SerenityReporter - Running feature from file:///C:/Users/ASUSTUF/OneDrive/Documents/Capstone%20Project/Web%20Automation/src/test/resources/features/VaccineNames.feature
17:49:05.370 [main] INFO  - 
  _____   ___   ___   _____     ___   _____     _     ___   _____   ___   ___  
 |_   _| | __| / __| |_   _|   / __| |_   _|   /_\   | _ \ |_   _| | __| |   \ 
   | |   | _|  \__ \   | |     \__ \   | |    / _ \  |   /   | |   | _|  | |) |
   |_|   |___| |___/   |_|     |___/   |_|   /_/ \_\ |_|_\   |_|   |___| |___/ 

(vaccine-names;)
--------------------------------------------------------------------------------
17:49:05.398 [main] INFO net.serenitybdd.core.webdriver.driverproviders.ChromeDriverProvider - Using automatically driver download
17:49:05.585 [main] DEBUG io.github.bonigarcia.wdm.cache.ResolutionCache - Resolution chrome=108 in cache (valid until 18:33:56 19/12/2022 ICT)
17:49:05.594 [main] DEBUG io.github.bonigarcia.wdm.cache.ResolutionCache - Resolution chrome108=108.0.5359.71 in cache (valid until 12:44:30 20/12/2022 ICT)
17:49:05.597 [main] INFO io.github.bonigarcia.wdm.WebDriverManager - Using chromedriver 108.0.5359.71 (resolved driver for Chrome 108)
17:49:05.613 [main] DEBUG io.github.bonigarcia.wdm.WebDriverManager - Driver chromedriver 108.0.5359.71 found in cache
17:49:05.614 [main] INFO io.github.bonigarcia.wdm.WebDriverManager - Exporting webdriver.chrome.driver as C:\Users\ASUSTUF\.cache\selenium\chromedriver\win32\108.0.5359.71\chromedriver.exe
17:49:05.715 [AsyncHttpClient-1-1] DEBUG org.asynchttpclient.netty.channel.DefaultChannelPool - Entry count for : http://localhost:62067 : 1
17:49:05.715 [AsyncHttpClient-1-1] DEBUG org.asynchttpclient.netty.channel.DefaultChannelPool - Entry count for : http://localhost:56693 : 1
17:49:05.715 [AsyncHttpClient-1-1] DEBUG org.asynchttpclient.netty.channel.DefaultChannelPool - Adding Candidate expired Channel [id: 0xfbe34a9c, L:/127.0.0.1:56692 ! R:localhost/127.0.0.1:62067] isIdleTimeoutExpired=false isRemotelyClosed=true isTtlExpired=false
17:49:05.715 [AsyncHttpClient-1-1] DEBUG org.asynchttpclient.netty.channel.DefaultChannelPool - Closing Idle Channel [id: 0xfbe34a9c, L:/127.0.0.1:56692 ! R:localhost/127.0.0.1:62067]
17:49:05.715 [AsyncHttpClient-1-1] DEBUG org.asynchttpclient.netty.channel.DefaultChannelPool - Adding Candidate expired Channel [id: 0xac3ab8a1, L:/127.0.0.1:56699 ! R:localhost/127.0.0.1:56693] isIdleTimeoutExpired=false isRemotelyClosed=true isTtlExpired=false
17:49:05.715 [AsyncHttpClient-1-1] DEBUG org.asynchttpclient.netty.channel.DefaultChannelPool - Closing Idle Channel [id: 0xac3ab8a1, L:/127.0.0.1:56699 ! R:localhost/127.0.0.1:56693]
17:49:05.715 [AsyncHttpClient-1-1] DEBUG org.asynchttpclient.netty.channel.DefaultChannelPool - Closed 2 connections out of 2 in 0 ms
17:49:05.793 [main] DEBUG net.serenitybdd.core.webdriver.driverproviders.ProvideNewDriver - Instantiating driver
17:49:05.794 [main] DEBUG net.serenitybdd.core.webdriver.driverproviders.ProvideNewDriver - Driver capabilities: Capabilities {acceptInsecureCerts: false, base.url: https://vaksin-id.netlify.app/, browserName: chrome, chrome.driver: src/test/resources/webdrive..., driver: chrome, goog:chromeOptions: {args: [], extensions: []}}
17:49:06.519 [AsyncHttpClient-1-32] DEBUG org.asynchttpclient.netty.channel.NettyConnectListener - Using new Channel '[id: 0x08092c49, L:/127.0.0.1:56719 - R:localhost/127.0.0.1:51651]' for 'POST' to '/session'
17:49:07.317 [AsyncHttpClient-1-32] DEBUG org.asynchttpclient.netty.handler.HttpHandler - 

Request DefaultHttpRequest(decodeResult: success, version: HTTP/1.1)
POST /session HTTP/1.1
User-Agent: selenium/4.1.2 (java windows)
Content-Length: 616
Content-Type: application/json; charset=utf-8
host: localhost:51651
accept: */*

Response DefaultHttpResponse(decodeResult: success, version: HTTP/1.1)
HTTP/1.1 200 OK
Content-Type: application/json; charset=utf-8
cache-control: no-cache
content-length: 794

17:49:07.317 [AsyncHttpClient-1-32] DEBUG org.asynchttpclient.netty.channel.ChannelManager - Adding key: http://localhost:51651 for channel [id: 0x08092c49, L:/127.0.0.1:56719 - R:localhost/127.0.0.1:51651]
17:49:07.341 [AsyncHttpClient-1-33] DEBUG org.asynchttpclient.netty.channel.NettyConnectListener - Using new Channel '[id: 0x69a09595, L:/127.0.0.1:56727 - R:localhost/127.0.0.1:56720]' for 'GET' to '/json/version'
17:49:07.343 [AsyncHttpClient-1-33] DEBUG org.asynchttpclient.netty.handler.HttpHandler - 

Request DefaultFullHttpRequest(decodeResult: success, version: HTTP/1.1, content: EmptyByteBufBE)
GET /json/version HTTP/1.1
User-Agent: selenium/4.1.2 (java windows)
host: localhost:56720
accept: */*

Response DefaultHttpResponse(decodeResult: success, version: HTTP/1.1)
HTTP/1.1 200 OK
Content-Type: application/json; charset=UTF-8
content-length: 424

17:49:07.344 [AsyncHttpClient-1-33] DEBUG org.asynchttpclient.netty.channel.ChannelManager - Adding key: http://localhost:56720 for channel [id: 0x69a09595, L:/127.0.0.1:56727 - R:localhost/127.0.0.1:56720]
17:49:07.348 [AsyncHttpClient-1-2] DEBUG org.asynchttpclient.netty.channel.NettyConnectListener - Using new Channel '[id: 0xf4bdd5b5, L:/127.0.0.1:56728 - R:localhost/127.0.0.1:56720]' for 'GET' to '/devtools/browser/36c1720d-ecaf-46a7-9b05-463ca269b73c'
17:49:07.348 [AsyncHttpClient-1-2] DEBUG org.asynchttpclient.netty.handler.WebSocketHandler - 

Request DefaultFullHttpRequest(decodeResult: success, version: HTTP/1.1, content: EmptyByteBufBE)
GET /devtools/browser/36c1720d-ecaf-46a7-9b05-463ca269b73c HTTP/1.1
upgrade: websocket
connection: upgrade
sec-websocket-key: JZ1bihYG38AflefovNh0Lg==
sec-websocket-version: 13
origin: http://localhost:56720
host: localhost:56720
accept: */*
user-agent: AHC/2.1

Response DefaultHttpResponse(decodeResult: success, version: HTTP/1.1)
HTTP/1.1 101 WebSocket Protocol Handshake
Upgrade: WebSocket
Connection: Upgrade
Sec-WebSocket-Accept: PPZWPB/zm5UWW0HkIwtR6tBXE/8=

17:49:07.355 [Forwarding get on session c04aca7b2a88dc6bbfde4febecb107e8 to remote] DEBUG org.asynchttpclient.netty.request.NettyRequestSender - Using pooled Channel '[id: 0x08092c49, L:/127.0.0.1:56719 - R:localhost/127.0.0.1:51651]' for 'POST' to 'http://localhost:51651/session/c04aca7b2a88dc6bbfde4febecb107e8/url'
17:49:07.355 [Forwarding get on session c04aca7b2a88dc6bbfde4febecb107e8 to remote] DEBUG org.asynchttpclient.netty.request.NettyRequestSender - Using open Channel [id: 0x08092c49, L:/127.0.0.1:56719 - R:localhost/127.0.0.1:51651] for POST '/session/c04aca7b2a88dc6bbfde4febecb107e8/url'
17:49:07.914 [AsyncHttpClient-1-1] DEBUG org.asynchttpclient.netty.channel.DefaultChannelPool - Entry count for : http://localhost:56720 : 1
17:49:08.187 [AsyncHttpClient-1-32] DEBUG org.asynchttpclient.netty.handler.HttpHandler - 

Request DefaultHttpRequest(decodeResult: success, version: HTTP/1.1)
POST /session/c04aca7b2a88dc6bbfde4febecb107e8/url HTTP/1.1
User-Agent: selenium/4.1.2 (java windows)
Content-Length: 60
Content-Type: application/json; charset=utf-8
host: localhost:51651
accept: */*

Response DefaultHttpResponse(decodeResult: success, version: HTTP/1.1)
HTTP/1.1 200 OK
Content-Type: application/json; charset=utf-8
cache-control: no-cache
content-length: 14

17:49:08.187 [AsyncHttpClient-1-32] DEBUG org.asynchttpclient.netty.channel.ChannelManager - Adding key: http://localhost:51651 for channel [id: 0x08092c49, L:/127.0.0.1:56719 - R:localhost/127.0.0.1:51651]
17:49:08.190 [Forwarding setTimeout on session c04aca7b2a88dc6bbfde4febecb107e8 to remote] DEBUG org.asynchttpclient.netty.request.NettyRequestSender - Using pooled Channel '[id: 0x08092c49, L:/127.0.0.1:56719 - R:localhost/127.0.0.1:51651]' for 'POST' to 'http://localhost:51651/session/c04aca7b2a88dc6bbfde4febecb107e8/timeouts'
17:49:08.191 [Forwarding setTimeout on session c04aca7b2a88dc6bbfde4febecb107e8 to remote] DEBUG org.asynchttpclient.netty.request.NettyRequestSender - Using open Channel [id: 0x08092c49, L:/127.0.0.1:56719 - R:localhost/127.0.0.1:51651] for POST '/session/c04aca7b2a88dc6bbfde4febecb107e8/timeouts'
17:49:08.193 [AsyncHttpClient-1-32] DEBUG org.asynchttpclient.netty.handler.HttpHandler - 

Request DefaultHttpRequest(decodeResult: success, version: HTTP/1.1)
POST /session/c04aca7b2a88dc6bbfde4febecb107e8/timeouts HTTP/1.1
User-Agent: selenium/4.1.2 (java windows)
Content-Length: 22
Content-Type: application/json; charset=utf-8
host: localhost:51651
accept: */*

Response DefaultHttpResponse(decodeResult: success, version: HTTP/1.1)
HTTP/1.1 200 OK
Content-Type: application/json; charset=utf-8
cache-control: no-cache
content-length: 14

17:49:08.193 [AsyncHttpClient-1-32] DEBUG org.asynchttpclient.netty.channel.ChannelManager - Adding key: http://localhost:51651 for channel [id: 0x08092c49, L:/127.0.0.1:56719 - R:localhost/127.0.0.1:51651]
17:49:08.199 [Forwarding getCurrentUrl on session c04aca7b2a88dc6bbfde4febecb107e8 to remote] DEBUG org.asynchttpclient.netty.request.NettyRequestSender - Using pooled Channel '[id: 0x08092c49, L:/127.0.0.1:56719 - R:localhost/127.0.0.1:51651]' for 'GET' to 'http://localhost:51651/session/c04aca7b2a88dc6bbfde4febecb107e8/url'
17:49:08.199 [Forwarding getCurrentUrl on session c04aca7b2a88dc6bbfde4febecb107e8 to remote] DEBUG org.asynchttpclient.netty.request.NettyRequestSender - Using open Channel [id: 0x08092c49, L:/127.0.0.1:56719 - R:localhost/127.0.0.1:51651] for GET '/session/c04aca7b2a88dc6bbfde4febecb107e8/url'
17:49:08.226 [AsyncHttpClient-1-32] DEBUG org.asynchttpclient.netty.handler.HttpHandler - 

Request DefaultFullHttpRequest(decodeResult: success, version: HTTP/1.1, content: EmptyByteBufBE)
GET /session/c04aca7b2a88dc6bbfde4febecb107e8/url HTTP/1.1
User-Agent: selenium/4.1.2 (java windows)
Cache-Control: no-cache
Content-Type: application/json; charset=utf-8
host: localhost:51651
accept: */*

Response DefaultHttpResponse(decodeResult: success, version: HTTP/1.1)
HTTP/1.1 200 OK
Content-Type: application/json; charset=utf-8
cache-control: no-cache
content-length: 42

17:49:08.227 [AsyncHttpClient-1-32] DEBUG org.asynchttpclient.netty.channel.ChannelManager - Adding key: http://localhost:51651 for channel [id: 0x08092c49, L:/127.0.0.1:56719 - R:localhost/127.0.0.1:51651]
  &amp#27;[32mGiven &amp#27;[0m&amp#27;[32mI am on landing page&amp#27;[0m           &amp#27;[90m# starter.stepdefinitions.ManageVaccinationBookingsSteps.iAmOnLandingPage()&amp#27;[0m
17:49:08.240 [main] DEBUG net.serenitybdd.core.photography.Darkroom - Opening darkroom
17:49:08.240 [Darkroom Processing Line] DEBUG net.serenitybdd.core.photography.DarkroomProcessingLine - Darkroom processing line starting up
17:49:08.241 [Forwarding screenshot on session c04aca7b2a88dc6bbfde4febecb107e8 to remote] DEBUG org.asynchttpclient.netty.request.NettyRequestSender - Using pooled Channel '[id: 0x08092c49, L:/127.0.0.1:56719 - R:localhost/127.0.0.1:51651]' for 'GET' to 'http://localhost:51651/session/c04aca7b2a88dc6bbfde4febecb107e8/screenshot'
17:49:08.241 [Forwarding screenshot on session c04aca7b2a88dc6bbfde4febecb107e8 to remote] DEBUG org.asynchttpclient.netty.request.NettyRequestSender - Using open Channel [id: 0x08092c49, L:/127.0.0.1:56719 - R:localhost/127.0.0.1:51651] for GET '/session/c04aca7b2a88dc6bbfde4febecb107e8/screenshot'
17:49:09.014 [AsyncHttpClient-1-1] DEBUG org.asynchttpclient.netty.channel.DefaultChannelPool - Entry count for : http://localhost:56720 : 1
17:49:09.478 [AsyncHttpClient-1-32] DEBUG org.asynchttpclient.netty.handler.HttpHandler - 

Request DefaultFullHttpRequest(decodeResult: success, version: HTTP/1.1, content: EmptyByteBufBE)
GET /session/c04aca7b2a88dc6bbfde4febecb107e8/screenshot HTTP/1.1
User-Agent: selenium/4.1.2 (java windows)
Cache-Control: no-cache
Content-Type: application/json; charset=utf-8
host: localhost:51651
accept: */*

Response DefaultHttpResponse(decodeResult: success, version: HTTP/1.1)
HTTP/1.1 200 OK
Content-Type: application/json; charset=utf-8
cache-control: no-cache
content-length: 847132

17:49:09.481 [AsyncHttpClient-1-32] DEBUG org.asynchttpclient.netty.channel.ChannelManager - Adding key: http://localhost:51651 for channel [id: 0x08092c49, L:/127.0.0.1:56719 - R:localhost/127.0.0.1:51651]
17:49:09.511 [main] DEBUG net.serenitybdd.core.photography.Darkroom - Send negative for processing for target\site\serenity\ff3b83dd42f508d91c0c8488aed412149de34b436c7528a8caa8428592644731.png
17:49:09.532 [Forwarding findElement on session c04aca7b2a88dc6bbfde4febecb107e8 to remote] DEBUG org.asynchttpclient.netty.request.NettyRequestSender - Using pooled Channel '[id: 0x08092c49, L:/127.0.0.1:56719 - R:localhost/127.0.0.1:51651]' for 'POST' to 'http://localhost:51651/session/c04aca7b2a88dc6bbfde4febecb107e8/element'
17:49:09.532 [Forwarding findElement on session c04aca7b2a88dc6bbfde4febecb107e8 to remote] DEBUG org.asynchttpclient.netty.request.NettyRequestSender - Using open Channel [id: 0x08092c49, L:/127.0.0.1:56719 - R:localhost/127.0.0.1:51651] for POST '/session/c04aca7b2a88dc6bbfde4febecb107e8/element'
17:49:09.552 [AsyncHttpClient-1-32] DEBUG org.asynchttpclient.netty.handler.HttpHandler - 

Request DefaultHttpRequest(decodeResult: success, version: HTTP/1.1)
POST /session/c04aca7b2a88dc6bbfde4febecb107e8/element HTTP/1.1
User-Agent: selenium/4.1.2 (java windows)
Content-Length: 315
Content-Type: application/json; charset=utf-8
host: localhost:51651
accept: */*

Response DefaultHttpResponse(decodeResult: success, version: HTTP/1.1)
HTTP/1.1 200 OK
Content-Type: application/json; charset=utf-8
cache-control: no-cache
content-length: 88

17:49:09.553 [AsyncHttpClient-1-32] DEBUG org.asynchttpclient.netty.channel.ChannelManager - Adding key: http://localhost:51651 for channel [id: 0x08092c49, L:/127.0.0.1:56719 - R:localhost/127.0.0.1:51651]
17:49:09.554 [Forwarding getElementTagName on session c04aca7b2a88dc6bbfde4febecb107e8 to remote] DEBUG org.asynchttpclient.netty.request.NettyRequestSender - Using pooled Channel '[id: 0x08092c49, L:/127.0.0.1:56719 - R:localhost/127.0.0.1:51651]' for 'GET' to 'http://localhost:51651/session/c04aca7b2a88dc6bbfde4febecb107e8/element/f1ea2857-1f83-404d-84a5-89ecfa1573e1/name'
17:49:09.554 [Forwarding getElementTagName on session c04aca7b2a88dc6bbfde4febecb107e8 to remote] DEBUG org.asynchttpclient.netty.request.NettyRequestSender - Using open Channel [id: 0x08092c49, L:/127.0.0.1:56719 - R:localhost/127.0.0.1:51651] for GET '/session/c04aca7b2a88dc6bbfde4febecb107e8/element/f1ea2857-1f83-404d-84a5-89ecfa1573e1/name'
17:49:09.562 [AsyncHttpClient-1-32] DEBUG org.asynchttpclient.netty.handler.HttpHandler - 

Request DefaultFullHttpRequest(decodeResult: success, version: HTTP/1.1, content: EmptyByteBufBE)
GET /session/c04aca7b2a88dc6bbfde4febecb107e8/element/f1ea2857-1f83-404d-84a5-89ecfa1573e1/name HTTP/1.1
User-Agent: selenium/4.1.2 (java windows)
Cache-Control: no-cache
Content-Type: application/json; charset=utf-8
host: localhost:51651
accept: */*

Response DefaultHttpResponse(decodeResult: success, version: HTTP/1.1)
HTTP/1.1 200 OK
Content-Type: application/json; charset=utf-8
cache-control: no-cache
content-length: 18

17:49:09.563 [AsyncHttpClient-1-32] DEBUG org.asynchttpclient.netty.channel.ChannelManager - Adding key: http://localhost:51651 for channel [id: 0x08092c49, L:/127.0.0.1:56719 - R:localhost/127.0.0.1:51651]
17:49:09.564 [Forwarding getElementTagName on session c04aca7b2a88dc6bbfde4febecb107e8 to remote] DEBUG org.asynchttpclient.netty.request.NettyRequestSender - Using pooled Channel '[id: 0x08092c49, L:/127.0.0.1:56719 - R:localhost/127.0.0.1:51651]' for 'GET' to 'http://localhost:51651/session/c04aca7b2a88dc6bbfde4febecb107e8/element/f1ea2857-1f83-404d-84a5-89ecfa1573e1/name'
17:49:09.564 [Forwarding getElementTagName on session c04aca7b2a88dc6bbfde4febecb107e8 to remote] DEBUG org.asynchttpclient.netty.request.NettyRequestSender - Using open Channel [id: 0x08092c49, L:/127.0.0.1:56719 - R:localhost/127.0.0.1:51651] for GET '/session/c04aca7b2a88dc6bbfde4febecb107e8/element/f1ea2857-1f83-404d-84a5-89ecfa1573e1/name'
17:49:09.571 [AsyncHttpClient-1-32] DEBUG org.asynchttpclient.netty.handler.HttpHandler - 

Request DefaultFullHttpRequest(decodeResult: success, version: HTTP/1.1, content: EmptyByteBufBE)
GET /session/c04aca7b2a88dc6bbfde4febecb107e8/element/f1ea2857-1f83-404d-84a5-89ecfa1573e1/name HTTP/1.1
User-Agent: selenium/4.1.2 (java windows)
Cache-Control: no-cache
Content-Type: application/json; charset=utf-8
host: localhost:51651
accept: */*

Response DefaultHttpResponse(decodeResult: success, version: HTTP/1.1)
HTTP/1.1 200 OK
Content-Type: application/json; charset=utf-8
cache-control: no-cache
content-length: 18

17:49:09.571 [AsyncHttpClient-1-32] DEBUG org.asynchttpclient.netty.channel.ChannelManager - Adding key: http://localhost:51651 for channel [id: 0x08092c49, L:/127.0.0.1:56719 - R:localhost/127.0.0.1:51651]
17:49:09.573 [Forwarding isElementEnabled on session c04aca7b2a88dc6bbfde4febecb107e8 to remote] DEBUG org.asynchttpclient.netty.request.NettyRequestSender - Using pooled Channel '[id: 0x08092c49, L:/127.0.0.1:56719 - R:localhost/127.0.0.1:51651]' for 'GET' to 'http://localhost:51651/session/c04aca7b2a88dc6bbfde4febecb107e8/element/f1ea2857-1f83-404d-84a5-89ecfa1573e1/enabled'
17:49:09.573 [Forwarding isElementEnabled on session c04aca7b2a88dc6bbfde4febecb107e8 to remote] DEBUG org.asynchttpclient.netty.request.NettyRequestSender - Using open Channel [id: 0x08092c49, L:/127.0.0.1:56719 - R:localhost/127.0.0.1:51651] for GET '/session/c04aca7b2a88dc6bbfde4febecb107e8/element/f1ea2857-1f83-404d-84a5-89ecfa1573e1/enabled'
17:49:09.585 [AsyncHttpClient-1-32] DEBUG org.asynchttpclient.netty.handler.HttpHandler - 

Request DefaultFullHttpRequest(decodeResult: success, version: HTTP/1.1, content: EmptyByteBufBE)
GET /session/c04aca7b2a88dc6bbfde4febecb107e8/element/f1ea2857-1f83-404d-84a5-89ecfa1573e1/enabled HTTP/1.1
User-Agent: selenium/4.1.2 (java windows)
Cache-Control: no-cache
Content-Type: application/json; charset=utf-8
host: localhost:51651
accept: */*

Response DefaultHttpResponse(decodeResult: success, version: HTTP/1.1)
HTTP/1.1 200 OK
Content-Type: application/json; charset=utf-8
cache-control: no-cache
content-length: 14

17:49:09.585 [AsyncHttpClient-1-32] DEBUG org.asynchttpclient.netty.channel.ChannelManager - Adding key: http://localhost:51651 for channel [id: 0x08092c49, L:/127.0.0.1:56719 - R:localhost/127.0.0.1:51651]
17:49:09.586 [Forwarding isElementEnabled on session c04aca7b2a88dc6bbfde4febecb107e8 to remote] DEBUG org.asynchttpclient.netty.request.NettyRequestSender - Using pooled Channel '[id: 0x08092c49, L:/127.0.0.1:56719 - R:localhost/127.0.0.1:51651]' for 'GET' to 'http://localhost:51651/session/c04aca7b2a88dc6bbfde4febecb107e8/element/f1ea2857-1f83-404d-84a5-89ecfa1573e1/enabled'
17:49:09.586 [Forwarding isElementEnabled on session c04aca7b2a88dc6bbfde4febecb107e8 to remote] DEBUG org.asynchttpclient.netty.request.NettyRequestSender - Using open Channel [id: 0x08092c49, L:/127.0.0.1:56719 - R:localhost/127.0.0.1:51651] for GET '/session/c04aca7b2a88dc6bbfde4febecb107e8/element/f1ea2857-1f83-404d-84a5-89ecfa1573e1/enabled'
17:49:09.596 [AsyncHttpClient-1-32] DEBUG org.asynchttpclient.netty.handler.HttpHandler - 

Request DefaultFullHttpRequest(decodeResult: success, version: HTTP/1.1, content: EmptyByteBufBE)
GET /session/c04aca7b2a88dc6bbfde4febecb107e8/element/f1ea2857-1f83-404d-84a5-89ecfa1573e1/enabled HTTP/1.1
User-Agent: selenium/4.1.2 (java windows)
Cache-Control: no-cache
Content-Type: application/json; charset=utf-8
host: localhost:51651
accept: */*

Response DefaultHttpResponse(decodeResult: success, version: HTTP/1.1)
HTTP/1.1 200 OK
Content-Type: application/json; charset=utf-8
cache-control: no-cache
content-length: 14

17:49:09.596 [AsyncHttpClient-1-32] DEBUG org.asynchttpclient.netty.channel.ChannelManager - Adding key: http://localhost:51651 for channel [id: 0x08092c49, L:/127.0.0.1:56719 - R:localhost/127.0.0.1:51651]
17:49:09.598 [Forwarding findElement on session c04aca7b2a88dc6bbfde4febecb107e8 to remote] DEBUG org.asynchttpclient.netty.request.NettyRequestSender - Using pooled Channel '[id: 0x08092c49, L:/127.0.0.1:56719 - R:localhost/127.0.0.1:51651]' for 'POST' to 'http://localhost:51651/session/c04aca7b2a88dc6bbfde4febecb107e8/element'
17:49:09.598 [Forwarding findElement on session c04aca7b2a88dc6bbfde4febecb107e8 to remote] DEBUG org.asynchttpclient.netty.request.NettyRequestSender - Using open Channel [id: 0x08092c49, L:/127.0.0.1:56719 - R:localhost/127.0.0.1:51651] for POST '/session/c04aca7b2a88dc6bbfde4febecb107e8/element'
17:49:09.609 [AsyncHttpClient-1-32] DEBUG org.asynchttpclient.netty.handler.HttpHandler - 

Request DefaultHttpRequest(decodeResult: success, version: HTTP/1.1)
POST /session/c04aca7b2a88dc6bbfde4febecb107e8/element HTTP/1.1
User-Agent: selenium/4.1.2 (java windows)
Content-Length: 315
Content-Type: application/json; charset=utf-8
host: localhost:51651
accept: */*

Response DefaultHttpResponse(decodeResult: success, version: HTTP/1.1)
HTTP/1.1 200 OK
Content-Type: application/json; charset=utf-8
cache-control: no-cache
content-length: 88

17:49:09.609 [AsyncHttpClient-1-32] DEBUG org.asynchttpclient.netty.channel.ChannelManager - Adding key: http://localhost:51651 for channel [id: 0x08092c49, L:/127.0.0.1:56719 - R:localhost/127.0.0.1:51651]
17:49:09.610 [Forwarding clickElement on session c04aca7b2a88dc6bbfde4febecb107e8 to remote] DEBUG org.asynchttpclient.netty.request.NettyRequestSender - Using pooled Channel '[id: 0x08092c49, L:/127.0.0.1:56719 - R:localhost/127.0.0.1:51651]' for 'POST' to 'http://localhost:51651/session/c04aca7b2a88dc6bbfde4febecb107e8/element/f1ea2857-1f83-404d-84a5-89ecfa1573e1/click'
17:49:09.610 [Forwarding clickElement on session c04aca7b2a88dc6bbfde4febecb107e8 to remote] DEBUG org.asynchttpclient.netty.request.NettyRequestSender - Using open Channel [id: 0x08092c49, L:/127.0.0.1:56719 - R:localhost/127.0.0.1:51651] for POST '/session/c04aca7b2a88dc6bbfde4febecb107e8/element/f1ea2857-1f83-404d-84a5-89ecfa1573e1/click'
17:49:09.733 [AsyncHttpClient-1-32] DEBUG org.asynchttpclient.netty.handler.HttpHandler - 

Request DefaultHttpRequest(decodeResult: success, version: HTTP/1.1)
POST /session/c04aca7b2a88dc6bbfde4febecb107e8/element/f1ea2857-1f83-404d-84a5-89ecfa1573e1/click HTTP/1.1
User-Agent: selenium/4.1.2 (java windows)
Content-Length: 50
Content-Type: application/json; charset=utf-8
host: localhost:51651
accept: */*

Response DefaultHttpResponse(decodeResult: success, version: HTTP/1.1)
HTTP/1.1 200 OK
Content-Type: application/json; charset=utf-8
cache-control: no-cache
content-length: 14

17:49:09.734 [AsyncHttpClient-1-32] DEBUG org.asynchttpclient.netty.channel.ChannelManager - Adding key: http://localhost:51651 for channel [id: 0x08092c49, L:/127.0.0.1:56719 - R:localhost/127.0.0.1:51651]
17:49:09.740 [Forwarding findElement on session c04aca7b2a88dc6bbfde4febecb107e8 to remote] DEBUG org.asynchttpclient.netty.request.NettyRequestSender - Using pooled Channel '[id: 0x08092c49, L:/127.0.0.1:56719 - R:localhost/127.0.0.1:51651]' for 'POST' to 'http://localhost:51651/session/c04aca7b2a88dc6bbfde4febecb107e8/element'
17:49:09.740 [Forwarding findElement on session c04aca7b2a88dc6bbfde4febecb107e8 to remote] DEBUG org.asynchttpclient.netty.request.NettyRequestSender - Using open Channel [id: 0x08092c49, L:/127.0.0.1:56719 - R:localhost/127.0.0.1:51651] for POST '/session/c04aca7b2a88dc6bbfde4febecb107e8/element'
17:49:09.757 [AsyncHttpClient-1-32] DEBUG org.asynchttpclient.netty.handler.HttpHandler - 

Request DefaultHttpRequest(decodeResult: success, version: HTTP/1.1)
POST /session/c04aca7b2a88dc6bbfde4febecb107e8/element HTTP/1.1
User-Agent: selenium/4.1.2 (java windows)
Content-Length: 69
Content-Type: application/json; charset=utf-8
host: localhost:51651
accept: */*

Response DefaultHttpResponse(decodeResult: success, version: HTTP/1.1)
HTTP/1.1 200 OK
Content-Type: application/json; charset=utf-8
cache-control: no-cache
content-length: 88

17:49:09.757 [AsyncHttpClient-1-32] DEBUG org.asynchttpclient.netty.channel.ChannelManager - Adding key: http://localhost:51651 for channel [id: 0x08092c49, L:/127.0.0.1:56719 - R:localhost/127.0.0.1:51651]
17:49:09.759 [Forwarding clearElement on session c04aca7b2a88dc6bbfde4febecb107e8 to remote] DEBUG org.asynchttpclient.netty.request.NettyRequestSender - Using pooled Channel '[id: 0x08092c49, L:/127.0.0.1:56719 - R:localhost/127.0.0.1:51651]' for 'POST' to 'http://localhost:51651/session/c04aca7b2a88dc6bbfde4febecb107e8/element/c2b625cf-6a44-43c1-86b8-78183860018b/clear'
17:49:09.759 [Forwarding clearElement on session c04aca7b2a88dc6bbfde4febecb107e8 to remote] DEBUG org.asynchttpclient.netty.request.NettyRequestSender - Using open Channel [id: 0x08092c49, L:/127.0.0.1:56719 - R:localhost/127.0.0.1:51651] for POST '/session/c04aca7b2a88dc6bbfde4febecb107e8/element/c2b625cf-6a44-43c1-86b8-78183860018b/clear'
17:49:09.805 [AsyncHttpClient-1-32] DEBUG org.asynchttpclient.netty.handler.HttpHandler - 

Request DefaultHttpRequest(decodeResult: success, version: HTTP/1.1)
POST /session/c04aca7b2a88dc6bbfde4febecb107e8/element/c2b625cf-6a44-43c1-86b8-78183860018b/clear HTTP/1.1
User-Agent: selenium/4.1.2 (java windows)
Content-Length: 50
Content-Type: application/json; charset=utf-8
host: localhost:51651
accept: */*

Response DefaultHttpResponse(decodeResult: success, version: HTTP/1.1)
HTTP/1.1 200 OK
Content-Type: application/json; charset=utf-8
cache-control: no-cache
content-length: 14

17:49:09.806 [AsyncHttpClient-1-32] DEBUG org.asynchttpclient.netty.channel.ChannelManager - Adding key: http://localhost:51651 for channel [id: 0x08092c49, L:/127.0.0.1:56719 - R:localhost/127.0.0.1:51651]
17:49:09.809 [Forwarding sendKeysToElement on session c04aca7b2a88dc6bbfde4febecb107e8 to remote] DEBUG org.asynchttpclient.netty.request.NettyRequestSender - Using pooled Channel '[id: 0x08092c49, L:/127.0.0.1:56719 - R:localhost/127.0.0.1:51651]' for 'POST' to 'http://localhost:51651/session/c04aca7b2a88dc6bbfde4febecb107e8/element/c2b625cf-6a44-43c1-86b8-78183860018b/value'
17:49:09.809 [Forwarding sendKeysToElement on session c04aca7b2a88dc6bbfde4febecb107e8 to remote] DEBUG org.asynchttpclient.netty.request.NettyRequestSender - Using open Channel [id: 0x08092c49, L:/127.0.0.1:56719 - R:localhost/127.0.0.1:51651] for POST '/session/c04aca7b2a88dc6bbfde4febecb107e8/element/c2b625cf-6a44-43c1-86b8-78183860018b/value'
17:49:10.120 [AsyncHttpClient-1-1] DEBUG org.asynchttpclient.netty.channel.DefaultChannelPool - Entry count for : http://localhost:56720 : 1
17:49:10.124 [AsyncHttpClient-1-32] DEBUG org.asynchttpclient.netty.handler.HttpHandler - 

Request DefaultHttpRequest(decodeResult: success, version: HTTP/1.1)
POST /session/c04aca7b2a88dc6bbfde4febecb107e8/element/c2b625cf-6a44-43c1-86b8-78183860018b/value HTTP/1.1
User-Agent: selenium/4.1.2 (java windows)
Content-Length: 411
Content-Type: application/json; charset=utf-8
host: localhost:51651
accept: */*

Response DefaultHttpResponse(decodeResult: success, version: HTTP/1.1)
HTTP/1.1 200 OK
Content-Type: application/json; charset=utf-8
cache-control: no-cache
content-length: 14

17:49:10.125 [AsyncHttpClient-1-32] DEBUG org.asynchttpclient.netty.channel.ChannelManager - Adding key: http://localhost:51651 for channel [id: 0x08092c49, L:/127.0.0.1:56719 - R:localhost/127.0.0.1:51651]
17:49:10.128 [Forwarding findElement on session c04aca7b2a88dc6bbfde4febecb107e8 to remote] DEBUG org.asynchttpclient.netty.request.NettyRequestSender - Using pooled Channel '[id: 0x08092c49, L:/127.0.0.1:56719 - R:localhost/127.0.0.1:51651]' for 'POST' to 'http://localhost:51651/session/c04aca7b2a88dc6bbfde4febecb107e8/element'
17:49:10.128 [Forwarding findElement on session c04aca7b2a88dc6bbfde4febecb107e8 to remote] DEBUG org.asynchttpclient.netty.request.NettyRequestSender - Using open Channel [id: 0x08092c49, L:/127.0.0.1:56719 - R:localhost/127.0.0.1:51651] for POST '/session/c04aca7b2a88dc6bbfde4febecb107e8/element'
17:49:10.145 [AsyncHttpClient-1-32] DEBUG org.asynchttpclient.netty.handler.HttpHandler - 

Request DefaultHttpRequest(decodeResult: success, version: HTTP/1.1)
POST /session/c04aca7b2a88dc6bbfde4febecb107e8/element HTTP/1.1
User-Agent: selenium/4.1.2 (java windows)
Content-Length: 72
Content-Type: application/json; charset=utf-8
host: localhost:51651
accept: */*

Response DefaultHttpResponse(decodeResult: success, version: HTTP/1.1)
HTTP/1.1 200 OK
Content-Type: application/json; charset=utf-8
cache-control: no-cache
content-length: 88

17:49:10.145 [AsyncHttpClient-1-32] DEBUG org.asynchttpclient.netty.channel.ChannelManager - Adding key: http://localhost:51651 for channel [id: 0x08092c49, L:/127.0.0.1:56719 - R:localhost/127.0.0.1:51651]
17:49:10.146 [Forwarding clearElement on session c04aca7b2a88dc6bbfde4febecb107e8 to remote] DEBUG org.asynchttpclient.netty.request.NettyRequestSender - Using pooled Channel '[id: 0x08092c49, L:/127.0.0.1:56719 - R:localhost/127.0.0.1:51651]' for 'POST' to 'http://localhost:51651/session/c04aca7b2a88dc6bbfde4febecb107e8/element/66de6d85-6d63-43a2-a6c7-424129704d63/clear'
17:49:10.146 [Forwarding clearElement on session c04aca7b2a88dc6bbfde4febecb107e8 to remote] DEBUG org.asynchttpclient.netty.request.NettyRequestSender - Using open Channel [id: 0x08092c49, L:/127.0.0.1:56719 - R:localhost/127.0.0.1:51651] for POST '/session/c04aca7b2a88dc6bbfde4febecb107e8/element/66de6d85-6d63-43a2-a6c7-424129704d63/clear'
17:49:10.212 [AsyncHttpClient-1-32] DEBUG org.asynchttpclient.netty.handler.HttpHandler - 

Request DefaultHttpRequest(decodeResult: success, version: HTTP/1.1)
POST /session/c04aca7b2a88dc6bbfde4febecb107e8/element/66de6d85-6d63-43a2-a6c7-424129704d63/clear HTTP/1.1
User-Agent: selenium/4.1.2 (java windows)
Content-Length: 50
Content-Type: application/json; charset=utf-8
host: localhost:51651
accept: */*

Response DefaultHttpResponse(decodeResult: success, version: HTTP/1.1)
HTTP/1.1 200 OK
Content-Type: application/json; charset=utf-8
cache-control: no-cache
content-length: 14

17:49:10.212 [AsyncHttpClient-1-32] DEBUG org.asynchttpclient.netty.channel.ChannelManager - Adding key: http://localhost:51651 for channel [id: 0x08092c49, L:/127.0.0.1:56719 - R:localhost/127.0.0.1:51651]
17:49:10.215 [Forwarding sendKeysToElement on session c04aca7b2a88dc6bbfde4febecb107e8 to remote] DEBUG org.asynchttpclient.netty.request.NettyRequestSender - Using pooled Channel '[id: 0x08092c49, L:/127.0.0.1:56719 - R:localhost/127.0.0.1:51651]' for 'POST' to 'http://localhost:51651/session/c04aca7b2a88dc6bbfde4febecb107e8/element/66de6d85-6d63-43a2-a6c7-424129704d63/value'
17:49:10.215 [Forwarding sendKeysToElement on session c04aca7b2a88dc6bbfde4febecb107e8 to remote] DEBUG org.asynchttpclient.netty.request.NettyRequestSender - Using open Channel [id: 0x08092c49, L:/127.0.0.1:56719 - R:localhost/127.0.0.1:51651] for POST '/session/c04aca7b2a88dc6bbfde4febecb107e8/element/66de6d85-6d63-43a2-a6c7-424129704d63/value'
17:49:10.397 [AsyncHttpClient-1-32] DEBUG org.asynchttpclient.netty.handler.HttpHandler - 

Request DefaultHttpRequest(decodeResult: success, version: HTTP/1.1)
POST /session/c04aca7b2a88dc6bbfde4febecb107e8/element/66de6d85-6d63-43a2-a6c7-424129704d63/value HTTP/1.1
User-Agent: selenium/4.1.2 (java windows)
Content-Length: 241
Content-Type: application/json; charset=utf-8
host: localhost:51651
accept: */*

Response DefaultHttpResponse(decodeResult: success, version: HTTP/1.1)
HTTP/1.1 200 OK
Content-Type: application/json; charset=utf-8
cache-control: no-cache
content-length: 14

17:49:10.398 [AsyncHttpClient-1-32] DEBUG org.asynchttpclient.netty.channel.ChannelManager - Adding key: http://localhost:51651 for channel [id: 0x08092c49, L:/127.0.0.1:56719 - R:localhost/127.0.0.1:51651]
17:49:10.408 [Forwarding findElement on session c04aca7b2a88dc6bbfde4febecb107e8 to remote] DEBUG org.asynchttpclient.netty.request.NettyRequestSender - Using pooled Channel '[id: 0x08092c49, L:/127.0.0.1:56719 - R:localhost/127.0.0.1:51651]' for 'POST' to 'http://localhost:51651/session/c04aca7b2a88dc6bbfde4febecb107e8/element'
17:49:10.408 [Forwarding findElement on session c04aca7b2a88dc6bbfde4febecb107e8 to remote] DEBUG org.asynchttpclient.netty.request.NettyRequestSender - Using open Channel [id: 0x08092c49, L:/127.0.0.1:56719 - R:localhost/127.0.0.1:51651] for POST '/session/c04aca7b2a88dc6bbfde4febecb107e8/element'
17:49:10.425 [AsyncHttpClient-1-32] DEBUG org.asynchttpclient.netty.handler.HttpHandler - 

Request DefaultHttpRequest(decodeResult: success, version: HTTP/1.1)
POST /session/c04aca7b2a88dc6bbfde4febecb107e8/element HTTP/1.1
User-Agent: selenium/4.1.2 (java windows)
Content-Length: 321
Content-Type: application/json; charset=utf-8
host: localhost:51651
accept: */*

Response DefaultHttpResponse(decodeResult: success, version: HTTP/1.1)
HTTP/1.1 200 OK
Content-Type: application/json; charset=utf-8
cache-control: no-cache
content-length: 88

17:49:10.425 [AsyncHttpClient-1-32] DEBUG org.asynchttpclient.netty.channel.ChannelManager - Adding key: http://localhost:51651 for channel [id: 0x08092c49, L:/127.0.0.1:56719 - R:localhost/127.0.0.1:51651]
17:49:10.426 [Forwarding getElementTagName on session c04aca7b2a88dc6bbfde4febecb107e8 to remote] DEBUG org.asynchttpclient.netty.request.NettyRequestSender - Using pooled Channel '[id: 0x08092c49, L:/127.0.0.1:56719 - R:localhost/127.0.0.1:51651]' for 'GET' to 'http://localhost:51651/session/c04aca7b2a88dc6bbfde4febecb107e8/element/d96b37b7-3d8b-4113-9894-21716091b1ae/name'
17:49:10.426 [Forwarding getElementTagName on session c04aca7b2a88dc6bbfde4febecb107e8 to remote] DEBUG org.asynchttpclient.netty.request.NettyRequestSender - Using open Channel [id: 0x08092c49, L:/127.0.0.1:56719 - R:localhost/127.0.0.1:51651] for GET '/session/c04aca7b2a88dc6bbfde4febecb107e8/element/d96b37b7-3d8b-4113-9894-21716091b1ae/name'
17:49:10.436 [AsyncHttpClient-1-32] DEBUG org.asynchttpclient.netty.handler.HttpHandler - 

Request DefaultFullHttpRequest(decodeResult: success, version: HTTP/1.1, content: EmptyByteBufBE)
GET /session/c04aca7b2a88dc6bbfde4febecb107e8/element/d96b37b7-3d8b-4113-9894-21716091b1ae/name HTTP/1.1
User-Agent: selenium/4.1.2 (java windows)
Cache-Control: no-cache
Content-Type: application/json; charset=utf-8
host: localhost:51651
accept: */*

Response DefaultHttpResponse(decodeResult: success, version: HTTP/1.1)
HTTP/1.1 200 OK
Content-Type: application/json; charset=utf-8
cache-control: no-cache
content-length: 18

17:49:10.437 [AsyncHttpClient-1-32] DEBUG org.asynchttpclient.netty.channel.ChannelManager - Adding key: http://localhost:51651 for channel [id: 0x08092c49, L:/127.0.0.1:56719 - R:localhost/127.0.0.1:51651]
17:49:10.441 [Forwarding getElementTagName on session c04aca7b2a88dc6bbfde4febecb107e8 to remote] DEBUG org.asynchttpclient.netty.request.NettyRequestSender - Using pooled Channel '[id: 0x08092c49, L:/127.0.0.1:56719 - R:localhost/127.0.0.1:51651]' for 'GET' to 'http://localhost:51651/session/c04aca7b2a88dc6bbfde4febecb107e8/element/d96b37b7-3d8b-4113-9894-21716091b1ae/name'
17:49:10.441 [Forwarding getElementTagName on session c04aca7b2a88dc6bbfde4febecb107e8 to remote] DEBUG org.asynchttpclient.netty.request.NettyRequestSender - Using open Channel [id: 0x08092c49, L:/127.0.0.1:56719 - R:localhost/127.0.0.1:51651] for GET '/session/c04aca7b2a88dc6bbfde4febecb107e8/element/d96b37b7-3d8b-4113-9894-21716091b1ae/name'
17:49:10.445 [AsyncHttpClient-1-32] DEBUG org.asynchttpclient.netty.handler.HttpHandler - 

Request DefaultFullHttpRequest(decodeResult: success, version: HTTP/1.1, content: EmptyByteBufBE)
GET /session/c04aca7b2a88dc6bbfde4febecb107e8/element/d96b37b7-3d8b-4113-9894-21716091b1ae/name HTTP/1.1
User-Agent: selenium/4.1.2 (java windows)
Cache-Control: no-cache
Content-Type: application/json; charset=utf-8
host: localhost:51651
accept: */*

Response DefaultHttpResponse(decodeResult: success, version: HTTP/1.1)
HTTP/1.1 200 OK
Content-Type: application/json; charset=utf-8
cache-control: no-cache
content-length: 18

17:49:10.445 [AsyncHttpClient-1-32] DEBUG org.asynchttpclient.netty.channel.ChannelManager - Adding key: http://localhost:51651 for channel [id: 0x08092c49, L:/127.0.0.1:56719 - R:localhost/127.0.0.1:51651]
17:49:10.447 [Forwarding isElementEnabled on session c04aca7b2a88dc6bbfde4febecb107e8 to remote] DEBUG org.asynchttpclient.netty.request.NettyRequestSender - Using pooled Channel '[id: 0x08092c49, L:/127.0.0.1:56719 - R:localhost/127.0.0.1:51651]' for 'GET' to 'http://localhost:51651/session/c04aca7b2a88dc6bbfde4febecb107e8/element/d96b37b7-3d8b-4113-9894-21716091b1ae/enabled'
17:49:10.447 [Forwarding isElementEnabled on session c04aca7b2a88dc6bbfde4febecb107e8 to remote] DEBUG org.asynchttpclient.netty.request.NettyRequestSender - Using open Channel [id: 0x08092c49, L:/127.0.0.1:56719 - R:localhost/127.0.0.1:51651] for GET '/session/c04aca7b2a88dc6bbfde4febecb107e8/element/d96b37b7-3d8b-4113-9894-21716091b1ae/enabled'
17:49:10.460 [AsyncHttpClient-1-32] DEBUG org.asynchttpclient.netty.handler.HttpHandler - 

Request DefaultFullHttpRequest(decodeResult: success, version: HTTP/1.1, content: EmptyByteBufBE)
GET /session/c04aca7b2a88dc6bbfde4febecb107e8/element/d96b37b7-3d8b-4113-9894-21716091b1ae/enabled HTTP/1.1
User-Agent: selenium/4.1.2 (java windows)
Cache-Control: no-cache
Content-Type: application/json; charset=utf-8
host: localhost:51651
accept: */*

Response DefaultHttpResponse(decodeResult: success, version: HTTP/1.1)
HTTP/1.1 200 OK
Content-Type: application/json; charset=utf-8
cache-control: no-cache
content-length: 14

17:49:10.460 [AsyncHttpClient-1-32] DEBUG org.asynchttpclient.netty.channel.ChannelManager - Adding key: http://localhost:51651 for channel [id: 0x08092c49, L:/127.0.0.1:56719 - R:localhost/127.0.0.1:51651]
17:49:10.461 [Forwarding isElementEnabled on session c04aca7b2a88dc6bbfde4febecb107e8 to remote] DEBUG org.asynchttpclient.netty.request.NettyRequestSender - Using pooled Channel '[id: 0x08092c49, L:/127.0.0.1:56719 - R:localhost/127.0.0.1:51651]' for 'GET' to 'http://localhost:51651/session/c04aca7b2a88dc6bbfde4febecb107e8/element/d96b37b7-3d8b-4113-9894-21716091b1ae/enabled'
17:49:10.461 [Forwarding isElementEnabled on session c04aca7b2a88dc6bbfde4febecb107e8 to remote] DEBUG org.asynchttpclient.netty.request.NettyRequestSender - Using open Channel [id: 0x08092c49, L:/127.0.0.1:56719 - R:localhost/127.0.0.1:51651] for GET '/session/c04aca7b2a88dc6bbfde4febecb107e8/element/d96b37b7-3d8b-4113-9894-21716091b1ae/enabled'
17:49:10.476 [AsyncHttpClient-1-32] DEBUG org.asynchttpclient.netty.handler.HttpHandler - 

Request DefaultFullHttpRequest(decodeResult: success, version: HTTP/1.1, content: EmptyByteBufBE)
GET /session/c04aca7b2a88dc6bbfde4febecb107e8/element/d96b37b7-3d8b-4113-9894-21716091b1ae/enabled HTTP/1.1
User-Agent: selenium/4.1.2 (java windows)
Cache-Control: no-cache
Content-Type: application/json; charset=utf-8
host: localhost:51651
accept: */*

Response DefaultHttpResponse(decodeResult: success, version: HTTP/1.1)
HTTP/1.1 200 OK
Content-Type: application/json; charset=utf-8
cache-control: no-cache
content-length: 14

17:49:10.476 [AsyncHttpClient-1-32] DEBUG org.asynchttpclient.netty.channel.ChannelManager - Adding key: http://localhost:51651 for channel [id: 0x08092c49, L:/127.0.0.1:56719 - R:localhost/127.0.0.1:51651]
17:49:10.478 [Forwarding findElement on session c04aca7b2a88dc6bbfde4febecb107e8 to remote] DEBUG org.asynchttpclient.netty.request.NettyRequestSender - Using pooled Channel '[id: 0x08092c49, L:/127.0.0.1:56719 - R:localhost/127.0.0.1:51651]' for 'POST' to 'http://localhost:51651/session/c04aca7b2a88dc6bbfde4febecb107e8/element'
17:49:10.478 [Forwarding findElement on session c04aca7b2a88dc6bbfde4febecb107e8 to remote] DEBUG org.asynchttpclient.netty.request.NettyRequestSender - Using open Channel [id: 0x08092c49, L:/127.0.0.1:56719 - R:localhost/127.0.0.1:51651] for POST '/session/c04aca7b2a88dc6bbfde4febecb107e8/element'
17:49:10.488 [AsyncHttpClient-1-32] DEBUG org.asynchttpclient.netty.handler.HttpHandler - 

Request DefaultHttpRequest(decodeResult: success, version: HTTP/1.1)
POST /session/c04aca7b2a88dc6bbfde4febecb107e8/element HTTP/1.1
User-Agent: selenium/4.1.2 (java windows)
Content-Length: 321
Content-Type: application/json; charset=utf-8
host: localhost:51651
accept: */*

Response DefaultHttpResponse(decodeResult: success, version: HTTP/1.1)
HTTP/1.1 200 OK
Content-Type: application/json; charset=utf-8
cache-control: no-cache
content-length: 88

17:49:10.489 [AsyncHttpClient-1-32] DEBUG org.asynchttpclient.netty.channel.ChannelManager - Adding key: http://localhost:51651 for channel [id: 0x08092c49, L:/127.0.0.1:56719 - R:localhost/127.0.0.1:51651]
17:49:10.490 [Forwarding clickElement on session c04aca7b2a88dc6bbfde4febecb107e8 to remote] DEBUG org.asynchttpclient.netty.request.NettyRequestSender - Using pooled Channel '[id: 0x08092c49, L:/127.0.0.1:56719 - R:localhost/127.0.0.1:51651]' for 'POST' to 'http://localhost:51651/session/c04aca7b2a88dc6bbfde4febecb107e8/element/d96b37b7-3d8b-4113-9894-21716091b1ae/click'
17:49:10.490 [Forwarding clickElement on session c04aca7b2a88dc6bbfde4febecb107e8 to remote] DEBUG org.asynchttpclient.netty.request.NettyRequestSender - Using open Channel [id: 0x08092c49, L:/127.0.0.1:56719 - R:localhost/127.0.0.1:51651] for POST '/session/c04aca7b2a88dc6bbfde4febecb107e8/element/d96b37b7-3d8b-4113-9894-21716091b1ae/click'
17:49:10.565 [AsyncHttpClient-1-32] DEBUG org.asynchttpclient.netty.handler.HttpHandler - 

Request DefaultHttpRequest(decodeResult: success, version: HTTP/1.1)
POST /session/c04aca7b2a88dc6bbfde4febecb107e8/element/d96b37b7-3d8b-4113-9894-21716091b1ae/click HTTP/1.1
User-Agent: selenium/4.1.2 (java windows)
Content-Length: 50
Content-Type: application/json; charset=utf-8
host: localhost:51651
accept: */*

Response DefaultHttpResponse(decodeResult: success, version: HTTP/1.1)
HTTP/1.1 200 OK
Content-Type: application/json; charset=utf-8
cache-control: no-cache
content-length: 14

17:49:10.566 [AsyncHttpClient-1-32] DEBUG org.asynchttpclient.netty.channel.ChannelManager - Adding key: http://localhost:51651 for channel [id: 0x08092c49, L:/127.0.0.1:56719 - R:localhost/127.0.0.1:51651]
  &amp#27;[32mAnd &amp#27;[0m&amp#27;[32mI have logged in&amp#27;[0m                 &amp#27;[90m# starter.stepdefinitions.ManageVaccinationBookingsSteps.iHaveLoggedIn()&amp#27;[0m
17:49:10.576 [Forwarding screenshot on session c04aca7b2a88dc6bbfde4febecb107e8 to remote] DEBUG org.asynchttpclient.netty.request.NettyRequestSender - Using pooled Channel '[id: 0x08092c49, L:/127.0.0.1:56719 - R:localhost/127.0.0.1:51651]' for 'GET' to 'http://localhost:51651/session/c04aca7b2a88dc6bbfde4febecb107e8/screenshot'
17:49:10.576 [Forwarding screenshot on session c04aca7b2a88dc6bbfde4febecb107e8 to remote] DEBUG org.asynchttpclient.netty.request.NettyRequestSender - Using open Channel [id: 0x08092c49, L:/127.0.0.1:56719 - R:localhost/127.0.0.1:51651] for GET '/session/c04aca7b2a88dc6bbfde4febecb107e8/screenshot'
17:49:10.894 [AsyncHttpClient-1-32] DEBUG org.asynchttpclient.netty.handler.HttpHandler - 

Request DefaultFullHttpRequest(decodeResult: success, version: HTTP/1.1, content: EmptyByteBufBE)
GET /session/c04aca7b2a88dc6bbfde4febecb107e8/screenshot HTTP/1.1
User-Agent: selenium/4.1.2 (java windows)
Cache-Control: no-cache
Content-Type: application/json; charset=utf-8
host: localhost:51651
accept: */*

Response DefaultHttpResponse(decodeResult: success, version: HTTP/1.1)
HTTP/1.1 200 OK
Content-Type: application/json; charset=utf-8
cache-control: no-cache
content-length: 115940

17:49:10.895 [AsyncHttpClient-1-32] DEBUG org.asynchttpclient.netty.channel.ChannelManager - Adding key: http://localhost:51651 for channel [id: 0x08092c49, L:/127.0.0.1:56719 - R:localhost/127.0.0.1:51651]
17:49:10.898 [main] DEBUG net.serenitybdd.core.photography.Darkroom - Send negative for processing for target\site\serenity\c94a116c33605345a214c24e8c701fbcddf0fc178fbed291e3a9ffa9243af7e2.png
17:49:10.899 [Darkroom Processing Line] DEBUG net.serenitybdd.core.photography.DarkroomProcessingLine - Processing screenshot image in /var/screenshots/screenshot-6542597193991183071
17:49:10.899 [Darkroom Processing Line] DEBUG net.serenitybdd.core.photography.DarkroomProcessingLine - Saving screenshot to target\site\serenity\c94a116c33605345a214c24e8c701fbcddf0fc178fbed291e3a9ffa9243af7e2.png
17:49:11.112 [Forwarding findElement on session c04aca7b2a88dc6bbfde4febecb107e8 to remote] DEBUG org.asynchttpclient.netty.request.NettyRequestSender - Using pooled Channel '[id: 0x08092c49, L:/127.0.0.1:56719 - R:localhost/127.0.0.1:51651]' for 'POST' to 'http://localhost:51651/session/c04aca7b2a88dc6bbfde4febecb107e8/element'
17:49:11.112 [Forwarding findElement on session c04aca7b2a88dc6bbfde4febecb107e8 to remote] DEBUG org.asynchttpclient.netty.request.NettyRequestSender - Using open Channel [id: 0x08092c49, L:/127.0.0.1:56719 - R:localhost/127.0.0.1:51651] for POST '/session/c04aca7b2a88dc6bbfde4febecb107e8/element'
17:49:11.185 [AsyncHttpClient-1-32] DEBUG org.asynchttpclient.netty.handler.HttpHandler - 

Request DefaultHttpRequest(decodeResult: success, version: HTTP/1.1)
POST /session/c04aca7b2a88dc6bbfde4febecb107e8/element HTTP/1.1
User-Agent: selenium/4.1.2 (java windows)
Content-Length: 78
Content-Type: application/json; charset=utf-8
host: localhost:51651
accept: */*

Response DefaultHttpResponse(decodeResult: success, version: HTTP/1.1)
HTTP/1.1 200 OK
Content-Type: application/json; charset=utf-8
cache-control: no-cache
content-length: 88

17:49:11.185 [AsyncHttpClient-1-32] DEBUG org.asynchttpclient.netty.channel.ChannelManager - Adding key: http://localhost:51651 for channel [id: 0x08092c49, L:/127.0.0.1:56719 - R:localhost/127.0.0.1:51651]
17:49:11.187 [Forwarding getElementTagName on session c04aca7b2a88dc6bbfde4febecb107e8 to remote] DEBUG org.asynchttpclient.netty.request.NettyRequestSender - Using pooled Channel '[id: 0x08092c49, L:/127.0.0.1:56719 - R:localhost/127.0.0.1:51651]' for 'GET' to 'http://localhost:51651/session/c04aca7b2a88dc6bbfde4febecb107e8/element/d9171676-7ae8-4b32-913d-28965459f886/name'
17:49:11.187 [Forwarding getElementTagName on session c04aca7b2a88dc6bbfde4febecb107e8 to remote] DEBUG org.asynchttpclient.netty.request.NettyRequestSender - Using open Channel [id: 0x08092c49, L:/127.0.0.1:56719 - R:localhost/127.0.0.1:51651] for GET '/session/c04aca7b2a88dc6bbfde4febecb107e8/element/d9171676-7ae8-4b32-913d-28965459f886/name'
17:49:11.194 [AsyncHttpClient-1-32] DEBUG org.asynchttpclient.netty.handler.HttpHandler - 

Request DefaultFullHttpRequest(decodeResult: success, version: HTTP/1.1, content: EmptyByteBufBE)
GET /session/c04aca7b2a88dc6bbfde4febecb107e8/element/d9171676-7ae8-4b32-913d-28965459f886/name HTTP/1.1
User-Agent: selenium/4.1.2 (java windows)
Cache-Control: no-cache
Content-Type: application/json; charset=utf-8
host: localhost:51651
accept: */*

Response DefaultHttpResponse(decodeResult: success, version: HTTP/1.1)
HTTP/1.1 200 OK
Content-Type: application/json; charset=utf-8
cache-control: no-cache
content-length: 13

17:49:11.194 [AsyncHttpClient-1-32] DEBUG org.asynchttpclient.netty.channel.ChannelManager - Adding key: http://localhost:51651 for channel [id: 0x08092c49, L:/127.0.0.1:56719 - R:localhost/127.0.0.1:51651]
17:49:11.196 [Forwarding getElementTagName on session c04aca7b2a88dc6bbfde4febecb107e8 to remote] DEBUG org.asynchttpclient.netty.request.NettyRequestSender - Using pooled Channel '[id: 0x08092c49, L:/127.0.0.1:56719 - R:localhost/127.0.0.1:51651]' for 'GET' to 'http://localhost:51651/session/c04aca7b2a88dc6bbfde4febecb107e8/element/d9171676-7ae8-4b32-913d-28965459f886/name'
17:49:11.196 [Forwarding getElementTagName on session c04aca7b2a88dc6bbfde4febecb107e8 to remote] DEBUG org.asynchttpclient.netty.request.NettyRequestSender - Using open Channel [id: 0x08092c49, L:/127.0.0.1:56719 - R:localhost/127.0.0.1:51651] for GET '/session/c04aca7b2a88dc6bbfde4febecb107e8/element/d9171676-7ae8-4b32-913d-28965459f886/name'
17:49:11.202 [AsyncHttpClient-1-32] DEBUG org.asynchttpclient.netty.handler.HttpHandler - 

Request DefaultFullHttpRequest(decodeResult: success, version: HTTP/1.1, content: EmptyByteBufBE)
GET /session/c04aca7b2a88dc6bbfde4febecb107e8/element/d9171676-7ae8-4b32-913d-28965459f886/name HTTP/1.1
User-Agent: selenium/4.1.2 (java windows)
Cache-Control: no-cache
Content-Type: application/json; charset=utf-8
host: localhost:51651
accept: */*

Response DefaultHttpResponse(decodeResult: success, version: HTTP/1.1)
HTTP/1.1 200 OK
Content-Type: application/json; charset=utf-8
cache-control: no-cache
content-length: 13

17:49:11.202 [AsyncHttpClient-1-32] DEBUG org.asynchttpclient.netty.channel.ChannelManager - Adding key: http://localhost:51651 for channel [id: 0x08092c49, L:/127.0.0.1:56719 - R:localhost/127.0.0.1:51651]
17:49:11.204 [Forwarding findElement on session c04aca7b2a88dc6bbfde4febecb107e8 to remote] DEBUG org.asynchttpclient.netty.request.NettyRequestSender - Using pooled Channel '[id: 0x08092c49, L:/127.0.0.1:56719 - R:localhost/127.0.0.1:51651]' for 'POST' to 'http://localhost:51651/session/c04aca7b2a88dc6bbfde4febecb107e8/element'
17:49:11.204 [Forwarding findElement on session c04aca7b2a88dc6bbfde4febecb107e8 to remote] DEBUG org.asynchttpclient.netty.request.NettyRequestSender - Using open Channel [id: 0x08092c49, L:/127.0.0.1:56719 - R:localhost/127.0.0.1:51651] for POST '/session/c04aca7b2a88dc6bbfde4febecb107e8/element'
17:49:11.214 [AsyncHttpClient-1-32] DEBUG org.asynchttpclient.netty.handler.HttpHandler - 

Request DefaultHttpRequest(decodeResult: success, version: HTTP/1.1)
POST /session/c04aca7b2a88dc6bbfde4febecb107e8/element HTTP/1.1
User-Agent: selenium/4.1.2 (java windows)
Content-Length: 78
Content-Type: application/json; charset=utf-8
host: localhost:51651
accept: */*

Response DefaultHttpResponse(decodeResult: success, version: HTTP/1.1)
HTTP/1.1 200 OK
Content-Type: application/json; charset=utf-8
cache-control: no-cache
content-length: 88

17:49:11.214 [AsyncHttpClient-1-32] DEBUG org.asynchttpclient.netty.channel.ChannelManager - Adding key: http://localhost:51651 for channel [id: 0x08092c49, L:/127.0.0.1:56719 - R:localhost/127.0.0.1:51651]
17:49:11.215 [AsyncHttpClient-1-1] DEBUG org.asynchttpclient.netty.channel.DefaultChannelPool - Entry count for : http://localhost:56720 : 1
17:49:11.215 [AsyncHttpClient-1-1] DEBUG org.asynchttpclient.netty.channel.DefaultChannelPool - Entry count for : http://localhost:51651 : 1
17:49:11.218 [Forwarding clickElement on session c04aca7b2a88dc6bbfde4febecb107e8 to remote] DEBUG org.asynchttpclient.netty.request.NettyRequestSender - Using pooled Channel '[id: 0x08092c49, L:/127.0.0.1:56719 - R:localhost/127.0.0.1:51651]' for 'POST' to 'http://localhost:51651/session/c04aca7b2a88dc6bbfde4febecb107e8/element/d9171676-7ae8-4b32-913d-28965459f886/click'
17:49:11.218 [Forwarding clickElement on session c04aca7b2a88dc6bbfde4febecb107e8 to remote] DEBUG org.asynchttpclient.netty.request.NettyRequestSender - Using open Channel [id: 0x08092c49, L:/127.0.0.1:56719 - R:localhost/127.0.0.1:51651] for POST '/session/c04aca7b2a88dc6bbfde4febecb107e8/element/d9171676-7ae8-4b32-913d-28965459f886/click'
17:49:11.406 [AsyncHttpClient-1-32] DEBUG org.asynchttpclient.netty.handler.HttpHandler - 

Request DefaultHttpRequest(decodeResult: success, version: HTTP/1.1)
POST /session/c04aca7b2a88dc6bbfde4febecb107e8/element/d9171676-7ae8-4b32-913d-28965459f886/click HTTP/1.1
User-Agent: selenium/4.1.2 (java windows)
Content-Length: 50
Content-Type: application/json; charset=utf-8
host: localhost:51651
accept: */*

Response DefaultHttpResponse(decodeResult: success, version: HTTP/1.1)
HTTP/1.1 200 OK
Content-Type: application/json; charset=utf-8
cache-control: no-cache
content-length: 14

17:49:11.407 [AsyncHttpClient-1-32] DEBUG org.asynchttpclient.netty.channel.ChannelManager - Adding key: http://localhost:51651 for channel [id: 0x08092c49, L:/127.0.0.1:56719 - R:localhost/127.0.0.1:51651]
  &amp#27;[32mWhen &amp#27;[0m&amp#27;[32mI go to Daftar Vaksin page&amp#27;[0m      &amp#27;[90m# starter.stepdefinitions.VaccineNamesSteps.iGoToDaftarVaksinPage()&amp#27;[0m
17:49:11.416 [Forwarding screenshot on session c04aca7b2a88dc6bbfde4febecb107e8 to remote] DEBUG org.asynchttpclient.netty.request.NettyRequestSender - Using pooled Channel '[id: 0x08092c49, L:/127.0.0.1:56719 - R:localhost/127.0.0.1:51651]' for 'GET' to 'http://localhost:51651/session/c04aca7b2a88dc6bbfde4febecb107e8/screenshot'
17:49:11.416 [Forwarding screenshot on session c04aca7b2a88dc6bbfde4febecb107e8 to remote] DEBUG org.asynchttpclient.netty.request.NettyRequestSender - Using open Channel [id: 0x08092c49, L:/127.0.0.1:56719 - R:localhost/127.0.0.1:51651] for GET '/session/c04aca7b2a88dc6bbfde4febecb107e8/screenshot'
17:49:11.875 [AsyncHttpClient-1-32] DEBUG org.asynchttpclient.netty.handler.HttpHandler - 

Request DefaultFullHttpRequest(decodeResult: success, version: HTTP/1.1, content: EmptyByteBufBE)
GET /session/c04aca7b2a88dc6bbfde4febecb107e8/screenshot HTTP/1.1
User-Agent: selenium/4.1.2 (java windows)
Cache-Control: no-cache
Content-Type: application/json; charset=utf-8
host: localhost:51651
accept: */*

Response DefaultHttpResponse(decodeResult: success, version: HTTP/1.1)
HTTP/1.1 200 OK
Content-Type: application/json; charset=utf-8
cache-control: no-cache
content-length: 138796

17:49:11.875 [AsyncHttpClient-1-32] DEBUG org.asynchttpclient.netty.channel.ChannelManager - Adding key: http://localhost:51651 for channel [id: 0x08092c49, L:/127.0.0.1:56719 - R:localhost/127.0.0.1:51651]
17:49:11.880 [main] DEBUG net.serenitybdd.core.photography.Darkroom - Send negative for processing for target\site\serenity\4fea66e4e8af8cdaf920731d19aa5f4114659b230294d8bb9f8b319b425b5c0a.png
17:49:11.880 [Darkroom Processing Line] DEBUG net.serenitybdd.core.photography.DarkroomProcessingLine - Processing screenshot image in /var/screenshots/screenshot-7039296001161321754
17:49:11.880 [Darkroom Processing Line] DEBUG net.serenitybdd.core.photography.DarkroomProcessingLine - Saving screenshot to target\site\serenity\4fea66e4e8af8cdaf920731d19aa5f4114659b230294d8bb9f8b319b425b5c0a.png
17:49:11.892 [Forwarding findElement on session c04aca7b2a88dc6bbfde4febecb107e8 to remote] DEBUG org.asynchttpclient.netty.request.NettyRequestSender - Using pooled Channel '[id: 0x08092c49, L:/127.0.0.1:56719 - R:localhost/127.0.0.1:51651]' for 'POST' to 'http://localhost:51651/session/c04aca7b2a88dc6bbfde4febecb107e8/element'
17:49:11.892 [Forwarding findElement on session c04aca7b2a88dc6bbfde4febecb107e8 to remote] DEBUG org.asynchttpclient.netty.request.NettyRequestSender - Using open Channel [id: 0x08092c49, L:/127.0.0.1:56719 - R:localhost/127.0.0.1:51651] for POST '/session/c04aca7b2a88dc6bbfde4febecb107e8/element'
17:49:11.909 [AsyncHttpClient-1-32] DEBUG org.asynchttpclient.netty.handler.HttpHandler - 

Request DefaultHttpRequest(decodeResult: success, version: HTTP/1.1)
POST /session/c04aca7b2a88dc6bbfde4febecb107e8/element HTTP/1.1
User-Agent: selenium/4.1.2 (java windows)
Content-Length: 78
Content-Type: application/json; charset=utf-8
host: localhost:51651
accept: */*

Response DefaultHttpResponse(decodeResult: success, version: HTTP/1.1)
HTTP/1.1 200 OK
Content-Type: application/json; charset=utf-8
cache-control: no-cache
content-length: 88

17:49:11.909 [AsyncHttpClient-1-32] DEBUG org.asynchttpclient.netty.channel.ChannelManager - Adding key: http://localhost:51651 for channel [id: 0x08092c49, L:/127.0.0.1:56719 - R:localhost/127.0.0.1:51651]
17:49:11.928 [Forwarding isElementDisplayed on session c04aca7b2a88dc6bbfde4febecb107e8 to remote] DEBUG org.asynchttpclient.netty.request.NettyRequestSender - Using pooled Channel '[id: 0x08092c49, L:/127.0.0.1:56719 - R:localhost/127.0.0.1:51651]' for 'POST' to 'http://localhost:51651/session/c04aca7b2a88dc6bbfde4febecb107e8/execute/sync'
17:49:11.928 [Forwarding isElementDisplayed on session c04aca7b2a88dc6bbfde4febecb107e8 to remote] DEBUG org.asynchttpclient.netty.request.NettyRequestSender - Using open Channel [id: 0x08092c49, L:/127.0.0.1:56719 - R:localhost/127.0.0.1:51651] for POST '/session/c04aca7b2a88dc6bbfde4febecb107e8/execute/sync'
17:49:11.944 [AsyncHttpClient-1-32] DEBUG org.asynchttpclient.netty.handler.HttpHandler - 

Request DefaultHttpRequest(decodeResult: success, version: HTTP/1.1)
POST /session/c04aca7b2a88dc6bbfde4febecb107e8/execute/sync HTTP/1.1
User-Agent: selenium/4.1.2 (java windows)
Content-Length: 48780
Content-Type: application/json; charset=utf-8
host: localhost:51651
accept: */*

Response DefaultHttpResponse(decodeResult: success, version: HTTP/1.1)
HTTP/1.1 200 OK
Content-Type: application/json; charset=utf-8
cache-control: no-cache
content-length: 14

17:49:11.944 [AsyncHttpClient-1-32] DEBUG org.asynchttpclient.netty.channel.ChannelManager - Adding key: http://localhost:51651 for channel [id: 0x08092c49, L:/127.0.0.1:56719 - R:localhost/127.0.0.1:51651]
  &amp#27;[32mThen &amp#27;[0m&amp#27;[32mvaccine names will be displayed&amp#27;[0m &amp#27;[90m# starter.stepdefinitions.VaccineNamesSteps.vaccineNamesWillBeDisplayed()&amp#27;[0m
17:49:11.948 [Forwarding screenshot on session c04aca7b2a88dc6bbfde4febecb107e8 to remote] DEBUG org.asynchttpclient.netty.request.NettyRequestSender - Using pooled Channel '[id: 0x08092c49, L:/127.0.0.1:56719 - R:localhost/127.0.0.1:51651]' for 'GET' to 'http://localhost:51651/session/c04aca7b2a88dc6bbfde4febecb107e8/screenshot'
17:49:11.948 [Forwarding screenshot on session c04aca7b2a88dc6bbfde4febecb107e8 to remote] DEBUG org.asynchttpclient.netty.request.NettyRequestSender - Using open Channel [id: 0x08092c49, L:/127.0.0.1:56719 - R:localhost/127.0.0.1:51651] for GET '/session/c04aca7b2a88dc6bbfde4febecb107e8/screenshot'
17:49:12.140 [AsyncHttpClient-1-32] DEBUG org.asynchttpclient.netty.handler.HttpHandler - 

Request DefaultFullHttpRequest(decodeResult: success, version: HTTP/1.1, content: EmptyByteBufBE)
GET /session/c04aca7b2a88dc6bbfde4febecb107e8/screenshot HTTP/1.1
User-Agent: selenium/4.1.2 (java windows)
Cache-Control: no-cache
Content-Type: application/json; charset=utf-8
host: localhost:51651
accept: */*

Response DefaultHttpResponse(decodeResult: success, version: HTTP/1.1)
HTTP/1.1 200 OK
Content-Type: application/json; charset=utf-8
cache-control: no-cache
content-length: 157592

17:49:12.140 [AsyncHttpClient-1-32] DEBUG org.asynchttpclient.netty.channel.ChannelManager - Adding key: http://localhost:51651 for channel [id: 0x08092c49, L:/127.0.0.1:56719 - R:localhost/127.0.0.1:51651]
17:49:12.146 [main] DEBUG net.serenitybdd.core.photography.Darkroom - Send negative for processing for target\site\serenity\b07dfd7e5844f938a08db688e959e4448dbbc06ef759a88092431d959d2c413b.png
17:49:12.147 [Darkroom Processing Line] DEBUG net.serenitybdd.core.photography.DarkroomProcessingLine - Processing screenshot image in /var/screenshots/screenshot-7276090598050581283
17:49:12.147 [Darkroom Processing Line] DEBUG net.serenitybdd.core.photography.DarkroomProcessingLine - Saving screenshot to target\site\serenity\b07dfd7e5844f938a08db688e959e4448dbbc06ef759a88092431d959d2c413b.png
17:49:12.148 [main] INFO  - 
  _____   ___   ___   _____     ___     _     ___   ___   ___   ___  
 |_   _| | __| / __| |_   _|   | _ \   /_\   / __| / __| | __| |   \ 
   | |   | _|  \__ \   | |     |  _/  / _ \  \__ \ \__ \ | _|  | |) |
   |_|   |___| |___/   |_|     |_|   /_/ \_\ |___/ |___/ |___| |___/ 


----------------------------------------------------------------------
17:49:12.150 [AsyncHttpClient-1-2] DEBUG org.asynchttpclient.netty.handler.WebSocketHandler - Channel Closed: [id: 0xf4bdd5b5, L:/127.0.0.1:56728 ! R:localhost/127.0.0.1:56720] with attribute NettyResponseFuture{currentRetry=5,
	isDone=1,
	isCancelled=0,
	asyncHandler=org.asynchttpclient.ws.WebSocketUpgradeHandler@4b9fef3a,
	nettyRequest=org.asynchttpclient.netty.request.NettyRequest@62621d53,
	future=java.util.concurrent.CompletableFuture@15be0a47[Completed normally],
	uri=ws://localhost:56720/devtools/browser/36c1720d-ecaf-46a7-9b05-463ca269b73c,
	keepAlive=true,
	redirectCount=0,
	timeoutsHolder=null,
	inAuth=0,
	touch=1671446947349}
17:49:12.150 [AsyncHttpClient-1-2] DEBUG org.asynchttpclient.netty.channel.ChannelManager - Closing Channel [id: 0xf4bdd5b5, L:/127.0.0.1:56728 ! R:localhost/127.0.0.1:56720] 
17:49:12.150 [Driver Command Executor] DEBUG org.asynchttpclient.netty.request.NettyRequestSender - Using pooled Channel '[id: 0x08092c49, L:/127.0.0.1:56719 - R:localhost/127.0.0.1:51651]' for 'DELETE' to 'http://localhost:51651/session/c04aca7b2a88dc6bbfde4febecb107e8'
17:49:12.151 [Driver Command Executor] DEBUG org.asynchttpclient.netty.request.NettyRequestSender - Using open Channel [id: 0x08092c49, L:/127.0.0.1:56719 - R:localhost/127.0.0.1:51651] for DELETE '/session/c04aca7b2a88dc6bbfde4febecb107e8'
17:49:12.179 [AsyncHttpClient-1-33] DEBUG org.asynchttpclient.netty.handler.HttpHandler - Unexpected I/O exception on channel [id: 0x69a09595, L:/127.0.0.1:56727 - R:localhost/127.0.0.1:56720]
java.io.IOException: An existing connection was forcibly closed by the remote host
	at java.base/sun.nio.ch.SocketDispatcher.read0(Native Method)
	at java.base/sun.nio.ch.SocketDispatcher.read(SocketDispatcher.java:43)
	at java.base/sun.nio.ch.IOUtil.readIntoNativeBuffer(IOUtil.java:276)
	at java.base/sun.nio.ch.IOUtil.read(IOUtil.java:233)
	at java.base/sun.nio.ch.IOUtil.read(IOUtil.java:223)
	at java.base/sun.nio.ch.SocketChannelImpl.read(SocketChannelImpl.java:358)
	at io.netty.buffer.PooledByteBuf.setBytes(PooledByteBuf.java:258)
	at io.netty.buffer.AbstractByteBuf.writeBytes(AbstractByteBuf.java:1132)
	at io.netty.channel.socket.nio.NioSocketChannel.doReadBytes(NioSocketChannel.java:350)
	at io.netty.channel.nio.AbstractNioByteChannel$NioByteUnsafe.read(AbstractNioByteChannel.java:151)
	at io.netty.channel.nio.NioEventLoop.processSelectedKey(NioEventLoop.java:722)
	at io.netty.channel.nio.NioEventLoop.processSelectedKeysOptimized(NioEventLoop.java:658)
	at io.netty.channel.nio.NioEventLoop.processSelectedKeys(NioEventLoop.java:584)
	at io.netty.channel.nio.NioEventLoop.run(NioEventLoop.java:496)
	at io.netty.util.concurrent.SingleThreadEventExecutor$4.run(SingleThreadEventExecutor.java:986)
	at io.netty.util.internal.ThreadExecutorMap$2.run(ThreadExecutorMap.java:74)
	at io.netty.util.concurrent.FastThreadLocalRunnable.run(FastThreadLocalRunnable.java:30)
	at java.base/java.lang.Thread.run(Thread.java:834)
17:49:12.180 [AsyncHttpClient-1-33] DEBUG org.asynchttpclient.netty.channel.ChannelManager - Closing Channel [id: 0x69a09595, L:/127.0.0.1:56727 - R:localhost/127.0.0.1:56720] 
17:49:12.180 [AsyncHttpClient-1-33] DEBUG org.asynchttpclient.netty.handler.HttpHandler - Channel Closed: [id: 0x69a09595, L:/127.0.0.1:56727 ! R:localhost/127.0.0.1:56720] with attribute DISCARD
17:49:12.204 [AsyncHttpClient-1-32] DEBUG org.asynchttpclient.netty.handler.HttpHandler - 

Request DefaultFullHttpRequest(decodeResult: success, version: HTTP/1.1, content: EmptyByteBufBE)
DELETE /session/c04aca7b2a88dc6bbfde4febecb107e8 HTTP/1.1
User-Agent: selenium/4.1.2 (java windows)
Content-Type: application/json; charset=utf-8
host: localhost:51651
accept: */*

Response DefaultHttpResponse(decodeResult: success, version: HTTP/1.1)
HTTP/1.1 200 OK
Content-Type: application/json; charset=utf-8
cache-control: no-cache
content-length: 14

17:49:12.204 [AsyncHttpClient-1-32] DEBUG org.asynchttpclient.netty.channel.ChannelManager - Adding key: http://localhost:51651 for channel [id: 0x08092c49, L:/127.0.0.1:56719 - R:localhost/127.0.0.1:51651]
17:49:12.260 [AsyncHttpClient-1-32] DEBUG org.asynchttpclient.netty.handler.HttpHandler - Channel Closed: [id: 0x08092c49, L:/127.0.0.1:56719 ! R:localhost/127.0.0.1:51651] with attribute DISCARD
17:49:12.315 [AsyncHttpClient-1-1] DEBUG org.asynchttpclient.netty.channel.DefaultChannelPool - Entry count for : http://localhost:56720 : 1
17:49:12.315 [AsyncHttpClient-1-1] DEBUG org.asynchttpclient.netty.channel.DefaultChannelPool - Entry count for : http://localhost:51651 : 1
17:49:12.315 [AsyncHttpClient-1-1] DEBUG org.asynchttpclient.netty.channel.DefaultChannelPool - Adding Candidate expired Channel [id: 0x69a09595, L:/127.0.0.1:56727 ! R:localhost/127.0.0.1:56720] isIdleTimeoutExpired=false isRemotelyClosed=true isTtlExpired=false
17:49:12.315 [AsyncHttpClient-1-1] DEBUG org.asynchttpclient.netty.channel.DefaultChannelPool - Closing Idle Channel [id: 0x69a09595, L:/127.0.0.1:56727 ! R:localhost/127.0.0.1:56720]
17:49:12.315 [AsyncHttpClient-1-1] DEBUG org.asynchttpclient.netty.channel.DefaultChannelPool - Adding Candidate expired Channel [id: 0x08092c49, L:/127.0.0.1:56719 ! R:localhost/127.0.0.1:51651] isIdleTimeoutExpired=false isRemotelyClosed=true isTtlExpired=false
17:49:12.315 [AsyncHttpClient-1-1] DEBUG org.asynchttpclient.netty.channel.DefaultChannelPool - Closing Idle Channel [id: 0x08092c49, L:/127.0.0.1:56719 ! R:localhost/127.0.0.1:51651]
17:49:12.315 [AsyncHttpClient-1-1] DEBUG org.asynchttpclient.netty.channel.DefaultChannelPool - Closed 2 connections out of 2 in 0 ms
]]></system-out>
    <system-err><![CDATA[Starting ChromeDriver 108.0.5359.71 (1e0e3868ee06e91ad636a874420e3ca3ae3756ac-refs/branch-heads/5359@{#1016}) on port 51651
Only local connections are allowed.
Please see https://chromedriver.chromium.org/security-considerations for suggestions on keeping ChromeDriver safe.
ChromeDriver was started successfully.
Dec 19, 2022 5:49:07 PM org.openqa.selenium.remote.ProtocolHandshake createSession
INFO: Detected dialect: W3C
Dec 19, 2022 5:49:07 PM org.openqa.selenium.devtools.CdpVersionFinder findNearestMatch
WARNING: Unable to find an exact match for CDP version 108, so returning the closest version found: a no-op implementation
Dec 19, 2022 5:49:07 PM org.openqa.selenium.devtools.CdpVersionFinder findNearestMatch
INFO: Unable to find CDP implementation matching 108.
Dec 19, 2022 5:49:07 PM org.openqa.selenium.chromium.ChromiumDriver lambda$new$3
WARNING: Unable to find version of CDP to use for . You may need to include a dependency on a specific version of the CDP using something similar to `org.seleniumhq.selenium:selenium-devtools-v86:4.1.2` where the version ("v86") matches the version of the chromium-based browser you're using and the version number of the artifact is the same as Selenium's.
]]></system-err>
  </testcase>
</testsuite>