<?xml version="1.0" encoding="UTF-8"?>
<testsuite xmlns:xsi="http://www.w3.org/2001/XMLSchema-instance" xsi:noNamespaceSchemaLocation="https://maven.apache.org/surefire/maven-failsafe-plugin/xsd/failsafe-test-report-3.0.xsd" version="3.0" name="CucumberTestSuite" time="56.547" tests="5" errors="0" skipped="0" failures="0">
  <properties>
    <property name="sun.desktop" value="windows"/>
    <property name="awt.toolkit" value="sun.awt.windows.WToolkit"/>
    <property name="java.specification.version" value="11"/>
    <property name="webdriver.chrome.driver" value="C:\Users\ASUSTUF\OneDrive\Documents\Capstone Project\Web Automation\src\test\resources\webdriver\chromedriver.exe"/>
    <property name="sun.cpu.isalist" value="amd64"/>
    <property name="sun.jnu.encoding" value="Cp1252"/>
    <property name="java.class.path" value="C:\Users\ASUSTUF\OneDrive\Documents\Capstone Project\Web Automation\target\test-classes;C:\Users\ASUSTUF\.m2\repository\net\serenity-bdd\serenity-core\3.2.1\serenity-core-3.2.1.jar;C:\Users\ASUSTUF\.m2\repository\net\serenity-bdd\serenity-model\3.2.1\serenity-model-3.2.1.jar;C:\Users\ASUSTUF\.m2\repository\org\apache\commons\commons-text\1.9\commons-text-1.9.jar;C:\Users\ASUSTUF\.m2\repository\commons-net\commons-net\3.8.0\commons-net-3.8.0.jar;C:\Users\ASUSTUF\.m2\repository\com\google\guava\guava\31.1-jre\guava-31.1-jre.jar;C:\Users\ASUSTUF\.m2\repository\com\google\guava\failureaccess\1.0.1\failureaccess-1.0.1.jar;C:\Users\ASUSTUF\.m2\repository\com\google\guava\listenablefuture\9999.0-empty-to-avoid-conflict-with-guava\listenablefuture-9999.0-empty-to-avoid-conflict-with-guava.jar;C:\Users\ASUSTUF\.m2\repository\com\google\code\findbugs\jsr305\3.0.2\jsr305-3.0.2.jar;C:\Users\ASUSTUF\.m2\repository\org\checkerframework\checker-qual\3.12.0\checker-qual-3.12.0.jar;C:\Users\ASUSTUF\.m2\repository\com\google\errorprone\error_prone_annotations\2.11.0\error_prone_annotations-2.11.0.jar;C:\Users\ASUSTUF\.m2\repository\com\google\j2objc\j2objc-annotations\1.3\j2objc-annotations-1.3.jar;C:\Users\ASUSTUF\.m2\repository\com\google\inject\guice\5.1.0\guice-5.1.0.jar;C:\Users\ASUSTUF\.m2\repository\javax\inject\javax.inject\1\javax.inject-1.jar;C:\Users\ASUSTUF\.m2\repository\aopalliance\aopalliance\1.0\aopalliance-1.0.jar;C:\Users\ASUSTUF\.m2\repository\org\jsoup\jsoup\1.14.3\jsoup-1.14.3.jar;C:\Users\ASUSTUF\.m2\repository\com\thoughtworks\xstream\xstream\1.4.19\xstream-1.4.19.jar;C:\Users\ASUSTUF\.m2\repository\io\github\x-stream\mxparser\1.2.2\mxparser-1.2.2.jar;C:\Users\ASUSTUF\.m2\repository\xmlpull\xmlpull\1.1.3.1\xmlpull-1.1.3.1.jar;C:\Users\ASUSTUF\.m2\repository\io\cucumber\cucumber-java\7.2.3\cucumber-java-7.2.3.jar;C:\Users\ASUSTUF\.m2\repository\com\typesafe\config\1.4.2\config-1.4.2.jar;C:\Users\ASUSTUF\.m2\repository\org\imgscalr\imgscalr-lib\4.2\imgscalr-lib-4.2.jar;C:\Users\ASUSTUF\.m2\repository\org\awaitility\awaitility\4.2.0\awaitility-4.2.0.jar;C:\Users\ASUSTUF\.m2\repository\org\freemarker\freemarker\2.3.31\freemarker-2.3.31.jar;C:\Users\ASUSTUF\.m2\repository\io\github\classgraph\classgraph\4.8.138\classgraph-4.8.138.jar;C:\Users\ASUSTUF\.m2\repository\net\sourceforge\jexcelapi\jxl\2.6.12\jxl-2.6.12.jar;C:\Users\ASUSTUF\.m2\repository\net\bytebuddy\byte-buddy\1.12.8\byte-buddy-1.12.8.jar;C:\Users\ASUSTUF\.m2\repository\net\bytebuddy\byte-buddy-agent\1.12.8\byte-buddy-agent-1.12.8.jar;C:\Users\ASUSTUF\.m2\repository\org\objenesis\objenesis\3.1\objenesis-3.1.jar;C:\Users\ASUSTUF\.m2\repository\net\serenity-bdd\serenity-reports\3.2.1\serenity-reports-3.2.1.jar;C:\Users\ASUSTUF\.m2\repository\net\serenity-bdd\serenity-stats\3.2.1\serenity-stats-3.2.1.jar;C:\Users\ASUSTUF\.m2\repository\net\serenity-bdd\serenity-reports-configuration\3.2.1\serenity-reports-configuration-3.2.1.jar;C:\Users\ASUSTUF\.m2\repository\com\vladsch\flexmark\flexmark-all\0.34.30\flexmark-all-0.34.30.jar;C:\Users\ASUSTUF\.m2\repository\com\vladsch\flexmark\flexmark\0.34.30\flexmark-0.34.30.jar;C:\Users\ASUSTUF\.m2\repository\com\vladsch\flexmark\flexmark-ext-abbreviation\0.34.30\flexmark-ext-abbreviation-0.34.30.jar;C:\Users\ASUSTUF\.m2\repository\com\vladsch\flexmark\flexmark-ext-admonition\0.34.30\flexmark-ext-admonition-0.34.30.jar;C:\Users\ASUSTUF\.m2\repository\com\vladsch\flexmark\flexmark-ext-anchorlink\0.34.30\flexmark-ext-anchorlink-0.34.30.jar;C:\Users\ASUSTUF\.m2\repository\com\vladsch\flexmark\flexmark-ext-aside\0.34.30\flexmark-ext-aside-0.34.30.jar;C:\Users\ASUSTUF\.m2\repository\com\vladsch\flexmark\flexmark-ext-attributes\0.34.30\flexmark-ext-attributes-0.34.30.jar;C:\Users\ASUSTUF\.m2\repository\com\vladsch\flexmark\flexmark-ext-autolink\0.34.30\flexmark-ext-autolink-0.34.30.jar;C:\Users\ASUSTUF\.m2\repository\org\nibor\autolink\autolink\0.6.0\autolink-0.6.0.jar;C:\Users\ASUSTUF\.m2\repository\com\vladsch\flexmark\flexmark-ext-definition\0.34.30\flexmark-ext-definition-0.34.30.jar;C:\Users\ASUSTUF\.m2\repository\com\vladsch\flexmark\flexmark-ext-emoji\0.34.30\flexmark-ext-emoji-0.34.30.jar;C:\Users\ASUSTUF\.m2\repository\com\vladsch\flexmark\flexmark-ext-enumerated-reference\0.34.30\flexmark-ext-enumerated-reference-0.34.30.jar;C:\Users\ASUSTUF\.m2\repository\com\vladsch\flexmark\flexmark-ext-escaped-character\0.34.30\flexmark-ext-escaped-character-0.34.30.jar;C:\Users\ASUSTUF\.m2\repository\com\vladsch\flexmark\flexmark-ext-footnotes\0.34.30\flexmark-ext-footnotes-0.34.30.jar;C:\Users\ASUSTUF\.m2\repository\com\vladsch\flexmark\flexmark-ext-gfm-issues\0.34.30\flexmark-ext-gfm-issues-0.34.30.jar;C:\Users\ASUSTUF\.m2\repository\com\vladsch\flexmark\flexmark-ext-gfm-strikethrough\0.34.30\flexmark-ext-gfm-strikethrough-0.34.30.jar;C:\Users\ASUSTUF\.m2\repository\com\vladsch\flexmark\flexmark-ext-gfm-tables\0.34.30\flexmark-ext-gfm-tables-0.34.30.jar;C:\Users\ASUSTUF\.m2\repository\com\vladsch\flexmark\flexmark-ext-gfm-tasklist\0.34.30\flexmark-ext-gfm-tasklist-0.34.30.jar;C:\Users\ASUSTUF\.m2\repository\com\vladsch\flexmark\flexmark-ext-gfm-users\0.34.30\flexmark-ext-gfm-users-0.34.30.jar;C:\Users\ASUSTUF\.m2\repository\com\vladsch\flexmark\flexmark-ext-gitlab\0.34.30\flexmark-ext-gitlab-0.34.30.jar;C:\Users\ASUSTUF\.m2\repository\com\vladsch\flexmark\flexmark-ext-jekyll-front-matter\0.34.30\flexmark-ext-jekyll-front-matter-0.34.30.jar;C:\Users\ASUSTUF\.m2\repository\com\vladsch\flexmark\flexmark-ext-jekyll-tag\0.34.30\flexmark-ext-jekyll-tag-0.34.30.jar;C:\Users\ASUSTUF\.m2\repository\com\vladsch\flexmark\flexmark-ext-media-tags\0.34.30\flexmark-ext-media-tags-0.34.30.jar;C:\Users\ASUSTUF\.m2\repository\com\vladsch\flexmark\flexmark-test-util\0.34.30\flexmark-test-util-0.34.30.jar;C:\Users\ASUSTUF\.m2\repository\com\vladsch\flexmark\flexmark-ext-ins\0.34.30\flexmark-ext-ins-0.34.30.jar;C:\Users\ASUSTUF\.m2\repository\com\vladsch\flexmark\flexmark-ext-xwiki-macros\0.34.30\flexmark-ext-xwiki-macros-0.34.30.jar;C:\Users\ASUSTUF\.m2\repository\com\vladsch\flexmark\flexmark-ext-superscript\0.34.30\flexmark-ext-superscript-0.34.30.jar;C:\Users\ASUSTUF\.m2\repository\com\vladsch\flexmark\flexmark-ext-tables\0.34.30\flexmark-ext-tables-0.34.30.jar;C:\Users\ASUSTUF\.m2\repository\com\vladsch\flexmark\flexmark-ext-toc\0.34.30\flexmark-ext-toc-0.34.30.jar;C:\Users\ASUSTUF\.m2\repository\com\vladsch\flexmark\flexmark-ext-typographic\0.34.30\flexmark-ext-typographic-0.34.30.jar;C:\Users\ASUSTUF\.m2\repository\com\vladsch\flexmark\flexmark-ext-wikilink\0.34.30\flexmark-ext-wikilink-0.34.30.jar;C:\Users\ASUSTUF\.m2\repository\com\vladsch\flexmark\flexmark-ext-yaml-front-matter\0.34.30\flexmark-ext-yaml-front-matter-0.34.30.jar;C:\Users\ASUSTUF\.m2\repository\com\vladsch\flexmark\flexmark-ext-youtube-embedded\0.34.30\flexmark-ext-youtube-embedded-0.34.30.jar;C:\Users\ASUSTUF\.m2\repository\com\vladsch\flexmark\flexmark-formatter\0.34.30\flexmark-formatter-0.34.30.jar;C:\Users\ASUSTUF\.m2\repository\com\vladsch\flexmark\flexmark-html-parser\0.34.30\flexmark-html-parser-0.34.30.jar;C:\Users\ASUSTUF\.m2\repository\com\vladsch\flexmark\flexmark-jira-converter\0.34.30\flexmark-jira-converter-0.34.30.jar;C:\Users\ASUSTUF\.m2\repository\com\vladsch\flexmark\flexmark-pdf-converter\0.34.30\flexmark-pdf-converter-0.34.30.jar;C:\Users\ASUSTUF\.m2\repository\com\openhtmltopdf\openhtmltopdf-core\0.0.1-RC13\openhtmltopdf-core-0.0.1-RC13.jar;C:\Users\ASUSTUF\.m2\repository\com\openhtmltopdf\openhtmltopdf-pdfbox\0.0.1-RC13\openhtmltopdf-pdfbox-0.0.1-RC13.jar;C:\Users\ASUSTUF\.m2\repository\org\apache\pdfbox\pdfbox\2.0.8\pdfbox-2.0.8.jar;C:\Users\ASUSTUF\.m2\repository\org\apache\pdfbox\fontbox\2.0.8\fontbox-2.0.8.jar;C:\Users\ASUSTUF\.m2\repository\commons-logging\commons-logging\1.2\commons-logging-1.2.jar;C:\Users\ASUSTUF\.m2\repository\org\apache\pdfbox\xmpbox\2.0.8\xmpbox-2.0.8.jar;C:\Users\ASUSTUF\.m2\repository\de\rototor\pdfbox\graphics2d\0.12\graphics2d-0.12.jar;C:\Users\ASUSTUF\.m2\repository\com\openhtmltopdf\openhtmltopdf-rtl-support\0.0.1-RC13\openhtmltopdf-rtl-support-0.0.1-RC13.jar;C:\Users\ASUSTUF\.m2\repository\com\ibm\icu\icu4j\59.1\icu4j-59.1.jar;C:\Users\ASUSTUF\.m2\repository\com\openhtmltopdf\openhtmltopdf-jsoup-dom-converter\0.0.1-RC13\openhtmltopdf-jsoup-dom-converter-0.0.1-RC13.jar;C:\Users\ASUSTUF\.m2\repository\com\vladsch\flexmark\flexmark-profile-pegdown\0.34.30\flexmark-profile-pegdown-0.34.30.jar;C:\Users\ASUSTUF\.m2\repository\com\vladsch\flexmark\flexmark-util\0.34.30\flexmark-util-0.34.30.jar;C:\Users\ASUSTUF\.m2\repository\com\vladsch\flexmark\flexmark-youtrack-converter\0.34.30\flexmark-youtrack-converter-0.34.30.jar;C:\Users\ASUSTUF\.m2\repository\es\nitaur\markdown\txtmark\0.16\txtmark-0.16.jar;C:\Users\ASUSTUF\.m2\repository\net\serenity-bdd\serenity-report-resources\3.2.1\serenity-report-resources-3.2.1.jar;C:\Users\ASUSTUF\.m2\repository\com\google\code\gson\gson\2.9.0\gson-2.9.0.jar;C:\Users\ASUSTUF\.m2\repository\com\fasterxml\jackson\core\jackson-core\2.13.2\jackson-core-2.13.2.jar;C:\Users\ASUSTUF\.m2\repository\com\fasterxml\jackson\core\jackson-databind\2.13.2\jackson-databind-2.13.2.jar;C:\Users\ASUSTUF\.m2\repository\com\fasterxml\jackson\core\jackson-annotations\2.13.2\jackson-annotations-2.13.2.jar;C:\Users\ASUSTUF\.m2\repository\commons-codec\commons-codec\1.15\commons-codec-1.15.jar;C:\Users\ASUSTUF\.m2\repository\commons-io\commons-io\2.11.0\commons-io-2.11.0.jar;C:\Users\ASUSTUF\.m2\repository\org\seleniumhq\selenium\selenium-java\4.1.2\selenium-java-4.1.2.jar;C:\Users\ASUSTUF\.m2\repository\org\seleniumhq\selenium\selenium-devtools-v85\4.1.2\selenium-devtools-v85-4.1.2.jar;C:\Users\ASUSTUF\.m2\repository\org\seleniumhq\selenium\selenium-devtools-v95\4.1.2\selenium-devtools-v95-4.1.2.jar;C:\Users\ASUSTUF\.m2\repository\org\seleniumhq\selenium\selenium-devtools-v96\4.1.2\selenium-devtools-v96-4.1.2.jar;C:\Users\ASUSTUF\.m2\repository\org\seleniumhq\selenium\selenium-devtools-v97\4.1.2\selenium-devtools-v97-4.1.2.jar;C:\Users\ASUSTUF\.m2\repository\org\seleniumhq\selenium\selenium-firefox-xpi-driver\4.1.2\selenium-firefox-xpi-driver-4.1.2.jar;C:\Users\ASUSTUF\.m2\repository\org\seleniumhq\selenium\selenium-opera-driver\4.1.2\selenium-opera-driver-4.1.2.jar;C:\Users\ASUSTUF\.m2\repository\org\seleniumhq\selenium\selenium-remote-driver\4.1.2\selenium-remote-driver-4.1.2.jar;C:\Users\ASUSTUF\.m2\repository\com\beust\jcommander\1.82\jcommander-1.82.jar;C:\Users\ASUSTUF\.m2\repository\io\netty\netty-buffer\4.1.73.Final\netty-buffer-4.1.73.Final.jar;C:\Users\ASUSTUF\.m2\repository\io\netty\netty-codec-http\4.1.73.Final\netty-codec-http-4.1.73.Final.jar;C:\Users\ASUSTUF\.m2\repository\io\netty\netty-codec\4.1.73.Final\netty-codec-4.1.73.Final.jar;C:\Users\ASUSTUF\.m2\repository\io\netty\netty-handler\4.1.73.Final\netty-handler-4.1.73.Final.jar;C:\Users\ASUSTUF\.m2\repository\io\netty\netty-tcnative-classes\2.0.46.Final\netty-tcnative-classes-2.0.46.Final.jar;C:\Users\ASUSTUF\.m2\repository\io\netty\netty-common\4.1.73.Final\netty-common-4.1.73.Final.jar;C:\Users\ASUSTUF\.m2\repository\io\netty\netty-transport-classes-epoll\4.1.73.Final\netty-transport-classes-epoll-4.1.73.Final.jar;C:\Users\ASUSTUF\.m2\repository\io\netty\netty-transport-classes-kqueue\4.1.73.Final\netty-transport-classes-kqueue-4.1.73.Final.jar;C:\Users\ASUSTUF\.m2\repository\io\netty\netty-transport-native-epoll\4.1.73.Final\netty-transport-native-epoll-4.1.73.Final.jar;C:\Users\ASUSTUF\.m2\repository\io\netty\netty-transport-native-kqueue\4.1.73.Final\netty-transport-native-kqueue-4.1.73.Final.jar;C:\Users\ASUSTUF\.m2\repository\io\netty\netty-transport-native-unix-common\4.1.73.Final\netty-transport-native-unix-common-4.1.73.Final.jar;C:\Users\ASUSTUF\.m2\repository\io\netty\netty-transport\4.1.73.Final\netty-transport-4.1.73.Final.jar;C:\Users\ASUSTUF\.m2\repository\io\netty\netty-resolver\4.1.73.Final\netty-resolver-4.1.73.Final.jar;C:\Users\ASUSTUF\.m2\repository\io\opentelemetry\opentelemetry-api\1.10.1\opentelemetry-api-1.10.1.jar;C:\Users\ASUSTUF\.m2\repository\io\opentelemetry\opentelemetry-context\1.10.1\opentelemetry-context-1.10.1.jar;C:\Users\ASUSTUF\.m2\repository\io\opentelemetry\opentelemetry-exporter-logging\1.10.1\opentelemetry-exporter-logging-1.10.1.jar;C:\Users\ASUSTUF\.m2\repository\io\opentelemetry\opentelemetry-sdk-metrics\1.10.1-alpha\opentelemetry-sdk-metrics-1.10.1-alpha.jar;C:\Users\ASUSTUF\.m2\repository\io\opentelemetry\opentelemetry-sdk-logs\1.10.1-alpha\opentelemetry-sdk-logs-1.10.1-alpha.jar;C:\Users\ASUSTUF\.m2\repository\io\opentelemetry\opentelemetry-sdk-common\1.10.1\opentelemetry-sdk-common-1.10.1.jar;C:\Users\ASUSTUF\.m2\repository\io\opentelemetry\opentelemetry-sdk-extension-autoconfigure-spi\1.10.1\opentelemetry-sdk-extension-autoconfigure-spi-1.10.1.jar;C:\Users\ASUSTUF\.m2\repository\io\opentelemetry\opentelemetry-sdk-extension-autoconfigure\1.10.1-alpha\opentelemetry-sdk-extension-autoconfigure-1.10.1-alpha.jar;C:\Users\ASUSTUF\.m2\repository\io\opentelemetry\opentelemetry-sdk-trace\1.10.1\opentelemetry-sdk-trace-1.10.1.jar;C:\Users\ASUSTUF\.m2\repository\io\opentelemetry\opentelemetry-sdk\1.10.1\opentelemetry-sdk-1.10.1.jar;C:\Users\ASUSTUF\.m2\repository\io\opentelemetry\opentelemetry-semconv\1.10.1-alpha\opentelemetry-semconv-1.10.1-alpha.jar;C:\Users\ASUSTUF\.m2\repository\io\ous\jtoml\2.0.0\jtoml-2.0.0.jar;C:\Users\ASUSTUF\.m2\repository\org\apache\commons\commons-exec\1.3\commons-exec-1.3.jar;C:\Users\ASUSTUF\.m2\repository\org\asynchttpclient\async-http-client\2.12.3\async-http-client-2.12.3.jar;C:\Users\ASUSTUF\.m2\repository\org\asynchttpclient\async-http-client-netty-utils\2.12.3\async-http-client-netty-utils-2.12.3.jar;C:\Users\ASUSTUF\.m2\repository\io\netty\netty-codec-socks\4.1.60.Final\netty-codec-socks-4.1.60.Final.jar;C:\Users\ASUSTUF\.m2\repository\io\netty\netty-handler-proxy\4.1.60.Final\netty-handler-proxy-4.1.60.Final.jar;C:\Users\ASUSTUF\.m2\repository\io\netty\netty-transport-native-epoll\4.1.60.Final\netty-transport-native-epoll-4.1.60.Final-linux-x86_64.jar;C:\Users\ASUSTUF\.m2\repository\io\netty\netty-transport-native-kqueue\4.1.60.Final\netty-transport-native-kqueue-4.1.60.Final-osx-x86_64.jar;C:\Users\ASUSTUF\.m2\repository\org\reactivestreams\reactive-streams\1.0.3\reactive-streams-1.0.3.jar;C:\Users\ASUSTUF\.m2\repository\com\typesafe\netty\netty-reactive-streams\2.0.4\netty-reactive-streams-2.0.4.jar;C:\Users\ASUSTUF\.m2\repository\org\seleniumhq\selenium\selenium-http\4.1.2\selenium-http-4.1.2.jar;C:\Users\ASUSTUF\.m2\repository\net\jodah\failsafe\2.4.4\failsafe-2.4.4.jar;C:\Users\ASUSTUF\.m2\repository\org\seleniumhq\selenium\selenium-safari-driver\4.1.2\selenium-safari-driver-4.1.2.jar;C:\Users\ASUSTUF\.m2\repository\org\seleniumhq\selenium\selenium-api\4.1.2\selenium-api-4.1.2.jar;C:\Users\ASUSTUF\.m2\repository\org\seleniumhq\selenium\selenium-support\4.1.2\selenium-support-4.1.2.jar;C:\Users\ASUSTUF\.m2\repository\com\google\auto\service\auto-service-annotations\1.0.1\auto-service-annotations-1.0.1.jar;C:\Users\ASUSTUF\.m2\repository\com\google\auto\service\auto-service\1.0.1\auto-service-1.0.1.jar;C:\Users\ASUSTUF\.m2\repository\com\google\auto\auto-common\1.2\auto-common-1.2.jar;C:\Users\ASUSTUF\.m2\repository\org\seleniumhq\selenium\selenium-json\4.1.2\selenium-json-4.1.2.jar;C:\Users\ASUSTUF\.m2\repository\org\seleniumhq\selenium\selenium-chrome-driver\4.1.2\selenium-chrome-driver-4.1.2.jar;C:\Users\ASUSTUF\.m2\repository\org\seleniumhq\selenium\selenium-chromium-driver\4.1.2\selenium-chromium-driver-4.1.2.jar;C:\Users\ASUSTUF\.m2\repository\org\seleniumhq\selenium\selenium-firefox-driver\4.1.2\selenium-firefox-driver-4.1.2.jar;C:\Users\ASUSTUF\.m2\repository\org\seleniumhq\selenium\selenium-edge-driver\4.1.2\selenium-edge-driver-4.1.2.jar;C:\Users\ASUSTUF\.m2\repository\org\seleniumhq\selenium\selenium-ie-driver\4.1.2\selenium-ie-driver-4.1.2.jar;C:\Users\ASUSTUF\.m2\repository\org\projectlombok\lombok\1.18.20\lombok-1.18.20.jar;C:\Users\ASUSTUF\.m2\repository\io\appium\java-client\8.0.0\java-client-8.0.0.jar;C:\Users\ASUSTUF\.m2\repository\commons-validator\commons-validator\1.7\commons-validator-1.7.jar;C:\Users\ASUSTUF\.m2\repository\commons-digester\commons-digester\2.1\commons-digester-2.1.jar;C:\Users\ASUSTUF\.m2\repository\org\aspectj\aspectjweaver\1.9.8\aspectjweaver-1.9.8.jar;C:\Users\ASUSTUF\.m2\repository\org\codehaus\groovy\groovy\3.0.10\groovy-3.0.10.jar;C:\Users\ASUSTUF\.m2\repository\net\sf\opencsv\opencsv\2.0\opencsv-2.0.jar;C:\Users\ASUSTUF\.m2\repository\commons-beanutils\commons-beanutils\1.9.4\commons-beanutils-1.9.4.jar;C:\Users\ASUSTUF\.m2\repository\org\apache\commons\commons-lang3\3.12.0\commons-lang3-3.12.0.jar;C:\Users\ASUSTUF\.m2\repository\commons-collections\commons-collections\3.2.2\commons-collections-3.2.2.jar;C:\Users\ASUSTUF\.m2\repository\org\fluentlenium\fluentlenium-core\0.10.2\fluentlenium-core-0.10.2.jar;C:\Users\ASUSTUF\.m2\repository\io\github\bonigarcia\webdrivermanager\5.1.0\webdrivermanager-5.1.0.jar;C:\Users\ASUSTUF\.m2\repository\com\github\docker-java\docker-java\3.2.13\docker-java-3.2.13.jar;C:\Users\ASUSTUF\.m2\repository\com\github\docker-java\docker-java-core\3.2.13\docker-java-core-3.2.13.jar;C:\Users\ASUSTUF\.m2\repository\com\github\docker-java\docker-java-api\3.2.13\docker-java-api-3.2.13.jar;C:\Users\ASUSTUF\.m2\repository\org\apache\commons\commons-compress\1.21\commons-compress-1.21.jar;C:\Users\ASUSTUF\.m2\repository\org\bouncycastle\bcpkix-jdk15on\1.64\bcpkix-jdk15on-1.64.jar;C:\Users\ASUSTUF\.m2\repository\org\bouncycastle\bcprov-jdk15on\1.64\bcprov-jdk15on-1.64.jar;C:\Users\ASUSTUF\.m2\repository\org\slf4j\jcl-over-slf4j\1.7.30\jcl-over-slf4j-1.7.30.jar;C:\Users\ASUSTUF\.m2\repository\com\github\docker-java\docker-java-transport-httpclient5\3.2.13\docker-java-transport-httpclient5-3.2.13.jar;C:\Users\ASUSTUF\.m2\repository\com\github\docker-java\docker-java-transport\3.2.13\docker-java-transport-3.2.13.jar;C:\Users\ASUSTUF\.m2\repository\org\apache\httpcomponents\client5\httpclient5\5.0.3\httpclient5-5.0.3.jar;C:\Users\ASUSTUF\.m2\repository\org\apache\httpcomponents\core5\httpcore5\5.0.2\httpcore5-5.0.2.jar;C:\Users\ASUSTUF\.m2\repository\net\java\dev\jna\jna\5.8.0\jna-5.8.0.jar;C:\Users\ASUSTUF\.m2\repository\org\brotli\dec\0.1.2\dec-0.1.2.jar;C:\Users\ASUSTUF\.m2\repository\com\jhlabs\filters\2.0.235\filters-2.0.235.jar;C:\Users\ASUSTUF\.m2\repository\com\paulhammant\ngwebdriver\1.1.6\ngwebdriver-1.1.6.jar;C:\Users\ASUSTUF\.m2\repository\joda-time\joda-time\2.8.2\joda-time-2.8.2.jar;C:\Users\ASUSTUF\.m2\repository\org\hamcrest\hamcrest\2.2\hamcrest-2.2.jar;C:\Users\ASUSTUF\.m2\repository\com\google\jimfs\jimfs\1.2\jimfs-1.2.jar;C:\Users\ASUSTUF\.m2\repository\org\mockito\mockito-core\3.3.3\mockito-core-3.3.3.jar;C:\Users\ASUSTUF\.m2\repository\javax\xml\bind\jaxb-api\2.3.1\jaxb-api-2.3.1.jar;C:\Users\ASUSTUF\.m2\repository\javax\activation\javax.activation-api\1.2.0\javax.activation-api-1.2.0.jar;C:\Users\ASUSTUF\.m2\repository\com\sun\xml\bind\jaxb-core\2.3.0.1\jaxb-core-2.3.0.1.jar;C:\Users\ASUSTUF\.m2\repository\com\sun\xml\bind\jaxb-impl\2.3.3\jaxb-impl-2.3.3.jar;C:\Users\ASUSTUF\.m2\repository\jakarta\xml\bind\jakarta.xml.bind-api\2.3.3\jakarta.xml.bind-api-2.3.3.jar;C:\Users\ASUSTUF\.m2\repository\com\sun\activation\jakarta.activation\1.2.2\jakarta.activation-1.2.2.jar;C:\Users\ASUSTUF\.m2\repository\javax\activation\activation\1.1.1\activation-1.1.1.jar;C:\Users\ASUSTUF\.m2\repository\net\serenity-bdd\serenity-cucumber\3.2.1\serenity-cucumber-3.2.1.jar;C:\Users\ASUSTUF\.m2\repository\io\cucumber\cucumber-core\7.2.3\cucumber-core-7.2.3.jar;C:\Users\ASUSTUF\.m2\repository\io\cucumber\cucumber-gherkin\7.2.3\cucumber-gherkin-7.2.3.jar;C:\Users\ASUSTUF\.m2\repository\io\cucumber\cucumber-gherkin-messages\7.2.3\cucumber-gherkin-messages-7.2.3.jar;C:\Users\ASUSTUF\.m2\repository\io\cucumber\messages\17.1.1\messages-17.1.1.jar;C:\Users\ASUSTUF\.m2\repository\io\cucumber\tag-expressions\4.1.0\tag-expressions-4.1.0.jar;C:\Users\ASUSTUF\.m2\repository\io\cucumber\cucumber-expressions\15.0.1\cucumber-expressions-15.0.1.jar;C:\Users\ASUSTUF\.m2\repository\io\cucumber\datatable\7.2.3\datatable-7.2.3.jar;C:\Users\ASUSTUF\.m2\repository\io\cucumber\cucumber-plugin\7.2.3\cucumber-plugin-7.2.3.jar;C:\Users\ASUSTUF\.m2\repository\io\cucumber\docstring\7.2.3\docstring-7.2.3.jar;C:\Users\ASUSTUF\.m2\repository\io\cucumber\html-formatter\17.0.0\html-formatter-17.0.0.jar;C:\Users\ASUSTUF\.m2\repository\io\cucumber\ci-environment\8.1.0\ci-environment-8.1.0.jar;C:\Users\ASUSTUF\.m2\repository\io\cucumber\cucumber-junit\7.2.3\cucumber-junit-7.2.3.jar;C:\Users\ASUSTUF\.m2\repository\org\apache\commons\commons-csv\1.5\commons-csv-1.5.jar;C:\Users\ASUSTUF\.m2\repository\net\serenity-bdd\serenity-screenplay\3.2.1\serenity-screenplay-3.2.1.jar;C:\Users\ASUSTUF\.m2\repository\net\serenity-bdd\serenity-screenplay-webdriver\3.2.1\serenity-screenplay-webdriver-3.2.1.jar;C:\Users\ASUSTUF\.m2\repository\net\serenity-bdd\serenity-ensure\3.2.1\serenity-ensure-3.2.1.jar;C:\Users\ASUSTUF\.m2\repository\net\serenity-bdd\serenity-junit\3.2.1\serenity-junit-3.2.1.jar;C:\Users\ASUSTUF\.m2\repository\org\jetbrains\kotlin\kotlin-stdlib\1.6.0\kotlin-stdlib-1.6.0.jar;C:\Users\ASUSTUF\.m2\repository\org\jetbrains\annotations\13.0\annotations-13.0.jar;C:\Users\ASUSTUF\.m2\repository\org\jetbrains\kotlin\kotlin-stdlib-common\1.6.0\kotlin-stdlib-common-1.6.0.jar;C:\Users\ASUSTUF\.m2\repository\org\junit\platform\junit-platform-launcher\1.8.1\junit-platform-launcher-1.8.1.jar;C:\Users\ASUSTUF\.m2\repository\org\junit\platform\junit-platform-engine\1.8.1\junit-platform-engine-1.8.1.jar;C:\Users\ASUSTUF\.m2\repository\org\opentest4j\opentest4j\1.2.0\opentest4j-1.2.0.jar;C:\Users\ASUSTUF\.m2\repository\org\junit\platform\junit-platform-commons\1.8.1\junit-platform-commons-1.8.1.jar;C:\Users\ASUSTUF\.m2\repository\org\apiguardian\apiguardian-api\1.1.2\apiguardian-api-1.1.2.jar;C:\Users\ASUSTUF\.m2\repository\org\junit\jupiter\junit-jupiter-engine\5.8.2\junit-jupiter-engine-5.8.2.jar;C:\Users\ASUSTUF\.m2\repository\org\junit\jupiter\junit-jupiter-api\5.8.2\junit-jupiter-api-5.8.2.jar;C:\Users\ASUSTUF\.m2\repository\org\junit\vintage\junit-vintage-engine\5.8.2\junit-vintage-engine-5.8.2.jar;C:\Users\ASUSTUF\.m2\repository\junit\junit\4.13.2\junit-4.13.2.jar;C:\Users\ASUSTUF\.m2\repository\org\hamcrest\hamcrest-core\1.3\hamcrest-core-1.3.jar;C:\Users\ASUSTUF\.m2\repository\ch\qos\logback\logback-classic\1.2.10\logback-classic-1.2.10.jar;C:\Users\ASUSTUF\.m2\repository\ch\qos\logback\logback-core\1.2.10\logback-core-1.2.10.jar;C:\Users\ASUSTUF\.m2\repository\org\slf4j\slf4j-api\1.7.32\slf4j-api-1.7.32.jar;C:\Users\ASUSTUF\.m2\repository\org\assertj\assertj-core\3.6.2\assertj-core-3.6.2.jar;"/>
    <property name="java.vm.vendor" value="Oracle Corporation"/>
    <property name="sun.arch.data.model" value="64"/>
    <property name="user.variant" value=""/>
    <property name="java.vendor.url" value="https://openjdk.java.net/"/>
    <property name="user.timezone" value="Asia/Bangkok"/>
    <property name="log4j2.formatMsgNoLookups" value="true"/>
    <property name="java.vm.specification.version" value="11"/>
    <property name="os.name" value="Windows 11"/>
    <property name="sun.java.launcher" value="SUN_STANDARD"/>
    <property name="user.country" value="US"/>
    <property name="sun.boot.library.path" value="C:\Program Files\Java\jdk-11.0.16\bin"/>
    <property name="sun.java.command" value="org.apache.maven.surefire.booter.ForkedBooter C:\Users\ASUSTUF\AppData\Local\Temp\surefire11650506713177618272 2022-12-22T10-52-06_923-jvmRun1 surefire4361281307153335842tmp surefire_0792181922519559348tmp"/>
    <property name="jdk.debug" value="release"/>
    <property name="surefire.test.class.path" value="C:\Users\ASUSTUF\OneDrive\Documents\Capstone Project\Web Automation\target\test-classes;C:\Users\ASUSTUF\.m2\repository\net\serenity-bdd\serenity-core\3.2.1\serenity-core-3.2.1.jar;C:\Users\ASUSTUF\.m2\repository\net\serenity-bdd\serenity-model\3.2.1\serenity-model-3.2.1.jar;C:\Users\ASUSTUF\.m2\repository\org\apache\commons\commons-text\1.9\commons-text-1.9.jar;C:\Users\ASUSTUF\.m2\repository\commons-net\commons-net\3.8.0\commons-net-3.8.0.jar;C:\Users\ASUSTUF\.m2\repository\com\google\guava\guava\31.1-jre\guava-31.1-jre.jar;C:\Users\ASUSTUF\.m2\repository\com\google\guava\failureaccess\1.0.1\failureaccess-1.0.1.jar;C:\Users\ASUSTUF\.m2\repository\com\google\guava\listenablefuture\9999.0-empty-to-avoid-conflict-with-guava\listenablefuture-9999.0-empty-to-avoid-conflict-with-guava.jar;C:\Users\ASUSTUF\.m2\repository\com\google\code\findbugs\jsr305\3.0.2\jsr305-3.0.2.jar;C:\Users\ASUSTUF\.m2\repository\org\checkerframework\checker-qual\3.12.0\checker-qual-3.12.0.jar;C:\Users\ASUSTUF\.m2\repository\com\google\errorprone\error_prone_annotations\2.11.0\error_prone_annotations-2.11.0.jar;C:\Users\ASUSTUF\.m2\repository\com\google\j2objc\j2objc-annotations\1.3\j2objc-annotations-1.3.jar;C:\Users\ASUSTUF\.m2\repository\com\google\inject\guice\5.1.0\guice-5.1.0.jar;C:\Users\ASUSTUF\.m2\repository\javax\inject\javax.inject\1\javax.inject-1.jar;C:\Users\ASUSTUF\.m2\repository\aopalliance\aopalliance\1.0\aopalliance-1.0.jar;C:\Users\ASUSTUF\.m2\repository\org\jsoup\jsoup\1.14.3\jsoup-1.14.3.jar;C:\Users\ASUSTUF\.m2\repository\com\thoughtworks\xstream\xstream\1.4.19\xstream-1.4.19.jar;C:\Users\ASUSTUF\.m2\repository\io\github\x-stream\mxparser\1.2.2\mxparser-1.2.2.jar;C:\Users\ASUSTUF\.m2\repository\xmlpull\xmlpull\1.1.3.1\xmlpull-1.1.3.1.jar;C:\Users\ASUSTUF\.m2\repository\io\cucumber\cucumber-java\7.2.3\cucumber-java-7.2.3.jar;C:\Users\ASUSTUF\.m2\repository\com\typesafe\config\1.4.2\config-1.4.2.jar;C:\Users\ASUSTUF\.m2\repository\org\imgscalr\imgscalr-lib\4.2\imgscalr-lib-4.2.jar;C:\Users\ASUSTUF\.m2\repository\org\awaitility\awaitility\4.2.0\awaitility-4.2.0.jar;C:\Users\ASUSTUF\.m2\repository\org\freemarker\freemarker\2.3.31\freemarker-2.3.31.jar;C:\Users\ASUSTUF\.m2\repository\io\github\classgraph\classgraph\4.8.138\classgraph-4.8.138.jar;C:\Users\ASUSTUF\.m2\repository\net\sourceforge\jexcelapi\jxl\2.6.12\jxl-2.6.12.jar;C:\Users\ASUSTUF\.m2\repository\net\bytebuddy\byte-buddy\1.12.8\byte-buddy-1.12.8.jar;C:\Users\ASUSTUF\.m2\repository\net\bytebuddy\byte-buddy-agent\1.12.8\byte-buddy-agent-1.12.8.jar;C:\Users\ASUSTUF\.m2\repository\org\objenesis\objenesis\3.1\objenesis-3.1.jar;C:\Users\ASUSTUF\.m2\repository\net\serenity-bdd\serenity-reports\3.2.1\serenity-reports-3.2.1.jar;C:\Users\ASUSTUF\.m2\repository\net\serenity-bdd\serenity-stats\3.2.1\serenity-stats-3.2.1.jar;C:\Users\ASUSTUF\.m2\repository\net\serenity-bdd\serenity-reports-configuration\3.2.1\serenity-reports-configuration-3.2.1.jar;C:\Users\ASUSTUF\.m2\repository\com\vladsch\flexmark\flexmark-all\0.34.30\flexmark-all-0.34.30.jar;C:\Users\ASUSTUF\.m2\repository\com\vladsch\flexmark\flexmark\0.34.30\flexmark-0.34.30.jar;C:\Users\ASUSTUF\.m2\repository\com\vladsch\flexmark\flexmark-ext-abbreviation\0.34.30\flexmark-ext-abbreviation-0.34.30.jar;C:\Users\ASUSTUF\.m2\repository\com\vladsch\flexmark\flexmark-ext-admonition\0.34.30\flexmark-ext-admonition-0.34.30.jar;C:\Users\ASUSTUF\.m2\repository\com\vladsch\flexmark\flexmark-ext-anchorlink\0.34.30\flexmark-ext-anchorlink-0.34.30.jar;C:\Users\ASUSTUF\.m2\repository\com\vladsch\flexmark\flexmark-ext-aside\0.34.30\flexmark-ext-aside-0.34.30.jar;C:\Users\ASUSTUF\.m2\repository\com\vladsch\flexmark\flexmark-ext-attributes\0.34.30\flexmark-ext-attributes-0.34.30.jar;C:\Users\ASUSTUF\.m2\repository\com\vladsch\flexmark\flexmark-ext-autolink\0.34.30\flexmark-ext-autolink-0.34.30.jar;C:\Users\ASUSTUF\.m2\repository\org\nibor\autolink\autolink\0.6.0\autolink-0.6.0.jar;C:\Users\ASUSTUF\.m2\repository\com\vladsch\flexmark\flexmark-ext-definition\0.34.30\flexmark-ext-definition-0.34.30.jar;C:\Users\ASUSTUF\.m2\repository\com\vladsch\flexmark\flexmark-ext-emoji\0.34.30\flexmark-ext-emoji-0.34.30.jar;C:\Users\ASUSTUF\.m2\repository\com\vladsch\flexmark\flexmark-ext-enumerated-reference\0.34.30\flexmark-ext-enumerated-reference-0.34.30.jar;C:\Users\ASUSTUF\.m2\repository\com\vladsch\flexmark\flexmark-ext-escaped-character\0.34.30\flexmark-ext-escaped-character-0.34.30.jar;C:\Users\ASUSTUF\.m2\repository\com\vladsch\flexmark\flexmark-ext-footnotes\0.34.30\flexmark-ext-footnotes-0.34.30.jar;C:\Users\ASUSTUF\.m2\repository\com\vladsch\flexmark\flexmark-ext-gfm-issues\0.34.30\flexmark-ext-gfm-issues-0.34.30.jar;C:\Users\ASUSTUF\.m2\repository\com\vladsch\flexmark\flexmark-ext-gfm-strikethrough\0.34.30\flexmark-ext-gfm-strikethrough-0.34.30.jar;C:\Users\ASUSTUF\.m2\repository\com\vladsch\flexmark\flexmark-ext-gfm-tables\0.34.30\flexmark-ext-gfm-tables-0.34.30.jar;C:\Users\ASUSTUF\.m2\repository\com\vladsch\flexmark\flexmark-ext-gfm-tasklist\0.34.30\flexmark-ext-gfm-tasklist-0.34.30.jar;C:\Users\ASUSTUF\.m2\repository\com\vladsch\flexmark\flexmark-ext-gfm-users\0.34.30\flexmark-ext-gfm-users-0.34.30.jar;C:\Users\ASUSTUF\.m2\repository\com\vladsch\flexmark\flexmark-ext-gitlab\0.34.30\flexmark-ext-gitlab-0.34.30.jar;C:\Users\ASUSTUF\.m2\repository\com\vladsch\flexmark\flexmark-ext-jekyll-front-matter\0.34.30\flexmark-ext-jekyll-front-matter-0.34.30.jar;C:\Users\ASUSTUF\.m2\repository\com\vladsch\flexmark\flexmark-ext-jekyll-tag\0.34.30\flexmark-ext-jekyll-tag-0.34.30.jar;C:\Users\ASUSTUF\.m2\repository\com\vladsch\flexmark\flexmark-ext-media-tags\0.34.30\flexmark-ext-media-tags-0.34.30.jar;C:\Users\ASUSTUF\.m2\repository\com\vladsch\flexmark\flexmark-test-util\0.34.30\flexmark-test-util-0.34.30.jar;C:\Users\ASUSTUF\.m2\repository\com\vladsch\flexmark\flexmark-ext-ins\0.34.30\flexmark-ext-ins-0.34.30.jar;C:\Users\ASUSTUF\.m2\repository\com\vladsch\flexmark\flexmark-ext-xwiki-macros\0.34.30\flexmark-ext-xwiki-macros-0.34.30.jar;C:\Users\ASUSTUF\.m2\repository\com\vladsch\flexmark\flexmark-ext-superscript\0.34.30\flexmark-ext-superscript-0.34.30.jar;C:\Users\ASUSTUF\.m2\repository\com\vladsch\flexmark\flexmark-ext-tables\0.34.30\flexmark-ext-tables-0.34.30.jar;C:\Users\ASUSTUF\.m2\repository\com\vladsch\flexmark\flexmark-ext-toc\0.34.30\flexmark-ext-toc-0.34.30.jar;C:\Users\ASUSTUF\.m2\repository\com\vladsch\flexmark\flexmark-ext-typographic\0.34.30\flexmark-ext-typographic-0.34.30.jar;C:\Users\ASUSTUF\.m2\repository\com\vladsch\flexmark\flexmark-ext-wikilink\0.34.30\flexmark-ext-wikilink-0.34.30.jar;C:\Users\ASUSTUF\.m2\repository\com\vladsch\flexmark\flexmark-ext-yaml-front-matter\0.34.30\flexmark-ext-yaml-front-matter-0.34.30.jar;C:\Users\ASUSTUF\.m2\repository\com\vladsch\flexmark\flexmark-ext-youtube-embedded\0.34.30\flexmark-ext-youtube-embedded-0.34.30.jar;C:\Users\ASUSTUF\.m2\repository\com\vladsch\flexmark\flexmark-formatter\0.34.30\flexmark-formatter-0.34.30.jar;C:\Users\ASUSTUF\.m2\repository\com\vladsch\flexmark\flexmark-html-parser\0.34.30\flexmark-html-parser-0.34.30.jar;C:\Users\ASUSTUF\.m2\repository\com\vladsch\flexmark\flexmark-jira-converter\0.34.30\flexmark-jira-converter-0.34.30.jar;C:\Users\ASUSTUF\.m2\repository\com\vladsch\flexmark\flexmark-pdf-converter\0.34.30\flexmark-pdf-converter-0.34.30.jar;C:\Users\ASUSTUF\.m2\repository\com\openhtmltopdf\openhtmltopdf-core\0.0.1-RC13\openhtmltopdf-core-0.0.1-RC13.jar;C:\Users\ASUSTUF\.m2\repository\com\openhtmltopdf\openhtmltopdf-pdfbox\0.0.1-RC13\openhtmltopdf-pdfbox-0.0.1-RC13.jar;C:\Users\ASUSTUF\.m2\repository\org\apache\pdfbox\pdfbox\2.0.8\pdfbox-2.0.8.jar;C:\Users\ASUSTUF\.m2\repository\org\apache\pdfbox\fontbox\2.0.8\fontbox-2.0.8.jar;C:\Users\ASUSTUF\.m2\repository\commons-logging\commons-logging\1.2\commons-logging-1.2.jar;C:\Users\ASUSTUF\.m2\repository\org\apache\pdfbox\xmpbox\2.0.8\xmpbox-2.0.8.jar;C:\Users\ASUSTUF\.m2\repository\de\rototor\pdfbox\graphics2d\0.12\graphics2d-0.12.jar;C:\Users\ASUSTUF\.m2\repository\com\openhtmltopdf\openhtmltopdf-rtl-support\0.0.1-RC13\openhtmltopdf-rtl-support-0.0.1-RC13.jar;C:\Users\ASUSTUF\.m2\repository\com\ibm\icu\icu4j\59.1\icu4j-59.1.jar;C:\Users\ASUSTUF\.m2\repository\com\openhtmltopdf\openhtmltopdf-jsoup-dom-converter\0.0.1-RC13\openhtmltopdf-jsoup-dom-converter-0.0.1-RC13.jar;C:\Users\ASUSTUF\.m2\repository\com\vladsch\flexmark\flexmark-profile-pegdown\0.34.30\flexmark-profile-pegdown-0.34.30.jar;C:\Users\ASUSTUF\.m2\repository\com\vladsch\flexmark\flexmark-util\0.34.30\flexmark-util-0.34.30.jar;C:\Users\ASUSTUF\.m2\repository\com\vladsch\flexmark\flexmark-youtrack-converter\0.34.30\flexmark-youtrack-converter-0.34.30.jar;C:\Users\ASUSTUF\.m2\repository\es\nitaur\markdown\txtmark\0.16\txtmark-0.16.jar;C:\Users\ASUSTUF\.m2\repository\net\serenity-bdd\serenity-report-resources\3.2.1\serenity-report-resources-3.2.1.jar;C:\Users\ASUSTUF\.m2\repository\com\google\code\gson\gson\2.9.0\gson-2.9.0.jar;C:\Users\ASUSTUF\.m2\repository\com\fasterxml\jackson\core\jackson-core\2.13.2\jackson-core-2.13.2.jar;C:\Users\ASUSTUF\.m2\repository\com\fasterxml\jackson\core\jackson-databind\2.13.2\jackson-databind-2.13.2.jar;C:\Users\ASUSTUF\.m2\repository\com\fasterxml\jackson\core\jackson-annotations\2.13.2\jackson-annotations-2.13.2.jar;C:\Users\ASUSTUF\.m2\repository\commons-codec\commons-codec\1.15\commons-codec-1.15.jar;C:\Users\ASUSTUF\.m2\repository\commons-io\commons-io\2.11.0\commons-io-2.11.0.jar;C:\Users\ASUSTUF\.m2\repository\org\seleniumhq\selenium\selenium-java\4.1.2\selenium-java-4.1.2.jar;C:\Users\ASUSTUF\.m2\repository\org\seleniumhq\selenium\selenium-devtools-v85\4.1.2\selenium-devtools-v85-4.1.2.jar;C:\Users\ASUSTUF\.m2\repository\org\seleniumhq\selenium\selenium-devtools-v95\4.1.2\selenium-devtools-v95-4.1.2.jar;C:\Users\ASUSTUF\.m2\repository\org\seleniumhq\selenium\selenium-devtools-v96\4.1.2\selenium-devtools-v96-4.1.2.jar;C:\Users\ASUSTUF\.m2\repository\org\seleniumhq\selenium\selenium-devtools-v97\4.1.2\selenium-devtools-v97-4.1.2.jar;C:\Users\ASUSTUF\.m2\repository\org\seleniumhq\selenium\selenium-firefox-xpi-driver\4.1.2\selenium-firefox-xpi-driver-4.1.2.jar;C:\Users\ASUSTUF\.m2\repository\org\seleniumhq\selenium\selenium-opera-driver\4.1.2\selenium-opera-driver-4.1.2.jar;C:\Users\ASUSTUF\.m2\repository\org\seleniumhq\selenium\selenium-remote-driver\4.1.2\selenium-remote-driver-4.1.2.jar;C:\Users\ASUSTUF\.m2\repository\com\beust\jcommander\1.82\jcommander-1.82.jar;C:\Users\ASUSTUF\.m2\repository\io\netty\netty-buffer\4.1.73.Final\netty-buffer-4.1.73.Final.jar;C:\Users\ASUSTUF\.m2\repository\io\netty\netty-codec-http\4.1.73.Final\netty-codec-http-4.1.73.Final.jar;C:\Users\ASUSTUF\.m2\repository\io\netty\netty-codec\4.1.73.Final\netty-codec-4.1.73.Final.jar;C:\Users\ASUSTUF\.m2\repository\io\netty\netty-handler\4.1.73.Final\netty-handler-4.1.73.Final.jar;C:\Users\ASUSTUF\.m2\repository\io\netty\netty-tcnative-classes\2.0.46.Final\netty-tcnative-classes-2.0.46.Final.jar;C:\Users\ASUSTUF\.m2\repository\io\netty\netty-common\4.1.73.Final\netty-common-4.1.73.Final.jar;C:\Users\ASUSTUF\.m2\repository\io\netty\netty-transport-classes-epoll\4.1.73.Final\netty-transport-classes-epoll-4.1.73.Final.jar;C:\Users\ASUSTUF\.m2\repository\io\netty\netty-transport-classes-kqueue\4.1.73.Final\netty-transport-classes-kqueue-4.1.73.Final.jar;C:\Users\ASUSTUF\.m2\repository\io\netty\netty-transport-native-epoll\4.1.73.Final\netty-transport-native-epoll-4.1.73.Final.jar;C:\Users\ASUSTUF\.m2\repository\io\netty\netty-transport-native-kqueue\4.1.73.Final\netty-transport-native-kqueue-4.1.73.Final.jar;C:\Users\ASUSTUF\.m2\repository\io\netty\netty-transport-native-unix-common\4.1.73.Final\netty-transport-native-unix-common-4.1.73.Final.jar;C:\Users\ASUSTUF\.m2\repository\io\netty\netty-transport\4.1.73.Final\netty-transport-4.1.73.Final.jar;C:\Users\ASUSTUF\.m2\repository\io\netty\netty-resolver\4.1.73.Final\netty-resolver-4.1.73.Final.jar;C:\Users\ASUSTUF\.m2\repository\io\opentelemetry\opentelemetry-api\1.10.1\opentelemetry-api-1.10.1.jar;C:\Users\ASUSTUF\.m2\repository\io\opentelemetry\opentelemetry-context\1.10.1\opentelemetry-context-1.10.1.jar;C:\Users\ASUSTUF\.m2\repository\io\opentelemetry\opentelemetry-exporter-logging\1.10.1\opentelemetry-exporter-logging-1.10.1.jar;C:\Users\ASUSTUF\.m2\repository\io\opentelemetry\opentelemetry-sdk-metrics\1.10.1-alpha\opentelemetry-sdk-metrics-1.10.1-alpha.jar;C:\Users\ASUSTUF\.m2\repository\io\opentelemetry\opentelemetry-sdk-logs\1.10.1-alpha\opentelemetry-sdk-logs-1.10.1-alpha.jar;C:\Users\ASUSTUF\.m2\repository\io\opentelemetry\opentelemetry-sdk-common\1.10.1\opentelemetry-sdk-common-1.10.1.jar;C:\Users\ASUSTUF\.m2\repository\io\opentelemetry\opentelemetry-sdk-extension-autoconfigure-spi\1.10.1\opentelemetry-sdk-extension-autoconfigure-spi-1.10.1.jar;C:\Users\ASUSTUF\.m2\repository\io\opentelemetry\opentelemetry-sdk-extension-autoconfigure\1.10.1-alpha\opentelemetry-sdk-extension-autoconfigure-1.10.1-alpha.jar;C:\Users\ASUSTUF\.m2\repository\io\opentelemetry\opentelemetry-sdk-trace\1.10.1\opentelemetry-sdk-trace-1.10.1.jar;C:\Users\ASUSTUF\.m2\repository\io\opentelemetry\opentelemetry-sdk\1.10.1\opentelemetry-sdk-1.10.1.jar;C:\Users\ASUSTUF\.m2\repository\io\opentelemetry\opentelemetry-semconv\1.10.1-alpha\opentelemetry-semconv-1.10.1-alpha.jar;C:\Users\ASUSTUF\.m2\repository\io\ous\jtoml\2.0.0\jtoml-2.0.0.jar;C:\Users\ASUSTUF\.m2\repository\org\apache\commons\commons-exec\1.3\commons-exec-1.3.jar;C:\Users\ASUSTUF\.m2\repository\org\asynchttpclient\async-http-client\2.12.3\async-http-client-2.12.3.jar;C:\Users\ASUSTUF\.m2\repository\org\asynchttpclient\async-http-client-netty-utils\2.12.3\async-http-client-netty-utils-2.12.3.jar;C:\Users\ASUSTUF\.m2\repository\io\netty\netty-codec-socks\4.1.60.Final\netty-codec-socks-4.1.60.Final.jar;C:\Users\ASUSTUF\.m2\repository\io\netty\netty-handler-proxy\4.1.60.Final\netty-handler-proxy-4.1.60.Final.jar;C:\Users\ASUSTUF\.m2\repository\io\netty\netty-transport-native-epoll\4.1.60.Final\netty-transport-native-epoll-4.1.60.Final-linux-x86_64.jar;C:\Users\ASUSTUF\.m2\repository\io\netty\netty-transport-native-kqueue\4.1.60.Final\netty-transport-native-kqueue-4.1.60.Final-osx-x86_64.jar;C:\Users\ASUSTUF\.m2\repository\org\reactivestreams\reactive-streams\1.0.3\reactive-streams-1.0.3.jar;C:\Users\ASUSTUF\.m2\repository\com\typesafe\netty\netty-reactive-streams\2.0.4\netty-reactive-streams-2.0.4.jar;C:\Users\ASUSTUF\.m2\repository\org\seleniumhq\selenium\selenium-http\4.1.2\selenium-http-4.1.2.jar;C:\Users\ASUSTUF\.m2\repository\net\jodah\failsafe\2.4.4\failsafe-2.4.4.jar;C:\Users\ASUSTUF\.m2\repository\org\seleniumhq\selenium\selenium-safari-driver\4.1.2\selenium-safari-driver-4.1.2.jar;C:\Users\ASUSTUF\.m2\repository\org\seleniumhq\selenium\selenium-api\4.1.2\selenium-api-4.1.2.jar;C:\Users\ASUSTUF\.m2\repository\org\seleniumhq\selenium\selenium-support\4.1.2\selenium-support-4.1.2.jar;C:\Users\ASUSTUF\.m2\repository\com\google\auto\service\auto-service-annotations\1.0.1\auto-service-annotations-1.0.1.jar;C:\Users\ASUSTUF\.m2\repository\com\google\auto\service\auto-service\1.0.1\auto-service-1.0.1.jar;C:\Users\ASUSTUF\.m2\repository\com\google\auto\auto-common\1.2\auto-common-1.2.jar;C:\Users\ASUSTUF\.m2\repository\org\seleniumhq\selenium\selenium-json\4.1.2\selenium-json-4.1.2.jar;C:\Users\ASUSTUF\.m2\repository\org\seleniumhq\selenium\selenium-chrome-driver\4.1.2\selenium-chrome-driver-4.1.2.jar;C:\Users\ASUSTUF\.m2\repository\org\seleniumhq\selenium\selenium-chromium-driver\4.1.2\selenium-chromium-driver-4.1.2.jar;C:\Users\ASUSTUF\.m2\repository\org\seleniumhq\selenium\selenium-firefox-driver\4.1.2\selenium-firefox-driver-4.1.2.jar;C:\Users\ASUSTUF\.m2\repository\org\seleniumhq\selenium\selenium-edge-driver\4.1.2\selenium-edge-driver-4.1.2.jar;C:\Users\ASUSTUF\.m2\repository\org\seleniumhq\selenium\selenium-ie-driver\4.1.2\selenium-ie-driver-4.1.2.jar;C:\Users\ASUSTUF\.m2\repository\org\projectlombok\lombok\1.18.20\lombok-1.18.20.jar;C:\Users\ASUSTUF\.m2\repository\io\appium\java-client\8.0.0\java-client-8.0.0.jar;C:\Users\ASUSTUF\.m2\repository\commons-validator\commons-validator\1.7\commons-validator-1.7.jar;C:\Users\ASUSTUF\.m2\repository\commons-digester\commons-digester\2.1\commons-digester-2.1.jar;C:\Users\ASUSTUF\.m2\repository\org\aspectj\aspectjweaver\1.9.8\aspectjweaver-1.9.8.jar;C:\Users\ASUSTUF\.m2\repository\org\codehaus\groovy\groovy\3.0.10\groovy-3.0.10.jar;C:\Users\ASUSTUF\.m2\repository\net\sf\opencsv\opencsv\2.0\opencsv-2.0.jar;C:\Users\ASUSTUF\.m2\repository\commons-beanutils\commons-beanutils\1.9.4\commons-beanutils-1.9.4.jar;C:\Users\ASUSTUF\.m2\repository\org\apache\commons\commons-lang3\3.12.0\commons-lang3-3.12.0.jar;C:\Users\ASUSTUF\.m2\repository\commons-collections\commons-collections\3.2.2\commons-collections-3.2.2.jar;C:\Users\ASUSTUF\.m2\repository\org\fluentlenium\fluentlenium-core\0.10.2\fluentlenium-core-0.10.2.jar;C:\Users\ASUSTUF\.m2\repository\io\github\bonigarcia\webdrivermanager\5.1.0\webdrivermanager-5.1.0.jar;C:\Users\ASUSTUF\.m2\repository\com\github\docker-java\docker-java\3.2.13\docker-java-3.2.13.jar;C:\Users\ASUSTUF\.m2\repository\com\github\docker-java\docker-java-core\3.2.13\docker-java-core-3.2.13.jar;C:\Users\ASUSTUF\.m2\repository\com\github\docker-java\docker-java-api\3.2.13\docker-java-api-3.2.13.jar;C:\Users\ASUSTUF\.m2\repository\org\apache\commons\commons-compress\1.21\commons-compress-1.21.jar;C:\Users\ASUSTUF\.m2\repository\org\bouncycastle\bcpkix-jdk15on\1.64\bcpkix-jdk15on-1.64.jar;C:\Users\ASUSTUF\.m2\repository\org\bouncycastle\bcprov-jdk15on\1.64\bcprov-jdk15on-1.64.jar;C:\Users\ASUSTUF\.m2\repository\org\slf4j\jcl-over-slf4j\1.7.30\jcl-over-slf4j-1.7.30.jar;C:\Users\ASUSTUF\.m2\repository\com\github\docker-java\docker-java-transport-httpclient5\3.2.13\docker-java-transport-httpclient5-3.2.13.jar;C:\Users\ASUSTUF\.m2\repository\com\github\docker-java\docker-java-transport\3.2.13\docker-java-transport-3.2.13.jar;C:\Users\ASUSTUF\.m2\repository\org\apache\httpcomponents\client5\httpclient5\5.0.3\httpclient5-5.0.3.jar;C:\Users\ASUSTUF\.m2\repository\org\apache\httpcomponents\core5\httpcore5\5.0.2\httpcore5-5.0.2.jar;C:\Users\ASUSTUF\.m2\repository\net\java\dev\jna\jna\5.8.0\jna-5.8.0.jar;C:\Users\ASUSTUF\.m2\repository\org\brotli\dec\0.1.2\dec-0.1.2.jar;C:\Users\ASUSTUF\.m2\repository\com\jhlabs\filters\2.0.235\filters-2.0.235.jar;C:\Users\ASUSTUF\.m2\repository\com\paulhammant\ngwebdriver\1.1.6\ngwebdriver-1.1.6.jar;C:\Users\ASUSTUF\.m2\repository\joda-time\joda-time\2.8.2\joda-time-2.8.2.jar;C:\Users\ASUSTUF\.m2\repository\org\hamcrest\hamcrest\2.2\hamcrest-2.2.jar;C:\Users\ASUSTUF\.m2\repository\com\google\jimfs\jimfs\1.2\jimfs-1.2.jar;C:\Users\ASUSTUF\.m2\repository\org\mockito\mockito-core\3.3.3\mockito-core-3.3.3.jar;C:\Users\ASUSTUF\.m2\repository\javax\xml\bind\jaxb-api\2.3.1\jaxb-api-2.3.1.jar;C:\Users\ASUSTUF\.m2\repository\javax\activation\javax.activation-api\1.2.0\javax.activation-api-1.2.0.jar;C:\Users\ASUSTUF\.m2\repository\com\sun\xml\bind\jaxb-core\2.3.0.1\jaxb-core-2.3.0.1.jar;C:\Users\ASUSTUF\.m2\repository\com\sun\xml\bind\jaxb-impl\2.3.3\jaxb-impl-2.3.3.jar;C:\Users\ASUSTUF\.m2\repository\jakarta\xml\bind\jakarta.xml.bind-api\2.3.3\jakarta.xml.bind-api-2.3.3.jar;C:\Users\ASUSTUF\.m2\repository\com\sun\activation\jakarta.activation\1.2.2\jakarta.activation-1.2.2.jar;C:\Users\ASUSTUF\.m2\repository\javax\activation\activation\1.1.1\activation-1.1.1.jar;C:\Users\ASUSTUF\.m2\repository\net\serenity-bdd\serenity-cucumber\3.2.1\serenity-cucumber-3.2.1.jar;C:\Users\ASUSTUF\.m2\repository\io\cucumber\cucumber-core\7.2.3\cucumber-core-7.2.3.jar;C:\Users\ASUSTUF\.m2\repository\io\cucumber\cucumber-gherkin\7.2.3\cucumber-gherkin-7.2.3.jar;C:\Users\ASUSTUF\.m2\repository\io\cucumber\cucumber-gherkin-messages\7.2.3\cucumber-gherkin-messages-7.2.3.jar;C:\Users\ASUSTUF\.m2\repository\io\cucumber\messages\17.1.1\messages-17.1.1.jar;C:\Users\ASUSTUF\.m2\repository\io\cucumber\tag-expressions\4.1.0\tag-expressions-4.1.0.jar;C:\Users\ASUSTUF\.m2\repository\io\cucumber\cucumber-expressions\15.0.1\cucumber-expressions-15.0.1.jar;C:\Users\ASUSTUF\.m2\repository\io\cucumber\datatable\7.2.3\datatable-7.2.3.jar;C:\Users\ASUSTUF\.m2\repository\io\cucumber\cucumber-plugin\7.2.3\cucumber-plugin-7.2.3.jar;C:\Users\ASUSTUF\.m2\repository\io\cucumber\docstring\7.2.3\docstring-7.2.3.jar;C:\Users\ASUSTUF\.m2\repository\io\cucumber\html-formatter\17.0.0\html-formatter-17.0.0.jar;C:\Users\ASUSTUF\.m2\repository\io\cucumber\ci-environment\8.1.0\ci-environment-8.1.0.jar;C:\Users\ASUSTUF\.m2\repository\io\cucumber\cucumber-junit\7.2.3\cucumber-junit-7.2.3.jar;C:\Users\ASUSTUF\.m2\repository\org\apache\commons\commons-csv\1.5\commons-csv-1.5.jar;C:\Users\ASUSTUF\.m2\repository\net\serenity-bdd\serenity-screenplay\3.2.1\serenity-screenplay-3.2.1.jar;C:\Users\ASUSTUF\.m2\repository\net\serenity-bdd\serenity-screenplay-webdriver\3.2.1\serenity-screenplay-webdriver-3.2.1.jar;C:\Users\ASUSTUF\.m2\repository\net\serenity-bdd\serenity-ensure\3.2.1\serenity-ensure-3.2.1.jar;C:\Users\ASUSTUF\.m2\repository\net\serenity-bdd\serenity-junit\3.2.1\serenity-junit-3.2.1.jar;C:\Users\ASUSTUF\.m2\repository\org\jetbrains\kotlin\kotlin-stdlib\1.6.0\kotlin-stdlib-1.6.0.jar;C:\Users\ASUSTUF\.m2\repository\org\jetbrains\annotations\13.0\annotations-13.0.jar;C:\Users\ASUSTUF\.m2\repository\org\jetbrains\kotlin\kotlin-stdlib-common\1.6.0\kotlin-stdlib-common-1.6.0.jar;C:\Users\ASUSTUF\.m2\repository\org\junit\platform\junit-platform-launcher\1.8.1\junit-platform-launcher-1.8.1.jar;C:\Users\ASUSTUF\.m2\repository\org\junit\platform\junit-platform-engine\1.8.1\junit-platform-engine-1.8.1.jar;C:\Users\ASUSTUF\.m2\repository\org\opentest4j\opentest4j\1.2.0\opentest4j-1.2.0.jar;C:\Users\ASUSTUF\.m2\repository\org\junit\platform\junit-platform-commons\1.8.1\junit-platform-commons-1.8.1.jar;C:\Users\ASUSTUF\.m2\repository\org\apiguardian\apiguardian-api\1.1.2\apiguardian-api-1.1.2.jar;C:\Users\ASUSTUF\.m2\repository\org\junit\jupiter\junit-jupiter-engine\5.8.2\junit-jupiter-engine-5.8.2.jar;C:\Users\ASUSTUF\.m2\repository\org\junit\jupiter\junit-jupiter-api\5.8.2\junit-jupiter-api-5.8.2.jar;C:\Users\ASUSTUF\.m2\repository\org\junit\vintage\junit-vintage-engine\5.8.2\junit-vintage-engine-5.8.2.jar;C:\Users\ASUSTUF\.m2\repository\junit\junit\4.13.2\junit-4.13.2.jar;C:\Users\ASUSTUF\.m2\repository\org\hamcrest\hamcrest-core\1.3\hamcrest-core-1.3.jar;C:\Users\ASUSTUF\.m2\repository\ch\qos\logback\logback-classic\1.2.10\logback-classic-1.2.10.jar;C:\Users\ASUSTUF\.m2\repository\ch\qos\logback\logback-core\1.2.10\logback-core-1.2.10.jar;C:\Users\ASUSTUF\.m2\repository\org\slf4j\slf4j-api\1.7.32\slf4j-api-1.7.32.jar;C:\Users\ASUSTUF\.m2\repository\org\assertj\assertj-core\3.6.2\assertj-core-3.6.2.jar;"/>
    <property name="sun.cpu.endian" value="little"/>
    <property name="user.home" value="C:\Users\ASUSTUF"/>
    <property name="user.language" value="en"/>
    <property name="java.specification.vendor" value="Oracle Corporation"/>
    <property name="jdk.module.path" value="C:\Users\ASUSTUF\OneDrive\Documents\Capstone Project\Web Automation\target\Automation-1.0-SNAPSHOT.jar"/>
    <property name="java.version.date" value="2022-07-19"/>
    <property name="java.home" value="C:\Program Files\Java\jdk-11.0.16"/>
    <property name="file.separator" value="\"/>
    <property name="basedir" value="C:\Users\ASUSTUF\OneDrive\Documents\Capstone Project\Web Automation"/>
    <property name="java.vm.compressedOopsMode" value="32-bit"/>
    <property name="line.separator" value="&#10;"/>
    <property name="java.specification.name" value="Java Platform API Specification"/>
    <property name="java.vm.specification.vendor" value="Oracle Corporation"/>
    <property name="java.awt.graphicsenv" value="sun.awt.Win32GraphicsEnvironment"/>
    <property name="surefire.real.class.path" value="C:\Users\ASUSTUF\.m2\repository\org\apache\maven\surefire\surefire-booter\3.0.0-M5\surefire-booter-3.0.0-M5.jar;C:\Users\ASUSTUF\.m2\repository\org\apache\maven\surefire\surefire-api\3.0.0-M5\surefire-api-3.0.0-M5.jar;C:\Users\ASUSTUF\.m2\repository\org\apache\maven\surefire\surefire-logger-api\3.0.0-M5\surefire-logger-api-3.0.0-M5.jar;C:\Users\ASUSTUF\.m2\repository\org\apache\maven\surefire\surefire-shared-utils\3.0.0-M4\surefire-shared-utils-3.0.0-M4.jar;C:\Users\ASUSTUF\.m2\repository\org\apache\maven\surefire\surefire-extensions-spi\3.0.0-M5\surefire-extensions-spi-3.0.0-M5.jar;C:\Users\ASUSTUF\OneDrive\Documents\Capstone Project\Web Automation\target\test-classes;C:\Users\ASUSTUF\.m2\repository\net\serenity-bdd\serenity-core\3.2.1\serenity-core-3.2.1.jar;C:\Users\ASUSTUF\.m2\repository\net\serenity-bdd\serenity-model\3.2.1\serenity-model-3.2.1.jar;C:\Users\ASUSTUF\.m2\repository\org\apache\commons\commons-text\1.9\commons-text-1.9.jar;C:\Users\ASUSTUF\.m2\repository\commons-net\commons-net\3.8.0\commons-net-3.8.0.jar;C:\Users\ASUSTUF\.m2\repository\com\google\guava\guava\31.1-jre\guava-31.1-jre.jar;C:\Users\ASUSTUF\.m2\repository\com\google\guava\failureaccess\1.0.1\failureaccess-1.0.1.jar;C:\Users\ASUSTUF\.m2\repository\com\google\guava\listenablefuture\9999.0-empty-to-avoid-conflict-with-guava\listenablefuture-9999.0-empty-to-avoid-conflict-with-guava.jar;C:\Users\ASUSTUF\.m2\repository\com\google\code\findbugs\jsr305\3.0.2\jsr305-3.0.2.jar;C:\Users\ASUSTUF\.m2\repository\org\checkerframework\checker-qual\3.12.0\checker-qual-3.12.0.jar;C:\Users\ASUSTUF\.m2\repository\com\google\errorprone\error_prone_annotations\2.11.0\error_prone_annotations-2.11.0.jar;C:\Users\ASUSTUF\.m2\repository\com\google\j2objc\j2objc-annotations\1.3\j2objc-annotations-1.3.jar;C:\Users\ASUSTUF\.m2\repository\com\google\inject\guice\5.1.0\guice-5.1.0.jar;C:\Users\ASUSTUF\.m2\repository\javax\inject\javax.inject\1\javax.inject-1.jar;C:\Users\ASUSTUF\.m2\repository\aopalliance\aopalliance\1.0\aopalliance-1.0.jar;C:\Users\ASUSTUF\.m2\repository\org\jsoup\jsoup\1.14.3\jsoup-1.14.3.jar;C:\Users\ASUSTUF\.m2\repository\com\thoughtworks\xstream\xstream\1.4.19\xstream-1.4.19.jar;C:\Users\ASUSTUF\.m2\repository\io\github\x-stream\mxparser\1.2.2\mxparser-1.2.2.jar;C:\Users\ASUSTUF\.m2\repository\xmlpull\xmlpull\1.1.3.1\xmlpull-1.1.3.1.jar;C:\Users\ASUSTUF\.m2\repository\io\cucumber\cucumber-java\7.2.3\cucumber-java-7.2.3.jar;C:\Users\ASUSTUF\.m2\repository\com\typesafe\config\1.4.2\config-1.4.2.jar;C:\Users\ASUSTUF\.m2\repository\org\imgscalr\imgscalr-lib\4.2\imgscalr-lib-4.2.jar;C:\Users\ASUSTUF\.m2\repository\org\awaitility\awaitility\4.2.0\awaitility-4.2.0.jar;C:\Users\ASUSTUF\.m2\repository\org\freemarker\freemarker\2.3.31\freemarker-2.3.31.jar;C:\Users\ASUSTUF\.m2\repository\io\github\classgraph\classgraph\4.8.138\classgraph-4.8.138.jar;C:\Users\ASUSTUF\.m2\repository\net\sourceforge\jexcelapi\jxl\2.6.12\jxl-2.6.12.jar;C:\Users\ASUSTUF\.m2\repository\net\bytebuddy\byte-buddy\1.12.8\byte-buddy-1.12.8.jar;C:\Users\ASUSTUF\.m2\repository\net\bytebuddy\byte-buddy-agent\1.12.8\byte-buddy-agent-1.12.8.jar;C:\Users\ASUSTUF\.m2\repository\org\objenesis\objenesis\3.1\objenesis-3.1.jar;C:\Users\ASUSTUF\.m2\repository\net\serenity-bdd\serenity-reports\3.2.1\serenity-reports-3.2.1.jar;C:\Users\ASUSTUF\.m2\repository\net\serenity-bdd\serenity-stats\3.2.1\serenity-stats-3.2.1.jar;C:\Users\ASUSTUF\.m2\repository\net\serenity-bdd\serenity-reports-configuration\3.2.1\serenity-reports-configuration-3.2.1.jar;C:\Users\ASUSTUF\.m2\repository\com\vladsch\flexmark\flexmark-all\0.34.30\flexmark-all-0.34.30.jar;C:\Users\ASUSTUF\.m2\repository\com\vladsch\flexmark\flexmark\0.34.30\flexmark-0.34.30.jar;C:\Users\ASUSTUF\.m2\repository\com\vladsch\flexmark\flexmark-ext-abbreviation\0.34.30\flexmark-ext-abbreviation-0.34.30.jar;C:\Users\ASUSTUF\.m2\repository\com\vladsch\flexmark\flexmark-ext-admonition\0.34.30\flexmark-ext-admonition-0.34.30.jar;C:\Users\ASUSTUF\.m2\repository\com\vladsch\flexmark\flexmark-ext-anchorlink\0.34.30\flexmark-ext-anchorlink-0.34.30.jar;C:\Users\ASUSTUF\.m2\repository\com\vladsch\flexmark\flexmark-ext-aside\0.34.30\flexmark-ext-aside-0.34.30.jar;C:\Users\ASUSTUF\.m2\repository\com\vladsch\flexmark\flexmark-ext-attributes\0.34.30\flexmark-ext-attributes-0.34.30.jar;C:\Users\ASUSTUF\.m2\repository\com\vladsch\flexmark\flexmark-ext-autolink\0.34.30\flexmark-ext-autolink-0.34.30.jar;C:\Users\ASUSTUF\.m2\repository\org\nibor\autolink\autolink\0.6.0\autolink-0.6.0.jar;C:\Users\ASUSTUF\.m2\repository\com\vladsch\flexmark\flexmark-ext-definition\0.34.30\flexmark-ext-definition-0.34.30.jar;C:\Users\ASUSTUF\.m2\repository\com\vladsch\flexmark\flexmark-ext-emoji\0.34.30\flexmark-ext-emoji-0.34.30.jar;C:\Users\ASUSTUF\.m2\repository\com\vladsch\flexmark\flexmark-ext-enumerated-reference\0.34.30\flexmark-ext-enumerated-reference-0.34.30.jar;C:\Users\ASUSTUF\.m2\repository\com\vladsch\flexmark\flexmark-ext-escaped-character\0.34.30\flexmark-ext-escaped-character-0.34.30.jar;C:\Users\ASUSTUF\.m2\repository\com\vladsch\flexmark\flexmark-ext-footnotes\0.34.30\flexmark-ext-footnotes-0.34.30.jar;C:\Users\ASUSTUF\.m2\repository\com\vladsch\flexmark\flexmark-ext-gfm-issues\0.34.30\flexmark-ext-gfm-issues-0.34.30.jar;C:\Users\ASUSTUF\.m2\repository\com\vladsch\flexmark\flexmark-ext-gfm-strikethrough\0.34.30\flexmark-ext-gfm-strikethrough-0.34.30.jar;C:\Users\ASUSTUF\.m2\repository\com\vladsch\flexmark\flexmark-ext-gfm-tables\0.34.30\flexmark-ext-gfm-tables-0.34.30.jar;C:\Users\ASUSTUF\.m2\repository\com\vladsch\flexmark\flexmark-ext-gfm-tasklist\0.34.30\flexmark-ext-gfm-tasklist-0.34.30.jar;C:\Users\ASUSTUF\.m2\repository\com\vladsch\flexmark\flexmark-ext-gfm-users\0.34.30\flexmark-ext-gfm-users-0.34.30.jar;C:\Users\ASUSTUF\.m2\repository\com\vladsch\flexmark\flexmark-ext-gitlab\0.34.30\flexmark-ext-gitlab-0.34.30.jar;C:\Users\ASUSTUF\.m2\repository\com\vladsch\flexmark\flexmark-ext-jekyll-front-matter\0.34.30\flexmark-ext-jekyll-front-matter-0.34.30.jar;C:\Users\ASUSTUF\.m2\repository\com\vladsch\flexmark\flexmark-ext-jekyll-tag\0.34.30\flexmark-ext-jekyll-tag-0.34.30.jar;C:\Users\ASUSTUF\.m2\repository\com\vladsch\flexmark\flexmark-ext-media-tags\0.34.30\flexmark-ext-media-tags-0.34.30.jar;C:\Users\ASUSTUF\.m2\repository\com\vladsch\flexmark\flexmark-test-util\0.34.30\flexmark-test-util-0.34.30.jar;C:\Users\ASUSTUF\.m2\repository\com\vladsch\flexmark\flexmark-ext-ins\0.34.30\flexmark-ext-ins-0.34.30.jar;C:\Users\ASUSTUF\.m2\repository\com\vladsch\flexmark\flexmark-ext-xwiki-macros\0.34.30\flexmark-ext-xwiki-macros-0.34.30.jar;C:\Users\ASUSTUF\.m2\repository\com\vladsch\flexmark\flexmark-ext-superscript\0.34.30\flexmark-ext-superscript-0.34.30.jar;C:\Users\ASUSTUF\.m2\repository\com\vladsch\flexmark\flexmark-ext-tables\0.34.30\flexmark-ext-tables-0.34.30.jar;C:\Users\ASUSTUF\.m2\repository\com\vladsch\flexmark\flexmark-ext-toc\0.34.30\flexmark-ext-toc-0.34.30.jar;C:\Users\ASUSTUF\.m2\repository\com\vladsch\flexmark\flexmark-ext-typographic\0.34.30\flexmark-ext-typographic-0.34.30.jar;C:\Users\ASUSTUF\.m2\repository\com\vladsch\flexmark\flexmark-ext-wikilink\0.34.30\flexmark-ext-wikilink-0.34.30.jar;C:\Users\ASUSTUF\.m2\repository\com\vladsch\flexmark\flexmark-ext-yaml-front-matter\0.34.30\flexmark-ext-yaml-front-matter-0.34.30.jar;C:\Users\ASUSTUF\.m2\repository\com\vladsch\flexmark\flexmark-ext-youtube-embedded\0.34.30\flexmark-ext-youtube-embedded-0.34.30.jar;C:\Users\ASUSTUF\.m2\repository\com\vladsch\flexmark\flexmark-formatter\0.34.30\flexmark-formatter-0.34.30.jar;C:\Users\ASUSTUF\.m2\repository\com\vladsch\flexmark\flexmark-html-parser\0.34.30\flexmark-html-parser-0.34.30.jar;C:\Users\ASUSTUF\.m2\repository\com\vladsch\flexmark\flexmark-jira-converter\0.34.30\flexmark-jira-converter-0.34.30.jar;C:\Users\ASUSTUF\.m2\repository\com\vladsch\flexmark\flexmark-pdf-converter\0.34.30\flexmark-pdf-converter-0.34.30.jar;C:\Users\ASUSTUF\.m2\repository\com\openhtmltopdf\openhtmltopdf-core\0.0.1-RC13\openhtmltopdf-core-0.0.1-RC13.jar;C:\Users\ASUSTUF\.m2\repository\com\openhtmltopdf\openhtmltopdf-pdfbox\0.0.1-RC13\openhtmltopdf-pdfbox-0.0.1-RC13.jar;C:\Users\ASUSTUF\.m2\repository\org\apache\pdfbox\pdfbox\2.0.8\pdfbox-2.0.8.jar;C:\Users\ASUSTUF\.m2\repository\org\apache\pdfbox\fontbox\2.0.8\fontbox-2.0.8.jar;C:\Users\ASUSTUF\.m2\repository\commons-logging\commons-logging\1.2\commons-logging-1.2.jar;C:\Users\ASUSTUF\.m2\repository\org\apache\pdfbox\xmpbox\2.0.8\xmpbox-2.0.8.jar;C:\Users\ASUSTUF\.m2\repository\de\rototor\pdfbox\graphics2d\0.12\graphics2d-0.12.jar;C:\Users\ASUSTUF\.m2\repository\com\openhtmltopdf\openhtmltopdf-rtl-support\0.0.1-RC13\openhtmltopdf-rtl-support-0.0.1-RC13.jar;C:\Users\ASUSTUF\.m2\repository\com\ibm\icu\icu4j\59.1\icu4j-59.1.jar;C:\Users\ASUSTUF\.m2\repository\com\openhtmltopdf\openhtmltopdf-jsoup-dom-converter\0.0.1-RC13\openhtmltopdf-jsoup-dom-converter-0.0.1-RC13.jar;C:\Users\ASUSTUF\.m2\repository\com\vladsch\flexmark\flexmark-profile-pegdown\0.34.30\flexmark-profile-pegdown-0.34.30.jar;C:\Users\ASUSTUF\.m2\repository\com\vladsch\flexmark\flexmark-util\0.34.30\flexmark-util-0.34.30.jar;C:\Users\ASUSTUF\.m2\repository\com\vladsch\flexmark\flexmark-youtrack-converter\0.34.30\flexmark-youtrack-converter-0.34.30.jar;C:\Users\ASUSTUF\.m2\repository\es\nitaur\markdown\txtmark\0.16\txtmark-0.16.jar;C:\Users\ASUSTUF\.m2\repository\net\serenity-bdd\serenity-report-resources\3.2.1\serenity-report-resources-3.2.1.jar;C:\Users\ASUSTUF\.m2\repository\com\google\code\gson\gson\2.9.0\gson-2.9.0.jar;C:\Users\ASUSTUF\.m2\repository\com\fasterxml\jackson\core\jackson-core\2.13.2\jackson-core-2.13.2.jar;C:\Users\ASUSTUF\.m2\repository\com\fasterxml\jackson\core\jackson-databind\2.13.2\jackson-databind-2.13.2.jar;C:\Users\ASUSTUF\.m2\repository\com\fasterxml\jackson\core\jackson-annotations\2.13.2\jackson-annotations-2.13.2.jar;C:\Users\ASUSTUF\.m2\repository\commons-codec\commons-codec\1.15\commons-codec-1.15.jar;C:\Users\ASUSTUF\.m2\repository\commons-io\commons-io\2.11.0\commons-io-2.11.0.jar;C:\Users\ASUSTUF\.m2\repository\org\seleniumhq\selenium\selenium-java\4.1.2\selenium-java-4.1.2.jar;C:\Users\ASUSTUF\.m2\repository\org\seleniumhq\selenium\selenium-devtools-v85\4.1.2\selenium-devtools-v85-4.1.2.jar;C:\Users\ASUSTUF\.m2\repository\org\seleniumhq\selenium\selenium-devtools-v95\4.1.2\selenium-devtools-v95-4.1.2.jar;C:\Users\ASUSTUF\.m2\repository\org\seleniumhq\selenium\selenium-devtools-v96\4.1.2\selenium-devtools-v96-4.1.2.jar;C:\Users\ASUSTUF\.m2\repository\org\seleniumhq\selenium\selenium-devtools-v97\4.1.2\selenium-devtools-v97-4.1.2.jar;C:\Users\ASUSTUF\.m2\repository\org\seleniumhq\selenium\selenium-firefox-xpi-driver\4.1.2\selenium-firefox-xpi-driver-4.1.2.jar;C:\Users\ASUSTUF\.m2\repository\org\seleniumhq\selenium\selenium-opera-driver\4.1.2\selenium-opera-driver-4.1.2.jar;C:\Users\ASUSTUF\.m2\repository\org\seleniumhq\selenium\selenium-remote-driver\4.1.2\selenium-remote-driver-4.1.2.jar;C:\Users\ASUSTUF\.m2\repository\com\beust\jcommander\1.82\jcommander-1.82.jar;C:\Users\ASUSTUF\.m2\repository\io\netty\netty-buffer\4.1.73.Final\netty-buffer-4.1.73.Final.jar;C:\Users\ASUSTUF\.m2\repository\io\netty\netty-codec-http\4.1.73.Final\netty-codec-http-4.1.73.Final.jar;C:\Users\ASUSTUF\.m2\repository\io\netty\netty-codec\4.1.73.Final\netty-codec-4.1.73.Final.jar;C:\Users\ASUSTUF\.m2\repository\io\netty\netty-handler\4.1.73.Final\netty-handler-4.1.73.Final.jar;C:\Users\ASUSTUF\.m2\repository\io\netty\netty-tcnative-classes\2.0.46.Final\netty-tcnative-classes-2.0.46.Final.jar;C:\Users\ASUSTUF\.m2\repository\io\netty\netty-common\4.1.73.Final\netty-common-4.1.73.Final.jar;C:\Users\ASUSTUF\.m2\repository\io\netty\netty-transport-classes-epoll\4.1.73.Final\netty-transport-classes-epoll-4.1.73.Final.jar;C:\Users\ASUSTUF\.m2\repository\io\netty\netty-transport-classes-kqueue\4.1.73.Final\netty-transport-classes-kqueue-4.1.73.Final.jar;C:\Users\ASUSTUF\.m2\repository\io\netty\netty-transport-native-epoll\4.1.73.Final\netty-transport-native-epoll-4.1.73.Final.jar;C:\Users\ASUSTUF\.m2\repository\io\netty\netty-transport-native-kqueue\4.1.73.Final\netty-transport-native-kqueue-4.1.73.Final.jar;C:\Users\ASUSTUF\.m2\repository\io\netty\netty-transport-native-unix-common\4.1.73.Final\netty-transport-native-unix-common-4.1.73.Final.jar;C:\Users\ASUSTUF\.m2\repository\io\netty\netty-transport\4.1.73.Final\netty-transport-4.1.73.Final.jar;C:\Users\ASUSTUF\.m2\repository\io\netty\netty-resolver\4.1.73.Final\netty-resolver-4.1.73.Final.jar;C:\Users\ASUSTUF\.m2\repository\io\opentelemetry\opentelemetry-api\1.10.1\opentelemetry-api-1.10.1.jar;C:\Users\ASUSTUF\.m2\repository\io\opentelemetry\opentelemetry-context\1.10.1\opentelemetry-context-1.10.1.jar;C:\Users\ASUSTUF\.m2\repository\io\opentelemetry\opentelemetry-exporter-logging\1.10.1\opentelemetry-exporter-logging-1.10.1.jar;C:\Users\ASUSTUF\.m2\repository\io\opentelemetry\opentelemetry-sdk-metrics\1.10.1-alpha\opentelemetry-sdk-metrics-1.10.1-alpha.jar;C:\Users\ASUSTUF\.m2\repository\io\opentelemetry\opentelemetry-sdk-logs\1.10.1-alpha\opentelemetry-sdk-logs-1.10.1-alpha.jar;C:\Users\ASUSTUF\.m2\repository\io\opentelemetry\opentelemetry-sdk-common\1.10.1\opentelemetry-sdk-common-1.10.1.jar;C:\Users\ASUSTUF\.m2\repository\io\opentelemetry\opentelemetry-sdk-extension-autoconfigure-spi\1.10.1\opentelemetry-sdk-extension-autoconfigure-spi-1.10.1.jar;C:\Users\ASUSTUF\.m2\repository\io\opentelemetry\opentelemetry-sdk-extension-autoconfigure\1.10.1-alpha\opentelemetry-sdk-extension-autoconfigure-1.10.1-alpha.jar;C:\Users\ASUSTUF\.m2\repository\io\opentelemetry\opentelemetry-sdk-trace\1.10.1\opentelemetry-sdk-trace-1.10.1.jar;C:\Users\ASUSTUF\.m2\repository\io\opentelemetry\opentelemetry-sdk\1.10.1\opentelemetry-sdk-1.10.1.jar;C:\Users\ASUSTUF\.m2\repository\io\opentelemetry\opentelemetry-semconv\1.10.1-alpha\opentelemetry-semconv-1.10.1-alpha.jar;C:\Users\ASUSTUF\.m2\repository\io\ous\jtoml\2.0.0\jtoml-2.0.0.jar;C:\Users\ASUSTUF\.m2\repository\org\apache\commons\commons-exec\1.3\commons-exec-1.3.jar;C:\Users\ASUSTUF\.m2\repository\org\asynchttpclient\async-http-client\2.12.3\async-http-client-2.12.3.jar;C:\Users\ASUSTUF\.m2\repository\org\asynchttpclient\async-http-client-netty-utils\2.12.3\async-http-client-netty-utils-2.12.3.jar;C:\Users\ASUSTUF\.m2\repository\io\netty\netty-codec-socks\4.1.60.Final\netty-codec-socks-4.1.60.Final.jar;C:\Users\ASUSTUF\.m2\repository\io\netty\netty-handler-proxy\4.1.60.Final\netty-handler-proxy-4.1.60.Final.jar;C:\Users\ASUSTUF\.m2\repository\io\netty\netty-transport-native-epoll\4.1.60.Final\netty-transport-native-epoll-4.1.60.Final-linux-x86_64.jar;C:\Users\ASUSTUF\.m2\repository\io\netty\netty-transport-native-kqueue\4.1.60.Final\netty-transport-native-kqueue-4.1.60.Final-osx-x86_64.jar;C:\Users\ASUSTUF\.m2\repository\org\reactivestreams\reactive-streams\1.0.3\reactive-streams-1.0.3.jar;C:\Users\ASUSTUF\.m2\repository\com\typesafe\netty\netty-reactive-streams\2.0.4\netty-reactive-streams-2.0.4.jar;C:\Users\ASUSTUF\.m2\repository\org\seleniumhq\selenium\selenium-http\4.1.2\selenium-http-4.1.2.jar;C:\Users\ASUSTUF\.m2\repository\net\jodah\failsafe\2.4.4\failsafe-2.4.4.jar;C:\Users\ASUSTUF\.m2\repository\org\seleniumhq\selenium\selenium-safari-driver\4.1.2\selenium-safari-driver-4.1.2.jar;C:\Users\ASUSTUF\.m2\repository\org\seleniumhq\selenium\selenium-api\4.1.2\selenium-api-4.1.2.jar;C:\Users\ASUSTUF\.m2\repository\org\seleniumhq\selenium\selenium-support\4.1.2\selenium-support-4.1.2.jar;C:\Users\ASUSTUF\.m2\repository\com\google\auto\service\auto-service-annotations\1.0.1\auto-service-annotations-1.0.1.jar;C:\Users\ASUSTUF\.m2\repository\com\google\auto\service\auto-service\1.0.1\auto-service-1.0.1.jar;C:\Users\ASUSTUF\.m2\repository\com\google\auto\auto-common\1.2\auto-common-1.2.jar;C:\Users\ASUSTUF\.m2\repository\org\seleniumhq\selenium\selenium-json\4.1.2\selenium-json-4.1.2.jar;C:\Users\ASUSTUF\.m2\repository\org\seleniumhq\selenium\selenium-chrome-driver\4.1.2\selenium-chrome-driver-4.1.2.jar;C:\Users\ASUSTUF\.m2\repository\org\seleniumhq\selenium\selenium-chromium-driver\4.1.2\selenium-chromium-driver-4.1.2.jar;C:\Users\ASUSTUF\.m2\repository\org\seleniumhq\selenium\selenium-firefox-driver\4.1.2\selenium-firefox-driver-4.1.2.jar;C:\Users\ASUSTUF\.m2\repository\org\seleniumhq\selenium\selenium-edge-driver\4.1.2\selenium-edge-driver-4.1.2.jar;C:\Users\ASUSTUF\.m2\repository\org\seleniumhq\selenium\selenium-ie-driver\4.1.2\selenium-ie-driver-4.1.2.jar;C:\Users\ASUSTUF\.m2\repository\org\projectlombok\lombok\1.18.20\lombok-1.18.20.jar;C:\Users\ASUSTUF\.m2\repository\io\appium\java-client\8.0.0\java-client-8.0.0.jar;C:\Users\ASUSTUF\.m2\repository\commons-validator\commons-validator\1.7\commons-validator-1.7.jar;C:\Users\ASUSTUF\.m2\repository\commons-digester\commons-digester\2.1\commons-digester-2.1.jar;C:\Users\ASUSTUF\.m2\repository\org\aspectj\aspectjweaver\1.9.8\aspectjweaver-1.9.8.jar;C:\Users\ASUSTUF\.m2\repository\org\codehaus\groovy\groovy\3.0.10\groovy-3.0.10.jar;C:\Users\ASUSTUF\.m2\repository\net\sf\opencsv\opencsv\2.0\opencsv-2.0.jar;C:\Users\ASUSTUF\.m2\repository\commons-beanutils\commons-beanutils\1.9.4\commons-beanutils-1.9.4.jar;C:\Users\ASUSTUF\.m2\repository\org\apache\commons\commons-lang3\3.12.0\commons-lang3-3.12.0.jar;C:\Users\ASUSTUF\.m2\repository\commons-collections\commons-collections\3.2.2\commons-collections-3.2.2.jar;C:\Users\ASUSTUF\.m2\repository\org\fluentlenium\fluentlenium-core\0.10.2\fluentlenium-core-0.10.2.jar;C:\Users\ASUSTUF\.m2\repository\io\github\bonigarcia\webdrivermanager\5.1.0\webdrivermanager-5.1.0.jar;C:\Users\ASUSTUF\.m2\repository\com\github\docker-java\docker-java\3.2.13\docker-java-3.2.13.jar;C:\Users\ASUSTUF\.m2\repository\com\github\docker-java\docker-java-core\3.2.13\docker-java-core-3.2.13.jar;C:\Users\ASUSTUF\.m2\repository\com\github\docker-java\docker-java-api\3.2.13\docker-java-api-3.2.13.jar;C:\Users\ASUSTUF\.m2\repository\org\apache\commons\commons-compress\1.21\commons-compress-1.21.jar;C:\Users\ASUSTUF\.m2\repository\org\bouncycastle\bcpkix-jdk15on\1.64\bcpkix-jdk15on-1.64.jar;C:\Users\ASUSTUF\.m2\repository\org\bouncycastle\bcprov-jdk15on\1.64\bcprov-jdk15on-1.64.jar;C:\Users\ASUSTUF\.m2\repository\org\slf4j\jcl-over-slf4j\1.7.30\jcl-over-slf4j-1.7.30.jar;C:\Users\ASUSTUF\.m2\repository\com\github\docker-java\docker-java-transport-httpclient5\3.2.13\docker-java-transport-httpclient5-3.2.13.jar;C:\Users\ASUSTUF\.m2\repository\com\github\docker-java\docker-java-transport\3.2.13\docker-java-transport-3.2.13.jar;C:\Users\ASUSTUF\.m2\repository\org\apache\httpcomponents\client5\httpclient5\5.0.3\httpclient5-5.0.3.jar;C:\Users\ASUSTUF\.m2\repository\org\apache\httpcomponents\core5\httpcore5\5.0.2\httpcore5-5.0.2.jar;C:\Users\ASUSTUF\.m2\repository\net\java\dev\jna\jna\5.8.0\jna-5.8.0.jar;C:\Users\ASUSTUF\.m2\repository\org\brotli\dec\0.1.2\dec-0.1.2.jar;C:\Users\ASUSTUF\.m2\repository\com\jhlabs\filters\2.0.235\filters-2.0.235.jar;C:\Users\ASUSTUF\.m2\repository\com\paulhammant\ngwebdriver\1.1.6\ngwebdriver-1.1.6.jar;C:\Users\ASUSTUF\.m2\repository\joda-time\joda-time\2.8.2\joda-time-2.8.2.jar;C:\Users\ASUSTUF\.m2\repository\org\hamcrest\hamcrest\2.2\hamcrest-2.2.jar;C:\Users\ASUSTUF\.m2\repository\com\google\jimfs\jimfs\1.2\jimfs-1.2.jar;C:\Users\ASUSTUF\.m2\repository\org\mockito\mockito-core\3.3.3\mockito-core-3.3.3.jar;C:\Users\ASUSTUF\.m2\repository\javax\xml\bind\jaxb-api\2.3.1\jaxb-api-2.3.1.jar;C:\Users\ASUSTUF\.m2\repository\javax\activation\javax.activation-api\1.2.0\javax.activation-api-1.2.0.jar;C:\Users\ASUSTUF\.m2\repository\com\sun\xml\bind\jaxb-core\2.3.0.1\jaxb-core-2.3.0.1.jar;C:\Users\ASUSTUF\.m2\repository\com\sun\xml\bind\jaxb-impl\2.3.3\jaxb-impl-2.3.3.jar;C:\Users\ASUSTUF\.m2\repository\jakarta\xml\bind\jakarta.xml.bind-api\2.3.3\jakarta.xml.bind-api-2.3.3.jar;C:\Users\ASUSTUF\.m2\repository\com\sun\activation\jakarta.activation\1.2.2\jakarta.activation-1.2.2.jar;C:\Users\ASUSTUF\.m2\repository\javax\activation\activation\1.1.1\activation-1.1.1.jar;C:\Users\ASUSTUF\.m2\repository\net\serenity-bdd\serenity-cucumber\3.2.1\serenity-cucumber-3.2.1.jar;C:\Users\ASUSTUF\.m2\repository\io\cucumber\cucumber-core\7.2.3\cucumber-core-7.2.3.jar;C:\Users\ASUSTUF\.m2\repository\io\cucumber\cucumber-gherkin\7.2.3\cucumber-gherkin-7.2.3.jar;C:\Users\ASUSTUF\.m2\repository\io\cucumber\cucumber-gherkin-messages\7.2.3\cucumber-gherkin-messages-7.2.3.jar;C:\Users\ASUSTUF\.m2\repository\io\cucumber\messages\17.1.1\messages-17.1.1.jar;C:\Users\ASUSTUF\.m2\repository\io\cucumber\tag-expressions\4.1.0\tag-expressions-4.1.0.jar;C:\Users\ASUSTUF\.m2\repository\io\cucumber\cucumber-expressions\15.0.1\cucumber-expressions-15.0.1.jar;C:\Users\ASUSTUF\.m2\repository\io\cucumber\datatable\7.2.3\datatable-7.2.3.jar;C:\Users\ASUSTUF\.m2\repository\io\cucumber\cucumber-plugin\7.2.3\cucumber-plugin-7.2.3.jar;C:\Users\ASUSTUF\.m2\repository\io\cucumber\docstring\7.2.3\docstring-7.2.3.jar;C:\Users\ASUSTUF\.m2\repository\io\cucumber\html-formatter\17.0.0\html-formatter-17.0.0.jar;C:\Users\ASUSTUF\.m2\repository\io\cucumber\ci-environment\8.1.0\ci-environment-8.1.0.jar;C:\Users\ASUSTUF\.m2\repository\io\cucumber\cucumber-junit\7.2.3\cucumber-junit-7.2.3.jar;C:\Users\ASUSTUF\.m2\repository\org\apache\commons\commons-csv\1.5\commons-csv-1.5.jar;C:\Users\ASUSTUF\.m2\repository\net\serenity-bdd\serenity-screenplay\3.2.1\serenity-screenplay-3.2.1.jar;C:\Users\ASUSTUF\.m2\repository\net\serenity-bdd\serenity-screenplay-webdriver\3.2.1\serenity-screenplay-webdriver-3.2.1.jar;C:\Users\ASUSTUF\.m2\repository\net\serenity-bdd\serenity-ensure\3.2.1\serenity-ensure-3.2.1.jar;C:\Users\ASUSTUF\.m2\repository\net\serenity-bdd\serenity-junit\3.2.1\serenity-junit-3.2.1.jar;C:\Users\ASUSTUF\.m2\repository\org\jetbrains\kotlin\kotlin-stdlib\1.6.0\kotlin-stdlib-1.6.0.jar;C:\Users\ASUSTUF\.m2\repository\org\jetbrains\annotations\13.0\annotations-13.0.jar;C:\Users\ASUSTUF\.m2\repository\org\jetbrains\kotlin\kotlin-stdlib-common\1.6.0\kotlin-stdlib-common-1.6.0.jar;C:\Users\ASUSTUF\.m2\repository\org\junit\platform\junit-platform-launcher\1.8.1\junit-platform-launcher-1.8.1.jar;C:\Users\ASUSTUF\.m2\repository\org\junit\platform\junit-platform-engine\1.8.1\junit-platform-engine-1.8.1.jar;C:\Users\ASUSTUF\.m2\repository\org\opentest4j\opentest4j\1.2.0\opentest4j-1.2.0.jar;C:\Users\ASUSTUF\.m2\repository\org\junit\platform\junit-platform-commons\1.8.1\junit-platform-commons-1.8.1.jar;C:\Users\ASUSTUF\.m2\repository\org\apiguardian\apiguardian-api\1.1.2\apiguardian-api-1.1.2.jar;C:\Users\ASUSTUF\.m2\repository\org\junit\jupiter\junit-jupiter-engine\5.8.2\junit-jupiter-engine-5.8.2.jar;C:\Users\ASUSTUF\.m2\repository\org\junit\jupiter\junit-jupiter-api\5.8.2\junit-jupiter-api-5.8.2.jar;C:\Users\ASUSTUF\.m2\repository\org\junit\vintage\junit-vintage-engine\5.8.2\junit-vintage-engine-5.8.2.jar;C:\Users\ASUSTUF\.m2\repository\junit\junit\4.13.2\junit-4.13.2.jar;C:\Users\ASUSTUF\.m2\repository\org\hamcrest\hamcrest-core\1.3\hamcrest-core-1.3.jar;C:\Users\ASUSTUF\.m2\repository\ch\qos\logback\logback-classic\1.2.10\logback-classic-1.2.10.jar;C:\Users\ASUSTUF\.m2\repository\ch\qos\logback\logback-core\1.2.10\logback-core-1.2.10.jar;C:\Users\ASUSTUF\.m2\repository\org\slf4j\slf4j-api\1.7.32\slf4j-api-1.7.32.jar;C:\Users\ASUSTUF\.m2\repository\org\assertj\assertj-core\3.6.2\assertj-core-3.6.2.jar;C:\Users\ASUSTUF\.m2\repository\org\apache\maven\surefire\surefire-junit-platform\3.0.0-M5\surefire-junit-platform-3.0.0-M5.jar;C:\Users\ASUSTUF\.m2\repository\org\apache\maven\surefire\common-java5\3.0.0-M5\common-java5-3.0.0-M5.jar"/>
    <property name="user.script" value=""/>
    <property name="java.protocol.handler.pkgs" value="com.google.common"/>
    <property name="sun.management.compiler" value="HotSpot 64-Bit Tiered Compilers"/>
    <property name="java.runtime.version" value="11.0.16+11-LTS-199"/>
    <property name="user.name" value="ASUSTUF"/>
    <property name="path.separator" value=";"/>
    <property name="os.version" value="10.0"/>
    <property name="java.runtime.name" value="Java(TM) SE Runtime Environment"/>
    <property name="file.encoding" value="Cp1252"/>
    <property name="webdriver.base.url" value=""/>
    <property name="java.vm.name" value="Java HotSpot(TM) 64-Bit Server VM"/>
    <property name="java.vendor.version" value="18.9"/>
    <property name="localRepository" value="C:\Users\ASUSTUF\.m2\repository"/>
    <property name="java.vendor.url.bug" value="https://bugreport.java.com/bugreport/"/>
    <property name="java.io.tmpdir" value="C:\Users\ASUSTUF\AppData\Local\Temp\"/>
    <property name="java.version" value="11.0.16"/>
    <property name="user.dir" value="C:\Users\ASUSTUF\OneDrive\Documents\Capstone Project\Web Automation"/>
    <property name="os.arch" value="amd64"/>
    <property name="java.vm.specification.name" value="Java Virtual Machine Specification"/>
    <property name="java.awt.printerjob" value="sun.awt.windows.WPrinterJob"/>
    <property name="sun.os.patch.level" value=""/>
    <property name="java.library.path" value="C:\Program Files\Java\jdk-11.0.16\bin;C:\WINDOWS\Sun\Java\bin;C:\WINDOWS\system32;C:\WINDOWS;C:\Program Files\Java\jdk-11.0.16\bin;C:\Program Files\Common Files\Oracle\Java\javapath;C:\Windows\system32;C:\Windows;C:\Windows\System32\Wbem;C:\Windows\System32\WindowsPowerShell\v1.0\;C:\Windows\System32\OpenSSH\;C:\Program Files (x86)\NVIDIA Corporation\PhysX\Common;C:\Program Files\NVIDIA Corporation\NVIDIA NvDLISR;C:\WINDOWS\system32;C:\WINDOWS;C:\WINDOWS\System32\Wbem;C:\WINDOWS\System32\WindowsPowerShell\v1.0\;C:\WINDOWS\System32\OpenSSH\;C:\Program Files\Git\cmd;C:\Program Files\Java\jdk-17.0.4\bin;C:\Program Files\apache-maven-3.8.6-bin\apache-maven-3.8.6\bin;C:\Users\ASUSTUF\AppData\Local\Android\Sdk\platform-tools;C:\Program Files\nodejs\;C:\Program Files\Java\jdk-11.0.16\bin;C:\Users\ASUSTUF\AppData\Local\Microsoft\WindowsApps;C:\Users\ASUSTUF\AppData\Local\GitHubDesktop\bin;C:\Users\ASUSTUF\AppData\Local\Programs\Microsoft VS Code\bin;C:\Users\ASUSTUF\AppData\Roaming\npm;;."/>
    <property name="java.vendor" value="Oracle Corporation"/>
    <property name="java.vm.info" value="mixed mode"/>
    <property name="java.vm.version" value="11.0.16+11-LTS-199"/>
    <property name="sun.io.unicode.encoding" value="UnicodeLittle"/>
    <property name="java.class.version" value="55.0"/>
  </properties>
  <testcase name="Approve a vaccination booking" classname="Manage vaccination bookings" time="17.498">
    <system-out><![CDATA[10:52:11.758 [main] INFO io.cucumber.core.plugin.SerenityReporter - Running feature from file:///C:/Users/ASUSTUF/OneDrive/Documents/Capstone%20Project/Web%20Automation/src/test/resources/features/ManageVaccinationBookings.feature
10:52:11.964 [main] INFO  - 

-------------------------------------------------------------------------------------
     _______. _______ .______       _______ .__   __.  __  .___________.____    ____ 
    /       ||   ____||   _  \     |   ____||  \ |  | |  | |           |\   \  /   / 
   |   (----`|  |__   |  |_)  |    |  |__   |   \|  | |  | `---|  |----` \   \/   /  
    \   \    |   __|  |      /     |   __|  |  . `  | |  |     |  |       \_    _/   
.----)   |   |  |____ |  |\  \----.|  |____ |  |\   | |  |     |  |         |  |     
|_______/    |_______|| _| `._____||_______||__| \__| |__|     |__|         |__|    
                                                                                     
 News and tutorials at http://www.serenity-bdd.info                                  
 Documentation at https://wakaleo.gitbooks.io/the-serenity-book/content/             
 Join the Serenity Community on Gitter: https://gitter.im/serenity-bdd/serenity-core 
 Serenity BDD Support and Training at http://serenity-bdd.info/#/trainingandsupport  
-------------------------------------------------------------------------------------

10:52:11.967 [main] DEBUG net.thucydides.core.steps.StepEventBus - Test suite started for story net.thucydides.core.model.Story@cce5c3f8
10:52:11.971 [main] INFO  - Test Suite Started: Manage vaccination bookings
10:52:11.989 [main] INFO io.cucumber.core.plugin.SerenityReporter - Running feature from file:///C:/Users/ASUSTUF/OneDrive/Documents/Capstone%20Project/Web%20Automation/src/test/resources/features/VaccineNames.feature
10:52:11.996 [main] DEBUG net.thucydides.core.steps.StepEventBus - Test suite started for story net.thucydides.core.model.Story@942a1b8b
10:52:11.997 [main] INFO  - Test Suite Started: Vaccine names
10:52:11.998 [main] INFO io.cucumber.core.plugin.SerenityReporter - Running feature from file:///C:/Users/ASUSTUF/OneDrive/Documents/Capstone%20Project/Web%20Automation/src/test/resources/features/ManageVaccinationBookings.feature
10:52:12.001 [main] DEBUG net.thucydides.core.steps.StepEventBus - Test suite started for story net.thucydides.core.model.Story@cce5c3f8
10:52:12.002 [main] INFO  - Test Suite Started: Manage vaccination bookings

Scenario: Approve a vaccination booking &amp#27;[90m# src/test/resources/features/ManageVaccinationBookings.feature:6&amp#27;[0m
10:52:12.125 [main] INFO io.cucumber.core.plugin.SerenityReporter - Running feature from file:///C:/Users/ASUSTUF/OneDrive/Documents/Capstone%20Project/Web%20Automation/src/test/resources/features/ManageVaccinationBookings.feature
10:52:12.290 [main] INFO  - 
  _____   ___   ___   _____     ___   _____     _     ___   _____   ___   ___  
 |_   _| | __| / __| |_   _|   / __| |_   _|   /_\   | _ \ |_   _| | __| |   \ 
   | |   | _|  \__ \   | |     \__ \   | |    / _ \  |   /   | |   | _|  | |) |
   |_|   |___| |___/   |_|     |___/   |_|   /_/ \_\ |_|_\   |_|   |___| |___/ 

Approve a vaccination booking(manage-vaccination-bookings;approve-a-vaccination-booking)
--------------------------------------------------------------------------------
10:52:13.297 [main] INFO net.serenitybdd.core.webdriver.driverproviders.ChromeDriverProvider - Using automatically driver download
10:52:14.190 [main] DEBUG io.github.bonigarcia.wdm.cache.ResolutionCache - Resolution chrome=108 in cache (valid until 11:50:34 22/12/2022 ICT)
10:52:14.199 [main] DEBUG io.github.bonigarcia.wdm.cache.ResolutionCache - Resolution chrome108=108.0.5359.71 in cache (valid until 13:40:45 22/12/2022 ICT)
10:52:14.203 [main] INFO io.github.bonigarcia.wdm.WebDriverManager - Using chromedriver 108.0.5359.71 (resolved driver for Chrome 108)
10:52:14.226 [main] DEBUG io.github.bonigarcia.wdm.WebDriverManager - Driver chromedriver 108.0.5359.71 found in cache
10:52:14.229 [main] INFO io.github.bonigarcia.wdm.WebDriverManager - Exporting webdriver.chrome.driver as C:\Users\ASUSTUF\.cache\selenium\chromedriver\win32\108.0.5359.71\chromedriver.exe
10:52:15.075 [main] DEBUG net.thucydides.core.reflection.ClassFinder - Could not load class .CucumberTestSuite
10:52:15.075 [main] DEBUG net.thucydides.core.reflection.ClassFinder - Could not load class .starter.pages.ManageVaccinationBookingsPage
10:52:15.075 [main] DEBUG net.thucydides.core.reflection.ClassFinder - Could not load class .starter.pages.VaccineNamesPage
10:52:15.076 [main] DEBUG net.thucydides.core.reflection.ClassFinder - Could not load class .starter.stepdefinitions.ManageVaccinationBookingsSteps
10:52:15.076 [main] DEBUG net.thucydides.core.reflection.ClassFinder - Could not load class .starter.stepdefinitions.VaccineNamesSteps
10:52:15.076 [main] DEBUG net.thucydides.core.reflection.ClassFinder - Could not load class META-INF.versions.9.com.sun.istack.logging.StackHelper
10:52:15.078 [main] DEBUG net.thucydides.core.reflection.ClassFinder - Could not load class META-INF.versions.9.com.sun.xml.bind.v2.runtime.reflect.opt.AccessorInjector
10:52:15.078 [main] DEBUG net.thucydides.core.reflection.ClassFinder - Could not load class META-INF.versions.9.com.sun.xml.bind.v2.runtime.reflect.opt.Injector
10:52:15.079 [main] DEBUG net.thucydides.core.reflection.ClassFinder - Could not load class META-INF.versions.9.com.sun.xml.bind.v2.runtime.reflect.opt.OptimizedAccessorFactory
10:52:15.079 [main] DEBUG net.thucydides.core.reflection.ClassFinder - Could not load class META-INF.versions.9.com.sun.xml.bind.v2.runtime.reflect.opt.OptimizedTransducedAccessorFactory
10:52:15.080 [main] DEBUG net.thucydides.core.reflection.ClassFinder - Could not load class META-INF.versions.9.io.opentelemetry.sdk.internal.CurrentJavaVersionSpecific
10:52:15.080 [main] DEBUG net.thucydides.core.reflection.ClassFinder - Could not load class META-INF.versions.9.io.opentelemetry.sdk.internal.Java9VersionSpecific
10:52:15.080 [main] DEBUG net.thucydides.core.reflection.ClassFinder - Could not load class META-INF.versions.9.javax.xml.bind.ModuleUtil
10:52:15.081 [main] DEBUG net.thucydides.core.reflection.ClassFinder - Could not load class META-INF.versions.9.module-info
10:52:15.082 [main] DEBUG net.thucydides.core.reflection.ClassFinder - Could not load class META-INF.versions.9.org.junit.platform.commons.util.ModuleUtils
10:52:15.476 [main] DEBUG net.thucydides.core.reflection.ClassFinder - Could not load class com.google.gson.internal.
10:52:15.721 [main] DEBUG net.thucydides.core.reflection.ClassFinder - Could not load class com.sun.xml.bind.v2.runtime.output.FastInfosetStreamWriterOutput
10:52:16.301 [main] DEBUG net.thucydides.core.reflection.ClassFinder - Could not load class module-info
10:52:19.520 [main] DEBUG io.netty.util.internal.logging.InternalLoggerFactory - Using SLF4J as the default logging framework
10:52:19.523 [main] DEBUG io.netty.util.ResourceLeakDetector - -Dio.netty.leakDetection.level: simple
10:52:19.523 [main] DEBUG io.netty.util.ResourceLeakDetector - -Dio.netty.leakDetection.targetRecords: 4
10:52:19.525 [main] DEBUG io.netty.util.ResourceLeakDetectorFactory - Loaded default ResourceLeakDetector: io.netty.util.ResourceLeakDetector@1752ab9b
10:52:19.548 [main] DEBUG io.netty.util.internal.PlatformDependent0 - -Dio.netty.noUnsafe: false
10:52:19.548 [main] DEBUG io.netty.util.internal.PlatformDependent0 - Java version: 11
10:52:19.549 [main] DEBUG io.netty.util.internal.PlatformDependent0 - sun.misc.Unsafe.theUnsafe: available
10:52:19.549 [main] DEBUG io.netty.util.internal.PlatformDependent0 - sun.misc.Unsafe.copyMemory: available
10:52:19.550 [main] DEBUG io.netty.util.internal.PlatformDependent0 - java.nio.Buffer.address: available
10:52:19.550 [main] DEBUG io.netty.util.internal.PlatformDependent0 - direct buffer constructor: unavailable: Reflective setAccessible(true) disabled
10:52:19.551 [main] DEBUG io.netty.util.internal.PlatformDependent0 - java.nio.Bits.unaligned: available, true
10:52:19.552 [main] DEBUG io.netty.util.internal.PlatformDependent0 - jdk.internal.misc.Unsafe.allocateUninitializedArray(int): unavailable: class io.netty.util.internal.PlatformDependent0$6 cannot access class jdk.internal.misc.Unsafe (in module java.base) because module java.base does not export jdk.internal.misc to unnamed module @5769e7ae
10:52:19.555 [main] DEBUG io.netty.util.internal.PlatformDependent0 - java.nio.DirectByteBuffer.<init>(long, int): unavailable
10:52:19.555 [main] DEBUG io.netty.util.internal.PlatformDependent - sun.misc.Unsafe: available
10:52:19.557 [main] DEBUG io.netty.util.internal.PlatformDependent - maxDirectMemory: 2105540608 bytes (maybe)
10:52:19.557 [main] DEBUG io.netty.util.internal.PlatformDependent - -Dio.netty.tmpdir: C:\Users\ASUSTUF\AppData\Local\Temp (java.io.tmpdir)
10:52:19.557 [main] DEBUG io.netty.util.internal.PlatformDependent - -Dio.netty.bitMode: 64 (sun.arch.data.model)
10:52:19.557 [main] DEBUG io.netty.util.internal.PlatformDependent - Platform: Windows
10:52:19.558 [main] DEBUG io.netty.util.internal.PlatformDependent - -Dio.netty.maxDirectMemory: -1 bytes
10:52:19.558 [main] DEBUG io.netty.util.internal.PlatformDependent - -Dio.netty.uninitializedArrayAllocationThreshold: -1
10:52:19.559 [main] DEBUG io.netty.util.internal.CleanerJava9 - java.nio.ByteBuffer.cleaner(): available
10:52:19.559 [main] DEBUG io.netty.util.internal.PlatformDependent - -Dio.netty.noPreferDirect: false
10:52:19.569 [main] DEBUG io.netty.util.internal.PlatformDependent - org.jctools-core.MpscChunkedArrayQueue: available
10:52:19.597 [main] DEBUG io.netty.util.internal.InternalThreadLocalMap - -Dio.netty.threadLocalMap.stringBuilder.initialSize: 1024
10:52:19.597 [main] DEBUG io.netty.util.internal.InternalThreadLocalMap - -Dio.netty.threadLocalMap.stringBuilder.maxSize: 4096
10:52:19.673 [main] DEBUG io.netty.handler.ssl.JdkSslContext - Default protocols (JDK): [TLSv1.3, TLSv1.2] 
10:52:19.674 [main] DEBUG io.netty.handler.ssl.JdkSslContext - Default cipher suites (JDK): [TLS_ECDHE_ECDSA_WITH_AES_256_GCM_SHA384, TLS_ECDHE_ECDSA_WITH_AES_128_GCM_SHA256, TLS_ECDHE_RSA_WITH_AES_128_GCM_SHA256, TLS_ECDHE_RSA_WITH_AES_256_GCM_SHA384, TLS_ECDHE_RSA_WITH_AES_128_CBC_SHA, TLS_ECDHE_RSA_WITH_AES_256_CBC_SHA, TLS_RSA_WITH_AES_128_GCM_SHA256, TLS_RSA_WITH_AES_128_CBC_SHA, TLS_RSA_WITH_AES_256_CBC_SHA, TLS_AES_128_GCM_SHA256, TLS_AES_256_GCM_SHA384]
10:52:19.724 [main] DEBUG io.netty.channel.MultithreadEventLoopGroup - -Dio.netty.eventLoopThreads: 32
10:52:19.736 [main] DEBUG io.netty.channel.nio.NioEventLoop - -Dio.netty.noKeySetOptimization: false
10:52:19.736 [main] DEBUG io.netty.channel.nio.NioEventLoop - -Dio.netty.selectorAutoRebuildThreshold: 512
10:52:19.798 [main] DEBUG io.netty.buffer.PooledByteBufAllocator - -Dio.netty.allocator.numHeapArenas: 20
10:52:19.798 [main] DEBUG io.netty.buffer.PooledByteBufAllocator - -Dio.netty.allocator.numDirectArenas: 20
10:52:19.798 [main] DEBUG io.netty.buffer.PooledByteBufAllocator - -Dio.netty.allocator.pageSize: 8192
10:52:19.799 [main] DEBUG io.netty.buffer.PooledByteBufAllocator - -Dio.netty.allocator.maxOrder: 11
10:52:19.799 [main] DEBUG io.netty.buffer.PooledByteBufAllocator - -Dio.netty.allocator.chunkSize: 16777216
10:52:19.799 [main] DEBUG io.netty.buffer.PooledByteBufAllocator - -Dio.netty.allocator.smallCacheSize: 256
10:52:19.799 [main] DEBUG io.netty.buffer.PooledByteBufAllocator - -Dio.netty.allocator.normalCacheSize: 64
10:52:19.799 [main] DEBUG io.netty.buffer.PooledByteBufAllocator - -Dio.netty.allocator.maxCachedBufferCapacity: 32768
10:52:19.799 [main] DEBUG io.netty.buffer.PooledByteBufAllocator - -Dio.netty.allocator.cacheTrimInterval: 8192
10:52:19.799 [main] DEBUG io.netty.buffer.PooledByteBufAllocator - -Dio.netty.allocator.cacheTrimIntervalMillis: 0
10:52:19.799 [main] DEBUG io.netty.buffer.PooledByteBufAllocator - -Dio.netty.allocator.useCacheForAllThreads: true
10:52:19.799 [main] DEBUG io.netty.buffer.PooledByteBufAllocator - -Dio.netty.allocator.maxCachedByteBuffersPerChunk: 1023
10:52:19.811 [main] DEBUG io.netty.buffer.ByteBufUtil - -Dio.netty.allocator.type: pooled
10:52:19.811 [main] DEBUG io.netty.buffer.ByteBufUtil - -Dio.netty.threadLocalDirectBufferSize: 0
10:52:19.811 [main] DEBUG io.netty.buffer.ByteBufUtil - -Dio.netty.maxThreadLocalCharBufferSize: 16384
10:52:20.041 [main] DEBUG net.serenitybdd.core.webdriver.driverproviders.ProvideNewDriver - Instantiating driver
10:52:20.041 [main] DEBUG net.serenitybdd.core.webdriver.driverproviders.ProvideNewDriver - Driver capabilities: Capabilities {acceptInsecureCerts: false, base.url: https://vaksin-id.netlify.app/, browserName: chrome, chrome.driver: src/test/resources/webdrive..., driver: chrome, goog:chromeOptions: {args: [], extensions: []}}
10:52:20.690 [Forwarding newSession on session null to remote] DEBUG io.netty.channel.DefaultChannelId - -Dio.netty.processId: 9236 (auto-detected)
10:52:20.692 [Forwarding newSession on session null to remote] DEBUG io.netty.util.NetUtil - -Djava.net.preferIPv4Stack: false
10:52:20.693 [Forwarding newSession on session null to remote] DEBUG io.netty.util.NetUtil - -Djava.net.preferIPv6Addresses: false
10:52:20.919 [Forwarding newSession on session null to remote] DEBUG io.netty.util.NetUtilInitializations - Loopback interface: lo (Software Loopback Interface 1, 127.0.0.1)
10:52:20.920 [Forwarding newSession on session null to remote] DEBUG io.netty.util.NetUtil - Failed to get SOMAXCONN from sysctl and file \proc\sys\net\core\somaxconn. Default: 200
10:52:21.139 [Forwarding newSession on session null to remote] DEBUG io.netty.channel.DefaultChannelId - -Dio.netty.machineId: 78:2b:46:ff:fe:49:0d:9f (auto-detected)
10:52:21.230 [AsyncHttpClient-1-2] DEBUG io.netty.buffer.AbstractByteBuf - -Dio.netty.buffer.checkAccessible: true
10:52:21.231 [AsyncHttpClient-1-2] DEBUG io.netty.buffer.AbstractByteBuf - -Dio.netty.buffer.checkBounds: true
10:52:21.231 [AsyncHttpClient-1-2] DEBUG io.netty.util.ResourceLeakDetectorFactory - Loaded default ResourceLeakDetector: io.netty.util.ResourceLeakDetector@584e5263
10:52:21.251 [AsyncHttpClient-1-2] DEBUG org.asynchttpclient.netty.channel.NettyConnectListener - Using new Channel '[id: 0x08061c34, L:/127.0.0.1:59722 - R:localhost/127.0.0.1:54421]' for 'POST' to '/session'
10:52:21.275 [AsyncHttpClient-1-2] DEBUG io.netty.util.Recycler - -Dio.netty.recycler.maxCapacityPerThread: 4096
10:52:21.275 [AsyncHttpClient-1-2] DEBUG io.netty.util.Recycler - -Dio.netty.recycler.ratio: 8
10:52:21.275 [AsyncHttpClient-1-2] DEBUG io.netty.util.Recycler - -Dio.netty.recycler.chunkSize: 32
10:52:21.275 [AsyncHttpClient-1-2] DEBUG io.netty.util.Recycler - -Dio.netty.recycler.blocking: false
10:52:22.133 [AsyncHttpClient-1-2] DEBUG io.netty.handler.codec.compression.Brotli - brotli4j not in the classpath; Brotli support will be unavailable.
10:52:22.134 [AsyncHttpClient-1-2] DEBUG org.asynchttpclient.netty.handler.HttpHandler - 

Request DefaultHttpRequest(decodeResult: success, version: HTTP/1.1)
POST /session HTTP/1.1
User-Agent: selenium/4.1.2 (java windows)
Content-Length: 616
Content-Type: application/json; charset=utf-8
host: localhost:54421
accept: */*

Response DefaultHttpResponse(decodeResult: success, version: HTTP/1.1)
HTTP/1.1 200 OK
Content-Type: application/json; charset=utf-8
cache-control: no-cache
content-length: 794

10:52:22.150 [AsyncHttpClient-1-2] DEBUG org.asynchttpclient.netty.channel.ChannelManager - Adding key: http://localhost:54421 for channel [id: 0x08061c34, L:/127.0.0.1:59722 - R:localhost/127.0.0.1:54421]
10:52:22.281 [AsyncHttpClient-1-3] DEBUG org.asynchttpclient.netty.channel.NettyConnectListener - Using new Channel '[id: 0x0844fc3d, L:/127.0.0.1:59730 - R:localhost/127.0.0.1:59723]' for 'GET' to '/json/version'
10:52:22.296 [AsyncHttpClient-1-3] DEBUG org.asynchttpclient.netty.handler.HttpHandler - 

Request DefaultFullHttpRequest(decodeResult: success, version: HTTP/1.1, content: EmptyByteBufBE)
GET /json/version HTTP/1.1
User-Agent: selenium/4.1.2 (java windows)
host: localhost:59723
accept: */*

Response DefaultHttpResponse(decodeResult: success, version: HTTP/1.1)
HTTP/1.1 200 OK
Content-Type: application/json; charset=UTF-8
content-length: 424

10:52:22.296 [AsyncHttpClient-1-3] DEBUG org.asynchttpclient.netty.channel.ChannelManager - Adding key: http://localhost:59723 for channel [id: 0x0844fc3d, L:/127.0.0.1:59730 - R:localhost/127.0.0.1:59723]
10:52:22.307 [main] DEBUG io.netty.util.internal.ThreadLocalRandom - -Dio.netty.initialSeedUniquifier: 0xf42680fda331edc5
10:52:22.317 [AsyncHttpClient-1-4] DEBUG org.asynchttpclient.netty.channel.NettyConnectListener - Using new Channel '[id: 0xf12ca6f9, L:/127.0.0.1:59731 - R:localhost/127.0.0.1:59723]' for 'GET' to '/devtools/browser/19bb633b-e3be-4493-abbb-f7995e24fede'
10:52:22.336 [AsyncHttpClient-1-4] DEBUG org.asynchttpclient.netty.handler.WebSocketHandler - 

Request DefaultFullHttpRequest(decodeResult: success, version: HTTP/1.1, content: EmptyByteBufBE)
GET /devtools/browser/19bb633b-e3be-4493-abbb-f7995e24fede HTTP/1.1
upgrade: websocket
connection: upgrade
sec-websocket-key: gfW/qSzaEyBCk4jApdJNgg==
sec-websocket-version: 13
origin: http://localhost:59723
host: localhost:59723
accept: */*
user-agent: AHC/2.1

Response DefaultHttpResponse(decodeResult: success, version: HTTP/1.1)
HTTP/1.1 101 WebSocket Protocol Handshake
Upgrade: WebSocket
Connection: Upgrade
Sec-WebSocket-Accept: sAt3QxEytc5KJJ05ZfIYxG/5H1k=

10:52:22.978 [AsyncHttpClient-1-1] DEBUG org.asynchttpclient.netty.channel.DefaultChannelPool - Entry count for : http://localhost:54421 : 1
10:52:22.978 [AsyncHttpClient-1-1] DEBUG org.asynchttpclient.netty.channel.DefaultChannelPool - Entry count for : http://localhost:59723 : 1
10:52:23.228 [main] DEBUG net.thucydides.core.reflection.ClassFinder - Could not load class .CucumberTestSuite
10:52:23.228 [main] DEBUG net.thucydides.core.reflection.ClassFinder - Could not load class .starter.pages.ManageVaccinationBookingsPage
10:52:23.228 [main] DEBUG net.thucydides.core.reflection.ClassFinder - Could not load class .starter.pages.VaccineNamesPage
10:52:23.228 [main] DEBUG net.thucydides.core.reflection.ClassFinder - Could not load class .starter.stepdefinitions.ManageVaccinationBookingsSteps
10:52:23.229 [main] DEBUG net.thucydides.core.reflection.ClassFinder - Could not load class .starter.stepdefinitions.VaccineNamesSteps
10:52:23.229 [main] DEBUG net.thucydides.core.reflection.ClassFinder - Could not load class META-INF.versions.9.com.sun.istack.logging.StackHelper
10:52:23.230 [main] DEBUG net.thucydides.core.reflection.ClassFinder - Could not load class META-INF.versions.9.com.sun.xml.bind.v2.runtime.reflect.opt.AccessorInjector
10:52:23.230 [main] DEBUG net.thucydides.core.reflection.ClassFinder - Could not load class META-INF.versions.9.com.sun.xml.bind.v2.runtime.reflect.opt.Injector
10:52:23.230 [main] DEBUG net.thucydides.core.reflection.ClassFinder - Could not load class META-INF.versions.9.com.sun.xml.bind.v2.runtime.reflect.opt.OptimizedAccessorFactory
10:52:23.230 [main] DEBUG net.thucydides.core.reflection.ClassFinder - Could not load class META-INF.versions.9.com.sun.xml.bind.v2.runtime.reflect.opt.OptimizedTransducedAccessorFactory
10:52:23.230 [main] DEBUG net.thucydides.core.reflection.ClassFinder - Could not load class META-INF.versions.9.io.opentelemetry.sdk.internal.CurrentJavaVersionSpecific
10:52:23.231 [main] DEBUG net.thucydides.core.reflection.ClassFinder - Could not load class META-INF.versions.9.io.opentelemetry.sdk.internal.Java9VersionSpecific
10:52:23.231 [main] DEBUG net.thucydides.core.reflection.ClassFinder - Could not load class META-INF.versions.9.javax.xml.bind.ModuleUtil
10:52:23.231 [main] DEBUG net.thucydides.core.reflection.ClassFinder - Could not load class META-INF.versions.9.module-info
10:52:23.231 [main] DEBUG net.thucydides.core.reflection.ClassFinder - Could not load class META-INF.versions.9.org.junit.platform.commons.util.ModuleUtils
10:52:23.233 [main] DEBUG net.thucydides.core.reflection.ClassFinder - Could not load class com.google.gson.internal.
10:52:23.234 [main] DEBUG net.thucydides.core.reflection.ClassFinder - Could not load class com.sun.xml.bind.v2.runtime.output.FastInfosetStreamWriterOutput
10:52:23.236 [main] DEBUG net.thucydides.core.reflection.ClassFinder - Could not load class module-info
10:52:23.257 [Forwarding get on session dbcbddc4be84a76034a409065bcdd56d to remote] DEBUG org.asynchttpclient.netty.request.NettyRequestSender - Using pooled Channel '[id: 0x08061c34, L:/127.0.0.1:59722 - R:localhost/127.0.0.1:54421]' for 'POST' to 'http://localhost:54421/session/dbcbddc4be84a76034a409065bcdd56d/url'
10:52:23.257 [Forwarding get on session dbcbddc4be84a76034a409065bcdd56d to remote] DEBUG org.asynchttpclient.netty.request.NettyRequestSender - Using open Channel [id: 0x08061c34, L:/127.0.0.1:59722 - R:localhost/127.0.0.1:54421] for POST '/session/dbcbddc4be84a76034a409065bcdd56d/url'
10:52:24.075 [AsyncHttpClient-1-1] DEBUG org.asynchttpclient.netty.channel.DefaultChannelPool - Entry count for : http://localhost:59723 : 1
10:52:24.356 [AsyncHttpClient-1-2] DEBUG org.asynchttpclient.netty.handler.HttpHandler - 

Request DefaultHttpRequest(decodeResult: success, version: HTTP/1.1)
POST /session/dbcbddc4be84a76034a409065bcdd56d/url HTTP/1.1
User-Agent: selenium/4.1.2 (java windows)
Content-Length: 60
Content-Type: application/json; charset=utf-8
host: localhost:54421
accept: */*

Response DefaultHttpResponse(decodeResult: success, version: HTTP/1.1)
HTTP/1.1 200 OK
Content-Type: application/json; charset=utf-8
cache-control: no-cache
content-length: 14

10:52:24.357 [AsyncHttpClient-1-2] DEBUG org.asynchttpclient.netty.channel.ChannelManager - Adding key: http://localhost:54421 for channel [id: 0x08061c34, L:/127.0.0.1:59722 - R:localhost/127.0.0.1:54421]
10:52:24.368 [Forwarding setTimeout on session dbcbddc4be84a76034a409065bcdd56d to remote] DEBUG org.asynchttpclient.netty.request.NettyRequestSender - Using pooled Channel '[id: 0x08061c34, L:/127.0.0.1:59722 - R:localhost/127.0.0.1:54421]' for 'POST' to 'http://localhost:54421/session/dbcbddc4be84a76034a409065bcdd56d/timeouts'
10:52:24.368 [Forwarding setTimeout on session dbcbddc4be84a76034a409065bcdd56d to remote] DEBUG org.asynchttpclient.netty.request.NettyRequestSender - Using open Channel [id: 0x08061c34, L:/127.0.0.1:59722 - R:localhost/127.0.0.1:54421] for POST '/session/dbcbddc4be84a76034a409065bcdd56d/timeouts'
10:52:24.371 [AsyncHttpClient-1-2] DEBUG org.asynchttpclient.netty.handler.HttpHandler - 

Request DefaultHttpRequest(decodeResult: success, version: HTTP/1.1)
POST /session/dbcbddc4be84a76034a409065bcdd56d/timeouts HTTP/1.1
User-Agent: selenium/4.1.2 (java windows)
Content-Length: 22
Content-Type: application/json; charset=utf-8
host: localhost:54421
accept: */*

Response DefaultHttpResponse(decodeResult: success, version: HTTP/1.1)
HTTP/1.1 200 OK
Content-Type: application/json; charset=utf-8
cache-control: no-cache
content-length: 14

10:52:24.371 [AsyncHttpClient-1-2] DEBUG org.asynchttpclient.netty.channel.ChannelManager - Adding key: http://localhost:54421 for channel [id: 0x08061c34, L:/127.0.0.1:59722 - R:localhost/127.0.0.1:54421]
10:52:24.380 [Forwarding getCurrentUrl on session dbcbddc4be84a76034a409065bcdd56d to remote] DEBUG org.asynchttpclient.netty.request.NettyRequestSender - Using pooled Channel '[id: 0x08061c34, L:/127.0.0.1:59722 - R:localhost/127.0.0.1:54421]' for 'GET' to 'http://localhost:54421/session/dbcbddc4be84a76034a409065bcdd56d/url'
10:52:24.380 [Forwarding getCurrentUrl on session dbcbddc4be84a76034a409065bcdd56d to remote] DEBUG org.asynchttpclient.netty.request.NettyRequestSender - Using open Channel [id: 0x08061c34, L:/127.0.0.1:59722 - R:localhost/127.0.0.1:54421] for GET '/session/dbcbddc4be84a76034a409065bcdd56d/url'
10:52:24.388 [AsyncHttpClient-1-2] DEBUG org.asynchttpclient.netty.handler.HttpHandler - 

Request DefaultFullHttpRequest(decodeResult: success, version: HTTP/1.1, content: EmptyByteBufBE)
GET /session/dbcbddc4be84a76034a409065bcdd56d/url HTTP/1.1
User-Agent: selenium/4.1.2 (java windows)
Cache-Control: no-cache
Content-Type: application/json; charset=utf-8
host: localhost:54421
accept: */*

Response DefaultHttpResponse(decodeResult: success, version: HTTP/1.1)
HTTP/1.1 200 OK
Content-Type: application/json; charset=utf-8
cache-control: no-cache
content-length: 42

10:52:24.388 [AsyncHttpClient-1-2] DEBUG org.asynchttpclient.netty.channel.ChannelManager - Adding key: http://localhost:54421 for channel [id: 0x08061c34, L:/127.0.0.1:59722 - R:localhost/127.0.0.1:54421]
  &amp#27;[32mGiven &amp#27;[0m&amp#27;[32mI am on landing page&amp#27;[0m            &amp#27;[90m# starter.stepdefinitions.ManageVaccinationBookingsSteps.iAmOnLandingPage()&amp#27;[0m
10:52:24.419 [main] DEBUG net.serenitybdd.core.photography.Darkroom - Opening darkroom
10:52:24.420 [Darkroom Processing Line] DEBUG net.serenitybdd.core.photography.DarkroomProcessingLine - Darkroom processing line starting up
10:52:24.421 [Forwarding screenshot on session dbcbddc4be84a76034a409065bcdd56d to remote] DEBUG org.asynchttpclient.netty.request.NettyRequestSender - Using pooled Channel '[id: 0x08061c34, L:/127.0.0.1:59722 - R:localhost/127.0.0.1:54421]' for 'GET' to 'http://localhost:54421/session/dbcbddc4be84a76034a409065bcdd56d/screenshot'
10:52:24.421 [Forwarding screenshot on session dbcbddc4be84a76034a409065bcdd56d to remote] DEBUG org.asynchttpclient.netty.request.NettyRequestSender - Using open Channel [id: 0x08061c34, L:/127.0.0.1:59722 - R:localhost/127.0.0.1:54421] for GET '/session/dbcbddc4be84a76034a409065bcdd56d/screenshot'
10:52:25.175 [AsyncHttpClient-1-1] DEBUG org.asynchttpclient.netty.channel.DefaultChannelPool - Entry count for : http://localhost:59723 : 1
10:52:25.430 [AsyncHttpClient-1-2] DEBUG org.asynchttpclient.netty.handler.HttpHandler - 

Request DefaultFullHttpRequest(decodeResult: success, version: HTTP/1.1, content: EmptyByteBufBE)
GET /session/dbcbddc4be84a76034a409065bcdd56d/screenshot HTTP/1.1
User-Agent: selenium/4.1.2 (java windows)
Cache-Control: no-cache
Content-Type: application/json; charset=utf-8
host: localhost:54421
accept: */*

Response DefaultHttpResponse(decodeResult: success, version: HTTP/1.1)
HTTP/1.1 200 OK
Content-Type: application/json; charset=utf-8
cache-control: no-cache
content-length: 847132

10:52:25.437 [AsyncHttpClient-1-2] DEBUG org.asynchttpclient.netty.channel.ChannelManager - Adding key: http://localhost:54421 for channel [id: 0x08061c34, L:/127.0.0.1:59722 - R:localhost/127.0.0.1:54421]
10:52:25.523 [main] DEBUG net.serenitybdd.core.photography.Darkroom - Send negative for processing for target\site\serenity\ff3b83dd42f508d91c0c8488aed412149de34b436c7528a8caa8428592644731.png
10:52:25.524 [Darkroom Processing Line] DEBUG net.serenitybdd.core.photography.DarkroomProcessingLine - Processing screenshot image in /var/screenshots/screenshot-15578579397695624687
10:52:25.524 [Darkroom Processing Line] DEBUG net.serenitybdd.core.photography.DarkroomProcessingLine - Saving screenshot to target\site\serenity\ff3b83dd42f508d91c0c8488aed412149de34b436c7528a8caa8428592644731.png
10:52:25.548 [Forwarding findElement on session dbcbddc4be84a76034a409065bcdd56d to remote] DEBUG org.asynchttpclient.netty.request.NettyRequestSender - Using pooled Channel '[id: 0x08061c34, L:/127.0.0.1:59722 - R:localhost/127.0.0.1:54421]' for 'POST' to 'http://localhost:54421/session/dbcbddc4be84a76034a409065bcdd56d/element'
10:52:25.548 [Forwarding findElement on session dbcbddc4be84a76034a409065bcdd56d to remote] DEBUG org.asynchttpclient.netty.request.NettyRequestSender - Using open Channel [id: 0x08061c34, L:/127.0.0.1:59722 - R:localhost/127.0.0.1:54421] for POST '/session/dbcbddc4be84a76034a409065bcdd56d/element'
10:52:25.567 [AsyncHttpClient-1-2] DEBUG org.asynchttpclient.netty.handler.HttpHandler - 

Request DefaultHttpRequest(decodeResult: success, version: HTTP/1.1)
POST /session/dbcbddc4be84a76034a409065bcdd56d/element HTTP/1.1
User-Agent: selenium/4.1.2 (java windows)
Content-Length: 315
Content-Type: application/json; charset=utf-8
host: localhost:54421
accept: */*

Response DefaultHttpResponse(decodeResult: success, version: HTTP/1.1)
HTTP/1.1 200 OK
Content-Type: application/json; charset=utf-8
cache-control: no-cache
content-length: 88

10:52:25.567 [AsyncHttpClient-1-2] DEBUG org.asynchttpclient.netty.channel.ChannelManager - Adding key: http://localhost:54421 for channel [id: 0x08061c34, L:/127.0.0.1:59722 - R:localhost/127.0.0.1:54421]
10:52:25.570 [Forwarding getElementTagName on session dbcbddc4be84a76034a409065bcdd56d to remote] DEBUG org.asynchttpclient.netty.request.NettyRequestSender - Using pooled Channel '[id: 0x08061c34, L:/127.0.0.1:59722 - R:localhost/127.0.0.1:54421]' for 'GET' to 'http://localhost:54421/session/dbcbddc4be84a76034a409065bcdd56d/element/6ae64c32-b7a8-4055-83a9-f1f60286e7e7/name'
10:52:25.570 [Forwarding getElementTagName on session dbcbddc4be84a76034a409065bcdd56d to remote] DEBUG org.asynchttpclient.netty.request.NettyRequestSender - Using open Channel [id: 0x08061c34, L:/127.0.0.1:59722 - R:localhost/127.0.0.1:54421] for GET '/session/dbcbddc4be84a76034a409065bcdd56d/element/6ae64c32-b7a8-4055-83a9-f1f60286e7e7/name'
10:52:25.576 [AsyncHttpClient-1-2] DEBUG org.asynchttpclient.netty.handler.HttpHandler - 

Request DefaultFullHttpRequest(decodeResult: success, version: HTTP/1.1, content: EmptyByteBufBE)
GET /session/dbcbddc4be84a76034a409065bcdd56d/element/6ae64c32-b7a8-4055-83a9-f1f60286e7e7/name HTTP/1.1
User-Agent: selenium/4.1.2 (java windows)
Cache-Control: no-cache
Content-Type: application/json; charset=utf-8
host: localhost:54421
accept: */*

Response DefaultHttpResponse(decodeResult: success, version: HTTP/1.1)
HTTP/1.1 200 OK
Content-Type: application/json; charset=utf-8
cache-control: no-cache
content-length: 18

10:52:25.577 [AsyncHttpClient-1-2] DEBUG org.asynchttpclient.netty.channel.ChannelManager - Adding key: http://localhost:54421 for channel [id: 0x08061c34, L:/127.0.0.1:59722 - R:localhost/127.0.0.1:54421]
10:52:25.581 [Forwarding getElementTagName on session dbcbddc4be84a76034a409065bcdd56d to remote] DEBUG org.asynchttpclient.netty.request.NettyRequestSender - Using pooled Channel '[id: 0x08061c34, L:/127.0.0.1:59722 - R:localhost/127.0.0.1:54421]' for 'GET' to 'http://localhost:54421/session/dbcbddc4be84a76034a409065bcdd56d/element/6ae64c32-b7a8-4055-83a9-f1f60286e7e7/name'
10:52:25.581 [Forwarding getElementTagName on session dbcbddc4be84a76034a409065bcdd56d to remote] DEBUG org.asynchttpclient.netty.request.NettyRequestSender - Using open Channel [id: 0x08061c34, L:/127.0.0.1:59722 - R:localhost/127.0.0.1:54421] for GET '/session/dbcbddc4be84a76034a409065bcdd56d/element/6ae64c32-b7a8-4055-83a9-f1f60286e7e7/name'
10:52:25.589 [AsyncHttpClient-1-2] DEBUG org.asynchttpclient.netty.handler.HttpHandler - 

Request DefaultFullHttpRequest(decodeResult: success, version: HTTP/1.1, content: EmptyByteBufBE)
GET /session/dbcbddc4be84a76034a409065bcdd56d/element/6ae64c32-b7a8-4055-83a9-f1f60286e7e7/name HTTP/1.1
User-Agent: selenium/4.1.2 (java windows)
Cache-Control: no-cache
Content-Type: application/json; charset=utf-8
host: localhost:54421
accept: */*

Response DefaultHttpResponse(decodeResult: success, version: HTTP/1.1)
HTTP/1.1 200 OK
Content-Type: application/json; charset=utf-8
cache-control: no-cache
content-length: 18

10:52:25.590 [AsyncHttpClient-1-2] DEBUG org.asynchttpclient.netty.channel.ChannelManager - Adding key: http://localhost:54421 for channel [id: 0x08061c34, L:/127.0.0.1:59722 - R:localhost/127.0.0.1:54421]
10:52:25.599 [Forwarding isElementEnabled on session dbcbddc4be84a76034a409065bcdd56d to remote] DEBUG org.asynchttpclient.netty.request.NettyRequestSender - Using pooled Channel '[id: 0x08061c34, L:/127.0.0.1:59722 - R:localhost/127.0.0.1:54421]' for 'GET' to 'http://localhost:54421/session/dbcbddc4be84a76034a409065bcdd56d/element/6ae64c32-b7a8-4055-83a9-f1f60286e7e7/enabled'
10:52:25.599 [Forwarding isElementEnabled on session dbcbddc4be84a76034a409065bcdd56d to remote] DEBUG org.asynchttpclient.netty.request.NettyRequestSender - Using open Channel [id: 0x08061c34, L:/127.0.0.1:59722 - R:localhost/127.0.0.1:54421] for GET '/session/dbcbddc4be84a76034a409065bcdd56d/element/6ae64c32-b7a8-4055-83a9-f1f60286e7e7/enabled'
10:52:25.617 [AsyncHttpClient-1-2] DEBUG org.asynchttpclient.netty.handler.HttpHandler - 

Request DefaultFullHttpRequest(decodeResult: success, version: HTTP/1.1, content: EmptyByteBufBE)
GET /session/dbcbddc4be84a76034a409065bcdd56d/element/6ae64c32-b7a8-4055-83a9-f1f60286e7e7/enabled HTTP/1.1
User-Agent: selenium/4.1.2 (java windows)
Cache-Control: no-cache
Content-Type: application/json; charset=utf-8
host: localhost:54421
accept: */*

Response DefaultHttpResponse(decodeResult: success, version: HTTP/1.1)
HTTP/1.1 200 OK
Content-Type: application/json; charset=utf-8
cache-control: no-cache
content-length: 14

10:52:25.617 [AsyncHttpClient-1-2] DEBUG org.asynchttpclient.netty.channel.ChannelManager - Adding key: http://localhost:54421 for channel [id: 0x08061c34, L:/127.0.0.1:59722 - R:localhost/127.0.0.1:54421]
10:52:25.619 [Forwarding isElementEnabled on session dbcbddc4be84a76034a409065bcdd56d to remote] DEBUG org.asynchttpclient.netty.request.NettyRequestSender - Using pooled Channel '[id: 0x08061c34, L:/127.0.0.1:59722 - R:localhost/127.0.0.1:54421]' for 'GET' to 'http://localhost:54421/session/dbcbddc4be84a76034a409065bcdd56d/element/6ae64c32-b7a8-4055-83a9-f1f60286e7e7/enabled'
10:52:25.620 [Forwarding isElementEnabled on session dbcbddc4be84a76034a409065bcdd56d to remote] DEBUG org.asynchttpclient.netty.request.NettyRequestSender - Using open Channel [id: 0x08061c34, L:/127.0.0.1:59722 - R:localhost/127.0.0.1:54421] for GET '/session/dbcbddc4be84a76034a409065bcdd56d/element/6ae64c32-b7a8-4055-83a9-f1f60286e7e7/enabled'
10:52:25.632 [AsyncHttpClient-1-2] DEBUG org.asynchttpclient.netty.handler.HttpHandler - 

Request DefaultFullHttpRequest(decodeResult: success, version: HTTP/1.1, content: EmptyByteBufBE)
GET /session/dbcbddc4be84a76034a409065bcdd56d/element/6ae64c32-b7a8-4055-83a9-f1f60286e7e7/enabled HTTP/1.1
User-Agent: selenium/4.1.2 (java windows)
Cache-Control: no-cache
Content-Type: application/json; charset=utf-8
host: localhost:54421
accept: */*

Response DefaultHttpResponse(decodeResult: success, version: HTTP/1.1)
HTTP/1.1 200 OK
Content-Type: application/json; charset=utf-8
cache-control: no-cache
content-length: 14

10:52:25.633 [AsyncHttpClient-1-2] DEBUG org.asynchttpclient.netty.channel.ChannelManager - Adding key: http://localhost:54421 for channel [id: 0x08061c34, L:/127.0.0.1:59722 - R:localhost/127.0.0.1:54421]
10:52:25.637 [Forwarding findElement on session dbcbddc4be84a76034a409065bcdd56d to remote] DEBUG org.asynchttpclient.netty.request.NettyRequestSender - Using pooled Channel '[id: 0x08061c34, L:/127.0.0.1:59722 - R:localhost/127.0.0.1:54421]' for 'POST' to 'http://localhost:54421/session/dbcbddc4be84a76034a409065bcdd56d/element'
10:52:25.637 [Forwarding findElement on session dbcbddc4be84a76034a409065bcdd56d to remote] DEBUG org.asynchttpclient.netty.request.NettyRequestSender - Using open Channel [id: 0x08061c34, L:/127.0.0.1:59722 - R:localhost/127.0.0.1:54421] for POST '/session/dbcbddc4be84a76034a409065bcdd56d/element'
10:52:25.653 [AsyncHttpClient-1-2] DEBUG org.asynchttpclient.netty.handler.HttpHandler - 

Request DefaultHttpRequest(decodeResult: success, version: HTTP/1.1)
POST /session/dbcbddc4be84a76034a409065bcdd56d/element HTTP/1.1
User-Agent: selenium/4.1.2 (java windows)
Content-Length: 315
Content-Type: application/json; charset=utf-8
host: localhost:54421
accept: */*

Response DefaultHttpResponse(decodeResult: success, version: HTTP/1.1)
HTTP/1.1 200 OK
Content-Type: application/json; charset=utf-8
cache-control: no-cache
content-length: 88

10:52:25.653 [AsyncHttpClient-1-2] DEBUG org.asynchttpclient.netty.channel.ChannelManager - Adding key: http://localhost:54421 for channel [id: 0x08061c34, L:/127.0.0.1:59722 - R:localhost/127.0.0.1:54421]
10:52:25.656 [Forwarding clickElement on session dbcbddc4be84a76034a409065bcdd56d to remote] DEBUG org.asynchttpclient.netty.request.NettyRequestSender - Using pooled Channel '[id: 0x08061c34, L:/127.0.0.1:59722 - R:localhost/127.0.0.1:54421]' for 'POST' to 'http://localhost:54421/session/dbcbddc4be84a76034a409065bcdd56d/element/6ae64c32-b7a8-4055-83a9-f1f60286e7e7/click'
10:52:25.656 [Forwarding clickElement on session dbcbddc4be84a76034a409065bcdd56d to remote] DEBUG org.asynchttpclient.netty.request.NettyRequestSender - Using open Channel [id: 0x08061c34, L:/127.0.0.1:59722 - R:localhost/127.0.0.1:54421] for POST '/session/dbcbddc4be84a76034a409065bcdd56d/element/6ae64c32-b7a8-4055-83a9-f1f60286e7e7/click'
10:52:25.767 [AsyncHttpClient-1-2] DEBUG org.asynchttpclient.netty.handler.HttpHandler - 

Request DefaultHttpRequest(decodeResult: success, version: HTTP/1.1)
POST /session/dbcbddc4be84a76034a409065bcdd56d/element/6ae64c32-b7a8-4055-83a9-f1f60286e7e7/click HTTP/1.1
User-Agent: selenium/4.1.2 (java windows)
Content-Length: 50
Content-Type: application/json; charset=utf-8
host: localhost:54421
accept: */*

Response DefaultHttpResponse(decodeResult: success, version: HTTP/1.1)
HTTP/1.1 200 OK
Content-Type: application/json; charset=utf-8
cache-control: no-cache
content-length: 14

10:52:25.768 [AsyncHttpClient-1-2] DEBUG org.asynchttpclient.netty.channel.ChannelManager - Adding key: http://localhost:54421 for channel [id: 0x08061c34, L:/127.0.0.1:59722 - R:localhost/127.0.0.1:54421]
10:52:25.778 [Forwarding findElement on session dbcbddc4be84a76034a409065bcdd56d to remote] DEBUG org.asynchttpclient.netty.request.NettyRequestSender - Using pooled Channel '[id: 0x08061c34, L:/127.0.0.1:59722 - R:localhost/127.0.0.1:54421]' for 'POST' to 'http://localhost:54421/session/dbcbddc4be84a76034a409065bcdd56d/element'
10:52:25.778 [Forwarding findElement on session dbcbddc4be84a76034a409065bcdd56d to remote] DEBUG org.asynchttpclient.netty.request.NettyRequestSender - Using open Channel [id: 0x08061c34, L:/127.0.0.1:59722 - R:localhost/127.0.0.1:54421] for POST '/session/dbcbddc4be84a76034a409065bcdd56d/element'
10:52:25.793 [AsyncHttpClient-1-2] DEBUG org.asynchttpclient.netty.handler.HttpHandler - 

Request DefaultHttpRequest(decodeResult: success, version: HTTP/1.1)
POST /session/dbcbddc4be84a76034a409065bcdd56d/element HTTP/1.1
User-Agent: selenium/4.1.2 (java windows)
Content-Length: 69
Content-Type: application/json; charset=utf-8
host: localhost:54421
accept: */*

Response DefaultHttpResponse(decodeResult: success, version: HTTP/1.1)
HTTP/1.1 200 OK
Content-Type: application/json; charset=utf-8
cache-control: no-cache
content-length: 88

10:52:25.794 [AsyncHttpClient-1-2] DEBUG org.asynchttpclient.netty.channel.ChannelManager - Adding key: http://localhost:54421 for channel [id: 0x08061c34, L:/127.0.0.1:59722 - R:localhost/127.0.0.1:54421]
10:52:25.797 [Forwarding clearElement on session dbcbddc4be84a76034a409065bcdd56d to remote] DEBUG org.asynchttpclient.netty.request.NettyRequestSender - Using pooled Channel '[id: 0x08061c34, L:/127.0.0.1:59722 - R:localhost/127.0.0.1:54421]' for 'POST' to 'http://localhost:54421/session/dbcbddc4be84a76034a409065bcdd56d/element/c934cc64-42a9-4e2a-9ac0-0671bb8c4ac3/clear'
10:52:25.797 [Forwarding clearElement on session dbcbddc4be84a76034a409065bcdd56d to remote] DEBUG org.asynchttpclient.netty.request.NettyRequestSender - Using open Channel [id: 0x08061c34, L:/127.0.0.1:59722 - R:localhost/127.0.0.1:54421] for POST '/session/dbcbddc4be84a76034a409065bcdd56d/element/c934cc64-42a9-4e2a-9ac0-0671bb8c4ac3/clear'
10:52:25.854 [AsyncHttpClient-1-2] DEBUG org.asynchttpclient.netty.handler.HttpHandler - 

Request DefaultHttpRequest(decodeResult: success, version: HTTP/1.1)
POST /session/dbcbddc4be84a76034a409065bcdd56d/element/c934cc64-42a9-4e2a-9ac0-0671bb8c4ac3/clear HTTP/1.1
User-Agent: selenium/4.1.2 (java windows)
Content-Length: 50
Content-Type: application/json; charset=utf-8
host: localhost:54421
accept: */*

Response DefaultHttpResponse(decodeResult: success, version: HTTP/1.1)
HTTP/1.1 200 OK
Content-Type: application/json; charset=utf-8
cache-control: no-cache
content-length: 14

10:52:25.855 [AsyncHttpClient-1-2] DEBUG org.asynchttpclient.netty.channel.ChannelManager - Adding key: http://localhost:54421 for channel [id: 0x08061c34, L:/127.0.0.1:59722 - R:localhost/127.0.0.1:54421]
10:52:25.863 [Forwarding sendKeysToElement on session dbcbddc4be84a76034a409065bcdd56d to remote] DEBUG org.asynchttpclient.netty.request.NettyRequestSender - Using pooled Channel '[id: 0x08061c34, L:/127.0.0.1:59722 - R:localhost/127.0.0.1:54421]' for 'POST' to 'http://localhost:54421/session/dbcbddc4be84a76034a409065bcdd56d/element/c934cc64-42a9-4e2a-9ac0-0671bb8c4ac3/value'
10:52:25.863 [Forwarding sendKeysToElement on session dbcbddc4be84a76034a409065bcdd56d to remote] DEBUG org.asynchttpclient.netty.request.NettyRequestSender - Using open Channel [id: 0x08061c34, L:/127.0.0.1:59722 - R:localhost/127.0.0.1:54421] for POST '/session/dbcbddc4be84a76034a409065bcdd56d/element/c934cc64-42a9-4e2a-9ac0-0671bb8c4ac3/value'
10:52:26.146 [AsyncHttpClient-1-2] DEBUG org.asynchttpclient.netty.handler.HttpHandler - 

Request DefaultHttpRequest(decodeResult: success, version: HTTP/1.1)
POST /session/dbcbddc4be84a76034a409065bcdd56d/element/c934cc64-42a9-4e2a-9ac0-0671bb8c4ac3/value HTTP/1.1
User-Agent: selenium/4.1.2 (java windows)
Content-Length: 371
Content-Type: application/json; charset=utf-8
host: localhost:54421
accept: */*

Response DefaultHttpResponse(decodeResult: success, version: HTTP/1.1)
HTTP/1.1 200 OK
Content-Type: application/json; charset=utf-8
cache-control: no-cache
content-length: 14

10:52:26.147 [AsyncHttpClient-1-2] DEBUG org.asynchttpclient.netty.channel.ChannelManager - Adding key: http://localhost:54421 for channel [id: 0x08061c34, L:/127.0.0.1:59722 - R:localhost/127.0.0.1:54421]
10:52:26.154 [Forwarding findElement on session dbcbddc4be84a76034a409065bcdd56d to remote] DEBUG org.asynchttpclient.netty.request.NettyRequestSender - Using pooled Channel '[id: 0x08061c34, L:/127.0.0.1:59722 - R:localhost/127.0.0.1:54421]' for 'POST' to 'http://localhost:54421/session/dbcbddc4be84a76034a409065bcdd56d/element'
10:52:26.154 [Forwarding findElement on session dbcbddc4be84a76034a409065bcdd56d to remote] DEBUG org.asynchttpclient.netty.request.NettyRequestSender - Using open Channel [id: 0x08061c34, L:/127.0.0.1:59722 - R:localhost/127.0.0.1:54421] for POST '/session/dbcbddc4be84a76034a409065bcdd56d/element'
10:52:26.172 [AsyncHttpClient-1-2] DEBUG org.asynchttpclient.netty.handler.HttpHandler - 

Request DefaultHttpRequest(decodeResult: success, version: HTTP/1.1)
POST /session/dbcbddc4be84a76034a409065bcdd56d/element HTTP/1.1
User-Agent: selenium/4.1.2 (java windows)
Content-Length: 72
Content-Type: application/json; charset=utf-8
host: localhost:54421
accept: */*

Response DefaultHttpResponse(decodeResult: success, version: HTTP/1.1)
HTTP/1.1 200 OK
Content-Type: application/json; charset=utf-8
cache-control: no-cache
content-length: 88

10:52:26.173 [AsyncHttpClient-1-2] DEBUG org.asynchttpclient.netty.channel.ChannelManager - Adding key: http://localhost:54421 for channel [id: 0x08061c34, L:/127.0.0.1:59722 - R:localhost/127.0.0.1:54421]
10:52:26.174 [Forwarding clearElement on session dbcbddc4be84a76034a409065bcdd56d to remote] DEBUG org.asynchttpclient.netty.request.NettyRequestSender - Using pooled Channel '[id: 0x08061c34, L:/127.0.0.1:59722 - R:localhost/127.0.0.1:54421]' for 'POST' to 'http://localhost:54421/session/dbcbddc4be84a76034a409065bcdd56d/element/c730c3f3-3aca-4df3-b928-27f862d58f60/clear'
10:52:26.174 [Forwarding clearElement on session dbcbddc4be84a76034a409065bcdd56d to remote] DEBUG org.asynchttpclient.netty.request.NettyRequestSender - Using open Channel [id: 0x08061c34, L:/127.0.0.1:59722 - R:localhost/127.0.0.1:54421] for POST '/session/dbcbddc4be84a76034a409065bcdd56d/element/c730c3f3-3aca-4df3-b928-27f862d58f60/clear'
10:52:26.218 [AsyncHttpClient-1-2] DEBUG org.asynchttpclient.netty.handler.HttpHandler - 

Request DefaultHttpRequest(decodeResult: success, version: HTTP/1.1)
POST /session/dbcbddc4be84a76034a409065bcdd56d/element/c730c3f3-3aca-4df3-b928-27f862d58f60/clear HTTP/1.1
User-Agent: selenium/4.1.2 (java windows)
Content-Length: 50
Content-Type: application/json; charset=utf-8
host: localhost:54421
accept: */*

Response DefaultHttpResponse(decodeResult: success, version: HTTP/1.1)
HTTP/1.1 200 OK
Content-Type: application/json; charset=utf-8
cache-control: no-cache
content-length: 14

10:52:26.219 [AsyncHttpClient-1-2] DEBUG org.asynchttpclient.netty.channel.ChannelManager - Adding key: http://localhost:54421 for channel [id: 0x08061c34, L:/127.0.0.1:59722 - R:localhost/127.0.0.1:54421]
10:52:26.221 [Forwarding sendKeysToElement on session dbcbddc4be84a76034a409065bcdd56d to remote] DEBUG org.asynchttpclient.netty.request.NettyRequestSender - Using pooled Channel '[id: 0x08061c34, L:/127.0.0.1:59722 - R:localhost/127.0.0.1:54421]' for 'POST' to 'http://localhost:54421/session/dbcbddc4be84a76034a409065bcdd56d/element/c730c3f3-3aca-4df3-b928-27f862d58f60/value'
10:52:26.221 [Forwarding sendKeysToElement on session dbcbddc4be84a76034a409065bcdd56d to remote] DEBUG org.asynchttpclient.netty.request.NettyRequestSender - Using open Channel [id: 0x08061c34, L:/127.0.0.1:59722 - R:localhost/127.0.0.1:54421] for POST '/session/dbcbddc4be84a76034a409065bcdd56d/element/c730c3f3-3aca-4df3-b928-27f862d58f60/value'
10:52:26.277 [AsyncHttpClient-1-1] DEBUG org.asynchttpclient.netty.channel.DefaultChannelPool - Entry count for : http://localhost:59723 : 1
10:52:26.384 [AsyncHttpClient-1-2] DEBUG org.asynchttpclient.netty.handler.HttpHandler - 

Request DefaultHttpRequest(decodeResult: success, version: HTTP/1.1)
POST /session/dbcbddc4be84a76034a409065bcdd56d/element/c730c3f3-3aca-4df3-b928-27f862d58f60/value HTTP/1.1
User-Agent: selenium/4.1.2 (java windows)
Content-Length: 251
Content-Type: application/json; charset=utf-8
host: localhost:54421
accept: */*

Response DefaultHttpResponse(decodeResult: success, version: HTTP/1.1)
HTTP/1.1 200 OK
Content-Type: application/json; charset=utf-8
cache-control: no-cache
content-length: 14

10:52:26.385 [AsyncHttpClient-1-2] DEBUG org.asynchttpclient.netty.channel.ChannelManager - Adding key: http://localhost:54421 for channel [id: 0x08061c34, L:/127.0.0.1:59722 - R:localhost/127.0.0.1:54421]
10:52:26.394 [Forwarding findElement on session dbcbddc4be84a76034a409065bcdd56d to remote] DEBUG org.asynchttpclient.netty.request.NettyRequestSender - Using pooled Channel '[id: 0x08061c34, L:/127.0.0.1:59722 - R:localhost/127.0.0.1:54421]' for 'POST' to 'http://localhost:54421/session/dbcbddc4be84a76034a409065bcdd56d/element'
10:52:26.395 [Forwarding findElement on session dbcbddc4be84a76034a409065bcdd56d to remote] DEBUG org.asynchttpclient.netty.request.NettyRequestSender - Using open Channel [id: 0x08061c34, L:/127.0.0.1:59722 - R:localhost/127.0.0.1:54421] for POST '/session/dbcbddc4be84a76034a409065bcdd56d/element'
10:52:26.409 [AsyncHttpClient-1-2] DEBUG org.asynchttpclient.netty.handler.HttpHandler - 

Request DefaultHttpRequest(decodeResult: success, version: HTTP/1.1)
POST /session/dbcbddc4be84a76034a409065bcdd56d/element HTTP/1.1
User-Agent: selenium/4.1.2 (java windows)
Content-Length: 321
Content-Type: application/json; charset=utf-8
host: localhost:54421
accept: */*

Response DefaultHttpResponse(decodeResult: success, version: HTTP/1.1)
HTTP/1.1 200 OK
Content-Type: application/json; charset=utf-8
cache-control: no-cache
content-length: 88

10:52:26.409 [AsyncHttpClient-1-2] DEBUG org.asynchttpclient.netty.channel.ChannelManager - Adding key: http://localhost:54421 for channel [id: 0x08061c34, L:/127.0.0.1:59722 - R:localhost/127.0.0.1:54421]
10:52:26.413 [Forwarding getElementTagName on session dbcbddc4be84a76034a409065bcdd56d to remote] DEBUG org.asynchttpclient.netty.request.NettyRequestSender - Using pooled Channel '[id: 0x08061c34, L:/127.0.0.1:59722 - R:localhost/127.0.0.1:54421]' for 'GET' to 'http://localhost:54421/session/dbcbddc4be84a76034a409065bcdd56d/element/7abbeee7-3cc1-4d5c-8696-1ddb367b243b/name'
10:52:26.413 [Forwarding getElementTagName on session dbcbddc4be84a76034a409065bcdd56d to remote] DEBUG org.asynchttpclient.netty.request.NettyRequestSender - Using open Channel [id: 0x08061c34, L:/127.0.0.1:59722 - R:localhost/127.0.0.1:54421] for GET '/session/dbcbddc4be84a76034a409065bcdd56d/element/7abbeee7-3cc1-4d5c-8696-1ddb367b243b/name'
10:52:26.425 [AsyncHttpClient-1-2] DEBUG org.asynchttpclient.netty.handler.HttpHandler - 

Request DefaultFullHttpRequest(decodeResult: success, version: HTTP/1.1, content: EmptyByteBufBE)
GET /session/dbcbddc4be84a76034a409065bcdd56d/element/7abbeee7-3cc1-4d5c-8696-1ddb367b243b/name HTTP/1.1
User-Agent: selenium/4.1.2 (java windows)
Cache-Control: no-cache
Content-Type: application/json; charset=utf-8
host: localhost:54421
accept: */*

Response DefaultHttpResponse(decodeResult: success, version: HTTP/1.1)
HTTP/1.1 200 OK
Content-Type: application/json; charset=utf-8
cache-control: no-cache
content-length: 18

10:52:26.425 [AsyncHttpClient-1-2] DEBUG org.asynchttpclient.netty.channel.ChannelManager - Adding key: http://localhost:54421 for channel [id: 0x08061c34, L:/127.0.0.1:59722 - R:localhost/127.0.0.1:54421]
10:52:26.428 [Forwarding getElementTagName on session dbcbddc4be84a76034a409065bcdd56d to remote] DEBUG org.asynchttpclient.netty.request.NettyRequestSender - Using pooled Channel '[id: 0x08061c34, L:/127.0.0.1:59722 - R:localhost/127.0.0.1:54421]' for 'GET' to 'http://localhost:54421/session/dbcbddc4be84a76034a409065bcdd56d/element/7abbeee7-3cc1-4d5c-8696-1ddb367b243b/name'
10:52:26.428 [Forwarding getElementTagName on session dbcbddc4be84a76034a409065bcdd56d to remote] DEBUG org.asynchttpclient.netty.request.NettyRequestSender - Using open Channel [id: 0x08061c34, L:/127.0.0.1:59722 - R:localhost/127.0.0.1:54421] for GET '/session/dbcbddc4be84a76034a409065bcdd56d/element/7abbeee7-3cc1-4d5c-8696-1ddb367b243b/name'
10:52:26.433 [AsyncHttpClient-1-2] DEBUG org.asynchttpclient.netty.handler.HttpHandler - 

Request DefaultFullHttpRequest(decodeResult: success, version: HTTP/1.1, content: EmptyByteBufBE)
GET /session/dbcbddc4be84a76034a409065bcdd56d/element/7abbeee7-3cc1-4d5c-8696-1ddb367b243b/name HTTP/1.1
User-Agent: selenium/4.1.2 (java windows)
Cache-Control: no-cache
Content-Type: application/json; charset=utf-8
host: localhost:54421
accept: */*

Response DefaultHttpResponse(decodeResult: success, version: HTTP/1.1)
HTTP/1.1 200 OK
Content-Type: application/json; charset=utf-8
cache-control: no-cache
content-length: 18

10:52:26.433 [AsyncHttpClient-1-2] DEBUG org.asynchttpclient.netty.channel.ChannelManager - Adding key: http://localhost:54421 for channel [id: 0x08061c34, L:/127.0.0.1:59722 - R:localhost/127.0.0.1:54421]
10:52:26.436 [Forwarding isElementEnabled on session dbcbddc4be84a76034a409065bcdd56d to remote] DEBUG org.asynchttpclient.netty.request.NettyRequestSender - Using pooled Channel '[id: 0x08061c34, L:/127.0.0.1:59722 - R:localhost/127.0.0.1:54421]' for 'GET' to 'http://localhost:54421/session/dbcbddc4be84a76034a409065bcdd56d/element/7abbeee7-3cc1-4d5c-8696-1ddb367b243b/enabled'
10:52:26.437 [Forwarding isElementEnabled on session dbcbddc4be84a76034a409065bcdd56d to remote] DEBUG org.asynchttpclient.netty.request.NettyRequestSender - Using open Channel [id: 0x08061c34, L:/127.0.0.1:59722 - R:localhost/127.0.0.1:54421] for GET '/session/dbcbddc4be84a76034a409065bcdd56d/element/7abbeee7-3cc1-4d5c-8696-1ddb367b243b/enabled'
10:52:26.449 [AsyncHttpClient-1-2] DEBUG org.asynchttpclient.netty.handler.HttpHandler - 

Request DefaultFullHttpRequest(decodeResult: success, version: HTTP/1.1, content: EmptyByteBufBE)
GET /session/dbcbddc4be84a76034a409065bcdd56d/element/7abbeee7-3cc1-4d5c-8696-1ddb367b243b/enabled HTTP/1.1
User-Agent: selenium/4.1.2 (java windows)
Cache-Control: no-cache
Content-Type: application/json; charset=utf-8
host: localhost:54421
accept: */*

Response DefaultHttpResponse(decodeResult: success, version: HTTP/1.1)
HTTP/1.1 200 OK
Content-Type: application/json; charset=utf-8
cache-control: no-cache
content-length: 14

10:52:26.449 [AsyncHttpClient-1-2] DEBUG org.asynchttpclient.netty.channel.ChannelManager - Adding key: http://localhost:54421 for channel [id: 0x08061c34, L:/127.0.0.1:59722 - R:localhost/127.0.0.1:54421]
10:52:26.451 [Forwarding isElementEnabled on session dbcbddc4be84a76034a409065bcdd56d to remote] DEBUG org.asynchttpclient.netty.request.NettyRequestSender - Using pooled Channel '[id: 0x08061c34, L:/127.0.0.1:59722 - R:localhost/127.0.0.1:54421]' for 'GET' to 'http://localhost:54421/session/dbcbddc4be84a76034a409065bcdd56d/element/7abbeee7-3cc1-4d5c-8696-1ddb367b243b/enabled'
10:52:26.451 [Forwarding isElementEnabled on session dbcbddc4be84a76034a409065bcdd56d to remote] DEBUG org.asynchttpclient.netty.request.NettyRequestSender - Using open Channel [id: 0x08061c34, L:/127.0.0.1:59722 - R:localhost/127.0.0.1:54421] for GET '/session/dbcbddc4be84a76034a409065bcdd56d/element/7abbeee7-3cc1-4d5c-8696-1ddb367b243b/enabled'
10:52:26.467 [AsyncHttpClient-1-2] DEBUG org.asynchttpclient.netty.handler.HttpHandler - 

Request DefaultFullHttpRequest(decodeResult: success, version: HTTP/1.1, content: EmptyByteBufBE)
GET /session/dbcbddc4be84a76034a409065bcdd56d/element/7abbeee7-3cc1-4d5c-8696-1ddb367b243b/enabled HTTP/1.1
User-Agent: selenium/4.1.2 (java windows)
Cache-Control: no-cache
Content-Type: application/json; charset=utf-8
host: localhost:54421
accept: */*

Response DefaultHttpResponse(decodeResult: success, version: HTTP/1.1)
HTTP/1.1 200 OK
Content-Type: application/json; charset=utf-8
cache-control: no-cache
content-length: 14

10:52:26.467 [AsyncHttpClient-1-2] DEBUG org.asynchttpclient.netty.channel.ChannelManager - Adding key: http://localhost:54421 for channel [id: 0x08061c34, L:/127.0.0.1:59722 - R:localhost/127.0.0.1:54421]
10:52:26.471 [Forwarding findElement on session dbcbddc4be84a76034a409065bcdd56d to remote] DEBUG org.asynchttpclient.netty.request.NettyRequestSender - Using pooled Channel '[id: 0x08061c34, L:/127.0.0.1:59722 - R:localhost/127.0.0.1:54421]' for 'POST' to 'http://localhost:54421/session/dbcbddc4be84a76034a409065bcdd56d/element'
10:52:26.471 [Forwarding findElement on session dbcbddc4be84a76034a409065bcdd56d to remote] DEBUG org.asynchttpclient.netty.request.NettyRequestSender - Using open Channel [id: 0x08061c34, L:/127.0.0.1:59722 - R:localhost/127.0.0.1:54421] for POST '/session/dbcbddc4be84a76034a409065bcdd56d/element'
10:52:26.484 [AsyncHttpClient-1-2] DEBUG org.asynchttpclient.netty.handler.HttpHandler - 

Request DefaultHttpRequest(decodeResult: success, version: HTTP/1.1)
POST /session/dbcbddc4be84a76034a409065bcdd56d/element HTTP/1.1
User-Agent: selenium/4.1.2 (java windows)
Content-Length: 321
Content-Type: application/json; charset=utf-8
host: localhost:54421
accept: */*

Response DefaultHttpResponse(decodeResult: success, version: HTTP/1.1)
HTTP/1.1 200 OK
Content-Type: application/json; charset=utf-8
cache-control: no-cache
content-length: 88

10:52:26.485 [AsyncHttpClient-1-2] DEBUG org.asynchttpclient.netty.channel.ChannelManager - Adding key: http://localhost:54421 for channel [id: 0x08061c34, L:/127.0.0.1:59722 - R:localhost/127.0.0.1:54421]
10:52:26.487 [Forwarding clickElement on session dbcbddc4be84a76034a409065bcdd56d to remote] DEBUG org.asynchttpclient.netty.request.NettyRequestSender - Using pooled Channel '[id: 0x08061c34, L:/127.0.0.1:59722 - R:localhost/127.0.0.1:54421]' for 'POST' to 'http://localhost:54421/session/dbcbddc4be84a76034a409065bcdd56d/element/7abbeee7-3cc1-4d5c-8696-1ddb367b243b/click'
10:52:26.487 [Forwarding clickElement on session dbcbddc4be84a76034a409065bcdd56d to remote] DEBUG org.asynchttpclient.netty.request.NettyRequestSender - Using open Channel [id: 0x08061c34, L:/127.0.0.1:59722 - R:localhost/127.0.0.1:54421] for POST '/session/dbcbddc4be84a76034a409065bcdd56d/element/7abbeee7-3cc1-4d5c-8696-1ddb367b243b/click'
10:52:26.558 [AsyncHttpClient-1-2] DEBUG org.asynchttpclient.netty.handler.HttpHandler - 

Request DefaultHttpRequest(decodeResult: success, version: HTTP/1.1)
POST /session/dbcbddc4be84a76034a409065bcdd56d/element/7abbeee7-3cc1-4d5c-8696-1ddb367b243b/click HTTP/1.1
User-Agent: selenium/4.1.2 (java windows)
Content-Length: 50
Content-Type: application/json; charset=utf-8
host: localhost:54421
accept: */*

Response DefaultHttpResponse(decodeResult: success, version: HTTP/1.1)
HTTP/1.1 200 OK
Content-Type: application/json; charset=utf-8
cache-control: no-cache
content-length: 14

10:52:26.559 [AsyncHttpClient-1-2] DEBUG org.asynchttpclient.netty.channel.ChannelManager - Adding key: http://localhost:54421 for channel [id: 0x08061c34, L:/127.0.0.1:59722 - R:localhost/127.0.0.1:54421]
  &amp#27;[32mAnd &amp#27;[0m&amp#27;[32mI have logged in&amp#27;[0m                  &amp#27;[90m# starter.stepdefinitions.ManageVaccinationBookingsSteps.iHaveLoggedIn()&amp#27;[0m
10:52:26.572 [Forwarding screenshot on session dbcbddc4be84a76034a409065bcdd56d to remote] DEBUG org.asynchttpclient.netty.request.NettyRequestSender - Using pooled Channel '[id: 0x08061c34, L:/127.0.0.1:59722 - R:localhost/127.0.0.1:54421]' for 'GET' to 'http://localhost:54421/session/dbcbddc4be84a76034a409065bcdd56d/screenshot'
10:52:26.572 [Forwarding screenshot on session dbcbddc4be84a76034a409065bcdd56d to remote] DEBUG org.asynchttpclient.netty.request.NettyRequestSender - Using open Channel [id: 0x08061c34, L:/127.0.0.1:59722 - R:localhost/127.0.0.1:54421] for GET '/session/dbcbddc4be84a76034a409065bcdd56d/screenshot'
10:52:26.869 [AsyncHttpClient-1-2] DEBUG org.asynchttpclient.netty.handler.HttpHandler - 

Request DefaultFullHttpRequest(decodeResult: success, version: HTTP/1.1, content: EmptyByteBufBE)
GET /session/dbcbddc4be84a76034a409065bcdd56d/screenshot HTTP/1.1
User-Agent: selenium/4.1.2 (java windows)
Cache-Control: no-cache
Content-Type: application/json; charset=utf-8
host: localhost:54421
accept: */*

Response DefaultHttpResponse(decodeResult: success, version: HTTP/1.1)
HTTP/1.1 200 OK
Content-Type: application/json; charset=utf-8
cache-control: no-cache
content-length: 115720

10:52:26.870 [AsyncHttpClient-1-2] DEBUG org.asynchttpclient.netty.channel.ChannelManager - Adding key: http://localhost:54421 for channel [id: 0x08061c34, L:/127.0.0.1:59722 - R:localhost/127.0.0.1:54421]
10:52:26.881 [main] DEBUG net.serenitybdd.core.photography.Darkroom - Send negative for processing for target\site\serenity\143d727d1dcfea5143b67e9c6a173ed1eea1a4a540c0e47bc73272c9aef1191b.png
10:52:26.882 [Darkroom Processing Line] DEBUG net.serenitybdd.core.photography.DarkroomProcessingLine - Processing screenshot image in /var/screenshots/screenshot-9065027581393867125
10:52:26.882 [Darkroom Processing Line] DEBUG net.serenitybdd.core.photography.DarkroomProcessingLine - Saving screenshot to target\site\serenity\143d727d1dcfea5143b67e9c6a173ed1eea1a4a540c0e47bc73272c9aef1191b.png
10:52:26.896 [Forwarding findElement on session dbcbddc4be84a76034a409065bcdd56d to remote] DEBUG org.asynchttpclient.netty.request.NettyRequestSender - Using pooled Channel '[id: 0x08061c34, L:/127.0.0.1:59722 - R:localhost/127.0.0.1:54421]' for 'POST' to 'http://localhost:54421/session/dbcbddc4be84a76034a409065bcdd56d/element'
10:52:26.896 [Forwarding findElement on session dbcbddc4be84a76034a409065bcdd56d to remote] DEBUG org.asynchttpclient.netty.request.NettyRequestSender - Using open Channel [id: 0x08061c34, L:/127.0.0.1:59722 - R:localhost/127.0.0.1:54421] for POST '/session/dbcbddc4be84a76034a409065bcdd56d/element'
10:52:27.103 [AsyncHttpClient-1-2] DEBUG org.asynchttpclient.netty.handler.HttpHandler - 

Request DefaultHttpRequest(decodeResult: success, version: HTTP/1.1)
POST /session/dbcbddc4be84a76034a409065bcdd56d/element HTTP/1.1
User-Agent: selenium/4.1.2 (java windows)
Content-Length: 80
Content-Type: application/json; charset=utf-8
host: localhost:54421
accept: */*

Response DefaultHttpResponse(decodeResult: success, version: HTTP/1.1)
HTTP/1.1 200 OK
Content-Type: application/json; charset=utf-8
cache-control: no-cache
content-length: 88

10:52:27.103 [AsyncHttpClient-1-2] DEBUG org.asynchttpclient.netty.channel.ChannelManager - Adding key: http://localhost:54421 for channel [id: 0x08061c34, L:/127.0.0.1:59722 - R:localhost/127.0.0.1:54421]
10:52:27.107 [Forwarding getElementTagName on session dbcbddc4be84a76034a409065bcdd56d to remote] DEBUG org.asynchttpclient.netty.request.NettyRequestSender - Using pooled Channel '[id: 0x08061c34, L:/127.0.0.1:59722 - R:localhost/127.0.0.1:54421]' for 'GET' to 'http://localhost:54421/session/dbcbddc4be84a76034a409065bcdd56d/element/5ddfd528-b50e-4141-8900-4b2a970fdd7d/name'
10:52:27.107 [Forwarding getElementTagName on session dbcbddc4be84a76034a409065bcdd56d to remote] DEBUG org.asynchttpclient.netty.request.NettyRequestSender - Using open Channel [id: 0x08061c34, L:/127.0.0.1:59722 - R:localhost/127.0.0.1:54421] for GET '/session/dbcbddc4be84a76034a409065bcdd56d/element/5ddfd528-b50e-4141-8900-4b2a970fdd7d/name'
10:52:27.130 [AsyncHttpClient-1-2] DEBUG org.asynchttpclient.netty.handler.HttpHandler - 

Request DefaultFullHttpRequest(decodeResult: success, version: HTTP/1.1, content: EmptyByteBufBE)
GET /session/dbcbddc4be84a76034a409065bcdd56d/element/5ddfd528-b50e-4141-8900-4b2a970fdd7d/name HTTP/1.1
User-Agent: selenium/4.1.2 (java windows)
Cache-Control: no-cache
Content-Type: application/json; charset=utf-8
host: localhost:54421
accept: */*

Response DefaultHttpResponse(decodeResult: success, version: HTTP/1.1)
HTTP/1.1 200 OK
Content-Type: application/json; charset=utf-8
cache-control: no-cache
content-length: 13

10:52:27.131 [AsyncHttpClient-1-2] DEBUG org.asynchttpclient.netty.channel.ChannelManager - Adding key: http://localhost:54421 for channel [id: 0x08061c34, L:/127.0.0.1:59722 - R:localhost/127.0.0.1:54421]
10:52:27.133 [Forwarding getElementTagName on session dbcbddc4be84a76034a409065bcdd56d to remote] DEBUG org.asynchttpclient.netty.request.NettyRequestSender - Using pooled Channel '[id: 0x08061c34, L:/127.0.0.1:59722 - R:localhost/127.0.0.1:54421]' for 'GET' to 'http://localhost:54421/session/dbcbddc4be84a76034a409065bcdd56d/element/5ddfd528-b50e-4141-8900-4b2a970fdd7d/name'
10:52:27.133 [Forwarding getElementTagName on session dbcbddc4be84a76034a409065bcdd56d to remote] DEBUG org.asynchttpclient.netty.request.NettyRequestSender - Using open Channel [id: 0x08061c34, L:/127.0.0.1:59722 - R:localhost/127.0.0.1:54421] for GET '/session/dbcbddc4be84a76034a409065bcdd56d/element/5ddfd528-b50e-4141-8900-4b2a970fdd7d/name'
10:52:27.138 [AsyncHttpClient-1-2] DEBUG org.asynchttpclient.netty.handler.HttpHandler - 

Request DefaultFullHttpRequest(decodeResult: success, version: HTTP/1.1, content: EmptyByteBufBE)
GET /session/dbcbddc4be84a76034a409065bcdd56d/element/5ddfd528-b50e-4141-8900-4b2a970fdd7d/name HTTP/1.1
User-Agent: selenium/4.1.2 (java windows)
Cache-Control: no-cache
Content-Type: application/json; charset=utf-8
host: localhost:54421
accept: */*

Response DefaultHttpResponse(decodeResult: success, version: HTTP/1.1)
HTTP/1.1 200 OK
Content-Type: application/json; charset=utf-8
cache-control: no-cache
content-length: 13

10:52:27.138 [AsyncHttpClient-1-2] DEBUG org.asynchttpclient.netty.channel.ChannelManager - Adding key: http://localhost:54421 for channel [id: 0x08061c34, L:/127.0.0.1:59722 - R:localhost/127.0.0.1:54421]
10:52:27.141 [Forwarding findElement on session dbcbddc4be84a76034a409065bcdd56d to remote] DEBUG org.asynchttpclient.netty.request.NettyRequestSender - Using pooled Channel '[id: 0x08061c34, L:/127.0.0.1:59722 - R:localhost/127.0.0.1:54421]' for 'POST' to 'http://localhost:54421/session/dbcbddc4be84a76034a409065bcdd56d/element'
10:52:27.141 [Forwarding findElement on session dbcbddc4be84a76034a409065bcdd56d to remote] DEBUG org.asynchttpclient.netty.request.NettyRequestSender - Using open Channel [id: 0x08061c34, L:/127.0.0.1:59722 - R:localhost/127.0.0.1:54421] for POST '/session/dbcbddc4be84a76034a409065bcdd56d/element'
10:52:27.151 [AsyncHttpClient-1-2] DEBUG org.asynchttpclient.netty.handler.HttpHandler - 

Request DefaultHttpRequest(decodeResult: success, version: HTTP/1.1)
POST /session/dbcbddc4be84a76034a409065bcdd56d/element HTTP/1.1
User-Agent: selenium/4.1.2 (java windows)
Content-Length: 80
Content-Type: application/json; charset=utf-8
host: localhost:54421
accept: */*

Response DefaultHttpResponse(decodeResult: success, version: HTTP/1.1)
HTTP/1.1 200 OK
Content-Type: application/json; charset=utf-8
cache-control: no-cache
content-length: 88

10:52:27.152 [AsyncHttpClient-1-2] DEBUG org.asynchttpclient.netty.channel.ChannelManager - Adding key: http://localhost:54421 for channel [id: 0x08061c34, L:/127.0.0.1:59722 - R:localhost/127.0.0.1:54421]
10:52:27.154 [Forwarding clickElement on session dbcbddc4be84a76034a409065bcdd56d to remote] DEBUG org.asynchttpclient.netty.request.NettyRequestSender - Using pooled Channel '[id: 0x08061c34, L:/127.0.0.1:59722 - R:localhost/127.0.0.1:54421]' for 'POST' to 'http://localhost:54421/session/dbcbddc4be84a76034a409065bcdd56d/element/5ddfd528-b50e-4141-8900-4b2a970fdd7d/click'
10:52:27.154 [Forwarding clickElement on session dbcbddc4be84a76034a409065bcdd56d to remote] DEBUG org.asynchttpclient.netty.request.NettyRequestSender - Using open Channel [id: 0x08061c34, L:/127.0.0.1:59722 - R:localhost/127.0.0.1:54421] for POST '/session/dbcbddc4be84a76034a409065bcdd56d/element/5ddfd528-b50e-4141-8900-4b2a970fdd7d/click'
10:52:27.351 [AsyncHttpClient-1-2] DEBUG org.asynchttpclient.netty.handler.HttpHandler - 

Request DefaultHttpRequest(decodeResult: success, version: HTTP/1.1)
POST /session/dbcbddc4be84a76034a409065bcdd56d/element/5ddfd528-b50e-4141-8900-4b2a970fdd7d/click HTTP/1.1
User-Agent: selenium/4.1.2 (java windows)
Content-Length: 50
Content-Type: application/json; charset=utf-8
host: localhost:54421
accept: */*

Response DefaultHttpResponse(decodeResult: success, version: HTTP/1.1)
HTTP/1.1 200 OK
Content-Type: application/json; charset=utf-8
cache-control: no-cache
content-length: 14

10:52:27.352 [AsyncHttpClient-1-2] DEBUG org.asynchttpclient.netty.channel.ChannelManager - Adding key: http://localhost:54421 for channel [id: 0x08061c34, L:/127.0.0.1:59722 - R:localhost/127.0.0.1:54421]
  &amp#27;[32mWhen &amp#27;[0m&amp#27;[32mI go to Book Vaksinasi page&amp#27;[0m      &amp#27;[90m# starter.stepdefinitions.ManageVaccinationBookingsSteps.iGoToBookVaksinasiPage()&amp#27;[0m
10:52:27.366 [Forwarding screenshot on session dbcbddc4be84a76034a409065bcdd56d to remote] DEBUG org.asynchttpclient.netty.request.NettyRequestSender - Using pooled Channel '[id: 0x08061c34, L:/127.0.0.1:59722 - R:localhost/127.0.0.1:54421]' for 'GET' to 'http://localhost:54421/session/dbcbddc4be84a76034a409065bcdd56d/screenshot'
10:52:27.367 [Forwarding screenshot on session dbcbddc4be84a76034a409065bcdd56d to remote] DEBUG org.asynchttpclient.netty.request.NettyRequestSender - Using open Channel [id: 0x08061c34, L:/127.0.0.1:59722 - R:localhost/127.0.0.1:54421] for GET '/session/dbcbddc4be84a76034a409065bcdd56d/screenshot'
10:52:27.376 [AsyncHttpClient-1-1] DEBUG org.asynchttpclient.netty.channel.DefaultChannelPool - Entry count for : http://localhost:59723 : 1
10:52:27.683 [AsyncHttpClient-1-2] DEBUG org.asynchttpclient.netty.handler.HttpHandler - 

Request DefaultFullHttpRequest(decodeResult: success, version: HTTP/1.1, content: EmptyByteBufBE)
GET /session/dbcbddc4be84a76034a409065bcdd56d/screenshot HTTP/1.1
User-Agent: selenium/4.1.2 (java windows)
Cache-Control: no-cache
Content-Type: application/json; charset=utf-8
host: localhost:54421
accept: */*

Response DefaultHttpResponse(decodeResult: success, version: HTTP/1.1)
HTTP/1.1 200 OK
Content-Type: application/json; charset=utf-8
cache-control: no-cache
content-length: 102284

10:52:27.684 [AsyncHttpClient-1-2] DEBUG org.asynchttpclient.netty.channel.ChannelManager - Adding key: http://localhost:54421 for channel [id: 0x08061c34, L:/127.0.0.1:59722 - R:localhost/127.0.0.1:54421]
10:52:27.691 [main] DEBUG net.serenitybdd.core.photography.Darkroom - Send negative for processing for target\site\serenity\08e8bf4a6f074cf1003a6936da3bd5cbfda42761e2892db590c2b4faf3e65a77.png
10:52:27.691 [Darkroom Processing Line] DEBUG net.serenitybdd.core.photography.DarkroomProcessingLine - Processing screenshot image in /var/screenshots/screenshot-8641454454066305782
10:52:27.691 [Darkroom Processing Line] DEBUG net.serenitybdd.core.photography.DarkroomProcessingLine - Saving screenshot to target\site\serenity\08e8bf4a6f074cf1003a6936da3bd5cbfda42761e2892db590c2b4faf3e65a77.png
10:52:27.709 [Forwarding findElement on session dbcbddc4be84a76034a409065bcdd56d to remote] DEBUG org.asynchttpclient.netty.request.NettyRequestSender - Using pooled Channel '[id: 0x08061c34, L:/127.0.0.1:59722 - R:localhost/127.0.0.1:54421]' for 'POST' to 'http://localhost:54421/session/dbcbddc4be84a76034a409065bcdd56d/element'
10:52:27.709 [Forwarding findElement on session dbcbddc4be84a76034a409065bcdd56d to remote] DEBUG org.asynchttpclient.netty.request.NettyRequestSender - Using open Channel [id: 0x08061c34, L:/127.0.0.1:59722 - R:localhost/127.0.0.1:54421] for POST '/session/dbcbddc4be84a76034a409065bcdd56d/element'
10:52:27.797 [AsyncHttpClient-1-2] DEBUG org.asynchttpclient.netty.handler.HttpHandler - 

Request DefaultHttpRequest(decodeResult: success, version: HTTP/1.1)
POST /session/dbcbddc4be84a76034a409065bcdd56d/element HTTP/1.1
User-Agent: selenium/4.1.2 (java windows)
Content-Length: 117
Content-Type: application/json; charset=utf-8
host: localhost:54421
accept: */*

Response DefaultHttpResponse(decodeResult: success, version: HTTP/1.1)
HTTP/1.1 200 OK
Content-Type: application/json; charset=utf-8
cache-control: no-cache
content-length: 88

10:52:27.797 [AsyncHttpClient-1-2] DEBUG org.asynchttpclient.netty.channel.ChannelManager - Adding key: http://localhost:54421 for channel [id: 0x08061c34, L:/127.0.0.1:59722 - R:localhost/127.0.0.1:54421]
10:52:27.800 [Forwarding getElementTagName on session dbcbddc4be84a76034a409065bcdd56d to remote] DEBUG org.asynchttpclient.netty.request.NettyRequestSender - Using pooled Channel '[id: 0x08061c34, L:/127.0.0.1:59722 - R:localhost/127.0.0.1:54421]' for 'GET' to 'http://localhost:54421/session/dbcbddc4be84a76034a409065bcdd56d/element/119ef06c-dc38-4370-870c-2f1ad36866f8/name'
10:52:27.800 [Forwarding getElementTagName on session dbcbddc4be84a76034a409065bcdd56d to remote] DEBUG org.asynchttpclient.netty.request.NettyRequestSender - Using open Channel [id: 0x08061c34, L:/127.0.0.1:59722 - R:localhost/127.0.0.1:54421] for GET '/session/dbcbddc4be84a76034a409065bcdd56d/element/119ef06c-dc38-4370-870c-2f1ad36866f8/name'
10:52:27.808 [AsyncHttpClient-1-2] DEBUG org.asynchttpclient.netty.handler.HttpHandler - 

Request DefaultFullHttpRequest(decodeResult: success, version: HTTP/1.1, content: EmptyByteBufBE)
GET /session/dbcbddc4be84a76034a409065bcdd56d/element/119ef06c-dc38-4370-870c-2f1ad36866f8/name HTTP/1.1
User-Agent: selenium/4.1.2 (java windows)
Cache-Control: no-cache
Content-Type: application/json; charset=utf-8
host: localhost:54421
accept: */*

Response DefaultHttpResponse(decodeResult: success, version: HTTP/1.1)
HTTP/1.1 200 OK
Content-Type: application/json; charset=utf-8
cache-control: no-cache
content-length: 15

10:52:27.808 [AsyncHttpClient-1-2] DEBUG org.asynchttpclient.netty.channel.ChannelManager - Adding key: http://localhost:54421 for channel [id: 0x08061c34, L:/127.0.0.1:59722 - R:localhost/127.0.0.1:54421]
10:52:27.812 [Forwarding getElementTagName on session dbcbddc4be84a76034a409065bcdd56d to remote] DEBUG org.asynchttpclient.netty.request.NettyRequestSender - Using pooled Channel '[id: 0x08061c34, L:/127.0.0.1:59722 - R:localhost/127.0.0.1:54421]' for 'GET' to 'http://localhost:54421/session/dbcbddc4be84a76034a409065bcdd56d/element/119ef06c-dc38-4370-870c-2f1ad36866f8/name'
10:52:27.813 [Forwarding getElementTagName on session dbcbddc4be84a76034a409065bcdd56d to remote] DEBUG org.asynchttpclient.netty.request.NettyRequestSender - Using open Channel [id: 0x08061c34, L:/127.0.0.1:59722 - R:localhost/127.0.0.1:54421] for GET '/session/dbcbddc4be84a76034a409065bcdd56d/element/119ef06c-dc38-4370-870c-2f1ad36866f8/name'
10:52:27.819 [AsyncHttpClient-1-2] DEBUG org.asynchttpclient.netty.handler.HttpHandler - 

Request DefaultFullHttpRequest(decodeResult: success, version: HTTP/1.1, content: EmptyByteBufBE)
GET /session/dbcbddc4be84a76034a409065bcdd56d/element/119ef06c-dc38-4370-870c-2f1ad36866f8/name HTTP/1.1
User-Agent: selenium/4.1.2 (java windows)
Cache-Control: no-cache
Content-Type: application/json; charset=utf-8
host: localhost:54421
accept: */*

Response DefaultHttpResponse(decodeResult: success, version: HTTP/1.1)
HTTP/1.1 200 OK
Content-Type: application/json; charset=utf-8
cache-control: no-cache
content-length: 15

10:52:27.820 [AsyncHttpClient-1-2] DEBUG org.asynchttpclient.netty.channel.ChannelManager - Adding key: http://localhost:54421 for channel [id: 0x08061c34, L:/127.0.0.1:59722 - R:localhost/127.0.0.1:54421]
10:52:27.824 [Forwarding findElement on session dbcbddc4be84a76034a409065bcdd56d to remote] DEBUG org.asynchttpclient.netty.request.NettyRequestSender - Using pooled Channel '[id: 0x08061c34, L:/127.0.0.1:59722 - R:localhost/127.0.0.1:54421]' for 'POST' to 'http://localhost:54421/session/dbcbddc4be84a76034a409065bcdd56d/element'
10:52:27.824 [Forwarding findElement on session dbcbddc4be84a76034a409065bcdd56d to remote] DEBUG org.asynchttpclient.netty.request.NettyRequestSender - Using open Channel [id: 0x08061c34, L:/127.0.0.1:59722 - R:localhost/127.0.0.1:54421] for POST '/session/dbcbddc4be84a76034a409065bcdd56d/element'
10:52:27.838 [AsyncHttpClient-1-2] DEBUG org.asynchttpclient.netty.handler.HttpHandler - 

Request DefaultHttpRequest(decodeResult: success, version: HTTP/1.1)
POST /session/dbcbddc4be84a76034a409065bcdd56d/element HTTP/1.1
User-Agent: selenium/4.1.2 (java windows)
Content-Length: 117
Content-Type: application/json; charset=utf-8
host: localhost:54421
accept: */*

Response DefaultHttpResponse(decodeResult: success, version: HTTP/1.1)
HTTP/1.1 200 OK
Content-Type: application/json; charset=utf-8
cache-control: no-cache
content-length: 88

10:52:27.838 [AsyncHttpClient-1-2] DEBUG org.asynchttpclient.netty.channel.ChannelManager - Adding key: http://localhost:54421 for channel [id: 0x08061c34, L:/127.0.0.1:59722 - R:localhost/127.0.0.1:54421]
10:52:27.840 [Forwarding clickElement on session dbcbddc4be84a76034a409065bcdd56d to remote] DEBUG org.asynchttpclient.netty.request.NettyRequestSender - Using pooled Channel '[id: 0x08061c34, L:/127.0.0.1:59722 - R:localhost/127.0.0.1:54421]' for 'POST' to 'http://localhost:54421/session/dbcbddc4be84a76034a409065bcdd56d/element/119ef06c-dc38-4370-870c-2f1ad36866f8/click'
10:52:27.840 [Forwarding clickElement on session dbcbddc4be84a76034a409065bcdd56d to remote] DEBUG org.asynchttpclient.netty.request.NettyRequestSender - Using open Channel [id: 0x08061c34, L:/127.0.0.1:59722 - R:localhost/127.0.0.1:54421] for POST '/session/dbcbddc4be84a76034a409065bcdd56d/element/119ef06c-dc38-4370-870c-2f1ad36866f8/click'
10:52:28.049 [AsyncHttpClient-1-2] DEBUG org.asynchttpclient.netty.handler.HttpHandler - 

Request DefaultHttpRequest(decodeResult: success, version: HTTP/1.1)
POST /session/dbcbddc4be84a76034a409065bcdd56d/element/119ef06c-dc38-4370-870c-2f1ad36866f8/click HTTP/1.1
User-Agent: selenium/4.1.2 (java windows)
Content-Length: 50
Content-Type: application/json; charset=utf-8
host: localhost:54421
accept: */*

Response DefaultHttpResponse(decodeResult: success, version: HTTP/1.1)
HTTP/1.1 200 OK
Content-Type: application/json; charset=utf-8
cache-control: no-cache
content-length: 14

10:52:28.050 [AsyncHttpClient-1-2] DEBUG org.asynchttpclient.netty.channel.ChannelManager - Adding key: http://localhost:54421 for channel [id: 0x08061c34, L:/127.0.0.1:59722 - R:localhost/127.0.0.1:54421]
  &amp#27;[32mAnd &amp#27;[0m&amp#27;[32mI select a session&amp#27;[0m                &amp#27;[90m# starter.stepdefinitions.ManageVaccinationBookingsSteps.iSelectASession()&amp#27;[0m
10:52:28.059 [Forwarding screenshot on session dbcbddc4be84a76034a409065bcdd56d to remote] DEBUG org.asynchttpclient.netty.request.NettyRequestSender - Using pooled Channel '[id: 0x08061c34, L:/127.0.0.1:59722 - R:localhost/127.0.0.1:54421]' for 'GET' to 'http://localhost:54421/session/dbcbddc4be84a76034a409065bcdd56d/screenshot'
10:52:28.059 [Forwarding screenshot on session dbcbddc4be84a76034a409065bcdd56d to remote] DEBUG org.asynchttpclient.netty.request.NettyRequestSender - Using open Channel [id: 0x08061c34, L:/127.0.0.1:59722 - R:localhost/127.0.0.1:54421] for GET '/session/dbcbddc4be84a76034a409065bcdd56d/screenshot'
10:52:28.374 [AsyncHttpClient-1-2] DEBUG org.asynchttpclient.netty.handler.HttpHandler - 

Request DefaultFullHttpRequest(decodeResult: success, version: HTTP/1.1, content: EmptyByteBufBE)
GET /session/dbcbddc4be84a76034a409065bcdd56d/screenshot HTTP/1.1
User-Agent: selenium/4.1.2 (java windows)
Cache-Control: no-cache
Content-Type: application/json; charset=utf-8
host: localhost:54421
accept: */*

Response DefaultHttpResponse(decodeResult: success, version: HTTP/1.1)
HTTP/1.1 200 OK
Content-Type: application/json; charset=utf-8
cache-control: no-cache
content-length: 149716

10:52:28.375 [AsyncHttpClient-1-2] DEBUG org.asynchttpclient.netty.channel.ChannelManager - Adding key: http://localhost:54421 for channel [id: 0x08061c34, L:/127.0.0.1:59722 - R:localhost/127.0.0.1:54421]
10:52:28.386 [main] DEBUG net.serenitybdd.core.photography.Darkroom - Send negative for processing for target\site\serenity\102590328fe17d566d129b23d39d5060554e5318017738bfcd597b98f221e29d.png
10:52:28.387 [Darkroom Processing Line] DEBUG net.serenitybdd.core.photography.DarkroomProcessingLine - Processing screenshot image in /var/screenshots/screenshot-14459443356505448807
10:52:28.387 [Darkroom Processing Line] DEBUG net.serenitybdd.core.photography.DarkroomProcessingLine - Saving screenshot to target\site\serenity\102590328fe17d566d129b23d39d5060554e5318017738bfcd597b98f221e29d.png
10:52:28.407 [Forwarding findElement on session dbcbddc4be84a76034a409065bcdd56d to remote] DEBUG org.asynchttpclient.netty.request.NettyRequestSender - Using pooled Channel '[id: 0x08061c34, L:/127.0.0.1:59722 - R:localhost/127.0.0.1:54421]' for 'POST' to 'http://localhost:54421/session/dbcbddc4be84a76034a409065bcdd56d/element'
10:52:28.407 [Forwarding findElement on session dbcbddc4be84a76034a409065bcdd56d to remote] DEBUG org.asynchttpclient.netty.request.NettyRequestSender - Using open Channel [id: 0x08061c34, L:/127.0.0.1:59722 - R:localhost/127.0.0.1:54421] for POST '/session/dbcbddc4be84a76034a409065bcdd56d/element'
10:52:28.425 [AsyncHttpClient-1-2] DEBUG org.asynchttpclient.netty.handler.HttpHandler - 

Request DefaultHttpRequest(decodeResult: success, version: HTTP/1.1)
POST /session/dbcbddc4be84a76034a409065bcdd56d/element HTTP/1.1
User-Agent: selenium/4.1.2 (java windows)
Content-Length: 166
Content-Type: application/json; charset=utf-8
host: localhost:54421
accept: */*

Response DefaultHttpResponse(decodeResult: success, version: HTTP/1.1)
HTTP/1.1 200 OK
Content-Type: application/json; charset=utf-8
cache-control: no-cache
content-length: 88

10:52:28.425 [AsyncHttpClient-1-2] DEBUG org.asynchttpclient.netty.channel.ChannelManager - Adding key: http://localhost:54421 for channel [id: 0x08061c34, L:/127.0.0.1:59722 - R:localhost/127.0.0.1:54421]
10:52:28.436 [Forwarding getElementTagName on session dbcbddc4be84a76034a409065bcdd56d to remote] DEBUG org.asynchttpclient.netty.request.NettyRequestSender - Using pooled Channel '[id: 0x08061c34, L:/127.0.0.1:59722 - R:localhost/127.0.0.1:54421]' for 'GET' to 'http://localhost:54421/session/dbcbddc4be84a76034a409065bcdd56d/element/e9d47d41-4b32-4736-9d3d-322824195263/name'
10:52:28.436 [Forwarding getElementTagName on session dbcbddc4be84a76034a409065bcdd56d to remote] DEBUG org.asynchttpclient.netty.request.NettyRequestSender - Using open Channel [id: 0x08061c34, L:/127.0.0.1:59722 - R:localhost/127.0.0.1:54421] for GET '/session/dbcbddc4be84a76034a409065bcdd56d/element/e9d47d41-4b32-4736-9d3d-322824195263/name'
10:52:28.449 [AsyncHttpClient-1-2] DEBUG org.asynchttpclient.netty.handler.HttpHandler - 

Request DefaultFullHttpRequest(decodeResult: success, version: HTTP/1.1, content: EmptyByteBufBE)
GET /session/dbcbddc4be84a76034a409065bcdd56d/element/e9d47d41-4b32-4736-9d3d-322824195263/name HTTP/1.1
User-Agent: selenium/4.1.2 (java windows)
Cache-Control: no-cache
Content-Type: application/json; charset=utf-8
host: localhost:54421
accept: */*

Response DefaultHttpResponse(decodeResult: success, version: HTTP/1.1)
HTTP/1.1 200 OK
Content-Type: application/json; charset=utf-8
cache-control: no-cache
content-length: 18

10:52:28.449 [AsyncHttpClient-1-2] DEBUG org.asynchttpclient.netty.channel.ChannelManager - Adding key: http://localhost:54421 for channel [id: 0x08061c34, L:/127.0.0.1:59722 - R:localhost/127.0.0.1:54421]
10:52:28.451 [Forwarding getElementTagName on session dbcbddc4be84a76034a409065bcdd56d to remote] DEBUG org.asynchttpclient.netty.request.NettyRequestSender - Using pooled Channel '[id: 0x08061c34, L:/127.0.0.1:59722 - R:localhost/127.0.0.1:54421]' for 'GET' to 'http://localhost:54421/session/dbcbddc4be84a76034a409065bcdd56d/element/e9d47d41-4b32-4736-9d3d-322824195263/name'
10:52:28.451 [Forwarding getElementTagName on session dbcbddc4be84a76034a409065bcdd56d to remote] DEBUG org.asynchttpclient.netty.request.NettyRequestSender - Using open Channel [id: 0x08061c34, L:/127.0.0.1:59722 - R:localhost/127.0.0.1:54421] for GET '/session/dbcbddc4be84a76034a409065bcdd56d/element/e9d47d41-4b32-4736-9d3d-322824195263/name'
10:52:28.457 [AsyncHttpClient-1-2] DEBUG org.asynchttpclient.netty.handler.HttpHandler - 

Request DefaultFullHttpRequest(decodeResult: success, version: HTTP/1.1, content: EmptyByteBufBE)
GET /session/dbcbddc4be84a76034a409065bcdd56d/element/e9d47d41-4b32-4736-9d3d-322824195263/name HTTP/1.1
User-Agent: selenium/4.1.2 (java windows)
Cache-Control: no-cache
Content-Type: application/json; charset=utf-8
host: localhost:54421
accept: */*

Response DefaultHttpResponse(decodeResult: success, version: HTTP/1.1)
HTTP/1.1 200 OK
Content-Type: application/json; charset=utf-8
cache-control: no-cache
content-length: 18

10:52:28.457 [AsyncHttpClient-1-2] DEBUG org.asynchttpclient.netty.channel.ChannelManager - Adding key: http://localhost:54421 for channel [id: 0x08061c34, L:/127.0.0.1:59722 - R:localhost/127.0.0.1:54421]
10:52:28.462 [Forwarding isElementEnabled on session dbcbddc4be84a76034a409065bcdd56d to remote] DEBUG org.asynchttpclient.netty.request.NettyRequestSender - Using pooled Channel '[id: 0x08061c34, L:/127.0.0.1:59722 - R:localhost/127.0.0.1:54421]' for 'GET' to 'http://localhost:54421/session/dbcbddc4be84a76034a409065bcdd56d/element/e9d47d41-4b32-4736-9d3d-322824195263/enabled'
10:52:28.462 [Forwarding isElementEnabled on session dbcbddc4be84a76034a409065bcdd56d to remote] DEBUG org.asynchttpclient.netty.request.NettyRequestSender - Using open Channel [id: 0x08061c34, L:/127.0.0.1:59722 - R:localhost/127.0.0.1:54421] for GET '/session/dbcbddc4be84a76034a409065bcdd56d/element/e9d47d41-4b32-4736-9d3d-322824195263/enabled'
10:52:28.473 [AsyncHttpClient-1-2] DEBUG org.asynchttpclient.netty.handler.HttpHandler - 

Request DefaultFullHttpRequest(decodeResult: success, version: HTTP/1.1, content: EmptyByteBufBE)
GET /session/dbcbddc4be84a76034a409065bcdd56d/element/e9d47d41-4b32-4736-9d3d-322824195263/enabled HTTP/1.1
User-Agent: selenium/4.1.2 (java windows)
Cache-Control: no-cache
Content-Type: application/json; charset=utf-8
host: localhost:54421
accept: */*

Response DefaultHttpResponse(decodeResult: success, version: HTTP/1.1)
HTTP/1.1 200 OK
Content-Type: application/json; charset=utf-8
cache-control: no-cache
content-length: 14

10:52:28.473 [AsyncHttpClient-1-2] DEBUG org.asynchttpclient.netty.channel.ChannelManager - Adding key: http://localhost:54421 for channel [id: 0x08061c34, L:/127.0.0.1:59722 - R:localhost/127.0.0.1:54421]
10:52:28.476 [AsyncHttpClient-1-1] DEBUG org.asynchttpclient.netty.channel.DefaultChannelPool - Entry count for : http://localhost:54421 : 1
10:52:28.476 [AsyncHttpClient-1-1] DEBUG org.asynchttpclient.netty.channel.DefaultChannelPool - Entry count for : http://localhost:59723 : 1
10:52:28.477 [Forwarding isElementEnabled on session dbcbddc4be84a76034a409065bcdd56d to remote] DEBUG org.asynchttpclient.netty.request.NettyRequestSender - Using pooled Channel '[id: 0x08061c34, L:/127.0.0.1:59722 - R:localhost/127.0.0.1:54421]' for 'GET' to 'http://localhost:54421/session/dbcbddc4be84a76034a409065bcdd56d/element/e9d47d41-4b32-4736-9d3d-322824195263/enabled'
10:52:28.477 [Forwarding isElementEnabled on session dbcbddc4be84a76034a409065bcdd56d to remote] DEBUG org.asynchttpclient.netty.request.NettyRequestSender - Using open Channel [id: 0x08061c34, L:/127.0.0.1:59722 - R:localhost/127.0.0.1:54421] for GET '/session/dbcbddc4be84a76034a409065bcdd56d/element/e9d47d41-4b32-4736-9d3d-322824195263/enabled'
10:52:28.486 [AsyncHttpClient-1-2] DEBUG org.asynchttpclient.netty.handler.HttpHandler - 

Request DefaultFullHttpRequest(decodeResult: success, version: HTTP/1.1, content: EmptyByteBufBE)
GET /session/dbcbddc4be84a76034a409065bcdd56d/element/e9d47d41-4b32-4736-9d3d-322824195263/enabled HTTP/1.1
User-Agent: selenium/4.1.2 (java windows)
Cache-Control: no-cache
Content-Type: application/json; charset=utf-8
host: localhost:54421
accept: */*

Response DefaultHttpResponse(decodeResult: success, version: HTTP/1.1)
HTTP/1.1 200 OK
Content-Type: application/json; charset=utf-8
cache-control: no-cache
content-length: 14

10:52:28.486 [AsyncHttpClient-1-2] DEBUG org.asynchttpclient.netty.channel.ChannelManager - Adding key: http://localhost:54421 for channel [id: 0x08061c34, L:/127.0.0.1:59722 - R:localhost/127.0.0.1:54421]
10:52:28.488 [Forwarding findElement on session dbcbddc4be84a76034a409065bcdd56d to remote] DEBUG org.asynchttpclient.netty.request.NettyRequestSender - Using pooled Channel '[id: 0x08061c34, L:/127.0.0.1:59722 - R:localhost/127.0.0.1:54421]' for 'POST' to 'http://localhost:54421/session/dbcbddc4be84a76034a409065bcdd56d/element'
10:52:28.488 [Forwarding findElement on session dbcbddc4be84a76034a409065bcdd56d to remote] DEBUG org.asynchttpclient.netty.request.NettyRequestSender - Using open Channel [id: 0x08061c34, L:/127.0.0.1:59722 - R:localhost/127.0.0.1:54421] for POST '/session/dbcbddc4be84a76034a409065bcdd56d/element'
10:52:28.499 [AsyncHttpClient-1-2] DEBUG org.asynchttpclient.netty.handler.HttpHandler - 

Request DefaultHttpRequest(decodeResult: success, version: HTTP/1.1)
POST /session/dbcbddc4be84a76034a409065bcdd56d/element HTTP/1.1
User-Agent: selenium/4.1.2 (java windows)
Content-Length: 166
Content-Type: application/json; charset=utf-8
host: localhost:54421
accept: */*

Response DefaultHttpResponse(decodeResult: success, version: HTTP/1.1)
HTTP/1.1 200 OK
Content-Type: application/json; charset=utf-8
cache-control: no-cache
content-length: 88

10:52:28.500 [AsyncHttpClient-1-2] DEBUG org.asynchttpclient.netty.channel.ChannelManager - Adding key: http://localhost:54421 for channel [id: 0x08061c34, L:/127.0.0.1:59722 - R:localhost/127.0.0.1:54421]
10:52:28.501 [Forwarding clickElement on session dbcbddc4be84a76034a409065bcdd56d to remote] DEBUG org.asynchttpclient.netty.request.NettyRequestSender - Using pooled Channel '[id: 0x08061c34, L:/127.0.0.1:59722 - R:localhost/127.0.0.1:54421]' for 'POST' to 'http://localhost:54421/session/dbcbddc4be84a76034a409065bcdd56d/element/e9d47d41-4b32-4736-9d3d-322824195263/click'
10:52:28.501 [Forwarding clickElement on session dbcbddc4be84a76034a409065bcdd56d to remote] DEBUG org.asynchttpclient.netty.request.NettyRequestSender - Using open Channel [id: 0x08061c34, L:/127.0.0.1:59722 - R:localhost/127.0.0.1:54421] for POST '/session/dbcbddc4be84a76034a409065bcdd56d/element/e9d47d41-4b32-4736-9d3d-322824195263/click'
10:52:28.582 [AsyncHttpClient-1-2] DEBUG org.asynchttpclient.netty.handler.HttpHandler - 

Request DefaultHttpRequest(decodeResult: success, version: HTTP/1.1)
POST /session/dbcbddc4be84a76034a409065bcdd56d/element/e9d47d41-4b32-4736-9d3d-322824195263/click HTTP/1.1
User-Agent: selenium/4.1.2 (java windows)
Content-Length: 50
Content-Type: application/json; charset=utf-8
host: localhost:54421
accept: */*

Response DefaultHttpResponse(decodeResult: success, version: HTTP/1.1)
HTTP/1.1 200 OK
Content-Type: application/json; charset=utf-8
cache-control: no-cache
content-length: 14

10:52:28.582 [AsyncHttpClient-1-2] DEBUG org.asynchttpclient.netty.channel.ChannelManager - Adding key: http://localhost:54421 for channel [id: 0x08061c34, L:/127.0.0.1:59722 - R:localhost/127.0.0.1:54421]
  &amp#27;[32mAnd &amp#27;[0m&amp#27;[32mI click check button&amp#27;[0m              &amp#27;[90m# starter.stepdefinitions.ManageVaccinationBookingsSteps.iClickCheckButton()&amp#27;[0m
10:52:28.589 [Forwarding screenshot on session dbcbddc4be84a76034a409065bcdd56d to remote] DEBUG org.asynchttpclient.netty.request.NettyRequestSender - Using pooled Channel '[id: 0x08061c34, L:/127.0.0.1:59722 - R:localhost/127.0.0.1:54421]' for 'GET' to 'http://localhost:54421/session/dbcbddc4be84a76034a409065bcdd56d/screenshot'
10:52:28.590 [Forwarding screenshot on session dbcbddc4be84a76034a409065bcdd56d to remote] DEBUG org.asynchttpclient.netty.request.NettyRequestSender - Using open Channel [id: 0x08061c34, L:/127.0.0.1:59722 - R:localhost/127.0.0.1:54421] for GET '/session/dbcbddc4be84a76034a409065bcdd56d/screenshot'
10:52:28.865 [AsyncHttpClient-1-2] DEBUG org.asynchttpclient.netty.handler.HttpHandler - 

Request DefaultFullHttpRequest(decodeResult: success, version: HTTP/1.1, content: EmptyByteBufBE)
GET /session/dbcbddc4be84a76034a409065bcdd56d/screenshot HTTP/1.1
User-Agent: selenium/4.1.2 (java windows)
Cache-Control: no-cache
Content-Type: application/json; charset=utf-8
host: localhost:54421
accept: */*

Response DefaultHttpResponse(decodeResult: success, version: HTTP/1.1)
HTTP/1.1 200 OK
Content-Type: application/json; charset=utf-8
cache-control: no-cache
content-length: 191392

10:52:28.867 [AsyncHttpClient-1-2] DEBUG org.asynchttpclient.netty.channel.ChannelManager - Adding key: http://localhost:54421 for channel [id: 0x08061c34, L:/127.0.0.1:59722 - R:localhost/127.0.0.1:54421]
10:52:28.873 [main] DEBUG net.serenitybdd.core.photography.Darkroom - Send negative for processing for target\site\serenity\acfd42977d52b6408f41cc5df24f0b8fe1fa92912d39d5a07f3815c2dc85dcbe.png
10:52:28.873 [Darkroom Processing Line] DEBUG net.serenitybdd.core.photography.DarkroomProcessingLine - Processing screenshot image in /var/screenshots/screenshot-16239268831938196289
10:52:28.873 [Darkroom Processing Line] DEBUG net.serenitybdd.core.photography.DarkroomProcessingLine - Saving screenshot to target\site\serenity\acfd42977d52b6408f41cc5df24f0b8fe1fa92912d39d5a07f3815c2dc85dcbe.png
10:52:28.886 [Forwarding findElement on session dbcbddc4be84a76034a409065bcdd56d to remote] DEBUG org.asynchttpclient.netty.request.NettyRequestSender - Using pooled Channel '[id: 0x08061c34, L:/127.0.0.1:59722 - R:localhost/127.0.0.1:54421]' for 'POST' to 'http://localhost:54421/session/dbcbddc4be84a76034a409065bcdd56d/element'
10:52:28.886 [Forwarding findElement on session dbcbddc4be84a76034a409065bcdd56d to remote] DEBUG org.asynchttpclient.netty.request.NettyRequestSender - Using open Channel [id: 0x08061c34, L:/127.0.0.1:59722 - R:localhost/127.0.0.1:54421] for POST '/session/dbcbddc4be84a76034a409065bcdd56d/element'
10:52:28.901 [AsyncHttpClient-1-2] DEBUG org.asynchttpclient.netty.handler.HttpHandler - 

Request DefaultHttpRequest(decodeResult: success, version: HTTP/1.1)
POST /session/dbcbddc4be84a76034a409065bcdd56d/element HTTP/1.1
User-Agent: selenium/4.1.2 (java windows)
Content-Length: 172
Content-Type: application/json; charset=utf-8
host: localhost:54421
accept: */*

Response DefaultHttpResponse(decodeResult: success, version: HTTP/1.1)
HTTP/1.1 200 OK
Content-Type: application/json; charset=utf-8
cache-control: no-cache
content-length: 88

10:52:28.901 [AsyncHttpClient-1-2] DEBUG org.asynchttpclient.netty.channel.ChannelManager - Adding key: http://localhost:54421 for channel [id: 0x08061c34, L:/127.0.0.1:59722 - R:localhost/127.0.0.1:54421]
10:52:28.908 [Forwarding isElementDisplayed on session dbcbddc4be84a76034a409065bcdd56d to remote] DEBUG org.asynchttpclient.netty.request.NettyRequestSender - Using pooled Channel '[id: 0x08061c34, L:/127.0.0.1:59722 - R:localhost/127.0.0.1:54421]' for 'POST' to 'http://localhost:54421/session/dbcbddc4be84a76034a409065bcdd56d/execute/sync'
10:52:28.908 [Forwarding isElementDisplayed on session dbcbddc4be84a76034a409065bcdd56d to remote] DEBUG org.asynchttpclient.netty.request.NettyRequestSender - Using open Channel [id: 0x08061c34, L:/127.0.0.1:59722 - R:localhost/127.0.0.1:54421] for POST '/session/dbcbddc4be84a76034a409065bcdd56d/execute/sync'
10:52:28.928 [AsyncHttpClient-1-2] DEBUG org.asynchttpclient.netty.handler.HttpHandler - 

Request DefaultHttpRequest(decodeResult: success, version: HTTP/1.1)
POST /session/dbcbddc4be84a76034a409065bcdd56d/execute/sync HTTP/1.1
User-Agent: selenium/4.1.2 (java windows)
Content-Length: 48780
Content-Type: application/json; charset=utf-8
host: localhost:54421
accept: */*

Response DefaultHttpResponse(decodeResult: success, version: HTTP/1.1)
HTTP/1.1 200 OK
Content-Type: application/json; charset=utf-8
cache-control: no-cache
content-length: 14

10:52:28.928 [AsyncHttpClient-1-2] DEBUG org.asynchttpclient.netty.channel.ChannelManager - Adding key: http://localhost:54421 for channel [id: 0x08061c34, L:/127.0.0.1:59722 - R:localhost/127.0.0.1:54421]
  &amp#27;[32mThen &amp#27;[0m&amp#27;[32mthe booking will be approved&amp#27;[0m     &amp#27;[90m# starter.stepdefinitions.ManageVaccinationBookingsSteps.theBookingWillBeApproved()&amp#27;[0m
10:52:28.935 [Forwarding screenshot on session dbcbddc4be84a76034a409065bcdd56d to remote] DEBUG org.asynchttpclient.netty.request.NettyRequestSender - Using pooled Channel '[id: 0x08061c34, L:/127.0.0.1:59722 - R:localhost/127.0.0.1:54421]' for 'GET' to 'http://localhost:54421/session/dbcbddc4be84a76034a409065bcdd56d/screenshot'
10:52:28.936 [Forwarding screenshot on session dbcbddc4be84a76034a409065bcdd56d to remote] DEBUG org.asynchttpclient.netty.request.NettyRequestSender - Using open Channel [id: 0x08061c34, L:/127.0.0.1:59722 - R:localhost/127.0.0.1:54421] for GET '/session/dbcbddc4be84a76034a409065bcdd56d/screenshot'
10:52:29.151 [AsyncHttpClient-1-2] DEBUG org.asynchttpclient.netty.handler.HttpHandler - 

Request DefaultFullHttpRequest(decodeResult: success, version: HTTP/1.1, content: EmptyByteBufBE)
GET /session/dbcbddc4be84a76034a409065bcdd56d/screenshot HTTP/1.1
User-Agent: selenium/4.1.2 (java windows)
Cache-Control: no-cache
Content-Type: application/json; charset=utf-8
host: localhost:54421
accept: */*

Response DefaultHttpResponse(decodeResult: success, version: HTTP/1.1)
HTTP/1.1 200 OK
Content-Type: application/json; charset=utf-8
cache-control: no-cache
content-length: 194488

10:52:29.152 [AsyncHttpClient-1-2] DEBUG org.asynchttpclient.netty.channel.ChannelManager - Adding key: http://localhost:54421 for channel [id: 0x08061c34, L:/127.0.0.1:59722 - R:localhost/127.0.0.1:54421]
10:52:29.162 [main] DEBUG net.serenitybdd.core.photography.Darkroom - Send negative for processing for target\site\serenity\b98b61e42584d1943515fe474c33b4d70588d656ee03055abe30cb3ee3cb3522.png
10:52:29.165 [Darkroom Processing Line] DEBUG net.serenitybdd.core.photography.DarkroomProcessingLine - Processing screenshot image in /var/screenshots/screenshot-4520647859368146660
10:52:29.165 [Darkroom Processing Line] DEBUG net.serenitybdd.core.photography.DarkroomProcessingLine - Saving screenshot to target\site\serenity\b98b61e42584d1943515fe474c33b4d70588d656ee03055abe30cb3ee3cb3522.png
10:52:29.168 [main] INFO  - 
  _____   ___   ___   _____     ___     _     ___   ___   ___   ___  
 |_   _| | __| / __| |_   _|   | _ \   /_\   / __| / __| | __| |   \ 
   | |   | _|  \__ \   | |     |  _/  / _ \  \__ \ \__ \ | _|  | |) |
   |_|   |___| |___/   |_|     |_|   /_/ \_\ |___/ |___/ |___| |___/ 

Approve a vaccination booking
----------------------------------------------------------------------
10:52:29.290 [Driver Command Executor] DEBUG org.asynchttpclient.netty.request.NettyRequestSender - Using pooled Channel '[id: 0x08061c34, L:/127.0.0.1:59722 - R:localhost/127.0.0.1:54421]' for 'DELETE' to 'http://localhost:54421/session/dbcbddc4be84a76034a409065bcdd56d'
10:52:29.290 [Driver Command Executor] DEBUG org.asynchttpclient.netty.request.NettyRequestSender - Using open Channel [id: 0x08061c34, L:/127.0.0.1:59722 - R:localhost/127.0.0.1:54421] for DELETE '/session/dbcbddc4be84a76034a409065bcdd56d'
10:52:29.293 [AsyncHttpClient-1-4] DEBUG org.asynchttpclient.netty.handler.WebSocketHandler - Channel Closed: [id: 0xf12ca6f9, L:/127.0.0.1:59731 ! R:localhost/127.0.0.1:59723] with attribute NettyResponseFuture{currentRetry=5,
	isDone=1,
	isCancelled=0,
	asyncHandler=org.asynchttpclient.ws.WebSocketUpgradeHandler@2bd25f1e,
	nettyRequest=org.asynchttpclient.netty.request.NettyRequest@21a7f76,
	future=java.util.concurrent.CompletableFuture@18fe8547[Completed normally],
	uri=ws://localhost:59723/devtools/browser/19bb633b-e3be-4493-abbb-f7995e24fede,
	keepAlive=true,
	redirectCount=0,
	timeoutsHolder=null,
	inAuth=0,
	touch=1671681142365}
10:52:29.294 [AsyncHttpClient-1-4] DEBUG org.asynchttpclient.netty.channel.ChannelManager - Closing Channel [id: 0xf12ca6f9, L:/127.0.0.1:59731 ! R:localhost/127.0.0.1:59723] 
10:52:29.321 [AsyncHttpClient-1-3] DEBUG org.asynchttpclient.netty.handler.HttpHandler - Unexpected I/O exception on channel [id: 0x0844fc3d, L:/127.0.0.1:59730 - R:localhost/127.0.0.1:59723]
java.io.IOException: An existing connection was forcibly closed by the remote host
	at java.base/sun.nio.ch.SocketDispatcher.read0(Native Method)
	at java.base/sun.nio.ch.SocketDispatcher.read(SocketDispatcher.java:43)
	at java.base/sun.nio.ch.IOUtil.readIntoNativeBuffer(IOUtil.java:276)
	at java.base/sun.nio.ch.IOUtil.read(IOUtil.java:233)
	at java.base/sun.nio.ch.IOUtil.read(IOUtil.java:223)
	at java.base/sun.nio.ch.SocketChannelImpl.read(SocketChannelImpl.java:358)
	at io.netty.buffer.PooledByteBuf.setBytes(PooledByteBuf.java:258)
	at io.netty.buffer.AbstractByteBuf.writeBytes(AbstractByteBuf.java:1132)
	at io.netty.channel.socket.nio.NioSocketChannel.doReadBytes(NioSocketChannel.java:350)
	at io.netty.channel.nio.AbstractNioByteChannel$NioByteUnsafe.read(AbstractNioByteChannel.java:151)
	at io.netty.channel.nio.NioEventLoop.processSelectedKey(NioEventLoop.java:722)
	at io.netty.channel.nio.NioEventLoop.processSelectedKeysOptimized(NioEventLoop.java:658)
	at io.netty.channel.nio.NioEventLoop.processSelectedKeys(NioEventLoop.java:584)
	at io.netty.channel.nio.NioEventLoop.run(NioEventLoop.java:496)
	at io.netty.util.concurrent.SingleThreadEventExecutor$4.run(SingleThreadEventExecutor.java:986)
	at io.netty.util.internal.ThreadExecutorMap$2.run(ThreadExecutorMap.java:74)
	at io.netty.util.concurrent.FastThreadLocalRunnable.run(FastThreadLocalRunnable.java:30)
	at java.base/java.lang.Thread.run(Thread.java:834)
10:52:29.321 [AsyncHttpClient-1-3] DEBUG org.asynchttpclient.netty.channel.ChannelManager - Closing Channel [id: 0x0844fc3d, L:/127.0.0.1:59730 - R:localhost/127.0.0.1:59723] 
10:52:29.324 [AsyncHttpClient-1-3] DEBUG org.asynchttpclient.netty.handler.HttpHandler - Channel Closed: [id: 0x0844fc3d, L:/127.0.0.1:59730 ! R:localhost/127.0.0.1:59723] with attribute DISCARD
10:52:29.347 [AsyncHttpClient-1-2] DEBUG org.asynchttpclient.netty.handler.HttpHandler - 

Request DefaultFullHttpRequest(decodeResult: success, version: HTTP/1.1, content: EmptyByteBufBE)
DELETE /session/dbcbddc4be84a76034a409065bcdd56d HTTP/1.1
User-Agent: selenium/4.1.2 (java windows)
Content-Type: application/json; charset=utf-8
host: localhost:54421
accept: */*

Response DefaultHttpResponse(decodeResult: success, version: HTTP/1.1)
HTTP/1.1 200 OK
Content-Type: application/json; charset=utf-8
cache-control: no-cache
content-length: 14

10:52:29.347 [AsyncHttpClient-1-2] DEBUG org.asynchttpclient.netty.channel.ChannelManager - Adding key: http://localhost:54421 for channel [id: 0x08061c34, L:/127.0.0.1:59722 - R:localhost/127.0.0.1:54421]
10:52:29.412 [AsyncHttpClient-1-2] DEBUG org.asynchttpclient.netty.handler.HttpHandler - Channel Closed: [id: 0x08061c34, L:/127.0.0.1:59722 ! R:localhost/127.0.0.1:54421] with attribute DISCARD
]]></system-out>
    <system-err><![CDATA[Starting ChromeDriver 108.0.5359.71 (1e0e3868ee06e91ad636a874420e3ca3ae3756ac-refs/branch-heads/5359@{#1016}) on port 54421
Only local connections are allowed.
Please see https://chromedriver.chromium.org/security-considerations for suggestions on keeping ChromeDriver safe.
ChromeDriver was started successfully.
Dec 22, 2022 10:52:22 AM org.openqa.selenium.remote.ProtocolHandshake createSession
INFO: Detected dialect: W3C
Dec 22, 2022 10:52:22 AM org.openqa.selenium.devtools.CdpVersionFinder findNearestMatch
WARNING: Unable to find an exact match for CDP version 108, so returning the closest version found: a no-op implementation
Dec 22, 2022 10:52:22 AM org.openqa.selenium.devtools.CdpVersionFinder findNearestMatch
INFO: Unable to find CDP implementation matching 108.
Dec 22, 2022 10:52:22 AM org.openqa.selenium.chromium.ChromiumDriver lambda$new$3
WARNING: Unable to find version of CDP to use for . You may need to include a dependency on a specific version of the CDP using something similar to `org.seleniumhq.selenium:selenium-devtools-v86:4.1.2` where the version ("v86") matches the version of the chromium-based browser you're using and the version number of the artifact is the same as Selenium's.
]]></system-err>
  </testcase>
  <testcase name="Approve all vaccination bookings" classname="Manage vaccination bookings" time="7.999">
    <system-out><![CDATA[
Scenario: Approve all vaccination bookings &amp#27;[90m# src/test/resources/features/ManageVaccinationBookings.feature:14&amp#27;[0m
10:52:29.532 [main] INFO io.cucumber.core.plugin.SerenityReporter - Running feature from file:///C:/Users/ASUSTUF/OneDrive/Documents/Capstone%20Project/Web%20Automation/src/test/resources/features/ManageVaccinationBookings.feature
10:52:29.541 [main] INFO  - 
  _____   ___   ___   _____     ___   _____     _     ___   _____   ___   ___  
 |_   _| | __| / __| |_   _|   / __| |_   _|   /_\   | _ \ |_   _| | __| |   \ 
   | |   | _|  \__ \   | |     \__ \   | |    / _ \  |   /   | |   | _|  | |) |
   |_|   |___| |___/   |_|     |___/   |_|   /_/ \_\ |_|_\   |_|   |___| |___/ 

Approve all vaccination bookings(manage-vaccination-bookings;approve-all-vaccination-bookings)
--------------------------------------------------------------------------------
10:52:29.578 [AsyncHttpClient-1-1] DEBUG org.asynchttpclient.netty.channel.DefaultChannelPool - Entry count for : http://localhost:54421 : 1
10:52:29.578 [AsyncHttpClient-1-1] DEBUG org.asynchttpclient.netty.channel.DefaultChannelPool - Entry count for : http://localhost:59723 : 1
10:52:29.579 [AsyncHttpClient-1-1] DEBUG org.asynchttpclient.netty.channel.DefaultChannelPool - Adding Candidate expired Channel [id: 0x08061c34, L:/127.0.0.1:59722 ! R:localhost/127.0.0.1:54421] isIdleTimeoutExpired=false isRemotelyClosed=true isTtlExpired=false
10:52:29.579 [AsyncHttpClient-1-1] DEBUG org.asynchttpclient.netty.channel.DefaultChannelPool - Closing Idle Channel [id: 0x08061c34, L:/127.0.0.1:59722 ! R:localhost/127.0.0.1:54421]
10:52:29.580 [AsyncHttpClient-1-1] DEBUG org.asynchttpclient.netty.channel.DefaultChannelPool - Adding Candidate expired Channel [id: 0x0844fc3d, L:/127.0.0.1:59730 ! R:localhost/127.0.0.1:59723] isIdleTimeoutExpired=false isRemotelyClosed=true isTtlExpired=false
10:52:29.580 [AsyncHttpClient-1-1] DEBUG org.asynchttpclient.netty.channel.DefaultChannelPool - Closing Idle Channel [id: 0x0844fc3d, L:/127.0.0.1:59730 ! R:localhost/127.0.0.1:59723]
10:52:29.580 [AsyncHttpClient-1-1] DEBUG org.asynchttpclient.netty.channel.DefaultChannelPool - Closed 2 connections out of 2 in 2 ms
10:52:29.594 [main] INFO net.serenitybdd.core.webdriver.driverproviders.ChromeDriverProvider - Using automatically driver download
10:52:29.839 [main] DEBUG io.github.bonigarcia.wdm.cache.ResolutionCache - Resolution chrome=108 in cache (valid until 11:50:34 22/12/2022 ICT)
10:52:29.848 [main] DEBUG io.github.bonigarcia.wdm.cache.ResolutionCache - Resolution chrome108=108.0.5359.71 in cache (valid until 13:40:45 22/12/2022 ICT)
10:52:29.852 [main] INFO io.github.bonigarcia.wdm.WebDriverManager - Using chromedriver 108.0.5359.71 (resolved driver for Chrome 108)
10:52:29.878 [main] DEBUG io.github.bonigarcia.wdm.WebDriverManager - Driver chromedriver 108.0.5359.71 found in cache
10:52:29.881 [main] INFO io.github.bonigarcia.wdm.WebDriverManager - Exporting webdriver.chrome.driver as C:\Users\ASUSTUF\.cache\selenium\chromedriver\win32\108.0.5359.71\chromedriver.exe
10:52:30.104 [main] DEBUG net.serenitybdd.core.webdriver.driverproviders.ProvideNewDriver - Instantiating driver
10:52:30.104 [main] DEBUG net.serenitybdd.core.webdriver.driverproviders.ProvideNewDriver - Driver capabilities: Capabilities {acceptInsecureCerts: false, base.url: https://vaksin-id.netlify.app/, browserName: chrome, chrome.driver: src/test/resources/webdrive..., driver: chrome, goog:chromeOptions: {args: [], extensions: []}}
10:52:30.555 [AsyncHttpClient-1-5] DEBUG org.asynchttpclient.netty.channel.NettyConnectListener - Using new Channel '[id: 0xe21f75b0, L:/127.0.0.1:59751 - R:localhost/127.0.0.1:64212]' for 'POST' to '/session'
10:52:31.249 [AsyncHttpClient-1-5] DEBUG org.asynchttpclient.netty.handler.HttpHandler - 

Request DefaultHttpRequest(decodeResult: success, version: HTTP/1.1)
POST /session HTTP/1.1
User-Agent: selenium/4.1.2 (java windows)
Content-Length: 616
Content-Type: application/json; charset=utf-8
host: localhost:64212
accept: */*

Response DefaultHttpResponse(decodeResult: success, version: HTTP/1.1)
HTTP/1.1 200 OK
Content-Type: application/json; charset=utf-8
cache-control: no-cache
content-length: 794

10:52:31.250 [AsyncHttpClient-1-5] DEBUG org.asynchttpclient.netty.channel.ChannelManager - Adding key: http://localhost:64212 for channel [id: 0xe21f75b0, L:/127.0.0.1:59751 - R:localhost/127.0.0.1:64212]
10:52:31.283 [AsyncHttpClient-1-6] DEBUG org.asynchttpclient.netty.channel.NettyConnectListener - Using new Channel '[id: 0xea2b5bc2, L:/127.0.0.1:59758 - R:localhost/127.0.0.1:59752]' for 'GET' to '/json/version'
10:52:31.302 [AsyncHttpClient-1-6] DEBUG org.asynchttpclient.netty.handler.HttpHandler - 

Request DefaultFullHttpRequest(decodeResult: success, version: HTTP/1.1, content: EmptyByteBufBE)
GET /json/version HTTP/1.1
User-Agent: selenium/4.1.2 (java windows)
host: localhost:59752
accept: */*

Response DefaultHttpResponse(decodeResult: success, version: HTTP/1.1)
HTTP/1.1 200 OK
Content-Type: application/json; charset=UTF-8
content-length: 424

10:52:31.303 [AsyncHttpClient-1-6] DEBUG org.asynchttpclient.netty.channel.ChannelManager - Adding key: http://localhost:59752 for channel [id: 0xea2b5bc2, L:/127.0.0.1:59758 - R:localhost/127.0.0.1:59752]
10:52:31.319 [AsyncHttpClient-1-7] DEBUG org.asynchttpclient.netty.channel.NettyConnectListener - Using new Channel '[id: 0xb1e75c34, L:/127.0.0.1:59759 - R:localhost/127.0.0.1:59752]' for 'GET' to '/devtools/browser/6972e704-d036-4eda-bfc6-fcd7e440db03'
10:52:31.336 [AsyncHttpClient-1-7] DEBUG org.asynchttpclient.netty.handler.WebSocketHandler - 

Request DefaultFullHttpRequest(decodeResult: success, version: HTTP/1.1, content: EmptyByteBufBE)
GET /devtools/browser/6972e704-d036-4eda-bfc6-fcd7e440db03 HTTP/1.1
upgrade: websocket
connection: upgrade
sec-websocket-key: VE/q1F3viy1ctK4nFx3pTQ==
sec-websocket-version: 13
origin: http://localhost:59752
host: localhost:59752
accept: */*
user-agent: AHC/2.1

Response DefaultHttpResponse(decodeResult: success, version: HTTP/1.1)
HTTP/1.1 101 WebSocket Protocol Handshake
Upgrade: WebSocket
Connection: Upgrade
Sec-WebSocket-Accept: o2pMtHJB8GNs/wUeapzVoypN1iw=

10:52:31.356 [Forwarding get on session 4bb8d4d3cf275761c003999daca7c532 to remote] DEBUG org.asynchttpclient.netty.request.NettyRequestSender - Using pooled Channel '[id: 0xe21f75b0, L:/127.0.0.1:59751 - R:localhost/127.0.0.1:64212]' for 'POST' to 'http://localhost:64212/session/4bb8d4d3cf275761c003999daca7c532/url'
10:52:31.356 [Forwarding get on session 4bb8d4d3cf275761c003999daca7c532 to remote] DEBUG org.asynchttpclient.netty.request.NettyRequestSender - Using open Channel [id: 0xe21f75b0, L:/127.0.0.1:59751 - R:localhost/127.0.0.1:64212] for POST '/session/4bb8d4d3cf275761c003999daca7c532/url'
10:52:31.779 [AsyncHttpClient-1-1] DEBUG org.asynchttpclient.netty.channel.DefaultChannelPool - Entry count for : http://localhost:59752 : 1
10:52:32.023 [AsyncHttpClient-1-5] DEBUG org.asynchttpclient.netty.handler.HttpHandler - 

Request DefaultHttpRequest(decodeResult: success, version: HTTP/1.1)
POST /session/4bb8d4d3cf275761c003999daca7c532/url HTTP/1.1
User-Agent: selenium/4.1.2 (java windows)
Content-Length: 60
Content-Type: application/json; charset=utf-8
host: localhost:64212
accept: */*

Response DefaultHttpResponse(decodeResult: success, version: HTTP/1.1)
HTTP/1.1 200 OK
Content-Type: application/json; charset=utf-8
cache-control: no-cache
content-length: 14

10:52:32.023 [AsyncHttpClient-1-5] DEBUG org.asynchttpclient.netty.channel.ChannelManager - Adding key: http://localhost:64212 for channel [id: 0xe21f75b0, L:/127.0.0.1:59751 - R:localhost/127.0.0.1:64212]
10:52:32.028 [Forwarding setTimeout on session 4bb8d4d3cf275761c003999daca7c532 to remote] DEBUG org.asynchttpclient.netty.request.NettyRequestSender - Using pooled Channel '[id: 0xe21f75b0, L:/127.0.0.1:59751 - R:localhost/127.0.0.1:64212]' for 'POST' to 'http://localhost:64212/session/4bb8d4d3cf275761c003999daca7c532/timeouts'
10:52:32.029 [Forwarding setTimeout on session 4bb8d4d3cf275761c003999daca7c532 to remote] DEBUG org.asynchttpclient.netty.request.NettyRequestSender - Using open Channel [id: 0xe21f75b0, L:/127.0.0.1:59751 - R:localhost/127.0.0.1:64212] for POST '/session/4bb8d4d3cf275761c003999daca7c532/timeouts'
10:52:32.030 [AsyncHttpClient-1-5] DEBUG org.asynchttpclient.netty.handler.HttpHandler - 

Request DefaultHttpRequest(decodeResult: success, version: HTTP/1.1)
POST /session/4bb8d4d3cf275761c003999daca7c532/timeouts HTTP/1.1
User-Agent: selenium/4.1.2 (java windows)
Content-Length: 22
Content-Type: application/json; charset=utf-8
host: localhost:64212
accept: */*

Response DefaultHttpResponse(decodeResult: success, version: HTTP/1.1)
HTTP/1.1 200 OK
Content-Type: application/json; charset=utf-8
cache-control: no-cache
content-length: 14

10:52:32.030 [AsyncHttpClient-1-5] DEBUG org.asynchttpclient.netty.channel.ChannelManager - Adding key: http://localhost:64212 for channel [id: 0xe21f75b0, L:/127.0.0.1:59751 - R:localhost/127.0.0.1:64212]
10:52:32.034 [Forwarding getCurrentUrl on session 4bb8d4d3cf275761c003999daca7c532 to remote] DEBUG org.asynchttpclient.netty.request.NettyRequestSender - Using pooled Channel '[id: 0xe21f75b0, L:/127.0.0.1:59751 - R:localhost/127.0.0.1:64212]' for 'GET' to 'http://localhost:64212/session/4bb8d4d3cf275761c003999daca7c532/url'
10:52:32.034 [Forwarding getCurrentUrl on session 4bb8d4d3cf275761c003999daca7c532 to remote] DEBUG org.asynchttpclient.netty.request.NettyRequestSender - Using open Channel [id: 0xe21f75b0, L:/127.0.0.1:59751 - R:localhost/127.0.0.1:64212] for GET '/session/4bb8d4d3cf275761c003999daca7c532/url'
10:52:32.049 [AsyncHttpClient-1-5] DEBUG org.asynchttpclient.netty.handler.HttpHandler - 

Request DefaultFullHttpRequest(decodeResult: success, version: HTTP/1.1, content: EmptyByteBufBE)
GET /session/4bb8d4d3cf275761c003999daca7c532/url HTTP/1.1
User-Agent: selenium/4.1.2 (java windows)
Cache-Control: no-cache
Content-Type: application/json; charset=utf-8
host: localhost:64212
accept: */*

Response DefaultHttpResponse(decodeResult: success, version: HTTP/1.1)
HTTP/1.1 200 OK
Content-Type: application/json; charset=utf-8
cache-control: no-cache
content-length: 42

10:52:32.050 [AsyncHttpClient-1-5] DEBUG org.asynchttpclient.netty.channel.ChannelManager - Adding key: http://localhost:64212 for channel [id: 0xe21f75b0, L:/127.0.0.1:59751 - R:localhost/127.0.0.1:64212]
  &amp#27;[32mGiven &amp#27;[0m&amp#27;[32mI am on landing page&amp#27;[0m               &amp#27;[90m# starter.stepdefinitions.ManageVaccinationBookingsSteps.iAmOnLandingPage()&amp#27;[0m
10:52:32.058 [Forwarding screenshot on session 4bb8d4d3cf275761c003999daca7c532 to remote] DEBUG org.asynchttpclient.netty.request.NettyRequestSender - Using pooled Channel '[id: 0xe21f75b0, L:/127.0.0.1:59751 - R:localhost/127.0.0.1:64212]' for 'GET' to 'http://localhost:64212/session/4bb8d4d3cf275761c003999daca7c532/screenshot'
10:52:32.058 [Forwarding screenshot on session 4bb8d4d3cf275761c003999daca7c532 to remote] DEBUG org.asynchttpclient.netty.request.NettyRequestSender - Using open Channel [id: 0xe21f75b0, L:/127.0.0.1:59751 - R:localhost/127.0.0.1:64212] for GET '/session/4bb8d4d3cf275761c003999daca7c532/screenshot'
10:52:32.876 [AsyncHttpClient-1-1] DEBUG org.asynchttpclient.netty.channel.DefaultChannelPool - Entry count for : http://localhost:59752 : 1
10:52:32.941 [AsyncHttpClient-1-5] DEBUG org.asynchttpclient.netty.handler.HttpHandler - 

Request DefaultFullHttpRequest(decodeResult: success, version: HTTP/1.1, content: EmptyByteBufBE)
GET /session/4bb8d4d3cf275761c003999daca7c532/screenshot HTTP/1.1
User-Agent: selenium/4.1.2 (java windows)
Cache-Control: no-cache
Content-Type: application/json; charset=utf-8
host: localhost:64212
accept: */*

Response DefaultHttpResponse(decodeResult: success, version: HTTP/1.1)
HTTP/1.1 200 OK
Content-Type: application/json; charset=utf-8
cache-control: no-cache
content-length: 534880

10:52:32.944 [AsyncHttpClient-1-5] DEBUG org.asynchttpclient.netty.channel.ChannelManager - Adding key: http://localhost:64212 for channel [id: 0xe21f75b0, L:/127.0.0.1:59751 - R:localhost/127.0.0.1:64212]
10:52:32.957 [main] DEBUG net.serenitybdd.core.photography.Darkroom - Send negative for processing for target\site\serenity\ff430ecead16da03502f14c97d8d23ccb86faf7145f5454d091aa43f20694701.png
10:52:32.957 [Darkroom Processing Line] DEBUG net.serenitybdd.core.photography.DarkroomProcessingLine - Processing screenshot image in /var/screenshots/screenshot-16990618042302572478
10:52:32.957 [Darkroom Processing Line] DEBUG net.serenitybdd.core.photography.DarkroomProcessingLine - Saving screenshot to target\site\serenity\ff430ecead16da03502f14c97d8d23ccb86faf7145f5454d091aa43f20694701.png
10:52:32.968 [Forwarding findElement on session 4bb8d4d3cf275761c003999daca7c532 to remote] DEBUG org.asynchttpclient.netty.request.NettyRequestSender - Using pooled Channel '[id: 0xe21f75b0, L:/127.0.0.1:59751 - R:localhost/127.0.0.1:64212]' for 'POST' to 'http://localhost:64212/session/4bb8d4d3cf275761c003999daca7c532/element'
10:52:32.968 [Forwarding findElement on session 4bb8d4d3cf275761c003999daca7c532 to remote] DEBUG org.asynchttpclient.netty.request.NettyRequestSender - Using open Channel [id: 0xe21f75b0, L:/127.0.0.1:59751 - R:localhost/127.0.0.1:64212] for POST '/session/4bb8d4d3cf275761c003999daca7c532/element'
10:52:32.983 [AsyncHttpClient-1-5] DEBUG org.asynchttpclient.netty.handler.HttpHandler - 

Request DefaultHttpRequest(decodeResult: success, version: HTTP/1.1)
POST /session/4bb8d4d3cf275761c003999daca7c532/element HTTP/1.1
User-Agent: selenium/4.1.2 (java windows)
Content-Length: 315
Content-Type: application/json; charset=utf-8
host: localhost:64212
accept: */*

Response DefaultHttpResponse(decodeResult: success, version: HTTP/1.1)
HTTP/1.1 200 OK
Content-Type: application/json; charset=utf-8
cache-control: no-cache
content-length: 88

10:52:32.983 [AsyncHttpClient-1-5] DEBUG org.asynchttpclient.netty.channel.ChannelManager - Adding key: http://localhost:64212 for channel [id: 0xe21f75b0, L:/127.0.0.1:59751 - R:localhost/127.0.0.1:64212]
10:52:32.985 [Forwarding getElementTagName on session 4bb8d4d3cf275761c003999daca7c532 to remote] DEBUG org.asynchttpclient.netty.request.NettyRequestSender - Using pooled Channel '[id: 0xe21f75b0, L:/127.0.0.1:59751 - R:localhost/127.0.0.1:64212]' for 'GET' to 'http://localhost:64212/session/4bb8d4d3cf275761c003999daca7c532/element/0f52d33e-d484-45b4-a308-6b06834c11d6/name'
10:52:32.985 [Forwarding getElementTagName on session 4bb8d4d3cf275761c003999daca7c532 to remote] DEBUG org.asynchttpclient.netty.request.NettyRequestSender - Using open Channel [id: 0xe21f75b0, L:/127.0.0.1:59751 - R:localhost/127.0.0.1:64212] for GET '/session/4bb8d4d3cf275761c003999daca7c532/element/0f52d33e-d484-45b4-a308-6b06834c11d6/name'
10:52:32.992 [AsyncHttpClient-1-5] DEBUG org.asynchttpclient.netty.handler.HttpHandler - 

Request DefaultFullHttpRequest(decodeResult: success, version: HTTP/1.1, content: EmptyByteBufBE)
GET /session/4bb8d4d3cf275761c003999daca7c532/element/0f52d33e-d484-45b4-a308-6b06834c11d6/name HTTP/1.1
User-Agent: selenium/4.1.2 (java windows)
Cache-Control: no-cache
Content-Type: application/json; charset=utf-8
host: localhost:64212
accept: */*

Response DefaultHttpResponse(decodeResult: success, version: HTTP/1.1)
HTTP/1.1 200 OK
Content-Type: application/json; charset=utf-8
cache-control: no-cache
content-length: 18

10:52:32.992 [AsyncHttpClient-1-5] DEBUG org.asynchttpclient.netty.channel.ChannelManager - Adding key: http://localhost:64212 for channel [id: 0xe21f75b0, L:/127.0.0.1:59751 - R:localhost/127.0.0.1:64212]
10:52:32.995 [Forwarding getElementTagName on session 4bb8d4d3cf275761c003999daca7c532 to remote] DEBUG org.asynchttpclient.netty.request.NettyRequestSender - Using pooled Channel '[id: 0xe21f75b0, L:/127.0.0.1:59751 - R:localhost/127.0.0.1:64212]' for 'GET' to 'http://localhost:64212/session/4bb8d4d3cf275761c003999daca7c532/element/0f52d33e-d484-45b4-a308-6b06834c11d6/name'
10:52:32.995 [Forwarding getElementTagName on session 4bb8d4d3cf275761c003999daca7c532 to remote] DEBUG org.asynchttpclient.netty.request.NettyRequestSender - Using open Channel [id: 0xe21f75b0, L:/127.0.0.1:59751 - R:localhost/127.0.0.1:64212] for GET '/session/4bb8d4d3cf275761c003999daca7c532/element/0f52d33e-d484-45b4-a308-6b06834c11d6/name'
10:52:33.000 [AsyncHttpClient-1-5] DEBUG org.asynchttpclient.netty.handler.HttpHandler - 

Request DefaultFullHttpRequest(decodeResult: success, version: HTTP/1.1, content: EmptyByteBufBE)
GET /session/4bb8d4d3cf275761c003999daca7c532/element/0f52d33e-d484-45b4-a308-6b06834c11d6/name HTTP/1.1
User-Agent: selenium/4.1.2 (java windows)
Cache-Control: no-cache
Content-Type: application/json; charset=utf-8
host: localhost:64212
accept: */*

Response DefaultHttpResponse(decodeResult: success, version: HTTP/1.1)
HTTP/1.1 200 OK
Content-Type: application/json; charset=utf-8
cache-control: no-cache
content-length: 18

10:52:33.001 [AsyncHttpClient-1-5] DEBUG org.asynchttpclient.netty.channel.ChannelManager - Adding key: http://localhost:64212 for channel [id: 0xe21f75b0, L:/127.0.0.1:59751 - R:localhost/127.0.0.1:64212]
10:52:33.003 [Forwarding isElementEnabled on session 4bb8d4d3cf275761c003999daca7c532 to remote] DEBUG org.asynchttpclient.netty.request.NettyRequestSender - Using pooled Channel '[id: 0xe21f75b0, L:/127.0.0.1:59751 - R:localhost/127.0.0.1:64212]' for 'GET' to 'http://localhost:64212/session/4bb8d4d3cf275761c003999daca7c532/element/0f52d33e-d484-45b4-a308-6b06834c11d6/enabled'
10:52:33.003 [Forwarding isElementEnabled on session 4bb8d4d3cf275761c003999daca7c532 to remote] DEBUG org.asynchttpclient.netty.request.NettyRequestSender - Using open Channel [id: 0xe21f75b0, L:/127.0.0.1:59751 - R:localhost/127.0.0.1:64212] for GET '/session/4bb8d4d3cf275761c003999daca7c532/element/0f52d33e-d484-45b4-a308-6b06834c11d6/enabled'
10:52:33.018 [AsyncHttpClient-1-5] DEBUG org.asynchttpclient.netty.handler.HttpHandler - 

Request DefaultFullHttpRequest(decodeResult: success, version: HTTP/1.1, content: EmptyByteBufBE)
GET /session/4bb8d4d3cf275761c003999daca7c532/element/0f52d33e-d484-45b4-a308-6b06834c11d6/enabled HTTP/1.1
User-Agent: selenium/4.1.2 (java windows)
Cache-Control: no-cache
Content-Type: application/json; charset=utf-8
host: localhost:64212
accept: */*

Response DefaultHttpResponse(decodeResult: success, version: HTTP/1.1)
HTTP/1.1 200 OK
Content-Type: application/json; charset=utf-8
cache-control: no-cache
content-length: 14

10:52:33.018 [AsyncHttpClient-1-5] DEBUG org.asynchttpclient.netty.channel.ChannelManager - Adding key: http://localhost:64212 for channel [id: 0xe21f75b0, L:/127.0.0.1:59751 - R:localhost/127.0.0.1:64212]
10:52:33.020 [Forwarding isElementEnabled on session 4bb8d4d3cf275761c003999daca7c532 to remote] DEBUG org.asynchttpclient.netty.request.NettyRequestSender - Using pooled Channel '[id: 0xe21f75b0, L:/127.0.0.1:59751 - R:localhost/127.0.0.1:64212]' for 'GET' to 'http://localhost:64212/session/4bb8d4d3cf275761c003999daca7c532/element/0f52d33e-d484-45b4-a308-6b06834c11d6/enabled'
10:52:33.020 [Forwarding isElementEnabled on session 4bb8d4d3cf275761c003999daca7c532 to remote] DEBUG org.asynchttpclient.netty.request.NettyRequestSender - Using open Channel [id: 0xe21f75b0, L:/127.0.0.1:59751 - R:localhost/127.0.0.1:64212] for GET '/session/4bb8d4d3cf275761c003999daca7c532/element/0f52d33e-d484-45b4-a308-6b06834c11d6/enabled'
10:52:33.032 [AsyncHttpClient-1-5] DEBUG org.asynchttpclient.netty.handler.HttpHandler - 

Request DefaultFullHttpRequest(decodeResult: success, version: HTTP/1.1, content: EmptyByteBufBE)
GET /session/4bb8d4d3cf275761c003999daca7c532/element/0f52d33e-d484-45b4-a308-6b06834c11d6/enabled HTTP/1.1
User-Agent: selenium/4.1.2 (java windows)
Cache-Control: no-cache
Content-Type: application/json; charset=utf-8
host: localhost:64212
accept: */*

Response DefaultHttpResponse(decodeResult: success, version: HTTP/1.1)
HTTP/1.1 200 OK
Content-Type: application/json; charset=utf-8
cache-control: no-cache
content-length: 14

10:52:33.033 [AsyncHttpClient-1-5] DEBUG org.asynchttpclient.netty.channel.ChannelManager - Adding key: http://localhost:64212 for channel [id: 0xe21f75b0, L:/127.0.0.1:59751 - R:localhost/127.0.0.1:64212]
10:52:33.036 [Forwarding findElement on session 4bb8d4d3cf275761c003999daca7c532 to remote] DEBUG org.asynchttpclient.netty.request.NettyRequestSender - Using pooled Channel '[id: 0xe21f75b0, L:/127.0.0.1:59751 - R:localhost/127.0.0.1:64212]' for 'POST' to 'http://localhost:64212/session/4bb8d4d3cf275761c003999daca7c532/element'
10:52:33.036 [Forwarding findElement on session 4bb8d4d3cf275761c003999daca7c532 to remote] DEBUG org.asynchttpclient.netty.request.NettyRequestSender - Using open Channel [id: 0xe21f75b0, L:/127.0.0.1:59751 - R:localhost/127.0.0.1:64212] for POST '/session/4bb8d4d3cf275761c003999daca7c532/element'
10:52:33.048 [AsyncHttpClient-1-5] DEBUG org.asynchttpclient.netty.handler.HttpHandler - 

Request DefaultHttpRequest(decodeResult: success, version: HTTP/1.1)
POST /session/4bb8d4d3cf275761c003999daca7c532/element HTTP/1.1
User-Agent: selenium/4.1.2 (java windows)
Content-Length: 315
Content-Type: application/json; charset=utf-8
host: localhost:64212
accept: */*

Response DefaultHttpResponse(decodeResult: success, version: HTTP/1.1)
HTTP/1.1 200 OK
Content-Type: application/json; charset=utf-8
cache-control: no-cache
content-length: 88

10:52:33.048 [AsyncHttpClient-1-5] DEBUG org.asynchttpclient.netty.channel.ChannelManager - Adding key: http://localhost:64212 for channel [id: 0xe21f75b0, L:/127.0.0.1:59751 - R:localhost/127.0.0.1:64212]
10:52:33.050 [Forwarding clickElement on session 4bb8d4d3cf275761c003999daca7c532 to remote] DEBUG org.asynchttpclient.netty.request.NettyRequestSender - Using pooled Channel '[id: 0xe21f75b0, L:/127.0.0.1:59751 - R:localhost/127.0.0.1:64212]' for 'POST' to 'http://localhost:64212/session/4bb8d4d3cf275761c003999daca7c532/element/0f52d33e-d484-45b4-a308-6b06834c11d6/click'
10:52:33.050 [Forwarding clickElement on session 4bb8d4d3cf275761c003999daca7c532 to remote] DEBUG org.asynchttpclient.netty.request.NettyRequestSender - Using open Channel [id: 0xe21f75b0, L:/127.0.0.1:59751 - R:localhost/127.0.0.1:64212] for POST '/session/4bb8d4d3cf275761c003999daca7c532/element/0f52d33e-d484-45b4-a308-6b06834c11d6/click'
10:52:33.165 [AsyncHttpClient-1-5] DEBUG org.asynchttpclient.netty.handler.HttpHandler - 

Request DefaultHttpRequest(decodeResult: success, version: HTTP/1.1)
POST /session/4bb8d4d3cf275761c003999daca7c532/element/0f52d33e-d484-45b4-a308-6b06834c11d6/click HTTP/1.1
User-Agent: selenium/4.1.2 (java windows)
Content-Length: 50
Content-Type: application/json; charset=utf-8
host: localhost:64212
accept: */*

Response DefaultHttpResponse(decodeResult: success, version: HTTP/1.1)
HTTP/1.1 200 OK
Content-Type: application/json; charset=utf-8
cache-control: no-cache
content-length: 14

10:52:33.166 [AsyncHttpClient-1-5] DEBUG org.asynchttpclient.netty.channel.ChannelManager - Adding key: http://localhost:64212 for channel [id: 0xe21f75b0, L:/127.0.0.1:59751 - R:localhost/127.0.0.1:64212]
10:52:33.173 [Forwarding findElement on session 4bb8d4d3cf275761c003999daca7c532 to remote] DEBUG org.asynchttpclient.netty.request.NettyRequestSender - Using pooled Channel '[id: 0xe21f75b0, L:/127.0.0.1:59751 - R:localhost/127.0.0.1:64212]' for 'POST' to 'http://localhost:64212/session/4bb8d4d3cf275761c003999daca7c532/element'
10:52:33.173 [Forwarding findElement on session 4bb8d4d3cf275761c003999daca7c532 to remote] DEBUG org.asynchttpclient.netty.request.NettyRequestSender - Using open Channel [id: 0xe21f75b0, L:/127.0.0.1:59751 - R:localhost/127.0.0.1:64212] for POST '/session/4bb8d4d3cf275761c003999daca7c532/element'
10:52:33.189 [AsyncHttpClient-1-5] DEBUG org.asynchttpclient.netty.handler.HttpHandler - 

Request DefaultHttpRequest(decodeResult: success, version: HTTP/1.1)
POST /session/4bb8d4d3cf275761c003999daca7c532/element HTTP/1.1
User-Agent: selenium/4.1.2 (java windows)
Content-Length: 69
Content-Type: application/json; charset=utf-8
host: localhost:64212
accept: */*

Response DefaultHttpResponse(decodeResult: success, version: HTTP/1.1)
HTTP/1.1 200 OK
Content-Type: application/json; charset=utf-8
cache-control: no-cache
content-length: 88

10:52:33.189 [AsyncHttpClient-1-5] DEBUG org.asynchttpclient.netty.channel.ChannelManager - Adding key: http://localhost:64212 for channel [id: 0xe21f75b0, L:/127.0.0.1:59751 - R:localhost/127.0.0.1:64212]
10:52:33.191 [Forwarding clearElement on session 4bb8d4d3cf275761c003999daca7c532 to remote] DEBUG org.asynchttpclient.netty.request.NettyRequestSender - Using pooled Channel '[id: 0xe21f75b0, L:/127.0.0.1:59751 - R:localhost/127.0.0.1:64212]' for 'POST' to 'http://localhost:64212/session/4bb8d4d3cf275761c003999daca7c532/element/6d9f8933-cfbf-4682-9920-217148dd6043/clear'
10:52:33.191 [Forwarding clearElement on session 4bb8d4d3cf275761c003999daca7c532 to remote] DEBUG org.asynchttpclient.netty.request.NettyRequestSender - Using open Channel [id: 0xe21f75b0, L:/127.0.0.1:59751 - R:localhost/127.0.0.1:64212] for POST '/session/4bb8d4d3cf275761c003999daca7c532/element/6d9f8933-cfbf-4682-9920-217148dd6043/clear'
10:52:33.235 [AsyncHttpClient-1-5] DEBUG org.asynchttpclient.netty.handler.HttpHandler - 

Request DefaultHttpRequest(decodeResult: success, version: HTTP/1.1)
POST /session/4bb8d4d3cf275761c003999daca7c532/element/6d9f8933-cfbf-4682-9920-217148dd6043/clear HTTP/1.1
User-Agent: selenium/4.1.2 (java windows)
Content-Length: 50
Content-Type: application/json; charset=utf-8
host: localhost:64212
accept: */*

Response DefaultHttpResponse(decodeResult: success, version: HTTP/1.1)
HTTP/1.1 200 OK
Content-Type: application/json; charset=utf-8
cache-control: no-cache
content-length: 14

10:52:33.237 [AsyncHttpClient-1-5] DEBUG org.asynchttpclient.netty.channel.ChannelManager - Adding key: http://localhost:64212 for channel [id: 0xe21f75b0, L:/127.0.0.1:59751 - R:localhost/127.0.0.1:64212]
10:52:33.238 [Forwarding sendKeysToElement on session 4bb8d4d3cf275761c003999daca7c532 to remote] DEBUG org.asynchttpclient.netty.request.NettyRequestSender - Using pooled Channel '[id: 0xe21f75b0, L:/127.0.0.1:59751 - R:localhost/127.0.0.1:64212]' for 'POST' to 'http://localhost:64212/session/4bb8d4d3cf275761c003999daca7c532/element/6d9f8933-cfbf-4682-9920-217148dd6043/value'
10:52:33.238 [Forwarding sendKeysToElement on session 4bb8d4d3cf275761c003999daca7c532 to remote] DEBUG org.asynchttpclient.netty.request.NettyRequestSender - Using open Channel [id: 0xe21f75b0, L:/127.0.0.1:59751 - R:localhost/127.0.0.1:64212] for POST '/session/4bb8d4d3cf275761c003999daca7c532/element/6d9f8933-cfbf-4682-9920-217148dd6043/value'
10:52:33.507 [AsyncHttpClient-1-5] DEBUG org.asynchttpclient.netty.handler.HttpHandler - 

Request DefaultHttpRequest(decodeResult: success, version: HTTP/1.1)
POST /session/4bb8d4d3cf275761c003999daca7c532/element/6d9f8933-cfbf-4682-9920-217148dd6043/value HTTP/1.1
User-Agent: selenium/4.1.2 (java windows)
Content-Length: 371
Content-Type: application/json; charset=utf-8
host: localhost:64212
accept: */*

Response DefaultHttpResponse(decodeResult: success, version: HTTP/1.1)
HTTP/1.1 200 OK
Content-Type: application/json; charset=utf-8
cache-control: no-cache
content-length: 14

10:52:33.508 [AsyncHttpClient-1-5] DEBUG org.asynchttpclient.netty.channel.ChannelManager - Adding key: http://localhost:64212 for channel [id: 0xe21f75b0, L:/127.0.0.1:59751 - R:localhost/127.0.0.1:64212]
10:52:33.517 [Forwarding findElement on session 4bb8d4d3cf275761c003999daca7c532 to remote] DEBUG org.asynchttpclient.netty.request.NettyRequestSender - Using pooled Channel '[id: 0xe21f75b0, L:/127.0.0.1:59751 - R:localhost/127.0.0.1:64212]' for 'POST' to 'http://localhost:64212/session/4bb8d4d3cf275761c003999daca7c532/element'
10:52:33.517 [Forwarding findElement on session 4bb8d4d3cf275761c003999daca7c532 to remote] DEBUG org.asynchttpclient.netty.request.NettyRequestSender - Using open Channel [id: 0xe21f75b0, L:/127.0.0.1:59751 - R:localhost/127.0.0.1:64212] for POST '/session/4bb8d4d3cf275761c003999daca7c532/element'
10:52:33.532 [AsyncHttpClient-1-5] DEBUG org.asynchttpclient.netty.handler.HttpHandler - 

Request DefaultHttpRequest(decodeResult: success, version: HTTP/1.1)
POST /session/4bb8d4d3cf275761c003999daca7c532/element HTTP/1.1
User-Agent: selenium/4.1.2 (java windows)
Content-Length: 72
Content-Type: application/json; charset=utf-8
host: localhost:64212
accept: */*

Response DefaultHttpResponse(decodeResult: success, version: HTTP/1.1)
HTTP/1.1 200 OK
Content-Type: application/json; charset=utf-8
cache-control: no-cache
content-length: 88

10:52:33.532 [AsyncHttpClient-1-5] DEBUG org.asynchttpclient.netty.channel.ChannelManager - Adding key: http://localhost:64212 for channel [id: 0xe21f75b0, L:/127.0.0.1:59751 - R:localhost/127.0.0.1:64212]
10:52:33.533 [Forwarding clearElement on session 4bb8d4d3cf275761c003999daca7c532 to remote] DEBUG org.asynchttpclient.netty.request.NettyRequestSender - Using pooled Channel '[id: 0xe21f75b0, L:/127.0.0.1:59751 - R:localhost/127.0.0.1:64212]' for 'POST' to 'http://localhost:64212/session/4bb8d4d3cf275761c003999daca7c532/element/837b38bb-2098-4b82-9733-92cfc9142211/clear'
10:52:33.533 [Forwarding clearElement on session 4bb8d4d3cf275761c003999daca7c532 to remote] DEBUG org.asynchttpclient.netty.request.NettyRequestSender - Using open Channel [id: 0xe21f75b0, L:/127.0.0.1:59751 - R:localhost/127.0.0.1:64212] for POST '/session/4bb8d4d3cf275761c003999daca7c532/element/837b38bb-2098-4b82-9733-92cfc9142211/clear'
10:52:33.591 [AsyncHttpClient-1-5] DEBUG org.asynchttpclient.netty.handler.HttpHandler - 

Request DefaultHttpRequest(decodeResult: success, version: HTTP/1.1)
POST /session/4bb8d4d3cf275761c003999daca7c532/element/837b38bb-2098-4b82-9733-92cfc9142211/clear HTTP/1.1
User-Agent: selenium/4.1.2 (java windows)
Content-Length: 50
Content-Type: application/json; charset=utf-8
host: localhost:64212
accept: */*

Response DefaultHttpResponse(decodeResult: success, version: HTTP/1.1)
HTTP/1.1 200 OK
Content-Type: application/json; charset=utf-8
cache-control: no-cache
content-length: 14

10:52:33.591 [AsyncHttpClient-1-5] DEBUG org.asynchttpclient.netty.channel.ChannelManager - Adding key: http://localhost:64212 for channel [id: 0xe21f75b0, L:/127.0.0.1:59751 - R:localhost/127.0.0.1:64212]
10:52:33.597 [Forwarding sendKeysToElement on session 4bb8d4d3cf275761c003999daca7c532 to remote] DEBUG org.asynchttpclient.netty.request.NettyRequestSender - Using pooled Channel '[id: 0xe21f75b0, L:/127.0.0.1:59751 - R:localhost/127.0.0.1:64212]' for 'POST' to 'http://localhost:64212/session/4bb8d4d3cf275761c003999daca7c532/element/837b38bb-2098-4b82-9733-92cfc9142211/value'
10:52:33.598 [Forwarding sendKeysToElement on session 4bb8d4d3cf275761c003999daca7c532 to remote] DEBUG org.asynchttpclient.netty.request.NettyRequestSender - Using open Channel [id: 0xe21f75b0, L:/127.0.0.1:59751 - R:localhost/127.0.0.1:64212] for POST '/session/4bb8d4d3cf275761c003999daca7c532/element/837b38bb-2098-4b82-9733-92cfc9142211/value'
10:52:33.786 [AsyncHttpClient-1-5] DEBUG org.asynchttpclient.netty.handler.HttpHandler - 

Request DefaultHttpRequest(decodeResult: success, version: HTTP/1.1)
POST /session/4bb8d4d3cf275761c003999daca7c532/element/837b38bb-2098-4b82-9733-92cfc9142211/value HTTP/1.1
User-Agent: selenium/4.1.2 (java windows)
Content-Length: 251
Content-Type: application/json; charset=utf-8
host: localhost:64212
accept: */*

Response DefaultHttpResponse(decodeResult: success, version: HTTP/1.1)
HTTP/1.1 200 OK
Content-Type: application/json; charset=utf-8
cache-control: no-cache
content-length: 14

10:52:33.787 [AsyncHttpClient-1-5] DEBUG org.asynchttpclient.netty.channel.ChannelManager - Adding key: http://localhost:64212 for channel [id: 0xe21f75b0, L:/127.0.0.1:59751 - R:localhost/127.0.0.1:64212]
10:52:33.798 [Forwarding findElement on session 4bb8d4d3cf275761c003999daca7c532 to remote] DEBUG org.asynchttpclient.netty.request.NettyRequestSender - Using pooled Channel '[id: 0xe21f75b0, L:/127.0.0.1:59751 - R:localhost/127.0.0.1:64212]' for 'POST' to 'http://localhost:64212/session/4bb8d4d3cf275761c003999daca7c532/element'
10:52:33.798 [Forwarding findElement on session 4bb8d4d3cf275761c003999daca7c532 to remote] DEBUG org.asynchttpclient.netty.request.NettyRequestSender - Using open Channel [id: 0xe21f75b0, L:/127.0.0.1:59751 - R:localhost/127.0.0.1:64212] for POST '/session/4bb8d4d3cf275761c003999daca7c532/element'
10:52:33.819 [AsyncHttpClient-1-5] DEBUG org.asynchttpclient.netty.handler.HttpHandler - 

Request DefaultHttpRequest(decodeResult: success, version: HTTP/1.1)
POST /session/4bb8d4d3cf275761c003999daca7c532/element HTTP/1.1
User-Agent: selenium/4.1.2 (java windows)
Content-Length: 321
Content-Type: application/json; charset=utf-8
host: localhost:64212
accept: */*

Response DefaultHttpResponse(decodeResult: success, version: HTTP/1.1)
HTTP/1.1 200 OK
Content-Type: application/json; charset=utf-8
cache-control: no-cache
content-length: 88

10:52:33.820 [AsyncHttpClient-1-5] DEBUG org.asynchttpclient.netty.channel.ChannelManager - Adding key: http://localhost:64212 for channel [id: 0xe21f75b0, L:/127.0.0.1:59751 - R:localhost/127.0.0.1:64212]
10:52:33.823 [Forwarding getElementTagName on session 4bb8d4d3cf275761c003999daca7c532 to remote] DEBUG org.asynchttpclient.netty.request.NettyRequestSender - Using pooled Channel '[id: 0xe21f75b0, L:/127.0.0.1:59751 - R:localhost/127.0.0.1:64212]' for 'GET' to 'http://localhost:64212/session/4bb8d4d3cf275761c003999daca7c532/element/d1d0a20a-1bca-45c1-9c5e-d47d7334effc/name'
10:52:33.823 [Forwarding getElementTagName on session 4bb8d4d3cf275761c003999daca7c532 to remote] DEBUG org.asynchttpclient.netty.request.NettyRequestSender - Using open Channel [id: 0xe21f75b0, L:/127.0.0.1:59751 - R:localhost/127.0.0.1:64212] for GET '/session/4bb8d4d3cf275761c003999daca7c532/element/d1d0a20a-1bca-45c1-9c5e-d47d7334effc/name'
10:52:33.832 [AsyncHttpClient-1-5] DEBUG org.asynchttpclient.netty.handler.HttpHandler - 

Request DefaultFullHttpRequest(decodeResult: success, version: HTTP/1.1, content: EmptyByteBufBE)
GET /session/4bb8d4d3cf275761c003999daca7c532/element/d1d0a20a-1bca-45c1-9c5e-d47d7334effc/name HTTP/1.1
User-Agent: selenium/4.1.2 (java windows)
Cache-Control: no-cache
Content-Type: application/json; charset=utf-8
host: localhost:64212
accept: */*

Response DefaultHttpResponse(decodeResult: success, version: HTTP/1.1)
HTTP/1.1 200 OK
Content-Type: application/json; charset=utf-8
cache-control: no-cache
content-length: 18

10:52:33.832 [AsyncHttpClient-1-5] DEBUG org.asynchttpclient.netty.channel.ChannelManager - Adding key: http://localhost:64212 for channel [id: 0xe21f75b0, L:/127.0.0.1:59751 - R:localhost/127.0.0.1:64212]
10:52:33.835 [Forwarding getElementTagName on session 4bb8d4d3cf275761c003999daca7c532 to remote] DEBUG org.asynchttpclient.netty.request.NettyRequestSender - Using pooled Channel '[id: 0xe21f75b0, L:/127.0.0.1:59751 - R:localhost/127.0.0.1:64212]' for 'GET' to 'http://localhost:64212/session/4bb8d4d3cf275761c003999daca7c532/element/d1d0a20a-1bca-45c1-9c5e-d47d7334effc/name'
10:52:33.835 [Forwarding getElementTagName on session 4bb8d4d3cf275761c003999daca7c532 to remote] DEBUG org.asynchttpclient.netty.request.NettyRequestSender - Using open Channel [id: 0xe21f75b0, L:/127.0.0.1:59751 - R:localhost/127.0.0.1:64212] for GET '/session/4bb8d4d3cf275761c003999daca7c532/element/d1d0a20a-1bca-45c1-9c5e-d47d7334effc/name'
10:52:33.842 [AsyncHttpClient-1-5] DEBUG org.asynchttpclient.netty.handler.HttpHandler - 

Request DefaultFullHttpRequest(decodeResult: success, version: HTTP/1.1, content: EmptyByteBufBE)
GET /session/4bb8d4d3cf275761c003999daca7c532/element/d1d0a20a-1bca-45c1-9c5e-d47d7334effc/name HTTP/1.1
User-Agent: selenium/4.1.2 (java windows)
Cache-Control: no-cache
Content-Type: application/json; charset=utf-8
host: localhost:64212
accept: */*

Response DefaultHttpResponse(decodeResult: success, version: HTTP/1.1)
HTTP/1.1 200 OK
Content-Type: application/json; charset=utf-8
cache-control: no-cache
content-length: 18

10:52:33.842 [AsyncHttpClient-1-5] DEBUG org.asynchttpclient.netty.channel.ChannelManager - Adding key: http://localhost:64212 for channel [id: 0xe21f75b0, L:/127.0.0.1:59751 - R:localhost/127.0.0.1:64212]
10:52:33.847 [Forwarding isElementEnabled on session 4bb8d4d3cf275761c003999daca7c532 to remote] DEBUG org.asynchttpclient.netty.request.NettyRequestSender - Using pooled Channel '[id: 0xe21f75b0, L:/127.0.0.1:59751 - R:localhost/127.0.0.1:64212]' for 'GET' to 'http://localhost:64212/session/4bb8d4d3cf275761c003999daca7c532/element/d1d0a20a-1bca-45c1-9c5e-d47d7334effc/enabled'
10:52:33.847 [Forwarding isElementEnabled on session 4bb8d4d3cf275761c003999daca7c532 to remote] DEBUG org.asynchttpclient.netty.request.NettyRequestSender - Using open Channel [id: 0xe21f75b0, L:/127.0.0.1:59751 - R:localhost/127.0.0.1:64212] for GET '/session/4bb8d4d3cf275761c003999daca7c532/element/d1d0a20a-1bca-45c1-9c5e-d47d7334effc/enabled'
10:52:33.863 [AsyncHttpClient-1-5] DEBUG org.asynchttpclient.netty.handler.HttpHandler - 

Request DefaultFullHttpRequest(decodeResult: success, version: HTTP/1.1, content: EmptyByteBufBE)
GET /session/4bb8d4d3cf275761c003999daca7c532/element/d1d0a20a-1bca-45c1-9c5e-d47d7334effc/enabled HTTP/1.1
User-Agent: selenium/4.1.2 (java windows)
Cache-Control: no-cache
Content-Type: application/json; charset=utf-8
host: localhost:64212
accept: */*

Response DefaultHttpResponse(decodeResult: success, version: HTTP/1.1)
HTTP/1.1 200 OK
Content-Type: application/json; charset=utf-8
cache-control: no-cache
content-length: 14

10:52:33.863 [AsyncHttpClient-1-5] DEBUG org.asynchttpclient.netty.channel.ChannelManager - Adding key: http://localhost:64212 for channel [id: 0xe21f75b0, L:/127.0.0.1:59751 - R:localhost/127.0.0.1:64212]
10:52:33.866 [Forwarding isElementEnabled on session 4bb8d4d3cf275761c003999daca7c532 to remote] DEBUG org.asynchttpclient.netty.request.NettyRequestSender - Using pooled Channel '[id: 0xe21f75b0, L:/127.0.0.1:59751 - R:localhost/127.0.0.1:64212]' for 'GET' to 'http://localhost:64212/session/4bb8d4d3cf275761c003999daca7c532/element/d1d0a20a-1bca-45c1-9c5e-d47d7334effc/enabled'
10:52:33.866 [Forwarding isElementEnabled on session 4bb8d4d3cf275761c003999daca7c532 to remote] DEBUG org.asynchttpclient.netty.request.NettyRequestSender - Using open Channel [id: 0xe21f75b0, L:/127.0.0.1:59751 - R:localhost/127.0.0.1:64212] for GET '/session/4bb8d4d3cf275761c003999daca7c532/element/d1d0a20a-1bca-45c1-9c5e-d47d7334effc/enabled'
10:52:33.879 [AsyncHttpClient-1-5] DEBUG org.asynchttpclient.netty.handler.HttpHandler - 

Request DefaultFullHttpRequest(decodeResult: success, version: HTTP/1.1, content: EmptyByteBufBE)
GET /session/4bb8d4d3cf275761c003999daca7c532/element/d1d0a20a-1bca-45c1-9c5e-d47d7334effc/enabled HTTP/1.1
User-Agent: selenium/4.1.2 (java windows)
Cache-Control: no-cache
Content-Type: application/json; charset=utf-8
host: localhost:64212
accept: */*

Response DefaultHttpResponse(decodeResult: success, version: HTTP/1.1)
HTTP/1.1 200 OK
Content-Type: application/json; charset=utf-8
cache-control: no-cache
content-length: 14

10:52:33.879 [AsyncHttpClient-1-5] DEBUG org.asynchttpclient.netty.channel.ChannelManager - Adding key: http://localhost:64212 for channel [id: 0xe21f75b0, L:/127.0.0.1:59751 - R:localhost/127.0.0.1:64212]
10:52:33.883 [Forwarding findElement on session 4bb8d4d3cf275761c003999daca7c532 to remote] DEBUG org.asynchttpclient.netty.request.NettyRequestSender - Using pooled Channel '[id: 0xe21f75b0, L:/127.0.0.1:59751 - R:localhost/127.0.0.1:64212]' for 'POST' to 'http://localhost:64212/session/4bb8d4d3cf275761c003999daca7c532/element'
10:52:33.883 [Forwarding findElement on session 4bb8d4d3cf275761c003999daca7c532 to remote] DEBUG org.asynchttpclient.netty.request.NettyRequestSender - Using open Channel [id: 0xe21f75b0, L:/127.0.0.1:59751 - R:localhost/127.0.0.1:64212] for POST '/session/4bb8d4d3cf275761c003999daca7c532/element'
10:52:33.894 [AsyncHttpClient-1-5] DEBUG org.asynchttpclient.netty.handler.HttpHandler - 

Request DefaultHttpRequest(decodeResult: success, version: HTTP/1.1)
POST /session/4bb8d4d3cf275761c003999daca7c532/element HTTP/1.1
User-Agent: selenium/4.1.2 (java windows)
Content-Length: 321
Content-Type: application/json; charset=utf-8
host: localhost:64212
accept: */*

Response DefaultHttpResponse(decodeResult: success, version: HTTP/1.1)
HTTP/1.1 200 OK
Content-Type: application/json; charset=utf-8
cache-control: no-cache
content-length: 88

10:52:33.895 [AsyncHttpClient-1-5] DEBUG org.asynchttpclient.netty.channel.ChannelManager - Adding key: http://localhost:64212 for channel [id: 0xe21f75b0, L:/127.0.0.1:59751 - R:localhost/127.0.0.1:64212]
10:52:33.897 [Forwarding clickElement on session 4bb8d4d3cf275761c003999daca7c532 to remote] DEBUG org.asynchttpclient.netty.request.NettyRequestSender - Using pooled Channel '[id: 0xe21f75b0, L:/127.0.0.1:59751 - R:localhost/127.0.0.1:64212]' for 'POST' to 'http://localhost:64212/session/4bb8d4d3cf275761c003999daca7c532/element/d1d0a20a-1bca-45c1-9c5e-d47d7334effc/click'
10:52:33.897 [Forwarding clickElement on session 4bb8d4d3cf275761c003999daca7c532 to remote] DEBUG org.asynchttpclient.netty.request.NettyRequestSender - Using open Channel [id: 0xe21f75b0, L:/127.0.0.1:59751 - R:localhost/127.0.0.1:64212] for POST '/session/4bb8d4d3cf275761c003999daca7c532/element/d1d0a20a-1bca-45c1-9c5e-d47d7334effc/click'
10:52:33.967 [AsyncHttpClient-1-5] DEBUG org.asynchttpclient.netty.handler.HttpHandler - 

Request DefaultHttpRequest(decodeResult: success, version: HTTP/1.1)
POST /session/4bb8d4d3cf275761c003999daca7c532/element/d1d0a20a-1bca-45c1-9c5e-d47d7334effc/click HTTP/1.1
User-Agent: selenium/4.1.2 (java windows)
Content-Length: 50
Content-Type: application/json; charset=utf-8
host: localhost:64212
accept: */*

Response DefaultHttpResponse(decodeResult: success, version: HTTP/1.1)
HTTP/1.1 200 OK
Content-Type: application/json; charset=utf-8
cache-control: no-cache
content-length: 14

10:52:33.967 [AsyncHttpClient-1-5] DEBUG org.asynchttpclient.netty.channel.ChannelManager - Adding key: http://localhost:64212 for channel [id: 0xe21f75b0, L:/127.0.0.1:59751 - R:localhost/127.0.0.1:64212]
  &amp#27;[32mAnd &amp#27;[0m&amp#27;[32mI have logged in&amp#27;[0m                     &amp#27;[90m# starter.stepdefinitions.ManageVaccinationBookingsSteps.iHaveLoggedIn()&amp#27;[0m
10:52:33.976 [AsyncHttpClient-1-1] DEBUG org.asynchttpclient.netty.channel.DefaultChannelPool - Entry count for : http://localhost:59752 : 1
10:52:33.976 [AsyncHttpClient-1-1] DEBUG org.asynchttpclient.netty.channel.DefaultChannelPool - Entry count for : http://localhost:64212 : 1
10:52:33.982 [Forwarding screenshot on session 4bb8d4d3cf275761c003999daca7c532 to remote] DEBUG org.asynchttpclient.netty.request.NettyRequestSender - Using pooled Channel '[id: 0xe21f75b0, L:/127.0.0.1:59751 - R:localhost/127.0.0.1:64212]' for 'GET' to 'http://localhost:64212/session/4bb8d4d3cf275761c003999daca7c532/screenshot'
10:52:33.983 [Forwarding screenshot on session 4bb8d4d3cf275761c003999daca7c532 to remote] DEBUG org.asynchttpclient.netty.request.NettyRequestSender - Using open Channel [id: 0xe21f75b0, L:/127.0.0.1:59751 - R:localhost/127.0.0.1:64212] for GET '/session/4bb8d4d3cf275761c003999daca7c532/screenshot'
10:52:34.299 [AsyncHttpClient-1-5] DEBUG org.asynchttpclient.netty.handler.HttpHandler - 

Request DefaultFullHttpRequest(decodeResult: success, version: HTTP/1.1, content: EmptyByteBufBE)
GET /session/4bb8d4d3cf275761c003999daca7c532/screenshot HTTP/1.1
User-Agent: selenium/4.1.2 (java windows)
Cache-Control: no-cache
Content-Type: application/json; charset=utf-8
host: localhost:64212
accept: */*

Response DefaultHttpResponse(decodeResult: success, version: HTTP/1.1)
HTTP/1.1 200 OK
Content-Type: application/json; charset=utf-8
cache-control: no-cache
content-length: 91876

10:52:34.301 [AsyncHttpClient-1-5] DEBUG org.asynchttpclient.netty.channel.ChannelManager - Adding key: http://localhost:64212 for channel [id: 0xe21f75b0, L:/127.0.0.1:59751 - R:localhost/127.0.0.1:64212]
10:52:34.306 [main] DEBUG net.serenitybdd.core.photography.Darkroom - Send negative for processing for target\site\serenity\272e3ecffd2c97871891dcce50ba7fd8c5bfe57f9e4218e29aefc08c295de68f.png
10:52:34.306 [Darkroom Processing Line] DEBUG net.serenitybdd.core.photography.DarkroomProcessingLine - Processing screenshot image in /var/screenshots/screenshot-11596584515113082749
10:52:34.306 [Darkroom Processing Line] DEBUG net.serenitybdd.core.photography.DarkroomProcessingLine - Saving screenshot to target\site\serenity\272e3ecffd2c97871891dcce50ba7fd8c5bfe57f9e4218e29aefc08c295de68f.png
10:52:34.321 [Forwarding findElement on session 4bb8d4d3cf275761c003999daca7c532 to remote] DEBUG org.asynchttpclient.netty.request.NettyRequestSender - Using pooled Channel '[id: 0xe21f75b0, L:/127.0.0.1:59751 - R:localhost/127.0.0.1:64212]' for 'POST' to 'http://localhost:64212/session/4bb8d4d3cf275761c003999daca7c532/element'
10:52:34.321 [Forwarding findElement on session 4bb8d4d3cf275761c003999daca7c532 to remote] DEBUG org.asynchttpclient.netty.request.NettyRequestSender - Using open Channel [id: 0xe21f75b0, L:/127.0.0.1:59751 - R:localhost/127.0.0.1:64212] for POST '/session/4bb8d4d3cf275761c003999daca7c532/element'
10:52:34.611 [AsyncHttpClient-1-5] DEBUG org.asynchttpclient.netty.handler.HttpHandler - 

Request DefaultHttpRequest(decodeResult: success, version: HTTP/1.1)
POST /session/4bb8d4d3cf275761c003999daca7c532/element HTTP/1.1
User-Agent: selenium/4.1.2 (java windows)
Content-Length: 80
Content-Type: application/json; charset=utf-8
host: localhost:64212
accept: */*

Response DefaultHttpResponse(decodeResult: success, version: HTTP/1.1)
HTTP/1.1 200 OK
Content-Type: application/json; charset=utf-8
cache-control: no-cache
content-length: 88

10:52:34.612 [AsyncHttpClient-1-5] DEBUG org.asynchttpclient.netty.channel.ChannelManager - Adding key: http://localhost:64212 for channel [id: 0xe21f75b0, L:/127.0.0.1:59751 - R:localhost/127.0.0.1:64212]
10:52:34.615 [Forwarding getElementTagName on session 4bb8d4d3cf275761c003999daca7c532 to remote] DEBUG org.asynchttpclient.netty.request.NettyRequestSender - Using pooled Channel '[id: 0xe21f75b0, L:/127.0.0.1:59751 - R:localhost/127.0.0.1:64212]' for 'GET' to 'http://localhost:64212/session/4bb8d4d3cf275761c003999daca7c532/element/31fb2955-c413-4bc7-b7f8-053496fe166f/name'
10:52:34.615 [Forwarding getElementTagName on session 4bb8d4d3cf275761c003999daca7c532 to remote] DEBUG org.asynchttpclient.netty.request.NettyRequestSender - Using open Channel [id: 0xe21f75b0, L:/127.0.0.1:59751 - R:localhost/127.0.0.1:64212] for GET '/session/4bb8d4d3cf275761c003999daca7c532/element/31fb2955-c413-4bc7-b7f8-053496fe166f/name'
10:52:34.640 [AsyncHttpClient-1-5] DEBUG org.asynchttpclient.netty.handler.HttpHandler - 

Request DefaultFullHttpRequest(decodeResult: success, version: HTTP/1.1, content: EmptyByteBufBE)
GET /session/4bb8d4d3cf275761c003999daca7c532/element/31fb2955-c413-4bc7-b7f8-053496fe166f/name HTTP/1.1
User-Agent: selenium/4.1.2 (java windows)
Cache-Control: no-cache
Content-Type: application/json; charset=utf-8
host: localhost:64212
accept: */*

Response DefaultHttpResponse(decodeResult: success, version: HTTP/1.1)
HTTP/1.1 200 OK
Content-Type: application/json; charset=utf-8
cache-control: no-cache
content-length: 13

10:52:34.640 [AsyncHttpClient-1-5] DEBUG org.asynchttpclient.netty.channel.ChannelManager - Adding key: http://localhost:64212 for channel [id: 0xe21f75b0, L:/127.0.0.1:59751 - R:localhost/127.0.0.1:64212]
10:52:34.644 [Forwarding getElementTagName on session 4bb8d4d3cf275761c003999daca7c532 to remote] DEBUG org.asynchttpclient.netty.request.NettyRequestSender - Using pooled Channel '[id: 0xe21f75b0, L:/127.0.0.1:59751 - R:localhost/127.0.0.1:64212]' for 'GET' to 'http://localhost:64212/session/4bb8d4d3cf275761c003999daca7c532/element/31fb2955-c413-4bc7-b7f8-053496fe166f/name'
10:52:34.644 [Forwarding getElementTagName on session 4bb8d4d3cf275761c003999daca7c532 to remote] DEBUG org.asynchttpclient.netty.request.NettyRequestSender - Using open Channel [id: 0xe21f75b0, L:/127.0.0.1:59751 - R:localhost/127.0.0.1:64212] for GET '/session/4bb8d4d3cf275761c003999daca7c532/element/31fb2955-c413-4bc7-b7f8-053496fe166f/name'
10:52:34.652 [AsyncHttpClient-1-5] DEBUG org.asynchttpclient.netty.handler.HttpHandler - 

Request DefaultFullHttpRequest(decodeResult: success, version: HTTP/1.1, content: EmptyByteBufBE)
GET /session/4bb8d4d3cf275761c003999daca7c532/element/31fb2955-c413-4bc7-b7f8-053496fe166f/name HTTP/1.1
User-Agent: selenium/4.1.2 (java windows)
Cache-Control: no-cache
Content-Type: application/json; charset=utf-8
host: localhost:64212
accept: */*

Response DefaultHttpResponse(decodeResult: success, version: HTTP/1.1)
HTTP/1.1 200 OK
Content-Type: application/json; charset=utf-8
cache-control: no-cache
content-length: 13

10:52:34.653 [AsyncHttpClient-1-5] DEBUG org.asynchttpclient.netty.channel.ChannelManager - Adding key: http://localhost:64212 for channel [id: 0xe21f75b0, L:/127.0.0.1:59751 - R:localhost/127.0.0.1:64212]
10:52:34.655 [Forwarding findElement on session 4bb8d4d3cf275761c003999daca7c532 to remote] DEBUG org.asynchttpclient.netty.request.NettyRequestSender - Using pooled Channel '[id: 0xe21f75b0, L:/127.0.0.1:59751 - R:localhost/127.0.0.1:64212]' for 'POST' to 'http://localhost:64212/session/4bb8d4d3cf275761c003999daca7c532/element'
10:52:34.655 [Forwarding findElement on session 4bb8d4d3cf275761c003999daca7c532 to remote] DEBUG org.asynchttpclient.netty.request.NettyRequestSender - Using open Channel [id: 0xe21f75b0, L:/127.0.0.1:59751 - R:localhost/127.0.0.1:64212] for POST '/session/4bb8d4d3cf275761c003999daca7c532/element'
10:52:34.670 [AsyncHttpClient-1-5] DEBUG org.asynchttpclient.netty.handler.HttpHandler - 

Request DefaultHttpRequest(decodeResult: success, version: HTTP/1.1)
POST /session/4bb8d4d3cf275761c003999daca7c532/element HTTP/1.1
User-Agent: selenium/4.1.2 (java windows)
Content-Length: 80
Content-Type: application/json; charset=utf-8
host: localhost:64212
accept: */*

Response DefaultHttpResponse(decodeResult: success, version: HTTP/1.1)
HTTP/1.1 200 OK
Content-Type: application/json; charset=utf-8
cache-control: no-cache
content-length: 88

10:52:34.670 [AsyncHttpClient-1-5] DEBUG org.asynchttpclient.netty.channel.ChannelManager - Adding key: http://localhost:64212 for channel [id: 0xe21f75b0, L:/127.0.0.1:59751 - R:localhost/127.0.0.1:64212]
10:52:34.672 [Forwarding clickElement on session 4bb8d4d3cf275761c003999daca7c532 to remote] DEBUG org.asynchttpclient.netty.request.NettyRequestSender - Using pooled Channel '[id: 0xe21f75b0, L:/127.0.0.1:59751 - R:localhost/127.0.0.1:64212]' for 'POST' to 'http://localhost:64212/session/4bb8d4d3cf275761c003999daca7c532/element/31fb2955-c413-4bc7-b7f8-053496fe166f/click'
10:52:34.672 [Forwarding clickElement on session 4bb8d4d3cf275761c003999daca7c532 to remote] DEBUG org.asynchttpclient.netty.request.NettyRequestSender - Using open Channel [id: 0xe21f75b0, L:/127.0.0.1:59751 - R:localhost/127.0.0.1:64212] for POST '/session/4bb8d4d3cf275761c003999daca7c532/element/31fb2955-c413-4bc7-b7f8-053496fe166f/click'
10:52:34.937 [AsyncHttpClient-1-5] DEBUG org.asynchttpclient.netty.handler.HttpHandler - 

Request DefaultHttpRequest(decodeResult: success, version: HTTP/1.1)
POST /session/4bb8d4d3cf275761c003999daca7c532/element/31fb2955-c413-4bc7-b7f8-053496fe166f/click HTTP/1.1
User-Agent: selenium/4.1.2 (java windows)
Content-Length: 50
Content-Type: application/json; charset=utf-8
host: localhost:64212
accept: */*

Response DefaultHttpResponse(decodeResult: success, version: HTTP/1.1)
HTTP/1.1 200 OK
Content-Type: application/json; charset=utf-8
cache-control: no-cache
content-length: 14

10:52:34.937 [AsyncHttpClient-1-5] DEBUG org.asynchttpclient.netty.channel.ChannelManager - Adding key: http://localhost:64212 for channel [id: 0xe21f75b0, L:/127.0.0.1:59751 - R:localhost/127.0.0.1:64212]
  &amp#27;[32mWhen &amp#27;[0m&amp#27;[32mI go to Book Vaksinasi page&amp#27;[0m         &amp#27;[90m# starter.stepdefinitions.ManageVaccinationBookingsSteps.iGoToBookVaksinasiPage()&amp#27;[0m
10:52:34.951 [Forwarding screenshot on session 4bb8d4d3cf275761c003999daca7c532 to remote] DEBUG org.asynchttpclient.netty.request.NettyRequestSender - Using pooled Channel '[id: 0xe21f75b0, L:/127.0.0.1:59751 - R:localhost/127.0.0.1:64212]' for 'GET' to 'http://localhost:64212/session/4bb8d4d3cf275761c003999daca7c532/screenshot'
10:52:34.951 [Forwarding screenshot on session 4bb8d4d3cf275761c003999daca7c532 to remote] DEBUG org.asynchttpclient.netty.request.NettyRequestSender - Using open Channel [id: 0xe21f75b0, L:/127.0.0.1:59751 - R:localhost/127.0.0.1:64212] for GET '/session/4bb8d4d3cf275761c003999daca7c532/screenshot'
10:52:35.076 [AsyncHttpClient-1-1] DEBUG org.asynchttpclient.netty.channel.DefaultChannelPool - Entry count for : http://localhost:59752 : 1
10:52:35.263 [AsyncHttpClient-1-5] DEBUG org.asynchttpclient.netty.handler.HttpHandler - 

Request DefaultFullHttpRequest(decodeResult: success, version: HTTP/1.1, content: EmptyByteBufBE)
GET /session/4bb8d4d3cf275761c003999daca7c532/screenshot HTTP/1.1
User-Agent: selenium/4.1.2 (java windows)
Cache-Control: no-cache
Content-Type: application/json; charset=utf-8
host: localhost:64212
accept: */*

Response DefaultHttpResponse(decodeResult: success, version: HTTP/1.1)
HTTP/1.1 200 OK
Content-Type: application/json; charset=utf-8
cache-control: no-cache
content-length: 137880

10:52:35.265 [AsyncHttpClient-1-5] DEBUG org.asynchttpclient.netty.channel.ChannelManager - Adding key: http://localhost:64212 for channel [id: 0xe21f75b0, L:/127.0.0.1:59751 - R:localhost/127.0.0.1:64212]
10:52:35.270 [main] DEBUG net.serenitybdd.core.photography.Darkroom - Send negative for processing for target\site\serenity\8065abbc54b0785c34e084172ec2724d074e0723d9b0b2ab82b1ac140ca0ebaf.png
10:52:35.271 [Darkroom Processing Line] DEBUG net.serenitybdd.core.photography.DarkroomProcessingLine - Processing screenshot image in /var/screenshots/screenshot-2604470967282435360
10:52:35.271 [Darkroom Processing Line] DEBUG net.serenitybdd.core.photography.DarkroomProcessingLine - Saving screenshot to target\site\serenity\8065abbc54b0785c34e084172ec2724d074e0723d9b0b2ab82b1ac140ca0ebaf.png
10:52:35.283 [Forwarding findElement on session 4bb8d4d3cf275761c003999daca7c532 to remote] DEBUG org.asynchttpclient.netty.request.NettyRequestSender - Using pooled Channel '[id: 0xe21f75b0, L:/127.0.0.1:59751 - R:localhost/127.0.0.1:64212]' for 'POST' to 'http://localhost:64212/session/4bb8d4d3cf275761c003999daca7c532/element'
10:52:35.283 [Forwarding findElement on session 4bb8d4d3cf275761c003999daca7c532 to remote] DEBUG org.asynchttpclient.netty.request.NettyRequestSender - Using open Channel [id: 0xe21f75b0, L:/127.0.0.1:59751 - R:localhost/127.0.0.1:64212] for POST '/session/4bb8d4d3cf275761c003999daca7c532/element'
10:52:35.388 [AsyncHttpClient-1-5] DEBUG org.asynchttpclient.netty.handler.HttpHandler - 

Request DefaultHttpRequest(decodeResult: success, version: HTTP/1.1)
POST /session/4bb8d4d3cf275761c003999daca7c532/element HTTP/1.1
User-Agent: selenium/4.1.2 (java windows)
Content-Length: 117
Content-Type: application/json; charset=utf-8
host: localhost:64212
accept: */*

Response DefaultHttpResponse(decodeResult: success, version: HTTP/1.1)
HTTP/1.1 200 OK
Content-Type: application/json; charset=utf-8
cache-control: no-cache
content-length: 88

10:52:35.389 [AsyncHttpClient-1-5] DEBUG org.asynchttpclient.netty.channel.ChannelManager - Adding key: http://localhost:64212 for channel [id: 0xe21f75b0, L:/127.0.0.1:59751 - R:localhost/127.0.0.1:64212]
10:52:35.390 [Forwarding getElementTagName on session 4bb8d4d3cf275761c003999daca7c532 to remote] DEBUG org.asynchttpclient.netty.request.NettyRequestSender - Using pooled Channel '[id: 0xe21f75b0, L:/127.0.0.1:59751 - R:localhost/127.0.0.1:64212]' for 'GET' to 'http://localhost:64212/session/4bb8d4d3cf275761c003999daca7c532/element/c0b8aa71-44e8-44b3-b445-1d45211797fa/name'
10:52:35.391 [Forwarding getElementTagName on session 4bb8d4d3cf275761c003999daca7c532 to remote] DEBUG org.asynchttpclient.netty.request.NettyRequestSender - Using open Channel [id: 0xe21f75b0, L:/127.0.0.1:59751 - R:localhost/127.0.0.1:64212] for GET '/session/4bb8d4d3cf275761c003999daca7c532/element/c0b8aa71-44e8-44b3-b445-1d45211797fa/name'
10:52:35.400 [AsyncHttpClient-1-5] DEBUG org.asynchttpclient.netty.handler.HttpHandler - 

Request DefaultFullHttpRequest(decodeResult: success, version: HTTP/1.1, content: EmptyByteBufBE)
GET /session/4bb8d4d3cf275761c003999daca7c532/element/c0b8aa71-44e8-44b3-b445-1d45211797fa/name HTTP/1.1
User-Agent: selenium/4.1.2 (java windows)
Cache-Control: no-cache
Content-Type: application/json; charset=utf-8
host: localhost:64212
accept: */*

Response DefaultHttpResponse(decodeResult: success, version: HTTP/1.1)
HTTP/1.1 200 OK
Content-Type: application/json; charset=utf-8
cache-control: no-cache
content-length: 15

10:52:35.401 [AsyncHttpClient-1-5] DEBUG org.asynchttpclient.netty.channel.ChannelManager - Adding key: http://localhost:64212 for channel [id: 0xe21f75b0, L:/127.0.0.1:59751 - R:localhost/127.0.0.1:64212]
10:52:35.402 [Forwarding getElementTagName on session 4bb8d4d3cf275761c003999daca7c532 to remote] DEBUG org.asynchttpclient.netty.request.NettyRequestSender - Using pooled Channel '[id: 0xe21f75b0, L:/127.0.0.1:59751 - R:localhost/127.0.0.1:64212]' for 'GET' to 'http://localhost:64212/session/4bb8d4d3cf275761c003999daca7c532/element/c0b8aa71-44e8-44b3-b445-1d45211797fa/name'
10:52:35.403 [Forwarding getElementTagName on session 4bb8d4d3cf275761c003999daca7c532 to remote] DEBUG org.asynchttpclient.netty.request.NettyRequestSender - Using open Channel [id: 0xe21f75b0, L:/127.0.0.1:59751 - R:localhost/127.0.0.1:64212] for GET '/session/4bb8d4d3cf275761c003999daca7c532/element/c0b8aa71-44e8-44b3-b445-1d45211797fa/name'
10:52:35.407 [AsyncHttpClient-1-5] DEBUG org.asynchttpclient.netty.handler.HttpHandler - 

Request DefaultFullHttpRequest(decodeResult: success, version: HTTP/1.1, content: EmptyByteBufBE)
GET /session/4bb8d4d3cf275761c003999daca7c532/element/c0b8aa71-44e8-44b3-b445-1d45211797fa/name HTTP/1.1
User-Agent: selenium/4.1.2 (java windows)
Cache-Control: no-cache
Content-Type: application/json; charset=utf-8
host: localhost:64212
accept: */*

Response DefaultHttpResponse(decodeResult: success, version: HTTP/1.1)
HTTP/1.1 200 OK
Content-Type: application/json; charset=utf-8
cache-control: no-cache
content-length: 15

10:52:35.407 [AsyncHttpClient-1-5] DEBUG org.asynchttpclient.netty.channel.ChannelManager - Adding key: http://localhost:64212 for channel [id: 0xe21f75b0, L:/127.0.0.1:59751 - R:localhost/127.0.0.1:64212]
10:52:35.411 [Forwarding findElement on session 4bb8d4d3cf275761c003999daca7c532 to remote] DEBUG org.asynchttpclient.netty.request.NettyRequestSender - Using pooled Channel '[id: 0xe21f75b0, L:/127.0.0.1:59751 - R:localhost/127.0.0.1:64212]' for 'POST' to 'http://localhost:64212/session/4bb8d4d3cf275761c003999daca7c532/element'
10:52:35.411 [Forwarding findElement on session 4bb8d4d3cf275761c003999daca7c532 to remote] DEBUG org.asynchttpclient.netty.request.NettyRequestSender - Using open Channel [id: 0xe21f75b0, L:/127.0.0.1:59751 - R:localhost/127.0.0.1:64212] for POST '/session/4bb8d4d3cf275761c003999daca7c532/element'
10:52:35.421 [AsyncHttpClient-1-5] DEBUG org.asynchttpclient.netty.handler.HttpHandler - 

Request DefaultHttpRequest(decodeResult: success, version: HTTP/1.1)
POST /session/4bb8d4d3cf275761c003999daca7c532/element HTTP/1.1
User-Agent: selenium/4.1.2 (java windows)
Content-Length: 117
Content-Type: application/json; charset=utf-8
host: localhost:64212
accept: */*

Response DefaultHttpResponse(decodeResult: success, version: HTTP/1.1)
HTTP/1.1 200 OK
Content-Type: application/json; charset=utf-8
cache-control: no-cache
content-length: 88

10:52:35.421 [AsyncHttpClient-1-5] DEBUG org.asynchttpclient.netty.channel.ChannelManager - Adding key: http://localhost:64212 for channel [id: 0xe21f75b0, L:/127.0.0.1:59751 - R:localhost/127.0.0.1:64212]
10:52:35.422 [Forwarding clickElement on session 4bb8d4d3cf275761c003999daca7c532 to remote] DEBUG org.asynchttpclient.netty.request.NettyRequestSender - Using pooled Channel '[id: 0xe21f75b0, L:/127.0.0.1:59751 - R:localhost/127.0.0.1:64212]' for 'POST' to 'http://localhost:64212/session/4bb8d4d3cf275761c003999daca7c532/element/c0b8aa71-44e8-44b3-b445-1d45211797fa/click'
10:52:35.422 [Forwarding clickElement on session 4bb8d4d3cf275761c003999daca7c532 to remote] DEBUG org.asynchttpclient.netty.request.NettyRequestSender - Using open Channel [id: 0xe21f75b0, L:/127.0.0.1:59751 - R:localhost/127.0.0.1:64212] for POST '/session/4bb8d4d3cf275761c003999daca7c532/element/c0b8aa71-44e8-44b3-b445-1d45211797fa/click'
10:52:35.618 [AsyncHttpClient-1-5] DEBUG org.asynchttpclient.netty.handler.HttpHandler - 

Request DefaultHttpRequest(decodeResult: success, version: HTTP/1.1)
POST /session/4bb8d4d3cf275761c003999daca7c532/element/c0b8aa71-44e8-44b3-b445-1d45211797fa/click HTTP/1.1
User-Agent: selenium/4.1.2 (java windows)
Content-Length: 50
Content-Type: application/json; charset=utf-8
host: localhost:64212
accept: */*

Response DefaultHttpResponse(decodeResult: success, version: HTTP/1.1)
HTTP/1.1 200 OK
Content-Type: application/json; charset=utf-8
cache-control: no-cache
content-length: 14

10:52:35.618 [AsyncHttpClient-1-5] DEBUG org.asynchttpclient.netty.channel.ChannelManager - Adding key: http://localhost:64212 for channel [id: 0xe21f75b0, L:/127.0.0.1:59751 - R:localhost/127.0.0.1:64212]
  &amp#27;[32mAnd &amp#27;[0m&amp#27;[32mI select a session&amp#27;[0m                   &amp#27;[90m# starter.stepdefinitions.ManageVaccinationBookingsSteps.iSelectASession()&amp#27;[0m
10:52:35.632 [Forwarding screenshot on session 4bb8d4d3cf275761c003999daca7c532 to remote] DEBUG org.asynchttpclient.netty.request.NettyRequestSender - Using pooled Channel '[id: 0xe21f75b0, L:/127.0.0.1:59751 - R:localhost/127.0.0.1:64212]' for 'GET' to 'http://localhost:64212/session/4bb8d4d3cf275761c003999daca7c532/screenshot'
10:52:35.632 [Forwarding screenshot on session 4bb8d4d3cf275761c003999daca7c532 to remote] DEBUG org.asynchttpclient.netty.request.NettyRequestSender - Using open Channel [id: 0xe21f75b0, L:/127.0.0.1:59751 - R:localhost/127.0.0.1:64212] for GET '/session/4bb8d4d3cf275761c003999daca7c532/screenshot'
10:52:35.987 [AsyncHttpClient-1-5] DEBUG org.asynchttpclient.netty.handler.HttpHandler - 

Request DefaultFullHttpRequest(decodeResult: success, version: HTTP/1.1, content: EmptyByteBufBE)
GET /session/4bb8d4d3cf275761c003999daca7c532/screenshot HTTP/1.1
User-Agent: selenium/4.1.2 (java windows)
Cache-Control: no-cache
Content-Type: application/json; charset=utf-8
host: localhost:64212
accept: */*

Response DefaultHttpResponse(decodeResult: success, version: HTTP/1.1)
HTTP/1.1 200 OK
Content-Type: application/json; charset=utf-8
cache-control: no-cache
content-length: 150020

10:52:35.988 [AsyncHttpClient-1-5] DEBUG org.asynchttpclient.netty.channel.ChannelManager - Adding key: http://localhost:64212 for channel [id: 0xe21f75b0, L:/127.0.0.1:59751 - R:localhost/127.0.0.1:64212]
10:52:35.995 [main] DEBUG net.serenitybdd.core.photography.Darkroom - Send negative for processing for target\site\serenity\a33d0094aefaafa1edea7d4c1181a809107f0a758f7a948cca7aa087bcc3401f.png
10:52:35.995 [Darkroom Processing Line] DEBUG net.serenitybdd.core.photography.DarkroomProcessingLine - Processing screenshot image in /var/screenshots/screenshot-11218168648041893223
10:52:35.995 [Darkroom Processing Line] DEBUG net.serenitybdd.core.photography.DarkroomProcessingLine - Saving screenshot to target\site\serenity\a33d0094aefaafa1edea7d4c1181a809107f0a758f7a948cca7aa087bcc3401f.png
10:52:36.011 [Forwarding findElement on session 4bb8d4d3cf275761c003999daca7c532 to remote] DEBUG org.asynchttpclient.netty.request.NettyRequestSender - Using pooled Channel '[id: 0xe21f75b0, L:/127.0.0.1:59751 - R:localhost/127.0.0.1:64212]' for 'POST' to 'http://localhost:64212/session/4bb8d4d3cf275761c003999daca7c532/element'
10:52:36.011 [Forwarding findElement on session 4bb8d4d3cf275761c003999daca7c532 to remote] DEBUG org.asynchttpclient.netty.request.NettyRequestSender - Using open Channel [id: 0xe21f75b0, L:/127.0.0.1:59751 - R:localhost/127.0.0.1:64212] for POST '/session/4bb8d4d3cf275761c003999daca7c532/element'
10:52:36.030 [AsyncHttpClient-1-5] DEBUG org.asynchttpclient.netty.handler.HttpHandler - 

Request DefaultHttpRequest(decodeResult: success, version: HTTP/1.1)
POST /session/4bb8d4d3cf275761c003999daca7c532/element HTTP/1.1
User-Agent: selenium/4.1.2 (java windows)
Content-Length: 85
Content-Type: application/json; charset=utf-8
host: localhost:64212
accept: */*

Response DefaultHttpResponse(decodeResult: success, version: HTTP/1.1)
HTTP/1.1 200 OK
Content-Type: application/json; charset=utf-8
cache-control: no-cache
content-length: 88

10:52:36.030 [AsyncHttpClient-1-5] DEBUG org.asynchttpclient.netty.channel.ChannelManager - Adding key: http://localhost:64212 for channel [id: 0xe21f75b0, L:/127.0.0.1:59751 - R:localhost/127.0.0.1:64212]
10:52:36.032 [Forwarding getElementTagName on session 4bb8d4d3cf275761c003999daca7c532 to remote] DEBUG org.asynchttpclient.netty.request.NettyRequestSender - Using pooled Channel '[id: 0xe21f75b0, L:/127.0.0.1:59751 - R:localhost/127.0.0.1:64212]' for 'GET' to 'http://localhost:64212/session/4bb8d4d3cf275761c003999daca7c532/element/12afbcce-f639-4cfe-9110-d229730d022e/name'
10:52:36.032 [Forwarding getElementTagName on session 4bb8d4d3cf275761c003999daca7c532 to remote] DEBUG org.asynchttpclient.netty.request.NettyRequestSender - Using open Channel [id: 0xe21f75b0, L:/127.0.0.1:59751 - R:localhost/127.0.0.1:64212] for GET '/session/4bb8d4d3cf275761c003999daca7c532/element/12afbcce-f639-4cfe-9110-d229730d022e/name'
10:52:36.037 [AsyncHttpClient-1-5] DEBUG org.asynchttpclient.netty.handler.HttpHandler - 

Request DefaultFullHttpRequest(decodeResult: success, version: HTTP/1.1, content: EmptyByteBufBE)
GET /session/4bb8d4d3cf275761c003999daca7c532/element/12afbcce-f639-4cfe-9110-d229730d022e/name HTTP/1.1
User-Agent: selenium/4.1.2 (java windows)
Cache-Control: no-cache
Content-Type: application/json; charset=utf-8
host: localhost:64212
accept: */*

Response DefaultHttpResponse(decodeResult: success, version: HTTP/1.1)
HTTP/1.1 200 OK
Content-Type: application/json; charset=utf-8
cache-control: no-cache
content-length: 17

10:52:36.037 [AsyncHttpClient-1-5] DEBUG org.asynchttpclient.netty.channel.ChannelManager - Adding key: http://localhost:64212 for channel [id: 0xe21f75b0, L:/127.0.0.1:59751 - R:localhost/127.0.0.1:64212]
10:52:36.038 [Forwarding getElementTagName on session 4bb8d4d3cf275761c003999daca7c532 to remote] DEBUG org.asynchttpclient.netty.request.NettyRequestSender - Using pooled Channel '[id: 0xe21f75b0, L:/127.0.0.1:59751 - R:localhost/127.0.0.1:64212]' for 'GET' to 'http://localhost:64212/session/4bb8d4d3cf275761c003999daca7c532/element/12afbcce-f639-4cfe-9110-d229730d022e/name'
10:52:36.038 [Forwarding getElementTagName on session 4bb8d4d3cf275761c003999daca7c532 to remote] DEBUG org.asynchttpclient.netty.request.NettyRequestSender - Using open Channel [id: 0xe21f75b0, L:/127.0.0.1:59751 - R:localhost/127.0.0.1:64212] for GET '/session/4bb8d4d3cf275761c003999daca7c532/element/12afbcce-f639-4cfe-9110-d229730d022e/name'
10:52:36.046 [AsyncHttpClient-1-5] DEBUG org.asynchttpclient.netty.handler.HttpHandler - 

Request DefaultFullHttpRequest(decodeResult: success, version: HTTP/1.1, content: EmptyByteBufBE)
GET /session/4bb8d4d3cf275761c003999daca7c532/element/12afbcce-f639-4cfe-9110-d229730d022e/name HTTP/1.1
User-Agent: selenium/4.1.2 (java windows)
Cache-Control: no-cache
Content-Type: application/json; charset=utf-8
host: localhost:64212
accept: */*

Response DefaultHttpResponse(decodeResult: success, version: HTTP/1.1)
HTTP/1.1 200 OK
Content-Type: application/json; charset=utf-8
cache-control: no-cache
content-length: 17

10:52:36.046 [AsyncHttpClient-1-5] DEBUG org.asynchttpclient.netty.channel.ChannelManager - Adding key: http://localhost:64212 for channel [id: 0xe21f75b0, L:/127.0.0.1:59751 - R:localhost/127.0.0.1:64212]
10:52:36.049 [Forwarding isElementEnabled on session 4bb8d4d3cf275761c003999daca7c532 to remote] DEBUG org.asynchttpclient.netty.request.NettyRequestSender - Using pooled Channel '[id: 0xe21f75b0, L:/127.0.0.1:59751 - R:localhost/127.0.0.1:64212]' for 'GET' to 'http://localhost:64212/session/4bb8d4d3cf275761c003999daca7c532/element/12afbcce-f639-4cfe-9110-d229730d022e/enabled'
10:52:36.049 [Forwarding isElementEnabled on session 4bb8d4d3cf275761c003999daca7c532 to remote] DEBUG org.asynchttpclient.netty.request.NettyRequestSender - Using open Channel [id: 0xe21f75b0, L:/127.0.0.1:59751 - R:localhost/127.0.0.1:64212] for GET '/session/4bb8d4d3cf275761c003999daca7c532/element/12afbcce-f639-4cfe-9110-d229730d022e/enabled'
10:52:36.062 [AsyncHttpClient-1-5] DEBUG org.asynchttpclient.netty.handler.HttpHandler - 

Request DefaultFullHttpRequest(decodeResult: success, version: HTTP/1.1, content: EmptyByteBufBE)
GET /session/4bb8d4d3cf275761c003999daca7c532/element/12afbcce-f639-4cfe-9110-d229730d022e/enabled HTTP/1.1
User-Agent: selenium/4.1.2 (java windows)
Cache-Control: no-cache
Content-Type: application/json; charset=utf-8
host: localhost:64212
accept: */*

Response DefaultHttpResponse(decodeResult: success, version: HTTP/1.1)
HTTP/1.1 200 OK
Content-Type: application/json; charset=utf-8
cache-control: no-cache
content-length: 14

10:52:36.062 [AsyncHttpClient-1-5] DEBUG org.asynchttpclient.netty.channel.ChannelManager - Adding key: http://localhost:64212 for channel [id: 0xe21f75b0, L:/127.0.0.1:59751 - R:localhost/127.0.0.1:64212]
10:52:36.065 [Forwarding isElementEnabled on session 4bb8d4d3cf275761c003999daca7c532 to remote] DEBUG org.asynchttpclient.netty.request.NettyRequestSender - Using pooled Channel '[id: 0xe21f75b0, L:/127.0.0.1:59751 - R:localhost/127.0.0.1:64212]' for 'GET' to 'http://localhost:64212/session/4bb8d4d3cf275761c003999daca7c532/element/12afbcce-f639-4cfe-9110-d229730d022e/enabled'
10:52:36.065 [Forwarding isElementEnabled on session 4bb8d4d3cf275761c003999daca7c532 to remote] DEBUG org.asynchttpclient.netty.request.NettyRequestSender - Using open Channel [id: 0xe21f75b0, L:/127.0.0.1:59751 - R:localhost/127.0.0.1:64212] for GET '/session/4bb8d4d3cf275761c003999daca7c532/element/12afbcce-f639-4cfe-9110-d229730d022e/enabled'
10:52:36.074 [AsyncHttpClient-1-5] DEBUG org.asynchttpclient.netty.handler.HttpHandler - 

Request DefaultFullHttpRequest(decodeResult: success, version: HTTP/1.1, content: EmptyByteBufBE)
GET /session/4bb8d4d3cf275761c003999daca7c532/element/12afbcce-f639-4cfe-9110-d229730d022e/enabled HTTP/1.1
User-Agent: selenium/4.1.2 (java windows)
Cache-Control: no-cache
Content-Type: application/json; charset=utf-8
host: localhost:64212
accept: */*

Response DefaultHttpResponse(decodeResult: success, version: HTTP/1.1)
HTTP/1.1 200 OK
Content-Type: application/json; charset=utf-8
cache-control: no-cache
content-length: 14

10:52:36.074 [AsyncHttpClient-1-5] DEBUG org.asynchttpclient.netty.channel.ChannelManager - Adding key: http://localhost:64212 for channel [id: 0xe21f75b0, L:/127.0.0.1:59751 - R:localhost/127.0.0.1:64212]
10:52:36.078 [Forwarding findElement on session 4bb8d4d3cf275761c003999daca7c532 to remote] DEBUG org.asynchttpclient.netty.request.NettyRequestSender - Using pooled Channel '[id: 0xe21f75b0, L:/127.0.0.1:59751 - R:localhost/127.0.0.1:64212]' for 'POST' to 'http://localhost:64212/session/4bb8d4d3cf275761c003999daca7c532/element'
10:52:36.078 [Forwarding findElement on session 4bb8d4d3cf275761c003999daca7c532 to remote] DEBUG org.asynchttpclient.netty.request.NettyRequestSender - Using open Channel [id: 0xe21f75b0, L:/127.0.0.1:59751 - R:localhost/127.0.0.1:64212] for POST '/session/4bb8d4d3cf275761c003999daca7c532/element'
10:52:36.091 [AsyncHttpClient-1-5] DEBUG org.asynchttpclient.netty.handler.HttpHandler - 

Request DefaultHttpRequest(decodeResult: success, version: HTTP/1.1)
POST /session/4bb8d4d3cf275761c003999daca7c532/element HTTP/1.1
User-Agent: selenium/4.1.2 (java windows)
Content-Length: 85
Content-Type: application/json; charset=utf-8
host: localhost:64212
accept: */*

Response DefaultHttpResponse(decodeResult: success, version: HTTP/1.1)
HTTP/1.1 200 OK
Content-Type: application/json; charset=utf-8
cache-control: no-cache
content-length: 88

10:52:36.092 [AsyncHttpClient-1-5] DEBUG org.asynchttpclient.netty.channel.ChannelManager - Adding key: http://localhost:64212 for channel [id: 0xe21f75b0, L:/127.0.0.1:59751 - R:localhost/127.0.0.1:64212]
10:52:36.097 [Forwarding clickElement on session 4bb8d4d3cf275761c003999daca7c532 to remote] DEBUG org.asynchttpclient.netty.request.NettyRequestSender - Using pooled Channel '[id: 0xe21f75b0, L:/127.0.0.1:59751 - R:localhost/127.0.0.1:64212]' for 'POST' to 'http://localhost:64212/session/4bb8d4d3cf275761c003999daca7c532/element/12afbcce-f639-4cfe-9110-d229730d022e/click'
10:52:36.097 [Forwarding clickElement on session 4bb8d4d3cf275761c003999daca7c532 to remote] DEBUG org.asynchttpclient.netty.request.NettyRequestSender - Using open Channel [id: 0xe21f75b0, L:/127.0.0.1:59751 - R:localhost/127.0.0.1:64212] for POST '/session/4bb8d4d3cf275761c003999daca7c532/element/12afbcce-f639-4cfe-9110-d229730d022e/click'
10:52:36.176 [AsyncHttpClient-1-1] DEBUG org.asynchttpclient.netty.channel.DefaultChannelPool - Entry count for : http://localhost:59752 : 1
10:52:36.236 [AsyncHttpClient-1-5] DEBUG org.asynchttpclient.netty.handler.HttpHandler - 

Request DefaultHttpRequest(decodeResult: success, version: HTTP/1.1)
POST /session/4bb8d4d3cf275761c003999daca7c532/element/12afbcce-f639-4cfe-9110-d229730d022e/click HTTP/1.1
User-Agent: selenium/4.1.2 (java windows)
Content-Length: 50
Content-Type: application/json; charset=utf-8
host: localhost:64212
accept: */*

Response DefaultHttpResponse(decodeResult: success, version: HTTP/1.1)
HTTP/1.1 200 OK
Content-Type: application/json; charset=utf-8
cache-control: no-cache
content-length: 14

10:52:36.236 [AsyncHttpClient-1-5] DEBUG org.asynchttpclient.netty.channel.ChannelManager - Adding key: http://localhost:64212 for channel [id: 0xe21f75b0, L:/127.0.0.1:59751 - R:localhost/127.0.0.1:64212]
  &amp#27;[32mAnd &amp#27;[0m&amp#27;[32mI select all bookings&amp#27;[0m                &amp#27;[90m# starter.stepdefinitions.ManageVaccinationBookingsSteps.iSelectAllBookings()&amp#27;[0m
10:52:36.248 [Forwarding screenshot on session 4bb8d4d3cf275761c003999daca7c532 to remote] DEBUG org.asynchttpclient.netty.request.NettyRequestSender - Using pooled Channel '[id: 0xe21f75b0, L:/127.0.0.1:59751 - R:localhost/127.0.0.1:64212]' for 'GET' to 'http://localhost:64212/session/4bb8d4d3cf275761c003999daca7c532/screenshot'
10:52:36.248 [Forwarding screenshot on session 4bb8d4d3cf275761c003999daca7c532 to remote] DEBUG org.asynchttpclient.netty.request.NettyRequestSender - Using open Channel [id: 0xe21f75b0, L:/127.0.0.1:59751 - R:localhost/127.0.0.1:64212] for GET '/session/4bb8d4d3cf275761c003999daca7c532/screenshot'
10:52:36.490 [AsyncHttpClient-1-5] DEBUG org.asynchttpclient.netty.handler.HttpHandler - 

Request DefaultFullHttpRequest(decodeResult: success, version: HTTP/1.1, content: EmptyByteBufBE)
GET /session/4bb8d4d3cf275761c003999daca7c532/screenshot HTTP/1.1
User-Agent: selenium/4.1.2 (java windows)
Cache-Control: no-cache
Content-Type: application/json; charset=utf-8
host: localhost:64212
accept: */*

Response DefaultHttpResponse(decodeResult: success, version: HTTP/1.1)
HTTP/1.1 200 OK
Content-Type: application/json; charset=utf-8
cache-control: no-cache
content-length: 189780

10:52:36.491 [AsyncHttpClient-1-5] DEBUG org.asynchttpclient.netty.channel.ChannelManager - Adding key: http://localhost:64212 for channel [id: 0xe21f75b0, L:/127.0.0.1:59751 - R:localhost/127.0.0.1:64212]
10:52:36.497 [main] DEBUG net.serenitybdd.core.photography.Darkroom - Send negative for processing for target\site\serenity\80e9c7089df236314175398fe65cb3764e02bbf44406fed87c9d997a18561b92.png
10:52:36.498 [Darkroom Processing Line] DEBUG net.serenitybdd.core.photography.DarkroomProcessingLine - Processing screenshot image in /var/screenshots/screenshot-1247793307547916196
10:52:36.498 [Darkroom Processing Line] DEBUG net.serenitybdd.core.photography.DarkroomProcessingLine - Saving screenshot to target\site\serenity\80e9c7089df236314175398fe65cb3764e02bbf44406fed87c9d997a18561b92.png
10:52:36.507 [Forwarding findElement on session 4bb8d4d3cf275761c003999daca7c532 to remote] DEBUG org.asynchttpclient.netty.request.NettyRequestSender - Using pooled Channel '[id: 0xe21f75b0, L:/127.0.0.1:59751 - R:localhost/127.0.0.1:64212]' for 'POST' to 'http://localhost:64212/session/4bb8d4d3cf275761c003999daca7c532/element'
10:52:36.507 [Forwarding findElement on session 4bb8d4d3cf275761c003999daca7c532 to remote] DEBUG org.asynchttpclient.netty.request.NettyRequestSender - Using open Channel [id: 0xe21f75b0, L:/127.0.0.1:59751 - R:localhost/127.0.0.1:64212] for POST '/session/4bb8d4d3cf275761c003999daca7c532/element'
10:52:36.519 [AsyncHttpClient-1-5] DEBUG org.asynchttpclient.netty.handler.HttpHandler - 

Request DefaultHttpRequest(decodeResult: success, version: HTTP/1.1)
POST /session/4bb8d4d3cf275761c003999daca7c532/element HTTP/1.1
User-Agent: selenium/4.1.2 (java windows)
Content-Length: 315
Content-Type: application/json; charset=utf-8
host: localhost:64212
accept: */*

Response DefaultHttpResponse(decodeResult: success, version: HTTP/1.1)
HTTP/1.1 200 OK
Content-Type: application/json; charset=utf-8
cache-control: no-cache
content-length: 88

10:52:36.519 [AsyncHttpClient-1-5] DEBUG org.asynchttpclient.netty.channel.ChannelManager - Adding key: http://localhost:64212 for channel [id: 0xe21f75b0, L:/127.0.0.1:59751 - R:localhost/127.0.0.1:64212]
10:52:36.520 [Forwarding getElementTagName on session 4bb8d4d3cf275761c003999daca7c532 to remote] DEBUG org.asynchttpclient.netty.request.NettyRequestSender - Using pooled Channel '[id: 0xe21f75b0, L:/127.0.0.1:59751 - R:localhost/127.0.0.1:64212]' for 'GET' to 'http://localhost:64212/session/4bb8d4d3cf275761c003999daca7c532/element/cfb93ee5-fc57-49a4-892a-c81123ac478e/name'
10:52:36.520 [Forwarding getElementTagName on session 4bb8d4d3cf275761c003999daca7c532 to remote] DEBUG org.asynchttpclient.netty.request.NettyRequestSender - Using open Channel [id: 0xe21f75b0, L:/127.0.0.1:59751 - R:localhost/127.0.0.1:64212] for GET '/session/4bb8d4d3cf275761c003999daca7c532/element/cfb93ee5-fc57-49a4-892a-c81123ac478e/name'
10:52:36.526 [AsyncHttpClient-1-5] DEBUG org.asynchttpclient.netty.handler.HttpHandler - 

Request DefaultFullHttpRequest(decodeResult: success, version: HTTP/1.1, content: EmptyByteBufBE)
GET /session/4bb8d4d3cf275761c003999daca7c532/element/cfb93ee5-fc57-49a4-892a-c81123ac478e/name HTTP/1.1
User-Agent: selenium/4.1.2 (java windows)
Cache-Control: no-cache
Content-Type: application/json; charset=utf-8
host: localhost:64212
accept: */*

Response DefaultHttpResponse(decodeResult: success, version: HTTP/1.1)
HTTP/1.1 200 OK
Content-Type: application/json; charset=utf-8
cache-control: no-cache
content-length: 18

10:52:36.527 [AsyncHttpClient-1-5] DEBUG org.asynchttpclient.netty.channel.ChannelManager - Adding key: http://localhost:64212 for channel [id: 0xe21f75b0, L:/127.0.0.1:59751 - R:localhost/127.0.0.1:64212]
10:52:36.531 [Forwarding getElementTagName on session 4bb8d4d3cf275761c003999daca7c532 to remote] DEBUG org.asynchttpclient.netty.request.NettyRequestSender - Using pooled Channel '[id: 0xe21f75b0, L:/127.0.0.1:59751 - R:localhost/127.0.0.1:64212]' for 'GET' to 'http://localhost:64212/session/4bb8d4d3cf275761c003999daca7c532/element/cfb93ee5-fc57-49a4-892a-c81123ac478e/name'
10:52:36.532 [Forwarding getElementTagName on session 4bb8d4d3cf275761c003999daca7c532 to remote] DEBUG org.asynchttpclient.netty.request.NettyRequestSender - Using open Channel [id: 0xe21f75b0, L:/127.0.0.1:59751 - R:localhost/127.0.0.1:64212] for GET '/session/4bb8d4d3cf275761c003999daca7c532/element/cfb93ee5-fc57-49a4-892a-c81123ac478e/name'
10:52:36.536 [AsyncHttpClient-1-5] DEBUG org.asynchttpclient.netty.handler.HttpHandler - 

Request DefaultFullHttpRequest(decodeResult: success, version: HTTP/1.1, content: EmptyByteBufBE)
GET /session/4bb8d4d3cf275761c003999daca7c532/element/cfb93ee5-fc57-49a4-892a-c81123ac478e/name HTTP/1.1
User-Agent: selenium/4.1.2 (java windows)
Cache-Control: no-cache
Content-Type: application/json; charset=utf-8
host: localhost:64212
accept: */*

Response DefaultHttpResponse(decodeResult: success, version: HTTP/1.1)
HTTP/1.1 200 OK
Content-Type: application/json; charset=utf-8
cache-control: no-cache
content-length: 18

10:52:36.536 [AsyncHttpClient-1-5] DEBUG org.asynchttpclient.netty.channel.ChannelManager - Adding key: http://localhost:64212 for channel [id: 0xe21f75b0, L:/127.0.0.1:59751 - R:localhost/127.0.0.1:64212]
10:52:36.538 [Forwarding isElementEnabled on session 4bb8d4d3cf275761c003999daca7c532 to remote] DEBUG org.asynchttpclient.netty.request.NettyRequestSender - Using pooled Channel '[id: 0xe21f75b0, L:/127.0.0.1:59751 - R:localhost/127.0.0.1:64212]' for 'GET' to 'http://localhost:64212/session/4bb8d4d3cf275761c003999daca7c532/element/cfb93ee5-fc57-49a4-892a-c81123ac478e/enabled'
10:52:36.538 [Forwarding isElementEnabled on session 4bb8d4d3cf275761c003999daca7c532 to remote] DEBUG org.asynchttpclient.netty.request.NettyRequestSender - Using open Channel [id: 0xe21f75b0, L:/127.0.0.1:59751 - R:localhost/127.0.0.1:64212] for GET '/session/4bb8d4d3cf275761c003999daca7c532/element/cfb93ee5-fc57-49a4-892a-c81123ac478e/enabled'
10:52:36.550 [AsyncHttpClient-1-5] DEBUG org.asynchttpclient.netty.handler.HttpHandler - 

Request DefaultFullHttpRequest(decodeResult: success, version: HTTP/1.1, content: EmptyByteBufBE)
GET /session/4bb8d4d3cf275761c003999daca7c532/element/cfb93ee5-fc57-49a4-892a-c81123ac478e/enabled HTTP/1.1
User-Agent: selenium/4.1.2 (java windows)
Cache-Control: no-cache
Content-Type: application/json; charset=utf-8
host: localhost:64212
accept: */*

Response DefaultHttpResponse(decodeResult: success, version: HTTP/1.1)
HTTP/1.1 200 OK
Content-Type: application/json; charset=utf-8
cache-control: no-cache
content-length: 14

10:52:36.550 [AsyncHttpClient-1-5] DEBUG org.asynchttpclient.netty.channel.ChannelManager - Adding key: http://localhost:64212 for channel [id: 0xe21f75b0, L:/127.0.0.1:59751 - R:localhost/127.0.0.1:64212]
10:52:36.552 [Forwarding isElementEnabled on session 4bb8d4d3cf275761c003999daca7c532 to remote] DEBUG org.asynchttpclient.netty.request.NettyRequestSender - Using pooled Channel '[id: 0xe21f75b0, L:/127.0.0.1:59751 - R:localhost/127.0.0.1:64212]' for 'GET' to 'http://localhost:64212/session/4bb8d4d3cf275761c003999daca7c532/element/cfb93ee5-fc57-49a4-892a-c81123ac478e/enabled'
10:52:36.552 [Forwarding isElementEnabled on session 4bb8d4d3cf275761c003999daca7c532 to remote] DEBUG org.asynchttpclient.netty.request.NettyRequestSender - Using open Channel [id: 0xe21f75b0, L:/127.0.0.1:59751 - R:localhost/127.0.0.1:64212] for GET '/session/4bb8d4d3cf275761c003999daca7c532/element/cfb93ee5-fc57-49a4-892a-c81123ac478e/enabled'
10:52:36.561 [AsyncHttpClient-1-5] DEBUG org.asynchttpclient.netty.handler.HttpHandler - 

Request DefaultFullHttpRequest(decodeResult: success, version: HTTP/1.1, content: EmptyByteBufBE)
GET /session/4bb8d4d3cf275761c003999daca7c532/element/cfb93ee5-fc57-49a4-892a-c81123ac478e/enabled HTTP/1.1
User-Agent: selenium/4.1.2 (java windows)
Cache-Control: no-cache
Content-Type: application/json; charset=utf-8
host: localhost:64212
accept: */*

Response DefaultHttpResponse(decodeResult: success, version: HTTP/1.1)
HTTP/1.1 200 OK
Content-Type: application/json; charset=utf-8
cache-control: no-cache
content-length: 14

10:52:36.562 [AsyncHttpClient-1-5] DEBUG org.asynchttpclient.netty.channel.ChannelManager - Adding key: http://localhost:64212 for channel [id: 0xe21f75b0, L:/127.0.0.1:59751 - R:localhost/127.0.0.1:64212]
10:52:36.565 [Forwarding findElement on session 4bb8d4d3cf275761c003999daca7c532 to remote] DEBUG org.asynchttpclient.netty.request.NettyRequestSender - Using pooled Channel '[id: 0xe21f75b0, L:/127.0.0.1:59751 - R:localhost/127.0.0.1:64212]' for 'POST' to 'http://localhost:64212/session/4bb8d4d3cf275761c003999daca7c532/element'
10:52:36.565 [Forwarding findElement on session 4bb8d4d3cf275761c003999daca7c532 to remote] DEBUG org.asynchttpclient.netty.request.NettyRequestSender - Using open Channel [id: 0xe21f75b0, L:/127.0.0.1:59751 - R:localhost/127.0.0.1:64212] for POST '/session/4bb8d4d3cf275761c003999daca7c532/element'
10:52:36.571 [AsyncHttpClient-1-5] DEBUG org.asynchttpclient.netty.handler.HttpHandler - 

Request DefaultHttpRequest(decodeResult: success, version: HTTP/1.1)
POST /session/4bb8d4d3cf275761c003999daca7c532/element HTTP/1.1
User-Agent: selenium/4.1.2 (java windows)
Content-Length: 315
Content-Type: application/json; charset=utf-8
host: localhost:64212
accept: */*

Response DefaultHttpResponse(decodeResult: success, version: HTTP/1.1)
HTTP/1.1 200 OK
Content-Type: application/json; charset=utf-8
cache-control: no-cache
content-length: 88

10:52:36.571 [AsyncHttpClient-1-5] DEBUG org.asynchttpclient.netty.channel.ChannelManager - Adding key: http://localhost:64212 for channel [id: 0xe21f75b0, L:/127.0.0.1:59751 - R:localhost/127.0.0.1:64212]
10:52:36.573 [Forwarding clickElement on session 4bb8d4d3cf275761c003999daca7c532 to remote] DEBUG org.asynchttpclient.netty.request.NettyRequestSender - Using pooled Channel '[id: 0xe21f75b0, L:/127.0.0.1:59751 - R:localhost/127.0.0.1:64212]' for 'POST' to 'http://localhost:64212/session/4bb8d4d3cf275761c003999daca7c532/element/cfb93ee5-fc57-49a4-892a-c81123ac478e/click'
10:52:36.573 [Forwarding clickElement on session 4bb8d4d3cf275761c003999daca7c532 to remote] DEBUG org.asynchttpclient.netty.request.NettyRequestSender - Using open Channel [id: 0xe21f75b0, L:/127.0.0.1:59751 - R:localhost/127.0.0.1:64212] for POST '/session/4bb8d4d3cf275761c003999daca7c532/element/cfb93ee5-fc57-49a4-892a-c81123ac478e/click'
10:52:36.686 [AsyncHttpClient-1-5] DEBUG org.asynchttpclient.netty.handler.HttpHandler - 

Request DefaultHttpRequest(decodeResult: success, version: HTTP/1.1)
POST /session/4bb8d4d3cf275761c003999daca7c532/element/cfb93ee5-fc57-49a4-892a-c81123ac478e/click HTTP/1.1
User-Agent: selenium/4.1.2 (java windows)
Content-Length: 50
Content-Type: application/json; charset=utf-8
host: localhost:64212
accept: */*

Response DefaultHttpResponse(decodeResult: success, version: HTTP/1.1)
HTTP/1.1 200 OK
Content-Type: application/json; charset=utf-8
cache-control: no-cache
content-length: 14

10:52:36.687 [AsyncHttpClient-1-5] DEBUG org.asynchttpclient.netty.channel.ChannelManager - Adding key: http://localhost:64212 for channel [id: 0xe21f75b0, L:/127.0.0.1:59751 - R:localhost/127.0.0.1:64212]
  &amp#27;[32mAnd &amp#27;[0m&amp#27;[32mI click Terima Semua button&amp#27;[0m          &amp#27;[90m# starter.stepdefinitions.ManageVaccinationBookingsSteps.iClickTerimaSemuaButton()&amp#27;[0m
10:52:36.697 [Forwarding screenshot on session 4bb8d4d3cf275761c003999daca7c532 to remote] DEBUG org.asynchttpclient.netty.request.NettyRequestSender - Using pooled Channel '[id: 0xe21f75b0, L:/127.0.0.1:59751 - R:localhost/127.0.0.1:64212]' for 'GET' to 'http://localhost:64212/session/4bb8d4d3cf275761c003999daca7c532/screenshot'
10:52:36.698 [Forwarding screenshot on session 4bb8d4d3cf275761c003999daca7c532 to remote] DEBUG org.asynchttpclient.netty.request.NettyRequestSender - Using open Channel [id: 0xe21f75b0, L:/127.0.0.1:59751 - R:localhost/127.0.0.1:64212] for GET '/session/4bb8d4d3cf275761c003999daca7c532/screenshot'
10:52:36.966 [AsyncHttpClient-1-5] DEBUG org.asynchttpclient.netty.handler.HttpHandler - 

Request DefaultFullHttpRequest(decodeResult: success, version: HTTP/1.1, content: EmptyByteBufBE)
GET /session/4bb8d4d3cf275761c003999daca7c532/screenshot HTTP/1.1
User-Agent: selenium/4.1.2 (java windows)
Cache-Control: no-cache
Content-Type: application/json; charset=utf-8
host: localhost:64212
accept: */*

Response DefaultHttpResponse(decodeResult: success, version: HTTP/1.1)
HTTP/1.1 200 OK
Content-Type: application/json; charset=utf-8
cache-control: no-cache
content-length: 167732

10:52:36.966 [AsyncHttpClient-1-5] DEBUG org.asynchttpclient.netty.channel.ChannelManager - Adding key: http://localhost:64212 for channel [id: 0xe21f75b0, L:/127.0.0.1:59751 - R:localhost/127.0.0.1:64212]
10:52:36.971 [main] DEBUG net.serenitybdd.core.photography.Darkroom - Send negative for processing for target\site\serenity\21acc738e6cc81a4eabdf90b4779ae79292e8f4381fadae9d68e86d0230a01b3.png
10:52:36.972 [Darkroom Processing Line] DEBUG net.serenitybdd.core.photography.DarkroomProcessingLine - Processing screenshot image in /var/screenshots/screenshot-10214174651810436682
10:52:36.972 [Darkroom Processing Line] DEBUG net.serenitybdd.core.photography.DarkroomProcessingLine - Saving screenshot to target\site\serenity\21acc738e6cc81a4eabdf90b4779ae79292e8f4381fadae9d68e86d0230a01b3.png
10:52:36.986 [Forwarding findElement on session 4bb8d4d3cf275761c003999daca7c532 to remote] DEBUG org.asynchttpclient.netty.request.NettyRequestSender - Using pooled Channel '[id: 0xe21f75b0, L:/127.0.0.1:59751 - R:localhost/127.0.0.1:64212]' for 'POST' to 'http://localhost:64212/session/4bb8d4d3cf275761c003999daca7c532/element'
10:52:36.986 [Forwarding findElement on session 4bb8d4d3cf275761c003999daca7c532 to remote] DEBUG org.asynchttpclient.netty.request.NettyRequestSender - Using open Channel [id: 0xe21f75b0, L:/127.0.0.1:59751 - R:localhost/127.0.0.1:64212] for POST '/session/4bb8d4d3cf275761c003999daca7c532/element'
10:52:37.019 [AsyncHttpClient-1-5] DEBUG org.asynchttpclient.netty.handler.HttpHandler - 

Request DefaultHttpRequest(decodeResult: success, version: HTTP/1.1)
POST /session/4bb8d4d3cf275761c003999daca7c532/element HTTP/1.1
User-Agent: selenium/4.1.2 (java windows)
Content-Length: 172
Content-Type: application/json; charset=utf-8
host: localhost:64212
accept: */*

Response DefaultHttpResponse(decodeResult: success, version: HTTP/1.1)
HTTP/1.1 200 OK
Content-Type: application/json; charset=utf-8
cache-control: no-cache
content-length: 88

10:52:37.019 [AsyncHttpClient-1-5] DEBUG org.asynchttpclient.netty.channel.ChannelManager - Adding key: http://localhost:64212 for channel [id: 0xe21f75b0, L:/127.0.0.1:59751 - R:localhost/127.0.0.1:64212]
10:52:37.024 [Forwarding isElementDisplayed on session 4bb8d4d3cf275761c003999daca7c532 to remote] DEBUG org.asynchttpclient.netty.request.NettyRequestSender - Using pooled Channel '[id: 0xe21f75b0, L:/127.0.0.1:59751 - R:localhost/127.0.0.1:64212]' for 'POST' to 'http://localhost:64212/session/4bb8d4d3cf275761c003999daca7c532/execute/sync'
10:52:37.024 [Forwarding isElementDisplayed on session 4bb8d4d3cf275761c003999daca7c532 to remote] DEBUG org.asynchttpclient.netty.request.NettyRequestSender - Using open Channel [id: 0xe21f75b0, L:/127.0.0.1:59751 - R:localhost/127.0.0.1:64212] for POST '/session/4bb8d4d3cf275761c003999daca7c532/execute/sync'
10:52:37.046 [AsyncHttpClient-1-5] DEBUG org.asynchttpclient.netty.handler.HttpHandler - 

Request DefaultHttpRequest(decodeResult: success, version: HTTP/1.1)
POST /session/4bb8d4d3cf275761c003999daca7c532/execute/sync HTTP/1.1
User-Agent: selenium/4.1.2 (java windows)
Content-Length: 48780
Content-Type: application/json; charset=utf-8
host: localhost:64212
accept: */*

Response DefaultHttpResponse(decodeResult: success, version: HTTP/1.1)
HTTP/1.1 200 OK
Content-Type: application/json; charset=utf-8
cache-control: no-cache
content-length: 14

10:52:37.046 [AsyncHttpClient-1-5] DEBUG org.asynchttpclient.netty.channel.ChannelManager - Adding key: http://localhost:64212 for channel [id: 0xe21f75b0, L:/127.0.0.1:59751 - R:localhost/127.0.0.1:64212]
  &amp#27;[32mThen &amp#27;[0m&amp#27;[32mthe booking will be approved&amp#27;[0m        &amp#27;[90m# starter.stepdefinitions.ManageVaccinationBookingsSteps.theBookingWillBeApproved()&amp#27;[0m
10:52:37.051 [Forwarding screenshot on session 4bb8d4d3cf275761c003999daca7c532 to remote] DEBUG org.asynchttpclient.netty.request.NettyRequestSender - Using pooled Channel '[id: 0xe21f75b0, L:/127.0.0.1:59751 - R:localhost/127.0.0.1:64212]' for 'GET' to 'http://localhost:64212/session/4bb8d4d3cf275761c003999daca7c532/screenshot'
10:52:37.051 [Forwarding screenshot on session 4bb8d4d3cf275761c003999daca7c532 to remote] DEBUG org.asynchttpclient.netty.request.NettyRequestSender - Using open Channel [id: 0xe21f75b0, L:/127.0.0.1:59751 - R:localhost/127.0.0.1:64212] for GET '/session/4bb8d4d3cf275761c003999daca7c532/screenshot'
10:52:37.276 [AsyncHttpClient-1-1] DEBUG org.asynchttpclient.netty.channel.DefaultChannelPool - Entry count for : http://localhost:59752 : 1
10:52:37.309 [AsyncHttpClient-1-5] DEBUG org.asynchttpclient.netty.handler.HttpHandler - 

Request DefaultFullHttpRequest(decodeResult: success, version: HTTP/1.1, content: EmptyByteBufBE)
GET /session/4bb8d4d3cf275761c003999daca7c532/screenshot HTTP/1.1
User-Agent: selenium/4.1.2 (java windows)
Cache-Control: no-cache
Content-Type: application/json; charset=utf-8
host: localhost:64212
accept: */*

Response DefaultHttpResponse(decodeResult: success, version: HTTP/1.1)
HTTP/1.1 200 OK
Content-Type: application/json; charset=utf-8
cache-control: no-cache
content-length: 189668

10:52:37.312 [AsyncHttpClient-1-5] DEBUG org.asynchttpclient.netty.channel.ChannelManager - Adding key: http://localhost:64212 for channel [id: 0xe21f75b0, L:/127.0.0.1:59751 - R:localhost/127.0.0.1:64212]
10:52:37.318 [main] DEBUG net.serenitybdd.core.photography.Darkroom - Send negative for processing for target\site\serenity\5d04c5127f1fe7dca7409893eae39ee8430fc8b945ccaf404d8d5a2d1c05f968.png
10:52:37.318 [Darkroom Processing Line] DEBUG net.serenitybdd.core.photography.DarkroomProcessingLine - Processing screenshot image in /var/screenshots/screenshot-17289134470383663389
10:52:37.318 [Darkroom Processing Line] DEBUG net.serenitybdd.core.photography.DarkroomProcessingLine - Saving screenshot to target\site\serenity\5d04c5127f1fe7dca7409893eae39ee8430fc8b945ccaf404d8d5a2d1c05f968.png
10:52:37.319 [main] INFO  - 
  _____   ___   ___   _____     ___     _     ___   ___   ___   ___  
 |_   _| | __| / __| |_   _|   | _ \   /_\   / __| / __| | __| |   \ 
   | |   | _|  \__ \   | |     |  _/  / _ \  \__ \ \__ \ | _|  | |) |
   |_|   |___| |___/   |_|     |_|   /_/ \_\ |___/ |___/ |___| |___/ 

Approve all vaccination bookings
----------------------------------------------------------------------
10:52:37.322 [AsyncHttpClient-1-7] DEBUG org.asynchttpclient.netty.handler.WebSocketHandler - Channel Closed: [id: 0xb1e75c34, L:/127.0.0.1:59759 ! R:localhost/127.0.0.1:59752] with attribute NettyResponseFuture{currentRetry=5,
	isDone=1,
	isCancelled=0,
	asyncHandler=org.asynchttpclient.ws.WebSocketUpgradeHandler@1005cfd1,
	nettyRequest=org.asynchttpclient.netty.request.NettyRequest@550753b5,
	future=java.util.concurrent.CompletableFuture@22283d18[Completed normally],
	uri=ws://localhost:59752/devtools/browser/6972e704-d036-4eda-bfc6-fcd7e440db03,
	keepAlive=true,
	redirectCount=0,
	timeoutsHolder=null,
	inAuth=0,
	touch=1671681151339}
10:52:37.322 [Driver Command Executor] DEBUG org.asynchttpclient.netty.request.NettyRequestSender - Using pooled Channel '[id: 0xe21f75b0, L:/127.0.0.1:59751 - R:localhost/127.0.0.1:64212]' for 'DELETE' to 'http://localhost:64212/session/4bb8d4d3cf275761c003999daca7c532'
10:52:37.322 [AsyncHttpClient-1-7] DEBUG org.asynchttpclient.netty.channel.ChannelManager - Closing Channel [id: 0xb1e75c34, L:/127.0.0.1:59759 ! R:localhost/127.0.0.1:59752] 
10:52:37.322 [Driver Command Executor] DEBUG org.asynchttpclient.netty.request.NettyRequestSender - Using open Channel [id: 0xe21f75b0, L:/127.0.0.1:59751 - R:localhost/127.0.0.1:64212] for DELETE '/session/4bb8d4d3cf275761c003999daca7c532'
10:52:37.359 [AsyncHttpClient-1-6] DEBUG org.asynchttpclient.netty.handler.HttpHandler - Unexpected I/O exception on channel [id: 0xea2b5bc2, L:/127.0.0.1:59758 - R:localhost/127.0.0.1:59752]
java.io.IOException: An existing connection was forcibly closed by the remote host
	at java.base/sun.nio.ch.SocketDispatcher.read0(Native Method)
	at java.base/sun.nio.ch.SocketDispatcher.read(SocketDispatcher.java:43)
	at java.base/sun.nio.ch.IOUtil.readIntoNativeBuffer(IOUtil.java:276)
	at java.base/sun.nio.ch.IOUtil.read(IOUtil.java:233)
	at java.base/sun.nio.ch.IOUtil.read(IOUtil.java:223)
	at java.base/sun.nio.ch.SocketChannelImpl.read(SocketChannelImpl.java:358)
	at io.netty.buffer.PooledByteBuf.setBytes(PooledByteBuf.java:258)
	at io.netty.buffer.AbstractByteBuf.writeBytes(AbstractByteBuf.java:1132)
	at io.netty.channel.socket.nio.NioSocketChannel.doReadBytes(NioSocketChannel.java:350)
	at io.netty.channel.nio.AbstractNioByteChannel$NioByteUnsafe.read(AbstractNioByteChannel.java:151)
	at io.netty.channel.nio.NioEventLoop.processSelectedKey(NioEventLoop.java:722)
	at io.netty.channel.nio.NioEventLoop.processSelectedKeysOptimized(NioEventLoop.java:658)
	at io.netty.channel.nio.NioEventLoop.processSelectedKeys(NioEventLoop.java:584)
	at io.netty.channel.nio.NioEventLoop.run(NioEventLoop.java:496)
	at io.netty.util.concurrent.SingleThreadEventExecutor$4.run(SingleThreadEventExecutor.java:986)
	at io.netty.util.internal.ThreadExecutorMap$2.run(ThreadExecutorMap.java:74)
	at io.netty.util.concurrent.FastThreadLocalRunnable.run(FastThreadLocalRunnable.java:30)
	at java.base/java.lang.Thread.run(Thread.java:834)
10:52:37.359 [AsyncHttpClient-1-6] DEBUG org.asynchttpclient.netty.channel.ChannelManager - Closing Channel [id: 0xea2b5bc2, L:/127.0.0.1:59758 - R:localhost/127.0.0.1:59752] 
10:52:37.359 [AsyncHttpClient-1-6] DEBUG org.asynchttpclient.netty.handler.HttpHandler - Channel Closed: [id: 0xea2b5bc2, L:/127.0.0.1:59758 ! R:localhost/127.0.0.1:59752] with attribute DISCARD
10:52:37.386 [AsyncHttpClient-1-5] DEBUG org.asynchttpclient.netty.handler.HttpHandler - 

Request DefaultFullHttpRequest(decodeResult: success, version: HTTP/1.1, content: EmptyByteBufBE)
DELETE /session/4bb8d4d3cf275761c003999daca7c532 HTTP/1.1
User-Agent: selenium/4.1.2 (java windows)
Content-Type: application/json; charset=utf-8
host: localhost:64212
accept: */*

Response DefaultHttpResponse(decodeResult: success, version: HTTP/1.1)
HTTP/1.1 200 OK
Content-Type: application/json; charset=utf-8
cache-control: no-cache
content-length: 14

10:52:37.387 [AsyncHttpClient-1-5] DEBUG org.asynchttpclient.netty.channel.ChannelManager - Adding key: http://localhost:64212 for channel [id: 0xe21f75b0, L:/127.0.0.1:59751 - R:localhost/127.0.0.1:64212]
10:52:37.455 [AsyncHttpClient-1-5] DEBUG org.asynchttpclient.netty.handler.HttpHandler - Channel Closed: [id: 0xe21f75b0, L:/127.0.0.1:59751 ! R:localhost/127.0.0.1:64212] with attribute DISCARD
]]></system-out>
    <system-err><![CDATA[Starting ChromeDriver 108.0.5359.71 (1e0e3868ee06e91ad636a874420e3ca3ae3756ac-refs/branch-heads/5359@{#1016}) on port 64212
Only local connections are allowed.
Please see https://chromedriver.chromium.org/security-considerations for suggestions on keeping ChromeDriver safe.
ChromeDriver was started successfully.
Dec 22, 2022 10:52:31 AM org.openqa.selenium.remote.ProtocolHandshake createSession
INFO: Detected dialect: W3C
Dec 22, 2022 10:52:31 AM org.openqa.selenium.devtools.CdpVersionFinder findNearestMatch
WARNING: Unable to find an exact match for CDP version 108, so returning the closest version found: a no-op implementation
Dec 22, 2022 10:52:31 AM org.openqa.selenium.devtools.CdpVersionFinder findNearestMatch
INFO: Unable to find CDP implementation matching 108.
Dec 22, 2022 10:52:31 AM org.openqa.selenium.chromium.ChromiumDriver lambda$new$3
WARNING: Unable to find version of CDP to use for . You may need to include a dependency on a specific version of the CDP using something similar to `org.seleniumhq.selenium:selenium-devtools-v86:4.1.2` where the version ("v86") matches the version of the chromium-based browser you're using and the version number of the artifact is the same as Selenium's.
]]></system-err>
  </testcase>
  <testcase name="Reject a vaccination booking" classname="Manage vaccination bookings" time="7.556">
    <system-out><![CDATA[
Scenario: Reject a vaccination booking &amp#27;[90m# src/test/resources/features/ManageVaccinationBookings.feature:23&amp#27;[0m
10:52:37.524 [main] INFO io.cucumber.core.plugin.SerenityReporter - Running feature from file:///C:/Users/ASUSTUF/OneDrive/Documents/Capstone%20Project/Web%20Automation/src/test/resources/features/ManageVaccinationBookings.feature
10:52:37.527 [main] INFO  - 
  _____   ___   ___   _____     ___   _____     _     ___   _____   ___   ___  
 |_   _| | __| / __| |_   _|   / __| |_   _|   /_\   | _ \ |_   _| | __| |   \ 
   | |   | _|  \__ \   | |     \__ \   | |    / _ \  |   /   | |   | _|  | |) |
   |_|   |___| |___/   |_|     |___/   |_|   /_/ \_\ |_|_\   |_|   |___| |___/ 

Reject a vaccination booking(manage-vaccination-bookings;reject-a-vaccination-booking)
--------------------------------------------------------------------------------
10:52:37.568 [main] INFO net.serenitybdd.core.webdriver.driverproviders.ChromeDriverProvider - Using automatically driver download
10:52:37.711 [main] DEBUG io.github.bonigarcia.wdm.cache.ResolutionCache - Resolution chrome=108 in cache (valid until 11:50:34 22/12/2022 ICT)
10:52:37.715 [main] DEBUG io.github.bonigarcia.wdm.cache.ResolutionCache - Resolution chrome108=108.0.5359.71 in cache (valid until 13:40:45 22/12/2022 ICT)
10:52:37.716 [main] INFO io.github.bonigarcia.wdm.WebDriverManager - Using chromedriver 108.0.5359.71 (resolved driver for Chrome 108)
10:52:37.730 [main] DEBUG io.github.bonigarcia.wdm.WebDriverManager - Driver chromedriver 108.0.5359.71 found in cache
10:52:37.731 [main] INFO io.github.bonigarcia.wdm.WebDriverManager - Exporting webdriver.chrome.driver as C:\Users\ASUSTUF\.cache\selenium\chromedriver\win32\108.0.5359.71\chromedriver.exe
10:52:37.854 [main] DEBUG net.serenitybdd.core.webdriver.driverproviders.ProvideNewDriver - Instantiating driver
10:52:37.854 [main] DEBUG net.serenitybdd.core.webdriver.driverproviders.ProvideNewDriver - Driver capabilities: Capabilities {acceptInsecureCerts: false, base.url: https://vaksin-id.netlify.app/, browserName: chrome, chrome.driver: src/test/resources/webdrive..., driver: chrome, goog:chromeOptions: {args: [], extensions: []}}
10:52:38.284 [AsyncHttpClient-1-8] DEBUG org.asynchttpclient.netty.channel.NettyConnectListener - Using new Channel '[id: 0xc85fdf20, L:/127.0.0.1:59786 - R:localhost/127.0.0.1:64407]' for 'POST' to '/session'
10:52:38.377 [AsyncHttpClient-1-1] DEBUG org.asynchttpclient.netty.channel.DefaultChannelPool - Entry count for : http://localhost:59752 : 1
10:52:38.377 [AsyncHttpClient-1-1] DEBUG org.asynchttpclient.netty.channel.DefaultChannelPool - Entry count for : http://localhost:64212 : 1
10:52:38.377 [AsyncHttpClient-1-1] DEBUG org.asynchttpclient.netty.channel.DefaultChannelPool - Adding Candidate expired Channel [id: 0xea2b5bc2, L:/127.0.0.1:59758 ! R:localhost/127.0.0.1:59752] isIdleTimeoutExpired=false isRemotelyClosed=true isTtlExpired=false
10:52:38.378 [AsyncHttpClient-1-1] DEBUG org.asynchttpclient.netty.channel.DefaultChannelPool - Closing Idle Channel [id: 0xea2b5bc2, L:/127.0.0.1:59758 ! R:localhost/127.0.0.1:59752]
10:52:38.378 [AsyncHttpClient-1-1] DEBUG org.asynchttpclient.netty.channel.DefaultChannelPool - Adding Candidate expired Channel [id: 0xe21f75b0, L:/127.0.0.1:59751 ! R:localhost/127.0.0.1:64212] isIdleTimeoutExpired=false isRemotelyClosed=true isTtlExpired=false
10:52:38.378 [AsyncHttpClient-1-1] DEBUG org.asynchttpclient.netty.channel.DefaultChannelPool - Closing Idle Channel [id: 0xe21f75b0, L:/127.0.0.1:59751 ! R:localhost/127.0.0.1:64212]
10:52:38.378 [AsyncHttpClient-1-1] DEBUG org.asynchttpclient.netty.channel.DefaultChannelPool - Closed 2 connections out of 2 in 1 ms
10:52:39.138 [AsyncHttpClient-1-8] DEBUG org.asynchttpclient.netty.handler.HttpHandler - 

Request DefaultHttpRequest(decodeResult: success, version: HTTP/1.1)
POST /session HTTP/1.1
User-Agent: selenium/4.1.2 (java windows)
Content-Length: 616
Content-Type: application/json; charset=utf-8
host: localhost:64407
accept: */*

Response DefaultHttpResponse(decodeResult: success, version: HTTP/1.1)
HTTP/1.1 200 OK
Content-Type: application/json; charset=utf-8
cache-control: no-cache
content-length: 794

10:52:39.138 [AsyncHttpClient-1-8] DEBUG org.asynchttpclient.netty.channel.ChannelManager - Adding key: http://localhost:64407 for channel [id: 0xc85fdf20, L:/127.0.0.1:59786 - R:localhost/127.0.0.1:64407]
10:52:39.158 [AsyncHttpClient-1-9] DEBUG org.asynchttpclient.netty.channel.NettyConnectListener - Using new Channel '[id: 0xc68ea204, L:/127.0.0.1:59793 - R:localhost/127.0.0.1:59787]' for 'GET' to '/json/version'
10:52:39.170 [AsyncHttpClient-1-9] DEBUG org.asynchttpclient.netty.handler.HttpHandler - 

Request DefaultFullHttpRequest(decodeResult: success, version: HTTP/1.1, content: EmptyByteBufBE)
GET /json/version HTTP/1.1
User-Agent: selenium/4.1.2 (java windows)
host: localhost:59787
accept: */*

Response DefaultHttpResponse(decodeResult: success, version: HTTP/1.1)
HTTP/1.1 200 OK
Content-Type: application/json; charset=UTF-8
content-length: 424

10:52:39.170 [AsyncHttpClient-1-9] DEBUG org.asynchttpclient.netty.channel.ChannelManager - Adding key: http://localhost:59787 for channel [id: 0xc68ea204, L:/127.0.0.1:59793 - R:localhost/127.0.0.1:59787]
10:52:39.191 [AsyncHttpClient-1-10] DEBUG org.asynchttpclient.netty.channel.NettyConnectListener - Using new Channel '[id: 0x3e6ce986, L:/127.0.0.1:59794 - R:localhost/127.0.0.1:59787]' for 'GET' to '/devtools/browser/feb21efa-3474-41b9-a194-dfa664d03ef4'
10:52:39.213 [AsyncHttpClient-1-10] DEBUG org.asynchttpclient.netty.handler.WebSocketHandler - 

Request DefaultFullHttpRequest(decodeResult: success, version: HTTP/1.1, content: EmptyByteBufBE)
GET /devtools/browser/feb21efa-3474-41b9-a194-dfa664d03ef4 HTTP/1.1
upgrade: websocket
connection: upgrade
sec-websocket-key: Nw09euGsye3QuZnqAWhkbw==
sec-websocket-version: 13
origin: http://localhost:59787
host: localhost:59787
accept: */*
user-agent: AHC/2.1

Response DefaultHttpResponse(decodeResult: success, version: HTTP/1.1)
HTTP/1.1 101 WebSocket Protocol Handshake
Upgrade: WebSocket
Connection: Upgrade
Sec-WebSocket-Accept: /AvYuV9klJ5OrBJtkKVB1MeUAxA=

10:52:39.230 [Forwarding get on session f1b9293b7ff2048aa40e0c94c92ffb14 to remote] DEBUG org.asynchttpclient.netty.request.NettyRequestSender - Using pooled Channel '[id: 0xc85fdf20, L:/127.0.0.1:59786 - R:localhost/127.0.0.1:64407]' for 'POST' to 'http://localhost:64407/session/f1b9293b7ff2048aa40e0c94c92ffb14/url'
10:52:39.230 [Forwarding get on session f1b9293b7ff2048aa40e0c94c92ffb14 to remote] DEBUG org.asynchttpclient.netty.request.NettyRequestSender - Using open Channel [id: 0xc85fdf20, L:/127.0.0.1:59786 - R:localhost/127.0.0.1:64407] for POST '/session/f1b9293b7ff2048aa40e0c94c92ffb14/url'
10:52:39.477 [AsyncHttpClient-1-1] DEBUG org.asynchttpclient.netty.channel.DefaultChannelPool - Entry count for : http://localhost:59787 : 1
10:52:39.981 [AsyncHttpClient-1-8] DEBUG org.asynchttpclient.netty.handler.HttpHandler - 

Request DefaultHttpRequest(decodeResult: success, version: HTTP/1.1)
POST /session/f1b9293b7ff2048aa40e0c94c92ffb14/url HTTP/1.1
User-Agent: selenium/4.1.2 (java windows)
Content-Length: 60
Content-Type: application/json; charset=utf-8
host: localhost:64407
accept: */*

Response DefaultHttpResponse(decodeResult: success, version: HTTP/1.1)
HTTP/1.1 200 OK
Content-Type: application/json; charset=utf-8
cache-control: no-cache
content-length: 14

10:52:39.982 [AsyncHttpClient-1-8] DEBUG org.asynchttpclient.netty.channel.ChannelManager - Adding key: http://localhost:64407 for channel [id: 0xc85fdf20, L:/127.0.0.1:59786 - R:localhost/127.0.0.1:64407]
10:52:39.984 [Forwarding setTimeout on session f1b9293b7ff2048aa40e0c94c92ffb14 to remote] DEBUG org.asynchttpclient.netty.request.NettyRequestSender - Using pooled Channel '[id: 0xc85fdf20, L:/127.0.0.1:59786 - R:localhost/127.0.0.1:64407]' for 'POST' to 'http://localhost:64407/session/f1b9293b7ff2048aa40e0c94c92ffb14/timeouts'
10:52:39.984 [Forwarding setTimeout on session f1b9293b7ff2048aa40e0c94c92ffb14 to remote] DEBUG org.asynchttpclient.netty.request.NettyRequestSender - Using open Channel [id: 0xc85fdf20, L:/127.0.0.1:59786 - R:localhost/127.0.0.1:64407] for POST '/session/f1b9293b7ff2048aa40e0c94c92ffb14/timeouts'
10:52:39.986 [AsyncHttpClient-1-8] DEBUG org.asynchttpclient.netty.handler.HttpHandler - 

Request DefaultHttpRequest(decodeResult: success, version: HTTP/1.1)
POST /session/f1b9293b7ff2048aa40e0c94c92ffb14/timeouts HTTP/1.1
User-Agent: selenium/4.1.2 (java windows)
Content-Length: 22
Content-Type: application/json; charset=utf-8
host: localhost:64407
accept: */*

Response DefaultHttpResponse(decodeResult: success, version: HTTP/1.1)
HTTP/1.1 200 OK
Content-Type: application/json; charset=utf-8
cache-control: no-cache
content-length: 14

10:52:39.986 [AsyncHttpClient-1-8] DEBUG org.asynchttpclient.netty.channel.ChannelManager - Adding key: http://localhost:64407 for channel [id: 0xc85fdf20, L:/127.0.0.1:59786 - R:localhost/127.0.0.1:64407]
10:52:39.989 [Forwarding getCurrentUrl on session f1b9293b7ff2048aa40e0c94c92ffb14 to remote] DEBUG org.asynchttpclient.netty.request.NettyRequestSender - Using pooled Channel '[id: 0xc85fdf20, L:/127.0.0.1:59786 - R:localhost/127.0.0.1:64407]' for 'GET' to 'http://localhost:64407/session/f1b9293b7ff2048aa40e0c94c92ffb14/url'
10:52:39.989 [Forwarding getCurrentUrl on session f1b9293b7ff2048aa40e0c94c92ffb14 to remote] DEBUG org.asynchttpclient.netty.request.NettyRequestSender - Using open Channel [id: 0xc85fdf20, L:/127.0.0.1:59786 - R:localhost/127.0.0.1:64407] for GET '/session/f1b9293b7ff2048aa40e0c94c92ffb14/url'
10:52:40.004 [AsyncHttpClient-1-8] DEBUG org.asynchttpclient.netty.handler.HttpHandler - 

Request DefaultFullHttpRequest(decodeResult: success, version: HTTP/1.1, content: EmptyByteBufBE)
GET /session/f1b9293b7ff2048aa40e0c94c92ffb14/url HTTP/1.1
User-Agent: selenium/4.1.2 (java windows)
Cache-Control: no-cache
Content-Type: application/json; charset=utf-8
host: localhost:64407
accept: */*

Response DefaultHttpResponse(decodeResult: success, version: HTTP/1.1)
HTTP/1.1 200 OK
Content-Type: application/json; charset=utf-8
cache-control: no-cache
content-length: 42

10:52:40.004 [AsyncHttpClient-1-8] DEBUG org.asynchttpclient.netty.channel.ChannelManager - Adding key: http://localhost:64407 for channel [id: 0xc85fdf20, L:/127.0.0.1:59786 - R:localhost/127.0.0.1:64407]
  &amp#27;[32mGiven &amp#27;[0m&amp#27;[32mI am on landing page&amp#27;[0m           &amp#27;[90m# starter.stepdefinitions.ManageVaccinationBookingsSteps.iAmOnLandingPage()&amp#27;[0m
10:52:40.012 [Forwarding screenshot on session f1b9293b7ff2048aa40e0c94c92ffb14 to remote] DEBUG org.asynchttpclient.netty.request.NettyRequestSender - Using pooled Channel '[id: 0xc85fdf20, L:/127.0.0.1:59786 - R:localhost/127.0.0.1:64407]' for 'GET' to 'http://localhost:64407/session/f1b9293b7ff2048aa40e0c94c92ffb14/screenshot'
10:52:40.012 [Forwarding screenshot on session f1b9293b7ff2048aa40e0c94c92ffb14 to remote] DEBUG org.asynchttpclient.netty.request.NettyRequestSender - Using open Channel [id: 0xc85fdf20, L:/127.0.0.1:59786 - R:localhost/127.0.0.1:64407] for GET '/session/f1b9293b7ff2048aa40e0c94c92ffb14/screenshot'
10:52:40.577 [AsyncHttpClient-1-1] DEBUG org.asynchttpclient.netty.channel.DefaultChannelPool - Entry count for : http://localhost:59787 : 1
10:52:40.998 [AsyncHttpClient-1-8] DEBUG org.asynchttpclient.netty.handler.HttpHandler - 

Request DefaultFullHttpRequest(decodeResult: success, version: HTTP/1.1, content: EmptyByteBufBE)
GET /session/f1b9293b7ff2048aa40e0c94c92ffb14/screenshot HTTP/1.1
User-Agent: selenium/4.1.2 (java windows)
Cache-Control: no-cache
Content-Type: application/json; charset=utf-8
host: localhost:64407
accept: */*

Response DefaultHttpResponse(decodeResult: success, version: HTTP/1.1)
HTTP/1.1 200 OK
Content-Type: application/json; charset=utf-8
cache-control: no-cache
content-length: 847132

10:52:41.001 [AsyncHttpClient-1-8] DEBUG org.asynchttpclient.netty.channel.ChannelManager - Adding key: http://localhost:64407 for channel [id: 0xc85fdf20, L:/127.0.0.1:59786 - R:localhost/127.0.0.1:64407]
10:52:41.047 [main] DEBUG net.serenitybdd.core.photography.Darkroom - Send negative for processing for target\site\serenity\ff3b83dd42f508d91c0c8488aed412149de34b436c7528a8caa8428592644731.png
10:52:41.056 [Forwarding findElement on session f1b9293b7ff2048aa40e0c94c92ffb14 to remote] DEBUG org.asynchttpclient.netty.request.NettyRequestSender - Using pooled Channel '[id: 0xc85fdf20, L:/127.0.0.1:59786 - R:localhost/127.0.0.1:64407]' for 'POST' to 'http://localhost:64407/session/f1b9293b7ff2048aa40e0c94c92ffb14/element'
10:52:41.056 [Forwarding findElement on session f1b9293b7ff2048aa40e0c94c92ffb14 to remote] DEBUG org.asynchttpclient.netty.request.NettyRequestSender - Using open Channel [id: 0xc85fdf20, L:/127.0.0.1:59786 - R:localhost/127.0.0.1:64407] for POST '/session/f1b9293b7ff2048aa40e0c94c92ffb14/element'
10:52:41.072 [AsyncHttpClient-1-8] DEBUG org.asynchttpclient.netty.handler.HttpHandler - 

Request DefaultHttpRequest(decodeResult: success, version: HTTP/1.1)
POST /session/f1b9293b7ff2048aa40e0c94c92ffb14/element HTTP/1.1
User-Agent: selenium/4.1.2 (java windows)
Content-Length: 315
Content-Type: application/json; charset=utf-8
host: localhost:64407
accept: */*

Response DefaultHttpResponse(decodeResult: success, version: HTTP/1.1)
HTTP/1.1 200 OK
Content-Type: application/json; charset=utf-8
cache-control: no-cache
content-length: 88

10:52:41.072 [AsyncHttpClient-1-8] DEBUG org.asynchttpclient.netty.channel.ChannelManager - Adding key: http://localhost:64407 for channel [id: 0xc85fdf20, L:/127.0.0.1:59786 - R:localhost/127.0.0.1:64407]
10:52:41.075 [Forwarding getElementTagName on session f1b9293b7ff2048aa40e0c94c92ffb14 to remote] DEBUG org.asynchttpclient.netty.request.NettyRequestSender - Using pooled Channel '[id: 0xc85fdf20, L:/127.0.0.1:59786 - R:localhost/127.0.0.1:64407]' for 'GET' to 'http://localhost:64407/session/f1b9293b7ff2048aa40e0c94c92ffb14/element/8c26dd35-6c79-4620-87cc-2ee06c0a3f4c/name'
10:52:41.075 [Forwarding getElementTagName on session f1b9293b7ff2048aa40e0c94c92ffb14 to remote] DEBUG org.asynchttpclient.netty.request.NettyRequestSender - Using open Channel [id: 0xc85fdf20, L:/127.0.0.1:59786 - R:localhost/127.0.0.1:64407] for GET '/session/f1b9293b7ff2048aa40e0c94c92ffb14/element/8c26dd35-6c79-4620-87cc-2ee06c0a3f4c/name'
10:52:41.083 [AsyncHttpClient-1-8] DEBUG org.asynchttpclient.netty.handler.HttpHandler - 

Request DefaultFullHttpRequest(decodeResult: success, version: HTTP/1.1, content: EmptyByteBufBE)
GET /session/f1b9293b7ff2048aa40e0c94c92ffb14/element/8c26dd35-6c79-4620-87cc-2ee06c0a3f4c/name HTTP/1.1
User-Agent: selenium/4.1.2 (java windows)
Cache-Control: no-cache
Content-Type: application/json; charset=utf-8
host: localhost:64407
accept: */*

Response DefaultHttpResponse(decodeResult: success, version: HTTP/1.1)
HTTP/1.1 200 OK
Content-Type: application/json; charset=utf-8
cache-control: no-cache
content-length: 18

10:52:41.083 [AsyncHttpClient-1-8] DEBUG org.asynchttpclient.netty.channel.ChannelManager - Adding key: http://localhost:64407 for channel [id: 0xc85fdf20, L:/127.0.0.1:59786 - R:localhost/127.0.0.1:64407]
10:52:41.084 [Forwarding getElementTagName on session f1b9293b7ff2048aa40e0c94c92ffb14 to remote] DEBUG org.asynchttpclient.netty.request.NettyRequestSender - Using pooled Channel '[id: 0xc85fdf20, L:/127.0.0.1:59786 - R:localhost/127.0.0.1:64407]' for 'GET' to 'http://localhost:64407/session/f1b9293b7ff2048aa40e0c94c92ffb14/element/8c26dd35-6c79-4620-87cc-2ee06c0a3f4c/name'
10:52:41.084 [Forwarding getElementTagName on session f1b9293b7ff2048aa40e0c94c92ffb14 to remote] DEBUG org.asynchttpclient.netty.request.NettyRequestSender - Using open Channel [id: 0xc85fdf20, L:/127.0.0.1:59786 - R:localhost/127.0.0.1:64407] for GET '/session/f1b9293b7ff2048aa40e0c94c92ffb14/element/8c26dd35-6c79-4620-87cc-2ee06c0a3f4c/name'
10:52:41.089 [AsyncHttpClient-1-8] DEBUG org.asynchttpclient.netty.handler.HttpHandler - 

Request DefaultFullHttpRequest(decodeResult: success, version: HTTP/1.1, content: EmptyByteBufBE)
GET /session/f1b9293b7ff2048aa40e0c94c92ffb14/element/8c26dd35-6c79-4620-87cc-2ee06c0a3f4c/name HTTP/1.1
User-Agent: selenium/4.1.2 (java windows)
Cache-Control: no-cache
Content-Type: application/json; charset=utf-8
host: localhost:64407
accept: */*

Response DefaultHttpResponse(decodeResult: success, version: HTTP/1.1)
HTTP/1.1 200 OK
Content-Type: application/json; charset=utf-8
cache-control: no-cache
content-length: 18

10:52:41.089 [AsyncHttpClient-1-8] DEBUG org.asynchttpclient.netty.channel.ChannelManager - Adding key: http://localhost:64407 for channel [id: 0xc85fdf20, L:/127.0.0.1:59786 - R:localhost/127.0.0.1:64407]
10:52:41.094 [Forwarding isElementEnabled on session f1b9293b7ff2048aa40e0c94c92ffb14 to remote] DEBUG org.asynchttpclient.netty.request.NettyRequestSender - Using pooled Channel '[id: 0xc85fdf20, L:/127.0.0.1:59786 - R:localhost/127.0.0.1:64407]' for 'GET' to 'http://localhost:64407/session/f1b9293b7ff2048aa40e0c94c92ffb14/element/8c26dd35-6c79-4620-87cc-2ee06c0a3f4c/enabled'
10:52:41.094 [Forwarding isElementEnabled on session f1b9293b7ff2048aa40e0c94c92ffb14 to remote] DEBUG org.asynchttpclient.netty.request.NettyRequestSender - Using open Channel [id: 0xc85fdf20, L:/127.0.0.1:59786 - R:localhost/127.0.0.1:64407] for GET '/session/f1b9293b7ff2048aa40e0c94c92ffb14/element/8c26dd35-6c79-4620-87cc-2ee06c0a3f4c/enabled'
10:52:41.104 [AsyncHttpClient-1-8] DEBUG org.asynchttpclient.netty.handler.HttpHandler - 

Request DefaultFullHttpRequest(decodeResult: success, version: HTTP/1.1, content: EmptyByteBufBE)
GET /session/f1b9293b7ff2048aa40e0c94c92ffb14/element/8c26dd35-6c79-4620-87cc-2ee06c0a3f4c/enabled HTTP/1.1
User-Agent: selenium/4.1.2 (java windows)
Cache-Control: no-cache
Content-Type: application/json; charset=utf-8
host: localhost:64407
accept: */*

Response DefaultHttpResponse(decodeResult: success, version: HTTP/1.1)
HTTP/1.1 200 OK
Content-Type: application/json; charset=utf-8
cache-control: no-cache
content-length: 14

10:52:41.104 [AsyncHttpClient-1-8] DEBUG org.asynchttpclient.netty.channel.ChannelManager - Adding key: http://localhost:64407 for channel [id: 0xc85fdf20, L:/127.0.0.1:59786 - R:localhost/127.0.0.1:64407]
10:52:41.106 [Forwarding isElementEnabled on session f1b9293b7ff2048aa40e0c94c92ffb14 to remote] DEBUG org.asynchttpclient.netty.request.NettyRequestSender - Using pooled Channel '[id: 0xc85fdf20, L:/127.0.0.1:59786 - R:localhost/127.0.0.1:64407]' for 'GET' to 'http://localhost:64407/session/f1b9293b7ff2048aa40e0c94c92ffb14/element/8c26dd35-6c79-4620-87cc-2ee06c0a3f4c/enabled'
10:52:41.106 [Forwarding isElementEnabled on session f1b9293b7ff2048aa40e0c94c92ffb14 to remote] DEBUG org.asynchttpclient.netty.request.NettyRequestSender - Using open Channel [id: 0xc85fdf20, L:/127.0.0.1:59786 - R:localhost/127.0.0.1:64407] for GET '/session/f1b9293b7ff2048aa40e0c94c92ffb14/element/8c26dd35-6c79-4620-87cc-2ee06c0a3f4c/enabled'
10:52:41.114 [AsyncHttpClient-1-8] DEBUG org.asynchttpclient.netty.handler.HttpHandler - 

Request DefaultFullHttpRequest(decodeResult: success, version: HTTP/1.1, content: EmptyByteBufBE)
GET /session/f1b9293b7ff2048aa40e0c94c92ffb14/element/8c26dd35-6c79-4620-87cc-2ee06c0a3f4c/enabled HTTP/1.1
User-Agent: selenium/4.1.2 (java windows)
Cache-Control: no-cache
Content-Type: application/json; charset=utf-8
host: localhost:64407
accept: */*

Response DefaultHttpResponse(decodeResult: success, version: HTTP/1.1)
HTTP/1.1 200 OK
Content-Type: application/json; charset=utf-8
cache-control: no-cache
content-length: 14

10:52:41.114 [AsyncHttpClient-1-8] DEBUG org.asynchttpclient.netty.channel.ChannelManager - Adding key: http://localhost:64407 for channel [id: 0xc85fdf20, L:/127.0.0.1:59786 - R:localhost/127.0.0.1:64407]
10:52:41.116 [Forwarding findElement on session f1b9293b7ff2048aa40e0c94c92ffb14 to remote] DEBUG org.asynchttpclient.netty.request.NettyRequestSender - Using pooled Channel '[id: 0xc85fdf20, L:/127.0.0.1:59786 - R:localhost/127.0.0.1:64407]' for 'POST' to 'http://localhost:64407/session/f1b9293b7ff2048aa40e0c94c92ffb14/element'
10:52:41.116 [Forwarding findElement on session f1b9293b7ff2048aa40e0c94c92ffb14 to remote] DEBUG org.asynchttpclient.netty.request.NettyRequestSender - Using open Channel [id: 0xc85fdf20, L:/127.0.0.1:59786 - R:localhost/127.0.0.1:64407] for POST '/session/f1b9293b7ff2048aa40e0c94c92ffb14/element'
10:52:41.127 [AsyncHttpClient-1-8] DEBUG org.asynchttpclient.netty.handler.HttpHandler - 

Request DefaultHttpRequest(decodeResult: success, version: HTTP/1.1)
POST /session/f1b9293b7ff2048aa40e0c94c92ffb14/element HTTP/1.1
User-Agent: selenium/4.1.2 (java windows)
Content-Length: 315
Content-Type: application/json; charset=utf-8
host: localhost:64407
accept: */*

Response DefaultHttpResponse(decodeResult: success, version: HTTP/1.1)
HTTP/1.1 200 OK
Content-Type: application/json; charset=utf-8
cache-control: no-cache
content-length: 88

10:52:41.127 [AsyncHttpClient-1-8] DEBUG org.asynchttpclient.netty.channel.ChannelManager - Adding key: http://localhost:64407 for channel [id: 0xc85fdf20, L:/127.0.0.1:59786 - R:localhost/127.0.0.1:64407]
10:52:41.129 [Forwarding clickElement on session f1b9293b7ff2048aa40e0c94c92ffb14 to remote] DEBUG org.asynchttpclient.netty.request.NettyRequestSender - Using pooled Channel '[id: 0xc85fdf20, L:/127.0.0.1:59786 - R:localhost/127.0.0.1:64407]' for 'POST' to 'http://localhost:64407/session/f1b9293b7ff2048aa40e0c94c92ffb14/element/8c26dd35-6c79-4620-87cc-2ee06c0a3f4c/click'
10:52:41.129 [Forwarding clickElement on session f1b9293b7ff2048aa40e0c94c92ffb14 to remote] DEBUG org.asynchttpclient.netty.request.NettyRequestSender - Using open Channel [id: 0xc85fdf20, L:/127.0.0.1:59786 - R:localhost/127.0.0.1:64407] for POST '/session/f1b9293b7ff2048aa40e0c94c92ffb14/element/8c26dd35-6c79-4620-87cc-2ee06c0a3f4c/click'
10:52:41.230 [AsyncHttpClient-1-8] DEBUG org.asynchttpclient.netty.handler.HttpHandler - 

Request DefaultHttpRequest(decodeResult: success, version: HTTP/1.1)
POST /session/f1b9293b7ff2048aa40e0c94c92ffb14/element/8c26dd35-6c79-4620-87cc-2ee06c0a3f4c/click HTTP/1.1
User-Agent: selenium/4.1.2 (java windows)
Content-Length: 50
Content-Type: application/json; charset=utf-8
host: localhost:64407
accept: */*

Response DefaultHttpResponse(decodeResult: success, version: HTTP/1.1)
HTTP/1.1 200 OK
Content-Type: application/json; charset=utf-8
cache-control: no-cache
content-length: 14

10:52:41.230 [AsyncHttpClient-1-8] DEBUG org.asynchttpclient.netty.channel.ChannelManager - Adding key: http://localhost:64407 for channel [id: 0xc85fdf20, L:/127.0.0.1:59786 - R:localhost/127.0.0.1:64407]
10:52:41.236 [Forwarding findElement on session f1b9293b7ff2048aa40e0c94c92ffb14 to remote] DEBUG org.asynchttpclient.netty.request.NettyRequestSender - Using pooled Channel '[id: 0xc85fdf20, L:/127.0.0.1:59786 - R:localhost/127.0.0.1:64407]' for 'POST' to 'http://localhost:64407/session/f1b9293b7ff2048aa40e0c94c92ffb14/element'
10:52:41.237 [Forwarding findElement on session f1b9293b7ff2048aa40e0c94c92ffb14 to remote] DEBUG org.asynchttpclient.netty.request.NettyRequestSender - Using open Channel [id: 0xc85fdf20, L:/127.0.0.1:59786 - R:localhost/127.0.0.1:64407] for POST '/session/f1b9293b7ff2048aa40e0c94c92ffb14/element'
10:52:41.254 [AsyncHttpClient-1-8] DEBUG org.asynchttpclient.netty.handler.HttpHandler - 

Request DefaultHttpRequest(decodeResult: success, version: HTTP/1.1)
POST /session/f1b9293b7ff2048aa40e0c94c92ffb14/element HTTP/1.1
User-Agent: selenium/4.1.2 (java windows)
Content-Length: 69
Content-Type: application/json; charset=utf-8
host: localhost:64407
accept: */*

Response DefaultHttpResponse(decodeResult: success, version: HTTP/1.1)
HTTP/1.1 200 OK
Content-Type: application/json; charset=utf-8
cache-control: no-cache
content-length: 88

10:52:41.254 [AsyncHttpClient-1-8] DEBUG org.asynchttpclient.netty.channel.ChannelManager - Adding key: http://localhost:64407 for channel [id: 0xc85fdf20, L:/127.0.0.1:59786 - R:localhost/127.0.0.1:64407]
10:52:41.257 [Forwarding clearElement on session f1b9293b7ff2048aa40e0c94c92ffb14 to remote] DEBUG org.asynchttpclient.netty.request.NettyRequestSender - Using pooled Channel '[id: 0xc85fdf20, L:/127.0.0.1:59786 - R:localhost/127.0.0.1:64407]' for 'POST' to 'http://localhost:64407/session/f1b9293b7ff2048aa40e0c94c92ffb14/element/22eb4696-e954-4c0c-8acd-8f0047652144/clear'
10:52:41.258 [Forwarding clearElement on session f1b9293b7ff2048aa40e0c94c92ffb14 to remote] DEBUG org.asynchttpclient.netty.request.NettyRequestSender - Using open Channel [id: 0xc85fdf20, L:/127.0.0.1:59786 - R:localhost/127.0.0.1:64407] for POST '/session/f1b9293b7ff2048aa40e0c94c92ffb14/element/22eb4696-e954-4c0c-8acd-8f0047652144/clear'
10:52:41.304 [AsyncHttpClient-1-8] DEBUG org.asynchttpclient.netty.handler.HttpHandler - 

Request DefaultHttpRequest(decodeResult: success, version: HTTP/1.1)
POST /session/f1b9293b7ff2048aa40e0c94c92ffb14/element/22eb4696-e954-4c0c-8acd-8f0047652144/clear HTTP/1.1
User-Agent: selenium/4.1.2 (java windows)
Content-Length: 50
Content-Type: application/json; charset=utf-8
host: localhost:64407
accept: */*

Response DefaultHttpResponse(decodeResult: success, version: HTTP/1.1)
HTTP/1.1 200 OK
Content-Type: application/json; charset=utf-8
cache-control: no-cache
content-length: 14

10:52:41.305 [AsyncHttpClient-1-8] DEBUG org.asynchttpclient.netty.channel.ChannelManager - Adding key: http://localhost:64407 for channel [id: 0xc85fdf20, L:/127.0.0.1:59786 - R:localhost/127.0.0.1:64407]
10:52:41.307 [Forwarding sendKeysToElement on session f1b9293b7ff2048aa40e0c94c92ffb14 to remote] DEBUG org.asynchttpclient.netty.request.NettyRequestSender - Using pooled Channel '[id: 0xc85fdf20, L:/127.0.0.1:59786 - R:localhost/127.0.0.1:64407]' for 'POST' to 'http://localhost:64407/session/f1b9293b7ff2048aa40e0c94c92ffb14/element/22eb4696-e954-4c0c-8acd-8f0047652144/value'
10:52:41.307 [Forwarding sendKeysToElement on session f1b9293b7ff2048aa40e0c94c92ffb14 to remote] DEBUG org.asynchttpclient.netty.request.NettyRequestSender - Using open Channel [id: 0xc85fdf20, L:/127.0.0.1:59786 - R:localhost/127.0.0.1:64407] for POST '/session/f1b9293b7ff2048aa40e0c94c92ffb14/element/22eb4696-e954-4c0c-8acd-8f0047652144/value'
10:52:41.599 [AsyncHttpClient-1-8] DEBUG org.asynchttpclient.netty.handler.HttpHandler - 

Request DefaultHttpRequest(decodeResult: success, version: HTTP/1.1)
POST /session/f1b9293b7ff2048aa40e0c94c92ffb14/element/22eb4696-e954-4c0c-8acd-8f0047652144/value HTTP/1.1
User-Agent: selenium/4.1.2 (java windows)
Content-Length: 371
Content-Type: application/json; charset=utf-8
host: localhost:64407
accept: */*

Response DefaultHttpResponse(decodeResult: success, version: HTTP/1.1)
HTTP/1.1 200 OK
Content-Type: application/json; charset=utf-8
cache-control: no-cache
content-length: 14

10:52:41.599 [AsyncHttpClient-1-8] DEBUG org.asynchttpclient.netty.channel.ChannelManager - Adding key: http://localhost:64407 for channel [id: 0xc85fdf20, L:/127.0.0.1:59786 - R:localhost/127.0.0.1:64407]
10:52:41.605 [Forwarding findElement on session f1b9293b7ff2048aa40e0c94c92ffb14 to remote] DEBUG org.asynchttpclient.netty.request.NettyRequestSender - Using pooled Channel '[id: 0xc85fdf20, L:/127.0.0.1:59786 - R:localhost/127.0.0.1:64407]' for 'POST' to 'http://localhost:64407/session/f1b9293b7ff2048aa40e0c94c92ffb14/element'
10:52:41.605 [Forwarding findElement on session f1b9293b7ff2048aa40e0c94c92ffb14 to remote] DEBUG org.asynchttpclient.netty.request.NettyRequestSender - Using open Channel [id: 0xc85fdf20, L:/127.0.0.1:59786 - R:localhost/127.0.0.1:64407] for POST '/session/f1b9293b7ff2048aa40e0c94c92ffb14/element'
10:52:41.621 [AsyncHttpClient-1-8] DEBUG org.asynchttpclient.netty.handler.HttpHandler - 

Request DefaultHttpRequest(decodeResult: success, version: HTTP/1.1)
POST /session/f1b9293b7ff2048aa40e0c94c92ffb14/element HTTP/1.1
User-Agent: selenium/4.1.2 (java windows)
Content-Length: 72
Content-Type: application/json; charset=utf-8
host: localhost:64407
accept: */*

Response DefaultHttpResponse(decodeResult: success, version: HTTP/1.1)
HTTP/1.1 200 OK
Content-Type: application/json; charset=utf-8
cache-control: no-cache
content-length: 88

10:52:41.621 [AsyncHttpClient-1-8] DEBUG org.asynchttpclient.netty.channel.ChannelManager - Adding key: http://localhost:64407 for channel [id: 0xc85fdf20, L:/127.0.0.1:59786 - R:localhost/127.0.0.1:64407]
10:52:41.622 [Forwarding clearElement on session f1b9293b7ff2048aa40e0c94c92ffb14 to remote] DEBUG org.asynchttpclient.netty.request.NettyRequestSender - Using pooled Channel '[id: 0xc85fdf20, L:/127.0.0.1:59786 - R:localhost/127.0.0.1:64407]' for 'POST' to 'http://localhost:64407/session/f1b9293b7ff2048aa40e0c94c92ffb14/element/92ca59b4-4f2b-4499-a778-4c1cc35b5f9c/clear'
10:52:41.622 [Forwarding clearElement on session f1b9293b7ff2048aa40e0c94c92ffb14 to remote] DEBUG org.asynchttpclient.netty.request.NettyRequestSender - Using open Channel [id: 0xc85fdf20, L:/127.0.0.1:59786 - R:localhost/127.0.0.1:64407] for POST '/session/f1b9293b7ff2048aa40e0c94c92ffb14/element/92ca59b4-4f2b-4499-a778-4c1cc35b5f9c/clear'
10:52:41.666 [AsyncHttpClient-1-8] DEBUG org.asynchttpclient.netty.handler.HttpHandler - 

Request DefaultHttpRequest(decodeResult: success, version: HTTP/1.1)
POST /session/f1b9293b7ff2048aa40e0c94c92ffb14/element/92ca59b4-4f2b-4499-a778-4c1cc35b5f9c/clear HTTP/1.1
User-Agent: selenium/4.1.2 (java windows)
Content-Length: 50
Content-Type: application/json; charset=utf-8
host: localhost:64407
accept: */*

Response DefaultHttpResponse(decodeResult: success, version: HTTP/1.1)
HTTP/1.1 200 OK
Content-Type: application/json; charset=utf-8
cache-control: no-cache
content-length: 14

10:52:41.666 [AsyncHttpClient-1-8] DEBUG org.asynchttpclient.netty.channel.ChannelManager - Adding key: http://localhost:64407 for channel [id: 0xc85fdf20, L:/127.0.0.1:59786 - R:localhost/127.0.0.1:64407]
10:52:41.670 [Forwarding sendKeysToElement on session f1b9293b7ff2048aa40e0c94c92ffb14 to remote] DEBUG org.asynchttpclient.netty.request.NettyRequestSender - Using pooled Channel '[id: 0xc85fdf20, L:/127.0.0.1:59786 - R:localhost/127.0.0.1:64407]' for 'POST' to 'http://localhost:64407/session/f1b9293b7ff2048aa40e0c94c92ffb14/element/92ca59b4-4f2b-4499-a778-4c1cc35b5f9c/value'
10:52:41.671 [Forwarding sendKeysToElement on session f1b9293b7ff2048aa40e0c94c92ffb14 to remote] DEBUG org.asynchttpclient.netty.request.NettyRequestSender - Using open Channel [id: 0xc85fdf20, L:/127.0.0.1:59786 - R:localhost/127.0.0.1:64407] for POST '/session/f1b9293b7ff2048aa40e0c94c92ffb14/element/92ca59b4-4f2b-4499-a778-4c1cc35b5f9c/value'
10:52:41.675 [AsyncHttpClient-1-1] DEBUG org.asynchttpclient.netty.channel.DefaultChannelPool - Entry count for : http://localhost:59787 : 1
10:52:41.906 [AsyncHttpClient-1-8] DEBUG org.asynchttpclient.netty.handler.HttpHandler - 

Request DefaultHttpRequest(decodeResult: success, version: HTTP/1.1)
POST /session/f1b9293b7ff2048aa40e0c94c92ffb14/element/92ca59b4-4f2b-4499-a778-4c1cc35b5f9c/value HTTP/1.1
User-Agent: selenium/4.1.2 (java windows)
Content-Length: 251
Content-Type: application/json; charset=utf-8
host: localhost:64407
accept: */*

Response DefaultHttpResponse(decodeResult: success, version: HTTP/1.1)
HTTP/1.1 200 OK
Content-Type: application/json; charset=utf-8
cache-control: no-cache
content-length: 14

10:52:41.906 [AsyncHttpClient-1-8] DEBUG org.asynchttpclient.netty.channel.ChannelManager - Adding key: http://localhost:64407 for channel [id: 0xc85fdf20, L:/127.0.0.1:59786 - R:localhost/127.0.0.1:64407]
10:52:41.917 [Forwarding findElement on session f1b9293b7ff2048aa40e0c94c92ffb14 to remote] DEBUG org.asynchttpclient.netty.request.NettyRequestSender - Using pooled Channel '[id: 0xc85fdf20, L:/127.0.0.1:59786 - R:localhost/127.0.0.1:64407]' for 'POST' to 'http://localhost:64407/session/f1b9293b7ff2048aa40e0c94c92ffb14/element'
10:52:41.917 [Forwarding findElement on session f1b9293b7ff2048aa40e0c94c92ffb14 to remote] DEBUG org.asynchttpclient.netty.request.NettyRequestSender - Using open Channel [id: 0xc85fdf20, L:/127.0.0.1:59786 - R:localhost/127.0.0.1:64407] for POST '/session/f1b9293b7ff2048aa40e0c94c92ffb14/element'
10:52:41.943 [AsyncHttpClient-1-8] DEBUG org.asynchttpclient.netty.handler.HttpHandler - 

Request DefaultHttpRequest(decodeResult: success, version: HTTP/1.1)
POST /session/f1b9293b7ff2048aa40e0c94c92ffb14/element HTTP/1.1
User-Agent: selenium/4.1.2 (java windows)
Content-Length: 321
Content-Type: application/json; charset=utf-8
host: localhost:64407
accept: */*

Response DefaultHttpResponse(decodeResult: success, version: HTTP/1.1)
HTTP/1.1 200 OK
Content-Type: application/json; charset=utf-8
cache-control: no-cache
content-length: 88

10:52:41.944 [AsyncHttpClient-1-8] DEBUG org.asynchttpclient.netty.channel.ChannelManager - Adding key: http://localhost:64407 for channel [id: 0xc85fdf20, L:/127.0.0.1:59786 - R:localhost/127.0.0.1:64407]
10:52:41.947 [Forwarding getElementTagName on session f1b9293b7ff2048aa40e0c94c92ffb14 to remote] DEBUG org.asynchttpclient.netty.request.NettyRequestSender - Using pooled Channel '[id: 0xc85fdf20, L:/127.0.0.1:59786 - R:localhost/127.0.0.1:64407]' for 'GET' to 'http://localhost:64407/session/f1b9293b7ff2048aa40e0c94c92ffb14/element/468fd54e-3732-4fdf-9da4-14c643747ff8/name'
10:52:41.947 [Forwarding getElementTagName on session f1b9293b7ff2048aa40e0c94c92ffb14 to remote] DEBUG org.asynchttpclient.netty.request.NettyRequestSender - Using open Channel [id: 0xc85fdf20, L:/127.0.0.1:59786 - R:localhost/127.0.0.1:64407] for GET '/session/f1b9293b7ff2048aa40e0c94c92ffb14/element/468fd54e-3732-4fdf-9da4-14c643747ff8/name'
10:52:41.956 [AsyncHttpClient-1-8] DEBUG org.asynchttpclient.netty.handler.HttpHandler - 

Request DefaultFullHttpRequest(decodeResult: success, version: HTTP/1.1, content: EmptyByteBufBE)
GET /session/f1b9293b7ff2048aa40e0c94c92ffb14/element/468fd54e-3732-4fdf-9da4-14c643747ff8/name HTTP/1.1
User-Agent: selenium/4.1.2 (java windows)
Cache-Control: no-cache
Content-Type: application/json; charset=utf-8
host: localhost:64407
accept: */*

Response DefaultHttpResponse(decodeResult: success, version: HTTP/1.1)
HTTP/1.1 200 OK
Content-Type: application/json; charset=utf-8
cache-control: no-cache
content-length: 18

10:52:41.956 [AsyncHttpClient-1-8] DEBUG org.asynchttpclient.netty.channel.ChannelManager - Adding key: http://localhost:64407 for channel [id: 0xc85fdf20, L:/127.0.0.1:59786 - R:localhost/127.0.0.1:64407]
10:52:41.958 [Forwarding getElementTagName on session f1b9293b7ff2048aa40e0c94c92ffb14 to remote] DEBUG org.asynchttpclient.netty.request.NettyRequestSender - Using pooled Channel '[id: 0xc85fdf20, L:/127.0.0.1:59786 - R:localhost/127.0.0.1:64407]' for 'GET' to 'http://localhost:64407/session/f1b9293b7ff2048aa40e0c94c92ffb14/element/468fd54e-3732-4fdf-9da4-14c643747ff8/name'
10:52:41.958 [Forwarding getElementTagName on session f1b9293b7ff2048aa40e0c94c92ffb14 to remote] DEBUG org.asynchttpclient.netty.request.NettyRequestSender - Using open Channel [id: 0xc85fdf20, L:/127.0.0.1:59786 - R:localhost/127.0.0.1:64407] for GET '/session/f1b9293b7ff2048aa40e0c94c92ffb14/element/468fd54e-3732-4fdf-9da4-14c643747ff8/name'
10:52:41.965 [AsyncHttpClient-1-8] DEBUG org.asynchttpclient.netty.handler.HttpHandler - 

Request DefaultFullHttpRequest(decodeResult: success, version: HTTP/1.1, content: EmptyByteBufBE)
GET /session/f1b9293b7ff2048aa40e0c94c92ffb14/element/468fd54e-3732-4fdf-9da4-14c643747ff8/name HTTP/1.1
User-Agent: selenium/4.1.2 (java windows)
Cache-Control: no-cache
Content-Type: application/json; charset=utf-8
host: localhost:64407
accept: */*

Response DefaultHttpResponse(decodeResult: success, version: HTTP/1.1)
HTTP/1.1 200 OK
Content-Type: application/json; charset=utf-8
cache-control: no-cache
content-length: 18

10:52:41.965 [AsyncHttpClient-1-8] DEBUG org.asynchttpclient.netty.channel.ChannelManager - Adding key: http://localhost:64407 for channel [id: 0xc85fdf20, L:/127.0.0.1:59786 - R:localhost/127.0.0.1:64407]
10:52:41.967 [Forwarding isElementEnabled on session f1b9293b7ff2048aa40e0c94c92ffb14 to remote] DEBUG org.asynchttpclient.netty.request.NettyRequestSender - Using pooled Channel '[id: 0xc85fdf20, L:/127.0.0.1:59786 - R:localhost/127.0.0.1:64407]' for 'GET' to 'http://localhost:64407/session/f1b9293b7ff2048aa40e0c94c92ffb14/element/468fd54e-3732-4fdf-9da4-14c643747ff8/enabled'
10:52:41.968 [Forwarding isElementEnabled on session f1b9293b7ff2048aa40e0c94c92ffb14 to remote] DEBUG org.asynchttpclient.netty.request.NettyRequestSender - Using open Channel [id: 0xc85fdf20, L:/127.0.0.1:59786 - R:localhost/127.0.0.1:64407] for GET '/session/f1b9293b7ff2048aa40e0c94c92ffb14/element/468fd54e-3732-4fdf-9da4-14c643747ff8/enabled'
10:52:41.980 [AsyncHttpClient-1-8] DEBUG org.asynchttpclient.netty.handler.HttpHandler - 

Request DefaultFullHttpRequest(decodeResult: success, version: HTTP/1.1, content: EmptyByteBufBE)
GET /session/f1b9293b7ff2048aa40e0c94c92ffb14/element/468fd54e-3732-4fdf-9da4-14c643747ff8/enabled HTTP/1.1
User-Agent: selenium/4.1.2 (java windows)
Cache-Control: no-cache
Content-Type: application/json; charset=utf-8
host: localhost:64407
accept: */*

Response DefaultHttpResponse(decodeResult: success, version: HTTP/1.1)
HTTP/1.1 200 OK
Content-Type: application/json; charset=utf-8
cache-control: no-cache
content-length: 14

10:52:41.981 [AsyncHttpClient-1-8] DEBUG org.asynchttpclient.netty.channel.ChannelManager - Adding key: http://localhost:64407 for channel [id: 0xc85fdf20, L:/127.0.0.1:59786 - R:localhost/127.0.0.1:64407]
10:52:41.982 [Forwarding isElementEnabled on session f1b9293b7ff2048aa40e0c94c92ffb14 to remote] DEBUG org.asynchttpclient.netty.request.NettyRequestSender - Using pooled Channel '[id: 0xc85fdf20, L:/127.0.0.1:59786 - R:localhost/127.0.0.1:64407]' for 'GET' to 'http://localhost:64407/session/f1b9293b7ff2048aa40e0c94c92ffb14/element/468fd54e-3732-4fdf-9da4-14c643747ff8/enabled'
10:52:41.982 [Forwarding isElementEnabled on session f1b9293b7ff2048aa40e0c94c92ffb14 to remote] DEBUG org.asynchttpclient.netty.request.NettyRequestSender - Using open Channel [id: 0xc85fdf20, L:/127.0.0.1:59786 - R:localhost/127.0.0.1:64407] for GET '/session/f1b9293b7ff2048aa40e0c94c92ffb14/element/468fd54e-3732-4fdf-9da4-14c643747ff8/enabled'
10:52:41.993 [AsyncHttpClient-1-8] DEBUG org.asynchttpclient.netty.handler.HttpHandler - 

Request DefaultFullHttpRequest(decodeResult: success, version: HTTP/1.1, content: EmptyByteBufBE)
GET /session/f1b9293b7ff2048aa40e0c94c92ffb14/element/468fd54e-3732-4fdf-9da4-14c643747ff8/enabled HTTP/1.1
User-Agent: selenium/4.1.2 (java windows)
Cache-Control: no-cache
Content-Type: application/json; charset=utf-8
host: localhost:64407
accept: */*

Response DefaultHttpResponse(decodeResult: success, version: HTTP/1.1)
HTTP/1.1 200 OK
Content-Type: application/json; charset=utf-8
cache-control: no-cache
content-length: 14

10:52:41.994 [AsyncHttpClient-1-8] DEBUG org.asynchttpclient.netty.channel.ChannelManager - Adding key: http://localhost:64407 for channel [id: 0xc85fdf20, L:/127.0.0.1:59786 - R:localhost/127.0.0.1:64407]
10:52:41.998 [Forwarding findElement on session f1b9293b7ff2048aa40e0c94c92ffb14 to remote] DEBUG org.asynchttpclient.netty.request.NettyRequestSender - Using pooled Channel '[id: 0xc85fdf20, L:/127.0.0.1:59786 - R:localhost/127.0.0.1:64407]' for 'POST' to 'http://localhost:64407/session/f1b9293b7ff2048aa40e0c94c92ffb14/element'
10:52:41.998 [Forwarding findElement on session f1b9293b7ff2048aa40e0c94c92ffb14 to remote] DEBUG org.asynchttpclient.netty.request.NettyRequestSender - Using open Channel [id: 0xc85fdf20, L:/127.0.0.1:59786 - R:localhost/127.0.0.1:64407] for POST '/session/f1b9293b7ff2048aa40e0c94c92ffb14/element'
10:52:42.011 [AsyncHttpClient-1-8] DEBUG org.asynchttpclient.netty.handler.HttpHandler - 

Request DefaultHttpRequest(decodeResult: success, version: HTTP/1.1)
POST /session/f1b9293b7ff2048aa40e0c94c92ffb14/element HTTP/1.1
User-Agent: selenium/4.1.2 (java windows)
Content-Length: 321
Content-Type: application/json; charset=utf-8
host: localhost:64407
accept: */*

Response DefaultHttpResponse(decodeResult: success, version: HTTP/1.1)
HTTP/1.1 200 OK
Content-Type: application/json; charset=utf-8
cache-control: no-cache
content-length: 88

10:52:42.011 [AsyncHttpClient-1-8] DEBUG org.asynchttpclient.netty.channel.ChannelManager - Adding key: http://localhost:64407 for channel [id: 0xc85fdf20, L:/127.0.0.1:59786 - R:localhost/127.0.0.1:64407]
10:52:42.013 [Forwarding clickElement on session f1b9293b7ff2048aa40e0c94c92ffb14 to remote] DEBUG org.asynchttpclient.netty.request.NettyRequestSender - Using pooled Channel '[id: 0xc85fdf20, L:/127.0.0.1:59786 - R:localhost/127.0.0.1:64407]' for 'POST' to 'http://localhost:64407/session/f1b9293b7ff2048aa40e0c94c92ffb14/element/468fd54e-3732-4fdf-9da4-14c643747ff8/click'
10:52:42.013 [Forwarding clickElement on session f1b9293b7ff2048aa40e0c94c92ffb14 to remote] DEBUG org.asynchttpclient.netty.request.NettyRequestSender - Using open Channel [id: 0xc85fdf20, L:/127.0.0.1:59786 - R:localhost/127.0.0.1:64407] for POST '/session/f1b9293b7ff2048aa40e0c94c92ffb14/element/468fd54e-3732-4fdf-9da4-14c643747ff8/click'
10:52:42.083 [AsyncHttpClient-1-8] DEBUG org.asynchttpclient.netty.handler.HttpHandler - 

Request DefaultHttpRequest(decodeResult: success, version: HTTP/1.1)
POST /session/f1b9293b7ff2048aa40e0c94c92ffb14/element/468fd54e-3732-4fdf-9da4-14c643747ff8/click HTTP/1.1
User-Agent: selenium/4.1.2 (java windows)
Content-Length: 50
Content-Type: application/json; charset=utf-8
host: localhost:64407
accept: */*

Response DefaultHttpResponse(decodeResult: success, version: HTTP/1.1)
HTTP/1.1 200 OK
Content-Type: application/json; charset=utf-8
cache-control: no-cache
content-length: 14

10:52:42.084 [AsyncHttpClient-1-8] DEBUG org.asynchttpclient.netty.channel.ChannelManager - Adding key: http://localhost:64407 for channel [id: 0xc85fdf20, L:/127.0.0.1:59786 - R:localhost/127.0.0.1:64407]
  &amp#27;[32mAnd &amp#27;[0m&amp#27;[32mI have logged in&amp#27;[0m                 &amp#27;[90m# starter.stepdefinitions.ManageVaccinationBookingsSteps.iHaveLoggedIn()&amp#27;[0m
10:52:42.094 [Forwarding screenshot on session f1b9293b7ff2048aa40e0c94c92ffb14 to remote] DEBUG org.asynchttpclient.netty.request.NettyRequestSender - Using pooled Channel '[id: 0xc85fdf20, L:/127.0.0.1:59786 - R:localhost/127.0.0.1:64407]' for 'GET' to 'http://localhost:64407/session/f1b9293b7ff2048aa40e0c94c92ffb14/screenshot'
10:52:42.094 [Forwarding screenshot on session f1b9293b7ff2048aa40e0c94c92ffb14 to remote] DEBUG org.asynchttpclient.netty.request.NettyRequestSender - Using open Channel [id: 0xc85fdf20, L:/127.0.0.1:59786 - R:localhost/127.0.0.1:64407] for GET '/session/f1b9293b7ff2048aa40e0c94c92ffb14/screenshot'
10:52:42.436 [AsyncHttpClient-1-8] DEBUG org.asynchttpclient.netty.handler.HttpHandler - 

Request DefaultFullHttpRequest(decodeResult: success, version: HTTP/1.1, content: EmptyByteBufBE)
GET /session/f1b9293b7ff2048aa40e0c94c92ffb14/screenshot HTTP/1.1
User-Agent: selenium/4.1.2 (java windows)
Cache-Control: no-cache
Content-Type: application/json; charset=utf-8
host: localhost:64407
accept: */*

Response DefaultHttpResponse(decodeResult: success, version: HTTP/1.1)
HTTP/1.1 200 OK
Content-Type: application/json; charset=utf-8
cache-control: no-cache
content-length: 115724

10:52:42.436 [AsyncHttpClient-1-8] DEBUG org.asynchttpclient.netty.channel.ChannelManager - Adding key: http://localhost:64407 for channel [id: 0xc85fdf20, L:/127.0.0.1:59786 - R:localhost/127.0.0.1:64407]
10:52:42.440 [main] DEBUG net.serenitybdd.core.photography.Darkroom - Send negative for processing for target\site\serenity\a06947d1689368ec70d0242318de586140437fcf35ab3ce3b8f172a996deda9b.png
10:52:42.440 [Darkroom Processing Line] DEBUG net.serenitybdd.core.photography.DarkroomProcessingLine - Processing screenshot image in /var/screenshots/screenshot-17288401297682973930
10:52:42.440 [Darkroom Processing Line] DEBUG net.serenitybdd.core.photography.DarkroomProcessingLine - Saving screenshot to target\site\serenity\a06947d1689368ec70d0242318de586140437fcf35ab3ce3b8f172a996deda9b.png
10:52:42.451 [Forwarding findElement on session f1b9293b7ff2048aa40e0c94c92ffb14 to remote] DEBUG org.asynchttpclient.netty.request.NettyRequestSender - Using pooled Channel '[id: 0xc85fdf20, L:/127.0.0.1:59786 - R:localhost/127.0.0.1:64407]' for 'POST' to 'http://localhost:64407/session/f1b9293b7ff2048aa40e0c94c92ffb14/element'
10:52:42.451 [Forwarding findElement on session f1b9293b7ff2048aa40e0c94c92ffb14 to remote] DEBUG org.asynchttpclient.netty.request.NettyRequestSender - Using open Channel [id: 0xc85fdf20, L:/127.0.0.1:59786 - R:localhost/127.0.0.1:64407] for POST '/session/f1b9293b7ff2048aa40e0c94c92ffb14/element'
10:52:42.700 [AsyncHttpClient-1-8] DEBUG org.asynchttpclient.netty.handler.HttpHandler - 

Request DefaultHttpRequest(decodeResult: success, version: HTTP/1.1)
POST /session/f1b9293b7ff2048aa40e0c94c92ffb14/element HTTP/1.1
User-Agent: selenium/4.1.2 (java windows)
Content-Length: 80
Content-Type: application/json; charset=utf-8
host: localhost:64407
accept: */*

Response DefaultHttpResponse(decodeResult: success, version: HTTP/1.1)
HTTP/1.1 200 OK
Content-Type: application/json; charset=utf-8
cache-control: no-cache
content-length: 88

10:52:42.701 [AsyncHttpClient-1-8] DEBUG org.asynchttpclient.netty.channel.ChannelManager - Adding key: http://localhost:64407 for channel [id: 0xc85fdf20, L:/127.0.0.1:59786 - R:localhost/127.0.0.1:64407]
10:52:42.703 [Forwarding getElementTagName on session f1b9293b7ff2048aa40e0c94c92ffb14 to remote] DEBUG org.asynchttpclient.netty.request.NettyRequestSender - Using pooled Channel '[id: 0xc85fdf20, L:/127.0.0.1:59786 - R:localhost/127.0.0.1:64407]' for 'GET' to 'http://localhost:64407/session/f1b9293b7ff2048aa40e0c94c92ffb14/element/1f6aaf33-64db-46c5-85ff-53cc6c4a75ee/name'
10:52:42.703 [Forwarding getElementTagName on session f1b9293b7ff2048aa40e0c94c92ffb14 to remote] DEBUG org.asynchttpclient.netty.request.NettyRequestSender - Using open Channel [id: 0xc85fdf20, L:/127.0.0.1:59786 - R:localhost/127.0.0.1:64407] for GET '/session/f1b9293b7ff2048aa40e0c94c92ffb14/element/1f6aaf33-64db-46c5-85ff-53cc6c4a75ee/name'
10:52:42.733 [AsyncHttpClient-1-8] DEBUG org.asynchttpclient.netty.handler.HttpHandler - 

Request DefaultFullHttpRequest(decodeResult: success, version: HTTP/1.1, content: EmptyByteBufBE)
GET /session/f1b9293b7ff2048aa40e0c94c92ffb14/element/1f6aaf33-64db-46c5-85ff-53cc6c4a75ee/name HTTP/1.1
User-Agent: selenium/4.1.2 (java windows)
Cache-Control: no-cache
Content-Type: application/json; charset=utf-8
host: localhost:64407
accept: */*

Response DefaultHttpResponse(decodeResult: success, version: HTTP/1.1)
HTTP/1.1 200 OK
Content-Type: application/json; charset=utf-8
cache-control: no-cache
content-length: 13

10:52:42.734 [AsyncHttpClient-1-8] DEBUG org.asynchttpclient.netty.channel.ChannelManager - Adding key: http://localhost:64407 for channel [id: 0xc85fdf20, L:/127.0.0.1:59786 - R:localhost/127.0.0.1:64407]
10:52:42.735 [Forwarding getElementTagName on session f1b9293b7ff2048aa40e0c94c92ffb14 to remote] DEBUG org.asynchttpclient.netty.request.NettyRequestSender - Using pooled Channel '[id: 0xc85fdf20, L:/127.0.0.1:59786 - R:localhost/127.0.0.1:64407]' for 'GET' to 'http://localhost:64407/session/f1b9293b7ff2048aa40e0c94c92ffb14/element/1f6aaf33-64db-46c5-85ff-53cc6c4a75ee/name'
10:52:42.735 [Forwarding getElementTagName on session f1b9293b7ff2048aa40e0c94c92ffb14 to remote] DEBUG org.asynchttpclient.netty.request.NettyRequestSender - Using open Channel [id: 0xc85fdf20, L:/127.0.0.1:59786 - R:localhost/127.0.0.1:64407] for GET '/session/f1b9293b7ff2048aa40e0c94c92ffb14/element/1f6aaf33-64db-46c5-85ff-53cc6c4a75ee/name'
10:52:42.741 [AsyncHttpClient-1-8] DEBUG org.asynchttpclient.netty.handler.HttpHandler - 

Request DefaultFullHttpRequest(decodeResult: success, version: HTTP/1.1, content: EmptyByteBufBE)
GET /session/f1b9293b7ff2048aa40e0c94c92ffb14/element/1f6aaf33-64db-46c5-85ff-53cc6c4a75ee/name HTTP/1.1
User-Agent: selenium/4.1.2 (java windows)
Cache-Control: no-cache
Content-Type: application/json; charset=utf-8
host: localhost:64407
accept: */*

Response DefaultHttpResponse(decodeResult: success, version: HTTP/1.1)
HTTP/1.1 200 OK
Content-Type: application/json; charset=utf-8
cache-control: no-cache
content-length: 13

10:52:42.741 [AsyncHttpClient-1-8] DEBUG org.asynchttpclient.netty.channel.ChannelManager - Adding key: http://localhost:64407 for channel [id: 0xc85fdf20, L:/127.0.0.1:59786 - R:localhost/127.0.0.1:64407]
10:52:42.746 [Forwarding findElement on session f1b9293b7ff2048aa40e0c94c92ffb14 to remote] DEBUG org.asynchttpclient.netty.request.NettyRequestSender - Using pooled Channel '[id: 0xc85fdf20, L:/127.0.0.1:59786 - R:localhost/127.0.0.1:64407]' for 'POST' to 'http://localhost:64407/session/f1b9293b7ff2048aa40e0c94c92ffb14/element'
10:52:42.747 [Forwarding findElement on session f1b9293b7ff2048aa40e0c94c92ffb14 to remote] DEBUG org.asynchttpclient.netty.request.NettyRequestSender - Using open Channel [id: 0xc85fdf20, L:/127.0.0.1:59786 - R:localhost/127.0.0.1:64407] for POST '/session/f1b9293b7ff2048aa40e0c94c92ffb14/element'
10:52:42.757 [AsyncHttpClient-1-8] DEBUG org.asynchttpclient.netty.handler.HttpHandler - 

Request DefaultHttpRequest(decodeResult: success, version: HTTP/1.1)
POST /session/f1b9293b7ff2048aa40e0c94c92ffb14/element HTTP/1.1
User-Agent: selenium/4.1.2 (java windows)
Content-Length: 80
Content-Type: application/json; charset=utf-8
host: localhost:64407
accept: */*

Response DefaultHttpResponse(decodeResult: success, version: HTTP/1.1)
HTTP/1.1 200 OK
Content-Type: application/json; charset=utf-8
cache-control: no-cache
content-length: 88

10:52:42.757 [AsyncHttpClient-1-8] DEBUG org.asynchttpclient.netty.channel.ChannelManager - Adding key: http://localhost:64407 for channel [id: 0xc85fdf20, L:/127.0.0.1:59786 - R:localhost/127.0.0.1:64407]
10:52:42.759 [Forwarding clickElement on session f1b9293b7ff2048aa40e0c94c92ffb14 to remote] DEBUG org.asynchttpclient.netty.request.NettyRequestSender - Using pooled Channel '[id: 0xc85fdf20, L:/127.0.0.1:59786 - R:localhost/127.0.0.1:64407]' for 'POST' to 'http://localhost:64407/session/f1b9293b7ff2048aa40e0c94c92ffb14/element/1f6aaf33-64db-46c5-85ff-53cc6c4a75ee/click'
10:52:42.759 [Forwarding clickElement on session f1b9293b7ff2048aa40e0c94c92ffb14 to remote] DEBUG org.asynchttpclient.netty.request.NettyRequestSender - Using open Channel [id: 0xc85fdf20, L:/127.0.0.1:59786 - R:localhost/127.0.0.1:64407] for POST '/session/f1b9293b7ff2048aa40e0c94c92ffb14/element/1f6aaf33-64db-46c5-85ff-53cc6c4a75ee/click'
10:52:42.776 [AsyncHttpClient-1-1] DEBUG org.asynchttpclient.netty.channel.DefaultChannelPool - Entry count for : http://localhost:59787 : 1
10:52:42.987 [AsyncHttpClient-1-8] DEBUG org.asynchttpclient.netty.handler.HttpHandler - 

Request DefaultHttpRequest(decodeResult: success, version: HTTP/1.1)
POST /session/f1b9293b7ff2048aa40e0c94c92ffb14/element/1f6aaf33-64db-46c5-85ff-53cc6c4a75ee/click HTTP/1.1
User-Agent: selenium/4.1.2 (java windows)
Content-Length: 50
Content-Type: application/json; charset=utf-8
host: localhost:64407
accept: */*

Response DefaultHttpResponse(decodeResult: success, version: HTTP/1.1)
HTTP/1.1 200 OK
Content-Type: application/json; charset=utf-8
cache-control: no-cache
content-length: 14

10:52:42.987 [AsyncHttpClient-1-8] DEBUG org.asynchttpclient.netty.channel.ChannelManager - Adding key: http://localhost:64407 for channel [id: 0xc85fdf20, L:/127.0.0.1:59786 - R:localhost/127.0.0.1:64407]
  &amp#27;[32mWhen &amp#27;[0m&amp#27;[32mI go to Book Vaksinasi page&amp#27;[0m     &amp#27;[90m# starter.stepdefinitions.ManageVaccinationBookingsSteps.iGoToBookVaksinasiPage()&amp#27;[0m
10:52:43.000 [Forwarding screenshot on session f1b9293b7ff2048aa40e0c94c92ffb14 to remote] DEBUG org.asynchttpclient.netty.request.NettyRequestSender - Using pooled Channel '[id: 0xc85fdf20, L:/127.0.0.1:59786 - R:localhost/127.0.0.1:64407]' for 'GET' to 'http://localhost:64407/session/f1b9293b7ff2048aa40e0c94c92ffb14/screenshot'
10:52:43.000 [Forwarding screenshot on session f1b9293b7ff2048aa40e0c94c92ffb14 to remote] DEBUG org.asynchttpclient.netty.request.NettyRequestSender - Using open Channel [id: 0xc85fdf20, L:/127.0.0.1:59786 - R:localhost/127.0.0.1:64407] for GET '/session/f1b9293b7ff2048aa40e0c94c92ffb14/screenshot'
10:52:43.345 [AsyncHttpClient-1-8] DEBUG org.asynchttpclient.netty.handler.HttpHandler - 

Request DefaultFullHttpRequest(decodeResult: success, version: HTTP/1.1, content: EmptyByteBufBE)
GET /session/f1b9293b7ff2048aa40e0c94c92ffb14/screenshot HTTP/1.1
User-Agent: selenium/4.1.2 (java windows)
Cache-Control: no-cache
Content-Type: application/json; charset=utf-8
host: localhost:64407
accept: */*

Response DefaultHttpResponse(decodeResult: success, version: HTTP/1.1)
HTTP/1.1 200 OK
Content-Type: application/json; charset=utf-8
cache-control: no-cache
content-length: 103628

10:52:43.347 [AsyncHttpClient-1-8] DEBUG org.asynchttpclient.netty.channel.ChannelManager - Adding key: http://localhost:64407 for channel [id: 0xc85fdf20, L:/127.0.0.1:59786 - R:localhost/127.0.0.1:64407]
10:52:43.352 [main] DEBUG net.serenitybdd.core.photography.Darkroom - Send negative for processing for target\site\serenity\89ae9e0c47791a4449402e2a5edf61b18ef7944a9cf9d452a2e3767b0ecc00c8.png
10:52:43.352 [Darkroom Processing Line] DEBUG net.serenitybdd.core.photography.DarkroomProcessingLine - Processing screenshot image in /var/screenshots/screenshot-160596039794267200
10:52:43.352 [Darkroom Processing Line] DEBUG net.serenitybdd.core.photography.DarkroomProcessingLine - Saving screenshot to target\site\serenity\89ae9e0c47791a4449402e2a5edf61b18ef7944a9cf9d452a2e3767b0ecc00c8.png
10:52:43.364 [Forwarding findElement on session f1b9293b7ff2048aa40e0c94c92ffb14 to remote] DEBUG org.asynchttpclient.netty.request.NettyRequestSender - Using pooled Channel '[id: 0xc85fdf20, L:/127.0.0.1:59786 - R:localhost/127.0.0.1:64407]' for 'POST' to 'http://localhost:64407/session/f1b9293b7ff2048aa40e0c94c92ffb14/element'
10:52:43.364 [Forwarding findElement on session f1b9293b7ff2048aa40e0c94c92ffb14 to remote] DEBUG org.asynchttpclient.netty.request.NettyRequestSender - Using open Channel [id: 0xc85fdf20, L:/127.0.0.1:59786 - R:localhost/127.0.0.1:64407] for POST '/session/f1b9293b7ff2048aa40e0c94c92ffb14/element'
10:52:43.508 [AsyncHttpClient-1-8] DEBUG org.asynchttpclient.netty.handler.HttpHandler - 

Request DefaultHttpRequest(decodeResult: success, version: HTTP/1.1)
POST /session/f1b9293b7ff2048aa40e0c94c92ffb14/element HTTP/1.1
User-Agent: selenium/4.1.2 (java windows)
Content-Length: 117
Content-Type: application/json; charset=utf-8
host: localhost:64407
accept: */*

Response DefaultHttpResponse(decodeResult: success, version: HTTP/1.1)
HTTP/1.1 200 OK
Content-Type: application/json; charset=utf-8
cache-control: no-cache
content-length: 88

10:52:43.508 [AsyncHttpClient-1-8] DEBUG org.asynchttpclient.netty.channel.ChannelManager - Adding key: http://localhost:64407 for channel [id: 0xc85fdf20, L:/127.0.0.1:59786 - R:localhost/127.0.0.1:64407]
10:52:43.513 [Forwarding getElementTagName on session f1b9293b7ff2048aa40e0c94c92ffb14 to remote] DEBUG org.asynchttpclient.netty.request.NettyRequestSender - Using pooled Channel '[id: 0xc85fdf20, L:/127.0.0.1:59786 - R:localhost/127.0.0.1:64407]' for 'GET' to 'http://localhost:64407/session/f1b9293b7ff2048aa40e0c94c92ffb14/element/0e6a45e3-bd20-4595-bddd-458f65542eec/name'
10:52:43.513 [Forwarding getElementTagName on session f1b9293b7ff2048aa40e0c94c92ffb14 to remote] DEBUG org.asynchttpclient.netty.request.NettyRequestSender - Using open Channel [id: 0xc85fdf20, L:/127.0.0.1:59786 - R:localhost/127.0.0.1:64407] for GET '/session/f1b9293b7ff2048aa40e0c94c92ffb14/element/0e6a45e3-bd20-4595-bddd-458f65542eec/name'
10:52:43.519 [AsyncHttpClient-1-8] DEBUG org.asynchttpclient.netty.handler.HttpHandler - 

Request DefaultFullHttpRequest(decodeResult: success, version: HTTP/1.1, content: EmptyByteBufBE)
GET /session/f1b9293b7ff2048aa40e0c94c92ffb14/element/0e6a45e3-bd20-4595-bddd-458f65542eec/name HTTP/1.1
User-Agent: selenium/4.1.2 (java windows)
Cache-Control: no-cache
Content-Type: application/json; charset=utf-8
host: localhost:64407
accept: */*

Response DefaultHttpResponse(decodeResult: success, version: HTTP/1.1)
HTTP/1.1 200 OK
Content-Type: application/json; charset=utf-8
cache-control: no-cache
content-length: 15

10:52:43.519 [AsyncHttpClient-1-8] DEBUG org.asynchttpclient.netty.channel.ChannelManager - Adding key: http://localhost:64407 for channel [id: 0xc85fdf20, L:/127.0.0.1:59786 - R:localhost/127.0.0.1:64407]
10:52:43.520 [Forwarding getElementTagName on session f1b9293b7ff2048aa40e0c94c92ffb14 to remote] DEBUG org.asynchttpclient.netty.request.NettyRequestSender - Using pooled Channel '[id: 0xc85fdf20, L:/127.0.0.1:59786 - R:localhost/127.0.0.1:64407]' for 'GET' to 'http://localhost:64407/session/f1b9293b7ff2048aa40e0c94c92ffb14/element/0e6a45e3-bd20-4595-bddd-458f65542eec/name'
10:52:43.520 [Forwarding getElementTagName on session f1b9293b7ff2048aa40e0c94c92ffb14 to remote] DEBUG org.asynchttpclient.netty.request.NettyRequestSender - Using open Channel [id: 0xc85fdf20, L:/127.0.0.1:59786 - R:localhost/127.0.0.1:64407] for GET '/session/f1b9293b7ff2048aa40e0c94c92ffb14/element/0e6a45e3-bd20-4595-bddd-458f65542eec/name'
10:52:43.524 [AsyncHttpClient-1-8] DEBUG org.asynchttpclient.netty.handler.HttpHandler - 

Request DefaultFullHttpRequest(decodeResult: success, version: HTTP/1.1, content: EmptyByteBufBE)
GET /session/f1b9293b7ff2048aa40e0c94c92ffb14/element/0e6a45e3-bd20-4595-bddd-458f65542eec/name HTTP/1.1
User-Agent: selenium/4.1.2 (java windows)
Cache-Control: no-cache
Content-Type: application/json; charset=utf-8
host: localhost:64407
accept: */*

Response DefaultHttpResponse(decodeResult: success, version: HTTP/1.1)
HTTP/1.1 200 OK
Content-Type: application/json; charset=utf-8
cache-control: no-cache
content-length: 15

10:52:43.524 [AsyncHttpClient-1-8] DEBUG org.asynchttpclient.netty.channel.ChannelManager - Adding key: http://localhost:64407 for channel [id: 0xc85fdf20, L:/127.0.0.1:59786 - R:localhost/127.0.0.1:64407]
10:52:43.528 [Forwarding findElement on session f1b9293b7ff2048aa40e0c94c92ffb14 to remote] DEBUG org.asynchttpclient.netty.request.NettyRequestSender - Using pooled Channel '[id: 0xc85fdf20, L:/127.0.0.1:59786 - R:localhost/127.0.0.1:64407]' for 'POST' to 'http://localhost:64407/session/f1b9293b7ff2048aa40e0c94c92ffb14/element'
10:52:43.528 [Forwarding findElement on session f1b9293b7ff2048aa40e0c94c92ffb14 to remote] DEBUG org.asynchttpclient.netty.request.NettyRequestSender - Using open Channel [id: 0xc85fdf20, L:/127.0.0.1:59786 - R:localhost/127.0.0.1:64407] for POST '/session/f1b9293b7ff2048aa40e0c94c92ffb14/element'
10:52:43.538 [AsyncHttpClient-1-8] DEBUG org.asynchttpclient.netty.handler.HttpHandler - 

Request DefaultHttpRequest(decodeResult: success, version: HTTP/1.1)
POST /session/f1b9293b7ff2048aa40e0c94c92ffb14/element HTTP/1.1
User-Agent: selenium/4.1.2 (java windows)
Content-Length: 117
Content-Type: application/json; charset=utf-8
host: localhost:64407
accept: */*

Response DefaultHttpResponse(decodeResult: success, version: HTTP/1.1)
HTTP/1.1 200 OK
Content-Type: application/json; charset=utf-8
cache-control: no-cache
content-length: 88

10:52:43.538 [AsyncHttpClient-1-8] DEBUG org.asynchttpclient.netty.channel.ChannelManager - Adding key: http://localhost:64407 for channel [id: 0xc85fdf20, L:/127.0.0.1:59786 - R:localhost/127.0.0.1:64407]
10:52:43.540 [Forwarding clickElement on session f1b9293b7ff2048aa40e0c94c92ffb14 to remote] DEBUG org.asynchttpclient.netty.request.NettyRequestSender - Using pooled Channel '[id: 0xc85fdf20, L:/127.0.0.1:59786 - R:localhost/127.0.0.1:64407]' for 'POST' to 'http://localhost:64407/session/f1b9293b7ff2048aa40e0c94c92ffb14/element/0e6a45e3-bd20-4595-bddd-458f65542eec/click'
10:52:43.540 [Forwarding clickElement on session f1b9293b7ff2048aa40e0c94c92ffb14 to remote] DEBUG org.asynchttpclient.netty.request.NettyRequestSender - Using open Channel [id: 0xc85fdf20, L:/127.0.0.1:59786 - R:localhost/127.0.0.1:64407] for POST '/session/f1b9293b7ff2048aa40e0c94c92ffb14/element/0e6a45e3-bd20-4595-bddd-458f65542eec/click'
10:52:43.716 [AsyncHttpClient-1-8] DEBUG org.asynchttpclient.netty.handler.HttpHandler - 

Request DefaultHttpRequest(decodeResult: success, version: HTTP/1.1)
POST /session/f1b9293b7ff2048aa40e0c94c92ffb14/element/0e6a45e3-bd20-4595-bddd-458f65542eec/click HTTP/1.1
User-Agent: selenium/4.1.2 (java windows)
Content-Length: 50
Content-Type: application/json; charset=utf-8
host: localhost:64407
accept: */*

Response DefaultHttpResponse(decodeResult: success, version: HTTP/1.1)
HTTP/1.1 200 OK
Content-Type: application/json; charset=utf-8
cache-control: no-cache
content-length: 14

10:52:43.716 [AsyncHttpClient-1-8] DEBUG org.asynchttpclient.netty.channel.ChannelManager - Adding key: http://localhost:64407 for channel [id: 0xc85fdf20, L:/127.0.0.1:59786 - R:localhost/127.0.0.1:64407]
  &amp#27;[32mAnd &amp#27;[0m&amp#27;[32mI select a session&amp#27;[0m               &amp#27;[90m# starter.stepdefinitions.ManageVaccinationBookingsSteps.iSelectASession()&amp#27;[0m
10:52:43.726 [Forwarding screenshot on session f1b9293b7ff2048aa40e0c94c92ffb14 to remote] DEBUG org.asynchttpclient.netty.request.NettyRequestSender - Using pooled Channel '[id: 0xc85fdf20, L:/127.0.0.1:59786 - R:localhost/127.0.0.1:64407]' for 'GET' to 'http://localhost:64407/session/f1b9293b7ff2048aa40e0c94c92ffb14/screenshot'
10:52:43.726 [Forwarding screenshot on session f1b9293b7ff2048aa40e0c94c92ffb14 to remote] DEBUG org.asynchttpclient.netty.request.NettyRequestSender - Using open Channel [id: 0xc85fdf20, L:/127.0.0.1:59786 - R:localhost/127.0.0.1:64407] for GET '/session/f1b9293b7ff2048aa40e0c94c92ffb14/screenshot'
10:52:43.883 [AsyncHttpClient-1-1] DEBUG org.asynchttpclient.netty.channel.DefaultChannelPool - Entry count for : http://localhost:59787 : 1
10:52:44.071 [AsyncHttpClient-1-8] DEBUG org.asynchttpclient.netty.handler.HttpHandler - 

Request DefaultFullHttpRequest(decodeResult: success, version: HTTP/1.1, content: EmptyByteBufBE)
GET /session/f1b9293b7ff2048aa40e0c94c92ffb14/screenshot HTTP/1.1
User-Agent: selenium/4.1.2 (java windows)
Cache-Control: no-cache
Content-Type: application/json; charset=utf-8
host: localhost:64407
accept: */*

Response DefaultHttpResponse(decodeResult: success, version: HTTP/1.1)
HTTP/1.1 200 OK
Content-Type: application/json; charset=utf-8
cache-control: no-cache
content-length: 151424

10:52:44.071 [AsyncHttpClient-1-8] DEBUG org.asynchttpclient.netty.channel.ChannelManager - Adding key: http://localhost:64407 for channel [id: 0xc85fdf20, L:/127.0.0.1:59786 - R:localhost/127.0.0.1:64407]
10:52:44.077 [main] DEBUG net.serenitybdd.core.photography.Darkroom - Send negative for processing for target\site\serenity\b9169cde782ca25abde25da91f01553f78c684d425b8eab889544d315f7099da.png
10:52:44.078 [Darkroom Processing Line] DEBUG net.serenitybdd.core.photography.DarkroomProcessingLine - Processing screenshot image in /var/screenshots/screenshot-14037165960938371471
10:52:44.078 [Darkroom Processing Line] DEBUG net.serenitybdd.core.photography.DarkroomProcessingLine - Saving screenshot to target\site\serenity\b9169cde782ca25abde25da91f01553f78c684d425b8eab889544d315f7099da.png
10:52:44.088 [Forwarding findElement on session f1b9293b7ff2048aa40e0c94c92ffb14 to remote] DEBUG org.asynchttpclient.netty.request.NettyRequestSender - Using pooled Channel '[id: 0xc85fdf20, L:/127.0.0.1:59786 - R:localhost/127.0.0.1:64407]' for 'POST' to 'http://localhost:64407/session/f1b9293b7ff2048aa40e0c94c92ffb14/element'
10:52:44.088 [Forwarding findElement on session f1b9293b7ff2048aa40e0c94c92ffb14 to remote] DEBUG org.asynchttpclient.netty.request.NettyRequestSender - Using open Channel [id: 0xc85fdf20, L:/127.0.0.1:59786 - R:localhost/127.0.0.1:64407] for POST '/session/f1b9293b7ff2048aa40e0c94c92ffb14/element'
10:52:44.110 [AsyncHttpClient-1-8] DEBUG org.asynchttpclient.netty.handler.HttpHandler - 

Request DefaultHttpRequest(decodeResult: success, version: HTTP/1.1)
POST /session/f1b9293b7ff2048aa40e0c94c92ffb14/element HTTP/1.1
User-Agent: selenium/4.1.2 (java windows)
Content-Length: 165
Content-Type: application/json; charset=utf-8
host: localhost:64407
accept: */*

Response DefaultHttpResponse(decodeResult: success, version: HTTP/1.1)
HTTP/1.1 200 OK
Content-Type: application/json; charset=utf-8
cache-control: no-cache
content-length: 88

10:52:44.111 [AsyncHttpClient-1-8] DEBUG org.asynchttpclient.netty.channel.ChannelManager - Adding key: http://localhost:64407 for channel [id: 0xc85fdf20, L:/127.0.0.1:59786 - R:localhost/127.0.0.1:64407]
10:52:44.113 [Forwarding getElementTagName on session f1b9293b7ff2048aa40e0c94c92ffb14 to remote] DEBUG org.asynchttpclient.netty.request.NettyRequestSender - Using pooled Channel '[id: 0xc85fdf20, L:/127.0.0.1:59786 - R:localhost/127.0.0.1:64407]' for 'GET' to 'http://localhost:64407/session/f1b9293b7ff2048aa40e0c94c92ffb14/element/00f84bd2-3cca-4203-b2f2-491ef3605722/name'
10:52:44.113 [Forwarding getElementTagName on session f1b9293b7ff2048aa40e0c94c92ffb14 to remote] DEBUG org.asynchttpclient.netty.request.NettyRequestSender - Using open Channel [id: 0xc85fdf20, L:/127.0.0.1:59786 - R:localhost/127.0.0.1:64407] for GET '/session/f1b9293b7ff2048aa40e0c94c92ffb14/element/00f84bd2-3cca-4203-b2f2-491ef3605722/name'
10:52:44.119 [AsyncHttpClient-1-8] DEBUG org.asynchttpclient.netty.handler.HttpHandler - 

Request DefaultFullHttpRequest(decodeResult: success, version: HTTP/1.1, content: EmptyByteBufBE)
GET /session/f1b9293b7ff2048aa40e0c94c92ffb14/element/00f84bd2-3cca-4203-b2f2-491ef3605722/name HTTP/1.1
User-Agent: selenium/4.1.2 (java windows)
Cache-Control: no-cache
Content-Type: application/json; charset=utf-8
host: localhost:64407
accept: */*

Response DefaultHttpResponse(decodeResult: success, version: HTTP/1.1)
HTTP/1.1 200 OK
Content-Type: application/json; charset=utf-8
cache-control: no-cache
content-length: 18

10:52:44.119 [AsyncHttpClient-1-8] DEBUG org.asynchttpclient.netty.channel.ChannelManager - Adding key: http://localhost:64407 for channel [id: 0xc85fdf20, L:/127.0.0.1:59786 - R:localhost/127.0.0.1:64407]
10:52:44.120 [Forwarding getElementTagName on session f1b9293b7ff2048aa40e0c94c92ffb14 to remote] DEBUG org.asynchttpclient.netty.request.NettyRequestSender - Using pooled Channel '[id: 0xc85fdf20, L:/127.0.0.1:59786 - R:localhost/127.0.0.1:64407]' for 'GET' to 'http://localhost:64407/session/f1b9293b7ff2048aa40e0c94c92ffb14/element/00f84bd2-3cca-4203-b2f2-491ef3605722/name'
10:52:44.120 [Forwarding getElementTagName on session f1b9293b7ff2048aa40e0c94c92ffb14 to remote] DEBUG org.asynchttpclient.netty.request.NettyRequestSender - Using open Channel [id: 0xc85fdf20, L:/127.0.0.1:59786 - R:localhost/127.0.0.1:64407] for GET '/session/f1b9293b7ff2048aa40e0c94c92ffb14/element/00f84bd2-3cca-4203-b2f2-491ef3605722/name'
10:52:44.124 [AsyncHttpClient-1-8] DEBUG org.asynchttpclient.netty.handler.HttpHandler - 

Request DefaultFullHttpRequest(decodeResult: success, version: HTTP/1.1, content: EmptyByteBufBE)
GET /session/f1b9293b7ff2048aa40e0c94c92ffb14/element/00f84bd2-3cca-4203-b2f2-491ef3605722/name HTTP/1.1
User-Agent: selenium/4.1.2 (java windows)
Cache-Control: no-cache
Content-Type: application/json; charset=utf-8
host: localhost:64407
accept: */*

Response DefaultHttpResponse(decodeResult: success, version: HTTP/1.1)
HTTP/1.1 200 OK
Content-Type: application/json; charset=utf-8
cache-control: no-cache
content-length: 18

10:52:44.124 [AsyncHttpClient-1-8] DEBUG org.asynchttpclient.netty.channel.ChannelManager - Adding key: http://localhost:64407 for channel [id: 0xc85fdf20, L:/127.0.0.1:59786 - R:localhost/127.0.0.1:64407]
10:52:44.130 [Forwarding isElementEnabled on session f1b9293b7ff2048aa40e0c94c92ffb14 to remote] DEBUG org.asynchttpclient.netty.request.NettyRequestSender - Using pooled Channel '[id: 0xc85fdf20, L:/127.0.0.1:59786 - R:localhost/127.0.0.1:64407]' for 'GET' to 'http://localhost:64407/session/f1b9293b7ff2048aa40e0c94c92ffb14/element/00f84bd2-3cca-4203-b2f2-491ef3605722/enabled'
10:52:44.130 [Forwarding isElementEnabled on session f1b9293b7ff2048aa40e0c94c92ffb14 to remote] DEBUG org.asynchttpclient.netty.request.NettyRequestSender - Using open Channel [id: 0xc85fdf20, L:/127.0.0.1:59786 - R:localhost/127.0.0.1:64407] for GET '/session/f1b9293b7ff2048aa40e0c94c92ffb14/element/00f84bd2-3cca-4203-b2f2-491ef3605722/enabled'
10:52:44.140 [AsyncHttpClient-1-8] DEBUG org.asynchttpclient.netty.handler.HttpHandler - 

Request DefaultFullHttpRequest(decodeResult: success, version: HTTP/1.1, content: EmptyByteBufBE)
GET /session/f1b9293b7ff2048aa40e0c94c92ffb14/element/00f84bd2-3cca-4203-b2f2-491ef3605722/enabled HTTP/1.1
User-Agent: selenium/4.1.2 (java windows)
Cache-Control: no-cache
Content-Type: application/json; charset=utf-8
host: localhost:64407
accept: */*

Response DefaultHttpResponse(decodeResult: success, version: HTTP/1.1)
HTTP/1.1 200 OK
Content-Type: application/json; charset=utf-8
cache-control: no-cache
content-length: 14

10:52:44.140 [AsyncHttpClient-1-8] DEBUG org.asynchttpclient.netty.channel.ChannelManager - Adding key: http://localhost:64407 for channel [id: 0xc85fdf20, L:/127.0.0.1:59786 - R:localhost/127.0.0.1:64407]
10:52:44.143 [Forwarding isElementEnabled on session f1b9293b7ff2048aa40e0c94c92ffb14 to remote] DEBUG org.asynchttpclient.netty.request.NettyRequestSender - Using pooled Channel '[id: 0xc85fdf20, L:/127.0.0.1:59786 - R:localhost/127.0.0.1:64407]' for 'GET' to 'http://localhost:64407/session/f1b9293b7ff2048aa40e0c94c92ffb14/element/00f84bd2-3cca-4203-b2f2-491ef3605722/enabled'
10:52:44.144 [Forwarding isElementEnabled on session f1b9293b7ff2048aa40e0c94c92ffb14 to remote] DEBUG org.asynchttpclient.netty.request.NettyRequestSender - Using open Channel [id: 0xc85fdf20, L:/127.0.0.1:59786 - R:localhost/127.0.0.1:64407] for GET '/session/f1b9293b7ff2048aa40e0c94c92ffb14/element/00f84bd2-3cca-4203-b2f2-491ef3605722/enabled'
10:52:44.152 [AsyncHttpClient-1-8] DEBUG org.asynchttpclient.netty.handler.HttpHandler - 

Request DefaultFullHttpRequest(decodeResult: success, version: HTTP/1.1, content: EmptyByteBufBE)
GET /session/f1b9293b7ff2048aa40e0c94c92ffb14/element/00f84bd2-3cca-4203-b2f2-491ef3605722/enabled HTTP/1.1
User-Agent: selenium/4.1.2 (java windows)
Cache-Control: no-cache
Content-Type: application/json; charset=utf-8
host: localhost:64407
accept: */*

Response DefaultHttpResponse(decodeResult: success, version: HTTP/1.1)
HTTP/1.1 200 OK
Content-Type: application/json; charset=utf-8
cache-control: no-cache
content-length: 14

10:52:44.152 [AsyncHttpClient-1-8] DEBUG org.asynchttpclient.netty.channel.ChannelManager - Adding key: http://localhost:64407 for channel [id: 0xc85fdf20, L:/127.0.0.1:59786 - R:localhost/127.0.0.1:64407]
10:52:44.154 [Forwarding findElement on session f1b9293b7ff2048aa40e0c94c92ffb14 to remote] DEBUG org.asynchttpclient.netty.request.NettyRequestSender - Using pooled Channel '[id: 0xc85fdf20, L:/127.0.0.1:59786 - R:localhost/127.0.0.1:64407]' for 'POST' to 'http://localhost:64407/session/f1b9293b7ff2048aa40e0c94c92ffb14/element'
10:52:44.154 [Forwarding findElement on session f1b9293b7ff2048aa40e0c94c92ffb14 to remote] DEBUG org.asynchttpclient.netty.request.NettyRequestSender - Using open Channel [id: 0xc85fdf20, L:/127.0.0.1:59786 - R:localhost/127.0.0.1:64407] for POST '/session/f1b9293b7ff2048aa40e0c94c92ffb14/element'
10:52:44.164 [AsyncHttpClient-1-8] DEBUG org.asynchttpclient.netty.handler.HttpHandler - 

Request DefaultHttpRequest(decodeResult: success, version: HTTP/1.1)
POST /session/f1b9293b7ff2048aa40e0c94c92ffb14/element HTTP/1.1
User-Agent: selenium/4.1.2 (java windows)
Content-Length: 165
Content-Type: application/json; charset=utf-8
host: localhost:64407
accept: */*

Response DefaultHttpResponse(decodeResult: success, version: HTTP/1.1)
HTTP/1.1 200 OK
Content-Type: application/json; charset=utf-8
cache-control: no-cache
content-length: 88

10:52:44.164 [AsyncHttpClient-1-8] DEBUG org.asynchttpclient.netty.channel.ChannelManager - Adding key: http://localhost:64407 for channel [id: 0xc85fdf20, L:/127.0.0.1:59786 - R:localhost/127.0.0.1:64407]
10:52:44.165 [Forwarding clickElement on session f1b9293b7ff2048aa40e0c94c92ffb14 to remote] DEBUG org.asynchttpclient.netty.request.NettyRequestSender - Using pooled Channel '[id: 0xc85fdf20, L:/127.0.0.1:59786 - R:localhost/127.0.0.1:64407]' for 'POST' to 'http://localhost:64407/session/f1b9293b7ff2048aa40e0c94c92ffb14/element/00f84bd2-3cca-4203-b2f2-491ef3605722/click'
10:52:44.165 [Forwarding clickElement on session f1b9293b7ff2048aa40e0c94c92ffb14 to remote] DEBUG org.asynchttpclient.netty.request.NettyRequestSender - Using open Channel [id: 0xc85fdf20, L:/127.0.0.1:59786 - R:localhost/127.0.0.1:64407] for POST '/session/f1b9293b7ff2048aa40e0c94c92ffb14/element/00f84bd2-3cca-4203-b2f2-491ef3605722/click'
10:52:44.265 [AsyncHttpClient-1-8] DEBUG org.asynchttpclient.netty.handler.HttpHandler - 

Request DefaultHttpRequest(decodeResult: success, version: HTTP/1.1)
POST /session/f1b9293b7ff2048aa40e0c94c92ffb14/element/00f84bd2-3cca-4203-b2f2-491ef3605722/click HTTP/1.1
User-Agent: selenium/4.1.2 (java windows)
Content-Length: 50
Content-Type: application/json; charset=utf-8
host: localhost:64407
accept: */*

Response DefaultHttpResponse(decodeResult: success, version: HTTP/1.1)
HTTP/1.1 200 OK
Content-Type: application/json; charset=utf-8
cache-control: no-cache
content-length: 14

10:52:44.265 [AsyncHttpClient-1-8] DEBUG org.asynchttpclient.netty.channel.ChannelManager - Adding key: http://localhost:64407 for channel [id: 0xc85fdf20, L:/127.0.0.1:59786 - R:localhost/127.0.0.1:64407]
  &amp#27;[32mAnd &amp#27;[0m&amp#27;[32mI click X button&amp#27;[0m                 &amp#27;[90m# starter.stepdefinitions.ManageVaccinationBookingsSteps.iClickXButton()&amp#27;[0m
10:52:44.271 [Forwarding screenshot on session f1b9293b7ff2048aa40e0c94c92ffb14 to remote] DEBUG org.asynchttpclient.netty.request.NettyRequestSender - Using pooled Channel '[id: 0xc85fdf20, L:/127.0.0.1:59786 - R:localhost/127.0.0.1:64407]' for 'GET' to 'http://localhost:64407/session/f1b9293b7ff2048aa40e0c94c92ffb14/screenshot'
10:52:44.272 [Forwarding screenshot on session f1b9293b7ff2048aa40e0c94c92ffb14 to remote] DEBUG org.asynchttpclient.netty.request.NettyRequestSender - Using open Channel [id: 0xc85fdf20, L:/127.0.0.1:59786 - R:localhost/127.0.0.1:64407] for GET '/session/f1b9293b7ff2048aa40e0c94c92ffb14/screenshot'
10:52:44.561 [AsyncHttpClient-1-8] DEBUG org.asynchttpclient.netty.handler.HttpHandler - 

Request DefaultFullHttpRequest(decodeResult: success, version: HTTP/1.1, content: EmptyByteBufBE)
GET /session/f1b9293b7ff2048aa40e0c94c92ffb14/screenshot HTTP/1.1
User-Agent: selenium/4.1.2 (java windows)
Cache-Control: no-cache
Content-Type: application/json; charset=utf-8
host: localhost:64407
accept: */*

Response DefaultHttpResponse(decodeResult: success, version: HTTP/1.1)
HTTP/1.1 200 OK
Content-Type: application/json; charset=utf-8
cache-control: no-cache
content-length: 179628

10:52:44.563 [AsyncHttpClient-1-8] DEBUG org.asynchttpclient.netty.channel.ChannelManager - Adding key: http://localhost:64407 for channel [id: 0xc85fdf20, L:/127.0.0.1:59786 - R:localhost/127.0.0.1:64407]
10:52:44.567 [main] DEBUG net.serenitybdd.core.photography.Darkroom - Send negative for processing for target\site\serenity\8fe1fda06bc9c7d6d7e8457d341560296b4ab07b434094bca3cfd5a363956400.png
10:52:44.568 [Darkroom Processing Line] DEBUG net.serenitybdd.core.photography.DarkroomProcessingLine - Processing screenshot image in /var/screenshots/screenshot-12260201281510105855
10:52:44.568 [Darkroom Processing Line] DEBUG net.serenitybdd.core.photography.DarkroomProcessingLine - Saving screenshot to target\site\serenity\8fe1fda06bc9c7d6d7e8457d341560296b4ab07b434094bca3cfd5a363956400.png
10:52:44.576 [Forwarding findElement on session f1b9293b7ff2048aa40e0c94c92ffb14 to remote] DEBUG org.asynchttpclient.netty.request.NettyRequestSender - Using pooled Channel '[id: 0xc85fdf20, L:/127.0.0.1:59786 - R:localhost/127.0.0.1:64407]' for 'POST' to 'http://localhost:64407/session/f1b9293b7ff2048aa40e0c94c92ffb14/element'
10:52:44.577 [Forwarding findElement on session f1b9293b7ff2048aa40e0c94c92ffb14 to remote] DEBUG org.asynchttpclient.netty.request.NettyRequestSender - Using open Channel [id: 0xc85fdf20, L:/127.0.0.1:59786 - R:localhost/127.0.0.1:64407] for POST '/session/f1b9293b7ff2048aa40e0c94c92ffb14/element'
10:52:44.590 [AsyncHttpClient-1-8] DEBUG org.asynchttpclient.netty.handler.HttpHandler - 

Request DefaultHttpRequest(decodeResult: success, version: HTTP/1.1)
POST /session/f1b9293b7ff2048aa40e0c94c92ffb14/element HTTP/1.1
User-Agent: selenium/4.1.2 (java windows)
Content-Length: 169
Content-Type: application/json; charset=utf-8
host: localhost:64407
accept: */*

Response DefaultHttpResponse(decodeResult: success, version: HTTP/1.1)
HTTP/1.1 200 OK
Content-Type: application/json; charset=utf-8
cache-control: no-cache
content-length: 88

10:52:44.591 [AsyncHttpClient-1-8] DEBUG org.asynchttpclient.netty.channel.ChannelManager - Adding key: http://localhost:64407 for channel [id: 0xc85fdf20, L:/127.0.0.1:59786 - R:localhost/127.0.0.1:64407]
10:52:44.596 [Forwarding isElementDisplayed on session f1b9293b7ff2048aa40e0c94c92ffb14 to remote] DEBUG org.asynchttpclient.netty.request.NettyRequestSender - Using pooled Channel '[id: 0xc85fdf20, L:/127.0.0.1:59786 - R:localhost/127.0.0.1:64407]' for 'POST' to 'http://localhost:64407/session/f1b9293b7ff2048aa40e0c94c92ffb14/execute/sync'
10:52:44.596 [Forwarding isElementDisplayed on session f1b9293b7ff2048aa40e0c94c92ffb14 to remote] DEBUG org.asynchttpclient.netty.request.NettyRequestSender - Using open Channel [id: 0xc85fdf20, L:/127.0.0.1:59786 - R:localhost/127.0.0.1:64407] for POST '/session/f1b9293b7ff2048aa40e0c94c92ffb14/execute/sync'
10:52:44.617 [AsyncHttpClient-1-8] DEBUG org.asynchttpclient.netty.handler.HttpHandler - 

Request DefaultHttpRequest(decodeResult: success, version: HTTP/1.1)
POST /session/f1b9293b7ff2048aa40e0c94c92ffb14/execute/sync HTTP/1.1
User-Agent: selenium/4.1.2 (java windows)
Content-Length: 48780
Content-Type: application/json; charset=utf-8
host: localhost:64407
accept: */*

Response DefaultHttpResponse(decodeResult: success, version: HTTP/1.1)
HTTP/1.1 200 OK
Content-Type: application/json; charset=utf-8
cache-control: no-cache
content-length: 14

10:52:44.617 [AsyncHttpClient-1-8] DEBUG org.asynchttpclient.netty.channel.ChannelManager - Adding key: http://localhost:64407 for channel [id: 0xc85fdf20, L:/127.0.0.1:59786 - R:localhost/127.0.0.1:64407]
  &amp#27;[32mThen &amp#27;[0m&amp#27;[32mthe booking will be rejected&amp#27;[0m    &amp#27;[90m# starter.stepdefinitions.ManageVaccinationBookingsSteps.theBookingWillBeRejected()&amp#27;[0m
10:52:44.621 [Forwarding screenshot on session f1b9293b7ff2048aa40e0c94c92ffb14 to remote] DEBUG org.asynchttpclient.netty.request.NettyRequestSender - Using pooled Channel '[id: 0xc85fdf20, L:/127.0.0.1:59786 - R:localhost/127.0.0.1:64407]' for 'GET' to 'http://localhost:64407/session/f1b9293b7ff2048aa40e0c94c92ffb14/screenshot'
10:52:44.621 [Forwarding screenshot on session f1b9293b7ff2048aa40e0c94c92ffb14 to remote] DEBUG org.asynchttpclient.netty.request.NettyRequestSender - Using open Channel [id: 0xc85fdf20, L:/127.0.0.1:59786 - R:localhost/127.0.0.1:64407] for GET '/session/f1b9293b7ff2048aa40e0c94c92ffb14/screenshot'
10:52:44.873 [AsyncHttpClient-1-8] DEBUG org.asynchttpclient.netty.handler.HttpHandler - 

Request DefaultFullHttpRequest(decodeResult: success, version: HTTP/1.1, content: EmptyByteBufBE)
GET /session/f1b9293b7ff2048aa40e0c94c92ffb14/screenshot HTTP/1.1
User-Agent: selenium/4.1.2 (java windows)
Cache-Control: no-cache
Content-Type: application/json; charset=utf-8
host: localhost:64407
accept: */*

Response DefaultHttpResponse(decodeResult: success, version: HTTP/1.1)
HTTP/1.1 200 OK
Content-Type: application/json; charset=utf-8
cache-control: no-cache
content-length: 190868

10:52:44.873 [AsyncHttpClient-1-8] DEBUG org.asynchttpclient.netty.channel.ChannelManager - Adding key: http://localhost:64407 for channel [id: 0xc85fdf20, L:/127.0.0.1:59786 - R:localhost/127.0.0.1:64407]
10:52:44.880 [main] DEBUG net.serenitybdd.core.photography.Darkroom - Send negative for processing for target\site\serenity\8ba9945f83a56ddec0cd8dcd27b7375594e1642478f5562f8badcc19fe901ebc.png
10:52:44.881 [Darkroom Processing Line] DEBUG net.serenitybdd.core.photography.DarkroomProcessingLine - Processing screenshot image in /var/screenshots/screenshot-2296086399018443370
10:52:44.881 [Darkroom Processing Line] DEBUG net.serenitybdd.core.photography.DarkroomProcessingLine - Saving screenshot to target\site\serenity\8ba9945f83a56ddec0cd8dcd27b7375594e1642478f5562f8badcc19fe901ebc.png
10:52:44.882 [main] INFO  - 
  _____   ___   ___   _____     ___     _     ___   ___   ___   ___  
 |_   _| | __| / __| |_   _|   | _ \   /_\   / __| / __| | __| |   \ 
   | |   | _|  \__ \   | |     |  _/  / _ \  \__ \ \__ \ | _|  | |) |
   |_|   |___| |___/   |_|     |_|   /_/ \_\ |___/ |___/ |___| |___/ 

Reject a vaccination booking
----------------------------------------------------------------------
10:52:44.884 [Driver Command Executor] DEBUG org.asynchttpclient.netty.request.NettyRequestSender - Using pooled Channel '[id: 0xc85fdf20, L:/127.0.0.1:59786 - R:localhost/127.0.0.1:64407]' for 'DELETE' to 'http://localhost:64407/session/f1b9293b7ff2048aa40e0c94c92ffb14'
10:52:44.884 [Driver Command Executor] DEBUG org.asynchttpclient.netty.request.NettyRequestSender - Using open Channel [id: 0xc85fdf20, L:/127.0.0.1:59786 - R:localhost/127.0.0.1:64407] for DELETE '/session/f1b9293b7ff2048aa40e0c94c92ffb14'
10:52:44.884 [AsyncHttpClient-1-10] DEBUG org.asynchttpclient.netty.handler.WebSocketHandler - Channel Closed: [id: 0x3e6ce986, L:/127.0.0.1:59794 ! R:localhost/127.0.0.1:59787] with attribute NettyResponseFuture{currentRetry=5,
	isDone=1,
	isCancelled=0,
	asyncHandler=org.asynchttpclient.ws.WebSocketUpgradeHandler@3adf43ca,
	nettyRequest=org.asynchttpclient.netty.request.NettyRequest@7fddcaf5,
	future=java.util.concurrent.CompletableFuture@76365f4c[Completed normally],
	uri=ws://localhost:59787/devtools/browser/feb21efa-3474-41b9-a194-dfa664d03ef4,
	keepAlive=true,
	redirectCount=0,
	timeoutsHolder=null,
	inAuth=0,
	touch=1671681159216}
10:52:44.884 [AsyncHttpClient-1-10] DEBUG org.asynchttpclient.netty.channel.ChannelManager - Closing Channel [id: 0x3e6ce986, L:/127.0.0.1:59794 ! R:localhost/127.0.0.1:59787] 
10:52:44.911 [AsyncHttpClient-1-9] DEBUG org.asynchttpclient.netty.handler.HttpHandler - Unexpected I/O exception on channel [id: 0xc68ea204, L:/127.0.0.1:59793 - R:localhost/127.0.0.1:59787]
java.io.IOException: An existing connection was forcibly closed by the remote host
	at java.base/sun.nio.ch.SocketDispatcher.read0(Native Method)
	at java.base/sun.nio.ch.SocketDispatcher.read(SocketDispatcher.java:43)
	at java.base/sun.nio.ch.IOUtil.readIntoNativeBuffer(IOUtil.java:276)
	at java.base/sun.nio.ch.IOUtil.read(IOUtil.java:233)
	at java.base/sun.nio.ch.IOUtil.read(IOUtil.java:223)
	at java.base/sun.nio.ch.SocketChannelImpl.read(SocketChannelImpl.java:358)
	at io.netty.buffer.PooledByteBuf.setBytes(PooledByteBuf.java:258)
	at io.netty.buffer.AbstractByteBuf.writeBytes(AbstractByteBuf.java:1132)
	at io.netty.channel.socket.nio.NioSocketChannel.doReadBytes(NioSocketChannel.java:350)
	at io.netty.channel.nio.AbstractNioByteChannel$NioByteUnsafe.read(AbstractNioByteChannel.java:151)
	at io.netty.channel.nio.NioEventLoop.processSelectedKey(NioEventLoop.java:722)
	at io.netty.channel.nio.NioEventLoop.processSelectedKeysOptimized(NioEventLoop.java:658)
	at io.netty.channel.nio.NioEventLoop.processSelectedKeys(NioEventLoop.java:584)
	at io.netty.channel.nio.NioEventLoop.run(NioEventLoop.java:496)
	at io.netty.util.concurrent.SingleThreadEventExecutor$4.run(SingleThreadEventExecutor.java:986)
	at io.netty.util.internal.ThreadExecutorMap$2.run(ThreadExecutorMap.java:74)
	at io.netty.util.concurrent.FastThreadLocalRunnable.run(FastThreadLocalRunnable.java:30)
	at java.base/java.lang.Thread.run(Thread.java:834)
10:52:44.912 [AsyncHttpClient-1-9] DEBUG org.asynchttpclient.netty.channel.ChannelManager - Closing Channel [id: 0xc68ea204, L:/127.0.0.1:59793 - R:localhost/127.0.0.1:59787] 
10:52:44.912 [AsyncHttpClient-1-9] DEBUG org.asynchttpclient.netty.handler.HttpHandler - Channel Closed: [id: 0xc68ea204, L:/127.0.0.1:59793 ! R:localhost/127.0.0.1:59787] with attribute DISCARD
10:52:44.935 [AsyncHttpClient-1-8] DEBUG org.asynchttpclient.netty.handler.HttpHandler - 

Request DefaultFullHttpRequest(decodeResult: success, version: HTTP/1.1, content: EmptyByteBufBE)
DELETE /session/f1b9293b7ff2048aa40e0c94c92ffb14 HTTP/1.1
User-Agent: selenium/4.1.2 (java windows)
Content-Type: application/json; charset=utf-8
host: localhost:64407
accept: */*

Response DefaultHttpResponse(decodeResult: success, version: HTTP/1.1)
HTTP/1.1 200 OK
Content-Type: application/json; charset=utf-8
cache-control: no-cache
content-length: 14

10:52:44.935 [AsyncHttpClient-1-8] DEBUG org.asynchttpclient.netty.channel.ChannelManager - Adding key: http://localhost:64407 for channel [id: 0xc85fdf20, L:/127.0.0.1:59786 - R:localhost/127.0.0.1:64407]
10:52:44.975 [AsyncHttpClient-1-1] DEBUG org.asynchttpclient.netty.channel.DefaultChannelPool - Entry count for : http://localhost:64407 : 1
10:52:44.975 [AsyncHttpClient-1-1] DEBUG org.asynchttpclient.netty.channel.DefaultChannelPool - Entry count for : http://localhost:59787 : 1
10:52:44.975 [AsyncHttpClient-1-1] DEBUG org.asynchttpclient.netty.channel.DefaultChannelPool - Adding Candidate expired Channel [id: 0xc68ea204, L:/127.0.0.1:59793 ! R:localhost/127.0.0.1:59787] isIdleTimeoutExpired=false isRemotelyClosed=true isTtlExpired=false
10:52:44.975 [AsyncHttpClient-1-1] DEBUG org.asynchttpclient.netty.channel.DefaultChannelPool - Closing Idle Channel [id: 0xc68ea204, L:/127.0.0.1:59793 ! R:localhost/127.0.0.1:59787]
10:52:44.975 [AsyncHttpClient-1-1] DEBUG org.asynchttpclient.netty.channel.DefaultChannelPool - Closed 1 connections out of 2 in 0 ms
10:52:45.013 [AsyncHttpClient-1-8] DEBUG org.asynchttpclient.netty.handler.HttpHandler - Channel Closed: [id: 0xc85fdf20, L:/127.0.0.1:59786 ! R:localhost/127.0.0.1:64407] with attribute DISCARD
]]></system-out>
    <system-err><![CDATA[Starting ChromeDriver 108.0.5359.71 (1e0e3868ee06e91ad636a874420e3ca3ae3756ac-refs/branch-heads/5359@{#1016}) on port 64407
Only local connections are allowed.
Please see https://chromedriver.chromium.org/security-considerations for suggestions on keeping ChromeDriver safe.
ChromeDriver was started successfully.
Dec 22, 2022 10:52:39 AM org.openqa.selenium.remote.ProtocolHandshake createSession
INFO: Detected dialect: W3C
Dec 22, 2022 10:52:39 AM org.openqa.selenium.devtools.CdpVersionFinder findNearestMatch
WARNING: Unable to find an exact match for CDP version 108, so returning the closest version found: a no-op implementation
Dec 22, 2022 10:52:39 AM org.openqa.selenium.devtools.CdpVersionFinder findNearestMatch
INFO: Unable to find CDP implementation matching 108.
Dec 22, 2022 10:52:39 AM org.openqa.selenium.chromium.ChromiumDriver lambda$new$3
WARNING: Unable to find version of CDP to use for . You may need to include a dependency on a specific version of the CDP using something similar to `org.seleniumhq.selenium:selenium-devtools-v86:4.1.2` where the version ("v86") matches the version of the chromium-based browser you're using and the version number of the artifact is the same as Selenium's.
]]></system-err>
  </testcase>
  <testcase name="Reject all vaccination bookings" classname="Manage vaccination bookings" time="8.424">
    <system-out><![CDATA[
Scenario: Reject all vaccination bookings &amp#27;[90m# src/test/resources/features/ManageVaccinationBookings.feature:31&amp#27;[0m
10:52:45.084 [main] INFO io.cucumber.core.plugin.SerenityReporter - Running feature from file:///C:/Users/ASUSTUF/OneDrive/Documents/Capstone%20Project/Web%20Automation/src/test/resources/features/ManageVaccinationBookings.feature
10:52:45.091 [main] INFO  - 
  _____   ___   ___   _____     ___   _____     _     ___   _____   ___   ___  
 |_   _| | __| / __| |_   _|   / __| |_   _|   /_\   | _ \ |_   _| | __| |   \ 
   | |   | _|  \__ \   | |     \__ \   | |    / _ \  |   /   | |   | _|  | |) |
   |_|   |___| |___/   |_|     |___/   |_|   /_/ \_\ |_|_\   |_|   |___| |___/ 

Reject all vaccination bookings(manage-vaccination-bookings;reject-all-vaccination-bookings)
--------------------------------------------------------------------------------
10:52:45.124 [main] INFO net.serenitybdd.core.webdriver.driverproviders.ChromeDriverProvider - Using automatically driver download
10:52:45.266 [main] DEBUG io.github.bonigarcia.wdm.cache.ResolutionCache - Resolution chrome=108 in cache (valid until 11:50:34 22/12/2022 ICT)
10:52:45.271 [main] DEBUG io.github.bonigarcia.wdm.cache.ResolutionCache - Resolution chrome108=108.0.5359.71 in cache (valid until 13:40:45 22/12/2022 ICT)
10:52:45.272 [main] INFO io.github.bonigarcia.wdm.WebDriverManager - Using chromedriver 108.0.5359.71 (resolved driver for Chrome 108)
10:52:45.284 [main] DEBUG io.github.bonigarcia.wdm.WebDriverManager - Driver chromedriver 108.0.5359.71 found in cache
10:52:45.284 [main] INFO io.github.bonigarcia.wdm.WebDriverManager - Exporting webdriver.chrome.driver as C:\Users\ASUSTUF\.cache\selenium\chromedriver\win32\108.0.5359.71\chromedriver.exe
10:52:45.416 [main] DEBUG net.serenitybdd.core.webdriver.driverproviders.ProvideNewDriver - Instantiating driver
10:52:45.416 [main] DEBUG net.serenitybdd.core.webdriver.driverproviders.ProvideNewDriver - Driver capabilities: Capabilities {acceptInsecureCerts: false, base.url: https://vaksin-id.netlify.app/, browserName: chrome, chrome.driver: src/test/resources/webdrive..., driver: chrome, goog:chromeOptions: {args: [], extensions: []}}
10:52:45.857 [AsyncHttpClient-1-11] DEBUG org.asynchttpclient.netty.channel.NettyConnectListener - Using new Channel '[id: 0x35a8b605, L:/127.0.0.1:59813 - R:localhost/127.0.0.1:62656]' for 'POST' to '/session'
10:52:46.084 [AsyncHttpClient-1-1] DEBUG org.asynchttpclient.netty.channel.DefaultChannelPool - Entry count for : http://localhost:64407 : 1
10:52:46.084 [AsyncHttpClient-1-1] DEBUG org.asynchttpclient.netty.channel.DefaultChannelPool - Adding Candidate expired Channel [id: 0xc85fdf20, L:/127.0.0.1:59786 ! R:localhost/127.0.0.1:64407] isIdleTimeoutExpired=false isRemotelyClosed=true isTtlExpired=false
10:52:46.084 [AsyncHttpClient-1-1] DEBUG org.asynchttpclient.netty.channel.DefaultChannelPool - Closing Idle Channel [id: 0xc85fdf20, L:/127.0.0.1:59786 ! R:localhost/127.0.0.1:64407]
10:52:46.084 [AsyncHttpClient-1-1] DEBUG org.asynchttpclient.netty.channel.DefaultChannelPool - Closed 1 connections out of 1 in 0 ms
10:52:46.630 [AsyncHttpClient-1-11] DEBUG org.asynchttpclient.netty.handler.HttpHandler - 

Request DefaultHttpRequest(decodeResult: success, version: HTTP/1.1)
POST /session HTTP/1.1
User-Agent: selenium/4.1.2 (java windows)
Content-Length: 616
Content-Type: application/json; charset=utf-8
host: localhost:62656
accept: */*

Response DefaultHttpResponse(decodeResult: success, version: HTTP/1.1)
HTTP/1.1 200 OK
Content-Type: application/json; charset=utf-8
cache-control: no-cache
content-length: 794

10:52:46.631 [AsyncHttpClient-1-11] DEBUG org.asynchttpclient.netty.channel.ChannelManager - Adding key: http://localhost:62656 for channel [id: 0x35a8b605, L:/127.0.0.1:59813 - R:localhost/127.0.0.1:62656]
10:52:46.654 [AsyncHttpClient-1-12] DEBUG org.asynchttpclient.netty.channel.NettyConnectListener - Using new Channel '[id: 0x2f8d4fb0, L:/127.0.0.1:59820 - R:localhost/127.0.0.1:59814]' for 'GET' to '/json/version'
10:52:46.670 [AsyncHttpClient-1-12] DEBUG org.asynchttpclient.netty.handler.HttpHandler - 

Request DefaultFullHttpRequest(decodeResult: success, version: HTTP/1.1, content: EmptyByteBufBE)
GET /json/version HTTP/1.1
User-Agent: selenium/4.1.2 (java windows)
host: localhost:59814
accept: */*

Response DefaultHttpResponse(decodeResult: success, version: HTTP/1.1)
HTTP/1.1 200 OK
Content-Type: application/json; charset=UTF-8
content-length: 424

10:52:46.670 [AsyncHttpClient-1-12] DEBUG org.asynchttpclient.netty.channel.ChannelManager - Adding key: http://localhost:59814 for channel [id: 0x2f8d4fb0, L:/127.0.0.1:59820 - R:localhost/127.0.0.1:59814]
10:52:46.681 [AsyncHttpClient-1-13] DEBUG org.asynchttpclient.netty.channel.NettyConnectListener - Using new Channel '[id: 0x1a175997, L:/127.0.0.1:59821 - R:localhost/127.0.0.1:59814]' for 'GET' to '/devtools/browser/99b8ba73-d8db-4e66-9d37-6c0ae55a41e4'
10:52:46.694 [AsyncHttpClient-1-13] DEBUG org.asynchttpclient.netty.handler.WebSocketHandler - 

Request DefaultFullHttpRequest(decodeResult: success, version: HTTP/1.1, content: EmptyByteBufBE)
GET /devtools/browser/99b8ba73-d8db-4e66-9d37-6c0ae55a41e4 HTTP/1.1
upgrade: websocket
connection: upgrade
sec-websocket-key: iBFIN6oslAJZB2nPh6LHWg==
sec-websocket-version: 13
origin: http://localhost:59814
host: localhost:59814
accept: */*
user-agent: AHC/2.1

Response DefaultHttpResponse(decodeResult: success, version: HTTP/1.1)
HTTP/1.1 101 WebSocket Protocol Handshake
Upgrade: WebSocket
Connection: Upgrade
Sec-WebSocket-Accept: SWLxT5TxpxUkZvlDFNW6nlVz9n8=

10:52:46.708 [Forwarding get on session 8a38e53eb30ae9aed660e0dc91ed8202 to remote] DEBUG org.asynchttpclient.netty.request.NettyRequestSender - Using pooled Channel '[id: 0x35a8b605, L:/127.0.0.1:59813 - R:localhost/127.0.0.1:62656]' for 'POST' to 'http://localhost:62656/session/8a38e53eb30ae9aed660e0dc91ed8202/url'
10:52:46.708 [Forwarding get on session 8a38e53eb30ae9aed660e0dc91ed8202 to remote] DEBUG org.asynchttpclient.netty.request.NettyRequestSender - Using open Channel [id: 0x35a8b605, L:/127.0.0.1:59813 - R:localhost/127.0.0.1:62656] for POST '/session/8a38e53eb30ae9aed660e0dc91ed8202/url'
10:52:47.191 [AsyncHttpClient-1-1] DEBUG org.asynchttpclient.netty.channel.DefaultChannelPool - Entry count for : http://localhost:59814 : 1
10:52:47.945 [AsyncHttpClient-1-11] DEBUG org.asynchttpclient.netty.handler.HttpHandler - 

Request DefaultHttpRequest(decodeResult: success, version: HTTP/1.1)
POST /session/8a38e53eb30ae9aed660e0dc91ed8202/url HTTP/1.1
User-Agent: selenium/4.1.2 (java windows)
Content-Length: 60
Content-Type: application/json; charset=utf-8
host: localhost:62656
accept: */*

Response DefaultHttpResponse(decodeResult: success, version: HTTP/1.1)
HTTP/1.1 200 OK
Content-Type: application/json; charset=utf-8
cache-control: no-cache
content-length: 14

10:52:47.945 [AsyncHttpClient-1-11] DEBUG org.asynchttpclient.netty.channel.ChannelManager - Adding key: http://localhost:62656 for channel [id: 0x35a8b605, L:/127.0.0.1:59813 - R:localhost/127.0.0.1:62656]
10:52:47.948 [Forwarding setTimeout on session 8a38e53eb30ae9aed660e0dc91ed8202 to remote] DEBUG org.asynchttpclient.netty.request.NettyRequestSender - Using pooled Channel '[id: 0x35a8b605, L:/127.0.0.1:59813 - R:localhost/127.0.0.1:62656]' for 'POST' to 'http://localhost:62656/session/8a38e53eb30ae9aed660e0dc91ed8202/timeouts'
10:52:47.948 [Forwarding setTimeout on session 8a38e53eb30ae9aed660e0dc91ed8202 to remote] DEBUG org.asynchttpclient.netty.request.NettyRequestSender - Using open Channel [id: 0x35a8b605, L:/127.0.0.1:59813 - R:localhost/127.0.0.1:62656] for POST '/session/8a38e53eb30ae9aed660e0dc91ed8202/timeouts'
10:52:47.949 [AsyncHttpClient-1-11] DEBUG org.asynchttpclient.netty.handler.HttpHandler - 

Request DefaultHttpRequest(decodeResult: success, version: HTTP/1.1)
POST /session/8a38e53eb30ae9aed660e0dc91ed8202/timeouts HTTP/1.1
User-Agent: selenium/4.1.2 (java windows)
Content-Length: 22
Content-Type: application/json; charset=utf-8
host: localhost:62656
accept: */*

Response DefaultHttpResponse(decodeResult: success, version: HTTP/1.1)
HTTP/1.1 200 OK
Content-Type: application/json; charset=utf-8
cache-control: no-cache
content-length: 14

10:52:47.950 [AsyncHttpClient-1-11] DEBUG org.asynchttpclient.netty.channel.ChannelManager - Adding key: http://localhost:62656 for channel [id: 0x35a8b605, L:/127.0.0.1:59813 - R:localhost/127.0.0.1:62656]
10:52:47.952 [Forwarding getCurrentUrl on session 8a38e53eb30ae9aed660e0dc91ed8202 to remote] DEBUG org.asynchttpclient.netty.request.NettyRequestSender - Using pooled Channel '[id: 0x35a8b605, L:/127.0.0.1:59813 - R:localhost/127.0.0.1:62656]' for 'GET' to 'http://localhost:62656/session/8a38e53eb30ae9aed660e0dc91ed8202/url'
10:52:47.952 [Forwarding getCurrentUrl on session 8a38e53eb30ae9aed660e0dc91ed8202 to remote] DEBUG org.asynchttpclient.netty.request.NettyRequestSender - Using open Channel [id: 0x35a8b605, L:/127.0.0.1:59813 - R:localhost/127.0.0.1:62656] for GET '/session/8a38e53eb30ae9aed660e0dc91ed8202/url'
10:52:47.966 [AsyncHttpClient-1-11] DEBUG org.asynchttpclient.netty.handler.HttpHandler - 

Request DefaultFullHttpRequest(decodeResult: success, version: HTTP/1.1, content: EmptyByteBufBE)
GET /session/8a38e53eb30ae9aed660e0dc91ed8202/url HTTP/1.1
User-Agent: selenium/4.1.2 (java windows)
Cache-Control: no-cache
Content-Type: application/json; charset=utf-8
host: localhost:62656
accept: */*

Response DefaultHttpResponse(decodeResult: success, version: HTTP/1.1)
HTTP/1.1 200 OK
Content-Type: application/json; charset=utf-8
cache-control: no-cache
content-length: 42

10:52:47.966 [AsyncHttpClient-1-11] DEBUG org.asynchttpclient.netty.channel.ChannelManager - Adding key: http://localhost:62656 for channel [id: 0x35a8b605, L:/127.0.0.1:59813 - R:localhost/127.0.0.1:62656]
  &amp#27;[32mGiven &amp#27;[0m&amp#27;[32mI am on landing page&amp#27;[0m              &amp#27;[90m# starter.stepdefinitions.ManageVaccinationBookingsSteps.iAmOnLandingPage()&amp#27;[0m
10:52:47.974 [Forwarding screenshot on session 8a38e53eb30ae9aed660e0dc91ed8202 to remote] DEBUG org.asynchttpclient.netty.request.NettyRequestSender - Using pooled Channel '[id: 0x35a8b605, L:/127.0.0.1:59813 - R:localhost/127.0.0.1:62656]' for 'GET' to 'http://localhost:62656/session/8a38e53eb30ae9aed660e0dc91ed8202/screenshot'
10:52:47.974 [Forwarding screenshot on session 8a38e53eb30ae9aed660e0dc91ed8202 to remote] DEBUG org.asynchttpclient.netty.request.NettyRequestSender - Using open Channel [id: 0x35a8b605, L:/127.0.0.1:59813 - R:localhost/127.0.0.1:62656] for GET '/session/8a38e53eb30ae9aed660e0dc91ed8202/screenshot'
10:52:48.276 [AsyncHttpClient-1-1] DEBUG org.asynchttpclient.netty.channel.DefaultChannelPool - Entry count for : http://localhost:59814 : 1
10:52:48.945 [AsyncHttpClient-1-11] DEBUG org.asynchttpclient.netty.handler.HttpHandler - 

Request DefaultFullHttpRequest(decodeResult: success, version: HTTP/1.1, content: EmptyByteBufBE)
GET /session/8a38e53eb30ae9aed660e0dc91ed8202/screenshot HTTP/1.1
User-Agent: selenium/4.1.2 (java windows)
Cache-Control: no-cache
Content-Type: application/json; charset=utf-8
host: localhost:62656
accept: */*

Response DefaultHttpResponse(decodeResult: success, version: HTTP/1.1)
HTTP/1.1 200 OK
Content-Type: application/json; charset=utf-8
cache-control: no-cache
content-length: 558000

10:52:48.946 [AsyncHttpClient-1-11] DEBUG org.asynchttpclient.netty.channel.ChannelManager - Adding key: http://localhost:62656 for channel [id: 0x35a8b605, L:/127.0.0.1:59813 - R:localhost/127.0.0.1:62656]
10:52:48.969 [main] DEBUG net.serenitybdd.core.photography.Darkroom - Send negative for processing for target\site\serenity\6b01b87073e8d35c6ded68b60551bed603fe21c32b622cd995f4c1f0aa467dec.png
10:52:48.969 [Darkroom Processing Line] DEBUG net.serenitybdd.core.photography.DarkroomProcessingLine - Processing screenshot image in /var/screenshots/screenshot-8963946001952934299
10:52:48.969 [Darkroom Processing Line] DEBUG net.serenitybdd.core.photography.DarkroomProcessingLine - Saving screenshot to target\site\serenity\6b01b87073e8d35c6ded68b60551bed603fe21c32b622cd995f4c1f0aa467dec.png
10:52:48.990 [Forwarding findElement on session 8a38e53eb30ae9aed660e0dc91ed8202 to remote] DEBUG org.asynchttpclient.netty.request.NettyRequestSender - Using pooled Channel '[id: 0x35a8b605, L:/127.0.0.1:59813 - R:localhost/127.0.0.1:62656]' for 'POST' to 'http://localhost:62656/session/8a38e53eb30ae9aed660e0dc91ed8202/element'
10:52:48.990 [Forwarding findElement on session 8a38e53eb30ae9aed660e0dc91ed8202 to remote] DEBUG org.asynchttpclient.netty.request.NettyRequestSender - Using open Channel [id: 0x35a8b605, L:/127.0.0.1:59813 - R:localhost/127.0.0.1:62656] for POST '/session/8a38e53eb30ae9aed660e0dc91ed8202/element'
10:52:49.007 [AsyncHttpClient-1-11] DEBUG org.asynchttpclient.netty.handler.HttpHandler - 

Request DefaultHttpRequest(decodeResult: success, version: HTTP/1.1)
POST /session/8a38e53eb30ae9aed660e0dc91ed8202/element HTTP/1.1
User-Agent: selenium/4.1.2 (java windows)
Content-Length: 315
Content-Type: application/json; charset=utf-8
host: localhost:62656
accept: */*

Response DefaultHttpResponse(decodeResult: success, version: HTTP/1.1)
HTTP/1.1 200 OK
Content-Type: application/json; charset=utf-8
cache-control: no-cache
content-length: 88

10:52:49.007 [AsyncHttpClient-1-11] DEBUG org.asynchttpclient.netty.channel.ChannelManager - Adding key: http://localhost:62656 for channel [id: 0x35a8b605, L:/127.0.0.1:59813 - R:localhost/127.0.0.1:62656]
10:52:49.010 [Forwarding getElementTagName on session 8a38e53eb30ae9aed660e0dc91ed8202 to remote] DEBUG org.asynchttpclient.netty.request.NettyRequestSender - Using pooled Channel '[id: 0x35a8b605, L:/127.0.0.1:59813 - R:localhost/127.0.0.1:62656]' for 'GET' to 'http://localhost:62656/session/8a38e53eb30ae9aed660e0dc91ed8202/element/f2feabd2-ad6d-4ca0-9ec3-dae5cbbdf9bb/name'
10:52:49.011 [Forwarding getElementTagName on session 8a38e53eb30ae9aed660e0dc91ed8202 to remote] DEBUG org.asynchttpclient.netty.request.NettyRequestSender - Using open Channel [id: 0x35a8b605, L:/127.0.0.1:59813 - R:localhost/127.0.0.1:62656] for GET '/session/8a38e53eb30ae9aed660e0dc91ed8202/element/f2feabd2-ad6d-4ca0-9ec3-dae5cbbdf9bb/name'
10:52:49.018 [AsyncHttpClient-1-11] DEBUG org.asynchttpclient.netty.handler.HttpHandler - 

Request DefaultFullHttpRequest(decodeResult: success, version: HTTP/1.1, content: EmptyByteBufBE)
GET /session/8a38e53eb30ae9aed660e0dc91ed8202/element/f2feabd2-ad6d-4ca0-9ec3-dae5cbbdf9bb/name HTTP/1.1
User-Agent: selenium/4.1.2 (java windows)
Cache-Control: no-cache
Content-Type: application/json; charset=utf-8
host: localhost:62656
accept: */*

Response DefaultHttpResponse(decodeResult: success, version: HTTP/1.1)
HTTP/1.1 200 OK
Content-Type: application/json; charset=utf-8
cache-control: no-cache
content-length: 18

10:52:49.018 [AsyncHttpClient-1-11] DEBUG org.asynchttpclient.netty.channel.ChannelManager - Adding key: http://localhost:62656 for channel [id: 0x35a8b605, L:/127.0.0.1:59813 - R:localhost/127.0.0.1:62656]
10:52:49.019 [Forwarding getElementTagName on session 8a38e53eb30ae9aed660e0dc91ed8202 to remote] DEBUG org.asynchttpclient.netty.request.NettyRequestSender - Using pooled Channel '[id: 0x35a8b605, L:/127.0.0.1:59813 - R:localhost/127.0.0.1:62656]' for 'GET' to 'http://localhost:62656/session/8a38e53eb30ae9aed660e0dc91ed8202/element/f2feabd2-ad6d-4ca0-9ec3-dae5cbbdf9bb/name'
10:52:49.019 [Forwarding getElementTagName on session 8a38e53eb30ae9aed660e0dc91ed8202 to remote] DEBUG org.asynchttpclient.netty.request.NettyRequestSender - Using open Channel [id: 0x35a8b605, L:/127.0.0.1:59813 - R:localhost/127.0.0.1:62656] for GET '/session/8a38e53eb30ae9aed660e0dc91ed8202/element/f2feabd2-ad6d-4ca0-9ec3-dae5cbbdf9bb/name'
10:52:49.023 [AsyncHttpClient-1-11] DEBUG org.asynchttpclient.netty.handler.HttpHandler - 

Request DefaultFullHttpRequest(decodeResult: success, version: HTTP/1.1, content: EmptyByteBufBE)
GET /session/8a38e53eb30ae9aed660e0dc91ed8202/element/f2feabd2-ad6d-4ca0-9ec3-dae5cbbdf9bb/name HTTP/1.1
User-Agent: selenium/4.1.2 (java windows)
Cache-Control: no-cache
Content-Type: application/json; charset=utf-8
host: localhost:62656
accept: */*

Response DefaultHttpResponse(decodeResult: success, version: HTTP/1.1)
HTTP/1.1 200 OK
Content-Type: application/json; charset=utf-8
cache-control: no-cache
content-length: 18

10:52:49.023 [AsyncHttpClient-1-11] DEBUG org.asynchttpclient.netty.channel.ChannelManager - Adding key: http://localhost:62656 for channel [id: 0x35a8b605, L:/127.0.0.1:59813 - R:localhost/127.0.0.1:62656]
10:52:49.026 [Forwarding isElementEnabled on session 8a38e53eb30ae9aed660e0dc91ed8202 to remote] DEBUG org.asynchttpclient.netty.request.NettyRequestSender - Using pooled Channel '[id: 0x35a8b605, L:/127.0.0.1:59813 - R:localhost/127.0.0.1:62656]' for 'GET' to 'http://localhost:62656/session/8a38e53eb30ae9aed660e0dc91ed8202/element/f2feabd2-ad6d-4ca0-9ec3-dae5cbbdf9bb/enabled'
10:52:49.026 [Forwarding isElementEnabled on session 8a38e53eb30ae9aed660e0dc91ed8202 to remote] DEBUG org.asynchttpclient.netty.request.NettyRequestSender - Using open Channel [id: 0x35a8b605, L:/127.0.0.1:59813 - R:localhost/127.0.0.1:62656] for GET '/session/8a38e53eb30ae9aed660e0dc91ed8202/element/f2feabd2-ad6d-4ca0-9ec3-dae5cbbdf9bb/enabled'
10:52:49.036 [AsyncHttpClient-1-11] DEBUG org.asynchttpclient.netty.handler.HttpHandler - 

Request DefaultFullHttpRequest(decodeResult: success, version: HTTP/1.1, content: EmptyByteBufBE)
GET /session/8a38e53eb30ae9aed660e0dc91ed8202/element/f2feabd2-ad6d-4ca0-9ec3-dae5cbbdf9bb/enabled HTTP/1.1
User-Agent: selenium/4.1.2 (java windows)
Cache-Control: no-cache
Content-Type: application/json; charset=utf-8
host: localhost:62656
accept: */*

Response DefaultHttpResponse(decodeResult: success, version: HTTP/1.1)
HTTP/1.1 200 OK
Content-Type: application/json; charset=utf-8
cache-control: no-cache
content-length: 14

10:52:49.036 [AsyncHttpClient-1-11] DEBUG org.asynchttpclient.netty.channel.ChannelManager - Adding key: http://localhost:62656 for channel [id: 0x35a8b605, L:/127.0.0.1:59813 - R:localhost/127.0.0.1:62656]
10:52:49.037 [Forwarding isElementEnabled on session 8a38e53eb30ae9aed660e0dc91ed8202 to remote] DEBUG org.asynchttpclient.netty.request.NettyRequestSender - Using pooled Channel '[id: 0x35a8b605, L:/127.0.0.1:59813 - R:localhost/127.0.0.1:62656]' for 'GET' to 'http://localhost:62656/session/8a38e53eb30ae9aed660e0dc91ed8202/element/f2feabd2-ad6d-4ca0-9ec3-dae5cbbdf9bb/enabled'
10:52:49.037 [Forwarding isElementEnabled on session 8a38e53eb30ae9aed660e0dc91ed8202 to remote] DEBUG org.asynchttpclient.netty.request.NettyRequestSender - Using open Channel [id: 0x35a8b605, L:/127.0.0.1:59813 - R:localhost/127.0.0.1:62656] for GET '/session/8a38e53eb30ae9aed660e0dc91ed8202/element/f2feabd2-ad6d-4ca0-9ec3-dae5cbbdf9bb/enabled'
10:52:49.046 [AsyncHttpClient-1-11] DEBUG org.asynchttpclient.netty.handler.HttpHandler - 

Request DefaultFullHttpRequest(decodeResult: success, version: HTTP/1.1, content: EmptyByteBufBE)
GET /session/8a38e53eb30ae9aed660e0dc91ed8202/element/f2feabd2-ad6d-4ca0-9ec3-dae5cbbdf9bb/enabled HTTP/1.1
User-Agent: selenium/4.1.2 (java windows)
Cache-Control: no-cache
Content-Type: application/json; charset=utf-8
host: localhost:62656
accept: */*

Response DefaultHttpResponse(decodeResult: success, version: HTTP/1.1)
HTTP/1.1 200 OK
Content-Type: application/json; charset=utf-8
cache-control: no-cache
content-length: 14

10:52:49.046 [AsyncHttpClient-1-11] DEBUG org.asynchttpclient.netty.channel.ChannelManager - Adding key: http://localhost:62656 for channel [id: 0x35a8b605, L:/127.0.0.1:59813 - R:localhost/127.0.0.1:62656]
10:52:49.048 [Forwarding findElement on session 8a38e53eb30ae9aed660e0dc91ed8202 to remote] DEBUG org.asynchttpclient.netty.request.NettyRequestSender - Using pooled Channel '[id: 0x35a8b605, L:/127.0.0.1:59813 - R:localhost/127.0.0.1:62656]' for 'POST' to 'http://localhost:62656/session/8a38e53eb30ae9aed660e0dc91ed8202/element'
10:52:49.048 [Forwarding findElement on session 8a38e53eb30ae9aed660e0dc91ed8202 to remote] DEBUG org.asynchttpclient.netty.request.NettyRequestSender - Using open Channel [id: 0x35a8b605, L:/127.0.0.1:59813 - R:localhost/127.0.0.1:62656] for POST '/session/8a38e53eb30ae9aed660e0dc91ed8202/element'
10:52:49.054 [AsyncHttpClient-1-11] DEBUG org.asynchttpclient.netty.handler.HttpHandler - 

Request DefaultHttpRequest(decodeResult: success, version: HTTP/1.1)
POST /session/8a38e53eb30ae9aed660e0dc91ed8202/element HTTP/1.1
User-Agent: selenium/4.1.2 (java windows)
Content-Length: 315
Content-Type: application/json; charset=utf-8
host: localhost:62656
accept: */*

Response DefaultHttpResponse(decodeResult: success, version: HTTP/1.1)
HTTP/1.1 200 OK
Content-Type: application/json; charset=utf-8
cache-control: no-cache
content-length: 88

10:52:49.054 [AsyncHttpClient-1-11] DEBUG org.asynchttpclient.netty.channel.ChannelManager - Adding key: http://localhost:62656 for channel [id: 0x35a8b605, L:/127.0.0.1:59813 - R:localhost/127.0.0.1:62656]
10:52:49.055 [Forwarding clickElement on session 8a38e53eb30ae9aed660e0dc91ed8202 to remote] DEBUG org.asynchttpclient.netty.request.NettyRequestSender - Using pooled Channel '[id: 0x35a8b605, L:/127.0.0.1:59813 - R:localhost/127.0.0.1:62656]' for 'POST' to 'http://localhost:62656/session/8a38e53eb30ae9aed660e0dc91ed8202/element/f2feabd2-ad6d-4ca0-9ec3-dae5cbbdf9bb/click'
10:52:49.055 [Forwarding clickElement on session 8a38e53eb30ae9aed660e0dc91ed8202 to remote] DEBUG org.asynchttpclient.netty.request.NettyRequestSender - Using open Channel [id: 0x35a8b605, L:/127.0.0.1:59813 - R:localhost/127.0.0.1:62656] for POST '/session/8a38e53eb30ae9aed660e0dc91ed8202/element/f2feabd2-ad6d-4ca0-9ec3-dae5cbbdf9bb/click'
10:52:49.154 [AsyncHttpClient-1-11] DEBUG org.asynchttpclient.netty.handler.HttpHandler - 

Request DefaultHttpRequest(decodeResult: success, version: HTTP/1.1)
POST /session/8a38e53eb30ae9aed660e0dc91ed8202/element/f2feabd2-ad6d-4ca0-9ec3-dae5cbbdf9bb/click HTTP/1.1
User-Agent: selenium/4.1.2 (java windows)
Content-Length: 50
Content-Type: application/json; charset=utf-8
host: localhost:62656
accept: */*

Response DefaultHttpResponse(decodeResult: success, version: HTTP/1.1)
HTTP/1.1 200 OK
Content-Type: application/json; charset=utf-8
cache-control: no-cache
content-length: 14

10:52:49.155 [AsyncHttpClient-1-11] DEBUG org.asynchttpclient.netty.channel.ChannelManager - Adding key: http://localhost:62656 for channel [id: 0x35a8b605, L:/127.0.0.1:59813 - R:localhost/127.0.0.1:62656]
10:52:49.162 [Forwarding findElement on session 8a38e53eb30ae9aed660e0dc91ed8202 to remote] DEBUG org.asynchttpclient.netty.request.NettyRequestSender - Using pooled Channel '[id: 0x35a8b605, L:/127.0.0.1:59813 - R:localhost/127.0.0.1:62656]' for 'POST' to 'http://localhost:62656/session/8a38e53eb30ae9aed660e0dc91ed8202/element'
10:52:49.162 [Forwarding findElement on session 8a38e53eb30ae9aed660e0dc91ed8202 to remote] DEBUG org.asynchttpclient.netty.request.NettyRequestSender - Using open Channel [id: 0x35a8b605, L:/127.0.0.1:59813 - R:localhost/127.0.0.1:62656] for POST '/session/8a38e53eb30ae9aed660e0dc91ed8202/element'
10:52:49.177 [AsyncHttpClient-1-11] DEBUG org.asynchttpclient.netty.handler.HttpHandler - 

Request DefaultHttpRequest(decodeResult: success, version: HTTP/1.1)
POST /session/8a38e53eb30ae9aed660e0dc91ed8202/element HTTP/1.1
User-Agent: selenium/4.1.2 (java windows)
Content-Length: 69
Content-Type: application/json; charset=utf-8
host: localhost:62656
accept: */*

Response DefaultHttpResponse(decodeResult: success, version: HTTP/1.1)
HTTP/1.1 200 OK
Content-Type: application/json; charset=utf-8
cache-control: no-cache
content-length: 88

10:52:49.177 [AsyncHttpClient-1-11] DEBUG org.asynchttpclient.netty.channel.ChannelManager - Adding key: http://localhost:62656 for channel [id: 0x35a8b605, L:/127.0.0.1:59813 - R:localhost/127.0.0.1:62656]
10:52:49.180 [Forwarding clearElement on session 8a38e53eb30ae9aed660e0dc91ed8202 to remote] DEBUG org.asynchttpclient.netty.request.NettyRequestSender - Using pooled Channel '[id: 0x35a8b605, L:/127.0.0.1:59813 - R:localhost/127.0.0.1:62656]' for 'POST' to 'http://localhost:62656/session/8a38e53eb30ae9aed660e0dc91ed8202/element/ff259c6b-5f6a-4dc4-bb4e-2923e3243c5e/clear'
10:52:49.180 [Forwarding clearElement on session 8a38e53eb30ae9aed660e0dc91ed8202 to remote] DEBUG org.asynchttpclient.netty.request.NettyRequestSender - Using open Channel [id: 0x35a8b605, L:/127.0.0.1:59813 - R:localhost/127.0.0.1:62656] for POST '/session/8a38e53eb30ae9aed660e0dc91ed8202/element/ff259c6b-5f6a-4dc4-bb4e-2923e3243c5e/clear'
10:52:49.228 [AsyncHttpClient-1-11] DEBUG org.asynchttpclient.netty.handler.HttpHandler - 

Request DefaultHttpRequest(decodeResult: success, version: HTTP/1.1)
POST /session/8a38e53eb30ae9aed660e0dc91ed8202/element/ff259c6b-5f6a-4dc4-bb4e-2923e3243c5e/clear HTTP/1.1
User-Agent: selenium/4.1.2 (java windows)
Content-Length: 50
Content-Type: application/json; charset=utf-8
host: localhost:62656
accept: */*

Response DefaultHttpResponse(decodeResult: success, version: HTTP/1.1)
HTTP/1.1 200 OK
Content-Type: application/json; charset=utf-8
cache-control: no-cache
content-length: 14

10:52:49.228 [AsyncHttpClient-1-11] DEBUG org.asynchttpclient.netty.channel.ChannelManager - Adding key: http://localhost:62656 for channel [id: 0x35a8b605, L:/127.0.0.1:59813 - R:localhost/127.0.0.1:62656]
10:52:49.232 [Forwarding sendKeysToElement on session 8a38e53eb30ae9aed660e0dc91ed8202 to remote] DEBUG org.asynchttpclient.netty.request.NettyRequestSender - Using pooled Channel '[id: 0x35a8b605, L:/127.0.0.1:59813 - R:localhost/127.0.0.1:62656]' for 'POST' to 'http://localhost:62656/session/8a38e53eb30ae9aed660e0dc91ed8202/element/ff259c6b-5f6a-4dc4-bb4e-2923e3243c5e/value'
10:52:49.232 [Forwarding sendKeysToElement on session 8a38e53eb30ae9aed660e0dc91ed8202 to remote] DEBUG org.asynchttpclient.netty.request.NettyRequestSender - Using open Channel [id: 0x35a8b605, L:/127.0.0.1:59813 - R:localhost/127.0.0.1:62656] for POST '/session/8a38e53eb30ae9aed660e0dc91ed8202/element/ff259c6b-5f6a-4dc4-bb4e-2923e3243c5e/value'
10:52:49.378 [AsyncHttpClient-1-1] DEBUG org.asynchttpclient.netty.channel.DefaultChannelPool - Entry count for : http://localhost:59814 : 1
10:52:49.516 [AsyncHttpClient-1-11] DEBUG org.asynchttpclient.netty.handler.HttpHandler - 

Request DefaultHttpRequest(decodeResult: success, version: HTTP/1.1)
POST /session/8a38e53eb30ae9aed660e0dc91ed8202/element/ff259c6b-5f6a-4dc4-bb4e-2923e3243c5e/value HTTP/1.1
User-Agent: selenium/4.1.2 (java windows)
Content-Length: 371
Content-Type: application/json; charset=utf-8
host: localhost:62656
accept: */*

Response DefaultHttpResponse(decodeResult: success, version: HTTP/1.1)
HTTP/1.1 200 OK
Content-Type: application/json; charset=utf-8
cache-control: no-cache
content-length: 14

10:52:49.517 [AsyncHttpClient-1-11] DEBUG org.asynchttpclient.netty.channel.ChannelManager - Adding key: http://localhost:62656 for channel [id: 0x35a8b605, L:/127.0.0.1:59813 - R:localhost/127.0.0.1:62656]
10:52:49.523 [Forwarding findElement on session 8a38e53eb30ae9aed660e0dc91ed8202 to remote] DEBUG org.asynchttpclient.netty.request.NettyRequestSender - Using pooled Channel '[id: 0x35a8b605, L:/127.0.0.1:59813 - R:localhost/127.0.0.1:62656]' for 'POST' to 'http://localhost:62656/session/8a38e53eb30ae9aed660e0dc91ed8202/element'
10:52:49.523 [Forwarding findElement on session 8a38e53eb30ae9aed660e0dc91ed8202 to remote] DEBUG org.asynchttpclient.netty.request.NettyRequestSender - Using open Channel [id: 0x35a8b605, L:/127.0.0.1:59813 - R:localhost/127.0.0.1:62656] for POST '/session/8a38e53eb30ae9aed660e0dc91ed8202/element'
10:52:49.541 [AsyncHttpClient-1-11] DEBUG org.asynchttpclient.netty.handler.HttpHandler - 

Request DefaultHttpRequest(decodeResult: success, version: HTTP/1.1)
POST /session/8a38e53eb30ae9aed660e0dc91ed8202/element HTTP/1.1
User-Agent: selenium/4.1.2 (java windows)
Content-Length: 72
Content-Type: application/json; charset=utf-8
host: localhost:62656
accept: */*

Response DefaultHttpResponse(decodeResult: success, version: HTTP/1.1)
HTTP/1.1 200 OK
Content-Type: application/json; charset=utf-8
cache-control: no-cache
content-length: 88

10:52:49.541 [AsyncHttpClient-1-11] DEBUG org.asynchttpclient.netty.channel.ChannelManager - Adding key: http://localhost:62656 for channel [id: 0x35a8b605, L:/127.0.0.1:59813 - R:localhost/127.0.0.1:62656]
10:52:49.544 [Forwarding clearElement on session 8a38e53eb30ae9aed660e0dc91ed8202 to remote] DEBUG org.asynchttpclient.netty.request.NettyRequestSender - Using pooled Channel '[id: 0x35a8b605, L:/127.0.0.1:59813 - R:localhost/127.0.0.1:62656]' for 'POST' to 'http://localhost:62656/session/8a38e53eb30ae9aed660e0dc91ed8202/element/3527f88d-1b9a-41c0-97ba-7cdea7d43524/clear'
10:52:49.544 [Forwarding clearElement on session 8a38e53eb30ae9aed660e0dc91ed8202 to remote] DEBUG org.asynchttpclient.netty.request.NettyRequestSender - Using open Channel [id: 0x35a8b605, L:/127.0.0.1:59813 - R:localhost/127.0.0.1:62656] for POST '/session/8a38e53eb30ae9aed660e0dc91ed8202/element/3527f88d-1b9a-41c0-97ba-7cdea7d43524/clear'
10:52:49.586 [AsyncHttpClient-1-11] DEBUG org.asynchttpclient.netty.handler.HttpHandler - 

Request DefaultHttpRequest(decodeResult: success, version: HTTP/1.1)
POST /session/8a38e53eb30ae9aed660e0dc91ed8202/element/3527f88d-1b9a-41c0-97ba-7cdea7d43524/clear HTTP/1.1
User-Agent: selenium/4.1.2 (java windows)
Content-Length: 50
Content-Type: application/json; charset=utf-8
host: localhost:62656
accept: */*

Response DefaultHttpResponse(decodeResult: success, version: HTTP/1.1)
HTTP/1.1 200 OK
Content-Type: application/json; charset=utf-8
cache-control: no-cache
content-length: 14

10:52:49.586 [AsyncHttpClient-1-11] DEBUG org.asynchttpclient.netty.channel.ChannelManager - Adding key: http://localhost:62656 for channel [id: 0x35a8b605, L:/127.0.0.1:59813 - R:localhost/127.0.0.1:62656]
10:52:49.589 [Forwarding sendKeysToElement on session 8a38e53eb30ae9aed660e0dc91ed8202 to remote] DEBUG org.asynchttpclient.netty.request.NettyRequestSender - Using pooled Channel '[id: 0x35a8b605, L:/127.0.0.1:59813 - R:localhost/127.0.0.1:62656]' for 'POST' to 'http://localhost:62656/session/8a38e53eb30ae9aed660e0dc91ed8202/element/3527f88d-1b9a-41c0-97ba-7cdea7d43524/value'
10:52:49.589 [Forwarding sendKeysToElement on session 8a38e53eb30ae9aed660e0dc91ed8202 to remote] DEBUG org.asynchttpclient.netty.request.NettyRequestSender - Using open Channel [id: 0x35a8b605, L:/127.0.0.1:59813 - R:localhost/127.0.0.1:62656] for POST '/session/8a38e53eb30ae9aed660e0dc91ed8202/element/3527f88d-1b9a-41c0-97ba-7cdea7d43524/value'
10:52:49.812 [AsyncHttpClient-1-11] DEBUG org.asynchttpclient.netty.handler.HttpHandler - 

Request DefaultHttpRequest(decodeResult: success, version: HTTP/1.1)
POST /session/8a38e53eb30ae9aed660e0dc91ed8202/element/3527f88d-1b9a-41c0-97ba-7cdea7d43524/value HTTP/1.1
User-Agent: selenium/4.1.2 (java windows)
Content-Length: 251
Content-Type: application/json; charset=utf-8
host: localhost:62656
accept: */*

Response DefaultHttpResponse(decodeResult: success, version: HTTP/1.1)
HTTP/1.1 200 OK
Content-Type: application/json; charset=utf-8
cache-control: no-cache
content-length: 14

10:52:49.813 [AsyncHttpClient-1-11] DEBUG org.asynchttpclient.netty.channel.ChannelManager - Adding key: http://localhost:62656 for channel [id: 0x35a8b605, L:/127.0.0.1:59813 - R:localhost/127.0.0.1:62656]
10:52:49.819 [Forwarding findElement on session 8a38e53eb30ae9aed660e0dc91ed8202 to remote] DEBUG org.asynchttpclient.netty.request.NettyRequestSender - Using pooled Channel '[id: 0x35a8b605, L:/127.0.0.1:59813 - R:localhost/127.0.0.1:62656]' for 'POST' to 'http://localhost:62656/session/8a38e53eb30ae9aed660e0dc91ed8202/element'
10:52:49.819 [Forwarding findElement on session 8a38e53eb30ae9aed660e0dc91ed8202 to remote] DEBUG org.asynchttpclient.netty.request.NettyRequestSender - Using open Channel [id: 0x35a8b605, L:/127.0.0.1:59813 - R:localhost/127.0.0.1:62656] for POST '/session/8a38e53eb30ae9aed660e0dc91ed8202/element'
10:52:49.834 [AsyncHttpClient-1-11] DEBUG org.asynchttpclient.netty.handler.HttpHandler - 

Request DefaultHttpRequest(decodeResult: success, version: HTTP/1.1)
POST /session/8a38e53eb30ae9aed660e0dc91ed8202/element HTTP/1.1
User-Agent: selenium/4.1.2 (java windows)
Content-Length: 321
Content-Type: application/json; charset=utf-8
host: localhost:62656
accept: */*

Response DefaultHttpResponse(decodeResult: success, version: HTTP/1.1)
HTTP/1.1 200 OK
Content-Type: application/json; charset=utf-8
cache-control: no-cache
content-length: 88

10:52:49.834 [AsyncHttpClient-1-11] DEBUG org.asynchttpclient.netty.channel.ChannelManager - Adding key: http://localhost:62656 for channel [id: 0x35a8b605, L:/127.0.0.1:59813 - R:localhost/127.0.0.1:62656]
10:52:49.836 [Forwarding getElementTagName on session 8a38e53eb30ae9aed660e0dc91ed8202 to remote] DEBUG org.asynchttpclient.netty.request.NettyRequestSender - Using pooled Channel '[id: 0x35a8b605, L:/127.0.0.1:59813 - R:localhost/127.0.0.1:62656]' for 'GET' to 'http://localhost:62656/session/8a38e53eb30ae9aed660e0dc91ed8202/element/5f80f17c-91e4-4843-9cb6-331c20f73ff8/name'
10:52:49.836 [Forwarding getElementTagName on session 8a38e53eb30ae9aed660e0dc91ed8202 to remote] DEBUG org.asynchttpclient.netty.request.NettyRequestSender - Using open Channel [id: 0x35a8b605, L:/127.0.0.1:59813 - R:localhost/127.0.0.1:62656] for GET '/session/8a38e53eb30ae9aed660e0dc91ed8202/element/5f80f17c-91e4-4843-9cb6-331c20f73ff8/name'
10:52:49.843 [AsyncHttpClient-1-11] DEBUG org.asynchttpclient.netty.handler.HttpHandler - 

Request DefaultFullHttpRequest(decodeResult: success, version: HTTP/1.1, content: EmptyByteBufBE)
GET /session/8a38e53eb30ae9aed660e0dc91ed8202/element/5f80f17c-91e4-4843-9cb6-331c20f73ff8/name HTTP/1.1
User-Agent: selenium/4.1.2 (java windows)
Cache-Control: no-cache
Content-Type: application/json; charset=utf-8
host: localhost:62656
accept: */*

Response DefaultHttpResponse(decodeResult: success, version: HTTP/1.1)
HTTP/1.1 200 OK
Content-Type: application/json; charset=utf-8
cache-control: no-cache
content-length: 18

10:52:49.843 [AsyncHttpClient-1-11] DEBUG org.asynchttpclient.netty.channel.ChannelManager - Adding key: http://localhost:62656 for channel [id: 0x35a8b605, L:/127.0.0.1:59813 - R:localhost/127.0.0.1:62656]
10:52:49.845 [Forwarding getElementTagName on session 8a38e53eb30ae9aed660e0dc91ed8202 to remote] DEBUG org.asynchttpclient.netty.request.NettyRequestSender - Using pooled Channel '[id: 0x35a8b605, L:/127.0.0.1:59813 - R:localhost/127.0.0.1:62656]' for 'GET' to 'http://localhost:62656/session/8a38e53eb30ae9aed660e0dc91ed8202/element/5f80f17c-91e4-4843-9cb6-331c20f73ff8/name'
10:52:49.845 [Forwarding getElementTagName on session 8a38e53eb30ae9aed660e0dc91ed8202 to remote] DEBUG org.asynchttpclient.netty.request.NettyRequestSender - Using open Channel [id: 0x35a8b605, L:/127.0.0.1:59813 - R:localhost/127.0.0.1:62656] for GET '/session/8a38e53eb30ae9aed660e0dc91ed8202/element/5f80f17c-91e4-4843-9cb6-331c20f73ff8/name'
10:52:49.850 [AsyncHttpClient-1-11] DEBUG org.asynchttpclient.netty.handler.HttpHandler - 

Request DefaultFullHttpRequest(decodeResult: success, version: HTTP/1.1, content: EmptyByteBufBE)
GET /session/8a38e53eb30ae9aed660e0dc91ed8202/element/5f80f17c-91e4-4843-9cb6-331c20f73ff8/name HTTP/1.1
User-Agent: selenium/4.1.2 (java windows)
Cache-Control: no-cache
Content-Type: application/json; charset=utf-8
host: localhost:62656
accept: */*

Response DefaultHttpResponse(decodeResult: success, version: HTTP/1.1)
HTTP/1.1 200 OK
Content-Type: application/json; charset=utf-8
cache-control: no-cache
content-length: 18

10:52:49.850 [AsyncHttpClient-1-11] DEBUG org.asynchttpclient.netty.channel.ChannelManager - Adding key: http://localhost:62656 for channel [id: 0x35a8b605, L:/127.0.0.1:59813 - R:localhost/127.0.0.1:62656]
10:52:49.852 [Forwarding isElementEnabled on session 8a38e53eb30ae9aed660e0dc91ed8202 to remote] DEBUG org.asynchttpclient.netty.request.NettyRequestSender - Using pooled Channel '[id: 0x35a8b605, L:/127.0.0.1:59813 - R:localhost/127.0.0.1:62656]' for 'GET' to 'http://localhost:62656/session/8a38e53eb30ae9aed660e0dc91ed8202/element/5f80f17c-91e4-4843-9cb6-331c20f73ff8/enabled'
10:52:49.852 [Forwarding isElementEnabled on session 8a38e53eb30ae9aed660e0dc91ed8202 to remote] DEBUG org.asynchttpclient.netty.request.NettyRequestSender - Using open Channel [id: 0x35a8b605, L:/127.0.0.1:59813 - R:localhost/127.0.0.1:62656] for GET '/session/8a38e53eb30ae9aed660e0dc91ed8202/element/5f80f17c-91e4-4843-9cb6-331c20f73ff8/enabled'
10:52:49.870 [AsyncHttpClient-1-11] DEBUG org.asynchttpclient.netty.handler.HttpHandler - 

Request DefaultFullHttpRequest(decodeResult: success, version: HTTP/1.1, content: EmptyByteBufBE)
GET /session/8a38e53eb30ae9aed660e0dc91ed8202/element/5f80f17c-91e4-4843-9cb6-331c20f73ff8/enabled HTTP/1.1
User-Agent: selenium/4.1.2 (java windows)
Cache-Control: no-cache
Content-Type: application/json; charset=utf-8
host: localhost:62656
accept: */*

Response DefaultHttpResponse(decodeResult: success, version: HTTP/1.1)
HTTP/1.1 200 OK
Content-Type: application/json; charset=utf-8
cache-control: no-cache
content-length: 14

10:52:49.870 [AsyncHttpClient-1-11] DEBUG org.asynchttpclient.netty.channel.ChannelManager - Adding key: http://localhost:62656 for channel [id: 0x35a8b605, L:/127.0.0.1:59813 - R:localhost/127.0.0.1:62656]
10:52:49.871 [Forwarding isElementEnabled on session 8a38e53eb30ae9aed660e0dc91ed8202 to remote] DEBUG org.asynchttpclient.netty.request.NettyRequestSender - Using pooled Channel '[id: 0x35a8b605, L:/127.0.0.1:59813 - R:localhost/127.0.0.1:62656]' for 'GET' to 'http://localhost:62656/session/8a38e53eb30ae9aed660e0dc91ed8202/element/5f80f17c-91e4-4843-9cb6-331c20f73ff8/enabled'
10:52:49.871 [Forwarding isElementEnabled on session 8a38e53eb30ae9aed660e0dc91ed8202 to remote] DEBUG org.asynchttpclient.netty.request.NettyRequestSender - Using open Channel [id: 0x35a8b605, L:/127.0.0.1:59813 - R:localhost/127.0.0.1:62656] for GET '/session/8a38e53eb30ae9aed660e0dc91ed8202/element/5f80f17c-91e4-4843-9cb6-331c20f73ff8/enabled'
10:52:49.881 [AsyncHttpClient-1-11] DEBUG org.asynchttpclient.netty.handler.HttpHandler - 

Request DefaultFullHttpRequest(decodeResult: success, version: HTTP/1.1, content: EmptyByteBufBE)
GET /session/8a38e53eb30ae9aed660e0dc91ed8202/element/5f80f17c-91e4-4843-9cb6-331c20f73ff8/enabled HTTP/1.1
User-Agent: selenium/4.1.2 (java windows)
Cache-Control: no-cache
Content-Type: application/json; charset=utf-8
host: localhost:62656
accept: */*

Response DefaultHttpResponse(decodeResult: success, version: HTTP/1.1)
HTTP/1.1 200 OK
Content-Type: application/json; charset=utf-8
cache-control: no-cache
content-length: 14

10:52:49.881 [AsyncHttpClient-1-11] DEBUG org.asynchttpclient.netty.channel.ChannelManager - Adding key: http://localhost:62656 for channel [id: 0x35a8b605, L:/127.0.0.1:59813 - R:localhost/127.0.0.1:62656]
10:52:49.883 [Forwarding findElement on session 8a38e53eb30ae9aed660e0dc91ed8202 to remote] DEBUG org.asynchttpclient.netty.request.NettyRequestSender - Using pooled Channel '[id: 0x35a8b605, L:/127.0.0.1:59813 - R:localhost/127.0.0.1:62656]' for 'POST' to 'http://localhost:62656/session/8a38e53eb30ae9aed660e0dc91ed8202/element'
10:52:49.883 [Forwarding findElement on session 8a38e53eb30ae9aed660e0dc91ed8202 to remote] DEBUG org.asynchttpclient.netty.request.NettyRequestSender - Using open Channel [id: 0x35a8b605, L:/127.0.0.1:59813 - R:localhost/127.0.0.1:62656] for POST '/session/8a38e53eb30ae9aed660e0dc91ed8202/element'
10:52:49.892 [AsyncHttpClient-1-11] DEBUG org.asynchttpclient.netty.handler.HttpHandler - 

Request DefaultHttpRequest(decodeResult: success, version: HTTP/1.1)
POST /session/8a38e53eb30ae9aed660e0dc91ed8202/element HTTP/1.1
User-Agent: selenium/4.1.2 (java windows)
Content-Length: 321
Content-Type: application/json; charset=utf-8
host: localhost:62656
accept: */*

Response DefaultHttpResponse(decodeResult: success, version: HTTP/1.1)
HTTP/1.1 200 OK
Content-Type: application/json; charset=utf-8
cache-control: no-cache
content-length: 88

10:52:49.893 [AsyncHttpClient-1-11] DEBUG org.asynchttpclient.netty.channel.ChannelManager - Adding key: http://localhost:62656 for channel [id: 0x35a8b605, L:/127.0.0.1:59813 - R:localhost/127.0.0.1:62656]
10:52:49.896 [Forwarding clickElement on session 8a38e53eb30ae9aed660e0dc91ed8202 to remote] DEBUG org.asynchttpclient.netty.request.NettyRequestSender - Using pooled Channel '[id: 0x35a8b605, L:/127.0.0.1:59813 - R:localhost/127.0.0.1:62656]' for 'POST' to 'http://localhost:62656/session/8a38e53eb30ae9aed660e0dc91ed8202/element/5f80f17c-91e4-4843-9cb6-331c20f73ff8/click'
10:52:49.896 [Forwarding clickElement on session 8a38e53eb30ae9aed660e0dc91ed8202 to remote] DEBUG org.asynchttpclient.netty.request.NettyRequestSender - Using open Channel [id: 0x35a8b605, L:/127.0.0.1:59813 - R:localhost/127.0.0.1:62656] for POST '/session/8a38e53eb30ae9aed660e0dc91ed8202/element/5f80f17c-91e4-4843-9cb6-331c20f73ff8/click'
10:52:49.967 [AsyncHttpClient-1-11] DEBUG org.asynchttpclient.netty.handler.HttpHandler - 

Request DefaultHttpRequest(decodeResult: success, version: HTTP/1.1)
POST /session/8a38e53eb30ae9aed660e0dc91ed8202/element/5f80f17c-91e4-4843-9cb6-331c20f73ff8/click HTTP/1.1
User-Agent: selenium/4.1.2 (java windows)
Content-Length: 50
Content-Type: application/json; charset=utf-8
host: localhost:62656
accept: */*

Response DefaultHttpResponse(decodeResult: success, version: HTTP/1.1)
HTTP/1.1 200 OK
Content-Type: application/json; charset=utf-8
cache-control: no-cache
content-length: 14

10:52:49.967 [AsyncHttpClient-1-11] DEBUG org.asynchttpclient.netty.channel.ChannelManager - Adding key: http://localhost:62656 for channel [id: 0x35a8b605, L:/127.0.0.1:59813 - R:localhost/127.0.0.1:62656]
  &amp#27;[32mAnd &amp#27;[0m&amp#27;[32mI have logged in&amp#27;[0m                    &amp#27;[90m# starter.stepdefinitions.ManageVaccinationBookingsSteps.iHaveLoggedIn()&amp#27;[0m
10:52:49.975 [Forwarding screenshot on session 8a38e53eb30ae9aed660e0dc91ed8202 to remote] DEBUG org.asynchttpclient.netty.request.NettyRequestSender - Using pooled Channel '[id: 0x35a8b605, L:/127.0.0.1:59813 - R:localhost/127.0.0.1:62656]' for 'GET' to 'http://localhost:62656/session/8a38e53eb30ae9aed660e0dc91ed8202/screenshot'
10:52:49.975 [Forwarding screenshot on session 8a38e53eb30ae9aed660e0dc91ed8202 to remote] DEBUG org.asynchttpclient.netty.request.NettyRequestSender - Using open Channel [id: 0x35a8b605, L:/127.0.0.1:59813 - R:localhost/127.0.0.1:62656] for GET '/session/8a38e53eb30ae9aed660e0dc91ed8202/screenshot'
10:52:50.274 [AsyncHttpClient-1-11] DEBUG org.asynchttpclient.netty.handler.HttpHandler - 

Request DefaultFullHttpRequest(decodeResult: success, version: HTTP/1.1, content: EmptyByteBufBE)
GET /session/8a38e53eb30ae9aed660e0dc91ed8202/screenshot HTTP/1.1
User-Agent: selenium/4.1.2 (java windows)
Cache-Control: no-cache
Content-Type: application/json; charset=utf-8
host: localhost:62656
accept: */*

Response DefaultHttpResponse(decodeResult: success, version: HTTP/1.1)
HTTP/1.1 200 OK
Content-Type: application/json; charset=utf-8
cache-control: no-cache
content-length: 115728

10:52:50.277 [AsyncHttpClient-1-11] DEBUG org.asynchttpclient.netty.channel.ChannelManager - Adding key: http://localhost:62656 for channel [id: 0x35a8b605, L:/127.0.0.1:59813 - R:localhost/127.0.0.1:62656]
10:52:50.281 [main] DEBUG net.serenitybdd.core.photography.Darkroom - Send negative for processing for target\site\serenity\8cf1fc1cb2ab246de4df84de123969a8830804478c78dcea24e571adb3b367b1.png
10:52:50.282 [Darkroom Processing Line] DEBUG net.serenitybdd.core.photography.DarkroomProcessingLine - Processing screenshot image in /var/screenshots/screenshot-7469643253615384890
10:52:50.282 [Darkroom Processing Line] DEBUG net.serenitybdd.core.photography.DarkroomProcessingLine - Saving screenshot to target\site\serenity\8cf1fc1cb2ab246de4df84de123969a8830804478c78dcea24e571adb3b367b1.png
10:52:50.289 [Forwarding findElement on session 8a38e53eb30ae9aed660e0dc91ed8202 to remote] DEBUG org.asynchttpclient.netty.request.NettyRequestSender - Using pooled Channel '[id: 0x35a8b605, L:/127.0.0.1:59813 - R:localhost/127.0.0.1:62656]' for 'POST' to 'http://localhost:62656/session/8a38e53eb30ae9aed660e0dc91ed8202/element'
10:52:50.289 [Forwarding findElement on session 8a38e53eb30ae9aed660e0dc91ed8202 to remote] DEBUG org.asynchttpclient.netty.request.NettyRequestSender - Using open Channel [id: 0x35a8b605, L:/127.0.0.1:59813 - R:localhost/127.0.0.1:62656] for POST '/session/8a38e53eb30ae9aed660e0dc91ed8202/element'
10:52:50.488 [AsyncHttpClient-1-1] DEBUG org.asynchttpclient.netty.channel.DefaultChannelPool - Entry count for : http://localhost:59814 : 1
10:52:50.511 [AsyncHttpClient-1-11] DEBUG org.asynchttpclient.netty.handler.HttpHandler - 

Request DefaultHttpRequest(decodeResult: success, version: HTTP/1.1)
POST /session/8a38e53eb30ae9aed660e0dc91ed8202/element HTTP/1.1
User-Agent: selenium/4.1.2 (java windows)
Content-Length: 80
Content-Type: application/json; charset=utf-8
host: localhost:62656
accept: */*

Response DefaultHttpResponse(decodeResult: success, version: HTTP/1.1)
HTTP/1.1 200 OK
Content-Type: application/json; charset=utf-8
cache-control: no-cache
content-length: 88

10:52:50.511 [AsyncHttpClient-1-11] DEBUG org.asynchttpclient.netty.channel.ChannelManager - Adding key: http://localhost:62656 for channel [id: 0x35a8b605, L:/127.0.0.1:59813 - R:localhost/127.0.0.1:62656]
10:52:50.514 [Forwarding getElementTagName on session 8a38e53eb30ae9aed660e0dc91ed8202 to remote] DEBUG org.asynchttpclient.netty.request.NettyRequestSender - Using pooled Channel '[id: 0x35a8b605, L:/127.0.0.1:59813 - R:localhost/127.0.0.1:62656]' for 'GET' to 'http://localhost:62656/session/8a38e53eb30ae9aed660e0dc91ed8202/element/ca22878d-a3ac-45d4-9b62-6372ff7fe75d/name'
10:52:50.514 [Forwarding getElementTagName on session 8a38e53eb30ae9aed660e0dc91ed8202 to remote] DEBUG org.asynchttpclient.netty.request.NettyRequestSender - Using open Channel [id: 0x35a8b605, L:/127.0.0.1:59813 - R:localhost/127.0.0.1:62656] for GET '/session/8a38e53eb30ae9aed660e0dc91ed8202/element/ca22878d-a3ac-45d4-9b62-6372ff7fe75d/name'
10:52:50.538 [AsyncHttpClient-1-11] DEBUG org.asynchttpclient.netty.handler.HttpHandler - 

Request DefaultFullHttpRequest(decodeResult: success, version: HTTP/1.1, content: EmptyByteBufBE)
GET /session/8a38e53eb30ae9aed660e0dc91ed8202/element/ca22878d-a3ac-45d4-9b62-6372ff7fe75d/name HTTP/1.1
User-Agent: selenium/4.1.2 (java windows)
Cache-Control: no-cache
Content-Type: application/json; charset=utf-8
host: localhost:62656
accept: */*

Response DefaultHttpResponse(decodeResult: success, version: HTTP/1.1)
HTTP/1.1 200 OK
Content-Type: application/json; charset=utf-8
cache-control: no-cache
content-length: 13

10:52:50.539 [AsyncHttpClient-1-11] DEBUG org.asynchttpclient.netty.channel.ChannelManager - Adding key: http://localhost:62656 for channel [id: 0x35a8b605, L:/127.0.0.1:59813 - R:localhost/127.0.0.1:62656]
10:52:50.541 [Forwarding getElementTagName on session 8a38e53eb30ae9aed660e0dc91ed8202 to remote] DEBUG org.asynchttpclient.netty.request.NettyRequestSender - Using pooled Channel '[id: 0x35a8b605, L:/127.0.0.1:59813 - R:localhost/127.0.0.1:62656]' for 'GET' to 'http://localhost:62656/session/8a38e53eb30ae9aed660e0dc91ed8202/element/ca22878d-a3ac-45d4-9b62-6372ff7fe75d/name'
10:52:50.541 [Forwarding getElementTagName on session 8a38e53eb30ae9aed660e0dc91ed8202 to remote] DEBUG org.asynchttpclient.netty.request.NettyRequestSender - Using open Channel [id: 0x35a8b605, L:/127.0.0.1:59813 - R:localhost/127.0.0.1:62656] for GET '/session/8a38e53eb30ae9aed660e0dc91ed8202/element/ca22878d-a3ac-45d4-9b62-6372ff7fe75d/name'
10:52:50.547 [AsyncHttpClient-1-11] DEBUG org.asynchttpclient.netty.handler.HttpHandler - 

Request DefaultFullHttpRequest(decodeResult: success, version: HTTP/1.1, content: EmptyByteBufBE)
GET /session/8a38e53eb30ae9aed660e0dc91ed8202/element/ca22878d-a3ac-45d4-9b62-6372ff7fe75d/name HTTP/1.1
User-Agent: selenium/4.1.2 (java windows)
Cache-Control: no-cache
Content-Type: application/json; charset=utf-8
host: localhost:62656
accept: */*

Response DefaultHttpResponse(decodeResult: success, version: HTTP/1.1)
HTTP/1.1 200 OK
Content-Type: application/json; charset=utf-8
cache-control: no-cache
content-length: 13

10:52:50.547 [AsyncHttpClient-1-11] DEBUG org.asynchttpclient.netty.channel.ChannelManager - Adding key: http://localhost:62656 for channel [id: 0x35a8b605, L:/127.0.0.1:59813 - R:localhost/127.0.0.1:62656]
10:52:50.548 [Forwarding findElement on session 8a38e53eb30ae9aed660e0dc91ed8202 to remote] DEBUG org.asynchttpclient.netty.request.NettyRequestSender - Using pooled Channel '[id: 0x35a8b605, L:/127.0.0.1:59813 - R:localhost/127.0.0.1:62656]' for 'POST' to 'http://localhost:62656/session/8a38e53eb30ae9aed660e0dc91ed8202/element'
10:52:50.549 [Forwarding findElement on session 8a38e53eb30ae9aed660e0dc91ed8202 to remote] DEBUG org.asynchttpclient.netty.request.NettyRequestSender - Using open Channel [id: 0x35a8b605, L:/127.0.0.1:59813 - R:localhost/127.0.0.1:62656] for POST '/session/8a38e53eb30ae9aed660e0dc91ed8202/element'
10:52:50.560 [AsyncHttpClient-1-11] DEBUG org.asynchttpclient.netty.handler.HttpHandler - 

Request DefaultHttpRequest(decodeResult: success, version: HTTP/1.1)
POST /session/8a38e53eb30ae9aed660e0dc91ed8202/element HTTP/1.1
User-Agent: selenium/4.1.2 (java windows)
Content-Length: 80
Content-Type: application/json; charset=utf-8
host: localhost:62656
accept: */*

Response DefaultHttpResponse(decodeResult: success, version: HTTP/1.1)
HTTP/1.1 200 OK
Content-Type: application/json; charset=utf-8
cache-control: no-cache
content-length: 88

10:52:50.560 [AsyncHttpClient-1-11] DEBUG org.asynchttpclient.netty.channel.ChannelManager - Adding key: http://localhost:62656 for channel [id: 0x35a8b605, L:/127.0.0.1:59813 - R:localhost/127.0.0.1:62656]
10:52:50.562 [Forwarding clickElement on session 8a38e53eb30ae9aed660e0dc91ed8202 to remote] DEBUG org.asynchttpclient.netty.request.NettyRequestSender - Using pooled Channel '[id: 0x35a8b605, L:/127.0.0.1:59813 - R:localhost/127.0.0.1:62656]' for 'POST' to 'http://localhost:62656/session/8a38e53eb30ae9aed660e0dc91ed8202/element/ca22878d-a3ac-45d4-9b62-6372ff7fe75d/click'
10:52:50.562 [Forwarding clickElement on session 8a38e53eb30ae9aed660e0dc91ed8202 to remote] DEBUG org.asynchttpclient.netty.request.NettyRequestSender - Using open Channel [id: 0x35a8b605, L:/127.0.0.1:59813 - R:localhost/127.0.0.1:62656] for POST '/session/8a38e53eb30ae9aed660e0dc91ed8202/element/ca22878d-a3ac-45d4-9b62-6372ff7fe75d/click'
10:52:50.779 [AsyncHttpClient-1-11] DEBUG org.asynchttpclient.netty.handler.HttpHandler - 

Request DefaultHttpRequest(decodeResult: success, version: HTTP/1.1)
POST /session/8a38e53eb30ae9aed660e0dc91ed8202/element/ca22878d-a3ac-45d4-9b62-6372ff7fe75d/click HTTP/1.1
User-Agent: selenium/4.1.2 (java windows)
Content-Length: 50
Content-Type: application/json; charset=utf-8
host: localhost:62656
accept: */*

Response DefaultHttpResponse(decodeResult: success, version: HTTP/1.1)
HTTP/1.1 200 OK
Content-Type: application/json; charset=utf-8
cache-control: no-cache
content-length: 14

10:52:50.779 [AsyncHttpClient-1-11] DEBUG org.asynchttpclient.netty.channel.ChannelManager - Adding key: http://localhost:62656 for channel [id: 0x35a8b605, L:/127.0.0.1:59813 - R:localhost/127.0.0.1:62656]
  &amp#27;[32mWhen &amp#27;[0m&amp#27;[32mI go to Book Vaksinasi page&amp#27;[0m        &amp#27;[90m# starter.stepdefinitions.ManageVaccinationBookingsSteps.iGoToBookVaksinasiPage()&amp#27;[0m
10:52:50.787 [Forwarding screenshot on session 8a38e53eb30ae9aed660e0dc91ed8202 to remote] DEBUG org.asynchttpclient.netty.request.NettyRequestSender - Using pooled Channel '[id: 0x35a8b605, L:/127.0.0.1:59813 - R:localhost/127.0.0.1:62656]' for 'GET' to 'http://localhost:62656/session/8a38e53eb30ae9aed660e0dc91ed8202/screenshot'
10:52:50.788 [Forwarding screenshot on session 8a38e53eb30ae9aed660e0dc91ed8202 to remote] DEBUG org.asynchttpclient.netty.request.NettyRequestSender - Using open Channel [id: 0x35a8b605, L:/127.0.0.1:59813 - R:localhost/127.0.0.1:62656] for GET '/session/8a38e53eb30ae9aed660e0dc91ed8202/screenshot'
10:52:51.065 [AsyncHttpClient-1-11] DEBUG org.asynchttpclient.netty.handler.HttpHandler - 

Request DefaultFullHttpRequest(decodeResult: success, version: HTTP/1.1, content: EmptyByteBufBE)
GET /session/8a38e53eb30ae9aed660e0dc91ed8202/screenshot HTTP/1.1
User-Agent: selenium/4.1.2 (java windows)
Cache-Control: no-cache
Content-Type: application/json; charset=utf-8
host: localhost:62656
accept: */*

Response DefaultHttpResponse(decodeResult: success, version: HTTP/1.1)
HTTP/1.1 200 OK
Content-Type: application/json; charset=utf-8
cache-control: no-cache
content-length: 104356

10:52:51.066 [AsyncHttpClient-1-11] DEBUG org.asynchttpclient.netty.channel.ChannelManager - Adding key: http://localhost:62656 for channel [id: 0x35a8b605, L:/127.0.0.1:59813 - R:localhost/127.0.0.1:62656]
10:52:51.069 [main] DEBUG net.serenitybdd.core.photography.Darkroom - Send negative for processing for target\site\serenity\6ef22f563655b17a49ab6e8c9f6b669139d9a40855eef99806137629ddc997f5.png
10:52:51.070 [Darkroom Processing Line] DEBUG net.serenitybdd.core.photography.DarkroomProcessingLine - Processing screenshot image in /var/screenshots/screenshot-12976582841538542198
10:52:51.070 [Darkroom Processing Line] DEBUG net.serenitybdd.core.photography.DarkroomProcessingLine - Saving screenshot to target\site\serenity\6ef22f563655b17a49ab6e8c9f6b669139d9a40855eef99806137629ddc997f5.png
10:52:51.084 [Forwarding findElement on session 8a38e53eb30ae9aed660e0dc91ed8202 to remote] DEBUG org.asynchttpclient.netty.request.NettyRequestSender - Using pooled Channel '[id: 0x35a8b605, L:/127.0.0.1:59813 - R:localhost/127.0.0.1:62656]' for 'POST' to 'http://localhost:62656/session/8a38e53eb30ae9aed660e0dc91ed8202/element'
10:52:51.084 [Forwarding findElement on session 8a38e53eb30ae9aed660e0dc91ed8202 to remote] DEBUG org.asynchttpclient.netty.request.NettyRequestSender - Using open Channel [id: 0x35a8b605, L:/127.0.0.1:59813 - R:localhost/127.0.0.1:62656] for POST '/session/8a38e53eb30ae9aed660e0dc91ed8202/element'
10:52:51.275 [AsyncHttpClient-1-11] DEBUG org.asynchttpclient.netty.handler.HttpHandler - 

Request DefaultHttpRequest(decodeResult: success, version: HTTP/1.1)
POST /session/8a38e53eb30ae9aed660e0dc91ed8202/element HTTP/1.1
User-Agent: selenium/4.1.2 (java windows)
Content-Length: 117
Content-Type: application/json; charset=utf-8
host: localhost:62656
accept: */*

Response DefaultHttpResponse(decodeResult: success, version: HTTP/1.1)
HTTP/1.1 200 OK
Content-Type: application/json; charset=utf-8
cache-control: no-cache
content-length: 88

10:52:51.276 [AsyncHttpClient-1-11] DEBUG org.asynchttpclient.netty.channel.ChannelManager - Adding key: http://localhost:62656 for channel [id: 0x35a8b605, L:/127.0.0.1:59813 - R:localhost/127.0.0.1:62656]
10:52:51.279 [Forwarding getElementTagName on session 8a38e53eb30ae9aed660e0dc91ed8202 to remote] DEBUG org.asynchttpclient.netty.request.NettyRequestSender - Using pooled Channel '[id: 0x35a8b605, L:/127.0.0.1:59813 - R:localhost/127.0.0.1:62656]' for 'GET' to 'http://localhost:62656/session/8a38e53eb30ae9aed660e0dc91ed8202/element/8b243ba5-4b4e-41f1-880e-5ec77ff89990/name'
10:52:51.279 [Forwarding getElementTagName on session 8a38e53eb30ae9aed660e0dc91ed8202 to remote] DEBUG org.asynchttpclient.netty.request.NettyRequestSender - Using open Channel [id: 0x35a8b605, L:/127.0.0.1:59813 - R:localhost/127.0.0.1:62656] for GET '/session/8a38e53eb30ae9aed660e0dc91ed8202/element/8b243ba5-4b4e-41f1-880e-5ec77ff89990/name'
10:52:51.285 [AsyncHttpClient-1-11] DEBUG org.asynchttpclient.netty.handler.HttpHandler - 

Request DefaultFullHttpRequest(decodeResult: success, version: HTTP/1.1, content: EmptyByteBufBE)
GET /session/8a38e53eb30ae9aed660e0dc91ed8202/element/8b243ba5-4b4e-41f1-880e-5ec77ff89990/name HTTP/1.1
User-Agent: selenium/4.1.2 (java windows)
Cache-Control: no-cache
Content-Type: application/json; charset=utf-8
host: localhost:62656
accept: */*

Response DefaultHttpResponse(decodeResult: success, version: HTTP/1.1)
HTTP/1.1 200 OK
Content-Type: application/json; charset=utf-8
cache-control: no-cache
content-length: 15

10:52:51.285 [AsyncHttpClient-1-11] DEBUG org.asynchttpclient.netty.channel.ChannelManager - Adding key: http://localhost:62656 for channel [id: 0x35a8b605, L:/127.0.0.1:59813 - R:localhost/127.0.0.1:62656]
10:52:51.287 [Forwarding getElementTagName on session 8a38e53eb30ae9aed660e0dc91ed8202 to remote] DEBUG org.asynchttpclient.netty.request.NettyRequestSender - Using pooled Channel '[id: 0x35a8b605, L:/127.0.0.1:59813 - R:localhost/127.0.0.1:62656]' for 'GET' to 'http://localhost:62656/session/8a38e53eb30ae9aed660e0dc91ed8202/element/8b243ba5-4b4e-41f1-880e-5ec77ff89990/name'
10:52:51.287 [Forwarding getElementTagName on session 8a38e53eb30ae9aed660e0dc91ed8202 to remote] DEBUG org.asynchttpclient.netty.request.NettyRequestSender - Using open Channel [id: 0x35a8b605, L:/127.0.0.1:59813 - R:localhost/127.0.0.1:62656] for GET '/session/8a38e53eb30ae9aed660e0dc91ed8202/element/8b243ba5-4b4e-41f1-880e-5ec77ff89990/name'
10:52:51.296 [AsyncHttpClient-1-11] DEBUG org.asynchttpclient.netty.handler.HttpHandler - 

Request DefaultFullHttpRequest(decodeResult: success, version: HTTP/1.1, content: EmptyByteBufBE)
GET /session/8a38e53eb30ae9aed660e0dc91ed8202/element/8b243ba5-4b4e-41f1-880e-5ec77ff89990/name HTTP/1.1
User-Agent: selenium/4.1.2 (java windows)
Cache-Control: no-cache
Content-Type: application/json; charset=utf-8
host: localhost:62656
accept: */*

Response DefaultHttpResponse(decodeResult: success, version: HTTP/1.1)
HTTP/1.1 200 OK
Content-Type: application/json; charset=utf-8
cache-control: no-cache
content-length: 15

10:52:51.296 [AsyncHttpClient-1-11] DEBUG org.asynchttpclient.netty.channel.ChannelManager - Adding key: http://localhost:62656 for channel [id: 0x35a8b605, L:/127.0.0.1:59813 - R:localhost/127.0.0.1:62656]
10:52:51.300 [Forwarding findElement on session 8a38e53eb30ae9aed660e0dc91ed8202 to remote] DEBUG org.asynchttpclient.netty.request.NettyRequestSender - Using pooled Channel '[id: 0x35a8b605, L:/127.0.0.1:59813 - R:localhost/127.0.0.1:62656]' for 'POST' to 'http://localhost:62656/session/8a38e53eb30ae9aed660e0dc91ed8202/element'
10:52:51.300 [Forwarding findElement on session 8a38e53eb30ae9aed660e0dc91ed8202 to remote] DEBUG org.asynchttpclient.netty.request.NettyRequestSender - Using open Channel [id: 0x35a8b605, L:/127.0.0.1:59813 - R:localhost/127.0.0.1:62656] for POST '/session/8a38e53eb30ae9aed660e0dc91ed8202/element'
10:52:51.313 [AsyncHttpClient-1-11] DEBUG org.asynchttpclient.netty.handler.HttpHandler - 

Request DefaultHttpRequest(decodeResult: success, version: HTTP/1.1)
POST /session/8a38e53eb30ae9aed660e0dc91ed8202/element HTTP/1.1
User-Agent: selenium/4.1.2 (java windows)
Content-Length: 117
Content-Type: application/json; charset=utf-8
host: localhost:62656
accept: */*

Response DefaultHttpResponse(decodeResult: success, version: HTTP/1.1)
HTTP/1.1 200 OK
Content-Type: application/json; charset=utf-8
cache-control: no-cache
content-length: 88

10:52:51.314 [AsyncHttpClient-1-11] DEBUG org.asynchttpclient.netty.channel.ChannelManager - Adding key: http://localhost:62656 for channel [id: 0x35a8b605, L:/127.0.0.1:59813 - R:localhost/127.0.0.1:62656]
10:52:51.315 [Forwarding clickElement on session 8a38e53eb30ae9aed660e0dc91ed8202 to remote] DEBUG org.asynchttpclient.netty.request.NettyRequestSender - Using pooled Channel '[id: 0x35a8b605, L:/127.0.0.1:59813 - R:localhost/127.0.0.1:62656]' for 'POST' to 'http://localhost:62656/session/8a38e53eb30ae9aed660e0dc91ed8202/element/8b243ba5-4b4e-41f1-880e-5ec77ff89990/click'
10:52:51.315 [Forwarding clickElement on session 8a38e53eb30ae9aed660e0dc91ed8202 to remote] DEBUG org.asynchttpclient.netty.request.NettyRequestSender - Using open Channel [id: 0x35a8b605, L:/127.0.0.1:59813 - R:localhost/127.0.0.1:62656] for POST '/session/8a38e53eb30ae9aed660e0dc91ed8202/element/8b243ba5-4b4e-41f1-880e-5ec77ff89990/click'
10:52:51.496 [AsyncHttpClient-1-11] DEBUG org.asynchttpclient.netty.handler.HttpHandler - 

Request DefaultHttpRequest(decodeResult: success, version: HTTP/1.1)
POST /session/8a38e53eb30ae9aed660e0dc91ed8202/element/8b243ba5-4b4e-41f1-880e-5ec77ff89990/click HTTP/1.1
User-Agent: selenium/4.1.2 (java windows)
Content-Length: 50
Content-Type: application/json; charset=utf-8
host: localhost:62656
accept: */*

Response DefaultHttpResponse(decodeResult: success, version: HTTP/1.1)
HTTP/1.1 200 OK
Content-Type: application/json; charset=utf-8
cache-control: no-cache
content-length: 14

10:52:51.497 [AsyncHttpClient-1-11] DEBUG org.asynchttpclient.netty.channel.ChannelManager - Adding key: http://localhost:62656 for channel [id: 0x35a8b605, L:/127.0.0.1:59813 - R:localhost/127.0.0.1:62656]
  &amp#27;[32mAnd &amp#27;[0m&amp#27;[32mI select a session&amp#27;[0m                  &amp#27;[90m# starter.stepdefinitions.ManageVaccinationBookingsSteps.iSelectASession()&amp#27;[0m
10:52:51.508 [Forwarding screenshot on session 8a38e53eb30ae9aed660e0dc91ed8202 to remote] DEBUG org.asynchttpclient.netty.request.NettyRequestSender - Using pooled Channel '[id: 0x35a8b605, L:/127.0.0.1:59813 - R:localhost/127.0.0.1:62656]' for 'GET' to 'http://localhost:62656/session/8a38e53eb30ae9aed660e0dc91ed8202/screenshot'
10:52:51.509 [Forwarding screenshot on session 8a38e53eb30ae9aed660e0dc91ed8202 to remote] DEBUG org.asynchttpclient.netty.request.NettyRequestSender - Using open Channel [id: 0x35a8b605, L:/127.0.0.1:59813 - R:localhost/127.0.0.1:62656] for GET '/session/8a38e53eb30ae9aed660e0dc91ed8202/screenshot'
10:52:51.577 [AsyncHttpClient-1-1] DEBUG org.asynchttpclient.netty.channel.DefaultChannelPool - Entry count for : http://localhost:59814 : 1
10:52:51.846 [AsyncHttpClient-1-11] DEBUG org.asynchttpclient.netty.handler.HttpHandler - 

Request DefaultFullHttpRequest(decodeResult: success, version: HTTP/1.1, content: EmptyByteBufBE)
GET /session/8a38e53eb30ae9aed660e0dc91ed8202/screenshot HTTP/1.1
User-Agent: selenium/4.1.2 (java windows)
Cache-Control: no-cache
Content-Type: application/json; charset=utf-8
host: localhost:62656
accept: */*

Response DefaultHttpResponse(decodeResult: success, version: HTTP/1.1)
HTTP/1.1 200 OK
Content-Type: application/json; charset=utf-8
cache-control: no-cache
content-length: 150808

10:52:51.847 [AsyncHttpClient-1-11] DEBUG org.asynchttpclient.netty.channel.ChannelManager - Adding key: http://localhost:62656 for channel [id: 0x35a8b605, L:/127.0.0.1:59813 - R:localhost/127.0.0.1:62656]
10:52:51.851 [main] DEBUG net.serenitybdd.core.photography.Darkroom - Send negative for processing for target\site\serenity\bc592f74978730961ace9f9511e15bb4222a8997988091e34849650caf27140e.png
10:52:51.851 [Darkroom Processing Line] DEBUG net.serenitybdd.core.photography.DarkroomProcessingLine - Processing screenshot image in /var/screenshots/screenshot-8680549865373295526
10:52:51.851 [Darkroom Processing Line] DEBUG net.serenitybdd.core.photography.DarkroomProcessingLine - Saving screenshot to target\site\serenity\bc592f74978730961ace9f9511e15bb4222a8997988091e34849650caf27140e.png
10:52:51.860 [Forwarding findElement on session 8a38e53eb30ae9aed660e0dc91ed8202 to remote] DEBUG org.asynchttpclient.netty.request.NettyRequestSender - Using pooled Channel '[id: 0x35a8b605, L:/127.0.0.1:59813 - R:localhost/127.0.0.1:62656]' for 'POST' to 'http://localhost:62656/session/8a38e53eb30ae9aed660e0dc91ed8202/element'
10:52:51.860 [Forwarding findElement on session 8a38e53eb30ae9aed660e0dc91ed8202 to remote] DEBUG org.asynchttpclient.netty.request.NettyRequestSender - Using open Channel [id: 0x35a8b605, L:/127.0.0.1:59813 - R:localhost/127.0.0.1:62656] for POST '/session/8a38e53eb30ae9aed660e0dc91ed8202/element'
10:52:51.882 [AsyncHttpClient-1-11] DEBUG org.asynchttpclient.netty.handler.HttpHandler - 

Request DefaultHttpRequest(decodeResult: success, version: HTTP/1.1)
POST /session/8a38e53eb30ae9aed660e0dc91ed8202/element HTTP/1.1
User-Agent: selenium/4.1.2 (java windows)
Content-Length: 85
Content-Type: application/json; charset=utf-8
host: localhost:62656
accept: */*

Response DefaultHttpResponse(decodeResult: success, version: HTTP/1.1)
HTTP/1.1 200 OK
Content-Type: application/json; charset=utf-8
cache-control: no-cache
content-length: 88

10:52:51.883 [AsyncHttpClient-1-11] DEBUG org.asynchttpclient.netty.channel.ChannelManager - Adding key: http://localhost:62656 for channel [id: 0x35a8b605, L:/127.0.0.1:59813 - R:localhost/127.0.0.1:62656]
10:52:51.884 [Forwarding getElementTagName on session 8a38e53eb30ae9aed660e0dc91ed8202 to remote] DEBUG org.asynchttpclient.netty.request.NettyRequestSender - Using pooled Channel '[id: 0x35a8b605, L:/127.0.0.1:59813 - R:localhost/127.0.0.1:62656]' for 'GET' to 'http://localhost:62656/session/8a38e53eb30ae9aed660e0dc91ed8202/element/3b8bde8d-15dc-4449-94d1-bee1bdff4740/name'
10:52:51.884 [Forwarding getElementTagName on session 8a38e53eb30ae9aed660e0dc91ed8202 to remote] DEBUG org.asynchttpclient.netty.request.NettyRequestSender - Using open Channel [id: 0x35a8b605, L:/127.0.0.1:59813 - R:localhost/127.0.0.1:62656] for GET '/session/8a38e53eb30ae9aed660e0dc91ed8202/element/3b8bde8d-15dc-4449-94d1-bee1bdff4740/name'
10:52:51.890 [AsyncHttpClient-1-11] DEBUG org.asynchttpclient.netty.handler.HttpHandler - 

Request DefaultFullHttpRequest(decodeResult: success, version: HTTP/1.1, content: EmptyByteBufBE)
GET /session/8a38e53eb30ae9aed660e0dc91ed8202/element/3b8bde8d-15dc-4449-94d1-bee1bdff4740/name HTTP/1.1
User-Agent: selenium/4.1.2 (java windows)
Cache-Control: no-cache
Content-Type: application/json; charset=utf-8
host: localhost:62656
accept: */*

Response DefaultHttpResponse(decodeResult: success, version: HTTP/1.1)
HTTP/1.1 200 OK
Content-Type: application/json; charset=utf-8
cache-control: no-cache
content-length: 17

10:52:51.890 [AsyncHttpClient-1-11] DEBUG org.asynchttpclient.netty.channel.ChannelManager - Adding key: http://localhost:62656 for channel [id: 0x35a8b605, L:/127.0.0.1:59813 - R:localhost/127.0.0.1:62656]
10:52:51.891 [Forwarding getElementTagName on session 8a38e53eb30ae9aed660e0dc91ed8202 to remote] DEBUG org.asynchttpclient.netty.request.NettyRequestSender - Using pooled Channel '[id: 0x35a8b605, L:/127.0.0.1:59813 - R:localhost/127.0.0.1:62656]' for 'GET' to 'http://localhost:62656/session/8a38e53eb30ae9aed660e0dc91ed8202/element/3b8bde8d-15dc-4449-94d1-bee1bdff4740/name'
10:52:51.891 [Forwarding getElementTagName on session 8a38e53eb30ae9aed660e0dc91ed8202 to remote] DEBUG org.asynchttpclient.netty.request.NettyRequestSender - Using open Channel [id: 0x35a8b605, L:/127.0.0.1:59813 - R:localhost/127.0.0.1:62656] for GET '/session/8a38e53eb30ae9aed660e0dc91ed8202/element/3b8bde8d-15dc-4449-94d1-bee1bdff4740/name'
10:52:51.898 [AsyncHttpClient-1-11] DEBUG org.asynchttpclient.netty.handler.HttpHandler - 

Request DefaultFullHttpRequest(decodeResult: success, version: HTTP/1.1, content: EmptyByteBufBE)
GET /session/8a38e53eb30ae9aed660e0dc91ed8202/element/3b8bde8d-15dc-4449-94d1-bee1bdff4740/name HTTP/1.1
User-Agent: selenium/4.1.2 (java windows)
Cache-Control: no-cache
Content-Type: application/json; charset=utf-8
host: localhost:62656
accept: */*

Response DefaultHttpResponse(decodeResult: success, version: HTTP/1.1)
HTTP/1.1 200 OK
Content-Type: application/json; charset=utf-8
cache-control: no-cache
content-length: 17

10:52:51.898 [AsyncHttpClient-1-11] DEBUG org.asynchttpclient.netty.channel.ChannelManager - Adding key: http://localhost:62656 for channel [id: 0x35a8b605, L:/127.0.0.1:59813 - R:localhost/127.0.0.1:62656]
10:52:51.899 [Forwarding isElementEnabled on session 8a38e53eb30ae9aed660e0dc91ed8202 to remote] DEBUG org.asynchttpclient.netty.request.NettyRequestSender - Using pooled Channel '[id: 0x35a8b605, L:/127.0.0.1:59813 - R:localhost/127.0.0.1:62656]' for 'GET' to 'http://localhost:62656/session/8a38e53eb30ae9aed660e0dc91ed8202/element/3b8bde8d-15dc-4449-94d1-bee1bdff4740/enabled'
10:52:51.899 [Forwarding isElementEnabled on session 8a38e53eb30ae9aed660e0dc91ed8202 to remote] DEBUG org.asynchttpclient.netty.request.NettyRequestSender - Using open Channel [id: 0x35a8b605, L:/127.0.0.1:59813 - R:localhost/127.0.0.1:62656] for GET '/session/8a38e53eb30ae9aed660e0dc91ed8202/element/3b8bde8d-15dc-4449-94d1-bee1bdff4740/enabled'
10:52:51.912 [AsyncHttpClient-1-11] DEBUG org.asynchttpclient.netty.handler.HttpHandler - 

Request DefaultFullHttpRequest(decodeResult: success, version: HTTP/1.1, content: EmptyByteBufBE)
GET /session/8a38e53eb30ae9aed660e0dc91ed8202/element/3b8bde8d-15dc-4449-94d1-bee1bdff4740/enabled HTTP/1.1
User-Agent: selenium/4.1.2 (java windows)
Cache-Control: no-cache
Content-Type: application/json; charset=utf-8
host: localhost:62656
accept: */*

Response DefaultHttpResponse(decodeResult: success, version: HTTP/1.1)
HTTP/1.1 200 OK
Content-Type: application/json; charset=utf-8
cache-control: no-cache
content-length: 14

10:52:51.912 [AsyncHttpClient-1-11] DEBUG org.asynchttpclient.netty.channel.ChannelManager - Adding key: http://localhost:62656 for channel [id: 0x35a8b605, L:/127.0.0.1:59813 - R:localhost/127.0.0.1:62656]
10:52:51.913 [Forwarding isElementEnabled on session 8a38e53eb30ae9aed660e0dc91ed8202 to remote] DEBUG org.asynchttpclient.netty.request.NettyRequestSender - Using pooled Channel '[id: 0x35a8b605, L:/127.0.0.1:59813 - R:localhost/127.0.0.1:62656]' for 'GET' to 'http://localhost:62656/session/8a38e53eb30ae9aed660e0dc91ed8202/element/3b8bde8d-15dc-4449-94d1-bee1bdff4740/enabled'
10:52:51.913 [Forwarding isElementEnabled on session 8a38e53eb30ae9aed660e0dc91ed8202 to remote] DEBUG org.asynchttpclient.netty.request.NettyRequestSender - Using open Channel [id: 0x35a8b605, L:/127.0.0.1:59813 - R:localhost/127.0.0.1:62656] for GET '/session/8a38e53eb30ae9aed660e0dc91ed8202/element/3b8bde8d-15dc-4449-94d1-bee1bdff4740/enabled'
10:52:51.922 [AsyncHttpClient-1-11] DEBUG org.asynchttpclient.netty.handler.HttpHandler - 

Request DefaultFullHttpRequest(decodeResult: success, version: HTTP/1.1, content: EmptyByteBufBE)
GET /session/8a38e53eb30ae9aed660e0dc91ed8202/element/3b8bde8d-15dc-4449-94d1-bee1bdff4740/enabled HTTP/1.1
User-Agent: selenium/4.1.2 (java windows)
Cache-Control: no-cache
Content-Type: application/json; charset=utf-8
host: localhost:62656
accept: */*

Response DefaultHttpResponse(decodeResult: success, version: HTTP/1.1)
HTTP/1.1 200 OK
Content-Type: application/json; charset=utf-8
cache-control: no-cache
content-length: 14

10:52:51.922 [AsyncHttpClient-1-11] DEBUG org.asynchttpclient.netty.channel.ChannelManager - Adding key: http://localhost:62656 for channel [id: 0x35a8b605, L:/127.0.0.1:59813 - R:localhost/127.0.0.1:62656]
10:52:51.923 [Forwarding findElement on session 8a38e53eb30ae9aed660e0dc91ed8202 to remote] DEBUG org.asynchttpclient.netty.request.NettyRequestSender - Using pooled Channel '[id: 0x35a8b605, L:/127.0.0.1:59813 - R:localhost/127.0.0.1:62656]' for 'POST' to 'http://localhost:62656/session/8a38e53eb30ae9aed660e0dc91ed8202/element'
10:52:51.923 [Forwarding findElement on session 8a38e53eb30ae9aed660e0dc91ed8202 to remote] DEBUG org.asynchttpclient.netty.request.NettyRequestSender - Using open Channel [id: 0x35a8b605, L:/127.0.0.1:59813 - R:localhost/127.0.0.1:62656] for POST '/session/8a38e53eb30ae9aed660e0dc91ed8202/element'
10:52:51.933 [AsyncHttpClient-1-11] DEBUG org.asynchttpclient.netty.handler.HttpHandler - 

Request DefaultHttpRequest(decodeResult: success, version: HTTP/1.1)
POST /session/8a38e53eb30ae9aed660e0dc91ed8202/element HTTP/1.1
User-Agent: selenium/4.1.2 (java windows)
Content-Length: 85
Content-Type: application/json; charset=utf-8
host: localhost:62656
accept: */*

Response DefaultHttpResponse(decodeResult: success, version: HTTP/1.1)
HTTP/1.1 200 OK
Content-Type: application/json; charset=utf-8
cache-control: no-cache
content-length: 88

10:52:51.933 [AsyncHttpClient-1-11] DEBUG org.asynchttpclient.netty.channel.ChannelManager - Adding key: http://localhost:62656 for channel [id: 0x35a8b605, L:/127.0.0.1:59813 - R:localhost/127.0.0.1:62656]
10:52:51.934 [Forwarding clickElement on session 8a38e53eb30ae9aed660e0dc91ed8202 to remote] DEBUG org.asynchttpclient.netty.request.NettyRequestSender - Using pooled Channel '[id: 0x35a8b605, L:/127.0.0.1:59813 - R:localhost/127.0.0.1:62656]' for 'POST' to 'http://localhost:62656/session/8a38e53eb30ae9aed660e0dc91ed8202/element/3b8bde8d-15dc-4449-94d1-bee1bdff4740/click'
10:52:51.935 [Forwarding clickElement on session 8a38e53eb30ae9aed660e0dc91ed8202 to remote] DEBUG org.asynchttpclient.netty.request.NettyRequestSender - Using open Channel [id: 0x35a8b605, L:/127.0.0.1:59813 - R:localhost/127.0.0.1:62656] for POST '/session/8a38e53eb30ae9aed660e0dc91ed8202/element/3b8bde8d-15dc-4449-94d1-bee1bdff4740/click'
10:52:52.057 [AsyncHttpClient-1-11] DEBUG org.asynchttpclient.netty.handler.HttpHandler - 

Request DefaultHttpRequest(decodeResult: success, version: HTTP/1.1)
POST /session/8a38e53eb30ae9aed660e0dc91ed8202/element/3b8bde8d-15dc-4449-94d1-bee1bdff4740/click HTTP/1.1
User-Agent: selenium/4.1.2 (java windows)
Content-Length: 50
Content-Type: application/json; charset=utf-8
host: localhost:62656
accept: */*

Response DefaultHttpResponse(decodeResult: success, version: HTTP/1.1)
HTTP/1.1 200 OK
Content-Type: application/json; charset=utf-8
cache-control: no-cache
content-length: 14

10:52:52.058 [AsyncHttpClient-1-11] DEBUG org.asynchttpclient.netty.channel.ChannelManager - Adding key: http://localhost:62656 for channel [id: 0x35a8b605, L:/127.0.0.1:59813 - R:localhost/127.0.0.1:62656]
  &amp#27;[32mAnd &amp#27;[0m&amp#27;[32mI select all bookings&amp#27;[0m               &amp#27;[90m# starter.stepdefinitions.ManageVaccinationBookingsSteps.iSelectAllBookings()&amp#27;[0m
10:52:52.070 [Forwarding screenshot on session 8a38e53eb30ae9aed660e0dc91ed8202 to remote] DEBUG org.asynchttpclient.netty.request.NettyRequestSender - Using pooled Channel '[id: 0x35a8b605, L:/127.0.0.1:59813 - R:localhost/127.0.0.1:62656]' for 'GET' to 'http://localhost:62656/session/8a38e53eb30ae9aed660e0dc91ed8202/screenshot'
10:52:52.070 [Forwarding screenshot on session 8a38e53eb30ae9aed660e0dc91ed8202 to remote] DEBUG org.asynchttpclient.netty.request.NettyRequestSender - Using open Channel [id: 0x35a8b605, L:/127.0.0.1:59813 - R:localhost/127.0.0.1:62656] for GET '/session/8a38e53eb30ae9aed660e0dc91ed8202/screenshot'
10:52:52.346 [AsyncHttpClient-1-11] DEBUG org.asynchttpclient.netty.handler.HttpHandler - 

Request DefaultFullHttpRequest(decodeResult: success, version: HTTP/1.1, content: EmptyByteBufBE)
GET /session/8a38e53eb30ae9aed660e0dc91ed8202/screenshot HTTP/1.1
User-Agent: selenium/4.1.2 (java windows)
Cache-Control: no-cache
Content-Type: application/json; charset=utf-8
host: localhost:62656
accept: */*

Response DefaultHttpResponse(decodeResult: success, version: HTTP/1.1)
HTTP/1.1 200 OK
Content-Type: application/json; charset=utf-8
cache-control: no-cache
content-length: 191312

10:52:52.346 [AsyncHttpClient-1-11] DEBUG org.asynchttpclient.netty.channel.ChannelManager - Adding key: http://localhost:62656 for channel [id: 0x35a8b605, L:/127.0.0.1:59813 - R:localhost/127.0.0.1:62656]
10:52:52.356 [main] DEBUG net.serenitybdd.core.photography.Darkroom - Send negative for processing for target\site\serenity\0a29e7f4cc897e4d069f096766902678a5902809b243b16b0137220b806f7933.png
10:52:52.356 [Darkroom Processing Line] DEBUG net.serenitybdd.core.photography.DarkroomProcessingLine - Processing screenshot image in /var/screenshots/screenshot-18266986704636842505
10:52:52.356 [Darkroom Processing Line] DEBUG net.serenitybdd.core.photography.DarkroomProcessingLine - Saving screenshot to target\site\serenity\0a29e7f4cc897e4d069f096766902678a5902809b243b16b0137220b806f7933.png
10:52:52.366 [Forwarding findElement on session 8a38e53eb30ae9aed660e0dc91ed8202 to remote] DEBUG org.asynchttpclient.netty.request.NettyRequestSender - Using pooled Channel '[id: 0x35a8b605, L:/127.0.0.1:59813 - R:localhost/127.0.0.1:62656]' for 'POST' to 'http://localhost:62656/session/8a38e53eb30ae9aed660e0dc91ed8202/element'
10:52:52.366 [Forwarding findElement on session 8a38e53eb30ae9aed660e0dc91ed8202 to remote] DEBUG org.asynchttpclient.netty.request.NettyRequestSender - Using open Channel [id: 0x35a8b605, L:/127.0.0.1:59813 - R:localhost/127.0.0.1:62656] for POST '/session/8a38e53eb30ae9aed660e0dc91ed8202/element'
10:52:52.380 [AsyncHttpClient-1-11] DEBUG org.asynchttpclient.netty.handler.HttpHandler - 

Request DefaultHttpRequest(decodeResult: success, version: HTTP/1.1)
POST /session/8a38e53eb30ae9aed660e0dc91ed8202/element HTTP/1.1
User-Agent: selenium/4.1.2 (java windows)
Content-Length: 313
Content-Type: application/json; charset=utf-8
host: localhost:62656
accept: */*

Response DefaultHttpResponse(decodeResult: success, version: HTTP/1.1)
HTTP/1.1 200 OK
Content-Type: application/json; charset=utf-8
cache-control: no-cache
content-length: 88

10:52:52.380 [AsyncHttpClient-1-11] DEBUG org.asynchttpclient.netty.channel.ChannelManager - Adding key: http://localhost:62656 for channel [id: 0x35a8b605, L:/127.0.0.1:59813 - R:localhost/127.0.0.1:62656]
10:52:52.382 [Forwarding getElementTagName on session 8a38e53eb30ae9aed660e0dc91ed8202 to remote] DEBUG org.asynchttpclient.netty.request.NettyRequestSender - Using pooled Channel '[id: 0x35a8b605, L:/127.0.0.1:59813 - R:localhost/127.0.0.1:62656]' for 'GET' to 'http://localhost:62656/session/8a38e53eb30ae9aed660e0dc91ed8202/element/08dfc1ab-f2cc-4656-a277-a08392b65631/name'
10:52:52.382 [Forwarding getElementTagName on session 8a38e53eb30ae9aed660e0dc91ed8202 to remote] DEBUG org.asynchttpclient.netty.request.NettyRequestSender - Using open Channel [id: 0x35a8b605, L:/127.0.0.1:59813 - R:localhost/127.0.0.1:62656] for GET '/session/8a38e53eb30ae9aed660e0dc91ed8202/element/08dfc1ab-f2cc-4656-a277-a08392b65631/name'
10:52:52.389 [AsyncHttpClient-1-11] DEBUG org.asynchttpclient.netty.handler.HttpHandler - 

Request DefaultFullHttpRequest(decodeResult: success, version: HTTP/1.1, content: EmptyByteBufBE)
GET /session/8a38e53eb30ae9aed660e0dc91ed8202/element/08dfc1ab-f2cc-4656-a277-a08392b65631/name HTTP/1.1
User-Agent: selenium/4.1.2 (java windows)
Cache-Control: no-cache
Content-Type: application/json; charset=utf-8
host: localhost:62656
accept: */*

Response DefaultHttpResponse(decodeResult: success, version: HTTP/1.1)
HTTP/1.1 200 OK
Content-Type: application/json; charset=utf-8
cache-control: no-cache
content-length: 18

10:52:52.389 [AsyncHttpClient-1-11] DEBUG org.asynchttpclient.netty.channel.ChannelManager - Adding key: http://localhost:62656 for channel [id: 0x35a8b605, L:/127.0.0.1:59813 - R:localhost/127.0.0.1:62656]
10:52:52.390 [Forwarding getElementTagName on session 8a38e53eb30ae9aed660e0dc91ed8202 to remote] DEBUG org.asynchttpclient.netty.request.NettyRequestSender - Using pooled Channel '[id: 0x35a8b605, L:/127.0.0.1:59813 - R:localhost/127.0.0.1:62656]' for 'GET' to 'http://localhost:62656/session/8a38e53eb30ae9aed660e0dc91ed8202/element/08dfc1ab-f2cc-4656-a277-a08392b65631/name'
10:52:52.390 [Forwarding getElementTagName on session 8a38e53eb30ae9aed660e0dc91ed8202 to remote] DEBUG org.asynchttpclient.netty.request.NettyRequestSender - Using open Channel [id: 0x35a8b605, L:/127.0.0.1:59813 - R:localhost/127.0.0.1:62656] for GET '/session/8a38e53eb30ae9aed660e0dc91ed8202/element/08dfc1ab-f2cc-4656-a277-a08392b65631/name'
10:52:52.396 [AsyncHttpClient-1-11] DEBUG org.asynchttpclient.netty.handler.HttpHandler - 

Request DefaultFullHttpRequest(decodeResult: success, version: HTTP/1.1, content: EmptyByteBufBE)
GET /session/8a38e53eb30ae9aed660e0dc91ed8202/element/08dfc1ab-f2cc-4656-a277-a08392b65631/name HTTP/1.1
User-Agent: selenium/4.1.2 (java windows)
Cache-Control: no-cache
Content-Type: application/json; charset=utf-8
host: localhost:62656
accept: */*

Response DefaultHttpResponse(decodeResult: success, version: HTTP/1.1)
HTTP/1.1 200 OK
Content-Type: application/json; charset=utf-8
cache-control: no-cache
content-length: 18

10:52:52.397 [AsyncHttpClient-1-11] DEBUG org.asynchttpclient.netty.channel.ChannelManager - Adding key: http://localhost:62656 for channel [id: 0x35a8b605, L:/127.0.0.1:59813 - R:localhost/127.0.0.1:62656]
10:52:52.399 [Forwarding isElementEnabled on session 8a38e53eb30ae9aed660e0dc91ed8202 to remote] DEBUG org.asynchttpclient.netty.request.NettyRequestSender - Using pooled Channel '[id: 0x35a8b605, L:/127.0.0.1:59813 - R:localhost/127.0.0.1:62656]' for 'GET' to 'http://localhost:62656/session/8a38e53eb30ae9aed660e0dc91ed8202/element/08dfc1ab-f2cc-4656-a277-a08392b65631/enabled'
10:52:52.399 [Forwarding isElementEnabled on session 8a38e53eb30ae9aed660e0dc91ed8202 to remote] DEBUG org.asynchttpclient.netty.request.NettyRequestSender - Using open Channel [id: 0x35a8b605, L:/127.0.0.1:59813 - R:localhost/127.0.0.1:62656] for GET '/session/8a38e53eb30ae9aed660e0dc91ed8202/element/08dfc1ab-f2cc-4656-a277-a08392b65631/enabled'
10:52:52.408 [AsyncHttpClient-1-11] DEBUG org.asynchttpclient.netty.handler.HttpHandler - 

Request DefaultFullHttpRequest(decodeResult: success, version: HTTP/1.1, content: EmptyByteBufBE)
GET /session/8a38e53eb30ae9aed660e0dc91ed8202/element/08dfc1ab-f2cc-4656-a277-a08392b65631/enabled HTTP/1.1
User-Agent: selenium/4.1.2 (java windows)
Cache-Control: no-cache
Content-Type: application/json; charset=utf-8
host: localhost:62656
accept: */*

Response DefaultHttpResponse(decodeResult: success, version: HTTP/1.1)
HTTP/1.1 200 OK
Content-Type: application/json; charset=utf-8
cache-control: no-cache
content-length: 14

10:52:52.409 [AsyncHttpClient-1-11] DEBUG org.asynchttpclient.netty.channel.ChannelManager - Adding key: http://localhost:62656 for channel [id: 0x35a8b605, L:/127.0.0.1:59813 - R:localhost/127.0.0.1:62656]
10:52:52.413 [Forwarding isElementEnabled on session 8a38e53eb30ae9aed660e0dc91ed8202 to remote] DEBUG org.asynchttpclient.netty.request.NettyRequestSender - Using pooled Channel '[id: 0x35a8b605, L:/127.0.0.1:59813 - R:localhost/127.0.0.1:62656]' for 'GET' to 'http://localhost:62656/session/8a38e53eb30ae9aed660e0dc91ed8202/element/08dfc1ab-f2cc-4656-a277-a08392b65631/enabled'
10:52:52.413 [Forwarding isElementEnabled on session 8a38e53eb30ae9aed660e0dc91ed8202 to remote] DEBUG org.asynchttpclient.netty.request.NettyRequestSender - Using open Channel [id: 0x35a8b605, L:/127.0.0.1:59813 - R:localhost/127.0.0.1:62656] for GET '/session/8a38e53eb30ae9aed660e0dc91ed8202/element/08dfc1ab-f2cc-4656-a277-a08392b65631/enabled'
10:52:52.421 [AsyncHttpClient-1-11] DEBUG org.asynchttpclient.netty.handler.HttpHandler - 

Request DefaultFullHttpRequest(decodeResult: success, version: HTTP/1.1, content: EmptyByteBufBE)
GET /session/8a38e53eb30ae9aed660e0dc91ed8202/element/08dfc1ab-f2cc-4656-a277-a08392b65631/enabled HTTP/1.1
User-Agent: selenium/4.1.2 (java windows)
Cache-Control: no-cache
Content-Type: application/json; charset=utf-8
host: localhost:62656
accept: */*

Response DefaultHttpResponse(decodeResult: success, version: HTTP/1.1)
HTTP/1.1 200 OK
Content-Type: application/json; charset=utf-8
cache-control: no-cache
content-length: 14

10:52:52.421 [AsyncHttpClient-1-11] DEBUG org.asynchttpclient.netty.channel.ChannelManager - Adding key: http://localhost:62656 for channel [id: 0x35a8b605, L:/127.0.0.1:59813 - R:localhost/127.0.0.1:62656]
10:52:52.422 [Forwarding findElement on session 8a38e53eb30ae9aed660e0dc91ed8202 to remote] DEBUG org.asynchttpclient.netty.request.NettyRequestSender - Using pooled Channel '[id: 0x35a8b605, L:/127.0.0.1:59813 - R:localhost/127.0.0.1:62656]' for 'POST' to 'http://localhost:62656/session/8a38e53eb30ae9aed660e0dc91ed8202/element'
10:52:52.422 [Forwarding findElement on session 8a38e53eb30ae9aed660e0dc91ed8202 to remote] DEBUG org.asynchttpclient.netty.request.NettyRequestSender - Using open Channel [id: 0x35a8b605, L:/127.0.0.1:59813 - R:localhost/127.0.0.1:62656] for POST '/session/8a38e53eb30ae9aed660e0dc91ed8202/element'
10:52:52.434 [AsyncHttpClient-1-11] DEBUG org.asynchttpclient.netty.handler.HttpHandler - 

Request DefaultHttpRequest(decodeResult: success, version: HTTP/1.1)
POST /session/8a38e53eb30ae9aed660e0dc91ed8202/element HTTP/1.1
User-Agent: selenium/4.1.2 (java windows)
Content-Length: 313
Content-Type: application/json; charset=utf-8
host: localhost:62656
accept: */*

Response DefaultHttpResponse(decodeResult: success, version: HTTP/1.1)
HTTP/1.1 200 OK
Content-Type: application/json; charset=utf-8
cache-control: no-cache
content-length: 88

10:52:52.434 [AsyncHttpClient-1-11] DEBUG org.asynchttpclient.netty.channel.ChannelManager - Adding key: http://localhost:62656 for channel [id: 0x35a8b605, L:/127.0.0.1:59813 - R:localhost/127.0.0.1:62656]
10:52:52.435 [Forwarding clickElement on session 8a38e53eb30ae9aed660e0dc91ed8202 to remote] DEBUG org.asynchttpclient.netty.request.NettyRequestSender - Using pooled Channel '[id: 0x35a8b605, L:/127.0.0.1:59813 - R:localhost/127.0.0.1:62656]' for 'POST' to 'http://localhost:62656/session/8a38e53eb30ae9aed660e0dc91ed8202/element/08dfc1ab-f2cc-4656-a277-a08392b65631/click'
10:52:52.435 [Forwarding clickElement on session 8a38e53eb30ae9aed660e0dc91ed8202 to remote] DEBUG org.asynchttpclient.netty.request.NettyRequestSender - Using open Channel [id: 0x35a8b605, L:/127.0.0.1:59813 - R:localhost/127.0.0.1:62656] for POST '/session/8a38e53eb30ae9aed660e0dc91ed8202/element/08dfc1ab-f2cc-4656-a277-a08392b65631/click'
10:52:52.540 [AsyncHttpClient-1-11] DEBUG org.asynchttpclient.netty.handler.HttpHandler - 

Request DefaultHttpRequest(decodeResult: success, version: HTTP/1.1)
POST /session/8a38e53eb30ae9aed660e0dc91ed8202/element/08dfc1ab-f2cc-4656-a277-a08392b65631/click HTTP/1.1
User-Agent: selenium/4.1.2 (java windows)
Content-Length: 50
Content-Type: application/json; charset=utf-8
host: localhost:62656
accept: */*

Response DefaultHttpResponse(decodeResult: success, version: HTTP/1.1)
HTTP/1.1 200 OK
Content-Type: application/json; charset=utf-8
cache-control: no-cache
content-length: 14

10:52:52.540 [AsyncHttpClient-1-11] DEBUG org.asynchttpclient.netty.channel.ChannelManager - Adding key: http://localhost:62656 for channel [id: 0x35a8b605, L:/127.0.0.1:59813 - R:localhost/127.0.0.1:62656]
  &amp#27;[32mAnd &amp#27;[0m&amp#27;[32mI click Tolak Semua button&amp#27;[0m          &amp#27;[90m# starter.stepdefinitions.ManageVaccinationBookingsSteps.iClickTolakSemuaButton()&amp#27;[0m
10:52:52.549 [Forwarding screenshot on session 8a38e53eb30ae9aed660e0dc91ed8202 to remote] DEBUG org.asynchttpclient.netty.request.NettyRequestSender - Using pooled Channel '[id: 0x35a8b605, L:/127.0.0.1:59813 - R:localhost/127.0.0.1:62656]' for 'GET' to 'http://localhost:62656/session/8a38e53eb30ae9aed660e0dc91ed8202/screenshot'
10:52:52.549 [Forwarding screenshot on session 8a38e53eb30ae9aed660e0dc91ed8202 to remote] DEBUG org.asynchttpclient.netty.request.NettyRequestSender - Using open Channel [id: 0x35a8b605, L:/127.0.0.1:59813 - R:localhost/127.0.0.1:62656] for GET '/session/8a38e53eb30ae9aed660e0dc91ed8202/screenshot'
10:52:52.675 [AsyncHttpClient-1-1] DEBUG org.asynchttpclient.netty.channel.DefaultChannelPool - Entry count for : http://localhost:59814 : 1
10:52:52.845 [AsyncHttpClient-1-11] DEBUG org.asynchttpclient.netty.handler.HttpHandler - 

Request DefaultFullHttpRequest(decodeResult: success, version: HTTP/1.1, content: EmptyByteBufBE)
GET /session/8a38e53eb30ae9aed660e0dc91ed8202/screenshot HTTP/1.1
User-Agent: selenium/4.1.2 (java windows)
Cache-Control: no-cache
Content-Type: application/json; charset=utf-8
host: localhost:62656
accept: */*

Response DefaultHttpResponse(decodeResult: success, version: HTTP/1.1)
HTTP/1.1 200 OK
Content-Type: application/json; charset=utf-8
cache-control: no-cache
content-length: 168088

10:52:52.845 [AsyncHttpClient-1-11] DEBUG org.asynchttpclient.netty.channel.ChannelManager - Adding key: http://localhost:62656 for channel [id: 0x35a8b605, L:/127.0.0.1:59813 - R:localhost/127.0.0.1:62656]
10:52:52.850 [main] DEBUG net.serenitybdd.core.photography.Darkroom - Send negative for processing for target\site\serenity\92eccaa922d99644ce638f6346c99454fd30c5037f0c30bf4e6cb44695fb3f23.png
10:52:52.851 [Darkroom Processing Line] DEBUG net.serenitybdd.core.photography.DarkroomProcessingLine - Processing screenshot image in /var/screenshots/screenshot-12724482692600105180
10:52:52.851 [Darkroom Processing Line] DEBUG net.serenitybdd.core.photography.DarkroomProcessingLine - Saving screenshot to target\site\serenity\92eccaa922d99644ce638f6346c99454fd30c5037f0c30bf4e6cb44695fb3f23.png
10:52:52.857 [Forwarding findElement on session 8a38e53eb30ae9aed660e0dc91ed8202 to remote] DEBUG org.asynchttpclient.netty.request.NettyRequestSender - Using pooled Channel '[id: 0x35a8b605, L:/127.0.0.1:59813 - R:localhost/127.0.0.1:62656]' for 'POST' to 'http://localhost:62656/session/8a38e53eb30ae9aed660e0dc91ed8202/element'
10:52:52.857 [Forwarding findElement on session 8a38e53eb30ae9aed660e0dc91ed8202 to remote] DEBUG org.asynchttpclient.netty.request.NettyRequestSender - Using open Channel [id: 0x35a8b605, L:/127.0.0.1:59813 - R:localhost/127.0.0.1:62656] for POST '/session/8a38e53eb30ae9aed660e0dc91ed8202/element'
10:52:53.016 [AsyncHttpClient-1-11] DEBUG org.asynchttpclient.netty.handler.HttpHandler - 

Request DefaultHttpRequest(decodeResult: success, version: HTTP/1.1)
POST /session/8a38e53eb30ae9aed660e0dc91ed8202/element HTTP/1.1
User-Agent: selenium/4.1.2 (java windows)
Content-Length: 169
Content-Type: application/json; charset=utf-8
host: localhost:62656
accept: */*

Response DefaultHttpResponse(decodeResult: success, version: HTTP/1.1)
HTTP/1.1 200 OK
Content-Type: application/json; charset=utf-8
cache-control: no-cache
content-length: 88

10:52:53.016 [AsyncHttpClient-1-11] DEBUG org.asynchttpclient.netty.channel.ChannelManager - Adding key: http://localhost:62656 for channel [id: 0x35a8b605, L:/127.0.0.1:59813 - R:localhost/127.0.0.1:62656]
10:52:53.020 [Forwarding isElementDisplayed on session 8a38e53eb30ae9aed660e0dc91ed8202 to remote] DEBUG org.asynchttpclient.netty.request.NettyRequestSender - Using pooled Channel '[id: 0x35a8b605, L:/127.0.0.1:59813 - R:localhost/127.0.0.1:62656]' for 'POST' to 'http://localhost:62656/session/8a38e53eb30ae9aed660e0dc91ed8202/execute/sync'
10:52:53.020 [Forwarding isElementDisplayed on session 8a38e53eb30ae9aed660e0dc91ed8202 to remote] DEBUG org.asynchttpclient.netty.request.NettyRequestSender - Using open Channel [id: 0x35a8b605, L:/127.0.0.1:59813 - R:localhost/127.0.0.1:62656] for POST '/session/8a38e53eb30ae9aed660e0dc91ed8202/execute/sync'
10:52:53.038 [AsyncHttpClient-1-11] DEBUG org.asynchttpclient.netty.handler.HttpHandler - 

Request DefaultHttpRequest(decodeResult: success, version: HTTP/1.1)
POST /session/8a38e53eb30ae9aed660e0dc91ed8202/execute/sync HTTP/1.1
User-Agent: selenium/4.1.2 (java windows)
Content-Length: 48780
Content-Type: application/json; charset=utf-8
host: localhost:62656
accept: */*

Response DefaultHttpResponse(decodeResult: success, version: HTTP/1.1)
HTTP/1.1 200 OK
Content-Type: application/json; charset=utf-8
cache-control: no-cache
content-length: 14

10:52:53.038 [AsyncHttpClient-1-11] DEBUG org.asynchttpclient.netty.channel.ChannelManager - Adding key: http://localhost:62656 for channel [id: 0x35a8b605, L:/127.0.0.1:59813 - R:localhost/127.0.0.1:62656]
  &amp#27;[32mThen &amp#27;[0m&amp#27;[32mthe booking will be rejected&amp#27;[0m       &amp#27;[90m# starter.stepdefinitions.ManageVaccinationBookingsSteps.theBookingWillBeRejected()&amp#27;[0m
10:52:53.047 [Forwarding screenshot on session 8a38e53eb30ae9aed660e0dc91ed8202 to remote] DEBUG org.asynchttpclient.netty.request.NettyRequestSender - Using pooled Channel '[id: 0x35a8b605, L:/127.0.0.1:59813 - R:localhost/127.0.0.1:62656]' for 'GET' to 'http://localhost:62656/session/8a38e53eb30ae9aed660e0dc91ed8202/screenshot'
10:52:53.047 [Forwarding screenshot on session 8a38e53eb30ae9aed660e0dc91ed8202 to remote] DEBUG org.asynchttpclient.netty.request.NettyRequestSender - Using open Channel [id: 0x35a8b605, L:/127.0.0.1:59813 - R:localhost/127.0.0.1:62656] for GET '/session/8a38e53eb30ae9aed660e0dc91ed8202/screenshot'
10:52:53.286 [AsyncHttpClient-1-11] DEBUG org.asynchttpclient.netty.handler.HttpHandler - 

Request DefaultFullHttpRequest(decodeResult: success, version: HTTP/1.1, content: EmptyByteBufBE)
GET /session/8a38e53eb30ae9aed660e0dc91ed8202/screenshot HTTP/1.1
User-Agent: selenium/4.1.2 (java windows)
Cache-Control: no-cache
Content-Type: application/json; charset=utf-8
host: localhost:62656
accept: */*

Response DefaultHttpResponse(decodeResult: success, version: HTTP/1.1)
HTTP/1.1 200 OK
Content-Type: application/json; charset=utf-8
cache-control: no-cache
content-length: 191352

10:52:53.287 [AsyncHttpClient-1-11] DEBUG org.asynchttpclient.netty.channel.ChannelManager - Adding key: http://localhost:62656 for channel [id: 0x35a8b605, L:/127.0.0.1:59813 - R:localhost/127.0.0.1:62656]
10:52:53.291 [main] DEBUG net.serenitybdd.core.photography.Darkroom - Send negative for processing for target\site\serenity\0fb62559fcbc7f857baf8bbc4ca70ec859b11b77bae5522988a59b14742b7926.png
10:52:53.292 [Darkroom Processing Line] DEBUG net.serenitybdd.core.photography.DarkroomProcessingLine - Processing screenshot image in /var/screenshots/screenshot-668367529820643214
10:52:53.292 [Darkroom Processing Line] DEBUG net.serenitybdd.core.photography.DarkroomProcessingLine - Saving screenshot to target\site\serenity\0fb62559fcbc7f857baf8bbc4ca70ec859b11b77bae5522988a59b14742b7926.png
10:52:53.296 [main] INFO  - 
  _____   ___   ___   _____     ___     _     ___   ___   ___   ___  
 |_   _| | __| / __| |_   _|   | _ \   /_\   / __| / __| | __| |   \ 
   | |   | _|  \__ \   | |     |  _/  / _ \  \__ \ \__ \ | _|  | |) |
   |_|   |___| |___/   |_|     |_|   /_/ \_\ |___/ |___/ |___| |___/ 

Reject all vaccination bookings
----------------------------------------------------------------------
10:52:53.298 [AsyncHttpClient-1-13] DEBUG org.asynchttpclient.netty.handler.WebSocketHandler - Channel Closed: [id: 0x1a175997, L:/127.0.0.1:59821 ! R:localhost/127.0.0.1:59814] with attribute NettyResponseFuture{currentRetry=5,
	isDone=1,
	isCancelled=0,
	asyncHandler=org.asynchttpclient.ws.WebSocketUpgradeHandler@68493d02,
	nettyRequest=org.asynchttpclient.netty.request.NettyRequest@2d4bae6f,
	future=java.util.concurrent.CompletableFuture@45a17f72[Completed normally],
	uri=ws://localhost:59814/devtools/browser/99b8ba73-d8db-4e66-9d37-6c0ae55a41e4,
	keepAlive=true,
	redirectCount=0,
	timeoutsHolder=null,
	inAuth=0,
	touch=1671681166697}
10:52:53.298 [AsyncHttpClient-1-13] DEBUG org.asynchttpclient.netty.channel.ChannelManager - Closing Channel [id: 0x1a175997, L:/127.0.0.1:59821 ! R:localhost/127.0.0.1:59814] 
10:52:53.298 [Driver Command Executor] DEBUG org.asynchttpclient.netty.request.NettyRequestSender - Using pooled Channel '[id: 0x35a8b605, L:/127.0.0.1:59813 - R:localhost/127.0.0.1:62656]' for 'DELETE' to 'http://localhost:62656/session/8a38e53eb30ae9aed660e0dc91ed8202'
10:52:53.298 [Driver Command Executor] DEBUG org.asynchttpclient.netty.request.NettyRequestSender - Using open Channel [id: 0x35a8b605, L:/127.0.0.1:59813 - R:localhost/127.0.0.1:62656] for DELETE '/session/8a38e53eb30ae9aed660e0dc91ed8202'
10:52:53.325 [AsyncHttpClient-1-12] DEBUG org.asynchttpclient.netty.handler.HttpHandler - Unexpected I/O exception on channel [id: 0x2f8d4fb0, L:/127.0.0.1:59820 - R:localhost/127.0.0.1:59814]
java.io.IOException: An existing connection was forcibly closed by the remote host
	at java.base/sun.nio.ch.SocketDispatcher.read0(Native Method)
	at java.base/sun.nio.ch.SocketDispatcher.read(SocketDispatcher.java:43)
	at java.base/sun.nio.ch.IOUtil.readIntoNativeBuffer(IOUtil.java:276)
	at java.base/sun.nio.ch.IOUtil.read(IOUtil.java:233)
	at java.base/sun.nio.ch.IOUtil.read(IOUtil.java:223)
	at java.base/sun.nio.ch.SocketChannelImpl.read(SocketChannelImpl.java:358)
	at io.netty.buffer.PooledByteBuf.setBytes(PooledByteBuf.java:258)
	at io.netty.buffer.AbstractByteBuf.writeBytes(AbstractByteBuf.java:1132)
	at io.netty.channel.socket.nio.NioSocketChannel.doReadBytes(NioSocketChannel.java:350)
	at io.netty.channel.nio.AbstractNioByteChannel$NioByteUnsafe.read(AbstractNioByteChannel.java:151)
	at io.netty.channel.nio.NioEventLoop.processSelectedKey(NioEventLoop.java:722)
	at io.netty.channel.nio.NioEventLoop.processSelectedKeysOptimized(NioEventLoop.java:658)
	at io.netty.channel.nio.NioEventLoop.processSelectedKeys(NioEventLoop.java:584)
	at io.netty.channel.nio.NioEventLoop.run(NioEventLoop.java:496)
	at io.netty.util.concurrent.SingleThreadEventExecutor$4.run(SingleThreadEventExecutor.java:986)
	at io.netty.util.internal.ThreadExecutorMap$2.run(ThreadExecutorMap.java:74)
	at io.netty.util.concurrent.FastThreadLocalRunnable.run(FastThreadLocalRunnable.java:30)
	at java.base/java.lang.Thread.run(Thread.java:834)
10:52:53.325 [AsyncHttpClient-1-12] DEBUG org.asynchttpclient.netty.channel.ChannelManager - Closing Channel [id: 0x2f8d4fb0, L:/127.0.0.1:59820 - R:localhost/127.0.0.1:59814] 
10:52:53.326 [AsyncHttpClient-1-12] DEBUG org.asynchttpclient.netty.handler.HttpHandler - Channel Closed: [id: 0x2f8d4fb0, L:/127.0.0.1:59820 ! R:localhost/127.0.0.1:59814] with attribute DISCARD
10:52:53.351 [AsyncHttpClient-1-11] DEBUG org.asynchttpclient.netty.handler.HttpHandler - 

Request DefaultFullHttpRequest(decodeResult: success, version: HTTP/1.1, content: EmptyByteBufBE)
DELETE /session/8a38e53eb30ae9aed660e0dc91ed8202 HTTP/1.1
User-Agent: selenium/4.1.2 (java windows)
Content-Type: application/json; charset=utf-8
host: localhost:62656
accept: */*

Response DefaultHttpResponse(decodeResult: success, version: HTTP/1.1)
HTTP/1.1 200 OK
Content-Type: application/json; charset=utf-8
cache-control: no-cache
content-length: 14

10:52:53.351 [AsyncHttpClient-1-11] DEBUG org.asynchttpclient.netty.channel.ChannelManager - Adding key: http://localhost:62656 for channel [id: 0x35a8b605, L:/127.0.0.1:59813 - R:localhost/127.0.0.1:62656]
10:52:53.437 [AsyncHttpClient-1-11] DEBUG org.asynchttpclient.netty.handler.HttpHandler - Channel Closed: [id: 0x35a8b605, L:/127.0.0.1:59813 ! R:localhost/127.0.0.1:62656] with attribute DISCARD
]]></system-out>
    <system-err><![CDATA[Starting ChromeDriver 108.0.5359.71 (1e0e3868ee06e91ad636a874420e3ca3ae3756ac-refs/branch-heads/5359@{#1016}) on port 62656
Only local connections are allowed.
Please see https://chromedriver.chromium.org/security-considerations for suggestions on keeping ChromeDriver safe.
ChromeDriver was started successfully.
Dec 22, 2022 10:52:46 AM org.openqa.selenium.remote.ProtocolHandshake createSession
INFO: Detected dialect: W3C
Dec 22, 2022 10:52:46 AM org.openqa.selenium.devtools.CdpVersionFinder findNearestMatch
WARNING: Unable to find an exact match for CDP version 108, so returning the closest version found: a no-op implementation
Dec 22, 2022 10:52:46 AM org.openqa.selenium.devtools.CdpVersionFinder findNearestMatch
INFO: Unable to find CDP implementation matching 108.
Dec 22, 2022 10:52:46 AM org.openqa.selenium.chromium.ChromiumDriver lambda$new$3
WARNING: Unable to find version of CDP to use for . You may need to include a dependency on a specific version of the CDP using something similar to `org.seleniumhq.selenium:selenium-devtools-v86:4.1.2` where the version ("v86") matches the version of the chromium-based browser you're using and the version number of the artifact is the same as Selenium's.
]]></system-err>
  </testcase>
  <testcase name="View vaccine names in Indonesia" classname="Vaccine names" time="7.066">
    <system-out><![CDATA[10:52:53.495 [main] INFO io.cucumber.core.plugin.SerenityReporter - Running feature from file:///C:/Users/ASUSTUF/OneDrive/Documents/Capstone%20Project/Web%20Automation/src/test/resources/features/VaccineNames.feature
10:52:53.505 [main] DEBUG net.thucydides.core.steps.StepEventBus - Test suite started for story net.thucydides.core.model.Story@942a1b8b
10:52:53.507 [main] INFO  - Test Suite Started: Vaccine names

@VaccineNames
Scenario: View vaccine names in Indonesia &amp#27;[90m# src/test/resources/features/VaccineNames.feature:7&amp#27;[0m
10:52:53.528 [main] INFO io.cucumber.core.plugin.SerenityReporter - Running feature from file:///C:/Users/ASUSTUF/OneDrive/Documents/Capstone%20Project/Web%20Automation/src/test/resources/features/VaccineNames.feature
10:52:53.534 [main] INFO  - 
  _____   ___   ___   _____     ___   _____     _     ___   _____   ___   ___  
 |_   _| | __| / __| |_   _|   / __| |_   _|   /_\   | _ \ |_   _| | __| |   \ 
   | |   | _|  \__ \   | |     \__ \   | |    / _ \  |   /   | |   | _|  | |) |
   |_|   |___| |___/   |_|     |___/   |_|   /_/ \_\ |_|_\   |_|   |___| |___/ 

View vaccine names in Indonesia(vaccine-names;view-vaccine-names-in-indonesia)
--------------------------------------------------------------------------------
10:52:53.584 [main] INFO net.serenitybdd.core.webdriver.driverproviders.ChromeDriverProvider - Using automatically driver download
10:52:53.774 [main] DEBUG io.github.bonigarcia.wdm.cache.ResolutionCache - Resolution chrome=108 in cache (valid until 11:50:34 22/12/2022 ICT)
10:52:53.778 [main] DEBUG io.github.bonigarcia.wdm.cache.ResolutionCache - Resolution chrome108=108.0.5359.71 in cache (valid until 13:40:45 22/12/2022 ICT)
10:52:53.779 [AsyncHttpClient-1-1] DEBUG org.asynchttpclient.netty.channel.DefaultChannelPool - Entry count for : http://localhost:59814 : 1
10:52:53.779 [AsyncHttpClient-1-1] DEBUG org.asynchttpclient.netty.channel.DefaultChannelPool - Entry count for : http://localhost:62656 : 1
10:52:53.779 [AsyncHttpClient-1-1] DEBUG org.asynchttpclient.netty.channel.DefaultChannelPool - Adding Candidate expired Channel [id: 0x2f8d4fb0, L:/127.0.0.1:59820 ! R:localhost/127.0.0.1:59814] isIdleTimeoutExpired=false isRemotelyClosed=true isTtlExpired=false
10:52:53.779 [AsyncHttpClient-1-1] DEBUG org.asynchttpclient.netty.channel.DefaultChannelPool - Closing Idle Channel [id: 0x2f8d4fb0, L:/127.0.0.1:59820 ! R:localhost/127.0.0.1:59814]
10:52:53.779 [AsyncHttpClient-1-1] DEBUG org.asynchttpclient.netty.channel.DefaultChannelPool - Adding Candidate expired Channel [id: 0x35a8b605, L:/127.0.0.1:59813 ! R:localhost/127.0.0.1:62656] isIdleTimeoutExpired=false isRemotelyClosed=true isTtlExpired=false
10:52:53.779 [AsyncHttpClient-1-1] DEBUG org.asynchttpclient.netty.channel.DefaultChannelPool - Closing Idle Channel [id: 0x35a8b605, L:/127.0.0.1:59813 ! R:localhost/127.0.0.1:62656]
10:52:53.779 [AsyncHttpClient-1-1] DEBUG org.asynchttpclient.netty.channel.DefaultChannelPool - Closed 2 connections out of 2 in 0 ms
10:52:53.781 [main] INFO io.github.bonigarcia.wdm.WebDriverManager - Using chromedriver 108.0.5359.71 (resolved driver for Chrome 108)
10:52:53.793 [main] DEBUG io.github.bonigarcia.wdm.WebDriverManager - Driver chromedriver 108.0.5359.71 found in cache
10:52:53.794 [main] INFO io.github.bonigarcia.wdm.WebDriverManager - Exporting webdriver.chrome.driver as C:\Users\ASUSTUF\.cache\selenium\chromedriver\win32\108.0.5359.71\chromedriver.exe
10:52:53.932 [main] DEBUG net.serenitybdd.core.webdriver.driverproviders.ProvideNewDriver - Instantiating driver
10:52:53.932 [main] DEBUG net.serenitybdd.core.webdriver.driverproviders.ProvideNewDriver - Driver capabilities: Capabilities {acceptInsecureCerts: false, base.url: https://vaksin-id.netlify.app/, browserName: chrome, chrome.driver: src/test/resources/webdrive..., driver: chrome, goog:chromeOptions: {args: [], extensions: []}}
10:52:54.346 [AsyncHttpClient-1-14] DEBUG org.asynchttpclient.netty.channel.NettyConnectListener - Using new Channel '[id: 0x79edfefa, L:/127.0.0.1:59846 - R:localhost/127.0.0.1:59511]' for 'POST' to '/session'
10:52:55.096 [AsyncHttpClient-1-14] DEBUG org.asynchttpclient.netty.handler.HttpHandler - 

Request DefaultHttpRequest(decodeResult: success, version: HTTP/1.1)
POST /session HTTP/1.1
User-Agent: selenium/4.1.2 (java windows)
Content-Length: 616
Content-Type: application/json; charset=utf-8
host: localhost:59511
accept: */*

Response DefaultHttpResponse(decodeResult: success, version: HTTP/1.1)
HTTP/1.1 200 OK
Content-Type: application/json; charset=utf-8
cache-control: no-cache
content-length: 793

10:52:55.096 [AsyncHttpClient-1-14] DEBUG org.asynchttpclient.netty.channel.ChannelManager - Adding key: http://localhost:59511 for channel [id: 0x79edfefa, L:/127.0.0.1:59846 - R:localhost/127.0.0.1:59511]
10:52:55.119 [AsyncHttpClient-1-15] DEBUG org.asynchttpclient.netty.channel.NettyConnectListener - Using new Channel '[id: 0x28f1690f, L:/127.0.0.1:59853 - R:localhost/127.0.0.1:59847]' for 'GET' to '/json/version'
10:52:55.133 [AsyncHttpClient-1-15] DEBUG org.asynchttpclient.netty.handler.HttpHandler - 

Request DefaultFullHttpRequest(decodeResult: success, version: HTTP/1.1, content: EmptyByteBufBE)
GET /json/version HTTP/1.1
User-Agent: selenium/4.1.2 (java windows)
host: localhost:59847
accept: */*

Response DefaultHttpResponse(decodeResult: success, version: HTTP/1.1)
HTTP/1.1 200 OK
Content-Type: application/json; charset=UTF-8
content-length: 424

10:52:55.133 [AsyncHttpClient-1-15] DEBUG org.asynchttpclient.netty.channel.ChannelManager - Adding key: http://localhost:59847 for channel [id: 0x28f1690f, L:/127.0.0.1:59853 - R:localhost/127.0.0.1:59847]
10:52:55.141 [AsyncHttpClient-1-16] DEBUG org.asynchttpclient.netty.channel.NettyConnectListener - Using new Channel '[id: 0x010ef624, L:/127.0.0.1:59854 - R:localhost/127.0.0.1:59847]' for 'GET' to '/devtools/browser/71d8e101-3491-4329-afe9-ec23a105b7c7'
10:52:55.151 [AsyncHttpClient-1-16] DEBUG org.asynchttpclient.netty.handler.WebSocketHandler - 

Request DefaultFullHttpRequest(decodeResult: success, version: HTTP/1.1, content: EmptyByteBufBE)
GET /devtools/browser/71d8e101-3491-4329-afe9-ec23a105b7c7 HTTP/1.1
upgrade: websocket
connection: upgrade
sec-websocket-key: FuwU5aOMxw4rGtgkaUCDmw==
sec-websocket-version: 13
origin: http://localhost:59847
host: localhost:59847
accept: */*
user-agent: AHC/2.1

Response DefaultHttpResponse(decodeResult: success, version: HTTP/1.1)
HTTP/1.1 101 WebSocket Protocol Handshake
Upgrade: WebSocket
Connection: Upgrade
Sec-WebSocket-Accept: cr85czfJwlybaoHFEvGqoXSTEN4=

10:52:55.163 [Forwarding get on session d42ffee29d0402c594132a5f02ddf475 to remote] DEBUG org.asynchttpclient.netty.request.NettyRequestSender - Using pooled Channel '[id: 0x79edfefa, L:/127.0.0.1:59846 - R:localhost/127.0.0.1:59511]' for 'POST' to 'http://localhost:59511/session/d42ffee29d0402c594132a5f02ddf475/url'
10:52:55.163 [Forwarding get on session d42ffee29d0402c594132a5f02ddf475 to remote] DEBUG org.asynchttpclient.netty.request.NettyRequestSender - Using open Channel [id: 0x79edfefa, L:/127.0.0.1:59846 - R:localhost/127.0.0.1:59511] for POST '/session/d42ffee29d0402c594132a5f02ddf475/url'
10:52:55.976 [AsyncHttpClient-1-1] DEBUG org.asynchttpclient.netty.channel.DefaultChannelPool - Entry count for : http://localhost:59847 : 1
10:52:56.026 [AsyncHttpClient-1-14] DEBUG org.asynchttpclient.netty.handler.HttpHandler - 

Request DefaultHttpRequest(decodeResult: success, version: HTTP/1.1)
POST /session/d42ffee29d0402c594132a5f02ddf475/url HTTP/1.1
User-Agent: selenium/4.1.2 (java windows)
Content-Length: 60
Content-Type: application/json; charset=utf-8
host: localhost:59511
accept: */*

Response DefaultHttpResponse(decodeResult: success, version: HTTP/1.1)
HTTP/1.1 200 OK
Content-Type: application/json; charset=utf-8
cache-control: no-cache
content-length: 14

10:52:56.026 [AsyncHttpClient-1-14] DEBUG org.asynchttpclient.netty.channel.ChannelManager - Adding key: http://localhost:59511 for channel [id: 0x79edfefa, L:/127.0.0.1:59846 - R:localhost/127.0.0.1:59511]
10:52:56.028 [Forwarding setTimeout on session d42ffee29d0402c594132a5f02ddf475 to remote] DEBUG org.asynchttpclient.netty.request.NettyRequestSender - Using pooled Channel '[id: 0x79edfefa, L:/127.0.0.1:59846 - R:localhost/127.0.0.1:59511]' for 'POST' to 'http://localhost:59511/session/d42ffee29d0402c594132a5f02ddf475/timeouts'
10:52:56.028 [Forwarding setTimeout on session d42ffee29d0402c594132a5f02ddf475 to remote] DEBUG org.asynchttpclient.netty.request.NettyRequestSender - Using open Channel [id: 0x79edfefa, L:/127.0.0.1:59846 - R:localhost/127.0.0.1:59511] for POST '/session/d42ffee29d0402c594132a5f02ddf475/timeouts'
10:52:56.030 [AsyncHttpClient-1-14] DEBUG org.asynchttpclient.netty.handler.HttpHandler - 

Request DefaultHttpRequest(decodeResult: success, version: HTTP/1.1)
POST /session/d42ffee29d0402c594132a5f02ddf475/timeouts HTTP/1.1
User-Agent: selenium/4.1.2 (java windows)
Content-Length: 22
Content-Type: application/json; charset=utf-8
host: localhost:59511
accept: */*

Response DefaultHttpResponse(decodeResult: success, version: HTTP/1.1)
HTTP/1.1 200 OK
Content-Type: application/json; charset=utf-8
cache-control: no-cache
content-length: 14

10:52:56.030 [AsyncHttpClient-1-14] DEBUG org.asynchttpclient.netty.channel.ChannelManager - Adding key: http://localhost:59511 for channel [id: 0x79edfefa, L:/127.0.0.1:59846 - R:localhost/127.0.0.1:59511]
10:52:56.033 [Forwarding getCurrentUrl on session d42ffee29d0402c594132a5f02ddf475 to remote] DEBUG org.asynchttpclient.netty.request.NettyRequestSender - Using pooled Channel '[id: 0x79edfefa, L:/127.0.0.1:59846 - R:localhost/127.0.0.1:59511]' for 'GET' to 'http://localhost:59511/session/d42ffee29d0402c594132a5f02ddf475/url'
10:52:56.033 [Forwarding getCurrentUrl on session d42ffee29d0402c594132a5f02ddf475 to remote] DEBUG org.asynchttpclient.netty.request.NettyRequestSender - Using open Channel [id: 0x79edfefa, L:/127.0.0.1:59846 - R:localhost/127.0.0.1:59511] for GET '/session/d42ffee29d0402c594132a5f02ddf475/url'
10:52:56.040 [AsyncHttpClient-1-14] DEBUG org.asynchttpclient.netty.handler.HttpHandler - 

Request DefaultFullHttpRequest(decodeResult: success, version: HTTP/1.1, content: EmptyByteBufBE)
GET /session/d42ffee29d0402c594132a5f02ddf475/url HTTP/1.1
User-Agent: selenium/4.1.2 (java windows)
Cache-Control: no-cache
Content-Type: application/json; charset=utf-8
host: localhost:59511
accept: */*

Response DefaultHttpResponse(decodeResult: success, version: HTTP/1.1)
HTTP/1.1 200 OK
Content-Type: application/json; charset=utf-8
cache-control: no-cache
content-length: 42

10:52:56.040 [AsyncHttpClient-1-14] DEBUG org.asynchttpclient.netty.channel.ChannelManager - Adding key: http://localhost:59511 for channel [id: 0x79edfefa, L:/127.0.0.1:59846 - R:localhost/127.0.0.1:59511]
  &amp#27;[32mGiven &amp#27;[0m&amp#27;[32mI am on landing page&amp#27;[0m              &amp#27;[90m# starter.stepdefinitions.ManageVaccinationBookingsSteps.iAmOnLandingPage()&amp#27;[0m
10:52:56.050 [main] DEBUG net.serenitybdd.core.photography.Darkroom - Opening darkroom
10:52:56.051 [Darkroom Processing Line] DEBUG net.serenitybdd.core.photography.DarkroomProcessingLine - Darkroom processing line starting up
10:52:56.051 [Forwarding screenshot on session d42ffee29d0402c594132a5f02ddf475 to remote] DEBUG org.asynchttpclient.netty.request.NettyRequestSender - Using pooled Channel '[id: 0x79edfefa, L:/127.0.0.1:59846 - R:localhost/127.0.0.1:59511]' for 'GET' to 'http://localhost:59511/session/d42ffee29d0402c594132a5f02ddf475/screenshot'
10:52:56.051 [Forwarding screenshot on session d42ffee29d0402c594132a5f02ddf475 to remote] DEBUG org.asynchttpclient.netty.request.NettyRequestSender - Using open Channel [id: 0x79edfefa, L:/127.0.0.1:59846 - R:localhost/127.0.0.1:59511] for GET '/session/d42ffee29d0402c594132a5f02ddf475/screenshot'
10:52:56.986 [AsyncHttpClient-1-14] DEBUG org.asynchttpclient.netty.handler.HttpHandler - 

Request DefaultFullHttpRequest(decodeResult: success, version: HTTP/1.1, content: EmptyByteBufBE)
GET /session/d42ffee29d0402c594132a5f02ddf475/screenshot HTTP/1.1
User-Agent: selenium/4.1.2 (java windows)
Cache-Control: no-cache
Content-Type: application/json; charset=utf-8
host: localhost:59511
accept: */*

Response DefaultHttpResponse(decodeResult: success, version: HTTP/1.1)
HTTP/1.1 200 OK
Content-Type: application/json; charset=utf-8
cache-control: no-cache
content-length: 511840

10:52:56.987 [AsyncHttpClient-1-14] DEBUG org.asynchttpclient.netty.channel.ChannelManager - Adding key: http://localhost:59511 for channel [id: 0x79edfefa, L:/127.0.0.1:59846 - R:localhost/127.0.0.1:59511]
10:52:57.007 [main] DEBUG net.serenitybdd.core.photography.Darkroom - Send negative for processing for target\site\serenity\e248d799548190e2634bb5f9a27724ab0574a09ed270967403051c09edbcc73d.png
10:52:57.008 [Darkroom Processing Line] DEBUG net.serenitybdd.core.photography.DarkroomProcessingLine - Processing screenshot image in /var/screenshots/screenshot-7985562595702558866
10:52:57.008 [Darkroom Processing Line] DEBUG net.serenitybdd.core.photography.DarkroomProcessingLine - Saving screenshot to target\site\serenity\e248d799548190e2634bb5f9a27724ab0574a09ed270967403051c09edbcc73d.png
10:52:57.033 [Forwarding findElement on session d42ffee29d0402c594132a5f02ddf475 to remote] DEBUG org.asynchttpclient.netty.request.NettyRequestSender - Using pooled Channel '[id: 0x79edfefa, L:/127.0.0.1:59846 - R:localhost/127.0.0.1:59511]' for 'POST' to 'http://localhost:59511/session/d42ffee29d0402c594132a5f02ddf475/element'
10:52:57.033 [Forwarding findElement on session d42ffee29d0402c594132a5f02ddf475 to remote] DEBUG org.asynchttpclient.netty.request.NettyRequestSender - Using open Channel [id: 0x79edfefa, L:/127.0.0.1:59846 - R:localhost/127.0.0.1:59511] for POST '/session/d42ffee29d0402c594132a5f02ddf475/element'
10:52:57.049 [AsyncHttpClient-1-14] DEBUG org.asynchttpclient.netty.handler.HttpHandler - 

Request DefaultHttpRequest(decodeResult: success, version: HTTP/1.1)
POST /session/d42ffee29d0402c594132a5f02ddf475/element HTTP/1.1
User-Agent: selenium/4.1.2 (java windows)
Content-Length: 315
Content-Type: application/json; charset=utf-8
host: localhost:59511
accept: */*

Response DefaultHttpResponse(decodeResult: success, version: HTTP/1.1)
HTTP/1.1 200 OK
Content-Type: application/json; charset=utf-8
cache-control: no-cache
content-length: 88

10:52:57.050 [AsyncHttpClient-1-14] DEBUG org.asynchttpclient.netty.channel.ChannelManager - Adding key: http://localhost:59511 for channel [id: 0x79edfefa, L:/127.0.0.1:59846 - R:localhost/127.0.0.1:59511]
10:52:57.051 [Forwarding getElementTagName on session d42ffee29d0402c594132a5f02ddf475 to remote] DEBUG org.asynchttpclient.netty.request.NettyRequestSender - Using pooled Channel '[id: 0x79edfefa, L:/127.0.0.1:59846 - R:localhost/127.0.0.1:59511]' for 'GET' to 'http://localhost:59511/session/d42ffee29d0402c594132a5f02ddf475/element/23367274-dc20-401e-aadc-4687ec4afa03/name'
10:52:57.051 [Forwarding getElementTagName on session d42ffee29d0402c594132a5f02ddf475 to remote] DEBUG org.asynchttpclient.netty.request.NettyRequestSender - Using open Channel [id: 0x79edfefa, L:/127.0.0.1:59846 - R:localhost/127.0.0.1:59511] for GET '/session/d42ffee29d0402c594132a5f02ddf475/element/23367274-dc20-401e-aadc-4687ec4afa03/name'
10:52:57.059 [AsyncHttpClient-1-14] DEBUG org.asynchttpclient.netty.handler.HttpHandler - 

Request DefaultFullHttpRequest(decodeResult: success, version: HTTP/1.1, content: EmptyByteBufBE)
GET /session/d42ffee29d0402c594132a5f02ddf475/element/23367274-dc20-401e-aadc-4687ec4afa03/name HTTP/1.1
User-Agent: selenium/4.1.2 (java windows)
Cache-Control: no-cache
Content-Type: application/json; charset=utf-8
host: localhost:59511
accept: */*

Response DefaultHttpResponse(decodeResult: success, version: HTTP/1.1)
HTTP/1.1 200 OK
Content-Type: application/json; charset=utf-8
cache-control: no-cache
content-length: 18

10:52:57.060 [AsyncHttpClient-1-14] DEBUG org.asynchttpclient.netty.channel.ChannelManager - Adding key: http://localhost:59511 for channel [id: 0x79edfefa, L:/127.0.0.1:59846 - R:localhost/127.0.0.1:59511]
10:52:57.062 [Forwarding getElementTagName on session d42ffee29d0402c594132a5f02ddf475 to remote] DEBUG org.asynchttpclient.netty.request.NettyRequestSender - Using pooled Channel '[id: 0x79edfefa, L:/127.0.0.1:59846 - R:localhost/127.0.0.1:59511]' for 'GET' to 'http://localhost:59511/session/d42ffee29d0402c594132a5f02ddf475/element/23367274-dc20-401e-aadc-4687ec4afa03/name'
10:52:57.062 [Forwarding getElementTagName on session d42ffee29d0402c594132a5f02ddf475 to remote] DEBUG org.asynchttpclient.netty.request.NettyRequestSender - Using open Channel [id: 0x79edfefa, L:/127.0.0.1:59846 - R:localhost/127.0.0.1:59511] for GET '/session/d42ffee29d0402c594132a5f02ddf475/element/23367274-dc20-401e-aadc-4687ec4afa03/name'
10:52:57.066 [AsyncHttpClient-1-14] DEBUG org.asynchttpclient.netty.handler.HttpHandler - 

Request DefaultFullHttpRequest(decodeResult: success, version: HTTP/1.1, content: EmptyByteBufBE)
GET /session/d42ffee29d0402c594132a5f02ddf475/element/23367274-dc20-401e-aadc-4687ec4afa03/name HTTP/1.1
User-Agent: selenium/4.1.2 (java windows)
Cache-Control: no-cache
Content-Type: application/json; charset=utf-8
host: localhost:59511
accept: */*

Response DefaultHttpResponse(decodeResult: success, version: HTTP/1.1)
HTTP/1.1 200 OK
Content-Type: application/json; charset=utf-8
cache-control: no-cache
content-length: 18

10:52:57.066 [AsyncHttpClient-1-14] DEBUG org.asynchttpclient.netty.channel.ChannelManager - Adding key: http://localhost:59511 for channel [id: 0x79edfefa, L:/127.0.0.1:59846 - R:localhost/127.0.0.1:59511]
10:52:57.068 [Forwarding isElementEnabled on session d42ffee29d0402c594132a5f02ddf475 to remote] DEBUG org.asynchttpclient.netty.request.NettyRequestSender - Using pooled Channel '[id: 0x79edfefa, L:/127.0.0.1:59846 - R:localhost/127.0.0.1:59511]' for 'GET' to 'http://localhost:59511/session/d42ffee29d0402c594132a5f02ddf475/element/23367274-dc20-401e-aadc-4687ec4afa03/enabled'
10:52:57.068 [Forwarding isElementEnabled on session d42ffee29d0402c594132a5f02ddf475 to remote] DEBUG org.asynchttpclient.netty.request.NettyRequestSender - Using open Channel [id: 0x79edfefa, L:/127.0.0.1:59846 - R:localhost/127.0.0.1:59511] for GET '/session/d42ffee29d0402c594132a5f02ddf475/element/23367274-dc20-401e-aadc-4687ec4afa03/enabled'
10:52:57.075 [AsyncHttpClient-1-1] DEBUG org.asynchttpclient.netty.channel.DefaultChannelPool - Entry count for : http://localhost:59847 : 1
10:52:57.080 [AsyncHttpClient-1-14] DEBUG org.asynchttpclient.netty.handler.HttpHandler - 

Request DefaultFullHttpRequest(decodeResult: success, version: HTTP/1.1, content: EmptyByteBufBE)
GET /session/d42ffee29d0402c594132a5f02ddf475/element/23367274-dc20-401e-aadc-4687ec4afa03/enabled HTTP/1.1
User-Agent: selenium/4.1.2 (java windows)
Cache-Control: no-cache
Content-Type: application/json; charset=utf-8
host: localhost:59511
accept: */*

Response DefaultHttpResponse(decodeResult: success, version: HTTP/1.1)
HTTP/1.1 200 OK
Content-Type: application/json; charset=utf-8
cache-control: no-cache
content-length: 14

10:52:57.080 [AsyncHttpClient-1-14] DEBUG org.asynchttpclient.netty.channel.ChannelManager - Adding key: http://localhost:59511 for channel [id: 0x79edfefa, L:/127.0.0.1:59846 - R:localhost/127.0.0.1:59511]
10:52:57.081 [Forwarding isElementEnabled on session d42ffee29d0402c594132a5f02ddf475 to remote] DEBUG org.asynchttpclient.netty.request.NettyRequestSender - Using pooled Channel '[id: 0x79edfefa, L:/127.0.0.1:59846 - R:localhost/127.0.0.1:59511]' for 'GET' to 'http://localhost:59511/session/d42ffee29d0402c594132a5f02ddf475/element/23367274-dc20-401e-aadc-4687ec4afa03/enabled'
10:52:57.081 [Forwarding isElementEnabled on session d42ffee29d0402c594132a5f02ddf475 to remote] DEBUG org.asynchttpclient.netty.request.NettyRequestSender - Using open Channel [id: 0x79edfefa, L:/127.0.0.1:59846 - R:localhost/127.0.0.1:59511] for GET '/session/d42ffee29d0402c594132a5f02ddf475/element/23367274-dc20-401e-aadc-4687ec4afa03/enabled'
10:52:57.090 [AsyncHttpClient-1-14] DEBUG org.asynchttpclient.netty.handler.HttpHandler - 

Request DefaultFullHttpRequest(decodeResult: success, version: HTTP/1.1, content: EmptyByteBufBE)
GET /session/d42ffee29d0402c594132a5f02ddf475/element/23367274-dc20-401e-aadc-4687ec4afa03/enabled HTTP/1.1
User-Agent: selenium/4.1.2 (java windows)
Cache-Control: no-cache
Content-Type: application/json; charset=utf-8
host: localhost:59511
accept: */*

Response DefaultHttpResponse(decodeResult: success, version: HTTP/1.1)
HTTP/1.1 200 OK
Content-Type: application/json; charset=utf-8
cache-control: no-cache
content-length: 14

10:52:57.091 [AsyncHttpClient-1-14] DEBUG org.asynchttpclient.netty.channel.ChannelManager - Adding key: http://localhost:59511 for channel [id: 0x79edfefa, L:/127.0.0.1:59846 - R:localhost/127.0.0.1:59511]
10:52:57.095 [Forwarding findElement on session d42ffee29d0402c594132a5f02ddf475 to remote] DEBUG org.asynchttpclient.netty.request.NettyRequestSender - Using pooled Channel '[id: 0x79edfefa, L:/127.0.0.1:59846 - R:localhost/127.0.0.1:59511]' for 'POST' to 'http://localhost:59511/session/d42ffee29d0402c594132a5f02ddf475/element'
10:52:57.096 [Forwarding findElement on session d42ffee29d0402c594132a5f02ddf475 to remote] DEBUG org.asynchttpclient.netty.request.NettyRequestSender - Using open Channel [id: 0x79edfefa, L:/127.0.0.1:59846 - R:localhost/127.0.0.1:59511] for POST '/session/d42ffee29d0402c594132a5f02ddf475/element'
10:52:57.105 [AsyncHttpClient-1-14] DEBUG org.asynchttpclient.netty.handler.HttpHandler - 

Request DefaultHttpRequest(decodeResult: success, version: HTTP/1.1)
POST /session/d42ffee29d0402c594132a5f02ddf475/element HTTP/1.1
User-Agent: selenium/4.1.2 (java windows)
Content-Length: 315
Content-Type: application/json; charset=utf-8
host: localhost:59511
accept: */*

Response DefaultHttpResponse(decodeResult: success, version: HTTP/1.1)
HTTP/1.1 200 OK
Content-Type: application/json; charset=utf-8
cache-control: no-cache
content-length: 88

10:52:57.105 [AsyncHttpClient-1-14] DEBUG org.asynchttpclient.netty.channel.ChannelManager - Adding key: http://localhost:59511 for channel [id: 0x79edfefa, L:/127.0.0.1:59846 - R:localhost/127.0.0.1:59511]
10:52:57.106 [Forwarding clickElement on session d42ffee29d0402c594132a5f02ddf475 to remote] DEBUG org.asynchttpclient.netty.request.NettyRequestSender - Using pooled Channel '[id: 0x79edfefa, L:/127.0.0.1:59846 - R:localhost/127.0.0.1:59511]' for 'POST' to 'http://localhost:59511/session/d42ffee29d0402c594132a5f02ddf475/element/23367274-dc20-401e-aadc-4687ec4afa03/click'
10:52:57.106 [Forwarding clickElement on session d42ffee29d0402c594132a5f02ddf475 to remote] DEBUG org.asynchttpclient.netty.request.NettyRequestSender - Using open Channel [id: 0x79edfefa, L:/127.0.0.1:59846 - R:localhost/127.0.0.1:59511] for POST '/session/d42ffee29d0402c594132a5f02ddf475/element/23367274-dc20-401e-aadc-4687ec4afa03/click'
10:52:57.209 [AsyncHttpClient-1-14] DEBUG org.asynchttpclient.netty.handler.HttpHandler - 

Request DefaultHttpRequest(decodeResult: success, version: HTTP/1.1)
POST /session/d42ffee29d0402c594132a5f02ddf475/element/23367274-dc20-401e-aadc-4687ec4afa03/click HTTP/1.1
User-Agent: selenium/4.1.2 (java windows)
Content-Length: 50
Content-Type: application/json; charset=utf-8
host: localhost:59511
accept: */*

Response DefaultHttpResponse(decodeResult: success, version: HTTP/1.1)
HTTP/1.1 200 OK
Content-Type: application/json; charset=utf-8
cache-control: no-cache
content-length: 14

10:52:57.210 [AsyncHttpClient-1-14] DEBUG org.asynchttpclient.netty.channel.ChannelManager - Adding key: http://localhost:59511 for channel [id: 0x79edfefa, L:/127.0.0.1:59846 - R:localhost/127.0.0.1:59511]
10:52:57.215 [Forwarding findElement on session d42ffee29d0402c594132a5f02ddf475 to remote] DEBUG org.asynchttpclient.netty.request.NettyRequestSender - Using pooled Channel '[id: 0x79edfefa, L:/127.0.0.1:59846 - R:localhost/127.0.0.1:59511]' for 'POST' to 'http://localhost:59511/session/d42ffee29d0402c594132a5f02ddf475/element'
10:52:57.215 [Forwarding findElement on session d42ffee29d0402c594132a5f02ddf475 to remote] DEBUG org.asynchttpclient.netty.request.NettyRequestSender - Using open Channel [id: 0x79edfefa, L:/127.0.0.1:59846 - R:localhost/127.0.0.1:59511] for POST '/session/d42ffee29d0402c594132a5f02ddf475/element'
10:52:57.230 [AsyncHttpClient-1-14] DEBUG org.asynchttpclient.netty.handler.HttpHandler - 

Request DefaultHttpRequest(decodeResult: success, version: HTTP/1.1)
POST /session/d42ffee29d0402c594132a5f02ddf475/element HTTP/1.1
User-Agent: selenium/4.1.2 (java windows)
Content-Length: 69
Content-Type: application/json; charset=utf-8
host: localhost:59511
accept: */*

Response DefaultHttpResponse(decodeResult: success, version: HTTP/1.1)
HTTP/1.1 200 OK
Content-Type: application/json; charset=utf-8
cache-control: no-cache
content-length: 88

10:52:57.230 [AsyncHttpClient-1-14] DEBUG org.asynchttpclient.netty.channel.ChannelManager - Adding key: http://localhost:59511 for channel [id: 0x79edfefa, L:/127.0.0.1:59846 - R:localhost/127.0.0.1:59511]
10:52:57.231 [Forwarding clearElement on session d42ffee29d0402c594132a5f02ddf475 to remote] DEBUG org.asynchttpclient.netty.request.NettyRequestSender - Using pooled Channel '[id: 0x79edfefa, L:/127.0.0.1:59846 - R:localhost/127.0.0.1:59511]' for 'POST' to 'http://localhost:59511/session/d42ffee29d0402c594132a5f02ddf475/element/18195dbf-7f98-4e50-9b78-c14e78b64af6/clear'
10:52:57.231 [Forwarding clearElement on session d42ffee29d0402c594132a5f02ddf475 to remote] DEBUG org.asynchttpclient.netty.request.NettyRequestSender - Using open Channel [id: 0x79edfefa, L:/127.0.0.1:59846 - R:localhost/127.0.0.1:59511] for POST '/session/d42ffee29d0402c594132a5f02ddf475/element/18195dbf-7f98-4e50-9b78-c14e78b64af6/clear'
10:52:57.278 [AsyncHttpClient-1-14] DEBUG org.asynchttpclient.netty.handler.HttpHandler - 

Request DefaultHttpRequest(decodeResult: success, version: HTTP/1.1)
POST /session/d42ffee29d0402c594132a5f02ddf475/element/18195dbf-7f98-4e50-9b78-c14e78b64af6/clear HTTP/1.1
User-Agent: selenium/4.1.2 (java windows)
Content-Length: 50
Content-Type: application/json; charset=utf-8
host: localhost:59511
accept: */*

Response DefaultHttpResponse(decodeResult: success, version: HTTP/1.1)
HTTP/1.1 200 OK
Content-Type: application/json; charset=utf-8
cache-control: no-cache
content-length: 14

10:52:57.278 [AsyncHttpClient-1-14] DEBUG org.asynchttpclient.netty.channel.ChannelManager - Adding key: http://localhost:59511 for channel [id: 0x79edfefa, L:/127.0.0.1:59846 - R:localhost/127.0.0.1:59511]
10:52:57.280 [Forwarding sendKeysToElement on session d42ffee29d0402c594132a5f02ddf475 to remote] DEBUG org.asynchttpclient.netty.request.NettyRequestSender - Using pooled Channel '[id: 0x79edfefa, L:/127.0.0.1:59846 - R:localhost/127.0.0.1:59511]' for 'POST' to 'http://localhost:59511/session/d42ffee29d0402c594132a5f02ddf475/element/18195dbf-7f98-4e50-9b78-c14e78b64af6/value'
10:52:57.280 [Forwarding sendKeysToElement on session d42ffee29d0402c594132a5f02ddf475 to remote] DEBUG org.asynchttpclient.netty.request.NettyRequestSender - Using open Channel [id: 0x79edfefa, L:/127.0.0.1:59846 - R:localhost/127.0.0.1:59511] for POST '/session/d42ffee29d0402c594132a5f02ddf475/element/18195dbf-7f98-4e50-9b78-c14e78b64af6/value'
10:52:57.550 [AsyncHttpClient-1-14] DEBUG org.asynchttpclient.netty.handler.HttpHandler - 

Request DefaultHttpRequest(decodeResult: success, version: HTTP/1.1)
POST /session/d42ffee29d0402c594132a5f02ddf475/element/18195dbf-7f98-4e50-9b78-c14e78b64af6/value HTTP/1.1
User-Agent: selenium/4.1.2 (java windows)
Content-Length: 371
Content-Type: application/json; charset=utf-8
host: localhost:59511
accept: */*

Response DefaultHttpResponse(decodeResult: success, version: HTTP/1.1)
HTTP/1.1 200 OK
Content-Type: application/json; charset=utf-8
cache-control: no-cache
content-length: 14

10:52:57.551 [AsyncHttpClient-1-14] DEBUG org.asynchttpclient.netty.channel.ChannelManager - Adding key: http://localhost:59511 for channel [id: 0x79edfefa, L:/127.0.0.1:59846 - R:localhost/127.0.0.1:59511]
10:52:57.556 [Forwarding findElement on session d42ffee29d0402c594132a5f02ddf475 to remote] DEBUG org.asynchttpclient.netty.request.NettyRequestSender - Using pooled Channel '[id: 0x79edfefa, L:/127.0.0.1:59846 - R:localhost/127.0.0.1:59511]' for 'POST' to 'http://localhost:59511/session/d42ffee29d0402c594132a5f02ddf475/element'
10:52:57.556 [Forwarding findElement on session d42ffee29d0402c594132a5f02ddf475 to remote] DEBUG org.asynchttpclient.netty.request.NettyRequestSender - Using open Channel [id: 0x79edfefa, L:/127.0.0.1:59846 - R:localhost/127.0.0.1:59511] for POST '/session/d42ffee29d0402c594132a5f02ddf475/element'
10:52:57.572 [AsyncHttpClient-1-14] DEBUG org.asynchttpclient.netty.handler.HttpHandler - 

Request DefaultHttpRequest(decodeResult: success, version: HTTP/1.1)
POST /session/d42ffee29d0402c594132a5f02ddf475/element HTTP/1.1
User-Agent: selenium/4.1.2 (java windows)
Content-Length: 72
Content-Type: application/json; charset=utf-8
host: localhost:59511
accept: */*

Response DefaultHttpResponse(decodeResult: success, version: HTTP/1.1)
HTTP/1.1 200 OK
Content-Type: application/json; charset=utf-8
cache-control: no-cache
content-length: 88

10:52:57.572 [AsyncHttpClient-1-14] DEBUG org.asynchttpclient.netty.channel.ChannelManager - Adding key: http://localhost:59511 for channel [id: 0x79edfefa, L:/127.0.0.1:59846 - R:localhost/127.0.0.1:59511]
10:52:57.573 [Forwarding clearElement on session d42ffee29d0402c594132a5f02ddf475 to remote] DEBUG org.asynchttpclient.netty.request.NettyRequestSender - Using pooled Channel '[id: 0x79edfefa, L:/127.0.0.1:59846 - R:localhost/127.0.0.1:59511]' for 'POST' to 'http://localhost:59511/session/d42ffee29d0402c594132a5f02ddf475/element/8f767ea4-d81b-4728-97a7-b49684311b19/clear'
10:52:57.573 [Forwarding clearElement on session d42ffee29d0402c594132a5f02ddf475 to remote] DEBUG org.asynchttpclient.netty.request.NettyRequestSender - Using open Channel [id: 0x79edfefa, L:/127.0.0.1:59846 - R:localhost/127.0.0.1:59511] for POST '/session/d42ffee29d0402c594132a5f02ddf475/element/8f767ea4-d81b-4728-97a7-b49684311b19/clear'
10:52:57.632 [AsyncHttpClient-1-14] DEBUG org.asynchttpclient.netty.handler.HttpHandler - 

Request DefaultHttpRequest(decodeResult: success, version: HTTP/1.1)
POST /session/d42ffee29d0402c594132a5f02ddf475/element/8f767ea4-d81b-4728-97a7-b49684311b19/clear HTTP/1.1
User-Agent: selenium/4.1.2 (java windows)
Content-Length: 50
Content-Type: application/json; charset=utf-8
host: localhost:59511
accept: */*

Response DefaultHttpResponse(decodeResult: success, version: HTTP/1.1)
HTTP/1.1 200 OK
Content-Type: application/json; charset=utf-8
cache-control: no-cache
content-length: 14

10:52:57.632 [AsyncHttpClient-1-14] DEBUG org.asynchttpclient.netty.channel.ChannelManager - Adding key: http://localhost:59511 for channel [id: 0x79edfefa, L:/127.0.0.1:59846 - R:localhost/127.0.0.1:59511]
10:52:57.634 [Forwarding sendKeysToElement on session d42ffee29d0402c594132a5f02ddf475 to remote] DEBUG org.asynchttpclient.netty.request.NettyRequestSender - Using pooled Channel '[id: 0x79edfefa, L:/127.0.0.1:59846 - R:localhost/127.0.0.1:59511]' for 'POST' to 'http://localhost:59511/session/d42ffee29d0402c594132a5f02ddf475/element/8f767ea4-d81b-4728-97a7-b49684311b19/value'
10:52:57.634 [Forwarding sendKeysToElement on session d42ffee29d0402c594132a5f02ddf475 to remote] DEBUG org.asynchttpclient.netty.request.NettyRequestSender - Using open Channel [id: 0x79edfefa, L:/127.0.0.1:59846 - R:localhost/127.0.0.1:59511] for POST '/session/d42ffee29d0402c594132a5f02ddf475/element/8f767ea4-d81b-4728-97a7-b49684311b19/value'
10:52:57.860 [AsyncHttpClient-1-14] DEBUG org.asynchttpclient.netty.handler.HttpHandler - 

Request DefaultHttpRequest(decodeResult: success, version: HTTP/1.1)
POST /session/d42ffee29d0402c594132a5f02ddf475/element/8f767ea4-d81b-4728-97a7-b49684311b19/value HTTP/1.1
User-Agent: selenium/4.1.2 (java windows)
Content-Length: 251
Content-Type: application/json; charset=utf-8
host: localhost:59511
accept: */*

Response DefaultHttpResponse(decodeResult: success, version: HTTP/1.1)
HTTP/1.1 200 OK
Content-Type: application/json; charset=utf-8
cache-control: no-cache
content-length: 14

10:52:57.860 [AsyncHttpClient-1-14] DEBUG org.asynchttpclient.netty.channel.ChannelManager - Adding key: http://localhost:59511 for channel [id: 0x79edfefa, L:/127.0.0.1:59846 - R:localhost/127.0.0.1:59511]
10:52:57.869 [Forwarding findElement on session d42ffee29d0402c594132a5f02ddf475 to remote] DEBUG org.asynchttpclient.netty.request.NettyRequestSender - Using pooled Channel '[id: 0x79edfefa, L:/127.0.0.1:59846 - R:localhost/127.0.0.1:59511]' for 'POST' to 'http://localhost:59511/session/d42ffee29d0402c594132a5f02ddf475/element'
10:52:57.869 [Forwarding findElement on session d42ffee29d0402c594132a5f02ddf475 to remote] DEBUG org.asynchttpclient.netty.request.NettyRequestSender - Using open Channel [id: 0x79edfefa, L:/127.0.0.1:59846 - R:localhost/127.0.0.1:59511] for POST '/session/d42ffee29d0402c594132a5f02ddf475/element'
10:52:57.891 [AsyncHttpClient-1-14] DEBUG org.asynchttpclient.netty.handler.HttpHandler - 

Request DefaultHttpRequest(decodeResult: success, version: HTTP/1.1)
POST /session/d42ffee29d0402c594132a5f02ddf475/element HTTP/1.1
User-Agent: selenium/4.1.2 (java windows)
Content-Length: 321
Content-Type: application/json; charset=utf-8
host: localhost:59511
accept: */*

Response DefaultHttpResponse(decodeResult: success, version: HTTP/1.1)
HTTP/1.1 200 OK
Content-Type: application/json; charset=utf-8
cache-control: no-cache
content-length: 88

10:52:57.891 [AsyncHttpClient-1-14] DEBUG org.asynchttpclient.netty.channel.ChannelManager - Adding key: http://localhost:59511 for channel [id: 0x79edfefa, L:/127.0.0.1:59846 - R:localhost/127.0.0.1:59511]
10:52:57.894 [Forwarding getElementTagName on session d42ffee29d0402c594132a5f02ddf475 to remote] DEBUG org.asynchttpclient.netty.request.NettyRequestSender - Using pooled Channel '[id: 0x79edfefa, L:/127.0.0.1:59846 - R:localhost/127.0.0.1:59511]' for 'GET' to 'http://localhost:59511/session/d42ffee29d0402c594132a5f02ddf475/element/b24575d7-2b74-4509-a3fd-5cabfd8091f0/name'
10:52:57.894 [Forwarding getElementTagName on session d42ffee29d0402c594132a5f02ddf475 to remote] DEBUG org.asynchttpclient.netty.request.NettyRequestSender - Using open Channel [id: 0x79edfefa, L:/127.0.0.1:59846 - R:localhost/127.0.0.1:59511] for GET '/session/d42ffee29d0402c594132a5f02ddf475/element/b24575d7-2b74-4509-a3fd-5cabfd8091f0/name'
10:52:57.900 [AsyncHttpClient-1-14] DEBUG org.asynchttpclient.netty.handler.HttpHandler - 

Request DefaultFullHttpRequest(decodeResult: success, version: HTTP/1.1, content: EmptyByteBufBE)
GET /session/d42ffee29d0402c594132a5f02ddf475/element/b24575d7-2b74-4509-a3fd-5cabfd8091f0/name HTTP/1.1
User-Agent: selenium/4.1.2 (java windows)
Cache-Control: no-cache
Content-Type: application/json; charset=utf-8
host: localhost:59511
accept: */*

Response DefaultHttpResponse(decodeResult: success, version: HTTP/1.1)
HTTP/1.1 200 OK
Content-Type: application/json; charset=utf-8
cache-control: no-cache
content-length: 18

10:52:57.900 [AsyncHttpClient-1-14] DEBUG org.asynchttpclient.netty.channel.ChannelManager - Adding key: http://localhost:59511 for channel [id: 0x79edfefa, L:/127.0.0.1:59846 - R:localhost/127.0.0.1:59511]
10:52:57.902 [Forwarding getElementTagName on session d42ffee29d0402c594132a5f02ddf475 to remote] DEBUG org.asynchttpclient.netty.request.NettyRequestSender - Using pooled Channel '[id: 0x79edfefa, L:/127.0.0.1:59846 - R:localhost/127.0.0.1:59511]' for 'GET' to 'http://localhost:59511/session/d42ffee29d0402c594132a5f02ddf475/element/b24575d7-2b74-4509-a3fd-5cabfd8091f0/name'
10:52:57.902 [Forwarding getElementTagName on session d42ffee29d0402c594132a5f02ddf475 to remote] DEBUG org.asynchttpclient.netty.request.NettyRequestSender - Using open Channel [id: 0x79edfefa, L:/127.0.0.1:59846 - R:localhost/127.0.0.1:59511] for GET '/session/d42ffee29d0402c594132a5f02ddf475/element/b24575d7-2b74-4509-a3fd-5cabfd8091f0/name'
10:52:57.910 [AsyncHttpClient-1-14] DEBUG org.asynchttpclient.netty.handler.HttpHandler - 

Request DefaultFullHttpRequest(decodeResult: success, version: HTTP/1.1, content: EmptyByteBufBE)
GET /session/d42ffee29d0402c594132a5f02ddf475/element/b24575d7-2b74-4509-a3fd-5cabfd8091f0/name HTTP/1.1
User-Agent: selenium/4.1.2 (java windows)
Cache-Control: no-cache
Content-Type: application/json; charset=utf-8
host: localhost:59511
accept: */*

Response DefaultHttpResponse(decodeResult: success, version: HTTP/1.1)
HTTP/1.1 200 OK
Content-Type: application/json; charset=utf-8
cache-control: no-cache
content-length: 18

10:52:57.910 [AsyncHttpClient-1-14] DEBUG org.asynchttpclient.netty.channel.ChannelManager - Adding key: http://localhost:59511 for channel [id: 0x79edfefa, L:/127.0.0.1:59846 - R:localhost/127.0.0.1:59511]
10:52:57.914 [Forwarding isElementEnabled on session d42ffee29d0402c594132a5f02ddf475 to remote] DEBUG org.asynchttpclient.netty.request.NettyRequestSender - Using pooled Channel '[id: 0x79edfefa, L:/127.0.0.1:59846 - R:localhost/127.0.0.1:59511]' for 'GET' to 'http://localhost:59511/session/d42ffee29d0402c594132a5f02ddf475/element/b24575d7-2b74-4509-a3fd-5cabfd8091f0/enabled'
10:52:57.914 [Forwarding isElementEnabled on session d42ffee29d0402c594132a5f02ddf475 to remote] DEBUG org.asynchttpclient.netty.request.NettyRequestSender - Using open Channel [id: 0x79edfefa, L:/127.0.0.1:59846 - R:localhost/127.0.0.1:59511] for GET '/session/d42ffee29d0402c594132a5f02ddf475/element/b24575d7-2b74-4509-a3fd-5cabfd8091f0/enabled'
10:52:57.931 [AsyncHttpClient-1-14] DEBUG org.asynchttpclient.netty.handler.HttpHandler - 

Request DefaultFullHttpRequest(decodeResult: success, version: HTTP/1.1, content: EmptyByteBufBE)
GET /session/d42ffee29d0402c594132a5f02ddf475/element/b24575d7-2b74-4509-a3fd-5cabfd8091f0/enabled HTTP/1.1
User-Agent: selenium/4.1.2 (java windows)
Cache-Control: no-cache
Content-Type: application/json; charset=utf-8
host: localhost:59511
accept: */*

Response DefaultHttpResponse(decodeResult: success, version: HTTP/1.1)
HTTP/1.1 200 OK
Content-Type: application/json; charset=utf-8
cache-control: no-cache
content-length: 14

10:52:57.931 [AsyncHttpClient-1-14] DEBUG org.asynchttpclient.netty.channel.ChannelManager - Adding key: http://localhost:59511 for channel [id: 0x79edfefa, L:/127.0.0.1:59846 - R:localhost/127.0.0.1:59511]
10:52:57.933 [Forwarding isElementEnabled on session d42ffee29d0402c594132a5f02ddf475 to remote] DEBUG org.asynchttpclient.netty.request.NettyRequestSender - Using pooled Channel '[id: 0x79edfefa, L:/127.0.0.1:59846 - R:localhost/127.0.0.1:59511]' for 'GET' to 'http://localhost:59511/session/d42ffee29d0402c594132a5f02ddf475/element/b24575d7-2b74-4509-a3fd-5cabfd8091f0/enabled'
10:52:57.933 [Forwarding isElementEnabled on session d42ffee29d0402c594132a5f02ddf475 to remote] DEBUG org.asynchttpclient.netty.request.NettyRequestSender - Using open Channel [id: 0x79edfefa, L:/127.0.0.1:59846 - R:localhost/127.0.0.1:59511] for GET '/session/d42ffee29d0402c594132a5f02ddf475/element/b24575d7-2b74-4509-a3fd-5cabfd8091f0/enabled'
10:52:57.940 [AsyncHttpClient-1-14] DEBUG org.asynchttpclient.netty.handler.HttpHandler - 

Request DefaultFullHttpRequest(decodeResult: success, version: HTTP/1.1, content: EmptyByteBufBE)
GET /session/d42ffee29d0402c594132a5f02ddf475/element/b24575d7-2b74-4509-a3fd-5cabfd8091f0/enabled HTTP/1.1
User-Agent: selenium/4.1.2 (java windows)
Cache-Control: no-cache
Content-Type: application/json; charset=utf-8
host: localhost:59511
accept: */*

Response DefaultHttpResponse(decodeResult: success, version: HTTP/1.1)
HTTP/1.1 200 OK
Content-Type: application/json; charset=utf-8
cache-control: no-cache
content-length: 14

10:52:57.940 [AsyncHttpClient-1-14] DEBUG org.asynchttpclient.netty.channel.ChannelManager - Adding key: http://localhost:59511 for channel [id: 0x79edfefa, L:/127.0.0.1:59846 - R:localhost/127.0.0.1:59511]
10:52:57.947 [Forwarding findElement on session d42ffee29d0402c594132a5f02ddf475 to remote] DEBUG org.asynchttpclient.netty.request.NettyRequestSender - Using pooled Channel '[id: 0x79edfefa, L:/127.0.0.1:59846 - R:localhost/127.0.0.1:59511]' for 'POST' to 'http://localhost:59511/session/d42ffee29d0402c594132a5f02ddf475/element'
10:52:57.947 [Forwarding findElement on session d42ffee29d0402c594132a5f02ddf475 to remote] DEBUG org.asynchttpclient.netty.request.NettyRequestSender - Using open Channel [id: 0x79edfefa, L:/127.0.0.1:59846 - R:localhost/127.0.0.1:59511] for POST '/session/d42ffee29d0402c594132a5f02ddf475/element'
10:52:57.960 [AsyncHttpClient-1-14] DEBUG org.asynchttpclient.netty.handler.HttpHandler - 

Request DefaultHttpRequest(decodeResult: success, version: HTTP/1.1)
POST /session/d42ffee29d0402c594132a5f02ddf475/element HTTP/1.1
User-Agent: selenium/4.1.2 (java windows)
Content-Length: 321
Content-Type: application/json; charset=utf-8
host: localhost:59511
accept: */*

Response DefaultHttpResponse(decodeResult: success, version: HTTP/1.1)
HTTP/1.1 200 OK
Content-Type: application/json; charset=utf-8
cache-control: no-cache
content-length: 88

10:52:57.961 [AsyncHttpClient-1-14] DEBUG org.asynchttpclient.netty.channel.ChannelManager - Adding key: http://localhost:59511 for channel [id: 0x79edfefa, L:/127.0.0.1:59846 - R:localhost/127.0.0.1:59511]
10:52:57.963 [Forwarding clickElement on session d42ffee29d0402c594132a5f02ddf475 to remote] DEBUG org.asynchttpclient.netty.request.NettyRequestSender - Using pooled Channel '[id: 0x79edfefa, L:/127.0.0.1:59846 - R:localhost/127.0.0.1:59511]' for 'POST' to 'http://localhost:59511/session/d42ffee29d0402c594132a5f02ddf475/element/b24575d7-2b74-4509-a3fd-5cabfd8091f0/click'
10:52:57.963 [Forwarding clickElement on session d42ffee29d0402c594132a5f02ddf475 to remote] DEBUG org.asynchttpclient.netty.request.NettyRequestSender - Using open Channel [id: 0x79edfefa, L:/127.0.0.1:59846 - R:localhost/127.0.0.1:59511] for POST '/session/d42ffee29d0402c594132a5f02ddf475/element/b24575d7-2b74-4509-a3fd-5cabfd8091f0/click'
10:52:58.063 [AsyncHttpClient-1-14] DEBUG org.asynchttpclient.netty.handler.HttpHandler - 

Request DefaultHttpRequest(decodeResult: success, version: HTTP/1.1)
POST /session/d42ffee29d0402c594132a5f02ddf475/element/b24575d7-2b74-4509-a3fd-5cabfd8091f0/click HTTP/1.1
User-Agent: selenium/4.1.2 (java windows)
Content-Length: 50
Content-Type: application/json; charset=utf-8
host: localhost:59511
accept: */*

Response DefaultHttpResponse(decodeResult: success, version: HTTP/1.1)
HTTP/1.1 200 OK
Content-Type: application/json; charset=utf-8
cache-control: no-cache
content-length: 14

10:52:58.063 [AsyncHttpClient-1-14] DEBUG org.asynchttpclient.netty.channel.ChannelManager - Adding key: http://localhost:59511 for channel [id: 0x79edfefa, L:/127.0.0.1:59846 - R:localhost/127.0.0.1:59511]
  &amp#27;[32mAnd &amp#27;[0m&amp#27;[32mI have logged in&amp#27;[0m                    &amp#27;[90m# starter.stepdefinitions.ManageVaccinationBookingsSteps.iHaveLoggedIn()&amp#27;[0m
10:52:58.074 [Forwarding screenshot on session d42ffee29d0402c594132a5f02ddf475 to remote] DEBUG org.asynchttpclient.netty.request.NettyRequestSender - Using pooled Channel '[id: 0x79edfefa, L:/127.0.0.1:59846 - R:localhost/127.0.0.1:59511]' for 'GET' to 'http://localhost:59511/session/d42ffee29d0402c594132a5f02ddf475/screenshot'
10:52:58.075 [Forwarding screenshot on session d42ffee29d0402c594132a5f02ddf475 to remote] DEBUG org.asynchttpclient.netty.request.NettyRequestSender - Using open Channel [id: 0x79edfefa, L:/127.0.0.1:59846 - R:localhost/127.0.0.1:59511] for GET '/session/d42ffee29d0402c594132a5f02ddf475/screenshot'
10:52:58.175 [AsyncHttpClient-1-1] DEBUG org.asynchttpclient.netty.channel.DefaultChannelPool - Entry count for : http://localhost:59847 : 1
10:52:58.425 [AsyncHttpClient-1-14] DEBUG org.asynchttpclient.netty.handler.HttpHandler - 

Request DefaultFullHttpRequest(decodeResult: success, version: HTTP/1.1, content: EmptyByteBufBE)
GET /session/d42ffee29d0402c594132a5f02ddf475/screenshot HTTP/1.1
User-Agent: selenium/4.1.2 (java windows)
Cache-Control: no-cache
Content-Type: application/json; charset=utf-8
host: localhost:59511
accept: */*

Response DefaultHttpResponse(decodeResult: success, version: HTTP/1.1)
HTTP/1.1 200 OK
Content-Type: application/json; charset=utf-8
cache-control: no-cache
content-length: 91860

10:52:58.427 [AsyncHttpClient-1-14] DEBUG org.asynchttpclient.netty.channel.ChannelManager - Adding key: http://localhost:59511 for channel [id: 0x79edfefa, L:/127.0.0.1:59846 - R:localhost/127.0.0.1:59511]
10:52:58.431 [main] DEBUG net.serenitybdd.core.photography.Darkroom - Send negative for processing for target\site\serenity\f5c1414d398fddf972a09a57d1632fb41aab7cb33d6120f07f8c98f897f03010.png
10:52:58.431 [Darkroom Processing Line] DEBUG net.serenitybdd.core.photography.DarkroomProcessingLine - Processing screenshot image in /var/screenshots/screenshot-16481888975424758683
10:52:58.431 [Darkroom Processing Line] DEBUG net.serenitybdd.core.photography.DarkroomProcessingLine - Saving screenshot to target\site\serenity\f5c1414d398fddf972a09a57d1632fb41aab7cb33d6120f07f8c98f897f03010.png
10:52:58.568 [Forwarding findElement on session d42ffee29d0402c594132a5f02ddf475 to remote] DEBUG org.asynchttpclient.netty.request.NettyRequestSender - Using pooled Channel '[id: 0x79edfefa, L:/127.0.0.1:59846 - R:localhost/127.0.0.1:59511]' for 'POST' to 'http://localhost:59511/session/d42ffee29d0402c594132a5f02ddf475/element'
10:52:58.569 [Forwarding findElement on session d42ffee29d0402c594132a5f02ddf475 to remote] DEBUG org.asynchttpclient.netty.request.NettyRequestSender - Using open Channel [id: 0x79edfefa, L:/127.0.0.1:59846 - R:localhost/127.0.0.1:59511] for POST '/session/d42ffee29d0402c594132a5f02ddf475/element'
10:52:59.173 [AsyncHttpClient-1-14] DEBUG org.asynchttpclient.netty.handler.HttpHandler - 

Request DefaultHttpRequest(decodeResult: success, version: HTTP/1.1)
POST /session/d42ffee29d0402c594132a5f02ddf475/element HTTP/1.1
User-Agent: selenium/4.1.2 (java windows)
Content-Length: 78
Content-Type: application/json; charset=utf-8
host: localhost:59511
accept: */*

Response DefaultHttpResponse(decodeResult: success, version: HTTP/1.1)
HTTP/1.1 200 OK
Content-Type: application/json; charset=utf-8
cache-control: no-cache
content-length: 88

10:52:59.173 [AsyncHttpClient-1-14] DEBUG org.asynchttpclient.netty.channel.ChannelManager - Adding key: http://localhost:59511 for channel [id: 0x79edfefa, L:/127.0.0.1:59846 - R:localhost/127.0.0.1:59511]
10:52:59.178 [Forwarding getElementTagName on session d42ffee29d0402c594132a5f02ddf475 to remote] DEBUG org.asynchttpclient.netty.request.NettyRequestSender - Using pooled Channel '[id: 0x79edfefa, L:/127.0.0.1:59846 - R:localhost/127.0.0.1:59511]' for 'GET' to 'http://localhost:59511/session/d42ffee29d0402c594132a5f02ddf475/element/9297f79f-73a6-48fd-901c-856019f12273/name'
10:52:59.178 [Forwarding getElementTagName on session d42ffee29d0402c594132a5f02ddf475 to remote] DEBUG org.asynchttpclient.netty.request.NettyRequestSender - Using open Channel [id: 0x79edfefa, L:/127.0.0.1:59846 - R:localhost/127.0.0.1:59511] for GET '/session/d42ffee29d0402c594132a5f02ddf475/element/9297f79f-73a6-48fd-901c-856019f12273/name'
10:52:59.202 [AsyncHttpClient-1-14] DEBUG org.asynchttpclient.netty.handler.HttpHandler - 

Request DefaultFullHttpRequest(decodeResult: success, version: HTTP/1.1, content: EmptyByteBufBE)
GET /session/d42ffee29d0402c594132a5f02ddf475/element/9297f79f-73a6-48fd-901c-856019f12273/name HTTP/1.1
User-Agent: selenium/4.1.2 (java windows)
Cache-Control: no-cache
Content-Type: application/json; charset=utf-8
host: localhost:59511
accept: */*

Response DefaultHttpResponse(decodeResult: success, version: HTTP/1.1)
HTTP/1.1 200 OK
Content-Type: application/json; charset=utf-8
cache-control: no-cache
content-length: 13

10:52:59.202 [AsyncHttpClient-1-14] DEBUG org.asynchttpclient.netty.channel.ChannelManager - Adding key: http://localhost:59511 for channel [id: 0x79edfefa, L:/127.0.0.1:59846 - R:localhost/127.0.0.1:59511]
10:52:59.203 [Forwarding getElementTagName on session d42ffee29d0402c594132a5f02ddf475 to remote] DEBUG org.asynchttpclient.netty.request.NettyRequestSender - Using pooled Channel '[id: 0x79edfefa, L:/127.0.0.1:59846 - R:localhost/127.0.0.1:59511]' for 'GET' to 'http://localhost:59511/session/d42ffee29d0402c594132a5f02ddf475/element/9297f79f-73a6-48fd-901c-856019f12273/name'
10:52:59.203 [Forwarding getElementTagName on session d42ffee29d0402c594132a5f02ddf475 to remote] DEBUG org.asynchttpclient.netty.request.NettyRequestSender - Using open Channel [id: 0x79edfefa, L:/127.0.0.1:59846 - R:localhost/127.0.0.1:59511] for GET '/session/d42ffee29d0402c594132a5f02ddf475/element/9297f79f-73a6-48fd-901c-856019f12273/name'
10:52:59.207 [AsyncHttpClient-1-14] DEBUG org.asynchttpclient.netty.handler.HttpHandler - 

Request DefaultFullHttpRequest(decodeResult: success, version: HTTP/1.1, content: EmptyByteBufBE)
GET /session/d42ffee29d0402c594132a5f02ddf475/element/9297f79f-73a6-48fd-901c-856019f12273/name HTTP/1.1
User-Agent: selenium/4.1.2 (java windows)
Cache-Control: no-cache
Content-Type: application/json; charset=utf-8
host: localhost:59511
accept: */*

Response DefaultHttpResponse(decodeResult: success, version: HTTP/1.1)
HTTP/1.1 200 OK
Content-Type: application/json; charset=utf-8
cache-control: no-cache
content-length: 13

10:52:59.207 [AsyncHttpClient-1-14] DEBUG org.asynchttpclient.netty.channel.ChannelManager - Adding key: http://localhost:59511 for channel [id: 0x79edfefa, L:/127.0.0.1:59846 - R:localhost/127.0.0.1:59511]
10:52:59.211 [Forwarding findElement on session d42ffee29d0402c594132a5f02ddf475 to remote] DEBUG org.asynchttpclient.netty.request.NettyRequestSender - Using pooled Channel '[id: 0x79edfefa, L:/127.0.0.1:59846 - R:localhost/127.0.0.1:59511]' for 'POST' to 'http://localhost:59511/session/d42ffee29d0402c594132a5f02ddf475/element'
10:52:59.211 [Forwarding findElement on session d42ffee29d0402c594132a5f02ddf475 to remote] DEBUG org.asynchttpclient.netty.request.NettyRequestSender - Using open Channel [id: 0x79edfefa, L:/127.0.0.1:59846 - R:localhost/127.0.0.1:59511] for POST '/session/d42ffee29d0402c594132a5f02ddf475/element'
10:52:59.219 [AsyncHttpClient-1-14] DEBUG org.asynchttpclient.netty.handler.HttpHandler - 

Request DefaultHttpRequest(decodeResult: success, version: HTTP/1.1)
POST /session/d42ffee29d0402c594132a5f02ddf475/element HTTP/1.1
User-Agent: selenium/4.1.2 (java windows)
Content-Length: 78
Content-Type: application/json; charset=utf-8
host: localhost:59511
accept: */*

Response DefaultHttpResponse(decodeResult: success, version: HTTP/1.1)
HTTP/1.1 200 OK
Content-Type: application/json; charset=utf-8
cache-control: no-cache
content-length: 88

10:52:59.219 [AsyncHttpClient-1-14] DEBUG org.asynchttpclient.netty.channel.ChannelManager - Adding key: http://localhost:59511 for channel [id: 0x79edfefa, L:/127.0.0.1:59846 - R:localhost/127.0.0.1:59511]
10:52:59.221 [Forwarding clickElement on session d42ffee29d0402c594132a5f02ddf475 to remote] DEBUG org.asynchttpclient.netty.request.NettyRequestSender - Using pooled Channel '[id: 0x79edfefa, L:/127.0.0.1:59846 - R:localhost/127.0.0.1:59511]' for 'POST' to 'http://localhost:59511/session/d42ffee29d0402c594132a5f02ddf475/element/9297f79f-73a6-48fd-901c-856019f12273/click'
10:52:59.221 [Forwarding clickElement on session d42ffee29d0402c594132a5f02ddf475 to remote] DEBUG org.asynchttpclient.netty.request.NettyRequestSender - Using open Channel [id: 0x79edfefa, L:/127.0.0.1:59846 - R:localhost/127.0.0.1:59511] for POST '/session/d42ffee29d0402c594132a5f02ddf475/element/9297f79f-73a6-48fd-901c-856019f12273/click'
10:52:59.280 [AsyncHttpClient-1-1] DEBUG org.asynchttpclient.netty.channel.DefaultChannelPool - Entry count for : http://localhost:59847 : 1
10:52:59.678 [AsyncHttpClient-1-14] DEBUG org.asynchttpclient.netty.handler.HttpHandler - 

Request DefaultHttpRequest(decodeResult: success, version: HTTP/1.1)
POST /session/d42ffee29d0402c594132a5f02ddf475/element/9297f79f-73a6-48fd-901c-856019f12273/click HTTP/1.1
User-Agent: selenium/4.1.2 (java windows)
Content-Length: 50
Content-Type: application/json; charset=utf-8
host: localhost:59511
accept: */*

Response DefaultHttpResponse(decodeResult: success, version: HTTP/1.1)
HTTP/1.1 200 OK
Content-Type: application/json; charset=utf-8
cache-control: no-cache
content-length: 14

10:52:59.678 [AsyncHttpClient-1-14] DEBUG org.asynchttpclient.netty.channel.ChannelManager - Adding key: http://localhost:59511 for channel [id: 0x79edfefa, L:/127.0.0.1:59846 - R:localhost/127.0.0.1:59511]
  &amp#27;[32mWhen &amp#27;[0m&amp#27;[32mI go to Daftar Vaksin page&amp#27;[0m         &amp#27;[90m# starter.stepdefinitions.VaccineNamesSteps.iGoToDaftarVaksinPage()&amp#27;[0m
10:52:59.689 [Forwarding screenshot on session d42ffee29d0402c594132a5f02ddf475 to remote] DEBUG org.asynchttpclient.netty.request.NettyRequestSender - Using pooled Channel '[id: 0x79edfefa, L:/127.0.0.1:59846 - R:localhost/127.0.0.1:59511]' for 'GET' to 'http://localhost:59511/session/d42ffee29d0402c594132a5f02ddf475/screenshot'
10:52:59.689 [Forwarding screenshot on session d42ffee29d0402c594132a5f02ddf475 to remote] DEBUG org.asynchttpclient.netty.request.NettyRequestSender - Using open Channel [id: 0x79edfefa, L:/127.0.0.1:59846 - R:localhost/127.0.0.1:59511] for GET '/session/d42ffee29d0402c594132a5f02ddf475/screenshot'
10:53:00.049 [AsyncHttpClient-1-14] DEBUG org.asynchttpclient.netty.handler.HttpHandler - 

Request DefaultFullHttpRequest(decodeResult: success, version: HTTP/1.1, content: EmptyByteBufBE)
GET /session/d42ffee29d0402c594132a5f02ddf475/screenshot HTTP/1.1
User-Agent: selenium/4.1.2 (java windows)
Cache-Control: no-cache
Content-Type: application/json; charset=utf-8
host: localhost:59511
accept: */*

Response DefaultHttpResponse(decodeResult: success, version: HTTP/1.1)
HTTP/1.1 200 OK
Content-Type: application/json; charset=utf-8
cache-control: no-cache
content-length: 139124

10:53:00.049 [AsyncHttpClient-1-14] DEBUG org.asynchttpclient.netty.channel.ChannelManager - Adding key: http://localhost:59511 for channel [id: 0x79edfefa, L:/127.0.0.1:59846 - R:localhost/127.0.0.1:59511]
10:53:00.055 [main] DEBUG net.serenitybdd.core.photography.Darkroom - Send negative for processing for target\site\serenity\f35252bed2cc667694303fa244c6ea949e5f59596f1db0579a2797a0b192e60e.png
10:53:00.056 [Darkroom Processing Line] DEBUG net.serenitybdd.core.photography.DarkroomProcessingLine - Processing screenshot image in /var/screenshots/screenshot-14739492386700177732
10:53:00.056 [Darkroom Processing Line] DEBUG net.serenitybdd.core.photography.DarkroomProcessingLine - Saving screenshot to target\site\serenity\f35252bed2cc667694303fa244c6ea949e5f59596f1db0579a2797a0b192e60e.png
10:53:00.067 [Forwarding findElement on session d42ffee29d0402c594132a5f02ddf475 to remote] DEBUG org.asynchttpclient.netty.request.NettyRequestSender - Using pooled Channel '[id: 0x79edfefa, L:/127.0.0.1:59846 - R:localhost/127.0.0.1:59511]' for 'POST' to 'http://localhost:59511/session/d42ffee29d0402c594132a5f02ddf475/element'
10:53:00.067 [Forwarding findElement on session d42ffee29d0402c594132a5f02ddf475 to remote] DEBUG org.asynchttpclient.netty.request.NettyRequestSender - Using open Channel [id: 0x79edfefa, L:/127.0.0.1:59846 - R:localhost/127.0.0.1:59511] for POST '/session/d42ffee29d0402c594132a5f02ddf475/element'
10:53:00.083 [AsyncHttpClient-1-14] DEBUG org.asynchttpclient.netty.handler.HttpHandler - 

Request DefaultHttpRequest(decodeResult: success, version: HTTP/1.1)
POST /session/d42ffee29d0402c594132a5f02ddf475/element HTTP/1.1
User-Agent: selenium/4.1.2 (java windows)
Content-Length: 51
Content-Type: application/json; charset=utf-8
host: localhost:59511
accept: */*

Response DefaultHttpResponse(decodeResult: success, version: HTTP/1.1)
HTTP/1.1 200 OK
Content-Type: application/json; charset=utf-8
cache-control: no-cache
content-length: 88

10:53:00.083 [AsyncHttpClient-1-14] DEBUG org.asynchttpclient.netty.channel.ChannelManager - Adding key: http://localhost:59511 for channel [id: 0x79edfefa, L:/127.0.0.1:59846 - R:localhost/127.0.0.1:59511]
10:53:00.086 [Forwarding isElementDisplayed on session d42ffee29d0402c594132a5f02ddf475 to remote] DEBUG org.asynchttpclient.netty.request.NettyRequestSender - Using pooled Channel '[id: 0x79edfefa, L:/127.0.0.1:59846 - R:localhost/127.0.0.1:59511]' for 'POST' to 'http://localhost:59511/session/d42ffee29d0402c594132a5f02ddf475/execute/sync'
10:53:00.087 [Forwarding isElementDisplayed on session d42ffee29d0402c594132a5f02ddf475 to remote] DEBUG org.asynchttpclient.netty.request.NettyRequestSender - Using open Channel [id: 0x79edfefa, L:/127.0.0.1:59846 - R:localhost/127.0.0.1:59511] for POST '/session/d42ffee29d0402c594132a5f02ddf475/execute/sync'
10:53:00.113 [AsyncHttpClient-1-14] DEBUG org.asynchttpclient.netty.handler.HttpHandler - 

Request DefaultHttpRequest(decodeResult: success, version: HTTP/1.1)
POST /session/d42ffee29d0402c594132a5f02ddf475/execute/sync HTTP/1.1
User-Agent: selenium/4.1.2 (java windows)
Content-Length: 48780
Content-Type: application/json; charset=utf-8
host: localhost:59511
accept: */*

Response DefaultHttpResponse(decodeResult: success, version: HTTP/1.1)
HTTP/1.1 200 OK
Content-Type: application/json; charset=utf-8
cache-control: no-cache
content-length: 14

10:53:00.114 [AsyncHttpClient-1-14] DEBUG org.asynchttpclient.netty.channel.ChannelManager - Adding key: http://localhost:59511 for channel [id: 0x79edfefa, L:/127.0.0.1:59846 - R:localhost/127.0.0.1:59511]
  &amp#27;[32mThen &amp#27;[0m&amp#27;[32mvaccine names will be displayed&amp#27;[0m    &amp#27;[90m# starter.stepdefinitions.VaccineNamesSteps.vaccineNamesWillBeDisplayed()&amp#27;[0m
10:53:00.120 [Forwarding screenshot on session d42ffee29d0402c594132a5f02ddf475 to remote] DEBUG org.asynchttpclient.netty.request.NettyRequestSender - Using pooled Channel '[id: 0x79edfefa, L:/127.0.0.1:59846 - R:localhost/127.0.0.1:59511]' for 'GET' to 'http://localhost:59511/session/d42ffee29d0402c594132a5f02ddf475/screenshot'
10:53:00.120 [Forwarding screenshot on session d42ffee29d0402c594132a5f02ddf475 to remote] DEBUG org.asynchttpclient.netty.request.NettyRequestSender - Using open Channel [id: 0x79edfefa, L:/127.0.0.1:59846 - R:localhost/127.0.0.1:59511] for GET '/session/d42ffee29d0402c594132a5f02ddf475/screenshot'
10:53:00.376 [AsyncHttpClient-1-1] DEBUG org.asynchttpclient.netty.channel.DefaultChannelPool - Entry count for : http://localhost:59847 : 1
10:53:00.379 [AsyncHttpClient-1-14] DEBUG org.asynchttpclient.netty.handler.HttpHandler - 

Request DefaultFullHttpRequest(decodeResult: success, version: HTTP/1.1, content: EmptyByteBufBE)
GET /session/d42ffee29d0402c594132a5f02ddf475/screenshot HTTP/1.1
User-Agent: selenium/4.1.2 (java windows)
Cache-Control: no-cache
Content-Type: application/json; charset=utf-8
host: localhost:59511
accept: */*

Response DefaultHttpResponse(decodeResult: success, version: HTTP/1.1)
HTTP/1.1 200 OK
Content-Type: application/json; charset=utf-8
cache-control: no-cache
content-length: 157588

10:53:00.380 [AsyncHttpClient-1-14] DEBUG org.asynchttpclient.netty.channel.ChannelManager - Adding key: http://localhost:59511 for channel [id: 0x79edfefa, L:/127.0.0.1:59846 - R:localhost/127.0.0.1:59511]
10:53:00.385 [main] DEBUG net.serenitybdd.core.photography.Darkroom - Send negative for processing for target\site\serenity\bd68641e14148c32b538769c0e525f5f190f0808b335aaaad7480abf5219881a.png
10:53:00.386 [Darkroom Processing Line] DEBUG net.serenitybdd.core.photography.DarkroomProcessingLine - Processing screenshot image in /var/screenshots/screenshot-13221523863966831056
10:53:00.386 [Darkroom Processing Line] DEBUG net.serenitybdd.core.photography.DarkroomProcessingLine - Saving screenshot to target\site\serenity\bd68641e14148c32b538769c0e525f5f190f0808b335aaaad7480abf5219881a.png
10:53:00.388 [main] INFO  - 
  _____   ___   ___   _____     ___     _     ___   ___   ___   ___  
 |_   _| | __| / __| |_   _|   | _ \   /_\   / __| / __| | __| |   \ 
   | |   | _|  \__ \   | |     |  _/  / _ \  \__ \ \__ \ | _|  | |) |
   |_|   |___| |___/   |_|     |_|   /_/ \_\ |___/ |___/ |___| |___/ 

View vaccine names in Indonesia
----------------------------------------------------------------------
10:53:00.389 [AsyncHttpClient-1-16] DEBUG org.asynchttpclient.netty.handler.WebSocketHandler - Channel Closed: [id: 0x010ef624, L:/127.0.0.1:59854 ! R:localhost/127.0.0.1:59847] with attribute NettyResponseFuture{currentRetry=5,
	isDone=1,
	isCancelled=0,
	asyncHandler=org.asynchttpclient.ws.WebSocketUpgradeHandler@17ac412e,
	nettyRequest=org.asynchttpclient.netty.request.NettyRequest@52aeddbf,
	future=java.util.concurrent.CompletableFuture@6e141b6e[Completed normally],
	uri=ws://localhost:59847/devtools/browser/71d8e101-3491-4329-afe9-ec23a105b7c7,
	keepAlive=true,
	redirectCount=0,
	timeoutsHolder=null,
	inAuth=0,
	touch=1671681175152}
10:53:00.389 [AsyncHttpClient-1-16] DEBUG org.asynchttpclient.netty.channel.ChannelManager - Closing Channel [id: 0x010ef624, L:/127.0.0.1:59854 ! R:localhost/127.0.0.1:59847] 
10:53:00.389 [Driver Command Executor] DEBUG org.asynchttpclient.netty.request.NettyRequestSender - Using pooled Channel '[id: 0x79edfefa, L:/127.0.0.1:59846 - R:localhost/127.0.0.1:59511]' for 'DELETE' to 'http://localhost:59511/session/d42ffee29d0402c594132a5f02ddf475'
10:53:00.390 [Driver Command Executor] DEBUG org.asynchttpclient.netty.request.NettyRequestSender - Using open Channel [id: 0x79edfefa, L:/127.0.0.1:59846 - R:localhost/127.0.0.1:59511] for DELETE '/session/d42ffee29d0402c594132a5f02ddf475'
10:53:00.416 [AsyncHttpClient-1-15] DEBUG org.asynchttpclient.netty.handler.HttpHandler - Unexpected I/O exception on channel [id: 0x28f1690f, L:/127.0.0.1:59853 - R:localhost/127.0.0.1:59847]
java.io.IOException: An existing connection was forcibly closed by the remote host
	at java.base/sun.nio.ch.SocketDispatcher.read0(Native Method)
	at java.base/sun.nio.ch.SocketDispatcher.read(SocketDispatcher.java:43)
	at java.base/sun.nio.ch.IOUtil.readIntoNativeBuffer(IOUtil.java:276)
	at java.base/sun.nio.ch.IOUtil.read(IOUtil.java:233)
	at java.base/sun.nio.ch.IOUtil.read(IOUtil.java:223)
	at java.base/sun.nio.ch.SocketChannelImpl.read(SocketChannelImpl.java:358)
	at io.netty.buffer.PooledByteBuf.setBytes(PooledByteBuf.java:258)
	at io.netty.buffer.AbstractByteBuf.writeBytes(AbstractByteBuf.java:1132)
	at io.netty.channel.socket.nio.NioSocketChannel.doReadBytes(NioSocketChannel.java:350)
	at io.netty.channel.nio.AbstractNioByteChannel$NioByteUnsafe.read(AbstractNioByteChannel.java:151)
	at io.netty.channel.nio.NioEventLoop.processSelectedKey(NioEventLoop.java:722)
	at io.netty.channel.nio.NioEventLoop.processSelectedKeysOptimized(NioEventLoop.java:658)
	at io.netty.channel.nio.NioEventLoop.processSelectedKeys(NioEventLoop.java:584)
	at io.netty.channel.nio.NioEventLoop.run(NioEventLoop.java:496)
	at io.netty.util.concurrent.SingleThreadEventExecutor$4.run(SingleThreadEventExecutor.java:986)
	at io.netty.util.internal.ThreadExecutorMap$2.run(ThreadExecutorMap.java:74)
	at io.netty.util.concurrent.FastThreadLocalRunnable.run(FastThreadLocalRunnable.java:30)
	at java.base/java.lang.Thread.run(Thread.java:834)
10:53:00.417 [AsyncHttpClient-1-15] DEBUG org.asynchttpclient.netty.channel.ChannelManager - Closing Channel [id: 0x28f1690f, L:/127.0.0.1:59853 - R:localhost/127.0.0.1:59847] 
10:53:00.417 [AsyncHttpClient-1-15] DEBUG org.asynchttpclient.netty.handler.HttpHandler - Channel Closed: [id: 0x28f1690f, L:/127.0.0.1:59853 ! R:localhost/127.0.0.1:59847] with attribute DISCARD
10:53:00.444 [AsyncHttpClient-1-14] DEBUG org.asynchttpclient.netty.handler.HttpHandler - 

Request DefaultFullHttpRequest(decodeResult: success, version: HTTP/1.1, content: EmptyByteBufBE)
DELETE /session/d42ffee29d0402c594132a5f02ddf475 HTTP/1.1
User-Agent: selenium/4.1.2 (java windows)
Content-Type: application/json; charset=utf-8
host: localhost:59511
accept: */*

Response DefaultHttpResponse(decodeResult: success, version: HTTP/1.1)
HTTP/1.1 200 OK
Content-Type: application/json; charset=utf-8
cache-control: no-cache
content-length: 14

10:53:00.446 [AsyncHttpClient-1-14] DEBUG org.asynchttpclient.netty.channel.ChannelManager - Adding key: http://localhost:59511 for channel [id: 0x79edfefa, L:/127.0.0.1:59846 - R:localhost/127.0.0.1:59511]
10:53:00.505 [AsyncHttpClient-1-14] DEBUG org.asynchttpclient.netty.handler.HttpHandler - Channel Closed: [id: 0x79edfefa, L:/127.0.0.1:59846 ! R:localhost/127.0.0.1:59511] with attribute DISCARD
]]></system-out>
    <system-err><![CDATA[Starting ChromeDriver 108.0.5359.71 (1e0e3868ee06e91ad636a874420e3ca3ae3756ac-refs/branch-heads/5359@{#1016}) on port 59511
Only local connections are allowed.
Please see https://chromedriver.chromium.org/security-considerations for suggestions on keeping ChromeDriver safe.
ChromeDriver was started successfully.
Dec 22, 2022 10:52:55 AM org.openqa.selenium.remote.ProtocolHandshake createSession
INFO: Detected dialect: W3C
Dec 22, 2022 10:52:55 AM org.openqa.selenium.devtools.CdpVersionFinder findNearestMatch
WARNING: Unable to find an exact match for CDP version 108, so returning the closest version found: a no-op implementation
Dec 22, 2022 10:52:55 AM org.openqa.selenium.devtools.CdpVersionFinder findNearestMatch
INFO: Unable to find CDP implementation matching 108.
Dec 22, 2022 10:52:55 AM org.openqa.selenium.chromium.ChromiumDriver lambda$new$3
WARNING: Unable to find version of CDP to use for . You may need to include a dependency on a specific version of the CDP using something similar to `org.seleniumhq.selenium:selenium-devtools-v86:4.1.2` where the version ("v86") matches the version of the chromium-based browser you're using and the version number of the artifact is the same as Selenium's.
]]></system-err>
  </testcase>
</testsuite>