<?xml version="1.0" encoding="UTF-8"?>
<testsuite xmlns:xsi="http://www.w3.org/2001/XMLSchema-instance" xsi:noNamespaceSchemaLocation="https://maven.apache.org/surefire/maven-failsafe-plugin/xsd/failsafe-test-report-3.0.xsd" version="3.0" name="CucumberTestSuite" time="60.335" tests="5" errors="0" skipped="0" failures="0">
  <properties>
    <property name="sun.desktop" value="windows"/>
    <property name="awt.toolkit" value="sun.awt.windows.WToolkit"/>
    <property name="java.specification.version" value="11"/>
    <property name="webdriver.chrome.driver" value="C:\Users\ASUSTUF\OneDrive\Documents\Capstone Project\Web Automation\src\test\resources\webdriver\chromedriver.exe"/>
    <property name="sun.cpu.isalist" value="amd64"/>
    <property name="sun.jnu.encoding" value="Cp1252"/>
    <property name="java.class.path" value="C:\Users\ASUSTUF\OneDrive\Documents\Capstone Project\Web Automation\target\test-classes;C:\Users\ASUSTUF\.m2\repository\net\serenity-bdd\serenity-core\3.2.1\serenity-core-3.2.1.jar;C:\Users\ASUSTUF\.m2\repository\net\serenity-bdd\serenity-model\3.2.1\serenity-model-3.2.1.jar;C:\Users\ASUSTUF\.m2\repository\org\apache\commons\commons-text\1.9\commons-text-1.9.jar;C:\Users\ASUSTUF\.m2\repository\commons-net\commons-net\3.8.0\commons-net-3.8.0.jar;C:\Users\ASUSTUF\.m2\repository\com\google\guava\guava\31.1-jre\guava-31.1-jre.jar;C:\Users\ASUSTUF\.m2\repository\com\google\guava\failureaccess\1.0.1\failureaccess-1.0.1.jar;C:\Users\ASUSTUF\.m2\repository\com\google\guava\listenablefuture\9999.0-empty-to-avoid-conflict-with-guava\listenablefuture-9999.0-empty-to-avoid-conflict-with-guava.jar;C:\Users\ASUSTUF\.m2\repository\com\google\code\findbugs\jsr305\3.0.2\jsr305-3.0.2.jar;C:\Users\ASUSTUF\.m2\repository\org\checkerframework\checker-qual\3.12.0\checker-qual-3.12.0.jar;C:\Users\ASUSTUF\.m2\repository\com\google\errorprone\error_prone_annotations\2.11.0\error_prone_annotations-2.11.0.jar;C:\Users\ASUSTUF\.m2\repository\com\google\j2objc\j2objc-annotations\1.3\j2objc-annotations-1.3.jar;C:\Users\ASUSTUF\.m2\repository\com\google\inject\guice\5.1.0\guice-5.1.0.jar;C:\Users\ASUSTUF\.m2\repository\javax\inject\javax.inject\1\javax.inject-1.jar;C:\Users\ASUSTUF\.m2\repository\aopalliance\aopalliance\1.0\aopalliance-1.0.jar;C:\Users\ASUSTUF\.m2\repository\org\jsoup\jsoup\1.14.3\jsoup-1.14.3.jar;C:\Users\ASUSTUF\.m2\repository\com\thoughtworks\xstream\xstream\1.4.19\xstream-1.4.19.jar;C:\Users\ASUSTUF\.m2\repository\io\github\x-stream\mxparser\1.2.2\mxparser-1.2.2.jar;C:\Users\ASUSTUF\.m2\repository\xmlpull\xmlpull\1.1.3.1\xmlpull-1.1.3.1.jar;C:\Users\ASUSTUF\.m2\repository\io\cucumber\cucumber-java\7.2.3\cucumber-java-7.2.3.jar;C:\Users\ASUSTUF\.m2\repository\com\typesafe\config\1.4.2\config-1.4.2.jar;C:\Users\ASUSTUF\.m2\repository\org\imgscalr\imgscalr-lib\4.2\imgscalr-lib-4.2.jar;C:\Users\ASUSTUF\.m2\repository\org\awaitility\awaitility\4.2.0\awaitility-4.2.0.jar;C:\Users\ASUSTUF\.m2\repository\org\freemarker\freemarker\2.3.31\freemarker-2.3.31.jar;C:\Users\ASUSTUF\.m2\repository\io\github\classgraph\classgraph\4.8.138\classgraph-4.8.138.jar;C:\Users\ASUSTUF\.m2\repository\net\sourceforge\jexcelapi\jxl\2.6.12\jxl-2.6.12.jar;C:\Users\ASUSTUF\.m2\repository\net\bytebuddy\byte-buddy\1.12.8\byte-buddy-1.12.8.jar;C:\Users\ASUSTUF\.m2\repository\net\bytebuddy\byte-buddy-agent\1.12.8\byte-buddy-agent-1.12.8.jar;C:\Users\ASUSTUF\.m2\repository\org\objenesis\objenesis\3.1\objenesis-3.1.jar;C:\Users\ASUSTUF\.m2\repository\net\serenity-bdd\serenity-reports\3.2.1\serenity-reports-3.2.1.jar;C:\Users\ASUSTUF\.m2\repository\net\serenity-bdd\serenity-stats\3.2.1\serenity-stats-3.2.1.jar;C:\Users\ASUSTUF\.m2\repository\net\serenity-bdd\serenity-reports-configuration\3.2.1\serenity-reports-configuration-3.2.1.jar;C:\Users\ASUSTUF\.m2\repository\com\vladsch\flexmark\flexmark-all\0.34.30\flexmark-all-0.34.30.jar;C:\Users\ASUSTUF\.m2\repository\com\vladsch\flexmark\flexmark\0.34.30\flexmark-0.34.30.jar;C:\Users\ASUSTUF\.m2\repository\com\vladsch\flexmark\flexmark-ext-abbreviation\0.34.30\flexmark-ext-abbreviation-0.34.30.jar;C:\Users\ASUSTUF\.m2\repository\com\vladsch\flexmark\flexmark-ext-admonition\0.34.30\flexmark-ext-admonition-0.34.30.jar;C:\Users\ASUSTUF\.m2\repository\com\vladsch\flexmark\flexmark-ext-anchorlink\0.34.30\flexmark-ext-anchorlink-0.34.30.jar;C:\Users\ASUSTUF\.m2\repository\com\vladsch\flexmark\flexmark-ext-aside\0.34.30\flexmark-ext-aside-0.34.30.jar;C:\Users\ASUSTUF\.m2\repository\com\vladsch\flexmark\flexmark-ext-attributes\0.34.30\flexmark-ext-attributes-0.34.30.jar;C:\Users\ASUSTUF\.m2\repository\com\vladsch\flexmark\flexmark-ext-autolink\0.34.30\flexmark-ext-autolink-0.34.30.jar;C:\Users\ASUSTUF\.m2\repository\org\nibor\autolink\autolink\0.6.0\autolink-0.6.0.jar;C:\Users\ASUSTUF\.m2\repository\com\vladsch\flexmark\flexmark-ext-definition\0.34.30\flexmark-ext-definition-0.34.30.jar;C:\Users\ASUSTUF\.m2\repository\com\vladsch\flexmark\flexmark-ext-emoji\0.34.30\flexmark-ext-emoji-0.34.30.jar;C:\Users\ASUSTUF\.m2\repository\com\vladsch\flexmark\flexmark-ext-enumerated-reference\0.34.30\flexmark-ext-enumerated-reference-0.34.30.jar;C:\Users\ASUSTUF\.m2\repository\com\vladsch\flexmark\flexmark-ext-escaped-character\0.34.30\flexmark-ext-escaped-character-0.34.30.jar;C:\Users\ASUSTUF\.m2\repository\com\vladsch\flexmark\flexmark-ext-footnotes\0.34.30\flexmark-ext-footnotes-0.34.30.jar;C:\Users\ASUSTUF\.m2\repository\com\vladsch\flexmark\flexmark-ext-gfm-issues\0.34.30\flexmark-ext-gfm-issues-0.34.30.jar;C:\Users\ASUSTUF\.m2\repository\com\vladsch\flexmark\flexmark-ext-gfm-strikethrough\0.34.30\flexmark-ext-gfm-strikethrough-0.34.30.jar;C:\Users\ASUSTUF\.m2\repository\com\vladsch\flexmark\flexmark-ext-gfm-tables\0.34.30\flexmark-ext-gfm-tables-0.34.30.jar;C:\Users\ASUSTUF\.m2\repository\com\vladsch\flexmark\flexmark-ext-gfm-tasklist\0.34.30\flexmark-ext-gfm-tasklist-0.34.30.jar;C:\Users\ASUSTUF\.m2\repository\com\vladsch\flexmark\flexmark-ext-gfm-users\0.34.30\flexmark-ext-gfm-users-0.34.30.jar;C:\Users\ASUSTUF\.m2\repository\com\vladsch\flexmark\flexmark-ext-gitlab\0.34.30\flexmark-ext-gitlab-0.34.30.jar;C:\Users\ASUSTUF\.m2\repository\com\vladsch\flexmark\flexmark-ext-jekyll-front-matter\0.34.30\flexmark-ext-jekyll-front-matter-0.34.30.jar;C:\Users\ASUSTUF\.m2\repository\com\vladsch\flexmark\flexmark-ext-jekyll-tag\0.34.30\flexmark-ext-jekyll-tag-0.34.30.jar;C:\Users\ASUSTUF\.m2\repository\com\vladsch\flexmark\flexmark-ext-media-tags\0.34.30\flexmark-ext-media-tags-0.34.30.jar;C:\Users\ASUSTUF\.m2\repository\com\vladsch\flexmark\flexmark-test-util\0.34.30\flexmark-test-util-0.34.30.jar;C:\Users\ASUSTUF\.m2\repository\com\vladsch\flexmark\flexmark-ext-ins\0.34.30\flexmark-ext-ins-0.34.30.jar;C:\Users\ASUSTUF\.m2\repository\com\vladsch\flexmark\flexmark-ext-xwiki-macros\0.34.30\flexmark-ext-xwiki-macros-0.34.30.jar;C:\Users\ASUSTUF\.m2\repository\com\vladsch\flexmark\flexmark-ext-superscript\0.34.30\flexmark-ext-superscript-0.34.30.jar;C:\Users\ASUSTUF\.m2\repository\com\vladsch\flexmark\flexmark-ext-tables\0.34.30\flexmark-ext-tables-0.34.30.jar;C:\Users\ASUSTUF\.m2\repository\com\vladsch\flexmark\flexmark-ext-toc\0.34.30\flexmark-ext-toc-0.34.30.jar;C:\Users\ASUSTUF\.m2\repository\com\vladsch\flexmark\flexmark-ext-typographic\0.34.30\flexmark-ext-typographic-0.34.30.jar;C:\Users\ASUSTUF\.m2\repository\com\vladsch\flexmark\flexmark-ext-wikilink\0.34.30\flexmark-ext-wikilink-0.34.30.jar;C:\Users\ASUSTUF\.m2\repository\com\vladsch\flexmark\flexmark-ext-yaml-front-matter\0.34.30\flexmark-ext-yaml-front-matter-0.34.30.jar;C:\Users\ASUSTUF\.m2\repository\com\vladsch\flexmark\flexmark-ext-youtube-embedded\0.34.30\flexmark-ext-youtube-embedded-0.34.30.jar;C:\Users\ASUSTUF\.m2\repository\com\vladsch\flexmark\flexmark-formatter\0.34.30\flexmark-formatter-0.34.30.jar;C:\Users\ASUSTUF\.m2\repository\com\vladsch\flexmark\flexmark-html-parser\0.34.30\flexmark-html-parser-0.34.30.jar;C:\Users\ASUSTUF\.m2\repository\com\vladsch\flexmark\flexmark-jira-converter\0.34.30\flexmark-jira-converter-0.34.30.jar;C:\Users\ASUSTUF\.m2\repository\com\vladsch\flexmark\flexmark-pdf-converter\0.34.30\flexmark-pdf-converter-0.34.30.jar;C:\Users\ASUSTUF\.m2\repository\com\openhtmltopdf\openhtmltopdf-core\0.0.1-RC13\openhtmltopdf-core-0.0.1-RC13.jar;C:\Users\ASUSTUF\.m2\repository\com\openhtmltopdf\openhtmltopdf-pdfbox\0.0.1-RC13\openhtmltopdf-pdfbox-0.0.1-RC13.jar;C:\Users\ASUSTUF\.m2\repository\org\apache\pdfbox\pdfbox\2.0.8\pdfbox-2.0.8.jar;C:\Users\ASUSTUF\.m2\repository\org\apache\pdfbox\fontbox\2.0.8\fontbox-2.0.8.jar;C:\Users\ASUSTUF\.m2\repository\commons-logging\commons-logging\1.2\commons-logging-1.2.jar;C:\Users\ASUSTUF\.m2\repository\org\apache\pdfbox\xmpbox\2.0.8\xmpbox-2.0.8.jar;C:\Users\ASUSTUF\.m2\repository\de\rototor\pdfbox\graphics2d\0.12\graphics2d-0.12.jar;C:\Users\ASUSTUF\.m2\repository\com\openhtmltopdf\openhtmltopdf-rtl-support\0.0.1-RC13\openhtmltopdf-rtl-support-0.0.1-RC13.jar;C:\Users\ASUSTUF\.m2\repository\com\ibm\icu\icu4j\59.1\icu4j-59.1.jar;C:\Users\ASUSTUF\.m2\repository\com\openhtmltopdf\openhtmltopdf-jsoup-dom-converter\0.0.1-RC13\openhtmltopdf-jsoup-dom-converter-0.0.1-RC13.jar;C:\Users\ASUSTUF\.m2\repository\com\vladsch\flexmark\flexmark-profile-pegdown\0.34.30\flexmark-profile-pegdown-0.34.30.jar;C:\Users\ASUSTUF\.m2\repository\com\vladsch\flexmark\flexmark-util\0.34.30\flexmark-util-0.34.30.jar;C:\Users\ASUSTUF\.m2\repository\com\vladsch\flexmark\flexmark-youtrack-converter\0.34.30\flexmark-youtrack-converter-0.34.30.jar;C:\Users\ASUSTUF\.m2\repository\es\nitaur\markdown\txtmark\0.16\txtmark-0.16.jar;C:\Users\ASUSTUF\.m2\repository\net\serenity-bdd\serenity-report-resources\3.2.1\serenity-report-resources-3.2.1.jar;C:\Users\ASUSTUF\.m2\repository\com\google\code\gson\gson\2.9.0\gson-2.9.0.jar;C:\Users\ASUSTUF\.m2\repository\com\fasterxml\jackson\core\jackson-core\2.13.2\jackson-core-2.13.2.jar;C:\Users\ASUSTUF\.m2\repository\com\fasterxml\jackson\core\jackson-databind\2.13.2\jackson-databind-2.13.2.jar;C:\Users\ASUSTUF\.m2\repository\com\fasterxml\jackson\core\jackson-annotations\2.13.2\jackson-annotations-2.13.2.jar;C:\Users\ASUSTUF\.m2\repository\commons-codec\commons-codec\1.15\commons-codec-1.15.jar;C:\Users\ASUSTUF\.m2\repository\commons-io\commons-io\2.11.0\commons-io-2.11.0.jar;C:\Users\ASUSTUF\.m2\repository\org\seleniumhq\selenium\selenium-java\4.1.2\selenium-java-4.1.2.jar;C:\Users\ASUSTUF\.m2\repository\org\seleniumhq\selenium\selenium-devtools-v85\4.1.2\selenium-devtools-v85-4.1.2.jar;C:\Users\ASUSTUF\.m2\repository\org\seleniumhq\selenium\selenium-devtools-v95\4.1.2\selenium-devtools-v95-4.1.2.jar;C:\Users\ASUSTUF\.m2\repository\org\seleniumhq\selenium\selenium-devtools-v96\4.1.2\selenium-devtools-v96-4.1.2.jar;C:\Users\ASUSTUF\.m2\repository\org\seleniumhq\selenium\selenium-devtools-v97\4.1.2\selenium-devtools-v97-4.1.2.jar;C:\Users\ASUSTUF\.m2\repository\org\seleniumhq\selenium\selenium-firefox-xpi-driver\4.1.2\selenium-firefox-xpi-driver-4.1.2.jar;C:\Users\ASUSTUF\.m2\repository\org\seleniumhq\selenium\selenium-opera-driver\4.1.2\selenium-opera-driver-4.1.2.jar;C:\Users\ASUSTUF\.m2\repository\org\seleniumhq\selenium\selenium-remote-driver\4.1.2\selenium-remote-driver-4.1.2.jar;C:\Users\ASUSTUF\.m2\repository\com\beust\jcommander\1.82\jcommander-1.82.jar;C:\Users\ASUSTUF\.m2\repository\io\netty\netty-buffer\4.1.73.Final\netty-buffer-4.1.73.Final.jar;C:\Users\ASUSTUF\.m2\repository\io\netty\netty-codec-http\4.1.73.Final\netty-codec-http-4.1.73.Final.jar;C:\Users\ASUSTUF\.m2\repository\io\netty\netty-codec\4.1.73.Final\netty-codec-4.1.73.Final.jar;C:\Users\ASUSTUF\.m2\repository\io\netty\netty-handler\4.1.73.Final\netty-handler-4.1.73.Final.jar;C:\Users\ASUSTUF\.m2\repository\io\netty\netty-tcnative-classes\2.0.46.Final\netty-tcnative-classes-2.0.46.Final.jar;C:\Users\ASUSTUF\.m2\repository\io\netty\netty-common\4.1.73.Final\netty-common-4.1.73.Final.jar;C:\Users\ASUSTUF\.m2\repository\io\netty\netty-transport-classes-epoll\4.1.73.Final\netty-transport-classes-epoll-4.1.73.Final.jar;C:\Users\ASUSTUF\.m2\repository\io\netty\netty-transport-classes-kqueue\4.1.73.Final\netty-transport-classes-kqueue-4.1.73.Final.jar;C:\Users\ASUSTUF\.m2\repository\io\netty\netty-transport-native-epoll\4.1.73.Final\netty-transport-native-epoll-4.1.73.Final.jar;C:\Users\ASUSTUF\.m2\repository\io\netty\netty-transport-native-kqueue\4.1.73.Final\netty-transport-native-kqueue-4.1.73.Final.jar;C:\Users\ASUSTUF\.m2\repository\io\netty\netty-transport-native-unix-common\4.1.73.Final\netty-transport-native-unix-common-4.1.73.Final.jar;C:\Users\ASUSTUF\.m2\repository\io\netty\netty-transport\4.1.73.Final\netty-transport-4.1.73.Final.jar;C:\Users\ASUSTUF\.m2\repository\io\netty\netty-resolver\4.1.73.Final\netty-resolver-4.1.73.Final.jar;C:\Users\ASUSTUF\.m2\repository\io\opentelemetry\opentelemetry-api\1.10.1\opentelemetry-api-1.10.1.jar;C:\Users\ASUSTUF\.m2\repository\io\opentelemetry\opentelemetry-context\1.10.1\opentelemetry-context-1.10.1.jar;C:\Users\ASUSTUF\.m2\repository\io\opentelemetry\opentelemetry-exporter-logging\1.10.1\opentelemetry-exporter-logging-1.10.1.jar;C:\Users\ASUSTUF\.m2\repository\io\opentelemetry\opentelemetry-sdk-metrics\1.10.1-alpha\opentelemetry-sdk-metrics-1.10.1-alpha.jar;C:\Users\ASUSTUF\.m2\repository\io\opentelemetry\opentelemetry-sdk-logs\1.10.1-alpha\opentelemetry-sdk-logs-1.10.1-alpha.jar;C:\Users\ASUSTUF\.m2\repository\io\opentelemetry\opentelemetry-sdk-common\1.10.1\opentelemetry-sdk-common-1.10.1.jar;C:\Users\ASUSTUF\.m2\repository\io\opentelemetry\opentelemetry-sdk-extension-autoconfigure-spi\1.10.1\opentelemetry-sdk-extension-autoconfigure-spi-1.10.1.jar;C:\Users\ASUSTUF\.m2\repository\io\opentelemetry\opentelemetry-sdk-extension-autoconfigure\1.10.1-alpha\opentelemetry-sdk-extension-autoconfigure-1.10.1-alpha.jar;C:\Users\ASUSTUF\.m2\repository\io\opentelemetry\opentelemetry-sdk-trace\1.10.1\opentelemetry-sdk-trace-1.10.1.jar;C:\Users\ASUSTUF\.m2\repository\io\opentelemetry\opentelemetry-sdk\1.10.1\opentelemetry-sdk-1.10.1.jar;C:\Users\ASUSTUF\.m2\repository\io\opentelemetry\opentelemetry-semconv\1.10.1-alpha\opentelemetry-semconv-1.10.1-alpha.jar;C:\Users\ASUSTUF\.m2\repository\io\ous\jtoml\2.0.0\jtoml-2.0.0.jar;C:\Users\ASUSTUF\.m2\repository\org\apache\commons\commons-exec\1.3\commons-exec-1.3.jar;C:\Users\ASUSTUF\.m2\repository\org\asynchttpclient\async-http-client\2.12.3\async-http-client-2.12.3.jar;C:\Users\ASUSTUF\.m2\repository\org\asynchttpclient\async-http-client-netty-utils\2.12.3\async-http-client-netty-utils-2.12.3.jar;C:\Users\ASUSTUF\.m2\repository\io\netty\netty-codec-socks\4.1.60.Final\netty-codec-socks-4.1.60.Final.jar;C:\Users\ASUSTUF\.m2\repository\io\netty\netty-handler-proxy\4.1.60.Final\netty-handler-proxy-4.1.60.Final.jar;C:\Users\ASUSTUF\.m2\repository\io\netty\netty-transport-native-epoll\4.1.60.Final\netty-transport-native-epoll-4.1.60.Final-linux-x86_64.jar;C:\Users\ASUSTUF\.m2\repository\io\netty\netty-transport-native-kqueue\4.1.60.Final\netty-transport-native-kqueue-4.1.60.Final-osx-x86_64.jar;C:\Users\ASUSTUF\.m2\repository\org\reactivestreams\reactive-streams\1.0.3\reactive-streams-1.0.3.jar;C:\Users\ASUSTUF\.m2\repository\com\typesafe\netty\netty-reactive-streams\2.0.4\netty-reactive-streams-2.0.4.jar;C:\Users\ASUSTUF\.m2\repository\org\seleniumhq\selenium\selenium-http\4.1.2\selenium-http-4.1.2.jar;C:\Users\ASUSTUF\.m2\repository\net\jodah\failsafe\2.4.4\failsafe-2.4.4.jar;C:\Users\ASUSTUF\.m2\repository\org\seleniumhq\selenium\selenium-safari-driver\4.1.2\selenium-safari-driver-4.1.2.jar;C:\Users\ASUSTUF\.m2\repository\org\seleniumhq\selenium\selenium-api\4.1.2\selenium-api-4.1.2.jar;C:\Users\ASUSTUF\.m2\repository\org\seleniumhq\selenium\selenium-support\4.1.2\selenium-support-4.1.2.jar;C:\Users\ASUSTUF\.m2\repository\com\google\auto\service\auto-service-annotations\1.0.1\auto-service-annotations-1.0.1.jar;C:\Users\ASUSTUF\.m2\repository\com\google\auto\service\auto-service\1.0.1\auto-service-1.0.1.jar;C:\Users\ASUSTUF\.m2\repository\com\google\auto\auto-common\1.2\auto-common-1.2.jar;C:\Users\ASUSTUF\.m2\repository\org\seleniumhq\selenium\selenium-json\4.1.2\selenium-json-4.1.2.jar;C:\Users\ASUSTUF\.m2\repository\org\seleniumhq\selenium\selenium-chrome-driver\4.1.2\selenium-chrome-driver-4.1.2.jar;C:\Users\ASUSTUF\.m2\repository\org\seleniumhq\selenium\selenium-chromium-driver\4.1.2\selenium-chromium-driver-4.1.2.jar;C:\Users\ASUSTUF\.m2\repository\org\seleniumhq\selenium\selenium-firefox-driver\4.1.2\selenium-firefox-driver-4.1.2.jar;C:\Users\ASUSTUF\.m2\repository\org\seleniumhq\selenium\selenium-edge-driver\4.1.2\selenium-edge-driver-4.1.2.jar;C:\Users\ASUSTUF\.m2\repository\org\seleniumhq\selenium\selenium-ie-driver\4.1.2\selenium-ie-driver-4.1.2.jar;C:\Users\ASUSTUF\.m2\repository\org\projectlombok\lombok\1.18.20\lombok-1.18.20.jar;C:\Users\ASUSTUF\.m2\repository\io\appium\java-client\8.0.0\java-client-8.0.0.jar;C:\Users\ASUSTUF\.m2\repository\commons-validator\commons-validator\1.7\commons-validator-1.7.jar;C:\Users\ASUSTUF\.m2\repository\commons-digester\commons-digester\2.1\commons-digester-2.1.jar;C:\Users\ASUSTUF\.m2\repository\org\aspectj\aspectjweaver\1.9.8\aspectjweaver-1.9.8.jar;C:\Users\ASUSTUF\.m2\repository\org\codehaus\groovy\groovy\3.0.10\groovy-3.0.10.jar;C:\Users\ASUSTUF\.m2\repository\net\sf\opencsv\opencsv\2.0\opencsv-2.0.jar;C:\Users\ASUSTUF\.m2\repository\commons-beanutils\commons-beanutils\1.9.4\commons-beanutils-1.9.4.jar;C:\Users\ASUSTUF\.m2\repository\org\apache\commons\commons-lang3\3.12.0\commons-lang3-3.12.0.jar;C:\Users\ASUSTUF\.m2\repository\commons-collections\commons-collections\3.2.2\commons-collections-3.2.2.jar;C:\Users\ASUSTUF\.m2\repository\org\fluentlenium\fluentlenium-core\0.10.2\fluentlenium-core-0.10.2.jar;C:\Users\ASUSTUF\.m2\repository\io\github\bonigarcia\webdrivermanager\5.1.0\webdrivermanager-5.1.0.jar;C:\Users\ASUSTUF\.m2\repository\com\github\docker-java\docker-java\3.2.13\docker-java-3.2.13.jar;C:\Users\ASUSTUF\.m2\repository\com\github\docker-java\docker-java-core\3.2.13\docker-java-core-3.2.13.jar;C:\Users\ASUSTUF\.m2\repository\com\github\docker-java\docker-java-api\3.2.13\docker-java-api-3.2.13.jar;C:\Users\ASUSTUF\.m2\repository\org\apache\commons\commons-compress\1.21\commons-compress-1.21.jar;C:\Users\ASUSTUF\.m2\repository\org\bouncycastle\bcpkix-jdk15on\1.64\bcpkix-jdk15on-1.64.jar;C:\Users\ASUSTUF\.m2\repository\org\bouncycastle\bcprov-jdk15on\1.64\bcprov-jdk15on-1.64.jar;C:\Users\ASUSTUF\.m2\repository\org\slf4j\jcl-over-slf4j\1.7.30\jcl-over-slf4j-1.7.30.jar;C:\Users\ASUSTUF\.m2\repository\com\github\docker-java\docker-java-transport-httpclient5\3.2.13\docker-java-transport-httpclient5-3.2.13.jar;C:\Users\ASUSTUF\.m2\repository\com\github\docker-java\docker-java-transport\3.2.13\docker-java-transport-3.2.13.jar;C:\Users\ASUSTUF\.m2\repository\org\apache\httpcomponents\client5\httpclient5\5.0.3\httpclient5-5.0.3.jar;C:\Users\ASUSTUF\.m2\repository\org\apache\httpcomponents\core5\httpcore5\5.0.2\httpcore5-5.0.2.jar;C:\Users\ASUSTUF\.m2\repository\net\java\dev\jna\jna\5.8.0\jna-5.8.0.jar;C:\Users\ASUSTUF\.m2\repository\org\brotli\dec\0.1.2\dec-0.1.2.jar;C:\Users\ASUSTUF\.m2\repository\com\jhlabs\filters\2.0.235\filters-2.0.235.jar;C:\Users\ASUSTUF\.m2\repository\com\paulhammant\ngwebdriver\1.1.6\ngwebdriver-1.1.6.jar;C:\Users\ASUSTUF\.m2\repository\joda-time\joda-time\2.8.2\joda-time-2.8.2.jar;C:\Users\ASUSTUF\.m2\repository\org\hamcrest\hamcrest\2.2\hamcrest-2.2.jar;C:\Users\ASUSTUF\.m2\repository\com\google\jimfs\jimfs\1.2\jimfs-1.2.jar;C:\Users\ASUSTUF\.m2\repository\org\mockito\mockito-core\3.3.3\mockito-core-3.3.3.jar;C:\Users\ASUSTUF\.m2\repository\javax\xml\bind\jaxb-api\2.3.1\jaxb-api-2.3.1.jar;C:\Users\ASUSTUF\.m2\repository\javax\activation\javax.activation-api\1.2.0\javax.activation-api-1.2.0.jar;C:\Users\ASUSTUF\.m2\repository\com\sun\xml\bind\jaxb-core\2.3.0.1\jaxb-core-2.3.0.1.jar;C:\Users\ASUSTUF\.m2\repository\com\sun\xml\bind\jaxb-impl\2.3.3\jaxb-impl-2.3.3.jar;C:\Users\ASUSTUF\.m2\repository\jakarta\xml\bind\jakarta.xml.bind-api\2.3.3\jakarta.xml.bind-api-2.3.3.jar;C:\Users\ASUSTUF\.m2\repository\com\sun\activation\jakarta.activation\1.2.2\jakarta.activation-1.2.2.jar;C:\Users\ASUSTUF\.m2\repository\javax\activation\activation\1.1.1\activation-1.1.1.jar;C:\Users\ASUSTUF\.m2\repository\net\serenity-bdd\serenity-cucumber\3.2.1\serenity-cucumber-3.2.1.jar;C:\Users\ASUSTUF\.m2\repository\io\cucumber\cucumber-core\7.2.3\cucumber-core-7.2.3.jar;C:\Users\ASUSTUF\.m2\repository\io\cucumber\cucumber-gherkin\7.2.3\cucumber-gherkin-7.2.3.jar;C:\Users\ASUSTUF\.m2\repository\io\cucumber\cucumber-gherkin-messages\7.2.3\cucumber-gherkin-messages-7.2.3.jar;C:\Users\ASUSTUF\.m2\repository\io\cucumber\messages\17.1.1\messages-17.1.1.jar;C:\Users\ASUSTUF\.m2\repository\io\cucumber\tag-expressions\4.1.0\tag-expressions-4.1.0.jar;C:\Users\ASUSTUF\.m2\repository\io\cucumber\cucumber-expressions\15.0.1\cucumber-expressions-15.0.1.jar;C:\Users\ASUSTUF\.m2\repository\io\cucumber\datatable\7.2.3\datatable-7.2.3.jar;C:\Users\ASUSTUF\.m2\repository\io\cucumber\cucumber-plugin\7.2.3\cucumber-plugin-7.2.3.jar;C:\Users\ASUSTUF\.m2\repository\io\cucumber\docstring\7.2.3\docstring-7.2.3.jar;C:\Users\ASUSTUF\.m2\repository\io\cucumber\html-formatter\17.0.0\html-formatter-17.0.0.jar;C:\Users\ASUSTUF\.m2\repository\io\cucumber\ci-environment\8.1.0\ci-environment-8.1.0.jar;C:\Users\ASUSTUF\.m2\repository\io\cucumber\cucumber-junit\7.2.3\cucumber-junit-7.2.3.jar;C:\Users\ASUSTUF\.m2\repository\org\apache\commons\commons-csv\1.5\commons-csv-1.5.jar;C:\Users\ASUSTUF\.m2\repository\net\serenity-bdd\serenity-screenplay\3.2.1\serenity-screenplay-3.2.1.jar;C:\Users\ASUSTUF\.m2\repository\net\serenity-bdd\serenity-screenplay-webdriver\3.2.1\serenity-screenplay-webdriver-3.2.1.jar;C:\Users\ASUSTUF\.m2\repository\net\serenity-bdd\serenity-ensure\3.2.1\serenity-ensure-3.2.1.jar;C:\Users\ASUSTUF\.m2\repository\net\serenity-bdd\serenity-junit\3.2.1\serenity-junit-3.2.1.jar;C:\Users\ASUSTUF\.m2\repository\org\jetbrains\kotlin\kotlin-stdlib\1.6.0\kotlin-stdlib-1.6.0.jar;C:\Users\ASUSTUF\.m2\repository\org\jetbrains\annotations\13.0\annotations-13.0.jar;C:\Users\ASUSTUF\.m2\repository\org\jetbrains\kotlin\kotlin-stdlib-common\1.6.0\kotlin-stdlib-common-1.6.0.jar;C:\Users\ASUSTUF\.m2\repository\org\junit\platform\junit-platform-launcher\1.8.1\junit-platform-launcher-1.8.1.jar;C:\Users\ASUSTUF\.m2\repository\org\junit\platform\junit-platform-engine\1.8.1\junit-platform-engine-1.8.1.jar;C:\Users\ASUSTUF\.m2\repository\org\opentest4j\opentest4j\1.2.0\opentest4j-1.2.0.jar;C:\Users\ASUSTUF\.m2\repository\org\junit\platform\junit-platform-commons\1.8.1\junit-platform-commons-1.8.1.jar;C:\Users\ASUSTUF\.m2\repository\org\apiguardian\apiguardian-api\1.1.2\apiguardian-api-1.1.2.jar;C:\Users\ASUSTUF\.m2\repository\org\junit\jupiter\junit-jupiter-engine\5.8.2\junit-jupiter-engine-5.8.2.jar;C:\Users\ASUSTUF\.m2\repository\org\junit\jupiter\junit-jupiter-api\5.8.2\junit-jupiter-api-5.8.2.jar;C:\Users\ASUSTUF\.m2\repository\org\junit\vintage\junit-vintage-engine\5.8.2\junit-vintage-engine-5.8.2.jar;C:\Users\ASUSTUF\.m2\repository\junit\junit\4.13.2\junit-4.13.2.jar;C:\Users\ASUSTUF\.m2\repository\org\hamcrest\hamcrest-core\1.3\hamcrest-core-1.3.jar;C:\Users\ASUSTUF\.m2\repository\ch\qos\logback\logback-classic\1.2.10\logback-classic-1.2.10.jar;C:\Users\ASUSTUF\.m2\repository\ch\qos\logback\logback-core\1.2.10\logback-core-1.2.10.jar;C:\Users\ASUSTUF\.m2\repository\org\slf4j\slf4j-api\1.7.32\slf4j-api-1.7.32.jar;C:\Users\ASUSTUF\.m2\repository\org\assertj\assertj-core\3.6.2\assertj-core-3.6.2.jar;"/>
    <property name="java.vm.vendor" value="Oracle Corporation"/>
    <property name="sun.arch.data.model" value="64"/>
    <property name="user.variant" value=""/>
    <property name="java.vendor.url" value="https://openjdk.java.net/"/>
    <property name="user.timezone" value="Asia/Bangkok"/>
    <property name="log4j2.formatMsgNoLookups" value="true"/>
    <property name="java.vm.specification.version" value="11"/>
    <property name="os.name" value="Windows 11"/>
    <property name="sun.java.launcher" value="SUN_STANDARD"/>
    <property name="user.country" value="US"/>
    <property name="sun.boot.library.path" value="C:\Program Files\Java\jdk-11.0.16\bin"/>
    <property name="sun.java.command" value="org.apache.maven.surefire.booter.ForkedBooter C:\Users\ASUSTUF\AppData\Local\Temp\surefire4512575072527566014 2022-12-22T09-46-59_008-jvmRun1 surefire14760564133307457553tmp surefire_017198132197507921041tmp"/>
    <property name="jdk.debug" value="release"/>
    <property name="surefire.test.class.path" value="C:\Users\ASUSTUF\OneDrive\Documents\Capstone Project\Web Automation\target\test-classes;C:\Users\ASUSTUF\.m2\repository\net\serenity-bdd\serenity-core\3.2.1\serenity-core-3.2.1.jar;C:\Users\ASUSTUF\.m2\repository\net\serenity-bdd\serenity-model\3.2.1\serenity-model-3.2.1.jar;C:\Users\ASUSTUF\.m2\repository\org\apache\commons\commons-text\1.9\commons-text-1.9.jar;C:\Users\ASUSTUF\.m2\repository\commons-net\commons-net\3.8.0\commons-net-3.8.0.jar;C:\Users\ASUSTUF\.m2\repository\com\google\guava\guava\31.1-jre\guava-31.1-jre.jar;C:\Users\ASUSTUF\.m2\repository\com\google\guava\failureaccess\1.0.1\failureaccess-1.0.1.jar;C:\Users\ASUSTUF\.m2\repository\com\google\guava\listenablefuture\9999.0-empty-to-avoid-conflict-with-guava\listenablefuture-9999.0-empty-to-avoid-conflict-with-guava.jar;C:\Users\ASUSTUF\.m2\repository\com\google\code\findbugs\jsr305\3.0.2\jsr305-3.0.2.jar;C:\Users\ASUSTUF\.m2\repository\org\checkerframework\checker-qual\3.12.0\checker-qual-3.12.0.jar;C:\Users\ASUSTUF\.m2\repository\com\google\errorprone\error_prone_annotations\2.11.0\error_prone_annotations-2.11.0.jar;C:\Users\ASUSTUF\.m2\repository\com\google\j2objc\j2objc-annotations\1.3\j2objc-annotations-1.3.jar;C:\Users\ASUSTUF\.m2\repository\com\google\inject\guice\5.1.0\guice-5.1.0.jar;C:\Users\ASUSTUF\.m2\repository\javax\inject\javax.inject\1\javax.inject-1.jar;C:\Users\ASUSTUF\.m2\repository\aopalliance\aopalliance\1.0\aopalliance-1.0.jar;C:\Users\ASUSTUF\.m2\repository\org\jsoup\jsoup\1.14.3\jsoup-1.14.3.jar;C:\Users\ASUSTUF\.m2\repository\com\thoughtworks\xstream\xstream\1.4.19\xstream-1.4.19.jar;C:\Users\ASUSTUF\.m2\repository\io\github\x-stream\mxparser\1.2.2\mxparser-1.2.2.jar;C:\Users\ASUSTUF\.m2\repository\xmlpull\xmlpull\1.1.3.1\xmlpull-1.1.3.1.jar;C:\Users\ASUSTUF\.m2\repository\io\cucumber\cucumber-java\7.2.3\cucumber-java-7.2.3.jar;C:\Users\ASUSTUF\.m2\repository\com\typesafe\config\1.4.2\config-1.4.2.jar;C:\Users\ASUSTUF\.m2\repository\org\imgscalr\imgscalr-lib\4.2\imgscalr-lib-4.2.jar;C:\Users\ASUSTUF\.m2\repository\org\awaitility\awaitility\4.2.0\awaitility-4.2.0.jar;C:\Users\ASUSTUF\.m2\repository\org\freemarker\freemarker\2.3.31\freemarker-2.3.31.jar;C:\Users\ASUSTUF\.m2\repository\io\github\classgraph\classgraph\4.8.138\classgraph-4.8.138.jar;C:\Users\ASUSTUF\.m2\repository\net\sourceforge\jexcelapi\jxl\2.6.12\jxl-2.6.12.jar;C:\Users\ASUSTUF\.m2\repository\net\bytebuddy\byte-buddy\1.12.8\byte-buddy-1.12.8.jar;C:\Users\ASUSTUF\.m2\repository\net\bytebuddy\byte-buddy-agent\1.12.8\byte-buddy-agent-1.12.8.jar;C:\Users\ASUSTUF\.m2\repository\org\objenesis\objenesis\3.1\objenesis-3.1.jar;C:\Users\ASUSTUF\.m2\repository\net\serenity-bdd\serenity-reports\3.2.1\serenity-reports-3.2.1.jar;C:\Users\ASUSTUF\.m2\repository\net\serenity-bdd\serenity-stats\3.2.1\serenity-stats-3.2.1.jar;C:\Users\ASUSTUF\.m2\repository\net\serenity-bdd\serenity-reports-configuration\3.2.1\serenity-reports-configuration-3.2.1.jar;C:\Users\ASUSTUF\.m2\repository\com\vladsch\flexmark\flexmark-all\0.34.30\flexmark-all-0.34.30.jar;C:\Users\ASUSTUF\.m2\repository\com\vladsch\flexmark\flexmark\0.34.30\flexmark-0.34.30.jar;C:\Users\ASUSTUF\.m2\repository\com\vladsch\flexmark\flexmark-ext-abbreviation\0.34.30\flexmark-ext-abbreviation-0.34.30.jar;C:\Users\ASUSTUF\.m2\repository\com\vladsch\flexmark\flexmark-ext-admonition\0.34.30\flexmark-ext-admonition-0.34.30.jar;C:\Users\ASUSTUF\.m2\repository\com\vladsch\flexmark\flexmark-ext-anchorlink\0.34.30\flexmark-ext-anchorlink-0.34.30.jar;C:\Users\ASUSTUF\.m2\repository\com\vladsch\flexmark\flexmark-ext-aside\0.34.30\flexmark-ext-aside-0.34.30.jar;C:\Users\ASUSTUF\.m2\repository\com\vladsch\flexmark\flexmark-ext-attributes\0.34.30\flexmark-ext-attributes-0.34.30.jar;C:\Users\ASUSTUF\.m2\repository\com\vladsch\flexmark\flexmark-ext-autolink\0.34.30\flexmark-ext-autolink-0.34.30.jar;C:\Users\ASUSTUF\.m2\repository\org\nibor\autolink\autolink\0.6.0\autolink-0.6.0.jar;C:\Users\ASUSTUF\.m2\repository\com\vladsch\flexmark\flexmark-ext-definition\0.34.30\flexmark-ext-definition-0.34.30.jar;C:\Users\ASUSTUF\.m2\repository\com\vladsch\flexmark\flexmark-ext-emoji\0.34.30\flexmark-ext-emoji-0.34.30.jar;C:\Users\ASUSTUF\.m2\repository\com\vladsch\flexmark\flexmark-ext-enumerated-reference\0.34.30\flexmark-ext-enumerated-reference-0.34.30.jar;C:\Users\ASUSTUF\.m2\repository\com\vladsch\flexmark\flexmark-ext-escaped-character\0.34.30\flexmark-ext-escaped-character-0.34.30.jar;C:\Users\ASUSTUF\.m2\repository\com\vladsch\flexmark\flexmark-ext-footnotes\0.34.30\flexmark-ext-footnotes-0.34.30.jar;C:\Users\ASUSTUF\.m2\repository\com\vladsch\flexmark\flexmark-ext-gfm-issues\0.34.30\flexmark-ext-gfm-issues-0.34.30.jar;C:\Users\ASUSTUF\.m2\repository\com\vladsch\flexmark\flexmark-ext-gfm-strikethrough\0.34.30\flexmark-ext-gfm-strikethrough-0.34.30.jar;C:\Users\ASUSTUF\.m2\repository\com\vladsch\flexmark\flexmark-ext-gfm-tables\0.34.30\flexmark-ext-gfm-tables-0.34.30.jar;C:\Users\ASUSTUF\.m2\repository\com\vladsch\flexmark\flexmark-ext-gfm-tasklist\0.34.30\flexmark-ext-gfm-tasklist-0.34.30.jar;C:\Users\ASUSTUF\.m2\repository\com\vladsch\flexmark\flexmark-ext-gfm-users\0.34.30\flexmark-ext-gfm-users-0.34.30.jar;C:\Users\ASUSTUF\.m2\repository\com\vladsch\flexmark\flexmark-ext-gitlab\0.34.30\flexmark-ext-gitlab-0.34.30.jar;C:\Users\ASUSTUF\.m2\repository\com\vladsch\flexmark\flexmark-ext-jekyll-front-matter\0.34.30\flexmark-ext-jekyll-front-matter-0.34.30.jar;C:\Users\ASUSTUF\.m2\repository\com\vladsch\flexmark\flexmark-ext-jekyll-tag\0.34.30\flexmark-ext-jekyll-tag-0.34.30.jar;C:\Users\ASUSTUF\.m2\repository\com\vladsch\flexmark\flexmark-ext-media-tags\0.34.30\flexmark-ext-media-tags-0.34.30.jar;C:\Users\ASUSTUF\.m2\repository\com\vladsch\flexmark\flexmark-test-util\0.34.30\flexmark-test-util-0.34.30.jar;C:\Users\ASUSTUF\.m2\repository\com\vladsch\flexmark\flexmark-ext-ins\0.34.30\flexmark-ext-ins-0.34.30.jar;C:\Users\ASUSTUF\.m2\repository\com\vladsch\flexmark\flexmark-ext-xwiki-macros\0.34.30\flexmark-ext-xwiki-macros-0.34.30.jar;C:\Users\ASUSTUF\.m2\repository\com\vladsch\flexmark\flexmark-ext-superscript\0.34.30\flexmark-ext-superscript-0.34.30.jar;C:\Users\ASUSTUF\.m2\repository\com\vladsch\flexmark\flexmark-ext-tables\0.34.30\flexmark-ext-tables-0.34.30.jar;C:\Users\ASUSTUF\.m2\repository\com\vladsch\flexmark\flexmark-ext-toc\0.34.30\flexmark-ext-toc-0.34.30.jar;C:\Users\ASUSTUF\.m2\repository\com\vladsch\flexmark\flexmark-ext-typographic\0.34.30\flexmark-ext-typographic-0.34.30.jar;C:\Users\ASUSTUF\.m2\repository\com\vladsch\flexmark\flexmark-ext-wikilink\0.34.30\flexmark-ext-wikilink-0.34.30.jar;C:\Users\ASUSTUF\.m2\repository\com\vladsch\flexmark\flexmark-ext-yaml-front-matter\0.34.30\flexmark-ext-yaml-front-matter-0.34.30.jar;C:\Users\ASUSTUF\.m2\repository\com\vladsch\flexmark\flexmark-ext-youtube-embedded\0.34.30\flexmark-ext-youtube-embedded-0.34.30.jar;C:\Users\ASUSTUF\.m2\repository\com\vladsch\flexmark\flexmark-formatter\0.34.30\flexmark-formatter-0.34.30.jar;C:\Users\ASUSTUF\.m2\repository\com\vladsch\flexmark\flexmark-html-parser\0.34.30\flexmark-html-parser-0.34.30.jar;C:\Users\ASUSTUF\.m2\repository\com\vladsch\flexmark\flexmark-jira-converter\0.34.30\flexmark-jira-converter-0.34.30.jar;C:\Users\ASUSTUF\.m2\repository\com\vladsch\flexmark\flexmark-pdf-converter\0.34.30\flexmark-pdf-converter-0.34.30.jar;C:\Users\ASUSTUF\.m2\repository\com\openhtmltopdf\openhtmltopdf-core\0.0.1-RC13\openhtmltopdf-core-0.0.1-RC13.jar;C:\Users\ASUSTUF\.m2\repository\com\openhtmltopdf\openhtmltopdf-pdfbox\0.0.1-RC13\openhtmltopdf-pdfbox-0.0.1-RC13.jar;C:\Users\ASUSTUF\.m2\repository\org\apache\pdfbox\pdfbox\2.0.8\pdfbox-2.0.8.jar;C:\Users\ASUSTUF\.m2\repository\org\apache\pdfbox\fontbox\2.0.8\fontbox-2.0.8.jar;C:\Users\ASUSTUF\.m2\repository\commons-logging\commons-logging\1.2\commons-logging-1.2.jar;C:\Users\ASUSTUF\.m2\repository\org\apache\pdfbox\xmpbox\2.0.8\xmpbox-2.0.8.jar;C:\Users\ASUSTUF\.m2\repository\de\rototor\pdfbox\graphics2d\0.12\graphics2d-0.12.jar;C:\Users\ASUSTUF\.m2\repository\com\openhtmltopdf\openhtmltopdf-rtl-support\0.0.1-RC13\openhtmltopdf-rtl-support-0.0.1-RC13.jar;C:\Users\ASUSTUF\.m2\repository\com\ibm\icu\icu4j\59.1\icu4j-59.1.jar;C:\Users\ASUSTUF\.m2\repository\com\openhtmltopdf\openhtmltopdf-jsoup-dom-converter\0.0.1-RC13\openhtmltopdf-jsoup-dom-converter-0.0.1-RC13.jar;C:\Users\ASUSTUF\.m2\repository\com\vladsch\flexmark\flexmark-profile-pegdown\0.34.30\flexmark-profile-pegdown-0.34.30.jar;C:\Users\ASUSTUF\.m2\repository\com\vladsch\flexmark\flexmark-util\0.34.30\flexmark-util-0.34.30.jar;C:\Users\ASUSTUF\.m2\repository\com\vladsch\flexmark\flexmark-youtrack-converter\0.34.30\flexmark-youtrack-converter-0.34.30.jar;C:\Users\ASUSTUF\.m2\repository\es\nitaur\markdown\txtmark\0.16\txtmark-0.16.jar;C:\Users\ASUSTUF\.m2\repository\net\serenity-bdd\serenity-report-resources\3.2.1\serenity-report-resources-3.2.1.jar;C:\Users\ASUSTUF\.m2\repository\com\google\code\gson\gson\2.9.0\gson-2.9.0.jar;C:\Users\ASUSTUF\.m2\repository\com\fasterxml\jackson\core\jackson-core\2.13.2\jackson-core-2.13.2.jar;C:\Users\ASUSTUF\.m2\repository\com\fasterxml\jackson\core\jackson-databind\2.13.2\jackson-databind-2.13.2.jar;C:\Users\ASUSTUF\.m2\repository\com\fasterxml\jackson\core\jackson-annotations\2.13.2\jackson-annotations-2.13.2.jar;C:\Users\ASUSTUF\.m2\repository\commons-codec\commons-codec\1.15\commons-codec-1.15.jar;C:\Users\ASUSTUF\.m2\repository\commons-io\commons-io\2.11.0\commons-io-2.11.0.jar;C:\Users\ASUSTUF\.m2\repository\org\seleniumhq\selenium\selenium-java\4.1.2\selenium-java-4.1.2.jar;C:\Users\ASUSTUF\.m2\repository\org\seleniumhq\selenium\selenium-devtools-v85\4.1.2\selenium-devtools-v85-4.1.2.jar;C:\Users\ASUSTUF\.m2\repository\org\seleniumhq\selenium\selenium-devtools-v95\4.1.2\selenium-devtools-v95-4.1.2.jar;C:\Users\ASUSTUF\.m2\repository\org\seleniumhq\selenium\selenium-devtools-v96\4.1.2\selenium-devtools-v96-4.1.2.jar;C:\Users\ASUSTUF\.m2\repository\org\seleniumhq\selenium\selenium-devtools-v97\4.1.2\selenium-devtools-v97-4.1.2.jar;C:\Users\ASUSTUF\.m2\repository\org\seleniumhq\selenium\selenium-firefox-xpi-driver\4.1.2\selenium-firefox-xpi-driver-4.1.2.jar;C:\Users\ASUSTUF\.m2\repository\org\seleniumhq\selenium\selenium-opera-driver\4.1.2\selenium-opera-driver-4.1.2.jar;C:\Users\ASUSTUF\.m2\repository\org\seleniumhq\selenium\selenium-remote-driver\4.1.2\selenium-remote-driver-4.1.2.jar;C:\Users\ASUSTUF\.m2\repository\com\beust\jcommander\1.82\jcommander-1.82.jar;C:\Users\ASUSTUF\.m2\repository\io\netty\netty-buffer\4.1.73.Final\netty-buffer-4.1.73.Final.jar;C:\Users\ASUSTUF\.m2\repository\io\netty\netty-codec-http\4.1.73.Final\netty-codec-http-4.1.73.Final.jar;C:\Users\ASUSTUF\.m2\repository\io\netty\netty-codec\4.1.73.Final\netty-codec-4.1.73.Final.jar;C:\Users\ASUSTUF\.m2\repository\io\netty\netty-handler\4.1.73.Final\netty-handler-4.1.73.Final.jar;C:\Users\ASUSTUF\.m2\repository\io\netty\netty-tcnative-classes\2.0.46.Final\netty-tcnative-classes-2.0.46.Final.jar;C:\Users\ASUSTUF\.m2\repository\io\netty\netty-common\4.1.73.Final\netty-common-4.1.73.Final.jar;C:\Users\ASUSTUF\.m2\repository\io\netty\netty-transport-classes-epoll\4.1.73.Final\netty-transport-classes-epoll-4.1.73.Final.jar;C:\Users\ASUSTUF\.m2\repository\io\netty\netty-transport-classes-kqueue\4.1.73.Final\netty-transport-classes-kqueue-4.1.73.Final.jar;C:\Users\ASUSTUF\.m2\repository\io\netty\netty-transport-native-epoll\4.1.73.Final\netty-transport-native-epoll-4.1.73.Final.jar;C:\Users\ASUSTUF\.m2\repository\io\netty\netty-transport-native-kqueue\4.1.73.Final\netty-transport-native-kqueue-4.1.73.Final.jar;C:\Users\ASUSTUF\.m2\repository\io\netty\netty-transport-native-unix-common\4.1.73.Final\netty-transport-native-unix-common-4.1.73.Final.jar;C:\Users\ASUSTUF\.m2\repository\io\netty\netty-transport\4.1.73.Final\netty-transport-4.1.73.Final.jar;C:\Users\ASUSTUF\.m2\repository\io\netty\netty-resolver\4.1.73.Final\netty-resolver-4.1.73.Final.jar;C:\Users\ASUSTUF\.m2\repository\io\opentelemetry\opentelemetry-api\1.10.1\opentelemetry-api-1.10.1.jar;C:\Users\ASUSTUF\.m2\repository\io\opentelemetry\opentelemetry-context\1.10.1\opentelemetry-context-1.10.1.jar;C:\Users\ASUSTUF\.m2\repository\io\opentelemetry\opentelemetry-exporter-logging\1.10.1\opentelemetry-exporter-logging-1.10.1.jar;C:\Users\ASUSTUF\.m2\repository\io\opentelemetry\opentelemetry-sdk-metrics\1.10.1-alpha\opentelemetry-sdk-metrics-1.10.1-alpha.jar;C:\Users\ASUSTUF\.m2\repository\io\opentelemetry\opentelemetry-sdk-logs\1.10.1-alpha\opentelemetry-sdk-logs-1.10.1-alpha.jar;C:\Users\ASUSTUF\.m2\repository\io\opentelemetry\opentelemetry-sdk-common\1.10.1\opentelemetry-sdk-common-1.10.1.jar;C:\Users\ASUSTUF\.m2\repository\io\opentelemetry\opentelemetry-sdk-extension-autoconfigure-spi\1.10.1\opentelemetry-sdk-extension-autoconfigure-spi-1.10.1.jar;C:\Users\ASUSTUF\.m2\repository\io\opentelemetry\opentelemetry-sdk-extension-autoconfigure\1.10.1-alpha\opentelemetry-sdk-extension-autoconfigure-1.10.1-alpha.jar;C:\Users\ASUSTUF\.m2\repository\io\opentelemetry\opentelemetry-sdk-trace\1.10.1\opentelemetry-sdk-trace-1.10.1.jar;C:\Users\ASUSTUF\.m2\repository\io\opentelemetry\opentelemetry-sdk\1.10.1\opentelemetry-sdk-1.10.1.jar;C:\Users\ASUSTUF\.m2\repository\io\opentelemetry\opentelemetry-semconv\1.10.1-alpha\opentelemetry-semconv-1.10.1-alpha.jar;C:\Users\ASUSTUF\.m2\repository\io\ous\jtoml\2.0.0\jtoml-2.0.0.jar;C:\Users\ASUSTUF\.m2\repository\org\apache\commons\commons-exec\1.3\commons-exec-1.3.jar;C:\Users\ASUSTUF\.m2\repository\org\asynchttpclient\async-http-client\2.12.3\async-http-client-2.12.3.jar;C:\Users\ASUSTUF\.m2\repository\org\asynchttpclient\async-http-client-netty-utils\2.12.3\async-http-client-netty-utils-2.12.3.jar;C:\Users\ASUSTUF\.m2\repository\io\netty\netty-codec-socks\4.1.60.Final\netty-codec-socks-4.1.60.Final.jar;C:\Users\ASUSTUF\.m2\repository\io\netty\netty-handler-proxy\4.1.60.Final\netty-handler-proxy-4.1.60.Final.jar;C:\Users\ASUSTUF\.m2\repository\io\netty\netty-transport-native-epoll\4.1.60.Final\netty-transport-native-epoll-4.1.60.Final-linux-x86_64.jar;C:\Users\ASUSTUF\.m2\repository\io\netty\netty-transport-native-kqueue\4.1.60.Final\netty-transport-native-kqueue-4.1.60.Final-osx-x86_64.jar;C:\Users\ASUSTUF\.m2\repository\org\reactivestreams\reactive-streams\1.0.3\reactive-streams-1.0.3.jar;C:\Users\ASUSTUF\.m2\repository\com\typesafe\netty\netty-reactive-streams\2.0.4\netty-reactive-streams-2.0.4.jar;C:\Users\ASUSTUF\.m2\repository\org\seleniumhq\selenium\selenium-http\4.1.2\selenium-http-4.1.2.jar;C:\Users\ASUSTUF\.m2\repository\net\jodah\failsafe\2.4.4\failsafe-2.4.4.jar;C:\Users\ASUSTUF\.m2\repository\org\seleniumhq\selenium\selenium-safari-driver\4.1.2\selenium-safari-driver-4.1.2.jar;C:\Users\ASUSTUF\.m2\repository\org\seleniumhq\selenium\selenium-api\4.1.2\selenium-api-4.1.2.jar;C:\Users\ASUSTUF\.m2\repository\org\seleniumhq\selenium\selenium-support\4.1.2\selenium-support-4.1.2.jar;C:\Users\ASUSTUF\.m2\repository\com\google\auto\service\auto-service-annotations\1.0.1\auto-service-annotations-1.0.1.jar;C:\Users\ASUSTUF\.m2\repository\com\google\auto\service\auto-service\1.0.1\auto-service-1.0.1.jar;C:\Users\ASUSTUF\.m2\repository\com\google\auto\auto-common\1.2\auto-common-1.2.jar;C:\Users\ASUSTUF\.m2\repository\org\seleniumhq\selenium\selenium-json\4.1.2\selenium-json-4.1.2.jar;C:\Users\ASUSTUF\.m2\repository\org\seleniumhq\selenium\selenium-chrome-driver\4.1.2\selenium-chrome-driver-4.1.2.jar;C:\Users\ASUSTUF\.m2\repository\org\seleniumhq\selenium\selenium-chromium-driver\4.1.2\selenium-chromium-driver-4.1.2.jar;C:\Users\ASUSTUF\.m2\repository\org\seleniumhq\selenium\selenium-firefox-driver\4.1.2\selenium-firefox-driver-4.1.2.jar;C:\Users\ASUSTUF\.m2\repository\org\seleniumhq\selenium\selenium-edge-driver\4.1.2\selenium-edge-driver-4.1.2.jar;C:\Users\ASUSTUF\.m2\repository\org\seleniumhq\selenium\selenium-ie-driver\4.1.2\selenium-ie-driver-4.1.2.jar;C:\Users\ASUSTUF\.m2\repository\org\projectlombok\lombok\1.18.20\lombok-1.18.20.jar;C:\Users\ASUSTUF\.m2\repository\io\appium\java-client\8.0.0\java-client-8.0.0.jar;C:\Users\ASUSTUF\.m2\repository\commons-validator\commons-validator\1.7\commons-validator-1.7.jar;C:\Users\ASUSTUF\.m2\repository\commons-digester\commons-digester\2.1\commons-digester-2.1.jar;C:\Users\ASUSTUF\.m2\repository\org\aspectj\aspectjweaver\1.9.8\aspectjweaver-1.9.8.jar;C:\Users\ASUSTUF\.m2\repository\org\codehaus\groovy\groovy\3.0.10\groovy-3.0.10.jar;C:\Users\ASUSTUF\.m2\repository\net\sf\opencsv\opencsv\2.0\opencsv-2.0.jar;C:\Users\ASUSTUF\.m2\repository\commons-beanutils\commons-beanutils\1.9.4\commons-beanutils-1.9.4.jar;C:\Users\ASUSTUF\.m2\repository\org\apache\commons\commons-lang3\3.12.0\commons-lang3-3.12.0.jar;C:\Users\ASUSTUF\.m2\repository\commons-collections\commons-collections\3.2.2\commons-collections-3.2.2.jar;C:\Users\ASUSTUF\.m2\repository\org\fluentlenium\fluentlenium-core\0.10.2\fluentlenium-core-0.10.2.jar;C:\Users\ASUSTUF\.m2\repository\io\github\bonigarcia\webdrivermanager\5.1.0\webdrivermanager-5.1.0.jar;C:\Users\ASUSTUF\.m2\repository\com\github\docker-java\docker-java\3.2.13\docker-java-3.2.13.jar;C:\Users\ASUSTUF\.m2\repository\com\github\docker-java\docker-java-core\3.2.13\docker-java-core-3.2.13.jar;C:\Users\ASUSTUF\.m2\repository\com\github\docker-java\docker-java-api\3.2.13\docker-java-api-3.2.13.jar;C:\Users\ASUSTUF\.m2\repository\org\apache\commons\commons-compress\1.21\commons-compress-1.21.jar;C:\Users\ASUSTUF\.m2\repository\org\bouncycastle\bcpkix-jdk15on\1.64\bcpkix-jdk15on-1.64.jar;C:\Users\ASUSTUF\.m2\repository\org\bouncycastle\bcprov-jdk15on\1.64\bcprov-jdk15on-1.64.jar;C:\Users\ASUSTUF\.m2\repository\org\slf4j\jcl-over-slf4j\1.7.30\jcl-over-slf4j-1.7.30.jar;C:\Users\ASUSTUF\.m2\repository\com\github\docker-java\docker-java-transport-httpclient5\3.2.13\docker-java-transport-httpclient5-3.2.13.jar;C:\Users\ASUSTUF\.m2\repository\com\github\docker-java\docker-java-transport\3.2.13\docker-java-transport-3.2.13.jar;C:\Users\ASUSTUF\.m2\repository\org\apache\httpcomponents\client5\httpclient5\5.0.3\httpclient5-5.0.3.jar;C:\Users\ASUSTUF\.m2\repository\org\apache\httpcomponents\core5\httpcore5\5.0.2\httpcore5-5.0.2.jar;C:\Users\ASUSTUF\.m2\repository\net\java\dev\jna\jna\5.8.0\jna-5.8.0.jar;C:\Users\ASUSTUF\.m2\repository\org\brotli\dec\0.1.2\dec-0.1.2.jar;C:\Users\ASUSTUF\.m2\repository\com\jhlabs\filters\2.0.235\filters-2.0.235.jar;C:\Users\ASUSTUF\.m2\repository\com\paulhammant\ngwebdriver\1.1.6\ngwebdriver-1.1.6.jar;C:\Users\ASUSTUF\.m2\repository\joda-time\joda-time\2.8.2\joda-time-2.8.2.jar;C:\Users\ASUSTUF\.m2\repository\org\hamcrest\hamcrest\2.2\hamcrest-2.2.jar;C:\Users\ASUSTUF\.m2\repository\com\google\jimfs\jimfs\1.2\jimfs-1.2.jar;C:\Users\ASUSTUF\.m2\repository\org\mockito\mockito-core\3.3.3\mockito-core-3.3.3.jar;C:\Users\ASUSTUF\.m2\repository\javax\xml\bind\jaxb-api\2.3.1\jaxb-api-2.3.1.jar;C:\Users\ASUSTUF\.m2\repository\javax\activation\javax.activation-api\1.2.0\javax.activation-api-1.2.0.jar;C:\Users\ASUSTUF\.m2\repository\com\sun\xml\bind\jaxb-core\2.3.0.1\jaxb-core-2.3.0.1.jar;C:\Users\ASUSTUF\.m2\repository\com\sun\xml\bind\jaxb-impl\2.3.3\jaxb-impl-2.3.3.jar;C:\Users\ASUSTUF\.m2\repository\jakarta\xml\bind\jakarta.xml.bind-api\2.3.3\jakarta.xml.bind-api-2.3.3.jar;C:\Users\ASUSTUF\.m2\repository\com\sun\activation\jakarta.activation\1.2.2\jakarta.activation-1.2.2.jar;C:\Users\ASUSTUF\.m2\repository\javax\activation\activation\1.1.1\activation-1.1.1.jar;C:\Users\ASUSTUF\.m2\repository\net\serenity-bdd\serenity-cucumber\3.2.1\serenity-cucumber-3.2.1.jar;C:\Users\ASUSTUF\.m2\repository\io\cucumber\cucumber-core\7.2.3\cucumber-core-7.2.3.jar;C:\Users\ASUSTUF\.m2\repository\io\cucumber\cucumber-gherkin\7.2.3\cucumber-gherkin-7.2.3.jar;C:\Users\ASUSTUF\.m2\repository\io\cucumber\cucumber-gherkin-messages\7.2.3\cucumber-gherkin-messages-7.2.3.jar;C:\Users\ASUSTUF\.m2\repository\io\cucumber\messages\17.1.1\messages-17.1.1.jar;C:\Users\ASUSTUF\.m2\repository\io\cucumber\tag-expressions\4.1.0\tag-expressions-4.1.0.jar;C:\Users\ASUSTUF\.m2\repository\io\cucumber\cucumber-expressions\15.0.1\cucumber-expressions-15.0.1.jar;C:\Users\ASUSTUF\.m2\repository\io\cucumber\datatable\7.2.3\datatable-7.2.3.jar;C:\Users\ASUSTUF\.m2\repository\io\cucumber\cucumber-plugin\7.2.3\cucumber-plugin-7.2.3.jar;C:\Users\ASUSTUF\.m2\repository\io\cucumber\docstring\7.2.3\docstring-7.2.3.jar;C:\Users\ASUSTUF\.m2\repository\io\cucumber\html-formatter\17.0.0\html-formatter-17.0.0.jar;C:\Users\ASUSTUF\.m2\repository\io\cucumber\ci-environment\8.1.0\ci-environment-8.1.0.jar;C:\Users\ASUSTUF\.m2\repository\io\cucumber\cucumber-junit\7.2.3\cucumber-junit-7.2.3.jar;C:\Users\ASUSTUF\.m2\repository\org\apache\commons\commons-csv\1.5\commons-csv-1.5.jar;C:\Users\ASUSTUF\.m2\repository\net\serenity-bdd\serenity-screenplay\3.2.1\serenity-screenplay-3.2.1.jar;C:\Users\ASUSTUF\.m2\repository\net\serenity-bdd\serenity-screenplay-webdriver\3.2.1\serenity-screenplay-webdriver-3.2.1.jar;C:\Users\ASUSTUF\.m2\repository\net\serenity-bdd\serenity-ensure\3.2.1\serenity-ensure-3.2.1.jar;C:\Users\ASUSTUF\.m2\repository\net\serenity-bdd\serenity-junit\3.2.1\serenity-junit-3.2.1.jar;C:\Users\ASUSTUF\.m2\repository\org\jetbrains\kotlin\kotlin-stdlib\1.6.0\kotlin-stdlib-1.6.0.jar;C:\Users\ASUSTUF\.m2\repository\org\jetbrains\annotations\13.0\annotations-13.0.jar;C:\Users\ASUSTUF\.m2\repository\org\jetbrains\kotlin\kotlin-stdlib-common\1.6.0\kotlin-stdlib-common-1.6.0.jar;C:\Users\ASUSTUF\.m2\repository\org\junit\platform\junit-platform-launcher\1.8.1\junit-platform-launcher-1.8.1.jar;C:\Users\ASUSTUF\.m2\repository\org\junit\platform\junit-platform-engine\1.8.1\junit-platform-engine-1.8.1.jar;C:\Users\ASUSTUF\.m2\repository\org\opentest4j\opentest4j\1.2.0\opentest4j-1.2.0.jar;C:\Users\ASUSTUF\.m2\repository\org\junit\platform\junit-platform-commons\1.8.1\junit-platform-commons-1.8.1.jar;C:\Users\ASUSTUF\.m2\repository\org\apiguardian\apiguardian-api\1.1.2\apiguardian-api-1.1.2.jar;C:\Users\ASUSTUF\.m2\repository\org\junit\jupiter\junit-jupiter-engine\5.8.2\junit-jupiter-engine-5.8.2.jar;C:\Users\ASUSTUF\.m2\repository\org\junit\jupiter\junit-jupiter-api\5.8.2\junit-jupiter-api-5.8.2.jar;C:\Users\ASUSTUF\.m2\repository\org\junit\vintage\junit-vintage-engine\5.8.2\junit-vintage-engine-5.8.2.jar;C:\Users\ASUSTUF\.m2\repository\junit\junit\4.13.2\junit-4.13.2.jar;C:\Users\ASUSTUF\.m2\repository\org\hamcrest\hamcrest-core\1.3\hamcrest-core-1.3.jar;C:\Users\ASUSTUF\.m2\repository\ch\qos\logback\logback-classic\1.2.10\logback-classic-1.2.10.jar;C:\Users\ASUSTUF\.m2\repository\ch\qos\logback\logback-core\1.2.10\logback-core-1.2.10.jar;C:\Users\ASUSTUF\.m2\repository\org\slf4j\slf4j-api\1.7.32\slf4j-api-1.7.32.jar;C:\Users\ASUSTUF\.m2\repository\org\assertj\assertj-core\3.6.2\assertj-core-3.6.2.jar;"/>
    <property name="sun.cpu.endian" value="little"/>
    <property name="user.home" value="C:\Users\ASUSTUF"/>
    <property name="user.language" value="en"/>
    <property name="java.specification.vendor" value="Oracle Corporation"/>
    <property name="jdk.module.path" value="C:\Users\ASUSTUF\OneDrive\Documents\Capstone Project\Web Automation\target\Automation-1.0-SNAPSHOT.jar"/>
    <property name="java.version.date" value="2022-07-19"/>
    <property name="java.home" value="C:\Program Files\Java\jdk-11.0.16"/>
    <property name="file.separator" value="\"/>
    <property name="basedir" value="C:\Users\ASUSTUF\OneDrive\Documents\Capstone Project\Web Automation"/>
    <property name="java.vm.compressedOopsMode" value="32-bit"/>
    <property name="line.separator" value="&#10;"/>
    <property name="java.specification.name" value="Java Platform API Specification"/>
    <property name="java.vm.specification.vendor" value="Oracle Corporation"/>
    <property name="java.awt.graphicsenv" value="sun.awt.Win32GraphicsEnvironment"/>
    <property name="surefire.real.class.path" value="C:\Users\ASUSTUF\.m2\repository\org\apache\maven\surefire\surefire-booter\3.0.0-M5\surefire-booter-3.0.0-M5.jar;C:\Users\ASUSTUF\.m2\repository\org\apache\maven\surefire\surefire-api\3.0.0-M5\surefire-api-3.0.0-M5.jar;C:\Users\ASUSTUF\.m2\repository\org\apache\maven\surefire\surefire-logger-api\3.0.0-M5\surefire-logger-api-3.0.0-M5.jar;C:\Users\ASUSTUF\.m2\repository\org\apache\maven\surefire\surefire-shared-utils\3.0.0-M4\surefire-shared-utils-3.0.0-M4.jar;C:\Users\ASUSTUF\.m2\repository\org\apache\maven\surefire\surefire-extensions-spi\3.0.0-M5\surefire-extensions-spi-3.0.0-M5.jar;C:\Users\ASUSTUF\OneDrive\Documents\Capstone Project\Web Automation\target\test-classes;C:\Users\ASUSTUF\.m2\repository\net\serenity-bdd\serenity-core\3.2.1\serenity-core-3.2.1.jar;C:\Users\ASUSTUF\.m2\repository\net\serenity-bdd\serenity-model\3.2.1\serenity-model-3.2.1.jar;C:\Users\ASUSTUF\.m2\repository\org\apache\commons\commons-text\1.9\commons-text-1.9.jar;C:\Users\ASUSTUF\.m2\repository\commons-net\commons-net\3.8.0\commons-net-3.8.0.jar;C:\Users\ASUSTUF\.m2\repository\com\google\guava\guava\31.1-jre\guava-31.1-jre.jar;C:\Users\ASUSTUF\.m2\repository\com\google\guava\failureaccess\1.0.1\failureaccess-1.0.1.jar;C:\Users\ASUSTUF\.m2\repository\com\google\guava\listenablefuture\9999.0-empty-to-avoid-conflict-with-guava\listenablefuture-9999.0-empty-to-avoid-conflict-with-guava.jar;C:\Users\ASUSTUF\.m2\repository\com\google\code\findbugs\jsr305\3.0.2\jsr305-3.0.2.jar;C:\Users\ASUSTUF\.m2\repository\org\checkerframework\checker-qual\3.12.0\checker-qual-3.12.0.jar;C:\Users\ASUSTUF\.m2\repository\com\google\errorprone\error_prone_annotations\2.11.0\error_prone_annotations-2.11.0.jar;C:\Users\ASUSTUF\.m2\repository\com\google\j2objc\j2objc-annotations\1.3\j2objc-annotations-1.3.jar;C:\Users\ASUSTUF\.m2\repository\com\google\inject\guice\5.1.0\guice-5.1.0.jar;C:\Users\ASUSTUF\.m2\repository\javax\inject\javax.inject\1\javax.inject-1.jar;C:\Users\ASUSTUF\.m2\repository\aopalliance\aopalliance\1.0\aopalliance-1.0.jar;C:\Users\ASUSTUF\.m2\repository\org\jsoup\jsoup\1.14.3\jsoup-1.14.3.jar;C:\Users\ASUSTUF\.m2\repository\com\thoughtworks\xstream\xstream\1.4.19\xstream-1.4.19.jar;C:\Users\ASUSTUF\.m2\repository\io\github\x-stream\mxparser\1.2.2\mxparser-1.2.2.jar;C:\Users\ASUSTUF\.m2\repository\xmlpull\xmlpull\1.1.3.1\xmlpull-1.1.3.1.jar;C:\Users\ASUSTUF\.m2\repository\io\cucumber\cucumber-java\7.2.3\cucumber-java-7.2.3.jar;C:\Users\ASUSTUF\.m2\repository\com\typesafe\config\1.4.2\config-1.4.2.jar;C:\Users\ASUSTUF\.m2\repository\org\imgscalr\imgscalr-lib\4.2\imgscalr-lib-4.2.jar;C:\Users\ASUSTUF\.m2\repository\org\awaitility\awaitility\4.2.0\awaitility-4.2.0.jar;C:\Users\ASUSTUF\.m2\repository\org\freemarker\freemarker\2.3.31\freemarker-2.3.31.jar;C:\Users\ASUSTUF\.m2\repository\io\github\classgraph\classgraph\4.8.138\classgraph-4.8.138.jar;C:\Users\ASUSTUF\.m2\repository\net\sourceforge\jexcelapi\jxl\2.6.12\jxl-2.6.12.jar;C:\Users\ASUSTUF\.m2\repository\net\bytebuddy\byte-buddy\1.12.8\byte-buddy-1.12.8.jar;C:\Users\ASUSTUF\.m2\repository\net\bytebuddy\byte-buddy-agent\1.12.8\byte-buddy-agent-1.12.8.jar;C:\Users\ASUSTUF\.m2\repository\org\objenesis\objenesis\3.1\objenesis-3.1.jar;C:\Users\ASUSTUF\.m2\repository\net\serenity-bdd\serenity-reports\3.2.1\serenity-reports-3.2.1.jar;C:\Users\ASUSTUF\.m2\repository\net\serenity-bdd\serenity-stats\3.2.1\serenity-stats-3.2.1.jar;C:\Users\ASUSTUF\.m2\repository\net\serenity-bdd\serenity-reports-configuration\3.2.1\serenity-reports-configuration-3.2.1.jar;C:\Users\ASUSTUF\.m2\repository\com\vladsch\flexmark\flexmark-all\0.34.30\flexmark-all-0.34.30.jar;C:\Users\ASUSTUF\.m2\repository\com\vladsch\flexmark\flexmark\0.34.30\flexmark-0.34.30.jar;C:\Users\ASUSTUF\.m2\repository\com\vladsch\flexmark\flexmark-ext-abbreviation\0.34.30\flexmark-ext-abbreviation-0.34.30.jar;C:\Users\ASUSTUF\.m2\repository\com\vladsch\flexmark\flexmark-ext-admonition\0.34.30\flexmark-ext-admonition-0.34.30.jar;C:\Users\ASUSTUF\.m2\repository\com\vladsch\flexmark\flexmark-ext-anchorlink\0.34.30\flexmark-ext-anchorlink-0.34.30.jar;C:\Users\ASUSTUF\.m2\repository\com\vladsch\flexmark\flexmark-ext-aside\0.34.30\flexmark-ext-aside-0.34.30.jar;C:\Users\ASUSTUF\.m2\repository\com\vladsch\flexmark\flexmark-ext-attributes\0.34.30\flexmark-ext-attributes-0.34.30.jar;C:\Users\ASUSTUF\.m2\repository\com\vladsch\flexmark\flexmark-ext-autolink\0.34.30\flexmark-ext-autolink-0.34.30.jar;C:\Users\ASUSTUF\.m2\repository\org\nibor\autolink\autolink\0.6.0\autolink-0.6.0.jar;C:\Users\ASUSTUF\.m2\repository\com\vladsch\flexmark\flexmark-ext-definition\0.34.30\flexmark-ext-definition-0.34.30.jar;C:\Users\ASUSTUF\.m2\repository\com\vladsch\flexmark\flexmark-ext-emoji\0.34.30\flexmark-ext-emoji-0.34.30.jar;C:\Users\ASUSTUF\.m2\repository\com\vladsch\flexmark\flexmark-ext-enumerated-reference\0.34.30\flexmark-ext-enumerated-reference-0.34.30.jar;C:\Users\ASUSTUF\.m2\repository\com\vladsch\flexmark\flexmark-ext-escaped-character\0.34.30\flexmark-ext-escaped-character-0.34.30.jar;C:\Users\ASUSTUF\.m2\repository\com\vladsch\flexmark\flexmark-ext-footnotes\0.34.30\flexmark-ext-footnotes-0.34.30.jar;C:\Users\ASUSTUF\.m2\repository\com\vladsch\flexmark\flexmark-ext-gfm-issues\0.34.30\flexmark-ext-gfm-issues-0.34.30.jar;C:\Users\ASUSTUF\.m2\repository\com\vladsch\flexmark\flexmark-ext-gfm-strikethrough\0.34.30\flexmark-ext-gfm-strikethrough-0.34.30.jar;C:\Users\ASUSTUF\.m2\repository\com\vladsch\flexmark\flexmark-ext-gfm-tables\0.34.30\flexmark-ext-gfm-tables-0.34.30.jar;C:\Users\ASUSTUF\.m2\repository\com\vladsch\flexmark\flexmark-ext-gfm-tasklist\0.34.30\flexmark-ext-gfm-tasklist-0.34.30.jar;C:\Users\ASUSTUF\.m2\repository\com\vladsch\flexmark\flexmark-ext-gfm-users\0.34.30\flexmark-ext-gfm-users-0.34.30.jar;C:\Users\ASUSTUF\.m2\repository\com\vladsch\flexmark\flexmark-ext-gitlab\0.34.30\flexmark-ext-gitlab-0.34.30.jar;C:\Users\ASUSTUF\.m2\repository\com\vladsch\flexmark\flexmark-ext-jekyll-front-matter\0.34.30\flexmark-ext-jekyll-front-matter-0.34.30.jar;C:\Users\ASUSTUF\.m2\repository\com\vladsch\flexmark\flexmark-ext-jekyll-tag\0.34.30\flexmark-ext-jekyll-tag-0.34.30.jar;C:\Users\ASUSTUF\.m2\repository\com\vladsch\flexmark\flexmark-ext-media-tags\0.34.30\flexmark-ext-media-tags-0.34.30.jar;C:\Users\ASUSTUF\.m2\repository\com\vladsch\flexmark\flexmark-test-util\0.34.30\flexmark-test-util-0.34.30.jar;C:\Users\ASUSTUF\.m2\repository\com\vladsch\flexmark\flexmark-ext-ins\0.34.30\flexmark-ext-ins-0.34.30.jar;C:\Users\ASUSTUF\.m2\repository\com\vladsch\flexmark\flexmark-ext-xwiki-macros\0.34.30\flexmark-ext-xwiki-macros-0.34.30.jar;C:\Users\ASUSTUF\.m2\repository\com\vladsch\flexmark\flexmark-ext-superscript\0.34.30\flexmark-ext-superscript-0.34.30.jar;C:\Users\ASUSTUF\.m2\repository\com\vladsch\flexmark\flexmark-ext-tables\0.34.30\flexmark-ext-tables-0.34.30.jar;C:\Users\ASUSTUF\.m2\repository\com\vladsch\flexmark\flexmark-ext-toc\0.34.30\flexmark-ext-toc-0.34.30.jar;C:\Users\ASUSTUF\.m2\repository\com\vladsch\flexmark\flexmark-ext-typographic\0.34.30\flexmark-ext-typographic-0.34.30.jar;C:\Users\ASUSTUF\.m2\repository\com\vladsch\flexmark\flexmark-ext-wikilink\0.34.30\flexmark-ext-wikilink-0.34.30.jar;C:\Users\ASUSTUF\.m2\repository\com\vladsch\flexmark\flexmark-ext-yaml-front-matter\0.34.30\flexmark-ext-yaml-front-matter-0.34.30.jar;C:\Users\ASUSTUF\.m2\repository\com\vladsch\flexmark\flexmark-ext-youtube-embedded\0.34.30\flexmark-ext-youtube-embedded-0.34.30.jar;C:\Users\ASUSTUF\.m2\repository\com\vladsch\flexmark\flexmark-formatter\0.34.30\flexmark-formatter-0.34.30.jar;C:\Users\ASUSTUF\.m2\repository\com\vladsch\flexmark\flexmark-html-parser\0.34.30\flexmark-html-parser-0.34.30.jar;C:\Users\ASUSTUF\.m2\repository\com\vladsch\flexmark\flexmark-jira-converter\0.34.30\flexmark-jira-converter-0.34.30.jar;C:\Users\ASUSTUF\.m2\repository\com\vladsch\flexmark\flexmark-pdf-converter\0.34.30\flexmark-pdf-converter-0.34.30.jar;C:\Users\ASUSTUF\.m2\repository\com\openhtmltopdf\openhtmltopdf-core\0.0.1-RC13\openhtmltopdf-core-0.0.1-RC13.jar;C:\Users\ASUSTUF\.m2\repository\com\openhtmltopdf\openhtmltopdf-pdfbox\0.0.1-RC13\openhtmltopdf-pdfbox-0.0.1-RC13.jar;C:\Users\ASUSTUF\.m2\repository\org\apache\pdfbox\pdfbox\2.0.8\pdfbox-2.0.8.jar;C:\Users\ASUSTUF\.m2\repository\org\apache\pdfbox\fontbox\2.0.8\fontbox-2.0.8.jar;C:\Users\ASUSTUF\.m2\repository\commons-logging\commons-logging\1.2\commons-logging-1.2.jar;C:\Users\ASUSTUF\.m2\repository\org\apache\pdfbox\xmpbox\2.0.8\xmpbox-2.0.8.jar;C:\Users\ASUSTUF\.m2\repository\de\rototor\pdfbox\graphics2d\0.12\graphics2d-0.12.jar;C:\Users\ASUSTUF\.m2\repository\com\openhtmltopdf\openhtmltopdf-rtl-support\0.0.1-RC13\openhtmltopdf-rtl-support-0.0.1-RC13.jar;C:\Users\ASUSTUF\.m2\repository\com\ibm\icu\icu4j\59.1\icu4j-59.1.jar;C:\Users\ASUSTUF\.m2\repository\com\openhtmltopdf\openhtmltopdf-jsoup-dom-converter\0.0.1-RC13\openhtmltopdf-jsoup-dom-converter-0.0.1-RC13.jar;C:\Users\ASUSTUF\.m2\repository\com\vladsch\flexmark\flexmark-profile-pegdown\0.34.30\flexmark-profile-pegdown-0.34.30.jar;C:\Users\ASUSTUF\.m2\repository\com\vladsch\flexmark\flexmark-util\0.34.30\flexmark-util-0.34.30.jar;C:\Users\ASUSTUF\.m2\repository\com\vladsch\flexmark\flexmark-youtrack-converter\0.34.30\flexmark-youtrack-converter-0.34.30.jar;C:\Users\ASUSTUF\.m2\repository\es\nitaur\markdown\txtmark\0.16\txtmark-0.16.jar;C:\Users\ASUSTUF\.m2\repository\net\serenity-bdd\serenity-report-resources\3.2.1\serenity-report-resources-3.2.1.jar;C:\Users\ASUSTUF\.m2\repository\com\google\code\gson\gson\2.9.0\gson-2.9.0.jar;C:\Users\ASUSTUF\.m2\repository\com\fasterxml\jackson\core\jackson-core\2.13.2\jackson-core-2.13.2.jar;C:\Users\ASUSTUF\.m2\repository\com\fasterxml\jackson\core\jackson-databind\2.13.2\jackson-databind-2.13.2.jar;C:\Users\ASUSTUF\.m2\repository\com\fasterxml\jackson\core\jackson-annotations\2.13.2\jackson-annotations-2.13.2.jar;C:\Users\ASUSTUF\.m2\repository\commons-codec\commons-codec\1.15\commons-codec-1.15.jar;C:\Users\ASUSTUF\.m2\repository\commons-io\commons-io\2.11.0\commons-io-2.11.0.jar;C:\Users\ASUSTUF\.m2\repository\org\seleniumhq\selenium\selenium-java\4.1.2\selenium-java-4.1.2.jar;C:\Users\ASUSTUF\.m2\repository\org\seleniumhq\selenium\selenium-devtools-v85\4.1.2\selenium-devtools-v85-4.1.2.jar;C:\Users\ASUSTUF\.m2\repository\org\seleniumhq\selenium\selenium-devtools-v95\4.1.2\selenium-devtools-v95-4.1.2.jar;C:\Users\ASUSTUF\.m2\repository\org\seleniumhq\selenium\selenium-devtools-v96\4.1.2\selenium-devtools-v96-4.1.2.jar;C:\Users\ASUSTUF\.m2\repository\org\seleniumhq\selenium\selenium-devtools-v97\4.1.2\selenium-devtools-v97-4.1.2.jar;C:\Users\ASUSTUF\.m2\repository\org\seleniumhq\selenium\selenium-firefox-xpi-driver\4.1.2\selenium-firefox-xpi-driver-4.1.2.jar;C:\Users\ASUSTUF\.m2\repository\org\seleniumhq\selenium\selenium-opera-driver\4.1.2\selenium-opera-driver-4.1.2.jar;C:\Users\ASUSTUF\.m2\repository\org\seleniumhq\selenium\selenium-remote-driver\4.1.2\selenium-remote-driver-4.1.2.jar;C:\Users\ASUSTUF\.m2\repository\com\beust\jcommander\1.82\jcommander-1.82.jar;C:\Users\ASUSTUF\.m2\repository\io\netty\netty-buffer\4.1.73.Final\netty-buffer-4.1.73.Final.jar;C:\Users\ASUSTUF\.m2\repository\io\netty\netty-codec-http\4.1.73.Final\netty-codec-http-4.1.73.Final.jar;C:\Users\ASUSTUF\.m2\repository\io\netty\netty-codec\4.1.73.Final\netty-codec-4.1.73.Final.jar;C:\Users\ASUSTUF\.m2\repository\io\netty\netty-handler\4.1.73.Final\netty-handler-4.1.73.Final.jar;C:\Users\ASUSTUF\.m2\repository\io\netty\netty-tcnative-classes\2.0.46.Final\netty-tcnative-classes-2.0.46.Final.jar;C:\Users\ASUSTUF\.m2\repository\io\netty\netty-common\4.1.73.Final\netty-common-4.1.73.Final.jar;C:\Users\ASUSTUF\.m2\repository\io\netty\netty-transport-classes-epoll\4.1.73.Final\netty-transport-classes-epoll-4.1.73.Final.jar;C:\Users\ASUSTUF\.m2\repository\io\netty\netty-transport-classes-kqueue\4.1.73.Final\netty-transport-classes-kqueue-4.1.73.Final.jar;C:\Users\ASUSTUF\.m2\repository\io\netty\netty-transport-native-epoll\4.1.73.Final\netty-transport-native-epoll-4.1.73.Final.jar;C:\Users\ASUSTUF\.m2\repository\io\netty\netty-transport-native-kqueue\4.1.73.Final\netty-transport-native-kqueue-4.1.73.Final.jar;C:\Users\ASUSTUF\.m2\repository\io\netty\netty-transport-native-unix-common\4.1.73.Final\netty-transport-native-unix-common-4.1.73.Final.jar;C:\Users\ASUSTUF\.m2\repository\io\netty\netty-transport\4.1.73.Final\netty-transport-4.1.73.Final.jar;C:\Users\ASUSTUF\.m2\repository\io\netty\netty-resolver\4.1.73.Final\netty-resolver-4.1.73.Final.jar;C:\Users\ASUSTUF\.m2\repository\io\opentelemetry\opentelemetry-api\1.10.1\opentelemetry-api-1.10.1.jar;C:\Users\ASUSTUF\.m2\repository\io\opentelemetry\opentelemetry-context\1.10.1\opentelemetry-context-1.10.1.jar;C:\Users\ASUSTUF\.m2\repository\io\opentelemetry\opentelemetry-exporter-logging\1.10.1\opentelemetry-exporter-logging-1.10.1.jar;C:\Users\ASUSTUF\.m2\repository\io\opentelemetry\opentelemetry-sdk-metrics\1.10.1-alpha\opentelemetry-sdk-metrics-1.10.1-alpha.jar;C:\Users\ASUSTUF\.m2\repository\io\opentelemetry\opentelemetry-sdk-logs\1.10.1-alpha\opentelemetry-sdk-logs-1.10.1-alpha.jar;C:\Users\ASUSTUF\.m2\repository\io\opentelemetry\opentelemetry-sdk-common\1.10.1\opentelemetry-sdk-common-1.10.1.jar;C:\Users\ASUSTUF\.m2\repository\io\opentelemetry\opentelemetry-sdk-extension-autoconfigure-spi\1.10.1\opentelemetry-sdk-extension-autoconfigure-spi-1.10.1.jar;C:\Users\ASUSTUF\.m2\repository\io\opentelemetry\opentelemetry-sdk-extension-autoconfigure\1.10.1-alpha\opentelemetry-sdk-extension-autoconfigure-1.10.1-alpha.jar;C:\Users\ASUSTUF\.m2\repository\io\opentelemetry\opentelemetry-sdk-trace\1.10.1\opentelemetry-sdk-trace-1.10.1.jar;C:\Users\ASUSTUF\.m2\repository\io\opentelemetry\opentelemetry-sdk\1.10.1\opentelemetry-sdk-1.10.1.jar;C:\Users\ASUSTUF\.m2\repository\io\opentelemetry\opentelemetry-semconv\1.10.1-alpha\opentelemetry-semconv-1.10.1-alpha.jar;C:\Users\ASUSTUF\.m2\repository\io\ous\jtoml\2.0.0\jtoml-2.0.0.jar;C:\Users\ASUSTUF\.m2\repository\org\apache\commons\commons-exec\1.3\commons-exec-1.3.jar;C:\Users\ASUSTUF\.m2\repository\org\asynchttpclient\async-http-client\2.12.3\async-http-client-2.12.3.jar;C:\Users\ASUSTUF\.m2\repository\org\asynchttpclient\async-http-client-netty-utils\2.12.3\async-http-client-netty-utils-2.12.3.jar;C:\Users\ASUSTUF\.m2\repository\io\netty\netty-codec-socks\4.1.60.Final\netty-codec-socks-4.1.60.Final.jar;C:\Users\ASUSTUF\.m2\repository\io\netty\netty-handler-proxy\4.1.60.Final\netty-handler-proxy-4.1.60.Final.jar;C:\Users\ASUSTUF\.m2\repository\io\netty\netty-transport-native-epoll\4.1.60.Final\netty-transport-native-epoll-4.1.60.Final-linux-x86_64.jar;C:\Users\ASUSTUF\.m2\repository\io\netty\netty-transport-native-kqueue\4.1.60.Final\netty-transport-native-kqueue-4.1.60.Final-osx-x86_64.jar;C:\Users\ASUSTUF\.m2\repository\org\reactivestreams\reactive-streams\1.0.3\reactive-streams-1.0.3.jar;C:\Users\ASUSTUF\.m2\repository\com\typesafe\netty\netty-reactive-streams\2.0.4\netty-reactive-streams-2.0.4.jar;C:\Users\ASUSTUF\.m2\repository\org\seleniumhq\selenium\selenium-http\4.1.2\selenium-http-4.1.2.jar;C:\Users\ASUSTUF\.m2\repository\net\jodah\failsafe\2.4.4\failsafe-2.4.4.jar;C:\Users\ASUSTUF\.m2\repository\org\seleniumhq\selenium\selenium-safari-driver\4.1.2\selenium-safari-driver-4.1.2.jar;C:\Users\ASUSTUF\.m2\repository\org\seleniumhq\selenium\selenium-api\4.1.2\selenium-api-4.1.2.jar;C:\Users\ASUSTUF\.m2\repository\org\seleniumhq\selenium\selenium-support\4.1.2\selenium-support-4.1.2.jar;C:\Users\ASUSTUF\.m2\repository\com\google\auto\service\auto-service-annotations\1.0.1\auto-service-annotations-1.0.1.jar;C:\Users\ASUSTUF\.m2\repository\com\google\auto\service\auto-service\1.0.1\auto-service-1.0.1.jar;C:\Users\ASUSTUF\.m2\repository\com\google\auto\auto-common\1.2\auto-common-1.2.jar;C:\Users\ASUSTUF\.m2\repository\org\seleniumhq\selenium\selenium-json\4.1.2\selenium-json-4.1.2.jar;C:\Users\ASUSTUF\.m2\repository\org\seleniumhq\selenium\selenium-chrome-driver\4.1.2\selenium-chrome-driver-4.1.2.jar;C:\Users\ASUSTUF\.m2\repository\org\seleniumhq\selenium\selenium-chromium-driver\4.1.2\selenium-chromium-driver-4.1.2.jar;C:\Users\ASUSTUF\.m2\repository\org\seleniumhq\selenium\selenium-firefox-driver\4.1.2\selenium-firefox-driver-4.1.2.jar;C:\Users\ASUSTUF\.m2\repository\org\seleniumhq\selenium\selenium-edge-driver\4.1.2\selenium-edge-driver-4.1.2.jar;C:\Users\ASUSTUF\.m2\repository\org\seleniumhq\selenium\selenium-ie-driver\4.1.2\selenium-ie-driver-4.1.2.jar;C:\Users\ASUSTUF\.m2\repository\org\projectlombok\lombok\1.18.20\lombok-1.18.20.jar;C:\Users\ASUSTUF\.m2\repository\io\appium\java-client\8.0.0\java-client-8.0.0.jar;C:\Users\ASUSTUF\.m2\repository\commons-validator\commons-validator\1.7\commons-validator-1.7.jar;C:\Users\ASUSTUF\.m2\repository\commons-digester\commons-digester\2.1\commons-digester-2.1.jar;C:\Users\ASUSTUF\.m2\repository\org\aspectj\aspectjweaver\1.9.8\aspectjweaver-1.9.8.jar;C:\Users\ASUSTUF\.m2\repository\org\codehaus\groovy\groovy\3.0.10\groovy-3.0.10.jar;C:\Users\ASUSTUF\.m2\repository\net\sf\opencsv\opencsv\2.0\opencsv-2.0.jar;C:\Users\ASUSTUF\.m2\repository\commons-beanutils\commons-beanutils\1.9.4\commons-beanutils-1.9.4.jar;C:\Users\ASUSTUF\.m2\repository\org\apache\commons\commons-lang3\3.12.0\commons-lang3-3.12.0.jar;C:\Users\ASUSTUF\.m2\repository\commons-collections\commons-collections\3.2.2\commons-collections-3.2.2.jar;C:\Users\ASUSTUF\.m2\repository\org\fluentlenium\fluentlenium-core\0.10.2\fluentlenium-core-0.10.2.jar;C:\Users\ASUSTUF\.m2\repository\io\github\bonigarcia\webdrivermanager\5.1.0\webdrivermanager-5.1.0.jar;C:\Users\ASUSTUF\.m2\repository\com\github\docker-java\docker-java\3.2.13\docker-java-3.2.13.jar;C:\Users\ASUSTUF\.m2\repository\com\github\docker-java\docker-java-core\3.2.13\docker-java-core-3.2.13.jar;C:\Users\ASUSTUF\.m2\repository\com\github\docker-java\docker-java-api\3.2.13\docker-java-api-3.2.13.jar;C:\Users\ASUSTUF\.m2\repository\org\apache\commons\commons-compress\1.21\commons-compress-1.21.jar;C:\Users\ASUSTUF\.m2\repository\org\bouncycastle\bcpkix-jdk15on\1.64\bcpkix-jdk15on-1.64.jar;C:\Users\ASUSTUF\.m2\repository\org\bouncycastle\bcprov-jdk15on\1.64\bcprov-jdk15on-1.64.jar;C:\Users\ASUSTUF\.m2\repository\org\slf4j\jcl-over-slf4j\1.7.30\jcl-over-slf4j-1.7.30.jar;C:\Users\ASUSTUF\.m2\repository\com\github\docker-java\docker-java-transport-httpclient5\3.2.13\docker-java-transport-httpclient5-3.2.13.jar;C:\Users\ASUSTUF\.m2\repository\com\github\docker-java\docker-java-transport\3.2.13\docker-java-transport-3.2.13.jar;C:\Users\ASUSTUF\.m2\repository\org\apache\httpcomponents\client5\httpclient5\5.0.3\httpclient5-5.0.3.jar;C:\Users\ASUSTUF\.m2\repository\org\apache\httpcomponents\core5\httpcore5\5.0.2\httpcore5-5.0.2.jar;C:\Users\ASUSTUF\.m2\repository\net\java\dev\jna\jna\5.8.0\jna-5.8.0.jar;C:\Users\ASUSTUF\.m2\repository\org\brotli\dec\0.1.2\dec-0.1.2.jar;C:\Users\ASUSTUF\.m2\repository\com\jhlabs\filters\2.0.235\filters-2.0.235.jar;C:\Users\ASUSTUF\.m2\repository\com\paulhammant\ngwebdriver\1.1.6\ngwebdriver-1.1.6.jar;C:\Users\ASUSTUF\.m2\repository\joda-time\joda-time\2.8.2\joda-time-2.8.2.jar;C:\Users\ASUSTUF\.m2\repository\org\hamcrest\hamcrest\2.2\hamcrest-2.2.jar;C:\Users\ASUSTUF\.m2\repository\com\google\jimfs\jimfs\1.2\jimfs-1.2.jar;C:\Users\ASUSTUF\.m2\repository\org\mockito\mockito-core\3.3.3\mockito-core-3.3.3.jar;C:\Users\ASUSTUF\.m2\repository\javax\xml\bind\jaxb-api\2.3.1\jaxb-api-2.3.1.jar;C:\Users\ASUSTUF\.m2\repository\javax\activation\javax.activation-api\1.2.0\javax.activation-api-1.2.0.jar;C:\Users\ASUSTUF\.m2\repository\com\sun\xml\bind\jaxb-core\2.3.0.1\jaxb-core-2.3.0.1.jar;C:\Users\ASUSTUF\.m2\repository\com\sun\xml\bind\jaxb-impl\2.3.3\jaxb-impl-2.3.3.jar;C:\Users\ASUSTUF\.m2\repository\jakarta\xml\bind\jakarta.xml.bind-api\2.3.3\jakarta.xml.bind-api-2.3.3.jar;C:\Users\ASUSTUF\.m2\repository\com\sun\activation\jakarta.activation\1.2.2\jakarta.activation-1.2.2.jar;C:\Users\ASUSTUF\.m2\repository\javax\activation\activation\1.1.1\activation-1.1.1.jar;C:\Users\ASUSTUF\.m2\repository\net\serenity-bdd\serenity-cucumber\3.2.1\serenity-cucumber-3.2.1.jar;C:\Users\ASUSTUF\.m2\repository\io\cucumber\cucumber-core\7.2.3\cucumber-core-7.2.3.jar;C:\Users\ASUSTUF\.m2\repository\io\cucumber\cucumber-gherkin\7.2.3\cucumber-gherkin-7.2.3.jar;C:\Users\ASUSTUF\.m2\repository\io\cucumber\cucumber-gherkin-messages\7.2.3\cucumber-gherkin-messages-7.2.3.jar;C:\Users\ASUSTUF\.m2\repository\io\cucumber\messages\17.1.1\messages-17.1.1.jar;C:\Users\ASUSTUF\.m2\repository\io\cucumber\tag-expressions\4.1.0\tag-expressions-4.1.0.jar;C:\Users\ASUSTUF\.m2\repository\io\cucumber\cucumber-expressions\15.0.1\cucumber-expressions-15.0.1.jar;C:\Users\ASUSTUF\.m2\repository\io\cucumber\datatable\7.2.3\datatable-7.2.3.jar;C:\Users\ASUSTUF\.m2\repository\io\cucumber\cucumber-plugin\7.2.3\cucumber-plugin-7.2.3.jar;C:\Users\ASUSTUF\.m2\repository\io\cucumber\docstring\7.2.3\docstring-7.2.3.jar;C:\Users\ASUSTUF\.m2\repository\io\cucumber\html-formatter\17.0.0\html-formatter-17.0.0.jar;C:\Users\ASUSTUF\.m2\repository\io\cucumber\ci-environment\8.1.0\ci-environment-8.1.0.jar;C:\Users\ASUSTUF\.m2\repository\io\cucumber\cucumber-junit\7.2.3\cucumber-junit-7.2.3.jar;C:\Users\ASUSTUF\.m2\repository\org\apache\commons\commons-csv\1.5\commons-csv-1.5.jar;C:\Users\ASUSTUF\.m2\repository\net\serenity-bdd\serenity-screenplay\3.2.1\serenity-screenplay-3.2.1.jar;C:\Users\ASUSTUF\.m2\repository\net\serenity-bdd\serenity-screenplay-webdriver\3.2.1\serenity-screenplay-webdriver-3.2.1.jar;C:\Users\ASUSTUF\.m2\repository\net\serenity-bdd\serenity-ensure\3.2.1\serenity-ensure-3.2.1.jar;C:\Users\ASUSTUF\.m2\repository\net\serenity-bdd\serenity-junit\3.2.1\serenity-junit-3.2.1.jar;C:\Users\ASUSTUF\.m2\repository\org\jetbrains\kotlin\kotlin-stdlib\1.6.0\kotlin-stdlib-1.6.0.jar;C:\Users\ASUSTUF\.m2\repository\org\jetbrains\annotations\13.0\annotations-13.0.jar;C:\Users\ASUSTUF\.m2\repository\org\jetbrains\kotlin\kotlin-stdlib-common\1.6.0\kotlin-stdlib-common-1.6.0.jar;C:\Users\ASUSTUF\.m2\repository\org\junit\platform\junit-platform-launcher\1.8.1\junit-platform-launcher-1.8.1.jar;C:\Users\ASUSTUF\.m2\repository\org\junit\platform\junit-platform-engine\1.8.1\junit-platform-engine-1.8.1.jar;C:\Users\ASUSTUF\.m2\repository\org\opentest4j\opentest4j\1.2.0\opentest4j-1.2.0.jar;C:\Users\ASUSTUF\.m2\repository\org\junit\platform\junit-platform-commons\1.8.1\junit-platform-commons-1.8.1.jar;C:\Users\ASUSTUF\.m2\repository\org\apiguardian\apiguardian-api\1.1.2\apiguardian-api-1.1.2.jar;C:\Users\ASUSTUF\.m2\repository\org\junit\jupiter\junit-jupiter-engine\5.8.2\junit-jupiter-engine-5.8.2.jar;C:\Users\ASUSTUF\.m2\repository\org\junit\jupiter\junit-jupiter-api\5.8.2\junit-jupiter-api-5.8.2.jar;C:\Users\ASUSTUF\.m2\repository\org\junit\vintage\junit-vintage-engine\5.8.2\junit-vintage-engine-5.8.2.jar;C:\Users\ASUSTUF\.m2\repository\junit\junit\4.13.2\junit-4.13.2.jar;C:\Users\ASUSTUF\.m2\repository\org\hamcrest\hamcrest-core\1.3\hamcrest-core-1.3.jar;C:\Users\ASUSTUF\.m2\repository\ch\qos\logback\logback-classic\1.2.10\logback-classic-1.2.10.jar;C:\Users\ASUSTUF\.m2\repository\ch\qos\logback\logback-core\1.2.10\logback-core-1.2.10.jar;C:\Users\ASUSTUF\.m2\repository\org\slf4j\slf4j-api\1.7.32\slf4j-api-1.7.32.jar;C:\Users\ASUSTUF\.m2\repository\org\assertj\assertj-core\3.6.2\assertj-core-3.6.2.jar;C:\Users\ASUSTUF\.m2\repository\org\apache\maven\surefire\surefire-junit-platform\3.0.0-M5\surefire-junit-platform-3.0.0-M5.jar;C:\Users\ASUSTUF\.m2\repository\org\apache\maven\surefire\common-java5\3.0.0-M5\common-java5-3.0.0-M5.jar"/>
    <property name="user.script" value=""/>
    <property name="java.protocol.handler.pkgs" value="com.google.common"/>
    <property name="sun.management.compiler" value="HotSpot 64-Bit Tiered Compilers"/>
    <property name="java.runtime.version" value="11.0.16+11-LTS-199"/>
    <property name="user.name" value="ASUSTUF"/>
    <property name="path.separator" value=";"/>
    <property name="os.version" value="10.0"/>
    <property name="java.runtime.name" value="Java(TM) SE Runtime Environment"/>
    <property name="file.encoding" value="Cp1252"/>
    <property name="webdriver.base.url" value=""/>
    <property name="java.vm.name" value="Java HotSpot(TM) 64-Bit Server VM"/>
    <property name="java.vendor.version" value="18.9"/>
    <property name="localRepository" value="C:\Users\ASUSTUF\.m2\repository"/>
    <property name="java.vendor.url.bug" value="https://bugreport.java.com/bugreport/"/>
    <property name="java.io.tmpdir" value="C:\Users\ASUSTUF\AppData\Local\Temp\"/>
    <property name="java.version" value="11.0.16"/>
    <property name="user.dir" value="C:\Users\ASUSTUF\OneDrive\Documents\Capstone Project\Web Automation"/>
    <property name="os.arch" value="amd64"/>
    <property name="java.vm.specification.name" value="Java Virtual Machine Specification"/>
    <property name="java.awt.printerjob" value="sun.awt.windows.WPrinterJob"/>
    <property name="sun.os.patch.level" value=""/>
    <property name="java.library.path" value="C:\Program Files\Java\jdk-11.0.16\bin;C:\WINDOWS\Sun\Java\bin;C:\WINDOWS\system32;C:\WINDOWS;C:\Program Files\Java\jdk-11.0.16\bin;C:\Program Files\Common Files\Oracle\Java\javapath;C:\Windows\system32;C:\Windows;C:\Windows\System32\Wbem;C:\Windows\System32\WindowsPowerShell\v1.0\;C:\Windows\System32\OpenSSH\;C:\Program Files (x86)\NVIDIA Corporation\PhysX\Common;C:\Program Files\NVIDIA Corporation\NVIDIA NvDLISR;C:\WINDOWS\system32;C:\WINDOWS;C:\WINDOWS\System32\Wbem;C:\WINDOWS\System32\WindowsPowerShell\v1.0\;C:\WINDOWS\System32\OpenSSH\;C:\Program Files\Git\cmd;C:\Program Files\Java\jdk-17.0.4\bin;C:\Program Files\apache-maven-3.8.6-bin\apache-maven-3.8.6\bin;C:\Users\ASUSTUF\AppData\Local\Android\Sdk\platform-tools;C:\Program Files\nodejs\;C:\Program Files\Java\jdk-11.0.16\bin;C:\Users\ASUSTUF\AppData\Local\Microsoft\WindowsApps;C:\Users\ASUSTUF\AppData\Local\GitHubDesktop\bin;C:\Users\ASUSTUF\AppData\Local\Programs\Microsoft VS Code\bin;C:\Users\ASUSTUF\AppData\Roaming\npm;;."/>
    <property name="java.vendor" value="Oracle Corporation"/>
    <property name="java.vm.info" value="mixed mode"/>
    <property name="java.vm.version" value="11.0.16+11-LTS-199"/>
    <property name="sun.io.unicode.encoding" value="UnicodeLittle"/>
    <property name="java.class.version" value="55.0"/>
  </properties>
  <testcase name="Approve a vaccination booking" classname="Manage vaccination bookings" time="20.159">
    <system-out><![CDATA[09:47:04.061 [main] INFO io.cucumber.core.plugin.SerenityReporter - Running feature from file:///C:/Users/ASUSTUF/OneDrive/Documents/Capstone%20Project/Web%20Automation/src/test/resources/features/ManageVaccinationBookings.feature
09:47:04.299 [main] INFO  - 

-------------------------------------------------------------------------------------
     _______. _______ .______       _______ .__   __.  __  .___________.____    ____ 
    /       ||   ____||   _  \     |   ____||  \ |  | |  | |           |\   \  /   / 
   |   (----`|  |__   |  |_)  |    |  |__   |   \|  | |  | `---|  |----` \   \/   /  
    \   \    |   __|  |      /     |   __|  |  . `  | |  |     |  |       \_    _/   
.----)   |   |  |____ |  |\  \----.|  |____ |  |\   | |  |     |  |         |  |     
|_______/    |_______|| _| `._____||_______||__| \__| |__|     |__|         |__|    
                                                                                     
 News and tutorials at http://www.serenity-bdd.info                                  
 Documentation at https://wakaleo.gitbooks.io/the-serenity-book/content/             
 Join the Serenity Community on Gitter: https://gitter.im/serenity-bdd/serenity-core 
 Serenity BDD Support and Training at http://serenity-bdd.info/#/trainingandsupport  
-------------------------------------------------------------------------------------

09:47:04.302 [main] DEBUG net.thucydides.core.steps.StepEventBus - Test suite started for story net.thucydides.core.model.Story@cce5c3f8
09:47:04.305 [main] INFO  - Test Suite Started: Manage vaccination bookings
09:47:04.328 [main] INFO io.cucumber.core.plugin.SerenityReporter - Running feature from file:///C:/Users/ASUSTUF/OneDrive/Documents/Capstone%20Project/Web%20Automation/src/test/resources/features/VaccineNames.feature
09:47:04.334 [main] DEBUG net.thucydides.core.steps.StepEventBus - Test suite started for story net.thucydides.core.model.Story@942a1b8b
09:47:04.334 [main] INFO  - Test Suite Started: Vaccine names
09:47:04.335 [main] INFO io.cucumber.core.plugin.SerenityReporter - Running feature from file:///C:/Users/ASUSTUF/OneDrive/Documents/Capstone%20Project/Web%20Automation/src/test/resources/features/ManageVaccinationBookings.feature
09:47:04.338 [main] DEBUG net.thucydides.core.steps.StepEventBus - Test suite started for story net.thucydides.core.model.Story@cce5c3f8
09:47:04.339 [main] INFO  - Test Suite Started: Manage vaccination bookings

Scenario: Approve a vaccination booking &amp#27;[90m# src/test/resources/features/ManageVaccinationBookings.feature:6&amp#27;[0m
09:47:04.459 [main] INFO io.cucumber.core.plugin.SerenityReporter - Running feature from file:///C:/Users/ASUSTUF/OneDrive/Documents/Capstone%20Project/Web%20Automation/src/test/resources/features/ManageVaccinationBookings.feature
09:47:04.625 [main] INFO  - 
  _____   ___   ___   _____     ___   _____     _     ___   _____   ___   ___  
 |_   _| | __| / __| |_   _|   / __| |_   _|   /_\   | _ \ |_   _| | __| |   \ 
   | |   | _|  \__ \   | |     \__ \   | |    / _ \  |   /   | |   | _|  | |) |
   |_|   |___| |___/   |_|     |___/   |_|   /_/ \_\ |_|_\   |_|   |___| |___/ 

Approve a vaccination booking(manage-vaccination-bookings;approve-a-vaccination-booking)
--------------------------------------------------------------------------------
09:47:05.633 [main] INFO net.serenitybdd.core.webdriver.driverproviders.ChromeDriverProvider - Using automatically driver download
09:47:06.700 [main] DEBUG io.github.bonigarcia.wdm.cache.ResolutionCache - Removing resolution chrome=108 from cache (expired on Wed Dec 21 16:22:11 ICT 2022)
09:47:06.724 [main] DEBUG org.apache.hc.client5.http.impl.classic.InternalHttpClient - ex-00000001: preparing request execution
09:47:06.731 [main] DEBUG org.apache.hc.client5.http.protocol.RequestAddCookies - Cookie spec selected: strict
09:47:06.738 [main] DEBUG org.apache.hc.client5.http.protocol.RequestAuthCache - Auth cache not set in the context
09:47:06.738 [main] DEBUG org.apache.hc.client5.http.impl.classic.ProtocolExec - ex-00000001: target auth state: UNCHALLENGED
09:47:06.739 [main] DEBUG org.apache.hc.client5.http.impl.classic.ProtocolExec - ex-00000001: proxy auth state: UNCHALLENGED
09:47:06.739 [main] DEBUG org.apache.hc.client5.http.impl.classic.ConnectExec - ex-00000001: acquiring connection with route {s}->https://raw.githubusercontent.com:443
09:47:06.739 [main] DEBUG org.apache.hc.client5.http.impl.classic.InternalHttpClient - ex-00000001: acquiring endpoint (3 MINUTES)
09:47:06.741 [main] DEBUG org.apache.hc.client5.http.impl.io.PoolingHttpClientConnectionManager - ex-00000001: endpoint lease request (3 MINUTES) [route: {s}->https://raw.githubusercontent.com:443][total available: 0; route allocated: 0 of 5; total allocated: 0 of 25]
09:47:06.745 [main] DEBUG org.apache.hc.client5.http.impl.io.PoolingHttpClientConnectionManager - ex-00000001: endpoint leased [route: {s}->https://raw.githubusercontent.com:443][total available: 0; route allocated: 1 of 5; total allocated: 1 of 25]
09:47:06.760 [main] DEBUG org.apache.hc.client5.http.impl.io.PoolingHttpClientConnectionManager - ex-00000001: acquired ep-00000000
09:47:06.760 [main] DEBUG org.apache.hc.client5.http.impl.classic.InternalHttpClient - ex-00000001: acquired endpoint ep-00000000
09:47:06.760 [main] DEBUG org.apache.hc.client5.http.impl.classic.ConnectExec - ex-00000001: opening connection {s}->https://raw.githubusercontent.com:443
09:47:06.761 [main] DEBUG org.apache.hc.client5.http.impl.classic.InternalHttpClient - ep-00000000: connecting endpoint (30 SECONDS)
09:47:06.762 [main] DEBUG org.apache.hc.client5.http.impl.io.PoolingHttpClientConnectionManager - ep-00000000: connecting endpoint to https://raw.githubusercontent.com:443 (30 SECONDS)
09:47:06.784 [main] DEBUG org.apache.hc.client5.http.impl.io.DefaultHttpClientConnectionOperator - http-outgoing-0: connecting to raw.githubusercontent.com/185.199.108.133:443
09:47:06.784 [main] DEBUG org.apache.hc.client5.http.ssl.SSLConnectionSocketFactory - Connecting socket to raw.githubusercontent.com/185.199.108.133:443 with timeout 30 SECONDS
09:47:06.879 [main] DEBUG org.apache.hc.client5.http.ssl.SSLConnectionSocketFactory - Enabled protocols: [TLSv1.3, TLSv1.2]
09:47:06.879 [main] DEBUG org.apache.hc.client5.http.ssl.SSLConnectionSocketFactory - Enabled cipher suites: [TLS_AES_256_GCM_SHA384, TLS_AES_128_GCM_SHA256, TLS_CHACHA20_POLY1305_SHA256, TLS_ECDHE_ECDSA_WITH_AES_256_GCM_SHA384, TLS_ECDHE_ECDSA_WITH_AES_128_GCM_SHA256, TLS_ECDHE_ECDSA_WITH_CHACHA20_POLY1305_SHA256, TLS_ECDHE_RSA_WITH_AES_256_GCM_SHA384, TLS_ECDHE_RSA_WITH_CHACHA20_POLY1305_SHA256, TLS_ECDHE_RSA_WITH_AES_128_GCM_SHA256, TLS_DHE_RSA_WITH_AES_256_GCM_SHA384, TLS_DHE_RSA_WITH_CHACHA20_POLY1305_SHA256, TLS_DHE_DSS_WITH_AES_256_GCM_SHA384, TLS_DHE_RSA_WITH_AES_128_GCM_SHA256, TLS_DHE_DSS_WITH_AES_128_GCM_SHA256, TLS_ECDHE_ECDSA_WITH_AES_256_CBC_SHA384, TLS_ECDHE_RSA_WITH_AES_256_CBC_SHA384, TLS_ECDHE_ECDSA_WITH_AES_128_CBC_SHA256, TLS_ECDHE_RSA_WITH_AES_128_CBC_SHA256, TLS_DHE_RSA_WITH_AES_256_CBC_SHA256, TLS_DHE_DSS_WITH_AES_256_CBC_SHA256, TLS_DHE_RSA_WITH_AES_128_CBC_SHA256, TLS_DHE_DSS_WITH_AES_128_CBC_SHA256, TLS_ECDH_ECDSA_WITH_AES_256_GCM_SHA384, TLS_ECDH_RSA_WITH_AES_256_GCM_SHA384, TLS_ECDH_ECDSA_WITH_AES_128_GCM_SHA256, TLS_ECDH_RSA_WITH_AES_128_GCM_SHA256, TLS_ECDH_ECDSA_WITH_AES_256_CBC_SHA384, TLS_ECDH_RSA_WITH_AES_256_CBC_SHA384, TLS_ECDH_ECDSA_WITH_AES_128_CBC_SHA256, TLS_ECDH_RSA_WITH_AES_128_CBC_SHA256, TLS_ECDHE_ECDSA_WITH_AES_256_CBC_SHA, TLS_ECDHE_RSA_WITH_AES_256_CBC_SHA, TLS_ECDHE_ECDSA_WITH_AES_128_CBC_SHA, TLS_ECDHE_RSA_WITH_AES_128_CBC_SHA, TLS_DHE_RSA_WITH_AES_256_CBC_SHA, TLS_DHE_DSS_WITH_AES_256_CBC_SHA, TLS_DHE_RSA_WITH_AES_128_CBC_SHA, TLS_DHE_DSS_WITH_AES_128_CBC_SHA, TLS_ECDH_ECDSA_WITH_AES_256_CBC_SHA, TLS_ECDH_RSA_WITH_AES_256_CBC_SHA, TLS_ECDH_ECDSA_WITH_AES_128_CBC_SHA, TLS_ECDH_RSA_WITH_AES_128_CBC_SHA, TLS_RSA_WITH_AES_256_GCM_SHA384, TLS_RSA_WITH_AES_128_GCM_SHA256, TLS_RSA_WITH_AES_256_CBC_SHA256, TLS_RSA_WITH_AES_128_CBC_SHA256, TLS_RSA_WITH_AES_256_CBC_SHA, TLS_RSA_WITH_AES_128_CBC_SHA, TLS_EMPTY_RENEGOTIATION_INFO_SCSV]
09:47:06.880 [main] DEBUG org.apache.hc.client5.http.ssl.SSLConnectionSocketFactory - Starting handshake
09:47:07.057 [main] DEBUG org.apache.hc.client5.http.ssl.SSLConnectionSocketFactory - Secure session established
09:47:07.057 [main] DEBUG org.apache.hc.client5.http.ssl.SSLConnectionSocketFactory -  negotiated protocol: TLSv1.3
09:47:07.057 [main] DEBUG org.apache.hc.client5.http.ssl.SSLConnectionSocketFactory -  negotiated cipher suite: TLS_AES_256_GCM_SHA384
09:47:07.058 [main] DEBUG org.apache.hc.client5.http.ssl.SSLConnectionSocketFactory -  peer principal: CN=*.github.io, O="GitHub, Inc.", L=San Francisco, ST=California, C=US
09:47:07.061 [main] DEBUG org.apache.hc.client5.http.ssl.SSLConnectionSocketFactory -  peer alternative names: [*.github.io, github.com, *.github.com, www.github.com, github.io, githubusercontent.com, *.githubusercontent.com]
09:47:07.061 [main] DEBUG org.apache.hc.client5.http.ssl.SSLConnectionSocketFactory -  issuer principal: CN=DigiCert TLS RSA SHA256 2020 CA1, O=DigiCert Inc, C=US
09:47:07.061 [main] DEBUG org.apache.hc.client5.http.impl.io.DefaultHttpClientConnectionOperator - http-outgoing-0: connection established 192.168.100.7:63078<->185.199.108.133:443
09:47:07.064 [main] DEBUG org.apache.hc.client5.http.impl.io.PoolingHttpClientConnectionManager - ep-00000000: connected http-outgoing-0
09:47:07.064 [main] DEBUG org.apache.hc.client5.http.impl.classic.InternalHttpClient - ep-00000000: endpoint connected
09:47:07.065 [main] DEBUG org.apache.hc.client5.http.impl.classic.MainClientExec - ex-00000001: executing GET /bonigarcia/webdrivermanager/master/src/main/resources/commands.properties HTTP/1.1
09:47:07.066 [main] DEBUG org.apache.hc.client5.http.impl.classic.InternalHttpClient - ep-00000000: start execution ex-00000001
09:47:07.066 [main] DEBUG org.apache.hc.client5.http.impl.io.PoolingHttpClientConnectionManager - ep-00000000: executing exchange ex-00000001 over http-outgoing-0
09:47:07.067 [main] DEBUG org.apache.hc.client5.http.headers - http-outgoing-0 >> GET /bonigarcia/webdrivermanager/master/src/main/resources/commands.properties HTTP/1.1
09:47:07.067 [main] DEBUG org.apache.hc.client5.http.headers - http-outgoing-0 >> user-agent: Apache-HttpClient/5.0
09:47:07.067 [main] DEBUG org.apache.hc.client5.http.headers - http-outgoing-0 >> accept-encoding: gzip, deflate, br
09:47:07.067 [main] DEBUG org.apache.hc.client5.http.headers - http-outgoing-0 >> cache-control: max-age=0
09:47:07.067 [main] DEBUG org.apache.hc.client5.http.headers - http-outgoing-0 >> connection: keep-alive
09:47:07.067 [main] DEBUG org.apache.hc.client5.http.headers - http-outgoing-0 >> Host: raw.githubusercontent.com
09:47:07.067 [main] DEBUG org.apache.hc.client5.http.wire - http-outgoing-0 >> "GET /bonigarcia/webdrivermanager/master/src/main/resources/commands.properties HTTP/1.1[\r][\n]"
09:47:07.067 [main] DEBUG org.apache.hc.client5.http.wire - http-outgoing-0 >> "user-agent: Apache-HttpClient/5.0[\r][\n]"
09:47:07.067 [main] DEBUG org.apache.hc.client5.http.wire - http-outgoing-0 >> "accept-encoding: gzip, deflate, br[\r][\n]"
09:47:07.067 [main] DEBUG org.apache.hc.client5.http.wire - http-outgoing-0 >> "cache-control: max-age=0[\r][\n]"
09:47:07.067 [main] DEBUG org.apache.hc.client5.http.wire - http-outgoing-0 >> "connection: keep-alive[\r][\n]"
09:47:07.068 [main] DEBUG org.apache.hc.client5.http.wire - http-outgoing-0 >> "Host: raw.githubusercontent.com[\r][\n]"
09:47:07.068 [main] DEBUG org.apache.hc.client5.http.wire - http-outgoing-0 >> "[\r][\n]"
09:47:07.089 [main] DEBUG org.apache.hc.client5.http.wire - http-outgoing-0 << "HTTP/1.1 200 OK[\r][\n]"
09:47:07.089 [main] DEBUG org.apache.hc.client5.http.wire - http-outgoing-0 << "Connection: keep-alive[\r][\n]"
09:47:07.089 [main] DEBUG org.apache.hc.client5.http.wire - http-outgoing-0 << "Content-Length: 723[\r][\n]"
09:47:07.089 [main] DEBUG org.apache.hc.client5.http.wire - http-outgoing-0 << "Cache-Control: max-age=300[\r][\n]"
09:47:07.089 [main] DEBUG org.apache.hc.client5.http.wire - http-outgoing-0 << "Content-Security-Policy: default-src 'none'; style-src 'unsafe-inline'; sandbox[\r][\n]"
09:47:07.089 [main] DEBUG org.apache.hc.client5.http.wire - http-outgoing-0 << "Content-Type: text/plain; charset=utf-8[\r][\n]"
09:47:07.089 [main] DEBUG org.apache.hc.client5.http.wire - http-outgoing-0 << "ETag: W/"e82b438271e9e8680c688b0b680efd0bdd22faa6d6f0a32fc1fd8accc486b67e"[\r][\n]"
09:47:07.089 [main] DEBUG org.apache.hc.client5.http.wire - http-outgoing-0 << "Strict-Transport-Security: max-age=31536000[\r][\n]"
09:47:07.089 [main] DEBUG org.apache.hc.client5.http.wire - http-outgoing-0 << "X-Content-Type-Options: nosniff[\r][\n]"
09:47:07.089 [main] DEBUG org.apache.hc.client5.http.wire - http-outgoing-0 << "X-Frame-Options: deny[\r][\n]"
09:47:07.089 [main] DEBUG org.apache.hc.client5.http.wire - http-outgoing-0 << "X-XSS-Protection: 1; mode=block[\r][\n]"
09:47:07.089 [main] DEBUG org.apache.hc.client5.http.wire - http-outgoing-0 << "X-GitHub-Request-Id: 57EA:2E58:ECADB:15578B:639D742D[\r][\n]"
09:47:07.089 [main] DEBUG org.apache.hc.client5.http.wire - http-outgoing-0 << "Content-Encoding: gzip[\r][\n]"
09:47:07.089 [main] DEBUG org.apache.hc.client5.http.wire - http-outgoing-0 << "Accept-Ranges: bytes[\r][\n]"
09:47:07.089 [main] DEBUG org.apache.hc.client5.http.wire - http-outgoing-0 << "Date: Thu, 22 Dec 2022 02:47:07 GMT[\r][\n]"
09:47:07.089 [main] DEBUG org.apache.hc.client5.http.wire - http-outgoing-0 << "Via: 1.1 varnish[\r][\n]"
09:47:07.090 [main] DEBUG org.apache.hc.client5.http.wire - http-outgoing-0 << "X-Served-By: cache-qpg1268-QPG[\r][\n]"
09:47:07.090 [main] DEBUG org.apache.hc.client5.http.wire - http-outgoing-0 << "X-Cache: HIT[\r][\n]"
09:47:07.090 [main] DEBUG org.apache.hc.client5.http.wire - http-outgoing-0 << "X-Cache-Hits: 1[\r][\n]"
09:47:07.090 [main] DEBUG org.apache.hc.client5.http.wire - http-outgoing-0 << "X-Timer: S1671677228.593746,VS0,VE1[\r][\n]"
09:47:07.090 [main] DEBUG org.apache.hc.client5.http.wire - http-outgoing-0 << "Vary: Authorization,Accept-Encoding,Origin[\r][\n]"
09:47:07.090 [main] DEBUG org.apache.hc.client5.http.wire - http-outgoing-0 << "Access-Control-Allow-Origin: *[\r][\n]"
09:47:07.090 [main] DEBUG org.apache.hc.client5.http.wire - http-outgoing-0 << "X-Fastly-Request-ID: 70fe72f23d0b0405b26a0988ec7142f02cefdf10[\r][\n]"
09:47:07.090 [main] DEBUG org.apache.hc.client5.http.wire - http-outgoing-0 << "Expires: Thu, 22 Dec 2022 02:52:07 GMT[\r][\n]"
09:47:07.090 [main] DEBUG org.apache.hc.client5.http.wire - http-outgoing-0 << "Source-Age: 70[\r][\n]"
09:47:07.090 [main] DEBUG org.apache.hc.client5.http.wire - http-outgoing-0 << "[\r][\n]"
09:47:07.093 [main] DEBUG org.apache.hc.client5.http.headers - http-outgoing-0 << HTTP/1.1 200 OK
09:47:07.093 [main] DEBUG org.apache.hc.client5.http.headers - http-outgoing-0 << Connection: keep-alive
09:47:07.093 [main] DEBUG org.apache.hc.client5.http.headers - http-outgoing-0 << Content-Length: 723
09:47:07.093 [main] DEBUG org.apache.hc.client5.http.headers - http-outgoing-0 << Cache-Control: max-age=300
09:47:07.093 [main] DEBUG org.apache.hc.client5.http.headers - http-outgoing-0 << Content-Security-Policy: default-src 'none'; style-src 'unsafe-inline'; sandbox
09:47:07.093 [main] DEBUG org.apache.hc.client5.http.headers - http-outgoing-0 << Content-Type: text/plain; charset=utf-8
09:47:07.093 [main] DEBUG org.apache.hc.client5.http.headers - http-outgoing-0 << ETag: W/"e82b438271e9e8680c688b0b680efd0bdd22faa6d6f0a32fc1fd8accc486b67e"
09:47:07.093 [main] DEBUG org.apache.hc.client5.http.headers - http-outgoing-0 << Strict-Transport-Security: max-age=31536000
09:47:07.093 [main] DEBUG org.apache.hc.client5.http.headers - http-outgoing-0 << X-Content-Type-Options: nosniff
09:47:07.093 [main] DEBUG org.apache.hc.client5.http.headers - http-outgoing-0 << X-Frame-Options: deny
09:47:07.093 [main] DEBUG org.apache.hc.client5.http.headers - http-outgoing-0 << X-XSS-Protection: 1; mode=block
09:47:07.093 [main] DEBUG org.apache.hc.client5.http.headers - http-outgoing-0 << X-GitHub-Request-Id: 57EA:2E58:ECADB:15578B:639D742D
09:47:07.093 [main] DEBUG org.apache.hc.client5.http.headers - http-outgoing-0 << Content-Encoding: gzip
09:47:07.093 [main] DEBUG org.apache.hc.client5.http.headers - http-outgoing-0 << Accept-Ranges: bytes
09:47:07.093 [main] DEBUG org.apache.hc.client5.http.headers - http-outgoing-0 << Date: Thu, 22 Dec 2022 02:47:07 GMT
09:47:07.094 [main] DEBUG org.apache.hc.client5.http.headers - http-outgoing-0 << Via: 1.1 varnish
09:47:07.094 [main] DEBUG org.apache.hc.client5.http.headers - http-outgoing-0 << X-Served-By: cache-qpg1268-QPG
09:47:07.094 [main] DEBUG org.apache.hc.client5.http.headers - http-outgoing-0 << X-Cache: HIT
09:47:07.094 [main] DEBUG org.apache.hc.client5.http.headers - http-outgoing-0 << X-Cache-Hits: 1
09:47:07.094 [main] DEBUG org.apache.hc.client5.http.headers - http-outgoing-0 << X-Timer: S1671677228.593746,VS0,VE1
09:47:07.094 [main] DEBUG org.apache.hc.client5.http.headers - http-outgoing-0 << Vary: Authorization,Accept-Encoding,Origin
09:47:07.094 [main] DEBUG org.apache.hc.client5.http.headers - http-outgoing-0 << Access-Control-Allow-Origin: *
09:47:07.094 [main] DEBUG org.apache.hc.client5.http.headers - http-outgoing-0 << X-Fastly-Request-ID: 70fe72f23d0b0405b26a0988ec7142f02cefdf10
09:47:07.094 [main] DEBUG org.apache.hc.client5.http.headers - http-outgoing-0 << Expires: Thu, 22 Dec 2022 02:52:07 GMT
09:47:07.094 [main] DEBUG org.apache.hc.client5.http.headers - http-outgoing-0 << Source-Age: 70
09:47:07.099 [main] DEBUG org.apache.hc.client5.http.impl.classic.MainClientExec - ex-00000001: connection can be kept alive for 3 MINUTES
09:47:07.104 [main] DEBUG org.apache.hc.client5.http.wire - http-outgoing-0 << "[0x1f][0xffffff8b][0x8][0x0][0x0][0x0][0x0][0x0][0x0][0x3][0xffffffb5]V]o[0xffffffda]0[0x14]}[0xffffffe7]W\[0xffffff81]*[0xffffffb5][0x12][0x1f][[M[0xffffffd3]$[0x1e]hF[0xffffffbb]i [0x18][0xffffffb4][0xffffffdd]&[0xfffffff9][0xffffffc5]$7[0xffffffc1]R[0x12]#;[0xffffff94]v[0xffffffbf]~[0xffffffb6][0xfffffff3]1[0xffffff92][0xffffff9a][0xffffffc1][0x1a]x[0xffffffcb][0xffffffb5][0xffffffaf][0xffffffcf]9[0xffffffbe][0xfffffff7]8v[0xb][0x1c][0x1e]E4[0xfffffff6]$x4[0xffffffa1][0xb]*[0xffffffb1][0xffffffd1][0xffffff82][0xfffffffb]%[0xffffff93][0xffffffe0][0xffffffb3][0x10][0xffffffc1][0xffffffe5]qBY,!Y[0xffffffea] KM8,[0x10][0xfffffff0][0x19][0xffffffdd]u[0xffffff82][0x1e][0xffffffb0][0xffffffd8]L[0xffffffcb]%[0xffffff86][0xffffffa1][0xe][0xffffffb8][0xfffffff0]P[0xffffffe8]$[0xf][0x13]t[0x13]3[0xfffffff9][0xffffff84]B2[0xffffffae][0xffffffe6]|@[0xfffffff5][0x1d][0x8][0xffffffc4][0x18][0x16][0xffffff82]o[0xffffffa4][0xffffff9a]P[0xffffff94][0xffffffe7][0xffffffce]R[0xfffffff0][0x8][0xffffffdb]p[0xffffffcb][0x4][0xfffffffa][0xfffffffc][0xffffffb9][\r][0xffffff93][0x15][\n]"
09:47:07.105 [main] DEBUG org.apache.hc.client5.http.wire - http-outgoing-0 << "[0xffffffda][0xffffff86][0xffffffa1][0x17][0xffffffa8]Q3[0xffffffcb][0xffffffd6][0xffffffd1][0xffffff85][0xffffffc6][0xfffffff7][0xffffff98][0xffffffef][0xffffffa3][0xffffffc0]8[0x1][0xffffffae]s[0x12][0x16][0x7] _d[0xffffff82][0xffffff91][0xffffff84][0xfffffff3][0x1f],[0xfffffff6][0x14]j[0x1b]F,^+[0xffffff98]1ua2[0xffffffbf]h([0xffffff8e][0xffffff94][0xffffffa2][0xffffff91]m[0xffffffa3][0xffffffeb][0xffffff9a][0xffffffb0][0xffffffbb]I[0x17]t[0xffffffdf][0xffffffbd][0xffffffef][0xffffffbb][0xffffff91][0xffffffd7]U[0xffffffbb][0xffffff82][0xffffff9e][0x3][0xffffff9b][0xffffff88][0xffffffb9][0xffffffa6]$[0xffffffa6][0xc][0xffffff9b][0xffffffa5][0xffffffe2][0xffffff83][0xffffff98]F[0xffffffd8]o[0xffffff9e]Mg[0xffffff93][0xffffffbb][0xffffffd9]`|[0xfffffffb]u4[0xffffff9c][0x7f]"}B[0xffffffce][0x8][0xffffffb9][0xffffffe3]<[0x8][0xffffff91][0xffffff90][0xffffff94][0xffffff82][0xffffff90][0xffffffc1]j[0x15]2WI[0xffffffe3]1![0x19][0xffffff91]BnB[0xffffff80][0x9]<f[0xffffffb5][0xffffffe8]=[0xffffffd1]p[0xffffffbd][[0xffffffcf][0xffffffe5][0x1b][0xfffffff4][0xffffff9c][0xffffffff][0xfffffffc][0xfffffff8][0xffffffe1][0xffffffe2][0xffffff94][0xffffffa2][0xffffffae][0xe][0x14]5[0xffffff9a]8[0xffffff83][0xffffffd1]`:[0xfffffffd]<[0xffffffb8][0x1f][0xffffff9c]R[0xffffffcf]u[0x7f]6[0xffffffbc][0xffffff83][0xffffffef][0xf][0xffffffc3][0xffffffd9]/[0xfffffff8][0xfffffff2][0xffffffcd]y s[0xffffffee]'[0x1b]*0g[0xffffffcb][0xffffffc8]nF7H][0xffffff83][0xffffff97]{[0xffffffb1]Q[0x5][\r][0xffffffb5]c[0xffffffb4][0xf][0x2][0xffffffb3][0xffffffb4][0xffffff93][0xe]C[0xffffffa7][0xffffffb3]kAD][0xffffff9d][0xffffffde][0xffffffdb][0xffffffda][0xffffff88][0xffffffec][0xffffffa5][0xffffffbc][0xffffff99][0xffffffd9][0xffffffba]t[0xffffffb5][0xffffffea]9[0xffffffea][0x10])[0xffffffb7][0xffffffca][0xffffff9e][0xfffffff2][0xffffffe2]d^N[0xffffffd8]FW[0x16][0xffffffcd][0xffffffdc]_[0x10][0xfffffff9]i|[0x1c][0xffffff93][0xffffff8e][0xfffffff9]o[0x16][0xffffff86]4'!$G[0xffffffdf]W[0xfffffff4]W*j[[0xfffffff3]xR[0xffffffae][0xffffffb6][0xc][0xffffffd0],; #[0xffffffa9][0xffffff92]5[0xffffffb5][0x7][0xffffff9c][0xffffffb5][0xffffffd0][0x7f][0xffffff90][0xffffffc7]jgs[0xfffffffc][0xffffffc2][0xb][0xffffffd9][0x0]t[0xffffff9e]^'Y[0xfffffffb][0xffffff9f][0xffffffb1][0xffffffd8]:[0xffffffbf][0xffffff8d][0xffffffa5][0xffffff9a][0xffffffad][0x7f]m[0x5]&[0xffffffaa][0xffffffa0]^[0xffffff9b][0xffffffcb][0x5]f[0xffffffae][0xffffffe0]RU[0xffffff82][0x10]MS9l[0xffffff91]4t[0xfffffffb][0xffffff8a]][0xffffffd6][0xfffffff4][0xffffff96][0xffffffa6][0xffffff9f]P[0xffffffce][0xffffffd5][0xffffffce][0xffffff93][0xffffffff][0xffffff97][0xffffffcc]p[0xfffffffd][0xfffffff3][0xffffffe8][0x1b][0xffffffcc][0xffffffa2][0xffffffd9]Q[0xffffffbe][0xffffffb2][0xffffffa3][0xffffffc7]m'[0xffffffdf][0xffffffe4][[0xfffffffb]^[0xffffffb0][0xffffff9a][0xffffffbe][0xffffffda][0xffffffda]_[0xffffffce][0xffffff80][0xffffffd2][0xffffffc1]7[0xffffffb7]][0xffffffc1]b[0xffffffee][0xffffffb5][0xffffffff]w[0xffffff83][0xffffffed][0xffffffa7];[0x15]<[0x10]4[0xffffff92][0xffffff84][0x18][\n]"
09:47:07.105 [main] DEBUG org.apache.hc.client5.http.wire - http-outgoing-0 << "BB[0xffffffba][0xffffff8e]][0xffffffb5]jo[0xffffffb9]+"[0xffffffea][0xffffffb4][0xffffffff]h"[0xffffffea]\?5[0xffffffa9][0xffffffaf]k[0xffffffec][0xffffffff]P[0xffffffea][\n]"
09:47:07.105 [main] DEBUG org.apache.hc.client5.http.wire - http-outgoing-0 << "w[0xffffffe1]K[0x13][0xffffffda][0xffffffec][0xffffff98][0xffffffe6]Y[0xfffffffd]h8m6[0xffffff9c]T[0xffffffc1][0xfffffff2][0xffffffa7][0xffffff91]z_[0xffffff95]o85p[0x1c][0x13][0xffffffe6][0xfffffff0]5[0xffffffee][0xfffffffc][0xffffff92][0xffffff96][0xffffffda][0xfffffff7][0xffffffcf][0xffffffb1][0x5][0x1d][0xffffffea]K[0xffffff9b]9[0xffffff8e][0xffffffad]e[0xfffffff7][0xffffff93][0xffffffa8]`[0xffffffda][0xffffffff][0x1a][0xffffffd2][0xffffff88][0xffffff85][0xfffffffd][0xfffffff2][0xffffff91]N[0xfffffff6]`[0xffffffdf]2[0xffffffcf][0xffffffae]E[0xffffff97][0xffffffc5][0xffffffa2][0xffffff9d][0xffffffef]'[0xffffff9d]mun.[0xffffffd3]f^[0xffffffc7][0xffffff82][0xffffffda][0xffffff82]9[0xfffffff5][0xffffffa9]`[0x5][0xffffffbc]4[0xffffffa1][0x1d]<M[0xffffffb5]A[0xffffffa7]3[[0xffffffc0][0x7f][0x0][0xffffffc1][0xffffffd0]$[0xffffff85][0x1d][\r][0x0][0x0]"
09:47:07.106 [main] DEBUG org.apache.hc.client5.http.impl.classic.InternalHttpClient - ep-00000000: releasing valid endpoint
09:47:07.106 [main] DEBUG org.apache.hc.client5.http.impl.io.PoolingHttpClientConnectionManager - ep-00000000: releasing endpoint
09:47:07.106 [main] DEBUG org.apache.hc.client5.http.impl.io.PoolingHttpClientConnectionManager - ep-00000000: connection http-outgoing-0 can be kept alive for 3 MINUTES
09:47:07.107 [main] DEBUG org.apache.hc.client5.http.impl.io.PoolingHttpClientConnectionManager - ep-00000000: connection released [route: {s}->https://raw.githubusercontent.com:443][total available: 1; route allocated: 1 of 5; total allocated: 1 of 25]
09:47:07.107 [main] DEBUG io.github.bonigarcia.wdm.versions.VersionDetector - Detecting chrome version using online commands.properties
09:47:07.110 [main] DEBUG io.github.bonigarcia.wdm.versions.Shell - Running command on the shell: [cmd.exe, /C, wmic, datafile, where, name="%PROGRAMFILES:\=\\%\\Google\\Chrome\\Application\\chrome.exe", get, Version, /value]
09:47:07.372 [main] DEBUG io.github.bonigarcia.wdm.versions.Shell - Result: 
09:47:07.373 [main] DEBUG io.github.bonigarcia.wdm.versions.Shell - Running command on the shell: [cmd.exe, /C, wmic, datafile, where, name="%PROGRAMFILES(X86):\=\\%\\Google\\Chrome\\Application\\chrome.exe", get, Version, /value]
09:47:07.532 [main] DEBUG io.github.bonigarcia.wdm.versions.Shell - Result: 
09:47:07.533 [main] DEBUG io.github.bonigarcia.wdm.versions.Shell - Running command on the shell: [cmd.exe, /C, wmic, datafile, where, name="%LOCALAPPDATA:\=\\%\\Google\\Chrome\\Application\\chrome.exe", get, Version, /value]
09:47:07.742 [main] DEBUG io.github.bonigarcia.wdm.versions.Shell - Result: Version=108.0.5359.125
09:47:07.745 [main] DEBUG io.github.bonigarcia.wdm.cache.ResolutionCache - Resolution chrome108=108.0.5359.71 in cache (valid until 13:40:45 22/12/2022 ICT)
09:47:07.748 [main] INFO io.github.bonigarcia.wdm.WebDriverManager - Using chromedriver 108.0.5359.71 (resolved driver for Chrome 108)
09:47:07.755 [main] DEBUG io.github.bonigarcia.wdm.cache.ResolutionCache - Storing resolution chrome=108 in cache (valid until 10:47:07 22/12/2022 ICT)
09:47:07.774 [main] DEBUG io.github.bonigarcia.wdm.WebDriverManager - Driver chromedriver 108.0.5359.71 found in cache
09:47:07.775 [main] INFO io.github.bonigarcia.wdm.WebDriverManager - Exporting webdriver.chrome.driver as C:\Users\ASUSTUF\.cache\selenium\chromedriver\win32\108.0.5359.71\chromedriver.exe
09:47:08.581 [main] DEBUG net.thucydides.core.reflection.ClassFinder - Could not load class .CucumberTestSuite
09:47:08.581 [main] DEBUG net.thucydides.core.reflection.ClassFinder - Could not load class .starter.pages.ManageVaccinationBookingsPage
09:47:08.581 [main] DEBUG net.thucydides.core.reflection.ClassFinder - Could not load class .starter.pages.VaccineNamesPage
09:47:08.581 [main] DEBUG net.thucydides.core.reflection.ClassFinder - Could not load class .starter.stepdefinitions.ManageVaccinationBookingsSteps
09:47:08.581 [main] DEBUG net.thucydides.core.reflection.ClassFinder - Could not load class .starter.stepdefinitions.VaccineNamesSteps
09:47:08.582 [main] DEBUG net.thucydides.core.reflection.ClassFinder - Could not load class META-INF.versions.9.com.sun.istack.logging.StackHelper
09:47:08.583 [main] DEBUG net.thucydides.core.reflection.ClassFinder - Could not load class META-INF.versions.9.com.sun.xml.bind.v2.runtime.reflect.opt.AccessorInjector
09:47:08.583 [main] DEBUG net.thucydides.core.reflection.ClassFinder - Could not load class META-INF.versions.9.com.sun.xml.bind.v2.runtime.reflect.opt.Injector
09:47:08.583 [main] DEBUG net.thucydides.core.reflection.ClassFinder - Could not load class META-INF.versions.9.com.sun.xml.bind.v2.runtime.reflect.opt.OptimizedAccessorFactory
09:47:08.584 [main] DEBUG net.thucydides.core.reflection.ClassFinder - Could not load class META-INF.versions.9.com.sun.xml.bind.v2.runtime.reflect.opt.OptimizedTransducedAccessorFactory
09:47:08.584 [main] DEBUG net.thucydides.core.reflection.ClassFinder - Could not load class META-INF.versions.9.io.opentelemetry.sdk.internal.CurrentJavaVersionSpecific
09:47:08.584 [main] DEBUG net.thucydides.core.reflection.ClassFinder - Could not load class META-INF.versions.9.io.opentelemetry.sdk.internal.Java9VersionSpecific
09:47:08.585 [main] DEBUG net.thucydides.core.reflection.ClassFinder - Could not load class META-INF.versions.9.javax.xml.bind.ModuleUtil
09:47:08.585 [main] DEBUG net.thucydides.core.reflection.ClassFinder - Could not load class META-INF.versions.9.module-info
09:47:08.585 [main] DEBUG net.thucydides.core.reflection.ClassFinder - Could not load class META-INF.versions.9.org.junit.platform.commons.util.ModuleUtils
09:47:08.995 [main] DEBUG net.thucydides.core.reflection.ClassFinder - Could not load class com.google.gson.internal.
09:47:09.216 [main] DEBUG net.thucydides.core.reflection.ClassFinder - Could not load class com.sun.xml.bind.v2.runtime.output.FastInfosetStreamWriterOutput
09:47:09.751 [main] DEBUG net.thucydides.core.reflection.ClassFinder - Could not load class module-info
09:47:13.213 [main] DEBUG io.netty.util.internal.logging.InternalLoggerFactory - Using SLF4J as the default logging framework
09:47:13.220 [main] DEBUG io.netty.util.ResourceLeakDetector - -Dio.netty.leakDetection.level: simple
09:47:13.220 [main] DEBUG io.netty.util.ResourceLeakDetector - -Dio.netty.leakDetection.targetRecords: 4
09:47:13.225 [main] DEBUG io.netty.util.ResourceLeakDetectorFactory - Loaded default ResourceLeakDetector: io.netty.util.ResourceLeakDetector@4589bc66
09:47:13.255 [main] DEBUG io.netty.util.internal.PlatformDependent0 - -Dio.netty.noUnsafe: false
09:47:13.255 [main] DEBUG io.netty.util.internal.PlatformDependent0 - Java version: 11
09:47:13.256 [main] DEBUG io.netty.util.internal.PlatformDependent0 - sun.misc.Unsafe.theUnsafe: available
09:47:13.256 [main] DEBUG io.netty.util.internal.PlatformDependent0 - sun.misc.Unsafe.copyMemory: available
09:47:13.257 [main] DEBUG io.netty.util.internal.PlatformDependent0 - java.nio.Buffer.address: available
09:47:13.257 [main] DEBUG io.netty.util.internal.PlatformDependent0 - direct buffer constructor: unavailable: Reflective setAccessible(true) disabled
09:47:13.258 [main] DEBUG io.netty.util.internal.PlatformDependent0 - java.nio.Bits.unaligned: available, true
09:47:13.259 [main] DEBUG io.netty.util.internal.PlatformDependent0 - jdk.internal.misc.Unsafe.allocateUninitializedArray(int): unavailable: class io.netty.util.internal.PlatformDependent0$6 cannot access class jdk.internal.misc.Unsafe (in module java.base) because module java.base does not export jdk.internal.misc to unnamed module @b93aad
09:47:13.261 [main] DEBUG io.netty.util.internal.PlatformDependent0 - java.nio.DirectByteBuffer.<init>(long, int): unavailable
09:47:13.261 [main] DEBUG io.netty.util.internal.PlatformDependent - sun.misc.Unsafe: available
09:47:13.265 [main] DEBUG io.netty.util.internal.PlatformDependent - maxDirectMemory: 2105540608 bytes (maybe)
09:47:13.266 [main] DEBUG io.netty.util.internal.PlatformDependent - -Dio.netty.tmpdir: C:\Users\ASUSTUF\AppData\Local\Temp (java.io.tmpdir)
09:47:13.266 [main] DEBUG io.netty.util.internal.PlatformDependent - -Dio.netty.bitMode: 64 (sun.arch.data.model)
09:47:13.266 [main] DEBUG io.netty.util.internal.PlatformDependent - Platform: Windows
09:47:13.267 [main] DEBUG io.netty.util.internal.PlatformDependent - -Dio.netty.maxDirectMemory: -1 bytes
09:47:13.267 [main] DEBUG io.netty.util.internal.PlatformDependent - -Dio.netty.uninitializedArrayAllocationThreshold: -1
09:47:13.268 [main] DEBUG io.netty.util.internal.CleanerJava9 - java.nio.ByteBuffer.cleaner(): available
09:47:13.268 [main] DEBUG io.netty.util.internal.PlatformDependent - -Dio.netty.noPreferDirect: false
09:47:13.276 [main] DEBUG io.netty.util.internal.PlatformDependent - org.jctools-core.MpscChunkedArrayQueue: available
09:47:13.304 [main] DEBUG io.netty.util.internal.InternalThreadLocalMap - -Dio.netty.threadLocalMap.stringBuilder.initialSize: 1024
09:47:13.305 [main] DEBUG io.netty.util.internal.InternalThreadLocalMap - -Dio.netty.threadLocalMap.stringBuilder.maxSize: 4096
09:47:13.324 [main] DEBUG io.netty.handler.ssl.JdkSslContext - Default protocols (JDK): [TLSv1.3, TLSv1.2] 
09:47:13.324 [main] DEBUG io.netty.handler.ssl.JdkSslContext - Default cipher suites (JDK): [TLS_ECDHE_ECDSA_WITH_AES_256_GCM_SHA384, TLS_ECDHE_ECDSA_WITH_AES_128_GCM_SHA256, TLS_ECDHE_RSA_WITH_AES_128_GCM_SHA256, TLS_ECDHE_RSA_WITH_AES_256_GCM_SHA384, TLS_ECDHE_RSA_WITH_AES_128_CBC_SHA, TLS_ECDHE_RSA_WITH_AES_256_CBC_SHA, TLS_RSA_WITH_AES_128_GCM_SHA256, TLS_RSA_WITH_AES_128_CBC_SHA, TLS_RSA_WITH_AES_256_CBC_SHA, TLS_AES_128_GCM_SHA256, TLS_AES_256_GCM_SHA384]
09:47:13.365 [main] DEBUG io.netty.channel.MultithreadEventLoopGroup - -Dio.netty.eventLoopThreads: 32
09:47:13.378 [main] DEBUG io.netty.channel.nio.NioEventLoop - -Dio.netty.noKeySetOptimization: false
09:47:13.378 [main] DEBUG io.netty.channel.nio.NioEventLoop - -Dio.netty.selectorAutoRebuildThreshold: 512
09:47:13.445 [main] DEBUG io.netty.buffer.PooledByteBufAllocator - -Dio.netty.allocator.numHeapArenas: 20
09:47:13.445 [main] DEBUG io.netty.buffer.PooledByteBufAllocator - -Dio.netty.allocator.numDirectArenas: 20
09:47:13.445 [main] DEBUG io.netty.buffer.PooledByteBufAllocator - -Dio.netty.allocator.pageSize: 8192
09:47:13.445 [main] DEBUG io.netty.buffer.PooledByteBufAllocator - -Dio.netty.allocator.maxOrder: 11
09:47:13.445 [main] DEBUG io.netty.buffer.PooledByteBufAllocator - -Dio.netty.allocator.chunkSize: 16777216
09:47:13.446 [main] DEBUG io.netty.buffer.PooledByteBufAllocator - -Dio.netty.allocator.smallCacheSize: 256
09:47:13.446 [main] DEBUG io.netty.buffer.PooledByteBufAllocator - -Dio.netty.allocator.normalCacheSize: 64
09:47:13.446 [main] DEBUG io.netty.buffer.PooledByteBufAllocator - -Dio.netty.allocator.maxCachedBufferCapacity: 32768
09:47:13.446 [main] DEBUG io.netty.buffer.PooledByteBufAllocator - -Dio.netty.allocator.cacheTrimInterval: 8192
09:47:13.446 [main] DEBUG io.netty.buffer.PooledByteBufAllocator - -Dio.netty.allocator.cacheTrimIntervalMillis: 0
09:47:13.446 [main] DEBUG io.netty.buffer.PooledByteBufAllocator - -Dio.netty.allocator.useCacheForAllThreads: true
09:47:13.446 [main] DEBUG io.netty.buffer.PooledByteBufAllocator - -Dio.netty.allocator.maxCachedByteBuffersPerChunk: 1023
09:47:13.459 [main] DEBUG io.netty.buffer.ByteBufUtil - -Dio.netty.allocator.type: pooled
09:47:13.459 [main] DEBUG io.netty.buffer.ByteBufUtil - -Dio.netty.threadLocalDirectBufferSize: 0
09:47:13.459 [main] DEBUG io.netty.buffer.ByteBufUtil - -Dio.netty.maxThreadLocalCharBufferSize: 16384
09:47:13.689 [main] DEBUG net.serenitybdd.core.webdriver.driverproviders.ProvideNewDriver - Instantiating driver
09:47:13.689 [main] DEBUG net.serenitybdd.core.webdriver.driverproviders.ProvideNewDriver - Driver capabilities: Capabilities {acceptInsecureCerts: false, base.url: https://vaksin-id.netlify.app/, browserName: chrome, chrome.driver: src/test/resources/webdrive..., driver: chrome, goog:chromeOptions: {args: [], extensions: []}}
09:47:14.393 [Forwarding newSession on session null to remote] DEBUG io.netty.channel.DefaultChannelId - -Dio.netty.processId: 19852 (auto-detected)
09:47:14.395 [Forwarding newSession on session null to remote] DEBUG io.netty.util.NetUtil - -Djava.net.preferIPv4Stack: false
09:47:14.395 [Forwarding newSession on session null to remote] DEBUG io.netty.util.NetUtil - -Djava.net.preferIPv6Addresses: false
09:47:14.669 [Forwarding newSession on session null to remote] DEBUG io.netty.util.NetUtilInitializations - Loopback interface: lo (Software Loopback Interface 1, 127.0.0.1)
09:47:14.671 [Forwarding newSession on session null to remote] DEBUG io.netty.util.NetUtil - Failed to get SOMAXCONN from sysctl and file \proc\sys\net\core\somaxconn. Default: 200
09:47:14.945 [Forwarding newSession on session null to remote] DEBUG io.netty.channel.DefaultChannelId - -Dio.netty.machineId: 78:2b:46:ff:fe:49:0d:9f (auto-detected)
09:47:15.021 [AsyncHttpClient-1-2] DEBUG io.netty.buffer.AbstractByteBuf - -Dio.netty.buffer.checkAccessible: true
09:47:15.022 [AsyncHttpClient-1-2] DEBUG io.netty.buffer.AbstractByteBuf - -Dio.netty.buffer.checkBounds: true
09:47:15.022 [AsyncHttpClient-1-2] DEBUG io.netty.util.ResourceLeakDetectorFactory - Loaded default ResourceLeakDetector: io.netty.util.ResourceLeakDetector@52798258
09:47:15.041 [AsyncHttpClient-1-2] DEBUG org.asynchttpclient.netty.channel.NettyConnectListener - Using new Channel '[id: 0x3e50d738, L:/127.0.0.1:63149 - R:localhost/127.0.0.1:57571]' for 'POST' to '/session'
09:47:15.068 [AsyncHttpClient-1-2] DEBUG io.netty.util.Recycler - -Dio.netty.recycler.maxCapacityPerThread: 4096
09:47:15.068 [AsyncHttpClient-1-2] DEBUG io.netty.util.Recycler - -Dio.netty.recycler.ratio: 8
09:47:15.068 [AsyncHttpClient-1-2] DEBUG io.netty.util.Recycler - -Dio.netty.recycler.chunkSize: 32
09:47:15.068 [AsyncHttpClient-1-2] DEBUG io.netty.util.Recycler - -Dio.netty.recycler.blocking: false
09:47:16.033 [AsyncHttpClient-1-2] DEBUG io.netty.handler.codec.compression.Brotli - brotli4j not in the classpath; Brotli support will be unavailable.
09:47:16.034 [AsyncHttpClient-1-2] DEBUG org.asynchttpclient.netty.handler.HttpHandler - 

Request DefaultHttpRequest(decodeResult: success, version: HTTP/1.1)
POST /session HTTP/1.1
User-Agent: selenium/4.1.2 (java windows)
Content-Length: 616
Content-Type: application/json; charset=utf-8
host: localhost:57571
accept: */*

Response DefaultHttpResponse(decodeResult: success, version: HTTP/1.1)
HTTP/1.1 200 OK
Content-Type: application/json; charset=utf-8
cache-control: no-cache
content-length: 792

09:47:16.052 [AsyncHttpClient-1-2] DEBUG org.asynchttpclient.netty.channel.ChannelManager - Adding key: http://localhost:57571 for channel [id: 0x3e50d738, L:/127.0.0.1:63149 - R:localhost/127.0.0.1:57571]
09:47:16.201 [AsyncHttpClient-1-3] DEBUG org.asynchttpclient.netty.channel.NettyConnectListener - Using new Channel '[id: 0x6f4d549a, L:/127.0.0.1:63157 - R:localhost/127.0.0.1:63150]' for 'GET' to '/json/version'
09:47:16.221 [AsyncHttpClient-1-3] DEBUG org.asynchttpclient.netty.handler.HttpHandler - 

Request DefaultFullHttpRequest(decodeResult: success, version: HTTP/1.1, content: EmptyByteBufBE)
GET /json/version HTTP/1.1
User-Agent: selenium/4.1.2 (java windows)
host: localhost:63150
accept: */*

Response DefaultHttpResponse(decodeResult: success, version: HTTP/1.1)
HTTP/1.1 200 OK
Content-Type: application/json; charset=UTF-8
content-length: 424

09:47:16.221 [AsyncHttpClient-1-3] DEBUG org.asynchttpclient.netty.channel.ChannelManager - Adding key: http://localhost:63150 for channel [id: 0x6f4d549a, L:/127.0.0.1:63157 - R:localhost/127.0.0.1:63150]
09:47:16.243 [main] DEBUG io.netty.util.internal.ThreadLocalRandom - -Dio.netty.initialSeedUniquifier: 0x9203ffa56115bd9d
09:47:16.253 [AsyncHttpClient-1-4] DEBUG org.asynchttpclient.netty.channel.NettyConnectListener - Using new Channel '[id: 0xa5c9d427, L:/127.0.0.1:63158 - R:localhost/127.0.0.1:63150]' for 'GET' to '/devtools/browser/508bf638-570f-4ac8-b3f4-21a4835301a0'
09:47:16.284 [AsyncHttpClient-1-4] DEBUG org.asynchttpclient.netty.handler.WebSocketHandler - 

Request DefaultFullHttpRequest(decodeResult: success, version: HTTP/1.1, content: EmptyByteBufBE)
GET /devtools/browser/508bf638-570f-4ac8-b3f4-21a4835301a0 HTTP/1.1
upgrade: websocket
connection: upgrade
sec-websocket-key: ZztkvwJabUQUAzXAKOfcPQ==
sec-websocket-version: 13
origin: http://localhost:63150
host: localhost:63150
accept: */*
user-agent: AHC/2.1

Response DefaultHttpResponse(decodeResult: success, version: HTTP/1.1)
HTTP/1.1 101 WebSocket Protocol Handshake
Upgrade: WebSocket
Connection: Upgrade
Sec-WebSocket-Accept: 1ohnMrGrwD0Xh0XP4ghEtUUf8NU=

09:47:16.588 [AsyncHttpClient-1-1] DEBUG org.asynchttpclient.netty.channel.DefaultChannelPool - Entry count for : http://localhost:57571 : 1
09:47:16.588 [AsyncHttpClient-1-1] DEBUG org.asynchttpclient.netty.channel.DefaultChannelPool - Entry count for : http://localhost:63150 : 1
09:47:17.309 [main] DEBUG net.thucydides.core.reflection.ClassFinder - Could not load class .CucumberTestSuite
09:47:17.310 [main] DEBUG net.thucydides.core.reflection.ClassFinder - Could not load class .starter.pages.ManageVaccinationBookingsPage
09:47:17.310 [main] DEBUG net.thucydides.core.reflection.ClassFinder - Could not load class .starter.pages.VaccineNamesPage
09:47:17.310 [main] DEBUG net.thucydides.core.reflection.ClassFinder - Could not load class .starter.stepdefinitions.ManageVaccinationBookingsSteps
09:47:17.310 [main] DEBUG net.thucydides.core.reflection.ClassFinder - Could not load class .starter.stepdefinitions.VaccineNamesSteps
09:47:17.310 [main] DEBUG net.thucydides.core.reflection.ClassFinder - Could not load class META-INF.versions.9.com.sun.istack.logging.StackHelper
09:47:17.311 [main] DEBUG net.thucydides.core.reflection.ClassFinder - Could not load class META-INF.versions.9.com.sun.xml.bind.v2.runtime.reflect.opt.AccessorInjector
09:47:17.311 [main] DEBUG net.thucydides.core.reflection.ClassFinder - Could not load class META-INF.versions.9.com.sun.xml.bind.v2.runtime.reflect.opt.Injector
09:47:17.311 [main] DEBUG net.thucydides.core.reflection.ClassFinder - Could not load class META-INF.versions.9.com.sun.xml.bind.v2.runtime.reflect.opt.OptimizedAccessorFactory
09:47:17.312 [main] DEBUG net.thucydides.core.reflection.ClassFinder - Could not load class META-INF.versions.9.com.sun.xml.bind.v2.runtime.reflect.opt.OptimizedTransducedAccessorFactory
09:47:17.312 [main] DEBUG net.thucydides.core.reflection.ClassFinder - Could not load class META-INF.versions.9.io.opentelemetry.sdk.internal.CurrentJavaVersionSpecific
09:47:17.313 [main] DEBUG net.thucydides.core.reflection.ClassFinder - Could not load class META-INF.versions.9.io.opentelemetry.sdk.internal.Java9VersionSpecific
09:47:17.315 [main] DEBUG net.thucydides.core.reflection.ClassFinder - Could not load class META-INF.versions.9.javax.xml.bind.ModuleUtil
09:47:17.316 [main] DEBUG net.thucydides.core.reflection.ClassFinder - Could not load class META-INF.versions.9.module-info
09:47:17.317 [main] DEBUG net.thucydides.core.reflection.ClassFinder - Could not load class META-INF.versions.9.org.junit.platform.commons.util.ModuleUtils
09:47:17.320 [main] DEBUG net.thucydides.core.reflection.ClassFinder - Could not load class com.google.gson.internal.
09:47:17.321 [main] DEBUG net.thucydides.core.reflection.ClassFinder - Could not load class com.sun.xml.bind.v2.runtime.output.FastInfosetStreamWriterOutput
09:47:17.324 [main] DEBUG net.thucydides.core.reflection.ClassFinder - Could not load class module-info
09:47:17.351 [Forwarding get on session 4875dcf488b6afea81bf35f06e9257c1 to remote] DEBUG org.asynchttpclient.netty.request.NettyRequestSender - Using pooled Channel '[id: 0x3e50d738, L:/127.0.0.1:63149 - R:localhost/127.0.0.1:57571]' for 'POST' to 'http://localhost:57571/session/4875dcf488b6afea81bf35f06e9257c1/url'
09:47:17.351 [Forwarding get on session 4875dcf488b6afea81bf35f06e9257c1 to remote] DEBUG org.asynchttpclient.netty.request.NettyRequestSender - Using open Channel [id: 0x3e50d738, L:/127.0.0.1:63149 - R:localhost/127.0.0.1:57571] for POST '/session/4875dcf488b6afea81bf35f06e9257c1/url'
09:47:17.684 [AsyncHttpClient-1-1] DEBUG org.asynchttpclient.netty.channel.DefaultChannelPool - Entry count for : http://localhost:63150 : 1
09:47:18.722 [AsyncHttpClient-1-2] DEBUG org.asynchttpclient.netty.handler.HttpHandler - 

Request DefaultHttpRequest(decodeResult: success, version: HTTP/1.1)
POST /session/4875dcf488b6afea81bf35f06e9257c1/url HTTP/1.1
User-Agent: selenium/4.1.2 (java windows)
Content-Length: 60
Content-Type: application/json; charset=utf-8
host: localhost:57571
accept: */*

Response DefaultHttpResponse(decodeResult: success, version: HTTP/1.1)
HTTP/1.1 200 OK
Content-Type: application/json; charset=utf-8
cache-control: no-cache
content-length: 14

09:47:18.723 [AsyncHttpClient-1-2] DEBUG org.asynchttpclient.netty.channel.ChannelManager - Adding key: http://localhost:57571 for channel [id: 0x3e50d738, L:/127.0.0.1:63149 - R:localhost/127.0.0.1:57571]
09:47:18.728 [Forwarding setTimeout on session 4875dcf488b6afea81bf35f06e9257c1 to remote] DEBUG org.asynchttpclient.netty.request.NettyRequestSender - Using pooled Channel '[id: 0x3e50d738, L:/127.0.0.1:63149 - R:localhost/127.0.0.1:57571]' for 'POST' to 'http://localhost:57571/session/4875dcf488b6afea81bf35f06e9257c1/timeouts'
09:47:18.729 [Forwarding setTimeout on session 4875dcf488b6afea81bf35f06e9257c1 to remote] DEBUG org.asynchttpclient.netty.request.NettyRequestSender - Using open Channel [id: 0x3e50d738, L:/127.0.0.1:63149 - R:localhost/127.0.0.1:57571] for POST '/session/4875dcf488b6afea81bf35f06e9257c1/timeouts'
09:47:18.733 [AsyncHttpClient-1-2] DEBUG org.asynchttpclient.netty.handler.HttpHandler - 

Request DefaultHttpRequest(decodeResult: success, version: HTTP/1.1)
POST /session/4875dcf488b6afea81bf35f06e9257c1/timeouts HTTP/1.1
User-Agent: selenium/4.1.2 (java windows)
Content-Length: 22
Content-Type: application/json; charset=utf-8
host: localhost:57571
accept: */*

Response DefaultHttpResponse(decodeResult: success, version: HTTP/1.1)
HTTP/1.1 200 OK
Content-Type: application/json; charset=utf-8
cache-control: no-cache
content-length: 14

09:47:18.733 [AsyncHttpClient-1-2] DEBUG org.asynchttpclient.netty.channel.ChannelManager - Adding key: http://localhost:57571 for channel [id: 0x3e50d738, L:/127.0.0.1:63149 - R:localhost/127.0.0.1:57571]
09:47:18.741 [Forwarding getCurrentUrl on session 4875dcf488b6afea81bf35f06e9257c1 to remote] DEBUG org.asynchttpclient.netty.request.NettyRequestSender - Using pooled Channel '[id: 0x3e50d738, L:/127.0.0.1:63149 - R:localhost/127.0.0.1:57571]' for 'GET' to 'http://localhost:57571/session/4875dcf488b6afea81bf35f06e9257c1/url'
09:47:18.741 [Forwarding getCurrentUrl on session 4875dcf488b6afea81bf35f06e9257c1 to remote] DEBUG org.asynchttpclient.netty.request.NettyRequestSender - Using open Channel [id: 0x3e50d738, L:/127.0.0.1:63149 - R:localhost/127.0.0.1:57571] for GET '/session/4875dcf488b6afea81bf35f06e9257c1/url'
09:47:18.756 [AsyncHttpClient-1-2] DEBUG org.asynchttpclient.netty.handler.HttpHandler - 

Request DefaultFullHttpRequest(decodeResult: success, version: HTTP/1.1, content: EmptyByteBufBE)
GET /session/4875dcf488b6afea81bf35f06e9257c1/url HTTP/1.1
User-Agent: selenium/4.1.2 (java windows)
Cache-Control: no-cache
Content-Type: application/json; charset=utf-8
host: localhost:57571
accept: */*

Response DefaultHttpResponse(decodeResult: success, version: HTTP/1.1)
HTTP/1.1 200 OK
Content-Type: application/json; charset=utf-8
cache-control: no-cache
content-length: 42

09:47:18.757 [AsyncHttpClient-1-2] DEBUG org.asynchttpclient.netty.channel.ChannelManager - Adding key: http://localhost:57571 for channel [id: 0x3e50d738, L:/127.0.0.1:63149 - R:localhost/127.0.0.1:57571]
  &amp#27;[32mGiven &amp#27;[0m&amp#27;[32mI am on landing page&amp#27;[0m            &amp#27;[90m# starter.stepdefinitions.ManageVaccinationBookingsSteps.iAmOnLandingPage()&amp#27;[0m
09:47:18.782 [AsyncHttpClient-1-1] DEBUG org.asynchttpclient.netty.channel.DefaultChannelPool - Entry count for : http://localhost:57571 : 1
09:47:18.782 [AsyncHttpClient-1-1] DEBUG org.asynchttpclient.netty.channel.DefaultChannelPool - Entry count for : http://localhost:63150 : 1
09:47:18.790 [main] DEBUG net.serenitybdd.core.photography.Darkroom - Opening darkroom
09:47:18.791 [Darkroom Processing Line] DEBUG net.serenitybdd.core.photography.DarkroomProcessingLine - Darkroom processing line starting up
09:47:18.792 [Forwarding screenshot on session 4875dcf488b6afea81bf35f06e9257c1 to remote] DEBUG org.asynchttpclient.netty.request.NettyRequestSender - Using pooled Channel '[id: 0x3e50d738, L:/127.0.0.1:63149 - R:localhost/127.0.0.1:57571]' for 'GET' to 'http://localhost:57571/session/4875dcf488b6afea81bf35f06e9257c1/screenshot'
09:47:18.792 [Forwarding screenshot on session 4875dcf488b6afea81bf35f06e9257c1 to remote] DEBUG org.asynchttpclient.netty.request.NettyRequestSender - Using open Channel [id: 0x3e50d738, L:/127.0.0.1:63149 - R:localhost/127.0.0.1:57571] for GET '/session/4875dcf488b6afea81bf35f06e9257c1/screenshot'
09:47:19.793 [AsyncHttpClient-1-2] DEBUG org.asynchttpclient.netty.handler.HttpHandler - 

Request DefaultFullHttpRequest(decodeResult: success, version: HTTP/1.1, content: EmptyByteBufBE)
GET /session/4875dcf488b6afea81bf35f06e9257c1/screenshot HTTP/1.1
User-Agent: selenium/4.1.2 (java windows)
Cache-Control: no-cache
Content-Type: application/json; charset=utf-8
host: localhost:57571
accept: */*

Response DefaultHttpResponse(decodeResult: success, version: HTTP/1.1)
HTTP/1.1 200 OK
Content-Type: application/json; charset=utf-8
cache-control: no-cache
content-length: 847132

09:47:19.803 [AsyncHttpClient-1-2] DEBUG org.asynchttpclient.netty.channel.ChannelManager - Adding key: http://localhost:57571 for channel [id: 0x3e50d738, L:/127.0.0.1:63149 - R:localhost/127.0.0.1:57571]
09:47:19.890 [AsyncHttpClient-1-1] DEBUG org.asynchttpclient.netty.channel.DefaultChannelPool - Entry count for : http://localhost:57571 : 1
09:47:19.890 [AsyncHttpClient-1-1] DEBUG org.asynchttpclient.netty.channel.DefaultChannelPool - Entry count for : http://localhost:63150 : 1
09:47:19.926 [main] DEBUG net.serenitybdd.core.photography.Darkroom - Send negative for processing for target\site\serenity\ff3b83dd42f508d91c0c8488aed412149de34b436c7528a8caa8428592644731.png
09:47:19.927 [Darkroom Processing Line] DEBUG net.serenitybdd.core.photography.DarkroomProcessingLine - Processing screenshot image in /var/screenshots/screenshot-17120620230853117333
09:47:19.927 [Darkroom Processing Line] DEBUG net.serenitybdd.core.photography.DarkroomProcessingLine - Saving screenshot to target\site\serenity\ff3b83dd42f508d91c0c8488aed412149de34b436c7528a8caa8428592644731.png
09:47:19.951 [Forwarding findElement on session 4875dcf488b6afea81bf35f06e9257c1 to remote] DEBUG org.asynchttpclient.netty.request.NettyRequestSender - Using pooled Channel '[id: 0x3e50d738, L:/127.0.0.1:63149 - R:localhost/127.0.0.1:57571]' for 'POST' to 'http://localhost:57571/session/4875dcf488b6afea81bf35f06e9257c1/element'
09:47:19.952 [Forwarding findElement on session 4875dcf488b6afea81bf35f06e9257c1 to remote] DEBUG org.asynchttpclient.netty.request.NettyRequestSender - Using open Channel [id: 0x3e50d738, L:/127.0.0.1:63149 - R:localhost/127.0.0.1:57571] for POST '/session/4875dcf488b6afea81bf35f06e9257c1/element'
09:47:19.980 [AsyncHttpClient-1-2] DEBUG org.asynchttpclient.netty.handler.HttpHandler - 

Request DefaultHttpRequest(decodeResult: success, version: HTTP/1.1)
POST /session/4875dcf488b6afea81bf35f06e9257c1/element HTTP/1.1
User-Agent: selenium/4.1.2 (java windows)
Content-Length: 315
Content-Type: application/json; charset=utf-8
host: localhost:57571
accept: */*

Response DefaultHttpResponse(decodeResult: success, version: HTTP/1.1)
HTTP/1.1 200 OK
Content-Type: application/json; charset=utf-8
cache-control: no-cache
content-length: 88

09:47:19.980 [AsyncHttpClient-1-2] DEBUG org.asynchttpclient.netty.channel.ChannelManager - Adding key: http://localhost:57571 for channel [id: 0x3e50d738, L:/127.0.0.1:63149 - R:localhost/127.0.0.1:57571]
09:47:19.985 [Forwarding getElementTagName on session 4875dcf488b6afea81bf35f06e9257c1 to remote] DEBUG org.asynchttpclient.netty.request.NettyRequestSender - Using pooled Channel '[id: 0x3e50d738, L:/127.0.0.1:63149 - R:localhost/127.0.0.1:57571]' for 'GET' to 'http://localhost:57571/session/4875dcf488b6afea81bf35f06e9257c1/element/541c678a-68e6-46bf-9fdc-6a90a3cb07ea/name'
09:47:19.985 [Forwarding getElementTagName on session 4875dcf488b6afea81bf35f06e9257c1 to remote] DEBUG org.asynchttpclient.netty.request.NettyRequestSender - Using open Channel [id: 0x3e50d738, L:/127.0.0.1:63149 - R:localhost/127.0.0.1:57571] for GET '/session/4875dcf488b6afea81bf35f06e9257c1/element/541c678a-68e6-46bf-9fdc-6a90a3cb07ea/name'
09:47:19.992 [AsyncHttpClient-1-2] DEBUG org.asynchttpclient.netty.handler.HttpHandler - 

Request DefaultFullHttpRequest(decodeResult: success, version: HTTP/1.1, content: EmptyByteBufBE)
GET /session/4875dcf488b6afea81bf35f06e9257c1/element/541c678a-68e6-46bf-9fdc-6a90a3cb07ea/name HTTP/1.1
User-Agent: selenium/4.1.2 (java windows)
Cache-Control: no-cache
Content-Type: application/json; charset=utf-8
host: localhost:57571
accept: */*

Response DefaultHttpResponse(decodeResult: success, version: HTTP/1.1)
HTTP/1.1 200 OK
Content-Type: application/json; charset=utf-8
cache-control: no-cache
content-length: 18

09:47:19.992 [AsyncHttpClient-1-2] DEBUG org.asynchttpclient.netty.channel.ChannelManager - Adding key: http://localhost:57571 for channel [id: 0x3e50d738, L:/127.0.0.1:63149 - R:localhost/127.0.0.1:57571]
09:47:19.994 [Forwarding getElementTagName on session 4875dcf488b6afea81bf35f06e9257c1 to remote] DEBUG org.asynchttpclient.netty.request.NettyRequestSender - Using pooled Channel '[id: 0x3e50d738, L:/127.0.0.1:63149 - R:localhost/127.0.0.1:57571]' for 'GET' to 'http://localhost:57571/session/4875dcf488b6afea81bf35f06e9257c1/element/541c678a-68e6-46bf-9fdc-6a90a3cb07ea/name'
09:47:19.994 [Forwarding getElementTagName on session 4875dcf488b6afea81bf35f06e9257c1 to remote] DEBUG org.asynchttpclient.netty.request.NettyRequestSender - Using open Channel [id: 0x3e50d738, L:/127.0.0.1:63149 - R:localhost/127.0.0.1:57571] for GET '/session/4875dcf488b6afea81bf35f06e9257c1/element/541c678a-68e6-46bf-9fdc-6a90a3cb07ea/name'
09:47:20.001 [AsyncHttpClient-1-2] DEBUG org.asynchttpclient.netty.handler.HttpHandler - 

Request DefaultFullHttpRequest(decodeResult: success, version: HTTP/1.1, content: EmptyByteBufBE)
GET /session/4875dcf488b6afea81bf35f06e9257c1/element/541c678a-68e6-46bf-9fdc-6a90a3cb07ea/name HTTP/1.1
User-Agent: selenium/4.1.2 (java windows)
Cache-Control: no-cache
Content-Type: application/json; charset=utf-8
host: localhost:57571
accept: */*

Response DefaultHttpResponse(decodeResult: success, version: HTTP/1.1)
HTTP/1.1 200 OK
Content-Type: application/json; charset=utf-8
cache-control: no-cache
content-length: 18

09:47:20.002 [AsyncHttpClient-1-2] DEBUG org.asynchttpclient.netty.channel.ChannelManager - Adding key: http://localhost:57571 for channel [id: 0x3e50d738, L:/127.0.0.1:63149 - R:localhost/127.0.0.1:57571]
09:47:20.007 [Forwarding isElementEnabled on session 4875dcf488b6afea81bf35f06e9257c1 to remote] DEBUG org.asynchttpclient.netty.request.NettyRequestSender - Using pooled Channel '[id: 0x3e50d738, L:/127.0.0.1:63149 - R:localhost/127.0.0.1:57571]' for 'GET' to 'http://localhost:57571/session/4875dcf488b6afea81bf35f06e9257c1/element/541c678a-68e6-46bf-9fdc-6a90a3cb07ea/enabled'
09:47:20.007 [Forwarding isElementEnabled on session 4875dcf488b6afea81bf35f06e9257c1 to remote] DEBUG org.asynchttpclient.netty.request.NettyRequestSender - Using open Channel [id: 0x3e50d738, L:/127.0.0.1:63149 - R:localhost/127.0.0.1:57571] for GET '/session/4875dcf488b6afea81bf35f06e9257c1/element/541c678a-68e6-46bf-9fdc-6a90a3cb07ea/enabled'
09:47:20.021 [AsyncHttpClient-1-2] DEBUG org.asynchttpclient.netty.handler.HttpHandler - 

Request DefaultFullHttpRequest(decodeResult: success, version: HTTP/1.1, content: EmptyByteBufBE)
GET /session/4875dcf488b6afea81bf35f06e9257c1/element/541c678a-68e6-46bf-9fdc-6a90a3cb07ea/enabled HTTP/1.1
User-Agent: selenium/4.1.2 (java windows)
Cache-Control: no-cache
Content-Type: application/json; charset=utf-8
host: localhost:57571
accept: */*

Response DefaultHttpResponse(decodeResult: success, version: HTTP/1.1)
HTTP/1.1 200 OK
Content-Type: application/json; charset=utf-8
cache-control: no-cache
content-length: 14

09:47:20.021 [AsyncHttpClient-1-2] DEBUG org.asynchttpclient.netty.channel.ChannelManager - Adding key: http://localhost:57571 for channel [id: 0x3e50d738, L:/127.0.0.1:63149 - R:localhost/127.0.0.1:57571]
09:47:20.024 [Forwarding isElementEnabled on session 4875dcf488b6afea81bf35f06e9257c1 to remote] DEBUG org.asynchttpclient.netty.request.NettyRequestSender - Using pooled Channel '[id: 0x3e50d738, L:/127.0.0.1:63149 - R:localhost/127.0.0.1:57571]' for 'GET' to 'http://localhost:57571/session/4875dcf488b6afea81bf35f06e9257c1/element/541c678a-68e6-46bf-9fdc-6a90a3cb07ea/enabled'
09:47:20.024 [Forwarding isElementEnabled on session 4875dcf488b6afea81bf35f06e9257c1 to remote] DEBUG org.asynchttpclient.netty.request.NettyRequestSender - Using open Channel [id: 0x3e50d738, L:/127.0.0.1:63149 - R:localhost/127.0.0.1:57571] for GET '/session/4875dcf488b6afea81bf35f06e9257c1/element/541c678a-68e6-46bf-9fdc-6a90a3cb07ea/enabled'
09:47:20.034 [AsyncHttpClient-1-2] DEBUG org.asynchttpclient.netty.handler.HttpHandler - 

Request DefaultFullHttpRequest(decodeResult: success, version: HTTP/1.1, content: EmptyByteBufBE)
GET /session/4875dcf488b6afea81bf35f06e9257c1/element/541c678a-68e6-46bf-9fdc-6a90a3cb07ea/enabled HTTP/1.1
User-Agent: selenium/4.1.2 (java windows)
Cache-Control: no-cache
Content-Type: application/json; charset=utf-8
host: localhost:57571
accept: */*

Response DefaultHttpResponse(decodeResult: success, version: HTTP/1.1)
HTTP/1.1 200 OK
Content-Type: application/json; charset=utf-8
cache-control: no-cache
content-length: 14

09:47:20.034 [AsyncHttpClient-1-2] DEBUG org.asynchttpclient.netty.channel.ChannelManager - Adding key: http://localhost:57571 for channel [id: 0x3e50d738, L:/127.0.0.1:63149 - R:localhost/127.0.0.1:57571]
09:47:20.037 [Forwarding findElement on session 4875dcf488b6afea81bf35f06e9257c1 to remote] DEBUG org.asynchttpclient.netty.request.NettyRequestSender - Using pooled Channel '[id: 0x3e50d738, L:/127.0.0.1:63149 - R:localhost/127.0.0.1:57571]' for 'POST' to 'http://localhost:57571/session/4875dcf488b6afea81bf35f06e9257c1/element'
09:47:20.037 [Forwarding findElement on session 4875dcf488b6afea81bf35f06e9257c1 to remote] DEBUG org.asynchttpclient.netty.request.NettyRequestSender - Using open Channel [id: 0x3e50d738, L:/127.0.0.1:63149 - R:localhost/127.0.0.1:57571] for POST '/session/4875dcf488b6afea81bf35f06e9257c1/element'
09:47:20.052 [AsyncHttpClient-1-2] DEBUG org.asynchttpclient.netty.handler.HttpHandler - 

Request DefaultHttpRequest(decodeResult: success, version: HTTP/1.1)
POST /session/4875dcf488b6afea81bf35f06e9257c1/element HTTP/1.1
User-Agent: selenium/4.1.2 (java windows)
Content-Length: 315
Content-Type: application/json; charset=utf-8
host: localhost:57571
accept: */*

Response DefaultHttpResponse(decodeResult: success, version: HTTP/1.1)
HTTP/1.1 200 OK
Content-Type: application/json; charset=utf-8
cache-control: no-cache
content-length: 88

09:47:20.052 [AsyncHttpClient-1-2] DEBUG org.asynchttpclient.netty.channel.ChannelManager - Adding key: http://localhost:57571 for channel [id: 0x3e50d738, L:/127.0.0.1:63149 - R:localhost/127.0.0.1:57571]
09:47:20.054 [Forwarding clickElement on session 4875dcf488b6afea81bf35f06e9257c1 to remote] DEBUG org.asynchttpclient.netty.request.NettyRequestSender - Using pooled Channel '[id: 0x3e50d738, L:/127.0.0.1:63149 - R:localhost/127.0.0.1:57571]' for 'POST' to 'http://localhost:57571/session/4875dcf488b6afea81bf35f06e9257c1/element/541c678a-68e6-46bf-9fdc-6a90a3cb07ea/click'
09:47:20.054 [Forwarding clickElement on session 4875dcf488b6afea81bf35f06e9257c1 to remote] DEBUG org.asynchttpclient.netty.request.NettyRequestSender - Using open Channel [id: 0x3e50d738, L:/127.0.0.1:63149 - R:localhost/127.0.0.1:57571] for POST '/session/4875dcf488b6afea81bf35f06e9257c1/element/541c678a-68e6-46bf-9fdc-6a90a3cb07ea/click'
09:47:20.160 [AsyncHttpClient-1-2] DEBUG org.asynchttpclient.netty.handler.HttpHandler - 

Request DefaultHttpRequest(decodeResult: success, version: HTTP/1.1)
POST /session/4875dcf488b6afea81bf35f06e9257c1/element/541c678a-68e6-46bf-9fdc-6a90a3cb07ea/click HTTP/1.1
User-Agent: selenium/4.1.2 (java windows)
Content-Length: 50
Content-Type: application/json; charset=utf-8
host: localhost:57571
accept: */*

Response DefaultHttpResponse(decodeResult: success, version: HTTP/1.1)
HTTP/1.1 200 OK
Content-Type: application/json; charset=utf-8
cache-control: no-cache
content-length: 14

09:47:20.160 [AsyncHttpClient-1-2] DEBUG org.asynchttpclient.netty.channel.ChannelManager - Adding key: http://localhost:57571 for channel [id: 0x3e50d738, L:/127.0.0.1:63149 - R:localhost/127.0.0.1:57571]
09:47:20.171 [Forwarding findElement on session 4875dcf488b6afea81bf35f06e9257c1 to remote] DEBUG org.asynchttpclient.netty.request.NettyRequestSender - Using pooled Channel '[id: 0x3e50d738, L:/127.0.0.1:63149 - R:localhost/127.0.0.1:57571]' for 'POST' to 'http://localhost:57571/session/4875dcf488b6afea81bf35f06e9257c1/element'
09:47:20.172 [Forwarding findElement on session 4875dcf488b6afea81bf35f06e9257c1 to remote] DEBUG org.asynchttpclient.netty.request.NettyRequestSender - Using open Channel [id: 0x3e50d738, L:/127.0.0.1:63149 - R:localhost/127.0.0.1:57571] for POST '/session/4875dcf488b6afea81bf35f06e9257c1/element'
09:47:20.188 [AsyncHttpClient-1-2] DEBUG org.asynchttpclient.netty.handler.HttpHandler - 

Request DefaultHttpRequest(decodeResult: success, version: HTTP/1.1)
POST /session/4875dcf488b6afea81bf35f06e9257c1/element HTTP/1.1
User-Agent: selenium/4.1.2 (java windows)
Content-Length: 69
Content-Type: application/json; charset=utf-8
host: localhost:57571
accept: */*

Response DefaultHttpResponse(decodeResult: success, version: HTTP/1.1)
HTTP/1.1 200 OK
Content-Type: application/json; charset=utf-8
cache-control: no-cache
content-length: 88

09:47:20.188 [AsyncHttpClient-1-2] DEBUG org.asynchttpclient.netty.channel.ChannelManager - Adding key: http://localhost:57571 for channel [id: 0x3e50d738, L:/127.0.0.1:63149 - R:localhost/127.0.0.1:57571]
09:47:20.191 [Forwarding clearElement on session 4875dcf488b6afea81bf35f06e9257c1 to remote] DEBUG org.asynchttpclient.netty.request.NettyRequestSender - Using pooled Channel '[id: 0x3e50d738, L:/127.0.0.1:63149 - R:localhost/127.0.0.1:57571]' for 'POST' to 'http://localhost:57571/session/4875dcf488b6afea81bf35f06e9257c1/element/474da09f-0350-4d22-8b2e-65ca92ecc83e/clear'
09:47:20.191 [Forwarding clearElement on session 4875dcf488b6afea81bf35f06e9257c1 to remote] DEBUG org.asynchttpclient.netty.request.NettyRequestSender - Using open Channel [id: 0x3e50d738, L:/127.0.0.1:63149 - R:localhost/127.0.0.1:57571] for POST '/session/4875dcf488b6afea81bf35f06e9257c1/element/474da09f-0350-4d22-8b2e-65ca92ecc83e/clear'
09:47:20.240 [AsyncHttpClient-1-2] DEBUG org.asynchttpclient.netty.handler.HttpHandler - 

Request DefaultHttpRequest(decodeResult: success, version: HTTP/1.1)
POST /session/4875dcf488b6afea81bf35f06e9257c1/element/474da09f-0350-4d22-8b2e-65ca92ecc83e/clear HTTP/1.1
User-Agent: selenium/4.1.2 (java windows)
Content-Length: 50
Content-Type: application/json; charset=utf-8
host: localhost:57571
accept: */*

Response DefaultHttpResponse(decodeResult: success, version: HTTP/1.1)
HTTP/1.1 200 OK
Content-Type: application/json; charset=utf-8
cache-control: no-cache
content-length: 14

09:47:20.240 [AsyncHttpClient-1-2] DEBUG org.asynchttpclient.netty.channel.ChannelManager - Adding key: http://localhost:57571 for channel [id: 0x3e50d738, L:/127.0.0.1:63149 - R:localhost/127.0.0.1:57571]
09:47:20.245 [Forwarding sendKeysToElement on session 4875dcf488b6afea81bf35f06e9257c1 to remote] DEBUG org.asynchttpclient.netty.request.NettyRequestSender - Using pooled Channel '[id: 0x3e50d738, L:/127.0.0.1:63149 - R:localhost/127.0.0.1:57571]' for 'POST' to 'http://localhost:57571/session/4875dcf488b6afea81bf35f06e9257c1/element/474da09f-0350-4d22-8b2e-65ca92ecc83e/value'
09:47:20.245 [Forwarding sendKeysToElement on session 4875dcf488b6afea81bf35f06e9257c1 to remote] DEBUG org.asynchttpclient.netty.request.NettyRequestSender - Using open Channel [id: 0x3e50d738, L:/127.0.0.1:63149 - R:localhost/127.0.0.1:57571] for POST '/session/4875dcf488b6afea81bf35f06e9257c1/element/474da09f-0350-4d22-8b2e-65ca92ecc83e/value'
09:47:20.565 [AsyncHttpClient-1-2] DEBUG org.asynchttpclient.netty.handler.HttpHandler - 

Request DefaultHttpRequest(decodeResult: success, version: HTTP/1.1)
POST /session/4875dcf488b6afea81bf35f06e9257c1/element/474da09f-0350-4d22-8b2e-65ca92ecc83e/value HTTP/1.1
User-Agent: selenium/4.1.2 (java windows)
Content-Length: 371
Content-Type: application/json; charset=utf-8
host: localhost:57571
accept: */*

Response DefaultHttpResponse(decodeResult: success, version: HTTP/1.1)
HTTP/1.1 200 OK
Content-Type: application/json; charset=utf-8
cache-control: no-cache
content-length: 14

09:47:20.565 [AsyncHttpClient-1-2] DEBUG org.asynchttpclient.netty.channel.ChannelManager - Adding key: http://localhost:57571 for channel [id: 0x3e50d738, L:/127.0.0.1:63149 - R:localhost/127.0.0.1:57571]
09:47:20.574 [Forwarding findElement on session 4875dcf488b6afea81bf35f06e9257c1 to remote] DEBUG org.asynchttpclient.netty.request.NettyRequestSender - Using pooled Channel '[id: 0x3e50d738, L:/127.0.0.1:63149 - R:localhost/127.0.0.1:57571]' for 'POST' to 'http://localhost:57571/session/4875dcf488b6afea81bf35f06e9257c1/element'
09:47:20.574 [Forwarding findElement on session 4875dcf488b6afea81bf35f06e9257c1 to remote] DEBUG org.asynchttpclient.netty.request.NettyRequestSender - Using open Channel [id: 0x3e50d738, L:/127.0.0.1:63149 - R:localhost/127.0.0.1:57571] for POST '/session/4875dcf488b6afea81bf35f06e9257c1/element'
09:47:20.592 [AsyncHttpClient-1-2] DEBUG org.asynchttpclient.netty.handler.HttpHandler - 

Request DefaultHttpRequest(decodeResult: success, version: HTTP/1.1)
POST /session/4875dcf488b6afea81bf35f06e9257c1/element HTTP/1.1
User-Agent: selenium/4.1.2 (java windows)
Content-Length: 72
Content-Type: application/json; charset=utf-8
host: localhost:57571
accept: */*

Response DefaultHttpResponse(decodeResult: success, version: HTTP/1.1)
HTTP/1.1 200 OK
Content-Type: application/json; charset=utf-8
cache-control: no-cache
content-length: 88

09:47:20.592 [AsyncHttpClient-1-2] DEBUG org.asynchttpclient.netty.channel.ChannelManager - Adding key: http://localhost:57571 for channel [id: 0x3e50d738, L:/127.0.0.1:63149 - R:localhost/127.0.0.1:57571]
09:47:20.595 [Forwarding clearElement on session 4875dcf488b6afea81bf35f06e9257c1 to remote] DEBUG org.asynchttpclient.netty.request.NettyRequestSender - Using pooled Channel '[id: 0x3e50d738, L:/127.0.0.1:63149 - R:localhost/127.0.0.1:57571]' for 'POST' to 'http://localhost:57571/session/4875dcf488b6afea81bf35f06e9257c1/element/99539190-0d6d-42bd-bbd4-17864b58d459/clear'
09:47:20.595 [Forwarding clearElement on session 4875dcf488b6afea81bf35f06e9257c1 to remote] DEBUG org.asynchttpclient.netty.request.NettyRequestSender - Using open Channel [id: 0x3e50d738, L:/127.0.0.1:63149 - R:localhost/127.0.0.1:57571] for POST '/session/4875dcf488b6afea81bf35f06e9257c1/element/99539190-0d6d-42bd-bbd4-17864b58d459/clear'
09:47:20.643 [AsyncHttpClient-1-2] DEBUG org.asynchttpclient.netty.handler.HttpHandler - 

Request DefaultHttpRequest(decodeResult: success, version: HTTP/1.1)
POST /session/4875dcf488b6afea81bf35f06e9257c1/element/99539190-0d6d-42bd-bbd4-17864b58d459/clear HTTP/1.1
User-Agent: selenium/4.1.2 (java windows)
Content-Length: 50
Content-Type: application/json; charset=utf-8
host: localhost:57571
accept: */*

Response DefaultHttpResponse(decodeResult: success, version: HTTP/1.1)
HTTP/1.1 200 OK
Content-Type: application/json; charset=utf-8
cache-control: no-cache
content-length: 14

09:47:20.644 [AsyncHttpClient-1-2] DEBUG org.asynchttpclient.netty.channel.ChannelManager - Adding key: http://localhost:57571 for channel [id: 0x3e50d738, L:/127.0.0.1:63149 - R:localhost/127.0.0.1:57571]
09:47:20.649 [Forwarding sendKeysToElement on session 4875dcf488b6afea81bf35f06e9257c1 to remote] DEBUG org.asynchttpclient.netty.request.NettyRequestSender - Using pooled Channel '[id: 0x3e50d738, L:/127.0.0.1:63149 - R:localhost/127.0.0.1:57571]' for 'POST' to 'http://localhost:57571/session/4875dcf488b6afea81bf35f06e9257c1/element/99539190-0d6d-42bd-bbd4-17864b58d459/value'
09:47:20.649 [Forwarding sendKeysToElement on session 4875dcf488b6afea81bf35f06e9257c1 to remote] DEBUG org.asynchttpclient.netty.request.NettyRequestSender - Using open Channel [id: 0x3e50d738, L:/127.0.0.1:63149 - R:localhost/127.0.0.1:57571] for POST '/session/4875dcf488b6afea81bf35f06e9257c1/element/99539190-0d6d-42bd-bbd4-17864b58d459/value'
09:47:20.840 [AsyncHttpClient-1-2] DEBUG org.asynchttpclient.netty.handler.HttpHandler - 

Request DefaultHttpRequest(decodeResult: success, version: HTTP/1.1)
POST /session/4875dcf488b6afea81bf35f06e9257c1/element/99539190-0d6d-42bd-bbd4-17864b58d459/value HTTP/1.1
User-Agent: selenium/4.1.2 (java windows)
Content-Length: 251
Content-Type: application/json; charset=utf-8
host: localhost:57571
accept: */*

Response DefaultHttpResponse(decodeResult: success, version: HTTP/1.1)
HTTP/1.1 200 OK
Content-Type: application/json; charset=utf-8
cache-control: no-cache
content-length: 14

09:47:20.841 [AsyncHttpClient-1-2] DEBUG org.asynchttpclient.netty.channel.ChannelManager - Adding key: http://localhost:57571 for channel [id: 0x3e50d738, L:/127.0.0.1:63149 - R:localhost/127.0.0.1:57571]
09:47:20.850 [Forwarding findElement on session 4875dcf488b6afea81bf35f06e9257c1 to remote] DEBUG org.asynchttpclient.netty.request.NettyRequestSender - Using pooled Channel '[id: 0x3e50d738, L:/127.0.0.1:63149 - R:localhost/127.0.0.1:57571]' for 'POST' to 'http://localhost:57571/session/4875dcf488b6afea81bf35f06e9257c1/element'
09:47:20.850 [Forwarding findElement on session 4875dcf488b6afea81bf35f06e9257c1 to remote] DEBUG org.asynchttpclient.netty.request.NettyRequestSender - Using open Channel [id: 0x3e50d738, L:/127.0.0.1:63149 - R:localhost/127.0.0.1:57571] for POST '/session/4875dcf488b6afea81bf35f06e9257c1/element'
09:47:20.868 [AsyncHttpClient-1-2] DEBUG org.asynchttpclient.netty.handler.HttpHandler - 

Request DefaultHttpRequest(decodeResult: success, version: HTTP/1.1)
POST /session/4875dcf488b6afea81bf35f06e9257c1/element HTTP/1.1
User-Agent: selenium/4.1.2 (java windows)
Content-Length: 321
Content-Type: application/json; charset=utf-8
host: localhost:57571
accept: */*

Response DefaultHttpResponse(decodeResult: success, version: HTTP/1.1)
HTTP/1.1 200 OK
Content-Type: application/json; charset=utf-8
cache-control: no-cache
content-length: 88

09:47:20.868 [AsyncHttpClient-1-2] DEBUG org.asynchttpclient.netty.channel.ChannelManager - Adding key: http://localhost:57571 for channel [id: 0x3e50d738, L:/127.0.0.1:63149 - R:localhost/127.0.0.1:57571]
09:47:20.870 [Forwarding getElementTagName on session 4875dcf488b6afea81bf35f06e9257c1 to remote] DEBUG org.asynchttpclient.netty.request.NettyRequestSender - Using pooled Channel '[id: 0x3e50d738, L:/127.0.0.1:63149 - R:localhost/127.0.0.1:57571]' for 'GET' to 'http://localhost:57571/session/4875dcf488b6afea81bf35f06e9257c1/element/b04fd5bc-3fad-4c7c-bf50-b3ffb0871374/name'
09:47:20.870 [Forwarding getElementTagName on session 4875dcf488b6afea81bf35f06e9257c1 to remote] DEBUG org.asynchttpclient.netty.request.NettyRequestSender - Using open Channel [id: 0x3e50d738, L:/127.0.0.1:63149 - R:localhost/127.0.0.1:57571] for GET '/session/4875dcf488b6afea81bf35f06e9257c1/element/b04fd5bc-3fad-4c7c-bf50-b3ffb0871374/name'
09:47:20.876 [AsyncHttpClient-1-2] DEBUG org.asynchttpclient.netty.handler.HttpHandler - 

Request DefaultFullHttpRequest(decodeResult: success, version: HTTP/1.1, content: EmptyByteBufBE)
GET /session/4875dcf488b6afea81bf35f06e9257c1/element/b04fd5bc-3fad-4c7c-bf50-b3ffb0871374/name HTTP/1.1
User-Agent: selenium/4.1.2 (java windows)
Cache-Control: no-cache
Content-Type: application/json; charset=utf-8
host: localhost:57571
accept: */*

Response DefaultHttpResponse(decodeResult: success, version: HTTP/1.1)
HTTP/1.1 200 OK
Content-Type: application/json; charset=utf-8
cache-control: no-cache
content-length: 18

09:47:20.877 [AsyncHttpClient-1-2] DEBUG org.asynchttpclient.netty.channel.ChannelManager - Adding key: http://localhost:57571 for channel [id: 0x3e50d738, L:/127.0.0.1:63149 - R:localhost/127.0.0.1:57571]
09:47:20.881 [Forwarding getElementTagName on session 4875dcf488b6afea81bf35f06e9257c1 to remote] DEBUG org.asynchttpclient.netty.request.NettyRequestSender - Using pooled Channel '[id: 0x3e50d738, L:/127.0.0.1:63149 - R:localhost/127.0.0.1:57571]' for 'GET' to 'http://localhost:57571/session/4875dcf488b6afea81bf35f06e9257c1/element/b04fd5bc-3fad-4c7c-bf50-b3ffb0871374/name'
09:47:20.882 [Forwarding getElementTagName on session 4875dcf488b6afea81bf35f06e9257c1 to remote] DEBUG org.asynchttpclient.netty.request.NettyRequestSender - Using open Channel [id: 0x3e50d738, L:/127.0.0.1:63149 - R:localhost/127.0.0.1:57571] for GET '/session/4875dcf488b6afea81bf35f06e9257c1/element/b04fd5bc-3fad-4c7c-bf50-b3ffb0871374/name'
09:47:20.889 [AsyncHttpClient-1-2] DEBUG org.asynchttpclient.netty.handler.HttpHandler - 

Request DefaultFullHttpRequest(decodeResult: success, version: HTTP/1.1, content: EmptyByteBufBE)
GET /session/4875dcf488b6afea81bf35f06e9257c1/element/b04fd5bc-3fad-4c7c-bf50-b3ffb0871374/name HTTP/1.1
User-Agent: selenium/4.1.2 (java windows)
Cache-Control: no-cache
Content-Type: application/json; charset=utf-8
host: localhost:57571
accept: */*

Response DefaultHttpResponse(decodeResult: success, version: HTTP/1.1)
HTTP/1.1 200 OK
Content-Type: application/json; charset=utf-8
cache-control: no-cache
content-length: 18

09:47:20.889 [AsyncHttpClient-1-2] DEBUG org.asynchttpclient.netty.channel.ChannelManager - Adding key: http://localhost:57571 for channel [id: 0x3e50d738, L:/127.0.0.1:63149 - R:localhost/127.0.0.1:57571]
09:47:20.894 [Forwarding isElementEnabled on session 4875dcf488b6afea81bf35f06e9257c1 to remote] DEBUG org.asynchttpclient.netty.request.NettyRequestSender - Using pooled Channel '[id: 0x3e50d738, L:/127.0.0.1:63149 - R:localhost/127.0.0.1:57571]' for 'GET' to 'http://localhost:57571/session/4875dcf488b6afea81bf35f06e9257c1/element/b04fd5bc-3fad-4c7c-bf50-b3ffb0871374/enabled'
09:47:20.894 [Forwarding isElementEnabled on session 4875dcf488b6afea81bf35f06e9257c1 to remote] DEBUG org.asynchttpclient.netty.request.NettyRequestSender - Using open Channel [id: 0x3e50d738, L:/127.0.0.1:63149 - R:localhost/127.0.0.1:57571] for GET '/session/4875dcf488b6afea81bf35f06e9257c1/element/b04fd5bc-3fad-4c7c-bf50-b3ffb0871374/enabled'
09:47:20.910 [AsyncHttpClient-1-2] DEBUG org.asynchttpclient.netty.handler.HttpHandler - 

Request DefaultFullHttpRequest(decodeResult: success, version: HTTP/1.1, content: EmptyByteBufBE)
GET /session/4875dcf488b6afea81bf35f06e9257c1/element/b04fd5bc-3fad-4c7c-bf50-b3ffb0871374/enabled HTTP/1.1
User-Agent: selenium/4.1.2 (java windows)
Cache-Control: no-cache
Content-Type: application/json; charset=utf-8
host: localhost:57571
accept: */*

Response DefaultHttpResponse(decodeResult: success, version: HTTP/1.1)
HTTP/1.1 200 OK
Content-Type: application/json; charset=utf-8
cache-control: no-cache
content-length: 14

09:47:20.911 [AsyncHttpClient-1-2] DEBUG org.asynchttpclient.netty.channel.ChannelManager - Adding key: http://localhost:57571 for channel [id: 0x3e50d738, L:/127.0.0.1:63149 - R:localhost/127.0.0.1:57571]
09:47:20.916 [Forwarding isElementEnabled on session 4875dcf488b6afea81bf35f06e9257c1 to remote] DEBUG org.asynchttpclient.netty.request.NettyRequestSender - Using pooled Channel '[id: 0x3e50d738, L:/127.0.0.1:63149 - R:localhost/127.0.0.1:57571]' for 'GET' to 'http://localhost:57571/session/4875dcf488b6afea81bf35f06e9257c1/element/b04fd5bc-3fad-4c7c-bf50-b3ffb0871374/enabled'
09:47:20.917 [Forwarding isElementEnabled on session 4875dcf488b6afea81bf35f06e9257c1 to remote] DEBUG org.asynchttpclient.netty.request.NettyRequestSender - Using open Channel [id: 0x3e50d738, L:/127.0.0.1:63149 - R:localhost/127.0.0.1:57571] for GET '/session/4875dcf488b6afea81bf35f06e9257c1/element/b04fd5bc-3fad-4c7c-bf50-b3ffb0871374/enabled'
09:47:20.929 [AsyncHttpClient-1-2] DEBUG org.asynchttpclient.netty.handler.HttpHandler - 

Request DefaultFullHttpRequest(decodeResult: success, version: HTTP/1.1, content: EmptyByteBufBE)
GET /session/4875dcf488b6afea81bf35f06e9257c1/element/b04fd5bc-3fad-4c7c-bf50-b3ffb0871374/enabled HTTP/1.1
User-Agent: selenium/4.1.2 (java windows)
Cache-Control: no-cache
Content-Type: application/json; charset=utf-8
host: localhost:57571
accept: */*

Response DefaultHttpResponse(decodeResult: success, version: HTTP/1.1)
HTTP/1.1 200 OK
Content-Type: application/json; charset=utf-8
cache-control: no-cache
content-length: 14

09:47:20.931 [AsyncHttpClient-1-2] DEBUG org.asynchttpclient.netty.channel.ChannelManager - Adding key: http://localhost:57571 for channel [id: 0x3e50d738, L:/127.0.0.1:63149 - R:localhost/127.0.0.1:57571]
09:47:20.936 [Forwarding findElement on session 4875dcf488b6afea81bf35f06e9257c1 to remote] DEBUG org.asynchttpclient.netty.request.NettyRequestSender - Using pooled Channel '[id: 0x3e50d738, L:/127.0.0.1:63149 - R:localhost/127.0.0.1:57571]' for 'POST' to 'http://localhost:57571/session/4875dcf488b6afea81bf35f06e9257c1/element'
09:47:20.936 [Forwarding findElement on session 4875dcf488b6afea81bf35f06e9257c1 to remote] DEBUG org.asynchttpclient.netty.request.NettyRequestSender - Using open Channel [id: 0x3e50d738, L:/127.0.0.1:63149 - R:localhost/127.0.0.1:57571] for POST '/session/4875dcf488b6afea81bf35f06e9257c1/element'
09:47:20.952 [AsyncHttpClient-1-2] DEBUG org.asynchttpclient.netty.handler.HttpHandler - 

Request DefaultHttpRequest(decodeResult: success, version: HTTP/1.1)
POST /session/4875dcf488b6afea81bf35f06e9257c1/element HTTP/1.1
User-Agent: selenium/4.1.2 (java windows)
Content-Length: 321
Content-Type: application/json; charset=utf-8
host: localhost:57571
accept: */*

Response DefaultHttpResponse(decodeResult: success, version: HTTP/1.1)
HTTP/1.1 200 OK
Content-Type: application/json; charset=utf-8
cache-control: no-cache
content-length: 88

09:47:20.953 [AsyncHttpClient-1-2] DEBUG org.asynchttpclient.netty.channel.ChannelManager - Adding key: http://localhost:57571 for channel [id: 0x3e50d738, L:/127.0.0.1:63149 - R:localhost/127.0.0.1:57571]
09:47:20.956 [Forwarding clickElement on session 4875dcf488b6afea81bf35f06e9257c1 to remote] DEBUG org.asynchttpclient.netty.request.NettyRequestSender - Using pooled Channel '[id: 0x3e50d738, L:/127.0.0.1:63149 - R:localhost/127.0.0.1:57571]' for 'POST' to 'http://localhost:57571/session/4875dcf488b6afea81bf35f06e9257c1/element/b04fd5bc-3fad-4c7c-bf50-b3ffb0871374/click'
09:47:20.956 [Forwarding clickElement on session 4875dcf488b6afea81bf35f06e9257c1 to remote] DEBUG org.asynchttpclient.netty.request.NettyRequestSender - Using open Channel [id: 0x3e50d738, L:/127.0.0.1:63149 - R:localhost/127.0.0.1:57571] for POST '/session/4875dcf488b6afea81bf35f06e9257c1/element/b04fd5bc-3fad-4c7c-bf50-b3ffb0871374/click'
09:47:20.985 [AsyncHttpClient-1-1] DEBUG org.asynchttpclient.netty.channel.DefaultChannelPool - Entry count for : http://localhost:63150 : 1
09:47:21.061 [AsyncHttpClient-1-2] DEBUG org.asynchttpclient.netty.handler.HttpHandler - 

Request DefaultHttpRequest(decodeResult: success, version: HTTP/1.1)
POST /session/4875dcf488b6afea81bf35f06e9257c1/element/b04fd5bc-3fad-4c7c-bf50-b3ffb0871374/click HTTP/1.1
User-Agent: selenium/4.1.2 (java windows)
Content-Length: 50
Content-Type: application/json; charset=utf-8
host: localhost:57571
accept: */*

Response DefaultHttpResponse(decodeResult: success, version: HTTP/1.1)
HTTP/1.1 200 OK
Content-Type: application/json; charset=utf-8
cache-control: no-cache
content-length: 14

09:47:21.062 [AsyncHttpClient-1-2] DEBUG org.asynchttpclient.netty.channel.ChannelManager - Adding key: http://localhost:57571 for channel [id: 0x3e50d738, L:/127.0.0.1:63149 - R:localhost/127.0.0.1:57571]
  &amp#27;[32mAnd &amp#27;[0m&amp#27;[32mI have logged in&amp#27;[0m                  &amp#27;[90m# starter.stepdefinitions.ManageVaccinationBookingsSteps.iHaveLoggedIn()&amp#27;[0m
09:47:21.080 [Forwarding screenshot on session 4875dcf488b6afea81bf35f06e9257c1 to remote] DEBUG org.asynchttpclient.netty.request.NettyRequestSender - Using pooled Channel '[id: 0x3e50d738, L:/127.0.0.1:63149 - R:localhost/127.0.0.1:57571]' for 'GET' to 'http://localhost:57571/session/4875dcf488b6afea81bf35f06e9257c1/screenshot'
09:47:21.081 [Forwarding screenshot on session 4875dcf488b6afea81bf35f06e9257c1 to remote] DEBUG org.asynchttpclient.netty.request.NettyRequestSender - Using open Channel [id: 0x3e50d738, L:/127.0.0.1:63149 - R:localhost/127.0.0.1:57571] for GET '/session/4875dcf488b6afea81bf35f06e9257c1/screenshot'
09:47:21.409 [AsyncHttpClient-1-2] DEBUG org.asynchttpclient.netty.handler.HttpHandler - 

Request DefaultFullHttpRequest(decodeResult: success, version: HTTP/1.1, content: EmptyByteBufBE)
GET /session/4875dcf488b6afea81bf35f06e9257c1/screenshot HTTP/1.1
User-Agent: selenium/4.1.2 (java windows)
Cache-Control: no-cache
Content-Type: application/json; charset=utf-8
host: localhost:57571
accept: */*

Response DefaultHttpResponse(decodeResult: success, version: HTTP/1.1)
HTTP/1.1 200 OK
Content-Type: application/json; charset=utf-8
cache-control: no-cache
content-length: 115700

09:47:21.411 [AsyncHttpClient-1-2] DEBUG org.asynchttpclient.netty.channel.ChannelManager - Adding key: http://localhost:57571 for channel [id: 0x3e50d738, L:/127.0.0.1:63149 - R:localhost/127.0.0.1:57571]
09:47:21.423 [main] DEBUG net.serenitybdd.core.photography.Darkroom - Send negative for processing for target\site\serenity\5c2c5b79678707a2dd886448079dd9bfc0af5b40d281c2f5a525fedc2ac4a033.png
09:47:21.424 [Darkroom Processing Line] DEBUG net.serenitybdd.core.photography.DarkroomProcessingLine - Processing screenshot image in /var/screenshots/screenshot-3492478014092336543
09:47:21.424 [Darkroom Processing Line] DEBUG net.serenitybdd.core.photography.DarkroomProcessingLine - Saving screenshot to target\site\serenity\5c2c5b79678707a2dd886448079dd9bfc0af5b40d281c2f5a525fedc2ac4a033.png
09:47:21.437 [Forwarding findElement on session 4875dcf488b6afea81bf35f06e9257c1 to remote] DEBUG org.asynchttpclient.netty.request.NettyRequestSender - Using pooled Channel '[id: 0x3e50d738, L:/127.0.0.1:63149 - R:localhost/127.0.0.1:57571]' for 'POST' to 'http://localhost:57571/session/4875dcf488b6afea81bf35f06e9257c1/element'
09:47:21.437 [Forwarding findElement on session 4875dcf488b6afea81bf35f06e9257c1 to remote] DEBUG org.asynchttpclient.netty.request.NettyRequestSender - Using open Channel [id: 0x3e50d738, L:/127.0.0.1:63149 - R:localhost/127.0.0.1:57571] for POST '/session/4875dcf488b6afea81bf35f06e9257c1/element'
09:47:21.775 [AsyncHttpClient-1-2] DEBUG org.asynchttpclient.netty.handler.HttpHandler - 

Request DefaultHttpRequest(decodeResult: success, version: HTTP/1.1)
POST /session/4875dcf488b6afea81bf35f06e9257c1/element HTTP/1.1
User-Agent: selenium/4.1.2 (java windows)
Content-Length: 80
Content-Type: application/json; charset=utf-8
host: localhost:57571
accept: */*

Response DefaultHttpResponse(decodeResult: success, version: HTTP/1.1)
HTTP/1.1 200 OK
Content-Type: application/json; charset=utf-8
cache-control: no-cache
content-length: 88

09:47:21.775 [AsyncHttpClient-1-2] DEBUG org.asynchttpclient.netty.channel.ChannelManager - Adding key: http://localhost:57571 for channel [id: 0x3e50d738, L:/127.0.0.1:63149 - R:localhost/127.0.0.1:57571]
09:47:21.778 [Forwarding getElementTagName on session 4875dcf488b6afea81bf35f06e9257c1 to remote] DEBUG org.asynchttpclient.netty.request.NettyRequestSender - Using pooled Channel '[id: 0x3e50d738, L:/127.0.0.1:63149 - R:localhost/127.0.0.1:57571]' for 'GET' to 'http://localhost:57571/session/4875dcf488b6afea81bf35f06e9257c1/element/2933bf1b-7ea7-49d2-b6c4-58715a47c2f2/name'
09:47:21.778 [Forwarding getElementTagName on session 4875dcf488b6afea81bf35f06e9257c1 to remote] DEBUG org.asynchttpclient.netty.request.NettyRequestSender - Using open Channel [id: 0x3e50d738, L:/127.0.0.1:63149 - R:localhost/127.0.0.1:57571] for GET '/session/4875dcf488b6afea81bf35f06e9257c1/element/2933bf1b-7ea7-49d2-b6c4-58715a47c2f2/name'
09:47:21.808 [AsyncHttpClient-1-2] DEBUG org.asynchttpclient.netty.handler.HttpHandler - 

Request DefaultFullHttpRequest(decodeResult: success, version: HTTP/1.1, content: EmptyByteBufBE)
GET /session/4875dcf488b6afea81bf35f06e9257c1/element/2933bf1b-7ea7-49d2-b6c4-58715a47c2f2/name HTTP/1.1
User-Agent: selenium/4.1.2 (java windows)
Cache-Control: no-cache
Content-Type: application/json; charset=utf-8
host: localhost:57571
accept: */*

Response DefaultHttpResponse(decodeResult: success, version: HTTP/1.1)
HTTP/1.1 200 OK
Content-Type: application/json; charset=utf-8
cache-control: no-cache
content-length: 13

09:47:21.808 [AsyncHttpClient-1-2] DEBUG org.asynchttpclient.netty.channel.ChannelManager - Adding key: http://localhost:57571 for channel [id: 0x3e50d738, L:/127.0.0.1:63149 - R:localhost/127.0.0.1:57571]
09:47:21.810 [Forwarding getElementTagName on session 4875dcf488b6afea81bf35f06e9257c1 to remote] DEBUG org.asynchttpclient.netty.request.NettyRequestSender - Using pooled Channel '[id: 0x3e50d738, L:/127.0.0.1:63149 - R:localhost/127.0.0.1:57571]' for 'GET' to 'http://localhost:57571/session/4875dcf488b6afea81bf35f06e9257c1/element/2933bf1b-7ea7-49d2-b6c4-58715a47c2f2/name'
09:47:21.810 [Forwarding getElementTagName on session 4875dcf488b6afea81bf35f06e9257c1 to remote] DEBUG org.asynchttpclient.netty.request.NettyRequestSender - Using open Channel [id: 0x3e50d738, L:/127.0.0.1:63149 - R:localhost/127.0.0.1:57571] for GET '/session/4875dcf488b6afea81bf35f06e9257c1/element/2933bf1b-7ea7-49d2-b6c4-58715a47c2f2/name'
09:47:21.817 [AsyncHttpClient-1-2] DEBUG org.asynchttpclient.netty.handler.HttpHandler - 

Request DefaultFullHttpRequest(decodeResult: success, version: HTTP/1.1, content: EmptyByteBufBE)
GET /session/4875dcf488b6afea81bf35f06e9257c1/element/2933bf1b-7ea7-49d2-b6c4-58715a47c2f2/name HTTP/1.1
User-Agent: selenium/4.1.2 (java windows)
Cache-Control: no-cache
Content-Type: application/json; charset=utf-8
host: localhost:57571
accept: */*

Response DefaultHttpResponse(decodeResult: success, version: HTTP/1.1)
HTTP/1.1 200 OK
Content-Type: application/json; charset=utf-8
cache-control: no-cache
content-length: 13

09:47:21.817 [AsyncHttpClient-1-2] DEBUG org.asynchttpclient.netty.channel.ChannelManager - Adding key: http://localhost:57571 for channel [id: 0x3e50d738, L:/127.0.0.1:63149 - R:localhost/127.0.0.1:57571]
09:47:21.820 [Forwarding findElement on session 4875dcf488b6afea81bf35f06e9257c1 to remote] DEBUG org.asynchttpclient.netty.request.NettyRequestSender - Using pooled Channel '[id: 0x3e50d738, L:/127.0.0.1:63149 - R:localhost/127.0.0.1:57571]' for 'POST' to 'http://localhost:57571/session/4875dcf488b6afea81bf35f06e9257c1/element'
09:47:21.820 [Forwarding findElement on session 4875dcf488b6afea81bf35f06e9257c1 to remote] DEBUG org.asynchttpclient.netty.request.NettyRequestSender - Using open Channel [id: 0x3e50d738, L:/127.0.0.1:63149 - R:localhost/127.0.0.1:57571] for POST '/session/4875dcf488b6afea81bf35f06e9257c1/element'
09:47:21.833 [AsyncHttpClient-1-2] DEBUG org.asynchttpclient.netty.handler.HttpHandler - 

Request DefaultHttpRequest(decodeResult: success, version: HTTP/1.1)
POST /session/4875dcf488b6afea81bf35f06e9257c1/element HTTP/1.1
User-Agent: selenium/4.1.2 (java windows)
Content-Length: 80
Content-Type: application/json; charset=utf-8
host: localhost:57571
accept: */*

Response DefaultHttpResponse(decodeResult: success, version: HTTP/1.1)
HTTP/1.1 200 OK
Content-Type: application/json; charset=utf-8
cache-control: no-cache
content-length: 88

09:47:21.833 [AsyncHttpClient-1-2] DEBUG org.asynchttpclient.netty.channel.ChannelManager - Adding key: http://localhost:57571 for channel [id: 0x3e50d738, L:/127.0.0.1:63149 - R:localhost/127.0.0.1:57571]
09:47:21.835 [Forwarding clickElement on session 4875dcf488b6afea81bf35f06e9257c1 to remote] DEBUG org.asynchttpclient.netty.request.NettyRequestSender - Using pooled Channel '[id: 0x3e50d738, L:/127.0.0.1:63149 - R:localhost/127.0.0.1:57571]' for 'POST' to 'http://localhost:57571/session/4875dcf488b6afea81bf35f06e9257c1/element/2933bf1b-7ea7-49d2-b6c4-58715a47c2f2/click'
09:47:21.835 [Forwarding clickElement on session 4875dcf488b6afea81bf35f06e9257c1 to remote] DEBUG org.asynchttpclient.netty.request.NettyRequestSender - Using open Channel [id: 0x3e50d738, L:/127.0.0.1:63149 - R:localhost/127.0.0.1:57571] for POST '/session/4875dcf488b6afea81bf35f06e9257c1/element/2933bf1b-7ea7-49d2-b6c4-58715a47c2f2/click'
09:47:22.055 [AsyncHttpClient-1-2] DEBUG org.asynchttpclient.netty.handler.HttpHandler - 

Request DefaultHttpRequest(decodeResult: success, version: HTTP/1.1)
POST /session/4875dcf488b6afea81bf35f06e9257c1/element/2933bf1b-7ea7-49d2-b6c4-58715a47c2f2/click HTTP/1.1
User-Agent: selenium/4.1.2 (java windows)
Content-Length: 50
Content-Type: application/json; charset=utf-8
host: localhost:57571
accept: */*

Response DefaultHttpResponse(decodeResult: success, version: HTTP/1.1)
HTTP/1.1 200 OK
Content-Type: application/json; charset=utf-8
cache-control: no-cache
content-length: 14

09:47:22.055 [AsyncHttpClient-1-2] DEBUG org.asynchttpclient.netty.channel.ChannelManager - Adding key: http://localhost:57571 for channel [id: 0x3e50d738, L:/127.0.0.1:63149 - R:localhost/127.0.0.1:57571]
  &amp#27;[32mWhen &amp#27;[0m&amp#27;[32mI go to Book Vaksinasi page&amp#27;[0m      &amp#27;[90m# starter.stepdefinitions.ManageVaccinationBookingsSteps.iGoToBookVaksinasiPage()&amp#27;[0m
09:47:22.070 [Forwarding screenshot on session 4875dcf488b6afea81bf35f06e9257c1 to remote] DEBUG org.asynchttpclient.netty.request.NettyRequestSender - Using pooled Channel '[id: 0x3e50d738, L:/127.0.0.1:63149 - R:localhost/127.0.0.1:57571]' for 'GET' to 'http://localhost:57571/session/4875dcf488b6afea81bf35f06e9257c1/screenshot'
09:47:22.070 [Forwarding screenshot on session 4875dcf488b6afea81bf35f06e9257c1 to remote] DEBUG org.asynchttpclient.netty.request.NettyRequestSender - Using open Channel [id: 0x3e50d738, L:/127.0.0.1:63149 - R:localhost/127.0.0.1:57571] for GET '/session/4875dcf488b6afea81bf35f06e9257c1/screenshot'
09:47:22.088 [AsyncHttpClient-1-1] DEBUG org.asynchttpclient.netty.channel.DefaultChannelPool - Entry count for : http://localhost:63150 : 1
09:47:22.368 [AsyncHttpClient-1-2] DEBUG org.asynchttpclient.netty.handler.HttpHandler - 

Request DefaultFullHttpRequest(decodeResult: success, version: HTTP/1.1, content: EmptyByteBufBE)
GET /session/4875dcf488b6afea81bf35f06e9257c1/screenshot HTTP/1.1
User-Agent: selenium/4.1.2 (java windows)
Cache-Control: no-cache
Content-Type: application/json; charset=utf-8
host: localhost:57571
accept: */*

Response DefaultHttpResponse(decodeResult: success, version: HTTP/1.1)
HTTP/1.1 200 OK
Content-Type: application/json; charset=utf-8
cache-control: no-cache
content-length: 104240

09:47:22.369 [AsyncHttpClient-1-2] DEBUG org.asynchttpclient.netty.channel.ChannelManager - Adding key: http://localhost:57571 for channel [id: 0x3e50d738, L:/127.0.0.1:63149 - R:localhost/127.0.0.1:57571]
09:47:22.376 [main] DEBUG net.serenitybdd.core.photography.Darkroom - Send negative for processing for target\site\serenity\2962d2d934c77233754b7e3c01bd32ad3c4c83a8cc49909abd519ceb0da74506.png
09:47:22.377 [Darkroom Processing Line] DEBUG net.serenitybdd.core.photography.DarkroomProcessingLine - Processing screenshot image in /var/screenshots/screenshot-3574108939575433858
09:47:22.377 [Darkroom Processing Line] DEBUG net.serenitybdd.core.photography.DarkroomProcessingLine - Saving screenshot to target\site\serenity\2962d2d934c77233754b7e3c01bd32ad3c4c83a8cc49909abd519ceb0da74506.png
09:47:22.395 [Forwarding findElement on session 4875dcf488b6afea81bf35f06e9257c1 to remote] DEBUG org.asynchttpclient.netty.request.NettyRequestSender - Using pooled Channel '[id: 0x3e50d738, L:/127.0.0.1:63149 - R:localhost/127.0.0.1:57571]' for 'POST' to 'http://localhost:57571/session/4875dcf488b6afea81bf35f06e9257c1/element'
09:47:22.395 [Forwarding findElement on session 4875dcf488b6afea81bf35f06e9257c1 to remote] DEBUG org.asynchttpclient.netty.request.NettyRequestSender - Using open Channel [id: 0x3e50d738, L:/127.0.0.1:63149 - R:localhost/127.0.0.1:57571] for POST '/session/4875dcf488b6afea81bf35f06e9257c1/element'
09:47:22.674 [AsyncHttpClient-1-2] DEBUG org.asynchttpclient.netty.handler.HttpHandler - 

Request DefaultHttpRequest(decodeResult: success, version: HTTP/1.1)
POST /session/4875dcf488b6afea81bf35f06e9257c1/element HTTP/1.1
User-Agent: selenium/4.1.2 (java windows)
Content-Length: 117
Content-Type: application/json; charset=utf-8
host: localhost:57571
accept: */*

Response DefaultHttpResponse(decodeResult: success, version: HTTP/1.1)
HTTP/1.1 200 OK
Content-Type: application/json; charset=utf-8
cache-control: no-cache
content-length: 88

09:47:22.674 [AsyncHttpClient-1-2] DEBUG org.asynchttpclient.netty.channel.ChannelManager - Adding key: http://localhost:57571 for channel [id: 0x3e50d738, L:/127.0.0.1:63149 - R:localhost/127.0.0.1:57571]
09:47:22.676 [Forwarding getElementTagName on session 4875dcf488b6afea81bf35f06e9257c1 to remote] DEBUG org.asynchttpclient.netty.request.NettyRequestSender - Using pooled Channel '[id: 0x3e50d738, L:/127.0.0.1:63149 - R:localhost/127.0.0.1:57571]' for 'GET' to 'http://localhost:57571/session/4875dcf488b6afea81bf35f06e9257c1/element/c59db653-fb76-43d5-8da1-00a81aa8beae/name'
09:47:22.677 [Forwarding getElementTagName on session 4875dcf488b6afea81bf35f06e9257c1 to remote] DEBUG org.asynchttpclient.netty.request.NettyRequestSender - Using open Channel [id: 0x3e50d738, L:/127.0.0.1:63149 - R:localhost/127.0.0.1:57571] for GET '/session/4875dcf488b6afea81bf35f06e9257c1/element/c59db653-fb76-43d5-8da1-00a81aa8beae/name'
09:47:22.684 [AsyncHttpClient-1-2] DEBUG org.asynchttpclient.netty.handler.HttpHandler - 

Request DefaultFullHttpRequest(decodeResult: success, version: HTTP/1.1, content: EmptyByteBufBE)
GET /session/4875dcf488b6afea81bf35f06e9257c1/element/c59db653-fb76-43d5-8da1-00a81aa8beae/name HTTP/1.1
User-Agent: selenium/4.1.2 (java windows)
Cache-Control: no-cache
Content-Type: application/json; charset=utf-8
host: localhost:57571
accept: */*

Response DefaultHttpResponse(decodeResult: success, version: HTTP/1.1)
HTTP/1.1 200 OK
Content-Type: application/json; charset=utf-8
cache-control: no-cache
content-length: 15

09:47:22.685 [AsyncHttpClient-1-2] DEBUG org.asynchttpclient.netty.channel.ChannelManager - Adding key: http://localhost:57571 for channel [id: 0x3e50d738, L:/127.0.0.1:63149 - R:localhost/127.0.0.1:57571]
09:47:22.687 [Forwarding getElementTagName on session 4875dcf488b6afea81bf35f06e9257c1 to remote] DEBUG org.asynchttpclient.netty.request.NettyRequestSender - Using pooled Channel '[id: 0x3e50d738, L:/127.0.0.1:63149 - R:localhost/127.0.0.1:57571]' for 'GET' to 'http://localhost:57571/session/4875dcf488b6afea81bf35f06e9257c1/element/c59db653-fb76-43d5-8da1-00a81aa8beae/name'
09:47:22.687 [Forwarding getElementTagName on session 4875dcf488b6afea81bf35f06e9257c1 to remote] DEBUG org.asynchttpclient.netty.request.NettyRequestSender - Using open Channel [id: 0x3e50d738, L:/127.0.0.1:63149 - R:localhost/127.0.0.1:57571] for GET '/session/4875dcf488b6afea81bf35f06e9257c1/element/c59db653-fb76-43d5-8da1-00a81aa8beae/name'
09:47:22.693 [AsyncHttpClient-1-2] DEBUG org.asynchttpclient.netty.handler.HttpHandler - 

Request DefaultFullHttpRequest(decodeResult: success, version: HTTP/1.1, content: EmptyByteBufBE)
GET /session/4875dcf488b6afea81bf35f06e9257c1/element/c59db653-fb76-43d5-8da1-00a81aa8beae/name HTTP/1.1
User-Agent: selenium/4.1.2 (java windows)
Cache-Control: no-cache
Content-Type: application/json; charset=utf-8
host: localhost:57571
accept: */*

Response DefaultHttpResponse(decodeResult: success, version: HTTP/1.1)
HTTP/1.1 200 OK
Content-Type: application/json; charset=utf-8
cache-control: no-cache
content-length: 15

09:47:22.693 [AsyncHttpClient-1-2] DEBUG org.asynchttpclient.netty.channel.ChannelManager - Adding key: http://localhost:57571 for channel [id: 0x3e50d738, L:/127.0.0.1:63149 - R:localhost/127.0.0.1:57571]
09:47:22.701 [Forwarding findElement on session 4875dcf488b6afea81bf35f06e9257c1 to remote] DEBUG org.asynchttpclient.netty.request.NettyRequestSender - Using pooled Channel '[id: 0x3e50d738, L:/127.0.0.1:63149 - R:localhost/127.0.0.1:57571]' for 'POST' to 'http://localhost:57571/session/4875dcf488b6afea81bf35f06e9257c1/element'
09:47:22.701 [Forwarding findElement on session 4875dcf488b6afea81bf35f06e9257c1 to remote] DEBUG org.asynchttpclient.netty.request.NettyRequestSender - Using open Channel [id: 0x3e50d738, L:/127.0.0.1:63149 - R:localhost/127.0.0.1:57571] for POST '/session/4875dcf488b6afea81bf35f06e9257c1/element'
09:47:22.711 [AsyncHttpClient-1-2] DEBUG org.asynchttpclient.netty.handler.HttpHandler - 

Request DefaultHttpRequest(decodeResult: success, version: HTTP/1.1)
POST /session/4875dcf488b6afea81bf35f06e9257c1/element HTTP/1.1
User-Agent: selenium/4.1.2 (java windows)
Content-Length: 117
Content-Type: application/json; charset=utf-8
host: localhost:57571
accept: */*

Response DefaultHttpResponse(decodeResult: success, version: HTTP/1.1)
HTTP/1.1 200 OK
Content-Type: application/json; charset=utf-8
cache-control: no-cache
content-length: 88

09:47:22.711 [AsyncHttpClient-1-2] DEBUG org.asynchttpclient.netty.channel.ChannelManager - Adding key: http://localhost:57571 for channel [id: 0x3e50d738, L:/127.0.0.1:63149 - R:localhost/127.0.0.1:57571]
09:47:22.715 [Forwarding clickElement on session 4875dcf488b6afea81bf35f06e9257c1 to remote] DEBUG org.asynchttpclient.netty.request.NettyRequestSender - Using pooled Channel '[id: 0x3e50d738, L:/127.0.0.1:63149 - R:localhost/127.0.0.1:57571]' for 'POST' to 'http://localhost:57571/session/4875dcf488b6afea81bf35f06e9257c1/element/c59db653-fb76-43d5-8da1-00a81aa8beae/click'
09:47:22.715 [Forwarding clickElement on session 4875dcf488b6afea81bf35f06e9257c1 to remote] DEBUG org.asynchttpclient.netty.request.NettyRequestSender - Using open Channel [id: 0x3e50d738, L:/127.0.0.1:63149 - R:localhost/127.0.0.1:57571] for POST '/session/4875dcf488b6afea81bf35f06e9257c1/element/c59db653-fb76-43d5-8da1-00a81aa8beae/click'
09:47:22.887 [AsyncHttpClient-1-2] DEBUG org.asynchttpclient.netty.handler.HttpHandler - 

Request DefaultHttpRequest(decodeResult: success, version: HTTP/1.1)
POST /session/4875dcf488b6afea81bf35f06e9257c1/element/c59db653-fb76-43d5-8da1-00a81aa8beae/click HTTP/1.1
User-Agent: selenium/4.1.2 (java windows)
Content-Length: 50
Content-Type: application/json; charset=utf-8
host: localhost:57571
accept: */*

Response DefaultHttpResponse(decodeResult: success, version: HTTP/1.1)
HTTP/1.1 200 OK
Content-Type: application/json; charset=utf-8
cache-control: no-cache
content-length: 14

09:47:22.887 [AsyncHttpClient-1-2] DEBUG org.asynchttpclient.netty.channel.ChannelManager - Adding key: http://localhost:57571 for channel [id: 0x3e50d738, L:/127.0.0.1:63149 - R:localhost/127.0.0.1:57571]
  &amp#27;[32mAnd &amp#27;[0m&amp#27;[32mI select a session&amp#27;[0m                &amp#27;[90m# starter.stepdefinitions.ManageVaccinationBookingsSteps.iSelectASession()&amp#27;[0m
09:47:22.901 [Forwarding screenshot on session 4875dcf488b6afea81bf35f06e9257c1 to remote] DEBUG org.asynchttpclient.netty.request.NettyRequestSender - Using pooled Channel '[id: 0x3e50d738, L:/127.0.0.1:63149 - R:localhost/127.0.0.1:57571]' for 'GET' to 'http://localhost:57571/session/4875dcf488b6afea81bf35f06e9257c1/screenshot'
09:47:22.902 [Forwarding screenshot on session 4875dcf488b6afea81bf35f06e9257c1 to remote] DEBUG org.asynchttpclient.netty.request.NettyRequestSender - Using open Channel [id: 0x3e50d738, L:/127.0.0.1:63149 - R:localhost/127.0.0.1:57571] for GET '/session/4875dcf488b6afea81bf35f06e9257c1/screenshot'
09:47:23.182 [AsyncHttpClient-1-1] DEBUG org.asynchttpclient.netty.channel.DefaultChannelPool - Entry count for : http://localhost:63150 : 1
09:47:23.265 [AsyncHttpClient-1-2] DEBUG org.asynchttpclient.netty.handler.HttpHandler - 

Request DefaultFullHttpRequest(decodeResult: success, version: HTTP/1.1, content: EmptyByteBufBE)
GET /session/4875dcf488b6afea81bf35f06e9257c1/screenshot HTTP/1.1
User-Agent: selenium/4.1.2 (java windows)
Cache-Control: no-cache
Content-Type: application/json; charset=utf-8
host: localhost:57571
accept: */*

Response DefaultHttpResponse(decodeResult: success, version: HTTP/1.1)
HTTP/1.1 200 OK
Content-Type: application/json; charset=utf-8
cache-control: no-cache
content-length: 148424

09:47:23.267 [AsyncHttpClient-1-2] DEBUG org.asynchttpclient.netty.channel.ChannelManager - Adding key: http://localhost:57571 for channel [id: 0x3e50d738, L:/127.0.0.1:63149 - R:localhost/127.0.0.1:57571]
09:47:23.272 [main] DEBUG net.serenitybdd.core.photography.Darkroom - Send negative for processing for target\site\serenity\5c5ac82f55dc00e834f94b92a9c5d8acec9374fae8b0abd20fc2005142aff90f.png
09:47:23.273 [Darkroom Processing Line] DEBUG net.serenitybdd.core.photography.DarkroomProcessingLine - Processing screenshot image in /var/screenshots/screenshot-678954472770977279
09:47:23.273 [Darkroom Processing Line] DEBUG net.serenitybdd.core.photography.DarkroomProcessingLine - Saving screenshot to target\site\serenity\5c5ac82f55dc00e834f94b92a9c5d8acec9374fae8b0abd20fc2005142aff90f.png
09:47:23.285 [Forwarding findElement on session 4875dcf488b6afea81bf35f06e9257c1 to remote] DEBUG org.asynchttpclient.netty.request.NettyRequestSender - Using pooled Channel '[id: 0x3e50d738, L:/127.0.0.1:63149 - R:localhost/127.0.0.1:57571]' for 'POST' to 'http://localhost:57571/session/4875dcf488b6afea81bf35f06e9257c1/element'
09:47:23.285 [Forwarding findElement on session 4875dcf488b6afea81bf35f06e9257c1 to remote] DEBUG org.asynchttpclient.netty.request.NettyRequestSender - Using open Channel [id: 0x3e50d738, L:/127.0.0.1:63149 - R:localhost/127.0.0.1:57571] for POST '/session/4875dcf488b6afea81bf35f06e9257c1/element'
09:47:23.322 [AsyncHttpClient-1-2] DEBUG org.asynchttpclient.netty.handler.HttpHandler - 

Request DefaultHttpRequest(decodeResult: success, version: HTTP/1.1)
POST /session/4875dcf488b6afea81bf35f06e9257c1/element HTTP/1.1
User-Agent: selenium/4.1.2 (java windows)
Content-Length: 166
Content-Type: application/json; charset=utf-8
host: localhost:57571
accept: */*

Response DefaultHttpResponse(decodeResult: success, version: HTTP/1.1)
HTTP/1.1 200 OK
Content-Type: application/json; charset=utf-8
cache-control: no-cache
content-length: 88

09:47:23.322 [AsyncHttpClient-1-2] DEBUG org.asynchttpclient.netty.channel.ChannelManager - Adding key: http://localhost:57571 for channel [id: 0x3e50d738, L:/127.0.0.1:63149 - R:localhost/127.0.0.1:57571]
09:47:23.324 [Forwarding getElementTagName on session 4875dcf488b6afea81bf35f06e9257c1 to remote] DEBUG org.asynchttpclient.netty.request.NettyRequestSender - Using pooled Channel '[id: 0x3e50d738, L:/127.0.0.1:63149 - R:localhost/127.0.0.1:57571]' for 'GET' to 'http://localhost:57571/session/4875dcf488b6afea81bf35f06e9257c1/element/a7ddb388-8ff0-4930-b92d-138d9374e996/name'
09:47:23.324 [Forwarding getElementTagName on session 4875dcf488b6afea81bf35f06e9257c1 to remote] DEBUG org.asynchttpclient.netty.request.NettyRequestSender - Using open Channel [id: 0x3e50d738, L:/127.0.0.1:63149 - R:localhost/127.0.0.1:57571] for GET '/session/4875dcf488b6afea81bf35f06e9257c1/element/a7ddb388-8ff0-4930-b92d-138d9374e996/name'
09:47:23.332 [AsyncHttpClient-1-2] DEBUG org.asynchttpclient.netty.handler.HttpHandler - 

Request DefaultFullHttpRequest(decodeResult: success, version: HTTP/1.1, content: EmptyByteBufBE)
GET /session/4875dcf488b6afea81bf35f06e9257c1/element/a7ddb388-8ff0-4930-b92d-138d9374e996/name HTTP/1.1
User-Agent: selenium/4.1.2 (java windows)
Cache-Control: no-cache
Content-Type: application/json; charset=utf-8
host: localhost:57571
accept: */*

Response DefaultHttpResponse(decodeResult: success, version: HTTP/1.1)
HTTP/1.1 200 OK
Content-Type: application/json; charset=utf-8
cache-control: no-cache
content-length: 18

09:47:23.332 [AsyncHttpClient-1-2] DEBUG org.asynchttpclient.netty.channel.ChannelManager - Adding key: http://localhost:57571 for channel [id: 0x3e50d738, L:/127.0.0.1:63149 - R:localhost/127.0.0.1:57571]
09:47:23.335 [Forwarding getElementTagName on session 4875dcf488b6afea81bf35f06e9257c1 to remote] DEBUG org.asynchttpclient.netty.request.NettyRequestSender - Using pooled Channel '[id: 0x3e50d738, L:/127.0.0.1:63149 - R:localhost/127.0.0.1:57571]' for 'GET' to 'http://localhost:57571/session/4875dcf488b6afea81bf35f06e9257c1/element/a7ddb388-8ff0-4930-b92d-138d9374e996/name'
09:47:23.335 [Forwarding getElementTagName on session 4875dcf488b6afea81bf35f06e9257c1 to remote] DEBUG org.asynchttpclient.netty.request.NettyRequestSender - Using open Channel [id: 0x3e50d738, L:/127.0.0.1:63149 - R:localhost/127.0.0.1:57571] for GET '/session/4875dcf488b6afea81bf35f06e9257c1/element/a7ddb388-8ff0-4930-b92d-138d9374e996/name'
09:47:23.341 [AsyncHttpClient-1-2] DEBUG org.asynchttpclient.netty.handler.HttpHandler - 

Request DefaultFullHttpRequest(decodeResult: success, version: HTTP/1.1, content: EmptyByteBufBE)
GET /session/4875dcf488b6afea81bf35f06e9257c1/element/a7ddb388-8ff0-4930-b92d-138d9374e996/name HTTP/1.1
User-Agent: selenium/4.1.2 (java windows)
Cache-Control: no-cache
Content-Type: application/json; charset=utf-8
host: localhost:57571
accept: */*

Response DefaultHttpResponse(decodeResult: success, version: HTTP/1.1)
HTTP/1.1 200 OK
Content-Type: application/json; charset=utf-8
cache-control: no-cache
content-length: 18

09:47:23.341 [AsyncHttpClient-1-2] DEBUG org.asynchttpclient.netty.channel.ChannelManager - Adding key: http://localhost:57571 for channel [id: 0x3e50d738, L:/127.0.0.1:63149 - R:localhost/127.0.0.1:57571]
09:47:23.344 [Forwarding isElementEnabled on session 4875dcf488b6afea81bf35f06e9257c1 to remote] DEBUG org.asynchttpclient.netty.request.NettyRequestSender - Using pooled Channel '[id: 0x3e50d738, L:/127.0.0.1:63149 - R:localhost/127.0.0.1:57571]' for 'GET' to 'http://localhost:57571/session/4875dcf488b6afea81bf35f06e9257c1/element/a7ddb388-8ff0-4930-b92d-138d9374e996/enabled'
09:47:23.344 [Forwarding isElementEnabled on session 4875dcf488b6afea81bf35f06e9257c1 to remote] DEBUG org.asynchttpclient.netty.request.NettyRequestSender - Using open Channel [id: 0x3e50d738, L:/127.0.0.1:63149 - R:localhost/127.0.0.1:57571] for GET '/session/4875dcf488b6afea81bf35f06e9257c1/element/a7ddb388-8ff0-4930-b92d-138d9374e996/enabled'
09:47:23.358 [AsyncHttpClient-1-2] DEBUG org.asynchttpclient.netty.handler.HttpHandler - 

Request DefaultFullHttpRequest(decodeResult: success, version: HTTP/1.1, content: EmptyByteBufBE)
GET /session/4875dcf488b6afea81bf35f06e9257c1/element/a7ddb388-8ff0-4930-b92d-138d9374e996/enabled HTTP/1.1
User-Agent: selenium/4.1.2 (java windows)
Cache-Control: no-cache
Content-Type: application/json; charset=utf-8
host: localhost:57571
accept: */*

Response DefaultHttpResponse(decodeResult: success, version: HTTP/1.1)
HTTP/1.1 200 OK
Content-Type: application/json; charset=utf-8
cache-control: no-cache
content-length: 14

09:47:23.358 [AsyncHttpClient-1-2] DEBUG org.asynchttpclient.netty.channel.ChannelManager - Adding key: http://localhost:57571 for channel [id: 0x3e50d738, L:/127.0.0.1:63149 - R:localhost/127.0.0.1:57571]
09:47:23.359 [Forwarding isElementEnabled on session 4875dcf488b6afea81bf35f06e9257c1 to remote] DEBUG org.asynchttpclient.netty.request.NettyRequestSender - Using pooled Channel '[id: 0x3e50d738, L:/127.0.0.1:63149 - R:localhost/127.0.0.1:57571]' for 'GET' to 'http://localhost:57571/session/4875dcf488b6afea81bf35f06e9257c1/element/a7ddb388-8ff0-4930-b92d-138d9374e996/enabled'
09:47:23.360 [Forwarding isElementEnabled on session 4875dcf488b6afea81bf35f06e9257c1 to remote] DEBUG org.asynchttpclient.netty.request.NettyRequestSender - Using open Channel [id: 0x3e50d738, L:/127.0.0.1:63149 - R:localhost/127.0.0.1:57571] for GET '/session/4875dcf488b6afea81bf35f06e9257c1/element/a7ddb388-8ff0-4930-b92d-138d9374e996/enabled'
09:47:23.369 [AsyncHttpClient-1-2] DEBUG org.asynchttpclient.netty.handler.HttpHandler - 

Request DefaultFullHttpRequest(decodeResult: success, version: HTTP/1.1, content: EmptyByteBufBE)
GET /session/4875dcf488b6afea81bf35f06e9257c1/element/a7ddb388-8ff0-4930-b92d-138d9374e996/enabled HTTP/1.1
User-Agent: selenium/4.1.2 (java windows)
Cache-Control: no-cache
Content-Type: application/json; charset=utf-8
host: localhost:57571
accept: */*

Response DefaultHttpResponse(decodeResult: success, version: HTTP/1.1)
HTTP/1.1 200 OK
Content-Type: application/json; charset=utf-8
cache-control: no-cache
content-length: 14

09:47:23.369 [AsyncHttpClient-1-2] DEBUG org.asynchttpclient.netty.channel.ChannelManager - Adding key: http://localhost:57571 for channel [id: 0x3e50d738, L:/127.0.0.1:63149 - R:localhost/127.0.0.1:57571]
09:47:23.371 [Forwarding findElement on session 4875dcf488b6afea81bf35f06e9257c1 to remote] DEBUG org.asynchttpclient.netty.request.NettyRequestSender - Using pooled Channel '[id: 0x3e50d738, L:/127.0.0.1:63149 - R:localhost/127.0.0.1:57571]' for 'POST' to 'http://localhost:57571/session/4875dcf488b6afea81bf35f06e9257c1/element'
09:47:23.372 [Forwarding findElement on session 4875dcf488b6afea81bf35f06e9257c1 to remote] DEBUG org.asynchttpclient.netty.request.NettyRequestSender - Using open Channel [id: 0x3e50d738, L:/127.0.0.1:63149 - R:localhost/127.0.0.1:57571] for POST '/session/4875dcf488b6afea81bf35f06e9257c1/element'
09:47:23.384 [AsyncHttpClient-1-2] DEBUG org.asynchttpclient.netty.handler.HttpHandler - 

Request DefaultHttpRequest(decodeResult: success, version: HTTP/1.1)
POST /session/4875dcf488b6afea81bf35f06e9257c1/element HTTP/1.1
User-Agent: selenium/4.1.2 (java windows)
Content-Length: 166
Content-Type: application/json; charset=utf-8
host: localhost:57571
accept: */*

Response DefaultHttpResponse(decodeResult: success, version: HTTP/1.1)
HTTP/1.1 200 OK
Content-Type: application/json; charset=utf-8
cache-control: no-cache
content-length: 88

09:47:23.385 [AsyncHttpClient-1-2] DEBUG org.asynchttpclient.netty.channel.ChannelManager - Adding key: http://localhost:57571 for channel [id: 0x3e50d738, L:/127.0.0.1:63149 - R:localhost/127.0.0.1:57571]
09:47:23.386 [Forwarding clickElement on session 4875dcf488b6afea81bf35f06e9257c1 to remote] DEBUG org.asynchttpclient.netty.request.NettyRequestSender - Using pooled Channel '[id: 0x3e50d738, L:/127.0.0.1:63149 - R:localhost/127.0.0.1:57571]' for 'POST' to 'http://localhost:57571/session/4875dcf488b6afea81bf35f06e9257c1/element/a7ddb388-8ff0-4930-b92d-138d9374e996/click'
09:47:23.387 [Forwarding clickElement on session 4875dcf488b6afea81bf35f06e9257c1 to remote] DEBUG org.asynchttpclient.netty.request.NettyRequestSender - Using open Channel [id: 0x3e50d738, L:/127.0.0.1:63149 - R:localhost/127.0.0.1:57571] for POST '/session/4875dcf488b6afea81bf35f06e9257c1/element/a7ddb388-8ff0-4930-b92d-138d9374e996/click'
09:47:23.477 [AsyncHttpClient-1-2] DEBUG org.asynchttpclient.netty.handler.HttpHandler - 

Request DefaultHttpRequest(decodeResult: success, version: HTTP/1.1)
POST /session/4875dcf488b6afea81bf35f06e9257c1/element/a7ddb388-8ff0-4930-b92d-138d9374e996/click HTTP/1.1
User-Agent: selenium/4.1.2 (java windows)
Content-Length: 50
Content-Type: application/json; charset=utf-8
host: localhost:57571
accept: */*

Response DefaultHttpResponse(decodeResult: success, version: HTTP/1.1)
HTTP/1.1 200 OK
Content-Type: application/json; charset=utf-8
cache-control: no-cache
content-length: 14

09:47:23.477 [AsyncHttpClient-1-2] DEBUG org.asynchttpclient.netty.channel.ChannelManager - Adding key: http://localhost:57571 for channel [id: 0x3e50d738, L:/127.0.0.1:63149 - R:localhost/127.0.0.1:57571]
  &amp#27;[32mAnd &amp#27;[0m&amp#27;[32mI click check button&amp#27;[0m              &amp#27;[90m# starter.stepdefinitions.ManageVaccinationBookingsSteps.iClickCheckButton()&amp#27;[0m
09:47:23.490 [Forwarding screenshot on session 4875dcf488b6afea81bf35f06e9257c1 to remote] DEBUG org.asynchttpclient.netty.request.NettyRequestSender - Using pooled Channel '[id: 0x3e50d738, L:/127.0.0.1:63149 - R:localhost/127.0.0.1:57571]' for 'GET' to 'http://localhost:57571/session/4875dcf488b6afea81bf35f06e9257c1/screenshot'
09:47:23.490 [Forwarding screenshot on session 4875dcf488b6afea81bf35f06e9257c1 to remote] DEBUG org.asynchttpclient.netty.request.NettyRequestSender - Using open Channel [id: 0x3e50d738, L:/127.0.0.1:63149 - R:localhost/127.0.0.1:57571] for GET '/session/4875dcf488b6afea81bf35f06e9257c1/screenshot'
09:47:23.768 [AsyncHttpClient-1-2] DEBUG org.asynchttpclient.netty.handler.HttpHandler - 

Request DefaultFullHttpRequest(decodeResult: success, version: HTTP/1.1, content: EmptyByteBufBE)
GET /session/4875dcf488b6afea81bf35f06e9257c1/screenshot HTTP/1.1
User-Agent: selenium/4.1.2 (java windows)
Cache-Control: no-cache
Content-Type: application/json; charset=utf-8
host: localhost:57571
accept: */*

Response DefaultHttpResponse(decodeResult: success, version: HTTP/1.1)
HTTP/1.1 200 OK
Content-Type: application/json; charset=utf-8
cache-control: no-cache
content-length: 189324

09:47:23.769 [AsyncHttpClient-1-2] DEBUG org.asynchttpclient.netty.channel.ChannelManager - Adding key: http://localhost:57571 for channel [id: 0x3e50d738, L:/127.0.0.1:63149 - R:localhost/127.0.0.1:57571]
09:47:23.775 [main] DEBUG net.serenitybdd.core.photography.Darkroom - Send negative for processing for target\site\serenity\54dd55ea1803892fa16e7508b454ecbc453a688515b25dda31274520d0a31e7b.png
09:47:23.775 [Darkroom Processing Line] DEBUG net.serenitybdd.core.photography.DarkroomProcessingLine - Processing screenshot image in /var/screenshots/screenshot-12222829893975437824
09:47:23.775 [Darkroom Processing Line] DEBUG net.serenitybdd.core.photography.DarkroomProcessingLine - Saving screenshot to target\site\serenity\54dd55ea1803892fa16e7508b454ecbc453a688515b25dda31274520d0a31e7b.png
09:47:23.786 [Forwarding findElement on session 4875dcf488b6afea81bf35f06e9257c1 to remote] DEBUG org.asynchttpclient.netty.request.NettyRequestSender - Using pooled Channel '[id: 0x3e50d738, L:/127.0.0.1:63149 - R:localhost/127.0.0.1:57571]' for 'POST' to 'http://localhost:57571/session/4875dcf488b6afea81bf35f06e9257c1/element'
09:47:23.786 [Forwarding findElement on session 4875dcf488b6afea81bf35f06e9257c1 to remote] DEBUG org.asynchttpclient.netty.request.NettyRequestSender - Using open Channel [id: 0x3e50d738, L:/127.0.0.1:63149 - R:localhost/127.0.0.1:57571] for POST '/session/4875dcf488b6afea81bf35f06e9257c1/element'
09:47:23.804 [AsyncHttpClient-1-2] DEBUG org.asynchttpclient.netty.handler.HttpHandler - 

Request DefaultHttpRequest(decodeResult: success, version: HTTP/1.1)
POST /session/4875dcf488b6afea81bf35f06e9257c1/element HTTP/1.1
User-Agent: selenium/4.1.2 (java windows)
Content-Length: 172
Content-Type: application/json; charset=utf-8
host: localhost:57571
accept: */*

Response DefaultHttpResponse(decodeResult: success, version: HTTP/1.1)
HTTP/1.1 200 OK
Content-Type: application/json; charset=utf-8
cache-control: no-cache
content-length: 88

09:47:23.804 [AsyncHttpClient-1-2] DEBUG org.asynchttpclient.netty.channel.ChannelManager - Adding key: http://localhost:57571 for channel [id: 0x3e50d738, L:/127.0.0.1:63149 - R:localhost/127.0.0.1:57571]
09:47:23.815 [Forwarding isElementDisplayed on session 4875dcf488b6afea81bf35f06e9257c1 to remote] DEBUG org.asynchttpclient.netty.request.NettyRequestSender - Using pooled Channel '[id: 0x3e50d738, L:/127.0.0.1:63149 - R:localhost/127.0.0.1:57571]' for 'POST' to 'http://localhost:57571/session/4875dcf488b6afea81bf35f06e9257c1/execute/sync'
09:47:23.815 [Forwarding isElementDisplayed on session 4875dcf488b6afea81bf35f06e9257c1 to remote] DEBUG org.asynchttpclient.netty.request.NettyRequestSender - Using open Channel [id: 0x3e50d738, L:/127.0.0.1:63149 - R:localhost/127.0.0.1:57571] for POST '/session/4875dcf488b6afea81bf35f06e9257c1/execute/sync'
09:47:23.839 [AsyncHttpClient-1-2] DEBUG org.asynchttpclient.netty.handler.HttpHandler - 

Request DefaultHttpRequest(decodeResult: success, version: HTTP/1.1)
POST /session/4875dcf488b6afea81bf35f06e9257c1/execute/sync HTTP/1.1
User-Agent: selenium/4.1.2 (java windows)
Content-Length: 48780
Content-Type: application/json; charset=utf-8
host: localhost:57571
accept: */*

Response DefaultHttpResponse(decodeResult: success, version: HTTP/1.1)
HTTP/1.1 200 OK
Content-Type: application/json; charset=utf-8
cache-control: no-cache
content-length: 14

09:47:23.840 [AsyncHttpClient-1-2] DEBUG org.asynchttpclient.netty.channel.ChannelManager - Adding key: http://localhost:57571 for channel [id: 0x3e50d738, L:/127.0.0.1:63149 - R:localhost/127.0.0.1:57571]
  &amp#27;[32mThen &amp#27;[0m&amp#27;[32mthe booking will be approved&amp#27;[0m     &amp#27;[90m# starter.stepdefinitions.ManageVaccinationBookingsSteps.theBookingWillBeApproved()&amp#27;[0m
09:47:23.854 [Forwarding screenshot on session 4875dcf488b6afea81bf35f06e9257c1 to remote] DEBUG org.asynchttpclient.netty.request.NettyRequestSender - Using pooled Channel '[id: 0x3e50d738, L:/127.0.0.1:63149 - R:localhost/127.0.0.1:57571]' for 'GET' to 'http://localhost:57571/session/4875dcf488b6afea81bf35f06e9257c1/screenshot'
09:47:23.854 [Forwarding screenshot on session 4875dcf488b6afea81bf35f06e9257c1 to remote] DEBUG org.asynchttpclient.netty.request.NettyRequestSender - Using open Channel [id: 0x3e50d738, L:/127.0.0.1:63149 - R:localhost/127.0.0.1:57571] for GET '/session/4875dcf488b6afea81bf35f06e9257c1/screenshot'
09:47:24.099 [AsyncHttpClient-1-2] DEBUG org.asynchttpclient.netty.handler.HttpHandler - 

Request DefaultFullHttpRequest(decodeResult: success, version: HTTP/1.1, content: EmptyByteBufBE)
GET /session/4875dcf488b6afea81bf35f06e9257c1/screenshot HTTP/1.1
User-Agent: selenium/4.1.2 (java windows)
Cache-Control: no-cache
Content-Type: application/json; charset=utf-8
host: localhost:57571
accept: */*

Response DefaultHttpResponse(decodeResult: success, version: HTTP/1.1)
HTTP/1.1 200 OK
Content-Type: application/json; charset=utf-8
cache-control: no-cache
content-length: 194928

09:47:24.102 [AsyncHttpClient-1-2] DEBUG org.asynchttpclient.netty.channel.ChannelManager - Adding key: http://localhost:57571 for channel [id: 0x3e50d738, L:/127.0.0.1:63149 - R:localhost/127.0.0.1:57571]
09:47:24.109 [main] DEBUG net.serenitybdd.core.photography.Darkroom - Send negative for processing for target\site\serenity\ef77e373c08c41a904e99fd58311dc38d26f9033f0a63c76e27853896e0c2701.png
09:47:24.109 [Darkroom Processing Line] DEBUG net.serenitybdd.core.photography.DarkroomProcessingLine - Processing screenshot image in /var/screenshots/screenshot-5115029718311460854
09:47:24.109 [Darkroom Processing Line] DEBUG net.serenitybdd.core.photography.DarkroomProcessingLine - Saving screenshot to target\site\serenity\ef77e373c08c41a904e99fd58311dc38d26f9033f0a63c76e27853896e0c2701.png
09:47:24.119 [main] INFO  - 
  _____   ___   ___   _____     ___     _     ___   ___   ___   ___  
 |_   _| | __| / __| |_   _|   | _ \   /_\   / __| / __| | __| |   \ 
   | |   | _|  \__ \   | |     |  _/  / _ \  \__ \ \__ \ | _|  | |) |
   |_|   |___| |___/   |_|     |_|   /_/ \_\ |___/ |___/ |___| |___/ 

Approve a vaccination booking
----------------------------------------------------------------------
09:47:24.268 [Driver Command Executor] DEBUG org.asynchttpclient.netty.request.NettyRequestSender - Using pooled Channel '[id: 0x3e50d738, L:/127.0.0.1:63149 - R:localhost/127.0.0.1:57571]' for 'DELETE' to 'http://localhost:57571/session/4875dcf488b6afea81bf35f06e9257c1'
09:47:24.269 [Driver Command Executor] DEBUG org.asynchttpclient.netty.request.NettyRequestSender - Using open Channel [id: 0x3e50d738, L:/127.0.0.1:63149 - R:localhost/127.0.0.1:57571] for DELETE '/session/4875dcf488b6afea81bf35f06e9257c1'
09:47:24.270 [AsyncHttpClient-1-4] DEBUG org.asynchttpclient.netty.handler.WebSocketHandler - Channel Closed: [id: 0xa5c9d427, L:/127.0.0.1:63158 ! R:localhost/127.0.0.1:63150] with attribute NettyResponseFuture{currentRetry=5,
	isDone=1,
	isCancelled=0,
	asyncHandler=org.asynchttpclient.ws.WebSocketUpgradeHandler@6d1526cb,
	nettyRequest=org.asynchttpclient.netty.request.NettyRequest@65a51d8b,
	future=java.util.concurrent.CompletableFuture@7a839b43[Completed normally],
	uri=ws://localhost:63150/devtools/browser/508bf638-570f-4ac8-b3f4-21a4835301a0,
	keepAlive=true,
	redirectCount=0,
	timeoutsHolder=null,
	inAuth=0,
	touch=1671677236337}
09:47:24.271 [AsyncHttpClient-1-4] DEBUG org.asynchttpclient.netty.channel.ChannelManager - Closing Channel [id: 0xa5c9d427, L:/127.0.0.1:63158 ! R:localhost/127.0.0.1:63150] 
09:47:24.290 [AsyncHttpClient-1-1] DEBUG org.asynchttpclient.netty.channel.DefaultChannelPool - Entry count for : http://localhost:63150 : 1
09:47:24.318 [AsyncHttpClient-1-3] DEBUG org.asynchttpclient.netty.handler.HttpHandler - Unexpected I/O exception on channel [id: 0x6f4d549a, L:/127.0.0.1:63157 - R:localhost/127.0.0.1:63150]
java.io.IOException: An existing connection was forcibly closed by the remote host
	at java.base/sun.nio.ch.SocketDispatcher.read0(Native Method)
	at java.base/sun.nio.ch.SocketDispatcher.read(SocketDispatcher.java:43)
	at java.base/sun.nio.ch.IOUtil.readIntoNativeBuffer(IOUtil.java:276)
	at java.base/sun.nio.ch.IOUtil.read(IOUtil.java:233)
	at java.base/sun.nio.ch.IOUtil.read(IOUtil.java:223)
	at java.base/sun.nio.ch.SocketChannelImpl.read(SocketChannelImpl.java:358)
	at io.netty.buffer.PooledByteBuf.setBytes(PooledByteBuf.java:258)
	at io.netty.buffer.AbstractByteBuf.writeBytes(AbstractByteBuf.java:1132)
	at io.netty.channel.socket.nio.NioSocketChannel.doReadBytes(NioSocketChannel.java:350)
	at io.netty.channel.nio.AbstractNioByteChannel$NioByteUnsafe.read(AbstractNioByteChannel.java:151)
	at io.netty.channel.nio.NioEventLoop.processSelectedKey(NioEventLoop.java:722)
	at io.netty.channel.nio.NioEventLoop.processSelectedKeysOptimized(NioEventLoop.java:658)
	at io.netty.channel.nio.NioEventLoop.processSelectedKeys(NioEventLoop.java:584)
	at io.netty.channel.nio.NioEventLoop.run(NioEventLoop.java:496)
	at io.netty.util.concurrent.SingleThreadEventExecutor$4.run(SingleThreadEventExecutor.java:986)
	at io.netty.util.internal.ThreadExecutorMap$2.run(ThreadExecutorMap.java:74)
	at io.netty.util.concurrent.FastThreadLocalRunnable.run(FastThreadLocalRunnable.java:30)
	at java.base/java.lang.Thread.run(Thread.java:834)
09:47:24.319 [AsyncHttpClient-1-3] DEBUG org.asynchttpclient.netty.channel.ChannelManager - Closing Channel [id: 0x6f4d549a, L:/127.0.0.1:63157 - R:localhost/127.0.0.1:63150] 
09:47:24.323 [AsyncHttpClient-1-3] DEBUG org.asynchttpclient.netty.handler.HttpHandler - Channel Closed: [id: 0x6f4d549a, L:/127.0.0.1:63157 ! R:localhost/127.0.0.1:63150] with attribute DISCARD
09:47:24.335 [AsyncHttpClient-1-2] DEBUG org.asynchttpclient.netty.handler.HttpHandler - 

Request DefaultFullHttpRequest(decodeResult: success, version: HTTP/1.1, content: EmptyByteBufBE)
DELETE /session/4875dcf488b6afea81bf35f06e9257c1 HTTP/1.1
User-Agent: selenium/4.1.2 (java windows)
Content-Type: application/json; charset=utf-8
host: localhost:57571
accept: */*

Response DefaultHttpResponse(decodeResult: success, version: HTTP/1.1)
HTTP/1.1 200 OK
Content-Type: application/json; charset=utf-8
cache-control: no-cache
content-length: 14

09:47:24.336 [AsyncHttpClient-1-2] DEBUG org.asynchttpclient.netty.channel.ChannelManager - Adding key: http://localhost:57571 for channel [id: 0x3e50d738, L:/127.0.0.1:63149 - R:localhost/127.0.0.1:57571]
09:47:24.422 [AsyncHttpClient-1-2] DEBUG org.asynchttpclient.netty.handler.HttpHandler - Channel Closed: [id: 0x3e50d738, L:/127.0.0.1:63149 ! R:localhost/127.0.0.1:57571] with attribute DISCARD
]]></system-out>
    <system-err><![CDATA[Starting ChromeDriver 108.0.5359.71 (1e0e3868ee06e91ad636a874420e3ca3ae3756ac-refs/branch-heads/5359@{#1016}) on port 57571
Only local connections are allowed.
Please see https://chromedriver.chromium.org/security-considerations for suggestions on keeping ChromeDriver safe.
ChromeDriver was started successfully.
Dec 22, 2022 9:47:16 AM org.openqa.selenium.remote.ProtocolHandshake createSession
INFO: Detected dialect: W3C
Dec 22, 2022 9:47:16 AM org.openqa.selenium.devtools.CdpVersionFinder findNearestMatch
WARNING: Unable to find an exact match for CDP version 108, so returning the closest version found: a no-op implementation
Dec 22, 2022 9:47:16 AM org.openqa.selenium.devtools.CdpVersionFinder findNearestMatch
INFO: Unable to find CDP implementation matching 108.
Dec 22, 2022 9:47:16 AM org.openqa.selenium.chromium.ChromiumDriver lambda$new$3
WARNING: Unable to find version of CDP to use for . You may need to include a dependency on a specific version of the CDP using something similar to `org.seleniumhq.selenium:selenium-devtools-v86:4.1.2` where the version ("v86") matches the version of the chromium-based browser you're using and the version number of the artifact is the same as Selenium's.
]]></system-err>
  </testcase>
  <testcase name="Approve all vaccination bookings" classname="Manage vaccination bookings" time="8.658">
    <system-out><![CDATA[
Scenario: Approve all vaccination bookings &amp#27;[90m# src/test/resources/features/ManageVaccinationBookings.feature:14&amp#27;[0m
09:47:24.526 [main] INFO io.cucumber.core.plugin.SerenityReporter - Running feature from file:///C:/Users/ASUSTUF/OneDrive/Documents/Capstone%20Project/Web%20Automation/src/test/resources/features/ManageVaccinationBookings.feature
09:47:24.532 [main] INFO  - 
  _____   ___   ___   _____     ___   _____     _     ___   _____   ___   ___  
 |_   _| | __| / __| |_   _|   / __| |_   _|   /_\   | _ \ |_   _| | __| |   \ 
   | |   | _|  \__ \   | |     \__ \   | |    / _ \  |   /   | |   | _|  | |) |
   |_|   |___| |___/   |_|     |___/   |_|   /_/ \_\ |_|_\   |_|   |___| |___/ 

Approve all vaccination bookings(manage-vaccination-bookings;approve-all-vaccination-bookings)
--------------------------------------------------------------------------------
09:47:24.571 [main] INFO net.serenitybdd.core.webdriver.driverproviders.ChromeDriverProvider - Using automatically driver download
09:47:24.826 [main] DEBUG io.github.bonigarcia.wdm.cache.ResolutionCache - Resolution chrome=108 in cache (valid until 10:47:07 22/12/2022 ICT)
09:47:24.839 [main] DEBUG io.github.bonigarcia.wdm.cache.ResolutionCache - Resolution chrome108=108.0.5359.71 in cache (valid until 13:40:45 22/12/2022 ICT)
09:47:24.845 [main] INFO io.github.bonigarcia.wdm.WebDriverManager - Using chromedriver 108.0.5359.71 (resolved driver for Chrome 108)
09:47:24.888 [main] DEBUG io.github.bonigarcia.wdm.WebDriverManager - Driver chromedriver 108.0.5359.71 found in cache
09:47:24.890 [main] INFO io.github.bonigarcia.wdm.WebDriverManager - Exporting webdriver.chrome.driver as C:\Users\ASUSTUF\.cache\selenium\chromedriver\win32\108.0.5359.71\chromedriver.exe
09:47:25.058 [main] DEBUG net.serenitybdd.core.webdriver.driverproviders.ProvideNewDriver - Instantiating driver
09:47:25.058 [main] DEBUG net.serenitybdd.core.webdriver.driverproviders.ProvideNewDriver - Driver capabilities: Capabilities {acceptInsecureCerts: false, base.url: https://vaksin-id.netlify.app/, browserName: chrome, chrome.driver: src/test/resources/webdrive..., driver: chrome, goog:chromeOptions: {args: [], extensions: []}}
09:47:25.383 [AsyncHttpClient-1-1] DEBUG org.asynchttpclient.netty.channel.DefaultChannelPool - Entry count for : http://localhost:57571 : 1
09:47:25.383 [AsyncHttpClient-1-1] DEBUG org.asynchttpclient.netty.channel.DefaultChannelPool - Entry count for : http://localhost:63150 : 1
09:47:25.383 [AsyncHttpClient-1-1] DEBUG org.asynchttpclient.netty.channel.DefaultChannelPool - Adding Candidate expired Channel [id: 0x3e50d738, L:/127.0.0.1:63149 ! R:localhost/127.0.0.1:57571] isIdleTimeoutExpired=false isRemotelyClosed=true isTtlExpired=false
09:47:25.383 [AsyncHttpClient-1-1] DEBUG org.asynchttpclient.netty.channel.DefaultChannelPool - Closing Idle Channel [id: 0x3e50d738, L:/127.0.0.1:63149 ! R:localhost/127.0.0.1:57571]
09:47:25.386 [AsyncHttpClient-1-1] DEBUG org.asynchttpclient.netty.channel.DefaultChannelPool - Adding Candidate expired Channel [id: 0x6f4d549a, L:/127.0.0.1:63157 ! R:localhost/127.0.0.1:63150] isIdleTimeoutExpired=false isRemotelyClosed=true isTtlExpired=false
09:47:25.386 [AsyncHttpClient-1-1] DEBUG org.asynchttpclient.netty.channel.DefaultChannelPool - Closing Idle Channel [id: 0x6f4d549a, L:/127.0.0.1:63157 ! R:localhost/127.0.0.1:63150]
09:47:25.386 [AsyncHttpClient-1-1] DEBUG org.asynchttpclient.netty.channel.DefaultChannelPool - Closed 2 connections out of 2 in 3 ms
09:47:25.517 [AsyncHttpClient-1-5] DEBUG org.asynchttpclient.netty.channel.NettyConnectListener - Using new Channel '[id: 0x5744855d, L:/127.0.0.1:63182 - R:localhost/127.0.0.1:54768]' for 'POST' to '/session'
09:47:26.369 [AsyncHttpClient-1-5] DEBUG org.asynchttpclient.netty.handler.HttpHandler - 

Request DefaultHttpRequest(decodeResult: success, version: HTTP/1.1)
POST /session HTTP/1.1
User-Agent: selenium/4.1.2 (java windows)
Content-Length: 616
Content-Type: application/json; charset=utf-8
host: localhost:54768
accept: */*

Response DefaultHttpResponse(decodeResult: success, version: HTTP/1.1)
HTTP/1.1 200 OK
Content-Type: application/json; charset=utf-8
cache-control: no-cache
content-length: 792

09:47:26.370 [AsyncHttpClient-1-5] DEBUG org.asynchttpclient.netty.channel.ChannelManager - Adding key: http://localhost:54768 for channel [id: 0x5744855d, L:/127.0.0.1:63182 - R:localhost/127.0.0.1:54768]
09:47:26.400 [AsyncHttpClient-1-6] DEBUG org.asynchttpclient.netty.channel.NettyConnectListener - Using new Channel '[id: 0x77137666, L:/127.0.0.1:63189 - R:localhost/127.0.0.1:63183]' for 'GET' to '/json/version'
09:47:26.417 [AsyncHttpClient-1-6] DEBUG org.asynchttpclient.netty.handler.HttpHandler - 

Request DefaultFullHttpRequest(decodeResult: success, version: HTTP/1.1, content: EmptyByteBufBE)
GET /json/version HTTP/1.1
User-Agent: selenium/4.1.2 (java windows)
host: localhost:63183
accept: */*

Response DefaultHttpResponse(decodeResult: success, version: HTTP/1.1)
HTTP/1.1 200 OK
Content-Type: application/json; charset=UTF-8
content-length: 424

09:47:26.418 [AsyncHttpClient-1-6] DEBUG org.asynchttpclient.netty.channel.ChannelManager - Adding key: http://localhost:63183 for channel [id: 0x77137666, L:/127.0.0.1:63189 - R:localhost/127.0.0.1:63183]
09:47:26.427 [AsyncHttpClient-1-7] DEBUG org.asynchttpclient.netty.channel.NettyConnectListener - Using new Channel '[id: 0x668d9fde, L:/127.0.0.1:63190 - R:localhost/127.0.0.1:63183]' for 'GET' to '/devtools/browser/fb39b043-37be-4399-b669-561bd183b8b7'
09:47:26.444 [AsyncHttpClient-1-7] DEBUG org.asynchttpclient.netty.handler.WebSocketHandler - 

Request DefaultFullHttpRequest(decodeResult: success, version: HTTP/1.1, content: EmptyByteBufBE)
GET /devtools/browser/fb39b043-37be-4399-b669-561bd183b8b7 HTTP/1.1
upgrade: websocket
connection: upgrade
sec-websocket-key: I6xasBFEgK/94uyEKLzupA==
sec-websocket-version: 13
origin: http://localhost:63183
host: localhost:63183
accept: */*
user-agent: AHC/2.1

Response DefaultHttpResponse(decodeResult: success, version: HTTP/1.1)
HTTP/1.1 101 WebSocket Protocol Handshake
Upgrade: WebSocket
Connection: Upgrade
Sec-WebSocket-Accept: Q7CrfMBScW4JDw8W1ROFZ6AcV+M=

09:47:26.461 [Forwarding get on session e01f3ef9a9cfa7c5c585c66c66d2ef65 to remote] DEBUG org.asynchttpclient.netty.request.NettyRequestSender - Using pooled Channel '[id: 0x5744855d, L:/127.0.0.1:63182 - R:localhost/127.0.0.1:54768]' for 'POST' to 'http://localhost:54768/session/e01f3ef9a9cfa7c5c585c66c66d2ef65/url'
09:47:26.461 [Forwarding get on session e01f3ef9a9cfa7c5c585c66c66d2ef65 to remote] DEBUG org.asynchttpclient.netty.request.NettyRequestSender - Using open Channel [id: 0x5744855d, L:/127.0.0.1:63182 - R:localhost/127.0.0.1:54768] for POST '/session/e01f3ef9a9cfa7c5c585c66c66d2ef65/url'
09:47:26.485 [AsyncHttpClient-1-1] DEBUG org.asynchttpclient.netty.channel.DefaultChannelPool - Entry count for : http://localhost:63183 : 1
09:47:27.270 [AsyncHttpClient-1-5] DEBUG org.asynchttpclient.netty.handler.HttpHandler - 

Request DefaultHttpRequest(decodeResult: success, version: HTTP/1.1)
POST /session/e01f3ef9a9cfa7c5c585c66c66d2ef65/url HTTP/1.1
User-Agent: selenium/4.1.2 (java windows)
Content-Length: 60
Content-Type: application/json; charset=utf-8
host: localhost:54768
accept: */*

Response DefaultHttpResponse(decodeResult: success, version: HTTP/1.1)
HTTP/1.1 200 OK
Content-Type: application/json; charset=utf-8
cache-control: no-cache
content-length: 14

09:47:27.271 [AsyncHttpClient-1-5] DEBUG org.asynchttpclient.netty.channel.ChannelManager - Adding key: http://localhost:54768 for channel [id: 0x5744855d, L:/127.0.0.1:63182 - R:localhost/127.0.0.1:54768]
09:47:27.275 [Forwarding setTimeout on session e01f3ef9a9cfa7c5c585c66c66d2ef65 to remote] DEBUG org.asynchttpclient.netty.request.NettyRequestSender - Using pooled Channel '[id: 0x5744855d, L:/127.0.0.1:63182 - R:localhost/127.0.0.1:54768]' for 'POST' to 'http://localhost:54768/session/e01f3ef9a9cfa7c5c585c66c66d2ef65/timeouts'
09:47:27.276 [Forwarding setTimeout on session e01f3ef9a9cfa7c5c585c66c66d2ef65 to remote] DEBUG org.asynchttpclient.netty.request.NettyRequestSender - Using open Channel [id: 0x5744855d, L:/127.0.0.1:63182 - R:localhost/127.0.0.1:54768] for POST '/session/e01f3ef9a9cfa7c5c585c66c66d2ef65/timeouts'
09:47:27.278 [AsyncHttpClient-1-5] DEBUG org.asynchttpclient.netty.handler.HttpHandler - 

Request DefaultHttpRequest(decodeResult: success, version: HTTP/1.1)
POST /session/e01f3ef9a9cfa7c5c585c66c66d2ef65/timeouts HTTP/1.1
User-Agent: selenium/4.1.2 (java windows)
Content-Length: 22
Content-Type: application/json; charset=utf-8
host: localhost:54768
accept: */*

Response DefaultHttpResponse(decodeResult: success, version: HTTP/1.1)
HTTP/1.1 200 OK
Content-Type: application/json; charset=utf-8
cache-control: no-cache
content-length: 14

09:47:27.279 [AsyncHttpClient-1-5] DEBUG org.asynchttpclient.netty.channel.ChannelManager - Adding key: http://localhost:54768 for channel [id: 0x5744855d, L:/127.0.0.1:63182 - R:localhost/127.0.0.1:54768]
09:47:27.286 [Forwarding getCurrentUrl on session e01f3ef9a9cfa7c5c585c66c66d2ef65 to remote] DEBUG org.asynchttpclient.netty.request.NettyRequestSender - Using pooled Channel '[id: 0x5744855d, L:/127.0.0.1:63182 - R:localhost/127.0.0.1:54768]' for 'GET' to 'http://localhost:54768/session/e01f3ef9a9cfa7c5c585c66c66d2ef65/url'
09:47:27.286 [Forwarding getCurrentUrl on session e01f3ef9a9cfa7c5c585c66c66d2ef65 to remote] DEBUG org.asynchttpclient.netty.request.NettyRequestSender - Using open Channel [id: 0x5744855d, L:/127.0.0.1:63182 - R:localhost/127.0.0.1:54768] for GET '/session/e01f3ef9a9cfa7c5c585c66c66d2ef65/url'
09:47:27.309 [AsyncHttpClient-1-5] DEBUG org.asynchttpclient.netty.handler.HttpHandler - 

Request DefaultFullHttpRequest(decodeResult: success, version: HTTP/1.1, content: EmptyByteBufBE)
GET /session/e01f3ef9a9cfa7c5c585c66c66d2ef65/url HTTP/1.1
User-Agent: selenium/4.1.2 (java windows)
Cache-Control: no-cache
Content-Type: application/json; charset=utf-8
host: localhost:54768
accept: */*

Response DefaultHttpResponse(decodeResult: success, version: HTTP/1.1)
HTTP/1.1 200 OK
Content-Type: application/json; charset=utf-8
cache-control: no-cache
content-length: 42

09:47:27.309 [AsyncHttpClient-1-5] DEBUG org.asynchttpclient.netty.channel.ChannelManager - Adding key: http://localhost:54768 for channel [id: 0x5744855d, L:/127.0.0.1:63182 - R:localhost/127.0.0.1:54768]
  &amp#27;[32mGiven &amp#27;[0m&amp#27;[32mI am on landing page&amp#27;[0m               &amp#27;[90m# starter.stepdefinitions.ManageVaccinationBookingsSteps.iAmOnLandingPage()&amp#27;[0m
09:47:27.323 [Forwarding screenshot on session e01f3ef9a9cfa7c5c585c66c66d2ef65 to remote] DEBUG org.asynchttpclient.netty.request.NettyRequestSender - Using pooled Channel '[id: 0x5744855d, L:/127.0.0.1:63182 - R:localhost/127.0.0.1:54768]' for 'GET' to 'http://localhost:54768/session/e01f3ef9a9cfa7c5c585c66c66d2ef65/screenshot'
09:47:27.323 [Forwarding screenshot on session e01f3ef9a9cfa7c5c585c66c66d2ef65 to remote] DEBUG org.asynchttpclient.netty.request.NettyRequestSender - Using open Channel [id: 0x5744855d, L:/127.0.0.1:63182 - R:localhost/127.0.0.1:54768] for GET '/session/e01f3ef9a9cfa7c5c585c66c66d2ef65/screenshot'
09:47:27.582 [AsyncHttpClient-1-1] DEBUG org.asynchttpclient.netty.channel.DefaultChannelPool - Entry count for : http://localhost:63183 : 1
09:47:28.437 [AsyncHttpClient-1-5] DEBUG org.asynchttpclient.netty.handler.HttpHandler - 

Request DefaultFullHttpRequest(decodeResult: success, version: HTTP/1.1, content: EmptyByteBufBE)
GET /session/e01f3ef9a9cfa7c5c585c66c66d2ef65/screenshot HTTP/1.1
User-Agent: selenium/4.1.2 (java windows)
Cache-Control: no-cache
Content-Type: application/json; charset=utf-8
host: localhost:54768
accept: */*

Response DefaultHttpResponse(decodeResult: success, version: HTTP/1.1)
HTTP/1.1 200 OK
Content-Type: application/json; charset=utf-8
cache-control: no-cache
content-length: 847132

09:47:28.440 [AsyncHttpClient-1-5] DEBUG org.asynchttpclient.netty.channel.ChannelManager - Adding key: http://localhost:54768 for channel [id: 0x5744855d, L:/127.0.0.1:63182 - R:localhost/127.0.0.1:54768]
09:47:28.464 [main] DEBUG net.serenitybdd.core.photography.Darkroom - Send negative for processing for target\site\serenity\ff3b83dd42f508d91c0c8488aed412149de34b436c7528a8caa8428592644731.png
09:47:28.472 [Forwarding findElement on session e01f3ef9a9cfa7c5c585c66c66d2ef65 to remote] DEBUG org.asynchttpclient.netty.request.NettyRequestSender - Using pooled Channel '[id: 0x5744855d, L:/127.0.0.1:63182 - R:localhost/127.0.0.1:54768]' for 'POST' to 'http://localhost:54768/session/e01f3ef9a9cfa7c5c585c66c66d2ef65/element'
09:47:28.472 [Forwarding findElement on session e01f3ef9a9cfa7c5c585c66c66d2ef65 to remote] DEBUG org.asynchttpclient.netty.request.NettyRequestSender - Using open Channel [id: 0x5744855d, L:/127.0.0.1:63182 - R:localhost/127.0.0.1:54768] for POST '/session/e01f3ef9a9cfa7c5c585c66c66d2ef65/element'
09:47:28.494 [AsyncHttpClient-1-5] DEBUG org.asynchttpclient.netty.handler.HttpHandler - 

Request DefaultHttpRequest(decodeResult: success, version: HTTP/1.1)
POST /session/e01f3ef9a9cfa7c5c585c66c66d2ef65/element HTTP/1.1
User-Agent: selenium/4.1.2 (java windows)
Content-Length: 315
Content-Type: application/json; charset=utf-8
host: localhost:54768
accept: */*

Response DefaultHttpResponse(decodeResult: success, version: HTTP/1.1)
HTTP/1.1 200 OK
Content-Type: application/json; charset=utf-8
cache-control: no-cache
content-length: 88

09:47:28.494 [AsyncHttpClient-1-5] DEBUG org.asynchttpclient.netty.channel.ChannelManager - Adding key: http://localhost:54768 for channel [id: 0x5744855d, L:/127.0.0.1:63182 - R:localhost/127.0.0.1:54768]
09:47:28.499 [Forwarding getElementTagName on session e01f3ef9a9cfa7c5c585c66c66d2ef65 to remote] DEBUG org.asynchttpclient.netty.request.NettyRequestSender - Using pooled Channel '[id: 0x5744855d, L:/127.0.0.1:63182 - R:localhost/127.0.0.1:54768]' for 'GET' to 'http://localhost:54768/session/e01f3ef9a9cfa7c5c585c66c66d2ef65/element/b917afb3-13bd-4296-b839-a46931f5b750/name'
09:47:28.499 [Forwarding getElementTagName on session e01f3ef9a9cfa7c5c585c66c66d2ef65 to remote] DEBUG org.asynchttpclient.netty.request.NettyRequestSender - Using open Channel [id: 0x5744855d, L:/127.0.0.1:63182 - R:localhost/127.0.0.1:54768] for GET '/session/e01f3ef9a9cfa7c5c585c66c66d2ef65/element/b917afb3-13bd-4296-b839-a46931f5b750/name'
09:47:28.506 [AsyncHttpClient-1-5] DEBUG org.asynchttpclient.netty.handler.HttpHandler - 

Request DefaultFullHttpRequest(decodeResult: success, version: HTTP/1.1, content: EmptyByteBufBE)
GET /session/e01f3ef9a9cfa7c5c585c66c66d2ef65/element/b917afb3-13bd-4296-b839-a46931f5b750/name HTTP/1.1
User-Agent: selenium/4.1.2 (java windows)
Cache-Control: no-cache
Content-Type: application/json; charset=utf-8
host: localhost:54768
accept: */*

Response DefaultHttpResponse(decodeResult: success, version: HTTP/1.1)
HTTP/1.1 200 OK
Content-Type: application/json; charset=utf-8
cache-control: no-cache
content-length: 18

09:47:28.506 [AsyncHttpClient-1-5] DEBUG org.asynchttpclient.netty.channel.ChannelManager - Adding key: http://localhost:54768 for channel [id: 0x5744855d, L:/127.0.0.1:63182 - R:localhost/127.0.0.1:54768]
09:47:28.508 [Forwarding getElementTagName on session e01f3ef9a9cfa7c5c585c66c66d2ef65 to remote] DEBUG org.asynchttpclient.netty.request.NettyRequestSender - Using pooled Channel '[id: 0x5744855d, L:/127.0.0.1:63182 - R:localhost/127.0.0.1:54768]' for 'GET' to 'http://localhost:54768/session/e01f3ef9a9cfa7c5c585c66c66d2ef65/element/b917afb3-13bd-4296-b839-a46931f5b750/name'
09:47:28.508 [Forwarding getElementTagName on session e01f3ef9a9cfa7c5c585c66c66d2ef65 to remote] DEBUG org.asynchttpclient.netty.request.NettyRequestSender - Using open Channel [id: 0x5744855d, L:/127.0.0.1:63182 - R:localhost/127.0.0.1:54768] for GET '/session/e01f3ef9a9cfa7c5c585c66c66d2ef65/element/b917afb3-13bd-4296-b839-a46931f5b750/name'
09:47:28.514 [AsyncHttpClient-1-5] DEBUG org.asynchttpclient.netty.handler.HttpHandler - 

Request DefaultFullHttpRequest(decodeResult: success, version: HTTP/1.1, content: EmptyByteBufBE)
GET /session/e01f3ef9a9cfa7c5c585c66c66d2ef65/element/b917afb3-13bd-4296-b839-a46931f5b750/name HTTP/1.1
User-Agent: selenium/4.1.2 (java windows)
Cache-Control: no-cache
Content-Type: application/json; charset=utf-8
host: localhost:54768
accept: */*

Response DefaultHttpResponse(decodeResult: success, version: HTTP/1.1)
HTTP/1.1 200 OK
Content-Type: application/json; charset=utf-8
cache-control: no-cache
content-length: 18

09:47:28.514 [AsyncHttpClient-1-5] DEBUG org.asynchttpclient.netty.channel.ChannelManager - Adding key: http://localhost:54768 for channel [id: 0x5744855d, L:/127.0.0.1:63182 - R:localhost/127.0.0.1:54768]
09:47:28.517 [Forwarding isElementEnabled on session e01f3ef9a9cfa7c5c585c66c66d2ef65 to remote] DEBUG org.asynchttpclient.netty.request.NettyRequestSender - Using pooled Channel '[id: 0x5744855d, L:/127.0.0.1:63182 - R:localhost/127.0.0.1:54768]' for 'GET' to 'http://localhost:54768/session/e01f3ef9a9cfa7c5c585c66c66d2ef65/element/b917afb3-13bd-4296-b839-a46931f5b750/enabled'
09:47:28.517 [Forwarding isElementEnabled on session e01f3ef9a9cfa7c5c585c66c66d2ef65 to remote] DEBUG org.asynchttpclient.netty.request.NettyRequestSender - Using open Channel [id: 0x5744855d, L:/127.0.0.1:63182 - R:localhost/127.0.0.1:54768] for GET '/session/e01f3ef9a9cfa7c5c585c66c66d2ef65/element/b917afb3-13bd-4296-b839-a46931f5b750/enabled'
09:47:28.534 [AsyncHttpClient-1-5] DEBUG org.asynchttpclient.netty.handler.HttpHandler - 

Request DefaultFullHttpRequest(decodeResult: success, version: HTTP/1.1, content: EmptyByteBufBE)
GET /session/e01f3ef9a9cfa7c5c585c66c66d2ef65/element/b917afb3-13bd-4296-b839-a46931f5b750/enabled HTTP/1.1
User-Agent: selenium/4.1.2 (java windows)
Cache-Control: no-cache
Content-Type: application/json; charset=utf-8
host: localhost:54768
accept: */*

Response DefaultHttpResponse(decodeResult: success, version: HTTP/1.1)
HTTP/1.1 200 OK
Content-Type: application/json; charset=utf-8
cache-control: no-cache
content-length: 14

09:47:28.534 [AsyncHttpClient-1-5] DEBUG org.asynchttpclient.netty.channel.ChannelManager - Adding key: http://localhost:54768 for channel [id: 0x5744855d, L:/127.0.0.1:63182 - R:localhost/127.0.0.1:54768]
09:47:28.536 [Forwarding isElementEnabled on session e01f3ef9a9cfa7c5c585c66c66d2ef65 to remote] DEBUG org.asynchttpclient.netty.request.NettyRequestSender - Using pooled Channel '[id: 0x5744855d, L:/127.0.0.1:63182 - R:localhost/127.0.0.1:54768]' for 'GET' to 'http://localhost:54768/session/e01f3ef9a9cfa7c5c585c66c66d2ef65/element/b917afb3-13bd-4296-b839-a46931f5b750/enabled'
09:47:28.536 [Forwarding isElementEnabled on session e01f3ef9a9cfa7c5c585c66c66d2ef65 to remote] DEBUG org.asynchttpclient.netty.request.NettyRequestSender - Using open Channel [id: 0x5744855d, L:/127.0.0.1:63182 - R:localhost/127.0.0.1:54768] for GET '/session/e01f3ef9a9cfa7c5c585c66c66d2ef65/element/b917afb3-13bd-4296-b839-a46931f5b750/enabled'
09:47:28.545 [AsyncHttpClient-1-5] DEBUG org.asynchttpclient.netty.handler.HttpHandler - 

Request DefaultFullHttpRequest(decodeResult: success, version: HTTP/1.1, content: EmptyByteBufBE)
GET /session/e01f3ef9a9cfa7c5c585c66c66d2ef65/element/b917afb3-13bd-4296-b839-a46931f5b750/enabled HTTP/1.1
User-Agent: selenium/4.1.2 (java windows)
Cache-Control: no-cache
Content-Type: application/json; charset=utf-8
host: localhost:54768
accept: */*

Response DefaultHttpResponse(decodeResult: success, version: HTTP/1.1)
HTTP/1.1 200 OK
Content-Type: application/json; charset=utf-8
cache-control: no-cache
content-length: 14

09:47:28.545 [AsyncHttpClient-1-5] DEBUG org.asynchttpclient.netty.channel.ChannelManager - Adding key: http://localhost:54768 for channel [id: 0x5744855d, L:/127.0.0.1:63182 - R:localhost/127.0.0.1:54768]
09:47:28.550 [Forwarding findElement on session e01f3ef9a9cfa7c5c585c66c66d2ef65 to remote] DEBUG org.asynchttpclient.netty.request.NettyRequestSender - Using pooled Channel '[id: 0x5744855d, L:/127.0.0.1:63182 - R:localhost/127.0.0.1:54768]' for 'POST' to 'http://localhost:54768/session/e01f3ef9a9cfa7c5c585c66c66d2ef65/element'
09:47:28.550 [Forwarding findElement on session e01f3ef9a9cfa7c5c585c66c66d2ef65 to remote] DEBUG org.asynchttpclient.netty.request.NettyRequestSender - Using open Channel [id: 0x5744855d, L:/127.0.0.1:63182 - R:localhost/127.0.0.1:54768] for POST '/session/e01f3ef9a9cfa7c5c585c66c66d2ef65/element'
09:47:28.560 [AsyncHttpClient-1-5] DEBUG org.asynchttpclient.netty.handler.HttpHandler - 

Request DefaultHttpRequest(decodeResult: success, version: HTTP/1.1)
POST /session/e01f3ef9a9cfa7c5c585c66c66d2ef65/element HTTP/1.1
User-Agent: selenium/4.1.2 (java windows)
Content-Length: 315
Content-Type: application/json; charset=utf-8
host: localhost:54768
accept: */*

Response DefaultHttpResponse(decodeResult: success, version: HTTP/1.1)
HTTP/1.1 200 OK
Content-Type: application/json; charset=utf-8
cache-control: no-cache
content-length: 88

09:47:28.560 [AsyncHttpClient-1-5] DEBUG org.asynchttpclient.netty.channel.ChannelManager - Adding key: http://localhost:54768 for channel [id: 0x5744855d, L:/127.0.0.1:63182 - R:localhost/127.0.0.1:54768]
09:47:28.562 [Forwarding clickElement on session e01f3ef9a9cfa7c5c585c66c66d2ef65 to remote] DEBUG org.asynchttpclient.netty.request.NettyRequestSender - Using pooled Channel '[id: 0x5744855d, L:/127.0.0.1:63182 - R:localhost/127.0.0.1:54768]' for 'POST' to 'http://localhost:54768/session/e01f3ef9a9cfa7c5c585c66c66d2ef65/element/b917afb3-13bd-4296-b839-a46931f5b750/click'
09:47:28.562 [Forwarding clickElement on session e01f3ef9a9cfa7c5c585c66c66d2ef65 to remote] DEBUG org.asynchttpclient.netty.request.NettyRequestSender - Using open Channel [id: 0x5744855d, L:/127.0.0.1:63182 - R:localhost/127.0.0.1:54768] for POST '/session/e01f3ef9a9cfa7c5c585c66c66d2ef65/element/b917afb3-13bd-4296-b839-a46931f5b750/click'
09:47:28.666 [AsyncHttpClient-1-5] DEBUG org.asynchttpclient.netty.handler.HttpHandler - 

Request DefaultHttpRequest(decodeResult: success, version: HTTP/1.1)
POST /session/e01f3ef9a9cfa7c5c585c66c66d2ef65/element/b917afb3-13bd-4296-b839-a46931f5b750/click HTTP/1.1
User-Agent: selenium/4.1.2 (java windows)
Content-Length: 50
Content-Type: application/json; charset=utf-8
host: localhost:54768
accept: */*

Response DefaultHttpResponse(decodeResult: success, version: HTTP/1.1)
HTTP/1.1 200 OK
Content-Type: application/json; charset=utf-8
cache-control: no-cache
content-length: 14

09:47:28.666 [AsyncHttpClient-1-5] DEBUG org.asynchttpclient.netty.channel.ChannelManager - Adding key: http://localhost:54768 for channel [id: 0x5744855d, L:/127.0.0.1:63182 - R:localhost/127.0.0.1:54768]
09:47:28.673 [Forwarding findElement on session e01f3ef9a9cfa7c5c585c66c66d2ef65 to remote] DEBUG org.asynchttpclient.netty.request.NettyRequestSender - Using pooled Channel '[id: 0x5744855d, L:/127.0.0.1:63182 - R:localhost/127.0.0.1:54768]' for 'POST' to 'http://localhost:54768/session/e01f3ef9a9cfa7c5c585c66c66d2ef65/element'
09:47:28.674 [Forwarding findElement on session e01f3ef9a9cfa7c5c585c66c66d2ef65 to remote] DEBUG org.asynchttpclient.netty.request.NettyRequestSender - Using open Channel [id: 0x5744855d, L:/127.0.0.1:63182 - R:localhost/127.0.0.1:54768] for POST '/session/e01f3ef9a9cfa7c5c585c66c66d2ef65/element'
09:47:28.688 [AsyncHttpClient-1-1] DEBUG org.asynchttpclient.netty.channel.DefaultChannelPool - Entry count for : http://localhost:63183 : 1
09:47:28.691 [AsyncHttpClient-1-5] DEBUG org.asynchttpclient.netty.handler.HttpHandler - 

Request DefaultHttpRequest(decodeResult: success, version: HTTP/1.1)
POST /session/e01f3ef9a9cfa7c5c585c66c66d2ef65/element HTTP/1.1
User-Agent: selenium/4.1.2 (java windows)
Content-Length: 69
Content-Type: application/json; charset=utf-8
host: localhost:54768
accept: */*

Response DefaultHttpResponse(decodeResult: success, version: HTTP/1.1)
HTTP/1.1 200 OK
Content-Type: application/json; charset=utf-8
cache-control: no-cache
content-length: 88

09:47:28.692 [AsyncHttpClient-1-5] DEBUG org.asynchttpclient.netty.channel.ChannelManager - Adding key: http://localhost:54768 for channel [id: 0x5744855d, L:/127.0.0.1:63182 - R:localhost/127.0.0.1:54768]
09:47:28.693 [Forwarding clearElement on session e01f3ef9a9cfa7c5c585c66c66d2ef65 to remote] DEBUG org.asynchttpclient.netty.request.NettyRequestSender - Using pooled Channel '[id: 0x5744855d, L:/127.0.0.1:63182 - R:localhost/127.0.0.1:54768]' for 'POST' to 'http://localhost:54768/session/e01f3ef9a9cfa7c5c585c66c66d2ef65/element/b453b07a-a78d-4423-955d-72d8c5e56091/clear'
09:47:28.693 [Forwarding clearElement on session e01f3ef9a9cfa7c5c585c66c66d2ef65 to remote] DEBUG org.asynchttpclient.netty.request.NettyRequestSender - Using open Channel [id: 0x5744855d, L:/127.0.0.1:63182 - R:localhost/127.0.0.1:54768] for POST '/session/e01f3ef9a9cfa7c5c585c66c66d2ef65/element/b453b07a-a78d-4423-955d-72d8c5e56091/clear'
09:47:28.743 [AsyncHttpClient-1-5] DEBUG org.asynchttpclient.netty.handler.HttpHandler - 

Request DefaultHttpRequest(decodeResult: success, version: HTTP/1.1)
POST /session/e01f3ef9a9cfa7c5c585c66c66d2ef65/element/b453b07a-a78d-4423-955d-72d8c5e56091/clear HTTP/1.1
User-Agent: selenium/4.1.2 (java windows)
Content-Length: 50
Content-Type: application/json; charset=utf-8
host: localhost:54768
accept: */*

Response DefaultHttpResponse(decodeResult: success, version: HTTP/1.1)
HTTP/1.1 200 OK
Content-Type: application/json; charset=utf-8
cache-control: no-cache
content-length: 14

09:47:28.743 [AsyncHttpClient-1-5] DEBUG org.asynchttpclient.netty.channel.ChannelManager - Adding key: http://localhost:54768 for channel [id: 0x5744855d, L:/127.0.0.1:63182 - R:localhost/127.0.0.1:54768]
09:47:28.748 [Forwarding sendKeysToElement on session e01f3ef9a9cfa7c5c585c66c66d2ef65 to remote] DEBUG org.asynchttpclient.netty.request.NettyRequestSender - Using pooled Channel '[id: 0x5744855d, L:/127.0.0.1:63182 - R:localhost/127.0.0.1:54768]' for 'POST' to 'http://localhost:54768/session/e01f3ef9a9cfa7c5c585c66c66d2ef65/element/b453b07a-a78d-4423-955d-72d8c5e56091/value'
09:47:28.748 [Forwarding sendKeysToElement on session e01f3ef9a9cfa7c5c585c66c66d2ef65 to remote] DEBUG org.asynchttpclient.netty.request.NettyRequestSender - Using open Channel [id: 0x5744855d, L:/127.0.0.1:63182 - R:localhost/127.0.0.1:54768] for POST '/session/e01f3ef9a9cfa7c5c585c66c66d2ef65/element/b453b07a-a78d-4423-955d-72d8c5e56091/value'
09:47:29.035 [AsyncHttpClient-1-5] DEBUG org.asynchttpclient.netty.handler.HttpHandler - 

Request DefaultHttpRequest(decodeResult: success, version: HTTP/1.1)
POST /session/e01f3ef9a9cfa7c5c585c66c66d2ef65/element/b453b07a-a78d-4423-955d-72d8c5e56091/value HTTP/1.1
User-Agent: selenium/4.1.2 (java windows)
Content-Length: 371
Content-Type: application/json; charset=utf-8
host: localhost:54768
accept: */*

Response DefaultHttpResponse(decodeResult: success, version: HTTP/1.1)
HTTP/1.1 200 OK
Content-Type: application/json; charset=utf-8
cache-control: no-cache
content-length: 14

09:47:29.035 [AsyncHttpClient-1-5] DEBUG org.asynchttpclient.netty.channel.ChannelManager - Adding key: http://localhost:54768 for channel [id: 0x5744855d, L:/127.0.0.1:63182 - R:localhost/127.0.0.1:54768]
09:47:29.041 [Forwarding findElement on session e01f3ef9a9cfa7c5c585c66c66d2ef65 to remote] DEBUG org.asynchttpclient.netty.request.NettyRequestSender - Using pooled Channel '[id: 0x5744855d, L:/127.0.0.1:63182 - R:localhost/127.0.0.1:54768]' for 'POST' to 'http://localhost:54768/session/e01f3ef9a9cfa7c5c585c66c66d2ef65/element'
09:47:29.041 [Forwarding findElement on session e01f3ef9a9cfa7c5c585c66c66d2ef65 to remote] DEBUG org.asynchttpclient.netty.request.NettyRequestSender - Using open Channel [id: 0x5744855d, L:/127.0.0.1:63182 - R:localhost/127.0.0.1:54768] for POST '/session/e01f3ef9a9cfa7c5c585c66c66d2ef65/element'
09:47:29.058 [AsyncHttpClient-1-5] DEBUG org.asynchttpclient.netty.handler.HttpHandler - 

Request DefaultHttpRequest(decodeResult: success, version: HTTP/1.1)
POST /session/e01f3ef9a9cfa7c5c585c66c66d2ef65/element HTTP/1.1
User-Agent: selenium/4.1.2 (java windows)
Content-Length: 72
Content-Type: application/json; charset=utf-8
host: localhost:54768
accept: */*

Response DefaultHttpResponse(decodeResult: success, version: HTTP/1.1)
HTTP/1.1 200 OK
Content-Type: application/json; charset=utf-8
cache-control: no-cache
content-length: 88

09:47:29.059 [AsyncHttpClient-1-5] DEBUG org.asynchttpclient.netty.channel.ChannelManager - Adding key: http://localhost:54768 for channel [id: 0x5744855d, L:/127.0.0.1:63182 - R:localhost/127.0.0.1:54768]
09:47:29.060 [Forwarding clearElement on session e01f3ef9a9cfa7c5c585c66c66d2ef65 to remote] DEBUG org.asynchttpclient.netty.request.NettyRequestSender - Using pooled Channel '[id: 0x5744855d, L:/127.0.0.1:63182 - R:localhost/127.0.0.1:54768]' for 'POST' to 'http://localhost:54768/session/e01f3ef9a9cfa7c5c585c66c66d2ef65/element/ff7ce794-8f9b-499a-bbc1-e647ce0fd7cc/clear'
09:47:29.060 [Forwarding clearElement on session e01f3ef9a9cfa7c5c585c66c66d2ef65 to remote] DEBUG org.asynchttpclient.netty.request.NettyRequestSender - Using open Channel [id: 0x5744855d, L:/127.0.0.1:63182 - R:localhost/127.0.0.1:54768] for POST '/session/e01f3ef9a9cfa7c5c585c66c66d2ef65/element/ff7ce794-8f9b-499a-bbc1-e647ce0fd7cc/clear'
09:47:29.129 [AsyncHttpClient-1-5] DEBUG org.asynchttpclient.netty.handler.HttpHandler - 

Request DefaultHttpRequest(decodeResult: success, version: HTTP/1.1)
POST /session/e01f3ef9a9cfa7c5c585c66c66d2ef65/element/ff7ce794-8f9b-499a-bbc1-e647ce0fd7cc/clear HTTP/1.1
User-Agent: selenium/4.1.2 (java windows)
Content-Length: 50
Content-Type: application/json; charset=utf-8
host: localhost:54768
accept: */*

Response DefaultHttpResponse(decodeResult: success, version: HTTP/1.1)
HTTP/1.1 200 OK
Content-Type: application/json; charset=utf-8
cache-control: no-cache
content-length: 14

09:47:29.130 [AsyncHttpClient-1-5] DEBUG org.asynchttpclient.netty.channel.ChannelManager - Adding key: http://localhost:54768 for channel [id: 0x5744855d, L:/127.0.0.1:63182 - R:localhost/127.0.0.1:54768]
09:47:29.137 [Forwarding sendKeysToElement on session e01f3ef9a9cfa7c5c585c66c66d2ef65 to remote] DEBUG org.asynchttpclient.netty.request.NettyRequestSender - Using pooled Channel '[id: 0x5744855d, L:/127.0.0.1:63182 - R:localhost/127.0.0.1:54768]' for 'POST' to 'http://localhost:54768/session/e01f3ef9a9cfa7c5c585c66c66d2ef65/element/ff7ce794-8f9b-499a-bbc1-e647ce0fd7cc/value'
09:47:29.137 [Forwarding sendKeysToElement on session e01f3ef9a9cfa7c5c585c66c66d2ef65 to remote] DEBUG org.asynchttpclient.netty.request.NettyRequestSender - Using open Channel [id: 0x5744855d, L:/127.0.0.1:63182 - R:localhost/127.0.0.1:54768] for POST '/session/e01f3ef9a9cfa7c5c585c66c66d2ef65/element/ff7ce794-8f9b-499a-bbc1-e647ce0fd7cc/value'
09:47:29.361 [AsyncHttpClient-1-5] DEBUG org.asynchttpclient.netty.handler.HttpHandler - 

Request DefaultHttpRequest(decodeResult: success, version: HTTP/1.1)
POST /session/e01f3ef9a9cfa7c5c585c66c66d2ef65/element/ff7ce794-8f9b-499a-bbc1-e647ce0fd7cc/value HTTP/1.1
User-Agent: selenium/4.1.2 (java windows)
Content-Length: 251
Content-Type: application/json; charset=utf-8
host: localhost:54768
accept: */*

Response DefaultHttpResponse(decodeResult: success, version: HTTP/1.1)
HTTP/1.1 200 OK
Content-Type: application/json; charset=utf-8
cache-control: no-cache
content-length: 14

09:47:29.362 [AsyncHttpClient-1-5] DEBUG org.asynchttpclient.netty.channel.ChannelManager - Adding key: http://localhost:54768 for channel [id: 0x5744855d, L:/127.0.0.1:63182 - R:localhost/127.0.0.1:54768]
09:47:29.377 [Forwarding findElement on session e01f3ef9a9cfa7c5c585c66c66d2ef65 to remote] DEBUG org.asynchttpclient.netty.request.NettyRequestSender - Using pooled Channel '[id: 0x5744855d, L:/127.0.0.1:63182 - R:localhost/127.0.0.1:54768]' for 'POST' to 'http://localhost:54768/session/e01f3ef9a9cfa7c5c585c66c66d2ef65/element'
09:47:29.377 [Forwarding findElement on session e01f3ef9a9cfa7c5c585c66c66d2ef65 to remote] DEBUG org.asynchttpclient.netty.request.NettyRequestSender - Using open Channel [id: 0x5744855d, L:/127.0.0.1:63182 - R:localhost/127.0.0.1:54768] for POST '/session/e01f3ef9a9cfa7c5c585c66c66d2ef65/element'
09:47:29.394 [AsyncHttpClient-1-5] DEBUG org.asynchttpclient.netty.handler.HttpHandler - 

Request DefaultHttpRequest(decodeResult: success, version: HTTP/1.1)
POST /session/e01f3ef9a9cfa7c5c585c66c66d2ef65/element HTTP/1.1
User-Agent: selenium/4.1.2 (java windows)
Content-Length: 321
Content-Type: application/json; charset=utf-8
host: localhost:54768
accept: */*

Response DefaultHttpResponse(decodeResult: success, version: HTTP/1.1)
HTTP/1.1 200 OK
Content-Type: application/json; charset=utf-8
cache-control: no-cache
content-length: 88

09:47:29.395 [AsyncHttpClient-1-5] DEBUG org.asynchttpclient.netty.channel.ChannelManager - Adding key: http://localhost:54768 for channel [id: 0x5744855d, L:/127.0.0.1:63182 - R:localhost/127.0.0.1:54768]
09:47:29.399 [Forwarding getElementTagName on session e01f3ef9a9cfa7c5c585c66c66d2ef65 to remote] DEBUG org.asynchttpclient.netty.request.NettyRequestSender - Using pooled Channel '[id: 0x5744855d, L:/127.0.0.1:63182 - R:localhost/127.0.0.1:54768]' for 'GET' to 'http://localhost:54768/session/e01f3ef9a9cfa7c5c585c66c66d2ef65/element/69d6fdd0-adfa-4fdf-a820-77bf49d1a65b/name'
09:47:29.400 [Forwarding getElementTagName on session e01f3ef9a9cfa7c5c585c66c66d2ef65 to remote] DEBUG org.asynchttpclient.netty.request.NettyRequestSender - Using open Channel [id: 0x5744855d, L:/127.0.0.1:63182 - R:localhost/127.0.0.1:54768] for GET '/session/e01f3ef9a9cfa7c5c585c66c66d2ef65/element/69d6fdd0-adfa-4fdf-a820-77bf49d1a65b/name'
09:47:29.406 [AsyncHttpClient-1-5] DEBUG org.asynchttpclient.netty.handler.HttpHandler - 

Request DefaultFullHttpRequest(decodeResult: success, version: HTTP/1.1, content: EmptyByteBufBE)
GET /session/e01f3ef9a9cfa7c5c585c66c66d2ef65/element/69d6fdd0-adfa-4fdf-a820-77bf49d1a65b/name HTTP/1.1
User-Agent: selenium/4.1.2 (java windows)
Cache-Control: no-cache
Content-Type: application/json; charset=utf-8
host: localhost:54768
accept: */*

Response DefaultHttpResponse(decodeResult: success, version: HTTP/1.1)
HTTP/1.1 200 OK
Content-Type: application/json; charset=utf-8
cache-control: no-cache
content-length: 18

09:47:29.406 [AsyncHttpClient-1-5] DEBUG org.asynchttpclient.netty.channel.ChannelManager - Adding key: http://localhost:54768 for channel [id: 0x5744855d, L:/127.0.0.1:63182 - R:localhost/127.0.0.1:54768]
09:47:29.408 [Forwarding getElementTagName on session e01f3ef9a9cfa7c5c585c66c66d2ef65 to remote] DEBUG org.asynchttpclient.netty.request.NettyRequestSender - Using pooled Channel '[id: 0x5744855d, L:/127.0.0.1:63182 - R:localhost/127.0.0.1:54768]' for 'GET' to 'http://localhost:54768/session/e01f3ef9a9cfa7c5c585c66c66d2ef65/element/69d6fdd0-adfa-4fdf-a820-77bf49d1a65b/name'
09:47:29.408 [Forwarding getElementTagName on session e01f3ef9a9cfa7c5c585c66c66d2ef65 to remote] DEBUG org.asynchttpclient.netty.request.NettyRequestSender - Using open Channel [id: 0x5744855d, L:/127.0.0.1:63182 - R:localhost/127.0.0.1:54768] for GET '/session/e01f3ef9a9cfa7c5c585c66c66d2ef65/element/69d6fdd0-adfa-4fdf-a820-77bf49d1a65b/name'
09:47:29.417 [AsyncHttpClient-1-5] DEBUG org.asynchttpclient.netty.handler.HttpHandler - 

Request DefaultFullHttpRequest(decodeResult: success, version: HTTP/1.1, content: EmptyByteBufBE)
GET /session/e01f3ef9a9cfa7c5c585c66c66d2ef65/element/69d6fdd0-adfa-4fdf-a820-77bf49d1a65b/name HTTP/1.1
User-Agent: selenium/4.1.2 (java windows)
Cache-Control: no-cache
Content-Type: application/json; charset=utf-8
host: localhost:54768
accept: */*

Response DefaultHttpResponse(decodeResult: success, version: HTTP/1.1)
HTTP/1.1 200 OK
Content-Type: application/json; charset=utf-8
cache-control: no-cache
content-length: 18

09:47:29.417 [AsyncHttpClient-1-5] DEBUG org.asynchttpclient.netty.channel.ChannelManager - Adding key: http://localhost:54768 for channel [id: 0x5744855d, L:/127.0.0.1:63182 - R:localhost/127.0.0.1:54768]
09:47:29.420 [Forwarding isElementEnabled on session e01f3ef9a9cfa7c5c585c66c66d2ef65 to remote] DEBUG org.asynchttpclient.netty.request.NettyRequestSender - Using pooled Channel '[id: 0x5744855d, L:/127.0.0.1:63182 - R:localhost/127.0.0.1:54768]' for 'GET' to 'http://localhost:54768/session/e01f3ef9a9cfa7c5c585c66c66d2ef65/element/69d6fdd0-adfa-4fdf-a820-77bf49d1a65b/enabled'
09:47:29.421 [Forwarding isElementEnabled on session e01f3ef9a9cfa7c5c585c66c66d2ef65 to remote] DEBUG org.asynchttpclient.netty.request.NettyRequestSender - Using open Channel [id: 0x5744855d, L:/127.0.0.1:63182 - R:localhost/127.0.0.1:54768] for GET '/session/e01f3ef9a9cfa7c5c585c66c66d2ef65/element/69d6fdd0-adfa-4fdf-a820-77bf49d1a65b/enabled'
09:47:29.437 [AsyncHttpClient-1-5] DEBUG org.asynchttpclient.netty.handler.HttpHandler - 

Request DefaultFullHttpRequest(decodeResult: success, version: HTTP/1.1, content: EmptyByteBufBE)
GET /session/e01f3ef9a9cfa7c5c585c66c66d2ef65/element/69d6fdd0-adfa-4fdf-a820-77bf49d1a65b/enabled HTTP/1.1
User-Agent: selenium/4.1.2 (java windows)
Cache-Control: no-cache
Content-Type: application/json; charset=utf-8
host: localhost:54768
accept: */*

Response DefaultHttpResponse(decodeResult: success, version: HTTP/1.1)
HTTP/1.1 200 OK
Content-Type: application/json; charset=utf-8
cache-control: no-cache
content-length: 14

09:47:29.438 [AsyncHttpClient-1-5] DEBUG org.asynchttpclient.netty.channel.ChannelManager - Adding key: http://localhost:54768 for channel [id: 0x5744855d, L:/127.0.0.1:63182 - R:localhost/127.0.0.1:54768]
09:47:29.440 [Forwarding isElementEnabled on session e01f3ef9a9cfa7c5c585c66c66d2ef65 to remote] DEBUG org.asynchttpclient.netty.request.NettyRequestSender - Using pooled Channel '[id: 0x5744855d, L:/127.0.0.1:63182 - R:localhost/127.0.0.1:54768]' for 'GET' to 'http://localhost:54768/session/e01f3ef9a9cfa7c5c585c66c66d2ef65/element/69d6fdd0-adfa-4fdf-a820-77bf49d1a65b/enabled'
09:47:29.440 [Forwarding isElementEnabled on session e01f3ef9a9cfa7c5c585c66c66d2ef65 to remote] DEBUG org.asynchttpclient.netty.request.NettyRequestSender - Using open Channel [id: 0x5744855d, L:/127.0.0.1:63182 - R:localhost/127.0.0.1:54768] for GET '/session/e01f3ef9a9cfa7c5c585c66c66d2ef65/element/69d6fdd0-adfa-4fdf-a820-77bf49d1a65b/enabled'
09:47:29.449 [AsyncHttpClient-1-5] DEBUG org.asynchttpclient.netty.handler.HttpHandler - 

Request DefaultFullHttpRequest(decodeResult: success, version: HTTP/1.1, content: EmptyByteBufBE)
GET /session/e01f3ef9a9cfa7c5c585c66c66d2ef65/element/69d6fdd0-adfa-4fdf-a820-77bf49d1a65b/enabled HTTP/1.1
User-Agent: selenium/4.1.2 (java windows)
Cache-Control: no-cache
Content-Type: application/json; charset=utf-8
host: localhost:54768
accept: */*

Response DefaultHttpResponse(decodeResult: success, version: HTTP/1.1)
HTTP/1.1 200 OK
Content-Type: application/json; charset=utf-8
cache-control: no-cache
content-length: 14

09:47:29.451 [AsyncHttpClient-1-5] DEBUG org.asynchttpclient.netty.channel.ChannelManager - Adding key: http://localhost:54768 for channel [id: 0x5744855d, L:/127.0.0.1:63182 - R:localhost/127.0.0.1:54768]
09:47:29.453 [Forwarding findElement on session e01f3ef9a9cfa7c5c585c66c66d2ef65 to remote] DEBUG org.asynchttpclient.netty.request.NettyRequestSender - Using pooled Channel '[id: 0x5744855d, L:/127.0.0.1:63182 - R:localhost/127.0.0.1:54768]' for 'POST' to 'http://localhost:54768/session/e01f3ef9a9cfa7c5c585c66c66d2ef65/element'
09:47:29.453 [Forwarding findElement on session e01f3ef9a9cfa7c5c585c66c66d2ef65 to remote] DEBUG org.asynchttpclient.netty.request.NettyRequestSender - Using open Channel [id: 0x5744855d, L:/127.0.0.1:63182 - R:localhost/127.0.0.1:54768] for POST '/session/e01f3ef9a9cfa7c5c585c66c66d2ef65/element'
09:47:29.465 [AsyncHttpClient-1-5] DEBUG org.asynchttpclient.netty.handler.HttpHandler - 

Request DefaultHttpRequest(decodeResult: success, version: HTTP/1.1)
POST /session/e01f3ef9a9cfa7c5c585c66c66d2ef65/element HTTP/1.1
User-Agent: selenium/4.1.2 (java windows)
Content-Length: 321
Content-Type: application/json; charset=utf-8
host: localhost:54768
accept: */*

Response DefaultHttpResponse(decodeResult: success, version: HTTP/1.1)
HTTP/1.1 200 OK
Content-Type: application/json; charset=utf-8
cache-control: no-cache
content-length: 88

09:47:29.466 [AsyncHttpClient-1-5] DEBUG org.asynchttpclient.netty.channel.ChannelManager - Adding key: http://localhost:54768 for channel [id: 0x5744855d, L:/127.0.0.1:63182 - R:localhost/127.0.0.1:54768]
09:47:29.468 [Forwarding clickElement on session e01f3ef9a9cfa7c5c585c66c66d2ef65 to remote] DEBUG org.asynchttpclient.netty.request.NettyRequestSender - Using pooled Channel '[id: 0x5744855d, L:/127.0.0.1:63182 - R:localhost/127.0.0.1:54768]' for 'POST' to 'http://localhost:54768/session/e01f3ef9a9cfa7c5c585c66c66d2ef65/element/69d6fdd0-adfa-4fdf-a820-77bf49d1a65b/click'
09:47:29.468 [Forwarding clickElement on session e01f3ef9a9cfa7c5c585c66c66d2ef65 to remote] DEBUG org.asynchttpclient.netty.request.NettyRequestSender - Using open Channel [id: 0x5744855d, L:/127.0.0.1:63182 - R:localhost/127.0.0.1:54768] for POST '/session/e01f3ef9a9cfa7c5c585c66c66d2ef65/element/69d6fdd0-adfa-4fdf-a820-77bf49d1a65b/click'
09:47:29.545 [AsyncHttpClient-1-5] DEBUG org.asynchttpclient.netty.handler.HttpHandler - 

Request DefaultHttpRequest(decodeResult: success, version: HTTP/1.1)
POST /session/e01f3ef9a9cfa7c5c585c66c66d2ef65/element/69d6fdd0-adfa-4fdf-a820-77bf49d1a65b/click HTTP/1.1
User-Agent: selenium/4.1.2 (java windows)
Content-Length: 50
Content-Type: application/json; charset=utf-8
host: localhost:54768
accept: */*

Response DefaultHttpResponse(decodeResult: success, version: HTTP/1.1)
HTTP/1.1 200 OK
Content-Type: application/json; charset=utf-8
cache-control: no-cache
content-length: 14

09:47:29.546 [AsyncHttpClient-1-5] DEBUG org.asynchttpclient.netty.channel.ChannelManager - Adding key: http://localhost:54768 for channel [id: 0x5744855d, L:/127.0.0.1:63182 - R:localhost/127.0.0.1:54768]
  &amp#27;[32mAnd &amp#27;[0m&amp#27;[32mI have logged in&amp#27;[0m                     &amp#27;[90m# starter.stepdefinitions.ManageVaccinationBookingsSteps.iHaveLoggedIn()&amp#27;[0m
09:47:29.559 [Forwarding screenshot on session e01f3ef9a9cfa7c5c585c66c66d2ef65 to remote] DEBUG org.asynchttpclient.netty.request.NettyRequestSender - Using pooled Channel '[id: 0x5744855d, L:/127.0.0.1:63182 - R:localhost/127.0.0.1:54768]' for 'GET' to 'http://localhost:54768/session/e01f3ef9a9cfa7c5c585c66c66d2ef65/screenshot'
09:47:29.559 [Forwarding screenshot on session e01f3ef9a9cfa7c5c585c66c66d2ef65 to remote] DEBUG org.asynchttpclient.netty.request.NettyRequestSender - Using open Channel [id: 0x5744855d, L:/127.0.0.1:63182 - R:localhost/127.0.0.1:54768] for GET '/session/e01f3ef9a9cfa7c5c585c66c66d2ef65/screenshot'
09:47:29.788 [AsyncHttpClient-1-1] DEBUG org.asynchttpclient.netty.channel.DefaultChannelPool - Entry count for : http://localhost:63183 : 1
09:47:29.840 [AsyncHttpClient-1-5] DEBUG org.asynchttpclient.netty.handler.HttpHandler - 

Request DefaultFullHttpRequest(decodeResult: success, version: HTTP/1.1, content: EmptyByteBufBE)
GET /session/e01f3ef9a9cfa7c5c585c66c66d2ef65/screenshot HTTP/1.1
User-Agent: selenium/4.1.2 (java windows)
Cache-Control: no-cache
Content-Type: application/json; charset=utf-8
host: localhost:54768
accept: */*

Response DefaultHttpResponse(decodeResult: success, version: HTTP/1.1)
HTTP/1.1 200 OK
Content-Type: application/json; charset=utf-8
cache-control: no-cache
content-length: 115696

09:47:29.841 [AsyncHttpClient-1-5] DEBUG org.asynchttpclient.netty.channel.ChannelManager - Adding key: http://localhost:54768 for channel [id: 0x5744855d, L:/127.0.0.1:63182 - R:localhost/127.0.0.1:54768]
09:47:29.847 [main] DEBUG net.serenitybdd.core.photography.Darkroom - Send negative for processing for target\site\serenity\4eefe781db0bf15a1a6f87d21b2b204ecf39eb16f7cdc9c68047c65338bdfa32.png
09:47:29.847 [Darkroom Processing Line] DEBUG net.serenitybdd.core.photography.DarkroomProcessingLine - Processing screenshot image in /var/screenshots/screenshot-4243543784619203231
09:47:29.847 [Darkroom Processing Line] DEBUG net.serenitybdd.core.photography.DarkroomProcessingLine - Saving screenshot to target\site\serenity\4eefe781db0bf15a1a6f87d21b2b204ecf39eb16f7cdc9c68047c65338bdfa32.png
09:47:29.856 [Forwarding findElement on session e01f3ef9a9cfa7c5c585c66c66d2ef65 to remote] DEBUG org.asynchttpclient.netty.request.NettyRequestSender - Using pooled Channel '[id: 0x5744855d, L:/127.0.0.1:63182 - R:localhost/127.0.0.1:54768]' for 'POST' to 'http://localhost:54768/session/e01f3ef9a9cfa7c5c585c66c66d2ef65/element'
09:47:29.856 [Forwarding findElement on session e01f3ef9a9cfa7c5c585c66c66d2ef65 to remote] DEBUG org.asynchttpclient.netty.request.NettyRequestSender - Using open Channel [id: 0x5744855d, L:/127.0.0.1:63182 - R:localhost/127.0.0.1:54768] for POST '/session/e01f3ef9a9cfa7c5c585c66c66d2ef65/element'
09:47:30.301 [AsyncHttpClient-1-5] DEBUG org.asynchttpclient.netty.handler.HttpHandler - 

Request DefaultHttpRequest(decodeResult: success, version: HTTP/1.1)
POST /session/e01f3ef9a9cfa7c5c585c66c66d2ef65/element HTTP/1.1
User-Agent: selenium/4.1.2 (java windows)
Content-Length: 80
Content-Type: application/json; charset=utf-8
host: localhost:54768
accept: */*

Response DefaultHttpResponse(decodeResult: success, version: HTTP/1.1)
HTTP/1.1 200 OK
Content-Type: application/json; charset=utf-8
cache-control: no-cache
content-length: 88

09:47:30.302 [AsyncHttpClient-1-5] DEBUG org.asynchttpclient.netty.channel.ChannelManager - Adding key: http://localhost:54768 for channel [id: 0x5744855d, L:/127.0.0.1:63182 - R:localhost/127.0.0.1:54768]
09:47:30.304 [Forwarding getElementTagName on session e01f3ef9a9cfa7c5c585c66c66d2ef65 to remote] DEBUG org.asynchttpclient.netty.request.NettyRequestSender - Using pooled Channel '[id: 0x5744855d, L:/127.0.0.1:63182 - R:localhost/127.0.0.1:54768]' for 'GET' to 'http://localhost:54768/session/e01f3ef9a9cfa7c5c585c66c66d2ef65/element/9ac43376-9164-4c76-b67b-94d3c7b53e2d/name'
09:47:30.304 [Forwarding getElementTagName on session e01f3ef9a9cfa7c5c585c66c66d2ef65 to remote] DEBUG org.asynchttpclient.netty.request.NettyRequestSender - Using open Channel [id: 0x5744855d, L:/127.0.0.1:63182 - R:localhost/127.0.0.1:54768] for GET '/session/e01f3ef9a9cfa7c5c585c66c66d2ef65/element/9ac43376-9164-4c76-b67b-94d3c7b53e2d/name'
09:47:30.328 [AsyncHttpClient-1-5] DEBUG org.asynchttpclient.netty.handler.HttpHandler - 

Request DefaultFullHttpRequest(decodeResult: success, version: HTTP/1.1, content: EmptyByteBufBE)
GET /session/e01f3ef9a9cfa7c5c585c66c66d2ef65/element/9ac43376-9164-4c76-b67b-94d3c7b53e2d/name HTTP/1.1
User-Agent: selenium/4.1.2 (java windows)
Cache-Control: no-cache
Content-Type: application/json; charset=utf-8
host: localhost:54768
accept: */*

Response DefaultHttpResponse(decodeResult: success, version: HTTP/1.1)
HTTP/1.1 200 OK
Content-Type: application/json; charset=utf-8
cache-control: no-cache
content-length: 13

09:47:30.328 [AsyncHttpClient-1-5] DEBUG org.asynchttpclient.netty.channel.ChannelManager - Adding key: http://localhost:54768 for channel [id: 0x5744855d, L:/127.0.0.1:63182 - R:localhost/127.0.0.1:54768]
09:47:30.332 [Forwarding getElementTagName on session e01f3ef9a9cfa7c5c585c66c66d2ef65 to remote] DEBUG org.asynchttpclient.netty.request.NettyRequestSender - Using pooled Channel '[id: 0x5744855d, L:/127.0.0.1:63182 - R:localhost/127.0.0.1:54768]' for 'GET' to 'http://localhost:54768/session/e01f3ef9a9cfa7c5c585c66c66d2ef65/element/9ac43376-9164-4c76-b67b-94d3c7b53e2d/name'
09:47:30.333 [Forwarding getElementTagName on session e01f3ef9a9cfa7c5c585c66c66d2ef65 to remote] DEBUG org.asynchttpclient.netty.request.NettyRequestSender - Using open Channel [id: 0x5744855d, L:/127.0.0.1:63182 - R:localhost/127.0.0.1:54768] for GET '/session/e01f3ef9a9cfa7c5c585c66c66d2ef65/element/9ac43376-9164-4c76-b67b-94d3c7b53e2d/name'
09:47:30.338 [AsyncHttpClient-1-5] DEBUG org.asynchttpclient.netty.handler.HttpHandler - 

Request DefaultFullHttpRequest(decodeResult: success, version: HTTP/1.1, content: EmptyByteBufBE)
GET /session/e01f3ef9a9cfa7c5c585c66c66d2ef65/element/9ac43376-9164-4c76-b67b-94d3c7b53e2d/name HTTP/1.1
User-Agent: selenium/4.1.2 (java windows)
Cache-Control: no-cache
Content-Type: application/json; charset=utf-8
host: localhost:54768
accept: */*

Response DefaultHttpResponse(decodeResult: success, version: HTTP/1.1)
HTTP/1.1 200 OK
Content-Type: application/json; charset=utf-8
cache-control: no-cache
content-length: 13

09:47:30.338 [AsyncHttpClient-1-5] DEBUG org.asynchttpclient.netty.channel.ChannelManager - Adding key: http://localhost:54768 for channel [id: 0x5744855d, L:/127.0.0.1:63182 - R:localhost/127.0.0.1:54768]
09:47:30.341 [Forwarding findElement on session e01f3ef9a9cfa7c5c585c66c66d2ef65 to remote] DEBUG org.asynchttpclient.netty.request.NettyRequestSender - Using pooled Channel '[id: 0x5744855d, L:/127.0.0.1:63182 - R:localhost/127.0.0.1:54768]' for 'POST' to 'http://localhost:54768/session/e01f3ef9a9cfa7c5c585c66c66d2ef65/element'
09:47:30.341 [Forwarding findElement on session e01f3ef9a9cfa7c5c585c66c66d2ef65 to remote] DEBUG org.asynchttpclient.netty.request.NettyRequestSender - Using open Channel [id: 0x5744855d, L:/127.0.0.1:63182 - R:localhost/127.0.0.1:54768] for POST '/session/e01f3ef9a9cfa7c5c585c66c66d2ef65/element'
09:47:30.351 [AsyncHttpClient-1-5] DEBUG org.asynchttpclient.netty.handler.HttpHandler - 

Request DefaultHttpRequest(decodeResult: success, version: HTTP/1.1)
POST /session/e01f3ef9a9cfa7c5c585c66c66d2ef65/element HTTP/1.1
User-Agent: selenium/4.1.2 (java windows)
Content-Length: 80
Content-Type: application/json; charset=utf-8
host: localhost:54768
accept: */*

Response DefaultHttpResponse(decodeResult: success, version: HTTP/1.1)
HTTP/1.1 200 OK
Content-Type: application/json; charset=utf-8
cache-control: no-cache
content-length: 88

09:47:30.352 [AsyncHttpClient-1-5] DEBUG org.asynchttpclient.netty.channel.ChannelManager - Adding key: http://localhost:54768 for channel [id: 0x5744855d, L:/127.0.0.1:63182 - R:localhost/127.0.0.1:54768]
09:47:30.353 [Forwarding clickElement on session e01f3ef9a9cfa7c5c585c66c66d2ef65 to remote] DEBUG org.asynchttpclient.netty.request.NettyRequestSender - Using pooled Channel '[id: 0x5744855d, L:/127.0.0.1:63182 - R:localhost/127.0.0.1:54768]' for 'POST' to 'http://localhost:54768/session/e01f3ef9a9cfa7c5c585c66c66d2ef65/element/9ac43376-9164-4c76-b67b-94d3c7b53e2d/click'
09:47:30.353 [Forwarding clickElement on session e01f3ef9a9cfa7c5c585c66c66d2ef65 to remote] DEBUG org.asynchttpclient.netty.request.NettyRequestSender - Using open Channel [id: 0x5744855d, L:/127.0.0.1:63182 - R:localhost/127.0.0.1:54768] for POST '/session/e01f3ef9a9cfa7c5c585c66c66d2ef65/element/9ac43376-9164-4c76-b67b-94d3c7b53e2d/click'
09:47:30.563 [AsyncHttpClient-1-5] DEBUG org.asynchttpclient.netty.handler.HttpHandler - 

Request DefaultHttpRequest(decodeResult: success, version: HTTP/1.1)
POST /session/e01f3ef9a9cfa7c5c585c66c66d2ef65/element/9ac43376-9164-4c76-b67b-94d3c7b53e2d/click HTTP/1.1
User-Agent: selenium/4.1.2 (java windows)
Content-Length: 50
Content-Type: application/json; charset=utf-8
host: localhost:54768
accept: */*

Response DefaultHttpResponse(decodeResult: success, version: HTTP/1.1)
HTTP/1.1 200 OK
Content-Type: application/json; charset=utf-8
cache-control: no-cache
content-length: 14

09:47:30.564 [AsyncHttpClient-1-5] DEBUG org.asynchttpclient.netty.channel.ChannelManager - Adding key: http://localhost:54768 for channel [id: 0x5744855d, L:/127.0.0.1:63182 - R:localhost/127.0.0.1:54768]
  &amp#27;[32mWhen &amp#27;[0m&amp#27;[32mI go to Book Vaksinasi page&amp#27;[0m         &amp#27;[90m# starter.stepdefinitions.ManageVaccinationBookingsSteps.iGoToBookVaksinasiPage()&amp#27;[0m
09:47:30.573 [Forwarding screenshot on session e01f3ef9a9cfa7c5c585c66c66d2ef65 to remote] DEBUG org.asynchttpclient.netty.request.NettyRequestSender - Using pooled Channel '[id: 0x5744855d, L:/127.0.0.1:63182 - R:localhost/127.0.0.1:54768]' for 'GET' to 'http://localhost:54768/session/e01f3ef9a9cfa7c5c585c66c66d2ef65/screenshot'
09:47:30.573 [Forwarding screenshot on session e01f3ef9a9cfa7c5c585c66c66d2ef65 to remote] DEBUG org.asynchttpclient.netty.request.NettyRequestSender - Using open Channel [id: 0x5744855d, L:/127.0.0.1:63182 - R:localhost/127.0.0.1:54768] for GET '/session/e01f3ef9a9cfa7c5c585c66c66d2ef65/screenshot'
09:47:30.884 [AsyncHttpClient-1-1] DEBUG org.asynchttpclient.netty.channel.DefaultChannelPool - Entry count for : http://localhost:63183 : 1
09:47:30.909 [AsyncHttpClient-1-5] DEBUG org.asynchttpclient.netty.handler.HttpHandler - 

Request DefaultFullHttpRequest(decodeResult: success, version: HTTP/1.1, content: EmptyByteBufBE)
GET /session/e01f3ef9a9cfa7c5c585c66c66d2ef65/screenshot HTTP/1.1
User-Agent: selenium/4.1.2 (java windows)
Cache-Control: no-cache
Content-Type: application/json; charset=utf-8
host: localhost:54768
accept: */*

Response DefaultHttpResponse(decodeResult: success, version: HTTP/1.1)
HTTP/1.1 200 OK
Content-Type: application/json; charset=utf-8
cache-control: no-cache
content-length: 105116

09:47:30.910 [AsyncHttpClient-1-5] DEBUG org.asynchttpclient.netty.channel.ChannelManager - Adding key: http://localhost:54768 for channel [id: 0x5744855d, L:/127.0.0.1:63182 - R:localhost/127.0.0.1:54768]
09:47:30.917 [main] DEBUG net.serenitybdd.core.photography.Darkroom - Send negative for processing for target\site\serenity\b5bc6f3795f6b7b2b78f07dab3c87d9658f8006ce2c9b9c876dfe9810be21798.png
09:47:30.918 [Darkroom Processing Line] DEBUG net.serenitybdd.core.photography.DarkroomProcessingLine - Processing screenshot image in /var/screenshots/screenshot-16495017535808105060
09:47:30.918 [Darkroom Processing Line] DEBUG net.serenitybdd.core.photography.DarkroomProcessingLine - Saving screenshot to target\site\serenity\b5bc6f3795f6b7b2b78f07dab3c87d9658f8006ce2c9b9c876dfe9810be21798.png
09:47:30.927 [Forwarding findElement on session e01f3ef9a9cfa7c5c585c66c66d2ef65 to remote] DEBUG org.asynchttpclient.netty.request.NettyRequestSender - Using pooled Channel '[id: 0x5744855d, L:/127.0.0.1:63182 - R:localhost/127.0.0.1:54768]' for 'POST' to 'http://localhost:54768/session/e01f3ef9a9cfa7c5c585c66c66d2ef65/element'
09:47:30.927 [Forwarding findElement on session e01f3ef9a9cfa7c5c585c66c66d2ef65 to remote] DEBUG org.asynchttpclient.netty.request.NettyRequestSender - Using open Channel [id: 0x5744855d, L:/127.0.0.1:63182 - R:localhost/127.0.0.1:54768] for POST '/session/e01f3ef9a9cfa7c5c585c66c66d2ef65/element'
09:47:30.948 [AsyncHttpClient-1-5] DEBUG org.asynchttpclient.netty.handler.HttpHandler - 

Request DefaultHttpRequest(decodeResult: success, version: HTTP/1.1)
POST /session/e01f3ef9a9cfa7c5c585c66c66d2ef65/element HTTP/1.1
User-Agent: selenium/4.1.2 (java windows)
Content-Length: 117
Content-Type: application/json; charset=utf-8
host: localhost:54768
accept: */*

Response DefaultHttpResponse(decodeResult: success, version: HTTP/1.1)
HTTP/1.1 200 OK
Content-Type: application/json; charset=utf-8
cache-control: no-cache
content-length: 88

09:47:30.948 [AsyncHttpClient-1-5] DEBUG org.asynchttpclient.netty.channel.ChannelManager - Adding key: http://localhost:54768 for channel [id: 0x5744855d, L:/127.0.0.1:63182 - R:localhost/127.0.0.1:54768]
09:47:30.952 [Forwarding getElementTagName on session e01f3ef9a9cfa7c5c585c66c66d2ef65 to remote] DEBUG org.asynchttpclient.netty.request.NettyRequestSender - Using pooled Channel '[id: 0x5744855d, L:/127.0.0.1:63182 - R:localhost/127.0.0.1:54768]' for 'GET' to 'http://localhost:54768/session/e01f3ef9a9cfa7c5c585c66c66d2ef65/element/1ce44ebf-a81e-425c-95a3-ef93010d256d/name'
09:47:30.952 [Forwarding getElementTagName on session e01f3ef9a9cfa7c5c585c66c66d2ef65 to remote] DEBUG org.asynchttpclient.netty.request.NettyRequestSender - Using open Channel [id: 0x5744855d, L:/127.0.0.1:63182 - R:localhost/127.0.0.1:54768] for GET '/session/e01f3ef9a9cfa7c5c585c66c66d2ef65/element/1ce44ebf-a81e-425c-95a3-ef93010d256d/name'
09:47:30.961 [AsyncHttpClient-1-5] DEBUG org.asynchttpclient.netty.handler.HttpHandler - 

Request DefaultFullHttpRequest(decodeResult: success, version: HTTP/1.1, content: EmptyByteBufBE)
GET /session/e01f3ef9a9cfa7c5c585c66c66d2ef65/element/1ce44ebf-a81e-425c-95a3-ef93010d256d/name HTTP/1.1
User-Agent: selenium/4.1.2 (java windows)
Cache-Control: no-cache
Content-Type: application/json; charset=utf-8
host: localhost:54768
accept: */*

Response DefaultHttpResponse(decodeResult: success, version: HTTP/1.1)
HTTP/1.1 200 OK
Content-Type: application/json; charset=utf-8
cache-control: no-cache
content-length: 15

09:47:30.961 [AsyncHttpClient-1-5] DEBUG org.asynchttpclient.netty.channel.ChannelManager - Adding key: http://localhost:54768 for channel [id: 0x5744855d, L:/127.0.0.1:63182 - R:localhost/127.0.0.1:54768]
09:47:30.965 [Forwarding getElementTagName on session e01f3ef9a9cfa7c5c585c66c66d2ef65 to remote] DEBUG org.asynchttpclient.netty.request.NettyRequestSender - Using pooled Channel '[id: 0x5744855d, L:/127.0.0.1:63182 - R:localhost/127.0.0.1:54768]' for 'GET' to 'http://localhost:54768/session/e01f3ef9a9cfa7c5c585c66c66d2ef65/element/1ce44ebf-a81e-425c-95a3-ef93010d256d/name'
09:47:30.965 [Forwarding getElementTagName on session e01f3ef9a9cfa7c5c585c66c66d2ef65 to remote] DEBUG org.asynchttpclient.netty.request.NettyRequestSender - Using open Channel [id: 0x5744855d, L:/127.0.0.1:63182 - R:localhost/127.0.0.1:54768] for GET '/session/e01f3ef9a9cfa7c5c585c66c66d2ef65/element/1ce44ebf-a81e-425c-95a3-ef93010d256d/name'
09:47:30.971 [AsyncHttpClient-1-5] DEBUG org.asynchttpclient.netty.handler.HttpHandler - 

Request DefaultFullHttpRequest(decodeResult: success, version: HTTP/1.1, content: EmptyByteBufBE)
GET /session/e01f3ef9a9cfa7c5c585c66c66d2ef65/element/1ce44ebf-a81e-425c-95a3-ef93010d256d/name HTTP/1.1
User-Agent: selenium/4.1.2 (java windows)
Cache-Control: no-cache
Content-Type: application/json; charset=utf-8
host: localhost:54768
accept: */*

Response DefaultHttpResponse(decodeResult: success, version: HTTP/1.1)
HTTP/1.1 200 OK
Content-Type: application/json; charset=utf-8
cache-control: no-cache
content-length: 15

09:47:30.972 [AsyncHttpClient-1-5] DEBUG org.asynchttpclient.netty.channel.ChannelManager - Adding key: http://localhost:54768 for channel [id: 0x5744855d, L:/127.0.0.1:63182 - R:localhost/127.0.0.1:54768]
09:47:30.974 [Forwarding findElement on session e01f3ef9a9cfa7c5c585c66c66d2ef65 to remote] DEBUG org.asynchttpclient.netty.request.NettyRequestSender - Using pooled Channel '[id: 0x5744855d, L:/127.0.0.1:63182 - R:localhost/127.0.0.1:54768]' for 'POST' to 'http://localhost:54768/session/e01f3ef9a9cfa7c5c585c66c66d2ef65/element'
09:47:30.974 [Forwarding findElement on session e01f3ef9a9cfa7c5c585c66c66d2ef65 to remote] DEBUG org.asynchttpclient.netty.request.NettyRequestSender - Using open Channel [id: 0x5744855d, L:/127.0.0.1:63182 - R:localhost/127.0.0.1:54768] for POST '/session/e01f3ef9a9cfa7c5c585c66c66d2ef65/element'
09:47:30.990 [AsyncHttpClient-1-5] DEBUG org.asynchttpclient.netty.handler.HttpHandler - 

Request DefaultHttpRequest(decodeResult: success, version: HTTP/1.1)
POST /session/e01f3ef9a9cfa7c5c585c66c66d2ef65/element HTTP/1.1
User-Agent: selenium/4.1.2 (java windows)
Content-Length: 117
Content-Type: application/json; charset=utf-8
host: localhost:54768
accept: */*

Response DefaultHttpResponse(decodeResult: success, version: HTTP/1.1)
HTTP/1.1 200 OK
Content-Type: application/json; charset=utf-8
cache-control: no-cache
content-length: 88

09:47:30.990 [AsyncHttpClient-1-5] DEBUG org.asynchttpclient.netty.channel.ChannelManager - Adding key: http://localhost:54768 for channel [id: 0x5744855d, L:/127.0.0.1:63182 - R:localhost/127.0.0.1:54768]
09:47:30.991 [Forwarding clickElement on session e01f3ef9a9cfa7c5c585c66c66d2ef65 to remote] DEBUG org.asynchttpclient.netty.request.NettyRequestSender - Using pooled Channel '[id: 0x5744855d, L:/127.0.0.1:63182 - R:localhost/127.0.0.1:54768]' for 'POST' to 'http://localhost:54768/session/e01f3ef9a9cfa7c5c585c66c66d2ef65/element/1ce44ebf-a81e-425c-95a3-ef93010d256d/click'
09:47:30.991 [Forwarding clickElement on session e01f3ef9a9cfa7c5c585c66c66d2ef65 to remote] DEBUG org.asynchttpclient.netty.request.NettyRequestSender - Using open Channel [id: 0x5744855d, L:/127.0.0.1:63182 - R:localhost/127.0.0.1:54768] for POST '/session/e01f3ef9a9cfa7c5c585c66c66d2ef65/element/1ce44ebf-a81e-425c-95a3-ef93010d256d/click'
09:47:31.161 [AsyncHttpClient-1-5] DEBUG org.asynchttpclient.netty.handler.HttpHandler - 

Request DefaultHttpRequest(decodeResult: success, version: HTTP/1.1)
POST /session/e01f3ef9a9cfa7c5c585c66c66d2ef65/element/1ce44ebf-a81e-425c-95a3-ef93010d256d/click HTTP/1.1
User-Agent: selenium/4.1.2 (java windows)
Content-Length: 50
Content-Type: application/json; charset=utf-8
host: localhost:54768
accept: */*

Response DefaultHttpResponse(decodeResult: success, version: HTTP/1.1)
HTTP/1.1 200 OK
Content-Type: application/json; charset=utf-8
cache-control: no-cache
content-length: 14

09:47:31.163 [AsyncHttpClient-1-5] DEBUG org.asynchttpclient.netty.channel.ChannelManager - Adding key: http://localhost:54768 for channel [id: 0x5744855d, L:/127.0.0.1:63182 - R:localhost/127.0.0.1:54768]
  &amp#27;[32mAnd &amp#27;[0m&amp#27;[32mI select a session&amp#27;[0m                   &amp#27;[90m# starter.stepdefinitions.ManageVaccinationBookingsSteps.iSelectASession()&amp#27;[0m
09:47:31.175 [Forwarding screenshot on session e01f3ef9a9cfa7c5c585c66c66d2ef65 to remote] DEBUG org.asynchttpclient.netty.request.NettyRequestSender - Using pooled Channel '[id: 0x5744855d, L:/127.0.0.1:63182 - R:localhost/127.0.0.1:54768]' for 'GET' to 'http://localhost:54768/session/e01f3ef9a9cfa7c5c585c66c66d2ef65/screenshot'
09:47:31.175 [Forwarding screenshot on session e01f3ef9a9cfa7c5c585c66c66d2ef65 to remote] DEBUG org.asynchttpclient.netty.request.NettyRequestSender - Using open Channel [id: 0x5744855d, L:/127.0.0.1:63182 - R:localhost/127.0.0.1:54768] for GET '/session/e01f3ef9a9cfa7c5c585c66c66d2ef65/screenshot'
09:47:31.554 [AsyncHttpClient-1-5] DEBUG org.asynchttpclient.netty.handler.HttpHandler - 

Request DefaultFullHttpRequest(decodeResult: success, version: HTTP/1.1, content: EmptyByteBufBE)
GET /session/e01f3ef9a9cfa7c5c585c66c66d2ef65/screenshot HTTP/1.1
User-Agent: selenium/4.1.2 (java windows)
Cache-Control: no-cache
Content-Type: application/json; charset=utf-8
host: localhost:54768
accept: */*

Response DefaultHttpResponse(decodeResult: success, version: HTTP/1.1)
HTTP/1.1 200 OK
Content-Type: application/json; charset=utf-8
cache-control: no-cache
content-length: 127320

09:47:31.555 [AsyncHttpClient-1-5] DEBUG org.asynchttpclient.netty.channel.ChannelManager - Adding key: http://localhost:54768 for channel [id: 0x5744855d, L:/127.0.0.1:63182 - R:localhost/127.0.0.1:54768]
09:47:31.561 [main] DEBUG net.serenitybdd.core.photography.Darkroom - Send negative for processing for target\site\serenity\750ee9bf320723b6a6ecf8ba327cd94d3bf1123c6df1c3a66aa9e161c537dc55.png
09:47:31.562 [Darkroom Processing Line] DEBUG net.serenitybdd.core.photography.DarkroomProcessingLine - Processing screenshot image in /var/screenshots/screenshot-13642808439869166821
09:47:31.563 [Darkroom Processing Line] DEBUG net.serenitybdd.core.photography.DarkroomProcessingLine - Saving screenshot to target\site\serenity\750ee9bf320723b6a6ecf8ba327cd94d3bf1123c6df1c3a66aa9e161c537dc55.png
09:47:31.577 [Forwarding findElement on session e01f3ef9a9cfa7c5c585c66c66d2ef65 to remote] DEBUG org.asynchttpclient.netty.request.NettyRequestSender - Using pooled Channel '[id: 0x5744855d, L:/127.0.0.1:63182 - R:localhost/127.0.0.1:54768]' for 'POST' to 'http://localhost:54768/session/e01f3ef9a9cfa7c5c585c66c66d2ef65/element'
09:47:31.577 [Forwarding findElement on session e01f3ef9a9cfa7c5c585c66c66d2ef65 to remote] DEBUG org.asynchttpclient.netty.request.NettyRequestSender - Using open Channel [id: 0x5744855d, L:/127.0.0.1:63182 - R:localhost/127.0.0.1:54768] for POST '/session/e01f3ef9a9cfa7c5c585c66c66d2ef65/element'
09:47:31.632 [AsyncHttpClient-1-5] DEBUG org.asynchttpclient.netty.handler.HttpHandler - 

Request DefaultHttpRequest(decodeResult: success, version: HTTP/1.1)
POST /session/e01f3ef9a9cfa7c5c585c66c66d2ef65/element HTTP/1.1
User-Agent: selenium/4.1.2 (java windows)
Content-Length: 85
Content-Type: application/json; charset=utf-8
host: localhost:54768
accept: */*

Response DefaultHttpResponse(decodeResult: success, version: HTTP/1.1)
HTTP/1.1 200 OK
Content-Type: application/json; charset=utf-8
cache-control: no-cache
content-length: 88

09:47:31.633 [AsyncHttpClient-1-5] DEBUG org.asynchttpclient.netty.channel.ChannelManager - Adding key: http://localhost:54768 for channel [id: 0x5744855d, L:/127.0.0.1:63182 - R:localhost/127.0.0.1:54768]
09:47:31.636 [Forwarding getElementTagName on session e01f3ef9a9cfa7c5c585c66c66d2ef65 to remote] DEBUG org.asynchttpclient.netty.request.NettyRequestSender - Using pooled Channel '[id: 0x5744855d, L:/127.0.0.1:63182 - R:localhost/127.0.0.1:54768]' for 'GET' to 'http://localhost:54768/session/e01f3ef9a9cfa7c5c585c66c66d2ef65/element/bb537826-097b-4b4e-88b8-8fc1896e7190/name'
09:47:31.636 [Forwarding getElementTagName on session e01f3ef9a9cfa7c5c585c66c66d2ef65 to remote] DEBUG org.asynchttpclient.netty.request.NettyRequestSender - Using open Channel [id: 0x5744855d, L:/127.0.0.1:63182 - R:localhost/127.0.0.1:54768] for GET '/session/e01f3ef9a9cfa7c5c585c66c66d2ef65/element/bb537826-097b-4b4e-88b8-8fc1896e7190/name'
09:47:31.641 [AsyncHttpClient-1-5] DEBUG org.asynchttpclient.netty.handler.HttpHandler - 

Request DefaultFullHttpRequest(decodeResult: success, version: HTTP/1.1, content: EmptyByteBufBE)
GET /session/e01f3ef9a9cfa7c5c585c66c66d2ef65/element/bb537826-097b-4b4e-88b8-8fc1896e7190/name HTTP/1.1
User-Agent: selenium/4.1.2 (java windows)
Cache-Control: no-cache
Content-Type: application/json; charset=utf-8
host: localhost:54768
accept: */*

Response DefaultHttpResponse(decodeResult: success, version: HTTP/1.1)
HTTP/1.1 200 OK
Content-Type: application/json; charset=utf-8
cache-control: no-cache
content-length: 17

09:47:31.642 [AsyncHttpClient-1-5] DEBUG org.asynchttpclient.netty.channel.ChannelManager - Adding key: http://localhost:54768 for channel [id: 0x5744855d, L:/127.0.0.1:63182 - R:localhost/127.0.0.1:54768]
09:47:31.643 [Forwarding getElementTagName on session e01f3ef9a9cfa7c5c585c66c66d2ef65 to remote] DEBUG org.asynchttpclient.netty.request.NettyRequestSender - Using pooled Channel '[id: 0x5744855d, L:/127.0.0.1:63182 - R:localhost/127.0.0.1:54768]' for 'GET' to 'http://localhost:54768/session/e01f3ef9a9cfa7c5c585c66c66d2ef65/element/bb537826-097b-4b4e-88b8-8fc1896e7190/name'
09:47:31.643 [Forwarding getElementTagName on session e01f3ef9a9cfa7c5c585c66c66d2ef65 to remote] DEBUG org.asynchttpclient.netty.request.NettyRequestSender - Using open Channel [id: 0x5744855d, L:/127.0.0.1:63182 - R:localhost/127.0.0.1:54768] for GET '/session/e01f3ef9a9cfa7c5c585c66c66d2ef65/element/bb537826-097b-4b4e-88b8-8fc1896e7190/name'
09:47:31.652 [AsyncHttpClient-1-5] DEBUG org.asynchttpclient.netty.handler.HttpHandler - 

Request DefaultFullHttpRequest(decodeResult: success, version: HTTP/1.1, content: EmptyByteBufBE)
GET /session/e01f3ef9a9cfa7c5c585c66c66d2ef65/element/bb537826-097b-4b4e-88b8-8fc1896e7190/name HTTP/1.1
User-Agent: selenium/4.1.2 (java windows)
Cache-Control: no-cache
Content-Type: application/json; charset=utf-8
host: localhost:54768
accept: */*

Response DefaultHttpResponse(decodeResult: success, version: HTTP/1.1)
HTTP/1.1 200 OK
Content-Type: application/json; charset=utf-8
cache-control: no-cache
content-length: 17

09:47:31.652 [AsyncHttpClient-1-5] DEBUG org.asynchttpclient.netty.channel.ChannelManager - Adding key: http://localhost:54768 for channel [id: 0x5744855d, L:/127.0.0.1:63182 - R:localhost/127.0.0.1:54768]
09:47:31.654 [Forwarding isElementEnabled on session e01f3ef9a9cfa7c5c585c66c66d2ef65 to remote] DEBUG org.asynchttpclient.netty.request.NettyRequestSender - Using pooled Channel '[id: 0x5744855d, L:/127.0.0.1:63182 - R:localhost/127.0.0.1:54768]' for 'GET' to 'http://localhost:54768/session/e01f3ef9a9cfa7c5c585c66c66d2ef65/element/bb537826-097b-4b4e-88b8-8fc1896e7190/enabled'
09:47:31.654 [Forwarding isElementEnabled on session e01f3ef9a9cfa7c5c585c66c66d2ef65 to remote] DEBUG org.asynchttpclient.netty.request.NettyRequestSender - Using open Channel [id: 0x5744855d, L:/127.0.0.1:63182 - R:localhost/127.0.0.1:54768] for GET '/session/e01f3ef9a9cfa7c5c585c66c66d2ef65/element/bb537826-097b-4b4e-88b8-8fc1896e7190/enabled'
09:47:31.666 [AsyncHttpClient-1-5] DEBUG org.asynchttpclient.netty.handler.HttpHandler - 

Request DefaultFullHttpRequest(decodeResult: success, version: HTTP/1.1, content: EmptyByteBufBE)
GET /session/e01f3ef9a9cfa7c5c585c66c66d2ef65/element/bb537826-097b-4b4e-88b8-8fc1896e7190/enabled HTTP/1.1
User-Agent: selenium/4.1.2 (java windows)
Cache-Control: no-cache
Content-Type: application/json; charset=utf-8
host: localhost:54768
accept: */*

Response DefaultHttpResponse(decodeResult: success, version: HTTP/1.1)
HTTP/1.1 200 OK
Content-Type: application/json; charset=utf-8
cache-control: no-cache
content-length: 14

09:47:31.667 [AsyncHttpClient-1-5] DEBUG org.asynchttpclient.netty.channel.ChannelManager - Adding key: http://localhost:54768 for channel [id: 0x5744855d, L:/127.0.0.1:63182 - R:localhost/127.0.0.1:54768]
09:47:31.669 [Forwarding isElementEnabled on session e01f3ef9a9cfa7c5c585c66c66d2ef65 to remote] DEBUG org.asynchttpclient.netty.request.NettyRequestSender - Using pooled Channel '[id: 0x5744855d, L:/127.0.0.1:63182 - R:localhost/127.0.0.1:54768]' for 'GET' to 'http://localhost:54768/session/e01f3ef9a9cfa7c5c585c66c66d2ef65/element/bb537826-097b-4b4e-88b8-8fc1896e7190/enabled'
09:47:31.669 [Forwarding isElementEnabled on session e01f3ef9a9cfa7c5c585c66c66d2ef65 to remote] DEBUG org.asynchttpclient.netty.request.NettyRequestSender - Using open Channel [id: 0x5744855d, L:/127.0.0.1:63182 - R:localhost/127.0.0.1:54768] for GET '/session/e01f3ef9a9cfa7c5c585c66c66d2ef65/element/bb537826-097b-4b4e-88b8-8fc1896e7190/enabled'
09:47:31.676 [AsyncHttpClient-1-5] DEBUG org.asynchttpclient.netty.handler.HttpHandler - 

Request DefaultFullHttpRequest(decodeResult: success, version: HTTP/1.1, content: EmptyByteBufBE)
GET /session/e01f3ef9a9cfa7c5c585c66c66d2ef65/element/bb537826-097b-4b4e-88b8-8fc1896e7190/enabled HTTP/1.1
User-Agent: selenium/4.1.2 (java windows)
Cache-Control: no-cache
Content-Type: application/json; charset=utf-8
host: localhost:54768
accept: */*

Response DefaultHttpResponse(decodeResult: success, version: HTTP/1.1)
HTTP/1.1 200 OK
Content-Type: application/json; charset=utf-8
cache-control: no-cache
content-length: 14

09:47:31.676 [AsyncHttpClient-1-5] DEBUG org.asynchttpclient.netty.channel.ChannelManager - Adding key: http://localhost:54768 for channel [id: 0x5744855d, L:/127.0.0.1:63182 - R:localhost/127.0.0.1:54768]
09:47:31.678 [Forwarding findElement on session e01f3ef9a9cfa7c5c585c66c66d2ef65 to remote] DEBUG org.asynchttpclient.netty.request.NettyRequestSender - Using pooled Channel '[id: 0x5744855d, L:/127.0.0.1:63182 - R:localhost/127.0.0.1:54768]' for 'POST' to 'http://localhost:54768/session/e01f3ef9a9cfa7c5c585c66c66d2ef65/element'
09:47:31.678 [Forwarding findElement on session e01f3ef9a9cfa7c5c585c66c66d2ef65 to remote] DEBUG org.asynchttpclient.netty.request.NettyRequestSender - Using open Channel [id: 0x5744855d, L:/127.0.0.1:63182 - R:localhost/127.0.0.1:54768] for POST '/session/e01f3ef9a9cfa7c5c585c66c66d2ef65/element'
09:47:31.690 [AsyncHttpClient-1-5] DEBUG org.asynchttpclient.netty.handler.HttpHandler - 

Request DefaultHttpRequest(decodeResult: success, version: HTTP/1.1)
POST /session/e01f3ef9a9cfa7c5c585c66c66d2ef65/element HTTP/1.1
User-Agent: selenium/4.1.2 (java windows)
Content-Length: 85
Content-Type: application/json; charset=utf-8
host: localhost:54768
accept: */*

Response DefaultHttpResponse(decodeResult: success, version: HTTP/1.1)
HTTP/1.1 200 OK
Content-Type: application/json; charset=utf-8
cache-control: no-cache
content-length: 88

09:47:31.690 [AsyncHttpClient-1-5] DEBUG org.asynchttpclient.netty.channel.ChannelManager - Adding key: http://localhost:54768 for channel [id: 0x5744855d, L:/127.0.0.1:63182 - R:localhost/127.0.0.1:54768]
09:47:31.692 [Forwarding clickElement on session e01f3ef9a9cfa7c5c585c66c66d2ef65 to remote] DEBUG org.asynchttpclient.netty.request.NettyRequestSender - Using pooled Channel '[id: 0x5744855d, L:/127.0.0.1:63182 - R:localhost/127.0.0.1:54768]' for 'POST' to 'http://localhost:54768/session/e01f3ef9a9cfa7c5c585c66c66d2ef65/element/bb537826-097b-4b4e-88b8-8fc1896e7190/click'
09:47:31.692 [Forwarding clickElement on session e01f3ef9a9cfa7c5c585c66c66d2ef65 to remote] DEBUG org.asynchttpclient.netty.request.NettyRequestSender - Using open Channel [id: 0x5744855d, L:/127.0.0.1:63182 - R:localhost/127.0.0.1:54768] for POST '/session/e01f3ef9a9cfa7c5c585c66c66d2ef65/element/bb537826-097b-4b4e-88b8-8fc1896e7190/click'
09:47:31.857 [AsyncHttpClient-1-5] DEBUG org.asynchttpclient.netty.handler.HttpHandler - 

Request DefaultHttpRequest(decodeResult: success, version: HTTP/1.1)
POST /session/e01f3ef9a9cfa7c5c585c66c66d2ef65/element/bb537826-097b-4b4e-88b8-8fc1896e7190/click HTTP/1.1
User-Agent: selenium/4.1.2 (java windows)
Content-Length: 50
Content-Type: application/json; charset=utf-8
host: localhost:54768
accept: */*

Response DefaultHttpResponse(decodeResult: success, version: HTTP/1.1)
HTTP/1.1 200 OK
Content-Type: application/json; charset=utf-8
cache-control: no-cache
content-length: 14

09:47:31.857 [AsyncHttpClient-1-5] DEBUG org.asynchttpclient.netty.channel.ChannelManager - Adding key: http://localhost:54768 for channel [id: 0x5744855d, L:/127.0.0.1:63182 - R:localhost/127.0.0.1:54768]
  &amp#27;[32mAnd &amp#27;[0m&amp#27;[32mI select all bookings&amp#27;[0m                &amp#27;[90m# starter.stepdefinitions.ManageVaccinationBookingsSteps.iSelectAllBookings()&amp#27;[0m
09:47:31.872 [Forwarding screenshot on session e01f3ef9a9cfa7c5c585c66c66d2ef65 to remote] DEBUG org.asynchttpclient.netty.request.NettyRequestSender - Using pooled Channel '[id: 0x5744855d, L:/127.0.0.1:63182 - R:localhost/127.0.0.1:54768]' for 'GET' to 'http://localhost:54768/session/e01f3ef9a9cfa7c5c585c66c66d2ef65/screenshot'
09:47:31.872 [Forwarding screenshot on session e01f3ef9a9cfa7c5c585c66c66d2ef65 to remote] DEBUG org.asynchttpclient.netty.request.NettyRequestSender - Using open Channel [id: 0x5744855d, L:/127.0.0.1:63182 - R:localhost/127.0.0.1:54768] for GET '/session/e01f3ef9a9cfa7c5c585c66c66d2ef65/screenshot'
09:47:31.984 [AsyncHttpClient-1-1] DEBUG org.asynchttpclient.netty.channel.DefaultChannelPool - Entry count for : http://localhost:63183 : 1
09:47:32.116 [AsyncHttpClient-1-5] DEBUG org.asynchttpclient.netty.handler.HttpHandler - 

Request DefaultFullHttpRequest(decodeResult: success, version: HTTP/1.1, content: EmptyByteBufBE)
GET /session/e01f3ef9a9cfa7c5c585c66c66d2ef65/screenshot HTTP/1.1
User-Agent: selenium/4.1.2 (java windows)
Cache-Control: no-cache
Content-Type: application/json; charset=utf-8
host: localhost:54768
accept: */*

Response DefaultHttpResponse(decodeResult: success, version: HTTP/1.1)
HTTP/1.1 200 OK
Content-Type: application/json; charset=utf-8
cache-control: no-cache
content-length: 187332

09:47:32.117 [AsyncHttpClient-1-5] DEBUG org.asynchttpclient.netty.channel.ChannelManager - Adding key: http://localhost:54768 for channel [id: 0x5744855d, L:/127.0.0.1:63182 - R:localhost/127.0.0.1:54768]
09:47:32.122 [main] DEBUG net.serenitybdd.core.photography.Darkroom - Send negative for processing for target\site\serenity\2256fd7269cc6328dc93049f3a270fd296a6f63e0bdfe3ed631c05e0920b7acd.png
09:47:32.123 [Darkroom Processing Line] DEBUG net.serenitybdd.core.photography.DarkroomProcessingLine - Processing screenshot image in /var/screenshots/screenshot-9459927968882517817
09:47:32.123 [Darkroom Processing Line] DEBUG net.serenitybdd.core.photography.DarkroomProcessingLine - Saving screenshot to target\site\serenity\2256fd7269cc6328dc93049f3a270fd296a6f63e0bdfe3ed631c05e0920b7acd.png
09:47:32.135 [Forwarding findElement on session e01f3ef9a9cfa7c5c585c66c66d2ef65 to remote] DEBUG org.asynchttpclient.netty.request.NettyRequestSender - Using pooled Channel '[id: 0x5744855d, L:/127.0.0.1:63182 - R:localhost/127.0.0.1:54768]' for 'POST' to 'http://localhost:54768/session/e01f3ef9a9cfa7c5c585c66c66d2ef65/element'
09:47:32.135 [Forwarding findElement on session e01f3ef9a9cfa7c5c585c66c66d2ef65 to remote] DEBUG org.asynchttpclient.netty.request.NettyRequestSender - Using open Channel [id: 0x5744855d, L:/127.0.0.1:63182 - R:localhost/127.0.0.1:54768] for POST '/session/e01f3ef9a9cfa7c5c585c66c66d2ef65/element'
09:47:32.144 [AsyncHttpClient-1-5] DEBUG org.asynchttpclient.netty.handler.HttpHandler - 

Request DefaultHttpRequest(decodeResult: success, version: HTTP/1.1)
POST /session/e01f3ef9a9cfa7c5c585c66c66d2ef65/element HTTP/1.1
User-Agent: selenium/4.1.2 (java windows)
Content-Length: 315
Content-Type: application/json; charset=utf-8
host: localhost:54768
accept: */*

Response DefaultHttpResponse(decodeResult: success, version: HTTP/1.1)
HTTP/1.1 200 OK
Content-Type: application/json; charset=utf-8
cache-control: no-cache
content-length: 88

09:47:32.144 [AsyncHttpClient-1-5] DEBUG org.asynchttpclient.netty.channel.ChannelManager - Adding key: http://localhost:54768 for channel [id: 0x5744855d, L:/127.0.0.1:63182 - R:localhost/127.0.0.1:54768]
09:47:32.145 [Forwarding getElementTagName on session e01f3ef9a9cfa7c5c585c66c66d2ef65 to remote] DEBUG org.asynchttpclient.netty.request.NettyRequestSender - Using pooled Channel '[id: 0x5744855d, L:/127.0.0.1:63182 - R:localhost/127.0.0.1:54768]' for 'GET' to 'http://localhost:54768/session/e01f3ef9a9cfa7c5c585c66c66d2ef65/element/394f2ab8-0de6-49fc-bb45-7617bb3ff041/name'
09:47:32.145 [Forwarding getElementTagName on session e01f3ef9a9cfa7c5c585c66c66d2ef65 to remote] DEBUG org.asynchttpclient.netty.request.NettyRequestSender - Using open Channel [id: 0x5744855d, L:/127.0.0.1:63182 - R:localhost/127.0.0.1:54768] for GET '/session/e01f3ef9a9cfa7c5c585c66c66d2ef65/element/394f2ab8-0de6-49fc-bb45-7617bb3ff041/name'
09:47:32.153 [AsyncHttpClient-1-5] DEBUG org.asynchttpclient.netty.handler.HttpHandler - 

Request DefaultFullHttpRequest(decodeResult: success, version: HTTP/1.1, content: EmptyByteBufBE)
GET /session/e01f3ef9a9cfa7c5c585c66c66d2ef65/element/394f2ab8-0de6-49fc-bb45-7617bb3ff041/name HTTP/1.1
User-Agent: selenium/4.1.2 (java windows)
Cache-Control: no-cache
Content-Type: application/json; charset=utf-8
host: localhost:54768
accept: */*

Response DefaultHttpResponse(decodeResult: success, version: HTTP/1.1)
HTTP/1.1 200 OK
Content-Type: application/json; charset=utf-8
cache-control: no-cache
content-length: 18

09:47:32.153 [AsyncHttpClient-1-5] DEBUG org.asynchttpclient.netty.channel.ChannelManager - Adding key: http://localhost:54768 for channel [id: 0x5744855d, L:/127.0.0.1:63182 - R:localhost/127.0.0.1:54768]
09:47:32.154 [Forwarding getElementTagName on session e01f3ef9a9cfa7c5c585c66c66d2ef65 to remote] DEBUG org.asynchttpclient.netty.request.NettyRequestSender - Using pooled Channel '[id: 0x5744855d, L:/127.0.0.1:63182 - R:localhost/127.0.0.1:54768]' for 'GET' to 'http://localhost:54768/session/e01f3ef9a9cfa7c5c585c66c66d2ef65/element/394f2ab8-0de6-49fc-bb45-7617bb3ff041/name'
09:47:32.154 [Forwarding getElementTagName on session e01f3ef9a9cfa7c5c585c66c66d2ef65 to remote] DEBUG org.asynchttpclient.netty.request.NettyRequestSender - Using open Channel [id: 0x5744855d, L:/127.0.0.1:63182 - R:localhost/127.0.0.1:54768] for GET '/session/e01f3ef9a9cfa7c5c585c66c66d2ef65/element/394f2ab8-0de6-49fc-bb45-7617bb3ff041/name'
09:47:32.160 [AsyncHttpClient-1-5] DEBUG org.asynchttpclient.netty.handler.HttpHandler - 

Request DefaultFullHttpRequest(decodeResult: success, version: HTTP/1.1, content: EmptyByteBufBE)
GET /session/e01f3ef9a9cfa7c5c585c66c66d2ef65/element/394f2ab8-0de6-49fc-bb45-7617bb3ff041/name HTTP/1.1
User-Agent: selenium/4.1.2 (java windows)
Cache-Control: no-cache
Content-Type: application/json; charset=utf-8
host: localhost:54768
accept: */*

Response DefaultHttpResponse(decodeResult: success, version: HTTP/1.1)
HTTP/1.1 200 OK
Content-Type: application/json; charset=utf-8
cache-control: no-cache
content-length: 18

09:47:32.160 [AsyncHttpClient-1-5] DEBUG org.asynchttpclient.netty.channel.ChannelManager - Adding key: http://localhost:54768 for channel [id: 0x5744855d, L:/127.0.0.1:63182 - R:localhost/127.0.0.1:54768]
09:47:32.164 [Forwarding isElementEnabled on session e01f3ef9a9cfa7c5c585c66c66d2ef65 to remote] DEBUG org.asynchttpclient.netty.request.NettyRequestSender - Using pooled Channel '[id: 0x5744855d, L:/127.0.0.1:63182 - R:localhost/127.0.0.1:54768]' for 'GET' to 'http://localhost:54768/session/e01f3ef9a9cfa7c5c585c66c66d2ef65/element/394f2ab8-0de6-49fc-bb45-7617bb3ff041/enabled'
09:47:32.164 [Forwarding isElementEnabled on session e01f3ef9a9cfa7c5c585c66c66d2ef65 to remote] DEBUG org.asynchttpclient.netty.request.NettyRequestSender - Using open Channel [id: 0x5744855d, L:/127.0.0.1:63182 - R:localhost/127.0.0.1:54768] for GET '/session/e01f3ef9a9cfa7c5c585c66c66d2ef65/element/394f2ab8-0de6-49fc-bb45-7617bb3ff041/enabled'
09:47:32.179 [AsyncHttpClient-1-5] DEBUG org.asynchttpclient.netty.handler.HttpHandler - 

Request DefaultFullHttpRequest(decodeResult: success, version: HTTP/1.1, content: EmptyByteBufBE)
GET /session/e01f3ef9a9cfa7c5c585c66c66d2ef65/element/394f2ab8-0de6-49fc-bb45-7617bb3ff041/enabled HTTP/1.1
User-Agent: selenium/4.1.2 (java windows)
Cache-Control: no-cache
Content-Type: application/json; charset=utf-8
host: localhost:54768
accept: */*

Response DefaultHttpResponse(decodeResult: success, version: HTTP/1.1)
HTTP/1.1 200 OK
Content-Type: application/json; charset=utf-8
cache-control: no-cache
content-length: 14

09:47:32.180 [AsyncHttpClient-1-5] DEBUG org.asynchttpclient.netty.channel.ChannelManager - Adding key: http://localhost:54768 for channel [id: 0x5744855d, L:/127.0.0.1:63182 - R:localhost/127.0.0.1:54768]
09:47:32.183 [Forwarding isElementEnabled on session e01f3ef9a9cfa7c5c585c66c66d2ef65 to remote] DEBUG org.asynchttpclient.netty.request.NettyRequestSender - Using pooled Channel '[id: 0x5744855d, L:/127.0.0.1:63182 - R:localhost/127.0.0.1:54768]' for 'GET' to 'http://localhost:54768/session/e01f3ef9a9cfa7c5c585c66c66d2ef65/element/394f2ab8-0de6-49fc-bb45-7617bb3ff041/enabled'
09:47:32.183 [Forwarding isElementEnabled on session e01f3ef9a9cfa7c5c585c66c66d2ef65 to remote] DEBUG org.asynchttpclient.netty.request.NettyRequestSender - Using open Channel [id: 0x5744855d, L:/127.0.0.1:63182 - R:localhost/127.0.0.1:54768] for GET '/session/e01f3ef9a9cfa7c5c585c66c66d2ef65/element/394f2ab8-0de6-49fc-bb45-7617bb3ff041/enabled'
09:47:32.191 [AsyncHttpClient-1-5] DEBUG org.asynchttpclient.netty.handler.HttpHandler - 

Request DefaultFullHttpRequest(decodeResult: success, version: HTTP/1.1, content: EmptyByteBufBE)
GET /session/e01f3ef9a9cfa7c5c585c66c66d2ef65/element/394f2ab8-0de6-49fc-bb45-7617bb3ff041/enabled HTTP/1.1
User-Agent: selenium/4.1.2 (java windows)
Cache-Control: no-cache
Content-Type: application/json; charset=utf-8
host: localhost:54768
accept: */*

Response DefaultHttpResponse(decodeResult: success, version: HTTP/1.1)
HTTP/1.1 200 OK
Content-Type: application/json; charset=utf-8
cache-control: no-cache
content-length: 14

09:47:32.191 [AsyncHttpClient-1-5] DEBUG org.asynchttpclient.netty.channel.ChannelManager - Adding key: http://localhost:54768 for channel [id: 0x5744855d, L:/127.0.0.1:63182 - R:localhost/127.0.0.1:54768]
09:47:32.193 [Forwarding findElement on session e01f3ef9a9cfa7c5c585c66c66d2ef65 to remote] DEBUG org.asynchttpclient.netty.request.NettyRequestSender - Using pooled Channel '[id: 0x5744855d, L:/127.0.0.1:63182 - R:localhost/127.0.0.1:54768]' for 'POST' to 'http://localhost:54768/session/e01f3ef9a9cfa7c5c585c66c66d2ef65/element'
09:47:32.193 [Forwarding findElement on session e01f3ef9a9cfa7c5c585c66c66d2ef65 to remote] DEBUG org.asynchttpclient.netty.request.NettyRequestSender - Using open Channel [id: 0x5744855d, L:/127.0.0.1:63182 - R:localhost/127.0.0.1:54768] for POST '/session/e01f3ef9a9cfa7c5c585c66c66d2ef65/element'
09:47:32.204 [AsyncHttpClient-1-5] DEBUG org.asynchttpclient.netty.handler.HttpHandler - 

Request DefaultHttpRequest(decodeResult: success, version: HTTP/1.1)
POST /session/e01f3ef9a9cfa7c5c585c66c66d2ef65/element HTTP/1.1
User-Agent: selenium/4.1.2 (java windows)
Content-Length: 315
Content-Type: application/json; charset=utf-8
host: localhost:54768
accept: */*

Response DefaultHttpResponse(decodeResult: success, version: HTTP/1.1)
HTTP/1.1 200 OK
Content-Type: application/json; charset=utf-8
cache-control: no-cache
content-length: 88

09:47:32.204 [AsyncHttpClient-1-5] DEBUG org.asynchttpclient.netty.channel.ChannelManager - Adding key: http://localhost:54768 for channel [id: 0x5744855d, L:/127.0.0.1:63182 - R:localhost/127.0.0.1:54768]
09:47:32.205 [Forwarding clickElement on session e01f3ef9a9cfa7c5c585c66c66d2ef65 to remote] DEBUG org.asynchttpclient.netty.request.NettyRequestSender - Using pooled Channel '[id: 0x5744855d, L:/127.0.0.1:63182 - R:localhost/127.0.0.1:54768]' for 'POST' to 'http://localhost:54768/session/e01f3ef9a9cfa7c5c585c66c66d2ef65/element/394f2ab8-0de6-49fc-bb45-7617bb3ff041/click'
09:47:32.205 [Forwarding clickElement on session e01f3ef9a9cfa7c5c585c66c66d2ef65 to remote] DEBUG org.asynchttpclient.netty.request.NettyRequestSender - Using open Channel [id: 0x5744855d, L:/127.0.0.1:63182 - R:localhost/127.0.0.1:54768] for POST '/session/e01f3ef9a9cfa7c5c585c66c66d2ef65/element/394f2ab8-0de6-49fc-bb45-7617bb3ff041/click'
09:47:32.323 [AsyncHttpClient-1-5] DEBUG org.asynchttpclient.netty.handler.HttpHandler - 

Request DefaultHttpRequest(decodeResult: success, version: HTTP/1.1)
POST /session/e01f3ef9a9cfa7c5c585c66c66d2ef65/element/394f2ab8-0de6-49fc-bb45-7617bb3ff041/click HTTP/1.1
User-Agent: selenium/4.1.2 (java windows)
Content-Length: 50
Content-Type: application/json; charset=utf-8
host: localhost:54768
accept: */*

Response DefaultHttpResponse(decodeResult: success, version: HTTP/1.1)
HTTP/1.1 200 OK
Content-Type: application/json; charset=utf-8
cache-control: no-cache
content-length: 14

09:47:32.324 [AsyncHttpClient-1-5] DEBUG org.asynchttpclient.netty.channel.ChannelManager - Adding key: http://localhost:54768 for channel [id: 0x5744855d, L:/127.0.0.1:63182 - R:localhost/127.0.0.1:54768]
  &amp#27;[32mAnd &amp#27;[0m&amp#27;[32mI click Terima Semua button&amp#27;[0m          &amp#27;[90m# starter.stepdefinitions.ManageVaccinationBookingsSteps.iClickTerimaSemuaButton()&amp#27;[0m
09:47:32.336 [Forwarding screenshot on session e01f3ef9a9cfa7c5c585c66c66d2ef65 to remote] DEBUG org.asynchttpclient.netty.request.NettyRequestSender - Using pooled Channel '[id: 0x5744855d, L:/127.0.0.1:63182 - R:localhost/127.0.0.1:54768]' for 'GET' to 'http://localhost:54768/session/e01f3ef9a9cfa7c5c585c66c66d2ef65/screenshot'
09:47:32.336 [Forwarding screenshot on session e01f3ef9a9cfa7c5c585c66c66d2ef65 to remote] DEBUG org.asynchttpclient.netty.request.NettyRequestSender - Using open Channel [id: 0x5744855d, L:/127.0.0.1:63182 - R:localhost/127.0.0.1:54768] for GET '/session/e01f3ef9a9cfa7c5c585c66c66d2ef65/screenshot'
09:47:32.603 [AsyncHttpClient-1-5] DEBUG org.asynchttpclient.netty.handler.HttpHandler - 

Request DefaultFullHttpRequest(decodeResult: success, version: HTTP/1.1, content: EmptyByteBufBE)
GET /session/e01f3ef9a9cfa7c5c585c66c66d2ef65/screenshot HTTP/1.1
User-Agent: selenium/4.1.2 (java windows)
Cache-Control: no-cache
Content-Type: application/json; charset=utf-8
host: localhost:54768
accept: */*

Response DefaultHttpResponse(decodeResult: success, version: HTTP/1.1)
HTTP/1.1 200 OK
Content-Type: application/json; charset=utf-8
cache-control: no-cache
content-length: 166480

09:47:32.604 [AsyncHttpClient-1-5] DEBUG org.asynchttpclient.netty.channel.ChannelManager - Adding key: http://localhost:54768 for channel [id: 0x5744855d, L:/127.0.0.1:63182 - R:localhost/127.0.0.1:54768]
09:47:32.609 [main] DEBUG net.serenitybdd.core.photography.Darkroom - Send negative for processing for target\site\serenity\9ffa1d1aba8461eb7355e95d5755c2ed55f922c48526ab2c9dbffb7ec283c7ad.png
09:47:32.610 [Darkroom Processing Line] DEBUG net.serenitybdd.core.photography.DarkroomProcessingLine - Processing screenshot image in /var/screenshots/screenshot-9596023617917304764
09:47:32.610 [Darkroom Processing Line] DEBUG net.serenitybdd.core.photography.DarkroomProcessingLine - Saving screenshot to target\site\serenity\9ffa1d1aba8461eb7355e95d5755c2ed55f922c48526ab2c9dbffb7ec283c7ad.png
09:47:32.623 [Forwarding findElement on session e01f3ef9a9cfa7c5c585c66c66d2ef65 to remote] DEBUG org.asynchttpclient.netty.request.NettyRequestSender - Using pooled Channel '[id: 0x5744855d, L:/127.0.0.1:63182 - R:localhost/127.0.0.1:54768]' for 'POST' to 'http://localhost:54768/session/e01f3ef9a9cfa7c5c585c66c66d2ef65/element'
09:47:32.623 [Forwarding findElement on session e01f3ef9a9cfa7c5c585c66c66d2ef65 to remote] DEBUG org.asynchttpclient.netty.request.NettyRequestSender - Using open Channel [id: 0x5744855d, L:/127.0.0.1:63182 - R:localhost/127.0.0.1:54768] for POST '/session/e01f3ef9a9cfa7c5c585c66c66d2ef65/element'
09:47:32.638 [AsyncHttpClient-1-5] DEBUG org.asynchttpclient.netty.handler.HttpHandler - 

Request DefaultHttpRequest(decodeResult: success, version: HTTP/1.1)
POST /session/e01f3ef9a9cfa7c5c585c66c66d2ef65/element HTTP/1.1
User-Agent: selenium/4.1.2 (java windows)
Content-Length: 172
Content-Type: application/json; charset=utf-8
host: localhost:54768
accept: */*

Response DefaultHttpResponse(decodeResult: success, version: HTTP/1.1)
HTTP/1.1 200 OK
Content-Type: application/json; charset=utf-8
cache-control: no-cache
content-length: 88

09:47:32.638 [AsyncHttpClient-1-5] DEBUG org.asynchttpclient.netty.channel.ChannelManager - Adding key: http://localhost:54768 for channel [id: 0x5744855d, L:/127.0.0.1:63182 - R:localhost/127.0.0.1:54768]
09:47:32.643 [Forwarding isElementDisplayed on session e01f3ef9a9cfa7c5c585c66c66d2ef65 to remote] DEBUG org.asynchttpclient.netty.request.NettyRequestSender - Using pooled Channel '[id: 0x5744855d, L:/127.0.0.1:63182 - R:localhost/127.0.0.1:54768]' for 'POST' to 'http://localhost:54768/session/e01f3ef9a9cfa7c5c585c66c66d2ef65/execute/sync'
09:47:32.643 [Forwarding isElementDisplayed on session e01f3ef9a9cfa7c5c585c66c66d2ef65 to remote] DEBUG org.asynchttpclient.netty.request.NettyRequestSender - Using open Channel [id: 0x5744855d, L:/127.0.0.1:63182 - R:localhost/127.0.0.1:54768] for POST '/session/e01f3ef9a9cfa7c5c585c66c66d2ef65/execute/sync'
09:47:32.660 [AsyncHttpClient-1-5] DEBUG org.asynchttpclient.netty.handler.HttpHandler - 

Request DefaultHttpRequest(decodeResult: success, version: HTTP/1.1)
POST /session/e01f3ef9a9cfa7c5c585c66c66d2ef65/execute/sync HTTP/1.1
User-Agent: selenium/4.1.2 (java windows)
Content-Length: 48780
Content-Type: application/json; charset=utf-8
host: localhost:54768
accept: */*

Response DefaultHttpResponse(decodeResult: success, version: HTTP/1.1)
HTTP/1.1 200 OK
Content-Type: application/json; charset=utf-8
cache-control: no-cache
content-length: 14

09:47:32.660 [AsyncHttpClient-1-5] DEBUG org.asynchttpclient.netty.channel.ChannelManager - Adding key: http://localhost:54768 for channel [id: 0x5744855d, L:/127.0.0.1:63182 - R:localhost/127.0.0.1:54768]
  &amp#27;[32mThen &amp#27;[0m&amp#27;[32mthe booking will be approved&amp#27;[0m        &amp#27;[90m# starter.stepdefinitions.ManageVaccinationBookingsSteps.theBookingWillBeApproved()&amp#27;[0m
09:47:32.670 [Forwarding screenshot on session e01f3ef9a9cfa7c5c585c66c66d2ef65 to remote] DEBUG org.asynchttpclient.netty.request.NettyRequestSender - Using pooled Channel '[id: 0x5744855d, L:/127.0.0.1:63182 - R:localhost/127.0.0.1:54768]' for 'GET' to 'http://localhost:54768/session/e01f3ef9a9cfa7c5c585c66c66d2ef65/screenshot'
09:47:32.670 [Forwarding screenshot on session e01f3ef9a9cfa7c5c585c66c66d2ef65 to remote] DEBUG org.asynchttpclient.netty.request.NettyRequestSender - Using open Channel [id: 0x5744855d, L:/127.0.0.1:63182 - R:localhost/127.0.0.1:54768] for GET '/session/e01f3ef9a9cfa7c5c585c66c66d2ef65/screenshot'
09:47:32.925 [AsyncHttpClient-1-5] DEBUG org.asynchttpclient.netty.handler.HttpHandler - 

Request DefaultFullHttpRequest(decodeResult: success, version: HTTP/1.1, content: EmptyByteBufBE)
GET /session/e01f3ef9a9cfa7c5c585c66c66d2ef65/screenshot HTTP/1.1
User-Agent: selenium/4.1.2 (java windows)
Cache-Control: no-cache
Content-Type: application/json; charset=utf-8
host: localhost:54768
accept: */*

Response DefaultHttpResponse(decodeResult: success, version: HTTP/1.1)
HTTP/1.1 200 OK
Content-Type: application/json; charset=utf-8
cache-control: no-cache
content-length: 186896

09:47:32.926 [AsyncHttpClient-1-5] DEBUG org.asynchttpclient.netty.channel.ChannelManager - Adding key: http://localhost:54768 for channel [id: 0x5744855d, L:/127.0.0.1:63182 - R:localhost/127.0.0.1:54768]
09:47:32.935 [main] DEBUG net.serenitybdd.core.photography.Darkroom - Send negative for processing for target\site\serenity\ffb27e5d5016d9e9f6dfccf1a54daf0faaf59b8bbed8b4237c022f8f4dbf3542.png
09:47:32.935 [Darkroom Processing Line] DEBUG net.serenitybdd.core.photography.DarkroomProcessingLine - Processing screenshot image in /var/screenshots/screenshot-12121967542145291979
09:47:32.935 [Darkroom Processing Line] DEBUG net.serenitybdd.core.photography.DarkroomProcessingLine - Saving screenshot to target\site\serenity\ffb27e5d5016d9e9f6dfccf1a54daf0faaf59b8bbed8b4237c022f8f4dbf3542.png
09:47:32.937 [main] INFO  - 
  _____   ___   ___   _____     ___     _     ___   ___   ___   ___  
 |_   _| | __| / __| |_   _|   | _ \   /_\   / __| / __| | __| |   \ 
   | |   | _|  \__ \   | |     |  _/  / _ \  \__ \ \__ \ | _|  | |) |
   |_|   |___| |___/   |_|     |_|   /_/ \_\ |___/ |___/ |___| |___/ 

Approve all vaccination bookings
----------------------------------------------------------------------
09:47:32.940 [AsyncHttpClient-1-7] DEBUG org.asynchttpclient.netty.handler.WebSocketHandler - Channel Closed: [id: 0x668d9fde, L:/127.0.0.1:63190 ! R:localhost/127.0.0.1:63183] with attribute NettyResponseFuture{currentRetry=5,
	isDone=1,
	isCancelled=0,
	asyncHandler=org.asynchttpclient.ws.WebSocketUpgradeHandler@74d2f48e,
	nettyRequest=org.asynchttpclient.netty.request.NettyRequest@31d07470,
	future=java.util.concurrent.CompletableFuture@1bafc8db[Completed normally],
	uri=ws://localhost:63183/devtools/browser/fb39b043-37be-4399-b669-561bd183b8b7,
	keepAlive=true,
	redirectCount=0,
	timeoutsHolder=null,
	inAuth=0,
	touch=1671677246446}
09:47:32.940 [Driver Command Executor] DEBUG org.asynchttpclient.netty.request.NettyRequestSender - Using pooled Channel '[id: 0x5744855d, L:/127.0.0.1:63182 - R:localhost/127.0.0.1:54768]' for 'DELETE' to 'http://localhost:54768/session/e01f3ef9a9cfa7c5c585c66c66d2ef65'
09:47:32.940 [AsyncHttpClient-1-7] DEBUG org.asynchttpclient.netty.channel.ChannelManager - Closing Channel [id: 0x668d9fde, L:/127.0.0.1:63190 ! R:localhost/127.0.0.1:63183] 
09:47:32.940 [Driver Command Executor] DEBUG org.asynchttpclient.netty.request.NettyRequestSender - Using open Channel [id: 0x5744855d, L:/127.0.0.1:63182 - R:localhost/127.0.0.1:54768] for DELETE '/session/e01f3ef9a9cfa7c5c585c66c66d2ef65'
09:47:32.970 [AsyncHttpClient-1-6] DEBUG org.asynchttpclient.netty.handler.HttpHandler - Unexpected I/O exception on channel [id: 0x77137666, L:/127.0.0.1:63189 - R:localhost/127.0.0.1:63183]
java.io.IOException: An existing connection was forcibly closed by the remote host
	at java.base/sun.nio.ch.SocketDispatcher.read0(Native Method)
	at java.base/sun.nio.ch.SocketDispatcher.read(SocketDispatcher.java:43)
	at java.base/sun.nio.ch.IOUtil.readIntoNativeBuffer(IOUtil.java:276)
	at java.base/sun.nio.ch.IOUtil.read(IOUtil.java:233)
	at java.base/sun.nio.ch.IOUtil.read(IOUtil.java:223)
	at java.base/sun.nio.ch.SocketChannelImpl.read(SocketChannelImpl.java:358)
	at io.netty.buffer.PooledByteBuf.setBytes(PooledByteBuf.java:258)
	at io.netty.buffer.AbstractByteBuf.writeBytes(AbstractByteBuf.java:1132)
	at io.netty.channel.socket.nio.NioSocketChannel.doReadBytes(NioSocketChannel.java:350)
	at io.netty.channel.nio.AbstractNioByteChannel$NioByteUnsafe.read(AbstractNioByteChannel.java:151)
	at io.netty.channel.nio.NioEventLoop.processSelectedKey(NioEventLoop.java:722)
	at io.netty.channel.nio.NioEventLoop.processSelectedKeysOptimized(NioEventLoop.java:658)
	at io.netty.channel.nio.NioEventLoop.processSelectedKeys(NioEventLoop.java:584)
	at io.netty.channel.nio.NioEventLoop.run(NioEventLoop.java:496)
	at io.netty.util.concurrent.SingleThreadEventExecutor$4.run(SingleThreadEventExecutor.java:986)
	at io.netty.util.internal.ThreadExecutorMap$2.run(ThreadExecutorMap.java:74)
	at io.netty.util.concurrent.FastThreadLocalRunnable.run(FastThreadLocalRunnable.java:30)
	at java.base/java.lang.Thread.run(Thread.java:834)
09:47:32.970 [AsyncHttpClient-1-6] DEBUG org.asynchttpclient.netty.channel.ChannelManager - Closing Channel [id: 0x77137666, L:/127.0.0.1:63189 - R:localhost/127.0.0.1:63183] 
09:47:32.971 [AsyncHttpClient-1-6] DEBUG org.asynchttpclient.netty.handler.HttpHandler - Channel Closed: [id: 0x77137666, L:/127.0.0.1:63189 ! R:localhost/127.0.0.1:63183] with attribute DISCARD
09:47:32.992 [AsyncHttpClient-1-5] DEBUG org.asynchttpclient.netty.handler.HttpHandler - 

Request DefaultFullHttpRequest(decodeResult: success, version: HTTP/1.1, content: EmptyByteBufBE)
DELETE /session/e01f3ef9a9cfa7c5c585c66c66d2ef65 HTTP/1.1
User-Agent: selenium/4.1.2 (java windows)
Content-Type: application/json; charset=utf-8
host: localhost:54768
accept: */*

Response DefaultHttpResponse(decodeResult: success, version: HTTP/1.1)
HTTP/1.1 200 OK
Content-Type: application/json; charset=utf-8
cache-control: no-cache
content-length: 14

09:47:32.993 [AsyncHttpClient-1-5] DEBUG org.asynchttpclient.netty.channel.ChannelManager - Adding key: http://localhost:54768 for channel [id: 0x5744855d, L:/127.0.0.1:63182 - R:localhost/127.0.0.1:54768]
09:47:33.076 [AsyncHttpClient-1-5] DEBUG org.asynchttpclient.netty.handler.HttpHandler - Channel Closed: [id: 0x5744855d, L:/127.0.0.1:63182 ! R:localhost/127.0.0.1:54768] with attribute DISCARD
09:47:33.082 [AsyncHttpClient-1-1] DEBUG org.asynchttpclient.netty.channel.DefaultChannelPool - Entry count for : http://localhost:54768 : 1
09:47:33.082 [AsyncHttpClient-1-1] DEBUG org.asynchttpclient.netty.channel.DefaultChannelPool - Entry count for : http://localhost:63183 : 1
09:47:33.082 [AsyncHttpClient-1-1] DEBUG org.asynchttpclient.netty.channel.DefaultChannelPool - Adding Candidate expired Channel [id: 0x5744855d, L:/127.0.0.1:63182 ! R:localhost/127.0.0.1:54768] isIdleTimeoutExpired=false isRemotelyClosed=true isTtlExpired=false
09:47:33.082 [AsyncHttpClient-1-1] DEBUG org.asynchttpclient.netty.channel.DefaultChannelPool - Closing Idle Channel [id: 0x5744855d, L:/127.0.0.1:63182 ! R:localhost/127.0.0.1:54768]
09:47:33.082 [AsyncHttpClient-1-1] DEBUG org.asynchttpclient.netty.channel.DefaultChannelPool - Adding Candidate expired Channel [id: 0x77137666, L:/127.0.0.1:63189 ! R:localhost/127.0.0.1:63183] isIdleTimeoutExpired=false isRemotelyClosed=true isTtlExpired=false
09:47:33.082 [AsyncHttpClient-1-1] DEBUG org.asynchttpclient.netty.channel.DefaultChannelPool - Closing Idle Channel [id: 0x77137666, L:/127.0.0.1:63189 ! R:localhost/127.0.0.1:63183]
09:47:33.082 [AsyncHttpClient-1-1] DEBUG org.asynchttpclient.netty.channel.DefaultChannelPool - Closed 2 connections out of 2 in 0 ms
]]></system-out>
    <system-err><![CDATA[Starting ChromeDriver 108.0.5359.71 (1e0e3868ee06e91ad636a874420e3ca3ae3756ac-refs/branch-heads/5359@{#1016}) on port 54768
Only local connections are allowed.
Please see https://chromedriver.chromium.org/security-considerations for suggestions on keeping ChromeDriver safe.
ChromeDriver was started successfully.
Dec 22, 2022 9:47:26 AM org.openqa.selenium.remote.ProtocolHandshake createSession
INFO: Detected dialect: W3C
Dec 22, 2022 9:47:26 AM org.openqa.selenium.devtools.CdpVersionFinder findNearestMatch
WARNING: Unable to find an exact match for CDP version 108, so returning the closest version found: a no-op implementation
Dec 22, 2022 9:47:26 AM org.openqa.selenium.devtools.CdpVersionFinder findNearestMatch
INFO: Unable to find CDP implementation matching 108.
Dec 22, 2022 9:47:26 AM org.openqa.selenium.chromium.ChromiumDriver lambda$new$3
WARNING: Unable to find version of CDP to use for . You may need to include a dependency on a specific version of the CDP using something similar to `org.seleniumhq.selenium:selenium-devtools-v86:4.1.2` where the version ("v86") matches the version of the chromium-based browser you're using and the version number of the artifact is the same as Selenium's.
]]></system-err>
  </testcase>
  <testcase name="Reject a vaccination booking" classname="Manage vaccination bookings" time="7.936">
    <system-out><![CDATA[
Scenario: Reject a vaccination booking &amp#27;[90m# src/test/resources/features/ManageVaccinationBookings.feature:23&amp#27;[0m
09:47:33.179 [main] INFO io.cucumber.core.plugin.SerenityReporter - Running feature from file:///C:/Users/ASUSTUF/OneDrive/Documents/Capstone%20Project/Web%20Automation/src/test/resources/features/ManageVaccinationBookings.feature
09:47:33.184 [main] INFO  - 
  _____   ___   ___   _____     ___   _____     _     ___   _____   ___   ___  
 |_   _| | __| / __| |_   _|   / __| |_   _|   /_\   | _ \ |_   _| | __| |   \ 
   | |   | _|  \__ \   | |     \__ \   | |    / _ \  |   /   | |   | _|  | |) |
   |_|   |___| |___/   |_|     |___/   |_|   /_/ \_\ |_|_\   |_|   |___| |___/ 

Reject a vaccination booking(manage-vaccination-bookings;reject-a-vaccination-booking)
--------------------------------------------------------------------------------
09:47:33.226 [main] INFO net.serenitybdd.core.webdriver.driverproviders.ChromeDriverProvider - Using automatically driver download
09:47:33.423 [main] DEBUG io.github.bonigarcia.wdm.cache.ResolutionCache - Resolution chrome=108 in cache (valid until 10:47:07 22/12/2022 ICT)
09:47:33.428 [main] DEBUG io.github.bonigarcia.wdm.cache.ResolutionCache - Resolution chrome108=108.0.5359.71 in cache (valid until 13:40:45 22/12/2022 ICT)
09:47:33.430 [main] INFO io.github.bonigarcia.wdm.WebDriverManager - Using chromedriver 108.0.5359.71 (resolved driver for Chrome 108)
09:47:33.471 [main] DEBUG io.github.bonigarcia.wdm.WebDriverManager - Driver chromedriver 108.0.5359.71 found in cache
09:47:33.471 [main] INFO io.github.bonigarcia.wdm.WebDriverManager - Exporting webdriver.chrome.driver as C:\Users\ASUSTUF\.cache\selenium\chromedriver\win32\108.0.5359.71\chromedriver.exe
09:47:33.627 [main] DEBUG net.serenitybdd.core.webdriver.driverproviders.ProvideNewDriver - Instantiating driver
09:47:33.628 [main] DEBUG net.serenitybdd.core.webdriver.driverproviders.ProvideNewDriver - Driver capabilities: Capabilities {acceptInsecureCerts: false, base.url: https://vaksin-id.netlify.app/, browserName: chrome, chrome.driver: src/test/resources/webdrive..., driver: chrome, goog:chromeOptions: {args: [], extensions: []}}
09:47:34.056 [AsyncHttpClient-1-8] DEBUG org.asynchttpclient.netty.channel.NettyConnectListener - Using new Channel '[id: 0x672243db, L:/127.0.0.1:63215 - R:localhost/127.0.0.1:64351]' for 'POST' to '/session'
09:47:34.936 [AsyncHttpClient-1-8] DEBUG org.asynchttpclient.netty.handler.HttpHandler - 

Request DefaultHttpRequest(decodeResult: success, version: HTTP/1.1)
POST /session HTTP/1.1
User-Agent: selenium/4.1.2 (java windows)
Content-Length: 616
Content-Type: application/json; charset=utf-8
host: localhost:64351
accept: */*

Response DefaultHttpResponse(decodeResult: success, version: HTTP/1.1)
HTTP/1.1 200 OK
Content-Type: application/json; charset=utf-8
cache-control: no-cache
content-length: 794

09:47:34.937 [AsyncHttpClient-1-8] DEBUG org.asynchttpclient.netty.channel.ChannelManager - Adding key: http://localhost:64351 for channel [id: 0x672243db, L:/127.0.0.1:63215 - R:localhost/127.0.0.1:64351]
09:47:34.962 [AsyncHttpClient-1-9] DEBUG org.asynchttpclient.netty.channel.NettyConnectListener - Using new Channel '[id: 0xb873d861, L:/127.0.0.1:63222 - R:localhost/127.0.0.1:63216]' for 'GET' to '/json/version'
09:47:34.976 [AsyncHttpClient-1-9] DEBUG org.asynchttpclient.netty.handler.HttpHandler - 

Request DefaultFullHttpRequest(decodeResult: success, version: HTTP/1.1, content: EmptyByteBufBE)
GET /json/version HTTP/1.1
User-Agent: selenium/4.1.2 (java windows)
host: localhost:63216
accept: */*

Response DefaultHttpResponse(decodeResult: success, version: HTTP/1.1)
HTTP/1.1 200 OK
Content-Type: application/json; charset=UTF-8
content-length: 424

09:47:34.976 [AsyncHttpClient-1-9] DEBUG org.asynchttpclient.netty.channel.ChannelManager - Adding key: http://localhost:63216 for channel [id: 0xb873d861, L:/127.0.0.1:63222 - R:localhost/127.0.0.1:63216]
09:47:34.984 [AsyncHttpClient-1-10] DEBUG org.asynchttpclient.netty.channel.NettyConnectListener - Using new Channel '[id: 0x6204818f, L:/127.0.0.1:63223 - R:localhost/127.0.0.1:63216]' for 'GET' to '/devtools/browser/cb791114-4ce5-4ebf-bb21-17e04863c53f'
09:47:35.002 [AsyncHttpClient-1-10] DEBUG org.asynchttpclient.netty.handler.WebSocketHandler - 

Request DefaultFullHttpRequest(decodeResult: success, version: HTTP/1.1, content: EmptyByteBufBE)
GET /devtools/browser/cb791114-4ce5-4ebf-bb21-17e04863c53f HTTP/1.1
upgrade: websocket
connection: upgrade
sec-websocket-key: tvGsF6HT0WAZr6x8jEsb2Q==
sec-websocket-version: 13
origin: http://localhost:63216
host: localhost:63216
accept: */*
user-agent: AHC/2.1

Response DefaultHttpResponse(decodeResult: success, version: HTTP/1.1)
HTTP/1.1 101 WebSocket Protocol Handshake
Upgrade: WebSocket
Connection: Upgrade
Sec-WebSocket-Accept: EBrVob44U2iKtYLQXs9TddVNtH0=

09:47:35.010 [Forwarding get on session 4a9ec05f91c433b119bf7877b228a208 to remote] DEBUG org.asynchttpclient.netty.request.NettyRequestSender - Using pooled Channel '[id: 0x672243db, L:/127.0.0.1:63215 - R:localhost/127.0.0.1:64351]' for 'POST' to 'http://localhost:64351/session/4a9ec05f91c433b119bf7877b228a208/url'
09:47:35.011 [Forwarding get on session 4a9ec05f91c433b119bf7877b228a208 to remote] DEBUG org.asynchttpclient.netty.request.NettyRequestSender - Using open Channel [id: 0x672243db, L:/127.0.0.1:63215 - R:localhost/127.0.0.1:64351] for POST '/session/4a9ec05f91c433b119bf7877b228a208/url'
09:47:35.288 [AsyncHttpClient-1-1] DEBUG org.asynchttpclient.netty.channel.DefaultChannelPool - Entry count for : http://localhost:63216 : 1
09:47:35.875 [AsyncHttpClient-1-8] DEBUG org.asynchttpclient.netty.handler.HttpHandler - 

Request DefaultHttpRequest(decodeResult: success, version: HTTP/1.1)
POST /session/4a9ec05f91c433b119bf7877b228a208/url HTTP/1.1
User-Agent: selenium/4.1.2 (java windows)
Content-Length: 60
Content-Type: application/json; charset=utf-8
host: localhost:64351
accept: */*

Response DefaultHttpResponse(decodeResult: success, version: HTTP/1.1)
HTTP/1.1 200 OK
Content-Type: application/json; charset=utf-8
cache-control: no-cache
content-length: 14

09:47:35.876 [AsyncHttpClient-1-8] DEBUG org.asynchttpclient.netty.channel.ChannelManager - Adding key: http://localhost:64351 for channel [id: 0x672243db, L:/127.0.0.1:63215 - R:localhost/127.0.0.1:64351]
09:47:35.881 [Forwarding setTimeout on session 4a9ec05f91c433b119bf7877b228a208 to remote] DEBUG org.asynchttpclient.netty.request.NettyRequestSender - Using pooled Channel '[id: 0x672243db, L:/127.0.0.1:63215 - R:localhost/127.0.0.1:64351]' for 'POST' to 'http://localhost:64351/session/4a9ec05f91c433b119bf7877b228a208/timeouts'
09:47:35.881 [Forwarding setTimeout on session 4a9ec05f91c433b119bf7877b228a208 to remote] DEBUG org.asynchttpclient.netty.request.NettyRequestSender - Using open Channel [id: 0x672243db, L:/127.0.0.1:63215 - R:localhost/127.0.0.1:64351] for POST '/session/4a9ec05f91c433b119bf7877b228a208/timeouts'
09:47:35.883 [AsyncHttpClient-1-8] DEBUG org.asynchttpclient.netty.handler.HttpHandler - 

Request DefaultHttpRequest(decodeResult: success, version: HTTP/1.1)
POST /session/4a9ec05f91c433b119bf7877b228a208/timeouts HTTP/1.1
User-Agent: selenium/4.1.2 (java windows)
Content-Length: 22
Content-Type: application/json; charset=utf-8
host: localhost:64351
accept: */*

Response DefaultHttpResponse(decodeResult: success, version: HTTP/1.1)
HTTP/1.1 200 OK
Content-Type: application/json; charset=utf-8
cache-control: no-cache
content-length: 14

09:47:35.884 [AsyncHttpClient-1-8] DEBUG org.asynchttpclient.netty.channel.ChannelManager - Adding key: http://localhost:64351 for channel [id: 0x672243db, L:/127.0.0.1:63215 - R:localhost/127.0.0.1:64351]
09:47:35.888 [Forwarding getCurrentUrl on session 4a9ec05f91c433b119bf7877b228a208 to remote] DEBUG org.asynchttpclient.netty.request.NettyRequestSender - Using pooled Channel '[id: 0x672243db, L:/127.0.0.1:63215 - R:localhost/127.0.0.1:64351]' for 'GET' to 'http://localhost:64351/session/4a9ec05f91c433b119bf7877b228a208/url'
09:47:35.888 [Forwarding getCurrentUrl on session 4a9ec05f91c433b119bf7877b228a208 to remote] DEBUG org.asynchttpclient.netty.request.NettyRequestSender - Using open Channel [id: 0x672243db, L:/127.0.0.1:63215 - R:localhost/127.0.0.1:64351] for GET '/session/4a9ec05f91c433b119bf7877b228a208/url'
09:47:35.894 [AsyncHttpClient-1-8] DEBUG org.asynchttpclient.netty.handler.HttpHandler - 

Request DefaultFullHttpRequest(decodeResult: success, version: HTTP/1.1, content: EmptyByteBufBE)
GET /session/4a9ec05f91c433b119bf7877b228a208/url HTTP/1.1
User-Agent: selenium/4.1.2 (java windows)
Cache-Control: no-cache
Content-Type: application/json; charset=utf-8
host: localhost:64351
accept: */*

Response DefaultHttpResponse(decodeResult: success, version: HTTP/1.1)
HTTP/1.1 200 OK
Content-Type: application/json; charset=utf-8
cache-control: no-cache
content-length: 42

09:47:35.895 [AsyncHttpClient-1-8] DEBUG org.asynchttpclient.netty.channel.ChannelManager - Adding key: http://localhost:64351 for channel [id: 0x672243db, L:/127.0.0.1:63215 - R:localhost/127.0.0.1:64351]
  &amp#27;[32mGiven &amp#27;[0m&amp#27;[32mI am on landing page&amp#27;[0m           &amp#27;[90m# starter.stepdefinitions.ManageVaccinationBookingsSteps.iAmOnLandingPage()&amp#27;[0m
09:47:35.904 [Forwarding screenshot on session 4a9ec05f91c433b119bf7877b228a208 to remote] DEBUG org.asynchttpclient.netty.request.NettyRequestSender - Using pooled Channel '[id: 0x672243db, L:/127.0.0.1:63215 - R:localhost/127.0.0.1:64351]' for 'GET' to 'http://localhost:64351/session/4a9ec05f91c433b119bf7877b228a208/screenshot'
09:47:35.904 [Forwarding screenshot on session 4a9ec05f91c433b119bf7877b228a208 to remote] DEBUG org.asynchttpclient.netty.request.NettyRequestSender - Using open Channel [id: 0x672243db, L:/127.0.0.1:63215 - R:localhost/127.0.0.1:64351] for GET '/session/4a9ec05f91c433b119bf7877b228a208/screenshot'
09:47:36.382 [AsyncHttpClient-1-1] DEBUG org.asynchttpclient.netty.channel.DefaultChannelPool - Entry count for : http://localhost:63216 : 1
09:47:36.992 [AsyncHttpClient-1-8] DEBUG org.asynchttpclient.netty.handler.HttpHandler - 

Request DefaultFullHttpRequest(decodeResult: success, version: HTTP/1.1, content: EmptyByteBufBE)
GET /session/4a9ec05f91c433b119bf7877b228a208/screenshot HTTP/1.1
User-Agent: selenium/4.1.2 (java windows)
Cache-Control: no-cache
Content-Type: application/json; charset=utf-8
host: localhost:64351
accept: */*

Response DefaultHttpResponse(decodeResult: success, version: HTTP/1.1)
HTTP/1.1 200 OK
Content-Type: application/json; charset=utf-8
cache-control: no-cache
content-length: 847132

09:47:36.995 [AsyncHttpClient-1-8] DEBUG org.asynchttpclient.netty.channel.ChannelManager - Adding key: http://localhost:64351 for channel [id: 0x672243db, L:/127.0.0.1:63215 - R:localhost/127.0.0.1:64351]
09:47:37.030 [main] DEBUG net.serenitybdd.core.photography.Darkroom - Send negative for processing for target\site\serenity\ff3b83dd42f508d91c0c8488aed412149de34b436c7528a8caa8428592644731.png
09:47:37.058 [Forwarding findElement on session 4a9ec05f91c433b119bf7877b228a208 to remote] DEBUG org.asynchttpclient.netty.request.NettyRequestSender - Using pooled Channel '[id: 0x672243db, L:/127.0.0.1:63215 - R:localhost/127.0.0.1:64351]' for 'POST' to 'http://localhost:64351/session/4a9ec05f91c433b119bf7877b228a208/element'
09:47:37.058 [Forwarding findElement on session 4a9ec05f91c433b119bf7877b228a208 to remote] DEBUG org.asynchttpclient.netty.request.NettyRequestSender - Using open Channel [id: 0x672243db, L:/127.0.0.1:63215 - R:localhost/127.0.0.1:64351] for POST '/session/4a9ec05f91c433b119bf7877b228a208/element'
09:47:37.076 [AsyncHttpClient-1-8] DEBUG org.asynchttpclient.netty.handler.HttpHandler - 

Request DefaultHttpRequest(decodeResult: success, version: HTTP/1.1)
POST /session/4a9ec05f91c433b119bf7877b228a208/element HTTP/1.1
User-Agent: selenium/4.1.2 (java windows)
Content-Length: 315
Content-Type: application/json; charset=utf-8
host: localhost:64351
accept: */*

Response DefaultHttpResponse(decodeResult: success, version: HTTP/1.1)
HTTP/1.1 200 OK
Content-Type: application/json; charset=utf-8
cache-control: no-cache
content-length: 88

09:47:37.076 [AsyncHttpClient-1-8] DEBUG org.asynchttpclient.netty.channel.ChannelManager - Adding key: http://localhost:64351 for channel [id: 0x672243db, L:/127.0.0.1:63215 - R:localhost/127.0.0.1:64351]
09:47:37.079 [Forwarding getElementTagName on session 4a9ec05f91c433b119bf7877b228a208 to remote] DEBUG org.asynchttpclient.netty.request.NettyRequestSender - Using pooled Channel '[id: 0x672243db, L:/127.0.0.1:63215 - R:localhost/127.0.0.1:64351]' for 'GET' to 'http://localhost:64351/session/4a9ec05f91c433b119bf7877b228a208/element/409d90b1-f742-4630-acdd-5338cca613fc/name'
09:47:37.080 [Forwarding getElementTagName on session 4a9ec05f91c433b119bf7877b228a208 to remote] DEBUG org.asynchttpclient.netty.request.NettyRequestSender - Using open Channel [id: 0x672243db, L:/127.0.0.1:63215 - R:localhost/127.0.0.1:64351] for GET '/session/4a9ec05f91c433b119bf7877b228a208/element/409d90b1-f742-4630-acdd-5338cca613fc/name'
09:47:37.087 [AsyncHttpClient-1-8] DEBUG org.asynchttpclient.netty.handler.HttpHandler - 

Request DefaultFullHttpRequest(decodeResult: success, version: HTTP/1.1, content: EmptyByteBufBE)
GET /session/4a9ec05f91c433b119bf7877b228a208/element/409d90b1-f742-4630-acdd-5338cca613fc/name HTTP/1.1
User-Agent: selenium/4.1.2 (java windows)
Cache-Control: no-cache
Content-Type: application/json; charset=utf-8
host: localhost:64351
accept: */*

Response DefaultHttpResponse(decodeResult: success, version: HTTP/1.1)
HTTP/1.1 200 OK
Content-Type: application/json; charset=utf-8
cache-control: no-cache
content-length: 18

09:47:37.087 [AsyncHttpClient-1-8] DEBUG org.asynchttpclient.netty.channel.ChannelManager - Adding key: http://localhost:64351 for channel [id: 0x672243db, L:/127.0.0.1:63215 - R:localhost/127.0.0.1:64351]
09:47:37.088 [Forwarding getElementTagName on session 4a9ec05f91c433b119bf7877b228a208 to remote] DEBUG org.asynchttpclient.netty.request.NettyRequestSender - Using pooled Channel '[id: 0x672243db, L:/127.0.0.1:63215 - R:localhost/127.0.0.1:64351]' for 'GET' to 'http://localhost:64351/session/4a9ec05f91c433b119bf7877b228a208/element/409d90b1-f742-4630-acdd-5338cca613fc/name'
09:47:37.088 [Forwarding getElementTagName on session 4a9ec05f91c433b119bf7877b228a208 to remote] DEBUG org.asynchttpclient.netty.request.NettyRequestSender - Using open Channel [id: 0x672243db, L:/127.0.0.1:63215 - R:localhost/127.0.0.1:64351] for GET '/session/4a9ec05f91c433b119bf7877b228a208/element/409d90b1-f742-4630-acdd-5338cca613fc/name'
09:47:37.093 [AsyncHttpClient-1-8] DEBUG org.asynchttpclient.netty.handler.HttpHandler - 

Request DefaultFullHttpRequest(decodeResult: success, version: HTTP/1.1, content: EmptyByteBufBE)
GET /session/4a9ec05f91c433b119bf7877b228a208/element/409d90b1-f742-4630-acdd-5338cca613fc/name HTTP/1.1
User-Agent: selenium/4.1.2 (java windows)
Cache-Control: no-cache
Content-Type: application/json; charset=utf-8
host: localhost:64351
accept: */*

Response DefaultHttpResponse(decodeResult: success, version: HTTP/1.1)
HTTP/1.1 200 OK
Content-Type: application/json; charset=utf-8
cache-control: no-cache
content-length: 18

09:47:37.093 [AsyncHttpClient-1-8] DEBUG org.asynchttpclient.netty.channel.ChannelManager - Adding key: http://localhost:64351 for channel [id: 0x672243db, L:/127.0.0.1:63215 - R:localhost/127.0.0.1:64351]
09:47:37.096 [Forwarding isElementEnabled on session 4a9ec05f91c433b119bf7877b228a208 to remote] DEBUG org.asynchttpclient.netty.request.NettyRequestSender - Using pooled Channel '[id: 0x672243db, L:/127.0.0.1:63215 - R:localhost/127.0.0.1:64351]' for 'GET' to 'http://localhost:64351/session/4a9ec05f91c433b119bf7877b228a208/element/409d90b1-f742-4630-acdd-5338cca613fc/enabled'
09:47:37.096 [Forwarding isElementEnabled on session 4a9ec05f91c433b119bf7877b228a208 to remote] DEBUG org.asynchttpclient.netty.request.NettyRequestSender - Using open Channel [id: 0x672243db, L:/127.0.0.1:63215 - R:localhost/127.0.0.1:64351] for GET '/session/4a9ec05f91c433b119bf7877b228a208/element/409d90b1-f742-4630-acdd-5338cca613fc/enabled'
09:47:37.109 [AsyncHttpClient-1-8] DEBUG org.asynchttpclient.netty.handler.HttpHandler - 

Request DefaultFullHttpRequest(decodeResult: success, version: HTTP/1.1, content: EmptyByteBufBE)
GET /session/4a9ec05f91c433b119bf7877b228a208/element/409d90b1-f742-4630-acdd-5338cca613fc/enabled HTTP/1.1
User-Agent: selenium/4.1.2 (java windows)
Cache-Control: no-cache
Content-Type: application/json; charset=utf-8
host: localhost:64351
accept: */*

Response DefaultHttpResponse(decodeResult: success, version: HTTP/1.1)
HTTP/1.1 200 OK
Content-Type: application/json; charset=utf-8
cache-control: no-cache
content-length: 14

09:47:37.109 [AsyncHttpClient-1-8] DEBUG org.asynchttpclient.netty.channel.ChannelManager - Adding key: http://localhost:64351 for channel [id: 0x672243db, L:/127.0.0.1:63215 - R:localhost/127.0.0.1:64351]
09:47:37.111 [Forwarding isElementEnabled on session 4a9ec05f91c433b119bf7877b228a208 to remote] DEBUG org.asynchttpclient.netty.request.NettyRequestSender - Using pooled Channel '[id: 0x672243db, L:/127.0.0.1:63215 - R:localhost/127.0.0.1:64351]' for 'GET' to 'http://localhost:64351/session/4a9ec05f91c433b119bf7877b228a208/element/409d90b1-f742-4630-acdd-5338cca613fc/enabled'
09:47:37.111 [Forwarding isElementEnabled on session 4a9ec05f91c433b119bf7877b228a208 to remote] DEBUG org.asynchttpclient.netty.request.NettyRequestSender - Using open Channel [id: 0x672243db, L:/127.0.0.1:63215 - R:localhost/127.0.0.1:64351] for GET '/session/4a9ec05f91c433b119bf7877b228a208/element/409d90b1-f742-4630-acdd-5338cca613fc/enabled'
09:47:37.120 [AsyncHttpClient-1-8] DEBUG org.asynchttpclient.netty.handler.HttpHandler - 

Request DefaultFullHttpRequest(decodeResult: success, version: HTTP/1.1, content: EmptyByteBufBE)
GET /session/4a9ec05f91c433b119bf7877b228a208/element/409d90b1-f742-4630-acdd-5338cca613fc/enabled HTTP/1.1
User-Agent: selenium/4.1.2 (java windows)
Cache-Control: no-cache
Content-Type: application/json; charset=utf-8
host: localhost:64351
accept: */*

Response DefaultHttpResponse(decodeResult: success, version: HTTP/1.1)
HTTP/1.1 200 OK
Content-Type: application/json; charset=utf-8
cache-control: no-cache
content-length: 14

09:47:37.120 [AsyncHttpClient-1-8] DEBUG org.asynchttpclient.netty.channel.ChannelManager - Adding key: http://localhost:64351 for channel [id: 0x672243db, L:/127.0.0.1:63215 - R:localhost/127.0.0.1:64351]
09:47:37.122 [Forwarding findElement on session 4a9ec05f91c433b119bf7877b228a208 to remote] DEBUG org.asynchttpclient.netty.request.NettyRequestSender - Using pooled Channel '[id: 0x672243db, L:/127.0.0.1:63215 - R:localhost/127.0.0.1:64351]' for 'POST' to 'http://localhost:64351/session/4a9ec05f91c433b119bf7877b228a208/element'
09:47:37.122 [Forwarding findElement on session 4a9ec05f91c433b119bf7877b228a208 to remote] DEBUG org.asynchttpclient.netty.request.NettyRequestSender - Using open Channel [id: 0x672243db, L:/127.0.0.1:63215 - R:localhost/127.0.0.1:64351] for POST '/session/4a9ec05f91c433b119bf7877b228a208/element'
09:47:37.133 [AsyncHttpClient-1-8] DEBUG org.asynchttpclient.netty.handler.HttpHandler - 

Request DefaultHttpRequest(decodeResult: success, version: HTTP/1.1)
POST /session/4a9ec05f91c433b119bf7877b228a208/element HTTP/1.1
User-Agent: selenium/4.1.2 (java windows)
Content-Length: 315
Content-Type: application/json; charset=utf-8
host: localhost:64351
accept: */*

Response DefaultHttpResponse(decodeResult: success, version: HTTP/1.1)
HTTP/1.1 200 OK
Content-Type: application/json; charset=utf-8
cache-control: no-cache
content-length: 88

09:47:37.133 [AsyncHttpClient-1-8] DEBUG org.asynchttpclient.netty.channel.ChannelManager - Adding key: http://localhost:64351 for channel [id: 0x672243db, L:/127.0.0.1:63215 - R:localhost/127.0.0.1:64351]
09:47:37.135 [Forwarding clickElement on session 4a9ec05f91c433b119bf7877b228a208 to remote] DEBUG org.asynchttpclient.netty.request.NettyRequestSender - Using pooled Channel '[id: 0x672243db, L:/127.0.0.1:63215 - R:localhost/127.0.0.1:64351]' for 'POST' to 'http://localhost:64351/session/4a9ec05f91c433b119bf7877b228a208/element/409d90b1-f742-4630-acdd-5338cca613fc/click'
09:47:37.135 [Forwarding clickElement on session 4a9ec05f91c433b119bf7877b228a208 to remote] DEBUG org.asynchttpclient.netty.request.NettyRequestSender - Using open Channel [id: 0x672243db, L:/127.0.0.1:63215 - R:localhost/127.0.0.1:64351] for POST '/session/4a9ec05f91c433b119bf7877b228a208/element/409d90b1-f742-4630-acdd-5338cca613fc/click'
09:47:37.248 [AsyncHttpClient-1-8] DEBUG org.asynchttpclient.netty.handler.HttpHandler - 

Request DefaultHttpRequest(decodeResult: success, version: HTTP/1.1)
POST /session/4a9ec05f91c433b119bf7877b228a208/element/409d90b1-f742-4630-acdd-5338cca613fc/click HTTP/1.1
User-Agent: selenium/4.1.2 (java windows)
Content-Length: 50
Content-Type: application/json; charset=utf-8
host: localhost:64351
accept: */*

Response DefaultHttpResponse(decodeResult: success, version: HTTP/1.1)
HTTP/1.1 200 OK
Content-Type: application/json; charset=utf-8
cache-control: no-cache
content-length: 14

09:47:37.249 [AsyncHttpClient-1-8] DEBUG org.asynchttpclient.netty.channel.ChannelManager - Adding key: http://localhost:64351 for channel [id: 0x672243db, L:/127.0.0.1:63215 - R:localhost/127.0.0.1:64351]
09:47:37.255 [Forwarding findElement on session 4a9ec05f91c433b119bf7877b228a208 to remote] DEBUG org.asynchttpclient.netty.request.NettyRequestSender - Using pooled Channel '[id: 0x672243db, L:/127.0.0.1:63215 - R:localhost/127.0.0.1:64351]' for 'POST' to 'http://localhost:64351/session/4a9ec05f91c433b119bf7877b228a208/element'
09:47:37.255 [Forwarding findElement on session 4a9ec05f91c433b119bf7877b228a208 to remote] DEBUG org.asynchttpclient.netty.request.NettyRequestSender - Using open Channel [id: 0x672243db, L:/127.0.0.1:63215 - R:localhost/127.0.0.1:64351] for POST '/session/4a9ec05f91c433b119bf7877b228a208/element'
09:47:37.273 [AsyncHttpClient-1-8] DEBUG org.asynchttpclient.netty.handler.HttpHandler - 

Request DefaultHttpRequest(decodeResult: success, version: HTTP/1.1)
POST /session/4a9ec05f91c433b119bf7877b228a208/element HTTP/1.1
User-Agent: selenium/4.1.2 (java windows)
Content-Length: 69
Content-Type: application/json; charset=utf-8
host: localhost:64351
accept: */*

Response DefaultHttpResponse(decodeResult: success, version: HTTP/1.1)
HTTP/1.1 200 OK
Content-Type: application/json; charset=utf-8
cache-control: no-cache
content-length: 88

09:47:37.273 [AsyncHttpClient-1-8] DEBUG org.asynchttpclient.netty.channel.ChannelManager - Adding key: http://localhost:64351 for channel [id: 0x672243db, L:/127.0.0.1:63215 - R:localhost/127.0.0.1:64351]
09:47:37.275 [Forwarding clearElement on session 4a9ec05f91c433b119bf7877b228a208 to remote] DEBUG org.asynchttpclient.netty.request.NettyRequestSender - Using pooled Channel '[id: 0x672243db, L:/127.0.0.1:63215 - R:localhost/127.0.0.1:64351]' for 'POST' to 'http://localhost:64351/session/4a9ec05f91c433b119bf7877b228a208/element/8c837b95-784f-47db-9950-cdb1c7cc06e9/clear'
09:47:37.275 [Forwarding clearElement on session 4a9ec05f91c433b119bf7877b228a208 to remote] DEBUG org.asynchttpclient.netty.request.NettyRequestSender - Using open Channel [id: 0x672243db, L:/127.0.0.1:63215 - R:localhost/127.0.0.1:64351] for POST '/session/4a9ec05f91c433b119bf7877b228a208/element/8c837b95-784f-47db-9950-cdb1c7cc06e9/clear'
09:47:37.324 [AsyncHttpClient-1-8] DEBUG org.asynchttpclient.netty.handler.HttpHandler - 

Request DefaultHttpRequest(decodeResult: success, version: HTTP/1.1)
POST /session/4a9ec05f91c433b119bf7877b228a208/element/8c837b95-784f-47db-9950-cdb1c7cc06e9/clear HTTP/1.1
User-Agent: selenium/4.1.2 (java windows)
Content-Length: 50
Content-Type: application/json; charset=utf-8
host: localhost:64351
accept: */*

Response DefaultHttpResponse(decodeResult: success, version: HTTP/1.1)
HTTP/1.1 200 OK
Content-Type: application/json; charset=utf-8
cache-control: no-cache
content-length: 14

09:47:37.324 [AsyncHttpClient-1-8] DEBUG org.asynchttpclient.netty.channel.ChannelManager - Adding key: http://localhost:64351 for channel [id: 0x672243db, L:/127.0.0.1:63215 - R:localhost/127.0.0.1:64351]
09:47:37.327 [Forwarding sendKeysToElement on session 4a9ec05f91c433b119bf7877b228a208 to remote] DEBUG org.asynchttpclient.netty.request.NettyRequestSender - Using pooled Channel '[id: 0x672243db, L:/127.0.0.1:63215 - R:localhost/127.0.0.1:64351]' for 'POST' to 'http://localhost:64351/session/4a9ec05f91c433b119bf7877b228a208/element/8c837b95-784f-47db-9950-cdb1c7cc06e9/value'
09:47:37.327 [Forwarding sendKeysToElement on session 4a9ec05f91c433b119bf7877b228a208 to remote] DEBUG org.asynchttpclient.netty.request.NettyRequestSender - Using open Channel [id: 0x672243db, L:/127.0.0.1:63215 - R:localhost/127.0.0.1:64351] for POST '/session/4a9ec05f91c433b119bf7877b228a208/element/8c837b95-784f-47db-9950-cdb1c7cc06e9/value'
09:47:37.482 [AsyncHttpClient-1-1] DEBUG org.asynchttpclient.netty.channel.DefaultChannelPool - Entry count for : http://localhost:63216 : 1
09:47:37.633 [AsyncHttpClient-1-8] DEBUG org.asynchttpclient.netty.handler.HttpHandler - 

Request DefaultHttpRequest(decodeResult: success, version: HTTP/1.1)
POST /session/4a9ec05f91c433b119bf7877b228a208/element/8c837b95-784f-47db-9950-cdb1c7cc06e9/value HTTP/1.1
User-Agent: selenium/4.1.2 (java windows)
Content-Length: 371
Content-Type: application/json; charset=utf-8
host: localhost:64351
accept: */*

Response DefaultHttpResponse(decodeResult: success, version: HTTP/1.1)
HTTP/1.1 200 OK
Content-Type: application/json; charset=utf-8
cache-control: no-cache
content-length: 14

09:47:37.633 [AsyncHttpClient-1-8] DEBUG org.asynchttpclient.netty.channel.ChannelManager - Adding key: http://localhost:64351 for channel [id: 0x672243db, L:/127.0.0.1:63215 - R:localhost/127.0.0.1:64351]
09:47:37.639 [Forwarding findElement on session 4a9ec05f91c433b119bf7877b228a208 to remote] DEBUG org.asynchttpclient.netty.request.NettyRequestSender - Using pooled Channel '[id: 0x672243db, L:/127.0.0.1:63215 - R:localhost/127.0.0.1:64351]' for 'POST' to 'http://localhost:64351/session/4a9ec05f91c433b119bf7877b228a208/element'
09:47:37.639 [Forwarding findElement on session 4a9ec05f91c433b119bf7877b228a208 to remote] DEBUG org.asynchttpclient.netty.request.NettyRequestSender - Using open Channel [id: 0x672243db, L:/127.0.0.1:63215 - R:localhost/127.0.0.1:64351] for POST '/session/4a9ec05f91c433b119bf7877b228a208/element'
09:47:37.654 [AsyncHttpClient-1-8] DEBUG org.asynchttpclient.netty.handler.HttpHandler - 

Request DefaultHttpRequest(decodeResult: success, version: HTTP/1.1)
POST /session/4a9ec05f91c433b119bf7877b228a208/element HTTP/1.1
User-Agent: selenium/4.1.2 (java windows)
Content-Length: 72
Content-Type: application/json; charset=utf-8
host: localhost:64351
accept: */*

Response DefaultHttpResponse(decodeResult: success, version: HTTP/1.1)
HTTP/1.1 200 OK
Content-Type: application/json; charset=utf-8
cache-control: no-cache
content-length: 88

09:47:37.654 [AsyncHttpClient-1-8] DEBUG org.asynchttpclient.netty.channel.ChannelManager - Adding key: http://localhost:64351 for channel [id: 0x672243db, L:/127.0.0.1:63215 - R:localhost/127.0.0.1:64351]
09:47:37.656 [Forwarding clearElement on session 4a9ec05f91c433b119bf7877b228a208 to remote] DEBUG org.asynchttpclient.netty.request.NettyRequestSender - Using pooled Channel '[id: 0x672243db, L:/127.0.0.1:63215 - R:localhost/127.0.0.1:64351]' for 'POST' to 'http://localhost:64351/session/4a9ec05f91c433b119bf7877b228a208/element/6962bdeb-1be9-4e60-86af-5e6f69920853/clear'
09:47:37.656 [Forwarding clearElement on session 4a9ec05f91c433b119bf7877b228a208 to remote] DEBUG org.asynchttpclient.netty.request.NettyRequestSender - Using open Channel [id: 0x672243db, L:/127.0.0.1:63215 - R:localhost/127.0.0.1:64351] for POST '/session/4a9ec05f91c433b119bf7877b228a208/element/6962bdeb-1be9-4e60-86af-5e6f69920853/clear'
09:47:37.702 [AsyncHttpClient-1-8] DEBUG org.asynchttpclient.netty.handler.HttpHandler - 

Request DefaultHttpRequest(decodeResult: success, version: HTTP/1.1)
POST /session/4a9ec05f91c433b119bf7877b228a208/element/6962bdeb-1be9-4e60-86af-5e6f69920853/clear HTTP/1.1
User-Agent: selenium/4.1.2 (java windows)
Content-Length: 50
Content-Type: application/json; charset=utf-8
host: localhost:64351
accept: */*

Response DefaultHttpResponse(decodeResult: success, version: HTTP/1.1)
HTTP/1.1 200 OK
Content-Type: application/json; charset=utf-8
cache-control: no-cache
content-length: 14

09:47:37.702 [AsyncHttpClient-1-8] DEBUG org.asynchttpclient.netty.channel.ChannelManager - Adding key: http://localhost:64351 for channel [id: 0x672243db, L:/127.0.0.1:63215 - R:localhost/127.0.0.1:64351]
09:47:37.704 [Forwarding sendKeysToElement on session 4a9ec05f91c433b119bf7877b228a208 to remote] DEBUG org.asynchttpclient.netty.request.NettyRequestSender - Using pooled Channel '[id: 0x672243db, L:/127.0.0.1:63215 - R:localhost/127.0.0.1:64351]' for 'POST' to 'http://localhost:64351/session/4a9ec05f91c433b119bf7877b228a208/element/6962bdeb-1be9-4e60-86af-5e6f69920853/value'
09:47:37.704 [Forwarding sendKeysToElement on session 4a9ec05f91c433b119bf7877b228a208 to remote] DEBUG org.asynchttpclient.netty.request.NettyRequestSender - Using open Channel [id: 0x672243db, L:/127.0.0.1:63215 - R:localhost/127.0.0.1:64351] for POST '/session/4a9ec05f91c433b119bf7877b228a208/element/6962bdeb-1be9-4e60-86af-5e6f69920853/value'
09:47:37.957 [AsyncHttpClient-1-8] DEBUG org.asynchttpclient.netty.handler.HttpHandler - 

Request DefaultHttpRequest(decodeResult: success, version: HTTP/1.1)
POST /session/4a9ec05f91c433b119bf7877b228a208/element/6962bdeb-1be9-4e60-86af-5e6f69920853/value HTTP/1.1
User-Agent: selenium/4.1.2 (java windows)
Content-Length: 251
Content-Type: application/json; charset=utf-8
host: localhost:64351
accept: */*

Response DefaultHttpResponse(decodeResult: success, version: HTTP/1.1)
HTTP/1.1 200 OK
Content-Type: application/json; charset=utf-8
cache-control: no-cache
content-length: 14

09:47:37.957 [AsyncHttpClient-1-8] DEBUG org.asynchttpclient.netty.channel.ChannelManager - Adding key: http://localhost:64351 for channel [id: 0x672243db, L:/127.0.0.1:63215 - R:localhost/127.0.0.1:64351]
09:47:37.965 [Forwarding findElement on session 4a9ec05f91c433b119bf7877b228a208 to remote] DEBUG org.asynchttpclient.netty.request.NettyRequestSender - Using pooled Channel '[id: 0x672243db, L:/127.0.0.1:63215 - R:localhost/127.0.0.1:64351]' for 'POST' to 'http://localhost:64351/session/4a9ec05f91c433b119bf7877b228a208/element'
09:47:37.965 [Forwarding findElement on session 4a9ec05f91c433b119bf7877b228a208 to remote] DEBUG org.asynchttpclient.netty.request.NettyRequestSender - Using open Channel [id: 0x672243db, L:/127.0.0.1:63215 - R:localhost/127.0.0.1:64351] for POST '/session/4a9ec05f91c433b119bf7877b228a208/element'
09:47:37.984 [AsyncHttpClient-1-8] DEBUG org.asynchttpclient.netty.handler.HttpHandler - 

Request DefaultHttpRequest(decodeResult: success, version: HTTP/1.1)
POST /session/4a9ec05f91c433b119bf7877b228a208/element HTTP/1.1
User-Agent: selenium/4.1.2 (java windows)
Content-Length: 321
Content-Type: application/json; charset=utf-8
host: localhost:64351
accept: */*

Response DefaultHttpResponse(decodeResult: success, version: HTTP/1.1)
HTTP/1.1 200 OK
Content-Type: application/json; charset=utf-8
cache-control: no-cache
content-length: 88

09:47:37.984 [AsyncHttpClient-1-8] DEBUG org.asynchttpclient.netty.channel.ChannelManager - Adding key: http://localhost:64351 for channel [id: 0x672243db, L:/127.0.0.1:63215 - R:localhost/127.0.0.1:64351]
09:47:37.986 [Forwarding getElementTagName on session 4a9ec05f91c433b119bf7877b228a208 to remote] DEBUG org.asynchttpclient.netty.request.NettyRequestSender - Using pooled Channel '[id: 0x672243db, L:/127.0.0.1:63215 - R:localhost/127.0.0.1:64351]' for 'GET' to 'http://localhost:64351/session/4a9ec05f91c433b119bf7877b228a208/element/dd85b1d0-4ac4-4fa5-98d3-1352caef7d06/name'
09:47:37.986 [Forwarding getElementTagName on session 4a9ec05f91c433b119bf7877b228a208 to remote] DEBUG org.asynchttpclient.netty.request.NettyRequestSender - Using open Channel [id: 0x672243db, L:/127.0.0.1:63215 - R:localhost/127.0.0.1:64351] for GET '/session/4a9ec05f91c433b119bf7877b228a208/element/dd85b1d0-4ac4-4fa5-98d3-1352caef7d06/name'
09:47:37.992 [AsyncHttpClient-1-8] DEBUG org.asynchttpclient.netty.handler.HttpHandler - 

Request DefaultFullHttpRequest(decodeResult: success, version: HTTP/1.1, content: EmptyByteBufBE)
GET /session/4a9ec05f91c433b119bf7877b228a208/element/dd85b1d0-4ac4-4fa5-98d3-1352caef7d06/name HTTP/1.1
User-Agent: selenium/4.1.2 (java windows)
Cache-Control: no-cache
Content-Type: application/json; charset=utf-8
host: localhost:64351
accept: */*

Response DefaultHttpResponse(decodeResult: success, version: HTTP/1.1)
HTTP/1.1 200 OK
Content-Type: application/json; charset=utf-8
cache-control: no-cache
content-length: 18

09:47:37.993 [AsyncHttpClient-1-8] DEBUG org.asynchttpclient.netty.channel.ChannelManager - Adding key: http://localhost:64351 for channel [id: 0x672243db, L:/127.0.0.1:63215 - R:localhost/127.0.0.1:64351]
09:47:37.995 [Forwarding getElementTagName on session 4a9ec05f91c433b119bf7877b228a208 to remote] DEBUG org.asynchttpclient.netty.request.NettyRequestSender - Using pooled Channel '[id: 0x672243db, L:/127.0.0.1:63215 - R:localhost/127.0.0.1:64351]' for 'GET' to 'http://localhost:64351/session/4a9ec05f91c433b119bf7877b228a208/element/dd85b1d0-4ac4-4fa5-98d3-1352caef7d06/name'
09:47:37.995 [Forwarding getElementTagName on session 4a9ec05f91c433b119bf7877b228a208 to remote] DEBUG org.asynchttpclient.netty.request.NettyRequestSender - Using open Channel [id: 0x672243db, L:/127.0.0.1:63215 - R:localhost/127.0.0.1:64351] for GET '/session/4a9ec05f91c433b119bf7877b228a208/element/dd85b1d0-4ac4-4fa5-98d3-1352caef7d06/name'
09:47:38.003 [AsyncHttpClient-1-8] DEBUG org.asynchttpclient.netty.handler.HttpHandler - 

Request DefaultFullHttpRequest(decodeResult: success, version: HTTP/1.1, content: EmptyByteBufBE)
GET /session/4a9ec05f91c433b119bf7877b228a208/element/dd85b1d0-4ac4-4fa5-98d3-1352caef7d06/name HTTP/1.1
User-Agent: selenium/4.1.2 (java windows)
Cache-Control: no-cache
Content-Type: application/json; charset=utf-8
host: localhost:64351
accept: */*

Response DefaultHttpResponse(decodeResult: success, version: HTTP/1.1)
HTTP/1.1 200 OK
Content-Type: application/json; charset=utf-8
cache-control: no-cache
content-length: 18

09:47:38.003 [AsyncHttpClient-1-8] DEBUG org.asynchttpclient.netty.channel.ChannelManager - Adding key: http://localhost:64351 for channel [id: 0x672243db, L:/127.0.0.1:63215 - R:localhost/127.0.0.1:64351]
09:47:38.006 [Forwarding isElementEnabled on session 4a9ec05f91c433b119bf7877b228a208 to remote] DEBUG org.asynchttpclient.netty.request.NettyRequestSender - Using pooled Channel '[id: 0x672243db, L:/127.0.0.1:63215 - R:localhost/127.0.0.1:64351]' for 'GET' to 'http://localhost:64351/session/4a9ec05f91c433b119bf7877b228a208/element/dd85b1d0-4ac4-4fa5-98d3-1352caef7d06/enabled'
09:47:38.006 [Forwarding isElementEnabled on session 4a9ec05f91c433b119bf7877b228a208 to remote] DEBUG org.asynchttpclient.netty.request.NettyRequestSender - Using open Channel [id: 0x672243db, L:/127.0.0.1:63215 - R:localhost/127.0.0.1:64351] for GET '/session/4a9ec05f91c433b119bf7877b228a208/element/dd85b1d0-4ac4-4fa5-98d3-1352caef7d06/enabled'
09:47:38.021 [AsyncHttpClient-1-8] DEBUG org.asynchttpclient.netty.handler.HttpHandler - 

Request DefaultFullHttpRequest(decodeResult: success, version: HTTP/1.1, content: EmptyByteBufBE)
GET /session/4a9ec05f91c433b119bf7877b228a208/element/dd85b1d0-4ac4-4fa5-98d3-1352caef7d06/enabled HTTP/1.1
User-Agent: selenium/4.1.2 (java windows)
Cache-Control: no-cache
Content-Type: application/json; charset=utf-8
host: localhost:64351
accept: */*

Response DefaultHttpResponse(decodeResult: success, version: HTTP/1.1)
HTTP/1.1 200 OK
Content-Type: application/json; charset=utf-8
cache-control: no-cache
content-length: 14

09:47:38.022 [AsyncHttpClient-1-8] DEBUG org.asynchttpclient.netty.channel.ChannelManager - Adding key: http://localhost:64351 for channel [id: 0x672243db, L:/127.0.0.1:63215 - R:localhost/127.0.0.1:64351]
09:47:38.023 [Forwarding isElementEnabled on session 4a9ec05f91c433b119bf7877b228a208 to remote] DEBUG org.asynchttpclient.netty.request.NettyRequestSender - Using pooled Channel '[id: 0x672243db, L:/127.0.0.1:63215 - R:localhost/127.0.0.1:64351]' for 'GET' to 'http://localhost:64351/session/4a9ec05f91c433b119bf7877b228a208/element/dd85b1d0-4ac4-4fa5-98d3-1352caef7d06/enabled'
09:47:38.023 [Forwarding isElementEnabled on session 4a9ec05f91c433b119bf7877b228a208 to remote] DEBUG org.asynchttpclient.netty.request.NettyRequestSender - Using open Channel [id: 0x672243db, L:/127.0.0.1:63215 - R:localhost/127.0.0.1:64351] for GET '/session/4a9ec05f91c433b119bf7877b228a208/element/dd85b1d0-4ac4-4fa5-98d3-1352caef7d06/enabled'
09:47:38.033 [AsyncHttpClient-1-8] DEBUG org.asynchttpclient.netty.handler.HttpHandler - 

Request DefaultFullHttpRequest(decodeResult: success, version: HTTP/1.1, content: EmptyByteBufBE)
GET /session/4a9ec05f91c433b119bf7877b228a208/element/dd85b1d0-4ac4-4fa5-98d3-1352caef7d06/enabled HTTP/1.1
User-Agent: selenium/4.1.2 (java windows)
Cache-Control: no-cache
Content-Type: application/json; charset=utf-8
host: localhost:64351
accept: */*

Response DefaultHttpResponse(decodeResult: success, version: HTTP/1.1)
HTTP/1.1 200 OK
Content-Type: application/json; charset=utf-8
cache-control: no-cache
content-length: 14

09:47:38.033 [AsyncHttpClient-1-8] DEBUG org.asynchttpclient.netty.channel.ChannelManager - Adding key: http://localhost:64351 for channel [id: 0x672243db, L:/127.0.0.1:63215 - R:localhost/127.0.0.1:64351]
09:47:38.036 [Forwarding findElement on session 4a9ec05f91c433b119bf7877b228a208 to remote] DEBUG org.asynchttpclient.netty.request.NettyRequestSender - Using pooled Channel '[id: 0x672243db, L:/127.0.0.1:63215 - R:localhost/127.0.0.1:64351]' for 'POST' to 'http://localhost:64351/session/4a9ec05f91c433b119bf7877b228a208/element'
09:47:38.036 [Forwarding findElement on session 4a9ec05f91c433b119bf7877b228a208 to remote] DEBUG org.asynchttpclient.netty.request.NettyRequestSender - Using open Channel [id: 0x672243db, L:/127.0.0.1:63215 - R:localhost/127.0.0.1:64351] for POST '/session/4a9ec05f91c433b119bf7877b228a208/element'
09:47:38.047 [AsyncHttpClient-1-8] DEBUG org.asynchttpclient.netty.handler.HttpHandler - 

Request DefaultHttpRequest(decodeResult: success, version: HTTP/1.1)
POST /session/4a9ec05f91c433b119bf7877b228a208/element HTTP/1.1
User-Agent: selenium/4.1.2 (java windows)
Content-Length: 321
Content-Type: application/json; charset=utf-8
host: localhost:64351
accept: */*

Response DefaultHttpResponse(decodeResult: success, version: HTTP/1.1)
HTTP/1.1 200 OK
Content-Type: application/json; charset=utf-8
cache-control: no-cache
content-length: 88

09:47:38.047 [AsyncHttpClient-1-8] DEBUG org.asynchttpclient.netty.channel.ChannelManager - Adding key: http://localhost:64351 for channel [id: 0x672243db, L:/127.0.0.1:63215 - R:localhost/127.0.0.1:64351]
09:47:38.049 [Forwarding clickElement on session 4a9ec05f91c433b119bf7877b228a208 to remote] DEBUG org.asynchttpclient.netty.request.NettyRequestSender - Using pooled Channel '[id: 0x672243db, L:/127.0.0.1:63215 - R:localhost/127.0.0.1:64351]' for 'POST' to 'http://localhost:64351/session/4a9ec05f91c433b119bf7877b228a208/element/dd85b1d0-4ac4-4fa5-98d3-1352caef7d06/click'
09:47:38.050 [Forwarding clickElement on session 4a9ec05f91c433b119bf7877b228a208 to remote] DEBUG org.asynchttpclient.netty.request.NettyRequestSender - Using open Channel [id: 0x672243db, L:/127.0.0.1:63215 - R:localhost/127.0.0.1:64351] for POST '/session/4a9ec05f91c433b119bf7877b228a208/element/dd85b1d0-4ac4-4fa5-98d3-1352caef7d06/click'
09:47:38.119 [AsyncHttpClient-1-8] DEBUG org.asynchttpclient.netty.handler.HttpHandler - 

Request DefaultHttpRequest(decodeResult: success, version: HTTP/1.1)
POST /session/4a9ec05f91c433b119bf7877b228a208/element/dd85b1d0-4ac4-4fa5-98d3-1352caef7d06/click HTTP/1.1
User-Agent: selenium/4.1.2 (java windows)
Content-Length: 50
Content-Type: application/json; charset=utf-8
host: localhost:64351
accept: */*

Response DefaultHttpResponse(decodeResult: success, version: HTTP/1.1)
HTTP/1.1 200 OK
Content-Type: application/json; charset=utf-8
cache-control: no-cache
content-length: 14

09:47:38.120 [AsyncHttpClient-1-8] DEBUG org.asynchttpclient.netty.channel.ChannelManager - Adding key: http://localhost:64351 for channel [id: 0x672243db, L:/127.0.0.1:63215 - R:localhost/127.0.0.1:64351]
  &amp#27;[32mAnd &amp#27;[0m&amp#27;[32mI have logged in&amp#27;[0m                 &amp#27;[90m# starter.stepdefinitions.ManageVaccinationBookingsSteps.iHaveLoggedIn()&amp#27;[0m
09:47:38.126 [Forwarding screenshot on session 4a9ec05f91c433b119bf7877b228a208 to remote] DEBUG org.asynchttpclient.netty.request.NettyRequestSender - Using pooled Channel '[id: 0x672243db, L:/127.0.0.1:63215 - R:localhost/127.0.0.1:64351]' for 'GET' to 'http://localhost:64351/session/4a9ec05f91c433b119bf7877b228a208/screenshot'
09:47:38.126 [Forwarding screenshot on session 4a9ec05f91c433b119bf7877b228a208 to remote] DEBUG org.asynchttpclient.netty.request.NettyRequestSender - Using open Channel [id: 0x672243db, L:/127.0.0.1:63215 - R:localhost/127.0.0.1:64351] for GET '/session/4a9ec05f91c433b119bf7877b228a208/screenshot'
09:47:38.446 [AsyncHttpClient-1-8] DEBUG org.asynchttpclient.netty.handler.HttpHandler - 

Request DefaultFullHttpRequest(decodeResult: success, version: HTTP/1.1, content: EmptyByteBufBE)
GET /session/4a9ec05f91c433b119bf7877b228a208/screenshot HTTP/1.1
User-Agent: selenium/4.1.2 (java windows)
Cache-Control: no-cache
Content-Type: application/json; charset=utf-8
host: localhost:64351
accept: */*

Response DefaultHttpResponse(decodeResult: success, version: HTTP/1.1)
HTTP/1.1 200 OK
Content-Type: application/json; charset=utf-8
cache-control: no-cache
content-length: 115716

09:47:38.449 [AsyncHttpClient-1-8] DEBUG org.asynchttpclient.netty.channel.ChannelManager - Adding key: http://localhost:64351 for channel [id: 0x672243db, L:/127.0.0.1:63215 - R:localhost/127.0.0.1:64351]
09:47:38.453 [main] DEBUG net.serenitybdd.core.photography.Darkroom - Send negative for processing for target\site\serenity\ff7c258ec0793e0de362e438f7b3b30b4fe78b4891fcba24a6b6c22022b2850a.png
09:47:38.454 [Darkroom Processing Line] DEBUG net.serenitybdd.core.photography.DarkroomProcessingLine - Processing screenshot image in /var/screenshots/screenshot-5820124657588559773
09:47:38.454 [Darkroom Processing Line] DEBUG net.serenitybdd.core.photography.DarkroomProcessingLine - Saving screenshot to target\site\serenity\ff7c258ec0793e0de362e438f7b3b30b4fe78b4891fcba24a6b6c22022b2850a.png
09:47:38.464 [Forwarding findElement on session 4a9ec05f91c433b119bf7877b228a208 to remote] DEBUG org.asynchttpclient.netty.request.NettyRequestSender - Using pooled Channel '[id: 0x672243db, L:/127.0.0.1:63215 - R:localhost/127.0.0.1:64351]' for 'POST' to 'http://localhost:64351/session/4a9ec05f91c433b119bf7877b228a208/element'
09:47:38.465 [Forwarding findElement on session 4a9ec05f91c433b119bf7877b228a208 to remote] DEBUG org.asynchttpclient.netty.request.NettyRequestSender - Using open Channel [id: 0x672243db, L:/127.0.0.1:63215 - R:localhost/127.0.0.1:64351] for POST '/session/4a9ec05f91c433b119bf7877b228a208/element'
09:47:38.583 [AsyncHttpClient-1-1] DEBUG org.asynchttpclient.netty.channel.DefaultChannelPool - Entry count for : http://localhost:63216 : 1
09:47:38.685 [AsyncHttpClient-1-8] DEBUG org.asynchttpclient.netty.handler.HttpHandler - 

Request DefaultHttpRequest(decodeResult: success, version: HTTP/1.1)
POST /session/4a9ec05f91c433b119bf7877b228a208/element HTTP/1.1
User-Agent: selenium/4.1.2 (java windows)
Content-Length: 80
Content-Type: application/json; charset=utf-8
host: localhost:64351
accept: */*

Response DefaultHttpResponse(decodeResult: success, version: HTTP/1.1)
HTTP/1.1 200 OK
Content-Type: application/json; charset=utf-8
cache-control: no-cache
content-length: 88

09:47:38.686 [AsyncHttpClient-1-8] DEBUG org.asynchttpclient.netty.channel.ChannelManager - Adding key: http://localhost:64351 for channel [id: 0x672243db, L:/127.0.0.1:63215 - R:localhost/127.0.0.1:64351]
09:47:38.688 [Forwarding getElementTagName on session 4a9ec05f91c433b119bf7877b228a208 to remote] DEBUG org.asynchttpclient.netty.request.NettyRequestSender - Using pooled Channel '[id: 0x672243db, L:/127.0.0.1:63215 - R:localhost/127.0.0.1:64351]' for 'GET' to 'http://localhost:64351/session/4a9ec05f91c433b119bf7877b228a208/element/38c2c7b1-40f2-4d70-96b3-a89725fc308b/name'
09:47:38.688 [Forwarding getElementTagName on session 4a9ec05f91c433b119bf7877b228a208 to remote] DEBUG org.asynchttpclient.netty.request.NettyRequestSender - Using open Channel [id: 0x672243db, L:/127.0.0.1:63215 - R:localhost/127.0.0.1:64351] for GET '/session/4a9ec05f91c433b119bf7877b228a208/element/38c2c7b1-40f2-4d70-96b3-a89725fc308b/name'
09:47:38.709 [AsyncHttpClient-1-8] DEBUG org.asynchttpclient.netty.handler.HttpHandler - 

Request DefaultFullHttpRequest(decodeResult: success, version: HTTP/1.1, content: EmptyByteBufBE)
GET /session/4a9ec05f91c433b119bf7877b228a208/element/38c2c7b1-40f2-4d70-96b3-a89725fc308b/name HTTP/1.1
User-Agent: selenium/4.1.2 (java windows)
Cache-Control: no-cache
Content-Type: application/json; charset=utf-8
host: localhost:64351
accept: */*

Response DefaultHttpResponse(decodeResult: success, version: HTTP/1.1)
HTTP/1.1 200 OK
Content-Type: application/json; charset=utf-8
cache-control: no-cache
content-length: 13

09:47:38.709 [AsyncHttpClient-1-8] DEBUG org.asynchttpclient.netty.channel.ChannelManager - Adding key: http://localhost:64351 for channel [id: 0x672243db, L:/127.0.0.1:63215 - R:localhost/127.0.0.1:64351]
09:47:38.711 [Forwarding getElementTagName on session 4a9ec05f91c433b119bf7877b228a208 to remote] DEBUG org.asynchttpclient.netty.request.NettyRequestSender - Using pooled Channel '[id: 0x672243db, L:/127.0.0.1:63215 - R:localhost/127.0.0.1:64351]' for 'GET' to 'http://localhost:64351/session/4a9ec05f91c433b119bf7877b228a208/element/38c2c7b1-40f2-4d70-96b3-a89725fc308b/name'
09:47:38.711 [Forwarding getElementTagName on session 4a9ec05f91c433b119bf7877b228a208 to remote] DEBUG org.asynchttpclient.netty.request.NettyRequestSender - Using open Channel [id: 0x672243db, L:/127.0.0.1:63215 - R:localhost/127.0.0.1:64351] for GET '/session/4a9ec05f91c433b119bf7877b228a208/element/38c2c7b1-40f2-4d70-96b3-a89725fc308b/name'
09:47:38.717 [AsyncHttpClient-1-8] DEBUG org.asynchttpclient.netty.handler.HttpHandler - 

Request DefaultFullHttpRequest(decodeResult: success, version: HTTP/1.1, content: EmptyByteBufBE)
GET /session/4a9ec05f91c433b119bf7877b228a208/element/38c2c7b1-40f2-4d70-96b3-a89725fc308b/name HTTP/1.1
User-Agent: selenium/4.1.2 (java windows)
Cache-Control: no-cache
Content-Type: application/json; charset=utf-8
host: localhost:64351
accept: */*

Response DefaultHttpResponse(decodeResult: success, version: HTTP/1.1)
HTTP/1.1 200 OK
Content-Type: application/json; charset=utf-8
cache-control: no-cache
content-length: 13

09:47:38.717 [AsyncHttpClient-1-8] DEBUG org.asynchttpclient.netty.channel.ChannelManager - Adding key: http://localhost:64351 for channel [id: 0x672243db, L:/127.0.0.1:63215 - R:localhost/127.0.0.1:64351]
09:47:38.720 [Forwarding findElement on session 4a9ec05f91c433b119bf7877b228a208 to remote] DEBUG org.asynchttpclient.netty.request.NettyRequestSender - Using pooled Channel '[id: 0x672243db, L:/127.0.0.1:63215 - R:localhost/127.0.0.1:64351]' for 'POST' to 'http://localhost:64351/session/4a9ec05f91c433b119bf7877b228a208/element'
09:47:38.720 [Forwarding findElement on session 4a9ec05f91c433b119bf7877b228a208 to remote] DEBUG org.asynchttpclient.netty.request.NettyRequestSender - Using open Channel [id: 0x672243db, L:/127.0.0.1:63215 - R:localhost/127.0.0.1:64351] for POST '/session/4a9ec05f91c433b119bf7877b228a208/element'
09:47:38.728 [AsyncHttpClient-1-8] DEBUG org.asynchttpclient.netty.handler.HttpHandler - 

Request DefaultHttpRequest(decodeResult: success, version: HTTP/1.1)
POST /session/4a9ec05f91c433b119bf7877b228a208/element HTTP/1.1
User-Agent: selenium/4.1.2 (java windows)
Content-Length: 80
Content-Type: application/json; charset=utf-8
host: localhost:64351
accept: */*

Response DefaultHttpResponse(decodeResult: success, version: HTTP/1.1)
HTTP/1.1 200 OK
Content-Type: application/json; charset=utf-8
cache-control: no-cache
content-length: 88

09:47:38.729 [AsyncHttpClient-1-8] DEBUG org.asynchttpclient.netty.channel.ChannelManager - Adding key: http://localhost:64351 for channel [id: 0x672243db, L:/127.0.0.1:63215 - R:localhost/127.0.0.1:64351]
09:47:38.731 [Forwarding clickElement on session 4a9ec05f91c433b119bf7877b228a208 to remote] DEBUG org.asynchttpclient.netty.request.NettyRequestSender - Using pooled Channel '[id: 0x672243db, L:/127.0.0.1:63215 - R:localhost/127.0.0.1:64351]' for 'POST' to 'http://localhost:64351/session/4a9ec05f91c433b119bf7877b228a208/element/38c2c7b1-40f2-4d70-96b3-a89725fc308b/click'
09:47:38.731 [Forwarding clickElement on session 4a9ec05f91c433b119bf7877b228a208 to remote] DEBUG org.asynchttpclient.netty.request.NettyRequestSender - Using open Channel [id: 0x672243db, L:/127.0.0.1:63215 - R:localhost/127.0.0.1:64351] for POST '/session/4a9ec05f91c433b119bf7877b228a208/element/38c2c7b1-40f2-4d70-96b3-a89725fc308b/click'
09:47:39.004 [AsyncHttpClient-1-8] DEBUG org.asynchttpclient.netty.handler.HttpHandler - 

Request DefaultHttpRequest(decodeResult: success, version: HTTP/1.1)
POST /session/4a9ec05f91c433b119bf7877b228a208/element/38c2c7b1-40f2-4d70-96b3-a89725fc308b/click HTTP/1.1
User-Agent: selenium/4.1.2 (java windows)
Content-Length: 50
Content-Type: application/json; charset=utf-8
host: localhost:64351
accept: */*

Response DefaultHttpResponse(decodeResult: success, version: HTTP/1.1)
HTTP/1.1 200 OK
Content-Type: application/json; charset=utf-8
cache-control: no-cache
content-length: 14

09:47:39.004 [AsyncHttpClient-1-8] DEBUG org.asynchttpclient.netty.channel.ChannelManager - Adding key: http://localhost:64351 for channel [id: 0x672243db, L:/127.0.0.1:63215 - R:localhost/127.0.0.1:64351]
  &amp#27;[32mWhen &amp#27;[0m&amp#27;[32mI go to Book Vaksinasi page&amp#27;[0m     &amp#27;[90m# starter.stepdefinitions.ManageVaccinationBookingsSteps.iGoToBookVaksinasiPage()&amp#27;[0m
09:47:39.014 [Forwarding screenshot on session 4a9ec05f91c433b119bf7877b228a208 to remote] DEBUG org.asynchttpclient.netty.request.NettyRequestSender - Using pooled Channel '[id: 0x672243db, L:/127.0.0.1:63215 - R:localhost/127.0.0.1:64351]' for 'GET' to 'http://localhost:64351/session/4a9ec05f91c433b119bf7877b228a208/screenshot'
09:47:39.014 [Forwarding screenshot on session 4a9ec05f91c433b119bf7877b228a208 to remote] DEBUG org.asynchttpclient.netty.request.NettyRequestSender - Using open Channel [id: 0x672243db, L:/127.0.0.1:63215 - R:localhost/127.0.0.1:64351] for GET '/session/4a9ec05f91c433b119bf7877b228a208/screenshot'
09:47:39.384 [AsyncHttpClient-1-8] DEBUG org.asynchttpclient.netty.handler.HttpHandler - 

Request DefaultFullHttpRequest(decodeResult: success, version: HTTP/1.1, content: EmptyByteBufBE)
GET /session/4a9ec05f91c433b119bf7877b228a208/screenshot HTTP/1.1
User-Agent: selenium/4.1.2 (java windows)
Cache-Control: no-cache
Content-Type: application/json; charset=utf-8
host: localhost:64351
accept: */*

Response DefaultHttpResponse(decodeResult: success, version: HTTP/1.1)
HTTP/1.1 200 OK
Content-Type: application/json; charset=utf-8
cache-control: no-cache
content-length: 142260

09:47:39.385 [AsyncHttpClient-1-8] DEBUG org.asynchttpclient.netty.channel.ChannelManager - Adding key: http://localhost:64351 for channel [id: 0x672243db, L:/127.0.0.1:63215 - R:localhost/127.0.0.1:64351]
09:47:39.390 [main] DEBUG net.serenitybdd.core.photography.Darkroom - Send negative for processing for target\site\serenity\ee33df7334417789a2a36e0b37e09600f89bdd52d78bcd6dad99c23a9cdb35f8.png
09:47:39.391 [Darkroom Processing Line] DEBUG net.serenitybdd.core.photography.DarkroomProcessingLine - Processing screenshot image in /var/screenshots/screenshot-6117289994231443727
09:47:39.391 [Darkroom Processing Line] DEBUG net.serenitybdd.core.photography.DarkroomProcessingLine - Saving screenshot to target\site\serenity\ee33df7334417789a2a36e0b37e09600f89bdd52d78bcd6dad99c23a9cdb35f8.png
09:47:39.403 [Forwarding findElement on session 4a9ec05f91c433b119bf7877b228a208 to remote] DEBUG org.asynchttpclient.netty.request.NettyRequestSender - Using pooled Channel '[id: 0x672243db, L:/127.0.0.1:63215 - R:localhost/127.0.0.1:64351]' for 'POST' to 'http://localhost:64351/session/4a9ec05f91c433b119bf7877b228a208/element'
09:47:39.403 [Forwarding findElement on session 4a9ec05f91c433b119bf7877b228a208 to remote] DEBUG org.asynchttpclient.netty.request.NettyRequestSender - Using open Channel [id: 0x672243db, L:/127.0.0.1:63215 - R:localhost/127.0.0.1:64351] for POST '/session/4a9ec05f91c433b119bf7877b228a208/element'
09:47:39.420 [AsyncHttpClient-1-8] DEBUG org.asynchttpclient.netty.handler.HttpHandler - 

Request DefaultHttpRequest(decodeResult: success, version: HTTP/1.1)
POST /session/4a9ec05f91c433b119bf7877b228a208/element HTTP/1.1
User-Agent: selenium/4.1.2 (java windows)
Content-Length: 117
Content-Type: application/json; charset=utf-8
host: localhost:64351
accept: */*

Response DefaultHttpResponse(decodeResult: success, version: HTTP/1.1)
HTTP/1.1 200 OK
Content-Type: application/json; charset=utf-8
cache-control: no-cache
content-length: 88

09:47:39.420 [AsyncHttpClient-1-8] DEBUG org.asynchttpclient.netty.channel.ChannelManager - Adding key: http://localhost:64351 for channel [id: 0x672243db, L:/127.0.0.1:63215 - R:localhost/127.0.0.1:64351]
09:47:39.421 [Forwarding getElementTagName on session 4a9ec05f91c433b119bf7877b228a208 to remote] DEBUG org.asynchttpclient.netty.request.NettyRequestSender - Using pooled Channel '[id: 0x672243db, L:/127.0.0.1:63215 - R:localhost/127.0.0.1:64351]' for 'GET' to 'http://localhost:64351/session/4a9ec05f91c433b119bf7877b228a208/element/0d97c09c-6c43-42e8-b2d6-753146e7a12f/name'
09:47:39.421 [Forwarding getElementTagName on session 4a9ec05f91c433b119bf7877b228a208 to remote] DEBUG org.asynchttpclient.netty.request.NettyRequestSender - Using open Channel [id: 0x672243db, L:/127.0.0.1:63215 - R:localhost/127.0.0.1:64351] for GET '/session/4a9ec05f91c433b119bf7877b228a208/element/0d97c09c-6c43-42e8-b2d6-753146e7a12f/name'
09:47:39.435 [AsyncHttpClient-1-8] DEBUG org.asynchttpclient.netty.handler.HttpHandler - 

Request DefaultFullHttpRequest(decodeResult: success, version: HTTP/1.1, content: EmptyByteBufBE)
GET /session/4a9ec05f91c433b119bf7877b228a208/element/0d97c09c-6c43-42e8-b2d6-753146e7a12f/name HTTP/1.1
User-Agent: selenium/4.1.2 (java windows)
Cache-Control: no-cache
Content-Type: application/json; charset=utf-8
host: localhost:64351
accept: */*

Response DefaultHttpResponse(decodeResult: success, version: HTTP/1.1)
HTTP/1.1 200 OK
Content-Type: application/json; charset=utf-8
cache-control: no-cache
content-length: 15

09:47:39.435 [AsyncHttpClient-1-8] DEBUG org.asynchttpclient.netty.channel.ChannelManager - Adding key: http://localhost:64351 for channel [id: 0x672243db, L:/127.0.0.1:63215 - R:localhost/127.0.0.1:64351]
09:47:39.436 [Forwarding getElementTagName on session 4a9ec05f91c433b119bf7877b228a208 to remote] DEBUG org.asynchttpclient.netty.request.NettyRequestSender - Using pooled Channel '[id: 0x672243db, L:/127.0.0.1:63215 - R:localhost/127.0.0.1:64351]' for 'GET' to 'http://localhost:64351/session/4a9ec05f91c433b119bf7877b228a208/element/0d97c09c-6c43-42e8-b2d6-753146e7a12f/name'
09:47:39.436 [Forwarding getElementTagName on session 4a9ec05f91c433b119bf7877b228a208 to remote] DEBUG org.asynchttpclient.netty.request.NettyRequestSender - Using open Channel [id: 0x672243db, L:/127.0.0.1:63215 - R:localhost/127.0.0.1:64351] for GET '/session/4a9ec05f91c433b119bf7877b228a208/element/0d97c09c-6c43-42e8-b2d6-753146e7a12f/name'
09:47:39.446 [AsyncHttpClient-1-8] DEBUG org.asynchttpclient.netty.handler.HttpHandler - 

Request DefaultFullHttpRequest(decodeResult: success, version: HTTP/1.1, content: EmptyByteBufBE)
GET /session/4a9ec05f91c433b119bf7877b228a208/element/0d97c09c-6c43-42e8-b2d6-753146e7a12f/name HTTP/1.1
User-Agent: selenium/4.1.2 (java windows)
Cache-Control: no-cache
Content-Type: application/json; charset=utf-8
host: localhost:64351
accept: */*

Response DefaultHttpResponse(decodeResult: success, version: HTTP/1.1)
HTTP/1.1 200 OK
Content-Type: application/json; charset=utf-8
cache-control: no-cache
content-length: 15

09:47:39.447 [AsyncHttpClient-1-8] DEBUG org.asynchttpclient.netty.channel.ChannelManager - Adding key: http://localhost:64351 for channel [id: 0x672243db, L:/127.0.0.1:63215 - R:localhost/127.0.0.1:64351]
09:47:39.452 [Forwarding findElement on session 4a9ec05f91c433b119bf7877b228a208 to remote] DEBUG org.asynchttpclient.netty.request.NettyRequestSender - Using pooled Channel '[id: 0x672243db, L:/127.0.0.1:63215 - R:localhost/127.0.0.1:64351]' for 'POST' to 'http://localhost:64351/session/4a9ec05f91c433b119bf7877b228a208/element'
09:47:39.452 [Forwarding findElement on session 4a9ec05f91c433b119bf7877b228a208 to remote] DEBUG org.asynchttpclient.netty.request.NettyRequestSender - Using open Channel [id: 0x672243db, L:/127.0.0.1:63215 - R:localhost/127.0.0.1:64351] for POST '/session/4a9ec05f91c433b119bf7877b228a208/element'
09:47:39.460 [AsyncHttpClient-1-8] DEBUG org.asynchttpclient.netty.handler.HttpHandler - 

Request DefaultHttpRequest(decodeResult: success, version: HTTP/1.1)
POST /session/4a9ec05f91c433b119bf7877b228a208/element HTTP/1.1
User-Agent: selenium/4.1.2 (java windows)
Content-Length: 117
Content-Type: application/json; charset=utf-8
host: localhost:64351
accept: */*

Response DefaultHttpResponse(decodeResult: success, version: HTTP/1.1)
HTTP/1.1 200 OK
Content-Type: application/json; charset=utf-8
cache-control: no-cache
content-length: 88

09:47:39.460 [AsyncHttpClient-1-8] DEBUG org.asynchttpclient.netty.channel.ChannelManager - Adding key: http://localhost:64351 for channel [id: 0x672243db, L:/127.0.0.1:63215 - R:localhost/127.0.0.1:64351]
09:47:39.465 [Forwarding clickElement on session 4a9ec05f91c433b119bf7877b228a208 to remote] DEBUG org.asynchttpclient.netty.request.NettyRequestSender - Using pooled Channel '[id: 0x672243db, L:/127.0.0.1:63215 - R:localhost/127.0.0.1:64351]' for 'POST' to 'http://localhost:64351/session/4a9ec05f91c433b119bf7877b228a208/element/0d97c09c-6c43-42e8-b2d6-753146e7a12f/click'
09:47:39.465 [Forwarding clickElement on session 4a9ec05f91c433b119bf7877b228a208 to remote] DEBUG org.asynchttpclient.netty.request.NettyRequestSender - Using open Channel [id: 0x672243db, L:/127.0.0.1:63215 - R:localhost/127.0.0.1:64351] for POST '/session/4a9ec05f91c433b119bf7877b228a208/element/0d97c09c-6c43-42e8-b2d6-753146e7a12f/click'
09:47:39.644 [AsyncHttpClient-1-8] DEBUG org.asynchttpclient.netty.handler.HttpHandler - 

Request DefaultHttpRequest(decodeResult: success, version: HTTP/1.1)
POST /session/4a9ec05f91c433b119bf7877b228a208/element/0d97c09c-6c43-42e8-b2d6-753146e7a12f/click HTTP/1.1
User-Agent: selenium/4.1.2 (java windows)
Content-Length: 50
Content-Type: application/json; charset=utf-8
host: localhost:64351
accept: */*

Response DefaultHttpResponse(decodeResult: success, version: HTTP/1.1)
HTTP/1.1 200 OK
Content-Type: application/json; charset=utf-8
cache-control: no-cache
content-length: 14

09:47:39.644 [AsyncHttpClient-1-8] DEBUG org.asynchttpclient.netty.channel.ChannelManager - Adding key: http://localhost:64351 for channel [id: 0x672243db, L:/127.0.0.1:63215 - R:localhost/127.0.0.1:64351]
  &amp#27;[32mAnd &amp#27;[0m&amp#27;[32mI select a session&amp#27;[0m               &amp#27;[90m# starter.stepdefinitions.ManageVaccinationBookingsSteps.iSelectASession()&amp#27;[0m
09:47:39.654 [Forwarding screenshot on session 4a9ec05f91c433b119bf7877b228a208 to remote] DEBUG org.asynchttpclient.netty.request.NettyRequestSender - Using pooled Channel '[id: 0x672243db, L:/127.0.0.1:63215 - R:localhost/127.0.0.1:64351]' for 'GET' to 'http://localhost:64351/session/4a9ec05f91c433b119bf7877b228a208/screenshot'
09:47:39.654 [Forwarding screenshot on session 4a9ec05f91c433b119bf7877b228a208 to remote] DEBUG org.asynchttpclient.netty.request.NettyRequestSender - Using open Channel [id: 0x672243db, L:/127.0.0.1:63215 - R:localhost/127.0.0.1:64351] for GET '/session/4a9ec05f91c433b119bf7877b228a208/screenshot'
09:47:39.682 [AsyncHttpClient-1-1] DEBUG org.asynchttpclient.netty.channel.DefaultChannelPool - Entry count for : http://localhost:63216 : 1
09:47:40.014 [AsyncHttpClient-1-8] DEBUG org.asynchttpclient.netty.handler.HttpHandler - 

Request DefaultFullHttpRequest(decodeResult: success, version: HTTP/1.1, content: EmptyByteBufBE)
GET /session/4a9ec05f91c433b119bf7877b228a208/screenshot HTTP/1.1
User-Agent: selenium/4.1.2 (java windows)
Cache-Control: no-cache
Content-Type: application/json; charset=utf-8
host: localhost:64351
accept: */*

Response DefaultHttpResponse(decodeResult: success, version: HTTP/1.1)
HTTP/1.1 200 OK
Content-Type: application/json; charset=utf-8
cache-control: no-cache
content-length: 150276

09:47:40.015 [AsyncHttpClient-1-8] DEBUG org.asynchttpclient.netty.channel.ChannelManager - Adding key: http://localhost:64351 for channel [id: 0x672243db, L:/127.0.0.1:63215 - R:localhost/127.0.0.1:64351]
09:47:40.020 [main] DEBUG net.serenitybdd.core.photography.Darkroom - Send negative for processing for target\site\serenity\5fd0bffa32fe74b4f0f210690a59358245b8c880b8ea0fc2dfb2b1fd6813dd21.png
09:47:40.021 [Darkroom Processing Line] DEBUG net.serenitybdd.core.photography.DarkroomProcessingLine - Processing screenshot image in /var/screenshots/screenshot-13495303955152173542
09:47:40.021 [Darkroom Processing Line] DEBUG net.serenitybdd.core.photography.DarkroomProcessingLine - Saving screenshot to target\site\serenity\5fd0bffa32fe74b4f0f210690a59358245b8c880b8ea0fc2dfb2b1fd6813dd21.png
09:47:40.037 [Forwarding findElement on session 4a9ec05f91c433b119bf7877b228a208 to remote] DEBUG org.asynchttpclient.netty.request.NettyRequestSender - Using pooled Channel '[id: 0x672243db, L:/127.0.0.1:63215 - R:localhost/127.0.0.1:64351]' for 'POST' to 'http://localhost:64351/session/4a9ec05f91c433b119bf7877b228a208/element'
09:47:40.038 [Forwarding findElement on session 4a9ec05f91c433b119bf7877b228a208 to remote] DEBUG org.asynchttpclient.netty.request.NettyRequestSender - Using open Channel [id: 0x672243db, L:/127.0.0.1:63215 - R:localhost/127.0.0.1:64351] for POST '/session/4a9ec05f91c433b119bf7877b228a208/element'
09:47:40.055 [AsyncHttpClient-1-8] DEBUG org.asynchttpclient.netty.handler.HttpHandler - 

Request DefaultHttpRequest(decodeResult: success, version: HTTP/1.1)
POST /session/4a9ec05f91c433b119bf7877b228a208/element HTTP/1.1
User-Agent: selenium/4.1.2 (java windows)
Content-Length: 165
Content-Type: application/json; charset=utf-8
host: localhost:64351
accept: */*

Response DefaultHttpResponse(decodeResult: success, version: HTTP/1.1)
HTTP/1.1 200 OK
Content-Type: application/json; charset=utf-8
cache-control: no-cache
content-length: 88

09:47:40.055 [AsyncHttpClient-1-8] DEBUG org.asynchttpclient.netty.channel.ChannelManager - Adding key: http://localhost:64351 for channel [id: 0x672243db, L:/127.0.0.1:63215 - R:localhost/127.0.0.1:64351]
09:47:40.056 [Forwarding getElementTagName on session 4a9ec05f91c433b119bf7877b228a208 to remote] DEBUG org.asynchttpclient.netty.request.NettyRequestSender - Using pooled Channel '[id: 0x672243db, L:/127.0.0.1:63215 - R:localhost/127.0.0.1:64351]' for 'GET' to 'http://localhost:64351/session/4a9ec05f91c433b119bf7877b228a208/element/2731f1ec-aece-49a7-9be8-7d63e56923a5/name'
09:47:40.056 [Forwarding getElementTagName on session 4a9ec05f91c433b119bf7877b228a208 to remote] DEBUG org.asynchttpclient.netty.request.NettyRequestSender - Using open Channel [id: 0x672243db, L:/127.0.0.1:63215 - R:localhost/127.0.0.1:64351] for GET '/session/4a9ec05f91c433b119bf7877b228a208/element/2731f1ec-aece-49a7-9be8-7d63e56923a5/name'
09:47:40.065 [AsyncHttpClient-1-8] DEBUG org.asynchttpclient.netty.handler.HttpHandler - 

Request DefaultFullHttpRequest(decodeResult: success, version: HTTP/1.1, content: EmptyByteBufBE)
GET /session/4a9ec05f91c433b119bf7877b228a208/element/2731f1ec-aece-49a7-9be8-7d63e56923a5/name HTTP/1.1
User-Agent: selenium/4.1.2 (java windows)
Cache-Control: no-cache
Content-Type: application/json; charset=utf-8
host: localhost:64351
accept: */*

Response DefaultHttpResponse(decodeResult: success, version: HTTP/1.1)
HTTP/1.1 200 OK
Content-Type: application/json; charset=utf-8
cache-control: no-cache
content-length: 18

09:47:40.065 [AsyncHttpClient-1-8] DEBUG org.asynchttpclient.netty.channel.ChannelManager - Adding key: http://localhost:64351 for channel [id: 0x672243db, L:/127.0.0.1:63215 - R:localhost/127.0.0.1:64351]
09:47:40.067 [Forwarding getElementTagName on session 4a9ec05f91c433b119bf7877b228a208 to remote] DEBUG org.asynchttpclient.netty.request.NettyRequestSender - Using pooled Channel '[id: 0x672243db, L:/127.0.0.1:63215 - R:localhost/127.0.0.1:64351]' for 'GET' to 'http://localhost:64351/session/4a9ec05f91c433b119bf7877b228a208/element/2731f1ec-aece-49a7-9be8-7d63e56923a5/name'
09:47:40.067 [Forwarding getElementTagName on session 4a9ec05f91c433b119bf7877b228a208 to remote] DEBUG org.asynchttpclient.netty.request.NettyRequestSender - Using open Channel [id: 0x672243db, L:/127.0.0.1:63215 - R:localhost/127.0.0.1:64351] for GET '/session/4a9ec05f91c433b119bf7877b228a208/element/2731f1ec-aece-49a7-9be8-7d63e56923a5/name'
09:47:40.071 [AsyncHttpClient-1-8] DEBUG org.asynchttpclient.netty.handler.HttpHandler - 

Request DefaultFullHttpRequest(decodeResult: success, version: HTTP/1.1, content: EmptyByteBufBE)
GET /session/4a9ec05f91c433b119bf7877b228a208/element/2731f1ec-aece-49a7-9be8-7d63e56923a5/name HTTP/1.1
User-Agent: selenium/4.1.2 (java windows)
Cache-Control: no-cache
Content-Type: application/json; charset=utf-8
host: localhost:64351
accept: */*

Response DefaultHttpResponse(decodeResult: success, version: HTTP/1.1)
HTTP/1.1 200 OK
Content-Type: application/json; charset=utf-8
cache-control: no-cache
content-length: 18

09:47:40.071 [AsyncHttpClient-1-8] DEBUG org.asynchttpclient.netty.channel.ChannelManager - Adding key: http://localhost:64351 for channel [id: 0x672243db, L:/127.0.0.1:63215 - R:localhost/127.0.0.1:64351]
09:47:40.072 [Forwarding isElementEnabled on session 4a9ec05f91c433b119bf7877b228a208 to remote] DEBUG org.asynchttpclient.netty.request.NettyRequestSender - Using pooled Channel '[id: 0x672243db, L:/127.0.0.1:63215 - R:localhost/127.0.0.1:64351]' for 'GET' to 'http://localhost:64351/session/4a9ec05f91c433b119bf7877b228a208/element/2731f1ec-aece-49a7-9be8-7d63e56923a5/enabled'
09:47:40.072 [Forwarding isElementEnabled on session 4a9ec05f91c433b119bf7877b228a208 to remote] DEBUG org.asynchttpclient.netty.request.NettyRequestSender - Using open Channel [id: 0x672243db, L:/127.0.0.1:63215 - R:localhost/127.0.0.1:64351] for GET '/session/4a9ec05f91c433b119bf7877b228a208/element/2731f1ec-aece-49a7-9be8-7d63e56923a5/enabled'
09:47:40.085 [AsyncHttpClient-1-8] DEBUG org.asynchttpclient.netty.handler.HttpHandler - 

Request DefaultFullHttpRequest(decodeResult: success, version: HTTP/1.1, content: EmptyByteBufBE)
GET /session/4a9ec05f91c433b119bf7877b228a208/element/2731f1ec-aece-49a7-9be8-7d63e56923a5/enabled HTTP/1.1
User-Agent: selenium/4.1.2 (java windows)
Cache-Control: no-cache
Content-Type: application/json; charset=utf-8
host: localhost:64351
accept: */*

Response DefaultHttpResponse(decodeResult: success, version: HTTP/1.1)
HTTP/1.1 200 OK
Content-Type: application/json; charset=utf-8
cache-control: no-cache
content-length: 14

09:47:40.085 [AsyncHttpClient-1-8] DEBUG org.asynchttpclient.netty.channel.ChannelManager - Adding key: http://localhost:64351 for channel [id: 0x672243db, L:/127.0.0.1:63215 - R:localhost/127.0.0.1:64351]
09:47:40.087 [Forwarding isElementEnabled on session 4a9ec05f91c433b119bf7877b228a208 to remote] DEBUG org.asynchttpclient.netty.request.NettyRequestSender - Using pooled Channel '[id: 0x672243db, L:/127.0.0.1:63215 - R:localhost/127.0.0.1:64351]' for 'GET' to 'http://localhost:64351/session/4a9ec05f91c433b119bf7877b228a208/element/2731f1ec-aece-49a7-9be8-7d63e56923a5/enabled'
09:47:40.087 [Forwarding isElementEnabled on session 4a9ec05f91c433b119bf7877b228a208 to remote] DEBUG org.asynchttpclient.netty.request.NettyRequestSender - Using open Channel [id: 0x672243db, L:/127.0.0.1:63215 - R:localhost/127.0.0.1:64351] for GET '/session/4a9ec05f91c433b119bf7877b228a208/element/2731f1ec-aece-49a7-9be8-7d63e56923a5/enabled'
09:47:40.093 [AsyncHttpClient-1-8] DEBUG org.asynchttpclient.netty.handler.HttpHandler - 

Request DefaultFullHttpRequest(decodeResult: success, version: HTTP/1.1, content: EmptyByteBufBE)
GET /session/4a9ec05f91c433b119bf7877b228a208/element/2731f1ec-aece-49a7-9be8-7d63e56923a5/enabled HTTP/1.1
User-Agent: selenium/4.1.2 (java windows)
Cache-Control: no-cache
Content-Type: application/json; charset=utf-8
host: localhost:64351
accept: */*

Response DefaultHttpResponse(decodeResult: success, version: HTTP/1.1)
HTTP/1.1 200 OK
Content-Type: application/json; charset=utf-8
cache-control: no-cache
content-length: 14

09:47:40.094 [AsyncHttpClient-1-8] DEBUG org.asynchttpclient.netty.channel.ChannelManager - Adding key: http://localhost:64351 for channel [id: 0x672243db, L:/127.0.0.1:63215 - R:localhost/127.0.0.1:64351]
09:47:40.098 [Forwarding findElement on session 4a9ec05f91c433b119bf7877b228a208 to remote] DEBUG org.asynchttpclient.netty.request.NettyRequestSender - Using pooled Channel '[id: 0x672243db, L:/127.0.0.1:63215 - R:localhost/127.0.0.1:64351]' for 'POST' to 'http://localhost:64351/session/4a9ec05f91c433b119bf7877b228a208/element'
09:47:40.098 [Forwarding findElement on session 4a9ec05f91c433b119bf7877b228a208 to remote] DEBUG org.asynchttpclient.netty.request.NettyRequestSender - Using open Channel [id: 0x672243db, L:/127.0.0.1:63215 - R:localhost/127.0.0.1:64351] for POST '/session/4a9ec05f91c433b119bf7877b228a208/element'
09:47:40.109 [AsyncHttpClient-1-8] DEBUG org.asynchttpclient.netty.handler.HttpHandler - 

Request DefaultHttpRequest(decodeResult: success, version: HTTP/1.1)
POST /session/4a9ec05f91c433b119bf7877b228a208/element HTTP/1.1
User-Agent: selenium/4.1.2 (java windows)
Content-Length: 165
Content-Type: application/json; charset=utf-8
host: localhost:64351
accept: */*

Response DefaultHttpResponse(decodeResult: success, version: HTTP/1.1)
HTTP/1.1 200 OK
Content-Type: application/json; charset=utf-8
cache-control: no-cache
content-length: 88

09:47:40.111 [AsyncHttpClient-1-8] DEBUG org.asynchttpclient.netty.channel.ChannelManager - Adding key: http://localhost:64351 for channel [id: 0x672243db, L:/127.0.0.1:63215 - R:localhost/127.0.0.1:64351]
09:47:40.113 [Forwarding clickElement on session 4a9ec05f91c433b119bf7877b228a208 to remote] DEBUG org.asynchttpclient.netty.request.NettyRequestSender - Using pooled Channel '[id: 0x672243db, L:/127.0.0.1:63215 - R:localhost/127.0.0.1:64351]' for 'POST' to 'http://localhost:64351/session/4a9ec05f91c433b119bf7877b228a208/element/2731f1ec-aece-49a7-9be8-7d63e56923a5/click'
09:47:40.113 [Forwarding clickElement on session 4a9ec05f91c433b119bf7877b228a208 to remote] DEBUG org.asynchttpclient.netty.request.NettyRequestSender - Using open Channel [id: 0x672243db, L:/127.0.0.1:63215 - R:localhost/127.0.0.1:64351] for POST '/session/4a9ec05f91c433b119bf7877b228a208/element/2731f1ec-aece-49a7-9be8-7d63e56923a5/click'
09:47:40.199 [AsyncHttpClient-1-8] DEBUG org.asynchttpclient.netty.handler.HttpHandler - 

Request DefaultHttpRequest(decodeResult: success, version: HTTP/1.1)
POST /session/4a9ec05f91c433b119bf7877b228a208/element/2731f1ec-aece-49a7-9be8-7d63e56923a5/click HTTP/1.1
User-Agent: selenium/4.1.2 (java windows)
Content-Length: 50
Content-Type: application/json; charset=utf-8
host: localhost:64351
accept: */*

Response DefaultHttpResponse(decodeResult: success, version: HTTP/1.1)
HTTP/1.1 200 OK
Content-Type: application/json; charset=utf-8
cache-control: no-cache
content-length: 14

09:47:40.199 [AsyncHttpClient-1-8] DEBUG org.asynchttpclient.netty.channel.ChannelManager - Adding key: http://localhost:64351 for channel [id: 0x672243db, L:/127.0.0.1:63215 - R:localhost/127.0.0.1:64351]
  &amp#27;[32mAnd &amp#27;[0m&amp#27;[32mI click X button&amp#27;[0m                 &amp#27;[90m# starter.stepdefinitions.ManageVaccinationBookingsSteps.iClickXButton()&amp#27;[0m
09:47:40.207 [Forwarding screenshot on session 4a9ec05f91c433b119bf7877b228a208 to remote] DEBUG org.asynchttpclient.netty.request.NettyRequestSender - Using pooled Channel '[id: 0x672243db, L:/127.0.0.1:63215 - R:localhost/127.0.0.1:64351]' for 'GET' to 'http://localhost:64351/session/4a9ec05f91c433b119bf7877b228a208/screenshot'
09:47:40.207 [Forwarding screenshot on session 4a9ec05f91c433b119bf7877b228a208 to remote] DEBUG org.asynchttpclient.netty.request.NettyRequestSender - Using open Channel [id: 0x672243db, L:/127.0.0.1:63215 - R:localhost/127.0.0.1:64351] for GET '/session/4a9ec05f91c433b119bf7877b228a208/screenshot'
09:47:40.564 [AsyncHttpClient-1-8] DEBUG org.asynchttpclient.netty.handler.HttpHandler - 

Request DefaultFullHttpRequest(decodeResult: success, version: HTTP/1.1, content: EmptyByteBufBE)
GET /session/4a9ec05f91c433b119bf7877b228a208/screenshot HTTP/1.1
User-Agent: selenium/4.1.2 (java windows)
Cache-Control: no-cache
Content-Type: application/json; charset=utf-8
host: localhost:64351
accept: */*

Response DefaultHttpResponse(decodeResult: success, version: HTTP/1.1)
HTTP/1.1 200 OK
Content-Type: application/json; charset=utf-8
cache-control: no-cache
content-length: 194732

09:47:40.565 [AsyncHttpClient-1-8] DEBUG org.asynchttpclient.netty.channel.ChannelManager - Adding key: http://localhost:64351 for channel [id: 0x672243db, L:/127.0.0.1:63215 - R:localhost/127.0.0.1:64351]
09:47:40.571 [main] DEBUG net.serenitybdd.core.photography.Darkroom - Send negative for processing for target\site\serenity\f876b336950cac57b7be97418b2ae4865e369698a9fae19fc8c4c3046e05a61b.png
09:47:40.571 [Darkroom Processing Line] DEBUG net.serenitybdd.core.photography.DarkroomProcessingLine - Processing screenshot image in /var/screenshots/screenshot-13204070643454127373
09:47:40.571 [Darkroom Processing Line] DEBUG net.serenitybdd.core.photography.DarkroomProcessingLine - Saving screenshot to target\site\serenity\f876b336950cac57b7be97418b2ae4865e369698a9fae19fc8c4c3046e05a61b.png
09:47:40.585 [Forwarding findElement on session 4a9ec05f91c433b119bf7877b228a208 to remote] DEBUG org.asynchttpclient.netty.request.NettyRequestSender - Using pooled Channel '[id: 0x672243db, L:/127.0.0.1:63215 - R:localhost/127.0.0.1:64351]' for 'POST' to 'http://localhost:64351/session/4a9ec05f91c433b119bf7877b228a208/element'
09:47:40.585 [Forwarding findElement on session 4a9ec05f91c433b119bf7877b228a208 to remote] DEBUG org.asynchttpclient.netty.request.NettyRequestSender - Using open Channel [id: 0x672243db, L:/127.0.0.1:63215 - R:localhost/127.0.0.1:64351] for POST '/session/4a9ec05f91c433b119bf7877b228a208/element'
09:47:40.601 [AsyncHttpClient-1-8] DEBUG org.asynchttpclient.netty.handler.HttpHandler - 

Request DefaultHttpRequest(decodeResult: success, version: HTTP/1.1)
POST /session/4a9ec05f91c433b119bf7877b228a208/element HTTP/1.1
User-Agent: selenium/4.1.2 (java windows)
Content-Length: 169
Content-Type: application/json; charset=utf-8
host: localhost:64351
accept: */*

Response DefaultHttpResponse(decodeResult: success, version: HTTP/1.1)
HTTP/1.1 200 OK
Content-Type: application/json; charset=utf-8
cache-control: no-cache
content-length: 88

09:47:40.602 [AsyncHttpClient-1-8] DEBUG org.asynchttpclient.netty.channel.ChannelManager - Adding key: http://localhost:64351 for channel [id: 0x672243db, L:/127.0.0.1:63215 - R:localhost/127.0.0.1:64351]
09:47:40.607 [Forwarding isElementDisplayed on session 4a9ec05f91c433b119bf7877b228a208 to remote] DEBUG org.asynchttpclient.netty.request.NettyRequestSender - Using pooled Channel '[id: 0x672243db, L:/127.0.0.1:63215 - R:localhost/127.0.0.1:64351]' for 'POST' to 'http://localhost:64351/session/4a9ec05f91c433b119bf7877b228a208/execute/sync'
09:47:40.607 [Forwarding isElementDisplayed on session 4a9ec05f91c433b119bf7877b228a208 to remote] DEBUG org.asynchttpclient.netty.request.NettyRequestSender - Using open Channel [id: 0x672243db, L:/127.0.0.1:63215 - R:localhost/127.0.0.1:64351] for POST '/session/4a9ec05f91c433b119bf7877b228a208/execute/sync'
09:47:40.627 [AsyncHttpClient-1-8] DEBUG org.asynchttpclient.netty.handler.HttpHandler - 

Request DefaultHttpRequest(decodeResult: success, version: HTTP/1.1)
POST /session/4a9ec05f91c433b119bf7877b228a208/execute/sync HTTP/1.1
User-Agent: selenium/4.1.2 (java windows)
Content-Length: 48780
Content-Type: application/json; charset=utf-8
host: localhost:64351
accept: */*

Response DefaultHttpResponse(decodeResult: success, version: HTTP/1.1)
HTTP/1.1 200 OK
Content-Type: application/json; charset=utf-8
cache-control: no-cache
content-length: 14

09:47:40.627 [AsyncHttpClient-1-8] DEBUG org.asynchttpclient.netty.channel.ChannelManager - Adding key: http://localhost:64351 for channel [id: 0x672243db, L:/127.0.0.1:63215 - R:localhost/127.0.0.1:64351]
  &amp#27;[32mThen &amp#27;[0m&amp#27;[32mthe booking will be rejected&amp#27;[0m    &amp#27;[90m# starter.stepdefinitions.ManageVaccinationBookingsSteps.theBookingWillBeRejected()&amp#27;[0m
09:47:40.636 [Forwarding screenshot on session 4a9ec05f91c433b119bf7877b228a208 to remote] DEBUG org.asynchttpclient.netty.request.NettyRequestSender - Using pooled Channel '[id: 0x672243db, L:/127.0.0.1:63215 - R:localhost/127.0.0.1:64351]' for 'GET' to 'http://localhost:64351/session/4a9ec05f91c433b119bf7877b228a208/screenshot'
09:47:40.636 [Forwarding screenshot on session 4a9ec05f91c433b119bf7877b228a208 to remote] DEBUG org.asynchttpclient.netty.request.NettyRequestSender - Using open Channel [id: 0x672243db, L:/127.0.0.1:63215 - R:localhost/127.0.0.1:64351] for GET '/session/4a9ec05f91c433b119bf7877b228a208/screenshot'
09:47:40.792 [AsyncHttpClient-1-1] DEBUG org.asynchttpclient.netty.channel.DefaultChannelPool - Entry count for : http://localhost:63216 : 1
09:47:40.864 [AsyncHttpClient-1-8] DEBUG org.asynchttpclient.netty.handler.HttpHandler - 

Request DefaultFullHttpRequest(decodeResult: success, version: HTTP/1.1, content: EmptyByteBufBE)
GET /session/4a9ec05f91c433b119bf7877b228a208/screenshot HTTP/1.1
User-Agent: selenium/4.1.2 (java windows)
Cache-Control: no-cache
Content-Type: application/json; charset=utf-8
host: localhost:64351
accept: */*

Response DefaultHttpResponse(decodeResult: success, version: HTTP/1.1)
HTTP/1.1 200 OK
Content-Type: application/json; charset=utf-8
cache-control: no-cache
content-length: 200252

09:47:40.866 [AsyncHttpClient-1-8] DEBUG org.asynchttpclient.netty.channel.ChannelManager - Adding key: http://localhost:64351 for channel [id: 0x672243db, L:/127.0.0.1:63215 - R:localhost/127.0.0.1:64351]
09:47:40.872 [main] DEBUG net.serenitybdd.core.photography.Darkroom - Send negative for processing for target\site\serenity\14cb014099b1e260f0267adaa648ce9388c643e057c978c257a7724343ba81c4.png
09:47:40.872 [Darkroom Processing Line] DEBUG net.serenitybdd.core.photography.DarkroomProcessingLine - Processing screenshot image in /var/screenshots/screenshot-6880421595622393782
09:47:40.872 [Darkroom Processing Line] DEBUG net.serenitybdd.core.photography.DarkroomProcessingLine - Saving screenshot to target\site\serenity\14cb014099b1e260f0267adaa648ce9388c643e057c978c257a7724343ba81c4.png
09:47:40.874 [main] INFO  - 
  _____   ___   ___   _____     ___     _     ___   ___   ___   ___  
 |_   _| | __| / __| |_   _|   | _ \   /_\   / __| / __| | __| |   \ 
   | |   | _|  \__ \   | |     |  _/  / _ \  \__ \ \__ \ | _|  | |) |
   |_|   |___| |___/   |_|     |_|   /_/ \_\ |___/ |___/ |___| |___/ 

Reject a vaccination booking
----------------------------------------------------------------------
09:47:40.877 [AsyncHttpClient-1-10] DEBUG org.asynchttpclient.netty.handler.WebSocketHandler - Channel Closed: [id: 0x6204818f, L:/127.0.0.1:63223 ! R:localhost/127.0.0.1:63216] with attribute NettyResponseFuture{currentRetry=5,
	isDone=1,
	isCancelled=0,
	asyncHandler=org.asynchttpclient.ws.WebSocketUpgradeHandler@3f6c1c6d,
	nettyRequest=org.asynchttpclient.netty.request.NettyRequest@7a6e85e4,
	future=java.util.concurrent.CompletableFuture@6cd4292b[Completed normally],
	uri=ws://localhost:63216/devtools/browser/cb791114-4ce5-4ebf-bb21-17e04863c53f,
	keepAlive=true,
	redirectCount=0,
	timeoutsHolder=null,
	inAuth=0,
	touch=1671677255003}
09:47:40.877 [AsyncHttpClient-1-10] DEBUG org.asynchttpclient.netty.channel.ChannelManager - Closing Channel [id: 0x6204818f, L:/127.0.0.1:63223 ! R:localhost/127.0.0.1:63216] 
09:47:40.878 [Driver Command Executor] DEBUG org.asynchttpclient.netty.request.NettyRequestSender - Using pooled Channel '[id: 0x672243db, L:/127.0.0.1:63215 - R:localhost/127.0.0.1:64351]' for 'DELETE' to 'http://localhost:64351/session/4a9ec05f91c433b119bf7877b228a208'
09:47:40.878 [Driver Command Executor] DEBUG org.asynchttpclient.netty.request.NettyRequestSender - Using open Channel [id: 0x672243db, L:/127.0.0.1:63215 - R:localhost/127.0.0.1:64351] for DELETE '/session/4a9ec05f91c433b119bf7877b228a208'
09:47:40.907 [AsyncHttpClient-1-9] DEBUG org.asynchttpclient.netty.handler.HttpHandler - Unexpected I/O exception on channel [id: 0xb873d861, L:/127.0.0.1:63222 - R:localhost/127.0.0.1:63216]
java.io.IOException: An existing connection was forcibly closed by the remote host
	at java.base/sun.nio.ch.SocketDispatcher.read0(Native Method)
	at java.base/sun.nio.ch.SocketDispatcher.read(SocketDispatcher.java:43)
	at java.base/sun.nio.ch.IOUtil.readIntoNativeBuffer(IOUtil.java:276)
	at java.base/sun.nio.ch.IOUtil.read(IOUtil.java:233)
	at java.base/sun.nio.ch.IOUtil.read(IOUtil.java:223)
	at java.base/sun.nio.ch.SocketChannelImpl.read(SocketChannelImpl.java:358)
	at io.netty.buffer.PooledByteBuf.setBytes(PooledByteBuf.java:258)
	at io.netty.buffer.AbstractByteBuf.writeBytes(AbstractByteBuf.java:1132)
	at io.netty.channel.socket.nio.NioSocketChannel.doReadBytes(NioSocketChannel.java:350)
	at io.netty.channel.nio.AbstractNioByteChannel$NioByteUnsafe.read(AbstractNioByteChannel.java:151)
	at io.netty.channel.nio.NioEventLoop.processSelectedKey(NioEventLoop.java:722)
	at io.netty.channel.nio.NioEventLoop.processSelectedKeysOptimized(NioEventLoop.java:658)
	at io.netty.channel.nio.NioEventLoop.processSelectedKeys(NioEventLoop.java:584)
	at io.netty.channel.nio.NioEventLoop.run(NioEventLoop.java:496)
	at io.netty.util.concurrent.SingleThreadEventExecutor$4.run(SingleThreadEventExecutor.java:986)
	at io.netty.util.internal.ThreadExecutorMap$2.run(ThreadExecutorMap.java:74)
	at io.netty.util.concurrent.FastThreadLocalRunnable.run(FastThreadLocalRunnable.java:30)
	at java.base/java.lang.Thread.run(Thread.java:834)
09:47:40.907 [AsyncHttpClient-1-9] DEBUG org.asynchttpclient.netty.channel.ChannelManager - Closing Channel [id: 0xb873d861, L:/127.0.0.1:63222 - R:localhost/127.0.0.1:63216] 
09:47:40.907 [AsyncHttpClient-1-9] DEBUG org.asynchttpclient.netty.handler.HttpHandler - Channel Closed: [id: 0xb873d861, L:/127.0.0.1:63222 ! R:localhost/127.0.0.1:63216] with attribute DISCARD
09:47:40.931 [AsyncHttpClient-1-8] DEBUG org.asynchttpclient.netty.handler.HttpHandler - 

Request DefaultFullHttpRequest(decodeResult: success, version: HTTP/1.1, content: EmptyByteBufBE)
DELETE /session/4a9ec05f91c433b119bf7877b228a208 HTTP/1.1
User-Agent: selenium/4.1.2 (java windows)
Content-Type: application/json; charset=utf-8
host: localhost:64351
accept: */*

Response DefaultHttpResponse(decodeResult: success, version: HTTP/1.1)
HTTP/1.1 200 OK
Content-Type: application/json; charset=utf-8
cache-control: no-cache
content-length: 14

09:47:40.932 [AsyncHttpClient-1-8] DEBUG org.asynchttpclient.netty.channel.ChannelManager - Adding key: http://localhost:64351 for channel [id: 0x672243db, L:/127.0.0.1:63215 - R:localhost/127.0.0.1:64351]
09:47:41.008 [AsyncHttpClient-1-8] DEBUG org.asynchttpclient.netty.handler.HttpHandler - Channel Closed: [id: 0x672243db, L:/127.0.0.1:63215 ! R:localhost/127.0.0.1:64351] with attribute DISCARD
]]></system-out>
    <system-err><![CDATA[Starting ChromeDriver 108.0.5359.71 (1e0e3868ee06e91ad636a874420e3ca3ae3756ac-refs/branch-heads/5359@{#1016}) on port 64351
Only local connections are allowed.
Please see https://chromedriver.chromium.org/security-considerations for suggestions on keeping ChromeDriver safe.
ChromeDriver was started successfully.
Dec 22, 2022 9:47:34 AM org.openqa.selenium.remote.ProtocolHandshake createSession
INFO: Detected dialect: W3C
Dec 22, 2022 9:47:35 AM org.openqa.selenium.devtools.CdpVersionFinder findNearestMatch
WARNING: Unable to find an exact match for CDP version 108, so returning the closest version found: a no-op implementation
Dec 22, 2022 9:47:35 AM org.openqa.selenium.devtools.CdpVersionFinder findNearestMatch
INFO: Unable to find CDP implementation matching 108.
Dec 22, 2022 9:47:35 AM org.openqa.selenium.chromium.ChromiumDriver lambda$new$3
WARNING: Unable to find version of CDP to use for . You may need to include a dependency on a specific version of the CDP using something similar to `org.seleniumhq.selenium:selenium-devtools-v86:4.1.2` where the version ("v86") matches the version of the chromium-based browser you're using and the version number of the artifact is the same as Selenium's.
]]></system-err>
  </testcase>
  <testcase name="Reject all vaccination bookings" classname="Manage vaccination bookings" time="8.824">
    <system-out><![CDATA[
Scenario: Reject all vaccination bookings &amp#27;[90m# src/test/resources/features/ManageVaccinationBookings.feature:31&amp#27;[0m
09:47:41.116 [main] INFO io.cucumber.core.plugin.SerenityReporter - Running feature from file:///C:/Users/ASUSTUF/OneDrive/Documents/Capstone%20Project/Web%20Automation/src/test/resources/features/ManageVaccinationBookings.feature
09:47:41.123 [main] INFO  - 
  _____   ___   ___   _____     ___   _____     _     ___   _____   ___   ___  
 |_   _| | __| / __| |_   _|   / __| |_   _|   /_\   | _ \ |_   _| | __| |   \ 
   | |   | _|  \__ \   | |     \__ \   | |    / _ \  |   /   | |   | _|  | |) |
   |_|   |___| |___/   |_|     |___/   |_|   /_/ \_\ |_|_\   |_|   |___| |___/ 

Reject all vaccination bookings(manage-vaccination-bookings;reject-all-vaccination-bookings)
--------------------------------------------------------------------------------
09:47:41.149 [main] INFO net.serenitybdd.core.webdriver.driverproviders.ChromeDriverProvider - Using automatically driver download
09:47:41.309 [main] DEBUG io.github.bonigarcia.wdm.cache.ResolutionCache - Resolution chrome=108 in cache (valid until 10:47:07 22/12/2022 ICT)
09:47:41.314 [main] DEBUG io.github.bonigarcia.wdm.cache.ResolutionCache - Resolution chrome108=108.0.5359.71 in cache (valid until 13:40:45 22/12/2022 ICT)
09:47:41.315 [main] INFO io.github.bonigarcia.wdm.WebDriverManager - Using chromedriver 108.0.5359.71 (resolved driver for Chrome 108)
09:47:41.327 [main] DEBUG io.github.bonigarcia.wdm.WebDriverManager - Driver chromedriver 108.0.5359.71 found in cache
09:47:41.328 [main] INFO io.github.bonigarcia.wdm.WebDriverManager - Exporting webdriver.chrome.driver as C:\Users\ASUSTUF\.cache\selenium\chromedriver\win32\108.0.5359.71\chromedriver.exe
09:47:41.473 [main] DEBUG net.serenitybdd.core.webdriver.driverproviders.ProvideNewDriver - Instantiating driver
09:47:41.473 [main] DEBUG net.serenitybdd.core.webdriver.driverproviders.ProvideNewDriver - Driver capabilities: Capabilities {acceptInsecureCerts: false, base.url: https://vaksin-id.netlify.app/, browserName: chrome, chrome.driver: src/test/resources/webdrive..., driver: chrome, goog:chromeOptions: {args: [], extensions: []}}
09:47:41.868 [AsyncHttpClient-1-11] DEBUG org.asynchttpclient.netty.channel.NettyConnectListener - Using new Channel '[id: 0x42c6fb4b, L:/127.0.0.1:63243 - R:localhost/127.0.0.1:59473]' for 'POST' to '/session'
09:47:41.887 [AsyncHttpClient-1-1] DEBUG org.asynchttpclient.netty.channel.DefaultChannelPool - Entry count for : http://localhost:64351 : 1
09:47:41.887 [AsyncHttpClient-1-1] DEBUG org.asynchttpclient.netty.channel.DefaultChannelPool - Entry count for : http://localhost:63216 : 1
09:47:41.887 [AsyncHttpClient-1-1] DEBUG org.asynchttpclient.netty.channel.DefaultChannelPool - Adding Candidate expired Channel [id: 0x672243db, L:/127.0.0.1:63215 ! R:localhost/127.0.0.1:64351] isIdleTimeoutExpired=false isRemotelyClosed=true isTtlExpired=false
09:47:41.887 [AsyncHttpClient-1-1] DEBUG org.asynchttpclient.netty.channel.DefaultChannelPool - Closing Idle Channel [id: 0x672243db, L:/127.0.0.1:63215 ! R:localhost/127.0.0.1:64351]
09:47:41.887 [AsyncHttpClient-1-1] DEBUG org.asynchttpclient.netty.channel.DefaultChannelPool - Adding Candidate expired Channel [id: 0xb873d861, L:/127.0.0.1:63222 ! R:localhost/127.0.0.1:63216] isIdleTimeoutExpired=false isRemotelyClosed=true isTtlExpired=false
09:47:41.887 [AsyncHttpClient-1-1] DEBUG org.asynchttpclient.netty.channel.DefaultChannelPool - Closing Idle Channel [id: 0xb873d861, L:/127.0.0.1:63222 ! R:localhost/127.0.0.1:63216]
09:47:41.887 [AsyncHttpClient-1-1] DEBUG org.asynchttpclient.netty.channel.DefaultChannelPool - Closed 2 connections out of 2 in 0 ms
09:47:42.735 [AsyncHttpClient-1-11] DEBUG org.asynchttpclient.netty.handler.HttpHandler - 

Request DefaultHttpRequest(decodeResult: success, version: HTTP/1.1)
POST /session HTTP/1.1
User-Agent: selenium/4.1.2 (java windows)
Content-Length: 616
Content-Type: application/json; charset=utf-8
host: localhost:59473
accept: */*

Response DefaultHttpResponse(decodeResult: success, version: HTTP/1.1)
HTTP/1.1 200 OK
Content-Type: application/json; charset=utf-8
cache-control: no-cache
content-length: 793

09:47:42.736 [AsyncHttpClient-1-11] DEBUG org.asynchttpclient.netty.channel.ChannelManager - Adding key: http://localhost:59473 for channel [id: 0x42c6fb4b, L:/127.0.0.1:63243 - R:localhost/127.0.0.1:59473]
09:47:42.759 [AsyncHttpClient-1-12] DEBUG org.asynchttpclient.netty.channel.NettyConnectListener - Using new Channel '[id: 0x55a89fc3, L:/127.0.0.1:63251 - R:localhost/127.0.0.1:63245]' for 'GET' to '/json/version'
09:47:42.772 [AsyncHttpClient-1-12] DEBUG org.asynchttpclient.netty.handler.HttpHandler - 

Request DefaultFullHttpRequest(decodeResult: success, version: HTTP/1.1, content: EmptyByteBufBE)
GET /json/version HTTP/1.1
User-Agent: selenium/4.1.2 (java windows)
host: localhost:63245
accept: */*

Response DefaultHttpResponse(decodeResult: success, version: HTTP/1.1)
HTTP/1.1 200 OK
Content-Type: application/json; charset=UTF-8
content-length: 424

09:47:42.772 [AsyncHttpClient-1-12] DEBUG org.asynchttpclient.netty.channel.ChannelManager - Adding key: http://localhost:63245 for channel [id: 0x55a89fc3, L:/127.0.0.1:63251 - R:localhost/127.0.0.1:63245]
09:47:42.782 [AsyncHttpClient-1-13] DEBUG org.asynchttpclient.netty.channel.NettyConnectListener - Using new Channel '[id: 0xc784a523, L:/127.0.0.1:63252 - R:localhost/127.0.0.1:63245]' for 'GET' to '/devtools/browser/3769811f-a581-4d3d-b18e-1722ea85717f'
09:47:42.800 [AsyncHttpClient-1-13] DEBUG org.asynchttpclient.netty.handler.WebSocketHandler - 

Request DefaultFullHttpRequest(decodeResult: success, version: HTTP/1.1, content: EmptyByteBufBE)
GET /devtools/browser/3769811f-a581-4d3d-b18e-1722ea85717f HTTP/1.1
upgrade: websocket
connection: upgrade
sec-websocket-key: pd7+RUnh6/w5IRuSGi2RLw==
sec-websocket-version: 13
origin: http://localhost:63245
host: localhost:63245
accept: */*
user-agent: AHC/2.1

Response DefaultHttpResponse(decodeResult: success, version: HTTP/1.1)
HTTP/1.1 101 WebSocket Protocol Handshake
Upgrade: WebSocket
Connection: Upgrade
Sec-WebSocket-Accept: VTWDhdpSdK62xEF4GrKRtuc+XCM=

09:47:42.815 [Forwarding get on session 69847854a598147b8497e163aaf19547 to remote] DEBUG org.asynchttpclient.netty.request.NettyRequestSender - Using pooled Channel '[id: 0x42c6fb4b, L:/127.0.0.1:63243 - R:localhost/127.0.0.1:59473]' for 'POST' to 'http://localhost:59473/session/69847854a598147b8497e163aaf19547/url'
09:47:42.815 [Forwarding get on session 69847854a598147b8497e163aaf19547 to remote] DEBUG org.asynchttpclient.netty.request.NettyRequestSender - Using open Channel [id: 0x42c6fb4b, L:/127.0.0.1:63243 - R:localhost/127.0.0.1:59473] for POST '/session/69847854a598147b8497e163aaf19547/url'
09:47:42.983 [AsyncHttpClient-1-1] DEBUG org.asynchttpclient.netty.channel.DefaultChannelPool - Entry count for : http://localhost:63245 : 1
09:47:44.083 [AsyncHttpClient-1-1] DEBUG org.asynchttpclient.netty.channel.DefaultChannelPool - Entry count for : http://localhost:63245 : 1
09:47:44.273 [AsyncHttpClient-1-11] DEBUG org.asynchttpclient.netty.handler.HttpHandler - 

Request DefaultHttpRequest(decodeResult: success, version: HTTP/1.1)
POST /session/69847854a598147b8497e163aaf19547/url HTTP/1.1
User-Agent: selenium/4.1.2 (java windows)
Content-Length: 60
Content-Type: application/json; charset=utf-8
host: localhost:59473
accept: */*

Response DefaultHttpResponse(decodeResult: success, version: HTTP/1.1)
HTTP/1.1 200 OK
Content-Type: application/json; charset=utf-8
cache-control: no-cache
content-length: 14

09:47:44.273 [AsyncHttpClient-1-11] DEBUG org.asynchttpclient.netty.channel.ChannelManager - Adding key: http://localhost:59473 for channel [id: 0x42c6fb4b, L:/127.0.0.1:63243 - R:localhost/127.0.0.1:59473]
09:47:44.275 [Forwarding setTimeout on session 69847854a598147b8497e163aaf19547 to remote] DEBUG org.asynchttpclient.netty.request.NettyRequestSender - Using pooled Channel '[id: 0x42c6fb4b, L:/127.0.0.1:63243 - R:localhost/127.0.0.1:59473]' for 'POST' to 'http://localhost:59473/session/69847854a598147b8497e163aaf19547/timeouts'
09:47:44.275 [Forwarding setTimeout on session 69847854a598147b8497e163aaf19547 to remote] DEBUG org.asynchttpclient.netty.request.NettyRequestSender - Using open Channel [id: 0x42c6fb4b, L:/127.0.0.1:63243 - R:localhost/127.0.0.1:59473] for POST '/session/69847854a598147b8497e163aaf19547/timeouts'
09:47:44.277 [AsyncHttpClient-1-11] DEBUG org.asynchttpclient.netty.handler.HttpHandler - 

Request DefaultHttpRequest(decodeResult: success, version: HTTP/1.1)
POST /session/69847854a598147b8497e163aaf19547/timeouts HTTP/1.1
User-Agent: selenium/4.1.2 (java windows)
Content-Length: 22
Content-Type: application/json; charset=utf-8
host: localhost:59473
accept: */*

Response DefaultHttpResponse(decodeResult: success, version: HTTP/1.1)
HTTP/1.1 200 OK
Content-Type: application/json; charset=utf-8
cache-control: no-cache
content-length: 14

09:47:44.277 [AsyncHttpClient-1-11] DEBUG org.asynchttpclient.netty.channel.ChannelManager - Adding key: http://localhost:59473 for channel [id: 0x42c6fb4b, L:/127.0.0.1:63243 - R:localhost/127.0.0.1:59473]
09:47:44.282 [Forwarding getCurrentUrl on session 69847854a598147b8497e163aaf19547 to remote] DEBUG org.asynchttpclient.netty.request.NettyRequestSender - Using pooled Channel '[id: 0x42c6fb4b, L:/127.0.0.1:63243 - R:localhost/127.0.0.1:59473]' for 'GET' to 'http://localhost:59473/session/69847854a598147b8497e163aaf19547/url'
09:47:44.282 [Forwarding getCurrentUrl on session 69847854a598147b8497e163aaf19547 to remote] DEBUG org.asynchttpclient.netty.request.NettyRequestSender - Using open Channel [id: 0x42c6fb4b, L:/127.0.0.1:63243 - R:localhost/127.0.0.1:59473] for GET '/session/69847854a598147b8497e163aaf19547/url'
09:47:44.288 [AsyncHttpClient-1-11] DEBUG org.asynchttpclient.netty.handler.HttpHandler - 

Request DefaultFullHttpRequest(decodeResult: success, version: HTTP/1.1, content: EmptyByteBufBE)
GET /session/69847854a598147b8497e163aaf19547/url HTTP/1.1
User-Agent: selenium/4.1.2 (java windows)
Cache-Control: no-cache
Content-Type: application/json; charset=utf-8
host: localhost:59473
accept: */*

Response DefaultHttpResponse(decodeResult: success, version: HTTP/1.1)
HTTP/1.1 200 OK
Content-Type: application/json; charset=utf-8
cache-control: no-cache
content-length: 42

09:47:44.288 [AsyncHttpClient-1-11] DEBUG org.asynchttpclient.netty.channel.ChannelManager - Adding key: http://localhost:59473 for channel [id: 0x42c6fb4b, L:/127.0.0.1:63243 - R:localhost/127.0.0.1:59473]
  &amp#27;[32mGiven &amp#27;[0m&amp#27;[32mI am on landing page&amp#27;[0m              &amp#27;[90m# starter.stepdefinitions.ManageVaccinationBookingsSteps.iAmOnLandingPage()&amp#27;[0m
09:47:44.296 [Forwarding screenshot on session 69847854a598147b8497e163aaf19547 to remote] DEBUG org.asynchttpclient.netty.request.NettyRequestSender - Using pooled Channel '[id: 0x42c6fb4b, L:/127.0.0.1:63243 - R:localhost/127.0.0.1:59473]' for 'GET' to 'http://localhost:59473/session/69847854a598147b8497e163aaf19547/screenshot'
09:47:44.296 [Forwarding screenshot on session 69847854a598147b8497e163aaf19547 to remote] DEBUG org.asynchttpclient.netty.request.NettyRequestSender - Using open Channel [id: 0x42c6fb4b, L:/127.0.0.1:63243 - R:localhost/127.0.0.1:59473] for GET '/session/69847854a598147b8497e163aaf19547/screenshot'
09:47:45.185 [AsyncHttpClient-1-1] DEBUG org.asynchttpclient.netty.channel.DefaultChannelPool - Entry count for : http://localhost:63245 : 1
09:47:45.250 [AsyncHttpClient-1-11] DEBUG org.asynchttpclient.netty.handler.HttpHandler - 

Request DefaultFullHttpRequest(decodeResult: success, version: HTTP/1.1, content: EmptyByteBufBE)
GET /session/69847854a598147b8497e163aaf19547/screenshot HTTP/1.1
User-Agent: selenium/4.1.2 (java windows)
Cache-Control: no-cache
Content-Type: application/json; charset=utf-8
host: localhost:59473
accept: */*

Response DefaultHttpResponse(decodeResult: success, version: HTTP/1.1)
HTTP/1.1 200 OK
Content-Type: application/json; charset=utf-8
cache-control: no-cache
content-length: 518456

09:47:45.251 [AsyncHttpClient-1-11] DEBUG org.asynchttpclient.netty.channel.ChannelManager - Adding key: http://localhost:59473 for channel [id: 0x42c6fb4b, L:/127.0.0.1:63243 - R:localhost/127.0.0.1:59473]
09:47:45.270 [main] DEBUG net.serenitybdd.core.photography.Darkroom - Send negative for processing for target\site\serenity\9b1fe397ba1cf163d50212bb544f831cc81a009c3a90ddef8c5912d41662e4a3.png
09:47:45.270 [Darkroom Processing Line] DEBUG net.serenitybdd.core.photography.DarkroomProcessingLine - Processing screenshot image in /var/screenshots/screenshot-15505766724808883250
09:47:45.270 [Darkroom Processing Line] DEBUG net.serenitybdd.core.photography.DarkroomProcessingLine - Saving screenshot to target\site\serenity\9b1fe397ba1cf163d50212bb544f831cc81a009c3a90ddef8c5912d41662e4a3.png
09:47:45.278 [Forwarding findElement on session 69847854a598147b8497e163aaf19547 to remote] DEBUG org.asynchttpclient.netty.request.NettyRequestSender - Using pooled Channel '[id: 0x42c6fb4b, L:/127.0.0.1:63243 - R:localhost/127.0.0.1:59473]' for 'POST' to 'http://localhost:59473/session/69847854a598147b8497e163aaf19547/element'
09:47:45.279 [Forwarding findElement on session 69847854a598147b8497e163aaf19547 to remote] DEBUG org.asynchttpclient.netty.request.NettyRequestSender - Using open Channel [id: 0x42c6fb4b, L:/127.0.0.1:63243 - R:localhost/127.0.0.1:59473] for POST '/session/69847854a598147b8497e163aaf19547/element'
09:47:45.310 [AsyncHttpClient-1-11] DEBUG org.asynchttpclient.netty.handler.HttpHandler - 

Request DefaultHttpRequest(decodeResult: success, version: HTTP/1.1)
POST /session/69847854a598147b8497e163aaf19547/element HTTP/1.1
User-Agent: selenium/4.1.2 (java windows)
Content-Length: 315
Content-Type: application/json; charset=utf-8
host: localhost:59473
accept: */*

Response DefaultHttpResponse(decodeResult: success, version: HTTP/1.1)
HTTP/1.1 200 OK
Content-Type: application/json; charset=utf-8
cache-control: no-cache
content-length: 88

09:47:45.310 [AsyncHttpClient-1-11] DEBUG org.asynchttpclient.netty.channel.ChannelManager - Adding key: http://localhost:59473 for channel [id: 0x42c6fb4b, L:/127.0.0.1:63243 - R:localhost/127.0.0.1:59473]
09:47:45.313 [Forwarding getElementTagName on session 69847854a598147b8497e163aaf19547 to remote] DEBUG org.asynchttpclient.netty.request.NettyRequestSender - Using pooled Channel '[id: 0x42c6fb4b, L:/127.0.0.1:63243 - R:localhost/127.0.0.1:59473]' for 'GET' to 'http://localhost:59473/session/69847854a598147b8497e163aaf19547/element/b49ba477-f1f5-4401-987a-a8be148a3731/name'
09:47:45.313 [Forwarding getElementTagName on session 69847854a598147b8497e163aaf19547 to remote] DEBUG org.asynchttpclient.netty.request.NettyRequestSender - Using open Channel [id: 0x42c6fb4b, L:/127.0.0.1:63243 - R:localhost/127.0.0.1:59473] for GET '/session/69847854a598147b8497e163aaf19547/element/b49ba477-f1f5-4401-987a-a8be148a3731/name'
09:47:45.334 [AsyncHttpClient-1-11] DEBUG org.asynchttpclient.netty.handler.HttpHandler - 

Request DefaultFullHttpRequest(decodeResult: success, version: HTTP/1.1, content: EmptyByteBufBE)
GET /session/69847854a598147b8497e163aaf19547/element/b49ba477-f1f5-4401-987a-a8be148a3731/name HTTP/1.1
User-Agent: selenium/4.1.2 (java windows)
Cache-Control: no-cache
Content-Type: application/json; charset=utf-8
host: localhost:59473
accept: */*

Response DefaultHttpResponse(decodeResult: success, version: HTTP/1.1)
HTTP/1.1 200 OK
Content-Type: application/json; charset=utf-8
cache-control: no-cache
content-length: 18

09:47:45.335 [AsyncHttpClient-1-11] DEBUG org.asynchttpclient.netty.channel.ChannelManager - Adding key: http://localhost:59473 for channel [id: 0x42c6fb4b, L:/127.0.0.1:63243 - R:localhost/127.0.0.1:59473]
09:47:45.336 [Forwarding getElementTagName on session 69847854a598147b8497e163aaf19547 to remote] DEBUG org.asynchttpclient.netty.request.NettyRequestSender - Using pooled Channel '[id: 0x42c6fb4b, L:/127.0.0.1:63243 - R:localhost/127.0.0.1:59473]' for 'GET' to 'http://localhost:59473/session/69847854a598147b8497e163aaf19547/element/b49ba477-f1f5-4401-987a-a8be148a3731/name'
09:47:45.336 [Forwarding getElementTagName on session 69847854a598147b8497e163aaf19547 to remote] DEBUG org.asynchttpclient.netty.request.NettyRequestSender - Using open Channel [id: 0x42c6fb4b, L:/127.0.0.1:63243 - R:localhost/127.0.0.1:59473] for GET '/session/69847854a598147b8497e163aaf19547/element/b49ba477-f1f5-4401-987a-a8be148a3731/name'
09:47:45.342 [AsyncHttpClient-1-11] DEBUG org.asynchttpclient.netty.handler.HttpHandler - 

Request DefaultFullHttpRequest(decodeResult: success, version: HTTP/1.1, content: EmptyByteBufBE)
GET /session/69847854a598147b8497e163aaf19547/element/b49ba477-f1f5-4401-987a-a8be148a3731/name HTTP/1.1
User-Agent: selenium/4.1.2 (java windows)
Cache-Control: no-cache
Content-Type: application/json; charset=utf-8
host: localhost:59473
accept: */*

Response DefaultHttpResponse(decodeResult: success, version: HTTP/1.1)
HTTP/1.1 200 OK
Content-Type: application/json; charset=utf-8
cache-control: no-cache
content-length: 18

09:47:45.342 [AsyncHttpClient-1-11] DEBUG org.asynchttpclient.netty.channel.ChannelManager - Adding key: http://localhost:59473 for channel [id: 0x42c6fb4b, L:/127.0.0.1:63243 - R:localhost/127.0.0.1:59473]
09:47:45.344 [Forwarding isElementEnabled on session 69847854a598147b8497e163aaf19547 to remote] DEBUG org.asynchttpclient.netty.request.NettyRequestSender - Using pooled Channel '[id: 0x42c6fb4b, L:/127.0.0.1:63243 - R:localhost/127.0.0.1:59473]' for 'GET' to 'http://localhost:59473/session/69847854a598147b8497e163aaf19547/element/b49ba477-f1f5-4401-987a-a8be148a3731/enabled'
09:47:45.344 [Forwarding isElementEnabled on session 69847854a598147b8497e163aaf19547 to remote] DEBUG org.asynchttpclient.netty.request.NettyRequestSender - Using open Channel [id: 0x42c6fb4b, L:/127.0.0.1:63243 - R:localhost/127.0.0.1:59473] for GET '/session/69847854a598147b8497e163aaf19547/element/b49ba477-f1f5-4401-987a-a8be148a3731/enabled'
09:47:45.360 [AsyncHttpClient-1-11] DEBUG org.asynchttpclient.netty.handler.HttpHandler - 

Request DefaultFullHttpRequest(decodeResult: success, version: HTTP/1.1, content: EmptyByteBufBE)
GET /session/69847854a598147b8497e163aaf19547/element/b49ba477-f1f5-4401-987a-a8be148a3731/enabled HTTP/1.1
User-Agent: selenium/4.1.2 (java windows)
Cache-Control: no-cache
Content-Type: application/json; charset=utf-8
host: localhost:59473
accept: */*

Response DefaultHttpResponse(decodeResult: success, version: HTTP/1.1)
HTTP/1.1 200 OK
Content-Type: application/json; charset=utf-8
cache-control: no-cache
content-length: 14

09:47:45.360 [AsyncHttpClient-1-11] DEBUG org.asynchttpclient.netty.channel.ChannelManager - Adding key: http://localhost:59473 for channel [id: 0x42c6fb4b, L:/127.0.0.1:63243 - R:localhost/127.0.0.1:59473]
09:47:45.363 [Forwarding isElementEnabled on session 69847854a598147b8497e163aaf19547 to remote] DEBUG org.asynchttpclient.netty.request.NettyRequestSender - Using pooled Channel '[id: 0x42c6fb4b, L:/127.0.0.1:63243 - R:localhost/127.0.0.1:59473]' for 'GET' to 'http://localhost:59473/session/69847854a598147b8497e163aaf19547/element/b49ba477-f1f5-4401-987a-a8be148a3731/enabled'
09:47:45.363 [Forwarding isElementEnabled on session 69847854a598147b8497e163aaf19547 to remote] DEBUG org.asynchttpclient.netty.request.NettyRequestSender - Using open Channel [id: 0x42c6fb4b, L:/127.0.0.1:63243 - R:localhost/127.0.0.1:59473] for GET '/session/69847854a598147b8497e163aaf19547/element/b49ba477-f1f5-4401-987a-a8be148a3731/enabled'
09:47:45.372 [AsyncHttpClient-1-11] DEBUG org.asynchttpclient.netty.handler.HttpHandler - 

Request DefaultFullHttpRequest(decodeResult: success, version: HTTP/1.1, content: EmptyByteBufBE)
GET /session/69847854a598147b8497e163aaf19547/element/b49ba477-f1f5-4401-987a-a8be148a3731/enabled HTTP/1.1
User-Agent: selenium/4.1.2 (java windows)
Cache-Control: no-cache
Content-Type: application/json; charset=utf-8
host: localhost:59473
accept: */*

Response DefaultHttpResponse(decodeResult: success, version: HTTP/1.1)
HTTP/1.1 200 OK
Content-Type: application/json; charset=utf-8
cache-control: no-cache
content-length: 14

09:47:45.372 [AsyncHttpClient-1-11] DEBUG org.asynchttpclient.netty.channel.ChannelManager - Adding key: http://localhost:59473 for channel [id: 0x42c6fb4b, L:/127.0.0.1:63243 - R:localhost/127.0.0.1:59473]
09:47:45.373 [Forwarding findElement on session 69847854a598147b8497e163aaf19547 to remote] DEBUG org.asynchttpclient.netty.request.NettyRequestSender - Using pooled Channel '[id: 0x42c6fb4b, L:/127.0.0.1:63243 - R:localhost/127.0.0.1:59473]' for 'POST' to 'http://localhost:59473/session/69847854a598147b8497e163aaf19547/element'
09:47:45.374 [Forwarding findElement on session 69847854a598147b8497e163aaf19547 to remote] DEBUG org.asynchttpclient.netty.request.NettyRequestSender - Using open Channel [id: 0x42c6fb4b, L:/127.0.0.1:63243 - R:localhost/127.0.0.1:59473] for POST '/session/69847854a598147b8497e163aaf19547/element'
09:47:45.386 [AsyncHttpClient-1-11] DEBUG org.asynchttpclient.netty.handler.HttpHandler - 

Request DefaultHttpRequest(decodeResult: success, version: HTTP/1.1)
POST /session/69847854a598147b8497e163aaf19547/element HTTP/1.1
User-Agent: selenium/4.1.2 (java windows)
Content-Length: 315
Content-Type: application/json; charset=utf-8
host: localhost:59473
accept: */*

Response DefaultHttpResponse(decodeResult: success, version: HTTP/1.1)
HTTP/1.1 200 OK
Content-Type: application/json; charset=utf-8
cache-control: no-cache
content-length: 88

09:47:45.386 [AsyncHttpClient-1-11] DEBUG org.asynchttpclient.netty.channel.ChannelManager - Adding key: http://localhost:59473 for channel [id: 0x42c6fb4b, L:/127.0.0.1:63243 - R:localhost/127.0.0.1:59473]
09:47:45.387 [Forwarding clickElement on session 69847854a598147b8497e163aaf19547 to remote] DEBUG org.asynchttpclient.netty.request.NettyRequestSender - Using pooled Channel '[id: 0x42c6fb4b, L:/127.0.0.1:63243 - R:localhost/127.0.0.1:59473]' for 'POST' to 'http://localhost:59473/session/69847854a598147b8497e163aaf19547/element/b49ba477-f1f5-4401-987a-a8be148a3731/click'
09:47:45.387 [Forwarding clickElement on session 69847854a598147b8497e163aaf19547 to remote] DEBUG org.asynchttpclient.netty.request.NettyRequestSender - Using open Channel [id: 0x42c6fb4b, L:/127.0.0.1:63243 - R:localhost/127.0.0.1:59473] for POST '/session/69847854a598147b8497e163aaf19547/element/b49ba477-f1f5-4401-987a-a8be148a3731/click'
09:47:45.519 [AsyncHttpClient-1-11] DEBUG org.asynchttpclient.netty.handler.HttpHandler - 

Request DefaultHttpRequest(decodeResult: success, version: HTTP/1.1)
POST /session/69847854a598147b8497e163aaf19547/element/b49ba477-f1f5-4401-987a-a8be148a3731/click HTTP/1.1
User-Agent: selenium/4.1.2 (java windows)
Content-Length: 50
Content-Type: application/json; charset=utf-8
host: localhost:59473
accept: */*

Response DefaultHttpResponse(decodeResult: success, version: HTTP/1.1)
HTTP/1.1 200 OK
Content-Type: application/json; charset=utf-8
cache-control: no-cache
content-length: 14

09:47:45.520 [AsyncHttpClient-1-11] DEBUG org.asynchttpclient.netty.channel.ChannelManager - Adding key: http://localhost:59473 for channel [id: 0x42c6fb4b, L:/127.0.0.1:63243 - R:localhost/127.0.0.1:59473]
09:47:45.528 [Forwarding findElement on session 69847854a598147b8497e163aaf19547 to remote] DEBUG org.asynchttpclient.netty.request.NettyRequestSender - Using pooled Channel '[id: 0x42c6fb4b, L:/127.0.0.1:63243 - R:localhost/127.0.0.1:59473]' for 'POST' to 'http://localhost:59473/session/69847854a598147b8497e163aaf19547/element'
09:47:45.529 [Forwarding findElement on session 69847854a598147b8497e163aaf19547 to remote] DEBUG org.asynchttpclient.netty.request.NettyRequestSender - Using open Channel [id: 0x42c6fb4b, L:/127.0.0.1:63243 - R:localhost/127.0.0.1:59473] for POST '/session/69847854a598147b8497e163aaf19547/element'
09:47:45.544 [AsyncHttpClient-1-11] DEBUG org.asynchttpclient.netty.handler.HttpHandler - 

Request DefaultHttpRequest(decodeResult: success, version: HTTP/1.1)
POST /session/69847854a598147b8497e163aaf19547/element HTTP/1.1
User-Agent: selenium/4.1.2 (java windows)
Content-Length: 69
Content-Type: application/json; charset=utf-8
host: localhost:59473
accept: */*

Response DefaultHttpResponse(decodeResult: success, version: HTTP/1.1)
HTTP/1.1 200 OK
Content-Type: application/json; charset=utf-8
cache-control: no-cache
content-length: 88

09:47:45.545 [AsyncHttpClient-1-11] DEBUG org.asynchttpclient.netty.channel.ChannelManager - Adding key: http://localhost:59473 for channel [id: 0x42c6fb4b, L:/127.0.0.1:63243 - R:localhost/127.0.0.1:59473]
09:47:45.547 [Forwarding clearElement on session 69847854a598147b8497e163aaf19547 to remote] DEBUG org.asynchttpclient.netty.request.NettyRequestSender - Using pooled Channel '[id: 0x42c6fb4b, L:/127.0.0.1:63243 - R:localhost/127.0.0.1:59473]' for 'POST' to 'http://localhost:59473/session/69847854a598147b8497e163aaf19547/element/557b96e5-061d-418a-b9a8-aeff710ccac3/clear'
09:47:45.547 [Forwarding clearElement on session 69847854a598147b8497e163aaf19547 to remote] DEBUG org.asynchttpclient.netty.request.NettyRequestSender - Using open Channel [id: 0x42c6fb4b, L:/127.0.0.1:63243 - R:localhost/127.0.0.1:59473] for POST '/session/69847854a598147b8497e163aaf19547/element/557b96e5-061d-418a-b9a8-aeff710ccac3/clear'
09:47:45.593 [AsyncHttpClient-1-11] DEBUG org.asynchttpclient.netty.handler.HttpHandler - 

Request DefaultHttpRequest(decodeResult: success, version: HTTP/1.1)
POST /session/69847854a598147b8497e163aaf19547/element/557b96e5-061d-418a-b9a8-aeff710ccac3/clear HTTP/1.1
User-Agent: selenium/4.1.2 (java windows)
Content-Length: 50
Content-Type: application/json; charset=utf-8
host: localhost:59473
accept: */*

Response DefaultHttpResponse(decodeResult: success, version: HTTP/1.1)
HTTP/1.1 200 OK
Content-Type: application/json; charset=utf-8
cache-control: no-cache
content-length: 14

09:47:45.593 [AsyncHttpClient-1-11] DEBUG org.asynchttpclient.netty.channel.ChannelManager - Adding key: http://localhost:59473 for channel [id: 0x42c6fb4b, L:/127.0.0.1:63243 - R:localhost/127.0.0.1:59473]
09:47:45.599 [Forwarding sendKeysToElement on session 69847854a598147b8497e163aaf19547 to remote] DEBUG org.asynchttpclient.netty.request.NettyRequestSender - Using pooled Channel '[id: 0x42c6fb4b, L:/127.0.0.1:63243 - R:localhost/127.0.0.1:59473]' for 'POST' to 'http://localhost:59473/session/69847854a598147b8497e163aaf19547/element/557b96e5-061d-418a-b9a8-aeff710ccac3/value'
09:47:45.599 [Forwarding sendKeysToElement on session 69847854a598147b8497e163aaf19547 to remote] DEBUG org.asynchttpclient.netty.request.NettyRequestSender - Using open Channel [id: 0x42c6fb4b, L:/127.0.0.1:63243 - R:localhost/127.0.0.1:59473] for POST '/session/69847854a598147b8497e163aaf19547/element/557b96e5-061d-418a-b9a8-aeff710ccac3/value'
09:47:45.907 [AsyncHttpClient-1-11] DEBUG org.asynchttpclient.netty.handler.HttpHandler - 

Request DefaultHttpRequest(decodeResult: success, version: HTTP/1.1)
POST /session/69847854a598147b8497e163aaf19547/element/557b96e5-061d-418a-b9a8-aeff710ccac3/value HTTP/1.1
User-Agent: selenium/4.1.2 (java windows)
Content-Length: 371
Content-Type: application/json; charset=utf-8
host: localhost:59473
accept: */*

Response DefaultHttpResponse(decodeResult: success, version: HTTP/1.1)
HTTP/1.1 200 OK
Content-Type: application/json; charset=utf-8
cache-control: no-cache
content-length: 14

09:47:45.907 [AsyncHttpClient-1-11] DEBUG org.asynchttpclient.netty.channel.ChannelManager - Adding key: http://localhost:59473 for channel [id: 0x42c6fb4b, L:/127.0.0.1:63243 - R:localhost/127.0.0.1:59473]
09:47:45.913 [Forwarding findElement on session 69847854a598147b8497e163aaf19547 to remote] DEBUG org.asynchttpclient.netty.request.NettyRequestSender - Using pooled Channel '[id: 0x42c6fb4b, L:/127.0.0.1:63243 - R:localhost/127.0.0.1:59473]' for 'POST' to 'http://localhost:59473/session/69847854a598147b8497e163aaf19547/element'
09:47:45.914 [Forwarding findElement on session 69847854a598147b8497e163aaf19547 to remote] DEBUG org.asynchttpclient.netty.request.NettyRequestSender - Using open Channel [id: 0x42c6fb4b, L:/127.0.0.1:63243 - R:localhost/127.0.0.1:59473] for POST '/session/69847854a598147b8497e163aaf19547/element'
09:47:45.928 [AsyncHttpClient-1-11] DEBUG org.asynchttpclient.netty.handler.HttpHandler - 

Request DefaultHttpRequest(decodeResult: success, version: HTTP/1.1)
POST /session/69847854a598147b8497e163aaf19547/element HTTP/1.1
User-Agent: selenium/4.1.2 (java windows)
Content-Length: 72
Content-Type: application/json; charset=utf-8
host: localhost:59473
accept: */*

Response DefaultHttpResponse(decodeResult: success, version: HTTP/1.1)
HTTP/1.1 200 OK
Content-Type: application/json; charset=utf-8
cache-control: no-cache
content-length: 88

09:47:45.929 [AsyncHttpClient-1-11] DEBUG org.asynchttpclient.netty.channel.ChannelManager - Adding key: http://localhost:59473 for channel [id: 0x42c6fb4b, L:/127.0.0.1:63243 - R:localhost/127.0.0.1:59473]
09:47:45.932 [Forwarding clearElement on session 69847854a598147b8497e163aaf19547 to remote] DEBUG org.asynchttpclient.netty.request.NettyRequestSender - Using pooled Channel '[id: 0x42c6fb4b, L:/127.0.0.1:63243 - R:localhost/127.0.0.1:59473]' for 'POST' to 'http://localhost:59473/session/69847854a598147b8497e163aaf19547/element/f7ea168e-e5f3-4d38-8b46-ca084bc5e32a/clear'
09:47:45.932 [Forwarding clearElement on session 69847854a598147b8497e163aaf19547 to remote] DEBUG org.asynchttpclient.netty.request.NettyRequestSender - Using open Channel [id: 0x42c6fb4b, L:/127.0.0.1:63243 - R:localhost/127.0.0.1:59473] for POST '/session/69847854a598147b8497e163aaf19547/element/f7ea168e-e5f3-4d38-8b46-ca084bc5e32a/clear'
09:47:45.992 [AsyncHttpClient-1-11] DEBUG org.asynchttpclient.netty.handler.HttpHandler - 

Request DefaultHttpRequest(decodeResult: success, version: HTTP/1.1)
POST /session/69847854a598147b8497e163aaf19547/element/f7ea168e-e5f3-4d38-8b46-ca084bc5e32a/clear HTTP/1.1
User-Agent: selenium/4.1.2 (java windows)
Content-Length: 50
Content-Type: application/json; charset=utf-8
host: localhost:59473
accept: */*

Response DefaultHttpResponse(decodeResult: success, version: HTTP/1.1)
HTTP/1.1 200 OK
Content-Type: application/json; charset=utf-8
cache-control: no-cache
content-length: 14

09:47:45.992 [AsyncHttpClient-1-11] DEBUG org.asynchttpclient.netty.channel.ChannelManager - Adding key: http://localhost:59473 for channel [id: 0x42c6fb4b, L:/127.0.0.1:63243 - R:localhost/127.0.0.1:59473]
09:47:45.997 [Forwarding sendKeysToElement on session 69847854a598147b8497e163aaf19547 to remote] DEBUG org.asynchttpclient.netty.request.NettyRequestSender - Using pooled Channel '[id: 0x42c6fb4b, L:/127.0.0.1:63243 - R:localhost/127.0.0.1:59473]' for 'POST' to 'http://localhost:59473/session/69847854a598147b8497e163aaf19547/element/f7ea168e-e5f3-4d38-8b46-ca084bc5e32a/value'
09:47:45.997 [Forwarding sendKeysToElement on session 69847854a598147b8497e163aaf19547 to remote] DEBUG org.asynchttpclient.netty.request.NettyRequestSender - Using open Channel [id: 0x42c6fb4b, L:/127.0.0.1:63243 - R:localhost/127.0.0.1:59473] for POST '/session/69847854a598147b8497e163aaf19547/element/f7ea168e-e5f3-4d38-8b46-ca084bc5e32a/value'
09:47:46.206 [AsyncHttpClient-1-11] DEBUG org.asynchttpclient.netty.handler.HttpHandler - 

Request DefaultHttpRequest(decodeResult: success, version: HTTP/1.1)
POST /session/69847854a598147b8497e163aaf19547/element/f7ea168e-e5f3-4d38-8b46-ca084bc5e32a/value HTTP/1.1
User-Agent: selenium/4.1.2 (java windows)
Content-Length: 251
Content-Type: application/json; charset=utf-8
host: localhost:59473
accept: */*

Response DefaultHttpResponse(decodeResult: success, version: HTTP/1.1)
HTTP/1.1 200 OK
Content-Type: application/json; charset=utf-8
cache-control: no-cache
content-length: 14

09:47:46.207 [AsyncHttpClient-1-11] DEBUG org.asynchttpclient.netty.channel.ChannelManager - Adding key: http://localhost:59473 for channel [id: 0x42c6fb4b, L:/127.0.0.1:63243 - R:localhost/127.0.0.1:59473]
09:47:46.216 [Forwarding findElement on session 69847854a598147b8497e163aaf19547 to remote] DEBUG org.asynchttpclient.netty.request.NettyRequestSender - Using pooled Channel '[id: 0x42c6fb4b, L:/127.0.0.1:63243 - R:localhost/127.0.0.1:59473]' for 'POST' to 'http://localhost:59473/session/69847854a598147b8497e163aaf19547/element'
09:47:46.216 [Forwarding findElement on session 69847854a598147b8497e163aaf19547 to remote] DEBUG org.asynchttpclient.netty.request.NettyRequestSender - Using open Channel [id: 0x42c6fb4b, L:/127.0.0.1:63243 - R:localhost/127.0.0.1:59473] for POST '/session/69847854a598147b8497e163aaf19547/element'
09:47:46.231 [AsyncHttpClient-1-11] DEBUG org.asynchttpclient.netty.handler.HttpHandler - 

Request DefaultHttpRequest(decodeResult: success, version: HTTP/1.1)
POST /session/69847854a598147b8497e163aaf19547/element HTTP/1.1
User-Agent: selenium/4.1.2 (java windows)
Content-Length: 321
Content-Type: application/json; charset=utf-8
host: localhost:59473
accept: */*

Response DefaultHttpResponse(decodeResult: success, version: HTTP/1.1)
HTTP/1.1 200 OK
Content-Type: application/json; charset=utf-8
cache-control: no-cache
content-length: 88

09:47:46.233 [AsyncHttpClient-1-11] DEBUG org.asynchttpclient.netty.channel.ChannelManager - Adding key: http://localhost:59473 for channel [id: 0x42c6fb4b, L:/127.0.0.1:63243 - R:localhost/127.0.0.1:59473]
09:47:46.234 [Forwarding getElementTagName on session 69847854a598147b8497e163aaf19547 to remote] DEBUG org.asynchttpclient.netty.request.NettyRequestSender - Using pooled Channel '[id: 0x42c6fb4b, L:/127.0.0.1:63243 - R:localhost/127.0.0.1:59473]' for 'GET' to 'http://localhost:59473/session/69847854a598147b8497e163aaf19547/element/afe7d560-7156-4ad3-a274-bb98cae70c65/name'
09:47:46.234 [Forwarding getElementTagName on session 69847854a598147b8497e163aaf19547 to remote] DEBUG org.asynchttpclient.netty.request.NettyRequestSender - Using open Channel [id: 0x42c6fb4b, L:/127.0.0.1:63243 - R:localhost/127.0.0.1:59473] for GET '/session/69847854a598147b8497e163aaf19547/element/afe7d560-7156-4ad3-a274-bb98cae70c65/name'
09:47:46.240 [AsyncHttpClient-1-11] DEBUG org.asynchttpclient.netty.handler.HttpHandler - 

Request DefaultFullHttpRequest(decodeResult: success, version: HTTP/1.1, content: EmptyByteBufBE)
GET /session/69847854a598147b8497e163aaf19547/element/afe7d560-7156-4ad3-a274-bb98cae70c65/name HTTP/1.1
User-Agent: selenium/4.1.2 (java windows)
Cache-Control: no-cache
Content-Type: application/json; charset=utf-8
host: localhost:59473
accept: */*

Response DefaultHttpResponse(decodeResult: success, version: HTTP/1.1)
HTTP/1.1 200 OK
Content-Type: application/json; charset=utf-8
cache-control: no-cache
content-length: 18

09:47:46.241 [AsyncHttpClient-1-11] DEBUG org.asynchttpclient.netty.channel.ChannelManager - Adding key: http://localhost:59473 for channel [id: 0x42c6fb4b, L:/127.0.0.1:63243 - R:localhost/127.0.0.1:59473]
09:47:46.242 [Forwarding getElementTagName on session 69847854a598147b8497e163aaf19547 to remote] DEBUG org.asynchttpclient.netty.request.NettyRequestSender - Using pooled Channel '[id: 0x42c6fb4b, L:/127.0.0.1:63243 - R:localhost/127.0.0.1:59473]' for 'GET' to 'http://localhost:59473/session/69847854a598147b8497e163aaf19547/element/afe7d560-7156-4ad3-a274-bb98cae70c65/name'
09:47:46.243 [Forwarding getElementTagName on session 69847854a598147b8497e163aaf19547 to remote] DEBUG org.asynchttpclient.netty.request.NettyRequestSender - Using open Channel [id: 0x42c6fb4b, L:/127.0.0.1:63243 - R:localhost/127.0.0.1:59473] for GET '/session/69847854a598147b8497e163aaf19547/element/afe7d560-7156-4ad3-a274-bb98cae70c65/name'
09:47:46.249 [AsyncHttpClient-1-11] DEBUG org.asynchttpclient.netty.handler.HttpHandler - 

Request DefaultFullHttpRequest(decodeResult: success, version: HTTP/1.1, content: EmptyByteBufBE)
GET /session/69847854a598147b8497e163aaf19547/element/afe7d560-7156-4ad3-a274-bb98cae70c65/name HTTP/1.1
User-Agent: selenium/4.1.2 (java windows)
Cache-Control: no-cache
Content-Type: application/json; charset=utf-8
host: localhost:59473
accept: */*

Response DefaultHttpResponse(decodeResult: success, version: HTTP/1.1)
HTTP/1.1 200 OK
Content-Type: application/json; charset=utf-8
cache-control: no-cache
content-length: 18

09:47:46.249 [AsyncHttpClient-1-11] DEBUG org.asynchttpclient.netty.channel.ChannelManager - Adding key: http://localhost:59473 for channel [id: 0x42c6fb4b, L:/127.0.0.1:63243 - R:localhost/127.0.0.1:59473]
09:47:46.252 [Forwarding isElementEnabled on session 69847854a598147b8497e163aaf19547 to remote] DEBUG org.asynchttpclient.netty.request.NettyRequestSender - Using pooled Channel '[id: 0x42c6fb4b, L:/127.0.0.1:63243 - R:localhost/127.0.0.1:59473]' for 'GET' to 'http://localhost:59473/session/69847854a598147b8497e163aaf19547/element/afe7d560-7156-4ad3-a274-bb98cae70c65/enabled'
09:47:46.252 [Forwarding isElementEnabled on session 69847854a598147b8497e163aaf19547 to remote] DEBUG org.asynchttpclient.netty.request.NettyRequestSender - Using open Channel [id: 0x42c6fb4b, L:/127.0.0.1:63243 - R:localhost/127.0.0.1:59473] for GET '/session/69847854a598147b8497e163aaf19547/element/afe7d560-7156-4ad3-a274-bb98cae70c65/enabled'
09:47:46.271 [AsyncHttpClient-1-11] DEBUG org.asynchttpclient.netty.handler.HttpHandler - 

Request DefaultFullHttpRequest(decodeResult: success, version: HTTP/1.1, content: EmptyByteBufBE)
GET /session/69847854a598147b8497e163aaf19547/element/afe7d560-7156-4ad3-a274-bb98cae70c65/enabled HTTP/1.1
User-Agent: selenium/4.1.2 (java windows)
Cache-Control: no-cache
Content-Type: application/json; charset=utf-8
host: localhost:59473
accept: */*

Response DefaultHttpResponse(decodeResult: success, version: HTTP/1.1)
HTTP/1.1 200 OK
Content-Type: application/json; charset=utf-8
cache-control: no-cache
content-length: 14

09:47:46.272 [AsyncHttpClient-1-11] DEBUG org.asynchttpclient.netty.channel.ChannelManager - Adding key: http://localhost:59473 for channel [id: 0x42c6fb4b, L:/127.0.0.1:63243 - R:localhost/127.0.0.1:59473]
09:47:46.273 [Forwarding isElementEnabled on session 69847854a598147b8497e163aaf19547 to remote] DEBUG org.asynchttpclient.netty.request.NettyRequestSender - Using pooled Channel '[id: 0x42c6fb4b, L:/127.0.0.1:63243 - R:localhost/127.0.0.1:59473]' for 'GET' to 'http://localhost:59473/session/69847854a598147b8497e163aaf19547/element/afe7d560-7156-4ad3-a274-bb98cae70c65/enabled'
09:47:46.273 [Forwarding isElementEnabled on session 69847854a598147b8497e163aaf19547 to remote] DEBUG org.asynchttpclient.netty.request.NettyRequestSender - Using open Channel [id: 0x42c6fb4b, L:/127.0.0.1:63243 - R:localhost/127.0.0.1:59473] for GET '/session/69847854a598147b8497e163aaf19547/element/afe7d560-7156-4ad3-a274-bb98cae70c65/enabled'
09:47:46.282 [AsyncHttpClient-1-11] DEBUG org.asynchttpclient.netty.handler.HttpHandler - 

Request DefaultFullHttpRequest(decodeResult: success, version: HTTP/1.1, content: EmptyByteBufBE)
GET /session/69847854a598147b8497e163aaf19547/element/afe7d560-7156-4ad3-a274-bb98cae70c65/enabled HTTP/1.1
User-Agent: selenium/4.1.2 (java windows)
Cache-Control: no-cache
Content-Type: application/json; charset=utf-8
host: localhost:59473
accept: */*

Response DefaultHttpResponse(decodeResult: success, version: HTTP/1.1)
HTTP/1.1 200 OK
Content-Type: application/json; charset=utf-8
cache-control: no-cache
content-length: 14

09:47:46.283 [AsyncHttpClient-1-11] DEBUG org.asynchttpclient.netty.channel.ChannelManager - Adding key: http://localhost:59473 for channel [id: 0x42c6fb4b, L:/127.0.0.1:63243 - R:localhost/127.0.0.1:59473]
09:47:46.285 [Forwarding findElement on session 69847854a598147b8497e163aaf19547 to remote] DEBUG org.asynchttpclient.netty.request.NettyRequestSender - Using pooled Channel '[id: 0x42c6fb4b, L:/127.0.0.1:63243 - R:localhost/127.0.0.1:59473]' for 'POST' to 'http://localhost:59473/session/69847854a598147b8497e163aaf19547/element'
09:47:46.285 [Forwarding findElement on session 69847854a598147b8497e163aaf19547 to remote] DEBUG org.asynchttpclient.netty.request.NettyRequestSender - Using open Channel [id: 0x42c6fb4b, L:/127.0.0.1:63243 - R:localhost/127.0.0.1:59473] for POST '/session/69847854a598147b8497e163aaf19547/element'
09:47:46.287 [AsyncHttpClient-1-1] DEBUG org.asynchttpclient.netty.channel.DefaultChannelPool - Entry count for : http://localhost:63245 : 1
09:47:46.296 [AsyncHttpClient-1-11] DEBUG org.asynchttpclient.netty.handler.HttpHandler - 

Request DefaultHttpRequest(decodeResult: success, version: HTTP/1.1)
POST /session/69847854a598147b8497e163aaf19547/element HTTP/1.1
User-Agent: selenium/4.1.2 (java windows)
Content-Length: 321
Content-Type: application/json; charset=utf-8
host: localhost:59473
accept: */*

Response DefaultHttpResponse(decodeResult: success, version: HTTP/1.1)
HTTP/1.1 200 OK
Content-Type: application/json; charset=utf-8
cache-control: no-cache
content-length: 88

09:47:46.296 [AsyncHttpClient-1-11] DEBUG org.asynchttpclient.netty.channel.ChannelManager - Adding key: http://localhost:59473 for channel [id: 0x42c6fb4b, L:/127.0.0.1:63243 - R:localhost/127.0.0.1:59473]
09:47:46.298 [Forwarding clickElement on session 69847854a598147b8497e163aaf19547 to remote] DEBUG org.asynchttpclient.netty.request.NettyRequestSender - Using pooled Channel '[id: 0x42c6fb4b, L:/127.0.0.1:63243 - R:localhost/127.0.0.1:59473]' for 'POST' to 'http://localhost:59473/session/69847854a598147b8497e163aaf19547/element/afe7d560-7156-4ad3-a274-bb98cae70c65/click'
09:47:46.298 [Forwarding clickElement on session 69847854a598147b8497e163aaf19547 to remote] DEBUG org.asynchttpclient.netty.request.NettyRequestSender - Using open Channel [id: 0x42c6fb4b, L:/127.0.0.1:63243 - R:localhost/127.0.0.1:59473] for POST '/session/69847854a598147b8497e163aaf19547/element/afe7d560-7156-4ad3-a274-bb98cae70c65/click'
09:47:46.376 [AsyncHttpClient-1-11] DEBUG org.asynchttpclient.netty.handler.HttpHandler - 

Request DefaultHttpRequest(decodeResult: success, version: HTTP/1.1)
POST /session/69847854a598147b8497e163aaf19547/element/afe7d560-7156-4ad3-a274-bb98cae70c65/click HTTP/1.1
User-Agent: selenium/4.1.2 (java windows)
Content-Length: 50
Content-Type: application/json; charset=utf-8
host: localhost:59473
accept: */*

Response DefaultHttpResponse(decodeResult: success, version: HTTP/1.1)
HTTP/1.1 200 OK
Content-Type: application/json; charset=utf-8
cache-control: no-cache
content-length: 14

09:47:46.376 [AsyncHttpClient-1-11] DEBUG org.asynchttpclient.netty.channel.ChannelManager - Adding key: http://localhost:59473 for channel [id: 0x42c6fb4b, L:/127.0.0.1:63243 - R:localhost/127.0.0.1:59473]
  &amp#27;[32mAnd &amp#27;[0m&amp#27;[32mI have logged in&amp#27;[0m                    &amp#27;[90m# starter.stepdefinitions.ManageVaccinationBookingsSteps.iHaveLoggedIn()&amp#27;[0m
09:47:46.388 [Forwarding screenshot on session 69847854a598147b8497e163aaf19547 to remote] DEBUG org.asynchttpclient.netty.request.NettyRequestSender - Using pooled Channel '[id: 0x42c6fb4b, L:/127.0.0.1:63243 - R:localhost/127.0.0.1:59473]' for 'GET' to 'http://localhost:59473/session/69847854a598147b8497e163aaf19547/screenshot'
09:47:46.388 [Forwarding screenshot on session 69847854a598147b8497e163aaf19547 to remote] DEBUG org.asynchttpclient.netty.request.NettyRequestSender - Using open Channel [id: 0x42c6fb4b, L:/127.0.0.1:63243 - R:localhost/127.0.0.1:59473] for GET '/session/69847854a598147b8497e163aaf19547/screenshot'
09:47:46.693 [AsyncHttpClient-1-11] DEBUG org.asynchttpclient.netty.handler.HttpHandler - 

Request DefaultFullHttpRequest(decodeResult: success, version: HTTP/1.1, content: EmptyByteBufBE)
GET /session/69847854a598147b8497e163aaf19547/screenshot HTTP/1.1
User-Agent: selenium/4.1.2 (java windows)
Cache-Control: no-cache
Content-Type: application/json; charset=utf-8
host: localhost:59473
accept: */*

Response DefaultHttpResponse(decodeResult: success, version: HTTP/1.1)
HTTP/1.1 200 OK
Content-Type: application/json; charset=utf-8
cache-control: no-cache
content-length: 115732

09:47:46.693 [AsyncHttpClient-1-11] DEBUG org.asynchttpclient.netty.channel.ChannelManager - Adding key: http://localhost:59473 for channel [id: 0x42c6fb4b, L:/127.0.0.1:63243 - R:localhost/127.0.0.1:59473]
09:47:46.699 [main] DEBUG net.serenitybdd.core.photography.Darkroom - Send negative for processing for target\site\serenity\1637ead841b5a5a89ddd58a1f7d422d5a0e25df08b915ed3e48fe4e5d3d61596.png
09:47:46.699 [Darkroom Processing Line] DEBUG net.serenitybdd.core.photography.DarkroomProcessingLine - Processing screenshot image in /var/screenshots/screenshot-9217943842348874446
09:47:46.699 [Darkroom Processing Line] DEBUG net.serenitybdd.core.photography.DarkroomProcessingLine - Saving screenshot to target\site\serenity\1637ead841b5a5a89ddd58a1f7d422d5a0e25df08b915ed3e48fe4e5d3d61596.png
09:47:46.706 [Forwarding findElement on session 69847854a598147b8497e163aaf19547 to remote] DEBUG org.asynchttpclient.netty.request.NettyRequestSender - Using pooled Channel '[id: 0x42c6fb4b, L:/127.0.0.1:63243 - R:localhost/127.0.0.1:59473]' for 'POST' to 'http://localhost:59473/session/69847854a598147b8497e163aaf19547/element'
09:47:46.706 [Forwarding findElement on session 69847854a598147b8497e163aaf19547 to remote] DEBUG org.asynchttpclient.netty.request.NettyRequestSender - Using open Channel [id: 0x42c6fb4b, L:/127.0.0.1:63243 - R:localhost/127.0.0.1:59473] for POST '/session/69847854a598147b8497e163aaf19547/element'
09:47:46.911 [AsyncHttpClient-1-11] DEBUG org.asynchttpclient.netty.handler.HttpHandler - 

Request DefaultHttpRequest(decodeResult: success, version: HTTP/1.1)
POST /session/69847854a598147b8497e163aaf19547/element HTTP/1.1
User-Agent: selenium/4.1.2 (java windows)
Content-Length: 80
Content-Type: application/json; charset=utf-8
host: localhost:59473
accept: */*

Response DefaultHttpResponse(decodeResult: success, version: HTTP/1.1)
HTTP/1.1 200 OK
Content-Type: application/json; charset=utf-8
cache-control: no-cache
content-length: 88

09:47:46.911 [AsyncHttpClient-1-11] DEBUG org.asynchttpclient.netty.channel.ChannelManager - Adding key: http://localhost:59473 for channel [id: 0x42c6fb4b, L:/127.0.0.1:63243 - R:localhost/127.0.0.1:59473]
09:47:46.916 [Forwarding getElementTagName on session 69847854a598147b8497e163aaf19547 to remote] DEBUG org.asynchttpclient.netty.request.NettyRequestSender - Using pooled Channel '[id: 0x42c6fb4b, L:/127.0.0.1:63243 - R:localhost/127.0.0.1:59473]' for 'GET' to 'http://localhost:59473/session/69847854a598147b8497e163aaf19547/element/7993ba7a-01ab-4f32-b248-46b3eea6746b/name'
09:47:46.916 [Forwarding getElementTagName on session 69847854a598147b8497e163aaf19547 to remote] DEBUG org.asynchttpclient.netty.request.NettyRequestSender - Using open Channel [id: 0x42c6fb4b, L:/127.0.0.1:63243 - R:localhost/127.0.0.1:59473] for GET '/session/69847854a598147b8497e163aaf19547/element/7993ba7a-01ab-4f32-b248-46b3eea6746b/name'
09:47:46.941 [AsyncHttpClient-1-11] DEBUG org.asynchttpclient.netty.handler.HttpHandler - 

Request DefaultFullHttpRequest(decodeResult: success, version: HTTP/1.1, content: EmptyByteBufBE)
GET /session/69847854a598147b8497e163aaf19547/element/7993ba7a-01ab-4f32-b248-46b3eea6746b/name HTTP/1.1
User-Agent: selenium/4.1.2 (java windows)
Cache-Control: no-cache
Content-Type: application/json; charset=utf-8
host: localhost:59473
accept: */*

Response DefaultHttpResponse(decodeResult: success, version: HTTP/1.1)
HTTP/1.1 200 OK
Content-Type: application/json; charset=utf-8
cache-control: no-cache
content-length: 13

09:47:46.941 [AsyncHttpClient-1-11] DEBUG org.asynchttpclient.netty.channel.ChannelManager - Adding key: http://localhost:59473 for channel [id: 0x42c6fb4b, L:/127.0.0.1:63243 - R:localhost/127.0.0.1:59473]
09:47:46.942 [Forwarding getElementTagName on session 69847854a598147b8497e163aaf19547 to remote] DEBUG org.asynchttpclient.netty.request.NettyRequestSender - Using pooled Channel '[id: 0x42c6fb4b, L:/127.0.0.1:63243 - R:localhost/127.0.0.1:59473]' for 'GET' to 'http://localhost:59473/session/69847854a598147b8497e163aaf19547/element/7993ba7a-01ab-4f32-b248-46b3eea6746b/name'
09:47:46.942 [Forwarding getElementTagName on session 69847854a598147b8497e163aaf19547 to remote] DEBUG org.asynchttpclient.netty.request.NettyRequestSender - Using open Channel [id: 0x42c6fb4b, L:/127.0.0.1:63243 - R:localhost/127.0.0.1:59473] for GET '/session/69847854a598147b8497e163aaf19547/element/7993ba7a-01ab-4f32-b248-46b3eea6746b/name'
09:47:46.948 [AsyncHttpClient-1-11] DEBUG org.asynchttpclient.netty.handler.HttpHandler - 

Request DefaultFullHttpRequest(decodeResult: success, version: HTTP/1.1, content: EmptyByteBufBE)
GET /session/69847854a598147b8497e163aaf19547/element/7993ba7a-01ab-4f32-b248-46b3eea6746b/name HTTP/1.1
User-Agent: selenium/4.1.2 (java windows)
Cache-Control: no-cache
Content-Type: application/json; charset=utf-8
host: localhost:59473
accept: */*

Response DefaultHttpResponse(decodeResult: success, version: HTTP/1.1)
HTTP/1.1 200 OK
Content-Type: application/json; charset=utf-8
cache-control: no-cache
content-length: 13

09:47:46.948 [AsyncHttpClient-1-11] DEBUG org.asynchttpclient.netty.channel.ChannelManager - Adding key: http://localhost:59473 for channel [id: 0x42c6fb4b, L:/127.0.0.1:63243 - R:localhost/127.0.0.1:59473]
09:47:46.950 [Forwarding findElement on session 69847854a598147b8497e163aaf19547 to remote] DEBUG org.asynchttpclient.netty.request.NettyRequestSender - Using pooled Channel '[id: 0x42c6fb4b, L:/127.0.0.1:63243 - R:localhost/127.0.0.1:59473]' for 'POST' to 'http://localhost:59473/session/69847854a598147b8497e163aaf19547/element'
09:47:46.950 [Forwarding findElement on session 69847854a598147b8497e163aaf19547 to remote] DEBUG org.asynchttpclient.netty.request.NettyRequestSender - Using open Channel [id: 0x42c6fb4b, L:/127.0.0.1:63243 - R:localhost/127.0.0.1:59473] for POST '/session/69847854a598147b8497e163aaf19547/element'
09:47:46.959 [AsyncHttpClient-1-11] DEBUG org.asynchttpclient.netty.handler.HttpHandler - 

Request DefaultHttpRequest(decodeResult: success, version: HTTP/1.1)
POST /session/69847854a598147b8497e163aaf19547/element HTTP/1.1
User-Agent: selenium/4.1.2 (java windows)
Content-Length: 80
Content-Type: application/json; charset=utf-8
host: localhost:59473
accept: */*

Response DefaultHttpResponse(decodeResult: success, version: HTTP/1.1)
HTTP/1.1 200 OK
Content-Type: application/json; charset=utf-8
cache-control: no-cache
content-length: 88

09:47:46.960 [AsyncHttpClient-1-11] DEBUG org.asynchttpclient.netty.channel.ChannelManager - Adding key: http://localhost:59473 for channel [id: 0x42c6fb4b, L:/127.0.0.1:63243 - R:localhost/127.0.0.1:59473]
09:47:46.963 [Forwarding clickElement on session 69847854a598147b8497e163aaf19547 to remote] DEBUG org.asynchttpclient.netty.request.NettyRequestSender - Using pooled Channel '[id: 0x42c6fb4b, L:/127.0.0.1:63243 - R:localhost/127.0.0.1:59473]' for 'POST' to 'http://localhost:59473/session/69847854a598147b8497e163aaf19547/element/7993ba7a-01ab-4f32-b248-46b3eea6746b/click'
09:47:46.963 [Forwarding clickElement on session 69847854a598147b8497e163aaf19547 to remote] DEBUG org.asynchttpclient.netty.request.NettyRequestSender - Using open Channel [id: 0x42c6fb4b, L:/127.0.0.1:63243 - R:localhost/127.0.0.1:59473] for POST '/session/69847854a598147b8497e163aaf19547/element/7993ba7a-01ab-4f32-b248-46b3eea6746b/click'
09:47:47.185 [AsyncHttpClient-1-11] DEBUG org.asynchttpclient.netty.handler.HttpHandler - 

Request DefaultHttpRequest(decodeResult: success, version: HTTP/1.1)
POST /session/69847854a598147b8497e163aaf19547/element/7993ba7a-01ab-4f32-b248-46b3eea6746b/click HTTP/1.1
User-Agent: selenium/4.1.2 (java windows)
Content-Length: 50
Content-Type: application/json; charset=utf-8
host: localhost:59473
accept: */*

Response DefaultHttpResponse(decodeResult: success, version: HTTP/1.1)
HTTP/1.1 200 OK
Content-Type: application/json; charset=utf-8
cache-control: no-cache
content-length: 14

09:47:47.186 [AsyncHttpClient-1-11] DEBUG org.asynchttpclient.netty.channel.ChannelManager - Adding key: http://localhost:59473 for channel [id: 0x42c6fb4b, L:/127.0.0.1:63243 - R:localhost/127.0.0.1:59473]
  &amp#27;[32mWhen &amp#27;[0m&amp#27;[32mI go to Book Vaksinasi page&amp#27;[0m        &amp#27;[90m# starter.stepdefinitions.ManageVaccinationBookingsSteps.iGoToBookVaksinasiPage()&amp#27;[0m
09:47:47.197 [Forwarding screenshot on session 69847854a598147b8497e163aaf19547 to remote] DEBUG org.asynchttpclient.netty.request.NettyRequestSender - Using pooled Channel '[id: 0x42c6fb4b, L:/127.0.0.1:63243 - R:localhost/127.0.0.1:59473]' for 'GET' to 'http://localhost:59473/session/69847854a598147b8497e163aaf19547/screenshot'
09:47:47.198 [Forwarding screenshot on session 69847854a598147b8497e163aaf19547 to remote] DEBUG org.asynchttpclient.netty.request.NettyRequestSender - Using open Channel [id: 0x42c6fb4b, L:/127.0.0.1:63243 - R:localhost/127.0.0.1:59473] for GET '/session/69847854a598147b8497e163aaf19547/screenshot'
09:47:47.383 [AsyncHttpClient-1-1] DEBUG org.asynchttpclient.netty.channel.DefaultChannelPool - Entry count for : http://localhost:63245 : 1
09:47:47.547 [AsyncHttpClient-1-11] DEBUG org.asynchttpclient.netty.handler.HttpHandler - 

Request DefaultFullHttpRequest(decodeResult: success, version: HTTP/1.1, content: EmptyByteBufBE)
GET /session/69847854a598147b8497e163aaf19547/screenshot HTTP/1.1
User-Agent: selenium/4.1.2 (java windows)
Cache-Control: no-cache
Content-Type: application/json; charset=utf-8
host: localhost:59473
accept: */*

Response DefaultHttpResponse(decodeResult: success, version: HTTP/1.1)
HTTP/1.1 200 OK
Content-Type: application/json; charset=utf-8
cache-control: no-cache
content-length: 109324

09:47:47.548 [AsyncHttpClient-1-11] DEBUG org.asynchttpclient.netty.channel.ChannelManager - Adding key: http://localhost:59473 for channel [id: 0x42c6fb4b, L:/127.0.0.1:63243 - R:localhost/127.0.0.1:59473]
09:47:47.553 [main] DEBUG net.serenitybdd.core.photography.Darkroom - Send negative for processing for target\site\serenity\ff0bf85ce6f9ee51c93985ebbdafba9c280b059489ab9c4a0e987ab38ec3761d.png
09:47:47.553 [Darkroom Processing Line] DEBUG net.serenitybdd.core.photography.DarkroomProcessingLine - Processing screenshot image in /var/screenshots/screenshot-15456583555963292309
09:47:47.553 [Darkroom Processing Line] DEBUG net.serenitybdd.core.photography.DarkroomProcessingLine - Saving screenshot to target\site\serenity\ff0bf85ce6f9ee51c93985ebbdafba9c280b059489ab9c4a0e987ab38ec3761d.png
09:47:47.565 [Forwarding findElement on session 69847854a598147b8497e163aaf19547 to remote] DEBUG org.asynchttpclient.netty.request.NettyRequestSender - Using pooled Channel '[id: 0x42c6fb4b, L:/127.0.0.1:63243 - R:localhost/127.0.0.1:59473]' for 'POST' to 'http://localhost:59473/session/69847854a598147b8497e163aaf19547/element'
09:47:47.565 [Forwarding findElement on session 69847854a598147b8497e163aaf19547 to remote] DEBUG org.asynchttpclient.netty.request.NettyRequestSender - Using open Channel [id: 0x42c6fb4b, L:/127.0.0.1:63243 - R:localhost/127.0.0.1:59473] for POST '/session/69847854a598147b8497e163aaf19547/element'
09:47:47.582 [AsyncHttpClient-1-11] DEBUG org.asynchttpclient.netty.handler.HttpHandler - 

Request DefaultHttpRequest(decodeResult: success, version: HTTP/1.1)
POST /session/69847854a598147b8497e163aaf19547/element HTTP/1.1
User-Agent: selenium/4.1.2 (java windows)
Content-Length: 117
Content-Type: application/json; charset=utf-8
host: localhost:59473
accept: */*

Response DefaultHttpResponse(decodeResult: success, version: HTTP/1.1)
HTTP/1.1 200 OK
Content-Type: application/json; charset=utf-8
cache-control: no-cache
content-length: 88

09:47:47.582 [AsyncHttpClient-1-11] DEBUG org.asynchttpclient.netty.channel.ChannelManager - Adding key: http://localhost:59473 for channel [id: 0x42c6fb4b, L:/127.0.0.1:63243 - R:localhost/127.0.0.1:59473]
09:47:47.584 [Forwarding getElementTagName on session 69847854a598147b8497e163aaf19547 to remote] DEBUG org.asynchttpclient.netty.request.NettyRequestSender - Using pooled Channel '[id: 0x42c6fb4b, L:/127.0.0.1:63243 - R:localhost/127.0.0.1:59473]' for 'GET' to 'http://localhost:59473/session/69847854a598147b8497e163aaf19547/element/dce82c8d-5d7b-4ec3-860a-7b1f748393b4/name'
09:47:47.584 [Forwarding getElementTagName on session 69847854a598147b8497e163aaf19547 to remote] DEBUG org.asynchttpclient.netty.request.NettyRequestSender - Using open Channel [id: 0x42c6fb4b, L:/127.0.0.1:63243 - R:localhost/127.0.0.1:59473] for GET '/session/69847854a598147b8497e163aaf19547/element/dce82c8d-5d7b-4ec3-860a-7b1f748393b4/name'
09:47:47.590 [AsyncHttpClient-1-11] DEBUG org.asynchttpclient.netty.handler.HttpHandler - 

Request DefaultFullHttpRequest(decodeResult: success, version: HTTP/1.1, content: EmptyByteBufBE)
GET /session/69847854a598147b8497e163aaf19547/element/dce82c8d-5d7b-4ec3-860a-7b1f748393b4/name HTTP/1.1
User-Agent: selenium/4.1.2 (java windows)
Cache-Control: no-cache
Content-Type: application/json; charset=utf-8
host: localhost:59473
accept: */*

Response DefaultHttpResponse(decodeResult: success, version: HTTP/1.1)
HTTP/1.1 200 OK
Content-Type: application/json; charset=utf-8
cache-control: no-cache
content-length: 15

09:47:47.590 [AsyncHttpClient-1-11] DEBUG org.asynchttpclient.netty.channel.ChannelManager - Adding key: http://localhost:59473 for channel [id: 0x42c6fb4b, L:/127.0.0.1:63243 - R:localhost/127.0.0.1:59473]
09:47:47.591 [Forwarding getElementTagName on session 69847854a598147b8497e163aaf19547 to remote] DEBUG org.asynchttpclient.netty.request.NettyRequestSender - Using pooled Channel '[id: 0x42c6fb4b, L:/127.0.0.1:63243 - R:localhost/127.0.0.1:59473]' for 'GET' to 'http://localhost:59473/session/69847854a598147b8497e163aaf19547/element/dce82c8d-5d7b-4ec3-860a-7b1f748393b4/name'
09:47:47.591 [Forwarding getElementTagName on session 69847854a598147b8497e163aaf19547 to remote] DEBUG org.asynchttpclient.netty.request.NettyRequestSender - Using open Channel [id: 0x42c6fb4b, L:/127.0.0.1:63243 - R:localhost/127.0.0.1:59473] for GET '/session/69847854a598147b8497e163aaf19547/element/dce82c8d-5d7b-4ec3-860a-7b1f748393b4/name'
09:47:47.598 [AsyncHttpClient-1-11] DEBUG org.asynchttpclient.netty.handler.HttpHandler - 

Request DefaultFullHttpRequest(decodeResult: success, version: HTTP/1.1, content: EmptyByteBufBE)
GET /session/69847854a598147b8497e163aaf19547/element/dce82c8d-5d7b-4ec3-860a-7b1f748393b4/name HTTP/1.1
User-Agent: selenium/4.1.2 (java windows)
Cache-Control: no-cache
Content-Type: application/json; charset=utf-8
host: localhost:59473
accept: */*

Response DefaultHttpResponse(decodeResult: success, version: HTTP/1.1)
HTTP/1.1 200 OK
Content-Type: application/json; charset=utf-8
cache-control: no-cache
content-length: 15

09:47:47.598 [AsyncHttpClient-1-11] DEBUG org.asynchttpclient.netty.channel.ChannelManager - Adding key: http://localhost:59473 for channel [id: 0x42c6fb4b, L:/127.0.0.1:63243 - R:localhost/127.0.0.1:59473]
09:47:47.600 [Forwarding findElement on session 69847854a598147b8497e163aaf19547 to remote] DEBUG org.asynchttpclient.netty.request.NettyRequestSender - Using pooled Channel '[id: 0x42c6fb4b, L:/127.0.0.1:63243 - R:localhost/127.0.0.1:59473]' for 'POST' to 'http://localhost:59473/session/69847854a598147b8497e163aaf19547/element'
09:47:47.601 [Forwarding findElement on session 69847854a598147b8497e163aaf19547 to remote] DEBUG org.asynchttpclient.netty.request.NettyRequestSender - Using open Channel [id: 0x42c6fb4b, L:/127.0.0.1:63243 - R:localhost/127.0.0.1:59473] for POST '/session/69847854a598147b8497e163aaf19547/element'
09:47:47.611 [AsyncHttpClient-1-11] DEBUG org.asynchttpclient.netty.handler.HttpHandler - 

Request DefaultHttpRequest(decodeResult: success, version: HTTP/1.1)
POST /session/69847854a598147b8497e163aaf19547/element HTTP/1.1
User-Agent: selenium/4.1.2 (java windows)
Content-Length: 117
Content-Type: application/json; charset=utf-8
host: localhost:59473
accept: */*

Response DefaultHttpResponse(decodeResult: success, version: HTTP/1.1)
HTTP/1.1 200 OK
Content-Type: application/json; charset=utf-8
cache-control: no-cache
content-length: 88

09:47:47.612 [AsyncHttpClient-1-11] DEBUG org.asynchttpclient.netty.channel.ChannelManager - Adding key: http://localhost:59473 for channel [id: 0x42c6fb4b, L:/127.0.0.1:63243 - R:localhost/127.0.0.1:59473]
09:47:47.615 [Forwarding clickElement on session 69847854a598147b8497e163aaf19547 to remote] DEBUG org.asynchttpclient.netty.request.NettyRequestSender - Using pooled Channel '[id: 0x42c6fb4b, L:/127.0.0.1:63243 - R:localhost/127.0.0.1:59473]' for 'POST' to 'http://localhost:59473/session/69847854a598147b8497e163aaf19547/element/dce82c8d-5d7b-4ec3-860a-7b1f748393b4/click'
09:47:47.615 [Forwarding clickElement on session 69847854a598147b8497e163aaf19547 to remote] DEBUG org.asynchttpclient.netty.request.NettyRequestSender - Using open Channel [id: 0x42c6fb4b, L:/127.0.0.1:63243 - R:localhost/127.0.0.1:59473] for POST '/session/69847854a598147b8497e163aaf19547/element/dce82c8d-5d7b-4ec3-860a-7b1f748393b4/click'
09:47:47.805 [AsyncHttpClient-1-11] DEBUG org.asynchttpclient.netty.handler.HttpHandler - 

Request DefaultHttpRequest(decodeResult: success, version: HTTP/1.1)
POST /session/69847854a598147b8497e163aaf19547/element/dce82c8d-5d7b-4ec3-860a-7b1f748393b4/click HTTP/1.1
User-Agent: selenium/4.1.2 (java windows)
Content-Length: 50
Content-Type: application/json; charset=utf-8
host: localhost:59473
accept: */*

Response DefaultHttpResponse(decodeResult: success, version: HTTP/1.1)
HTTP/1.1 200 OK
Content-Type: application/json; charset=utf-8
cache-control: no-cache
content-length: 14

09:47:47.805 [AsyncHttpClient-1-11] DEBUG org.asynchttpclient.netty.channel.ChannelManager - Adding key: http://localhost:59473 for channel [id: 0x42c6fb4b, L:/127.0.0.1:63243 - R:localhost/127.0.0.1:59473]
  &amp#27;[32mAnd &amp#27;[0m&amp#27;[32mI select a session&amp#27;[0m                  &amp#27;[90m# starter.stepdefinitions.ManageVaccinationBookingsSteps.iSelectASession()&amp#27;[0m
09:47:47.818 [Forwarding screenshot on session 69847854a598147b8497e163aaf19547 to remote] DEBUG org.asynchttpclient.netty.request.NettyRequestSender - Using pooled Channel '[id: 0x42c6fb4b, L:/127.0.0.1:63243 - R:localhost/127.0.0.1:59473]' for 'GET' to 'http://localhost:59473/session/69847854a598147b8497e163aaf19547/screenshot'
09:47:47.818 [Forwarding screenshot on session 69847854a598147b8497e163aaf19547 to remote] DEBUG org.asynchttpclient.netty.request.NettyRequestSender - Using open Channel [id: 0x42c6fb4b, L:/127.0.0.1:63243 - R:localhost/127.0.0.1:59473] for GET '/session/69847854a598147b8497e163aaf19547/screenshot'
09:47:48.136 [AsyncHttpClient-1-11] DEBUG org.asynchttpclient.netty.handler.HttpHandler - 

Request DefaultFullHttpRequest(decodeResult: success, version: HTTP/1.1, content: EmptyByteBufBE)
GET /session/69847854a598147b8497e163aaf19547/screenshot HTTP/1.1
User-Agent: selenium/4.1.2 (java windows)
Cache-Control: no-cache
Content-Type: application/json; charset=utf-8
host: localhost:59473
accept: */*

Response DefaultHttpResponse(decodeResult: success, version: HTTP/1.1)
HTTP/1.1 200 OK
Content-Type: application/json; charset=utf-8
cache-control: no-cache
content-length: 148072

09:47:48.136 [AsyncHttpClient-1-11] DEBUG org.asynchttpclient.netty.channel.ChannelManager - Adding key: http://localhost:59473 for channel [id: 0x42c6fb4b, L:/127.0.0.1:63243 - R:localhost/127.0.0.1:59473]
09:47:48.141 [main] DEBUG net.serenitybdd.core.photography.Darkroom - Send negative for processing for target\site\serenity\aee51a0e5a8430b04eee0cd8afa68ddc165a71f717a26536c033afeea188a21d.png
09:47:48.141 [Darkroom Processing Line] DEBUG net.serenitybdd.core.photography.DarkroomProcessingLine - Processing screenshot image in /var/screenshots/screenshot-9612853009928220801
09:47:48.141 [Darkroom Processing Line] DEBUG net.serenitybdd.core.photography.DarkroomProcessingLine - Saving screenshot to target\site\serenity\aee51a0e5a8430b04eee0cd8afa68ddc165a71f717a26536c033afeea188a21d.png
09:47:48.157 [Forwarding findElement on session 69847854a598147b8497e163aaf19547 to remote] DEBUG org.asynchttpclient.netty.request.NettyRequestSender - Using pooled Channel '[id: 0x42c6fb4b, L:/127.0.0.1:63243 - R:localhost/127.0.0.1:59473]' for 'POST' to 'http://localhost:59473/session/69847854a598147b8497e163aaf19547/element'
09:47:48.157 [Forwarding findElement on session 69847854a598147b8497e163aaf19547 to remote] DEBUG org.asynchttpclient.netty.request.NettyRequestSender - Using open Channel [id: 0x42c6fb4b, L:/127.0.0.1:63243 - R:localhost/127.0.0.1:59473] for POST '/session/69847854a598147b8497e163aaf19547/element'
09:47:48.174 [AsyncHttpClient-1-11] DEBUG org.asynchttpclient.netty.handler.HttpHandler - 

Request DefaultHttpRequest(decodeResult: success, version: HTTP/1.1)
POST /session/69847854a598147b8497e163aaf19547/element HTTP/1.1
User-Agent: selenium/4.1.2 (java windows)
Content-Length: 85
Content-Type: application/json; charset=utf-8
host: localhost:59473
accept: */*

Response DefaultHttpResponse(decodeResult: success, version: HTTP/1.1)
HTTP/1.1 200 OK
Content-Type: application/json; charset=utf-8
cache-control: no-cache
content-length: 88

09:47:48.174 [AsyncHttpClient-1-11] DEBUG org.asynchttpclient.netty.channel.ChannelManager - Adding key: http://localhost:59473 for channel [id: 0x42c6fb4b, L:/127.0.0.1:63243 - R:localhost/127.0.0.1:59473]
09:47:48.176 [Forwarding getElementTagName on session 69847854a598147b8497e163aaf19547 to remote] DEBUG org.asynchttpclient.netty.request.NettyRequestSender - Using pooled Channel '[id: 0x42c6fb4b, L:/127.0.0.1:63243 - R:localhost/127.0.0.1:59473]' for 'GET' to 'http://localhost:59473/session/69847854a598147b8497e163aaf19547/element/bfcff905-f6d8-4109-a2cf-2abb8c7a268f/name'
09:47:48.176 [Forwarding getElementTagName on session 69847854a598147b8497e163aaf19547 to remote] DEBUG org.asynchttpclient.netty.request.NettyRequestSender - Using open Channel [id: 0x42c6fb4b, L:/127.0.0.1:63243 - R:localhost/127.0.0.1:59473] for GET '/session/69847854a598147b8497e163aaf19547/element/bfcff905-f6d8-4109-a2cf-2abb8c7a268f/name'
09:47:48.185 [AsyncHttpClient-1-11] DEBUG org.asynchttpclient.netty.handler.HttpHandler - 

Request DefaultFullHttpRequest(decodeResult: success, version: HTTP/1.1, content: EmptyByteBufBE)
GET /session/69847854a598147b8497e163aaf19547/element/bfcff905-f6d8-4109-a2cf-2abb8c7a268f/name HTTP/1.1
User-Agent: selenium/4.1.2 (java windows)
Cache-Control: no-cache
Content-Type: application/json; charset=utf-8
host: localhost:59473
accept: */*

Response DefaultHttpResponse(decodeResult: success, version: HTTP/1.1)
HTTP/1.1 200 OK
Content-Type: application/json; charset=utf-8
cache-control: no-cache
content-length: 17

09:47:48.185 [AsyncHttpClient-1-11] DEBUG org.asynchttpclient.netty.channel.ChannelManager - Adding key: http://localhost:59473 for channel [id: 0x42c6fb4b, L:/127.0.0.1:63243 - R:localhost/127.0.0.1:59473]
09:47:48.187 [Forwarding getElementTagName on session 69847854a598147b8497e163aaf19547 to remote] DEBUG org.asynchttpclient.netty.request.NettyRequestSender - Using pooled Channel '[id: 0x42c6fb4b, L:/127.0.0.1:63243 - R:localhost/127.0.0.1:59473]' for 'GET' to 'http://localhost:59473/session/69847854a598147b8497e163aaf19547/element/bfcff905-f6d8-4109-a2cf-2abb8c7a268f/name'
09:47:48.187 [Forwarding getElementTagName on session 69847854a598147b8497e163aaf19547 to remote] DEBUG org.asynchttpclient.netty.request.NettyRequestSender - Using open Channel [id: 0x42c6fb4b, L:/127.0.0.1:63243 - R:localhost/127.0.0.1:59473] for GET '/session/69847854a598147b8497e163aaf19547/element/bfcff905-f6d8-4109-a2cf-2abb8c7a268f/name'
09:47:48.192 [AsyncHttpClient-1-11] DEBUG org.asynchttpclient.netty.handler.HttpHandler - 

Request DefaultFullHttpRequest(decodeResult: success, version: HTTP/1.1, content: EmptyByteBufBE)
GET /session/69847854a598147b8497e163aaf19547/element/bfcff905-f6d8-4109-a2cf-2abb8c7a268f/name HTTP/1.1
User-Agent: selenium/4.1.2 (java windows)
Cache-Control: no-cache
Content-Type: application/json; charset=utf-8
host: localhost:59473
accept: */*

Response DefaultHttpResponse(decodeResult: success, version: HTTP/1.1)
HTTP/1.1 200 OK
Content-Type: application/json; charset=utf-8
cache-control: no-cache
content-length: 17

09:47:48.192 [AsyncHttpClient-1-11] DEBUG org.asynchttpclient.netty.channel.ChannelManager - Adding key: http://localhost:59473 for channel [id: 0x42c6fb4b, L:/127.0.0.1:63243 - R:localhost/127.0.0.1:59473]
09:47:48.193 [Forwarding isElementEnabled on session 69847854a598147b8497e163aaf19547 to remote] DEBUG org.asynchttpclient.netty.request.NettyRequestSender - Using pooled Channel '[id: 0x42c6fb4b, L:/127.0.0.1:63243 - R:localhost/127.0.0.1:59473]' for 'GET' to 'http://localhost:59473/session/69847854a598147b8497e163aaf19547/element/bfcff905-f6d8-4109-a2cf-2abb8c7a268f/enabled'
09:47:48.194 [Forwarding isElementEnabled on session 69847854a598147b8497e163aaf19547 to remote] DEBUG org.asynchttpclient.netty.request.NettyRequestSender - Using open Channel [id: 0x42c6fb4b, L:/127.0.0.1:63243 - R:localhost/127.0.0.1:59473] for GET '/session/69847854a598147b8497e163aaf19547/element/bfcff905-f6d8-4109-a2cf-2abb8c7a268f/enabled'
09:47:48.205 [AsyncHttpClient-1-11] DEBUG org.asynchttpclient.netty.handler.HttpHandler - 

Request DefaultFullHttpRequest(decodeResult: success, version: HTTP/1.1, content: EmptyByteBufBE)
GET /session/69847854a598147b8497e163aaf19547/element/bfcff905-f6d8-4109-a2cf-2abb8c7a268f/enabled HTTP/1.1
User-Agent: selenium/4.1.2 (java windows)
Cache-Control: no-cache
Content-Type: application/json; charset=utf-8
host: localhost:59473
accept: */*

Response DefaultHttpResponse(decodeResult: success, version: HTTP/1.1)
HTTP/1.1 200 OK
Content-Type: application/json; charset=utf-8
cache-control: no-cache
content-length: 14

09:47:48.205 [AsyncHttpClient-1-11] DEBUG org.asynchttpclient.netty.channel.ChannelManager - Adding key: http://localhost:59473 for channel [id: 0x42c6fb4b, L:/127.0.0.1:63243 - R:localhost/127.0.0.1:59473]
09:47:48.206 [Forwarding isElementEnabled on session 69847854a598147b8497e163aaf19547 to remote] DEBUG org.asynchttpclient.netty.request.NettyRequestSender - Using pooled Channel '[id: 0x42c6fb4b, L:/127.0.0.1:63243 - R:localhost/127.0.0.1:59473]' for 'GET' to 'http://localhost:59473/session/69847854a598147b8497e163aaf19547/element/bfcff905-f6d8-4109-a2cf-2abb8c7a268f/enabled'
09:47:48.206 [Forwarding isElementEnabled on session 69847854a598147b8497e163aaf19547 to remote] DEBUG org.asynchttpclient.netty.request.NettyRequestSender - Using open Channel [id: 0x42c6fb4b, L:/127.0.0.1:63243 - R:localhost/127.0.0.1:59473] for GET '/session/69847854a598147b8497e163aaf19547/element/bfcff905-f6d8-4109-a2cf-2abb8c7a268f/enabled'
09:47:48.216 [AsyncHttpClient-1-11] DEBUG org.asynchttpclient.netty.handler.HttpHandler - 

Request DefaultFullHttpRequest(decodeResult: success, version: HTTP/1.1, content: EmptyByteBufBE)
GET /session/69847854a598147b8497e163aaf19547/element/bfcff905-f6d8-4109-a2cf-2abb8c7a268f/enabled HTTP/1.1
User-Agent: selenium/4.1.2 (java windows)
Cache-Control: no-cache
Content-Type: application/json; charset=utf-8
host: localhost:59473
accept: */*

Response DefaultHttpResponse(decodeResult: success, version: HTTP/1.1)
HTTP/1.1 200 OK
Content-Type: application/json; charset=utf-8
cache-control: no-cache
content-length: 14

09:47:48.216 [AsyncHttpClient-1-11] DEBUG org.asynchttpclient.netty.channel.ChannelManager - Adding key: http://localhost:59473 for channel [id: 0x42c6fb4b, L:/127.0.0.1:63243 - R:localhost/127.0.0.1:59473]
09:47:48.218 [Forwarding findElement on session 69847854a598147b8497e163aaf19547 to remote] DEBUG org.asynchttpclient.netty.request.NettyRequestSender - Using pooled Channel '[id: 0x42c6fb4b, L:/127.0.0.1:63243 - R:localhost/127.0.0.1:59473]' for 'POST' to 'http://localhost:59473/session/69847854a598147b8497e163aaf19547/element'
09:47:48.218 [Forwarding findElement on session 69847854a598147b8497e163aaf19547 to remote] DEBUG org.asynchttpclient.netty.request.NettyRequestSender - Using open Channel [id: 0x42c6fb4b, L:/127.0.0.1:63243 - R:localhost/127.0.0.1:59473] for POST '/session/69847854a598147b8497e163aaf19547/element'
09:47:48.225 [AsyncHttpClient-1-11] DEBUG org.asynchttpclient.netty.handler.HttpHandler - 

Request DefaultHttpRequest(decodeResult: success, version: HTTP/1.1)
POST /session/69847854a598147b8497e163aaf19547/element HTTP/1.1
User-Agent: selenium/4.1.2 (java windows)
Content-Length: 85
Content-Type: application/json; charset=utf-8
host: localhost:59473
accept: */*

Response DefaultHttpResponse(decodeResult: success, version: HTTP/1.1)
HTTP/1.1 200 OK
Content-Type: application/json; charset=utf-8
cache-control: no-cache
content-length: 88

09:47:48.226 [AsyncHttpClient-1-11] DEBUG org.asynchttpclient.netty.channel.ChannelManager - Adding key: http://localhost:59473 for channel [id: 0x42c6fb4b, L:/127.0.0.1:63243 - R:localhost/127.0.0.1:59473]
09:47:48.229 [Forwarding clickElement on session 69847854a598147b8497e163aaf19547 to remote] DEBUG org.asynchttpclient.netty.request.NettyRequestSender - Using pooled Channel '[id: 0x42c6fb4b, L:/127.0.0.1:63243 - R:localhost/127.0.0.1:59473]' for 'POST' to 'http://localhost:59473/session/69847854a598147b8497e163aaf19547/element/bfcff905-f6d8-4109-a2cf-2abb8c7a268f/click'
09:47:48.229 [Forwarding clickElement on session 69847854a598147b8497e163aaf19547 to remote] DEBUG org.asynchttpclient.netty.request.NettyRequestSender - Using open Channel [id: 0x42c6fb4b, L:/127.0.0.1:63243 - R:localhost/127.0.0.1:59473] for POST '/session/69847854a598147b8497e163aaf19547/element/bfcff905-f6d8-4109-a2cf-2abb8c7a268f/click'
09:47:48.402 [AsyncHttpClient-1-11] DEBUG org.asynchttpclient.netty.handler.HttpHandler - 

Request DefaultHttpRequest(decodeResult: success, version: HTTP/1.1)
POST /session/69847854a598147b8497e163aaf19547/element/bfcff905-f6d8-4109-a2cf-2abb8c7a268f/click HTTP/1.1
User-Agent: selenium/4.1.2 (java windows)
Content-Length: 50
Content-Type: application/json; charset=utf-8
host: localhost:59473
accept: */*

Response DefaultHttpResponse(decodeResult: success, version: HTTP/1.1)
HTTP/1.1 200 OK
Content-Type: application/json; charset=utf-8
cache-control: no-cache
content-length: 14

09:47:48.402 [AsyncHttpClient-1-11] DEBUG org.asynchttpclient.netty.channel.ChannelManager - Adding key: http://localhost:59473 for channel [id: 0x42c6fb4b, L:/127.0.0.1:63243 - R:localhost/127.0.0.1:59473]
  &amp#27;[32mAnd &amp#27;[0m&amp#27;[32mI select all bookings&amp#27;[0m               &amp#27;[90m# starter.stepdefinitions.ManageVaccinationBookingsSteps.iSelectAllBookings()&amp#27;[0m
09:47:48.408 [Forwarding screenshot on session 69847854a598147b8497e163aaf19547 to remote] DEBUG org.asynchttpclient.netty.request.NettyRequestSender - Using pooled Channel '[id: 0x42c6fb4b, L:/127.0.0.1:63243 - R:localhost/127.0.0.1:59473]' for 'GET' to 'http://localhost:59473/session/69847854a598147b8497e163aaf19547/screenshot'
09:47:48.409 [Forwarding screenshot on session 69847854a598147b8497e163aaf19547 to remote] DEBUG org.asynchttpclient.netty.request.NettyRequestSender - Using open Channel [id: 0x42c6fb4b, L:/127.0.0.1:63243 - R:localhost/127.0.0.1:59473] for GET '/session/69847854a598147b8497e163aaf19547/screenshot'
09:47:48.488 [AsyncHttpClient-1-1] DEBUG org.asynchttpclient.netty.channel.DefaultChannelPool - Entry count for : http://localhost:63245 : 1
09:47:48.650 [AsyncHttpClient-1-11] DEBUG org.asynchttpclient.netty.handler.HttpHandler - 

Request DefaultFullHttpRequest(decodeResult: success, version: HTTP/1.1, content: EmptyByteBufBE)
GET /session/69847854a598147b8497e163aaf19547/screenshot HTTP/1.1
User-Agent: selenium/4.1.2 (java windows)
Cache-Control: no-cache
Content-Type: application/json; charset=utf-8
host: localhost:59473
accept: */*

Response DefaultHttpResponse(decodeResult: success, version: HTTP/1.1)
HTTP/1.1 200 OK
Content-Type: application/json; charset=utf-8
cache-control: no-cache
content-length: 188916

09:47:48.650 [AsyncHttpClient-1-11] DEBUG org.asynchttpclient.netty.channel.ChannelManager - Adding key: http://localhost:59473 for channel [id: 0x42c6fb4b, L:/127.0.0.1:63243 - R:localhost/127.0.0.1:59473]
09:47:48.655 [main] DEBUG net.serenitybdd.core.photography.Darkroom - Send negative for processing for target\site\serenity\1008dfc224e7284e4d21437b1c0fddbdc8494fd0b9e8124ffc843931eeeb141b.png
09:47:48.655 [Darkroom Processing Line] DEBUG net.serenitybdd.core.photography.DarkroomProcessingLine - Processing screenshot image in /var/screenshots/screenshot-5401900067988248079
09:47:48.655 [Darkroom Processing Line] DEBUG net.serenitybdd.core.photography.DarkroomProcessingLine - Saving screenshot to target\site\serenity\1008dfc224e7284e4d21437b1c0fddbdc8494fd0b9e8124ffc843931eeeb141b.png
09:47:48.670 [Forwarding findElement on session 69847854a598147b8497e163aaf19547 to remote] DEBUG org.asynchttpclient.netty.request.NettyRequestSender - Using pooled Channel '[id: 0x42c6fb4b, L:/127.0.0.1:63243 - R:localhost/127.0.0.1:59473]' for 'POST' to 'http://localhost:59473/session/69847854a598147b8497e163aaf19547/element'
09:47:48.670 [Forwarding findElement on session 69847854a598147b8497e163aaf19547 to remote] DEBUG org.asynchttpclient.netty.request.NettyRequestSender - Using open Channel [id: 0x42c6fb4b, L:/127.0.0.1:63243 - R:localhost/127.0.0.1:59473] for POST '/session/69847854a598147b8497e163aaf19547/element'
09:47:48.686 [AsyncHttpClient-1-11] DEBUG org.asynchttpclient.netty.handler.HttpHandler - 

Request DefaultHttpRequest(decodeResult: success, version: HTTP/1.1)
POST /session/69847854a598147b8497e163aaf19547/element HTTP/1.1
User-Agent: selenium/4.1.2 (java windows)
Content-Length: 313
Content-Type: application/json; charset=utf-8
host: localhost:59473
accept: */*

Response DefaultHttpResponse(decodeResult: success, version: HTTP/1.1)
HTTP/1.1 200 OK
Content-Type: application/json; charset=utf-8
cache-control: no-cache
content-length: 88

09:47:48.686 [AsyncHttpClient-1-11] DEBUG org.asynchttpclient.netty.channel.ChannelManager - Adding key: http://localhost:59473 for channel [id: 0x42c6fb4b, L:/127.0.0.1:63243 - R:localhost/127.0.0.1:59473]
09:47:48.687 [Forwarding getElementTagName on session 69847854a598147b8497e163aaf19547 to remote] DEBUG org.asynchttpclient.netty.request.NettyRequestSender - Using pooled Channel '[id: 0x42c6fb4b, L:/127.0.0.1:63243 - R:localhost/127.0.0.1:59473]' for 'GET' to 'http://localhost:59473/session/69847854a598147b8497e163aaf19547/element/9550fdeb-a582-4cb5-9bf4-d9e44178ca8f/name'
09:47:48.687 [Forwarding getElementTagName on session 69847854a598147b8497e163aaf19547 to remote] DEBUG org.asynchttpclient.netty.request.NettyRequestSender - Using open Channel [id: 0x42c6fb4b, L:/127.0.0.1:63243 - R:localhost/127.0.0.1:59473] for GET '/session/69847854a598147b8497e163aaf19547/element/9550fdeb-a582-4cb5-9bf4-d9e44178ca8f/name'
09:47:48.692 [AsyncHttpClient-1-11] DEBUG org.asynchttpclient.netty.handler.HttpHandler - 

Request DefaultFullHttpRequest(decodeResult: success, version: HTTP/1.1, content: EmptyByteBufBE)
GET /session/69847854a598147b8497e163aaf19547/element/9550fdeb-a582-4cb5-9bf4-d9e44178ca8f/name HTTP/1.1
User-Agent: selenium/4.1.2 (java windows)
Cache-Control: no-cache
Content-Type: application/json; charset=utf-8
host: localhost:59473
accept: */*

Response DefaultHttpResponse(decodeResult: success, version: HTTP/1.1)
HTTP/1.1 200 OK
Content-Type: application/json; charset=utf-8
cache-control: no-cache
content-length: 18

09:47:48.693 [AsyncHttpClient-1-11] DEBUG org.asynchttpclient.netty.channel.ChannelManager - Adding key: http://localhost:59473 for channel [id: 0x42c6fb4b, L:/127.0.0.1:63243 - R:localhost/127.0.0.1:59473]
09:47:48.694 [Forwarding getElementTagName on session 69847854a598147b8497e163aaf19547 to remote] DEBUG org.asynchttpclient.netty.request.NettyRequestSender - Using pooled Channel '[id: 0x42c6fb4b, L:/127.0.0.1:63243 - R:localhost/127.0.0.1:59473]' for 'GET' to 'http://localhost:59473/session/69847854a598147b8497e163aaf19547/element/9550fdeb-a582-4cb5-9bf4-d9e44178ca8f/name'
09:47:48.694 [Forwarding getElementTagName on session 69847854a598147b8497e163aaf19547 to remote] DEBUG org.asynchttpclient.netty.request.NettyRequestSender - Using open Channel [id: 0x42c6fb4b, L:/127.0.0.1:63243 - R:localhost/127.0.0.1:59473] for GET '/session/69847854a598147b8497e163aaf19547/element/9550fdeb-a582-4cb5-9bf4-d9e44178ca8f/name'
09:47:48.701 [AsyncHttpClient-1-11] DEBUG org.asynchttpclient.netty.handler.HttpHandler - 

Request DefaultFullHttpRequest(decodeResult: success, version: HTTP/1.1, content: EmptyByteBufBE)
GET /session/69847854a598147b8497e163aaf19547/element/9550fdeb-a582-4cb5-9bf4-d9e44178ca8f/name HTTP/1.1
User-Agent: selenium/4.1.2 (java windows)
Cache-Control: no-cache
Content-Type: application/json; charset=utf-8
host: localhost:59473
accept: */*

Response DefaultHttpResponse(decodeResult: success, version: HTTP/1.1)
HTTP/1.1 200 OK
Content-Type: application/json; charset=utf-8
cache-control: no-cache
content-length: 18

09:47:48.701 [AsyncHttpClient-1-11] DEBUG org.asynchttpclient.netty.channel.ChannelManager - Adding key: http://localhost:59473 for channel [id: 0x42c6fb4b, L:/127.0.0.1:63243 - R:localhost/127.0.0.1:59473]
09:47:48.705 [Forwarding isElementEnabled on session 69847854a598147b8497e163aaf19547 to remote] DEBUG org.asynchttpclient.netty.request.NettyRequestSender - Using pooled Channel '[id: 0x42c6fb4b, L:/127.0.0.1:63243 - R:localhost/127.0.0.1:59473]' for 'GET' to 'http://localhost:59473/session/69847854a598147b8497e163aaf19547/element/9550fdeb-a582-4cb5-9bf4-d9e44178ca8f/enabled'
09:47:48.705 [Forwarding isElementEnabled on session 69847854a598147b8497e163aaf19547 to remote] DEBUG org.asynchttpclient.netty.request.NettyRequestSender - Using open Channel [id: 0x42c6fb4b, L:/127.0.0.1:63243 - R:localhost/127.0.0.1:59473] for GET '/session/69847854a598147b8497e163aaf19547/element/9550fdeb-a582-4cb5-9bf4-d9e44178ca8f/enabled'
09:47:48.720 [AsyncHttpClient-1-11] DEBUG org.asynchttpclient.netty.handler.HttpHandler - 

Request DefaultFullHttpRequest(decodeResult: success, version: HTTP/1.1, content: EmptyByteBufBE)
GET /session/69847854a598147b8497e163aaf19547/element/9550fdeb-a582-4cb5-9bf4-d9e44178ca8f/enabled HTTP/1.1
User-Agent: selenium/4.1.2 (java windows)
Cache-Control: no-cache
Content-Type: application/json; charset=utf-8
host: localhost:59473
accept: */*

Response DefaultHttpResponse(decodeResult: success, version: HTTP/1.1)
HTTP/1.1 200 OK
Content-Type: application/json; charset=utf-8
cache-control: no-cache
content-length: 14

09:47:48.720 [AsyncHttpClient-1-11] DEBUG org.asynchttpclient.netty.channel.ChannelManager - Adding key: http://localhost:59473 for channel [id: 0x42c6fb4b, L:/127.0.0.1:63243 - R:localhost/127.0.0.1:59473]
09:47:48.723 [Forwarding isElementEnabled on session 69847854a598147b8497e163aaf19547 to remote] DEBUG org.asynchttpclient.netty.request.NettyRequestSender - Using pooled Channel '[id: 0x42c6fb4b, L:/127.0.0.1:63243 - R:localhost/127.0.0.1:59473]' for 'GET' to 'http://localhost:59473/session/69847854a598147b8497e163aaf19547/element/9550fdeb-a582-4cb5-9bf4-d9e44178ca8f/enabled'
09:47:48.723 [Forwarding isElementEnabled on session 69847854a598147b8497e163aaf19547 to remote] DEBUG org.asynchttpclient.netty.request.NettyRequestSender - Using open Channel [id: 0x42c6fb4b, L:/127.0.0.1:63243 - R:localhost/127.0.0.1:59473] for GET '/session/69847854a598147b8497e163aaf19547/element/9550fdeb-a582-4cb5-9bf4-d9e44178ca8f/enabled'
09:47:48.734 [AsyncHttpClient-1-11] DEBUG org.asynchttpclient.netty.handler.HttpHandler - 

Request DefaultFullHttpRequest(decodeResult: success, version: HTTP/1.1, content: EmptyByteBufBE)
GET /session/69847854a598147b8497e163aaf19547/element/9550fdeb-a582-4cb5-9bf4-d9e44178ca8f/enabled HTTP/1.1
User-Agent: selenium/4.1.2 (java windows)
Cache-Control: no-cache
Content-Type: application/json; charset=utf-8
host: localhost:59473
accept: */*

Response DefaultHttpResponse(decodeResult: success, version: HTTP/1.1)
HTTP/1.1 200 OK
Content-Type: application/json; charset=utf-8
cache-control: no-cache
content-length: 14

09:47:48.734 [AsyncHttpClient-1-11] DEBUG org.asynchttpclient.netty.channel.ChannelManager - Adding key: http://localhost:59473 for channel [id: 0x42c6fb4b, L:/127.0.0.1:63243 - R:localhost/127.0.0.1:59473]
09:47:48.737 [Forwarding findElement on session 69847854a598147b8497e163aaf19547 to remote] DEBUG org.asynchttpclient.netty.request.NettyRequestSender - Using pooled Channel '[id: 0x42c6fb4b, L:/127.0.0.1:63243 - R:localhost/127.0.0.1:59473]' for 'POST' to 'http://localhost:59473/session/69847854a598147b8497e163aaf19547/element'
09:47:48.737 [Forwarding findElement on session 69847854a598147b8497e163aaf19547 to remote] DEBUG org.asynchttpclient.netty.request.NettyRequestSender - Using open Channel [id: 0x42c6fb4b, L:/127.0.0.1:63243 - R:localhost/127.0.0.1:59473] for POST '/session/69847854a598147b8497e163aaf19547/element'
09:47:48.749 [AsyncHttpClient-1-11] DEBUG org.asynchttpclient.netty.handler.HttpHandler - 

Request DefaultHttpRequest(decodeResult: success, version: HTTP/1.1)
POST /session/69847854a598147b8497e163aaf19547/element HTTP/1.1
User-Agent: selenium/4.1.2 (java windows)
Content-Length: 313
Content-Type: application/json; charset=utf-8
host: localhost:59473
accept: */*

Response DefaultHttpResponse(decodeResult: success, version: HTTP/1.1)
HTTP/1.1 200 OK
Content-Type: application/json; charset=utf-8
cache-control: no-cache
content-length: 88

09:47:48.750 [AsyncHttpClient-1-11] DEBUG org.asynchttpclient.netty.channel.ChannelManager - Adding key: http://localhost:59473 for channel [id: 0x42c6fb4b, L:/127.0.0.1:63243 - R:localhost/127.0.0.1:59473]
09:47:48.751 [Forwarding clickElement on session 69847854a598147b8497e163aaf19547 to remote] DEBUG org.asynchttpclient.netty.request.NettyRequestSender - Using pooled Channel '[id: 0x42c6fb4b, L:/127.0.0.1:63243 - R:localhost/127.0.0.1:59473]' for 'POST' to 'http://localhost:59473/session/69847854a598147b8497e163aaf19547/element/9550fdeb-a582-4cb5-9bf4-d9e44178ca8f/click'
09:47:48.751 [Forwarding clickElement on session 69847854a598147b8497e163aaf19547 to remote] DEBUG org.asynchttpclient.netty.request.NettyRequestSender - Using open Channel [id: 0x42c6fb4b, L:/127.0.0.1:63243 - R:localhost/127.0.0.1:59473] for POST '/session/69847854a598147b8497e163aaf19547/element/9550fdeb-a582-4cb5-9bf4-d9e44178ca8f/click'
09:47:48.874 [AsyncHttpClient-1-11] DEBUG org.asynchttpclient.netty.handler.HttpHandler - 

Request DefaultHttpRequest(decodeResult: success, version: HTTP/1.1)
POST /session/69847854a598147b8497e163aaf19547/element/9550fdeb-a582-4cb5-9bf4-d9e44178ca8f/click HTTP/1.1
User-Agent: selenium/4.1.2 (java windows)
Content-Length: 50
Content-Type: application/json; charset=utf-8
host: localhost:59473
accept: */*

Response DefaultHttpResponse(decodeResult: success, version: HTTP/1.1)
HTTP/1.1 200 OK
Content-Type: application/json; charset=utf-8
cache-control: no-cache
content-length: 14

09:47:48.874 [AsyncHttpClient-1-11] DEBUG org.asynchttpclient.netty.channel.ChannelManager - Adding key: http://localhost:59473 for channel [id: 0x42c6fb4b, L:/127.0.0.1:63243 - R:localhost/127.0.0.1:59473]
  &amp#27;[32mAnd &amp#27;[0m&amp#27;[32mI click Tolak Semua button&amp#27;[0m          &amp#27;[90m# starter.stepdefinitions.ManageVaccinationBookingsSteps.iClickTolakSemuaButton()&amp#27;[0m
09:47:48.885 [Forwarding screenshot on session 69847854a598147b8497e163aaf19547 to remote] DEBUG org.asynchttpclient.netty.request.NettyRequestSender - Using pooled Channel '[id: 0x42c6fb4b, L:/127.0.0.1:63243 - R:localhost/127.0.0.1:59473]' for 'GET' to 'http://localhost:59473/session/69847854a598147b8497e163aaf19547/screenshot'
09:47:48.885 [Forwarding screenshot on session 69847854a598147b8497e163aaf19547 to remote] DEBUG org.asynchttpclient.netty.request.NettyRequestSender - Using open Channel [id: 0x42c6fb4b, L:/127.0.0.1:63243 - R:localhost/127.0.0.1:59473] for GET '/session/69847854a598147b8497e163aaf19547/screenshot'
09:47:49.140 [AsyncHttpClient-1-11] DEBUG org.asynchttpclient.netty.handler.HttpHandler - 

Request DefaultFullHttpRequest(decodeResult: success, version: HTTP/1.1, content: EmptyByteBufBE)
GET /session/69847854a598147b8497e163aaf19547/screenshot HTTP/1.1
User-Agent: selenium/4.1.2 (java windows)
Cache-Control: no-cache
Content-Type: application/json; charset=utf-8
host: localhost:59473
accept: */*

Response DefaultHttpResponse(decodeResult: success, version: HTTP/1.1)
HTTP/1.1 200 OK
Content-Type: application/json; charset=utf-8
cache-control: no-cache
content-length: 167980

09:47:49.141 [AsyncHttpClient-1-11] DEBUG org.asynchttpclient.netty.channel.ChannelManager - Adding key: http://localhost:59473 for channel [id: 0x42c6fb4b, L:/127.0.0.1:63243 - R:localhost/127.0.0.1:59473]
09:47:49.149 [main] DEBUG net.serenitybdd.core.photography.Darkroom - Send negative for processing for target\site\serenity\ec8d9773b43576bb745baa0721067cea7f84ad1c3dcf635c87bed595964aa6f5.png
09:47:49.149 [Darkroom Processing Line] DEBUG net.serenitybdd.core.photography.DarkroomProcessingLine - Processing screenshot image in /var/screenshots/screenshot-7471201179715031096
09:47:49.149 [Darkroom Processing Line] DEBUG net.serenitybdd.core.photography.DarkroomProcessingLine - Saving screenshot to target\site\serenity\ec8d9773b43576bb745baa0721067cea7f84ad1c3dcf635c87bed595964aa6f5.png
09:47:49.156 [Forwarding findElement on session 69847854a598147b8497e163aaf19547 to remote] DEBUG org.asynchttpclient.netty.request.NettyRequestSender - Using pooled Channel '[id: 0x42c6fb4b, L:/127.0.0.1:63243 - R:localhost/127.0.0.1:59473]' for 'POST' to 'http://localhost:59473/session/69847854a598147b8497e163aaf19547/element'
09:47:49.156 [Forwarding findElement on session 69847854a598147b8497e163aaf19547 to remote] DEBUG org.asynchttpclient.netty.request.NettyRequestSender - Using open Channel [id: 0x42c6fb4b, L:/127.0.0.1:63243 - R:localhost/127.0.0.1:59473] for POST '/session/69847854a598147b8497e163aaf19547/element'
09:47:49.438 [AsyncHttpClient-1-11] DEBUG org.asynchttpclient.netty.handler.HttpHandler - 

Request DefaultHttpRequest(decodeResult: success, version: HTTP/1.1)
POST /session/69847854a598147b8497e163aaf19547/element HTTP/1.1
User-Agent: selenium/4.1.2 (java windows)
Content-Length: 169
Content-Type: application/json; charset=utf-8
host: localhost:59473
accept: */*

Response DefaultHttpResponse(decodeResult: success, version: HTTP/1.1)
HTTP/1.1 200 OK
Content-Type: application/json; charset=utf-8
cache-control: no-cache
content-length: 88

09:47:49.438 [AsyncHttpClient-1-11] DEBUG org.asynchttpclient.netty.channel.ChannelManager - Adding key: http://localhost:59473 for channel [id: 0x42c6fb4b, L:/127.0.0.1:63243 - R:localhost/127.0.0.1:59473]
09:47:49.442 [Forwarding isElementDisplayed on session 69847854a598147b8497e163aaf19547 to remote] DEBUG org.asynchttpclient.netty.request.NettyRequestSender - Using pooled Channel '[id: 0x42c6fb4b, L:/127.0.0.1:63243 - R:localhost/127.0.0.1:59473]' for 'POST' to 'http://localhost:59473/session/69847854a598147b8497e163aaf19547/execute/sync'
09:47:49.442 [Forwarding isElementDisplayed on session 69847854a598147b8497e163aaf19547 to remote] DEBUG org.asynchttpclient.netty.request.NettyRequestSender - Using open Channel [id: 0x42c6fb4b, L:/127.0.0.1:63243 - R:localhost/127.0.0.1:59473] for POST '/session/69847854a598147b8497e163aaf19547/execute/sync'
09:47:49.464 [AsyncHttpClient-1-11] DEBUG org.asynchttpclient.netty.handler.HttpHandler - 

Request DefaultHttpRequest(decodeResult: success, version: HTTP/1.1)
POST /session/69847854a598147b8497e163aaf19547/execute/sync HTTP/1.1
User-Agent: selenium/4.1.2 (java windows)
Content-Length: 48780
Content-Type: application/json; charset=utf-8
host: localhost:59473
accept: */*

Response DefaultHttpResponse(decodeResult: success, version: HTTP/1.1)
HTTP/1.1 200 OK
Content-Type: application/json; charset=utf-8
cache-control: no-cache
content-length: 14

09:47:49.465 [AsyncHttpClient-1-11] DEBUG org.asynchttpclient.netty.channel.ChannelManager - Adding key: http://localhost:59473 for channel [id: 0x42c6fb4b, L:/127.0.0.1:63243 - R:localhost/127.0.0.1:59473]
  &amp#27;[32mThen &amp#27;[0m&amp#27;[32mthe booking will be rejected&amp#27;[0m       &amp#27;[90m# starter.stepdefinitions.ManageVaccinationBookingsSteps.theBookingWillBeRejected()&amp#27;[0m
09:47:49.469 [Forwarding screenshot on session 69847854a598147b8497e163aaf19547 to remote] DEBUG org.asynchttpclient.netty.request.NettyRequestSender - Using pooled Channel '[id: 0x42c6fb4b, L:/127.0.0.1:63243 - R:localhost/127.0.0.1:59473]' for 'GET' to 'http://localhost:59473/session/69847854a598147b8497e163aaf19547/screenshot'
09:47:49.469 [Forwarding screenshot on session 69847854a598147b8497e163aaf19547 to remote] DEBUG org.asynchttpclient.netty.request.NettyRequestSender - Using open Channel [id: 0x42c6fb4b, L:/127.0.0.1:63243 - R:localhost/127.0.0.1:59473] for GET '/session/69847854a598147b8497e163aaf19547/screenshot'
09:47:49.584 [AsyncHttpClient-1-1] DEBUG org.asynchttpclient.netty.channel.DefaultChannelPool - Entry count for : http://localhost:63245 : 1
09:47:49.682 [AsyncHttpClient-1-11] DEBUG org.asynchttpclient.netty.handler.HttpHandler - 

Request DefaultFullHttpRequest(decodeResult: success, version: HTTP/1.1, content: EmptyByteBufBE)
GET /session/69847854a598147b8497e163aaf19547/screenshot HTTP/1.1
User-Agent: selenium/4.1.2 (java windows)
Cache-Control: no-cache
Content-Type: application/json; charset=utf-8
host: localhost:59473
accept: */*

Response DefaultHttpResponse(decodeResult: success, version: HTTP/1.1)
HTTP/1.1 200 OK
Content-Type: application/json; charset=utf-8
cache-control: no-cache
content-length: 189888

09:47:49.684 [AsyncHttpClient-1-11] DEBUG org.asynchttpclient.netty.channel.ChannelManager - Adding key: http://localhost:59473 for channel [id: 0x42c6fb4b, L:/127.0.0.1:63243 - R:localhost/127.0.0.1:59473]
09:47:49.689 [main] DEBUG net.serenitybdd.core.photography.Darkroom - Send negative for processing for target\site\serenity\fc2ae24818a43afc9db07ed8d9f297ee5aee92e55bf33f50bf90eefd201ee9d7.png
09:47:49.689 [Darkroom Processing Line] DEBUG net.serenitybdd.core.photography.DarkroomProcessingLine - Processing screenshot image in /var/screenshots/screenshot-13972681827925406122
09:47:49.689 [Darkroom Processing Line] DEBUG net.serenitybdd.core.photography.DarkroomProcessingLine - Saving screenshot to target\site\serenity\fc2ae24818a43afc9db07ed8d9f297ee5aee92e55bf33f50bf90eefd201ee9d7.png
09:47:49.691 [main] INFO  - 
  _____   ___   ___   _____     ___     _     ___   ___   ___   ___  
 |_   _| | __| / __| |_   _|   | _ \   /_\   / __| / __| | __| |   \ 
   | |   | _|  \__ \   | |     |  _/  / _ \  \__ \ \__ \ | _|  | |) |
   |_|   |___| |___/   |_|     |_|   /_/ \_\ |___/ |___/ |___| |___/ 

Reject all vaccination bookings
----------------------------------------------------------------------
09:47:49.693 [AsyncHttpClient-1-13] DEBUG org.asynchttpclient.netty.handler.WebSocketHandler - Channel Closed: [id: 0xc784a523, L:/127.0.0.1:63252 ! R:localhost/127.0.0.1:63245] with attribute NettyResponseFuture{currentRetry=5,
	isDone=1,
	isCancelled=0,
	asyncHandler=org.asynchttpclient.ws.WebSocketUpgradeHandler@5e303a17,
	nettyRequest=org.asynchttpclient.netty.request.NettyRequest@1b32afb5,
	future=java.util.concurrent.CompletableFuture@d6796dd[Completed normally],
	uri=ws://localhost:63245/devtools/browser/3769811f-a581-4d3d-b18e-1722ea85717f,
	keepAlive=true,
	redirectCount=0,
	timeoutsHolder=null,
	inAuth=0,
	touch=1671677262801}
09:47:49.693 [AsyncHttpClient-1-13] DEBUG org.asynchttpclient.netty.channel.ChannelManager - Closing Channel [id: 0xc784a523, L:/127.0.0.1:63252 ! R:localhost/127.0.0.1:63245] 
09:47:49.693 [Driver Command Executor] DEBUG org.asynchttpclient.netty.request.NettyRequestSender - Using pooled Channel '[id: 0x42c6fb4b, L:/127.0.0.1:63243 - R:localhost/127.0.0.1:59473]' for 'DELETE' to 'http://localhost:59473/session/69847854a598147b8497e163aaf19547'
09:47:49.693 [Driver Command Executor] DEBUG org.asynchttpclient.netty.request.NettyRequestSender - Using open Channel [id: 0x42c6fb4b, L:/127.0.0.1:63243 - R:localhost/127.0.0.1:59473] for DELETE '/session/69847854a598147b8497e163aaf19547'
09:47:49.724 [AsyncHttpClient-1-12] DEBUG org.asynchttpclient.netty.handler.HttpHandler - Unexpected I/O exception on channel [id: 0x55a89fc3, L:/127.0.0.1:63251 - R:localhost/127.0.0.1:63245]
java.io.IOException: An existing connection was forcibly closed by the remote host
	at java.base/sun.nio.ch.SocketDispatcher.read0(Native Method)
	at java.base/sun.nio.ch.SocketDispatcher.read(SocketDispatcher.java:43)
	at java.base/sun.nio.ch.IOUtil.readIntoNativeBuffer(IOUtil.java:276)
	at java.base/sun.nio.ch.IOUtil.read(IOUtil.java:233)
	at java.base/sun.nio.ch.IOUtil.read(IOUtil.java:223)
	at java.base/sun.nio.ch.SocketChannelImpl.read(SocketChannelImpl.java:358)
	at io.netty.buffer.PooledByteBuf.setBytes(PooledByteBuf.java:258)
	at io.netty.buffer.AbstractByteBuf.writeBytes(AbstractByteBuf.java:1132)
	at io.netty.channel.socket.nio.NioSocketChannel.doReadBytes(NioSocketChannel.java:350)
	at io.netty.channel.nio.AbstractNioByteChannel$NioByteUnsafe.read(AbstractNioByteChannel.java:151)
	at io.netty.channel.nio.NioEventLoop.processSelectedKey(NioEventLoop.java:722)
	at io.netty.channel.nio.NioEventLoop.processSelectedKeysOptimized(NioEventLoop.java:658)
	at io.netty.channel.nio.NioEventLoop.processSelectedKeys(NioEventLoop.java:584)
	at io.netty.channel.nio.NioEventLoop.run(NioEventLoop.java:496)
	at io.netty.util.concurrent.SingleThreadEventExecutor$4.run(SingleThreadEventExecutor.java:986)
	at io.netty.util.internal.ThreadExecutorMap$2.run(ThreadExecutorMap.java:74)
	at io.netty.util.concurrent.FastThreadLocalRunnable.run(FastThreadLocalRunnable.java:30)
	at java.base/java.lang.Thread.run(Thread.java:834)
09:47:49.725 [AsyncHttpClient-1-12] DEBUG org.asynchttpclient.netty.channel.ChannelManager - Closing Channel [id: 0x55a89fc3, L:/127.0.0.1:63251 - R:localhost/127.0.0.1:63245] 
09:47:49.725 [AsyncHttpClient-1-12] DEBUG org.asynchttpclient.netty.handler.HttpHandler - Channel Closed: [id: 0x55a89fc3, L:/127.0.0.1:63251 ! R:localhost/127.0.0.1:63245] with attribute DISCARD
09:47:49.753 [AsyncHttpClient-1-11] DEBUG org.asynchttpclient.netty.handler.HttpHandler - 

Request DefaultFullHttpRequest(decodeResult: success, version: HTTP/1.1, content: EmptyByteBufBE)
DELETE /session/69847854a598147b8497e163aaf19547 HTTP/1.1
User-Agent: selenium/4.1.2 (java windows)
Content-Type: application/json; charset=utf-8
host: localhost:59473
accept: */*

Response DefaultHttpResponse(decodeResult: success, version: HTTP/1.1)
HTTP/1.1 200 OK
Content-Type: application/json; charset=utf-8
cache-control: no-cache
content-length: 14

09:47:49.753 [AsyncHttpClient-1-11] DEBUG org.asynchttpclient.netty.channel.ChannelManager - Adding key: http://localhost:59473 for channel [id: 0x42c6fb4b, L:/127.0.0.1:63243 - R:localhost/127.0.0.1:59473]
09:47:49.836 [AsyncHttpClient-1-11] DEBUG org.asynchttpclient.netty.handler.HttpHandler - Channel Closed: [id: 0x42c6fb4b, L:/127.0.0.1:63243 ! R:localhost/127.0.0.1:59473] with attribute DISCARD
]]></system-out>
    <system-err><![CDATA[Starting ChromeDriver 108.0.5359.71 (1e0e3868ee06e91ad636a874420e3ca3ae3756ac-refs/branch-heads/5359@{#1016}) on port 59473
Only local connections are allowed.
Please see https://chromedriver.chromium.org/security-considerations for suggestions on keeping ChromeDriver safe.
ChromeDriver was started successfully.
Dec 22, 2022 9:47:42 AM org.openqa.selenium.remote.ProtocolHandshake createSession
INFO: Detected dialect: W3C
Dec 22, 2022 9:47:42 AM org.openqa.selenium.devtools.CdpVersionFinder findNearestMatch
WARNING: Unable to find an exact match for CDP version 108, so returning the closest version found: a no-op implementation
Dec 22, 2022 9:47:42 AM org.openqa.selenium.devtools.CdpVersionFinder findNearestMatch
INFO: Unable to find CDP implementation matching 108.
Dec 22, 2022 9:47:42 AM org.openqa.selenium.chromium.ChromiumDriver lambda$new$3
WARNING: Unable to find version of CDP to use for . You may need to include a dependency on a specific version of the CDP using something similar to `org.seleniumhq.selenium:selenium-devtools-v86:4.1.2` where the version ("v86") matches the version of the chromium-based browser you're using and the version number of the artifact is the same as Selenium's.
]]></system-err>
  </testcase>
  <testcase name="(Vaccine names)" classname="Vaccine names" time="6.402">
    <system-out><![CDATA[09:47:49.930 [main] INFO io.cucumber.core.plugin.SerenityReporter - Running feature from file:///C:/Users/ASUSTUF/OneDrive/Documents/Capstone%20Project/Web%20Automation/src/test/resources/features/VaccineNames.feature
09:47:49.943 [main] DEBUG net.thucydides.core.steps.StepEventBus - Test suite started for story net.thucydides.core.model.Story@942a1b8b
09:47:49.944 [main] INFO  - Test Suite Started: Vaccine names

Scenario:                              &amp#27;[90m# src/test/resources/features/VaccineNames.feature:6&amp#27;[0m
09:47:49.964 [main] INFO io.cucumber.core.plugin.SerenityReporter - Running feature from file:///C:/Users/ASUSTUF/OneDrive/Documents/Capstone%20Project/Web%20Automation/src/test/resources/features/VaccineNames.feature
09:47:49.971 [main] INFO  - 
  _____   ___   ___   _____     ___   _____     _     ___   _____   ___   ___  
 |_   _| | __| / __| |_   _|   / __| |_   _|   /_\   | _ \ |_   _| | __| |   \ 
   | |   | _|  \__ \   | |     \__ \   | |    / _ \  |   /   | |   | _|  | |) |
   |_|   |___| |___/   |_|     |___/   |_|   /_/ \_\ |_|_\   |_|   |___| |___/ 

(vaccine-names;)
--------------------------------------------------------------------------------
09:47:50.014 [main] INFO net.serenitybdd.core.webdriver.driverproviders.ChromeDriverProvider - Using automatically driver download
09:47:50.193 [main] DEBUG io.github.bonigarcia.wdm.cache.ResolutionCache - Resolution chrome=108 in cache (valid until 10:47:07 22/12/2022 ICT)
09:47:50.198 [main] DEBUG io.github.bonigarcia.wdm.cache.ResolutionCache - Resolution chrome108=108.0.5359.71 in cache (valid until 13:40:45 22/12/2022 ICT)
09:47:50.200 [main] INFO io.github.bonigarcia.wdm.WebDriverManager - Using chromedriver 108.0.5359.71 (resolved driver for Chrome 108)
09:47:50.210 [main] DEBUG io.github.bonigarcia.wdm.WebDriverManager - Driver chromedriver 108.0.5359.71 found in cache
09:47:50.212 [main] INFO io.github.bonigarcia.wdm.WebDriverManager - Exporting webdriver.chrome.driver as C:\Users\ASUSTUF\.cache\selenium\chromedriver\win32\108.0.5359.71\chromedriver.exe
09:47:50.342 [main] DEBUG net.serenitybdd.core.webdriver.driverproviders.ProvideNewDriver - Instantiating driver
09:47:50.342 [main] DEBUG net.serenitybdd.core.webdriver.driverproviders.ProvideNewDriver - Driver capabilities: Capabilities {acceptInsecureCerts: false, base.url: https://vaksin-id.netlify.app/, browserName: chrome, chrome.driver: src/test/resources/webdrive..., driver: chrome, goog:chromeOptions: {args: [], extensions: []}}
09:47:50.682 [AsyncHttpClient-1-1] DEBUG org.asynchttpclient.netty.channel.DefaultChannelPool - Entry count for : http://localhost:63245 : 1
09:47:50.682 [AsyncHttpClient-1-1] DEBUG org.asynchttpclient.netty.channel.DefaultChannelPool - Entry count for : http://localhost:59473 : 1
09:47:50.682 [AsyncHttpClient-1-1] DEBUG org.asynchttpclient.netty.channel.DefaultChannelPool - Adding Candidate expired Channel [id: 0x55a89fc3, L:/127.0.0.1:63251 ! R:localhost/127.0.0.1:63245] isIdleTimeoutExpired=false isRemotelyClosed=true isTtlExpired=false
09:47:50.682 [AsyncHttpClient-1-1] DEBUG org.asynchttpclient.netty.channel.DefaultChannelPool - Closing Idle Channel [id: 0x55a89fc3, L:/127.0.0.1:63251 ! R:localhost/127.0.0.1:63245]
09:47:50.682 [AsyncHttpClient-1-1] DEBUG org.asynchttpclient.netty.channel.DefaultChannelPool - Adding Candidate expired Channel [id: 0x42c6fb4b, L:/127.0.0.1:63243 ! R:localhost/127.0.0.1:59473] isIdleTimeoutExpired=false isRemotelyClosed=true isTtlExpired=false
09:47:50.682 [AsyncHttpClient-1-1] DEBUG org.asynchttpclient.netty.channel.DefaultChannelPool - Closing Idle Channel [id: 0x42c6fb4b, L:/127.0.0.1:63243 ! R:localhost/127.0.0.1:59473]
09:47:50.682 [AsyncHttpClient-1-1] DEBUG org.asynchttpclient.netty.channel.DefaultChannelPool - Closed 2 connections out of 2 in 0 ms
09:47:50.738 [AsyncHttpClient-1-14] DEBUG org.asynchttpclient.netty.channel.NettyConnectListener - Using new Channel '[id: 0x5ab83796, L:/127.0.0.1:63280 - R:localhost/127.0.0.1:57823]' for 'POST' to '/session'
09:47:51.627 [AsyncHttpClient-1-14] DEBUG org.asynchttpclient.netty.handler.HttpHandler - 

Request DefaultHttpRequest(decodeResult: success, version: HTTP/1.1)
POST /session HTTP/1.1
User-Agent: selenium/4.1.2 (java windows)
Content-Length: 616
Content-Type: application/json; charset=utf-8
host: localhost:57823
accept: */*

Response DefaultHttpResponse(decodeResult: success, version: HTTP/1.1)
HTTP/1.1 200 OK
Content-Type: application/json; charset=utf-8
cache-control: no-cache
content-length: 792

09:47:51.629 [AsyncHttpClient-1-14] DEBUG org.asynchttpclient.netty.channel.ChannelManager - Adding key: http://localhost:57823 for channel [id: 0x5ab83796, L:/127.0.0.1:63280 - R:localhost/127.0.0.1:57823]
09:47:51.652 [AsyncHttpClient-1-15] DEBUG org.asynchttpclient.netty.channel.NettyConnectListener - Using new Channel '[id: 0xa2b0375a, L:/127.0.0.1:63287 - R:localhost/127.0.0.1:63281]' for 'GET' to '/json/version'
09:47:51.660 [AsyncHttpClient-1-15] DEBUG org.asynchttpclient.netty.handler.HttpHandler - 

Request DefaultFullHttpRequest(decodeResult: success, version: HTTP/1.1, content: EmptyByteBufBE)
GET /json/version HTTP/1.1
User-Agent: selenium/4.1.2 (java windows)
host: localhost:63281
accept: */*

Response DefaultHttpResponse(decodeResult: success, version: HTTP/1.1)
HTTP/1.1 200 OK
Content-Type: application/json; charset=UTF-8
content-length: 424

09:47:51.661 [AsyncHttpClient-1-15] DEBUG org.asynchttpclient.netty.channel.ChannelManager - Adding key: http://localhost:63281 for channel [id: 0xa2b0375a, L:/127.0.0.1:63287 - R:localhost/127.0.0.1:63281]
09:47:51.669 [AsyncHttpClient-1-16] DEBUG org.asynchttpclient.netty.channel.NettyConnectListener - Using new Channel '[id: 0xb2e9c712, L:/127.0.0.1:63288 - R:localhost/127.0.0.1:63281]' for 'GET' to '/devtools/browser/d60afeb4-91db-49fd-8d45-d635340b1835'
09:47:51.678 [AsyncHttpClient-1-16] DEBUG org.asynchttpclient.netty.handler.WebSocketHandler - 

Request DefaultFullHttpRequest(decodeResult: success, version: HTTP/1.1, content: EmptyByteBufBE)
GET /devtools/browser/d60afeb4-91db-49fd-8d45-d635340b1835 HTTP/1.1
upgrade: websocket
connection: upgrade
sec-websocket-key: ebyCXQwULbXaiplqCS3HBw==
sec-websocket-version: 13
origin: http://localhost:63281
host: localhost:63281
accept: */*
user-agent: AHC/2.1

Response DefaultHttpResponse(decodeResult: success, version: HTTP/1.1)
HTTP/1.1 101 WebSocket Protocol Handshake
Upgrade: WebSocket
Connection: Upgrade
Sec-WebSocket-Accept: bcLHeodvGUaaDg+ZJDe/ktNUTU8=

09:47:51.692 [Forwarding get on session 446f1db57ca01d6c3dc1c2c2c51bc062 to remote] DEBUG org.asynchttpclient.netty.request.NettyRequestSender - Using pooled Channel '[id: 0x5ab83796, L:/127.0.0.1:63280 - R:localhost/127.0.0.1:57823]' for 'POST' to 'http://localhost:57823/session/446f1db57ca01d6c3dc1c2c2c51bc062/url'
09:47:51.692 [Forwarding get on session 446f1db57ca01d6c3dc1c2c2c51bc062 to remote] DEBUG org.asynchttpclient.netty.request.NettyRequestSender - Using open Channel [id: 0x5ab83796, L:/127.0.0.1:63280 - R:localhost/127.0.0.1:57823] for POST '/session/446f1db57ca01d6c3dc1c2c2c51bc062/url'
09:47:51.783 [AsyncHttpClient-1-1] DEBUG org.asynchttpclient.netty.channel.DefaultChannelPool - Entry count for : http://localhost:63281 : 1
09:47:52.384 [AsyncHttpClient-1-14] DEBUG org.asynchttpclient.netty.handler.HttpHandler - 

Request DefaultHttpRequest(decodeResult: success, version: HTTP/1.1)
POST /session/446f1db57ca01d6c3dc1c2c2c51bc062/url HTTP/1.1
User-Agent: selenium/4.1.2 (java windows)
Content-Length: 60
Content-Type: application/json; charset=utf-8
host: localhost:57823
accept: */*

Response DefaultHttpResponse(decodeResult: success, version: HTTP/1.1)
HTTP/1.1 200 OK
Content-Type: application/json; charset=utf-8
cache-control: no-cache
content-length: 14

09:47:52.384 [AsyncHttpClient-1-14] DEBUG org.asynchttpclient.netty.channel.ChannelManager - Adding key: http://localhost:57823 for channel [id: 0x5ab83796, L:/127.0.0.1:63280 - R:localhost/127.0.0.1:57823]
09:47:52.386 [Forwarding setTimeout on session 446f1db57ca01d6c3dc1c2c2c51bc062 to remote] DEBUG org.asynchttpclient.netty.request.NettyRequestSender - Using pooled Channel '[id: 0x5ab83796, L:/127.0.0.1:63280 - R:localhost/127.0.0.1:57823]' for 'POST' to 'http://localhost:57823/session/446f1db57ca01d6c3dc1c2c2c51bc062/timeouts'
09:47:52.386 [Forwarding setTimeout on session 446f1db57ca01d6c3dc1c2c2c51bc062 to remote] DEBUG org.asynchttpclient.netty.request.NettyRequestSender - Using open Channel [id: 0x5ab83796, L:/127.0.0.1:63280 - R:localhost/127.0.0.1:57823] for POST '/session/446f1db57ca01d6c3dc1c2c2c51bc062/timeouts'
09:47:52.388 [AsyncHttpClient-1-14] DEBUG org.asynchttpclient.netty.handler.HttpHandler - 

Request DefaultHttpRequest(decodeResult: success, version: HTTP/1.1)
POST /session/446f1db57ca01d6c3dc1c2c2c51bc062/timeouts HTTP/1.1
User-Agent: selenium/4.1.2 (java windows)
Content-Length: 22
Content-Type: application/json; charset=utf-8
host: localhost:57823
accept: */*

Response DefaultHttpResponse(decodeResult: success, version: HTTP/1.1)
HTTP/1.1 200 OK
Content-Type: application/json; charset=utf-8
cache-control: no-cache
content-length: 14

09:47:52.388 [AsyncHttpClient-1-14] DEBUG org.asynchttpclient.netty.channel.ChannelManager - Adding key: http://localhost:57823 for channel [id: 0x5ab83796, L:/127.0.0.1:63280 - R:localhost/127.0.0.1:57823]
09:47:52.392 [Forwarding getCurrentUrl on session 446f1db57ca01d6c3dc1c2c2c51bc062 to remote] DEBUG org.asynchttpclient.netty.request.NettyRequestSender - Using pooled Channel '[id: 0x5ab83796, L:/127.0.0.1:63280 - R:localhost/127.0.0.1:57823]' for 'GET' to 'http://localhost:57823/session/446f1db57ca01d6c3dc1c2c2c51bc062/url'
09:47:52.392 [Forwarding getCurrentUrl on session 446f1db57ca01d6c3dc1c2c2c51bc062 to remote] DEBUG org.asynchttpclient.netty.request.NettyRequestSender - Using open Channel [id: 0x5ab83796, L:/127.0.0.1:63280 - R:localhost/127.0.0.1:57823] for GET '/session/446f1db57ca01d6c3dc1c2c2c51bc062/url'
09:47:52.416 [AsyncHttpClient-1-14] DEBUG org.asynchttpclient.netty.handler.HttpHandler - 

Request DefaultFullHttpRequest(decodeResult: success, version: HTTP/1.1, content: EmptyByteBufBE)
GET /session/446f1db57ca01d6c3dc1c2c2c51bc062/url HTTP/1.1
User-Agent: selenium/4.1.2 (java windows)
Cache-Control: no-cache
Content-Type: application/json; charset=utf-8
host: localhost:57823
accept: */*

Response DefaultHttpResponse(decodeResult: success, version: HTTP/1.1)
HTTP/1.1 200 OK
Content-Type: application/json; charset=utf-8
cache-control: no-cache
content-length: 42

09:47:52.416 [AsyncHttpClient-1-14] DEBUG org.asynchttpclient.netty.channel.ChannelManager - Adding key: http://localhost:57823 for channel [id: 0x5ab83796, L:/127.0.0.1:63280 - R:localhost/127.0.0.1:57823]
  &amp#27;[32mGiven &amp#27;[0m&amp#27;[32mI am on landing page&amp#27;[0m           &amp#27;[90m# starter.stepdefinitions.ManageVaccinationBookingsSteps.iAmOnLandingPage()&amp#27;[0m
09:47:52.423 [main] DEBUG net.serenitybdd.core.photography.Darkroom - Opening darkroom
09:47:52.423 [Darkroom Processing Line] DEBUG net.serenitybdd.core.photography.DarkroomProcessingLine - Darkroom processing line starting up
09:47:52.424 [Forwarding screenshot on session 446f1db57ca01d6c3dc1c2c2c51bc062 to remote] DEBUG org.asynchttpclient.netty.request.NettyRequestSender - Using pooled Channel '[id: 0x5ab83796, L:/127.0.0.1:63280 - R:localhost/127.0.0.1:57823]' for 'GET' to 'http://localhost:57823/session/446f1db57ca01d6c3dc1c2c2c51bc062/screenshot'
09:47:52.424 [Forwarding screenshot on session 446f1db57ca01d6c3dc1c2c2c51bc062 to remote] DEBUG org.asynchttpclient.netty.request.NettyRequestSender - Using open Channel [id: 0x5ab83796, L:/127.0.0.1:63280 - R:localhost/127.0.0.1:57823] for GET '/session/446f1db57ca01d6c3dc1c2c2c51bc062/screenshot'
09:47:52.894 [AsyncHttpClient-1-1] DEBUG org.asynchttpclient.netty.channel.DefaultChannelPool - Entry count for : http://localhost:63281 : 1
09:47:53.473 [AsyncHttpClient-1-14] DEBUG org.asynchttpclient.netty.handler.HttpHandler - 

Request DefaultFullHttpRequest(decodeResult: success, version: HTTP/1.1, content: EmptyByteBufBE)
GET /session/446f1db57ca01d6c3dc1c2c2c51bc062/screenshot HTTP/1.1
User-Agent: selenium/4.1.2 (java windows)
Cache-Control: no-cache
Content-Type: application/json; charset=utf-8
host: localhost:57823
accept: */*

Response DefaultHttpResponse(decodeResult: success, version: HTTP/1.1)
HTTP/1.1 200 OK
Content-Type: application/json; charset=utf-8
cache-control: no-cache
content-length: 847132

09:47:53.475 [AsyncHttpClient-1-14] DEBUG org.asynchttpclient.netty.channel.ChannelManager - Adding key: http://localhost:57823 for channel [id: 0x5ab83796, L:/127.0.0.1:63280 - R:localhost/127.0.0.1:57823]
09:47:53.522 [main] DEBUG net.serenitybdd.core.photography.Darkroom - Send negative for processing for target\site\serenity\ff3b83dd42f508d91c0c8488aed412149de34b436c7528a8caa8428592644731.png
09:47:53.530 [Forwarding findElement on session 446f1db57ca01d6c3dc1c2c2c51bc062 to remote] DEBUG org.asynchttpclient.netty.request.NettyRequestSender - Using pooled Channel '[id: 0x5ab83796, L:/127.0.0.1:63280 - R:localhost/127.0.0.1:57823]' for 'POST' to 'http://localhost:57823/session/446f1db57ca01d6c3dc1c2c2c51bc062/element'
09:47:53.530 [Forwarding findElement on session 446f1db57ca01d6c3dc1c2c2c51bc062 to remote] DEBUG org.asynchttpclient.netty.request.NettyRequestSender - Using open Channel [id: 0x5ab83796, L:/127.0.0.1:63280 - R:localhost/127.0.0.1:57823] for POST '/session/446f1db57ca01d6c3dc1c2c2c51bc062/element'
09:47:53.556 [AsyncHttpClient-1-14] DEBUG org.asynchttpclient.netty.handler.HttpHandler - 

Request DefaultHttpRequest(decodeResult: success, version: HTTP/1.1)
POST /session/446f1db57ca01d6c3dc1c2c2c51bc062/element HTTP/1.1
User-Agent: selenium/4.1.2 (java windows)
Content-Length: 315
Content-Type: application/json; charset=utf-8
host: localhost:57823
accept: */*

Response DefaultHttpResponse(decodeResult: success, version: HTTP/1.1)
HTTP/1.1 200 OK
Content-Type: application/json; charset=utf-8
cache-control: no-cache
content-length: 88

09:47:53.556 [AsyncHttpClient-1-14] DEBUG org.asynchttpclient.netty.channel.ChannelManager - Adding key: http://localhost:57823 for channel [id: 0x5ab83796, L:/127.0.0.1:63280 - R:localhost/127.0.0.1:57823]
09:47:53.558 [Forwarding getElementTagName on session 446f1db57ca01d6c3dc1c2c2c51bc062 to remote] DEBUG org.asynchttpclient.netty.request.NettyRequestSender - Using pooled Channel '[id: 0x5ab83796, L:/127.0.0.1:63280 - R:localhost/127.0.0.1:57823]' for 'GET' to 'http://localhost:57823/session/446f1db57ca01d6c3dc1c2c2c51bc062/element/92b63bdc-38ad-4423-9aeb-1d0ba36ff18e/name'
09:47:53.558 [Forwarding getElementTagName on session 446f1db57ca01d6c3dc1c2c2c51bc062 to remote] DEBUG org.asynchttpclient.netty.request.NettyRequestSender - Using open Channel [id: 0x5ab83796, L:/127.0.0.1:63280 - R:localhost/127.0.0.1:57823] for GET '/session/446f1db57ca01d6c3dc1c2c2c51bc062/element/92b63bdc-38ad-4423-9aeb-1d0ba36ff18e/name'
09:47:53.565 [AsyncHttpClient-1-14] DEBUG org.asynchttpclient.netty.handler.HttpHandler - 

Request DefaultFullHttpRequest(decodeResult: success, version: HTTP/1.1, content: EmptyByteBufBE)
GET /session/446f1db57ca01d6c3dc1c2c2c51bc062/element/92b63bdc-38ad-4423-9aeb-1d0ba36ff18e/name HTTP/1.1
User-Agent: selenium/4.1.2 (java windows)
Cache-Control: no-cache
Content-Type: application/json; charset=utf-8
host: localhost:57823
accept: */*

Response DefaultHttpResponse(decodeResult: success, version: HTTP/1.1)
HTTP/1.1 200 OK
Content-Type: application/json; charset=utf-8
cache-control: no-cache
content-length: 18

09:47:53.565 [AsyncHttpClient-1-14] DEBUG org.asynchttpclient.netty.channel.ChannelManager - Adding key: http://localhost:57823 for channel [id: 0x5ab83796, L:/127.0.0.1:63280 - R:localhost/127.0.0.1:57823]
09:47:53.566 [Forwarding getElementTagName on session 446f1db57ca01d6c3dc1c2c2c51bc062 to remote] DEBUG org.asynchttpclient.netty.request.NettyRequestSender - Using pooled Channel '[id: 0x5ab83796, L:/127.0.0.1:63280 - R:localhost/127.0.0.1:57823]' for 'GET' to 'http://localhost:57823/session/446f1db57ca01d6c3dc1c2c2c51bc062/element/92b63bdc-38ad-4423-9aeb-1d0ba36ff18e/name'
09:47:53.566 [Forwarding getElementTagName on session 446f1db57ca01d6c3dc1c2c2c51bc062 to remote] DEBUG org.asynchttpclient.netty.request.NettyRequestSender - Using open Channel [id: 0x5ab83796, L:/127.0.0.1:63280 - R:localhost/127.0.0.1:57823] for GET '/session/446f1db57ca01d6c3dc1c2c2c51bc062/element/92b63bdc-38ad-4423-9aeb-1d0ba36ff18e/name'
09:47:53.572 [AsyncHttpClient-1-14] DEBUG org.asynchttpclient.netty.handler.HttpHandler - 

Request DefaultFullHttpRequest(decodeResult: success, version: HTTP/1.1, content: EmptyByteBufBE)
GET /session/446f1db57ca01d6c3dc1c2c2c51bc062/element/92b63bdc-38ad-4423-9aeb-1d0ba36ff18e/name HTTP/1.1
User-Agent: selenium/4.1.2 (java windows)
Cache-Control: no-cache
Content-Type: application/json; charset=utf-8
host: localhost:57823
accept: */*

Response DefaultHttpResponse(decodeResult: success, version: HTTP/1.1)
HTTP/1.1 200 OK
Content-Type: application/json; charset=utf-8
cache-control: no-cache
content-length: 18

09:47:53.572 [AsyncHttpClient-1-14] DEBUG org.asynchttpclient.netty.channel.ChannelManager - Adding key: http://localhost:57823 for channel [id: 0x5ab83796, L:/127.0.0.1:63280 - R:localhost/127.0.0.1:57823]
09:47:53.573 [Forwarding isElementEnabled on session 446f1db57ca01d6c3dc1c2c2c51bc062 to remote] DEBUG org.asynchttpclient.netty.request.NettyRequestSender - Using pooled Channel '[id: 0x5ab83796, L:/127.0.0.1:63280 - R:localhost/127.0.0.1:57823]' for 'GET' to 'http://localhost:57823/session/446f1db57ca01d6c3dc1c2c2c51bc062/element/92b63bdc-38ad-4423-9aeb-1d0ba36ff18e/enabled'
09:47:53.573 [Forwarding isElementEnabled on session 446f1db57ca01d6c3dc1c2c2c51bc062 to remote] DEBUG org.asynchttpclient.netty.request.NettyRequestSender - Using open Channel [id: 0x5ab83796, L:/127.0.0.1:63280 - R:localhost/127.0.0.1:57823] for GET '/session/446f1db57ca01d6c3dc1c2c2c51bc062/element/92b63bdc-38ad-4423-9aeb-1d0ba36ff18e/enabled'
09:47:53.585 [AsyncHttpClient-1-14] DEBUG org.asynchttpclient.netty.handler.HttpHandler - 

Request DefaultFullHttpRequest(decodeResult: success, version: HTTP/1.1, content: EmptyByteBufBE)
GET /session/446f1db57ca01d6c3dc1c2c2c51bc062/element/92b63bdc-38ad-4423-9aeb-1d0ba36ff18e/enabled HTTP/1.1
User-Agent: selenium/4.1.2 (java windows)
Cache-Control: no-cache
Content-Type: application/json; charset=utf-8
host: localhost:57823
accept: */*

Response DefaultHttpResponse(decodeResult: success, version: HTTP/1.1)
HTTP/1.1 200 OK
Content-Type: application/json; charset=utf-8
cache-control: no-cache
content-length: 14

09:47:53.585 [AsyncHttpClient-1-14] DEBUG org.asynchttpclient.netty.channel.ChannelManager - Adding key: http://localhost:57823 for channel [id: 0x5ab83796, L:/127.0.0.1:63280 - R:localhost/127.0.0.1:57823]
09:47:53.586 [Forwarding isElementEnabled on session 446f1db57ca01d6c3dc1c2c2c51bc062 to remote] DEBUG org.asynchttpclient.netty.request.NettyRequestSender - Using pooled Channel '[id: 0x5ab83796, L:/127.0.0.1:63280 - R:localhost/127.0.0.1:57823]' for 'GET' to 'http://localhost:57823/session/446f1db57ca01d6c3dc1c2c2c51bc062/element/92b63bdc-38ad-4423-9aeb-1d0ba36ff18e/enabled'
09:47:53.586 [Forwarding isElementEnabled on session 446f1db57ca01d6c3dc1c2c2c51bc062 to remote] DEBUG org.asynchttpclient.netty.request.NettyRequestSender - Using open Channel [id: 0x5ab83796, L:/127.0.0.1:63280 - R:localhost/127.0.0.1:57823] for GET '/session/446f1db57ca01d6c3dc1c2c2c51bc062/element/92b63bdc-38ad-4423-9aeb-1d0ba36ff18e/enabled'
09:47:53.594 [AsyncHttpClient-1-14] DEBUG org.asynchttpclient.netty.handler.HttpHandler - 

Request DefaultFullHttpRequest(decodeResult: success, version: HTTP/1.1, content: EmptyByteBufBE)
GET /session/446f1db57ca01d6c3dc1c2c2c51bc062/element/92b63bdc-38ad-4423-9aeb-1d0ba36ff18e/enabled HTTP/1.1
User-Agent: selenium/4.1.2 (java windows)
Cache-Control: no-cache
Content-Type: application/json; charset=utf-8
host: localhost:57823
accept: */*

Response DefaultHttpResponse(decodeResult: success, version: HTTP/1.1)
HTTP/1.1 200 OK
Content-Type: application/json; charset=utf-8
cache-control: no-cache
content-length: 14

09:47:53.594 [AsyncHttpClient-1-14] DEBUG org.asynchttpclient.netty.channel.ChannelManager - Adding key: http://localhost:57823 for channel [id: 0x5ab83796, L:/127.0.0.1:63280 - R:localhost/127.0.0.1:57823]
09:47:53.598 [Forwarding findElement on session 446f1db57ca01d6c3dc1c2c2c51bc062 to remote] DEBUG org.asynchttpclient.netty.request.NettyRequestSender - Using pooled Channel '[id: 0x5ab83796, L:/127.0.0.1:63280 - R:localhost/127.0.0.1:57823]' for 'POST' to 'http://localhost:57823/session/446f1db57ca01d6c3dc1c2c2c51bc062/element'
09:47:53.598 [Forwarding findElement on session 446f1db57ca01d6c3dc1c2c2c51bc062 to remote] DEBUG org.asynchttpclient.netty.request.NettyRequestSender - Using open Channel [id: 0x5ab83796, L:/127.0.0.1:63280 - R:localhost/127.0.0.1:57823] for POST '/session/446f1db57ca01d6c3dc1c2c2c51bc062/element'
09:47:53.607 [AsyncHttpClient-1-14] DEBUG org.asynchttpclient.netty.handler.HttpHandler - 

Request DefaultHttpRequest(decodeResult: success, version: HTTP/1.1)
POST /session/446f1db57ca01d6c3dc1c2c2c51bc062/element HTTP/1.1
User-Agent: selenium/4.1.2 (java windows)
Content-Length: 315
Content-Type: application/json; charset=utf-8
host: localhost:57823
accept: */*

Response DefaultHttpResponse(decodeResult: success, version: HTTP/1.1)
HTTP/1.1 200 OK
Content-Type: application/json; charset=utf-8
cache-control: no-cache
content-length: 88

09:47:53.607 [AsyncHttpClient-1-14] DEBUG org.asynchttpclient.netty.channel.ChannelManager - Adding key: http://localhost:57823 for channel [id: 0x5ab83796, L:/127.0.0.1:63280 - R:localhost/127.0.0.1:57823]
09:47:53.608 [Forwarding clickElement on session 446f1db57ca01d6c3dc1c2c2c51bc062 to remote] DEBUG org.asynchttpclient.netty.request.NettyRequestSender - Using pooled Channel '[id: 0x5ab83796, L:/127.0.0.1:63280 - R:localhost/127.0.0.1:57823]' for 'POST' to 'http://localhost:57823/session/446f1db57ca01d6c3dc1c2c2c51bc062/element/92b63bdc-38ad-4423-9aeb-1d0ba36ff18e/click'
09:47:53.608 [Forwarding clickElement on session 446f1db57ca01d6c3dc1c2c2c51bc062 to remote] DEBUG org.asynchttpclient.netty.request.NettyRequestSender - Using open Channel [id: 0x5ab83796, L:/127.0.0.1:63280 - R:localhost/127.0.0.1:57823] for POST '/session/446f1db57ca01d6c3dc1c2c2c51bc062/element/92b63bdc-38ad-4423-9aeb-1d0ba36ff18e/click'
09:47:53.725 [AsyncHttpClient-1-14] DEBUG org.asynchttpclient.netty.handler.HttpHandler - 

Request DefaultHttpRequest(decodeResult: success, version: HTTP/1.1)
POST /session/446f1db57ca01d6c3dc1c2c2c51bc062/element/92b63bdc-38ad-4423-9aeb-1d0ba36ff18e/click HTTP/1.1
User-Agent: selenium/4.1.2 (java windows)
Content-Length: 50
Content-Type: application/json; charset=utf-8
host: localhost:57823
accept: */*

Response DefaultHttpResponse(decodeResult: success, version: HTTP/1.1)
HTTP/1.1 200 OK
Content-Type: application/json; charset=utf-8
cache-control: no-cache
content-length: 14

09:47:53.725 [AsyncHttpClient-1-14] DEBUG org.asynchttpclient.netty.channel.ChannelManager - Adding key: http://localhost:57823 for channel [id: 0x5ab83796, L:/127.0.0.1:63280 - R:localhost/127.0.0.1:57823]
09:47:53.732 [Forwarding findElement on session 446f1db57ca01d6c3dc1c2c2c51bc062 to remote] DEBUG org.asynchttpclient.netty.request.NettyRequestSender - Using pooled Channel '[id: 0x5ab83796, L:/127.0.0.1:63280 - R:localhost/127.0.0.1:57823]' for 'POST' to 'http://localhost:57823/session/446f1db57ca01d6c3dc1c2c2c51bc062/element'
09:47:53.732 [Forwarding findElement on session 446f1db57ca01d6c3dc1c2c2c51bc062 to remote] DEBUG org.asynchttpclient.netty.request.NettyRequestSender - Using open Channel [id: 0x5ab83796, L:/127.0.0.1:63280 - R:localhost/127.0.0.1:57823] for POST '/session/446f1db57ca01d6c3dc1c2c2c51bc062/element'
09:47:53.750 [AsyncHttpClient-1-14] DEBUG org.asynchttpclient.netty.handler.HttpHandler - 

Request DefaultHttpRequest(decodeResult: success, version: HTTP/1.1)
POST /session/446f1db57ca01d6c3dc1c2c2c51bc062/element HTTP/1.1
User-Agent: selenium/4.1.2 (java windows)
Content-Length: 69
Content-Type: application/json; charset=utf-8
host: localhost:57823
accept: */*

Response DefaultHttpResponse(decodeResult: success, version: HTTP/1.1)
HTTP/1.1 200 OK
Content-Type: application/json; charset=utf-8
cache-control: no-cache
content-length: 88

09:47:53.750 [AsyncHttpClient-1-14] DEBUG org.asynchttpclient.netty.channel.ChannelManager - Adding key: http://localhost:57823 for channel [id: 0x5ab83796, L:/127.0.0.1:63280 - R:localhost/127.0.0.1:57823]
09:47:53.752 [Forwarding clearElement on session 446f1db57ca01d6c3dc1c2c2c51bc062 to remote] DEBUG org.asynchttpclient.netty.request.NettyRequestSender - Using pooled Channel '[id: 0x5ab83796, L:/127.0.0.1:63280 - R:localhost/127.0.0.1:57823]' for 'POST' to 'http://localhost:57823/session/446f1db57ca01d6c3dc1c2c2c51bc062/element/3cbbcb0b-5a77-4c15-8934-a3dcce836ef4/clear'
09:47:53.752 [Forwarding clearElement on session 446f1db57ca01d6c3dc1c2c2c51bc062 to remote] DEBUG org.asynchttpclient.netty.request.NettyRequestSender - Using open Channel [id: 0x5ab83796, L:/127.0.0.1:63280 - R:localhost/127.0.0.1:57823] for POST '/session/446f1db57ca01d6c3dc1c2c2c51bc062/element/3cbbcb0b-5a77-4c15-8934-a3dcce836ef4/clear'
09:47:53.803 [AsyncHttpClient-1-14] DEBUG org.asynchttpclient.netty.handler.HttpHandler - 

Request DefaultHttpRequest(decodeResult: success, version: HTTP/1.1)
POST /session/446f1db57ca01d6c3dc1c2c2c51bc062/element/3cbbcb0b-5a77-4c15-8934-a3dcce836ef4/clear HTTP/1.1
User-Agent: selenium/4.1.2 (java windows)
Content-Length: 50
Content-Type: application/json; charset=utf-8
host: localhost:57823
accept: */*

Response DefaultHttpResponse(decodeResult: success, version: HTTP/1.1)
HTTP/1.1 200 OK
Content-Type: application/json; charset=utf-8
cache-control: no-cache
content-length: 14

09:47:53.803 [AsyncHttpClient-1-14] DEBUG org.asynchttpclient.netty.channel.ChannelManager - Adding key: http://localhost:57823 for channel [id: 0x5ab83796, L:/127.0.0.1:63280 - R:localhost/127.0.0.1:57823]
09:47:53.805 [Forwarding sendKeysToElement on session 446f1db57ca01d6c3dc1c2c2c51bc062 to remote] DEBUG org.asynchttpclient.netty.request.NettyRequestSender - Using pooled Channel '[id: 0x5ab83796, L:/127.0.0.1:63280 - R:localhost/127.0.0.1:57823]' for 'POST' to 'http://localhost:57823/session/446f1db57ca01d6c3dc1c2c2c51bc062/element/3cbbcb0b-5a77-4c15-8934-a3dcce836ef4/value'
09:47:53.805 [Forwarding sendKeysToElement on session 446f1db57ca01d6c3dc1c2c2c51bc062 to remote] DEBUG org.asynchttpclient.netty.request.NettyRequestSender - Using open Channel [id: 0x5ab83796, L:/127.0.0.1:63280 - R:localhost/127.0.0.1:57823] for POST '/session/446f1db57ca01d6c3dc1c2c2c51bc062/element/3cbbcb0b-5a77-4c15-8934-a3dcce836ef4/value'
09:47:53.983 [AsyncHttpClient-1-1] DEBUG org.asynchttpclient.netty.channel.DefaultChannelPool - Entry count for : http://localhost:63281 : 1
09:47:54.106 [AsyncHttpClient-1-14] DEBUG org.asynchttpclient.netty.handler.HttpHandler - 

Request DefaultHttpRequest(decodeResult: success, version: HTTP/1.1)
POST /session/446f1db57ca01d6c3dc1c2c2c51bc062/element/3cbbcb0b-5a77-4c15-8934-a3dcce836ef4/value HTTP/1.1
User-Agent: selenium/4.1.2 (java windows)
Content-Length: 371
Content-Type: application/json; charset=utf-8
host: localhost:57823
accept: */*

Response DefaultHttpResponse(decodeResult: success, version: HTTP/1.1)
HTTP/1.1 200 OK
Content-Type: application/json; charset=utf-8
cache-control: no-cache
content-length: 14

09:47:54.106 [AsyncHttpClient-1-14] DEBUG org.asynchttpclient.netty.channel.ChannelManager - Adding key: http://localhost:57823 for channel [id: 0x5ab83796, L:/127.0.0.1:63280 - R:localhost/127.0.0.1:57823]
09:47:54.113 [Forwarding findElement on session 446f1db57ca01d6c3dc1c2c2c51bc062 to remote] DEBUG org.asynchttpclient.netty.request.NettyRequestSender - Using pooled Channel '[id: 0x5ab83796, L:/127.0.0.1:63280 - R:localhost/127.0.0.1:57823]' for 'POST' to 'http://localhost:57823/session/446f1db57ca01d6c3dc1c2c2c51bc062/element'
09:47:54.113 [Forwarding findElement on session 446f1db57ca01d6c3dc1c2c2c51bc062 to remote] DEBUG org.asynchttpclient.netty.request.NettyRequestSender - Using open Channel [id: 0x5ab83796, L:/127.0.0.1:63280 - R:localhost/127.0.0.1:57823] for POST '/session/446f1db57ca01d6c3dc1c2c2c51bc062/element'
09:47:54.130 [AsyncHttpClient-1-14] DEBUG org.asynchttpclient.netty.handler.HttpHandler - 

Request DefaultHttpRequest(decodeResult: success, version: HTTP/1.1)
POST /session/446f1db57ca01d6c3dc1c2c2c51bc062/element HTTP/1.1
User-Agent: selenium/4.1.2 (java windows)
Content-Length: 72
Content-Type: application/json; charset=utf-8
host: localhost:57823
accept: */*

Response DefaultHttpResponse(decodeResult: success, version: HTTP/1.1)
HTTP/1.1 200 OK
Content-Type: application/json; charset=utf-8
cache-control: no-cache
content-length: 88

09:47:54.130 [AsyncHttpClient-1-14] DEBUG org.asynchttpclient.netty.channel.ChannelManager - Adding key: http://localhost:57823 for channel [id: 0x5ab83796, L:/127.0.0.1:63280 - R:localhost/127.0.0.1:57823]
09:47:54.131 [Forwarding clearElement on session 446f1db57ca01d6c3dc1c2c2c51bc062 to remote] DEBUG org.asynchttpclient.netty.request.NettyRequestSender - Using pooled Channel '[id: 0x5ab83796, L:/127.0.0.1:63280 - R:localhost/127.0.0.1:57823]' for 'POST' to 'http://localhost:57823/session/446f1db57ca01d6c3dc1c2c2c51bc062/element/3ca64111-772d-4415-af24-bd51ebb66fdd/clear'
09:47:54.131 [Forwarding clearElement on session 446f1db57ca01d6c3dc1c2c2c51bc062 to remote] DEBUG org.asynchttpclient.netty.request.NettyRequestSender - Using open Channel [id: 0x5ab83796, L:/127.0.0.1:63280 - R:localhost/127.0.0.1:57823] for POST '/session/446f1db57ca01d6c3dc1c2c2c51bc062/element/3ca64111-772d-4415-af24-bd51ebb66fdd/clear'
09:47:54.190 [AsyncHttpClient-1-14] DEBUG org.asynchttpclient.netty.handler.HttpHandler - 

Request DefaultHttpRequest(decodeResult: success, version: HTTP/1.1)
POST /session/446f1db57ca01d6c3dc1c2c2c51bc062/element/3ca64111-772d-4415-af24-bd51ebb66fdd/clear HTTP/1.1
User-Agent: selenium/4.1.2 (java windows)
Content-Length: 50
Content-Type: application/json; charset=utf-8
host: localhost:57823
accept: */*

Response DefaultHttpResponse(decodeResult: success, version: HTTP/1.1)
HTTP/1.1 200 OK
Content-Type: application/json; charset=utf-8
cache-control: no-cache
content-length: 14

09:47:54.191 [AsyncHttpClient-1-14] DEBUG org.asynchttpclient.netty.channel.ChannelManager - Adding key: http://localhost:57823 for channel [id: 0x5ab83796, L:/127.0.0.1:63280 - R:localhost/127.0.0.1:57823]
09:47:54.192 [Forwarding sendKeysToElement on session 446f1db57ca01d6c3dc1c2c2c51bc062 to remote] DEBUG org.asynchttpclient.netty.request.NettyRequestSender - Using pooled Channel '[id: 0x5ab83796, L:/127.0.0.1:63280 - R:localhost/127.0.0.1:57823]' for 'POST' to 'http://localhost:57823/session/446f1db57ca01d6c3dc1c2c2c51bc062/element/3ca64111-772d-4415-af24-bd51ebb66fdd/value'
09:47:54.192 [Forwarding sendKeysToElement on session 446f1db57ca01d6c3dc1c2c2c51bc062 to remote] DEBUG org.asynchttpclient.netty.request.NettyRequestSender - Using open Channel [id: 0x5ab83796, L:/127.0.0.1:63280 - R:localhost/127.0.0.1:57823] for POST '/session/446f1db57ca01d6c3dc1c2c2c51bc062/element/3ca64111-772d-4415-af24-bd51ebb66fdd/value'
09:47:54.401 [AsyncHttpClient-1-14] DEBUG org.asynchttpclient.netty.handler.HttpHandler - 

Request DefaultHttpRequest(decodeResult: success, version: HTTP/1.1)
POST /session/446f1db57ca01d6c3dc1c2c2c51bc062/element/3ca64111-772d-4415-af24-bd51ebb66fdd/value HTTP/1.1
User-Agent: selenium/4.1.2 (java windows)
Content-Length: 251
Content-Type: application/json; charset=utf-8
host: localhost:57823
accept: */*

Response DefaultHttpResponse(decodeResult: success, version: HTTP/1.1)
HTTP/1.1 200 OK
Content-Type: application/json; charset=utf-8
cache-control: no-cache
content-length: 14

09:47:54.401 [AsyncHttpClient-1-14] DEBUG org.asynchttpclient.netty.channel.ChannelManager - Adding key: http://localhost:57823 for channel [id: 0x5ab83796, L:/127.0.0.1:63280 - R:localhost/127.0.0.1:57823]
09:47:54.406 [Forwarding findElement on session 446f1db57ca01d6c3dc1c2c2c51bc062 to remote] DEBUG org.asynchttpclient.netty.request.NettyRequestSender - Using pooled Channel '[id: 0x5ab83796, L:/127.0.0.1:63280 - R:localhost/127.0.0.1:57823]' for 'POST' to 'http://localhost:57823/session/446f1db57ca01d6c3dc1c2c2c51bc062/element'
09:47:54.406 [Forwarding findElement on session 446f1db57ca01d6c3dc1c2c2c51bc062 to remote] DEBUG org.asynchttpclient.netty.request.NettyRequestSender - Using open Channel [id: 0x5ab83796, L:/127.0.0.1:63280 - R:localhost/127.0.0.1:57823] for POST '/session/446f1db57ca01d6c3dc1c2c2c51bc062/element'
09:47:54.422 [AsyncHttpClient-1-14] DEBUG org.asynchttpclient.netty.handler.HttpHandler - 

Request DefaultHttpRequest(decodeResult: success, version: HTTP/1.1)
POST /session/446f1db57ca01d6c3dc1c2c2c51bc062/element HTTP/1.1
User-Agent: selenium/4.1.2 (java windows)
Content-Length: 321
Content-Type: application/json; charset=utf-8
host: localhost:57823
accept: */*

Response DefaultHttpResponse(decodeResult: success, version: HTTP/1.1)
HTTP/1.1 200 OK
Content-Type: application/json; charset=utf-8
cache-control: no-cache
content-length: 88

09:47:54.422 [AsyncHttpClient-1-14] DEBUG org.asynchttpclient.netty.channel.ChannelManager - Adding key: http://localhost:57823 for channel [id: 0x5ab83796, L:/127.0.0.1:63280 - R:localhost/127.0.0.1:57823]
09:47:54.424 [Forwarding getElementTagName on session 446f1db57ca01d6c3dc1c2c2c51bc062 to remote] DEBUG org.asynchttpclient.netty.request.NettyRequestSender - Using pooled Channel '[id: 0x5ab83796, L:/127.0.0.1:63280 - R:localhost/127.0.0.1:57823]' for 'GET' to 'http://localhost:57823/session/446f1db57ca01d6c3dc1c2c2c51bc062/element/13095731-c15a-4efb-b24f-538eb2816efc/name'
09:47:54.424 [Forwarding getElementTagName on session 446f1db57ca01d6c3dc1c2c2c51bc062 to remote] DEBUG org.asynchttpclient.netty.request.NettyRequestSender - Using open Channel [id: 0x5ab83796, L:/127.0.0.1:63280 - R:localhost/127.0.0.1:57823] for GET '/session/446f1db57ca01d6c3dc1c2c2c51bc062/element/13095731-c15a-4efb-b24f-538eb2816efc/name'
09:47:54.432 [AsyncHttpClient-1-14] DEBUG org.asynchttpclient.netty.handler.HttpHandler - 

Request DefaultFullHttpRequest(decodeResult: success, version: HTTP/1.1, content: EmptyByteBufBE)
GET /session/446f1db57ca01d6c3dc1c2c2c51bc062/element/13095731-c15a-4efb-b24f-538eb2816efc/name HTTP/1.1
User-Agent: selenium/4.1.2 (java windows)
Cache-Control: no-cache
Content-Type: application/json; charset=utf-8
host: localhost:57823
accept: */*

Response DefaultHttpResponse(decodeResult: success, version: HTTP/1.1)
HTTP/1.1 200 OK
Content-Type: application/json; charset=utf-8
cache-control: no-cache
content-length: 18

09:47:54.433 [AsyncHttpClient-1-14] DEBUG org.asynchttpclient.netty.channel.ChannelManager - Adding key: http://localhost:57823 for channel [id: 0x5ab83796, L:/127.0.0.1:63280 - R:localhost/127.0.0.1:57823]
09:47:54.434 [Forwarding getElementTagName on session 446f1db57ca01d6c3dc1c2c2c51bc062 to remote] DEBUG org.asynchttpclient.netty.request.NettyRequestSender - Using pooled Channel '[id: 0x5ab83796, L:/127.0.0.1:63280 - R:localhost/127.0.0.1:57823]' for 'GET' to 'http://localhost:57823/session/446f1db57ca01d6c3dc1c2c2c51bc062/element/13095731-c15a-4efb-b24f-538eb2816efc/name'
09:47:54.435 [Forwarding getElementTagName on session 446f1db57ca01d6c3dc1c2c2c51bc062 to remote] DEBUG org.asynchttpclient.netty.request.NettyRequestSender - Using open Channel [id: 0x5ab83796, L:/127.0.0.1:63280 - R:localhost/127.0.0.1:57823] for GET '/session/446f1db57ca01d6c3dc1c2c2c51bc062/element/13095731-c15a-4efb-b24f-538eb2816efc/name'
09:47:54.440 [AsyncHttpClient-1-14] DEBUG org.asynchttpclient.netty.handler.HttpHandler - 

Request DefaultFullHttpRequest(decodeResult: success, version: HTTP/1.1, content: EmptyByteBufBE)
GET /session/446f1db57ca01d6c3dc1c2c2c51bc062/element/13095731-c15a-4efb-b24f-538eb2816efc/name HTTP/1.1
User-Agent: selenium/4.1.2 (java windows)
Cache-Control: no-cache
Content-Type: application/json; charset=utf-8
host: localhost:57823
accept: */*

Response DefaultHttpResponse(decodeResult: success, version: HTTP/1.1)
HTTP/1.1 200 OK
Content-Type: application/json; charset=utf-8
cache-control: no-cache
content-length: 18

09:47:54.440 [AsyncHttpClient-1-14] DEBUG org.asynchttpclient.netty.channel.ChannelManager - Adding key: http://localhost:57823 for channel [id: 0x5ab83796, L:/127.0.0.1:63280 - R:localhost/127.0.0.1:57823]
09:47:54.442 [Forwarding isElementEnabled on session 446f1db57ca01d6c3dc1c2c2c51bc062 to remote] DEBUG org.asynchttpclient.netty.request.NettyRequestSender - Using pooled Channel '[id: 0x5ab83796, L:/127.0.0.1:63280 - R:localhost/127.0.0.1:57823]' for 'GET' to 'http://localhost:57823/session/446f1db57ca01d6c3dc1c2c2c51bc062/element/13095731-c15a-4efb-b24f-538eb2816efc/enabled'
09:47:54.442 [Forwarding isElementEnabled on session 446f1db57ca01d6c3dc1c2c2c51bc062 to remote] DEBUG org.asynchttpclient.netty.request.NettyRequestSender - Using open Channel [id: 0x5ab83796, L:/127.0.0.1:63280 - R:localhost/127.0.0.1:57823] for GET '/session/446f1db57ca01d6c3dc1c2c2c51bc062/element/13095731-c15a-4efb-b24f-538eb2816efc/enabled'
09:47:54.454 [AsyncHttpClient-1-14] DEBUG org.asynchttpclient.netty.handler.HttpHandler - 

Request DefaultFullHttpRequest(decodeResult: success, version: HTTP/1.1, content: EmptyByteBufBE)
GET /session/446f1db57ca01d6c3dc1c2c2c51bc062/element/13095731-c15a-4efb-b24f-538eb2816efc/enabled HTTP/1.1
User-Agent: selenium/4.1.2 (java windows)
Cache-Control: no-cache
Content-Type: application/json; charset=utf-8
host: localhost:57823
accept: */*

Response DefaultHttpResponse(decodeResult: success, version: HTTP/1.1)
HTTP/1.1 200 OK
Content-Type: application/json; charset=utf-8
cache-control: no-cache
content-length: 14

09:47:54.455 [AsyncHttpClient-1-14] DEBUG org.asynchttpclient.netty.channel.ChannelManager - Adding key: http://localhost:57823 for channel [id: 0x5ab83796, L:/127.0.0.1:63280 - R:localhost/127.0.0.1:57823]
09:47:54.457 [Forwarding isElementEnabled on session 446f1db57ca01d6c3dc1c2c2c51bc062 to remote] DEBUG org.asynchttpclient.netty.request.NettyRequestSender - Using pooled Channel '[id: 0x5ab83796, L:/127.0.0.1:63280 - R:localhost/127.0.0.1:57823]' for 'GET' to 'http://localhost:57823/session/446f1db57ca01d6c3dc1c2c2c51bc062/element/13095731-c15a-4efb-b24f-538eb2816efc/enabled'
09:47:54.457 [Forwarding isElementEnabled on session 446f1db57ca01d6c3dc1c2c2c51bc062 to remote] DEBUG org.asynchttpclient.netty.request.NettyRequestSender - Using open Channel [id: 0x5ab83796, L:/127.0.0.1:63280 - R:localhost/127.0.0.1:57823] for GET '/session/446f1db57ca01d6c3dc1c2c2c51bc062/element/13095731-c15a-4efb-b24f-538eb2816efc/enabled'
09:47:54.465 [AsyncHttpClient-1-14] DEBUG org.asynchttpclient.netty.handler.HttpHandler - 

Request DefaultFullHttpRequest(decodeResult: success, version: HTTP/1.1, content: EmptyByteBufBE)
GET /session/446f1db57ca01d6c3dc1c2c2c51bc062/element/13095731-c15a-4efb-b24f-538eb2816efc/enabled HTTP/1.1
User-Agent: selenium/4.1.2 (java windows)
Cache-Control: no-cache
Content-Type: application/json; charset=utf-8
host: localhost:57823
accept: */*

Response DefaultHttpResponse(decodeResult: success, version: HTTP/1.1)
HTTP/1.1 200 OK
Content-Type: application/json; charset=utf-8
cache-control: no-cache
content-length: 14

09:47:54.466 [AsyncHttpClient-1-14] DEBUG org.asynchttpclient.netty.channel.ChannelManager - Adding key: http://localhost:57823 for channel [id: 0x5ab83796, L:/127.0.0.1:63280 - R:localhost/127.0.0.1:57823]
09:47:54.467 [Forwarding findElement on session 446f1db57ca01d6c3dc1c2c2c51bc062 to remote] DEBUG org.asynchttpclient.netty.request.NettyRequestSender - Using pooled Channel '[id: 0x5ab83796, L:/127.0.0.1:63280 - R:localhost/127.0.0.1:57823]' for 'POST' to 'http://localhost:57823/session/446f1db57ca01d6c3dc1c2c2c51bc062/element'
09:47:54.467 [Forwarding findElement on session 446f1db57ca01d6c3dc1c2c2c51bc062 to remote] DEBUG org.asynchttpclient.netty.request.NettyRequestSender - Using open Channel [id: 0x5ab83796, L:/127.0.0.1:63280 - R:localhost/127.0.0.1:57823] for POST '/session/446f1db57ca01d6c3dc1c2c2c51bc062/element'
09:47:54.481 [AsyncHttpClient-1-14] DEBUG org.asynchttpclient.netty.handler.HttpHandler - 

Request DefaultHttpRequest(decodeResult: success, version: HTTP/1.1)
POST /session/446f1db57ca01d6c3dc1c2c2c51bc062/element HTTP/1.1
User-Agent: selenium/4.1.2 (java windows)
Content-Length: 321
Content-Type: application/json; charset=utf-8
host: localhost:57823
accept: */*

Response DefaultHttpResponse(decodeResult: success, version: HTTP/1.1)
HTTP/1.1 200 OK
Content-Type: application/json; charset=utf-8
cache-control: no-cache
content-length: 88

09:47:54.481 [AsyncHttpClient-1-14] DEBUG org.asynchttpclient.netty.channel.ChannelManager - Adding key: http://localhost:57823 for channel [id: 0x5ab83796, L:/127.0.0.1:63280 - R:localhost/127.0.0.1:57823]
09:47:54.483 [Forwarding clickElement on session 446f1db57ca01d6c3dc1c2c2c51bc062 to remote] DEBUG org.asynchttpclient.netty.request.NettyRequestSender - Using pooled Channel '[id: 0x5ab83796, L:/127.0.0.1:63280 - R:localhost/127.0.0.1:57823]' for 'POST' to 'http://localhost:57823/session/446f1db57ca01d6c3dc1c2c2c51bc062/element/13095731-c15a-4efb-b24f-538eb2816efc/click'
09:47:54.483 [Forwarding clickElement on session 446f1db57ca01d6c3dc1c2c2c51bc062 to remote] DEBUG org.asynchttpclient.netty.request.NettyRequestSender - Using open Channel [id: 0x5ab83796, L:/127.0.0.1:63280 - R:localhost/127.0.0.1:57823] for POST '/session/446f1db57ca01d6c3dc1c2c2c51bc062/element/13095731-c15a-4efb-b24f-538eb2816efc/click'
09:47:54.551 [AsyncHttpClient-1-14] DEBUG org.asynchttpclient.netty.handler.HttpHandler - 

Request DefaultHttpRequest(decodeResult: success, version: HTTP/1.1)
POST /session/446f1db57ca01d6c3dc1c2c2c51bc062/element/13095731-c15a-4efb-b24f-538eb2816efc/click HTTP/1.1
User-Agent: selenium/4.1.2 (java windows)
Content-Length: 50
Content-Type: application/json; charset=utf-8
host: localhost:57823
accept: */*

Response DefaultHttpResponse(decodeResult: success, version: HTTP/1.1)
HTTP/1.1 200 OK
Content-Type: application/json; charset=utf-8
cache-control: no-cache
content-length: 14

09:47:54.551 [AsyncHttpClient-1-14] DEBUG org.asynchttpclient.netty.channel.ChannelManager - Adding key: http://localhost:57823 for channel [id: 0x5ab83796, L:/127.0.0.1:63280 - R:localhost/127.0.0.1:57823]
  &amp#27;[32mAnd &amp#27;[0m&amp#27;[32mI have logged in&amp#27;[0m                 &amp#27;[90m# starter.stepdefinitions.ManageVaccinationBookingsSteps.iHaveLoggedIn()&amp#27;[0m
09:47:54.559 [Forwarding screenshot on session 446f1db57ca01d6c3dc1c2c2c51bc062 to remote] DEBUG org.asynchttpclient.netty.request.NettyRequestSender - Using pooled Channel '[id: 0x5ab83796, L:/127.0.0.1:63280 - R:localhost/127.0.0.1:57823]' for 'GET' to 'http://localhost:57823/session/446f1db57ca01d6c3dc1c2c2c51bc062/screenshot'
09:47:54.559 [Forwarding screenshot on session 446f1db57ca01d6c3dc1c2c2c51bc062 to remote] DEBUG org.asynchttpclient.netty.request.NettyRequestSender - Using open Channel [id: 0x5ab83796, L:/127.0.0.1:63280 - R:localhost/127.0.0.1:57823] for GET '/session/446f1db57ca01d6c3dc1c2c2c51bc062/screenshot'
09:47:54.885 [AsyncHttpClient-1-14] DEBUG org.asynchttpclient.netty.handler.HttpHandler - 

Request DefaultFullHttpRequest(decodeResult: success, version: HTTP/1.1, content: EmptyByteBufBE)
GET /session/446f1db57ca01d6c3dc1c2c2c51bc062/screenshot HTTP/1.1
User-Agent: selenium/4.1.2 (java windows)
Cache-Control: no-cache
Content-Type: application/json; charset=utf-8
host: localhost:57823
accept: */*

Response DefaultHttpResponse(decodeResult: success, version: HTTP/1.1)
HTTP/1.1 200 OK
Content-Type: application/json; charset=utf-8
cache-control: no-cache
content-length: 115740

09:47:54.886 [AsyncHttpClient-1-14] DEBUG org.asynchttpclient.netty.channel.ChannelManager - Adding key: http://localhost:57823 for channel [id: 0x5ab83796, L:/127.0.0.1:63280 - R:localhost/127.0.0.1:57823]
09:47:54.890 [main] DEBUG net.serenitybdd.core.photography.Darkroom - Send negative for processing for target\site\serenity\f7b5aba8e34e0a8993408e1c67e007f5000caf03ad1f6140b4881b400f894652.png
09:47:54.890 [Darkroom Processing Line] DEBUG net.serenitybdd.core.photography.DarkroomProcessingLine - Processing screenshot image in /var/screenshots/screenshot-14385914281190788539
09:47:54.890 [Darkroom Processing Line] DEBUG net.serenitybdd.core.photography.DarkroomProcessingLine - Saving screenshot to target\site\serenity\f7b5aba8e34e0a8993408e1c67e007f5000caf03ad1f6140b4881b400f894652.png
09:47:55.026 [Forwarding findElement on session 446f1db57ca01d6c3dc1c2c2c51bc062 to remote] DEBUG org.asynchttpclient.netty.request.NettyRequestSender - Using pooled Channel '[id: 0x5ab83796, L:/127.0.0.1:63280 - R:localhost/127.0.0.1:57823]' for 'POST' to 'http://localhost:57823/session/446f1db57ca01d6c3dc1c2c2c51bc062/element'
09:47:55.026 [Forwarding findElement on session 446f1db57ca01d6c3dc1c2c2c51bc062 to remote] DEBUG org.asynchttpclient.netty.request.NettyRequestSender - Using open Channel [id: 0x5ab83796, L:/127.0.0.1:63280 - R:localhost/127.0.0.1:57823] for POST '/session/446f1db57ca01d6c3dc1c2c2c51bc062/element'
09:47:55.082 [AsyncHttpClient-1-1] DEBUG org.asynchttpclient.netty.channel.DefaultChannelPool - Entry count for : http://localhost:63281 : 1
09:47:55.167 [AsyncHttpClient-1-14] DEBUG org.asynchttpclient.netty.handler.HttpHandler - 

Request DefaultHttpRequest(decodeResult: success, version: HTTP/1.1)
POST /session/446f1db57ca01d6c3dc1c2c2c51bc062/element HTTP/1.1
User-Agent: selenium/4.1.2 (java windows)
Content-Length: 78
Content-Type: application/json; charset=utf-8
host: localhost:57823
accept: */*

Response DefaultHttpResponse(decodeResult: success, version: HTTP/1.1)
HTTP/1.1 200 OK
Content-Type: application/json; charset=utf-8
cache-control: no-cache
content-length: 88

09:47:55.168 [AsyncHttpClient-1-14] DEBUG org.asynchttpclient.netty.channel.ChannelManager - Adding key: http://localhost:57823 for channel [id: 0x5ab83796, L:/127.0.0.1:63280 - R:localhost/127.0.0.1:57823]
09:47:55.170 [Forwarding getElementTagName on session 446f1db57ca01d6c3dc1c2c2c51bc062 to remote] DEBUG org.asynchttpclient.netty.request.NettyRequestSender - Using pooled Channel '[id: 0x5ab83796, L:/127.0.0.1:63280 - R:localhost/127.0.0.1:57823]' for 'GET' to 'http://localhost:57823/session/446f1db57ca01d6c3dc1c2c2c51bc062/element/02a0003f-7f11-4e53-961b-496521e204f4/name'
09:47:55.170 [Forwarding getElementTagName on session 446f1db57ca01d6c3dc1c2c2c51bc062 to remote] DEBUG org.asynchttpclient.netty.request.NettyRequestSender - Using open Channel [id: 0x5ab83796, L:/127.0.0.1:63280 - R:localhost/127.0.0.1:57823] for GET '/session/446f1db57ca01d6c3dc1c2c2c51bc062/element/02a0003f-7f11-4e53-961b-496521e204f4/name'
09:47:55.196 [AsyncHttpClient-1-14] DEBUG org.asynchttpclient.netty.handler.HttpHandler - 

Request DefaultFullHttpRequest(decodeResult: success, version: HTTP/1.1, content: EmptyByteBufBE)
GET /session/446f1db57ca01d6c3dc1c2c2c51bc062/element/02a0003f-7f11-4e53-961b-496521e204f4/name HTTP/1.1
User-Agent: selenium/4.1.2 (java windows)
Cache-Control: no-cache
Content-Type: application/json; charset=utf-8
host: localhost:57823
accept: */*

Response DefaultHttpResponse(decodeResult: success, version: HTTP/1.1)
HTTP/1.1 200 OK
Content-Type: application/json; charset=utf-8
cache-control: no-cache
content-length: 13

09:47:55.197 [AsyncHttpClient-1-14] DEBUG org.asynchttpclient.netty.channel.ChannelManager - Adding key: http://localhost:57823 for channel [id: 0x5ab83796, L:/127.0.0.1:63280 - R:localhost/127.0.0.1:57823]
09:47:55.199 [Forwarding getElementTagName on session 446f1db57ca01d6c3dc1c2c2c51bc062 to remote] DEBUG org.asynchttpclient.netty.request.NettyRequestSender - Using pooled Channel '[id: 0x5ab83796, L:/127.0.0.1:63280 - R:localhost/127.0.0.1:57823]' for 'GET' to 'http://localhost:57823/session/446f1db57ca01d6c3dc1c2c2c51bc062/element/02a0003f-7f11-4e53-961b-496521e204f4/name'
09:47:55.199 [Forwarding getElementTagName on session 446f1db57ca01d6c3dc1c2c2c51bc062 to remote] DEBUG org.asynchttpclient.netty.request.NettyRequestSender - Using open Channel [id: 0x5ab83796, L:/127.0.0.1:63280 - R:localhost/127.0.0.1:57823] for GET '/session/446f1db57ca01d6c3dc1c2c2c51bc062/element/02a0003f-7f11-4e53-961b-496521e204f4/name'
09:47:55.205 [AsyncHttpClient-1-14] DEBUG org.asynchttpclient.netty.handler.HttpHandler - 

Request DefaultFullHttpRequest(decodeResult: success, version: HTTP/1.1, content: EmptyByteBufBE)
GET /session/446f1db57ca01d6c3dc1c2c2c51bc062/element/02a0003f-7f11-4e53-961b-496521e204f4/name HTTP/1.1
User-Agent: selenium/4.1.2 (java windows)
Cache-Control: no-cache
Content-Type: application/json; charset=utf-8
host: localhost:57823
accept: */*

Response DefaultHttpResponse(decodeResult: success, version: HTTP/1.1)
HTTP/1.1 200 OK
Content-Type: application/json; charset=utf-8
cache-control: no-cache
content-length: 13

09:47:55.205 [AsyncHttpClient-1-14] DEBUG org.asynchttpclient.netty.channel.ChannelManager - Adding key: http://localhost:57823 for channel [id: 0x5ab83796, L:/127.0.0.1:63280 - R:localhost/127.0.0.1:57823]
09:47:55.208 [Forwarding findElement on session 446f1db57ca01d6c3dc1c2c2c51bc062 to remote] DEBUG org.asynchttpclient.netty.request.NettyRequestSender - Using pooled Channel '[id: 0x5ab83796, L:/127.0.0.1:63280 - R:localhost/127.0.0.1:57823]' for 'POST' to 'http://localhost:57823/session/446f1db57ca01d6c3dc1c2c2c51bc062/element'
09:47:55.208 [Forwarding findElement on session 446f1db57ca01d6c3dc1c2c2c51bc062 to remote] DEBUG org.asynchttpclient.netty.request.NettyRequestSender - Using open Channel [id: 0x5ab83796, L:/127.0.0.1:63280 - R:localhost/127.0.0.1:57823] for POST '/session/446f1db57ca01d6c3dc1c2c2c51bc062/element'
09:47:55.219 [AsyncHttpClient-1-14] DEBUG org.asynchttpclient.netty.handler.HttpHandler - 

Request DefaultHttpRequest(decodeResult: success, version: HTTP/1.1)
POST /session/446f1db57ca01d6c3dc1c2c2c51bc062/element HTTP/1.1
User-Agent: selenium/4.1.2 (java windows)
Content-Length: 78
Content-Type: application/json; charset=utf-8
host: localhost:57823
accept: */*

Response DefaultHttpResponse(decodeResult: success, version: HTTP/1.1)
HTTP/1.1 200 OK
Content-Type: application/json; charset=utf-8
cache-control: no-cache
content-length: 88

09:47:55.219 [AsyncHttpClient-1-14] DEBUG org.asynchttpclient.netty.channel.ChannelManager - Adding key: http://localhost:57823 for channel [id: 0x5ab83796, L:/127.0.0.1:63280 - R:localhost/127.0.0.1:57823]
09:47:55.221 [Forwarding clickElement on session 446f1db57ca01d6c3dc1c2c2c51bc062 to remote] DEBUG org.asynchttpclient.netty.request.NettyRequestSender - Using pooled Channel '[id: 0x5ab83796, L:/127.0.0.1:63280 - R:localhost/127.0.0.1:57823]' for 'POST' to 'http://localhost:57823/session/446f1db57ca01d6c3dc1c2c2c51bc062/element/02a0003f-7f11-4e53-961b-496521e204f4/click'
09:47:55.221 [Forwarding clickElement on session 446f1db57ca01d6c3dc1c2c2c51bc062 to remote] DEBUG org.asynchttpclient.netty.request.NettyRequestSender - Using open Channel [id: 0x5ab83796, L:/127.0.0.1:63280 - R:localhost/127.0.0.1:57823] for POST '/session/446f1db57ca01d6c3dc1c2c2c51bc062/element/02a0003f-7f11-4e53-961b-496521e204f4/click'
09:47:55.464 [AsyncHttpClient-1-14] DEBUG org.asynchttpclient.netty.handler.HttpHandler - 

Request DefaultHttpRequest(decodeResult: success, version: HTTP/1.1)
POST /session/446f1db57ca01d6c3dc1c2c2c51bc062/element/02a0003f-7f11-4e53-961b-496521e204f4/click HTTP/1.1
User-Agent: selenium/4.1.2 (java windows)
Content-Length: 50
Content-Type: application/json; charset=utf-8
host: localhost:57823
accept: */*

Response DefaultHttpResponse(decodeResult: success, version: HTTP/1.1)
HTTP/1.1 200 OK
Content-Type: application/json; charset=utf-8
cache-control: no-cache
content-length: 14

09:47:55.465 [AsyncHttpClient-1-14] DEBUG org.asynchttpclient.netty.channel.ChannelManager - Adding key: http://localhost:57823 for channel [id: 0x5ab83796, L:/127.0.0.1:63280 - R:localhost/127.0.0.1:57823]
  &amp#27;[32mWhen &amp#27;[0m&amp#27;[32mI go to Daftar Vaksin page&amp#27;[0m      &amp#27;[90m# starter.stepdefinitions.VaccineNamesSteps.iGoToDaftarVaksinPage()&amp#27;[0m
09:47:55.472 [Forwarding screenshot on session 446f1db57ca01d6c3dc1c2c2c51bc062 to remote] DEBUG org.asynchttpclient.netty.request.NettyRequestSender - Using pooled Channel '[id: 0x5ab83796, L:/127.0.0.1:63280 - R:localhost/127.0.0.1:57823]' for 'GET' to 'http://localhost:57823/session/446f1db57ca01d6c3dc1c2c2c51bc062/screenshot'
09:47:55.472 [Forwarding screenshot on session 446f1db57ca01d6c3dc1c2c2c51bc062 to remote] DEBUG org.asynchttpclient.netty.request.NettyRequestSender - Using open Channel [id: 0x5ab83796, L:/127.0.0.1:63280 - R:localhost/127.0.0.1:57823] for GET '/session/446f1db57ca01d6c3dc1c2c2c51bc062/screenshot'
09:47:55.883 [AsyncHttpClient-1-14] DEBUG org.asynchttpclient.netty.handler.HttpHandler - 

Request DefaultFullHttpRequest(decodeResult: success, version: HTTP/1.1, content: EmptyByteBufBE)
GET /session/446f1db57ca01d6c3dc1c2c2c51bc062/screenshot HTTP/1.1
User-Agent: selenium/4.1.2 (java windows)
Cache-Control: no-cache
Content-Type: application/json; charset=utf-8
host: localhost:57823
accept: */*

Response DefaultHttpResponse(decodeResult: success, version: HTTP/1.1)
HTTP/1.1 200 OK
Content-Type: application/json; charset=utf-8
cache-control: no-cache
content-length: 139492

09:47:55.884 [AsyncHttpClient-1-14] DEBUG org.asynchttpclient.netty.channel.ChannelManager - Adding key: http://localhost:57823 for channel [id: 0x5ab83796, L:/127.0.0.1:63280 - R:localhost/127.0.0.1:57823]
09:47:55.889 [main] DEBUG net.serenitybdd.core.photography.Darkroom - Send negative for processing for target\site\serenity\49f6cfc665927a0e8e0c87340f6569eaafafd17c52d88c104978948fc9e2b8cb.png
09:47:55.889 [Darkroom Processing Line] DEBUG net.serenitybdd.core.photography.DarkroomProcessingLine - Processing screenshot image in /var/screenshots/screenshot-12263968631707302438
09:47:55.889 [Darkroom Processing Line] DEBUG net.serenitybdd.core.photography.DarkroomProcessingLine - Saving screenshot to target\site\serenity\49f6cfc665927a0e8e0c87340f6569eaafafd17c52d88c104978948fc9e2b8cb.png
09:47:55.903 [Forwarding findElement on session 446f1db57ca01d6c3dc1c2c2c51bc062 to remote] DEBUG org.asynchttpclient.netty.request.NettyRequestSender - Using pooled Channel '[id: 0x5ab83796, L:/127.0.0.1:63280 - R:localhost/127.0.0.1:57823]' for 'POST' to 'http://localhost:57823/session/446f1db57ca01d6c3dc1c2c2c51bc062/element'
09:47:55.903 [Forwarding findElement on session 446f1db57ca01d6c3dc1c2c2c51bc062 to remote] DEBUG org.asynchttpclient.netty.request.NettyRequestSender - Using open Channel [id: 0x5ab83796, L:/127.0.0.1:63280 - R:localhost/127.0.0.1:57823] for POST '/session/446f1db57ca01d6c3dc1c2c2c51bc062/element'
09:47:55.919 [AsyncHttpClient-1-14] DEBUG org.asynchttpclient.netty.handler.HttpHandler - 

Request DefaultHttpRequest(decodeResult: success, version: HTTP/1.1)
POST /session/446f1db57ca01d6c3dc1c2c2c51bc062/element HTTP/1.1
User-Agent: selenium/4.1.2 (java windows)
Content-Length: 51
Content-Type: application/json; charset=utf-8
host: localhost:57823
accept: */*

Response DefaultHttpResponse(decodeResult: success, version: HTTP/1.1)
HTTP/1.1 200 OK
Content-Type: application/json; charset=utf-8
cache-control: no-cache
content-length: 88

09:47:55.919 [AsyncHttpClient-1-14] DEBUG org.asynchttpclient.netty.channel.ChannelManager - Adding key: http://localhost:57823 for channel [id: 0x5ab83796, L:/127.0.0.1:63280 - R:localhost/127.0.0.1:57823]
09:47:55.924 [Forwarding isElementDisplayed on session 446f1db57ca01d6c3dc1c2c2c51bc062 to remote] DEBUG org.asynchttpclient.netty.request.NettyRequestSender - Using pooled Channel '[id: 0x5ab83796, L:/127.0.0.1:63280 - R:localhost/127.0.0.1:57823]' for 'POST' to 'http://localhost:57823/session/446f1db57ca01d6c3dc1c2c2c51bc062/execute/sync'
09:47:55.924 [Forwarding isElementDisplayed on session 446f1db57ca01d6c3dc1c2c2c51bc062 to remote] DEBUG org.asynchttpclient.netty.request.NettyRequestSender - Using open Channel [id: 0x5ab83796, L:/127.0.0.1:63280 - R:localhost/127.0.0.1:57823] for POST '/session/446f1db57ca01d6c3dc1c2c2c51bc062/execute/sync'
09:47:55.948 [AsyncHttpClient-1-14] DEBUG org.asynchttpclient.netty.handler.HttpHandler - 

Request DefaultHttpRequest(decodeResult: success, version: HTTP/1.1)
POST /session/446f1db57ca01d6c3dc1c2c2c51bc062/execute/sync HTTP/1.1
User-Agent: selenium/4.1.2 (java windows)
Content-Length: 48780
Content-Type: application/json; charset=utf-8
host: localhost:57823
accept: */*

Response DefaultHttpResponse(decodeResult: success, version: HTTP/1.1)
HTTP/1.1 200 OK
Content-Type: application/json; charset=utf-8
cache-control: no-cache
content-length: 14

09:47:55.949 [AsyncHttpClient-1-14] DEBUG org.asynchttpclient.netty.channel.ChannelManager - Adding key: http://localhost:57823 for channel [id: 0x5ab83796, L:/127.0.0.1:63280 - R:localhost/127.0.0.1:57823]
  &amp#27;[32mThen &amp#27;[0m&amp#27;[32mvaccine names will be displayed&amp#27;[0m &amp#27;[90m# starter.stepdefinitions.VaccineNamesSteps.vaccineNamesWillBeDisplayed()&amp#27;[0m
09:47:55.955 [Forwarding screenshot on session 446f1db57ca01d6c3dc1c2c2c51bc062 to remote] DEBUG org.asynchttpclient.netty.request.NettyRequestSender - Using pooled Channel '[id: 0x5ab83796, L:/127.0.0.1:63280 - R:localhost/127.0.0.1:57823]' for 'GET' to 'http://localhost:57823/session/446f1db57ca01d6c3dc1c2c2c51bc062/screenshot'
09:47:55.955 [Forwarding screenshot on session 446f1db57ca01d6c3dc1c2c2c51bc062 to remote] DEBUG org.asynchttpclient.netty.request.NettyRequestSender - Using open Channel [id: 0x5ab83796, L:/127.0.0.1:63280 - R:localhost/127.0.0.1:57823] for GET '/session/446f1db57ca01d6c3dc1c2c2c51bc062/screenshot'
09:47:56.148 [AsyncHttpClient-1-14] DEBUG org.asynchttpclient.netty.handler.HttpHandler - 

Request DefaultFullHttpRequest(decodeResult: success, version: HTTP/1.1, content: EmptyByteBufBE)
GET /session/446f1db57ca01d6c3dc1c2c2c51bc062/screenshot HTTP/1.1
User-Agent: selenium/4.1.2 (java windows)
Cache-Control: no-cache
Content-Type: application/json; charset=utf-8
host: localhost:57823
accept: */*

Response DefaultHttpResponse(decodeResult: success, version: HTTP/1.1)
HTTP/1.1 200 OK
Content-Type: application/json; charset=utf-8
cache-control: no-cache
content-length: 157588

09:47:56.149 [AsyncHttpClient-1-14] DEBUG org.asynchttpclient.netty.channel.ChannelManager - Adding key: http://localhost:57823 for channel [id: 0x5ab83796, L:/127.0.0.1:63280 - R:localhost/127.0.0.1:57823]
09:47:56.159 [main] DEBUG net.serenitybdd.core.photography.Darkroom - Send negative for processing for target\site\serenity\a37aea9a8915db376b1f1015dc3f23a6149119ad3f3179962be84cddfe91c62b.png
09:47:56.159 [Darkroom Processing Line] DEBUG net.serenitybdd.core.photography.DarkroomProcessingLine - Processing screenshot image in /var/screenshots/screenshot-1660313076714882579
09:47:56.159 [Darkroom Processing Line] DEBUG net.serenitybdd.core.photography.DarkroomProcessingLine - Saving screenshot to target\site\serenity\a37aea9a8915db376b1f1015dc3f23a6149119ad3f3179962be84cddfe91c62b.png
09:47:56.162 [main] INFO  - 
  _____   ___   ___   _____     ___     _     ___   ___   ___   ___  
 |_   _| | __| / __| |_   _|   | _ \   /_\   / __| / __| | __| |   \ 
   | |   | _|  \__ \   | |     |  _/  / _ \  \__ \ \__ \ | _|  | |) |
   |_|   |___| |___/   |_|     |_|   /_/ \_\ |___/ |___/ |___| |___/ 


----------------------------------------------------------------------
09:47:56.165 [AsyncHttpClient-1-16] DEBUG org.asynchttpclient.netty.handler.WebSocketHandler - Channel Closed: [id: 0xb2e9c712, L:/127.0.0.1:63288 ! R:localhost/127.0.0.1:63281] with attribute NettyResponseFuture{currentRetry=5,
	isDone=1,
	isCancelled=0,
	asyncHandler=org.asynchttpclient.ws.WebSocketUpgradeHandler@7b6c6add,
	nettyRequest=org.asynchttpclient.netty.request.NettyRequest@3e6eebd4,
	future=java.util.concurrent.CompletableFuture@6fa61cdd[Completed normally],
	uri=ws://localhost:63281/devtools/browser/d60afeb4-91db-49fd-8d45-d635340b1835,
	keepAlive=true,
	redirectCount=0,
	timeoutsHolder=null,
	inAuth=0,
	touch=1671677271680}
09:47:56.166 [AsyncHttpClient-1-16] DEBUG org.asynchttpclient.netty.channel.ChannelManager - Closing Channel [id: 0xb2e9c712, L:/127.0.0.1:63288 ! R:localhost/127.0.0.1:63281] 
09:47:56.167 [Driver Command Executor] DEBUG org.asynchttpclient.netty.request.NettyRequestSender - Using pooled Channel '[id: 0x5ab83796, L:/127.0.0.1:63280 - R:localhost/127.0.0.1:57823]' for 'DELETE' to 'http://localhost:57823/session/446f1db57ca01d6c3dc1c2c2c51bc062'
09:47:56.167 [Driver Command Executor] DEBUG org.asynchttpclient.netty.request.NettyRequestSender - Using open Channel [id: 0x5ab83796, L:/127.0.0.1:63280 - R:localhost/127.0.0.1:57823] for DELETE '/session/446f1db57ca01d6c3dc1c2c2c51bc062'
09:47:56.195 [AsyncHttpClient-1-1] DEBUG org.asynchttpclient.netty.channel.DefaultChannelPool - Entry count for : http://localhost:63281 : 1
09:47:56.205 [AsyncHttpClient-1-15] DEBUG org.asynchttpclient.netty.handler.HttpHandler - Unexpected I/O exception on channel [id: 0xa2b0375a, L:/127.0.0.1:63287 - R:localhost/127.0.0.1:63281]
java.io.IOException: An existing connection was forcibly closed by the remote host
	at java.base/sun.nio.ch.SocketDispatcher.read0(Native Method)
	at java.base/sun.nio.ch.SocketDispatcher.read(SocketDispatcher.java:43)
	at java.base/sun.nio.ch.IOUtil.readIntoNativeBuffer(IOUtil.java:276)
	at java.base/sun.nio.ch.IOUtil.read(IOUtil.java:233)
	at java.base/sun.nio.ch.IOUtil.read(IOUtil.java:223)
	at java.base/sun.nio.ch.SocketChannelImpl.read(SocketChannelImpl.java:358)
	at io.netty.buffer.PooledByteBuf.setBytes(PooledByteBuf.java:258)
	at io.netty.buffer.AbstractByteBuf.writeBytes(AbstractByteBuf.java:1132)
	at io.netty.channel.socket.nio.NioSocketChannel.doReadBytes(NioSocketChannel.java:350)
	at io.netty.channel.nio.AbstractNioByteChannel$NioByteUnsafe.read(AbstractNioByteChannel.java:151)
	at io.netty.channel.nio.NioEventLoop.processSelectedKey(NioEventLoop.java:722)
	at io.netty.channel.nio.NioEventLoop.processSelectedKeysOptimized(NioEventLoop.java:658)
	at io.netty.channel.nio.NioEventLoop.processSelectedKeys(NioEventLoop.java:584)
	at io.netty.channel.nio.NioEventLoop.run(NioEventLoop.java:496)
	at io.netty.util.concurrent.SingleThreadEventExecutor$4.run(SingleThreadEventExecutor.java:986)
	at io.netty.util.internal.ThreadExecutorMap$2.run(ThreadExecutorMap.java:74)
	at io.netty.util.concurrent.FastThreadLocalRunnable.run(FastThreadLocalRunnable.java:30)
	at java.base/java.lang.Thread.run(Thread.java:834)
09:47:56.205 [AsyncHttpClient-1-15] DEBUG org.asynchttpclient.netty.channel.ChannelManager - Closing Channel [id: 0xa2b0375a, L:/127.0.0.1:63287 - R:localhost/127.0.0.1:63281] 
09:47:56.206 [AsyncHttpClient-1-15] DEBUG org.asynchttpclient.netty.handler.HttpHandler - Channel Closed: [id: 0xa2b0375a, L:/127.0.0.1:63287 ! R:localhost/127.0.0.1:63281] with attribute DISCARD
09:47:56.226 [AsyncHttpClient-1-14] DEBUG org.asynchttpclient.netty.handler.HttpHandler - 

Request DefaultFullHttpRequest(decodeResult: success, version: HTTP/1.1, content: EmptyByteBufBE)
DELETE /session/446f1db57ca01d6c3dc1c2c2c51bc062 HTTP/1.1
User-Agent: selenium/4.1.2 (java windows)
Content-Type: application/json; charset=utf-8
host: localhost:57823
accept: */*

Response DefaultHttpResponse(decodeResult: success, version: HTTP/1.1)
HTTP/1.1 200 OK
Content-Type: application/json; charset=utf-8
cache-control: no-cache
content-length: 14

09:47:56.226 [AsyncHttpClient-1-14] DEBUG org.asynchttpclient.netty.channel.ChannelManager - Adding key: http://localhost:57823 for channel [id: 0x5ab83796, L:/127.0.0.1:63280 - R:localhost/127.0.0.1:57823]
09:47:56.293 [AsyncHttpClient-1-14] DEBUG org.asynchttpclient.netty.handler.HttpHandler - Channel Closed: [id: 0x5ab83796, L:/127.0.0.1:63280 ! R:localhost/127.0.0.1:57823] with attribute DISCARD
]]></system-out>
    <system-err><![CDATA[Starting ChromeDriver 108.0.5359.71 (1e0e3868ee06e91ad636a874420e3ca3ae3756ac-refs/branch-heads/5359@{#1016}) on port 57823
Only local connections are allowed.
Please see https://chromedriver.chromium.org/security-considerations for suggestions on keeping ChromeDriver safe.
ChromeDriver was started successfully.
Dec 22, 2022 9:47:51 AM org.openqa.selenium.remote.ProtocolHandshake createSession
INFO: Detected dialect: W3C
Dec 22, 2022 9:47:51 AM org.openqa.selenium.devtools.CdpVersionFinder findNearestMatch
WARNING: Unable to find an exact match for CDP version 108, so returning the closest version found: a no-op implementation
Dec 22, 2022 9:47:51 AM org.openqa.selenium.devtools.CdpVersionFinder findNearestMatch
INFO: Unable to find CDP implementation matching 108.
Dec 22, 2022 9:47:51 AM org.openqa.selenium.chromium.ChromiumDriver lambda$new$3
WARNING: Unable to find version of CDP to use for . You may need to include a dependency on a specific version of the CDP using something similar to `org.seleniumhq.selenium:selenium-devtools-v86:4.1.2` where the version ("v86") matches the version of the chromium-based browser you're using and the version number of the artifact is the same as Selenium's.
]]></system-err>
  </testcase>
</testsuite>