<?xml version="1.0" encoding="UTF-8"?>
<testsuite xmlns:xsi="http://www.w3.org/2001/XMLSchema-instance" xsi:noNamespaceSchemaLocation="https://maven.apache.org/surefire/maven-failsafe-plugin/xsd/failsafe-test-report-3.0.xsd" version="3.0" name="CucumberTestSuite" time="126.78" tests="11" errors="8" skipped="0" failures="0">
  <properties>
    <property name="sun.desktop" value="windows"/>
    <property name="awt.toolkit" value="sun.awt.windows.WToolkit"/>
    <property name="java.specification.version" value="11"/>
    <property name="webdriver.chrome.driver" value="C:\Users\ASUSTUF\OneDrive\Documents\Capstone Project\Web Automation\src\test\resources\webdriver\chromedriver.exe"/>
    <property name="sun.cpu.isalist" value="amd64"/>
    <property name="sun.jnu.encoding" value="Cp1252"/>
    <property name="java.class.path" value="C:\Users\ASUSTUF\OneDrive\Documents\Capstone Project\Web Automation\target\test-classes;C:\Users\ASUSTUF\.m2\repository\net\serenity-bdd\serenity-core\3.2.1\serenity-core-3.2.1.jar;C:\Users\ASUSTUF\.m2\repository\net\serenity-bdd\serenity-model\3.2.1\serenity-model-3.2.1.jar;C:\Users\ASUSTUF\.m2\repository\org\apache\commons\commons-text\1.9\commons-text-1.9.jar;C:\Users\ASUSTUF\.m2\repository\commons-net\commons-net\3.8.0\commons-net-3.8.0.jar;C:\Users\ASUSTUF\.m2\repository\com\google\guava\guava\31.1-jre\guava-31.1-jre.jar;C:\Users\ASUSTUF\.m2\repository\com\google\guava\failureaccess\1.0.1\failureaccess-1.0.1.jar;C:\Users\ASUSTUF\.m2\repository\com\google\guava\listenablefuture\9999.0-empty-to-avoid-conflict-with-guava\listenablefuture-9999.0-empty-to-avoid-conflict-with-guava.jar;C:\Users\ASUSTUF\.m2\repository\com\google\code\findbugs\jsr305\3.0.2\jsr305-3.0.2.jar;C:\Users\ASUSTUF\.m2\repository\org\checkerframework\checker-qual\3.12.0\checker-qual-3.12.0.jar;C:\Users\ASUSTUF\.m2\repository\com\google\errorprone\error_prone_annotations\2.11.0\error_prone_annotations-2.11.0.jar;C:\Users\ASUSTUF\.m2\repository\com\google\j2objc\j2objc-annotations\1.3\j2objc-annotations-1.3.jar;C:\Users\ASUSTUF\.m2\repository\com\google\inject\guice\5.1.0\guice-5.1.0.jar;C:\Users\ASUSTUF\.m2\repository\javax\inject\javax.inject\1\javax.inject-1.jar;C:\Users\ASUSTUF\.m2\repository\aopalliance\aopalliance\1.0\aopalliance-1.0.jar;C:\Users\ASUSTUF\.m2\repository\org\jsoup\jsoup\1.14.3\jsoup-1.14.3.jar;C:\Users\ASUSTUF\.m2\repository\com\thoughtworks\xstream\xstream\1.4.19\xstream-1.4.19.jar;C:\Users\ASUSTUF\.m2\repository\io\github\x-stream\mxparser\1.2.2\mxparser-1.2.2.jar;C:\Users\ASUSTUF\.m2\repository\xmlpull\xmlpull\1.1.3.1\xmlpull-1.1.3.1.jar;C:\Users\ASUSTUF\.m2\repository\io\cucumber\cucumber-java\7.2.3\cucumber-java-7.2.3.jar;C:\Users\ASUSTUF\.m2\repository\com\typesafe\config\1.4.2\config-1.4.2.jar;C:\Users\ASUSTUF\.m2\repository\org\imgscalr\imgscalr-lib\4.2\imgscalr-lib-4.2.jar;C:\Users\ASUSTUF\.m2\repository\org\awaitility\awaitility\4.2.0\awaitility-4.2.0.jar;C:\Users\ASUSTUF\.m2\repository\org\freemarker\freemarker\2.3.31\freemarker-2.3.31.jar;C:\Users\ASUSTUF\.m2\repository\io\github\classgraph\classgraph\4.8.138\classgraph-4.8.138.jar;C:\Users\ASUSTUF\.m2\repository\net\sourceforge\jexcelapi\jxl\2.6.12\jxl-2.6.12.jar;C:\Users\ASUSTUF\.m2\repository\net\bytebuddy\byte-buddy\1.12.8\byte-buddy-1.12.8.jar;C:\Users\ASUSTUF\.m2\repository\net\bytebuddy\byte-buddy-agent\1.12.8\byte-buddy-agent-1.12.8.jar;C:\Users\ASUSTUF\.m2\repository\org\objenesis\objenesis\3.1\objenesis-3.1.jar;C:\Users\ASUSTUF\.m2\repository\net\serenity-bdd\serenity-reports\3.2.1\serenity-reports-3.2.1.jar;C:\Users\ASUSTUF\.m2\repository\net\serenity-bdd\serenity-stats\3.2.1\serenity-stats-3.2.1.jar;C:\Users\ASUSTUF\.m2\repository\net\serenity-bdd\serenity-reports-configuration\3.2.1\serenity-reports-configuration-3.2.1.jar;C:\Users\ASUSTUF\.m2\repository\com\vladsch\flexmark\flexmark-all\0.34.30\flexmark-all-0.34.30.jar;C:\Users\ASUSTUF\.m2\repository\com\vladsch\flexmark\flexmark\0.34.30\flexmark-0.34.30.jar;C:\Users\ASUSTUF\.m2\repository\com\vladsch\flexmark\flexmark-ext-abbreviation\0.34.30\flexmark-ext-abbreviation-0.34.30.jar;C:\Users\ASUSTUF\.m2\repository\com\vladsch\flexmark\flexmark-ext-admonition\0.34.30\flexmark-ext-admonition-0.34.30.jar;C:\Users\ASUSTUF\.m2\repository\com\vladsch\flexmark\flexmark-ext-anchorlink\0.34.30\flexmark-ext-anchorlink-0.34.30.jar;C:\Users\ASUSTUF\.m2\repository\com\vladsch\flexmark\flexmark-ext-aside\0.34.30\flexmark-ext-aside-0.34.30.jar;C:\Users\ASUSTUF\.m2\repository\com\vladsch\flexmark\flexmark-ext-attributes\0.34.30\flexmark-ext-attributes-0.34.30.jar;C:\Users\ASUSTUF\.m2\repository\com\vladsch\flexmark\flexmark-ext-autolink\0.34.30\flexmark-ext-autolink-0.34.30.jar;C:\Users\ASUSTUF\.m2\repository\org\nibor\autolink\autolink\0.6.0\autolink-0.6.0.jar;C:\Users\ASUSTUF\.m2\repository\com\vladsch\flexmark\flexmark-ext-definition\0.34.30\flexmark-ext-definition-0.34.30.jar;C:\Users\ASUSTUF\.m2\repository\com\vladsch\flexmark\flexmark-ext-emoji\0.34.30\flexmark-ext-emoji-0.34.30.jar;C:\Users\ASUSTUF\.m2\repository\com\vladsch\flexmark\flexmark-ext-enumerated-reference\0.34.30\flexmark-ext-enumerated-reference-0.34.30.jar;C:\Users\ASUSTUF\.m2\repository\com\vladsch\flexmark\flexmark-ext-escaped-character\0.34.30\flexmark-ext-escaped-character-0.34.30.jar;C:\Users\ASUSTUF\.m2\repository\com\vladsch\flexmark\flexmark-ext-footnotes\0.34.30\flexmark-ext-footnotes-0.34.30.jar;C:\Users\ASUSTUF\.m2\repository\com\vladsch\flexmark\flexmark-ext-gfm-issues\0.34.30\flexmark-ext-gfm-issues-0.34.30.jar;C:\Users\ASUSTUF\.m2\repository\com\vladsch\flexmark\flexmark-ext-gfm-strikethrough\0.34.30\flexmark-ext-gfm-strikethrough-0.34.30.jar;C:\Users\ASUSTUF\.m2\repository\com\vladsch\flexmark\flexmark-ext-gfm-tables\0.34.30\flexmark-ext-gfm-tables-0.34.30.jar;C:\Users\ASUSTUF\.m2\repository\com\vladsch\flexmark\flexmark-ext-gfm-tasklist\0.34.30\flexmark-ext-gfm-tasklist-0.34.30.jar;C:\Users\ASUSTUF\.m2\repository\com\vladsch\flexmark\flexmark-ext-gfm-users\0.34.30\flexmark-ext-gfm-users-0.34.30.jar;C:\Users\ASUSTUF\.m2\repository\com\vladsch\flexmark\flexmark-ext-gitlab\0.34.30\flexmark-ext-gitlab-0.34.30.jar;C:\Users\ASUSTUF\.m2\repository\com\vladsch\flexmark\flexmark-ext-jekyll-front-matter\0.34.30\flexmark-ext-jekyll-front-matter-0.34.30.jar;C:\Users\ASUSTUF\.m2\repository\com\vladsch\flexmark\flexmark-ext-jekyll-tag\0.34.30\flexmark-ext-jekyll-tag-0.34.30.jar;C:\Users\ASUSTUF\.m2\repository\com\vladsch\flexmark\flexmark-ext-media-tags\0.34.30\flexmark-ext-media-tags-0.34.30.jar;C:\Users\ASUSTUF\.m2\repository\com\vladsch\flexmark\flexmark-test-util\0.34.30\flexmark-test-util-0.34.30.jar;C:\Users\ASUSTUF\.m2\repository\com\vladsch\flexmark\flexmark-ext-ins\0.34.30\flexmark-ext-ins-0.34.30.jar;C:\Users\ASUSTUF\.m2\repository\com\vladsch\flexmark\flexmark-ext-xwiki-macros\0.34.30\flexmark-ext-xwiki-macros-0.34.30.jar;C:\Users\ASUSTUF\.m2\repository\com\vladsch\flexmark\flexmark-ext-superscript\0.34.30\flexmark-ext-superscript-0.34.30.jar;C:\Users\ASUSTUF\.m2\repository\com\vladsch\flexmark\flexmark-ext-tables\0.34.30\flexmark-ext-tables-0.34.30.jar;C:\Users\ASUSTUF\.m2\repository\com\vladsch\flexmark\flexmark-ext-toc\0.34.30\flexmark-ext-toc-0.34.30.jar;C:\Users\ASUSTUF\.m2\repository\com\vladsch\flexmark\flexmark-ext-typographic\0.34.30\flexmark-ext-typographic-0.34.30.jar;C:\Users\ASUSTUF\.m2\repository\com\vladsch\flexmark\flexmark-ext-wikilink\0.34.30\flexmark-ext-wikilink-0.34.30.jar;C:\Users\ASUSTUF\.m2\repository\com\vladsch\flexmark\flexmark-ext-yaml-front-matter\0.34.30\flexmark-ext-yaml-front-matter-0.34.30.jar;C:\Users\ASUSTUF\.m2\repository\com\vladsch\flexmark\flexmark-ext-youtube-embedded\0.34.30\flexmark-ext-youtube-embedded-0.34.30.jar;C:\Users\ASUSTUF\.m2\repository\com\vladsch\flexmark\flexmark-formatter\0.34.30\flexmark-formatter-0.34.30.jar;C:\Users\ASUSTUF\.m2\repository\com\vladsch\flexmark\flexmark-html-parser\0.34.30\flexmark-html-parser-0.34.30.jar;C:\Users\ASUSTUF\.m2\repository\com\vladsch\flexmark\flexmark-jira-converter\0.34.30\flexmark-jira-converter-0.34.30.jar;C:\Users\ASUSTUF\.m2\repository\com\vladsch\flexmark\flexmark-pdf-converter\0.34.30\flexmark-pdf-converter-0.34.30.jar;C:\Users\ASUSTUF\.m2\repository\com\openhtmltopdf\openhtmltopdf-core\0.0.1-RC13\openhtmltopdf-core-0.0.1-RC13.jar;C:\Users\ASUSTUF\.m2\repository\com\openhtmltopdf\openhtmltopdf-pdfbox\0.0.1-RC13\openhtmltopdf-pdfbox-0.0.1-RC13.jar;C:\Users\ASUSTUF\.m2\repository\org\apache\pdfbox\pdfbox\2.0.8\pdfbox-2.0.8.jar;C:\Users\ASUSTUF\.m2\repository\org\apache\pdfbox\fontbox\2.0.8\fontbox-2.0.8.jar;C:\Users\ASUSTUF\.m2\repository\commons-logging\commons-logging\1.2\commons-logging-1.2.jar;C:\Users\ASUSTUF\.m2\repository\org\apache\pdfbox\xmpbox\2.0.8\xmpbox-2.0.8.jar;C:\Users\ASUSTUF\.m2\repository\de\rototor\pdfbox\graphics2d\0.12\graphics2d-0.12.jar;C:\Users\ASUSTUF\.m2\repository\com\openhtmltopdf\openhtmltopdf-rtl-support\0.0.1-RC13\openhtmltopdf-rtl-support-0.0.1-RC13.jar;C:\Users\ASUSTUF\.m2\repository\com\ibm\icu\icu4j\59.1\icu4j-59.1.jar;C:\Users\ASUSTUF\.m2\repository\com\openhtmltopdf\openhtmltopdf-jsoup-dom-converter\0.0.1-RC13\openhtmltopdf-jsoup-dom-converter-0.0.1-RC13.jar;C:\Users\ASUSTUF\.m2\repository\com\vladsch\flexmark\flexmark-profile-pegdown\0.34.30\flexmark-profile-pegdown-0.34.30.jar;C:\Users\ASUSTUF\.m2\repository\com\vladsch\flexmark\flexmark-util\0.34.30\flexmark-util-0.34.30.jar;C:\Users\ASUSTUF\.m2\repository\com\vladsch\flexmark\flexmark-youtrack-converter\0.34.30\flexmark-youtrack-converter-0.34.30.jar;C:\Users\ASUSTUF\.m2\repository\es\nitaur\markdown\txtmark\0.16\txtmark-0.16.jar;C:\Users\ASUSTUF\.m2\repository\net\serenity-bdd\serenity-report-resources\3.2.1\serenity-report-resources-3.2.1.jar;C:\Users\ASUSTUF\.m2\repository\com\google\code\gson\gson\2.9.0\gson-2.9.0.jar;C:\Users\ASUSTUF\.m2\repository\com\fasterxml\jackson\core\jackson-core\2.13.2\jackson-core-2.13.2.jar;C:\Users\ASUSTUF\.m2\repository\com\fasterxml\jackson\core\jackson-databind\2.13.2\jackson-databind-2.13.2.jar;C:\Users\ASUSTUF\.m2\repository\com\fasterxml\jackson\core\jackson-annotations\2.13.2\jackson-annotations-2.13.2.jar;C:\Users\ASUSTUF\.m2\repository\commons-codec\commons-codec\1.15\commons-codec-1.15.jar;C:\Users\ASUSTUF\.m2\repository\commons-io\commons-io\2.11.0\commons-io-2.11.0.jar;C:\Users\ASUSTUF\.m2\repository\org\seleniumhq\selenium\selenium-java\4.1.2\selenium-java-4.1.2.jar;C:\Users\ASUSTUF\.m2\repository\org\seleniumhq\selenium\selenium-devtools-v85\4.1.2\selenium-devtools-v85-4.1.2.jar;C:\Users\ASUSTUF\.m2\repository\org\seleniumhq\selenium\selenium-devtools-v95\4.1.2\selenium-devtools-v95-4.1.2.jar;C:\Users\ASUSTUF\.m2\repository\org\seleniumhq\selenium\selenium-devtools-v96\4.1.2\selenium-devtools-v96-4.1.2.jar;C:\Users\ASUSTUF\.m2\repository\org\seleniumhq\selenium\selenium-devtools-v97\4.1.2\selenium-devtools-v97-4.1.2.jar;C:\Users\ASUSTUF\.m2\repository\org\seleniumhq\selenium\selenium-firefox-xpi-driver\4.1.2\selenium-firefox-xpi-driver-4.1.2.jar;C:\Users\ASUSTUF\.m2\repository\org\seleniumhq\selenium\selenium-opera-driver\4.1.2\selenium-opera-driver-4.1.2.jar;C:\Users\ASUSTUF\.m2\repository\org\seleniumhq\selenium\selenium-remote-driver\4.1.2\selenium-remote-driver-4.1.2.jar;C:\Users\ASUSTUF\.m2\repository\com\beust\jcommander\1.82\jcommander-1.82.jar;C:\Users\ASUSTUF\.m2\repository\io\netty\netty-buffer\4.1.73.Final\netty-buffer-4.1.73.Final.jar;C:\Users\ASUSTUF\.m2\repository\io\netty\netty-codec-http\4.1.73.Final\netty-codec-http-4.1.73.Final.jar;C:\Users\ASUSTUF\.m2\repository\io\netty\netty-codec\4.1.73.Final\netty-codec-4.1.73.Final.jar;C:\Users\ASUSTUF\.m2\repository\io\netty\netty-handler\4.1.73.Final\netty-handler-4.1.73.Final.jar;C:\Users\ASUSTUF\.m2\repository\io\netty\netty-tcnative-classes\2.0.46.Final\netty-tcnative-classes-2.0.46.Final.jar;C:\Users\ASUSTUF\.m2\repository\io\netty\netty-common\4.1.73.Final\netty-common-4.1.73.Final.jar;C:\Users\ASUSTUF\.m2\repository\io\netty\netty-transport-classes-epoll\4.1.73.Final\netty-transport-classes-epoll-4.1.73.Final.jar;C:\Users\ASUSTUF\.m2\repository\io\netty\netty-transport-classes-kqueue\4.1.73.Final\netty-transport-classes-kqueue-4.1.73.Final.jar;C:\Users\ASUSTUF\.m2\repository\io\netty\netty-transport-native-epoll\4.1.73.Final\netty-transport-native-epoll-4.1.73.Final.jar;C:\Users\ASUSTUF\.m2\repository\io\netty\netty-transport-native-kqueue\4.1.73.Final\netty-transport-native-kqueue-4.1.73.Final.jar;C:\Users\ASUSTUF\.m2\repository\io\netty\netty-transport-native-unix-common\4.1.73.Final\netty-transport-native-unix-common-4.1.73.Final.jar;C:\Users\ASUSTUF\.m2\repository\io\netty\netty-transport\4.1.73.Final\netty-transport-4.1.73.Final.jar;C:\Users\ASUSTUF\.m2\repository\io\netty\netty-resolver\4.1.73.Final\netty-resolver-4.1.73.Final.jar;C:\Users\ASUSTUF\.m2\repository\io\opentelemetry\opentelemetry-api\1.10.1\opentelemetry-api-1.10.1.jar;C:\Users\ASUSTUF\.m2\repository\io\opentelemetry\opentelemetry-context\1.10.1\opentelemetry-context-1.10.1.jar;C:\Users\ASUSTUF\.m2\repository\io\opentelemetry\opentelemetry-exporter-logging\1.10.1\opentelemetry-exporter-logging-1.10.1.jar;C:\Users\ASUSTUF\.m2\repository\io\opentelemetry\opentelemetry-sdk-metrics\1.10.1-alpha\opentelemetry-sdk-metrics-1.10.1-alpha.jar;C:\Users\ASUSTUF\.m2\repository\io\opentelemetry\opentelemetry-sdk-logs\1.10.1-alpha\opentelemetry-sdk-logs-1.10.1-alpha.jar;C:\Users\ASUSTUF\.m2\repository\io\opentelemetry\opentelemetry-sdk-common\1.10.1\opentelemetry-sdk-common-1.10.1.jar;C:\Users\ASUSTUF\.m2\repository\io\opentelemetry\opentelemetry-sdk-extension-autoconfigure-spi\1.10.1\opentelemetry-sdk-extension-autoconfigure-spi-1.10.1.jar;C:\Users\ASUSTUF\.m2\repository\io\opentelemetry\opentelemetry-sdk-extension-autoconfigure\1.10.1-alpha\opentelemetry-sdk-extension-autoconfigure-1.10.1-alpha.jar;C:\Users\ASUSTUF\.m2\repository\io\opentelemetry\opentelemetry-sdk-trace\1.10.1\opentelemetry-sdk-trace-1.10.1.jar;C:\Users\ASUSTUF\.m2\repository\io\opentelemetry\opentelemetry-sdk\1.10.1\opentelemetry-sdk-1.10.1.jar;C:\Users\ASUSTUF\.m2\repository\io\opentelemetry\opentelemetry-semconv\1.10.1-alpha\opentelemetry-semconv-1.10.1-alpha.jar;C:\Users\ASUSTUF\.m2\repository\io\ous\jtoml\2.0.0\jtoml-2.0.0.jar;C:\Users\ASUSTUF\.m2\repository\org\apache\commons\commons-exec\1.3\commons-exec-1.3.jar;C:\Users\ASUSTUF\.m2\repository\org\asynchttpclient\async-http-client\2.12.3\async-http-client-2.12.3.jar;C:\Users\ASUSTUF\.m2\repository\org\asynchttpclient\async-http-client-netty-utils\2.12.3\async-http-client-netty-utils-2.12.3.jar;C:\Users\ASUSTUF\.m2\repository\io\netty\netty-codec-socks\4.1.60.Final\netty-codec-socks-4.1.60.Final.jar;C:\Users\ASUSTUF\.m2\repository\io\netty\netty-handler-proxy\4.1.60.Final\netty-handler-proxy-4.1.60.Final.jar;C:\Users\ASUSTUF\.m2\repository\io\netty\netty-transport-native-epoll\4.1.60.Final\netty-transport-native-epoll-4.1.60.Final-linux-x86_64.jar;C:\Users\ASUSTUF\.m2\repository\io\netty\netty-transport-native-kqueue\4.1.60.Final\netty-transport-native-kqueue-4.1.60.Final-osx-x86_64.jar;C:\Users\ASUSTUF\.m2\repository\org\reactivestreams\reactive-streams\1.0.3\reactive-streams-1.0.3.jar;C:\Users\ASUSTUF\.m2\repository\com\typesafe\netty\netty-reactive-streams\2.0.4\netty-reactive-streams-2.0.4.jar;C:\Users\ASUSTUF\.m2\repository\org\seleniumhq\selenium\selenium-http\4.1.2\selenium-http-4.1.2.jar;C:\Users\ASUSTUF\.m2\repository\net\jodah\failsafe\2.4.4\failsafe-2.4.4.jar;C:\Users\ASUSTUF\.m2\repository\org\seleniumhq\selenium\selenium-safari-driver\4.1.2\selenium-safari-driver-4.1.2.jar;C:\Users\ASUSTUF\.m2\repository\org\seleniumhq\selenium\selenium-api\4.1.2\selenium-api-4.1.2.jar;C:\Users\ASUSTUF\.m2\repository\org\seleniumhq\selenium\selenium-support\4.1.2\selenium-support-4.1.2.jar;C:\Users\ASUSTUF\.m2\repository\com\google\auto\service\auto-service-annotations\1.0.1\auto-service-annotations-1.0.1.jar;C:\Users\ASUSTUF\.m2\repository\com\google\auto\service\auto-service\1.0.1\auto-service-1.0.1.jar;C:\Users\ASUSTUF\.m2\repository\com\google\auto\auto-common\1.2\auto-common-1.2.jar;C:\Users\ASUSTUF\.m2\repository\org\seleniumhq\selenium\selenium-json\4.1.2\selenium-json-4.1.2.jar;C:\Users\ASUSTUF\.m2\repository\org\seleniumhq\selenium\selenium-chrome-driver\4.1.2\selenium-chrome-driver-4.1.2.jar;C:\Users\ASUSTUF\.m2\repository\org\seleniumhq\selenium\selenium-chromium-driver\4.1.2\selenium-chromium-driver-4.1.2.jar;C:\Users\ASUSTUF\.m2\repository\org\seleniumhq\selenium\selenium-firefox-driver\4.1.2\selenium-firefox-driver-4.1.2.jar;C:\Users\ASUSTUF\.m2\repository\org\seleniumhq\selenium\selenium-edge-driver\4.1.2\selenium-edge-driver-4.1.2.jar;C:\Users\ASUSTUF\.m2\repository\org\seleniumhq\selenium\selenium-ie-driver\4.1.2\selenium-ie-driver-4.1.2.jar;C:\Users\ASUSTUF\.m2\repository\org\projectlombok\lombok\1.18.20\lombok-1.18.20.jar;C:\Users\ASUSTUF\.m2\repository\io\appium\java-client\8.0.0\java-client-8.0.0.jar;C:\Users\ASUSTUF\.m2\repository\commons-validator\commons-validator\1.7\commons-validator-1.7.jar;C:\Users\ASUSTUF\.m2\repository\commons-digester\commons-digester\2.1\commons-digester-2.1.jar;C:\Users\ASUSTUF\.m2\repository\org\aspectj\aspectjweaver\1.9.8\aspectjweaver-1.9.8.jar;C:\Users\ASUSTUF\.m2\repository\org\codehaus\groovy\groovy\3.0.10\groovy-3.0.10.jar;C:\Users\ASUSTUF\.m2\repository\net\sf\opencsv\opencsv\2.0\opencsv-2.0.jar;C:\Users\ASUSTUF\.m2\repository\commons-beanutils\commons-beanutils\1.9.4\commons-beanutils-1.9.4.jar;C:\Users\ASUSTUF\.m2\repository\org\apache\commons\commons-lang3\3.12.0\commons-lang3-3.12.0.jar;C:\Users\ASUSTUF\.m2\repository\commons-collections\commons-collections\3.2.2\commons-collections-3.2.2.jar;C:\Users\ASUSTUF\.m2\repository\org\fluentlenium\fluentlenium-core\0.10.2\fluentlenium-core-0.10.2.jar;C:\Users\ASUSTUF\.m2\repository\io\github\bonigarcia\webdrivermanager\5.1.0\webdrivermanager-5.1.0.jar;C:\Users\ASUSTUF\.m2\repository\com\github\docker-java\docker-java\3.2.13\docker-java-3.2.13.jar;C:\Users\ASUSTUF\.m2\repository\com\github\docker-java\docker-java-core\3.2.13\docker-java-core-3.2.13.jar;C:\Users\ASUSTUF\.m2\repository\com\github\docker-java\docker-java-api\3.2.13\docker-java-api-3.2.13.jar;C:\Users\ASUSTUF\.m2\repository\org\apache\commons\commons-compress\1.21\commons-compress-1.21.jar;C:\Users\ASUSTUF\.m2\repository\org\bouncycastle\bcpkix-jdk15on\1.64\bcpkix-jdk15on-1.64.jar;C:\Users\ASUSTUF\.m2\repository\org\bouncycastle\bcprov-jdk15on\1.64\bcprov-jdk15on-1.64.jar;C:\Users\ASUSTUF\.m2\repository\org\slf4j\jcl-over-slf4j\1.7.30\jcl-over-slf4j-1.7.30.jar;C:\Users\ASUSTUF\.m2\repository\com\github\docker-java\docker-java-transport-httpclient5\3.2.13\docker-java-transport-httpclient5-3.2.13.jar;C:\Users\ASUSTUF\.m2\repository\com\github\docker-java\docker-java-transport\3.2.13\docker-java-transport-3.2.13.jar;C:\Users\ASUSTUF\.m2\repository\org\apache\httpcomponents\client5\httpclient5\5.0.3\httpclient5-5.0.3.jar;C:\Users\ASUSTUF\.m2\repository\org\apache\httpcomponents\core5\httpcore5\5.0.2\httpcore5-5.0.2.jar;C:\Users\ASUSTUF\.m2\repository\net\java\dev\jna\jna\5.8.0\jna-5.8.0.jar;C:\Users\ASUSTUF\.m2\repository\org\brotli\dec\0.1.2\dec-0.1.2.jar;C:\Users\ASUSTUF\.m2\repository\com\jhlabs\filters\2.0.235\filters-2.0.235.jar;C:\Users\ASUSTUF\.m2\repository\com\paulhammant\ngwebdriver\1.1.6\ngwebdriver-1.1.6.jar;C:\Users\ASUSTUF\.m2\repository\joda-time\joda-time\2.8.2\joda-time-2.8.2.jar;C:\Users\ASUSTUF\.m2\repository\org\hamcrest\hamcrest\2.2\hamcrest-2.2.jar;C:\Users\ASUSTUF\.m2\repository\com\google\jimfs\jimfs\1.2\jimfs-1.2.jar;C:\Users\ASUSTUF\.m2\repository\org\mockito\mockito-core\3.3.3\mockito-core-3.3.3.jar;C:\Users\ASUSTUF\.m2\repository\javax\xml\bind\jaxb-api\2.3.1\jaxb-api-2.3.1.jar;C:\Users\ASUSTUF\.m2\repository\javax\activation\javax.activation-api\1.2.0\javax.activation-api-1.2.0.jar;C:\Users\ASUSTUF\.m2\repository\com\sun\xml\bind\jaxb-core\2.3.0.1\jaxb-core-2.3.0.1.jar;C:\Users\ASUSTUF\.m2\repository\com\sun\xml\bind\jaxb-impl\2.3.3\jaxb-impl-2.3.3.jar;C:\Users\ASUSTUF\.m2\repository\jakarta\xml\bind\jakarta.xml.bind-api\2.3.3\jakarta.xml.bind-api-2.3.3.jar;C:\Users\ASUSTUF\.m2\repository\com\sun\activation\jakarta.activation\1.2.2\jakarta.activation-1.2.2.jar;C:\Users\ASUSTUF\.m2\repository\javax\activation\activation\1.1.1\activation-1.1.1.jar;C:\Users\ASUSTUF\.m2\repository\net\serenity-bdd\serenity-cucumber\3.2.1\serenity-cucumber-3.2.1.jar;C:\Users\ASUSTUF\.m2\repository\io\cucumber\cucumber-core\7.2.3\cucumber-core-7.2.3.jar;C:\Users\ASUSTUF\.m2\repository\io\cucumber\cucumber-gherkin\7.2.3\cucumber-gherkin-7.2.3.jar;C:\Users\ASUSTUF\.m2\repository\io\cucumber\cucumber-gherkin-messages\7.2.3\cucumber-gherkin-messages-7.2.3.jar;C:\Users\ASUSTUF\.m2\repository\io\cucumber\messages\17.1.1\messages-17.1.1.jar;C:\Users\ASUSTUF\.m2\repository\io\cucumber\tag-expressions\4.1.0\tag-expressions-4.1.0.jar;C:\Users\ASUSTUF\.m2\repository\io\cucumber\cucumber-expressions\15.0.1\cucumber-expressions-15.0.1.jar;C:\Users\ASUSTUF\.m2\repository\io\cucumber\datatable\7.2.3\datatable-7.2.3.jar;C:\Users\ASUSTUF\.m2\repository\io\cucumber\cucumber-plugin\7.2.3\cucumber-plugin-7.2.3.jar;C:\Users\ASUSTUF\.m2\repository\io\cucumber\docstring\7.2.3\docstring-7.2.3.jar;C:\Users\ASUSTUF\.m2\repository\io\cucumber\html-formatter\17.0.0\html-formatter-17.0.0.jar;C:\Users\ASUSTUF\.m2\repository\io\cucumber\ci-environment\8.1.0\ci-environment-8.1.0.jar;C:\Users\ASUSTUF\.m2\repository\io\cucumber\cucumber-junit\7.2.3\cucumber-junit-7.2.3.jar;C:\Users\ASUSTUF\.m2\repository\org\apache\commons\commons-csv\1.5\commons-csv-1.5.jar;C:\Users\ASUSTUF\.m2\repository\net\serenity-bdd\serenity-screenplay\3.2.1\serenity-screenplay-3.2.1.jar;C:\Users\ASUSTUF\.m2\repository\net\serenity-bdd\serenity-screenplay-webdriver\3.2.1\serenity-screenplay-webdriver-3.2.1.jar;C:\Users\ASUSTUF\.m2\repository\net\serenity-bdd\serenity-ensure\3.2.1\serenity-ensure-3.2.1.jar;C:\Users\ASUSTUF\.m2\repository\net\serenity-bdd\serenity-junit\3.2.1\serenity-junit-3.2.1.jar;C:\Users\ASUSTUF\.m2\repository\org\jetbrains\kotlin\kotlin-stdlib\1.6.0\kotlin-stdlib-1.6.0.jar;C:\Users\ASUSTUF\.m2\repository\org\jetbrains\annotations\13.0\annotations-13.0.jar;C:\Users\ASUSTUF\.m2\repository\org\jetbrains\kotlin\kotlin-stdlib-common\1.6.0\kotlin-stdlib-common-1.6.0.jar;C:\Users\ASUSTUF\.m2\repository\org\junit\platform\junit-platform-launcher\1.8.1\junit-platform-launcher-1.8.1.jar;C:\Users\ASUSTUF\.m2\repository\org\junit\platform\junit-platform-engine\1.8.1\junit-platform-engine-1.8.1.jar;C:\Users\ASUSTUF\.m2\repository\org\opentest4j\opentest4j\1.2.0\opentest4j-1.2.0.jar;C:\Users\ASUSTUF\.m2\repository\org\junit\platform\junit-platform-commons\1.8.1\junit-platform-commons-1.8.1.jar;C:\Users\ASUSTUF\.m2\repository\org\apiguardian\apiguardian-api\1.1.2\apiguardian-api-1.1.2.jar;C:\Users\ASUSTUF\.m2\repository\org\junit\jupiter\junit-jupiter-engine\5.8.2\junit-jupiter-engine-5.8.2.jar;C:\Users\ASUSTUF\.m2\repository\org\junit\jupiter\junit-jupiter-api\5.8.2\junit-jupiter-api-5.8.2.jar;C:\Users\ASUSTUF\.m2\repository\org\junit\vintage\junit-vintage-engine\5.8.2\junit-vintage-engine-5.8.2.jar;C:\Users\ASUSTUF\.m2\repository\junit\junit\4.13.2\junit-4.13.2.jar;C:\Users\ASUSTUF\.m2\repository\org\hamcrest\hamcrest-core\1.3\hamcrest-core-1.3.jar;C:\Users\ASUSTUF\.m2\repository\ch\qos\logback\logback-classic\1.2.10\logback-classic-1.2.10.jar;C:\Users\ASUSTUF\.m2\repository\ch\qos\logback\logback-core\1.2.10\logback-core-1.2.10.jar;C:\Users\ASUSTUF\.m2\repository\org\slf4j\slf4j-api\1.7.32\slf4j-api-1.7.32.jar;C:\Users\ASUSTUF\.m2\repository\org\assertj\assertj-core\3.6.2\assertj-core-3.6.2.jar;"/>
    <property name="java.vm.vendor" value="Oracle Corporation"/>
    <property name="sun.arch.data.model" value="64"/>
    <property name="user.variant" value=""/>
    <property name="java.vendor.url" value="https://openjdk.java.net/"/>
    <property name="user.timezone" value="Asia/Bangkok"/>
    <property name="log4j2.formatMsgNoLookups" value="true"/>
    <property name="java.vm.specification.version" value="11"/>
    <property name="os.name" value="Windows 11"/>
    <property name="sun.java.launcher" value="SUN_STANDARD"/>
    <property name="user.country" value="US"/>
    <property name="sun.boot.library.path" value="C:\Program Files\Java\jdk-11.0.16\bin"/>
    <property name="sun.java.command" value="org.apache.maven.surefire.booter.ForkedBooter C:\Users\ASUSTUF\AppData\Local\Temp\surefire4755485783812956333 2022-12-19T12-55-56_708-jvmRun1 surefire13451553931810240954tmp surefire_014884451302630617785tmp"/>
    <property name="jdk.debug" value="release"/>
    <property name="surefire.test.class.path" value="C:\Users\ASUSTUF\OneDrive\Documents\Capstone Project\Web Automation\target\test-classes;C:\Users\ASUSTUF\.m2\repository\net\serenity-bdd\serenity-core\3.2.1\serenity-core-3.2.1.jar;C:\Users\ASUSTUF\.m2\repository\net\serenity-bdd\serenity-model\3.2.1\serenity-model-3.2.1.jar;C:\Users\ASUSTUF\.m2\repository\org\apache\commons\commons-text\1.9\commons-text-1.9.jar;C:\Users\ASUSTUF\.m2\repository\commons-net\commons-net\3.8.0\commons-net-3.8.0.jar;C:\Users\ASUSTUF\.m2\repository\com\google\guava\guava\31.1-jre\guava-31.1-jre.jar;C:\Users\ASUSTUF\.m2\repository\com\google\guava\failureaccess\1.0.1\failureaccess-1.0.1.jar;C:\Users\ASUSTUF\.m2\repository\com\google\guava\listenablefuture\9999.0-empty-to-avoid-conflict-with-guava\listenablefuture-9999.0-empty-to-avoid-conflict-with-guava.jar;C:\Users\ASUSTUF\.m2\repository\com\google\code\findbugs\jsr305\3.0.2\jsr305-3.0.2.jar;C:\Users\ASUSTUF\.m2\repository\org\checkerframework\checker-qual\3.12.0\checker-qual-3.12.0.jar;C:\Users\ASUSTUF\.m2\repository\com\google\errorprone\error_prone_annotations\2.11.0\error_prone_annotations-2.11.0.jar;C:\Users\ASUSTUF\.m2\repository\com\google\j2objc\j2objc-annotations\1.3\j2objc-annotations-1.3.jar;C:\Users\ASUSTUF\.m2\repository\com\google\inject\guice\5.1.0\guice-5.1.0.jar;C:\Users\ASUSTUF\.m2\repository\javax\inject\javax.inject\1\javax.inject-1.jar;C:\Users\ASUSTUF\.m2\repository\aopalliance\aopalliance\1.0\aopalliance-1.0.jar;C:\Users\ASUSTUF\.m2\repository\org\jsoup\jsoup\1.14.3\jsoup-1.14.3.jar;C:\Users\ASUSTUF\.m2\repository\com\thoughtworks\xstream\xstream\1.4.19\xstream-1.4.19.jar;C:\Users\ASUSTUF\.m2\repository\io\github\x-stream\mxparser\1.2.2\mxparser-1.2.2.jar;C:\Users\ASUSTUF\.m2\repository\xmlpull\xmlpull\1.1.3.1\xmlpull-1.1.3.1.jar;C:\Users\ASUSTUF\.m2\repository\io\cucumber\cucumber-java\7.2.3\cucumber-java-7.2.3.jar;C:\Users\ASUSTUF\.m2\repository\com\typesafe\config\1.4.2\config-1.4.2.jar;C:\Users\ASUSTUF\.m2\repository\org\imgscalr\imgscalr-lib\4.2\imgscalr-lib-4.2.jar;C:\Users\ASUSTUF\.m2\repository\org\awaitility\awaitility\4.2.0\awaitility-4.2.0.jar;C:\Users\ASUSTUF\.m2\repository\org\freemarker\freemarker\2.3.31\freemarker-2.3.31.jar;C:\Users\ASUSTUF\.m2\repository\io\github\classgraph\classgraph\4.8.138\classgraph-4.8.138.jar;C:\Users\ASUSTUF\.m2\repository\net\sourceforge\jexcelapi\jxl\2.6.12\jxl-2.6.12.jar;C:\Users\ASUSTUF\.m2\repository\net\bytebuddy\byte-buddy\1.12.8\byte-buddy-1.12.8.jar;C:\Users\ASUSTUF\.m2\repository\net\bytebuddy\byte-buddy-agent\1.12.8\byte-buddy-agent-1.12.8.jar;C:\Users\ASUSTUF\.m2\repository\org\objenesis\objenesis\3.1\objenesis-3.1.jar;C:\Users\ASUSTUF\.m2\repository\net\serenity-bdd\serenity-reports\3.2.1\serenity-reports-3.2.1.jar;C:\Users\ASUSTUF\.m2\repository\net\serenity-bdd\serenity-stats\3.2.1\serenity-stats-3.2.1.jar;C:\Users\ASUSTUF\.m2\repository\net\serenity-bdd\serenity-reports-configuration\3.2.1\serenity-reports-configuration-3.2.1.jar;C:\Users\ASUSTUF\.m2\repository\com\vladsch\flexmark\flexmark-all\0.34.30\flexmark-all-0.34.30.jar;C:\Users\ASUSTUF\.m2\repository\com\vladsch\flexmark\flexmark\0.34.30\flexmark-0.34.30.jar;C:\Users\ASUSTUF\.m2\repository\com\vladsch\flexmark\flexmark-ext-abbreviation\0.34.30\flexmark-ext-abbreviation-0.34.30.jar;C:\Users\ASUSTUF\.m2\repository\com\vladsch\flexmark\flexmark-ext-admonition\0.34.30\flexmark-ext-admonition-0.34.30.jar;C:\Users\ASUSTUF\.m2\repository\com\vladsch\flexmark\flexmark-ext-anchorlink\0.34.30\flexmark-ext-anchorlink-0.34.30.jar;C:\Users\ASUSTUF\.m2\repository\com\vladsch\flexmark\flexmark-ext-aside\0.34.30\flexmark-ext-aside-0.34.30.jar;C:\Users\ASUSTUF\.m2\repository\com\vladsch\flexmark\flexmark-ext-attributes\0.34.30\flexmark-ext-attributes-0.34.30.jar;C:\Users\ASUSTUF\.m2\repository\com\vladsch\flexmark\flexmark-ext-autolink\0.34.30\flexmark-ext-autolink-0.34.30.jar;C:\Users\ASUSTUF\.m2\repository\org\nibor\autolink\autolink\0.6.0\autolink-0.6.0.jar;C:\Users\ASUSTUF\.m2\repository\com\vladsch\flexmark\flexmark-ext-definition\0.34.30\flexmark-ext-definition-0.34.30.jar;C:\Users\ASUSTUF\.m2\repository\com\vladsch\flexmark\flexmark-ext-emoji\0.34.30\flexmark-ext-emoji-0.34.30.jar;C:\Users\ASUSTUF\.m2\repository\com\vladsch\flexmark\flexmark-ext-enumerated-reference\0.34.30\flexmark-ext-enumerated-reference-0.34.30.jar;C:\Users\ASUSTUF\.m2\repository\com\vladsch\flexmark\flexmark-ext-escaped-character\0.34.30\flexmark-ext-escaped-character-0.34.30.jar;C:\Users\ASUSTUF\.m2\repository\com\vladsch\flexmark\flexmark-ext-footnotes\0.34.30\flexmark-ext-footnotes-0.34.30.jar;C:\Users\ASUSTUF\.m2\repository\com\vladsch\flexmark\flexmark-ext-gfm-issues\0.34.30\flexmark-ext-gfm-issues-0.34.30.jar;C:\Users\ASUSTUF\.m2\repository\com\vladsch\flexmark\flexmark-ext-gfm-strikethrough\0.34.30\flexmark-ext-gfm-strikethrough-0.34.30.jar;C:\Users\ASUSTUF\.m2\repository\com\vladsch\flexmark\flexmark-ext-gfm-tables\0.34.30\flexmark-ext-gfm-tables-0.34.30.jar;C:\Users\ASUSTUF\.m2\repository\com\vladsch\flexmark\flexmark-ext-gfm-tasklist\0.34.30\flexmark-ext-gfm-tasklist-0.34.30.jar;C:\Users\ASUSTUF\.m2\repository\com\vladsch\flexmark\flexmark-ext-gfm-users\0.34.30\flexmark-ext-gfm-users-0.34.30.jar;C:\Users\ASUSTUF\.m2\repository\com\vladsch\flexmark\flexmark-ext-gitlab\0.34.30\flexmark-ext-gitlab-0.34.30.jar;C:\Users\ASUSTUF\.m2\repository\com\vladsch\flexmark\flexmark-ext-jekyll-front-matter\0.34.30\flexmark-ext-jekyll-front-matter-0.34.30.jar;C:\Users\ASUSTUF\.m2\repository\com\vladsch\flexmark\flexmark-ext-jekyll-tag\0.34.30\flexmark-ext-jekyll-tag-0.34.30.jar;C:\Users\ASUSTUF\.m2\repository\com\vladsch\flexmark\flexmark-ext-media-tags\0.34.30\flexmark-ext-media-tags-0.34.30.jar;C:\Users\ASUSTUF\.m2\repository\com\vladsch\flexmark\flexmark-test-util\0.34.30\flexmark-test-util-0.34.30.jar;C:\Users\ASUSTUF\.m2\repository\com\vladsch\flexmark\flexmark-ext-ins\0.34.30\flexmark-ext-ins-0.34.30.jar;C:\Users\ASUSTUF\.m2\repository\com\vladsch\flexmark\flexmark-ext-xwiki-macros\0.34.30\flexmark-ext-xwiki-macros-0.34.30.jar;C:\Users\ASUSTUF\.m2\repository\com\vladsch\flexmark\flexmark-ext-superscript\0.34.30\flexmark-ext-superscript-0.34.30.jar;C:\Users\ASUSTUF\.m2\repository\com\vladsch\flexmark\flexmark-ext-tables\0.34.30\flexmark-ext-tables-0.34.30.jar;C:\Users\ASUSTUF\.m2\repository\com\vladsch\flexmark\flexmark-ext-toc\0.34.30\flexmark-ext-toc-0.34.30.jar;C:\Users\ASUSTUF\.m2\repository\com\vladsch\flexmark\flexmark-ext-typographic\0.34.30\flexmark-ext-typographic-0.34.30.jar;C:\Users\ASUSTUF\.m2\repository\com\vladsch\flexmark\flexmark-ext-wikilink\0.34.30\flexmark-ext-wikilink-0.34.30.jar;C:\Users\ASUSTUF\.m2\repository\com\vladsch\flexmark\flexmark-ext-yaml-front-matter\0.34.30\flexmark-ext-yaml-front-matter-0.34.30.jar;C:\Users\ASUSTUF\.m2\repository\com\vladsch\flexmark\flexmark-ext-youtube-embedded\0.34.30\flexmark-ext-youtube-embedded-0.34.30.jar;C:\Users\ASUSTUF\.m2\repository\com\vladsch\flexmark\flexmark-formatter\0.34.30\flexmark-formatter-0.34.30.jar;C:\Users\ASUSTUF\.m2\repository\com\vladsch\flexmark\flexmark-html-parser\0.34.30\flexmark-html-parser-0.34.30.jar;C:\Users\ASUSTUF\.m2\repository\com\vladsch\flexmark\flexmark-jira-converter\0.34.30\flexmark-jira-converter-0.34.30.jar;C:\Users\ASUSTUF\.m2\repository\com\vladsch\flexmark\flexmark-pdf-converter\0.34.30\flexmark-pdf-converter-0.34.30.jar;C:\Users\ASUSTUF\.m2\repository\com\openhtmltopdf\openhtmltopdf-core\0.0.1-RC13\openhtmltopdf-core-0.0.1-RC13.jar;C:\Users\ASUSTUF\.m2\repository\com\openhtmltopdf\openhtmltopdf-pdfbox\0.0.1-RC13\openhtmltopdf-pdfbox-0.0.1-RC13.jar;C:\Users\ASUSTUF\.m2\repository\org\apache\pdfbox\pdfbox\2.0.8\pdfbox-2.0.8.jar;C:\Users\ASUSTUF\.m2\repository\org\apache\pdfbox\fontbox\2.0.8\fontbox-2.0.8.jar;C:\Users\ASUSTUF\.m2\repository\commons-logging\commons-logging\1.2\commons-logging-1.2.jar;C:\Users\ASUSTUF\.m2\repository\org\apache\pdfbox\xmpbox\2.0.8\xmpbox-2.0.8.jar;C:\Users\ASUSTUF\.m2\repository\de\rototor\pdfbox\graphics2d\0.12\graphics2d-0.12.jar;C:\Users\ASUSTUF\.m2\repository\com\openhtmltopdf\openhtmltopdf-rtl-support\0.0.1-RC13\openhtmltopdf-rtl-support-0.0.1-RC13.jar;C:\Users\ASUSTUF\.m2\repository\com\ibm\icu\icu4j\59.1\icu4j-59.1.jar;C:\Users\ASUSTUF\.m2\repository\com\openhtmltopdf\openhtmltopdf-jsoup-dom-converter\0.0.1-RC13\openhtmltopdf-jsoup-dom-converter-0.0.1-RC13.jar;C:\Users\ASUSTUF\.m2\repository\com\vladsch\flexmark\flexmark-profile-pegdown\0.34.30\flexmark-profile-pegdown-0.34.30.jar;C:\Users\ASUSTUF\.m2\repository\com\vladsch\flexmark\flexmark-util\0.34.30\flexmark-util-0.34.30.jar;C:\Users\ASUSTUF\.m2\repository\com\vladsch\flexmark\flexmark-youtrack-converter\0.34.30\flexmark-youtrack-converter-0.34.30.jar;C:\Users\ASUSTUF\.m2\repository\es\nitaur\markdown\txtmark\0.16\txtmark-0.16.jar;C:\Users\ASUSTUF\.m2\repository\net\serenity-bdd\serenity-report-resources\3.2.1\serenity-report-resources-3.2.1.jar;C:\Users\ASUSTUF\.m2\repository\com\google\code\gson\gson\2.9.0\gson-2.9.0.jar;C:\Users\ASUSTUF\.m2\repository\com\fasterxml\jackson\core\jackson-core\2.13.2\jackson-core-2.13.2.jar;C:\Users\ASUSTUF\.m2\repository\com\fasterxml\jackson\core\jackson-databind\2.13.2\jackson-databind-2.13.2.jar;C:\Users\ASUSTUF\.m2\repository\com\fasterxml\jackson\core\jackson-annotations\2.13.2\jackson-annotations-2.13.2.jar;C:\Users\ASUSTUF\.m2\repository\commons-codec\commons-codec\1.15\commons-codec-1.15.jar;C:\Users\ASUSTUF\.m2\repository\commons-io\commons-io\2.11.0\commons-io-2.11.0.jar;C:\Users\ASUSTUF\.m2\repository\org\seleniumhq\selenium\selenium-java\4.1.2\selenium-java-4.1.2.jar;C:\Users\ASUSTUF\.m2\repository\org\seleniumhq\selenium\selenium-devtools-v85\4.1.2\selenium-devtools-v85-4.1.2.jar;C:\Users\ASUSTUF\.m2\repository\org\seleniumhq\selenium\selenium-devtools-v95\4.1.2\selenium-devtools-v95-4.1.2.jar;C:\Users\ASUSTUF\.m2\repository\org\seleniumhq\selenium\selenium-devtools-v96\4.1.2\selenium-devtools-v96-4.1.2.jar;C:\Users\ASUSTUF\.m2\repository\org\seleniumhq\selenium\selenium-devtools-v97\4.1.2\selenium-devtools-v97-4.1.2.jar;C:\Users\ASUSTUF\.m2\repository\org\seleniumhq\selenium\selenium-firefox-xpi-driver\4.1.2\selenium-firefox-xpi-driver-4.1.2.jar;C:\Users\ASUSTUF\.m2\repository\org\seleniumhq\selenium\selenium-opera-driver\4.1.2\selenium-opera-driver-4.1.2.jar;C:\Users\ASUSTUF\.m2\repository\org\seleniumhq\selenium\selenium-remote-driver\4.1.2\selenium-remote-driver-4.1.2.jar;C:\Users\ASUSTUF\.m2\repository\com\beust\jcommander\1.82\jcommander-1.82.jar;C:\Users\ASUSTUF\.m2\repository\io\netty\netty-buffer\4.1.73.Final\netty-buffer-4.1.73.Final.jar;C:\Users\ASUSTUF\.m2\repository\io\netty\netty-codec-http\4.1.73.Final\netty-codec-http-4.1.73.Final.jar;C:\Users\ASUSTUF\.m2\repository\io\netty\netty-codec\4.1.73.Final\netty-codec-4.1.73.Final.jar;C:\Users\ASUSTUF\.m2\repository\io\netty\netty-handler\4.1.73.Final\netty-handler-4.1.73.Final.jar;C:\Users\ASUSTUF\.m2\repository\io\netty\netty-tcnative-classes\2.0.46.Final\netty-tcnative-classes-2.0.46.Final.jar;C:\Users\ASUSTUF\.m2\repository\io\netty\netty-common\4.1.73.Final\netty-common-4.1.73.Final.jar;C:\Users\ASUSTUF\.m2\repository\io\netty\netty-transport-classes-epoll\4.1.73.Final\netty-transport-classes-epoll-4.1.73.Final.jar;C:\Users\ASUSTUF\.m2\repository\io\netty\netty-transport-classes-kqueue\4.1.73.Final\netty-transport-classes-kqueue-4.1.73.Final.jar;C:\Users\ASUSTUF\.m2\repository\io\netty\netty-transport-native-epoll\4.1.73.Final\netty-transport-native-epoll-4.1.73.Final.jar;C:\Users\ASUSTUF\.m2\repository\io\netty\netty-transport-native-kqueue\4.1.73.Final\netty-transport-native-kqueue-4.1.73.Final.jar;C:\Users\ASUSTUF\.m2\repository\io\netty\netty-transport-native-unix-common\4.1.73.Final\netty-transport-native-unix-common-4.1.73.Final.jar;C:\Users\ASUSTUF\.m2\repository\io\netty\netty-transport\4.1.73.Final\netty-transport-4.1.73.Final.jar;C:\Users\ASUSTUF\.m2\repository\io\netty\netty-resolver\4.1.73.Final\netty-resolver-4.1.73.Final.jar;C:\Users\ASUSTUF\.m2\repository\io\opentelemetry\opentelemetry-api\1.10.1\opentelemetry-api-1.10.1.jar;C:\Users\ASUSTUF\.m2\repository\io\opentelemetry\opentelemetry-context\1.10.1\opentelemetry-context-1.10.1.jar;C:\Users\ASUSTUF\.m2\repository\io\opentelemetry\opentelemetry-exporter-logging\1.10.1\opentelemetry-exporter-logging-1.10.1.jar;C:\Users\ASUSTUF\.m2\repository\io\opentelemetry\opentelemetry-sdk-metrics\1.10.1-alpha\opentelemetry-sdk-metrics-1.10.1-alpha.jar;C:\Users\ASUSTUF\.m2\repository\io\opentelemetry\opentelemetry-sdk-logs\1.10.1-alpha\opentelemetry-sdk-logs-1.10.1-alpha.jar;C:\Users\ASUSTUF\.m2\repository\io\opentelemetry\opentelemetry-sdk-common\1.10.1\opentelemetry-sdk-common-1.10.1.jar;C:\Users\ASUSTUF\.m2\repository\io\opentelemetry\opentelemetry-sdk-extension-autoconfigure-spi\1.10.1\opentelemetry-sdk-extension-autoconfigure-spi-1.10.1.jar;C:\Users\ASUSTUF\.m2\repository\io\opentelemetry\opentelemetry-sdk-extension-autoconfigure\1.10.1-alpha\opentelemetry-sdk-extension-autoconfigure-1.10.1-alpha.jar;C:\Users\ASUSTUF\.m2\repository\io\opentelemetry\opentelemetry-sdk-trace\1.10.1\opentelemetry-sdk-trace-1.10.1.jar;C:\Users\ASUSTUF\.m2\repository\io\opentelemetry\opentelemetry-sdk\1.10.1\opentelemetry-sdk-1.10.1.jar;C:\Users\ASUSTUF\.m2\repository\io\opentelemetry\opentelemetry-semconv\1.10.1-alpha\opentelemetry-semconv-1.10.1-alpha.jar;C:\Users\ASUSTUF\.m2\repository\io\ous\jtoml\2.0.0\jtoml-2.0.0.jar;C:\Users\ASUSTUF\.m2\repository\org\apache\commons\commons-exec\1.3\commons-exec-1.3.jar;C:\Users\ASUSTUF\.m2\repository\org\asynchttpclient\async-http-client\2.12.3\async-http-client-2.12.3.jar;C:\Users\ASUSTUF\.m2\repository\org\asynchttpclient\async-http-client-netty-utils\2.12.3\async-http-client-netty-utils-2.12.3.jar;C:\Users\ASUSTUF\.m2\repository\io\netty\netty-codec-socks\4.1.60.Final\netty-codec-socks-4.1.60.Final.jar;C:\Users\ASUSTUF\.m2\repository\io\netty\netty-handler-proxy\4.1.60.Final\netty-handler-proxy-4.1.60.Final.jar;C:\Users\ASUSTUF\.m2\repository\io\netty\netty-transport-native-epoll\4.1.60.Final\netty-transport-native-epoll-4.1.60.Final-linux-x86_64.jar;C:\Users\ASUSTUF\.m2\repository\io\netty\netty-transport-native-kqueue\4.1.60.Final\netty-transport-native-kqueue-4.1.60.Final-osx-x86_64.jar;C:\Users\ASUSTUF\.m2\repository\org\reactivestreams\reactive-streams\1.0.3\reactive-streams-1.0.3.jar;C:\Users\ASUSTUF\.m2\repository\com\typesafe\netty\netty-reactive-streams\2.0.4\netty-reactive-streams-2.0.4.jar;C:\Users\ASUSTUF\.m2\repository\org\seleniumhq\selenium\selenium-http\4.1.2\selenium-http-4.1.2.jar;C:\Users\ASUSTUF\.m2\repository\net\jodah\failsafe\2.4.4\failsafe-2.4.4.jar;C:\Users\ASUSTUF\.m2\repository\org\seleniumhq\selenium\selenium-safari-driver\4.1.2\selenium-safari-driver-4.1.2.jar;C:\Users\ASUSTUF\.m2\repository\org\seleniumhq\selenium\selenium-api\4.1.2\selenium-api-4.1.2.jar;C:\Users\ASUSTUF\.m2\repository\org\seleniumhq\selenium\selenium-support\4.1.2\selenium-support-4.1.2.jar;C:\Users\ASUSTUF\.m2\repository\com\google\auto\service\auto-service-annotations\1.0.1\auto-service-annotations-1.0.1.jar;C:\Users\ASUSTUF\.m2\repository\com\google\auto\service\auto-service\1.0.1\auto-service-1.0.1.jar;C:\Users\ASUSTUF\.m2\repository\com\google\auto\auto-common\1.2\auto-common-1.2.jar;C:\Users\ASUSTUF\.m2\repository\org\seleniumhq\selenium\selenium-json\4.1.2\selenium-json-4.1.2.jar;C:\Users\ASUSTUF\.m2\repository\org\seleniumhq\selenium\selenium-chrome-driver\4.1.2\selenium-chrome-driver-4.1.2.jar;C:\Users\ASUSTUF\.m2\repository\org\seleniumhq\selenium\selenium-chromium-driver\4.1.2\selenium-chromium-driver-4.1.2.jar;C:\Users\ASUSTUF\.m2\repository\org\seleniumhq\selenium\selenium-firefox-driver\4.1.2\selenium-firefox-driver-4.1.2.jar;C:\Users\ASUSTUF\.m2\repository\org\seleniumhq\selenium\selenium-edge-driver\4.1.2\selenium-edge-driver-4.1.2.jar;C:\Users\ASUSTUF\.m2\repository\org\seleniumhq\selenium\selenium-ie-driver\4.1.2\selenium-ie-driver-4.1.2.jar;C:\Users\ASUSTUF\.m2\repository\org\projectlombok\lombok\1.18.20\lombok-1.18.20.jar;C:\Users\ASUSTUF\.m2\repository\io\appium\java-client\8.0.0\java-client-8.0.0.jar;C:\Users\ASUSTUF\.m2\repository\commons-validator\commons-validator\1.7\commons-validator-1.7.jar;C:\Users\ASUSTUF\.m2\repository\commons-digester\commons-digester\2.1\commons-digester-2.1.jar;C:\Users\ASUSTUF\.m2\repository\org\aspectj\aspectjweaver\1.9.8\aspectjweaver-1.9.8.jar;C:\Users\ASUSTUF\.m2\repository\org\codehaus\groovy\groovy\3.0.10\groovy-3.0.10.jar;C:\Users\ASUSTUF\.m2\repository\net\sf\opencsv\opencsv\2.0\opencsv-2.0.jar;C:\Users\ASUSTUF\.m2\repository\commons-beanutils\commons-beanutils\1.9.4\commons-beanutils-1.9.4.jar;C:\Users\ASUSTUF\.m2\repository\org\apache\commons\commons-lang3\3.12.0\commons-lang3-3.12.0.jar;C:\Users\ASUSTUF\.m2\repository\commons-collections\commons-collections\3.2.2\commons-collections-3.2.2.jar;C:\Users\ASUSTUF\.m2\repository\org\fluentlenium\fluentlenium-core\0.10.2\fluentlenium-core-0.10.2.jar;C:\Users\ASUSTUF\.m2\repository\io\github\bonigarcia\webdrivermanager\5.1.0\webdrivermanager-5.1.0.jar;C:\Users\ASUSTUF\.m2\repository\com\github\docker-java\docker-java\3.2.13\docker-java-3.2.13.jar;C:\Users\ASUSTUF\.m2\repository\com\github\docker-java\docker-java-core\3.2.13\docker-java-core-3.2.13.jar;C:\Users\ASUSTUF\.m2\repository\com\github\docker-java\docker-java-api\3.2.13\docker-java-api-3.2.13.jar;C:\Users\ASUSTUF\.m2\repository\org\apache\commons\commons-compress\1.21\commons-compress-1.21.jar;C:\Users\ASUSTUF\.m2\repository\org\bouncycastle\bcpkix-jdk15on\1.64\bcpkix-jdk15on-1.64.jar;C:\Users\ASUSTUF\.m2\repository\org\bouncycastle\bcprov-jdk15on\1.64\bcprov-jdk15on-1.64.jar;C:\Users\ASUSTUF\.m2\repository\org\slf4j\jcl-over-slf4j\1.7.30\jcl-over-slf4j-1.7.30.jar;C:\Users\ASUSTUF\.m2\repository\com\github\docker-java\docker-java-transport-httpclient5\3.2.13\docker-java-transport-httpclient5-3.2.13.jar;C:\Users\ASUSTUF\.m2\repository\com\github\docker-java\docker-java-transport\3.2.13\docker-java-transport-3.2.13.jar;C:\Users\ASUSTUF\.m2\repository\org\apache\httpcomponents\client5\httpclient5\5.0.3\httpclient5-5.0.3.jar;C:\Users\ASUSTUF\.m2\repository\org\apache\httpcomponents\core5\httpcore5\5.0.2\httpcore5-5.0.2.jar;C:\Users\ASUSTUF\.m2\repository\net\java\dev\jna\jna\5.8.0\jna-5.8.0.jar;C:\Users\ASUSTUF\.m2\repository\org\brotli\dec\0.1.2\dec-0.1.2.jar;C:\Users\ASUSTUF\.m2\repository\com\jhlabs\filters\2.0.235\filters-2.0.235.jar;C:\Users\ASUSTUF\.m2\repository\com\paulhammant\ngwebdriver\1.1.6\ngwebdriver-1.1.6.jar;C:\Users\ASUSTUF\.m2\repository\joda-time\joda-time\2.8.2\joda-time-2.8.2.jar;C:\Users\ASUSTUF\.m2\repository\org\hamcrest\hamcrest\2.2\hamcrest-2.2.jar;C:\Users\ASUSTUF\.m2\repository\com\google\jimfs\jimfs\1.2\jimfs-1.2.jar;C:\Users\ASUSTUF\.m2\repository\org\mockito\mockito-core\3.3.3\mockito-core-3.3.3.jar;C:\Users\ASUSTUF\.m2\repository\javax\xml\bind\jaxb-api\2.3.1\jaxb-api-2.3.1.jar;C:\Users\ASUSTUF\.m2\repository\javax\activation\javax.activation-api\1.2.0\javax.activation-api-1.2.0.jar;C:\Users\ASUSTUF\.m2\repository\com\sun\xml\bind\jaxb-core\2.3.0.1\jaxb-core-2.3.0.1.jar;C:\Users\ASUSTUF\.m2\repository\com\sun\xml\bind\jaxb-impl\2.3.3\jaxb-impl-2.3.3.jar;C:\Users\ASUSTUF\.m2\repository\jakarta\xml\bind\jakarta.xml.bind-api\2.3.3\jakarta.xml.bind-api-2.3.3.jar;C:\Users\ASUSTUF\.m2\repository\com\sun\activation\jakarta.activation\1.2.2\jakarta.activation-1.2.2.jar;C:\Users\ASUSTUF\.m2\repository\javax\activation\activation\1.1.1\activation-1.1.1.jar;C:\Users\ASUSTUF\.m2\repository\net\serenity-bdd\serenity-cucumber\3.2.1\serenity-cucumber-3.2.1.jar;C:\Users\ASUSTUF\.m2\repository\io\cucumber\cucumber-core\7.2.3\cucumber-core-7.2.3.jar;C:\Users\ASUSTUF\.m2\repository\io\cucumber\cucumber-gherkin\7.2.3\cucumber-gherkin-7.2.3.jar;C:\Users\ASUSTUF\.m2\repository\io\cucumber\cucumber-gherkin-messages\7.2.3\cucumber-gherkin-messages-7.2.3.jar;C:\Users\ASUSTUF\.m2\repository\io\cucumber\messages\17.1.1\messages-17.1.1.jar;C:\Users\ASUSTUF\.m2\repository\io\cucumber\tag-expressions\4.1.0\tag-expressions-4.1.0.jar;C:\Users\ASUSTUF\.m2\repository\io\cucumber\cucumber-expressions\15.0.1\cucumber-expressions-15.0.1.jar;C:\Users\ASUSTUF\.m2\repository\io\cucumber\datatable\7.2.3\datatable-7.2.3.jar;C:\Users\ASUSTUF\.m2\repository\io\cucumber\cucumber-plugin\7.2.3\cucumber-plugin-7.2.3.jar;C:\Users\ASUSTUF\.m2\repository\io\cucumber\docstring\7.2.3\docstring-7.2.3.jar;C:\Users\ASUSTUF\.m2\repository\io\cucumber\html-formatter\17.0.0\html-formatter-17.0.0.jar;C:\Users\ASUSTUF\.m2\repository\io\cucumber\ci-environment\8.1.0\ci-environment-8.1.0.jar;C:\Users\ASUSTUF\.m2\repository\io\cucumber\cucumber-junit\7.2.3\cucumber-junit-7.2.3.jar;C:\Users\ASUSTUF\.m2\repository\org\apache\commons\commons-csv\1.5\commons-csv-1.5.jar;C:\Users\ASUSTUF\.m2\repository\net\serenity-bdd\serenity-screenplay\3.2.1\serenity-screenplay-3.2.1.jar;C:\Users\ASUSTUF\.m2\repository\net\serenity-bdd\serenity-screenplay-webdriver\3.2.1\serenity-screenplay-webdriver-3.2.1.jar;C:\Users\ASUSTUF\.m2\repository\net\serenity-bdd\serenity-ensure\3.2.1\serenity-ensure-3.2.1.jar;C:\Users\ASUSTUF\.m2\repository\net\serenity-bdd\serenity-junit\3.2.1\serenity-junit-3.2.1.jar;C:\Users\ASUSTUF\.m2\repository\org\jetbrains\kotlin\kotlin-stdlib\1.6.0\kotlin-stdlib-1.6.0.jar;C:\Users\ASUSTUF\.m2\repository\org\jetbrains\annotations\13.0\annotations-13.0.jar;C:\Users\ASUSTUF\.m2\repository\org\jetbrains\kotlin\kotlin-stdlib-common\1.6.0\kotlin-stdlib-common-1.6.0.jar;C:\Users\ASUSTUF\.m2\repository\org\junit\platform\junit-platform-launcher\1.8.1\junit-platform-launcher-1.8.1.jar;C:\Users\ASUSTUF\.m2\repository\org\junit\platform\junit-platform-engine\1.8.1\junit-platform-engine-1.8.1.jar;C:\Users\ASUSTUF\.m2\repository\org\opentest4j\opentest4j\1.2.0\opentest4j-1.2.0.jar;C:\Users\ASUSTUF\.m2\repository\org\junit\platform\junit-platform-commons\1.8.1\junit-platform-commons-1.8.1.jar;C:\Users\ASUSTUF\.m2\repository\org\apiguardian\apiguardian-api\1.1.2\apiguardian-api-1.1.2.jar;C:\Users\ASUSTUF\.m2\repository\org\junit\jupiter\junit-jupiter-engine\5.8.2\junit-jupiter-engine-5.8.2.jar;C:\Users\ASUSTUF\.m2\repository\org\junit\jupiter\junit-jupiter-api\5.8.2\junit-jupiter-api-5.8.2.jar;C:\Users\ASUSTUF\.m2\repository\org\junit\vintage\junit-vintage-engine\5.8.2\junit-vintage-engine-5.8.2.jar;C:\Users\ASUSTUF\.m2\repository\junit\junit\4.13.2\junit-4.13.2.jar;C:\Users\ASUSTUF\.m2\repository\org\hamcrest\hamcrest-core\1.3\hamcrest-core-1.3.jar;C:\Users\ASUSTUF\.m2\repository\ch\qos\logback\logback-classic\1.2.10\logback-classic-1.2.10.jar;C:\Users\ASUSTUF\.m2\repository\ch\qos\logback\logback-core\1.2.10\logback-core-1.2.10.jar;C:\Users\ASUSTUF\.m2\repository\org\slf4j\slf4j-api\1.7.32\slf4j-api-1.7.32.jar;C:\Users\ASUSTUF\.m2\repository\org\assertj\assertj-core\3.6.2\assertj-core-3.6.2.jar;"/>
    <property name="sun.cpu.endian" value="little"/>
    <property name="user.home" value="C:\Users\ASUSTUF"/>
    <property name="user.language" value="en"/>
    <property name="java.specification.vendor" value="Oracle Corporation"/>
    <property name="jdk.module.path" value="C:\Users\ASUSTUF\OneDrive\Documents\Capstone Project\Web Automation\target\Automation-1.0-SNAPSHOT.jar"/>
    <property name="java.version.date" value="2022-07-19"/>
    <property name="java.home" value="C:\Program Files\Java\jdk-11.0.16"/>
    <property name="file.separator" value="\"/>
    <property name="basedir" value="C:\Users\ASUSTUF\OneDrive\Documents\Capstone Project\Web Automation"/>
    <property name="java.vm.compressedOopsMode" value="32-bit"/>
    <property name="line.separator" value="&#10;"/>
    <property name="java.specification.name" value="Java Platform API Specification"/>
    <property name="java.vm.specification.vendor" value="Oracle Corporation"/>
    <property name="java.awt.graphicsenv" value="sun.awt.Win32GraphicsEnvironment"/>
    <property name="surefire.real.class.path" value="C:\Users\ASUSTUF\.m2\repository\org\apache\maven\surefire\surefire-booter\3.0.0-M5\surefire-booter-3.0.0-M5.jar;C:\Users\ASUSTUF\.m2\repository\org\apache\maven\surefire\surefire-api\3.0.0-M5\surefire-api-3.0.0-M5.jar;C:\Users\ASUSTUF\.m2\repository\org\apache\maven\surefire\surefire-logger-api\3.0.0-M5\surefire-logger-api-3.0.0-M5.jar;C:\Users\ASUSTUF\.m2\repository\org\apache\maven\surefire\surefire-shared-utils\3.0.0-M4\surefire-shared-utils-3.0.0-M4.jar;C:\Users\ASUSTUF\.m2\repository\org\apache\maven\surefire\surefire-extensions-spi\3.0.0-M5\surefire-extensions-spi-3.0.0-M5.jar;C:\Users\ASUSTUF\OneDrive\Documents\Capstone Project\Web Automation\target\test-classes;C:\Users\ASUSTUF\.m2\repository\net\serenity-bdd\serenity-core\3.2.1\serenity-core-3.2.1.jar;C:\Users\ASUSTUF\.m2\repository\net\serenity-bdd\serenity-model\3.2.1\serenity-model-3.2.1.jar;C:\Users\ASUSTUF\.m2\repository\org\apache\commons\commons-text\1.9\commons-text-1.9.jar;C:\Users\ASUSTUF\.m2\repository\commons-net\commons-net\3.8.0\commons-net-3.8.0.jar;C:\Users\ASUSTUF\.m2\repository\com\google\guava\guava\31.1-jre\guava-31.1-jre.jar;C:\Users\ASUSTUF\.m2\repository\com\google\guava\failureaccess\1.0.1\failureaccess-1.0.1.jar;C:\Users\ASUSTUF\.m2\repository\com\google\guava\listenablefuture\9999.0-empty-to-avoid-conflict-with-guava\listenablefuture-9999.0-empty-to-avoid-conflict-with-guava.jar;C:\Users\ASUSTUF\.m2\repository\com\google\code\findbugs\jsr305\3.0.2\jsr305-3.0.2.jar;C:\Users\ASUSTUF\.m2\repository\org\checkerframework\checker-qual\3.12.0\checker-qual-3.12.0.jar;C:\Users\ASUSTUF\.m2\repository\com\google\errorprone\error_prone_annotations\2.11.0\error_prone_annotations-2.11.0.jar;C:\Users\ASUSTUF\.m2\repository\com\google\j2objc\j2objc-annotations\1.3\j2objc-annotations-1.3.jar;C:\Users\ASUSTUF\.m2\repository\com\google\inject\guice\5.1.0\guice-5.1.0.jar;C:\Users\ASUSTUF\.m2\repository\javax\inject\javax.inject\1\javax.inject-1.jar;C:\Users\ASUSTUF\.m2\repository\aopalliance\aopalliance\1.0\aopalliance-1.0.jar;C:\Users\ASUSTUF\.m2\repository\org\jsoup\jsoup\1.14.3\jsoup-1.14.3.jar;C:\Users\ASUSTUF\.m2\repository\com\thoughtworks\xstream\xstream\1.4.19\xstream-1.4.19.jar;C:\Users\ASUSTUF\.m2\repository\io\github\x-stream\mxparser\1.2.2\mxparser-1.2.2.jar;C:\Users\ASUSTUF\.m2\repository\xmlpull\xmlpull\1.1.3.1\xmlpull-1.1.3.1.jar;C:\Users\ASUSTUF\.m2\repository\io\cucumber\cucumber-java\7.2.3\cucumber-java-7.2.3.jar;C:\Users\ASUSTUF\.m2\repository\com\typesafe\config\1.4.2\config-1.4.2.jar;C:\Users\ASUSTUF\.m2\repository\org\imgscalr\imgscalr-lib\4.2\imgscalr-lib-4.2.jar;C:\Users\ASUSTUF\.m2\repository\org\awaitility\awaitility\4.2.0\awaitility-4.2.0.jar;C:\Users\ASUSTUF\.m2\repository\org\freemarker\freemarker\2.3.31\freemarker-2.3.31.jar;C:\Users\ASUSTUF\.m2\repository\io\github\classgraph\classgraph\4.8.138\classgraph-4.8.138.jar;C:\Users\ASUSTUF\.m2\repository\net\sourceforge\jexcelapi\jxl\2.6.12\jxl-2.6.12.jar;C:\Users\ASUSTUF\.m2\repository\net\bytebuddy\byte-buddy\1.12.8\byte-buddy-1.12.8.jar;C:\Users\ASUSTUF\.m2\repository\net\bytebuddy\byte-buddy-agent\1.12.8\byte-buddy-agent-1.12.8.jar;C:\Users\ASUSTUF\.m2\repository\org\objenesis\objenesis\3.1\objenesis-3.1.jar;C:\Users\ASUSTUF\.m2\repository\net\serenity-bdd\serenity-reports\3.2.1\serenity-reports-3.2.1.jar;C:\Users\ASUSTUF\.m2\repository\net\serenity-bdd\serenity-stats\3.2.1\serenity-stats-3.2.1.jar;C:\Users\ASUSTUF\.m2\repository\net\serenity-bdd\serenity-reports-configuration\3.2.1\serenity-reports-configuration-3.2.1.jar;C:\Users\ASUSTUF\.m2\repository\com\vladsch\flexmark\flexmark-all\0.34.30\flexmark-all-0.34.30.jar;C:\Users\ASUSTUF\.m2\repository\com\vladsch\flexmark\flexmark\0.34.30\flexmark-0.34.30.jar;C:\Users\ASUSTUF\.m2\repository\com\vladsch\flexmark\flexmark-ext-abbreviation\0.34.30\flexmark-ext-abbreviation-0.34.30.jar;C:\Users\ASUSTUF\.m2\repository\com\vladsch\flexmark\flexmark-ext-admonition\0.34.30\flexmark-ext-admonition-0.34.30.jar;C:\Users\ASUSTUF\.m2\repository\com\vladsch\flexmark\flexmark-ext-anchorlink\0.34.30\flexmark-ext-anchorlink-0.34.30.jar;C:\Users\ASUSTUF\.m2\repository\com\vladsch\flexmark\flexmark-ext-aside\0.34.30\flexmark-ext-aside-0.34.30.jar;C:\Users\ASUSTUF\.m2\repository\com\vladsch\flexmark\flexmark-ext-attributes\0.34.30\flexmark-ext-attributes-0.34.30.jar;C:\Users\ASUSTUF\.m2\repository\com\vladsch\flexmark\flexmark-ext-autolink\0.34.30\flexmark-ext-autolink-0.34.30.jar;C:\Users\ASUSTUF\.m2\repository\org\nibor\autolink\autolink\0.6.0\autolink-0.6.0.jar;C:\Users\ASUSTUF\.m2\repository\com\vladsch\flexmark\flexmark-ext-definition\0.34.30\flexmark-ext-definition-0.34.30.jar;C:\Users\ASUSTUF\.m2\repository\com\vladsch\flexmark\flexmark-ext-emoji\0.34.30\flexmark-ext-emoji-0.34.30.jar;C:\Users\ASUSTUF\.m2\repository\com\vladsch\flexmark\flexmark-ext-enumerated-reference\0.34.30\flexmark-ext-enumerated-reference-0.34.30.jar;C:\Users\ASUSTUF\.m2\repository\com\vladsch\flexmark\flexmark-ext-escaped-character\0.34.30\flexmark-ext-escaped-character-0.34.30.jar;C:\Users\ASUSTUF\.m2\repository\com\vladsch\flexmark\flexmark-ext-footnotes\0.34.30\flexmark-ext-footnotes-0.34.30.jar;C:\Users\ASUSTUF\.m2\repository\com\vladsch\flexmark\flexmark-ext-gfm-issues\0.34.30\flexmark-ext-gfm-issues-0.34.30.jar;C:\Users\ASUSTUF\.m2\repository\com\vladsch\flexmark\flexmark-ext-gfm-strikethrough\0.34.30\flexmark-ext-gfm-strikethrough-0.34.30.jar;C:\Users\ASUSTUF\.m2\repository\com\vladsch\flexmark\flexmark-ext-gfm-tables\0.34.30\flexmark-ext-gfm-tables-0.34.30.jar;C:\Users\ASUSTUF\.m2\repository\com\vladsch\flexmark\flexmark-ext-gfm-tasklist\0.34.30\flexmark-ext-gfm-tasklist-0.34.30.jar;C:\Users\ASUSTUF\.m2\repository\com\vladsch\flexmark\flexmark-ext-gfm-users\0.34.30\flexmark-ext-gfm-users-0.34.30.jar;C:\Users\ASUSTUF\.m2\repository\com\vladsch\flexmark\flexmark-ext-gitlab\0.34.30\flexmark-ext-gitlab-0.34.30.jar;C:\Users\ASUSTUF\.m2\repository\com\vladsch\flexmark\flexmark-ext-jekyll-front-matter\0.34.30\flexmark-ext-jekyll-front-matter-0.34.30.jar;C:\Users\ASUSTUF\.m2\repository\com\vladsch\flexmark\flexmark-ext-jekyll-tag\0.34.30\flexmark-ext-jekyll-tag-0.34.30.jar;C:\Users\ASUSTUF\.m2\repository\com\vladsch\flexmark\flexmark-ext-media-tags\0.34.30\flexmark-ext-media-tags-0.34.30.jar;C:\Users\ASUSTUF\.m2\repository\com\vladsch\flexmark\flexmark-test-util\0.34.30\flexmark-test-util-0.34.30.jar;C:\Users\ASUSTUF\.m2\repository\com\vladsch\flexmark\flexmark-ext-ins\0.34.30\flexmark-ext-ins-0.34.30.jar;C:\Users\ASUSTUF\.m2\repository\com\vladsch\flexmark\flexmark-ext-xwiki-macros\0.34.30\flexmark-ext-xwiki-macros-0.34.30.jar;C:\Users\ASUSTUF\.m2\repository\com\vladsch\flexmark\flexmark-ext-superscript\0.34.30\flexmark-ext-superscript-0.34.30.jar;C:\Users\ASUSTUF\.m2\repository\com\vladsch\flexmark\flexmark-ext-tables\0.34.30\flexmark-ext-tables-0.34.30.jar;C:\Users\ASUSTUF\.m2\repository\com\vladsch\flexmark\flexmark-ext-toc\0.34.30\flexmark-ext-toc-0.34.30.jar;C:\Users\ASUSTUF\.m2\repository\com\vladsch\flexmark\flexmark-ext-typographic\0.34.30\flexmark-ext-typographic-0.34.30.jar;C:\Users\ASUSTUF\.m2\repository\com\vladsch\flexmark\flexmark-ext-wikilink\0.34.30\flexmark-ext-wikilink-0.34.30.jar;C:\Users\ASUSTUF\.m2\repository\com\vladsch\flexmark\flexmark-ext-yaml-front-matter\0.34.30\flexmark-ext-yaml-front-matter-0.34.30.jar;C:\Users\ASUSTUF\.m2\repository\com\vladsch\flexmark\flexmark-ext-youtube-embedded\0.34.30\flexmark-ext-youtube-embedded-0.34.30.jar;C:\Users\ASUSTUF\.m2\repository\com\vladsch\flexmark\flexmark-formatter\0.34.30\flexmark-formatter-0.34.30.jar;C:\Users\ASUSTUF\.m2\repository\com\vladsch\flexmark\flexmark-html-parser\0.34.30\flexmark-html-parser-0.34.30.jar;C:\Users\ASUSTUF\.m2\repository\com\vladsch\flexmark\flexmark-jira-converter\0.34.30\flexmark-jira-converter-0.34.30.jar;C:\Users\ASUSTUF\.m2\repository\com\vladsch\flexmark\flexmark-pdf-converter\0.34.30\flexmark-pdf-converter-0.34.30.jar;C:\Users\ASUSTUF\.m2\repository\com\openhtmltopdf\openhtmltopdf-core\0.0.1-RC13\openhtmltopdf-core-0.0.1-RC13.jar;C:\Users\ASUSTUF\.m2\repository\com\openhtmltopdf\openhtmltopdf-pdfbox\0.0.1-RC13\openhtmltopdf-pdfbox-0.0.1-RC13.jar;C:\Users\ASUSTUF\.m2\repository\org\apache\pdfbox\pdfbox\2.0.8\pdfbox-2.0.8.jar;C:\Users\ASUSTUF\.m2\repository\org\apache\pdfbox\fontbox\2.0.8\fontbox-2.0.8.jar;C:\Users\ASUSTUF\.m2\repository\commons-logging\commons-logging\1.2\commons-logging-1.2.jar;C:\Users\ASUSTUF\.m2\repository\org\apache\pdfbox\xmpbox\2.0.8\xmpbox-2.0.8.jar;C:\Users\ASUSTUF\.m2\repository\de\rototor\pdfbox\graphics2d\0.12\graphics2d-0.12.jar;C:\Users\ASUSTUF\.m2\repository\com\openhtmltopdf\openhtmltopdf-rtl-support\0.0.1-RC13\openhtmltopdf-rtl-support-0.0.1-RC13.jar;C:\Users\ASUSTUF\.m2\repository\com\ibm\icu\icu4j\59.1\icu4j-59.1.jar;C:\Users\ASUSTUF\.m2\repository\com\openhtmltopdf\openhtmltopdf-jsoup-dom-converter\0.0.1-RC13\openhtmltopdf-jsoup-dom-converter-0.0.1-RC13.jar;C:\Users\ASUSTUF\.m2\repository\com\vladsch\flexmark\flexmark-profile-pegdown\0.34.30\flexmark-profile-pegdown-0.34.30.jar;C:\Users\ASUSTUF\.m2\repository\com\vladsch\flexmark\flexmark-util\0.34.30\flexmark-util-0.34.30.jar;C:\Users\ASUSTUF\.m2\repository\com\vladsch\flexmark\flexmark-youtrack-converter\0.34.30\flexmark-youtrack-converter-0.34.30.jar;C:\Users\ASUSTUF\.m2\repository\es\nitaur\markdown\txtmark\0.16\txtmark-0.16.jar;C:\Users\ASUSTUF\.m2\repository\net\serenity-bdd\serenity-report-resources\3.2.1\serenity-report-resources-3.2.1.jar;C:\Users\ASUSTUF\.m2\repository\com\google\code\gson\gson\2.9.0\gson-2.9.0.jar;C:\Users\ASUSTUF\.m2\repository\com\fasterxml\jackson\core\jackson-core\2.13.2\jackson-core-2.13.2.jar;C:\Users\ASUSTUF\.m2\repository\com\fasterxml\jackson\core\jackson-databind\2.13.2\jackson-databind-2.13.2.jar;C:\Users\ASUSTUF\.m2\repository\com\fasterxml\jackson\core\jackson-annotations\2.13.2\jackson-annotations-2.13.2.jar;C:\Users\ASUSTUF\.m2\repository\commons-codec\commons-codec\1.15\commons-codec-1.15.jar;C:\Users\ASUSTUF\.m2\repository\commons-io\commons-io\2.11.0\commons-io-2.11.0.jar;C:\Users\ASUSTUF\.m2\repository\org\seleniumhq\selenium\selenium-java\4.1.2\selenium-java-4.1.2.jar;C:\Users\ASUSTUF\.m2\repository\org\seleniumhq\selenium\selenium-devtools-v85\4.1.2\selenium-devtools-v85-4.1.2.jar;C:\Users\ASUSTUF\.m2\repository\org\seleniumhq\selenium\selenium-devtools-v95\4.1.2\selenium-devtools-v95-4.1.2.jar;C:\Users\ASUSTUF\.m2\repository\org\seleniumhq\selenium\selenium-devtools-v96\4.1.2\selenium-devtools-v96-4.1.2.jar;C:\Users\ASUSTUF\.m2\repository\org\seleniumhq\selenium\selenium-devtools-v97\4.1.2\selenium-devtools-v97-4.1.2.jar;C:\Users\ASUSTUF\.m2\repository\org\seleniumhq\selenium\selenium-firefox-xpi-driver\4.1.2\selenium-firefox-xpi-driver-4.1.2.jar;C:\Users\ASUSTUF\.m2\repository\org\seleniumhq\selenium\selenium-opera-driver\4.1.2\selenium-opera-driver-4.1.2.jar;C:\Users\ASUSTUF\.m2\repository\org\seleniumhq\selenium\selenium-remote-driver\4.1.2\selenium-remote-driver-4.1.2.jar;C:\Users\ASUSTUF\.m2\repository\com\beust\jcommander\1.82\jcommander-1.82.jar;C:\Users\ASUSTUF\.m2\repository\io\netty\netty-buffer\4.1.73.Final\netty-buffer-4.1.73.Final.jar;C:\Users\ASUSTUF\.m2\repository\io\netty\netty-codec-http\4.1.73.Final\netty-codec-http-4.1.73.Final.jar;C:\Users\ASUSTUF\.m2\repository\io\netty\netty-codec\4.1.73.Final\netty-codec-4.1.73.Final.jar;C:\Users\ASUSTUF\.m2\repository\io\netty\netty-handler\4.1.73.Final\netty-handler-4.1.73.Final.jar;C:\Users\ASUSTUF\.m2\repository\io\netty\netty-tcnative-classes\2.0.46.Final\netty-tcnative-classes-2.0.46.Final.jar;C:\Users\ASUSTUF\.m2\repository\io\netty\netty-common\4.1.73.Final\netty-common-4.1.73.Final.jar;C:\Users\ASUSTUF\.m2\repository\io\netty\netty-transport-classes-epoll\4.1.73.Final\netty-transport-classes-epoll-4.1.73.Final.jar;C:\Users\ASUSTUF\.m2\repository\io\netty\netty-transport-classes-kqueue\4.1.73.Final\netty-transport-classes-kqueue-4.1.73.Final.jar;C:\Users\ASUSTUF\.m2\repository\io\netty\netty-transport-native-epoll\4.1.73.Final\netty-transport-native-epoll-4.1.73.Final.jar;C:\Users\ASUSTUF\.m2\repository\io\netty\netty-transport-native-kqueue\4.1.73.Final\netty-transport-native-kqueue-4.1.73.Final.jar;C:\Users\ASUSTUF\.m2\repository\io\netty\netty-transport-native-unix-common\4.1.73.Final\netty-transport-native-unix-common-4.1.73.Final.jar;C:\Users\ASUSTUF\.m2\repository\io\netty\netty-transport\4.1.73.Final\netty-transport-4.1.73.Final.jar;C:\Users\ASUSTUF\.m2\repository\io\netty\netty-resolver\4.1.73.Final\netty-resolver-4.1.73.Final.jar;C:\Users\ASUSTUF\.m2\repository\io\opentelemetry\opentelemetry-api\1.10.1\opentelemetry-api-1.10.1.jar;C:\Users\ASUSTUF\.m2\repository\io\opentelemetry\opentelemetry-context\1.10.1\opentelemetry-context-1.10.1.jar;C:\Users\ASUSTUF\.m2\repository\io\opentelemetry\opentelemetry-exporter-logging\1.10.1\opentelemetry-exporter-logging-1.10.1.jar;C:\Users\ASUSTUF\.m2\repository\io\opentelemetry\opentelemetry-sdk-metrics\1.10.1-alpha\opentelemetry-sdk-metrics-1.10.1-alpha.jar;C:\Users\ASUSTUF\.m2\repository\io\opentelemetry\opentelemetry-sdk-logs\1.10.1-alpha\opentelemetry-sdk-logs-1.10.1-alpha.jar;C:\Users\ASUSTUF\.m2\repository\io\opentelemetry\opentelemetry-sdk-common\1.10.1\opentelemetry-sdk-common-1.10.1.jar;C:\Users\ASUSTUF\.m2\repository\io\opentelemetry\opentelemetry-sdk-extension-autoconfigure-spi\1.10.1\opentelemetry-sdk-extension-autoconfigure-spi-1.10.1.jar;C:\Users\ASUSTUF\.m2\repository\io\opentelemetry\opentelemetry-sdk-extension-autoconfigure\1.10.1-alpha\opentelemetry-sdk-extension-autoconfigure-1.10.1-alpha.jar;C:\Users\ASUSTUF\.m2\repository\io\opentelemetry\opentelemetry-sdk-trace\1.10.1\opentelemetry-sdk-trace-1.10.1.jar;C:\Users\ASUSTUF\.m2\repository\io\opentelemetry\opentelemetry-sdk\1.10.1\opentelemetry-sdk-1.10.1.jar;C:\Users\ASUSTUF\.m2\repository\io\opentelemetry\opentelemetry-semconv\1.10.1-alpha\opentelemetry-semconv-1.10.1-alpha.jar;C:\Users\ASUSTUF\.m2\repository\io\ous\jtoml\2.0.0\jtoml-2.0.0.jar;C:\Users\ASUSTUF\.m2\repository\org\apache\commons\commons-exec\1.3\commons-exec-1.3.jar;C:\Users\ASUSTUF\.m2\repository\org\asynchttpclient\async-http-client\2.12.3\async-http-client-2.12.3.jar;C:\Users\ASUSTUF\.m2\repository\org\asynchttpclient\async-http-client-netty-utils\2.12.3\async-http-client-netty-utils-2.12.3.jar;C:\Users\ASUSTUF\.m2\repository\io\netty\netty-codec-socks\4.1.60.Final\netty-codec-socks-4.1.60.Final.jar;C:\Users\ASUSTUF\.m2\repository\io\netty\netty-handler-proxy\4.1.60.Final\netty-handler-proxy-4.1.60.Final.jar;C:\Users\ASUSTUF\.m2\repository\io\netty\netty-transport-native-epoll\4.1.60.Final\netty-transport-native-epoll-4.1.60.Final-linux-x86_64.jar;C:\Users\ASUSTUF\.m2\repository\io\netty\netty-transport-native-kqueue\4.1.60.Final\netty-transport-native-kqueue-4.1.60.Final-osx-x86_64.jar;C:\Users\ASUSTUF\.m2\repository\org\reactivestreams\reactive-streams\1.0.3\reactive-streams-1.0.3.jar;C:\Users\ASUSTUF\.m2\repository\com\typesafe\netty\netty-reactive-streams\2.0.4\netty-reactive-streams-2.0.4.jar;C:\Users\ASUSTUF\.m2\repository\org\seleniumhq\selenium\selenium-http\4.1.2\selenium-http-4.1.2.jar;C:\Users\ASUSTUF\.m2\repository\net\jodah\failsafe\2.4.4\failsafe-2.4.4.jar;C:\Users\ASUSTUF\.m2\repository\org\seleniumhq\selenium\selenium-safari-driver\4.1.2\selenium-safari-driver-4.1.2.jar;C:\Users\ASUSTUF\.m2\repository\org\seleniumhq\selenium\selenium-api\4.1.2\selenium-api-4.1.2.jar;C:\Users\ASUSTUF\.m2\repository\org\seleniumhq\selenium\selenium-support\4.1.2\selenium-support-4.1.2.jar;C:\Users\ASUSTUF\.m2\repository\com\google\auto\service\auto-service-annotations\1.0.1\auto-service-annotations-1.0.1.jar;C:\Users\ASUSTUF\.m2\repository\com\google\auto\service\auto-service\1.0.1\auto-service-1.0.1.jar;C:\Users\ASUSTUF\.m2\repository\com\google\auto\auto-common\1.2\auto-common-1.2.jar;C:\Users\ASUSTUF\.m2\repository\org\seleniumhq\selenium\selenium-json\4.1.2\selenium-json-4.1.2.jar;C:\Users\ASUSTUF\.m2\repository\org\seleniumhq\selenium\selenium-chrome-driver\4.1.2\selenium-chrome-driver-4.1.2.jar;C:\Users\ASUSTUF\.m2\repository\org\seleniumhq\selenium\selenium-chromium-driver\4.1.2\selenium-chromium-driver-4.1.2.jar;C:\Users\ASUSTUF\.m2\repository\org\seleniumhq\selenium\selenium-firefox-driver\4.1.2\selenium-firefox-driver-4.1.2.jar;C:\Users\ASUSTUF\.m2\repository\org\seleniumhq\selenium\selenium-edge-driver\4.1.2\selenium-edge-driver-4.1.2.jar;C:\Users\ASUSTUF\.m2\repository\org\seleniumhq\selenium\selenium-ie-driver\4.1.2\selenium-ie-driver-4.1.2.jar;C:\Users\ASUSTUF\.m2\repository\org\projectlombok\lombok\1.18.20\lombok-1.18.20.jar;C:\Users\ASUSTUF\.m2\repository\io\appium\java-client\8.0.0\java-client-8.0.0.jar;C:\Users\ASUSTUF\.m2\repository\commons-validator\commons-validator\1.7\commons-validator-1.7.jar;C:\Users\ASUSTUF\.m2\repository\commons-digester\commons-digester\2.1\commons-digester-2.1.jar;C:\Users\ASUSTUF\.m2\repository\org\aspectj\aspectjweaver\1.9.8\aspectjweaver-1.9.8.jar;C:\Users\ASUSTUF\.m2\repository\org\codehaus\groovy\groovy\3.0.10\groovy-3.0.10.jar;C:\Users\ASUSTUF\.m2\repository\net\sf\opencsv\opencsv\2.0\opencsv-2.0.jar;C:\Users\ASUSTUF\.m2\repository\commons-beanutils\commons-beanutils\1.9.4\commons-beanutils-1.9.4.jar;C:\Users\ASUSTUF\.m2\repository\org\apache\commons\commons-lang3\3.12.0\commons-lang3-3.12.0.jar;C:\Users\ASUSTUF\.m2\repository\commons-collections\commons-collections\3.2.2\commons-collections-3.2.2.jar;C:\Users\ASUSTUF\.m2\repository\org\fluentlenium\fluentlenium-core\0.10.2\fluentlenium-core-0.10.2.jar;C:\Users\ASUSTUF\.m2\repository\io\github\bonigarcia\webdrivermanager\5.1.0\webdrivermanager-5.1.0.jar;C:\Users\ASUSTUF\.m2\repository\com\github\docker-java\docker-java\3.2.13\docker-java-3.2.13.jar;C:\Users\ASUSTUF\.m2\repository\com\github\docker-java\docker-java-core\3.2.13\docker-java-core-3.2.13.jar;C:\Users\ASUSTUF\.m2\repository\com\github\docker-java\docker-java-api\3.2.13\docker-java-api-3.2.13.jar;C:\Users\ASUSTUF\.m2\repository\org\apache\commons\commons-compress\1.21\commons-compress-1.21.jar;C:\Users\ASUSTUF\.m2\repository\org\bouncycastle\bcpkix-jdk15on\1.64\bcpkix-jdk15on-1.64.jar;C:\Users\ASUSTUF\.m2\repository\org\bouncycastle\bcprov-jdk15on\1.64\bcprov-jdk15on-1.64.jar;C:\Users\ASUSTUF\.m2\repository\org\slf4j\jcl-over-slf4j\1.7.30\jcl-over-slf4j-1.7.30.jar;C:\Users\ASUSTUF\.m2\repository\com\github\docker-java\docker-java-transport-httpclient5\3.2.13\docker-java-transport-httpclient5-3.2.13.jar;C:\Users\ASUSTUF\.m2\repository\com\github\docker-java\docker-java-transport\3.2.13\docker-java-transport-3.2.13.jar;C:\Users\ASUSTUF\.m2\repository\org\apache\httpcomponents\client5\httpclient5\5.0.3\httpclient5-5.0.3.jar;C:\Users\ASUSTUF\.m2\repository\org\apache\httpcomponents\core5\httpcore5\5.0.2\httpcore5-5.0.2.jar;C:\Users\ASUSTUF\.m2\repository\net\java\dev\jna\jna\5.8.0\jna-5.8.0.jar;C:\Users\ASUSTUF\.m2\repository\org\brotli\dec\0.1.2\dec-0.1.2.jar;C:\Users\ASUSTUF\.m2\repository\com\jhlabs\filters\2.0.235\filters-2.0.235.jar;C:\Users\ASUSTUF\.m2\repository\com\paulhammant\ngwebdriver\1.1.6\ngwebdriver-1.1.6.jar;C:\Users\ASUSTUF\.m2\repository\joda-time\joda-time\2.8.2\joda-time-2.8.2.jar;C:\Users\ASUSTUF\.m2\repository\org\hamcrest\hamcrest\2.2\hamcrest-2.2.jar;C:\Users\ASUSTUF\.m2\repository\com\google\jimfs\jimfs\1.2\jimfs-1.2.jar;C:\Users\ASUSTUF\.m2\repository\org\mockito\mockito-core\3.3.3\mockito-core-3.3.3.jar;C:\Users\ASUSTUF\.m2\repository\javax\xml\bind\jaxb-api\2.3.1\jaxb-api-2.3.1.jar;C:\Users\ASUSTUF\.m2\repository\javax\activation\javax.activation-api\1.2.0\javax.activation-api-1.2.0.jar;C:\Users\ASUSTUF\.m2\repository\com\sun\xml\bind\jaxb-core\2.3.0.1\jaxb-core-2.3.0.1.jar;C:\Users\ASUSTUF\.m2\repository\com\sun\xml\bind\jaxb-impl\2.3.3\jaxb-impl-2.3.3.jar;C:\Users\ASUSTUF\.m2\repository\jakarta\xml\bind\jakarta.xml.bind-api\2.3.3\jakarta.xml.bind-api-2.3.3.jar;C:\Users\ASUSTUF\.m2\repository\com\sun\activation\jakarta.activation\1.2.2\jakarta.activation-1.2.2.jar;C:\Users\ASUSTUF\.m2\repository\javax\activation\activation\1.1.1\activation-1.1.1.jar;C:\Users\ASUSTUF\.m2\repository\net\serenity-bdd\serenity-cucumber\3.2.1\serenity-cucumber-3.2.1.jar;C:\Users\ASUSTUF\.m2\repository\io\cucumber\cucumber-core\7.2.3\cucumber-core-7.2.3.jar;C:\Users\ASUSTUF\.m2\repository\io\cucumber\cucumber-gherkin\7.2.3\cucumber-gherkin-7.2.3.jar;C:\Users\ASUSTUF\.m2\repository\io\cucumber\cucumber-gherkin-messages\7.2.3\cucumber-gherkin-messages-7.2.3.jar;C:\Users\ASUSTUF\.m2\repository\io\cucumber\messages\17.1.1\messages-17.1.1.jar;C:\Users\ASUSTUF\.m2\repository\io\cucumber\tag-expressions\4.1.0\tag-expressions-4.1.0.jar;C:\Users\ASUSTUF\.m2\repository\io\cucumber\cucumber-expressions\15.0.1\cucumber-expressions-15.0.1.jar;C:\Users\ASUSTUF\.m2\repository\io\cucumber\datatable\7.2.3\datatable-7.2.3.jar;C:\Users\ASUSTUF\.m2\repository\io\cucumber\cucumber-plugin\7.2.3\cucumber-plugin-7.2.3.jar;C:\Users\ASUSTUF\.m2\repository\io\cucumber\docstring\7.2.3\docstring-7.2.3.jar;C:\Users\ASUSTUF\.m2\repository\io\cucumber\html-formatter\17.0.0\html-formatter-17.0.0.jar;C:\Users\ASUSTUF\.m2\repository\io\cucumber\ci-environment\8.1.0\ci-environment-8.1.0.jar;C:\Users\ASUSTUF\.m2\repository\io\cucumber\cucumber-junit\7.2.3\cucumber-junit-7.2.3.jar;C:\Users\ASUSTUF\.m2\repository\org\apache\commons\commons-csv\1.5\commons-csv-1.5.jar;C:\Users\ASUSTUF\.m2\repository\net\serenity-bdd\serenity-screenplay\3.2.1\serenity-screenplay-3.2.1.jar;C:\Users\ASUSTUF\.m2\repository\net\serenity-bdd\serenity-screenplay-webdriver\3.2.1\serenity-screenplay-webdriver-3.2.1.jar;C:\Users\ASUSTUF\.m2\repository\net\serenity-bdd\serenity-ensure\3.2.1\serenity-ensure-3.2.1.jar;C:\Users\ASUSTUF\.m2\repository\net\serenity-bdd\serenity-junit\3.2.1\serenity-junit-3.2.1.jar;C:\Users\ASUSTUF\.m2\repository\org\jetbrains\kotlin\kotlin-stdlib\1.6.0\kotlin-stdlib-1.6.0.jar;C:\Users\ASUSTUF\.m2\repository\org\jetbrains\annotations\13.0\annotations-13.0.jar;C:\Users\ASUSTUF\.m2\repository\org\jetbrains\kotlin\kotlin-stdlib-common\1.6.0\kotlin-stdlib-common-1.6.0.jar;C:\Users\ASUSTUF\.m2\repository\org\junit\platform\junit-platform-launcher\1.8.1\junit-platform-launcher-1.8.1.jar;C:\Users\ASUSTUF\.m2\repository\org\junit\platform\junit-platform-engine\1.8.1\junit-platform-engine-1.8.1.jar;C:\Users\ASUSTUF\.m2\repository\org\opentest4j\opentest4j\1.2.0\opentest4j-1.2.0.jar;C:\Users\ASUSTUF\.m2\repository\org\junit\platform\junit-platform-commons\1.8.1\junit-platform-commons-1.8.1.jar;C:\Users\ASUSTUF\.m2\repository\org\apiguardian\apiguardian-api\1.1.2\apiguardian-api-1.1.2.jar;C:\Users\ASUSTUF\.m2\repository\org\junit\jupiter\junit-jupiter-engine\5.8.2\junit-jupiter-engine-5.8.2.jar;C:\Users\ASUSTUF\.m2\repository\org\junit\jupiter\junit-jupiter-api\5.8.2\junit-jupiter-api-5.8.2.jar;C:\Users\ASUSTUF\.m2\repository\org\junit\vintage\junit-vintage-engine\5.8.2\junit-vintage-engine-5.8.2.jar;C:\Users\ASUSTUF\.m2\repository\junit\junit\4.13.2\junit-4.13.2.jar;C:\Users\ASUSTUF\.m2\repository\org\hamcrest\hamcrest-core\1.3\hamcrest-core-1.3.jar;C:\Users\ASUSTUF\.m2\repository\ch\qos\logback\logback-classic\1.2.10\logback-classic-1.2.10.jar;C:\Users\ASUSTUF\.m2\repository\ch\qos\logback\logback-core\1.2.10\logback-core-1.2.10.jar;C:\Users\ASUSTUF\.m2\repository\org\slf4j\slf4j-api\1.7.32\slf4j-api-1.7.32.jar;C:\Users\ASUSTUF\.m2\repository\org\assertj\assertj-core\3.6.2\assertj-core-3.6.2.jar;C:\Users\ASUSTUF\.m2\repository\org\apache\maven\surefire\surefire-junit-platform\3.0.0-M5\surefire-junit-platform-3.0.0-M5.jar;C:\Users\ASUSTUF\.m2\repository\org\apache\maven\surefire\common-java5\3.0.0-M5\common-java5-3.0.0-M5.jar"/>
    <property name="user.script" value=""/>
    <property name="java.protocol.handler.pkgs" value="com.google.common"/>
    <property name="sun.management.compiler" value="HotSpot 64-Bit Tiered Compilers"/>
    <property name="java.runtime.version" value="11.0.16+11-LTS-199"/>
    <property name="user.name" value="ASUSTUF"/>
    <property name="path.separator" value=";"/>
    <property name="os.version" value="10.0"/>
    <property name="java.runtime.name" value="Java(TM) SE Runtime Environment"/>
    <property name="file.encoding" value="Cp1252"/>
    <property name="webdriver.base.url" value=""/>
    <property name="java.vm.name" value="Java HotSpot(TM) 64-Bit Server VM"/>
    <property name="java.vendor.version" value="18.9"/>
    <property name="localRepository" value="C:\Users\ASUSTUF\.m2\repository"/>
    <property name="java.vendor.url.bug" value="https://bugreport.java.com/bugreport/"/>
    <property name="java.io.tmpdir" value="C:\Users\ASUSTUF\AppData\Local\Temp\"/>
    <property name="java.version" value="11.0.16"/>
    <property name="user.dir" value="C:\Users\ASUSTUF\OneDrive\Documents\Capstone Project\Web Automation"/>
    <property name="os.arch" value="amd64"/>
    <property name="java.vm.specification.name" value="Java Virtual Machine Specification"/>
    <property name="java.awt.printerjob" value="sun.awt.windows.WPrinterJob"/>
    <property name="sun.os.patch.level" value=""/>
    <property name="java.library.path" value="C:\Program Files\Java\jdk-11.0.16\bin;C:\WINDOWS\Sun\Java\bin;C:\WINDOWS\system32;C:\WINDOWS;C:\Program Files\Java\jdk-11.0.16\bin;C:\Program Files\Common Files\Oracle\Java\javapath;C:\Windows\system32;C:\Windows;C:\Windows\System32\Wbem;C:\Windows\System32\WindowsPowerShell\v1.0\;C:\Windows\System32\OpenSSH\;C:\Program Files (x86)\NVIDIA Corporation\PhysX\Common;C:\Program Files\NVIDIA Corporation\NVIDIA NvDLISR;C:\WINDOWS\system32;C:\WINDOWS;C:\WINDOWS\System32\Wbem;C:\WINDOWS\System32\WindowsPowerShell\v1.0\;C:\WINDOWS\System32\OpenSSH\;C:\Program Files\Git\cmd;C:\Program Files\Java\jdk-17.0.4\bin;C:\Program Files\apache-maven-3.8.6-bin\apache-maven-3.8.6\bin;C:\Users\ASUSTUF\AppData\Local\Android\Sdk\platform-tools;C:\Program Files\nodejs\;C:\Program Files\Java\jdk-11.0.16\bin;C:\Users\ASUSTUF\AppData\Local\Microsoft\WindowsApps;C:\Users\ASUSTUF\AppData\Local\GitHubDesktop\bin;C:\Users\ASUSTUF\AppData\Local\Programs\Microsoft VS Code\bin;C:\Users\ASUSTUF\AppData\Roaming\npm;;."/>
    <property name="java.vendor" value="Oracle Corporation"/>
    <property name="java.vm.info" value="mixed mode"/>
    <property name="java.vm.version" value="11.0.16+11-LTS-199"/>
    <property name="sun.io.unicode.encoding" value="UnicodeLittle"/>
    <property name="java.class.version" value="55.0"/>
  </properties>
  <testcase name="Approve a vaccination booking" classname="Manage vaccination bookings" time="21.793">
    <error type="net.thucydides.core.webdriver.exceptions.ElementShouldBeEnabledException"><![CDATA[net.thucydides.core.webdriver.exceptions.ElementShouldBeEnabledException: Expected enabled element was not enabled
Caused by: org.openqa.selenium.TimeoutException: Expected condition failed: waiting for By.xpath: //button[@class='MuiButtonBase-root MuiIconButton-root MuiIconButton-colorPrimary MuiIconButton-sizeMedium css-11nfi0'] to be enabled (tried for 5 second(s) with 100 milliseconds interval)
Caused by: org.openqa.selenium.NoSuchElementException: 
no such element: Unable to locate element: {"method":"xpath","selector":"//button[@class='MuiButtonBase-root MuiIconButton-root MuiIconButton-colorPrimary MuiIconButton-sizeMedium css-11nfi0']"}
  (Session info: chrome=108.0.5359.125)
For documentation on this error, please visit: https://selenium.dev/exceptions/#no_such_element
Build info: version: '4.1.2', revision: '9a5a329c5a'
System info: host: 'LAPTOP-CFD9EV6G', ip: '192.168.100.7', os.name: 'Windows 11', os.arch: 'amd64', os.version: '10.0', java.version: '11.0.16'
Driver info: org.openqa.selenium.chrome.ChromeDriver
Command: [b67f823d6cde460bee28f9394d77790a, findElement {using=xpath, value=//button[@class='MuiButtonBase-root MuiIconButton-root MuiIconButton-colorPrimary MuiIconButton-sizeMedium css-11nfi0']}]
Capabilities {acceptInsecureCerts: false, browserName: chrome, browserVersion: 108.0.5359.125, chrome: {chromedriverVersion: 108.0.5359.71 (1e0e3868ee06..., userDataDir: C:\Users\ASUSTUF\AppData\Lo...}, goog:chromeOptions: {debuggerAddress: localhost:55186}, javascriptEnabled: true, networkConnectionEnabled: false, pageLoadStrategy: normal, platform: WINDOWS, platformName: WINDOWS, proxy: Proxy(), se:cdp: ws://localhost:55186/devtoo..., se:cdpVersion: 108.0.5359.125, setWindowRect: true, strictFileInteractability: false, timeouts: {implicit: 0, pageLoad: 300000, script: 30000}, unhandledPromptBehavior: dismiss and notify, webauthn:extension:credBlob: true, webauthn:extension:largeBlob: true, webauthn:virtualAuthenticators: true}
Session ID: b67f823d6cde460bee28f9394d77790a
]]></error>
    <system-out><![CDATA[12:55:59.713 [main] INFO io.cucumber.core.plugin.SerenityReporter - Running feature from file:///C:/Users/ASUSTUF/OneDrive/Documents/Capstone%20Project/Web%20Automation/src/test/resources/features/ManageVaccinationBookings.feature
12:55:59.866 [main] INFO  - 

-------------------------------------------------------------------------------------
     _______. _______ .______       _______ .__   __.  __  .___________.____    ____ 
    /       ||   ____||   _  \     |   ____||  \ |  | |  | |           |\   \  /   / 
   |   (----`|  |__   |  |_)  |    |  |__   |   \|  | |  | `---|  |----` \   \/   /  
    \   \    |   __|  |      /     |   __|  |  . `  | |  |     |  |       \_    _/   
.----)   |   |  |____ |  |\  \----.|  |____ |  |\   | |  |     |  |         |  |     
|_______/    |_______|| _| `._____||_______||__| \__| |__|     |__|         |__|    
                                                                                     
 News and tutorials at http://www.serenity-bdd.info                                  
 Documentation at https://wakaleo.gitbooks.io/the-serenity-book/content/             
 Join the Serenity Community on Gitter: https://gitter.im/serenity-bdd/serenity-core 
 Serenity BDD Support and Training at http://serenity-bdd.info/#/trainingandsupport  
-------------------------------------------------------------------------------------

12:55:59.868 [main] DEBUG net.thucydides.core.steps.StepEventBus - Test suite started for story net.thucydides.core.model.Story@cce5c3f8
12:55:59.869 [main] INFO  - Test Suite Started: Manage vaccination bookings
12:55:59.881 [main] INFO io.cucumber.core.plugin.SerenityReporter - Running feature from file:///C:/Users/ASUSTUF/OneDrive/Documents/Capstone%20Project/Web%20Automation/src/test/resources/features/VaccineNames.feature
12:55:59.893 [main] DEBUG net.thucydides.core.steps.StepEventBus - Test suite started for story net.thucydides.core.model.Story@942a1b8b
12:55:59.893 [main] INFO  - Test Suite Started: Vaccine names
12:55:59.894 [main] INFO io.cucumber.core.plugin.SerenityReporter - Running feature from file:///C:/Users/ASUSTUF/OneDrive/Documents/Capstone%20Project/Web%20Automation/src/test/resources/features/ManageVaccinationBookings.feature
12:55:59.896 [main] DEBUG net.thucydides.core.steps.StepEventBus - Test suite started for story net.thucydides.core.model.Story@cce5c3f8
12:55:59.896 [main] INFO  - Test Suite Started: Manage vaccination bookings

Scenario: Approve a vaccination booking &amp#27;[90m# src/test/resources/features/ManageVaccinationBookings.feature:6&amp#27;[0m
12:55:59.978 [main] INFO io.cucumber.core.plugin.SerenityReporter - Running feature from file:///C:/Users/ASUSTUF/OneDrive/Documents/Capstone%20Project/Web%20Automation/src/test/resources/features/ManageVaccinationBookings.feature
12:56:00.081 [main] INFO  - 
  _____   ___   ___   _____     ___   _____     _     ___   _____   ___   ___  
 |_   _| | __| / __| |_   _|   / __| |_   _|   /_\   | _ \ |_   _| | __| |   \ 
   | |   | _|  \__ \   | |     \__ \   | |    / _ \  |   /   | |   | _|  | |) |
   |_|   |___| |___/   |_|     |___/   |_|   /_/ \_\ |_|_\   |_|   |___| |___/ 

Approve a vaccination booking(manage-vaccination-bookings;approve-a-vaccination-booking)
--------------------------------------------------------------------------------
12:56:00.785 [main] INFO net.serenitybdd.core.webdriver.driverproviders.ChromeDriverProvider - Using automatically driver download
12:56:01.426 [main] DEBUG io.github.bonigarcia.wdm.cache.ResolutionCache - Resolution chrome=108 in cache (valid until 13:44:30 19/12/2022 ICT)
12:56:01.431 [main] DEBUG io.github.bonigarcia.wdm.cache.ResolutionCache - Resolution chrome108=108.0.5359.71 in cache (valid until 12:44:30 20/12/2022 ICT)
12:56:01.434 [main] INFO io.github.bonigarcia.wdm.WebDriverManager - Using chromedriver 108.0.5359.71 (resolved driver for Chrome 108)
12:56:01.450 [main] DEBUG io.github.bonigarcia.wdm.WebDriverManager - Driver chromedriver 108.0.5359.71 found in cache
12:56:01.451 [main] INFO io.github.bonigarcia.wdm.WebDriverManager - Exporting webdriver.chrome.driver as C:\Users\ASUSTUF\.cache\selenium\chromedriver\win32\108.0.5359.71\chromedriver.exe
12:56:01.961 [main] DEBUG net.thucydides.core.reflection.ClassFinder - Could not load class .CucumberTestSuite
12:56:01.962 [main] DEBUG net.thucydides.core.reflection.ClassFinder - Could not load class .starter.pages.ManageVaccinationBookingsPage
12:56:01.962 [main] DEBUG net.thucydides.core.reflection.ClassFinder - Could not load class .starter.pages.VaccineNamesPage
12:56:01.962 [main] DEBUG net.thucydides.core.reflection.ClassFinder - Could not load class .starter.stepdefinitions.ManageVaccinationBookingsSteps
12:56:01.962 [main] DEBUG net.thucydides.core.reflection.ClassFinder - Could not load class .starter.stepdefinitions.VaccineNamesSteps
12:56:01.962 [main] DEBUG net.thucydides.core.reflection.ClassFinder - Could not load class META-INF.versions.9.com.sun.istack.logging.StackHelper
12:56:01.962 [main] DEBUG net.thucydides.core.reflection.ClassFinder - Could not load class META-INF.versions.9.com.sun.xml.bind.v2.runtime.reflect.opt.AccessorInjector
12:56:01.963 [main] DEBUG net.thucydides.core.reflection.ClassFinder - Could not load class META-INF.versions.9.com.sun.xml.bind.v2.runtime.reflect.opt.Injector
12:56:01.963 [main] DEBUG net.thucydides.core.reflection.ClassFinder - Could not load class META-INF.versions.9.com.sun.xml.bind.v2.runtime.reflect.opt.OptimizedAccessorFactory
12:56:01.964 [main] DEBUG net.thucydides.core.reflection.ClassFinder - Could not load class META-INF.versions.9.com.sun.xml.bind.v2.runtime.reflect.opt.OptimizedTransducedAccessorFactory
12:56:01.964 [main] DEBUG net.thucydides.core.reflection.ClassFinder - Could not load class META-INF.versions.9.io.opentelemetry.sdk.internal.CurrentJavaVersionSpecific
12:56:01.964 [main] DEBUG net.thucydides.core.reflection.ClassFinder - Could not load class META-INF.versions.9.io.opentelemetry.sdk.internal.Java9VersionSpecific
12:56:01.964 [main] DEBUG net.thucydides.core.reflection.ClassFinder - Could not load class META-INF.versions.9.javax.xml.bind.ModuleUtil
12:56:01.965 [main] DEBUG net.thucydides.core.reflection.ClassFinder - Could not load class META-INF.versions.9.module-info
12:56:01.965 [main] DEBUG net.thucydides.core.reflection.ClassFinder - Could not load class META-INF.versions.9.org.junit.platform.commons.util.ModuleUtils
12:56:02.257 [main] DEBUG net.thucydides.core.reflection.ClassFinder - Could not load class com.google.gson.internal.
12:56:02.420 [main] DEBUG net.thucydides.core.reflection.ClassFinder - Could not load class com.sun.xml.bind.v2.runtime.output.FastInfosetStreamWriterOutput
12:56:02.784 [main] DEBUG net.thucydides.core.reflection.ClassFinder - Could not load class module-info
12:56:05.103 [main] DEBUG io.netty.util.internal.logging.InternalLoggerFactory - Using SLF4J as the default logging framework
12:56:05.109 [main] DEBUG io.netty.util.ResourceLeakDetector - -Dio.netty.leakDetection.level: simple
12:56:05.109 [main] DEBUG io.netty.util.ResourceLeakDetector - -Dio.netty.leakDetection.targetRecords: 4
12:56:05.116 [main] DEBUG io.netty.util.ResourceLeakDetectorFactory - Loaded default ResourceLeakDetector: io.netty.util.ResourceLeakDetector@3ace955c
12:56:05.145 [main] DEBUG io.netty.util.internal.PlatformDependent0 - -Dio.netty.noUnsafe: false
12:56:05.145 [main] DEBUG io.netty.util.internal.PlatformDependent0 - Java version: 11
12:56:05.146 [main] DEBUG io.netty.util.internal.PlatformDependent0 - sun.misc.Unsafe.theUnsafe: available
12:56:05.147 [main] DEBUG io.netty.util.internal.PlatformDependent0 - sun.misc.Unsafe.copyMemory: available
12:56:05.147 [main] DEBUG io.netty.util.internal.PlatformDependent0 - java.nio.Buffer.address: available
12:56:05.148 [main] DEBUG io.netty.util.internal.PlatformDependent0 - direct buffer constructor: unavailable: Reflective setAccessible(true) disabled
12:56:05.149 [main] DEBUG io.netty.util.internal.PlatformDependent0 - java.nio.Bits.unaligned: available, true
12:56:05.150 [main] DEBUG io.netty.util.internal.PlatformDependent0 - jdk.internal.misc.Unsafe.allocateUninitializedArray(int): unavailable: class io.netty.util.internal.PlatformDependent0$6 cannot access class jdk.internal.misc.Unsafe (in module java.base) because module java.base does not export jdk.internal.misc to unnamed module @b93aad
12:56:05.152 [main] DEBUG io.netty.util.internal.PlatformDependent0 - java.nio.DirectByteBuffer.<init>(long, int): unavailable
12:56:05.152 [main] DEBUG io.netty.util.internal.PlatformDependent - sun.misc.Unsafe: available
12:56:05.154 [main] DEBUG io.netty.util.internal.PlatformDependent - maxDirectMemory: 2105540608 bytes (maybe)
12:56:05.154 [main] DEBUG io.netty.util.internal.PlatformDependent - -Dio.netty.tmpdir: C:\Users\ASUSTUF\AppData\Local\Temp (java.io.tmpdir)
12:56:05.154 [main] DEBUG io.netty.util.internal.PlatformDependent - -Dio.netty.bitMode: 64 (sun.arch.data.model)
12:56:05.154 [main] DEBUG io.netty.util.internal.PlatformDependent - Platform: Windows
12:56:05.155 [main] DEBUG io.netty.util.internal.PlatformDependent - -Dio.netty.maxDirectMemory: -1 bytes
12:56:05.155 [main] DEBUG io.netty.util.internal.PlatformDependent - -Dio.netty.uninitializedArrayAllocationThreshold: -1
12:56:05.157 [main] DEBUG io.netty.util.internal.CleanerJava9 - java.nio.ByteBuffer.cleaner(): available
12:56:05.157 [main] DEBUG io.netty.util.internal.PlatformDependent - -Dio.netty.noPreferDirect: false
12:56:05.166 [main] DEBUG io.netty.util.internal.PlatformDependent - org.jctools-core.MpscChunkedArrayQueue: available
12:56:05.195 [main] DEBUG io.netty.util.internal.InternalThreadLocalMap - -Dio.netty.threadLocalMap.stringBuilder.initialSize: 1024
12:56:05.195 [main] DEBUG io.netty.util.internal.InternalThreadLocalMap - -Dio.netty.threadLocalMap.stringBuilder.maxSize: 4096
12:56:05.263 [main] DEBUG io.netty.handler.ssl.JdkSslContext - Default protocols (JDK): [TLSv1.3, TLSv1.2] 
12:56:05.263 [main] DEBUG io.netty.handler.ssl.JdkSslContext - Default cipher suites (JDK): [TLS_ECDHE_ECDSA_WITH_AES_256_GCM_SHA384, TLS_ECDHE_ECDSA_WITH_AES_128_GCM_SHA256, TLS_ECDHE_RSA_WITH_AES_128_GCM_SHA256, TLS_ECDHE_RSA_WITH_AES_256_GCM_SHA384, TLS_ECDHE_RSA_WITH_AES_128_CBC_SHA, TLS_ECDHE_RSA_WITH_AES_256_CBC_SHA, TLS_RSA_WITH_AES_128_GCM_SHA256, TLS_RSA_WITH_AES_128_CBC_SHA, TLS_RSA_WITH_AES_256_CBC_SHA, TLS_AES_128_GCM_SHA256, TLS_AES_256_GCM_SHA384]
12:56:05.295 [main] DEBUG io.netty.channel.MultithreadEventLoopGroup - -Dio.netty.eventLoopThreads: 32
12:56:05.309 [main] DEBUG io.netty.channel.nio.NioEventLoop - -Dio.netty.noKeySetOptimization: false
12:56:05.309 [main] DEBUG io.netty.channel.nio.NioEventLoop - -Dio.netty.selectorAutoRebuildThreshold: 512
12:56:05.365 [main] DEBUG io.netty.buffer.PooledByteBufAllocator - -Dio.netty.allocator.numHeapArenas: 20
12:56:05.365 [main] DEBUG io.netty.buffer.PooledByteBufAllocator - -Dio.netty.allocator.numDirectArenas: 20
12:56:05.365 [main] DEBUG io.netty.buffer.PooledByteBufAllocator - -Dio.netty.allocator.pageSize: 8192
12:56:05.365 [main] DEBUG io.netty.buffer.PooledByteBufAllocator - -Dio.netty.allocator.maxOrder: 11
12:56:05.365 [main] DEBUG io.netty.buffer.PooledByteBufAllocator - -Dio.netty.allocator.chunkSize: 16777216
12:56:05.365 [main] DEBUG io.netty.buffer.PooledByteBufAllocator - -Dio.netty.allocator.smallCacheSize: 256
12:56:05.365 [main] DEBUG io.netty.buffer.PooledByteBufAllocator - -Dio.netty.allocator.normalCacheSize: 64
12:56:05.365 [main] DEBUG io.netty.buffer.PooledByteBufAllocator - -Dio.netty.allocator.maxCachedBufferCapacity: 32768
12:56:05.365 [main] DEBUG io.netty.buffer.PooledByteBufAllocator - -Dio.netty.allocator.cacheTrimInterval: 8192
12:56:05.365 [main] DEBUG io.netty.buffer.PooledByteBufAllocator - -Dio.netty.allocator.cacheTrimIntervalMillis: 0
12:56:05.365 [main] DEBUG io.netty.buffer.PooledByteBufAllocator - -Dio.netty.allocator.useCacheForAllThreads: true
12:56:05.366 [main] DEBUG io.netty.buffer.PooledByteBufAllocator - -Dio.netty.allocator.maxCachedByteBuffersPerChunk: 1023
12:56:05.379 [main] DEBUG io.netty.buffer.ByteBufUtil - -Dio.netty.allocator.type: pooled
12:56:05.379 [main] DEBUG io.netty.buffer.ByteBufUtil - -Dio.netty.threadLocalDirectBufferSize: 0
12:56:05.379 [main] DEBUG io.netty.buffer.ByteBufUtil - -Dio.netty.maxThreadLocalCharBufferSize: 16384
12:56:05.541 [main] DEBUG net.serenitybdd.core.webdriver.driverproviders.ProvideNewDriver - Instantiating driver
12:56:05.542 [main] DEBUG net.serenitybdd.core.webdriver.driverproviders.ProvideNewDriver - Driver capabilities: Capabilities {acceptInsecureCerts: false, base.url: https://vaksin-id.netlify.app/, browserName: chrome, chrome.driver: src/test/resources/webdrive..., driver: chrome, goog:chromeOptions: {args: [], extensions: []}}
12:56:06.102 [Forwarding newSession on session null to remote] DEBUG io.netty.channel.DefaultChannelId - -Dio.netty.processId: 23772 (auto-detected)
12:56:06.103 [Forwarding newSession on session null to remote] DEBUG io.netty.util.NetUtil - -Djava.net.preferIPv4Stack: false
12:56:06.104 [Forwarding newSession on session null to remote] DEBUG io.netty.util.NetUtil - -Djava.net.preferIPv6Addresses: false
12:56:06.224 [Forwarding newSession on session null to remote] DEBUG io.netty.util.NetUtilInitializations - Loopback interface: lo (Software Loopback Interface 1, 127.0.0.1)
12:56:06.225 [Forwarding newSession on session null to remote] DEBUG io.netty.util.NetUtil - Failed to get SOMAXCONN from sysctl and file \proc\sys\net\core\somaxconn. Default: 200
12:56:06.352 [Forwarding newSession on session null to remote] DEBUG io.netty.channel.DefaultChannelId - -Dio.netty.machineId: 78:2b:46:ff:fe:49:0d:9f (auto-detected)
12:56:06.398 [AsyncHttpClient-1-2] DEBUG io.netty.buffer.AbstractByteBuf - -Dio.netty.buffer.checkAccessible: true
12:56:06.399 [AsyncHttpClient-1-2] DEBUG io.netty.buffer.AbstractByteBuf - -Dio.netty.buffer.checkBounds: true
12:56:06.399 [AsyncHttpClient-1-2] DEBUG io.netty.util.ResourceLeakDetectorFactory - Loaded default ResourceLeakDetector: io.netty.util.ResourceLeakDetector@3da2b936
12:56:06.408 [AsyncHttpClient-1-2] DEBUG org.asynchttpclient.netty.channel.NettyConnectListener - Using new Channel '[id: 0x16777953, L:/127.0.0.1:55184 - R:localhost/127.0.0.1:49901]' for 'POST' to '/session'
12:56:06.423 [AsyncHttpClient-1-2] DEBUG io.netty.util.Recycler - -Dio.netty.recycler.maxCapacityPerThread: 4096
12:56:06.423 [AsyncHttpClient-1-2] DEBUG io.netty.util.Recycler - -Dio.netty.recycler.ratio: 8
12:56:06.423 [AsyncHttpClient-1-2] DEBUG io.netty.util.Recycler - -Dio.netty.recycler.chunkSize: 32
12:56:06.423 [AsyncHttpClient-1-2] DEBUG io.netty.util.Recycler - -Dio.netty.recycler.blocking: false
12:56:07.289 [AsyncHttpClient-1-2] DEBUG io.netty.handler.codec.compression.Brotli - brotli4j not in the classpath; Brotli support will be unavailable.
12:56:07.290 [AsyncHttpClient-1-2] DEBUG org.asynchttpclient.netty.handler.HttpHandler - 

Request DefaultHttpRequest(decodeResult: success, version: HTTP/1.1)
POST /session HTTP/1.1
User-Agent: selenium/4.1.2 (java windows)
Content-Length: 616
Content-Type: application/json; charset=utf-8
host: localhost:49901
accept: */*

Response DefaultHttpResponse(decodeResult: success, version: HTTP/1.1)
HTTP/1.1 200 OK
Content-Type: application/json; charset=utf-8
cache-control: no-cache
content-length: 794

12:56:07.318 [AsyncHttpClient-1-2] DEBUG org.asynchttpclient.netty.channel.ChannelManager - Adding key: http://localhost:49901 for channel [id: 0x16777953, L:/127.0.0.1:55184 - R:localhost/127.0.0.1:49901]
12:56:07.474 [AsyncHttpClient-1-1] DEBUG org.asynchttpclient.netty.channel.DefaultChannelPool - Entry count for : http://localhost:49901 : 1
12:56:07.499 [AsyncHttpClient-1-3] DEBUG org.asynchttpclient.netty.channel.NettyConnectListener - Using new Channel '[id: 0xee16b7da, L:/127.0.0.1:55193 - R:localhost/127.0.0.1:55186]' for 'GET' to '/json/version'
12:56:07.519 [AsyncHttpClient-1-3] DEBUG org.asynchttpclient.netty.handler.HttpHandler - 

Request DefaultFullHttpRequest(decodeResult: success, version: HTTP/1.1, content: EmptyByteBufBE)
GET /json/version HTTP/1.1
User-Agent: selenium/4.1.2 (java windows)
host: localhost:55186
accept: */*

Response DefaultHttpResponse(decodeResult: success, version: HTTP/1.1)
HTTP/1.1 200 OK
Content-Type: application/json; charset=UTF-8
content-length: 424

12:56:07.520 [AsyncHttpClient-1-3] DEBUG org.asynchttpclient.netty.channel.ChannelManager - Adding key: http://localhost:55186 for channel [id: 0xee16b7da, L:/127.0.0.1:55193 - R:localhost/127.0.0.1:55186]
12:56:07.538 [main] DEBUG io.netty.util.internal.ThreadLocalRandom - -Dio.netty.initialSeedUniquifier: 0xfac58cf88bf9f557
12:56:07.551 [AsyncHttpClient-1-4] DEBUG org.asynchttpclient.netty.channel.NettyConnectListener - Using new Channel '[id: 0x5cb18623, L:/127.0.0.1:55194 - R:localhost/127.0.0.1:55186]' for 'GET' to '/devtools/browser/b1ff148b-5b80-47d5-b1c9-af5cd3d1bc8b'
12:56:07.568 [AsyncHttpClient-1-4] DEBUG org.asynchttpclient.netty.handler.WebSocketHandler - 

Request DefaultFullHttpRequest(decodeResult: success, version: HTTP/1.1, content: EmptyByteBufBE)
GET /devtools/browser/b1ff148b-5b80-47d5-b1c9-af5cd3d1bc8b HTTP/1.1
upgrade: websocket
connection: upgrade
sec-websocket-key: 96KzmAvncM9epSYDDPhMYQ==
sec-websocket-version: 13
origin: http://localhost:55186
host: localhost:55186
accept: */*
user-agent: AHC/2.1

Response DefaultHttpResponse(decodeResult: success, version: HTTP/1.1)
HTTP/1.1 101 WebSocket Protocol Handshake
Upgrade: WebSocket
Connection: Upgrade
Sec-WebSocket-Accept: JusWyBWgsvPgJjrUwD5a0ImUqeA=

12:56:08.551 [main] DEBUG net.thucydides.core.reflection.ClassFinder - Could not load class .CucumberTestSuite
12:56:08.552 [main] DEBUG net.thucydides.core.reflection.ClassFinder - Could not load class .starter.pages.ManageVaccinationBookingsPage
12:56:08.552 [main] DEBUG net.thucydides.core.reflection.ClassFinder - Could not load class .starter.pages.VaccineNamesPage
12:56:08.552 [main] DEBUG net.thucydides.core.reflection.ClassFinder - Could not load class .starter.stepdefinitions.ManageVaccinationBookingsSteps
12:56:08.552 [main] DEBUG net.thucydides.core.reflection.ClassFinder - Could not load class .starter.stepdefinitions.VaccineNamesSteps
12:56:08.553 [main] DEBUG net.thucydides.core.reflection.ClassFinder - Could not load class META-INF.versions.9.com.sun.istack.logging.StackHelper
12:56:08.554 [main] DEBUG net.thucydides.core.reflection.ClassFinder - Could not load class META-INF.versions.9.com.sun.xml.bind.v2.runtime.reflect.opt.AccessorInjector
12:56:08.555 [main] DEBUG net.thucydides.core.reflection.ClassFinder - Could not load class META-INF.versions.9.com.sun.xml.bind.v2.runtime.reflect.opt.Injector
12:56:08.556 [main] DEBUG net.thucydides.core.reflection.ClassFinder - Could not load class META-INF.versions.9.com.sun.xml.bind.v2.runtime.reflect.opt.OptimizedAccessorFactory
12:56:08.556 [main] DEBUG net.thucydides.core.reflection.ClassFinder - Could not load class META-INF.versions.9.com.sun.xml.bind.v2.runtime.reflect.opt.OptimizedTransducedAccessorFactory
12:56:08.557 [main] DEBUG net.thucydides.core.reflection.ClassFinder - Could not load class META-INF.versions.9.io.opentelemetry.sdk.internal.CurrentJavaVersionSpecific
12:56:08.558 [main] DEBUG net.thucydides.core.reflection.ClassFinder - Could not load class META-INF.versions.9.io.opentelemetry.sdk.internal.Java9VersionSpecific
12:56:08.559 [main] DEBUG net.thucydides.core.reflection.ClassFinder - Could not load class META-INF.versions.9.javax.xml.bind.ModuleUtil
12:56:08.559 [main] DEBUG net.thucydides.core.reflection.ClassFinder - Could not load class META-INF.versions.9.module-info
12:56:08.561 [main] DEBUG net.thucydides.core.reflection.ClassFinder - Could not load class META-INF.versions.9.org.junit.platform.commons.util.ModuleUtils
12:56:08.563 [main] DEBUG net.thucydides.core.reflection.ClassFinder - Could not load class com.google.gson.internal.
12:56:08.567 [main] DEBUG net.thucydides.core.reflection.ClassFinder - Could not load class com.sun.xml.bind.v2.runtime.output.FastInfosetStreamWriterOutput
12:56:08.572 [AsyncHttpClient-1-1] DEBUG org.asynchttpclient.netty.channel.DefaultChannelPool - Entry count for : http://localhost:55186 : 1
12:56:08.573 [AsyncHttpClient-1-1] DEBUG org.asynchttpclient.netty.channel.DefaultChannelPool - Entry count for : http://localhost:49901 : 1
12:56:08.573 [main] DEBUG net.thucydides.core.reflection.ClassFinder - Could not load class module-info
12:56:08.633 [Forwarding get on session b67f823d6cde460bee28f9394d77790a to remote] DEBUG org.asynchttpclient.netty.request.NettyRequestSender - Using pooled Channel '[id: 0x16777953, L:/127.0.0.1:55184 - R:localhost/127.0.0.1:49901]' for 'POST' to 'http://localhost:49901/session/b67f823d6cde460bee28f9394d77790a/url'
12:56:08.633 [Forwarding get on session b67f823d6cde460bee28f9394d77790a to remote] DEBUG org.asynchttpclient.netty.request.NettyRequestSender - Using open Channel [id: 0x16777953, L:/127.0.0.1:55184 - R:localhost/127.0.0.1:49901] for POST '/session/b67f823d6cde460bee28f9394d77790a/url'
12:56:09.679 [AsyncHttpClient-1-1] DEBUG org.asynchttpclient.netty.channel.DefaultChannelPool - Entry count for : http://localhost:55186 : 1
12:56:10.208 [AsyncHttpClient-1-2] DEBUG org.asynchttpclient.netty.handler.HttpHandler - 

Request DefaultHttpRequest(decodeResult: success, version: HTTP/1.1)
POST /session/b67f823d6cde460bee28f9394d77790a/url HTTP/1.1
User-Agent: selenium/4.1.2 (java windows)
Content-Length: 60
Content-Type: application/json; charset=utf-8
host: localhost:49901
accept: */*

Response DefaultHttpResponse(decodeResult: success, version: HTTP/1.1)
HTTP/1.1 200 OK
Content-Type: application/json; charset=utf-8
cache-control: no-cache
content-length: 14

12:56:10.209 [AsyncHttpClient-1-2] DEBUG org.asynchttpclient.netty.channel.ChannelManager - Adding key: http://localhost:49901 for channel [id: 0x16777953, L:/127.0.0.1:55184 - R:localhost/127.0.0.1:49901]
12:56:10.221 [Forwarding setTimeout on session b67f823d6cde460bee28f9394d77790a to remote] DEBUG org.asynchttpclient.netty.request.NettyRequestSender - Using pooled Channel '[id: 0x16777953, L:/127.0.0.1:55184 - R:localhost/127.0.0.1:49901]' for 'POST' to 'http://localhost:49901/session/b67f823d6cde460bee28f9394d77790a/timeouts'
12:56:10.221 [Forwarding setTimeout on session b67f823d6cde460bee28f9394d77790a to remote] DEBUG org.asynchttpclient.netty.request.NettyRequestSender - Using open Channel [id: 0x16777953, L:/127.0.0.1:55184 - R:localhost/127.0.0.1:49901] for POST '/session/b67f823d6cde460bee28f9394d77790a/timeouts'
12:56:10.224 [AsyncHttpClient-1-2] DEBUG org.asynchttpclient.netty.handler.HttpHandler - 

Request DefaultHttpRequest(decodeResult: success, version: HTTP/1.1)
POST /session/b67f823d6cde460bee28f9394d77790a/timeouts HTTP/1.1
User-Agent: selenium/4.1.2 (java windows)
Content-Length: 22
Content-Type: application/json; charset=utf-8
host: localhost:49901
accept: */*

Response DefaultHttpResponse(decodeResult: success, version: HTTP/1.1)
HTTP/1.1 200 OK
Content-Type: application/json; charset=utf-8
cache-control: no-cache
content-length: 14

12:56:10.225 [AsyncHttpClient-1-2] DEBUG org.asynchttpclient.netty.channel.ChannelManager - Adding key: http://localhost:49901 for channel [id: 0x16777953, L:/127.0.0.1:55184 - R:localhost/127.0.0.1:49901]
12:56:10.235 [Forwarding getCurrentUrl on session b67f823d6cde460bee28f9394d77790a to remote] DEBUG org.asynchttpclient.netty.request.NettyRequestSender - Using pooled Channel '[id: 0x16777953, L:/127.0.0.1:55184 - R:localhost/127.0.0.1:49901]' for 'GET' to 'http://localhost:49901/session/b67f823d6cde460bee28f9394d77790a/url'
12:56:10.236 [Forwarding getCurrentUrl on session b67f823d6cde460bee28f9394d77790a to remote] DEBUG org.asynchttpclient.netty.request.NettyRequestSender - Using open Channel [id: 0x16777953, L:/127.0.0.1:55184 - R:localhost/127.0.0.1:49901] for GET '/session/b67f823d6cde460bee28f9394d77790a/url'
12:56:10.243 [AsyncHttpClient-1-2] DEBUG org.asynchttpclient.netty.handler.HttpHandler - 

Request DefaultFullHttpRequest(decodeResult: success, version: HTTP/1.1, content: EmptyByteBufBE)
GET /session/b67f823d6cde460bee28f9394d77790a/url HTTP/1.1
User-Agent: selenium/4.1.2 (java windows)
Cache-Control: no-cache
Content-Type: application/json; charset=utf-8
host: localhost:49901
accept: */*

Response DefaultHttpResponse(decodeResult: success, version: HTTP/1.1)
HTTP/1.1 200 OK
Content-Type: application/json; charset=utf-8
cache-control: no-cache
content-length: 42

12:56:10.243 [AsyncHttpClient-1-2] DEBUG org.asynchttpclient.netty.channel.ChannelManager - Adding key: http://localhost:49901 for channel [id: 0x16777953, L:/127.0.0.1:55184 - R:localhost/127.0.0.1:49901]
  &amp#27;[32mGiven &amp#27;[0m&amp#27;[32mI am on landing page&amp#27;[0m            &amp#27;[90m# starter.stepdefinitions.ManageVaccinationBookingsSteps.iAmOnLandingPage()&amp#27;[0m
12:56:10.267 [main] DEBUG net.serenitybdd.core.photography.Darkroom - Opening darkroom
12:56:10.268 [Darkroom Processing Line] DEBUG net.serenitybdd.core.photography.DarkroomProcessingLine - Darkroom processing line starting up
12:56:10.269 [Forwarding screenshot on session b67f823d6cde460bee28f9394d77790a to remote] DEBUG org.asynchttpclient.netty.request.NettyRequestSender - Using pooled Channel '[id: 0x16777953, L:/127.0.0.1:55184 - R:localhost/127.0.0.1:49901]' for 'GET' to 'http://localhost:49901/session/b67f823d6cde460bee28f9394d77790a/screenshot'
12:56:10.269 [Forwarding screenshot on session b67f823d6cde460bee28f9394d77790a to remote] DEBUG org.asynchttpclient.netty.request.NettyRequestSender - Using open Channel [id: 0x16777953, L:/127.0.0.1:55184 - R:localhost/127.0.0.1:49901] for GET '/session/b67f823d6cde460bee28f9394d77790a/screenshot'
12:56:10.773 [AsyncHttpClient-1-1] DEBUG org.asynchttpclient.netty.channel.DefaultChannelPool - Entry count for : http://localhost:55186 : 1
12:56:10.810 [AsyncHttpClient-1-2] DEBUG org.asynchttpclient.netty.handler.HttpHandler - 

Request DefaultFullHttpRequest(decodeResult: success, version: HTTP/1.1, content: EmptyByteBufBE)
GET /session/b67f823d6cde460bee28f9394d77790a/screenshot HTTP/1.1
User-Agent: selenium/4.1.2 (java windows)
Cache-Control: no-cache
Content-Type: application/json; charset=utf-8
host: localhost:49901
accept: */*

Response DefaultHttpResponse(decodeResult: success, version: HTTP/1.1)
HTTP/1.1 200 OK
Content-Type: application/json; charset=utf-8
cache-control: no-cache
content-length: 511856

12:56:10.814 [AsyncHttpClient-1-2] DEBUG org.asynchttpclient.netty.channel.ChannelManager - Adding key: http://localhost:49901 for channel [id: 0x16777953, L:/127.0.0.1:55184 - R:localhost/127.0.0.1:49901]
12:56:10.882 [main] DEBUG net.serenitybdd.core.photography.Darkroom - Send negative for processing for target\site\serenity\e54498de4b76c9ff6f36514ccf1e9e321afe9efb381820b80123a450feebb216.png
12:56:10.883 [Darkroom Processing Line] DEBUG net.serenitybdd.core.photography.DarkroomProcessingLine - Processing screenshot image in /var/screenshots/screenshot-10203746738440157054
12:56:10.883 [Darkroom Processing Line] DEBUG net.serenitybdd.core.photography.DarkroomProcessingLine - Saving screenshot to target\site\serenity\e54498de4b76c9ff6f36514ccf1e9e321afe9efb381820b80123a450feebb216.png
12:56:10.900 [Forwarding findElement on session b67f823d6cde460bee28f9394d77790a to remote] DEBUG org.asynchttpclient.netty.request.NettyRequestSender - Using pooled Channel '[id: 0x16777953, L:/127.0.0.1:55184 - R:localhost/127.0.0.1:49901]' for 'POST' to 'http://localhost:49901/session/b67f823d6cde460bee28f9394d77790a/element'
12:56:10.900 [Forwarding findElement on session b67f823d6cde460bee28f9394d77790a to remote] DEBUG org.asynchttpclient.netty.request.NettyRequestSender - Using open Channel [id: 0x16777953, L:/127.0.0.1:55184 - R:localhost/127.0.0.1:49901] for POST '/session/b67f823d6cde460bee28f9394d77790a/element'
12:56:10.913 [AsyncHttpClient-1-2] DEBUG org.asynchttpclient.netty.handler.HttpHandler - 

Request DefaultHttpRequest(decodeResult: success, version: HTTP/1.1)
POST /session/b67f823d6cde460bee28f9394d77790a/element HTTP/1.1
User-Agent: selenium/4.1.2 (java windows)
Content-Length: 315
Content-Type: application/json; charset=utf-8
host: localhost:49901
accept: */*

Response DefaultHttpResponse(decodeResult: success, version: HTTP/1.1)
HTTP/1.1 200 OK
Content-Type: application/json; charset=utf-8
cache-control: no-cache
content-length: 88

12:56:10.913 [AsyncHttpClient-1-2] DEBUG org.asynchttpclient.netty.channel.ChannelManager - Adding key: http://localhost:49901 for channel [id: 0x16777953, L:/127.0.0.1:55184 - R:localhost/127.0.0.1:49901]
12:56:10.915 [Forwarding getElementTagName on session b67f823d6cde460bee28f9394d77790a to remote] DEBUG org.asynchttpclient.netty.request.NettyRequestSender - Using pooled Channel '[id: 0x16777953, L:/127.0.0.1:55184 - R:localhost/127.0.0.1:49901]' for 'GET' to 'http://localhost:49901/session/b67f823d6cde460bee28f9394d77790a/element/520ef0c7-9415-474b-8b2e-699ceb0415f8/name'
12:56:10.915 [Forwarding getElementTagName on session b67f823d6cde460bee28f9394d77790a to remote] DEBUG org.asynchttpclient.netty.request.NettyRequestSender - Using open Channel [id: 0x16777953, L:/127.0.0.1:55184 - R:localhost/127.0.0.1:49901] for GET '/session/b67f823d6cde460bee28f9394d77790a/element/520ef0c7-9415-474b-8b2e-699ceb0415f8/name'
12:56:10.917 [AsyncHttpClient-1-2] DEBUG org.asynchttpclient.netty.handler.HttpHandler - 

Request DefaultFullHttpRequest(decodeResult: success, version: HTTP/1.1, content: EmptyByteBufBE)
GET /session/b67f823d6cde460bee28f9394d77790a/element/520ef0c7-9415-474b-8b2e-699ceb0415f8/name HTTP/1.1
User-Agent: selenium/4.1.2 (java windows)
Cache-Control: no-cache
Content-Type: application/json; charset=utf-8
host: localhost:49901
accept: */*

Response DefaultHttpResponse(decodeResult: success, version: HTTP/1.1)
HTTP/1.1 200 OK
Content-Type: application/json; charset=utf-8
cache-control: no-cache
content-length: 18

12:56:10.918 [AsyncHttpClient-1-2] DEBUG org.asynchttpclient.netty.channel.ChannelManager - Adding key: http://localhost:49901 for channel [id: 0x16777953, L:/127.0.0.1:55184 - R:localhost/127.0.0.1:49901]
12:56:10.922 [Forwarding getElementTagName on session b67f823d6cde460bee28f9394d77790a to remote] DEBUG org.asynchttpclient.netty.request.NettyRequestSender - Using pooled Channel '[id: 0x16777953, L:/127.0.0.1:55184 - R:localhost/127.0.0.1:49901]' for 'GET' to 'http://localhost:49901/session/b67f823d6cde460bee28f9394d77790a/element/520ef0c7-9415-474b-8b2e-699ceb0415f8/name'
12:56:10.923 [Forwarding getElementTagName on session b67f823d6cde460bee28f9394d77790a to remote] DEBUG org.asynchttpclient.netty.request.NettyRequestSender - Using open Channel [id: 0x16777953, L:/127.0.0.1:55184 - R:localhost/127.0.0.1:49901] for GET '/session/b67f823d6cde460bee28f9394d77790a/element/520ef0c7-9415-474b-8b2e-699ceb0415f8/name'
12:56:10.927 [AsyncHttpClient-1-2] DEBUG org.asynchttpclient.netty.handler.HttpHandler - 

Request DefaultFullHttpRequest(decodeResult: success, version: HTTP/1.1, content: EmptyByteBufBE)
GET /session/b67f823d6cde460bee28f9394d77790a/element/520ef0c7-9415-474b-8b2e-699ceb0415f8/name HTTP/1.1
User-Agent: selenium/4.1.2 (java windows)
Cache-Control: no-cache
Content-Type: application/json; charset=utf-8
host: localhost:49901
accept: */*

Response DefaultHttpResponse(decodeResult: success, version: HTTP/1.1)
HTTP/1.1 200 OK
Content-Type: application/json; charset=utf-8
cache-control: no-cache
content-length: 18

12:56:10.927 [AsyncHttpClient-1-2] DEBUG org.asynchttpclient.netty.channel.ChannelManager - Adding key: http://localhost:49901 for channel [id: 0x16777953, L:/127.0.0.1:55184 - R:localhost/127.0.0.1:49901]
12:56:10.934 [Forwarding isElementEnabled on session b67f823d6cde460bee28f9394d77790a to remote] DEBUG org.asynchttpclient.netty.request.NettyRequestSender - Using pooled Channel '[id: 0x16777953, L:/127.0.0.1:55184 - R:localhost/127.0.0.1:49901]' for 'GET' to 'http://localhost:49901/session/b67f823d6cde460bee28f9394d77790a/element/520ef0c7-9415-474b-8b2e-699ceb0415f8/enabled'
12:56:10.935 [Forwarding isElementEnabled on session b67f823d6cde460bee28f9394d77790a to remote] DEBUG org.asynchttpclient.netty.request.NettyRequestSender - Using open Channel [id: 0x16777953, L:/127.0.0.1:55184 - R:localhost/127.0.0.1:49901] for GET '/session/b67f823d6cde460bee28f9394d77790a/element/520ef0c7-9415-474b-8b2e-699ceb0415f8/enabled'
12:56:10.951 [AsyncHttpClient-1-2] DEBUG org.asynchttpclient.netty.handler.HttpHandler - 

Request DefaultFullHttpRequest(decodeResult: success, version: HTTP/1.1, content: EmptyByteBufBE)
GET /session/b67f823d6cde460bee28f9394d77790a/element/520ef0c7-9415-474b-8b2e-699ceb0415f8/enabled HTTP/1.1
User-Agent: selenium/4.1.2 (java windows)
Cache-Control: no-cache
Content-Type: application/json; charset=utf-8
host: localhost:49901
accept: */*

Response DefaultHttpResponse(decodeResult: success, version: HTTP/1.1)
HTTP/1.1 200 OK
Content-Type: application/json; charset=utf-8
cache-control: no-cache
content-length: 14

12:56:10.952 [AsyncHttpClient-1-2] DEBUG org.asynchttpclient.netty.channel.ChannelManager - Adding key: http://localhost:49901 for channel [id: 0x16777953, L:/127.0.0.1:55184 - R:localhost/127.0.0.1:49901]
12:56:10.955 [Forwarding isElementEnabled on session b67f823d6cde460bee28f9394d77790a to remote] DEBUG org.asynchttpclient.netty.request.NettyRequestSender - Using pooled Channel '[id: 0x16777953, L:/127.0.0.1:55184 - R:localhost/127.0.0.1:49901]' for 'GET' to 'http://localhost:49901/session/b67f823d6cde460bee28f9394d77790a/element/520ef0c7-9415-474b-8b2e-699ceb0415f8/enabled'
12:56:10.955 [Forwarding isElementEnabled on session b67f823d6cde460bee28f9394d77790a to remote] DEBUG org.asynchttpclient.netty.request.NettyRequestSender - Using open Channel [id: 0x16777953, L:/127.0.0.1:55184 - R:localhost/127.0.0.1:49901] for GET '/session/b67f823d6cde460bee28f9394d77790a/element/520ef0c7-9415-474b-8b2e-699ceb0415f8/enabled'
12:56:10.959 [AsyncHttpClient-1-2] DEBUG org.asynchttpclient.netty.handler.HttpHandler - 

Request DefaultFullHttpRequest(decodeResult: success, version: HTTP/1.1, content: EmptyByteBufBE)
GET /session/b67f823d6cde460bee28f9394d77790a/element/520ef0c7-9415-474b-8b2e-699ceb0415f8/enabled HTTP/1.1
User-Agent: selenium/4.1.2 (java windows)
Cache-Control: no-cache
Content-Type: application/json; charset=utf-8
host: localhost:49901
accept: */*

Response DefaultHttpResponse(decodeResult: success, version: HTTP/1.1)
HTTP/1.1 200 OK
Content-Type: application/json; charset=utf-8
cache-control: no-cache
content-length: 14

12:56:10.960 [AsyncHttpClient-1-2] DEBUG org.asynchttpclient.netty.channel.ChannelManager - Adding key: http://localhost:49901 for channel [id: 0x16777953, L:/127.0.0.1:55184 - R:localhost/127.0.0.1:49901]
12:56:10.965 [Forwarding findElement on session b67f823d6cde460bee28f9394d77790a to remote] DEBUG org.asynchttpclient.netty.request.NettyRequestSender - Using pooled Channel '[id: 0x16777953, L:/127.0.0.1:55184 - R:localhost/127.0.0.1:49901]' for 'POST' to 'http://localhost:49901/session/b67f823d6cde460bee28f9394d77790a/element'
12:56:10.965 [Forwarding findElement on session b67f823d6cde460bee28f9394d77790a to remote] DEBUG org.asynchttpclient.netty.request.NettyRequestSender - Using open Channel [id: 0x16777953, L:/127.0.0.1:55184 - R:localhost/127.0.0.1:49901] for POST '/session/b67f823d6cde460bee28f9394d77790a/element'
12:56:10.973 [AsyncHttpClient-1-2] DEBUG org.asynchttpclient.netty.handler.HttpHandler - 

Request DefaultHttpRequest(decodeResult: success, version: HTTP/1.1)
POST /session/b67f823d6cde460bee28f9394d77790a/element HTTP/1.1
User-Agent: selenium/4.1.2 (java windows)
Content-Length: 315
Content-Type: application/json; charset=utf-8
host: localhost:49901
accept: */*

Response DefaultHttpResponse(decodeResult: success, version: HTTP/1.1)
HTTP/1.1 200 OK
Content-Type: application/json; charset=utf-8
cache-control: no-cache
content-length: 88

12:56:10.974 [AsyncHttpClient-1-2] DEBUG org.asynchttpclient.netty.channel.ChannelManager - Adding key: http://localhost:49901 for channel [id: 0x16777953, L:/127.0.0.1:55184 - R:localhost/127.0.0.1:49901]
12:56:10.978 [Forwarding clickElement on session b67f823d6cde460bee28f9394d77790a to remote] DEBUG org.asynchttpclient.netty.request.NettyRequestSender - Using pooled Channel '[id: 0x16777953, L:/127.0.0.1:55184 - R:localhost/127.0.0.1:49901]' for 'POST' to 'http://localhost:49901/session/b67f823d6cde460bee28f9394d77790a/element/520ef0c7-9415-474b-8b2e-699ceb0415f8/click'
12:56:10.978 [Forwarding clickElement on session b67f823d6cde460bee28f9394d77790a to remote] DEBUG org.asynchttpclient.netty.request.NettyRequestSender - Using open Channel [id: 0x16777953, L:/127.0.0.1:55184 - R:localhost/127.0.0.1:49901] for POST '/session/b67f823d6cde460bee28f9394d77790a/element/520ef0c7-9415-474b-8b2e-699ceb0415f8/click'
12:56:11.048 [AsyncHttpClient-1-2] DEBUG org.asynchttpclient.netty.handler.HttpHandler - 

Request DefaultHttpRequest(decodeResult: success, version: HTTP/1.1)
POST /session/b67f823d6cde460bee28f9394d77790a/element/520ef0c7-9415-474b-8b2e-699ceb0415f8/click HTTP/1.1
User-Agent: selenium/4.1.2 (java windows)
Content-Length: 50
Content-Type: application/json; charset=utf-8
host: localhost:49901
accept: */*

Response DefaultHttpResponse(decodeResult: success, version: HTTP/1.1)
HTTP/1.1 200 OK
Content-Type: application/json; charset=utf-8
cache-control: no-cache
content-length: 14

12:56:11.049 [AsyncHttpClient-1-2] DEBUG org.asynchttpclient.netty.channel.ChannelManager - Adding key: http://localhost:49901 for channel [id: 0x16777953, L:/127.0.0.1:55184 - R:localhost/127.0.0.1:49901]
12:56:11.056 [Forwarding findElement on session b67f823d6cde460bee28f9394d77790a to remote] DEBUG org.asynchttpclient.netty.request.NettyRequestSender - Using pooled Channel '[id: 0x16777953, L:/127.0.0.1:55184 - R:localhost/127.0.0.1:49901]' for 'POST' to 'http://localhost:49901/session/b67f823d6cde460bee28f9394d77790a/element'
12:56:11.056 [Forwarding findElement on session b67f823d6cde460bee28f9394d77790a to remote] DEBUG org.asynchttpclient.netty.request.NettyRequestSender - Using open Channel [id: 0x16777953, L:/127.0.0.1:55184 - R:localhost/127.0.0.1:49901] for POST '/session/b67f823d6cde460bee28f9394d77790a/element'
12:56:11.067 [AsyncHttpClient-1-2] DEBUG org.asynchttpclient.netty.handler.HttpHandler - 

Request DefaultHttpRequest(decodeResult: success, version: HTTP/1.1)
POST /session/b67f823d6cde460bee28f9394d77790a/element HTTP/1.1
User-Agent: selenium/4.1.2 (java windows)
Content-Length: 69
Content-Type: application/json; charset=utf-8
host: localhost:49901
accept: */*

Response DefaultHttpResponse(decodeResult: success, version: HTTP/1.1)
HTTP/1.1 200 OK
Content-Type: application/json; charset=utf-8
cache-control: no-cache
content-length: 88

12:56:11.067 [AsyncHttpClient-1-2] DEBUG org.asynchttpclient.netty.channel.ChannelManager - Adding key: http://localhost:49901 for channel [id: 0x16777953, L:/127.0.0.1:55184 - R:localhost/127.0.0.1:49901]
12:56:11.069 [Forwarding clearElement on session b67f823d6cde460bee28f9394d77790a to remote] DEBUG org.asynchttpclient.netty.request.NettyRequestSender - Using pooled Channel '[id: 0x16777953, L:/127.0.0.1:55184 - R:localhost/127.0.0.1:49901]' for 'POST' to 'http://localhost:49901/session/b67f823d6cde460bee28f9394d77790a/element/b03d11ea-f9cd-435d-b360-fa74c12455a6/clear'
12:56:11.069 [Forwarding clearElement on session b67f823d6cde460bee28f9394d77790a to remote] DEBUG org.asynchttpclient.netty.request.NettyRequestSender - Using open Channel [id: 0x16777953, L:/127.0.0.1:55184 - R:localhost/127.0.0.1:49901] for POST '/session/b67f823d6cde460bee28f9394d77790a/element/b03d11ea-f9cd-435d-b360-fa74c12455a6/clear'
12:56:11.098 [AsyncHttpClient-1-2] DEBUG org.asynchttpclient.netty.handler.HttpHandler - 

Request DefaultHttpRequest(decodeResult: success, version: HTTP/1.1)
POST /session/b67f823d6cde460bee28f9394d77790a/element/b03d11ea-f9cd-435d-b360-fa74c12455a6/clear HTTP/1.1
User-Agent: selenium/4.1.2 (java windows)
Content-Length: 50
Content-Type: application/json; charset=utf-8
host: localhost:49901
accept: */*

Response DefaultHttpResponse(decodeResult: success, version: HTTP/1.1)
HTTP/1.1 200 OK
Content-Type: application/json; charset=utf-8
cache-control: no-cache
content-length: 14

12:56:11.099 [AsyncHttpClient-1-2] DEBUG org.asynchttpclient.netty.channel.ChannelManager - Adding key: http://localhost:49901 for channel [id: 0x16777953, L:/127.0.0.1:55184 - R:localhost/127.0.0.1:49901]
12:56:11.106 [Forwarding sendKeysToElement on session b67f823d6cde460bee28f9394d77790a to remote] DEBUG org.asynchttpclient.netty.request.NettyRequestSender - Using pooled Channel '[id: 0x16777953, L:/127.0.0.1:55184 - R:localhost/127.0.0.1:49901]' for 'POST' to 'http://localhost:49901/session/b67f823d6cde460bee28f9394d77790a/element/b03d11ea-f9cd-435d-b360-fa74c12455a6/value'
12:56:11.107 [Forwarding sendKeysToElement on session b67f823d6cde460bee28f9394d77790a to remote] DEBUG org.asynchttpclient.netty.request.NettyRequestSender - Using open Channel [id: 0x16777953, L:/127.0.0.1:55184 - R:localhost/127.0.0.1:49901] for POST '/session/b67f823d6cde460bee28f9394d77790a/element/b03d11ea-f9cd-435d-b360-fa74c12455a6/value'
12:56:11.275 [AsyncHttpClient-1-2] DEBUG org.asynchttpclient.netty.handler.HttpHandler - 

Request DefaultHttpRequest(decodeResult: success, version: HTTP/1.1)
POST /session/b67f823d6cde460bee28f9394d77790a/element/b03d11ea-f9cd-435d-b360-fa74c12455a6/value HTTP/1.1
User-Agent: selenium/4.1.2 (java windows)
Content-Length: 411
Content-Type: application/json; charset=utf-8
host: localhost:49901
accept: */*

Response DefaultHttpResponse(decodeResult: success, version: HTTP/1.1)
HTTP/1.1 200 OK
Content-Type: application/json; charset=utf-8
cache-control: no-cache
content-length: 14

12:56:11.276 [AsyncHttpClient-1-2] DEBUG org.asynchttpclient.netty.channel.ChannelManager - Adding key: http://localhost:49901 for channel [id: 0x16777953, L:/127.0.0.1:55184 - R:localhost/127.0.0.1:49901]
12:56:11.282 [Forwarding findElement on session b67f823d6cde460bee28f9394d77790a to remote] DEBUG org.asynchttpclient.netty.request.NettyRequestSender - Using pooled Channel '[id: 0x16777953, L:/127.0.0.1:55184 - R:localhost/127.0.0.1:49901]' for 'POST' to 'http://localhost:49901/session/b67f823d6cde460bee28f9394d77790a/element'
12:56:11.282 [Forwarding findElement on session b67f823d6cde460bee28f9394d77790a to remote] DEBUG org.asynchttpclient.netty.request.NettyRequestSender - Using open Channel [id: 0x16777953, L:/127.0.0.1:55184 - R:localhost/127.0.0.1:49901] for POST '/session/b67f823d6cde460bee28f9394d77790a/element'
12:56:11.296 [AsyncHttpClient-1-2] DEBUG org.asynchttpclient.netty.handler.HttpHandler - 

Request DefaultHttpRequest(decodeResult: success, version: HTTP/1.1)
POST /session/b67f823d6cde460bee28f9394d77790a/element HTTP/1.1
User-Agent: selenium/4.1.2 (java windows)
Content-Length: 72
Content-Type: application/json; charset=utf-8
host: localhost:49901
accept: */*

Response DefaultHttpResponse(decodeResult: success, version: HTTP/1.1)
HTTP/1.1 200 OK
Content-Type: application/json; charset=utf-8
cache-control: no-cache
content-length: 88

12:56:11.296 [AsyncHttpClient-1-2] DEBUG org.asynchttpclient.netty.channel.ChannelManager - Adding key: http://localhost:49901 for channel [id: 0x16777953, L:/127.0.0.1:55184 - R:localhost/127.0.0.1:49901]
12:56:11.298 [Forwarding clearElement on session b67f823d6cde460bee28f9394d77790a to remote] DEBUG org.asynchttpclient.netty.request.NettyRequestSender - Using pooled Channel '[id: 0x16777953, L:/127.0.0.1:55184 - R:localhost/127.0.0.1:49901]' for 'POST' to 'http://localhost:49901/session/b67f823d6cde460bee28f9394d77790a/element/570a7e6f-199e-45eb-a371-3ccece470ed2/clear'
12:56:11.298 [Forwarding clearElement on session b67f823d6cde460bee28f9394d77790a to remote] DEBUG org.asynchttpclient.netty.request.NettyRequestSender - Using open Channel [id: 0x16777953, L:/127.0.0.1:55184 - R:localhost/127.0.0.1:49901] for POST '/session/b67f823d6cde460bee28f9394d77790a/element/570a7e6f-199e-45eb-a371-3ccece470ed2/clear'
12:56:11.325 [AsyncHttpClient-1-2] DEBUG org.asynchttpclient.netty.handler.HttpHandler - 

Request DefaultHttpRequest(decodeResult: success, version: HTTP/1.1)
POST /session/b67f823d6cde460bee28f9394d77790a/element/570a7e6f-199e-45eb-a371-3ccece470ed2/clear HTTP/1.1
User-Agent: selenium/4.1.2 (java windows)
Content-Length: 50
Content-Type: application/json; charset=utf-8
host: localhost:49901
accept: */*

Response DefaultHttpResponse(decodeResult: success, version: HTTP/1.1)
HTTP/1.1 200 OK
Content-Type: application/json; charset=utf-8
cache-control: no-cache
content-length: 14

12:56:11.326 [AsyncHttpClient-1-2] DEBUG org.asynchttpclient.netty.channel.ChannelManager - Adding key: http://localhost:49901 for channel [id: 0x16777953, L:/127.0.0.1:55184 - R:localhost/127.0.0.1:49901]
12:56:11.327 [Forwarding sendKeysToElement on session b67f823d6cde460bee28f9394d77790a to remote] DEBUG org.asynchttpclient.netty.request.NettyRequestSender - Using pooled Channel '[id: 0x16777953, L:/127.0.0.1:55184 - R:localhost/127.0.0.1:49901]' for 'POST' to 'http://localhost:49901/session/b67f823d6cde460bee28f9394d77790a/element/570a7e6f-199e-45eb-a371-3ccece470ed2/value'
12:56:11.327 [Forwarding sendKeysToElement on session b67f823d6cde460bee28f9394d77790a to remote] DEBUG org.asynchttpclient.netty.request.NettyRequestSender - Using open Channel [id: 0x16777953, L:/127.0.0.1:55184 - R:localhost/127.0.0.1:49901] for POST '/session/b67f823d6cde460bee28f9394d77790a/element/570a7e6f-199e-45eb-a371-3ccece470ed2/value'
12:56:11.431 [AsyncHttpClient-1-2] DEBUG org.asynchttpclient.netty.handler.HttpHandler - 

Request DefaultHttpRequest(decodeResult: success, version: HTTP/1.1)
POST /session/b67f823d6cde460bee28f9394d77790a/element/570a7e6f-199e-45eb-a371-3ccece470ed2/value HTTP/1.1
User-Agent: selenium/4.1.2 (java windows)
Content-Length: 241
Content-Type: application/json; charset=utf-8
host: localhost:49901
accept: */*

Response DefaultHttpResponse(decodeResult: success, version: HTTP/1.1)
HTTP/1.1 200 OK
Content-Type: application/json; charset=utf-8
cache-control: no-cache
content-length: 14

12:56:11.431 [AsyncHttpClient-1-2] DEBUG org.asynchttpclient.netty.channel.ChannelManager - Adding key: http://localhost:49901 for channel [id: 0x16777953, L:/127.0.0.1:55184 - R:localhost/127.0.0.1:49901]
12:56:11.437 [Forwarding findElement on session b67f823d6cde460bee28f9394d77790a to remote] DEBUG org.asynchttpclient.netty.request.NettyRequestSender - Using pooled Channel '[id: 0x16777953, L:/127.0.0.1:55184 - R:localhost/127.0.0.1:49901]' for 'POST' to 'http://localhost:49901/session/b67f823d6cde460bee28f9394d77790a/element'
12:56:11.437 [Forwarding findElement on session b67f823d6cde460bee28f9394d77790a to remote] DEBUG org.asynchttpclient.netty.request.NettyRequestSender - Using open Channel [id: 0x16777953, L:/127.0.0.1:55184 - R:localhost/127.0.0.1:49901] for POST '/session/b67f823d6cde460bee28f9394d77790a/element'
12:56:11.450 [AsyncHttpClient-1-2] DEBUG org.asynchttpclient.netty.handler.HttpHandler - 

Request DefaultHttpRequest(decodeResult: success, version: HTTP/1.1)
POST /session/b67f823d6cde460bee28f9394d77790a/element HTTP/1.1
User-Agent: selenium/4.1.2 (java windows)
Content-Length: 321
Content-Type: application/json; charset=utf-8
host: localhost:49901
accept: */*

Response DefaultHttpResponse(decodeResult: success, version: HTTP/1.1)
HTTP/1.1 200 OK
Content-Type: application/json; charset=utf-8
cache-control: no-cache
content-length: 88

12:56:11.450 [AsyncHttpClient-1-2] DEBUG org.asynchttpclient.netty.channel.ChannelManager - Adding key: http://localhost:49901 for channel [id: 0x16777953, L:/127.0.0.1:55184 - R:localhost/127.0.0.1:49901]
12:56:11.452 [Forwarding getElementTagName on session b67f823d6cde460bee28f9394d77790a to remote] DEBUG org.asynchttpclient.netty.request.NettyRequestSender - Using pooled Channel '[id: 0x16777953, L:/127.0.0.1:55184 - R:localhost/127.0.0.1:49901]' for 'GET' to 'http://localhost:49901/session/b67f823d6cde460bee28f9394d77790a/element/98f4ff9e-e1f3-4873-80ac-5b3678315a68/name'
12:56:11.452 [Forwarding getElementTagName on session b67f823d6cde460bee28f9394d77790a to remote] DEBUG org.asynchttpclient.netty.request.NettyRequestSender - Using open Channel [id: 0x16777953, L:/127.0.0.1:55184 - R:localhost/127.0.0.1:49901] for GET '/session/b67f823d6cde460bee28f9394d77790a/element/98f4ff9e-e1f3-4873-80ac-5b3678315a68/name'
12:56:11.457 [AsyncHttpClient-1-2] DEBUG org.asynchttpclient.netty.handler.HttpHandler - 

Request DefaultFullHttpRequest(decodeResult: success, version: HTTP/1.1, content: EmptyByteBufBE)
GET /session/b67f823d6cde460bee28f9394d77790a/element/98f4ff9e-e1f3-4873-80ac-5b3678315a68/name HTTP/1.1
User-Agent: selenium/4.1.2 (java windows)
Cache-Control: no-cache
Content-Type: application/json; charset=utf-8
host: localhost:49901
accept: */*

Response DefaultHttpResponse(decodeResult: success, version: HTTP/1.1)
HTTP/1.1 200 OK
Content-Type: application/json; charset=utf-8
cache-control: no-cache
content-length: 18

12:56:11.458 [AsyncHttpClient-1-2] DEBUG org.asynchttpclient.netty.channel.ChannelManager - Adding key: http://localhost:49901 for channel [id: 0x16777953, L:/127.0.0.1:55184 - R:localhost/127.0.0.1:49901]
12:56:11.459 [Forwarding getElementTagName on session b67f823d6cde460bee28f9394d77790a to remote] DEBUG org.asynchttpclient.netty.request.NettyRequestSender - Using pooled Channel '[id: 0x16777953, L:/127.0.0.1:55184 - R:localhost/127.0.0.1:49901]' for 'GET' to 'http://localhost:49901/session/b67f823d6cde460bee28f9394d77790a/element/98f4ff9e-e1f3-4873-80ac-5b3678315a68/name'
12:56:11.459 [Forwarding getElementTagName on session b67f823d6cde460bee28f9394d77790a to remote] DEBUG org.asynchttpclient.netty.request.NettyRequestSender - Using open Channel [id: 0x16777953, L:/127.0.0.1:55184 - R:localhost/127.0.0.1:49901] for GET '/session/b67f823d6cde460bee28f9394d77790a/element/98f4ff9e-e1f3-4873-80ac-5b3678315a68/name'
12:56:11.463 [AsyncHttpClient-1-2] DEBUG org.asynchttpclient.netty.handler.HttpHandler - 

Request DefaultFullHttpRequest(decodeResult: success, version: HTTP/1.1, content: EmptyByteBufBE)
GET /session/b67f823d6cde460bee28f9394d77790a/element/98f4ff9e-e1f3-4873-80ac-5b3678315a68/name HTTP/1.1
User-Agent: selenium/4.1.2 (java windows)
Cache-Control: no-cache
Content-Type: application/json; charset=utf-8
host: localhost:49901
accept: */*

Response DefaultHttpResponse(decodeResult: success, version: HTTP/1.1)
HTTP/1.1 200 OK
Content-Type: application/json; charset=utf-8
cache-control: no-cache
content-length: 18

12:56:11.464 [AsyncHttpClient-1-2] DEBUG org.asynchttpclient.netty.channel.ChannelManager - Adding key: http://localhost:49901 for channel [id: 0x16777953, L:/127.0.0.1:55184 - R:localhost/127.0.0.1:49901]
12:56:11.465 [Forwarding isElementEnabled on session b67f823d6cde460bee28f9394d77790a to remote] DEBUG org.asynchttpclient.netty.request.NettyRequestSender - Using pooled Channel '[id: 0x16777953, L:/127.0.0.1:55184 - R:localhost/127.0.0.1:49901]' for 'GET' to 'http://localhost:49901/session/b67f823d6cde460bee28f9394d77790a/element/98f4ff9e-e1f3-4873-80ac-5b3678315a68/enabled'
12:56:11.465 [Forwarding isElementEnabled on session b67f823d6cde460bee28f9394d77790a to remote] DEBUG org.asynchttpclient.netty.request.NettyRequestSender - Using open Channel [id: 0x16777953, L:/127.0.0.1:55184 - R:localhost/127.0.0.1:49901] for GET '/session/b67f823d6cde460bee28f9394d77790a/element/98f4ff9e-e1f3-4873-80ac-5b3678315a68/enabled'
12:56:11.471 [AsyncHttpClient-1-2] DEBUG org.asynchttpclient.netty.handler.HttpHandler - 

Request DefaultFullHttpRequest(decodeResult: success, version: HTTP/1.1, content: EmptyByteBufBE)
GET /session/b67f823d6cde460bee28f9394d77790a/element/98f4ff9e-e1f3-4873-80ac-5b3678315a68/enabled HTTP/1.1
User-Agent: selenium/4.1.2 (java windows)
Cache-Control: no-cache
Content-Type: application/json; charset=utf-8
host: localhost:49901
accept: */*

Response DefaultHttpResponse(decodeResult: success, version: HTTP/1.1)
HTTP/1.1 200 OK
Content-Type: application/json; charset=utf-8
cache-control: no-cache
content-length: 14

12:56:11.472 [AsyncHttpClient-1-2] DEBUG org.asynchttpclient.netty.channel.ChannelManager - Adding key: http://localhost:49901 for channel [id: 0x16777953, L:/127.0.0.1:55184 - R:localhost/127.0.0.1:49901]
12:56:11.473 [Forwarding isElementEnabled on session b67f823d6cde460bee28f9394d77790a to remote] DEBUG org.asynchttpclient.netty.request.NettyRequestSender - Using pooled Channel '[id: 0x16777953, L:/127.0.0.1:55184 - R:localhost/127.0.0.1:49901]' for 'GET' to 'http://localhost:49901/session/b67f823d6cde460bee28f9394d77790a/element/98f4ff9e-e1f3-4873-80ac-5b3678315a68/enabled'
12:56:11.473 [Forwarding isElementEnabled on session b67f823d6cde460bee28f9394d77790a to remote] DEBUG org.asynchttpclient.netty.request.NettyRequestSender - Using open Channel [id: 0x16777953, L:/127.0.0.1:55184 - R:localhost/127.0.0.1:49901] for GET '/session/b67f823d6cde460bee28f9394d77790a/element/98f4ff9e-e1f3-4873-80ac-5b3678315a68/enabled'
12:56:11.477 [AsyncHttpClient-1-2] DEBUG org.asynchttpclient.netty.handler.HttpHandler - 

Request DefaultFullHttpRequest(decodeResult: success, version: HTTP/1.1, content: EmptyByteBufBE)
GET /session/b67f823d6cde460bee28f9394d77790a/element/98f4ff9e-e1f3-4873-80ac-5b3678315a68/enabled HTTP/1.1
User-Agent: selenium/4.1.2 (java windows)
Cache-Control: no-cache
Content-Type: application/json; charset=utf-8
host: localhost:49901
accept: */*

Response DefaultHttpResponse(decodeResult: success, version: HTTP/1.1)
HTTP/1.1 200 OK
Content-Type: application/json; charset=utf-8
cache-control: no-cache
content-length: 14

12:56:11.478 [AsyncHttpClient-1-2] DEBUG org.asynchttpclient.netty.channel.ChannelManager - Adding key: http://localhost:49901 for channel [id: 0x16777953, L:/127.0.0.1:55184 - R:localhost/127.0.0.1:49901]
12:56:11.479 [Forwarding findElement on session b67f823d6cde460bee28f9394d77790a to remote] DEBUG org.asynchttpclient.netty.request.NettyRequestSender - Using pooled Channel '[id: 0x16777953, L:/127.0.0.1:55184 - R:localhost/127.0.0.1:49901]' for 'POST' to 'http://localhost:49901/session/b67f823d6cde460bee28f9394d77790a/element'
12:56:11.479 [Forwarding findElement on session b67f823d6cde460bee28f9394d77790a to remote] DEBUG org.asynchttpclient.netty.request.NettyRequestSender - Using open Channel [id: 0x16777953, L:/127.0.0.1:55184 - R:localhost/127.0.0.1:49901] for POST '/session/b67f823d6cde460bee28f9394d77790a/element'
12:56:11.485 [AsyncHttpClient-1-2] DEBUG org.asynchttpclient.netty.handler.HttpHandler - 

Request DefaultHttpRequest(decodeResult: success, version: HTTP/1.1)
POST /session/b67f823d6cde460bee28f9394d77790a/element HTTP/1.1
User-Agent: selenium/4.1.2 (java windows)
Content-Length: 321
Content-Type: application/json; charset=utf-8
host: localhost:49901
accept: */*

Response DefaultHttpResponse(decodeResult: success, version: HTTP/1.1)
HTTP/1.1 200 OK
Content-Type: application/json; charset=utf-8
cache-control: no-cache
content-length: 88

12:56:11.485 [AsyncHttpClient-1-2] DEBUG org.asynchttpclient.netty.channel.ChannelManager - Adding key: http://localhost:49901 for channel [id: 0x16777953, L:/127.0.0.1:55184 - R:localhost/127.0.0.1:49901]
12:56:11.486 [Forwarding clickElement on session b67f823d6cde460bee28f9394d77790a to remote] DEBUG org.asynchttpclient.netty.request.NettyRequestSender - Using pooled Channel '[id: 0x16777953, L:/127.0.0.1:55184 - R:localhost/127.0.0.1:49901]' for 'POST' to 'http://localhost:49901/session/b67f823d6cde460bee28f9394d77790a/element/98f4ff9e-e1f3-4873-80ac-5b3678315a68/click'
12:56:11.486 [Forwarding clickElement on session b67f823d6cde460bee28f9394d77790a to remote] DEBUG org.asynchttpclient.netty.request.NettyRequestSender - Using open Channel [id: 0x16777953, L:/127.0.0.1:55184 - R:localhost/127.0.0.1:49901] for POST '/session/b67f823d6cde460bee28f9394d77790a/element/98f4ff9e-e1f3-4873-80ac-5b3678315a68/click'
12:56:11.525 [AsyncHttpClient-1-2] DEBUG org.asynchttpclient.netty.handler.HttpHandler - 

Request DefaultHttpRequest(decodeResult: success, version: HTTP/1.1)
POST /session/b67f823d6cde460bee28f9394d77790a/element/98f4ff9e-e1f3-4873-80ac-5b3678315a68/click HTTP/1.1
User-Agent: selenium/4.1.2 (java windows)
Content-Length: 50
Content-Type: application/json; charset=utf-8
host: localhost:49901
accept: */*

Response DefaultHttpResponse(decodeResult: success, version: HTTP/1.1)
HTTP/1.1 200 OK
Content-Type: application/json; charset=utf-8
cache-control: no-cache
content-length: 14

12:56:11.525 [AsyncHttpClient-1-2] DEBUG org.asynchttpclient.netty.channel.ChannelManager - Adding key: http://localhost:49901 for channel [id: 0x16777953, L:/127.0.0.1:55184 - R:localhost/127.0.0.1:49901]
  &amp#27;[32mAnd &amp#27;[0m&amp#27;[32mI have logged in&amp#27;[0m                  &amp#27;[90m# starter.stepdefinitions.ManageVaccinationBookingsSteps.iHaveLoggedIn()&amp#27;[0m
12:56:11.532 [Forwarding screenshot on session b67f823d6cde460bee28f9394d77790a to remote] DEBUG org.asynchttpclient.netty.request.NettyRequestSender - Using pooled Channel '[id: 0x16777953, L:/127.0.0.1:55184 - R:localhost/127.0.0.1:49901]' for 'GET' to 'http://localhost:49901/session/b67f823d6cde460bee28f9394d77790a/screenshot'
12:56:11.532 [Forwarding screenshot on session b67f823d6cde460bee28f9394d77790a to remote] DEBUG org.asynchttpclient.netty.request.NettyRequestSender - Using open Channel [id: 0x16777953, L:/127.0.0.1:55184 - R:localhost/127.0.0.1:49901] for GET '/session/b67f823d6cde460bee28f9394d77790a/screenshot'
12:56:11.674 [AsyncHttpClient-1-2] DEBUG org.asynchttpclient.netty.handler.HttpHandler - 

Request DefaultFullHttpRequest(decodeResult: success, version: HTTP/1.1, content: EmptyByteBufBE)
GET /session/b67f823d6cde460bee28f9394d77790a/screenshot HTTP/1.1
User-Agent: selenium/4.1.2 (java windows)
Cache-Control: no-cache
Content-Type: application/json; charset=utf-8
host: localhost:49901
accept: */*

Response DefaultHttpResponse(decodeResult: success, version: HTTP/1.1)
HTTP/1.1 200 OK
Content-Type: application/json; charset=utf-8
cache-control: no-cache
content-length: 92352

12:56:11.676 [AsyncHttpClient-1-2] DEBUG org.asynchttpclient.netty.channel.ChannelManager - Adding key: http://localhost:49901 for channel [id: 0x16777953, L:/127.0.0.1:55184 - R:localhost/127.0.0.1:49901]
12:56:11.681 [main] DEBUG net.serenitybdd.core.photography.Darkroom - Send negative for processing for target\site\serenity\d8339e392910b7563bfa8dc8f8bf18a82dd454654a753863c68b77c4747f0878.png
12:56:11.682 [Darkroom Processing Line] DEBUG net.serenitybdd.core.photography.DarkroomProcessingLine - Processing screenshot image in /var/screenshots/screenshot-7440119500112866313
12:56:11.682 [Darkroom Processing Line] DEBUG net.serenitybdd.core.photography.DarkroomProcessingLine - Saving screenshot to target\site\serenity\d8339e392910b7563bfa8dc8f8bf18a82dd454654a753863c68b77c4747f0878.png
12:56:11.693 [Forwarding findElement on session b67f823d6cde460bee28f9394d77790a to remote] DEBUG org.asynchttpclient.netty.request.NettyRequestSender - Using pooled Channel '[id: 0x16777953, L:/127.0.0.1:55184 - R:localhost/127.0.0.1:49901]' for 'POST' to 'http://localhost:49901/session/b67f823d6cde460bee28f9394d77790a/element'
12:56:11.693 [Forwarding findElement on session b67f823d6cde460bee28f9394d77790a to remote] DEBUG org.asynchttpclient.netty.request.NettyRequestSender - Using open Channel [id: 0x16777953, L:/127.0.0.1:55184 - R:localhost/127.0.0.1:49901] for POST '/session/b67f823d6cde460bee28f9394d77790a/element'
12:56:11.873 [AsyncHttpClient-1-1] DEBUG org.asynchttpclient.netty.channel.DefaultChannelPool - Entry count for : http://localhost:55186 : 1
12:56:12.973 [AsyncHttpClient-1-1] DEBUG org.asynchttpclient.netty.channel.DefaultChannelPool - Entry count for : http://localhost:55186 : 1
12:56:13.729 [AsyncHttpClient-1-2] DEBUG org.asynchttpclient.netty.handler.HttpHandler - 

Request DefaultHttpRequest(decodeResult: success, version: HTTP/1.1)
POST /session/b67f823d6cde460bee28f9394d77790a/element HTTP/1.1
User-Agent: selenium/4.1.2 (java windows)
Content-Length: 80
Content-Type: application/json; charset=utf-8
host: localhost:49901
accept: */*

Response DefaultHttpResponse(decodeResult: success, version: HTTP/1.1)
HTTP/1.1 404 Not Found
Content-Type: application/json; charset=utf-8
cache-control: no-cache
content-length: 943

12:56:13.729 [AsyncHttpClient-1-2] DEBUG org.asynchttpclient.netty.channel.ChannelManager - Adding key: http://localhost:49901 for channel [id: 0x16777953, L:/127.0.0.1:55184 - R:localhost/127.0.0.1:49901]
12:56:13.846 [Forwarding findElement on session b67f823d6cde460bee28f9394d77790a to remote] DEBUG org.asynchttpclient.netty.request.NettyRequestSender - Using pooled Channel '[id: 0x16777953, L:/127.0.0.1:55184 - R:localhost/127.0.0.1:49901]' for 'POST' to 'http://localhost:49901/session/b67f823d6cde460bee28f9394d77790a/element'
12:56:13.847 [Forwarding findElement on session b67f823d6cde460bee28f9394d77790a to remote] DEBUG org.asynchttpclient.netty.request.NettyRequestSender - Using open Channel [id: 0x16777953, L:/127.0.0.1:55184 - R:localhost/127.0.0.1:49901] for POST '/session/b67f823d6cde460bee28f9394d77790a/element'
12:56:13.853 [AsyncHttpClient-1-2] DEBUG org.asynchttpclient.netty.handler.HttpHandler - 

Request DefaultHttpRequest(decodeResult: success, version: HTTP/1.1)
POST /session/b67f823d6cde460bee28f9394d77790a/element HTTP/1.1
User-Agent: selenium/4.1.2 (java windows)
Content-Length: 80
Content-Type: application/json; charset=utf-8
host: localhost:49901
accept: */*

Response DefaultHttpResponse(decodeResult: success, version: HTTP/1.1)
HTTP/1.1 200 OK
Content-Type: application/json; charset=utf-8
cache-control: no-cache
content-length: 88

12:56:13.853 [AsyncHttpClient-1-2] DEBUG org.asynchttpclient.netty.channel.ChannelManager - Adding key: http://localhost:49901 for channel [id: 0x16777953, L:/127.0.0.1:55184 - R:localhost/127.0.0.1:49901]
12:56:13.855 [Forwarding getElementTagName on session b67f823d6cde460bee28f9394d77790a to remote] DEBUG org.asynchttpclient.netty.request.NettyRequestSender - Using pooled Channel '[id: 0x16777953, L:/127.0.0.1:55184 - R:localhost/127.0.0.1:49901]' for 'GET' to 'http://localhost:49901/session/b67f823d6cde460bee28f9394d77790a/element/9cc516ba-3b12-4a6e-8a36-57515444f4cb/name'
12:56:13.855 [Forwarding getElementTagName on session b67f823d6cde460bee28f9394d77790a to remote] DEBUG org.asynchttpclient.netty.request.NettyRequestSender - Using open Channel [id: 0x16777953, L:/127.0.0.1:55184 - R:localhost/127.0.0.1:49901] for GET '/session/b67f823d6cde460bee28f9394d77790a/element/9cc516ba-3b12-4a6e-8a36-57515444f4cb/name'
12:56:13.859 [AsyncHttpClient-1-2] DEBUG org.asynchttpclient.netty.handler.HttpHandler - 

Request DefaultFullHttpRequest(decodeResult: success, version: HTTP/1.1, content: EmptyByteBufBE)
GET /session/b67f823d6cde460bee28f9394d77790a/element/9cc516ba-3b12-4a6e-8a36-57515444f4cb/name HTTP/1.1
User-Agent: selenium/4.1.2 (java windows)
Cache-Control: no-cache
Content-Type: application/json; charset=utf-8
host: localhost:49901
accept: */*

Response DefaultHttpResponse(decodeResult: success, version: HTTP/1.1)
HTTP/1.1 200 OK
Content-Type: application/json; charset=utf-8
cache-control: no-cache
content-length: 13

12:56:13.859 [AsyncHttpClient-1-2] DEBUG org.asynchttpclient.netty.channel.ChannelManager - Adding key: http://localhost:49901 for channel [id: 0x16777953, L:/127.0.0.1:55184 - R:localhost/127.0.0.1:49901]
12:56:13.860 [Forwarding getElementTagName on session b67f823d6cde460bee28f9394d77790a to remote] DEBUG org.asynchttpclient.netty.request.NettyRequestSender - Using pooled Channel '[id: 0x16777953, L:/127.0.0.1:55184 - R:localhost/127.0.0.1:49901]' for 'GET' to 'http://localhost:49901/session/b67f823d6cde460bee28f9394d77790a/element/9cc516ba-3b12-4a6e-8a36-57515444f4cb/name'
12:56:13.860 [Forwarding getElementTagName on session b67f823d6cde460bee28f9394d77790a to remote] DEBUG org.asynchttpclient.netty.request.NettyRequestSender - Using open Channel [id: 0x16777953, L:/127.0.0.1:55184 - R:localhost/127.0.0.1:49901] for GET '/session/b67f823d6cde460bee28f9394d77790a/element/9cc516ba-3b12-4a6e-8a36-57515444f4cb/name'
12:56:13.862 [AsyncHttpClient-1-2] DEBUG org.asynchttpclient.netty.handler.HttpHandler - 

Request DefaultFullHttpRequest(decodeResult: success, version: HTTP/1.1, content: EmptyByteBufBE)
GET /session/b67f823d6cde460bee28f9394d77790a/element/9cc516ba-3b12-4a6e-8a36-57515444f4cb/name HTTP/1.1
User-Agent: selenium/4.1.2 (java windows)
Cache-Control: no-cache
Content-Type: application/json; charset=utf-8
host: localhost:49901
accept: */*

Response DefaultHttpResponse(decodeResult: success, version: HTTP/1.1)
HTTP/1.1 200 OK
Content-Type: application/json; charset=utf-8
cache-control: no-cache
content-length: 13

12:56:13.863 [AsyncHttpClient-1-2] DEBUG org.asynchttpclient.netty.channel.ChannelManager - Adding key: http://localhost:49901 for channel [id: 0x16777953, L:/127.0.0.1:55184 - R:localhost/127.0.0.1:49901]
12:56:13.866 [Forwarding findElement on session b67f823d6cde460bee28f9394d77790a to remote] DEBUG org.asynchttpclient.netty.request.NettyRequestSender - Using pooled Channel '[id: 0x16777953, L:/127.0.0.1:55184 - R:localhost/127.0.0.1:49901]' for 'POST' to 'http://localhost:49901/session/b67f823d6cde460bee28f9394d77790a/element'
12:56:13.866 [Forwarding findElement on session b67f823d6cde460bee28f9394d77790a to remote] DEBUG org.asynchttpclient.netty.request.NettyRequestSender - Using open Channel [id: 0x16777953, L:/127.0.0.1:55184 - R:localhost/127.0.0.1:49901] for POST '/session/b67f823d6cde460bee28f9394d77790a/element'
12:56:13.876 [AsyncHttpClient-1-2] DEBUG org.asynchttpclient.netty.handler.HttpHandler - 

Request DefaultHttpRequest(decodeResult: success, version: HTTP/1.1)
POST /session/b67f823d6cde460bee28f9394d77790a/element HTTP/1.1
User-Agent: selenium/4.1.2 (java windows)
Content-Length: 80
Content-Type: application/json; charset=utf-8
host: localhost:49901
accept: */*

Response DefaultHttpResponse(decodeResult: success, version: HTTP/1.1)
HTTP/1.1 200 OK
Content-Type: application/json; charset=utf-8
cache-control: no-cache
content-length: 88

12:56:13.876 [AsyncHttpClient-1-2] DEBUG org.asynchttpclient.netty.channel.ChannelManager - Adding key: http://localhost:49901 for channel [id: 0x16777953, L:/127.0.0.1:55184 - R:localhost/127.0.0.1:49901]
12:56:13.880 [Forwarding clickElement on session b67f823d6cde460bee28f9394d77790a to remote] DEBUG org.asynchttpclient.netty.request.NettyRequestSender - Using pooled Channel '[id: 0x16777953, L:/127.0.0.1:55184 - R:localhost/127.0.0.1:49901]' for 'POST' to 'http://localhost:49901/session/b67f823d6cde460bee28f9394d77790a/element/9cc516ba-3b12-4a6e-8a36-57515444f4cb/click'
12:56:13.881 [Forwarding clickElement on session b67f823d6cde460bee28f9394d77790a to remote] DEBUG org.asynchttpclient.netty.request.NettyRequestSender - Using open Channel [id: 0x16777953, L:/127.0.0.1:55184 - R:localhost/127.0.0.1:49901] for POST '/session/b67f823d6cde460bee28f9394d77790a/element/9cc516ba-3b12-4a6e-8a36-57515444f4cb/click'
12:56:13.979 [AsyncHttpClient-1-2] DEBUG org.asynchttpclient.netty.handler.HttpHandler - 

Request DefaultHttpRequest(decodeResult: success, version: HTTP/1.1)
POST /session/b67f823d6cde460bee28f9394d77790a/element/9cc516ba-3b12-4a6e-8a36-57515444f4cb/click HTTP/1.1
User-Agent: selenium/4.1.2 (java windows)
Content-Length: 50
Content-Type: application/json; charset=utf-8
host: localhost:49901
accept: */*

Response DefaultHttpResponse(decodeResult: success, version: HTTP/1.1)
HTTP/1.1 200 OK
Content-Type: application/json; charset=utf-8
cache-control: no-cache
content-length: 14

12:56:13.980 [AsyncHttpClient-1-2] DEBUG org.asynchttpclient.netty.channel.ChannelManager - Adding key: http://localhost:49901 for channel [id: 0x16777953, L:/127.0.0.1:55184 - R:localhost/127.0.0.1:49901]
  &amp#27;[32mWhen &amp#27;[0m&amp#27;[32mI go to Book Vaksinasi page&amp#27;[0m      &amp#27;[90m# starter.stepdefinitions.ManageVaccinationBookingsSteps.iGoToBookVaksinasiPage()&amp#27;[0m
12:56:13.993 [Forwarding screenshot on session b67f823d6cde460bee28f9394d77790a to remote] DEBUG org.asynchttpclient.netty.request.NettyRequestSender - Using pooled Channel '[id: 0x16777953, L:/127.0.0.1:55184 - R:localhost/127.0.0.1:49901]' for 'GET' to 'http://localhost:49901/session/b67f823d6cde460bee28f9394d77790a/screenshot'
12:56:13.994 [Forwarding screenshot on session b67f823d6cde460bee28f9394d77790a to remote] DEBUG org.asynchttpclient.netty.request.NettyRequestSender - Using open Channel [id: 0x16777953, L:/127.0.0.1:55184 - R:localhost/127.0.0.1:49901] for GET '/session/b67f823d6cde460bee28f9394d77790a/screenshot'
12:56:14.074 [AsyncHttpClient-1-1] DEBUG org.asynchttpclient.netty.channel.DefaultChannelPool - Entry count for : http://localhost:55186 : 1
12:56:14.179 [AsyncHttpClient-1-2] DEBUG org.asynchttpclient.netty.handler.HttpHandler - 

Request DefaultFullHttpRequest(decodeResult: success, version: HTTP/1.1, content: EmptyByteBufBE)
GET /session/b67f823d6cde460bee28f9394d77790a/screenshot HTTP/1.1
User-Agent: selenium/4.1.2 (java windows)
Cache-Control: no-cache
Content-Type: application/json; charset=utf-8
host: localhost:49901
accept: */*

Response DefaultHttpResponse(decodeResult: success, version: HTTP/1.1)
HTTP/1.1 200 OK
Content-Type: application/json; charset=utf-8
cache-control: no-cache
content-length: 100912

12:56:14.180 [AsyncHttpClient-1-2] DEBUG org.asynchttpclient.netty.channel.ChannelManager - Adding key: http://localhost:49901 for channel [id: 0x16777953, L:/127.0.0.1:55184 - R:localhost/127.0.0.1:49901]
12:56:14.186 [main] DEBUG net.serenitybdd.core.photography.Darkroom - Send negative for processing for target\site\serenity\0c2a5a92582b129bdfd3bd6fce6c3cf9b2c8e5c42a6a648b8f92823c27ccb19b.png
12:56:14.186 [Darkroom Processing Line] DEBUG net.serenitybdd.core.photography.DarkroomProcessingLine - Processing screenshot image in /var/screenshots/screenshot-13572088732436889801
12:56:14.186 [Darkroom Processing Line] DEBUG net.serenitybdd.core.photography.DarkroomProcessingLine - Saving screenshot to target\site\serenity\0c2a5a92582b129bdfd3bd6fce6c3cf9b2c8e5c42a6a648b8f92823c27ccb19b.png
12:56:14.209 [Forwarding findElement on session b67f823d6cde460bee28f9394d77790a to remote] DEBUG org.asynchttpclient.netty.request.NettyRequestSender - Using pooled Channel '[id: 0x16777953, L:/127.0.0.1:55184 - R:localhost/127.0.0.1:49901]' for 'POST' to 'http://localhost:49901/session/b67f823d6cde460bee28f9394d77790a/element'
12:56:14.210 [Forwarding findElement on session b67f823d6cde460bee28f9394d77790a to remote] DEBUG org.asynchttpclient.netty.request.NettyRequestSender - Using open Channel [id: 0x16777953, L:/127.0.0.1:55184 - R:localhost/127.0.0.1:49901] for POST '/session/b67f823d6cde460bee28f9394d77790a/element'
12:56:14.292 [AsyncHttpClient-1-2] DEBUG org.asynchttpclient.netty.handler.HttpHandler - 

Request DefaultHttpRequest(decodeResult: success, version: HTTP/1.1)
POST /session/b67f823d6cde460bee28f9394d77790a/element HTTP/1.1
User-Agent: selenium/4.1.2 (java windows)
Content-Length: 94
Content-Type: application/json; charset=utf-8
host: localhost:49901
accept: */*

Response DefaultHttpResponse(decodeResult: success, version: HTTP/1.1)
HTTP/1.1 200 OK
Content-Type: application/json; charset=utf-8
cache-control: no-cache
content-length: 88

12:56:14.292 [AsyncHttpClient-1-2] DEBUG org.asynchttpclient.netty.channel.ChannelManager - Adding key: http://localhost:49901 for channel [id: 0x16777953, L:/127.0.0.1:55184 - R:localhost/127.0.0.1:49901]
12:56:14.296 [Forwarding getElementTagName on session b67f823d6cde460bee28f9394d77790a to remote] DEBUG org.asynchttpclient.netty.request.NettyRequestSender - Using pooled Channel '[id: 0x16777953, L:/127.0.0.1:55184 - R:localhost/127.0.0.1:49901]' for 'GET' to 'http://localhost:49901/session/b67f823d6cde460bee28f9394d77790a/element/67b00c59-81c6-46c6-83a0-2023da2a3977/name'
12:56:14.296 [Forwarding getElementTagName on session b67f823d6cde460bee28f9394d77790a to remote] DEBUG org.asynchttpclient.netty.request.NettyRequestSender - Using open Channel [id: 0x16777953, L:/127.0.0.1:55184 - R:localhost/127.0.0.1:49901] for GET '/session/b67f823d6cde460bee28f9394d77790a/element/67b00c59-81c6-46c6-83a0-2023da2a3977/name'
12:56:14.307 [AsyncHttpClient-1-2] DEBUG org.asynchttpclient.netty.handler.HttpHandler - 

Request DefaultFullHttpRequest(decodeResult: success, version: HTTP/1.1, content: EmptyByteBufBE)
GET /session/b67f823d6cde460bee28f9394d77790a/element/67b00c59-81c6-46c6-83a0-2023da2a3977/name HTTP/1.1
User-Agent: selenium/4.1.2 (java windows)
Cache-Control: no-cache
Content-Type: application/json; charset=utf-8
host: localhost:49901
accept: */*

Response DefaultHttpResponse(decodeResult: success, version: HTTP/1.1)
HTTP/1.1 200 OK
Content-Type: application/json; charset=utf-8
cache-control: no-cache
content-length: 15

12:56:14.307 [AsyncHttpClient-1-2] DEBUG org.asynchttpclient.netty.channel.ChannelManager - Adding key: http://localhost:49901 for channel [id: 0x16777953, L:/127.0.0.1:55184 - R:localhost/127.0.0.1:49901]
12:56:14.315 [Forwarding getElementTagName on session b67f823d6cde460bee28f9394d77790a to remote] DEBUG org.asynchttpclient.netty.request.NettyRequestSender - Using pooled Channel '[id: 0x16777953, L:/127.0.0.1:55184 - R:localhost/127.0.0.1:49901]' for 'GET' to 'http://localhost:49901/session/b67f823d6cde460bee28f9394d77790a/element/67b00c59-81c6-46c6-83a0-2023da2a3977/name'
12:56:14.315 [Forwarding getElementTagName on session b67f823d6cde460bee28f9394d77790a to remote] DEBUG org.asynchttpclient.netty.request.NettyRequestSender - Using open Channel [id: 0x16777953, L:/127.0.0.1:55184 - R:localhost/127.0.0.1:49901] for GET '/session/b67f823d6cde460bee28f9394d77790a/element/67b00c59-81c6-46c6-83a0-2023da2a3977/name'
12:56:14.324 [AsyncHttpClient-1-2] DEBUG org.asynchttpclient.netty.handler.HttpHandler - 

Request DefaultFullHttpRequest(decodeResult: success, version: HTTP/1.1, content: EmptyByteBufBE)
GET /session/b67f823d6cde460bee28f9394d77790a/element/67b00c59-81c6-46c6-83a0-2023da2a3977/name HTTP/1.1
User-Agent: selenium/4.1.2 (java windows)
Cache-Control: no-cache
Content-Type: application/json; charset=utf-8
host: localhost:49901
accept: */*

Response DefaultHttpResponse(decodeResult: success, version: HTTP/1.1)
HTTP/1.1 200 OK
Content-Type: application/json; charset=utf-8
cache-control: no-cache
content-length: 15

12:56:14.325 [AsyncHttpClient-1-2] DEBUG org.asynchttpclient.netty.channel.ChannelManager - Adding key: http://localhost:49901 for channel [id: 0x16777953, L:/127.0.0.1:55184 - R:localhost/127.0.0.1:49901]
12:56:14.333 [Forwarding findElement on session b67f823d6cde460bee28f9394d77790a to remote] DEBUG org.asynchttpclient.netty.request.NettyRequestSender - Using pooled Channel '[id: 0x16777953, L:/127.0.0.1:55184 - R:localhost/127.0.0.1:49901]' for 'POST' to 'http://localhost:49901/session/b67f823d6cde460bee28f9394d77790a/element'
12:56:14.334 [Forwarding findElement on session b67f823d6cde460bee28f9394d77790a to remote] DEBUG org.asynchttpclient.netty.request.NettyRequestSender - Using open Channel [id: 0x16777953, L:/127.0.0.1:55184 - R:localhost/127.0.0.1:49901] for POST '/session/b67f823d6cde460bee28f9394d77790a/element'
12:56:14.345 [AsyncHttpClient-1-2] DEBUG org.asynchttpclient.netty.handler.HttpHandler - 

Request DefaultHttpRequest(decodeResult: success, version: HTTP/1.1)
POST /session/b67f823d6cde460bee28f9394d77790a/element HTTP/1.1
User-Agent: selenium/4.1.2 (java windows)
Content-Length: 94
Content-Type: application/json; charset=utf-8
host: localhost:49901
accept: */*

Response DefaultHttpResponse(decodeResult: success, version: HTTP/1.1)
HTTP/1.1 200 OK
Content-Type: application/json; charset=utf-8
cache-control: no-cache
content-length: 88

12:56:14.346 [AsyncHttpClient-1-2] DEBUG org.asynchttpclient.netty.channel.ChannelManager - Adding key: http://localhost:49901 for channel [id: 0x16777953, L:/127.0.0.1:55184 - R:localhost/127.0.0.1:49901]
12:56:14.352 [Forwarding clickElement on session b67f823d6cde460bee28f9394d77790a to remote] DEBUG org.asynchttpclient.netty.request.NettyRequestSender - Using pooled Channel '[id: 0x16777953, L:/127.0.0.1:55184 - R:localhost/127.0.0.1:49901]' for 'POST' to 'http://localhost:49901/session/b67f823d6cde460bee28f9394d77790a/element/67b00c59-81c6-46c6-83a0-2023da2a3977/click'
12:56:14.353 [Forwarding clickElement on session b67f823d6cde460bee28f9394d77790a to remote] DEBUG org.asynchttpclient.netty.request.NettyRequestSender - Using open Channel [id: 0x16777953, L:/127.0.0.1:55184 - R:localhost/127.0.0.1:49901] for POST '/session/b67f823d6cde460bee28f9394d77790a/element/67b00c59-81c6-46c6-83a0-2023da2a3977/click'
12:56:14.586 [AsyncHttpClient-1-2] DEBUG org.asynchttpclient.netty.handler.HttpHandler - 

Request DefaultHttpRequest(decodeResult: success, version: HTTP/1.1)
POST /session/b67f823d6cde460bee28f9394d77790a/element/67b00c59-81c6-46c6-83a0-2023da2a3977/click HTTP/1.1
User-Agent: selenium/4.1.2 (java windows)
Content-Length: 50
Content-Type: application/json; charset=utf-8
host: localhost:49901
accept: */*

Response DefaultHttpResponse(decodeResult: success, version: HTTP/1.1)
HTTP/1.1 200 OK
Content-Type: application/json; charset=utf-8
cache-control: no-cache
content-length: 14

12:56:14.587 [AsyncHttpClient-1-2] DEBUG org.asynchttpclient.netty.channel.ChannelManager - Adding key: http://localhost:49901 for channel [id: 0x16777953, L:/127.0.0.1:55184 - R:localhost/127.0.0.1:49901]
  &amp#27;[32mAnd &amp#27;[0m&amp#27;[32mI select a session&amp#27;[0m                &amp#27;[90m# starter.stepdefinitions.ManageVaccinationBookingsSteps.iSelectASession()&amp#27;[0m
12:56:14.598 [Forwarding screenshot on session b67f823d6cde460bee28f9394d77790a to remote] DEBUG org.asynchttpclient.netty.request.NettyRequestSender - Using pooled Channel '[id: 0x16777953, L:/127.0.0.1:55184 - R:localhost/127.0.0.1:49901]' for 'GET' to 'http://localhost:49901/session/b67f823d6cde460bee28f9394d77790a/screenshot'
12:56:14.598 [Forwarding screenshot on session b67f823d6cde460bee28f9394d77790a to remote] DEBUG org.asynchttpclient.netty.request.NettyRequestSender - Using open Channel [id: 0x16777953, L:/127.0.0.1:55184 - R:localhost/127.0.0.1:49901] for GET '/session/b67f823d6cde460bee28f9394d77790a/screenshot'
12:56:14.837 [AsyncHttpClient-1-2] DEBUG org.asynchttpclient.netty.handler.HttpHandler - 

Request DefaultFullHttpRequest(decodeResult: success, version: HTTP/1.1, content: EmptyByteBufBE)
GET /session/b67f823d6cde460bee28f9394d77790a/screenshot HTTP/1.1
User-Agent: selenium/4.1.2 (java windows)
Cache-Control: no-cache
Content-Type: application/json; charset=utf-8
host: localhost:49901
accept: */*

Response DefaultHttpResponse(decodeResult: success, version: HTTP/1.1)
HTTP/1.1 200 OK
Content-Type: application/json; charset=utf-8
cache-control: no-cache
content-length: 147540

12:56:14.838 [AsyncHttpClient-1-2] DEBUG org.asynchttpclient.netty.channel.ChannelManager - Adding key: http://localhost:49901 for channel [id: 0x16777953, L:/127.0.0.1:55184 - R:localhost/127.0.0.1:49901]
12:56:14.842 [main] DEBUG net.serenitybdd.core.photography.Darkroom - Send negative for processing for target\site\serenity\f810f5844b369a3c4e56c95204a356278c7ee14ef3b36177353e214043b7c728.png
12:56:14.844 [Darkroom Processing Line] DEBUG net.serenitybdd.core.photography.DarkroomProcessingLine - Processing screenshot image in /var/screenshots/screenshot-2557945881051092619
12:56:14.844 [Darkroom Processing Line] DEBUG net.serenitybdd.core.photography.DarkroomProcessingLine - Saving screenshot to target\site\serenity\f810f5844b369a3c4e56c95204a356278c7ee14ef3b36177353e214043b7c728.png
12:56:14.858 [Forwarding findElement on session b67f823d6cde460bee28f9394d77790a to remote] DEBUG org.asynchttpclient.netty.request.NettyRequestSender - Using pooled Channel '[id: 0x16777953, L:/127.0.0.1:55184 - R:localhost/127.0.0.1:49901]' for 'POST' to 'http://localhost:49901/session/b67f823d6cde460bee28f9394d77790a/element'
12:56:14.859 [Forwarding findElement on session b67f823d6cde460bee28f9394d77790a to remote] DEBUG org.asynchttpclient.netty.request.NettyRequestSender - Using open Channel [id: 0x16777953, L:/127.0.0.1:55184 - R:localhost/127.0.0.1:49901] for POST '/session/b67f823d6cde460bee28f9394d77790a/element'
12:56:15.177 [AsyncHttpClient-1-1] DEBUG org.asynchttpclient.netty.channel.DefaultChannelPool - Entry count for : http://localhost:55186 : 1
12:56:16.273 [AsyncHttpClient-1-1] DEBUG org.asynchttpclient.netty.channel.DefaultChannelPool - Entry count for : http://localhost:55186 : 1
12:56:16.887 [AsyncHttpClient-1-2] DEBUG org.asynchttpclient.netty.handler.HttpHandler - 

Request DefaultHttpRequest(decodeResult: success, version: HTTP/1.1)
POST /session/b67f823d6cde460bee28f9394d77790a/element HTTP/1.1
User-Agent: selenium/4.1.2 (java windows)
Content-Length: 166
Content-Type: application/json; charset=utf-8
host: localhost:49901
accept: */*

Response DefaultHttpResponse(decodeResult: success, version: HTTP/1.1)
HTTP/1.1 404 Not Found
Content-Type: application/json; charset=utf-8
cache-control: no-cache
content-length: 1034

12:56:16.887 [AsyncHttpClient-1-2] DEBUG org.asynchttpclient.netty.channel.ChannelManager - Adding key: http://localhost:49901 for channel [id: 0x16777953, L:/127.0.0.1:55184 - R:localhost/127.0.0.1:49901]
12:56:16.993 [Forwarding findElement on session b67f823d6cde460bee28f9394d77790a to remote] DEBUG org.asynchttpclient.netty.request.NettyRequestSender - Using pooled Channel '[id: 0x16777953, L:/127.0.0.1:55184 - R:localhost/127.0.0.1:49901]' for 'POST' to 'http://localhost:49901/session/b67f823d6cde460bee28f9394d77790a/element'
12:56:16.993 [Forwarding findElement on session b67f823d6cde460bee28f9394d77790a to remote] DEBUG org.asynchttpclient.netty.request.NettyRequestSender - Using open Channel [id: 0x16777953, L:/127.0.0.1:55184 - R:localhost/127.0.0.1:49901] for POST '/session/b67f823d6cde460bee28f9394d77790a/element'
12:56:17.371 [AsyncHttpClient-1-1] DEBUG org.asynchttpclient.netty.channel.DefaultChannelPool - Entry count for : http://localhost:55186 : 1
12:56:18.473 [AsyncHttpClient-1-1] DEBUG org.asynchttpclient.netty.channel.DefaultChannelPool - Entry count for : http://localhost:55186 : 1
12:56:19.013 [AsyncHttpClient-1-2] DEBUG org.asynchttpclient.netty.handler.HttpHandler - 

Request DefaultHttpRequest(decodeResult: success, version: HTTP/1.1)
POST /session/b67f823d6cde460bee28f9394d77790a/element HTTP/1.1
User-Agent: selenium/4.1.2 (java windows)
Content-Length: 166
Content-Type: application/json; charset=utf-8
host: localhost:49901
accept: */*

Response DefaultHttpResponse(decodeResult: success, version: HTTP/1.1)
HTTP/1.1 404 Not Found
Content-Type: application/json; charset=utf-8
cache-control: no-cache
content-length: 1034

12:56:19.013 [AsyncHttpClient-1-2] DEBUG org.asynchttpclient.netty.channel.ChannelManager - Adding key: http://localhost:49901 for channel [id: 0x16777953, L:/127.0.0.1:55184 - R:localhost/127.0.0.1:49901]
12:56:19.116 [Forwarding findElement on session b67f823d6cde460bee28f9394d77790a to remote] DEBUG org.asynchttpclient.netty.request.NettyRequestSender - Using pooled Channel '[id: 0x16777953, L:/127.0.0.1:55184 - R:localhost/127.0.0.1:49901]' for 'POST' to 'http://localhost:49901/session/b67f823d6cde460bee28f9394d77790a/element'
12:56:19.117 [Forwarding findElement on session b67f823d6cde460bee28f9394d77790a to remote] DEBUG org.asynchttpclient.netty.request.NettyRequestSender - Using open Channel [id: 0x16777953, L:/127.0.0.1:55184 - R:localhost/127.0.0.1:49901] for POST '/session/b67f823d6cde460bee28f9394d77790a/element'
12:56:19.574 [AsyncHttpClient-1-1] DEBUG org.asynchttpclient.netty.channel.DefaultChannelPool - Entry count for : http://localhost:55186 : 1
12:56:20.679 [AsyncHttpClient-1-1] DEBUG org.asynchttpclient.netty.channel.DefaultChannelPool - Entry count for : http://localhost:55186 : 1
12:56:21.144 [AsyncHttpClient-1-2] DEBUG org.asynchttpclient.netty.handler.HttpHandler - 

Request DefaultHttpRequest(decodeResult: success, version: HTTP/1.1)
POST /session/b67f823d6cde460bee28f9394d77790a/element HTTP/1.1
User-Agent: selenium/4.1.2 (java windows)
Content-Length: 166
Content-Type: application/json; charset=utf-8
host: localhost:49901
accept: */*

Response DefaultHttpResponse(decodeResult: success, version: HTTP/1.1)
HTTP/1.1 404 Not Found
Content-Type: application/json; charset=utf-8
cache-control: no-cache
content-length: 1034

12:56:21.144 [AsyncHttpClient-1-2] DEBUG org.asynchttpclient.netty.channel.ChannelManager - Adding key: http://localhost:49901 for channel [id: 0x16777953, L:/127.0.0.1:55184 - R:localhost/127.0.0.1:49901]
12:56:21.164 [Forwarding screenshot on session b67f823d6cde460bee28f9394d77790a to remote] DEBUG org.asynchttpclient.netty.request.NettyRequestSender - Using pooled Channel '[id: 0x16777953, L:/127.0.0.1:55184 - R:localhost/127.0.0.1:49901]' for 'GET' to 'http://localhost:49901/session/b67f823d6cde460bee28f9394d77790a/screenshot'
12:56:21.164 [Forwarding screenshot on session b67f823d6cde460bee28f9394d77790a to remote] DEBUG org.asynchttpclient.netty.request.NettyRequestSender - Using open Channel [id: 0x16777953, L:/127.0.0.1:55184 - R:localhost/127.0.0.1:49901] for GET '/session/b67f823d6cde460bee28f9394d77790a/screenshot'
12:56:21.249 [AsyncHttpClient-1-2] DEBUG org.asynchttpclient.netty.handler.HttpHandler - 

Request DefaultFullHttpRequest(decodeResult: success, version: HTTP/1.1, content: EmptyByteBufBE)
GET /session/b67f823d6cde460bee28f9394d77790a/screenshot HTTP/1.1
User-Agent: selenium/4.1.2 (java windows)
Cache-Control: no-cache
Content-Type: application/json; charset=utf-8
host: localhost:49901
accept: */*

Response DefaultHttpResponse(decodeResult: success, version: HTTP/1.1)
HTTP/1.1 200 OK
Content-Type: application/json; charset=utf-8
cache-control: no-cache
content-length: 145336

12:56:21.269 [AsyncHttpClient-1-2] DEBUG org.asynchttpclient.netty.channel.ChannelManager - Adding key: http://localhost:49901 for channel [id: 0x16777953, L:/127.0.0.1:55184 - R:localhost/127.0.0.1:49901]
12:56:21.274 [main] DEBUG net.serenitybdd.core.photography.Darkroom - Send negative for processing for target\site\serenity\3e340680a50378327082bf6c60105d5e677803d30f25f74b1becb6b035702a16.png
12:56:21.274 [Darkroom Processing Line] DEBUG net.serenitybdd.core.photography.DarkroomProcessingLine - Processing screenshot image in /var/screenshots/screenshot-12249734367362990009
12:56:21.274 [Darkroom Processing Line] DEBUG net.serenitybdd.core.photography.DarkroomProcessingLine - Saving screenshot to target\site\serenity\3e340680a50378327082bf6c60105d5e677803d30f25f74b1becb6b035702a16.png
12:56:21.282 [Forwarding getPageSource on session b67f823d6cde460bee28f9394d77790a to remote] DEBUG org.asynchttpclient.netty.request.NettyRequestSender - Using pooled Channel '[id: 0x16777953, L:/127.0.0.1:55184 - R:localhost/127.0.0.1:49901]' for 'POST' to 'http://localhost:49901/session/b67f823d6cde460bee28f9394d77790a/execute/sync'
12:56:21.282 [Forwarding getPageSource on session b67f823d6cde460bee28f9394d77790a to remote] DEBUG org.asynchttpclient.netty.request.NettyRequestSender - Using open Channel [id: 0x16777953, L:/127.0.0.1:55184 - R:localhost/127.0.0.1:49901] for POST '/session/b67f823d6cde460bee28f9394d77790a/execute/sync'
12:56:21.287 [AsyncHttpClient-1-2] DEBUG org.asynchttpclient.netty.handler.HttpHandler - 

Request DefaultHttpRequest(decodeResult: success, version: HTTP/1.1)
POST /session/b67f823d6cde460bee28f9394d77790a/execute/sync HTTP/1.1
User-Agent: selenium/4.1.2 (java windows)
Content-Length: 176
Content-Type: application/json; charset=utf-8
host: localhost:49901
accept: */*

Response DefaultHttpResponse(decodeResult: success, version: HTTP/1.1)
HTTP/1.1 200 OK
Content-Type: application/json; charset=utf-8
cache-control: no-cache
content-length: 32308

12:56:21.288 [AsyncHttpClient-1-2] DEBUG org.asynchttpclient.netty.channel.ChannelManager - Adding key: http://localhost:49901 for channel [id: 0x16777953, L:/127.0.0.1:55184 - R:localhost/127.0.0.1:49901]
12:56:21.373 [Forwarding getCurrentUrl on session b67f823d6cde460bee28f9394d77790a to remote] DEBUG org.asynchttpclient.netty.request.NettyRequestSender - Using pooled Channel '[id: 0x16777953, L:/127.0.0.1:55184 - R:localhost/127.0.0.1:49901]' for 'GET' to 'http://localhost:49901/session/b67f823d6cde460bee28f9394d77790a/url'
12:56:21.373 [Forwarding getCurrentUrl on session b67f823d6cde460bee28f9394d77790a to remote] DEBUG org.asynchttpclient.netty.request.NettyRequestSender - Using open Channel [id: 0x16777953, L:/127.0.0.1:55184 - R:localhost/127.0.0.1:49901] for GET '/session/b67f823d6cde460bee28f9394d77790a/url'
12:56:21.375 [AsyncHttpClient-1-2] DEBUG org.asynchttpclient.netty.handler.HttpHandler - 

Request DefaultFullHttpRequest(decodeResult: success, version: HTTP/1.1, content: EmptyByteBufBE)
GET /session/b67f823d6cde460bee28f9394d77790a/url HTTP/1.1
User-Agent: selenium/4.1.2 (java windows)
Cache-Control: no-cache
Content-Type: application/json; charset=utf-8
host: localhost:49901
accept: */*

Response DefaultHttpResponse(decodeResult: success, version: HTTP/1.1)
HTTP/1.1 200 OK
Content-Type: application/json; charset=utf-8
cache-control: no-cache
content-length: 93

12:56:21.376 [AsyncHttpClient-1-2] DEBUG org.asynchttpclient.netty.channel.ChannelManager - Adding key: http://localhost:49901 for channel [id: 0x16777953, L:/127.0.0.1:55184 - R:localhost/127.0.0.1:49901]
  &amp#27;[31mAnd &amp#27;[0m&amp#27;[31mI click check button&amp#27;[0m              &amp#27;[90m# starter.stepdefinitions.ManageVaccinationBookingsSteps.iClickCheckButton()&amp#27;[0m
      &amp#27;[31mnet.thucydides.core.webdriver.exceptions.ElementShouldBeEnabledException: Expected enabled element was not enabled
	at net.serenitybdd.core.pages.WebElementFacadeImpl.waitUntilEnabled(WebElementFacadeImpl.java:1100)
	at net.serenitybdd.core.pages.WebElementFacadeImpl.waitUntilElementAvailable(WebElementFacadeImpl.java:888)
	at net.serenitybdd.core.pages.WebElementFacadeImpl.click(WebElementFacadeImpl.java:1182)
	at net.serenitybdd.core.pages.WebElementFacadeImpl.click(WebElementFacadeImpl.java:1201)
	at Automation@1.0-SNAPSHOT/starter.pages.ManageVaccinationBookingsPage.approveBookingRequest(ManageVaccinationBookingsPage.java:124)
	at Automation@1.0-SNAPSHOT/starter.pages.ManageVaccinationBookingsPage$ByteBuddy$2mB6uuMo.approveBookingRequest$accessor$5nrir2vK(Unknown Source)
	at java.base/jdk.internal.reflect.NativeMethodAccessorImpl.invoke0(Native Method)
	at java.base/jdk.internal.reflect.NativeMethodAccessorImpl.invoke(NativeMethodAccessorImpl.java:62)
	at java.base/jdk.internal.reflect.DelegatingMethodAccessorImpl.invoke(DelegatingMethodAccessorImpl.java:43)
	at java.base/java.lang.reflect.Method.invoke(Method.java:566)
	at net.thucydides.core.steps.BaseMethodRunner.invokeMethod(BaseMethodRunner.java:18)
	at net.thucydides.core.steps.NormalMethodRunner.invokeMethodAndNotifyFailures(NormalMethodRunner.java:18)
	at net.thucydides.core.steps.StepInterceptor.runNormalMethod(StepInterceptor.java:406)
	at net.thucydides.core.steps.StepInterceptor.testStepResult(StepInterceptor.java:191)
	at net.thucydides.core.steps.StepInterceptor.intercept(StepInterceptor.java:84)
	at net.thucydides.core.steps.ProxyConfiguration$InterceptorDispatcher.intercept(ProxyConfiguration.java:51)
	at Automation@1.0-SNAPSHOT/starter.pages.ManageVaccinationBookingsPage$ByteBuddy$2mB6uuMo.approveBookingRequest(Unknown Source)
	at Automation@1.0-SNAPSHOT/starter.stepdefinitions.ManageVaccinationBookingsSteps.iClickCheckButton(ManageVaccinationBookingsSteps.java:39)
	at âœ½.I click check button(file:///C:/Users/ASUSTUF/OneDrive/Documents/Capstone%20Project/Web%20Automation/src/test/resources/features/ManageVaccinationBookings.feature:11)
Caused by: org.openqa.selenium.TimeoutException: Expected condition failed: waiting for By.xpath: //button[@class='MuiButtonBase-root MuiIconButton-root MuiIconButton-colorPrimary MuiIconButton-sizeMedium css-11nfi0'] to be enabled (tried for 5 second(s) with 100 milliseconds interval)
	at org.openqa.selenium.support.ui.FluentWait.timeoutException(FluentWait.java:263)
	at org.openqa.selenium.support.ui.FluentWait.until(FluentWait.java:231)
	at net.serenitybdd.core.pages.WebElementFacadeImpl.waitUntilEnabled(WebElementFacadeImpl.java:1097)
	at net.serenitybdd.core.pages.WebElementFacadeImpl.waitUntilElementAvailable(WebElementFacadeImpl.java:888)
	at net.serenitybdd.core.pages.WebElementFacadeImpl.click(WebElementFacadeImpl.java:1182)
	at net.serenitybdd.core.pages.WebElementFacadeImpl.click(WebElementFacadeImpl.java:1201)
	at Automation@1.0-SNAPSHOT/starter.pages.ManageVaccinationBookingsPage.approveBookingRequest(ManageVaccinationBookingsPage.java:124)
	at Automation@1.0-SNAPSHOT/starter.pages.ManageVaccinationBookingsPage$ByteBuddy$2mB6uuMo.approveBookingRequest$accessor$5nrir2vK(Unknown Source)
	at java.base/jdk.internal.reflect.NativeMethodAccessorImpl.invoke0(Native Method)
	at java.base/jdk.internal.reflect.NativeMethodAccessorImpl.invoke(NativeMethodAccessorImpl.java:62)
	at java.base/jdk.internal.reflect.DelegatingMethodAccessorImpl.invoke(DelegatingMethodAccessorImpl.java:43)
	at java.base/java.lang.reflect.Method.invoke(Method.java:566)
	at net.thucydides.core.steps.BaseMethodRunner.invokeMethod(BaseMethodRunner.java:18)
	at net.thucydides.core.steps.NormalMethodRunner.invokeMethodAndNotifyFailures(NormalMethodRunner.java:18)
	at net.thucydides.core.steps.StepInterceptor.runNormalMethod(StepInterceptor.java:406)
	at net.thucydides.core.steps.StepInterceptor.testStepResult(StepInterceptor.java:191)
	at net.thucydides.core.steps.StepInterceptor.intercept(StepInterceptor.java:84)
	at net.thucydides.core.steps.ProxyConfiguration$InterceptorDispatcher.intercept(ProxyConfiguration.java:51)
	at Automation@1.0-SNAPSHOT/starter.pages.ManageVaccinationBookingsPage$ByteBuddy$2mB6uuMo.approveBookingRequest(Unknown Source)
	at Automation@1.0-SNAPSHOT/starter.stepdefinitions.ManageVaccinationBookingsSteps.iClickCheckButton(ManageVaccinationBookingsSteps.java:39)
	at java.base/jdk.internal.reflect.NativeMethodAccessorImpl.invoke0(Native Method)
	at java.base/jdk.internal.reflect.NativeMethodAccessorImpl.invoke(NativeMethodAccessorImpl.java:62)
	at java.base/jdk.internal.reflect.DelegatingMethodAccessorImpl.invoke(DelegatingMethodAccessorImpl.java:43)
	at java.base/java.lang.reflect.Method.invoke(Method.java:566)
	at io.cucumber.java.Invoker.doInvoke(Invoker.java:66)
	at io.cucumber.java.Invoker.invoke(Invoker.java:24)
	at io.cucumber.java.AbstractGlueDefinition.invokeMethod(AbstractGlueDefinition.java:47)
	at io.cucumber.java.JavaStepDefinition.execute(JavaStepDefinition.java:29)
	at io.cucumber.core.runner.CoreStepDefinition.execute(CoreStepDefinition.java:66)
	at io.cucumber.core.runner.PickleStepDefinitionMatch.runStep(PickleStepDefinitionMatch.java:63)
	at io.cucumber.core.runner.ExecutionMode$1.execute(ExecutionMode.java:10)
	at io.cucumber.core.runner.TestStep.executeStep(TestStep.java:86)
	at io.cucumber.core.runner.TestStep.run(TestStep.java:57)
	at io.cucumber.core.runner.PickleStepTestStep.run(PickleStepTestStep.java:51)
	at io.cucumber.core.runner.TestCase.run(TestCase.java:95)
	at io.cucumber.core.runner.Runner.runPickle(Runner.java:75)
	at io.cucumber.junit.PickleRunners$NoStepDescriptions.lambda$run$0(PickleRunners.java:151)
	at io.cucumber.core.runtime.CucumberExecutionContext.lambda$runTestCase$3(CucumberExecutionContext.java:151)
	at io.cucumber.core.runtime.RethrowingThrowableCollector.executeAndThrow(RethrowingThrowableCollector.java:23)
	at io.cucumber.core.runtime.CucumberExecutionContext.runTestCase(CucumberExecutionContext.java:151)
	at io.cucumber.junit.PickleRunners$NoStepDescriptions.run(PickleRunners.java:148)
	at io.cucumber.junit.FeatureRunner.runChild(FeatureRunner.java:144)
	at io.cucumber.junit.FeatureRunner.runChild(FeatureRunner.java:28)
	at org.junit.runners.ParentRunner$4.run(ParentRunner.java:331)
	at org.junit.runners.ParentRunner$1.schedule(ParentRunner.java:79)
	at org.junit.runners.ParentRunner.runChildren(ParentRunner.java:329)
	at org.junit.runners.ParentRunner.access$100(ParentRunner.java:66)
	at org.junit.runners.ParentRunner$2.evaluate(ParentRunner.java:293)
	at org.junit.runners.ParentRunner$3.evaluate(ParentRunner.java:306)
	at org.junit.runners.ParentRunner.run(ParentRunner.java:413)
	at io.cucumber.junit.FeatureRunner.run(FeatureRunner.java:137)
	at io.cucumber.junit.CucumberSerenityRunner.runChild(CucumberSerenityRunner.java:258)
	at io.cucumber.junit.CucumberSerenityRunner.runChild(CucumberSerenityRunner.java:58)
	at org.junit.runners.ParentRunner$4.run(ParentRunner.java:331)
	at org.junit.runners.ParentRunner$1.schedule(ParentRunner.java:79)
	at org.junit.runners.ParentRunner.runChildren(ParentRunner.java:329)
	at org.junit.runners.ParentRunner.access$100(ParentRunner.java:66)
	at org.junit.runners.ParentRunner$2.evaluate(ParentRunner.java:293)
	at io.cucumber.junit.CucumberSerenityRunner$RunCucumber.evaluate(CucumberSerenityRunner.java:287)
	at org.junit.runners.ParentRunner$3.evaluate(ParentRunner.java:306)
	at org.junit.runners.ParentRunner.run(ParentRunner.java:413)
	at org.junit.runner.JUnitCore.run(JUnitCore.java:137)
	at org.junit.runner.JUnitCore.run(JUnitCore.java:115)
	at org.junit.vintage.engine.execution.RunnerExecutor.execute(RunnerExecutor.java:42)
	at org.junit.vintage.engine.VintageTestEngine.executeAllChildren(VintageTestEngine.java:80)
	at org.junit.vintage.engine.VintageTestEngine.execute(VintageTestEngine.java:72)
	at org.junit.platform.launcher.core.EngineExecutionOrchestrator.execute(EngineExecutionOrchestrator.java:107)
	at org.junit.platform.launcher.core.EngineExecutionOrchestrator.execute(EngineExecutionOrchestrator.java:88)
	at org.junit.platform.launcher.core.EngineExecutionOrchestrator.lambda$execute$0(EngineExecutionOrchestrator.java:54)
	at org.junit.platform.launcher.core.EngineExecutionOrchestrator.withInterceptedStreams(EngineExecutionOrchestrator.java:67)
	at org.junit.platform.launcher.core.EngineExecutionOrchestrator.execute(EngineExecutionOrchestrator.java:52)
	at org.junit.platform.launcher.core.DefaultLauncher.execute(DefaultLauncher.java:114)
	at org.junit.platform.launcher.core.DefaultLauncher.execute(DefaultLauncher.java:86)
	at org.junit.platform.launcher.core.DefaultLauncherSession$DelegatingLauncher.execute(DefaultLauncherSession.java:86)
	at org.junit.platform.launcher.core.SessionPerRequestLauncher.execute(SessionPerRequestLauncher.java:53)
	at org.apache.maven.surefire.junitplatform.JUnitPlatformProvider.execute(JUnitPlatformProvider.java:188)
	at org.apache.maven.surefire.junitplatform.JUnitPlatformProvider.invokeAllTests(JUnitPlatformProvider.java:154)
	at org.apache.maven.surefire.junitplatform.JUnitPlatformProvider.invoke(JUnitPlatformProvider.java:128)
	at org.apache.maven.surefire.booter.ForkedBooter.runSuitesInProcess(ForkedBooter.java:428)
	at org.apache.maven.surefire.booter.ForkedBooter.execute(ForkedBooter.java:162)
	at org.apache.maven.surefire.booter.ForkedBooter.run(ForkedBooter.java:562)
	at org.apache.maven.surefire.booter.ForkedBooter.main(ForkedBooter.java:548)
Caused by: org.openqa.selenium.NoSuchElementException: no such element: Unable to locate element: {"method":"xpath","selector":"//button[@class='MuiButtonBase-root MuiIconButton-root MuiIconButton-colorPrimary MuiIconButton-sizeMedium css-11nfi0']"}
  (Session info: chrome=108.0.5359.125)
For documentation on this error, please visit: https://selenium.dev/exceptions/#no_such_element
Build info: version: '4.1.2', revision: '9a5a329c5a'
System info: host: 'LAPTOP-CFD9EV6G', ip: '192.168.100.7', os.name: 'Windows 11', os.arch: 'amd64', os.version: '10.0', java.version: '11.0.16'
Driver info: org.openqa.selenium.chrome.ChromeDriver
Command: [b67f823d6cde460bee28f9394d77790a, findElement {using=xpath, value=//button[@class='MuiButtonBase-root MuiIconButton-root MuiIconButton-colorPrimary MuiIconButton-sizeMedium css-11nfi0']}]
Capabilities {acceptInsecureCerts: false, browserName: chrome, browserVersion: 108.0.5359.125, chrome: {chromedriverVersion: 108.0.5359.71 (1e0e3868ee06..., userDataDir: C:\Users\ASUSTUF\AppData\Lo...}, goog:chromeOptions: {debuggerAddress: localhost:55186}, javascriptEnabled: true, networkConnectionEnabled: false, pageLoadStrategy: normal, platform: WINDOWS, platformName: WINDOWS, proxy: Proxy(), se:cdp: ws://localhost:55186/devtoo..., se:cdpVersion: 108.0.5359.125, setWindowRect: true, strictFileInteractability: false, timeouts: {implicit: 0, pageLoad: 300000, script: 30000}, unhandledPromptBehavior: dismiss and notify, webauthn:extension:credBlob: true, webauthn:extension:largeBlob: true, webauthn:virtualAuthenticators: true}
Session ID: b67f823d6cde460bee28f9394d77790a
	at java.base/jdk.internal.reflect.NativeConstructorAccessorImpl.newInstance0(Native Method)
	at java.base/jdk.internal.reflect.NativeConstructorAccessorImpl.newInstance(NativeConstructorAccessorImpl.java:62)
	at java.base/jdk.internal.reflect.DelegatingConstructorAccessorImpl.newInstance(DelegatingConstructorAccessorImpl.java:45)
	at java.base/java.lang.reflect.Constructor.newInstance(Constructor.java:490)
	at org.openqa.selenium.remote.codec.w3c.W3CHttpResponseCodec.createException(W3CHttpResponseCodec.java:200)
	at org.openqa.selenium.remote.codec.w3c.W3CHttpResponseCodec.decode(W3CHttpResponseCodec.java:133)
	at org.openqa.selenium.remote.codec.w3c.W3CHttpResponseCodec.decode(W3CHttpResponseCodec.java:53)
	at org.openqa.selenium.remote.HttpCommandExecutor.execute(HttpCommandExecutor.java:184)
	at org.openqa.selenium.remote.service.DriverCommandExecutor.invokeExecute(DriverCommandExecutor.java:167)
	at org.openqa.selenium.remote.service.DriverCommandExecutor.execute(DriverCommandExecutor.java:142)
	at org.openqa.selenium.remote.RemoteWebDriver.execute(RemoteWebDriver.java:558)
	at org.openqa.selenium.remote.ElementLocation$ElementFinder$2.findElement(ElementLocation.java:162)
	at org.openqa.selenium.remote.ElementLocation.findElement(ElementLocation.java:60)
	at org.openqa.selenium.remote.RemoteWebDriver.findElement(RemoteWebDriver.java:382)
	at org.openqa.selenium.remote.RemoteWebDriver.findElement(RemoteWebDriver.java:374)
	at net.thucydides.core.webdriver.WebDriverFacade.findElement(WebDriverFacade.java:224)
	at net.serenitybdd.core.pages.WebElementResolverByLocator.resolveForDriver(WebElementResolverByLocator.java:25)
	at net.serenitybdd.core.pages.WebElementFacadeImpl.getResolvedElement(WebElementFacadeImpl.java:191)
	at net.serenitybdd.core.pages.WebElementFacadeImpl.getElement(WebElementFacadeImpl.java:186)
	at net.serenitybdd.core.pages.WebElementExpectations$3.apply(WebElementExpectations.java:63)
	at net.serenitybdd.core.pages.WebElementExpectations$3.apply(WebElementExpectations.java:55)
	at org.openqa.selenium.support.ui.FluentWait.until(FluentWait.java:208)
	... 80 more
&amp#27;[0m
  &amp#27;[36mThen &amp#27;[0m&amp#27;[36mthe booking will be approved&amp#27;[0m     &amp#27;[90m# starter.stepdefinitions.ManageVaccinationBookingsSteps.theBookingWillBeApproved()&amp#27;[0m
12:56:21.410 [main] ERROR  - 
  _____   ___   ___   _____     ___     _     ___   _      ___   ___  
 |_   _| | __| / __| |_   _|   | __|   /_\   |_ _| | |    | __| |   \ 
   | |   | _|  \__ \   | |     | _|   / _ \   | |  | |__  | _|  | |) |
   |_|   |___| |___/   |_|     |_|   /_/ \_\ |___| |____| |___| |___/ 

Approve a vaccination booking
-----------------------------------------------------------------------
12:56:21.412 [main] DEBUG  - RELATED ISSUES: 
12:56:21.414 [main] ERROR  -     Test failed at step: Approve booking request
12:56:21.414 [main] ERROR  -     Expected enabled element was not enabled
12:56:21.493 [Driver Command Executor] DEBUG org.asynchttpclient.netty.request.NettyRequestSender - Using pooled Channel '[id: 0x16777953, L:/127.0.0.1:55184 - R:localhost/127.0.0.1:49901]' for 'DELETE' to 'http://localhost:49901/session/b67f823d6cde460bee28f9394d77790a'
12:56:21.493 [Driver Command Executor] DEBUG org.asynchttpclient.netty.request.NettyRequestSender - Using open Channel [id: 0x16777953, L:/127.0.0.1:55184 - R:localhost/127.0.0.1:49901] for DELETE '/session/b67f823d6cde460bee28f9394d77790a'
12:56:21.495 [AsyncHttpClient-1-4] DEBUG org.asynchttpclient.netty.handler.WebSocketHandler - Channel Closed: [id: 0x5cb18623, L:/127.0.0.1:55194 ! R:localhost/127.0.0.1:55186] with attribute NettyResponseFuture{currentRetry=5,
	isDone=1,
	isCancelled=0,
	asyncHandler=org.asynchttpclient.ws.WebSocketUpgradeHandler@31c5c3d3,
	nettyRequest=org.asynchttpclient.netty.request.NettyRequest@4058ccad,
	future=java.util.concurrent.CompletableFuture@3b374bff[Completed normally],
	uri=ws://localhost:55186/devtools/browser/b1ff148b-5b80-47d5-b1c9-af5cd3d1bc8b,
	keepAlive=true,
	redirectCount=0,
	timeoutsHolder=null,
	inAuth=0,
	touch=1671429367609}
12:56:21.496 [AsyncHttpClient-1-4] DEBUG org.asynchttpclient.netty.channel.ChannelManager - Closing Channel [id: 0x5cb18623, L:/127.0.0.1:55194 ! R:localhost/127.0.0.1:55186] 
12:56:21.516 [AsyncHttpClient-1-3] DEBUG org.asynchttpclient.netty.handler.HttpHandler - Unexpected I/O exception on channel [id: 0xee16b7da, L:/127.0.0.1:55193 - R:localhost/127.0.0.1:55186]
java.io.IOException: An existing connection was forcibly closed by the remote host
	at java.base/sun.nio.ch.SocketDispatcher.read0(Native Method)
	at java.base/sun.nio.ch.SocketDispatcher.read(SocketDispatcher.java:43)
	at java.base/sun.nio.ch.IOUtil.readIntoNativeBuffer(IOUtil.java:276)
	at java.base/sun.nio.ch.IOUtil.read(IOUtil.java:233)
	at java.base/sun.nio.ch.IOUtil.read(IOUtil.java:223)
	at java.base/sun.nio.ch.SocketChannelImpl.read(SocketChannelImpl.java:358)
	at io.netty.buffer.PooledByteBuf.setBytes(PooledByteBuf.java:258)
	at io.netty.buffer.AbstractByteBuf.writeBytes(AbstractByteBuf.java:1132)
	at io.netty.channel.socket.nio.NioSocketChannel.doReadBytes(NioSocketChannel.java:350)
	at io.netty.channel.nio.AbstractNioByteChannel$NioByteUnsafe.read(AbstractNioByteChannel.java:151)
	at io.netty.channel.nio.NioEventLoop.processSelectedKey(NioEventLoop.java:722)
	at io.netty.channel.nio.NioEventLoop.processSelectedKeysOptimized(NioEventLoop.java:658)
	at io.netty.channel.nio.NioEventLoop.processSelectedKeys(NioEventLoop.java:584)
	at io.netty.channel.nio.NioEventLoop.run(NioEventLoop.java:496)
	at io.netty.util.concurrent.SingleThreadEventExecutor$4.run(SingleThreadEventExecutor.java:986)
	at io.netty.util.internal.ThreadExecutorMap$2.run(ThreadExecutorMap.java:74)
	at io.netty.util.concurrent.FastThreadLocalRunnable.run(FastThreadLocalRunnable.java:30)
	at java.base/java.lang.Thread.run(Thread.java:834)
12:56:21.517 [AsyncHttpClient-1-3] DEBUG org.asynchttpclient.netty.channel.ChannelManager - Closing Channel [id: 0xee16b7da, L:/127.0.0.1:55193 - R:localhost/127.0.0.1:55186] 
12:56:21.520 [AsyncHttpClient-1-3] DEBUG org.asynchttpclient.netty.handler.HttpHandler - Channel Closed: [id: 0xee16b7da, L:/127.0.0.1:55193 ! R:localhost/127.0.0.1:55186] with attribute DISCARD
12:56:21.533 [AsyncHttpClient-1-2] DEBUG org.asynchttpclient.netty.handler.HttpHandler - 

Request DefaultFullHttpRequest(decodeResult: success, version: HTTP/1.1, content: EmptyByteBufBE)
DELETE /session/b67f823d6cde460bee28f9394d77790a HTTP/1.1
User-Agent: selenium/4.1.2 (java windows)
Content-Type: application/json; charset=utf-8
host: localhost:49901
accept: */*

Response DefaultHttpResponse(decodeResult: success, version: HTTP/1.1)
HTTP/1.1 200 OK
Content-Type: application/json; charset=utf-8
cache-control: no-cache
content-length: 14

12:56:21.534 [AsyncHttpClient-1-2] DEBUG org.asynchttpclient.netty.channel.ChannelManager - Adding key: http://localhost:49901 for channel [id: 0x16777953, L:/127.0.0.1:55184 - R:localhost/127.0.0.1:49901]
12:56:21.599 [AsyncHttpClient-1-2] DEBUG org.asynchttpclient.netty.handler.HttpHandler - Channel Closed: [id: 0x16777953, L:/127.0.0.1:55184 ! R:localhost/127.0.0.1:49901] with attribute DISCARD
]]></system-out>
    <system-err><![CDATA[Starting ChromeDriver 108.0.5359.71 (1e0e3868ee06e91ad636a874420e3ca3ae3756ac-refs/branch-heads/5359@{#1016}) on port 49901
Only local connections are allowed.
Please see https://chromedriver.chromium.org/security-considerations for suggestions on keeping ChromeDriver safe.
ChromeDriver was started successfully.
Dec 19, 2022 12:56:07 PM org.openqa.selenium.remote.ProtocolHandshake createSession
INFO: Detected dialect: W3C
Dec 19, 2022 12:56:07 PM org.openqa.selenium.devtools.CdpVersionFinder findNearestMatch
WARNING: Unable to find an exact match for CDP version 108, so returning the closest version found: a no-op implementation
Dec 19, 2022 12:56:07 PM org.openqa.selenium.devtools.CdpVersionFinder findNearestMatch
INFO: Unable to find CDP implementation matching 108.
Dec 19, 2022 12:56:07 PM org.openqa.selenium.chromium.ChromiumDriver lambda$new$3
WARNING: Unable to find version of CDP to use for . You may need to include a dependency on a specific version of the CDP using something similar to `org.seleniumhq.selenium:selenium-devtools-v86:4.1.2` where the version ("v86") matches the version of the chromium-based browser you're using and the version number of the artifact is the same as Selenium's.
]]></system-err>
  </testcase>
  <testcase name="Approve all vaccination bookings" classname="Manage vaccination bookings" time="12.097">
    <error type="net.thucydides.core.webdriver.exceptions.ElementShouldBeEnabledException"><![CDATA[net.thucydides.core.webdriver.exceptions.ElementShouldBeEnabledException: Expected enabled element was not enabled
Caused by: org.openqa.selenium.TimeoutException: Expected condition failed: waiting for By.xpath: //input[@aria-label='Select all rows'] to be enabled (tried for 5 second(s) with 100 milliseconds interval)
Caused by: org.openqa.selenium.NoSuchElementException: 
no such element: Unable to locate element: {"method":"xpath","selector":"//input[@aria-label='Select all rows']"}
  (Session info: chrome=108.0.5359.125)
For documentation on this error, please visit: https://selenium.dev/exceptions/#no_such_element
Build info: version: '4.1.2', revision: '9a5a329c5a'
System info: host: 'LAPTOP-CFD9EV6G', ip: '192.168.100.7', os.name: 'Windows 11', os.arch: 'amd64', os.version: '10.0', java.version: '11.0.16'
Driver info: org.openqa.selenium.chrome.ChromeDriver
Command: [cba756ff9f1f5436645fba5c84b0881b, findElement {using=xpath, value=//input[@aria-label='Select all rows']}]
Capabilities {acceptInsecureCerts: false, browserName: chrome, browserVersion: 108.0.5359.125, chrome: {chromedriverVersion: 108.0.5359.71 (1e0e3868ee06..., userDataDir: C:\Users\ASUSTUF\AppData\Lo...}, goog:chromeOptions: {debuggerAddress: localhost:55243}, javascriptEnabled: true, networkConnectionEnabled: false, pageLoadStrategy: normal, platform: WINDOWS, platformName: WINDOWS, proxy: Proxy(), se:cdp: ws://localhost:55243/devtoo..., se:cdpVersion: 108.0.5359.125, setWindowRect: true, strictFileInteractability: false, timeouts: {implicit: 0, pageLoad: 300000, script: 30000}, unhandledPromptBehavior: dismiss and notify, webauthn:extension:credBlob: true, webauthn:extension:largeBlob: true, webauthn:virtualAuthenticators: true}
Session ID: cba756ff9f1f5436645fba5c84b0881b
]]></error>
    <system-out><![CDATA[
Scenario: Approve all vaccination bookings &amp#27;[90m# src/test/resources/features/ManageVaccinationBookings.feature:14&amp#27;[0m
12:56:21.748 [main] INFO io.cucumber.core.plugin.SerenityReporter - Running feature from file:///C:/Users/ASUSTUF/OneDrive/Documents/Capstone%20Project/Web%20Automation/src/test/resources/features/ManageVaccinationBookings.feature
12:56:21.758 [main] INFO  - 
  _____   ___   ___   _____     ___   _____     _     ___   _____   ___   ___  
 |_   _| | __| / __| |_   _|   / __| |_   _|   /_\   | _ \ |_   _| | __| |   \ 
   | |   | _|  \__ \   | |     \__ \   | |    / _ \  |   /   | |   | _|  | |) |
   |_|   |___| |___/   |_|     |___/   |_|   /_/ \_\ |_|_\   |_|   |___| |___/ 

Approve all vaccination bookings(manage-vaccination-bookings;approve-all-vaccination-bookings)
--------------------------------------------------------------------------------
12:56:21.772 [AsyncHttpClient-1-1] DEBUG org.asynchttpclient.netty.channel.DefaultChannelPool - Entry count for : http://localhost:55186 : 1
12:56:21.772 [AsyncHttpClient-1-1] DEBUG org.asynchttpclient.netty.channel.DefaultChannelPool - Entry count for : http://localhost:49901 : 1
12:56:21.773 [AsyncHttpClient-1-1] DEBUG org.asynchttpclient.netty.channel.DefaultChannelPool - Adding Candidate expired Channel [id: 0xee16b7da, L:/127.0.0.1:55193 ! R:localhost/127.0.0.1:55186] isIdleTimeoutExpired=false isRemotelyClosed=true isTtlExpired=false
12:56:21.773 [AsyncHttpClient-1-1] DEBUG org.asynchttpclient.netty.channel.DefaultChannelPool - Closing Idle Channel [id: 0xee16b7da, L:/127.0.0.1:55193 ! R:localhost/127.0.0.1:55186]
12:56:21.774 [AsyncHttpClient-1-1] DEBUG org.asynchttpclient.netty.channel.DefaultChannelPool - Adding Candidate expired Channel [id: 0x16777953, L:/127.0.0.1:55184 ! R:localhost/127.0.0.1:49901] isIdleTimeoutExpired=false isRemotelyClosed=true isTtlExpired=false
12:56:21.774 [AsyncHttpClient-1-1] DEBUG org.asynchttpclient.netty.channel.DefaultChannelPool - Closing Idle Channel [id: 0x16777953, L:/127.0.0.1:55184 ! R:localhost/127.0.0.1:49901]
12:56:21.774 [AsyncHttpClient-1-1] DEBUG org.asynchttpclient.netty.channel.DefaultChannelPool - Closed 2 connections out of 2 in 2 ms
12:56:21.805 [main] INFO net.serenitybdd.core.webdriver.driverproviders.ChromeDriverProvider - Using automatically driver download
12:56:21.956 [main] DEBUG io.github.bonigarcia.wdm.cache.ResolutionCache - Resolution chrome=108 in cache (valid until 13:44:30 19/12/2022 ICT)
12:56:21.963 [main] DEBUG io.github.bonigarcia.wdm.cache.ResolutionCache - Resolution chrome108=108.0.5359.71 in cache (valid until 12:44:30 20/12/2022 ICT)
12:56:21.967 [main] INFO io.github.bonigarcia.wdm.WebDriverManager - Using chromedriver 108.0.5359.71 (resolved driver for Chrome 108)
12:56:21.985 [main] DEBUG io.github.bonigarcia.wdm.WebDriverManager - Driver chromedriver 108.0.5359.71 found in cache
12:56:21.987 [main] INFO io.github.bonigarcia.wdm.WebDriverManager - Exporting webdriver.chrome.driver as C:\Users\ASUSTUF\.cache\selenium\chromedriver\win32\108.0.5359.71\chromedriver.exe
12:56:22.118 [main] DEBUG net.serenitybdd.core.webdriver.driverproviders.ProvideNewDriver - Instantiating driver
12:56:22.119 [main] DEBUG net.serenitybdd.core.webdriver.driverproviders.ProvideNewDriver - Driver capabilities: Capabilities {acceptInsecureCerts: false, base.url: https://vaksin-id.netlify.app/, browserName: chrome, chrome.driver: src/test/resources/webdrive..., driver: chrome, goog:chromeOptions: {args: [], extensions: []}}
12:56:22.852 [AsyncHttpClient-1-5] DEBUG org.asynchttpclient.netty.channel.NettyConnectListener - Using new Channel '[id: 0x5937c3d7, L:/127.0.0.1:55242 - R:localhost/127.0.0.1:60426]' for 'POST' to '/session'
12:56:23.653 [AsyncHttpClient-1-5] DEBUG org.asynchttpclient.netty.handler.HttpHandler - 

Request DefaultHttpRequest(decodeResult: success, version: HTTP/1.1)
POST /session HTTP/1.1
User-Agent: selenium/4.1.2 (java windows)
Content-Length: 616
Content-Type: application/json; charset=utf-8
host: localhost:60426
accept: */*

Response DefaultHttpResponse(decodeResult: success, version: HTTP/1.1)
HTTP/1.1 200 OK
Content-Type: application/json; charset=utf-8
cache-control: no-cache
content-length: 792

12:56:23.654 [AsyncHttpClient-1-5] DEBUG org.asynchttpclient.netty.channel.ChannelManager - Adding key: http://localhost:60426 for channel [id: 0x5937c3d7, L:/127.0.0.1:55242 - R:localhost/127.0.0.1:60426]
12:56:23.700 [AsyncHttpClient-1-6] DEBUG org.asynchttpclient.netty.channel.NettyConnectListener - Using new Channel '[id: 0x877a1d56, L:/127.0.0.1:55249 - R:localhost/127.0.0.1:55243]' for 'GET' to '/json/version'
12:56:23.725 [AsyncHttpClient-1-6] DEBUG org.asynchttpclient.netty.handler.HttpHandler - 

Request DefaultFullHttpRequest(decodeResult: success, version: HTTP/1.1, content: EmptyByteBufBE)
GET /json/version HTTP/1.1
User-Agent: selenium/4.1.2 (java windows)
host: localhost:55243
accept: */*

Response DefaultHttpResponse(decodeResult: success, version: HTTP/1.1)
HTTP/1.1 200 OK
Content-Type: application/json; charset=UTF-8
content-length: 424

12:56:23.726 [AsyncHttpClient-1-6] DEBUG org.asynchttpclient.netty.channel.ChannelManager - Adding key: http://localhost:55243 for channel [id: 0x877a1d56, L:/127.0.0.1:55249 - R:localhost/127.0.0.1:55243]
12:56:23.741 [AsyncHttpClient-1-7] DEBUG org.asynchttpclient.netty.channel.NettyConnectListener - Using new Channel '[id: 0xa9a12be9, L:/127.0.0.1:55250 - R:localhost/127.0.0.1:55243]' for 'GET' to '/devtools/browser/5e333164-fd0e-4de7-8e1c-9576489ad4cb'
12:56:23.763 [AsyncHttpClient-1-7] DEBUG org.asynchttpclient.netty.handler.WebSocketHandler - 

Request DefaultFullHttpRequest(decodeResult: success, version: HTTP/1.1, content: EmptyByteBufBE)
GET /devtools/browser/5e333164-fd0e-4de7-8e1c-9576489ad4cb HTTP/1.1
upgrade: websocket
connection: upgrade
sec-websocket-key: a6pRNI3PPDyeXjkY1uO9Dw==
sec-websocket-version: 13
origin: http://localhost:55243
host: localhost:55243
accept: */*
user-agent: AHC/2.1

Response DefaultHttpResponse(decodeResult: success, version: HTTP/1.1)
HTTP/1.1 101 WebSocket Protocol Handshake
Upgrade: WebSocket
Connection: Upgrade
Sec-WebSocket-Accept: aroxAYRxDHMLto2y6qAZLPlzc9Y=

12:56:23.775 [Forwarding get on session cba756ff9f1f5436645fba5c84b0881b to remote] DEBUG org.asynchttpclient.netty.request.NettyRequestSender - Using pooled Channel '[id: 0x5937c3d7, L:/127.0.0.1:55242 - R:localhost/127.0.0.1:60426]' for 'POST' to 'http://localhost:60426/session/cba756ff9f1f5436645fba5c84b0881b/url'
12:56:23.775 [Forwarding get on session cba756ff9f1f5436645fba5c84b0881b to remote] DEBUG org.asynchttpclient.netty.request.NettyRequestSender - Using open Channel [id: 0x5937c3d7, L:/127.0.0.1:55242 - R:localhost/127.0.0.1:60426] for POST '/session/cba756ff9f1f5436645fba5c84b0881b/url'
12:56:23.979 [AsyncHttpClient-1-1] DEBUG org.asynchttpclient.netty.channel.DefaultChannelPool - Entry count for : http://localhost:55243 : 1
12:56:24.783 [AsyncHttpClient-1-5] DEBUG org.asynchttpclient.netty.handler.HttpHandler - 

Request DefaultHttpRequest(decodeResult: success, version: HTTP/1.1)
POST /session/cba756ff9f1f5436645fba5c84b0881b/url HTTP/1.1
User-Agent: selenium/4.1.2 (java windows)
Content-Length: 60
Content-Type: application/json; charset=utf-8
host: localhost:60426
accept: */*

Response DefaultHttpResponse(decodeResult: success, version: HTTP/1.1)
HTTP/1.1 200 OK
Content-Type: application/json; charset=utf-8
cache-control: no-cache
content-length: 14

12:56:24.783 [AsyncHttpClient-1-5] DEBUG org.asynchttpclient.netty.channel.ChannelManager - Adding key: http://localhost:60426 for channel [id: 0x5937c3d7, L:/127.0.0.1:55242 - R:localhost/127.0.0.1:60426]
12:56:24.785 [Forwarding setTimeout on session cba756ff9f1f5436645fba5c84b0881b to remote] DEBUG org.asynchttpclient.netty.request.NettyRequestSender - Using pooled Channel '[id: 0x5937c3d7, L:/127.0.0.1:55242 - R:localhost/127.0.0.1:60426]' for 'POST' to 'http://localhost:60426/session/cba756ff9f1f5436645fba5c84b0881b/timeouts'
12:56:24.785 [Forwarding setTimeout on session cba756ff9f1f5436645fba5c84b0881b to remote] DEBUG org.asynchttpclient.netty.request.NettyRequestSender - Using open Channel [id: 0x5937c3d7, L:/127.0.0.1:55242 - R:localhost/127.0.0.1:60426] for POST '/session/cba756ff9f1f5436645fba5c84b0881b/timeouts'
12:56:24.786 [AsyncHttpClient-1-5] DEBUG org.asynchttpclient.netty.handler.HttpHandler - 

Request DefaultHttpRequest(decodeResult: success, version: HTTP/1.1)
POST /session/cba756ff9f1f5436645fba5c84b0881b/timeouts HTTP/1.1
User-Agent: selenium/4.1.2 (java windows)
Content-Length: 22
Content-Type: application/json; charset=utf-8
host: localhost:60426
accept: */*

Response DefaultHttpResponse(decodeResult: success, version: HTTP/1.1)
HTTP/1.1 200 OK
Content-Type: application/json; charset=utf-8
cache-control: no-cache
content-length: 14

12:56:24.788 [AsyncHttpClient-1-5] DEBUG org.asynchttpclient.netty.channel.ChannelManager - Adding key: http://localhost:60426 for channel [id: 0x5937c3d7, L:/127.0.0.1:55242 - R:localhost/127.0.0.1:60426]
12:56:24.792 [Forwarding getCurrentUrl on session cba756ff9f1f5436645fba5c84b0881b to remote] DEBUG org.asynchttpclient.netty.request.NettyRequestSender - Using pooled Channel '[id: 0x5937c3d7, L:/127.0.0.1:55242 - R:localhost/127.0.0.1:60426]' for 'GET' to 'http://localhost:60426/session/cba756ff9f1f5436645fba5c84b0881b/url'
12:56:24.792 [Forwarding getCurrentUrl on session cba756ff9f1f5436645fba5c84b0881b to remote] DEBUG org.asynchttpclient.netty.request.NettyRequestSender - Using open Channel [id: 0x5937c3d7, L:/127.0.0.1:55242 - R:localhost/127.0.0.1:60426] for GET '/session/cba756ff9f1f5436645fba5c84b0881b/url'
12:56:24.823 [AsyncHttpClient-1-5] DEBUG org.asynchttpclient.netty.handler.HttpHandler - 

Request DefaultFullHttpRequest(decodeResult: success, version: HTTP/1.1, content: EmptyByteBufBE)
GET /session/cba756ff9f1f5436645fba5c84b0881b/url HTTP/1.1
User-Agent: selenium/4.1.2 (java windows)
Cache-Control: no-cache
Content-Type: application/json; charset=utf-8
host: localhost:60426
accept: */*

Response DefaultHttpResponse(decodeResult: success, version: HTTP/1.1)
HTTP/1.1 200 OK
Content-Type: application/json; charset=utf-8
cache-control: no-cache
content-length: 42

12:56:24.823 [AsyncHttpClient-1-5] DEBUG org.asynchttpclient.netty.channel.ChannelManager - Adding key: http://localhost:60426 for channel [id: 0x5937c3d7, L:/127.0.0.1:55242 - R:localhost/127.0.0.1:60426]
  &amp#27;[32mGiven &amp#27;[0m&amp#27;[32mI am on landing page&amp#27;[0m               &amp#27;[90m# starter.stepdefinitions.ManageVaccinationBookingsSteps.iAmOnLandingPage()&amp#27;[0m
12:56:24.833 [Forwarding screenshot on session cba756ff9f1f5436645fba5c84b0881b to remote] DEBUG org.asynchttpclient.netty.request.NettyRequestSender - Using pooled Channel '[id: 0x5937c3d7, L:/127.0.0.1:55242 - R:localhost/127.0.0.1:60426]' for 'GET' to 'http://localhost:60426/session/cba756ff9f1f5436645fba5c84b0881b/screenshot'
12:56:24.833 [Forwarding screenshot on session cba756ff9f1f5436645fba5c84b0881b to remote] DEBUG org.asynchttpclient.netty.request.NettyRequestSender - Using open Channel [id: 0x5937c3d7, L:/127.0.0.1:55242 - R:localhost/127.0.0.1:60426] for GET '/session/cba756ff9f1f5436645fba5c84b0881b/screenshot'
12:56:25.081 [AsyncHttpClient-1-1] DEBUG org.asynchttpclient.netty.channel.DefaultChannelPool - Entry count for : http://localhost:55243 : 1
12:56:25.498 [AsyncHttpClient-1-5] DEBUG org.asynchttpclient.netty.handler.HttpHandler - 

Request DefaultFullHttpRequest(decodeResult: success, version: HTTP/1.1, content: EmptyByteBufBE)
GET /session/cba756ff9f1f5436645fba5c84b0881b/screenshot HTTP/1.1
User-Agent: selenium/4.1.2 (java windows)
Cache-Control: no-cache
Content-Type: application/json; charset=utf-8
host: localhost:60426
accept: */*

Response DefaultHttpResponse(decodeResult: success, version: HTTP/1.1)
HTTP/1.1 200 OK
Content-Type: application/json; charset=utf-8
cache-control: no-cache
content-length: 522960

12:56:25.500 [AsyncHttpClient-1-5] DEBUG org.asynchttpclient.netty.channel.ChannelManager - Adding key: http://localhost:60426 for channel [id: 0x5937c3d7, L:/127.0.0.1:55242 - R:localhost/127.0.0.1:60426]
12:56:25.516 [main] DEBUG net.serenitybdd.core.photography.Darkroom - Send negative for processing for target\site\serenity\66f760627ed019137bdbcd6cb636e58106f98e20f1738e93d3117d6f008d3ba8.png
12:56:25.517 [Darkroom Processing Line] DEBUG net.serenitybdd.core.photography.DarkroomProcessingLine - Processing screenshot image in /var/screenshots/screenshot-17049819204056820147
12:56:25.518 [Darkroom Processing Line] DEBUG net.serenitybdd.core.photography.DarkroomProcessingLine - Saving screenshot to target\site\serenity\66f760627ed019137bdbcd6cb636e58106f98e20f1738e93d3117d6f008d3ba8.png
12:56:25.527 [Forwarding findElement on session cba756ff9f1f5436645fba5c84b0881b to remote] DEBUG org.asynchttpclient.netty.request.NettyRequestSender - Using pooled Channel '[id: 0x5937c3d7, L:/127.0.0.1:55242 - R:localhost/127.0.0.1:60426]' for 'POST' to 'http://localhost:60426/session/cba756ff9f1f5436645fba5c84b0881b/element'
12:56:25.528 [Forwarding findElement on session cba756ff9f1f5436645fba5c84b0881b to remote] DEBUG org.asynchttpclient.netty.request.NettyRequestSender - Using open Channel [id: 0x5937c3d7, L:/127.0.0.1:55242 - R:localhost/127.0.0.1:60426] for POST '/session/cba756ff9f1f5436645fba5c84b0881b/element'
12:56:25.542 [AsyncHttpClient-1-5] DEBUG org.asynchttpclient.netty.handler.HttpHandler - 

Request DefaultHttpRequest(decodeResult: success, version: HTTP/1.1)
POST /session/cba756ff9f1f5436645fba5c84b0881b/element HTTP/1.1
User-Agent: selenium/4.1.2 (java windows)
Content-Length: 315
Content-Type: application/json; charset=utf-8
host: localhost:60426
accept: */*

Response DefaultHttpResponse(decodeResult: success, version: HTTP/1.1)
HTTP/1.1 200 OK
Content-Type: application/json; charset=utf-8
cache-control: no-cache
content-length: 88

12:56:25.542 [AsyncHttpClient-1-5] DEBUG org.asynchttpclient.netty.channel.ChannelManager - Adding key: http://localhost:60426 for channel [id: 0x5937c3d7, L:/127.0.0.1:55242 - R:localhost/127.0.0.1:60426]
12:56:25.545 [Forwarding getElementTagName on session cba756ff9f1f5436645fba5c84b0881b to remote] DEBUG org.asynchttpclient.netty.request.NettyRequestSender - Using pooled Channel '[id: 0x5937c3d7, L:/127.0.0.1:55242 - R:localhost/127.0.0.1:60426]' for 'GET' to 'http://localhost:60426/session/cba756ff9f1f5436645fba5c84b0881b/element/c4757772-4e62-4f6d-85ba-92856208af57/name'
12:56:25.545 [Forwarding getElementTagName on session cba756ff9f1f5436645fba5c84b0881b to remote] DEBUG org.asynchttpclient.netty.request.NettyRequestSender - Using open Channel [id: 0x5937c3d7, L:/127.0.0.1:55242 - R:localhost/127.0.0.1:60426] for GET '/session/cba756ff9f1f5436645fba5c84b0881b/element/c4757772-4e62-4f6d-85ba-92856208af57/name'
12:56:25.548 [AsyncHttpClient-1-5] DEBUG org.asynchttpclient.netty.handler.HttpHandler - 

Request DefaultFullHttpRequest(decodeResult: success, version: HTTP/1.1, content: EmptyByteBufBE)
GET /session/cba756ff9f1f5436645fba5c84b0881b/element/c4757772-4e62-4f6d-85ba-92856208af57/name HTTP/1.1
User-Agent: selenium/4.1.2 (java windows)
Cache-Control: no-cache
Content-Type: application/json; charset=utf-8
host: localhost:60426
accept: */*

Response DefaultHttpResponse(decodeResult: success, version: HTTP/1.1)
HTTP/1.1 200 OK
Content-Type: application/json; charset=utf-8
cache-control: no-cache
content-length: 18

12:56:25.548 [AsyncHttpClient-1-5] DEBUG org.asynchttpclient.netty.channel.ChannelManager - Adding key: http://localhost:60426 for channel [id: 0x5937c3d7, L:/127.0.0.1:55242 - R:localhost/127.0.0.1:60426]
12:56:25.550 [Forwarding getElementTagName on session cba756ff9f1f5436645fba5c84b0881b to remote] DEBUG org.asynchttpclient.netty.request.NettyRequestSender - Using pooled Channel '[id: 0x5937c3d7, L:/127.0.0.1:55242 - R:localhost/127.0.0.1:60426]' for 'GET' to 'http://localhost:60426/session/cba756ff9f1f5436645fba5c84b0881b/element/c4757772-4e62-4f6d-85ba-92856208af57/name'
12:56:25.550 [Forwarding getElementTagName on session cba756ff9f1f5436645fba5c84b0881b to remote] DEBUG org.asynchttpclient.netty.request.NettyRequestSender - Using open Channel [id: 0x5937c3d7, L:/127.0.0.1:55242 - R:localhost/127.0.0.1:60426] for GET '/session/cba756ff9f1f5436645fba5c84b0881b/element/c4757772-4e62-4f6d-85ba-92856208af57/name'
12:56:25.553 [AsyncHttpClient-1-5] DEBUG org.asynchttpclient.netty.handler.HttpHandler - 

Request DefaultFullHttpRequest(decodeResult: success, version: HTTP/1.1, content: EmptyByteBufBE)
GET /session/cba756ff9f1f5436645fba5c84b0881b/element/c4757772-4e62-4f6d-85ba-92856208af57/name HTTP/1.1
User-Agent: selenium/4.1.2 (java windows)
Cache-Control: no-cache
Content-Type: application/json; charset=utf-8
host: localhost:60426
accept: */*

Response DefaultHttpResponse(decodeResult: success, version: HTTP/1.1)
HTTP/1.1 200 OK
Content-Type: application/json; charset=utf-8
cache-control: no-cache
content-length: 18

12:56:25.553 [AsyncHttpClient-1-5] DEBUG org.asynchttpclient.netty.channel.ChannelManager - Adding key: http://localhost:60426 for channel [id: 0x5937c3d7, L:/127.0.0.1:55242 - R:localhost/127.0.0.1:60426]
12:56:25.555 [Forwarding isElementEnabled on session cba756ff9f1f5436645fba5c84b0881b to remote] DEBUG org.asynchttpclient.netty.request.NettyRequestSender - Using pooled Channel '[id: 0x5937c3d7, L:/127.0.0.1:55242 - R:localhost/127.0.0.1:60426]' for 'GET' to 'http://localhost:60426/session/cba756ff9f1f5436645fba5c84b0881b/element/c4757772-4e62-4f6d-85ba-92856208af57/enabled'
12:56:25.555 [Forwarding isElementEnabled on session cba756ff9f1f5436645fba5c84b0881b to remote] DEBUG org.asynchttpclient.netty.request.NettyRequestSender - Using open Channel [id: 0x5937c3d7, L:/127.0.0.1:55242 - R:localhost/127.0.0.1:60426] for GET '/session/cba756ff9f1f5436645fba5c84b0881b/element/c4757772-4e62-4f6d-85ba-92856208af57/enabled'
12:56:25.560 [AsyncHttpClient-1-5] DEBUG org.asynchttpclient.netty.handler.HttpHandler - 

Request DefaultFullHttpRequest(decodeResult: success, version: HTTP/1.1, content: EmptyByteBufBE)
GET /session/cba756ff9f1f5436645fba5c84b0881b/element/c4757772-4e62-4f6d-85ba-92856208af57/enabled HTTP/1.1
User-Agent: selenium/4.1.2 (java windows)
Cache-Control: no-cache
Content-Type: application/json; charset=utf-8
host: localhost:60426
accept: */*

Response DefaultHttpResponse(decodeResult: success, version: HTTP/1.1)
HTTP/1.1 200 OK
Content-Type: application/json; charset=utf-8
cache-control: no-cache
content-length: 14

12:56:25.561 [AsyncHttpClient-1-5] DEBUG org.asynchttpclient.netty.channel.ChannelManager - Adding key: http://localhost:60426 for channel [id: 0x5937c3d7, L:/127.0.0.1:55242 - R:localhost/127.0.0.1:60426]
12:56:25.562 [Forwarding isElementEnabled on session cba756ff9f1f5436645fba5c84b0881b to remote] DEBUG org.asynchttpclient.netty.request.NettyRequestSender - Using pooled Channel '[id: 0x5937c3d7, L:/127.0.0.1:55242 - R:localhost/127.0.0.1:60426]' for 'GET' to 'http://localhost:60426/session/cba756ff9f1f5436645fba5c84b0881b/element/c4757772-4e62-4f6d-85ba-92856208af57/enabled'
12:56:25.562 [Forwarding isElementEnabled on session cba756ff9f1f5436645fba5c84b0881b to remote] DEBUG org.asynchttpclient.netty.request.NettyRequestSender - Using open Channel [id: 0x5937c3d7, L:/127.0.0.1:55242 - R:localhost/127.0.0.1:60426] for GET '/session/cba756ff9f1f5436645fba5c84b0881b/element/c4757772-4e62-4f6d-85ba-92856208af57/enabled'
12:56:25.565 [AsyncHttpClient-1-5] DEBUG org.asynchttpclient.netty.handler.HttpHandler - 

Request DefaultFullHttpRequest(decodeResult: success, version: HTTP/1.1, content: EmptyByteBufBE)
GET /session/cba756ff9f1f5436645fba5c84b0881b/element/c4757772-4e62-4f6d-85ba-92856208af57/enabled HTTP/1.1
User-Agent: selenium/4.1.2 (java windows)
Cache-Control: no-cache
Content-Type: application/json; charset=utf-8
host: localhost:60426
accept: */*

Response DefaultHttpResponse(decodeResult: success, version: HTTP/1.1)
HTTP/1.1 200 OK
Content-Type: application/json; charset=utf-8
cache-control: no-cache
content-length: 14

12:56:25.565 [AsyncHttpClient-1-5] DEBUG org.asynchttpclient.netty.channel.ChannelManager - Adding key: http://localhost:60426 for channel [id: 0x5937c3d7, L:/127.0.0.1:55242 - R:localhost/127.0.0.1:60426]
12:56:25.567 [Forwarding findElement on session cba756ff9f1f5436645fba5c84b0881b to remote] DEBUG org.asynchttpclient.netty.request.NettyRequestSender - Using pooled Channel '[id: 0x5937c3d7, L:/127.0.0.1:55242 - R:localhost/127.0.0.1:60426]' for 'POST' to 'http://localhost:60426/session/cba756ff9f1f5436645fba5c84b0881b/element'
12:56:25.567 [Forwarding findElement on session cba756ff9f1f5436645fba5c84b0881b to remote] DEBUG org.asynchttpclient.netty.request.NettyRequestSender - Using open Channel [id: 0x5937c3d7, L:/127.0.0.1:55242 - R:localhost/127.0.0.1:60426] for POST '/session/cba756ff9f1f5436645fba5c84b0881b/element'
12:56:25.573 [AsyncHttpClient-1-5] DEBUG org.asynchttpclient.netty.handler.HttpHandler - 

Request DefaultHttpRequest(decodeResult: success, version: HTTP/1.1)
POST /session/cba756ff9f1f5436645fba5c84b0881b/element HTTP/1.1
User-Agent: selenium/4.1.2 (java windows)
Content-Length: 315
Content-Type: application/json; charset=utf-8
host: localhost:60426
accept: */*

Response DefaultHttpResponse(decodeResult: success, version: HTTP/1.1)
HTTP/1.1 200 OK
Content-Type: application/json; charset=utf-8
cache-control: no-cache
content-length: 88

12:56:25.573 [AsyncHttpClient-1-5] DEBUG org.asynchttpclient.netty.channel.ChannelManager - Adding key: http://localhost:60426 for channel [id: 0x5937c3d7, L:/127.0.0.1:55242 - R:localhost/127.0.0.1:60426]
12:56:25.574 [Forwarding clickElement on session cba756ff9f1f5436645fba5c84b0881b to remote] DEBUG org.asynchttpclient.netty.request.NettyRequestSender - Using pooled Channel '[id: 0x5937c3d7, L:/127.0.0.1:55242 - R:localhost/127.0.0.1:60426]' for 'POST' to 'http://localhost:60426/session/cba756ff9f1f5436645fba5c84b0881b/element/c4757772-4e62-4f6d-85ba-92856208af57/click'
12:56:25.574 [Forwarding clickElement on session cba756ff9f1f5436645fba5c84b0881b to remote] DEBUG org.asynchttpclient.netty.request.NettyRequestSender - Using open Channel [id: 0x5937c3d7, L:/127.0.0.1:55242 - R:localhost/127.0.0.1:60426] for POST '/session/cba756ff9f1f5436645fba5c84b0881b/element/c4757772-4e62-4f6d-85ba-92856208af57/click'
12:56:25.640 [AsyncHttpClient-1-5] DEBUG org.asynchttpclient.netty.handler.HttpHandler - 

Request DefaultHttpRequest(decodeResult: success, version: HTTP/1.1)
POST /session/cba756ff9f1f5436645fba5c84b0881b/element/c4757772-4e62-4f6d-85ba-92856208af57/click HTTP/1.1
User-Agent: selenium/4.1.2 (java windows)
Content-Length: 50
Content-Type: application/json; charset=utf-8
host: localhost:60426
accept: */*

Response DefaultHttpResponse(decodeResult: success, version: HTTP/1.1)
HTTP/1.1 200 OK
Content-Type: application/json; charset=utf-8
cache-control: no-cache
content-length: 14

12:56:25.641 [AsyncHttpClient-1-5] DEBUG org.asynchttpclient.netty.channel.ChannelManager - Adding key: http://localhost:60426 for channel [id: 0x5937c3d7, L:/127.0.0.1:55242 - R:localhost/127.0.0.1:60426]
12:56:25.646 [Forwarding findElement on session cba756ff9f1f5436645fba5c84b0881b to remote] DEBUG org.asynchttpclient.netty.request.NettyRequestSender - Using pooled Channel '[id: 0x5937c3d7, L:/127.0.0.1:55242 - R:localhost/127.0.0.1:60426]' for 'POST' to 'http://localhost:60426/session/cba756ff9f1f5436645fba5c84b0881b/element'
12:56:25.646 [Forwarding findElement on session cba756ff9f1f5436645fba5c84b0881b to remote] DEBUG org.asynchttpclient.netty.request.NettyRequestSender - Using open Channel [id: 0x5937c3d7, L:/127.0.0.1:55242 - R:localhost/127.0.0.1:60426] for POST '/session/cba756ff9f1f5436645fba5c84b0881b/element'
12:56:25.655 [AsyncHttpClient-1-5] DEBUG org.asynchttpclient.netty.handler.HttpHandler - 

Request DefaultHttpRequest(decodeResult: success, version: HTTP/1.1)
POST /session/cba756ff9f1f5436645fba5c84b0881b/element HTTP/1.1
User-Agent: selenium/4.1.2 (java windows)
Content-Length: 69
Content-Type: application/json; charset=utf-8
host: localhost:60426
accept: */*

Response DefaultHttpResponse(decodeResult: success, version: HTTP/1.1)
HTTP/1.1 200 OK
Content-Type: application/json; charset=utf-8
cache-control: no-cache
content-length: 88

12:56:25.656 [AsyncHttpClient-1-5] DEBUG org.asynchttpclient.netty.channel.ChannelManager - Adding key: http://localhost:60426 for channel [id: 0x5937c3d7, L:/127.0.0.1:55242 - R:localhost/127.0.0.1:60426]
12:56:25.657 [Forwarding clearElement on session cba756ff9f1f5436645fba5c84b0881b to remote] DEBUG org.asynchttpclient.netty.request.NettyRequestSender - Using pooled Channel '[id: 0x5937c3d7, L:/127.0.0.1:55242 - R:localhost/127.0.0.1:60426]' for 'POST' to 'http://localhost:60426/session/cba756ff9f1f5436645fba5c84b0881b/element/d3dc1f0f-ca3e-4ef5-af22-0ec033612ff9/clear'
12:56:25.657 [Forwarding clearElement on session cba756ff9f1f5436645fba5c84b0881b to remote] DEBUG org.asynchttpclient.netty.request.NettyRequestSender - Using open Channel [id: 0x5937c3d7, L:/127.0.0.1:55242 - R:localhost/127.0.0.1:60426] for POST '/session/cba756ff9f1f5436645fba5c84b0881b/element/d3dc1f0f-ca3e-4ef5-af22-0ec033612ff9/clear'
12:56:25.686 [AsyncHttpClient-1-5] DEBUG org.asynchttpclient.netty.handler.HttpHandler - 

Request DefaultHttpRequest(decodeResult: success, version: HTTP/1.1)
POST /session/cba756ff9f1f5436645fba5c84b0881b/element/d3dc1f0f-ca3e-4ef5-af22-0ec033612ff9/clear HTTP/1.1
User-Agent: selenium/4.1.2 (java windows)
Content-Length: 50
Content-Type: application/json; charset=utf-8
host: localhost:60426
accept: */*

Response DefaultHttpResponse(decodeResult: success, version: HTTP/1.1)
HTTP/1.1 200 OK
Content-Type: application/json; charset=utf-8
cache-control: no-cache
content-length: 14

12:56:25.686 [AsyncHttpClient-1-5] DEBUG org.asynchttpclient.netty.channel.ChannelManager - Adding key: http://localhost:60426 for channel [id: 0x5937c3d7, L:/127.0.0.1:55242 - R:localhost/127.0.0.1:60426]
12:56:25.690 [Forwarding sendKeysToElement on session cba756ff9f1f5436645fba5c84b0881b to remote] DEBUG org.asynchttpclient.netty.request.NettyRequestSender - Using pooled Channel '[id: 0x5937c3d7, L:/127.0.0.1:55242 - R:localhost/127.0.0.1:60426]' for 'POST' to 'http://localhost:60426/session/cba756ff9f1f5436645fba5c84b0881b/element/d3dc1f0f-ca3e-4ef5-af22-0ec033612ff9/value'
12:56:25.690 [Forwarding sendKeysToElement on session cba756ff9f1f5436645fba5c84b0881b to remote] DEBUG org.asynchttpclient.netty.request.NettyRequestSender - Using open Channel [id: 0x5937c3d7, L:/127.0.0.1:55242 - R:localhost/127.0.0.1:60426] for POST '/session/cba756ff9f1f5436645fba5c84b0881b/element/d3dc1f0f-ca3e-4ef5-af22-0ec033612ff9/value'
12:56:25.873 [AsyncHttpClient-1-5] DEBUG org.asynchttpclient.netty.handler.HttpHandler - 

Request DefaultHttpRequest(decodeResult: success, version: HTTP/1.1)
POST /session/cba756ff9f1f5436645fba5c84b0881b/element/d3dc1f0f-ca3e-4ef5-af22-0ec033612ff9/value HTTP/1.1
User-Agent: selenium/4.1.2 (java windows)
Content-Length: 411
Content-Type: application/json; charset=utf-8
host: localhost:60426
accept: */*

Response DefaultHttpResponse(decodeResult: success, version: HTTP/1.1)
HTTP/1.1 200 OK
Content-Type: application/json; charset=utf-8
cache-control: no-cache
content-length: 14

12:56:25.873 [AsyncHttpClient-1-5] DEBUG org.asynchttpclient.netty.channel.ChannelManager - Adding key: http://localhost:60426 for channel [id: 0x5937c3d7, L:/127.0.0.1:55242 - R:localhost/127.0.0.1:60426]
12:56:25.877 [Forwarding findElement on session cba756ff9f1f5436645fba5c84b0881b to remote] DEBUG org.asynchttpclient.netty.request.NettyRequestSender - Using pooled Channel '[id: 0x5937c3d7, L:/127.0.0.1:55242 - R:localhost/127.0.0.1:60426]' for 'POST' to 'http://localhost:60426/session/cba756ff9f1f5436645fba5c84b0881b/element'
12:56:25.877 [Forwarding findElement on session cba756ff9f1f5436645fba5c84b0881b to remote] DEBUG org.asynchttpclient.netty.request.NettyRequestSender - Using open Channel [id: 0x5937c3d7, L:/127.0.0.1:55242 - R:localhost/127.0.0.1:60426] for POST '/session/cba756ff9f1f5436645fba5c84b0881b/element'
12:56:25.888 [AsyncHttpClient-1-5] DEBUG org.asynchttpclient.netty.handler.HttpHandler - 

Request DefaultHttpRequest(decodeResult: success, version: HTTP/1.1)
POST /session/cba756ff9f1f5436645fba5c84b0881b/element HTTP/1.1
User-Agent: selenium/4.1.2 (java windows)
Content-Length: 72
Content-Type: application/json; charset=utf-8
host: localhost:60426
accept: */*

Response DefaultHttpResponse(decodeResult: success, version: HTTP/1.1)
HTTP/1.1 200 OK
Content-Type: application/json; charset=utf-8
cache-control: no-cache
content-length: 88

12:56:25.888 [AsyncHttpClient-1-5] DEBUG org.asynchttpclient.netty.channel.ChannelManager - Adding key: http://localhost:60426 for channel [id: 0x5937c3d7, L:/127.0.0.1:55242 - R:localhost/127.0.0.1:60426]
12:56:25.889 [Forwarding clearElement on session cba756ff9f1f5436645fba5c84b0881b to remote] DEBUG org.asynchttpclient.netty.request.NettyRequestSender - Using pooled Channel '[id: 0x5937c3d7, L:/127.0.0.1:55242 - R:localhost/127.0.0.1:60426]' for 'POST' to 'http://localhost:60426/session/cba756ff9f1f5436645fba5c84b0881b/element/2dd6c3ae-9570-4fb5-8cc4-b7548c83c409/clear'
12:56:25.889 [Forwarding clearElement on session cba756ff9f1f5436645fba5c84b0881b to remote] DEBUG org.asynchttpclient.netty.request.NettyRequestSender - Using open Channel [id: 0x5937c3d7, L:/127.0.0.1:55242 - R:localhost/127.0.0.1:60426] for POST '/session/cba756ff9f1f5436645fba5c84b0881b/element/2dd6c3ae-9570-4fb5-8cc4-b7548c83c409/clear'
12:56:25.946 [AsyncHttpClient-1-5] DEBUG org.asynchttpclient.netty.handler.HttpHandler - 

Request DefaultHttpRequest(decodeResult: success, version: HTTP/1.1)
POST /session/cba756ff9f1f5436645fba5c84b0881b/element/2dd6c3ae-9570-4fb5-8cc4-b7548c83c409/clear HTTP/1.1
User-Agent: selenium/4.1.2 (java windows)
Content-Length: 50
Content-Type: application/json; charset=utf-8
host: localhost:60426
accept: */*

Response DefaultHttpResponse(decodeResult: success, version: HTTP/1.1)
HTTP/1.1 200 OK
Content-Type: application/json; charset=utf-8
cache-control: no-cache
content-length: 14

12:56:25.946 [AsyncHttpClient-1-5] DEBUG org.asynchttpclient.netty.channel.ChannelManager - Adding key: http://localhost:60426 for channel [id: 0x5937c3d7, L:/127.0.0.1:55242 - R:localhost/127.0.0.1:60426]
12:56:25.950 [Forwarding sendKeysToElement on session cba756ff9f1f5436645fba5c84b0881b to remote] DEBUG org.asynchttpclient.netty.request.NettyRequestSender - Using pooled Channel '[id: 0x5937c3d7, L:/127.0.0.1:55242 - R:localhost/127.0.0.1:60426]' for 'POST' to 'http://localhost:60426/session/cba756ff9f1f5436645fba5c84b0881b/element/2dd6c3ae-9570-4fb5-8cc4-b7548c83c409/value'
12:56:25.950 [Forwarding sendKeysToElement on session cba756ff9f1f5436645fba5c84b0881b to remote] DEBUG org.asynchttpclient.netty.request.NettyRequestSender - Using open Channel [id: 0x5937c3d7, L:/127.0.0.1:55242 - R:localhost/127.0.0.1:60426] for POST '/session/cba756ff9f1f5436645fba5c84b0881b/element/2dd6c3ae-9570-4fb5-8cc4-b7548c83c409/value'
12:56:26.068 [AsyncHttpClient-1-5] DEBUG org.asynchttpclient.netty.handler.HttpHandler - 

Request DefaultHttpRequest(decodeResult: success, version: HTTP/1.1)
POST /session/cba756ff9f1f5436645fba5c84b0881b/element/2dd6c3ae-9570-4fb5-8cc4-b7548c83c409/value HTTP/1.1
User-Agent: selenium/4.1.2 (java windows)
Content-Length: 241
Content-Type: application/json; charset=utf-8
host: localhost:60426
accept: */*

Response DefaultHttpResponse(decodeResult: success, version: HTTP/1.1)
HTTP/1.1 200 OK
Content-Type: application/json; charset=utf-8
cache-control: no-cache
content-length: 14

12:56:26.068 [AsyncHttpClient-1-5] DEBUG org.asynchttpclient.netty.channel.ChannelManager - Adding key: http://localhost:60426 for channel [id: 0x5937c3d7, L:/127.0.0.1:55242 - R:localhost/127.0.0.1:60426]
12:56:26.073 [Forwarding findElement on session cba756ff9f1f5436645fba5c84b0881b to remote] DEBUG org.asynchttpclient.netty.request.NettyRequestSender - Using pooled Channel '[id: 0x5937c3d7, L:/127.0.0.1:55242 - R:localhost/127.0.0.1:60426]' for 'POST' to 'http://localhost:60426/session/cba756ff9f1f5436645fba5c84b0881b/element'
12:56:26.074 [Forwarding findElement on session cba756ff9f1f5436645fba5c84b0881b to remote] DEBUG org.asynchttpclient.netty.request.NettyRequestSender - Using open Channel [id: 0x5937c3d7, L:/127.0.0.1:55242 - R:localhost/127.0.0.1:60426] for POST '/session/cba756ff9f1f5436645fba5c84b0881b/element'
12:56:26.087 [AsyncHttpClient-1-5] DEBUG org.asynchttpclient.netty.handler.HttpHandler - 

Request DefaultHttpRequest(decodeResult: success, version: HTTP/1.1)
POST /session/cba756ff9f1f5436645fba5c84b0881b/element HTTP/1.1
User-Agent: selenium/4.1.2 (java windows)
Content-Length: 321
Content-Type: application/json; charset=utf-8
host: localhost:60426
accept: */*

Response DefaultHttpResponse(decodeResult: success, version: HTTP/1.1)
HTTP/1.1 200 OK
Content-Type: application/json; charset=utf-8
cache-control: no-cache
content-length: 88

12:56:26.087 [AsyncHttpClient-1-5] DEBUG org.asynchttpclient.netty.channel.ChannelManager - Adding key: http://localhost:60426 for channel [id: 0x5937c3d7, L:/127.0.0.1:55242 - R:localhost/127.0.0.1:60426]
12:56:26.089 [Forwarding getElementTagName on session cba756ff9f1f5436645fba5c84b0881b to remote] DEBUG org.asynchttpclient.netty.request.NettyRequestSender - Using pooled Channel '[id: 0x5937c3d7, L:/127.0.0.1:55242 - R:localhost/127.0.0.1:60426]' for 'GET' to 'http://localhost:60426/session/cba756ff9f1f5436645fba5c84b0881b/element/ecdd135b-6428-4384-89ed-7b85f1cb3533/name'
12:56:26.089 [Forwarding getElementTagName on session cba756ff9f1f5436645fba5c84b0881b to remote] DEBUG org.asynchttpclient.netty.request.NettyRequestSender - Using open Channel [id: 0x5937c3d7, L:/127.0.0.1:55242 - R:localhost/127.0.0.1:60426] for GET '/session/cba756ff9f1f5436645fba5c84b0881b/element/ecdd135b-6428-4384-89ed-7b85f1cb3533/name'
12:56:26.095 [AsyncHttpClient-1-5] DEBUG org.asynchttpclient.netty.handler.HttpHandler - 

Request DefaultFullHttpRequest(decodeResult: success, version: HTTP/1.1, content: EmptyByteBufBE)
GET /session/cba756ff9f1f5436645fba5c84b0881b/element/ecdd135b-6428-4384-89ed-7b85f1cb3533/name HTTP/1.1
User-Agent: selenium/4.1.2 (java windows)
Cache-Control: no-cache
Content-Type: application/json; charset=utf-8
host: localhost:60426
accept: */*

Response DefaultHttpResponse(decodeResult: success, version: HTTP/1.1)
HTTP/1.1 200 OK
Content-Type: application/json; charset=utf-8
cache-control: no-cache
content-length: 18

12:56:26.095 [AsyncHttpClient-1-5] DEBUG org.asynchttpclient.netty.channel.ChannelManager - Adding key: http://localhost:60426 for channel [id: 0x5937c3d7, L:/127.0.0.1:55242 - R:localhost/127.0.0.1:60426]
12:56:26.097 [Forwarding getElementTagName on session cba756ff9f1f5436645fba5c84b0881b to remote] DEBUG org.asynchttpclient.netty.request.NettyRequestSender - Using pooled Channel '[id: 0x5937c3d7, L:/127.0.0.1:55242 - R:localhost/127.0.0.1:60426]' for 'GET' to 'http://localhost:60426/session/cba756ff9f1f5436645fba5c84b0881b/element/ecdd135b-6428-4384-89ed-7b85f1cb3533/name'
12:56:26.097 [Forwarding getElementTagName on session cba756ff9f1f5436645fba5c84b0881b to remote] DEBUG org.asynchttpclient.netty.request.NettyRequestSender - Using open Channel [id: 0x5937c3d7, L:/127.0.0.1:55242 - R:localhost/127.0.0.1:60426] for GET '/session/cba756ff9f1f5436645fba5c84b0881b/element/ecdd135b-6428-4384-89ed-7b85f1cb3533/name'
12:56:26.099 [AsyncHttpClient-1-5] DEBUG org.asynchttpclient.netty.handler.HttpHandler - 

Request DefaultFullHttpRequest(decodeResult: success, version: HTTP/1.1, content: EmptyByteBufBE)
GET /session/cba756ff9f1f5436645fba5c84b0881b/element/ecdd135b-6428-4384-89ed-7b85f1cb3533/name HTTP/1.1
User-Agent: selenium/4.1.2 (java windows)
Cache-Control: no-cache
Content-Type: application/json; charset=utf-8
host: localhost:60426
accept: */*

Response DefaultHttpResponse(decodeResult: success, version: HTTP/1.1)
HTTP/1.1 200 OK
Content-Type: application/json; charset=utf-8
cache-control: no-cache
content-length: 18

12:56:26.100 [AsyncHttpClient-1-5] DEBUG org.asynchttpclient.netty.channel.ChannelManager - Adding key: http://localhost:60426 for channel [id: 0x5937c3d7, L:/127.0.0.1:55242 - R:localhost/127.0.0.1:60426]
12:56:26.102 [Forwarding isElementEnabled on session cba756ff9f1f5436645fba5c84b0881b to remote] DEBUG org.asynchttpclient.netty.request.NettyRequestSender - Using pooled Channel '[id: 0x5937c3d7, L:/127.0.0.1:55242 - R:localhost/127.0.0.1:60426]' for 'GET' to 'http://localhost:60426/session/cba756ff9f1f5436645fba5c84b0881b/element/ecdd135b-6428-4384-89ed-7b85f1cb3533/enabled'
12:56:26.102 [Forwarding isElementEnabled on session cba756ff9f1f5436645fba5c84b0881b to remote] DEBUG org.asynchttpclient.netty.request.NettyRequestSender - Using open Channel [id: 0x5937c3d7, L:/127.0.0.1:55242 - R:localhost/127.0.0.1:60426] for GET '/session/cba756ff9f1f5436645fba5c84b0881b/element/ecdd135b-6428-4384-89ed-7b85f1cb3533/enabled'
12:56:26.108 [AsyncHttpClient-1-5] DEBUG org.asynchttpclient.netty.handler.HttpHandler - 

Request DefaultFullHttpRequest(decodeResult: success, version: HTTP/1.1, content: EmptyByteBufBE)
GET /session/cba756ff9f1f5436645fba5c84b0881b/element/ecdd135b-6428-4384-89ed-7b85f1cb3533/enabled HTTP/1.1
User-Agent: selenium/4.1.2 (java windows)
Cache-Control: no-cache
Content-Type: application/json; charset=utf-8
host: localhost:60426
accept: */*

Response DefaultHttpResponse(decodeResult: success, version: HTTP/1.1)
HTTP/1.1 200 OK
Content-Type: application/json; charset=utf-8
cache-control: no-cache
content-length: 14

12:56:26.109 [AsyncHttpClient-1-5] DEBUG org.asynchttpclient.netty.channel.ChannelManager - Adding key: http://localhost:60426 for channel [id: 0x5937c3d7, L:/127.0.0.1:55242 - R:localhost/127.0.0.1:60426]
12:56:26.110 [Forwarding isElementEnabled on session cba756ff9f1f5436645fba5c84b0881b to remote] DEBUG org.asynchttpclient.netty.request.NettyRequestSender - Using pooled Channel '[id: 0x5937c3d7, L:/127.0.0.1:55242 - R:localhost/127.0.0.1:60426]' for 'GET' to 'http://localhost:60426/session/cba756ff9f1f5436645fba5c84b0881b/element/ecdd135b-6428-4384-89ed-7b85f1cb3533/enabled'
12:56:26.110 [Forwarding isElementEnabled on session cba756ff9f1f5436645fba5c84b0881b to remote] DEBUG org.asynchttpclient.netty.request.NettyRequestSender - Using open Channel [id: 0x5937c3d7, L:/127.0.0.1:55242 - R:localhost/127.0.0.1:60426] for GET '/session/cba756ff9f1f5436645fba5c84b0881b/element/ecdd135b-6428-4384-89ed-7b85f1cb3533/enabled'
12:56:26.115 [AsyncHttpClient-1-5] DEBUG org.asynchttpclient.netty.handler.HttpHandler - 

Request DefaultFullHttpRequest(decodeResult: success, version: HTTP/1.1, content: EmptyByteBufBE)
GET /session/cba756ff9f1f5436645fba5c84b0881b/element/ecdd135b-6428-4384-89ed-7b85f1cb3533/enabled HTTP/1.1
User-Agent: selenium/4.1.2 (java windows)
Cache-Control: no-cache
Content-Type: application/json; charset=utf-8
host: localhost:60426
accept: */*

Response DefaultHttpResponse(decodeResult: success, version: HTTP/1.1)
HTTP/1.1 200 OK
Content-Type: application/json; charset=utf-8
cache-control: no-cache
content-length: 14

12:56:26.116 [AsyncHttpClient-1-5] DEBUG org.asynchttpclient.netty.channel.ChannelManager - Adding key: http://localhost:60426 for channel [id: 0x5937c3d7, L:/127.0.0.1:55242 - R:localhost/127.0.0.1:60426]
12:56:26.118 [Forwarding findElement on session cba756ff9f1f5436645fba5c84b0881b to remote] DEBUG org.asynchttpclient.netty.request.NettyRequestSender - Using pooled Channel '[id: 0x5937c3d7, L:/127.0.0.1:55242 - R:localhost/127.0.0.1:60426]' for 'POST' to 'http://localhost:60426/session/cba756ff9f1f5436645fba5c84b0881b/element'
12:56:26.118 [Forwarding findElement on session cba756ff9f1f5436645fba5c84b0881b to remote] DEBUG org.asynchttpclient.netty.request.NettyRequestSender - Using open Channel [id: 0x5937c3d7, L:/127.0.0.1:55242 - R:localhost/127.0.0.1:60426] for POST '/session/cba756ff9f1f5436645fba5c84b0881b/element'
12:56:26.125 [AsyncHttpClient-1-5] DEBUG org.asynchttpclient.netty.handler.HttpHandler - 

Request DefaultHttpRequest(decodeResult: success, version: HTTP/1.1)
POST /session/cba756ff9f1f5436645fba5c84b0881b/element HTTP/1.1
User-Agent: selenium/4.1.2 (java windows)
Content-Length: 321
Content-Type: application/json; charset=utf-8
host: localhost:60426
accept: */*

Response DefaultHttpResponse(decodeResult: success, version: HTTP/1.1)
HTTP/1.1 200 OK
Content-Type: application/json; charset=utf-8
cache-control: no-cache
content-length: 88

12:56:26.125 [AsyncHttpClient-1-5] DEBUG org.asynchttpclient.netty.channel.ChannelManager - Adding key: http://localhost:60426 for channel [id: 0x5937c3d7, L:/127.0.0.1:55242 - R:localhost/127.0.0.1:60426]
12:56:26.128 [Forwarding clickElement on session cba756ff9f1f5436645fba5c84b0881b to remote] DEBUG org.asynchttpclient.netty.request.NettyRequestSender - Using pooled Channel '[id: 0x5937c3d7, L:/127.0.0.1:55242 - R:localhost/127.0.0.1:60426]' for 'POST' to 'http://localhost:60426/session/cba756ff9f1f5436645fba5c84b0881b/element/ecdd135b-6428-4384-89ed-7b85f1cb3533/click'
12:56:26.129 [Forwarding clickElement on session cba756ff9f1f5436645fba5c84b0881b to remote] DEBUG org.asynchttpclient.netty.request.NettyRequestSender - Using open Channel [id: 0x5937c3d7, L:/127.0.0.1:55242 - R:localhost/127.0.0.1:60426] for POST '/session/cba756ff9f1f5436645fba5c84b0881b/element/ecdd135b-6428-4384-89ed-7b85f1cb3533/click'
12:56:26.171 [AsyncHttpClient-1-1] DEBUG org.asynchttpclient.netty.channel.DefaultChannelPool - Entry count for : http://localhost:55243 : 1
12:56:26.173 [AsyncHttpClient-1-5] DEBUG org.asynchttpclient.netty.handler.HttpHandler - 

Request DefaultHttpRequest(decodeResult: success, version: HTTP/1.1)
POST /session/cba756ff9f1f5436645fba5c84b0881b/element/ecdd135b-6428-4384-89ed-7b85f1cb3533/click HTTP/1.1
User-Agent: selenium/4.1.2 (java windows)
Content-Length: 50
Content-Type: application/json; charset=utf-8
host: localhost:60426
accept: */*

Response DefaultHttpResponse(decodeResult: success, version: HTTP/1.1)
HTTP/1.1 200 OK
Content-Type: application/json; charset=utf-8
cache-control: no-cache
content-length: 14

12:56:26.173 [AsyncHttpClient-1-5] DEBUG org.asynchttpclient.netty.channel.ChannelManager - Adding key: http://localhost:60426 for channel [id: 0x5937c3d7, L:/127.0.0.1:55242 - R:localhost/127.0.0.1:60426]
  &amp#27;[32mAnd &amp#27;[0m&amp#27;[32mI have logged in&amp#27;[0m                     &amp#27;[90m# starter.stepdefinitions.ManageVaccinationBookingsSteps.iHaveLoggedIn()&amp#27;[0m
12:56:26.184 [Forwarding screenshot on session cba756ff9f1f5436645fba5c84b0881b to remote] DEBUG org.asynchttpclient.netty.request.NettyRequestSender - Using pooled Channel '[id: 0x5937c3d7, L:/127.0.0.1:55242 - R:localhost/127.0.0.1:60426]' for 'GET' to 'http://localhost:60426/session/cba756ff9f1f5436645fba5c84b0881b/screenshot'
12:56:26.184 [Forwarding screenshot on session cba756ff9f1f5436645fba5c84b0881b to remote] DEBUG org.asynchttpclient.netty.request.NettyRequestSender - Using open Channel [id: 0x5937c3d7, L:/127.0.0.1:55242 - R:localhost/127.0.0.1:60426] for GET '/session/cba756ff9f1f5436645fba5c84b0881b/screenshot'
12:56:26.357 [AsyncHttpClient-1-5] DEBUG org.asynchttpclient.netty.handler.HttpHandler - 

Request DefaultFullHttpRequest(decodeResult: success, version: HTTP/1.1, content: EmptyByteBufBE)
GET /session/cba756ff9f1f5436645fba5c84b0881b/screenshot HTTP/1.1
User-Agent: selenium/4.1.2 (java windows)
Cache-Control: no-cache
Content-Type: application/json; charset=utf-8
host: localhost:60426
accept: */*

Response DefaultHttpResponse(decodeResult: success, version: HTTP/1.1)
HTTP/1.1 200 OK
Content-Type: application/json; charset=utf-8
cache-control: no-cache
content-length: 115952

12:56:26.358 [AsyncHttpClient-1-5] DEBUG org.asynchttpclient.netty.channel.ChannelManager - Adding key: http://localhost:60426 for channel [id: 0x5937c3d7, L:/127.0.0.1:55242 - R:localhost/127.0.0.1:60426]
12:56:26.361 [main] DEBUG net.serenitybdd.core.photography.Darkroom - Send negative for processing for target\site\serenity\19bfa0ecb56f4e1133d87baffe5b3fa55791329b1b3b96caf7c4d30affc8f976.png
12:56:26.361 [Darkroom Processing Line] DEBUG net.serenitybdd.core.photography.DarkroomProcessingLine - Processing screenshot image in /var/screenshots/screenshot-3686360294320826993
12:56:26.361 [Darkroom Processing Line] DEBUG net.serenitybdd.core.photography.DarkroomProcessingLine - Saving screenshot to target\site\serenity\19bfa0ecb56f4e1133d87baffe5b3fa55791329b1b3b96caf7c4d30affc8f976.png
12:56:26.375 [Forwarding findElement on session cba756ff9f1f5436645fba5c84b0881b to remote] DEBUG org.asynchttpclient.netty.request.NettyRequestSender - Using pooled Channel '[id: 0x5937c3d7, L:/127.0.0.1:55242 - R:localhost/127.0.0.1:60426]' for 'POST' to 'http://localhost:60426/session/cba756ff9f1f5436645fba5c84b0881b/element'
12:56:26.375 [Forwarding findElement on session cba756ff9f1f5436645fba5c84b0881b to remote] DEBUG org.asynchttpclient.netty.request.NettyRequestSender - Using open Channel [id: 0x5937c3d7, L:/127.0.0.1:55242 - R:localhost/127.0.0.1:60426] for POST '/session/cba756ff9f1f5436645fba5c84b0881b/element'
12:56:26.669 [AsyncHttpClient-1-5] DEBUG org.asynchttpclient.netty.handler.HttpHandler - 

Request DefaultHttpRequest(decodeResult: success, version: HTTP/1.1)
POST /session/cba756ff9f1f5436645fba5c84b0881b/element HTTP/1.1
User-Agent: selenium/4.1.2 (java windows)
Content-Length: 80
Content-Type: application/json; charset=utf-8
host: localhost:60426
accept: */*

Response DefaultHttpResponse(decodeResult: success, version: HTTP/1.1)
HTTP/1.1 200 OK
Content-Type: application/json; charset=utf-8
cache-control: no-cache
content-length: 88

12:56:26.670 [AsyncHttpClient-1-5] DEBUG org.asynchttpclient.netty.channel.ChannelManager - Adding key: http://localhost:60426 for channel [id: 0x5937c3d7, L:/127.0.0.1:55242 - R:localhost/127.0.0.1:60426]
12:56:26.671 [Forwarding getElementTagName on session cba756ff9f1f5436645fba5c84b0881b to remote] DEBUG org.asynchttpclient.netty.request.NettyRequestSender - Using pooled Channel '[id: 0x5937c3d7, L:/127.0.0.1:55242 - R:localhost/127.0.0.1:60426]' for 'GET' to 'http://localhost:60426/session/cba756ff9f1f5436645fba5c84b0881b/element/c5985f29-d178-48f5-bd1d-30addebe892c/name'
12:56:26.671 [Forwarding getElementTagName on session cba756ff9f1f5436645fba5c84b0881b to remote] DEBUG org.asynchttpclient.netty.request.NettyRequestSender - Using open Channel [id: 0x5937c3d7, L:/127.0.0.1:55242 - R:localhost/127.0.0.1:60426] for GET '/session/cba756ff9f1f5436645fba5c84b0881b/element/c5985f29-d178-48f5-bd1d-30addebe892c/name'
12:56:26.675 [AsyncHttpClient-1-5] DEBUG org.asynchttpclient.netty.handler.HttpHandler - 

Request DefaultFullHttpRequest(decodeResult: success, version: HTTP/1.1, content: EmptyByteBufBE)
GET /session/cba756ff9f1f5436645fba5c84b0881b/element/c5985f29-d178-48f5-bd1d-30addebe892c/name HTTP/1.1
User-Agent: selenium/4.1.2 (java windows)
Cache-Control: no-cache
Content-Type: application/json; charset=utf-8
host: localhost:60426
accept: */*

Response DefaultHttpResponse(decodeResult: success, version: HTTP/1.1)
HTTP/1.1 200 OK
Content-Type: application/json; charset=utf-8
cache-control: no-cache
content-length: 13

12:56:26.676 [AsyncHttpClient-1-5] DEBUG org.asynchttpclient.netty.channel.ChannelManager - Adding key: http://localhost:60426 for channel [id: 0x5937c3d7, L:/127.0.0.1:55242 - R:localhost/127.0.0.1:60426]
12:56:26.678 [Forwarding getElementTagName on session cba756ff9f1f5436645fba5c84b0881b to remote] DEBUG org.asynchttpclient.netty.request.NettyRequestSender - Using pooled Channel '[id: 0x5937c3d7, L:/127.0.0.1:55242 - R:localhost/127.0.0.1:60426]' for 'GET' to 'http://localhost:60426/session/cba756ff9f1f5436645fba5c84b0881b/element/c5985f29-d178-48f5-bd1d-30addebe892c/name'
12:56:26.678 [Forwarding getElementTagName on session cba756ff9f1f5436645fba5c84b0881b to remote] DEBUG org.asynchttpclient.netty.request.NettyRequestSender - Using open Channel [id: 0x5937c3d7, L:/127.0.0.1:55242 - R:localhost/127.0.0.1:60426] for GET '/session/cba756ff9f1f5436645fba5c84b0881b/element/c5985f29-d178-48f5-bd1d-30addebe892c/name'
12:56:26.680 [AsyncHttpClient-1-5] DEBUG org.asynchttpclient.netty.handler.HttpHandler - 

Request DefaultFullHttpRequest(decodeResult: success, version: HTTP/1.1, content: EmptyByteBufBE)
GET /session/cba756ff9f1f5436645fba5c84b0881b/element/c5985f29-d178-48f5-bd1d-30addebe892c/name HTTP/1.1
User-Agent: selenium/4.1.2 (java windows)
Cache-Control: no-cache
Content-Type: application/json; charset=utf-8
host: localhost:60426
accept: */*

Response DefaultHttpResponse(decodeResult: success, version: HTTP/1.1)
HTTP/1.1 200 OK
Content-Type: application/json; charset=utf-8
cache-control: no-cache
content-length: 13

12:56:26.681 [AsyncHttpClient-1-5] DEBUG org.asynchttpclient.netty.channel.ChannelManager - Adding key: http://localhost:60426 for channel [id: 0x5937c3d7, L:/127.0.0.1:55242 - R:localhost/127.0.0.1:60426]
12:56:26.682 [Forwarding findElement on session cba756ff9f1f5436645fba5c84b0881b to remote] DEBUG org.asynchttpclient.netty.request.NettyRequestSender - Using pooled Channel '[id: 0x5937c3d7, L:/127.0.0.1:55242 - R:localhost/127.0.0.1:60426]' for 'POST' to 'http://localhost:60426/session/cba756ff9f1f5436645fba5c84b0881b/element'
12:56:26.682 [Forwarding findElement on session cba756ff9f1f5436645fba5c84b0881b to remote] DEBUG org.asynchttpclient.netty.request.NettyRequestSender - Using open Channel [id: 0x5937c3d7, L:/127.0.0.1:55242 - R:localhost/127.0.0.1:60426] for POST '/session/cba756ff9f1f5436645fba5c84b0881b/element'
12:56:26.688 [AsyncHttpClient-1-5] DEBUG org.asynchttpclient.netty.handler.HttpHandler - 

Request DefaultHttpRequest(decodeResult: success, version: HTTP/1.1)
POST /session/cba756ff9f1f5436645fba5c84b0881b/element HTTP/1.1
User-Agent: selenium/4.1.2 (java windows)
Content-Length: 80
Content-Type: application/json; charset=utf-8
host: localhost:60426
accept: */*

Response DefaultHttpResponse(decodeResult: success, version: HTTP/1.1)
HTTP/1.1 200 OK
Content-Type: application/json; charset=utf-8
cache-control: no-cache
content-length: 88

12:56:26.688 [AsyncHttpClient-1-5] DEBUG org.asynchttpclient.netty.channel.ChannelManager - Adding key: http://localhost:60426 for channel [id: 0x5937c3d7, L:/127.0.0.1:55242 - R:localhost/127.0.0.1:60426]
12:56:26.691 [Forwarding clickElement on session cba756ff9f1f5436645fba5c84b0881b to remote] DEBUG org.asynchttpclient.netty.request.NettyRequestSender - Using pooled Channel '[id: 0x5937c3d7, L:/127.0.0.1:55242 - R:localhost/127.0.0.1:60426]' for 'POST' to 'http://localhost:60426/session/cba756ff9f1f5436645fba5c84b0881b/element/c5985f29-d178-48f5-bd1d-30addebe892c/click'
12:56:26.691 [Forwarding clickElement on session cba756ff9f1f5436645fba5c84b0881b to remote] DEBUG org.asynchttpclient.netty.request.NettyRequestSender - Using open Channel [id: 0x5937c3d7, L:/127.0.0.1:55242 - R:localhost/127.0.0.1:60426] for POST '/session/cba756ff9f1f5436645fba5c84b0881b/element/c5985f29-d178-48f5-bd1d-30addebe892c/click'
12:56:26.793 [AsyncHttpClient-1-5] DEBUG org.asynchttpclient.netty.handler.HttpHandler - 

Request DefaultHttpRequest(decodeResult: success, version: HTTP/1.1)
POST /session/cba756ff9f1f5436645fba5c84b0881b/element/c5985f29-d178-48f5-bd1d-30addebe892c/click HTTP/1.1
User-Agent: selenium/4.1.2 (java windows)
Content-Length: 50
Content-Type: application/json; charset=utf-8
host: localhost:60426
accept: */*

Response DefaultHttpResponse(decodeResult: success, version: HTTP/1.1)
HTTP/1.1 200 OK
Content-Type: application/json; charset=utf-8
cache-control: no-cache
content-length: 14

12:56:26.794 [AsyncHttpClient-1-5] DEBUG org.asynchttpclient.netty.channel.ChannelManager - Adding key: http://localhost:60426 for channel [id: 0x5937c3d7, L:/127.0.0.1:55242 - R:localhost/127.0.0.1:60426]
  &amp#27;[32mWhen &amp#27;[0m&amp#27;[32mI go to Book Vaksinasi page&amp#27;[0m         &amp#27;[90m# starter.stepdefinitions.ManageVaccinationBookingsSteps.iGoToBookVaksinasiPage()&amp#27;[0m
12:56:26.802 [Forwarding screenshot on session cba756ff9f1f5436645fba5c84b0881b to remote] DEBUG org.asynchttpclient.netty.request.NettyRequestSender - Using pooled Channel '[id: 0x5937c3d7, L:/127.0.0.1:55242 - R:localhost/127.0.0.1:60426]' for 'GET' to 'http://localhost:60426/session/cba756ff9f1f5436645fba5c84b0881b/screenshot'
12:56:26.802 [Forwarding screenshot on session cba756ff9f1f5436645fba5c84b0881b to remote] DEBUG org.asynchttpclient.netty.request.NettyRequestSender - Using open Channel [id: 0x5937c3d7, L:/127.0.0.1:55242 - R:localhost/127.0.0.1:60426] for GET '/session/cba756ff9f1f5436645fba5c84b0881b/screenshot'
12:56:26.999 [AsyncHttpClient-1-5] DEBUG org.asynchttpclient.netty.handler.HttpHandler - 

Request DefaultFullHttpRequest(decodeResult: success, version: HTTP/1.1, content: EmptyByteBufBE)
GET /session/cba756ff9f1f5436645fba5c84b0881b/screenshot HTTP/1.1
User-Agent: selenium/4.1.2 (java windows)
Cache-Control: no-cache
Content-Type: application/json; charset=utf-8
host: localhost:60426
accept: */*

Response DefaultHttpResponse(decodeResult: success, version: HTTP/1.1)
HTTP/1.1 200 OK
Content-Type: application/json; charset=utf-8
cache-control: no-cache
content-length: 107552

12:56:27.003 [AsyncHttpClient-1-5] DEBUG org.asynchttpclient.netty.channel.ChannelManager - Adding key: http://localhost:60426 for channel [id: 0x5937c3d7, L:/127.0.0.1:55242 - R:localhost/127.0.0.1:60426]
12:56:27.014 [main] DEBUG net.serenitybdd.core.photography.Darkroom - Send negative for processing for target\site\serenity\df44341a2288145488b00981453a2483b8dc2e86fa455d14d63640ca3727688a.png
12:56:27.015 [Darkroom Processing Line] DEBUG net.serenitybdd.core.photography.DarkroomProcessingLine - Processing screenshot image in /var/screenshots/screenshot-10551246499876703076
12:56:27.015 [Darkroom Processing Line] DEBUG net.serenitybdd.core.photography.DarkroomProcessingLine - Saving screenshot to target\site\serenity\df44341a2288145488b00981453a2483b8dc2e86fa455d14d63640ca3727688a.png
12:56:27.050 [Forwarding findElement on session cba756ff9f1f5436645fba5c84b0881b to remote] DEBUG org.asynchttpclient.netty.request.NettyRequestSender - Using pooled Channel '[id: 0x5937c3d7, L:/127.0.0.1:55242 - R:localhost/127.0.0.1:60426]' for 'POST' to 'http://localhost:60426/session/cba756ff9f1f5436645fba5c84b0881b/element'
12:56:27.050 [Forwarding findElement on session cba756ff9f1f5436645fba5c84b0881b to remote] DEBUG org.asynchttpclient.netty.request.NettyRequestSender - Using open Channel [id: 0x5937c3d7, L:/127.0.0.1:55242 - R:localhost/127.0.0.1:60426] for POST '/session/cba756ff9f1f5436645fba5c84b0881b/element'
12:56:27.272 [AsyncHttpClient-1-1] DEBUG org.asynchttpclient.netty.channel.DefaultChannelPool - Entry count for : http://localhost:55243 : 1
12:56:28.378 [AsyncHttpClient-1-1] DEBUG org.asynchttpclient.netty.channel.DefaultChannelPool - Entry count for : http://localhost:55243 : 1
12:56:29.117 [AsyncHttpClient-1-5] DEBUG org.asynchttpclient.netty.handler.HttpHandler - 

Request DefaultHttpRequest(decodeResult: success, version: HTTP/1.1)
POST /session/cba756ff9f1f5436645fba5c84b0881b/element HTTP/1.1
User-Agent: selenium/4.1.2 (java windows)
Content-Length: 85
Content-Type: application/json; charset=utf-8
host: localhost:60426
accept: */*

Response DefaultHttpResponse(decodeResult: success, version: HTTP/1.1)
HTTP/1.1 404 Not Found
Content-Type: application/json; charset=utf-8
cache-control: no-cache
content-length: 953

12:56:29.117 [AsyncHttpClient-1-5] DEBUG org.asynchttpclient.netty.channel.ChannelManager - Adding key: http://localhost:60426 for channel [id: 0x5937c3d7, L:/127.0.0.1:55242 - R:localhost/127.0.0.1:60426]
12:56:29.234 [Forwarding findElement on session cba756ff9f1f5436645fba5c84b0881b to remote] DEBUG org.asynchttpclient.netty.request.NettyRequestSender - Using pooled Channel '[id: 0x5937c3d7, L:/127.0.0.1:55242 - R:localhost/127.0.0.1:60426]' for 'POST' to 'http://localhost:60426/session/cba756ff9f1f5436645fba5c84b0881b/element'
12:56:29.234 [Forwarding findElement on session cba756ff9f1f5436645fba5c84b0881b to remote] DEBUG org.asynchttpclient.netty.request.NettyRequestSender - Using open Channel [id: 0x5937c3d7, L:/127.0.0.1:55242 - R:localhost/127.0.0.1:60426] for POST '/session/cba756ff9f1f5436645fba5c84b0881b/element'
12:56:29.479 [AsyncHttpClient-1-1] DEBUG org.asynchttpclient.netty.channel.DefaultChannelPool - Entry count for : http://localhost:55243 : 1
12:56:30.571 [AsyncHttpClient-1-1] DEBUG org.asynchttpclient.netty.channel.DefaultChannelPool - Entry count for : http://localhost:55243 : 1
12:56:31.263 [AsyncHttpClient-1-5] DEBUG org.asynchttpclient.netty.handler.HttpHandler - 

Request DefaultHttpRequest(decodeResult: success, version: HTTP/1.1)
POST /session/cba756ff9f1f5436645fba5c84b0881b/element HTTP/1.1
User-Agent: selenium/4.1.2 (java windows)
Content-Length: 85
Content-Type: application/json; charset=utf-8
host: localhost:60426
accept: */*

Response DefaultHttpResponse(decodeResult: success, version: HTTP/1.1)
HTTP/1.1 404 Not Found
Content-Type: application/json; charset=utf-8
cache-control: no-cache
content-length: 953

12:56:31.263 [AsyncHttpClient-1-5] DEBUG org.asynchttpclient.netty.channel.ChannelManager - Adding key: http://localhost:60426 for channel [id: 0x5937c3d7, L:/127.0.0.1:55242 - R:localhost/127.0.0.1:60426]
12:56:31.368 [Forwarding findElement on session cba756ff9f1f5436645fba5c84b0881b to remote] DEBUG org.asynchttpclient.netty.request.NettyRequestSender - Using pooled Channel '[id: 0x5937c3d7, L:/127.0.0.1:55242 - R:localhost/127.0.0.1:60426]' for 'POST' to 'http://localhost:60426/session/cba756ff9f1f5436645fba5c84b0881b/element'
12:56:31.368 [Forwarding findElement on session cba756ff9f1f5436645fba5c84b0881b to remote] DEBUG org.asynchttpclient.netty.request.NettyRequestSender - Using open Channel [id: 0x5937c3d7, L:/127.0.0.1:55242 - R:localhost/127.0.0.1:60426] for POST '/session/cba756ff9f1f5436645fba5c84b0881b/element'
12:56:31.674 [AsyncHttpClient-1-1] DEBUG org.asynchttpclient.netty.channel.DefaultChannelPool - Entry count for : http://localhost:55243 : 1
12:56:32.781 [AsyncHttpClient-1-1] DEBUG org.asynchttpclient.netty.channel.DefaultChannelPool - Entry count for : http://localhost:55243 : 1
12:56:33.399 [AsyncHttpClient-1-5] DEBUG org.asynchttpclient.netty.handler.HttpHandler - 

Request DefaultHttpRequest(decodeResult: success, version: HTTP/1.1)
POST /session/cba756ff9f1f5436645fba5c84b0881b/element HTTP/1.1
User-Agent: selenium/4.1.2 (java windows)
Content-Length: 85
Content-Type: application/json; charset=utf-8
host: localhost:60426
accept: */*

Response DefaultHttpResponse(decodeResult: success, version: HTTP/1.1)
HTTP/1.1 404 Not Found
Content-Type: application/json; charset=utf-8
cache-control: no-cache
content-length: 953

12:56:33.400 [AsyncHttpClient-1-5] DEBUG org.asynchttpclient.netty.channel.ChannelManager - Adding key: http://localhost:60426 for channel [id: 0x5937c3d7, L:/127.0.0.1:55242 - R:localhost/127.0.0.1:60426]
12:56:33.406 [Forwarding screenshot on session cba756ff9f1f5436645fba5c84b0881b to remote] DEBUG org.asynchttpclient.netty.request.NettyRequestSender - Using pooled Channel '[id: 0x5937c3d7, L:/127.0.0.1:55242 - R:localhost/127.0.0.1:60426]' for 'GET' to 'http://localhost:60426/session/cba756ff9f1f5436645fba5c84b0881b/screenshot'
12:56:33.406 [Forwarding screenshot on session cba756ff9f1f5436645fba5c84b0881b to remote] DEBUG org.asynchttpclient.netty.request.NettyRequestSender - Using open Channel [id: 0x5937c3d7, L:/127.0.0.1:55242 - R:localhost/127.0.0.1:60426] for GET '/session/cba756ff9f1f5436645fba5c84b0881b/screenshot'
12:56:33.490 [AsyncHttpClient-1-5] DEBUG org.asynchttpclient.netty.handler.HttpHandler - 

Request DefaultFullHttpRequest(decodeResult: success, version: HTTP/1.1, content: EmptyByteBufBE)
GET /session/cba756ff9f1f5436645fba5c84b0881b/screenshot HTTP/1.1
User-Agent: selenium/4.1.2 (java windows)
Cache-Control: no-cache
Content-Type: application/json; charset=utf-8
host: localhost:60426
accept: */*

Response DefaultHttpResponse(decodeResult: success, version: HTTP/1.1)
HTTP/1.1 200 OK
Content-Type: application/json; charset=utf-8
cache-control: no-cache
content-length: 168952

12:56:33.491 [AsyncHttpClient-1-5] DEBUG org.asynchttpclient.netty.channel.ChannelManager - Adding key: http://localhost:60426 for channel [id: 0x5937c3d7, L:/127.0.0.1:55242 - R:localhost/127.0.0.1:60426]
12:56:33.495 [main] DEBUG net.serenitybdd.core.photography.Darkroom - Send negative for processing for target\site\serenity\9940443a2cf312439c3e2825a1c5c2b5818f7bdf9814ad33ddaa19c6c0599315.png
12:56:33.495 [Darkroom Processing Line] DEBUG net.serenitybdd.core.photography.DarkroomProcessingLine - Processing screenshot image in /var/screenshots/screenshot-8825065161347984661
12:56:33.495 [Darkroom Processing Line] DEBUG net.serenitybdd.core.photography.DarkroomProcessingLine - Saving screenshot to target\site\serenity\9940443a2cf312439c3e2825a1c5c2b5818f7bdf9814ad33ddaa19c6c0599315.png
12:56:33.500 [Forwarding getPageSource on session cba756ff9f1f5436645fba5c84b0881b to remote] DEBUG org.asynchttpclient.netty.request.NettyRequestSender - Using pooled Channel '[id: 0x5937c3d7, L:/127.0.0.1:55242 - R:localhost/127.0.0.1:60426]' for 'POST' to 'http://localhost:60426/session/cba756ff9f1f5436645fba5c84b0881b/execute/sync'
12:56:33.500 [Forwarding getPageSource on session cba756ff9f1f5436645fba5c84b0881b to remote] DEBUG org.asynchttpclient.netty.request.NettyRequestSender - Using open Channel [id: 0x5937c3d7, L:/127.0.0.1:55242 - R:localhost/127.0.0.1:60426] for POST '/session/cba756ff9f1f5436645fba5c84b0881b/execute/sync'
12:56:33.508 [AsyncHttpClient-1-5] DEBUG org.asynchttpclient.netty.handler.HttpHandler - 

Request DefaultHttpRequest(decodeResult: success, version: HTTP/1.1)
POST /session/cba756ff9f1f5436645fba5c84b0881b/execute/sync HTTP/1.1
User-Agent: selenium/4.1.2 (java windows)
Content-Length: 176
Content-Type: application/json; charset=utf-8
host: localhost:60426
accept: */*

Response DefaultHttpResponse(decodeResult: success, version: HTTP/1.1)
HTTP/1.1 200 OK
Content-Type: application/json; charset=utf-8
cache-control: no-cache
content-length: 29904

12:56:33.509 [AsyncHttpClient-1-5] DEBUG org.asynchttpclient.netty.channel.ChannelManager - Adding key: http://localhost:60426 for channel [id: 0x5937c3d7, L:/127.0.0.1:55242 - R:localhost/127.0.0.1:60426]
12:56:33.522 [Forwarding getCurrentUrl on session cba756ff9f1f5436645fba5c84b0881b to remote] DEBUG org.asynchttpclient.netty.request.NettyRequestSender - Using pooled Channel '[id: 0x5937c3d7, L:/127.0.0.1:55242 - R:localhost/127.0.0.1:60426]' for 'GET' to 'http://localhost:60426/session/cba756ff9f1f5436645fba5c84b0881b/url'
12:56:33.522 [Forwarding getCurrentUrl on session cba756ff9f1f5436645fba5c84b0881b to remote] DEBUG org.asynchttpclient.netty.request.NettyRequestSender - Using open Channel [id: 0x5937c3d7, L:/127.0.0.1:55242 - R:localhost/127.0.0.1:60426] for GET '/session/cba756ff9f1f5436645fba5c84b0881b/url'
12:56:33.531 [AsyncHttpClient-1-5] DEBUG org.asynchttpclient.netty.handler.HttpHandler - 

Request DefaultFullHttpRequest(decodeResult: success, version: HTTP/1.1, content: EmptyByteBufBE)
GET /session/cba756ff9f1f5436645fba5c84b0881b/url HTTP/1.1
User-Agent: selenium/4.1.2 (java windows)
Cache-Control: no-cache
Content-Type: application/json; charset=utf-8
host: localhost:60426
accept: */*

Response DefaultHttpResponse(decodeResult: success, version: HTTP/1.1)
HTTP/1.1 200 OK
Content-Type: application/json; charset=utf-8
cache-control: no-cache
content-length: 56

12:56:33.531 [AsyncHttpClient-1-5] DEBUG org.asynchttpclient.netty.channel.ChannelManager - Adding key: http://localhost:60426 for channel [id: 0x5937c3d7, L:/127.0.0.1:55242 - R:localhost/127.0.0.1:60426]
  &amp#27;[31mAnd &amp#27;[0m&amp#27;[31mI select all bookings&amp#27;[0m                &amp#27;[90m# starter.stepdefinitions.ManageVaccinationBookingsSteps.iSelectAllBookings()&amp#27;[0m
      &amp#27;[31mnet.thucydides.core.webdriver.exceptions.ElementShouldBeEnabledException: Expected enabled element was not enabled
	at net.serenitybdd.core.pages.WebElementFacadeImpl.waitUntilEnabled(WebElementFacadeImpl.java:1100)
	at net.serenitybdd.core.pages.WebElementFacadeImpl.waitUntilElementAvailable(WebElementFacadeImpl.java:888)
	at net.serenitybdd.core.pages.WebElementFacadeImpl.click(WebElementFacadeImpl.java:1182)
	at net.serenitybdd.core.pages.WebElementFacadeImpl.click(WebElementFacadeImpl.java:1201)
	at Automation@1.0-SNAPSHOT/starter.pages.ManageVaccinationBookingsPage.selectAllBookings(ManageVaccinationBookingsPage.java:136)
	at Automation@1.0-SNAPSHOT/starter.pages.ManageVaccinationBookingsPage$ByteBuddy$2mB6uuMo.selectAllBookings$accessor$5nrir2vK(Unknown Source)
	at java.base/jdk.internal.reflect.NativeMethodAccessorImpl.invoke0(Native Method)
	at java.base/jdk.internal.reflect.NativeMethodAccessorImpl.invoke(NativeMethodAccessorImpl.java:62)
	at java.base/jdk.internal.reflect.DelegatingMethodAccessorImpl.invoke(DelegatingMethodAccessorImpl.java:43)
	at java.base/java.lang.reflect.Method.invoke(Method.java:566)
	at net.thucydides.core.steps.BaseMethodRunner.invokeMethod(BaseMethodRunner.java:18)
	at net.thucydides.core.steps.NormalMethodRunner.invokeMethodAndNotifyFailures(NormalMethodRunner.java:18)
	at net.thucydides.core.steps.StepInterceptor.runNormalMethod(StepInterceptor.java:406)
	at net.thucydides.core.steps.StepInterceptor.testStepResult(StepInterceptor.java:191)
	at net.thucydides.core.steps.StepInterceptor.intercept(StepInterceptor.java:84)
	at net.thucydides.core.steps.ProxyConfiguration$InterceptorDispatcher.intercept(ProxyConfiguration.java:51)
	at Automation@1.0-SNAPSHOT/starter.pages.ManageVaccinationBookingsPage$ByteBuddy$2mB6uuMo.selectAllBookings(Unknown Source)
	at Automation@1.0-SNAPSHOT/starter.stepdefinitions.ManageVaccinationBookingsSteps.iSelectAllBookings(ManageVaccinationBookingsSteps.java:49)
	at âœ½.I select all bookings(file:///C:/Users/ASUSTUF/OneDrive/Documents/Capstone%20Project/Web%20Automation/src/test/resources/features/ManageVaccinationBookings.feature:18)
Caused by: org.openqa.selenium.TimeoutException: Expected condition failed: waiting for By.xpath: //input[@aria-label='Select all rows'] to be enabled (tried for 5 second(s) with 100 milliseconds interval)
	at org.openqa.selenium.support.ui.FluentWait.timeoutException(FluentWait.java:263)
	at org.openqa.selenium.support.ui.FluentWait.until(FluentWait.java:231)
	at net.serenitybdd.core.pages.WebElementFacadeImpl.waitUntilEnabled(WebElementFacadeImpl.java:1097)
	at net.serenitybdd.core.pages.WebElementFacadeImpl.waitUntilElementAvailable(WebElementFacadeImpl.java:888)
	at net.serenitybdd.core.pages.WebElementFacadeImpl.click(WebElementFacadeImpl.java:1182)
	at net.serenitybdd.core.pages.WebElementFacadeImpl.click(WebElementFacadeImpl.java:1201)
	at Automation@1.0-SNAPSHOT/starter.pages.ManageVaccinationBookingsPage.selectAllBookings(ManageVaccinationBookingsPage.java:136)
	at Automation@1.0-SNAPSHOT/starter.pages.ManageVaccinationBookingsPage$ByteBuddy$2mB6uuMo.selectAllBookings$accessor$5nrir2vK(Unknown Source)
	at java.base/jdk.internal.reflect.NativeMethodAccessorImpl.invoke0(Native Method)
	at java.base/jdk.internal.reflect.NativeMethodAccessorImpl.invoke(NativeMethodAccessorImpl.java:62)
	at java.base/jdk.internal.reflect.DelegatingMethodAccessorImpl.invoke(DelegatingMethodAccessorImpl.java:43)
	at java.base/java.lang.reflect.Method.invoke(Method.java:566)
	at net.thucydides.core.steps.BaseMethodRunner.invokeMethod(BaseMethodRunner.java:18)
	at net.thucydides.core.steps.NormalMethodRunner.invokeMethodAndNotifyFailures(NormalMethodRunner.java:18)
	at net.thucydides.core.steps.StepInterceptor.runNormalMethod(StepInterceptor.java:406)
	at net.thucydides.core.steps.StepInterceptor.testStepResult(StepInterceptor.java:191)
	at net.thucydides.core.steps.StepInterceptor.intercept(StepInterceptor.java:84)
	at net.thucydides.core.steps.ProxyConfiguration$InterceptorDispatcher.intercept(ProxyConfiguration.java:51)
	at Automation@1.0-SNAPSHOT/starter.pages.ManageVaccinationBookingsPage$ByteBuddy$2mB6uuMo.selectAllBookings(Unknown Source)
	at Automation@1.0-SNAPSHOT/starter.stepdefinitions.ManageVaccinationBookingsSteps.iSelectAllBookings(ManageVaccinationBookingsSteps.java:49)
	at java.base/jdk.internal.reflect.NativeMethodAccessorImpl.invoke0(Native Method)
	at java.base/jdk.internal.reflect.NativeMethodAccessorImpl.invoke(NativeMethodAccessorImpl.java:62)
	at java.base/jdk.internal.reflect.DelegatingMethodAccessorImpl.invoke(DelegatingMethodAccessorImpl.java:43)
	at java.base/java.lang.reflect.Method.invoke(Method.java:566)
	at io.cucumber.java.Invoker.doInvoke(Invoker.java:66)
	at io.cucumber.java.Invoker.invoke(Invoker.java:24)
	at io.cucumber.java.AbstractGlueDefinition.invokeMethod(AbstractGlueDefinition.java:47)
	at io.cucumber.java.JavaStepDefinition.execute(JavaStepDefinition.java:29)
	at io.cucumber.core.runner.CoreStepDefinition.execute(CoreStepDefinition.java:66)
	at io.cucumber.core.runner.PickleStepDefinitionMatch.runStep(PickleStepDefinitionMatch.java:63)
	at io.cucumber.core.runner.ExecutionMode$1.execute(ExecutionMode.java:10)
	at io.cucumber.core.runner.TestStep.executeStep(TestStep.java:86)
	at io.cucumber.core.runner.TestStep.run(TestStep.java:57)
	at io.cucumber.core.runner.PickleStepTestStep.run(PickleStepTestStep.java:51)
	at io.cucumber.core.runner.TestCase.run(TestCase.java:95)
	at io.cucumber.core.runner.Runner.runPickle(Runner.java:75)
	at io.cucumber.junit.PickleRunners$NoStepDescriptions.lambda$run$0(PickleRunners.java:151)
	at io.cucumber.core.runtime.CucumberExecutionContext.lambda$runTestCase$3(CucumberExecutionContext.java:151)
	at io.cucumber.core.runtime.RethrowingThrowableCollector.executeAndThrow(RethrowingThrowableCollector.java:23)
	at io.cucumber.core.runtime.CucumberExecutionContext.runTestCase(CucumberExecutionContext.java:151)
	at io.cucumber.junit.PickleRunners$NoStepDescriptions.run(PickleRunners.java:148)
	at io.cucumber.junit.FeatureRunner.runChild(FeatureRunner.java:144)
	at io.cucumber.junit.FeatureRunner.runChild(FeatureRunner.java:28)
	at org.junit.runners.ParentRunner$4.run(ParentRunner.java:331)
	at org.junit.runners.ParentRunner$1.schedule(ParentRunner.java:79)
	at org.junit.runners.ParentRunner.runChildren(ParentRunner.java:329)
	at org.junit.runners.ParentRunner.access$100(ParentRunner.java:66)
	at org.junit.runners.ParentRunner$2.evaluate(ParentRunner.java:293)
	at org.junit.runners.ParentRunner$3.evaluate(ParentRunner.java:306)
	at org.junit.runners.ParentRunner.run(ParentRunner.java:413)
	at io.cucumber.junit.FeatureRunner.run(FeatureRunner.java:137)
	at io.cucumber.junit.CucumberSerenityRunner.runChild(CucumberSerenityRunner.java:258)
	at io.cucumber.junit.CucumberSerenityRunner.runChild(CucumberSerenityRunner.java:58)
	at org.junit.runners.ParentRunner$4.run(ParentRunner.java:331)
	at org.junit.runners.ParentRunner$1.schedule(ParentRunner.java:79)
	at org.junit.runners.ParentRunner.runChildren(ParentRunner.java:329)
	at org.junit.runners.ParentRunner.access$100(ParentRunner.java:66)
	at org.junit.runners.ParentRunner$2.evaluate(ParentRunner.java:293)
	at io.cucumber.junit.CucumberSerenityRunner$RunCucumber.evaluate(CucumberSerenityRunner.java:287)
	at org.junit.runners.ParentRunner$3.evaluate(ParentRunner.java:306)
	at org.junit.runners.ParentRunner.run(ParentRunner.java:413)
	at org.junit.runner.JUnitCore.run(JUnitCore.java:137)
	at org.junit.runner.JUnitCore.run(JUnitCore.java:115)
	at org.junit.vintage.engine.execution.RunnerExecutor.execute(RunnerExecutor.java:42)
	at org.junit.vintage.engine.VintageTestEngine.executeAllChildren(VintageTestEngine.java:80)
	at org.junit.vintage.engine.VintageTestEngine.execute(VintageTestEngine.java:72)
	at org.junit.platform.launcher.core.EngineExecutionOrchestrator.execute(EngineExecutionOrchestrator.java:107)
	at org.junit.platform.launcher.core.EngineExecutionOrchestrator.execute(EngineExecutionOrchestrator.java:88)
	at org.junit.platform.launcher.core.EngineExecutionOrchestrator.lambda$execute$0(EngineExecutionOrchestrator.java:54)
	at org.junit.platform.launcher.core.EngineExecutionOrchestrator.withInterceptedStreams(EngineExecutionOrchestrator.java:67)
	at org.junit.platform.launcher.core.EngineExecutionOrchestrator.execute(EngineExecutionOrchestrator.java:52)
	at org.junit.platform.launcher.core.DefaultLauncher.execute(DefaultLauncher.java:114)
	at org.junit.platform.launcher.core.DefaultLauncher.execute(DefaultLauncher.java:86)
	at org.junit.platform.launcher.core.DefaultLauncherSession$DelegatingLauncher.execute(DefaultLauncherSession.java:86)
	at org.junit.platform.launcher.core.SessionPerRequestLauncher.execute(SessionPerRequestLauncher.java:53)
	at org.apache.maven.surefire.junitplatform.JUnitPlatformProvider.execute(JUnitPlatformProvider.java:188)
	at org.apache.maven.surefire.junitplatform.JUnitPlatformProvider.invokeAllTests(JUnitPlatformProvider.java:154)
	at org.apache.maven.surefire.junitplatform.JUnitPlatformProvider.invoke(JUnitPlatformProvider.java:128)
	at org.apache.maven.surefire.booter.ForkedBooter.runSuitesInProcess(ForkedBooter.java:428)
	at org.apache.maven.surefire.booter.ForkedBooter.execute(ForkedBooter.java:162)
	at org.apache.maven.surefire.booter.ForkedBooter.run(ForkedBooter.java:562)
	at org.apache.maven.surefire.booter.ForkedBooter.main(ForkedBooter.java:548)
Caused by: org.openqa.selenium.NoSuchElementException: no such element: Unable to locate element: {"method":"xpath","selector":"//input[@aria-label='Select all rows']"}
  (Session info: chrome=108.0.5359.125)
For documentation on this error, please visit: https://selenium.dev/exceptions/#no_such_element
Build info: version: '4.1.2', revision: '9a5a329c5a'
System info: host: 'LAPTOP-CFD9EV6G', ip: '192.168.100.7', os.name: 'Windows 11', os.arch: 'amd64', os.version: '10.0', java.version: '11.0.16'
Driver info: org.openqa.selenium.chrome.ChromeDriver
Command: [cba756ff9f1f5436645fba5c84b0881b, findElement {using=xpath, value=//input[@aria-label='Select all rows']}]
Capabilities {acceptInsecureCerts: false, browserName: chrome, browserVersion: 108.0.5359.125, chrome: {chromedriverVersion: 108.0.5359.71 (1e0e3868ee06..., userDataDir: C:\Users\ASUSTUF\AppData\Lo...}, goog:chromeOptions: {debuggerAddress: localhost:55243}, javascriptEnabled: true, networkConnectionEnabled: false, pageLoadStrategy: normal, platform: WINDOWS, platformName: WINDOWS, proxy: Proxy(), se:cdp: ws://localhost:55243/devtoo..., se:cdpVersion: 108.0.5359.125, setWindowRect: true, strictFileInteractability: false, timeouts: {implicit: 0, pageLoad: 300000, script: 30000}, unhandledPromptBehavior: dismiss and notify, webauthn:extension:credBlob: true, webauthn:extension:largeBlob: true, webauthn:virtualAuthenticators: true}
Session ID: cba756ff9f1f5436645fba5c84b0881b
	at java.base/jdk.internal.reflect.NativeConstructorAccessorImpl.newInstance0(Native Method)
	at java.base/jdk.internal.reflect.NativeConstructorAccessorImpl.newInstance(NativeConstructorAccessorImpl.java:62)
	at java.base/jdk.internal.reflect.DelegatingConstructorAccessorImpl.newInstance(DelegatingConstructorAccessorImpl.java:45)
	at java.base/java.lang.reflect.Constructor.newInstance(Constructor.java:490)
	at org.openqa.selenium.remote.codec.w3c.W3CHttpResponseCodec.createException(W3CHttpResponseCodec.java:200)
	at org.openqa.selenium.remote.codec.w3c.W3CHttpResponseCodec.decode(W3CHttpResponseCodec.java:133)
	at org.openqa.selenium.remote.codec.w3c.W3CHttpResponseCodec.decode(W3CHttpResponseCodec.java:53)
	at org.openqa.selenium.remote.HttpCommandExecutor.execute(HttpCommandExecutor.java:184)
	at org.openqa.selenium.remote.service.DriverCommandExecutor.invokeExecute(DriverCommandExecutor.java:167)
	at org.openqa.selenium.remote.service.DriverCommandExecutor.execute(DriverCommandExecutor.java:142)
	at org.openqa.selenium.remote.RemoteWebDriver.execute(RemoteWebDriver.java:558)
	at org.openqa.selenium.remote.ElementLocation$ElementFinder$2.findElement(ElementLocation.java:162)
	at org.openqa.selenium.remote.ElementLocation.findElement(ElementLocation.java:60)
	at org.openqa.selenium.remote.RemoteWebDriver.findElement(RemoteWebDriver.java:382)
	at org.openqa.selenium.remote.RemoteWebDriver.findElement(RemoteWebDriver.java:374)
	at net.thucydides.core.webdriver.WebDriverFacade.findElement(WebDriverFacade.java:224)
	at net.serenitybdd.core.pages.WebElementResolverByLocator.resolveForDriver(WebElementResolverByLocator.java:25)
	at net.serenitybdd.core.pages.WebElementFacadeImpl.getResolvedElement(WebElementFacadeImpl.java:191)
	at net.serenitybdd.core.pages.WebElementFacadeImpl.getElement(WebElementFacadeImpl.java:186)
	at net.serenitybdd.core.pages.WebElementExpectations$3.apply(WebElementExpectations.java:63)
	at net.serenitybdd.core.pages.WebElementExpectations$3.apply(WebElementExpectations.java:55)
	at org.openqa.selenium.support.ui.FluentWait.until(FluentWait.java:208)
	... 80 more
&amp#27;[0m
  &amp#27;[36mAnd &amp#27;[0m&amp#27;[36mI click Terima Semua button&amp#27;[0m          &amp#27;[90m# starter.stepdefinitions.ManageVaccinationBookingsSteps.iClickTerimaSemuaButton()&amp#27;[0m
  &amp#27;[36mThen &amp#27;[0m&amp#27;[36mthe booking will be approved&amp#27;[0m        &amp#27;[90m# starter.stepdefinitions.ManageVaccinationBookingsSteps.theBookingWillBeApproved()&amp#27;[0m
12:56:33.582 [main] ERROR  - 
  _____   ___   ___   _____     ___     _     ___   _      ___   ___  
 |_   _| | __| / __| |_   _|   | __|   /_\   |_ _| | |    | __| |   \ 
   | |   | _|  \__ \   | |     | _|   / _ \   | |  | |__  | _|  | |) |
   |_|   |___| |___/   |_|     |_|   /_/ \_\ |___| |____| |___| |___/ 

Approve all vaccination bookings
-----------------------------------------------------------------------
12:56:33.582 [main] DEBUG  - RELATED ISSUES: 
12:56:33.583 [main] ERROR  -     Test failed at step: Select all bookings
12:56:33.583 [main] ERROR  -     Expected enabled element was not enabled
12:56:33.585 [AsyncHttpClient-1-7] DEBUG org.asynchttpclient.netty.handler.WebSocketHandler - Channel Closed: [id: 0xa9a12be9, L:/127.0.0.1:55250 ! R:localhost/127.0.0.1:55243] with attribute NettyResponseFuture{currentRetry=5,
	isDone=1,
	isCancelled=0,
	asyncHandler=org.asynchttpclient.ws.WebSocketUpgradeHandler@3447c311,
	nettyRequest=org.asynchttpclient.netty.request.NettyRequest@71454bfd,
	future=java.util.concurrent.CompletableFuture@32fa1914[Completed normally],
	uri=ws://localhost:55243/devtools/browser/5e333164-fd0e-4de7-8e1c-9576489ad4cb,
	keepAlive=true,
	redirectCount=0,
	timeoutsHolder=null,
	inAuth=0,
	touch=1671429383764}
12:56:33.586 [AsyncHttpClient-1-7] DEBUG org.asynchttpclient.netty.channel.ChannelManager - Closing Channel [id: 0xa9a12be9, L:/127.0.0.1:55250 ! R:localhost/127.0.0.1:55243] 
12:56:33.587 [Driver Command Executor] DEBUG org.asynchttpclient.netty.request.NettyRequestSender - Using pooled Channel '[id: 0x5937c3d7, L:/127.0.0.1:55242 - R:localhost/127.0.0.1:60426]' for 'DELETE' to 'http://localhost:60426/session/cba756ff9f1f5436645fba5c84b0881b'
12:56:33.587 [Driver Command Executor] DEBUG org.asynchttpclient.netty.request.NettyRequestSender - Using open Channel [id: 0x5937c3d7, L:/127.0.0.1:55242 - R:localhost/127.0.0.1:60426] for DELETE '/session/cba756ff9f1f5436645fba5c84b0881b'
12:56:33.619 [AsyncHttpClient-1-6] DEBUG org.asynchttpclient.netty.handler.HttpHandler - Unexpected I/O exception on channel [id: 0x877a1d56, L:/127.0.0.1:55249 - R:localhost/127.0.0.1:55243]
java.io.IOException: An existing connection was forcibly closed by the remote host
	at java.base/sun.nio.ch.SocketDispatcher.read0(Native Method)
	at java.base/sun.nio.ch.SocketDispatcher.read(SocketDispatcher.java:43)
	at java.base/sun.nio.ch.IOUtil.readIntoNativeBuffer(IOUtil.java:276)
	at java.base/sun.nio.ch.IOUtil.read(IOUtil.java:233)
	at java.base/sun.nio.ch.IOUtil.read(IOUtil.java:223)
	at java.base/sun.nio.ch.SocketChannelImpl.read(SocketChannelImpl.java:358)
	at io.netty.buffer.PooledByteBuf.setBytes(PooledByteBuf.java:258)
	at io.netty.buffer.AbstractByteBuf.writeBytes(AbstractByteBuf.java:1132)
	at io.netty.channel.socket.nio.NioSocketChannel.doReadBytes(NioSocketChannel.java:350)
	at io.netty.channel.nio.AbstractNioByteChannel$NioByteUnsafe.read(AbstractNioByteChannel.java:151)
	at io.netty.channel.nio.NioEventLoop.processSelectedKey(NioEventLoop.java:722)
	at io.netty.channel.nio.NioEventLoop.processSelectedKeysOptimized(NioEventLoop.java:658)
	at io.netty.channel.nio.NioEventLoop.processSelectedKeys(NioEventLoop.java:584)
	at io.netty.channel.nio.NioEventLoop.run(NioEventLoop.java:496)
	at io.netty.util.concurrent.SingleThreadEventExecutor$4.run(SingleThreadEventExecutor.java:986)
	at io.netty.util.internal.ThreadExecutorMap$2.run(ThreadExecutorMap.java:74)
	at io.netty.util.concurrent.FastThreadLocalRunnable.run(FastThreadLocalRunnable.java:30)
	at java.base/java.lang.Thread.run(Thread.java:834)
12:56:33.619 [AsyncHttpClient-1-6] DEBUG org.asynchttpclient.netty.channel.ChannelManager - Closing Channel [id: 0x877a1d56, L:/127.0.0.1:55249 - R:localhost/127.0.0.1:55243] 
12:56:33.620 [AsyncHttpClient-1-6] DEBUG org.asynchttpclient.netty.handler.HttpHandler - Channel Closed: [id: 0x877a1d56, L:/127.0.0.1:55249 ! R:localhost/127.0.0.1:55243] with attribute DISCARD
12:56:33.654 [AsyncHttpClient-1-5] DEBUG org.asynchttpclient.netty.handler.HttpHandler - 

Request DefaultFullHttpRequest(decodeResult: success, version: HTTP/1.1, content: EmptyByteBufBE)
DELETE /session/cba756ff9f1f5436645fba5c84b0881b HTTP/1.1
User-Agent: selenium/4.1.2 (java windows)
Content-Type: application/json; charset=utf-8
host: localhost:60426
accept: */*

Response DefaultHttpResponse(decodeResult: success, version: HTTP/1.1)
HTTP/1.1 200 OK
Content-Type: application/json; charset=utf-8
cache-control: no-cache
content-length: 14

12:56:33.655 [AsyncHttpClient-1-5] DEBUG org.asynchttpclient.netty.channel.ChannelManager - Adding key: http://localhost:60426 for channel [id: 0x5937c3d7, L:/127.0.0.1:55242 - R:localhost/127.0.0.1:60426]
12:56:33.726 [AsyncHttpClient-1-5] DEBUG org.asynchttpclient.netty.handler.HttpHandler - Channel Closed: [id: 0x5937c3d7, L:/127.0.0.1:55242 ! R:localhost/127.0.0.1:60426] with attribute DISCARD
]]></system-out>
    <system-err><![CDATA[Starting ChromeDriver 108.0.5359.71 (1e0e3868ee06e91ad636a874420e3ca3ae3756ac-refs/branch-heads/5359@{#1016}) on port 60426
Only local connections are allowed.
Please see https://chromedriver.chromium.org/security-considerations for suggestions on keeping ChromeDriver safe.
ChromeDriver was started successfully.
Dec 19, 2022 12:56:23 PM org.openqa.selenium.remote.ProtocolHandshake createSession
INFO: Detected dialect: W3C
Dec 19, 2022 12:56:23 PM org.openqa.selenium.devtools.CdpVersionFinder findNearestMatch
WARNING: Unable to find an exact match for CDP version 108, so returning the closest version found: a no-op implementation
Dec 19, 2022 12:56:23 PM org.openqa.selenium.devtools.CdpVersionFinder findNearestMatch
INFO: Unable to find CDP implementation matching 108.
Dec 19, 2022 12:56:23 PM org.openqa.selenium.chromium.ChromiumDriver lambda$new$3
WARNING: Unable to find version of CDP to use for . You may need to include a dependency on a specific version of the CDP using something similar to `org.seleniumhq.selenium:selenium-devtools-v86:4.1.2` where the version ("v86") matches the version of the chromium-based browser you're using and the version number of the artifact is the same as Selenium's.
]]></system-err>
  </testcase>
  <testcase name="Reject a vaccination booking" classname="Manage vaccination bookings" time="12.325">
    <error type="net.thucydides.core.webdriver.exceptions.ElementShouldBeEnabledException"><![CDATA[net.thucydides.core.webdriver.exceptions.ElementShouldBeEnabledException: Expected enabled element was not enabled
Caused by: org.openqa.selenium.TimeoutException: Expected condition failed: waiting for By.xpath: //button[@fdprocessedid='xn9icp'] to be enabled (tried for 5 second(s) with 100 milliseconds interval)
Caused by: org.openqa.selenium.NoSuchElementException: 
no such element: Unable to locate element: {"method":"xpath","selector":"//button[@fdprocessedid='xn9icp']"}
  (Session info: chrome=108.0.5359.125)
For documentation on this error, please visit: https://selenium.dev/exceptions/#no_such_element
Build info: version: '4.1.2', revision: '9a5a329c5a'
System info: host: 'LAPTOP-CFD9EV6G', ip: '192.168.100.7', os.name: 'Windows 11', os.arch: 'amd64', os.version: '10.0', java.version: '11.0.16'
Driver info: org.openqa.selenium.chrome.ChromeDriver
Command: [543a5fb50a27d6772daaafbbd73145e6, findElement {using=xpath, value=//button[@fdprocessedid='xn9icp']}]
Capabilities {acceptInsecureCerts: false, browserName: chrome, browserVersion: 108.0.5359.125, chrome: {chromedriverVersion: 108.0.5359.71 (1e0e3868ee06..., userDataDir: C:\Users\ASUSTUF\AppData\Lo...}, goog:chromeOptions: {debuggerAddress: localhost:55275}, javascriptEnabled: true, networkConnectionEnabled: false, pageLoadStrategy: normal, platform: WINDOWS, platformName: WINDOWS, proxy: Proxy(), se:cdp: ws://localhost:55275/devtoo..., se:cdpVersion: 108.0.5359.125, setWindowRect: true, strictFileInteractability: false, timeouts: {implicit: 0, pageLoad: 300000, script: 30000}, unhandledPromptBehavior: dismiss and notify, webauthn:extension:credBlob: true, webauthn:extension:largeBlob: true, webauthn:virtualAuthenticators: true}
Session ID: 543a5fb50a27d6772daaafbbd73145e6
]]></error>
    <system-out><![CDATA[
Scenario: Reject a vaccination booking &amp#27;[90m# src/test/resources/features/ManageVaccinationBookings.feature:22&amp#27;[0m
12:56:33.835 [main] INFO io.cucumber.core.plugin.SerenityReporter - Running feature from file:///C:/Users/ASUSTUF/OneDrive/Documents/Capstone%20Project/Web%20Automation/src/test/resources/features/ManageVaccinationBookings.feature
12:56:33.843 [main] INFO  - 
  _____   ___   ___   _____     ___   _____     _     ___   _____   ___   ___  
 |_   _| | __| / __| |_   _|   / __| |_   _|   /_\   | _ \ |_   _| | __| |   \ 
   | |   | _|  \__ \   | |     \__ \   | |    / _ \  |   /   | |   | _|  | |) |
   |_|   |___| |___/   |_|     |___/   |_|   /_/ \_\ |_|_\   |_|   |___| |___/ 

Reject a vaccination booking(manage-vaccination-bookings;reject-a-vaccination-booking)
--------------------------------------------------------------------------------
12:56:33.873 [AsyncHttpClient-1-1] DEBUG org.asynchttpclient.netty.channel.DefaultChannelPool - Entry count for : http://localhost:55243 : 1
12:56:33.873 [AsyncHttpClient-1-1] DEBUG org.asynchttpclient.netty.channel.DefaultChannelPool - Entry count for : http://localhost:60426 : 1
12:56:33.873 [AsyncHttpClient-1-1] DEBUG org.asynchttpclient.netty.channel.DefaultChannelPool - Adding Candidate expired Channel [id: 0x877a1d56, L:/127.0.0.1:55249 ! R:localhost/127.0.0.1:55243] isIdleTimeoutExpired=false isRemotelyClosed=true isTtlExpired=false
12:56:33.873 [AsyncHttpClient-1-1] DEBUG org.asynchttpclient.netty.channel.DefaultChannelPool - Closing Idle Channel [id: 0x877a1d56, L:/127.0.0.1:55249 ! R:localhost/127.0.0.1:55243]
12:56:33.873 [AsyncHttpClient-1-1] DEBUG org.asynchttpclient.netty.channel.DefaultChannelPool - Adding Candidate expired Channel [id: 0x5937c3d7, L:/127.0.0.1:55242 ! R:localhost/127.0.0.1:60426] isIdleTimeoutExpired=false isRemotelyClosed=true isTtlExpired=false
12:56:33.873 [AsyncHttpClient-1-1] DEBUG org.asynchttpclient.netty.channel.DefaultChannelPool - Closing Idle Channel [id: 0x5937c3d7, L:/127.0.0.1:55242 ! R:localhost/127.0.0.1:60426]
12:56:33.873 [AsyncHttpClient-1-1] DEBUG org.asynchttpclient.netty.channel.DefaultChannelPool - Closed 2 connections out of 2 in 0 ms
12:56:33.892 [main] INFO net.serenitybdd.core.webdriver.driverproviders.ChromeDriverProvider - Using automatically driver download
12:56:33.991 [main] DEBUG io.github.bonigarcia.wdm.cache.ResolutionCache - Resolution chrome=108 in cache (valid until 13:44:30 19/12/2022 ICT)
12:56:33.994 [main] DEBUG io.github.bonigarcia.wdm.cache.ResolutionCache - Resolution chrome108=108.0.5359.71 in cache (valid until 12:44:30 20/12/2022 ICT)
12:56:33.995 [main] INFO io.github.bonigarcia.wdm.WebDriverManager - Using chromedriver 108.0.5359.71 (resolved driver for Chrome 108)
12:56:34.009 [main] DEBUG io.github.bonigarcia.wdm.WebDriverManager - Driver chromedriver 108.0.5359.71 found in cache
12:56:34.010 [main] INFO io.github.bonigarcia.wdm.WebDriverManager - Exporting webdriver.chrome.driver as C:\Users\ASUSTUF\.cache\selenium\chromedriver\win32\108.0.5359.71\chromedriver.exe
12:56:34.144 [main] DEBUG net.serenitybdd.core.webdriver.driverproviders.ProvideNewDriver - Instantiating driver
12:56:34.144 [main] DEBUG net.serenitybdd.core.webdriver.driverproviders.ProvideNewDriver - Driver capabilities: Capabilities {acceptInsecureCerts: false, base.url: https://vaksin-id.netlify.app/, browserName: chrome, chrome.driver: src/test/resources/webdrive..., driver: chrome, goog:chromeOptions: {args: [], extensions: []}}
12:56:34.542 [AsyncHttpClient-1-8] DEBUG org.asynchttpclient.netty.channel.NettyConnectListener - Using new Channel '[id: 0x7be0f79c, L:/127.0.0.1:55273 - R:localhost/127.0.0.1:51042]' for 'POST' to '/session'
12:56:35.495 [AsyncHttpClient-1-8] DEBUG org.asynchttpclient.netty.handler.HttpHandler - 

Request DefaultHttpRequest(decodeResult: success, version: HTTP/1.1)
POST /session HTTP/1.1
User-Agent: selenium/4.1.2 (java windows)
Content-Length: 616
Content-Type: application/json; charset=utf-8
host: localhost:51042
accept: */*

Response DefaultHttpResponse(decodeResult: success, version: HTTP/1.1)
HTTP/1.1 200 OK
Content-Type: application/json; charset=utf-8
cache-control: no-cache
content-length: 793

12:56:35.496 [AsyncHttpClient-1-8] DEBUG org.asynchttpclient.netty.channel.ChannelManager - Adding key: http://localhost:51042 for channel [id: 0x7be0f79c, L:/127.0.0.1:55273 - R:localhost/127.0.0.1:51042]
12:56:35.514 [AsyncHttpClient-1-9] DEBUG org.asynchttpclient.netty.channel.NettyConnectListener - Using new Channel '[id: 0x1c602a54, L:/127.0.0.1:55282 - R:localhost/127.0.0.1:55275]' for 'GET' to '/json/version'
12:56:35.531 [AsyncHttpClient-1-9] DEBUG org.asynchttpclient.netty.handler.HttpHandler - 

Request DefaultFullHttpRequest(decodeResult: success, version: HTTP/1.1, content: EmptyByteBufBE)
GET /json/version HTTP/1.1
User-Agent: selenium/4.1.2 (java windows)
host: localhost:55275
accept: */*

Response DefaultHttpResponse(decodeResult: success, version: HTTP/1.1)
HTTP/1.1 200 OK
Content-Type: application/json; charset=UTF-8
content-length: 424

12:56:35.532 [AsyncHttpClient-1-9] DEBUG org.asynchttpclient.netty.channel.ChannelManager - Adding key: http://localhost:55275 for channel [id: 0x1c602a54, L:/127.0.0.1:55282 - R:localhost/127.0.0.1:55275]
12:56:35.537 [AsyncHttpClient-1-10] DEBUG org.asynchttpclient.netty.channel.NettyConnectListener - Using new Channel '[id: 0x335ff862, L:/127.0.0.1:55283 - R:localhost/127.0.0.1:55275]' for 'GET' to '/devtools/browser/26f4ce1d-aa0d-4aa2-919f-c3c40556b767'
12:56:35.555 [AsyncHttpClient-1-10] DEBUG org.asynchttpclient.netty.handler.WebSocketHandler - 

Request DefaultFullHttpRequest(decodeResult: success, version: HTTP/1.1, content: EmptyByteBufBE)
GET /devtools/browser/26f4ce1d-aa0d-4aa2-919f-c3c40556b767 HTTP/1.1
upgrade: websocket
connection: upgrade
sec-websocket-key: DFwXO9oFu8oxJZpcdS9d1A==
sec-websocket-version: 13
origin: http://localhost:55275
host: localhost:55275
accept: */*
user-agent: AHC/2.1

Response DefaultHttpResponse(decodeResult: success, version: HTTP/1.1)
HTTP/1.1 101 WebSocket Protocol Handshake
Upgrade: WebSocket
Connection: Upgrade
Sec-WebSocket-Accept: xb39gp1J84Elylkh70oOuR8yb1s=

12:56:35.567 [Forwarding get on session 543a5fb50a27d6772daaafbbd73145e6 to remote] DEBUG org.asynchttpclient.netty.request.NettyRequestSender - Using pooled Channel '[id: 0x7be0f79c, L:/127.0.0.1:55273 - R:localhost/127.0.0.1:51042]' for 'POST' to 'http://localhost:51042/session/543a5fb50a27d6772daaafbbd73145e6/url'
12:56:35.567 [Forwarding get on session 543a5fb50a27d6772daaafbbd73145e6 to remote] DEBUG org.asynchttpclient.netty.request.NettyRequestSender - Using open Channel [id: 0x7be0f79c, L:/127.0.0.1:55273 - R:localhost/127.0.0.1:51042] for POST '/session/543a5fb50a27d6772daaafbbd73145e6/url'
12:56:36.074 [AsyncHttpClient-1-1] DEBUG org.asynchttpclient.netty.channel.DefaultChannelPool - Entry count for : http://localhost:55275 : 1
12:56:36.509 [AsyncHttpClient-1-8] DEBUG org.asynchttpclient.netty.handler.HttpHandler - 

Request DefaultHttpRequest(decodeResult: success, version: HTTP/1.1)
POST /session/543a5fb50a27d6772daaafbbd73145e6/url HTTP/1.1
User-Agent: selenium/4.1.2 (java windows)
Content-Length: 60
Content-Type: application/json; charset=utf-8
host: localhost:51042
accept: */*

Response DefaultHttpResponse(decodeResult: success, version: HTTP/1.1)
HTTP/1.1 200 OK
Content-Type: application/json; charset=utf-8
cache-control: no-cache
content-length: 14

12:56:36.510 [AsyncHttpClient-1-8] DEBUG org.asynchttpclient.netty.channel.ChannelManager - Adding key: http://localhost:51042 for channel [id: 0x7be0f79c, L:/127.0.0.1:55273 - R:localhost/127.0.0.1:51042]
12:56:36.515 [Forwarding setTimeout on session 543a5fb50a27d6772daaafbbd73145e6 to remote] DEBUG org.asynchttpclient.netty.request.NettyRequestSender - Using pooled Channel '[id: 0x7be0f79c, L:/127.0.0.1:55273 - R:localhost/127.0.0.1:51042]' for 'POST' to 'http://localhost:51042/session/543a5fb50a27d6772daaafbbd73145e6/timeouts'
12:56:36.515 [Forwarding setTimeout on session 543a5fb50a27d6772daaafbbd73145e6 to remote] DEBUG org.asynchttpclient.netty.request.NettyRequestSender - Using open Channel [id: 0x7be0f79c, L:/127.0.0.1:55273 - R:localhost/127.0.0.1:51042] for POST '/session/543a5fb50a27d6772daaafbbd73145e6/timeouts'
12:56:36.518 [AsyncHttpClient-1-8] DEBUG org.asynchttpclient.netty.handler.HttpHandler - 

Request DefaultHttpRequest(decodeResult: success, version: HTTP/1.1)
POST /session/543a5fb50a27d6772daaafbbd73145e6/timeouts HTTP/1.1
User-Agent: selenium/4.1.2 (java windows)
Content-Length: 22
Content-Type: application/json; charset=utf-8
host: localhost:51042
accept: */*

Response DefaultHttpResponse(decodeResult: success, version: HTTP/1.1)
HTTP/1.1 200 OK
Content-Type: application/json; charset=utf-8
cache-control: no-cache
content-length: 14

12:56:36.519 [AsyncHttpClient-1-8] DEBUG org.asynchttpclient.netty.channel.ChannelManager - Adding key: http://localhost:51042 for channel [id: 0x7be0f79c, L:/127.0.0.1:55273 - R:localhost/127.0.0.1:51042]
12:56:36.524 [Forwarding getCurrentUrl on session 543a5fb50a27d6772daaafbbd73145e6 to remote] DEBUG org.asynchttpclient.netty.request.NettyRequestSender - Using pooled Channel '[id: 0x7be0f79c, L:/127.0.0.1:55273 - R:localhost/127.0.0.1:51042]' for 'GET' to 'http://localhost:51042/session/543a5fb50a27d6772daaafbbd73145e6/url'
12:56:36.524 [Forwarding getCurrentUrl on session 543a5fb50a27d6772daaafbbd73145e6 to remote] DEBUG org.asynchttpclient.netty.request.NettyRequestSender - Using open Channel [id: 0x7be0f79c, L:/127.0.0.1:55273 - R:localhost/127.0.0.1:51042] for GET '/session/543a5fb50a27d6772daaafbbd73145e6/url'
12:56:36.534 [AsyncHttpClient-1-8] DEBUG org.asynchttpclient.netty.handler.HttpHandler - 

Request DefaultFullHttpRequest(decodeResult: success, version: HTTP/1.1, content: EmptyByteBufBE)
GET /session/543a5fb50a27d6772daaafbbd73145e6/url HTTP/1.1
User-Agent: selenium/4.1.2 (java windows)
Cache-Control: no-cache
Content-Type: application/json; charset=utf-8
host: localhost:51042
accept: */*

Response DefaultHttpResponse(decodeResult: success, version: HTTP/1.1)
HTTP/1.1 200 OK
Content-Type: application/json; charset=utf-8
cache-control: no-cache
content-length: 42

12:56:36.535 [AsyncHttpClient-1-8] DEBUG org.asynchttpclient.netty.channel.ChannelManager - Adding key: http://localhost:51042 for channel [id: 0x7be0f79c, L:/127.0.0.1:55273 - R:localhost/127.0.0.1:51042]
  &amp#27;[32mGiven &amp#27;[0m&amp#27;[32mI am on landing page&amp#27;[0m           &amp#27;[90m# starter.stepdefinitions.ManageVaccinationBookingsSteps.iAmOnLandingPage()&amp#27;[0m
12:56:36.546 [Forwarding screenshot on session 543a5fb50a27d6772daaafbbd73145e6 to remote] DEBUG org.asynchttpclient.netty.request.NettyRequestSender - Using pooled Channel '[id: 0x7be0f79c, L:/127.0.0.1:55273 - R:localhost/127.0.0.1:51042]' for 'GET' to 'http://localhost:51042/session/543a5fb50a27d6772daaafbbd73145e6/screenshot'
12:56:36.546 [Forwarding screenshot on session 543a5fb50a27d6772daaafbbd73145e6 to remote] DEBUG org.asynchttpclient.netty.request.NettyRequestSender - Using open Channel [id: 0x7be0f79c, L:/127.0.0.1:55273 - R:localhost/127.0.0.1:51042] for GET '/session/543a5fb50a27d6772daaafbbd73145e6/screenshot'
12:56:37.163 [AsyncHttpClient-1-8] DEBUG org.asynchttpclient.netty.handler.HttpHandler - 

Request DefaultFullHttpRequest(decodeResult: success, version: HTTP/1.1, content: EmptyByteBufBE)
GET /session/543a5fb50a27d6772daaafbbd73145e6/screenshot HTTP/1.1
User-Agent: selenium/4.1.2 (java windows)
Cache-Control: no-cache
Content-Type: application/json; charset=utf-8
host: localhost:51042
accept: */*

Response DefaultHttpResponse(decodeResult: success, version: HTTP/1.1)
HTTP/1.1 200 OK
Content-Type: application/json; charset=utf-8
cache-control: no-cache
content-length: 526956

12:56:37.165 [AsyncHttpClient-1-8] DEBUG org.asynchttpclient.netty.channel.ChannelManager - Adding key: http://localhost:51042 for channel [id: 0x7be0f79c, L:/127.0.0.1:55273 - R:localhost/127.0.0.1:51042]
12:56:37.179 [AsyncHttpClient-1-1] DEBUG org.asynchttpclient.netty.channel.DefaultChannelPool - Entry count for : http://localhost:55275 : 1
12:56:37.179 [AsyncHttpClient-1-1] DEBUG org.asynchttpclient.netty.channel.DefaultChannelPool - Entry count for : http://localhost:51042 : 1
12:56:37.184 [main] DEBUG net.serenitybdd.core.photography.Darkroom - Send negative for processing for target\site\serenity\d36732357a2856fb82b70a6d9596e9daa39267a5da57b739dbbf58c46876f408.png
12:56:37.185 [Darkroom Processing Line] DEBUG net.serenitybdd.core.photography.DarkroomProcessingLine - Processing screenshot image in /var/screenshots/screenshot-174155474262196325
12:56:37.185 [Darkroom Processing Line] DEBUG net.serenitybdd.core.photography.DarkroomProcessingLine - Saving screenshot to target\site\serenity\d36732357a2856fb82b70a6d9596e9daa39267a5da57b739dbbf58c46876f408.png
12:56:37.196 [Forwarding findElement on session 543a5fb50a27d6772daaafbbd73145e6 to remote] DEBUG org.asynchttpclient.netty.request.NettyRequestSender - Using pooled Channel '[id: 0x7be0f79c, L:/127.0.0.1:55273 - R:localhost/127.0.0.1:51042]' for 'POST' to 'http://localhost:51042/session/543a5fb50a27d6772daaafbbd73145e6/element'
12:56:37.196 [Forwarding findElement on session 543a5fb50a27d6772daaafbbd73145e6 to remote] DEBUG org.asynchttpclient.netty.request.NettyRequestSender - Using open Channel [id: 0x7be0f79c, L:/127.0.0.1:55273 - R:localhost/127.0.0.1:51042] for POST '/session/543a5fb50a27d6772daaafbbd73145e6/element'
12:56:37.214 [AsyncHttpClient-1-8] DEBUG org.asynchttpclient.netty.handler.HttpHandler - 

Request DefaultHttpRequest(decodeResult: success, version: HTTP/1.1)
POST /session/543a5fb50a27d6772daaafbbd73145e6/element HTTP/1.1
User-Agent: selenium/4.1.2 (java windows)
Content-Length: 315
Content-Type: application/json; charset=utf-8
host: localhost:51042
accept: */*

Response DefaultHttpResponse(decodeResult: success, version: HTTP/1.1)
HTTP/1.1 200 OK
Content-Type: application/json; charset=utf-8
cache-control: no-cache
content-length: 88

12:56:37.214 [AsyncHttpClient-1-8] DEBUG org.asynchttpclient.netty.channel.ChannelManager - Adding key: http://localhost:51042 for channel [id: 0x7be0f79c, L:/127.0.0.1:55273 - R:localhost/127.0.0.1:51042]
12:56:37.216 [Forwarding getElementTagName on session 543a5fb50a27d6772daaafbbd73145e6 to remote] DEBUG org.asynchttpclient.netty.request.NettyRequestSender - Using pooled Channel '[id: 0x7be0f79c, L:/127.0.0.1:55273 - R:localhost/127.0.0.1:51042]' for 'GET' to 'http://localhost:51042/session/543a5fb50a27d6772daaafbbd73145e6/element/eaa245f3-5bd6-4891-8a67-95064892be89/name'
12:56:37.216 [Forwarding getElementTagName on session 543a5fb50a27d6772daaafbbd73145e6 to remote] DEBUG org.asynchttpclient.netty.request.NettyRequestSender - Using open Channel [id: 0x7be0f79c, L:/127.0.0.1:55273 - R:localhost/127.0.0.1:51042] for GET '/session/543a5fb50a27d6772daaafbbd73145e6/element/eaa245f3-5bd6-4891-8a67-95064892be89/name'
12:56:37.221 [AsyncHttpClient-1-8] DEBUG org.asynchttpclient.netty.handler.HttpHandler - 

Request DefaultFullHttpRequest(decodeResult: success, version: HTTP/1.1, content: EmptyByteBufBE)
GET /session/543a5fb50a27d6772daaafbbd73145e6/element/eaa245f3-5bd6-4891-8a67-95064892be89/name HTTP/1.1
User-Agent: selenium/4.1.2 (java windows)
Cache-Control: no-cache
Content-Type: application/json; charset=utf-8
host: localhost:51042
accept: */*

Response DefaultHttpResponse(decodeResult: success, version: HTTP/1.1)
HTTP/1.1 200 OK
Content-Type: application/json; charset=utf-8
cache-control: no-cache
content-length: 18

12:56:37.222 [AsyncHttpClient-1-8] DEBUG org.asynchttpclient.netty.channel.ChannelManager - Adding key: http://localhost:51042 for channel [id: 0x7be0f79c, L:/127.0.0.1:55273 - R:localhost/127.0.0.1:51042]
12:56:37.223 [Forwarding getElementTagName on session 543a5fb50a27d6772daaafbbd73145e6 to remote] DEBUG org.asynchttpclient.netty.request.NettyRequestSender - Using pooled Channel '[id: 0x7be0f79c, L:/127.0.0.1:55273 - R:localhost/127.0.0.1:51042]' for 'GET' to 'http://localhost:51042/session/543a5fb50a27d6772daaafbbd73145e6/element/eaa245f3-5bd6-4891-8a67-95064892be89/name'
12:56:37.223 [Forwarding getElementTagName on session 543a5fb50a27d6772daaafbbd73145e6 to remote] DEBUG org.asynchttpclient.netty.request.NettyRequestSender - Using open Channel [id: 0x7be0f79c, L:/127.0.0.1:55273 - R:localhost/127.0.0.1:51042] for GET '/session/543a5fb50a27d6772daaafbbd73145e6/element/eaa245f3-5bd6-4891-8a67-95064892be89/name'
12:56:37.228 [AsyncHttpClient-1-8] DEBUG org.asynchttpclient.netty.handler.HttpHandler - 

Request DefaultFullHttpRequest(decodeResult: success, version: HTTP/1.1, content: EmptyByteBufBE)
GET /session/543a5fb50a27d6772daaafbbd73145e6/element/eaa245f3-5bd6-4891-8a67-95064892be89/name HTTP/1.1
User-Agent: selenium/4.1.2 (java windows)
Cache-Control: no-cache
Content-Type: application/json; charset=utf-8
host: localhost:51042
accept: */*

Response DefaultHttpResponse(decodeResult: success, version: HTTP/1.1)
HTTP/1.1 200 OK
Content-Type: application/json; charset=utf-8
cache-control: no-cache
content-length: 18

12:56:37.228 [AsyncHttpClient-1-8] DEBUG org.asynchttpclient.netty.channel.ChannelManager - Adding key: http://localhost:51042 for channel [id: 0x7be0f79c, L:/127.0.0.1:55273 - R:localhost/127.0.0.1:51042]
12:56:37.230 [Forwarding isElementEnabled on session 543a5fb50a27d6772daaafbbd73145e6 to remote] DEBUG org.asynchttpclient.netty.request.NettyRequestSender - Using pooled Channel '[id: 0x7be0f79c, L:/127.0.0.1:55273 - R:localhost/127.0.0.1:51042]' for 'GET' to 'http://localhost:51042/session/543a5fb50a27d6772daaafbbd73145e6/element/eaa245f3-5bd6-4891-8a67-95064892be89/enabled'
12:56:37.230 [Forwarding isElementEnabled on session 543a5fb50a27d6772daaafbbd73145e6 to remote] DEBUG org.asynchttpclient.netty.request.NettyRequestSender - Using open Channel [id: 0x7be0f79c, L:/127.0.0.1:55273 - R:localhost/127.0.0.1:51042] for GET '/session/543a5fb50a27d6772daaafbbd73145e6/element/eaa245f3-5bd6-4891-8a67-95064892be89/enabled'
12:56:37.236 [AsyncHttpClient-1-8] DEBUG org.asynchttpclient.netty.handler.HttpHandler - 

Request DefaultFullHttpRequest(decodeResult: success, version: HTTP/1.1, content: EmptyByteBufBE)
GET /session/543a5fb50a27d6772daaafbbd73145e6/element/eaa245f3-5bd6-4891-8a67-95064892be89/enabled HTTP/1.1
User-Agent: selenium/4.1.2 (java windows)
Cache-Control: no-cache
Content-Type: application/json; charset=utf-8
host: localhost:51042
accept: */*

Response DefaultHttpResponse(decodeResult: success, version: HTTP/1.1)
HTTP/1.1 200 OK
Content-Type: application/json; charset=utf-8
cache-control: no-cache
content-length: 14

12:56:37.236 [AsyncHttpClient-1-8] DEBUG org.asynchttpclient.netty.channel.ChannelManager - Adding key: http://localhost:51042 for channel [id: 0x7be0f79c, L:/127.0.0.1:55273 - R:localhost/127.0.0.1:51042]
12:56:37.237 [Forwarding isElementEnabled on session 543a5fb50a27d6772daaafbbd73145e6 to remote] DEBUG org.asynchttpclient.netty.request.NettyRequestSender - Using pooled Channel '[id: 0x7be0f79c, L:/127.0.0.1:55273 - R:localhost/127.0.0.1:51042]' for 'GET' to 'http://localhost:51042/session/543a5fb50a27d6772daaafbbd73145e6/element/eaa245f3-5bd6-4891-8a67-95064892be89/enabled'
12:56:37.237 [Forwarding isElementEnabled on session 543a5fb50a27d6772daaafbbd73145e6 to remote] DEBUG org.asynchttpclient.netty.request.NettyRequestSender - Using open Channel [id: 0x7be0f79c, L:/127.0.0.1:55273 - R:localhost/127.0.0.1:51042] for GET '/session/543a5fb50a27d6772daaafbbd73145e6/element/eaa245f3-5bd6-4891-8a67-95064892be89/enabled'
12:56:37.242 [AsyncHttpClient-1-8] DEBUG org.asynchttpclient.netty.handler.HttpHandler - 

Request DefaultFullHttpRequest(decodeResult: success, version: HTTP/1.1, content: EmptyByteBufBE)
GET /session/543a5fb50a27d6772daaafbbd73145e6/element/eaa245f3-5bd6-4891-8a67-95064892be89/enabled HTTP/1.1
User-Agent: selenium/4.1.2 (java windows)
Cache-Control: no-cache
Content-Type: application/json; charset=utf-8
host: localhost:51042
accept: */*

Response DefaultHttpResponse(decodeResult: success, version: HTTP/1.1)
HTTP/1.1 200 OK
Content-Type: application/json; charset=utf-8
cache-control: no-cache
content-length: 14

12:56:37.242 [AsyncHttpClient-1-8] DEBUG org.asynchttpclient.netty.channel.ChannelManager - Adding key: http://localhost:51042 for channel [id: 0x7be0f79c, L:/127.0.0.1:55273 - R:localhost/127.0.0.1:51042]
12:56:37.243 [Forwarding findElement on session 543a5fb50a27d6772daaafbbd73145e6 to remote] DEBUG org.asynchttpclient.netty.request.NettyRequestSender - Using pooled Channel '[id: 0x7be0f79c, L:/127.0.0.1:55273 - R:localhost/127.0.0.1:51042]' for 'POST' to 'http://localhost:51042/session/543a5fb50a27d6772daaafbbd73145e6/element'
12:56:37.243 [Forwarding findElement on session 543a5fb50a27d6772daaafbbd73145e6 to remote] DEBUG org.asynchttpclient.netty.request.NettyRequestSender - Using open Channel [id: 0x7be0f79c, L:/127.0.0.1:55273 - R:localhost/127.0.0.1:51042] for POST '/session/543a5fb50a27d6772daaafbbd73145e6/element'
12:56:37.248 [AsyncHttpClient-1-8] DEBUG org.asynchttpclient.netty.handler.HttpHandler - 

Request DefaultHttpRequest(decodeResult: success, version: HTTP/1.1)
POST /session/543a5fb50a27d6772daaafbbd73145e6/element HTTP/1.1
User-Agent: selenium/4.1.2 (java windows)
Content-Length: 315
Content-Type: application/json; charset=utf-8
host: localhost:51042
accept: */*

Response DefaultHttpResponse(decodeResult: success, version: HTTP/1.1)
HTTP/1.1 200 OK
Content-Type: application/json; charset=utf-8
cache-control: no-cache
content-length: 88

12:56:37.248 [AsyncHttpClient-1-8] DEBUG org.asynchttpclient.netty.channel.ChannelManager - Adding key: http://localhost:51042 for channel [id: 0x7be0f79c, L:/127.0.0.1:55273 - R:localhost/127.0.0.1:51042]
12:56:37.250 [Forwarding clickElement on session 543a5fb50a27d6772daaafbbd73145e6 to remote] DEBUG org.asynchttpclient.netty.request.NettyRequestSender - Using pooled Channel '[id: 0x7be0f79c, L:/127.0.0.1:55273 - R:localhost/127.0.0.1:51042]' for 'POST' to 'http://localhost:51042/session/543a5fb50a27d6772daaafbbd73145e6/element/eaa245f3-5bd6-4891-8a67-95064892be89/click'
12:56:37.250 [Forwarding clickElement on session 543a5fb50a27d6772daaafbbd73145e6 to remote] DEBUG org.asynchttpclient.netty.request.NettyRequestSender - Using open Channel [id: 0x7be0f79c, L:/127.0.0.1:55273 - R:localhost/127.0.0.1:51042] for POST '/session/543a5fb50a27d6772daaafbbd73145e6/element/eaa245f3-5bd6-4891-8a67-95064892be89/click'
12:56:37.339 [AsyncHttpClient-1-8] DEBUG org.asynchttpclient.netty.handler.HttpHandler - 

Request DefaultHttpRequest(decodeResult: success, version: HTTP/1.1)
POST /session/543a5fb50a27d6772daaafbbd73145e6/element/eaa245f3-5bd6-4891-8a67-95064892be89/click HTTP/1.1
User-Agent: selenium/4.1.2 (java windows)
Content-Length: 50
Content-Type: application/json; charset=utf-8
host: localhost:51042
accept: */*

Response DefaultHttpResponse(decodeResult: success, version: HTTP/1.1)
HTTP/1.1 200 OK
Content-Type: application/json; charset=utf-8
cache-control: no-cache
content-length: 14

12:56:37.340 [AsyncHttpClient-1-8] DEBUG org.asynchttpclient.netty.channel.ChannelManager - Adding key: http://localhost:51042 for channel [id: 0x7be0f79c, L:/127.0.0.1:55273 - R:localhost/127.0.0.1:51042]
12:56:37.345 [Forwarding findElement on session 543a5fb50a27d6772daaafbbd73145e6 to remote] DEBUG org.asynchttpclient.netty.request.NettyRequestSender - Using pooled Channel '[id: 0x7be0f79c, L:/127.0.0.1:55273 - R:localhost/127.0.0.1:51042]' for 'POST' to 'http://localhost:51042/session/543a5fb50a27d6772daaafbbd73145e6/element'
12:56:37.345 [Forwarding findElement on session 543a5fb50a27d6772daaafbbd73145e6 to remote] DEBUG org.asynchttpclient.netty.request.NettyRequestSender - Using open Channel [id: 0x7be0f79c, L:/127.0.0.1:55273 - R:localhost/127.0.0.1:51042] for POST '/session/543a5fb50a27d6772daaafbbd73145e6/element'
12:56:37.357 [AsyncHttpClient-1-8] DEBUG org.asynchttpclient.netty.handler.HttpHandler - 

Request DefaultHttpRequest(decodeResult: success, version: HTTP/1.1)
POST /session/543a5fb50a27d6772daaafbbd73145e6/element HTTP/1.1
User-Agent: selenium/4.1.2 (java windows)
Content-Length: 69
Content-Type: application/json; charset=utf-8
host: localhost:51042
accept: */*

Response DefaultHttpResponse(decodeResult: success, version: HTTP/1.1)
HTTP/1.1 200 OK
Content-Type: application/json; charset=utf-8
cache-control: no-cache
content-length: 88

12:56:37.357 [AsyncHttpClient-1-8] DEBUG org.asynchttpclient.netty.channel.ChannelManager - Adding key: http://localhost:51042 for channel [id: 0x7be0f79c, L:/127.0.0.1:55273 - R:localhost/127.0.0.1:51042]
12:56:37.359 [Forwarding clearElement on session 543a5fb50a27d6772daaafbbd73145e6 to remote] DEBUG org.asynchttpclient.netty.request.NettyRequestSender - Using pooled Channel '[id: 0x7be0f79c, L:/127.0.0.1:55273 - R:localhost/127.0.0.1:51042]' for 'POST' to 'http://localhost:51042/session/543a5fb50a27d6772daaafbbd73145e6/element/e72374c7-06a9-4cf3-9152-9d80afdf5caf/clear'
12:56:37.359 [Forwarding clearElement on session 543a5fb50a27d6772daaafbbd73145e6 to remote] DEBUG org.asynchttpclient.netty.request.NettyRequestSender - Using open Channel [id: 0x7be0f79c, L:/127.0.0.1:55273 - R:localhost/127.0.0.1:51042] for POST '/session/543a5fb50a27d6772daaafbbd73145e6/element/e72374c7-06a9-4cf3-9152-9d80afdf5caf/clear'
12:56:37.394 [AsyncHttpClient-1-8] DEBUG org.asynchttpclient.netty.handler.HttpHandler - 

Request DefaultHttpRequest(decodeResult: success, version: HTTP/1.1)
POST /session/543a5fb50a27d6772daaafbbd73145e6/element/e72374c7-06a9-4cf3-9152-9d80afdf5caf/clear HTTP/1.1
User-Agent: selenium/4.1.2 (java windows)
Content-Length: 50
Content-Type: application/json; charset=utf-8
host: localhost:51042
accept: */*

Response DefaultHttpResponse(decodeResult: success, version: HTTP/1.1)
HTTP/1.1 200 OK
Content-Type: application/json; charset=utf-8
cache-control: no-cache
content-length: 14

12:56:37.395 [AsyncHttpClient-1-8] DEBUG org.asynchttpclient.netty.channel.ChannelManager - Adding key: http://localhost:51042 for channel [id: 0x7be0f79c, L:/127.0.0.1:55273 - R:localhost/127.0.0.1:51042]
12:56:37.397 [Forwarding sendKeysToElement on session 543a5fb50a27d6772daaafbbd73145e6 to remote] DEBUG org.asynchttpclient.netty.request.NettyRequestSender - Using pooled Channel '[id: 0x7be0f79c, L:/127.0.0.1:55273 - R:localhost/127.0.0.1:51042]' for 'POST' to 'http://localhost:51042/session/543a5fb50a27d6772daaafbbd73145e6/element/e72374c7-06a9-4cf3-9152-9d80afdf5caf/value'
12:56:37.397 [Forwarding sendKeysToElement on session 543a5fb50a27d6772daaafbbd73145e6 to remote] DEBUG org.asynchttpclient.netty.request.NettyRequestSender - Using open Channel [id: 0x7be0f79c, L:/127.0.0.1:55273 - R:localhost/127.0.0.1:51042] for POST '/session/543a5fb50a27d6772daaafbbd73145e6/element/e72374c7-06a9-4cf3-9152-9d80afdf5caf/value'
12:56:37.594 [AsyncHttpClient-1-8] DEBUG org.asynchttpclient.netty.handler.HttpHandler - 

Request DefaultHttpRequest(decodeResult: success, version: HTTP/1.1)
POST /session/543a5fb50a27d6772daaafbbd73145e6/element/e72374c7-06a9-4cf3-9152-9d80afdf5caf/value HTTP/1.1
User-Agent: selenium/4.1.2 (java windows)
Content-Length: 411
Content-Type: application/json; charset=utf-8
host: localhost:51042
accept: */*

Response DefaultHttpResponse(decodeResult: success, version: HTTP/1.1)
HTTP/1.1 200 OK
Content-Type: application/json; charset=utf-8
cache-control: no-cache
content-length: 14

12:56:37.594 [AsyncHttpClient-1-8] DEBUG org.asynchttpclient.netty.channel.ChannelManager - Adding key: http://localhost:51042 for channel [id: 0x7be0f79c, L:/127.0.0.1:55273 - R:localhost/127.0.0.1:51042]
12:56:37.598 [Forwarding findElement on session 543a5fb50a27d6772daaafbbd73145e6 to remote] DEBUG org.asynchttpclient.netty.request.NettyRequestSender - Using pooled Channel '[id: 0x7be0f79c, L:/127.0.0.1:55273 - R:localhost/127.0.0.1:51042]' for 'POST' to 'http://localhost:51042/session/543a5fb50a27d6772daaafbbd73145e6/element'
12:56:37.599 [Forwarding findElement on session 543a5fb50a27d6772daaafbbd73145e6 to remote] DEBUG org.asynchttpclient.netty.request.NettyRequestSender - Using open Channel [id: 0x7be0f79c, L:/127.0.0.1:55273 - R:localhost/127.0.0.1:51042] for POST '/session/543a5fb50a27d6772daaafbbd73145e6/element'
12:56:37.610 [AsyncHttpClient-1-8] DEBUG org.asynchttpclient.netty.handler.HttpHandler - 

Request DefaultHttpRequest(decodeResult: success, version: HTTP/1.1)
POST /session/543a5fb50a27d6772daaafbbd73145e6/element HTTP/1.1
User-Agent: selenium/4.1.2 (java windows)
Content-Length: 72
Content-Type: application/json; charset=utf-8
host: localhost:51042
accept: */*

Response DefaultHttpResponse(decodeResult: success, version: HTTP/1.1)
HTTP/1.1 200 OK
Content-Type: application/json; charset=utf-8
cache-control: no-cache
content-length: 88

12:56:37.610 [AsyncHttpClient-1-8] DEBUG org.asynchttpclient.netty.channel.ChannelManager - Adding key: http://localhost:51042 for channel [id: 0x7be0f79c, L:/127.0.0.1:55273 - R:localhost/127.0.0.1:51042]
12:56:37.611 [Forwarding clearElement on session 543a5fb50a27d6772daaafbbd73145e6 to remote] DEBUG org.asynchttpclient.netty.request.NettyRequestSender - Using pooled Channel '[id: 0x7be0f79c, L:/127.0.0.1:55273 - R:localhost/127.0.0.1:51042]' for 'POST' to 'http://localhost:51042/session/543a5fb50a27d6772daaafbbd73145e6/element/1c937ab8-ee5d-4f7e-89c2-7775885b9c26/clear'
12:56:37.612 [Forwarding clearElement on session 543a5fb50a27d6772daaafbbd73145e6 to remote] DEBUG org.asynchttpclient.netty.request.NettyRequestSender - Using open Channel [id: 0x7be0f79c, L:/127.0.0.1:55273 - R:localhost/127.0.0.1:51042] for POST '/session/543a5fb50a27d6772daaafbbd73145e6/element/1c937ab8-ee5d-4f7e-89c2-7775885b9c26/clear'
12:56:37.662 [AsyncHttpClient-1-8] DEBUG org.asynchttpclient.netty.handler.HttpHandler - 

Request DefaultHttpRequest(decodeResult: success, version: HTTP/1.1)
POST /session/543a5fb50a27d6772daaafbbd73145e6/element/1c937ab8-ee5d-4f7e-89c2-7775885b9c26/clear HTTP/1.1
User-Agent: selenium/4.1.2 (java windows)
Content-Length: 50
Content-Type: application/json; charset=utf-8
host: localhost:51042
accept: */*

Response DefaultHttpResponse(decodeResult: success, version: HTTP/1.1)
HTTP/1.1 200 OK
Content-Type: application/json; charset=utf-8
cache-control: no-cache
content-length: 14

12:56:37.663 [AsyncHttpClient-1-8] DEBUG org.asynchttpclient.netty.channel.ChannelManager - Adding key: http://localhost:51042 for channel [id: 0x7be0f79c, L:/127.0.0.1:55273 - R:localhost/127.0.0.1:51042]
12:56:37.670 [Forwarding sendKeysToElement on session 543a5fb50a27d6772daaafbbd73145e6 to remote] DEBUG org.asynchttpclient.netty.request.NettyRequestSender - Using pooled Channel '[id: 0x7be0f79c, L:/127.0.0.1:55273 - R:localhost/127.0.0.1:51042]' for 'POST' to 'http://localhost:51042/session/543a5fb50a27d6772daaafbbd73145e6/element/1c937ab8-ee5d-4f7e-89c2-7775885b9c26/value'
12:56:37.671 [Forwarding sendKeysToElement on session 543a5fb50a27d6772daaafbbd73145e6 to remote] DEBUG org.asynchttpclient.netty.request.NettyRequestSender - Using open Channel [id: 0x7be0f79c, L:/127.0.0.1:55273 - R:localhost/127.0.0.1:51042] for POST '/session/543a5fb50a27d6772daaafbbd73145e6/element/1c937ab8-ee5d-4f7e-89c2-7775885b9c26/value'
12:56:37.826 [AsyncHttpClient-1-8] DEBUG org.asynchttpclient.netty.handler.HttpHandler - 

Request DefaultHttpRequest(decodeResult: success, version: HTTP/1.1)
POST /session/543a5fb50a27d6772daaafbbd73145e6/element/1c937ab8-ee5d-4f7e-89c2-7775885b9c26/value HTTP/1.1
User-Agent: selenium/4.1.2 (java windows)
Content-Length: 241
Content-Type: application/json; charset=utf-8
host: localhost:51042
accept: */*

Response DefaultHttpResponse(decodeResult: success, version: HTTP/1.1)
HTTP/1.1 200 OK
Content-Type: application/json; charset=utf-8
cache-control: no-cache
content-length: 14

12:56:37.826 [AsyncHttpClient-1-8] DEBUG org.asynchttpclient.netty.channel.ChannelManager - Adding key: http://localhost:51042 for channel [id: 0x7be0f79c, L:/127.0.0.1:55273 - R:localhost/127.0.0.1:51042]
12:56:37.837 [Forwarding findElement on session 543a5fb50a27d6772daaafbbd73145e6 to remote] DEBUG org.asynchttpclient.netty.request.NettyRequestSender - Using pooled Channel '[id: 0x7be0f79c, L:/127.0.0.1:55273 - R:localhost/127.0.0.1:51042]' for 'POST' to 'http://localhost:51042/session/543a5fb50a27d6772daaafbbd73145e6/element'
12:56:37.837 [Forwarding findElement on session 543a5fb50a27d6772daaafbbd73145e6 to remote] DEBUG org.asynchttpclient.netty.request.NettyRequestSender - Using open Channel [id: 0x7be0f79c, L:/127.0.0.1:55273 - R:localhost/127.0.0.1:51042] for POST '/session/543a5fb50a27d6772daaafbbd73145e6/element'
12:56:37.855 [AsyncHttpClient-1-8] DEBUG org.asynchttpclient.netty.handler.HttpHandler - 

Request DefaultHttpRequest(decodeResult: success, version: HTTP/1.1)
POST /session/543a5fb50a27d6772daaafbbd73145e6/element HTTP/1.1
User-Agent: selenium/4.1.2 (java windows)
Content-Length: 321
Content-Type: application/json; charset=utf-8
host: localhost:51042
accept: */*

Response DefaultHttpResponse(decodeResult: success, version: HTTP/1.1)
HTTP/1.1 200 OK
Content-Type: application/json; charset=utf-8
cache-control: no-cache
content-length: 88

12:56:37.855 [AsyncHttpClient-1-8] DEBUG org.asynchttpclient.netty.channel.ChannelManager - Adding key: http://localhost:51042 for channel [id: 0x7be0f79c, L:/127.0.0.1:55273 - R:localhost/127.0.0.1:51042]
12:56:37.858 [Forwarding getElementTagName on session 543a5fb50a27d6772daaafbbd73145e6 to remote] DEBUG org.asynchttpclient.netty.request.NettyRequestSender - Using pooled Channel '[id: 0x7be0f79c, L:/127.0.0.1:55273 - R:localhost/127.0.0.1:51042]' for 'GET' to 'http://localhost:51042/session/543a5fb50a27d6772daaafbbd73145e6/element/9e6d69ae-2476-4072-aaab-f2b257f4dd89/name'
12:56:37.859 [Forwarding getElementTagName on session 543a5fb50a27d6772daaafbbd73145e6 to remote] DEBUG org.asynchttpclient.netty.request.NettyRequestSender - Using open Channel [id: 0x7be0f79c, L:/127.0.0.1:55273 - R:localhost/127.0.0.1:51042] for GET '/session/543a5fb50a27d6772daaafbbd73145e6/element/9e6d69ae-2476-4072-aaab-f2b257f4dd89/name'
12:56:37.864 [AsyncHttpClient-1-8] DEBUG org.asynchttpclient.netty.handler.HttpHandler - 

Request DefaultFullHttpRequest(decodeResult: success, version: HTTP/1.1, content: EmptyByteBufBE)
GET /session/543a5fb50a27d6772daaafbbd73145e6/element/9e6d69ae-2476-4072-aaab-f2b257f4dd89/name HTTP/1.1
User-Agent: selenium/4.1.2 (java windows)
Cache-Control: no-cache
Content-Type: application/json; charset=utf-8
host: localhost:51042
accept: */*

Response DefaultHttpResponse(decodeResult: success, version: HTTP/1.1)
HTTP/1.1 200 OK
Content-Type: application/json; charset=utf-8
cache-control: no-cache
content-length: 18

12:56:37.864 [AsyncHttpClient-1-8] DEBUG org.asynchttpclient.netty.channel.ChannelManager - Adding key: http://localhost:51042 for channel [id: 0x7be0f79c, L:/127.0.0.1:55273 - R:localhost/127.0.0.1:51042]
12:56:37.866 [Forwarding getElementTagName on session 543a5fb50a27d6772daaafbbd73145e6 to remote] DEBUG org.asynchttpclient.netty.request.NettyRequestSender - Using pooled Channel '[id: 0x7be0f79c, L:/127.0.0.1:55273 - R:localhost/127.0.0.1:51042]' for 'GET' to 'http://localhost:51042/session/543a5fb50a27d6772daaafbbd73145e6/element/9e6d69ae-2476-4072-aaab-f2b257f4dd89/name'
12:56:37.866 [Forwarding getElementTagName on session 543a5fb50a27d6772daaafbbd73145e6 to remote] DEBUG org.asynchttpclient.netty.request.NettyRequestSender - Using open Channel [id: 0x7be0f79c, L:/127.0.0.1:55273 - R:localhost/127.0.0.1:51042] for GET '/session/543a5fb50a27d6772daaafbbd73145e6/element/9e6d69ae-2476-4072-aaab-f2b257f4dd89/name'
12:56:37.868 [AsyncHttpClient-1-8] DEBUG org.asynchttpclient.netty.handler.HttpHandler - 

Request DefaultFullHttpRequest(decodeResult: success, version: HTTP/1.1, content: EmptyByteBufBE)
GET /session/543a5fb50a27d6772daaafbbd73145e6/element/9e6d69ae-2476-4072-aaab-f2b257f4dd89/name HTTP/1.1
User-Agent: selenium/4.1.2 (java windows)
Cache-Control: no-cache
Content-Type: application/json; charset=utf-8
host: localhost:51042
accept: */*

Response DefaultHttpResponse(decodeResult: success, version: HTTP/1.1)
HTTP/1.1 200 OK
Content-Type: application/json; charset=utf-8
cache-control: no-cache
content-length: 18

12:56:37.868 [AsyncHttpClient-1-8] DEBUG org.asynchttpclient.netty.channel.ChannelManager - Adding key: http://localhost:51042 for channel [id: 0x7be0f79c, L:/127.0.0.1:55273 - R:localhost/127.0.0.1:51042]
12:56:37.870 [Forwarding isElementEnabled on session 543a5fb50a27d6772daaafbbd73145e6 to remote] DEBUG org.asynchttpclient.netty.request.NettyRequestSender - Using pooled Channel '[id: 0x7be0f79c, L:/127.0.0.1:55273 - R:localhost/127.0.0.1:51042]' for 'GET' to 'http://localhost:51042/session/543a5fb50a27d6772daaafbbd73145e6/element/9e6d69ae-2476-4072-aaab-f2b257f4dd89/enabled'
12:56:37.871 [Forwarding isElementEnabled on session 543a5fb50a27d6772daaafbbd73145e6 to remote] DEBUG org.asynchttpclient.netty.request.NettyRequestSender - Using open Channel [id: 0x7be0f79c, L:/127.0.0.1:55273 - R:localhost/127.0.0.1:51042] for GET '/session/543a5fb50a27d6772daaafbbd73145e6/element/9e6d69ae-2476-4072-aaab-f2b257f4dd89/enabled'
12:56:37.881 [AsyncHttpClient-1-8] DEBUG org.asynchttpclient.netty.handler.HttpHandler - 

Request DefaultFullHttpRequest(decodeResult: success, version: HTTP/1.1, content: EmptyByteBufBE)
GET /session/543a5fb50a27d6772daaafbbd73145e6/element/9e6d69ae-2476-4072-aaab-f2b257f4dd89/enabled HTTP/1.1
User-Agent: selenium/4.1.2 (java windows)
Cache-Control: no-cache
Content-Type: application/json; charset=utf-8
host: localhost:51042
accept: */*

Response DefaultHttpResponse(decodeResult: success, version: HTTP/1.1)
HTTP/1.1 200 OK
Content-Type: application/json; charset=utf-8
cache-control: no-cache
content-length: 14

12:56:37.881 [AsyncHttpClient-1-8] DEBUG org.asynchttpclient.netty.channel.ChannelManager - Adding key: http://localhost:51042 for channel [id: 0x7be0f79c, L:/127.0.0.1:55273 - R:localhost/127.0.0.1:51042]
12:56:37.882 [Forwarding isElementEnabled on session 543a5fb50a27d6772daaafbbd73145e6 to remote] DEBUG org.asynchttpclient.netty.request.NettyRequestSender - Using pooled Channel '[id: 0x7be0f79c, L:/127.0.0.1:55273 - R:localhost/127.0.0.1:51042]' for 'GET' to 'http://localhost:51042/session/543a5fb50a27d6772daaafbbd73145e6/element/9e6d69ae-2476-4072-aaab-f2b257f4dd89/enabled'
12:56:37.882 [Forwarding isElementEnabled on session 543a5fb50a27d6772daaafbbd73145e6 to remote] DEBUG org.asynchttpclient.netty.request.NettyRequestSender - Using open Channel [id: 0x7be0f79c, L:/127.0.0.1:55273 - R:localhost/127.0.0.1:51042] for GET '/session/543a5fb50a27d6772daaafbbd73145e6/element/9e6d69ae-2476-4072-aaab-f2b257f4dd89/enabled'
12:56:37.888 [AsyncHttpClient-1-8] DEBUG org.asynchttpclient.netty.handler.HttpHandler - 

Request DefaultFullHttpRequest(decodeResult: success, version: HTTP/1.1, content: EmptyByteBufBE)
GET /session/543a5fb50a27d6772daaafbbd73145e6/element/9e6d69ae-2476-4072-aaab-f2b257f4dd89/enabled HTTP/1.1
User-Agent: selenium/4.1.2 (java windows)
Cache-Control: no-cache
Content-Type: application/json; charset=utf-8
host: localhost:51042
accept: */*

Response DefaultHttpResponse(decodeResult: success, version: HTTP/1.1)
HTTP/1.1 200 OK
Content-Type: application/json; charset=utf-8
cache-control: no-cache
content-length: 14

12:56:37.888 [AsyncHttpClient-1-8] DEBUG org.asynchttpclient.netty.channel.ChannelManager - Adding key: http://localhost:51042 for channel [id: 0x7be0f79c, L:/127.0.0.1:55273 - R:localhost/127.0.0.1:51042]
12:56:37.894 [Forwarding findElement on session 543a5fb50a27d6772daaafbbd73145e6 to remote] DEBUG org.asynchttpclient.netty.request.NettyRequestSender - Using pooled Channel '[id: 0x7be0f79c, L:/127.0.0.1:55273 - R:localhost/127.0.0.1:51042]' for 'POST' to 'http://localhost:51042/session/543a5fb50a27d6772daaafbbd73145e6/element'
12:56:37.894 [Forwarding findElement on session 543a5fb50a27d6772daaafbbd73145e6 to remote] DEBUG org.asynchttpclient.netty.request.NettyRequestSender - Using open Channel [id: 0x7be0f79c, L:/127.0.0.1:55273 - R:localhost/127.0.0.1:51042] for POST '/session/543a5fb50a27d6772daaafbbd73145e6/element'
12:56:37.903 [AsyncHttpClient-1-8] DEBUG org.asynchttpclient.netty.handler.HttpHandler - 

Request DefaultHttpRequest(decodeResult: success, version: HTTP/1.1)
POST /session/543a5fb50a27d6772daaafbbd73145e6/element HTTP/1.1
User-Agent: selenium/4.1.2 (java windows)
Content-Length: 321
Content-Type: application/json; charset=utf-8
host: localhost:51042
accept: */*

Response DefaultHttpResponse(decodeResult: success, version: HTTP/1.1)
HTTP/1.1 200 OK
Content-Type: application/json; charset=utf-8
cache-control: no-cache
content-length: 88

12:56:37.904 [AsyncHttpClient-1-8] DEBUG org.asynchttpclient.netty.channel.ChannelManager - Adding key: http://localhost:51042 for channel [id: 0x7be0f79c, L:/127.0.0.1:55273 - R:localhost/127.0.0.1:51042]
12:56:37.906 [Forwarding clickElement on session 543a5fb50a27d6772daaafbbd73145e6 to remote] DEBUG org.asynchttpclient.netty.request.NettyRequestSender - Using pooled Channel '[id: 0x7be0f79c, L:/127.0.0.1:55273 - R:localhost/127.0.0.1:51042]' for 'POST' to 'http://localhost:51042/session/543a5fb50a27d6772daaafbbd73145e6/element/9e6d69ae-2476-4072-aaab-f2b257f4dd89/click'
12:56:37.906 [Forwarding clickElement on session 543a5fb50a27d6772daaafbbd73145e6 to remote] DEBUG org.asynchttpclient.netty.request.NettyRequestSender - Using open Channel [id: 0x7be0f79c, L:/127.0.0.1:55273 - R:localhost/127.0.0.1:51042] for POST '/session/543a5fb50a27d6772daaafbbd73145e6/element/9e6d69ae-2476-4072-aaab-f2b257f4dd89/click'
12:56:37.950 [AsyncHttpClient-1-8] DEBUG org.asynchttpclient.netty.handler.HttpHandler - 

Request DefaultHttpRequest(decodeResult: success, version: HTTP/1.1)
POST /session/543a5fb50a27d6772daaafbbd73145e6/element/9e6d69ae-2476-4072-aaab-f2b257f4dd89/click HTTP/1.1
User-Agent: selenium/4.1.2 (java windows)
Content-Length: 50
Content-Type: application/json; charset=utf-8
host: localhost:51042
accept: */*

Response DefaultHttpResponse(decodeResult: success, version: HTTP/1.1)
HTTP/1.1 200 OK
Content-Type: application/json; charset=utf-8
cache-control: no-cache
content-length: 14

12:56:37.950 [AsyncHttpClient-1-8] DEBUG org.asynchttpclient.netty.channel.ChannelManager - Adding key: http://localhost:51042 for channel [id: 0x7be0f79c, L:/127.0.0.1:55273 - R:localhost/127.0.0.1:51042]
  &amp#27;[32mAnd &amp#27;[0m&amp#27;[32mI have logged in&amp#27;[0m                 &amp#27;[90m# starter.stepdefinitions.ManageVaccinationBookingsSteps.iHaveLoggedIn()&amp#27;[0m
12:56:37.960 [Forwarding screenshot on session 543a5fb50a27d6772daaafbbd73145e6 to remote] DEBUG org.asynchttpclient.netty.request.NettyRequestSender - Using pooled Channel '[id: 0x7be0f79c, L:/127.0.0.1:55273 - R:localhost/127.0.0.1:51042]' for 'GET' to 'http://localhost:51042/session/543a5fb50a27d6772daaafbbd73145e6/screenshot'
12:56:37.960 [Forwarding screenshot on session 543a5fb50a27d6772daaafbbd73145e6 to remote] DEBUG org.asynchttpclient.netty.request.NettyRequestSender - Using open Channel [id: 0x7be0f79c, L:/127.0.0.1:55273 - R:localhost/127.0.0.1:51042] for GET '/session/543a5fb50a27d6772daaafbbd73145e6/screenshot'
12:56:38.145 [AsyncHttpClient-1-8] DEBUG org.asynchttpclient.netty.handler.HttpHandler - 

Request DefaultFullHttpRequest(decodeResult: success, version: HTTP/1.1, content: EmptyByteBufBE)
GET /session/543a5fb50a27d6772daaafbbd73145e6/screenshot HTTP/1.1
User-Agent: selenium/4.1.2 (java windows)
Cache-Control: no-cache
Content-Type: application/json; charset=utf-8
host: localhost:51042
accept: */*

Response DefaultHttpResponse(decodeResult: success, version: HTTP/1.1)
HTTP/1.1 200 OK
Content-Type: application/json; charset=utf-8
cache-control: no-cache
content-length: 115988

12:56:38.145 [AsyncHttpClient-1-8] DEBUG org.asynchttpclient.netty.channel.ChannelManager - Adding key: http://localhost:51042 for channel [id: 0x7be0f79c, L:/127.0.0.1:55273 - R:localhost/127.0.0.1:51042]
12:56:38.148 [main] DEBUG net.serenitybdd.core.photography.Darkroom - Send negative for processing for target\site\serenity\245f2551a6f1fa195f8a0ff2be4837312ab307100652eba0bc06bd03a8f4b532.png
12:56:38.149 [Darkroom Processing Line] DEBUG net.serenitybdd.core.photography.DarkroomProcessingLine - Processing screenshot image in /var/screenshots/screenshot-2284164718023835814
12:56:38.149 [Darkroom Processing Line] DEBUG net.serenitybdd.core.photography.DarkroomProcessingLine - Saving screenshot to target\site\serenity\245f2551a6f1fa195f8a0ff2be4837312ab307100652eba0bc06bd03a8f4b532.png
12:56:38.159 [Forwarding findElement on session 543a5fb50a27d6772daaafbbd73145e6 to remote] DEBUG org.asynchttpclient.netty.request.NettyRequestSender - Using pooled Channel '[id: 0x7be0f79c, L:/127.0.0.1:55273 - R:localhost/127.0.0.1:51042]' for 'POST' to 'http://localhost:51042/session/543a5fb50a27d6772daaafbbd73145e6/element'
12:56:38.159 [Forwarding findElement on session 543a5fb50a27d6772daaafbbd73145e6 to remote] DEBUG org.asynchttpclient.netty.request.NettyRequestSender - Using open Channel [id: 0x7be0f79c, L:/127.0.0.1:55273 - R:localhost/127.0.0.1:51042] for POST '/session/543a5fb50a27d6772daaafbbd73145e6/element'
12:56:38.285 [AsyncHttpClient-1-1] DEBUG org.asynchttpclient.netty.channel.DefaultChannelPool - Entry count for : http://localhost:55275 : 1
12:56:38.458 [AsyncHttpClient-1-8] DEBUG org.asynchttpclient.netty.handler.HttpHandler - 

Request DefaultHttpRequest(decodeResult: success, version: HTTP/1.1)
POST /session/543a5fb50a27d6772daaafbbd73145e6/element HTTP/1.1
User-Agent: selenium/4.1.2 (java windows)
Content-Length: 80
Content-Type: application/json; charset=utf-8
host: localhost:51042
accept: */*

Response DefaultHttpResponse(decodeResult: success, version: HTTP/1.1)
HTTP/1.1 200 OK
Content-Type: application/json; charset=utf-8
cache-control: no-cache
content-length: 88

12:56:38.458 [AsyncHttpClient-1-8] DEBUG org.asynchttpclient.netty.channel.ChannelManager - Adding key: http://localhost:51042 for channel [id: 0x7be0f79c, L:/127.0.0.1:55273 - R:localhost/127.0.0.1:51042]
12:56:38.459 [Forwarding getElementTagName on session 543a5fb50a27d6772daaafbbd73145e6 to remote] DEBUG org.asynchttpclient.netty.request.NettyRequestSender - Using pooled Channel '[id: 0x7be0f79c, L:/127.0.0.1:55273 - R:localhost/127.0.0.1:51042]' for 'GET' to 'http://localhost:51042/session/543a5fb50a27d6772daaafbbd73145e6/element/85e4d475-6d1c-47ba-b315-00c69f934d8a/name'
12:56:38.459 [Forwarding getElementTagName on session 543a5fb50a27d6772daaafbbd73145e6 to remote] DEBUG org.asynchttpclient.netty.request.NettyRequestSender - Using open Channel [id: 0x7be0f79c, L:/127.0.0.1:55273 - R:localhost/127.0.0.1:51042] for GET '/session/543a5fb50a27d6772daaafbbd73145e6/element/85e4d475-6d1c-47ba-b315-00c69f934d8a/name'
12:56:38.463 [AsyncHttpClient-1-8] DEBUG org.asynchttpclient.netty.handler.HttpHandler - 

Request DefaultFullHttpRequest(decodeResult: success, version: HTTP/1.1, content: EmptyByteBufBE)
GET /session/543a5fb50a27d6772daaafbbd73145e6/element/85e4d475-6d1c-47ba-b315-00c69f934d8a/name HTTP/1.1
User-Agent: selenium/4.1.2 (java windows)
Cache-Control: no-cache
Content-Type: application/json; charset=utf-8
host: localhost:51042
accept: */*

Response DefaultHttpResponse(decodeResult: success, version: HTTP/1.1)
HTTP/1.1 200 OK
Content-Type: application/json; charset=utf-8
cache-control: no-cache
content-length: 13

12:56:38.463 [AsyncHttpClient-1-8] DEBUG org.asynchttpclient.netty.channel.ChannelManager - Adding key: http://localhost:51042 for channel [id: 0x7be0f79c, L:/127.0.0.1:55273 - R:localhost/127.0.0.1:51042]
12:56:38.465 [Forwarding getElementTagName on session 543a5fb50a27d6772daaafbbd73145e6 to remote] DEBUG org.asynchttpclient.netty.request.NettyRequestSender - Using pooled Channel '[id: 0x7be0f79c, L:/127.0.0.1:55273 - R:localhost/127.0.0.1:51042]' for 'GET' to 'http://localhost:51042/session/543a5fb50a27d6772daaafbbd73145e6/element/85e4d475-6d1c-47ba-b315-00c69f934d8a/name'
12:56:38.465 [Forwarding getElementTagName on session 543a5fb50a27d6772daaafbbd73145e6 to remote] DEBUG org.asynchttpclient.netty.request.NettyRequestSender - Using open Channel [id: 0x7be0f79c, L:/127.0.0.1:55273 - R:localhost/127.0.0.1:51042] for GET '/session/543a5fb50a27d6772daaafbbd73145e6/element/85e4d475-6d1c-47ba-b315-00c69f934d8a/name'
12:56:38.467 [AsyncHttpClient-1-8] DEBUG org.asynchttpclient.netty.handler.HttpHandler - 

Request DefaultFullHttpRequest(decodeResult: success, version: HTTP/1.1, content: EmptyByteBufBE)
GET /session/543a5fb50a27d6772daaafbbd73145e6/element/85e4d475-6d1c-47ba-b315-00c69f934d8a/name HTTP/1.1
User-Agent: selenium/4.1.2 (java windows)
Cache-Control: no-cache
Content-Type: application/json; charset=utf-8
host: localhost:51042
accept: */*

Response DefaultHttpResponse(decodeResult: success, version: HTTP/1.1)
HTTP/1.1 200 OK
Content-Type: application/json; charset=utf-8
cache-control: no-cache
content-length: 13

12:56:38.468 [AsyncHttpClient-1-8] DEBUG org.asynchttpclient.netty.channel.ChannelManager - Adding key: http://localhost:51042 for channel [id: 0x7be0f79c, L:/127.0.0.1:55273 - R:localhost/127.0.0.1:51042]
12:56:38.471 [Forwarding findElement on session 543a5fb50a27d6772daaafbbd73145e6 to remote] DEBUG org.asynchttpclient.netty.request.NettyRequestSender - Using pooled Channel '[id: 0x7be0f79c, L:/127.0.0.1:55273 - R:localhost/127.0.0.1:51042]' for 'POST' to 'http://localhost:51042/session/543a5fb50a27d6772daaafbbd73145e6/element'
12:56:38.471 [Forwarding findElement on session 543a5fb50a27d6772daaafbbd73145e6 to remote] DEBUG org.asynchttpclient.netty.request.NettyRequestSender - Using open Channel [id: 0x7be0f79c, L:/127.0.0.1:55273 - R:localhost/127.0.0.1:51042] for POST '/session/543a5fb50a27d6772daaafbbd73145e6/element'
12:56:38.478 [AsyncHttpClient-1-8] DEBUG org.asynchttpclient.netty.handler.HttpHandler - 

Request DefaultHttpRequest(decodeResult: success, version: HTTP/1.1)
POST /session/543a5fb50a27d6772daaafbbd73145e6/element HTTP/1.1
User-Agent: selenium/4.1.2 (java windows)
Content-Length: 80
Content-Type: application/json; charset=utf-8
host: localhost:51042
accept: */*

Response DefaultHttpResponse(decodeResult: success, version: HTTP/1.1)
HTTP/1.1 200 OK
Content-Type: application/json; charset=utf-8
cache-control: no-cache
content-length: 88

12:56:38.478 [AsyncHttpClient-1-8] DEBUG org.asynchttpclient.netty.channel.ChannelManager - Adding key: http://localhost:51042 for channel [id: 0x7be0f79c, L:/127.0.0.1:55273 - R:localhost/127.0.0.1:51042]
12:56:38.479 [Forwarding clickElement on session 543a5fb50a27d6772daaafbbd73145e6 to remote] DEBUG org.asynchttpclient.netty.request.NettyRequestSender - Using pooled Channel '[id: 0x7be0f79c, L:/127.0.0.1:55273 - R:localhost/127.0.0.1:51042]' for 'POST' to 'http://localhost:51042/session/543a5fb50a27d6772daaafbbd73145e6/element/85e4d475-6d1c-47ba-b315-00c69f934d8a/click'
12:56:38.479 [Forwarding clickElement on session 543a5fb50a27d6772daaafbbd73145e6 to remote] DEBUG org.asynchttpclient.netty.request.NettyRequestSender - Using open Channel [id: 0x7be0f79c, L:/127.0.0.1:55273 - R:localhost/127.0.0.1:51042] for POST '/session/543a5fb50a27d6772daaafbbd73145e6/element/85e4d475-6d1c-47ba-b315-00c69f934d8a/click'
12:56:38.581 [AsyncHttpClient-1-8] DEBUG org.asynchttpclient.netty.handler.HttpHandler - 

Request DefaultHttpRequest(decodeResult: success, version: HTTP/1.1)
POST /session/543a5fb50a27d6772daaafbbd73145e6/element/85e4d475-6d1c-47ba-b315-00c69f934d8a/click HTTP/1.1
User-Agent: selenium/4.1.2 (java windows)
Content-Length: 50
Content-Type: application/json; charset=utf-8
host: localhost:51042
accept: */*

Response DefaultHttpResponse(decodeResult: success, version: HTTP/1.1)
HTTP/1.1 200 OK
Content-Type: application/json; charset=utf-8
cache-control: no-cache
content-length: 14

12:56:38.582 [AsyncHttpClient-1-8] DEBUG org.asynchttpclient.netty.channel.ChannelManager - Adding key: http://localhost:51042 for channel [id: 0x7be0f79c, L:/127.0.0.1:55273 - R:localhost/127.0.0.1:51042]
  &amp#27;[32mWhen &amp#27;[0m&amp#27;[32mI go to Book Vaksinasi page&amp#27;[0m     &amp#27;[90m# starter.stepdefinitions.ManageVaccinationBookingsSteps.iGoToBookVaksinasiPage()&amp#27;[0m
12:56:38.591 [Forwarding screenshot on session 543a5fb50a27d6772daaafbbd73145e6 to remote] DEBUG org.asynchttpclient.netty.request.NettyRequestSender - Using pooled Channel '[id: 0x7be0f79c, L:/127.0.0.1:55273 - R:localhost/127.0.0.1:51042]' for 'GET' to 'http://localhost:51042/session/543a5fb50a27d6772daaafbbd73145e6/screenshot'
12:56:38.591 [Forwarding screenshot on session 543a5fb50a27d6772daaafbbd73145e6 to remote] DEBUG org.asynchttpclient.netty.request.NettyRequestSender - Using open Channel [id: 0x7be0f79c, L:/127.0.0.1:55273 - R:localhost/127.0.0.1:51042] for GET '/session/543a5fb50a27d6772daaafbbd73145e6/screenshot'
12:56:38.745 [AsyncHttpClient-1-8] DEBUG org.asynchttpclient.netty.handler.HttpHandler - 

Request DefaultFullHttpRequest(decodeResult: success, version: HTTP/1.1, content: EmptyByteBufBE)
GET /session/543a5fb50a27d6772daaafbbd73145e6/screenshot HTTP/1.1
User-Agent: selenium/4.1.2 (java windows)
Cache-Control: no-cache
Content-Type: application/json; charset=utf-8
host: localhost:51042
accept: */*

Response DefaultHttpResponse(decodeResult: success, version: HTTP/1.1)
HTTP/1.1 200 OK
Content-Type: application/json; charset=utf-8
cache-control: no-cache
content-length: 106760

12:56:38.746 [AsyncHttpClient-1-8] DEBUG org.asynchttpclient.netty.channel.ChannelManager - Adding key: http://localhost:51042 for channel [id: 0x7be0f79c, L:/127.0.0.1:55273 - R:localhost/127.0.0.1:51042]
12:56:38.750 [main] DEBUG net.serenitybdd.core.photography.Darkroom - Send negative for processing for target\site\serenity\12d9a4e947f5fe0094c4cbae808ad7cf163584ac3b72ce242bb33db423ee8eef.png
12:56:38.750 [Darkroom Processing Line] DEBUG net.serenitybdd.core.photography.DarkroomProcessingLine - Processing screenshot image in /var/screenshots/screenshot-9486604210270094274
12:56:38.750 [Darkroom Processing Line] DEBUG net.serenitybdd.core.photography.DarkroomProcessingLine - Saving screenshot to target\site\serenity\12d9a4e947f5fe0094c4cbae808ad7cf163584ac3b72ce242bb33db423ee8eef.png
12:56:38.759 [Forwarding findElement on session 543a5fb50a27d6772daaafbbd73145e6 to remote] DEBUG org.asynchttpclient.netty.request.NettyRequestSender - Using pooled Channel '[id: 0x7be0f79c, L:/127.0.0.1:55273 - R:localhost/127.0.0.1:51042]' for 'POST' to 'http://localhost:51042/session/543a5fb50a27d6772daaafbbd73145e6/element'
12:56:38.759 [Forwarding findElement on session 543a5fb50a27d6772daaafbbd73145e6 to remote] DEBUG org.asynchttpclient.netty.request.NettyRequestSender - Using open Channel [id: 0x7be0f79c, L:/127.0.0.1:55273 - R:localhost/127.0.0.1:51042] for POST '/session/543a5fb50a27d6772daaafbbd73145e6/element'
12:56:38.996 [AsyncHttpClient-1-8] DEBUG org.asynchttpclient.netty.handler.HttpHandler - 

Request DefaultHttpRequest(decodeResult: success, version: HTTP/1.1)
POST /session/543a5fb50a27d6772daaafbbd73145e6/element HTTP/1.1
User-Agent: selenium/4.1.2 (java windows)
Content-Length: 94
Content-Type: application/json; charset=utf-8
host: localhost:51042
accept: */*

Response DefaultHttpResponse(decodeResult: success, version: HTTP/1.1)
HTTP/1.1 200 OK
Content-Type: application/json; charset=utf-8
cache-control: no-cache
content-length: 88

12:56:38.997 [AsyncHttpClient-1-8] DEBUG org.asynchttpclient.netty.channel.ChannelManager - Adding key: http://localhost:51042 for channel [id: 0x7be0f79c, L:/127.0.0.1:55273 - R:localhost/127.0.0.1:51042]
12:56:38.999 [Forwarding getElementTagName on session 543a5fb50a27d6772daaafbbd73145e6 to remote] DEBUG org.asynchttpclient.netty.request.NettyRequestSender - Using pooled Channel '[id: 0x7be0f79c, L:/127.0.0.1:55273 - R:localhost/127.0.0.1:51042]' for 'GET' to 'http://localhost:51042/session/543a5fb50a27d6772daaafbbd73145e6/element/f8a0e33d-7822-4a49-9986-a17a8e8b991c/name'
12:56:39.000 [Forwarding getElementTagName on session 543a5fb50a27d6772daaafbbd73145e6 to remote] DEBUG org.asynchttpclient.netty.request.NettyRequestSender - Using open Channel [id: 0x7be0f79c, L:/127.0.0.1:55273 - R:localhost/127.0.0.1:51042] for GET '/session/543a5fb50a27d6772daaafbbd73145e6/element/f8a0e33d-7822-4a49-9986-a17a8e8b991c/name'
12:56:39.004 [AsyncHttpClient-1-8] DEBUG org.asynchttpclient.netty.handler.HttpHandler - 

Request DefaultFullHttpRequest(decodeResult: success, version: HTTP/1.1, content: EmptyByteBufBE)
GET /session/543a5fb50a27d6772daaafbbd73145e6/element/f8a0e33d-7822-4a49-9986-a17a8e8b991c/name HTTP/1.1
User-Agent: selenium/4.1.2 (java windows)
Cache-Control: no-cache
Content-Type: application/json; charset=utf-8
host: localhost:51042
accept: */*

Response DefaultHttpResponse(decodeResult: success, version: HTTP/1.1)
HTTP/1.1 200 OK
Content-Type: application/json; charset=utf-8
cache-control: no-cache
content-length: 15

12:56:39.005 [AsyncHttpClient-1-8] DEBUG org.asynchttpclient.netty.channel.ChannelManager - Adding key: http://localhost:51042 for channel [id: 0x7be0f79c, L:/127.0.0.1:55273 - R:localhost/127.0.0.1:51042]
12:56:39.006 [Forwarding getElementTagName on session 543a5fb50a27d6772daaafbbd73145e6 to remote] DEBUG org.asynchttpclient.netty.request.NettyRequestSender - Using pooled Channel '[id: 0x7be0f79c, L:/127.0.0.1:55273 - R:localhost/127.0.0.1:51042]' for 'GET' to 'http://localhost:51042/session/543a5fb50a27d6772daaafbbd73145e6/element/f8a0e33d-7822-4a49-9986-a17a8e8b991c/name'
12:56:39.006 [Forwarding getElementTagName on session 543a5fb50a27d6772daaafbbd73145e6 to remote] DEBUG org.asynchttpclient.netty.request.NettyRequestSender - Using open Channel [id: 0x7be0f79c, L:/127.0.0.1:55273 - R:localhost/127.0.0.1:51042] for GET '/session/543a5fb50a27d6772daaafbbd73145e6/element/f8a0e33d-7822-4a49-9986-a17a8e8b991c/name'
12:56:39.008 [AsyncHttpClient-1-8] DEBUG org.asynchttpclient.netty.handler.HttpHandler - 

Request DefaultFullHttpRequest(decodeResult: success, version: HTTP/1.1, content: EmptyByteBufBE)
GET /session/543a5fb50a27d6772daaafbbd73145e6/element/f8a0e33d-7822-4a49-9986-a17a8e8b991c/name HTTP/1.1
User-Agent: selenium/4.1.2 (java windows)
Cache-Control: no-cache
Content-Type: application/json; charset=utf-8
host: localhost:51042
accept: */*

Response DefaultHttpResponse(decodeResult: success, version: HTTP/1.1)
HTTP/1.1 200 OK
Content-Type: application/json; charset=utf-8
cache-control: no-cache
content-length: 15

12:56:39.008 [AsyncHttpClient-1-8] DEBUG org.asynchttpclient.netty.channel.ChannelManager - Adding key: http://localhost:51042 for channel [id: 0x7be0f79c, L:/127.0.0.1:55273 - R:localhost/127.0.0.1:51042]
12:56:39.012 [Forwarding findElement on session 543a5fb50a27d6772daaafbbd73145e6 to remote] DEBUG org.asynchttpclient.netty.request.NettyRequestSender - Using pooled Channel '[id: 0x7be0f79c, L:/127.0.0.1:55273 - R:localhost/127.0.0.1:51042]' for 'POST' to 'http://localhost:51042/session/543a5fb50a27d6772daaafbbd73145e6/element'
12:56:39.012 [Forwarding findElement on session 543a5fb50a27d6772daaafbbd73145e6 to remote] DEBUG org.asynchttpclient.netty.request.NettyRequestSender - Using open Channel [id: 0x7be0f79c, L:/127.0.0.1:55273 - R:localhost/127.0.0.1:51042] for POST '/session/543a5fb50a27d6772daaafbbd73145e6/element'
12:56:39.018 [AsyncHttpClient-1-8] DEBUG org.asynchttpclient.netty.handler.HttpHandler - 

Request DefaultHttpRequest(decodeResult: success, version: HTTP/1.1)
POST /session/543a5fb50a27d6772daaafbbd73145e6/element HTTP/1.1
User-Agent: selenium/4.1.2 (java windows)
Content-Length: 94
Content-Type: application/json; charset=utf-8
host: localhost:51042
accept: */*

Response DefaultHttpResponse(decodeResult: success, version: HTTP/1.1)
HTTP/1.1 200 OK
Content-Type: application/json; charset=utf-8
cache-control: no-cache
content-length: 88

12:56:39.019 [AsyncHttpClient-1-8] DEBUG org.asynchttpclient.netty.channel.ChannelManager - Adding key: http://localhost:51042 for channel [id: 0x7be0f79c, L:/127.0.0.1:55273 - R:localhost/127.0.0.1:51042]
12:56:39.020 [Forwarding clickElement on session 543a5fb50a27d6772daaafbbd73145e6 to remote] DEBUG org.asynchttpclient.netty.request.NettyRequestSender - Using pooled Channel '[id: 0x7be0f79c, L:/127.0.0.1:55273 - R:localhost/127.0.0.1:51042]' for 'POST' to 'http://localhost:51042/session/543a5fb50a27d6772daaafbbd73145e6/element/f8a0e33d-7822-4a49-9986-a17a8e8b991c/click'
12:56:39.021 [Forwarding clickElement on session 543a5fb50a27d6772daaafbbd73145e6 to remote] DEBUG org.asynchttpclient.netty.request.NettyRequestSender - Using open Channel [id: 0x7be0f79c, L:/127.0.0.1:55273 - R:localhost/127.0.0.1:51042] for POST '/session/543a5fb50a27d6772daaafbbd73145e6/element/f8a0e33d-7822-4a49-9986-a17a8e8b991c/click'
12:56:39.160 [AsyncHttpClient-1-8] DEBUG org.asynchttpclient.netty.handler.HttpHandler - 

Request DefaultHttpRequest(decodeResult: success, version: HTTP/1.1)
POST /session/543a5fb50a27d6772daaafbbd73145e6/element/f8a0e33d-7822-4a49-9986-a17a8e8b991c/click HTTP/1.1
User-Agent: selenium/4.1.2 (java windows)
Content-Length: 50
Content-Type: application/json; charset=utf-8
host: localhost:51042
accept: */*

Response DefaultHttpResponse(decodeResult: success, version: HTTP/1.1)
HTTP/1.1 200 OK
Content-Type: application/json; charset=utf-8
cache-control: no-cache
content-length: 14

12:56:39.161 [AsyncHttpClient-1-8] DEBUG org.asynchttpclient.netty.channel.ChannelManager - Adding key: http://localhost:51042 for channel [id: 0x7be0f79c, L:/127.0.0.1:55273 - R:localhost/127.0.0.1:51042]
  &amp#27;[32mAnd &amp#27;[0m&amp#27;[32mI select a session&amp#27;[0m               &amp#27;[90m# starter.stepdefinitions.ManageVaccinationBookingsSteps.iSelectASession()&amp#27;[0m
12:56:39.173 [Forwarding screenshot on session 543a5fb50a27d6772daaafbbd73145e6 to remote] DEBUG org.asynchttpclient.netty.request.NettyRequestSender - Using pooled Channel '[id: 0x7be0f79c, L:/127.0.0.1:55273 - R:localhost/127.0.0.1:51042]' for 'GET' to 'http://localhost:51042/session/543a5fb50a27d6772daaafbbd73145e6/screenshot'
12:56:39.173 [Forwarding screenshot on session 543a5fb50a27d6772daaafbbd73145e6 to remote] DEBUG org.asynchttpclient.netty.request.NettyRequestSender - Using open Channel [id: 0x7be0f79c, L:/127.0.0.1:55273 - R:localhost/127.0.0.1:51042] for GET '/session/543a5fb50a27d6772daaafbbd73145e6/screenshot'
12:56:39.373 [AsyncHttpClient-1-1] DEBUG org.asynchttpclient.netty.channel.DefaultChannelPool - Entry count for : http://localhost:55275 : 1
12:56:39.390 [AsyncHttpClient-1-8] DEBUG org.asynchttpclient.netty.handler.HttpHandler - 

Request DefaultFullHttpRequest(decodeResult: success, version: HTTP/1.1, content: EmptyByteBufBE)
GET /session/543a5fb50a27d6772daaafbbd73145e6/screenshot HTTP/1.1
User-Agent: selenium/4.1.2 (java windows)
Cache-Control: no-cache
Content-Type: application/json; charset=utf-8
host: localhost:51042
accept: */*

Response DefaultHttpResponse(decodeResult: success, version: HTTP/1.1)
HTTP/1.1 200 OK
Content-Type: application/json; charset=utf-8
cache-control: no-cache
content-length: 133840

12:56:39.395 [AsyncHttpClient-1-8] DEBUG org.asynchttpclient.netty.channel.ChannelManager - Adding key: http://localhost:51042 for channel [id: 0x7be0f79c, L:/127.0.0.1:55273 - R:localhost/127.0.0.1:51042]
12:56:39.404 [main] DEBUG net.serenitybdd.core.photography.Darkroom - Send negative for processing for target\site\serenity\44eb93fc43b2fac84a4e58f2faa1e769df8b9fb7c04d252343ec87d76a3476dc.png
12:56:39.407 [Darkroom Processing Line] DEBUG net.serenitybdd.core.photography.DarkroomProcessingLine - Processing screenshot image in /var/screenshots/screenshot-11041306683794246079
12:56:39.407 [Darkroom Processing Line] DEBUG net.serenitybdd.core.photography.DarkroomProcessingLine - Saving screenshot to target\site\serenity\44eb93fc43b2fac84a4e58f2faa1e769df8b9fb7c04d252343ec87d76a3476dc.png
12:56:39.422 [Forwarding findElement on session 543a5fb50a27d6772daaafbbd73145e6 to remote] DEBUG org.asynchttpclient.netty.request.NettyRequestSender - Using pooled Channel '[id: 0x7be0f79c, L:/127.0.0.1:55273 - R:localhost/127.0.0.1:51042]' for 'POST' to 'http://localhost:51042/session/543a5fb50a27d6772daaafbbd73145e6/element'
12:56:39.422 [Forwarding findElement on session 543a5fb50a27d6772daaafbbd73145e6 to remote] DEBUG org.asynchttpclient.netty.request.NettyRequestSender - Using open Channel [id: 0x7be0f79c, L:/127.0.0.1:55273 - R:localhost/127.0.0.1:51042] for POST '/session/543a5fb50a27d6772daaafbbd73145e6/element'
12:56:40.472 [AsyncHttpClient-1-1] DEBUG org.asynchttpclient.netty.channel.DefaultChannelPool - Entry count for : http://localhost:55275 : 1
12:56:41.484 [AsyncHttpClient-1-8] DEBUG org.asynchttpclient.netty.handler.HttpHandler - 

Request DefaultHttpRequest(decodeResult: success, version: HTTP/1.1)
POST /session/543a5fb50a27d6772daaafbbd73145e6/element HTTP/1.1
User-Agent: selenium/4.1.2 (java windows)
Content-Length: 80
Content-Type: application/json; charset=utf-8
host: localhost:51042
accept: */*

Response DefaultHttpResponse(decodeResult: success, version: HTTP/1.1)
HTTP/1.1 404 Not Found
Content-Type: application/json; charset=utf-8
cache-control: no-cache
content-length: 948

12:56:41.484 [AsyncHttpClient-1-8] DEBUG org.asynchttpclient.netty.channel.ChannelManager - Adding key: http://localhost:51042 for channel [id: 0x7be0f79c, L:/127.0.0.1:55273 - R:localhost/127.0.0.1:51042]
12:56:41.571 [AsyncHttpClient-1-1] DEBUG org.asynchttpclient.netty.channel.DefaultChannelPool - Entry count for : http://localhost:55275 : 1
12:56:41.571 [AsyncHttpClient-1-1] DEBUG org.asynchttpclient.netty.channel.DefaultChannelPool - Entry count for : http://localhost:51042 : 1
12:56:41.587 [Forwarding findElement on session 543a5fb50a27d6772daaafbbd73145e6 to remote] DEBUG org.asynchttpclient.netty.request.NettyRequestSender - Using pooled Channel '[id: 0x7be0f79c, L:/127.0.0.1:55273 - R:localhost/127.0.0.1:51042]' for 'POST' to 'http://localhost:51042/session/543a5fb50a27d6772daaafbbd73145e6/element'
12:56:41.587 [Forwarding findElement on session 543a5fb50a27d6772daaafbbd73145e6 to remote] DEBUG org.asynchttpclient.netty.request.NettyRequestSender - Using open Channel [id: 0x7be0f79c, L:/127.0.0.1:55273 - R:localhost/127.0.0.1:51042] for POST '/session/543a5fb50a27d6772daaafbbd73145e6/element'
12:56:42.672 [AsyncHttpClient-1-1] DEBUG org.asynchttpclient.netty.channel.DefaultChannelPool - Entry count for : http://localhost:55275 : 1
12:56:43.625 [AsyncHttpClient-1-8] DEBUG org.asynchttpclient.netty.handler.HttpHandler - 

Request DefaultHttpRequest(decodeResult: success, version: HTTP/1.1)
POST /session/543a5fb50a27d6772daaafbbd73145e6/element HTTP/1.1
User-Agent: selenium/4.1.2 (java windows)
Content-Length: 80
Content-Type: application/json; charset=utf-8
host: localhost:51042
accept: */*

Response DefaultHttpResponse(decodeResult: success, version: HTTP/1.1)
HTTP/1.1 404 Not Found
Content-Type: application/json; charset=utf-8
cache-control: no-cache
content-length: 948

12:56:43.625 [AsyncHttpClient-1-8] DEBUG org.asynchttpclient.netty.channel.ChannelManager - Adding key: http://localhost:51042 for channel [id: 0x7be0f79c, L:/127.0.0.1:55273 - R:localhost/127.0.0.1:51042]
12:56:43.729 [Forwarding findElement on session 543a5fb50a27d6772daaafbbd73145e6 to remote] DEBUG org.asynchttpclient.netty.request.NettyRequestSender - Using pooled Channel '[id: 0x7be0f79c, L:/127.0.0.1:55273 - R:localhost/127.0.0.1:51042]' for 'POST' to 'http://localhost:51042/session/543a5fb50a27d6772daaafbbd73145e6/element'
12:56:43.729 [Forwarding findElement on session 543a5fb50a27d6772daaafbbd73145e6 to remote] DEBUG org.asynchttpclient.netty.request.NettyRequestSender - Using open Channel [id: 0x7be0f79c, L:/127.0.0.1:55273 - R:localhost/127.0.0.1:51042] for POST '/session/543a5fb50a27d6772daaafbbd73145e6/element'
12:56:43.774 [AsyncHttpClient-1-1] DEBUG org.asynchttpclient.netty.channel.DefaultChannelPool - Entry count for : http://localhost:55275 : 1
12:56:44.873 [AsyncHttpClient-1-1] DEBUG org.asynchttpclient.netty.channel.DefaultChannelPool - Entry count for : http://localhost:55275 : 1
12:56:45.750 [AsyncHttpClient-1-8] DEBUG org.asynchttpclient.netty.handler.HttpHandler - 

Request DefaultHttpRequest(decodeResult: success, version: HTTP/1.1)
POST /session/543a5fb50a27d6772daaafbbd73145e6/element HTTP/1.1
User-Agent: selenium/4.1.2 (java windows)
Content-Length: 80
Content-Type: application/json; charset=utf-8
host: localhost:51042
accept: */*

Response DefaultHttpResponse(decodeResult: success, version: HTTP/1.1)
HTTP/1.1 404 Not Found
Content-Type: application/json; charset=utf-8
cache-control: no-cache
content-length: 948

12:56:45.750 [AsyncHttpClient-1-8] DEBUG org.asynchttpclient.netty.channel.ChannelManager - Adding key: http://localhost:51042 for channel [id: 0x7be0f79c, L:/127.0.0.1:55273 - R:localhost/127.0.0.1:51042]
12:56:45.756 [Forwarding screenshot on session 543a5fb50a27d6772daaafbbd73145e6 to remote] DEBUG org.asynchttpclient.netty.request.NettyRequestSender - Using pooled Channel '[id: 0x7be0f79c, L:/127.0.0.1:55273 - R:localhost/127.0.0.1:51042]' for 'GET' to 'http://localhost:51042/session/543a5fb50a27d6772daaafbbd73145e6/screenshot'
12:56:45.756 [Forwarding screenshot on session 543a5fb50a27d6772daaafbbd73145e6 to remote] DEBUG org.asynchttpclient.netty.request.NettyRequestSender - Using open Channel [id: 0x7be0f79c, L:/127.0.0.1:55273 - R:localhost/127.0.0.1:51042] for GET '/session/543a5fb50a27d6772daaafbbd73145e6/screenshot'
12:56:45.855 [AsyncHttpClient-1-8] DEBUG org.asynchttpclient.netty.handler.HttpHandler - 

Request DefaultFullHttpRequest(decodeResult: success, version: HTTP/1.1, content: EmptyByteBufBE)
GET /session/543a5fb50a27d6772daaafbbd73145e6/screenshot HTTP/1.1
User-Agent: selenium/4.1.2 (java windows)
Cache-Control: no-cache
Content-Type: application/json; charset=utf-8
host: localhost:51042
accept: */*

Response DefaultHttpResponse(decodeResult: success, version: HTTP/1.1)
HTTP/1.1 200 OK
Content-Type: application/json; charset=utf-8
cache-control: no-cache
content-length: 145336

12:56:45.856 [AsyncHttpClient-1-8] DEBUG org.asynchttpclient.netty.channel.ChannelManager - Adding key: http://localhost:51042 for channel [id: 0x7be0f79c, L:/127.0.0.1:55273 - R:localhost/127.0.0.1:51042]
12:56:45.859 [main] DEBUG net.serenitybdd.core.photography.Darkroom - Send negative for processing for target\site\serenity\3e340680a50378327082bf6c60105d5e677803d30f25f74b1becb6b035702a16.png
12:56:45.864 [Forwarding getPageSource on session 543a5fb50a27d6772daaafbbd73145e6 to remote] DEBUG org.asynchttpclient.netty.request.NettyRequestSender - Using pooled Channel '[id: 0x7be0f79c, L:/127.0.0.1:55273 - R:localhost/127.0.0.1:51042]' for 'POST' to 'http://localhost:51042/session/543a5fb50a27d6772daaafbbd73145e6/execute/sync'
12:56:45.864 [Forwarding getPageSource on session 543a5fb50a27d6772daaafbbd73145e6 to remote] DEBUG org.asynchttpclient.netty.request.NettyRequestSender - Using open Channel [id: 0x7be0f79c, L:/127.0.0.1:55273 - R:localhost/127.0.0.1:51042] for POST '/session/543a5fb50a27d6772daaafbbd73145e6/execute/sync'
12:56:45.871 [AsyncHttpClient-1-8] DEBUG org.asynchttpclient.netty.handler.HttpHandler - 

Request DefaultHttpRequest(decodeResult: success, version: HTTP/1.1)
POST /session/543a5fb50a27d6772daaafbbd73145e6/execute/sync HTTP/1.1
User-Agent: selenium/4.1.2 (java windows)
Content-Length: 176
Content-Type: application/json; charset=utf-8
host: localhost:51042
accept: */*

Response DefaultHttpResponse(decodeResult: success, version: HTTP/1.1)
HTTP/1.1 200 OK
Content-Type: application/json; charset=utf-8
cache-control: no-cache
content-length: 32308

12:56:45.871 [AsyncHttpClient-1-8] DEBUG org.asynchttpclient.netty.channel.ChannelManager - Adding key: http://localhost:51042 for channel [id: 0x7be0f79c, L:/127.0.0.1:55273 - R:localhost/127.0.0.1:51042]
12:56:45.878 [Forwarding getCurrentUrl on session 543a5fb50a27d6772daaafbbd73145e6 to remote] DEBUG org.asynchttpclient.netty.request.NettyRequestSender - Using pooled Channel '[id: 0x7be0f79c, L:/127.0.0.1:55273 - R:localhost/127.0.0.1:51042]' for 'GET' to 'http://localhost:51042/session/543a5fb50a27d6772daaafbbd73145e6/url'
12:56:45.879 [Forwarding getCurrentUrl on session 543a5fb50a27d6772daaafbbd73145e6 to remote] DEBUG org.asynchttpclient.netty.request.NettyRequestSender - Using open Channel [id: 0x7be0f79c, L:/127.0.0.1:55273 - R:localhost/127.0.0.1:51042] for GET '/session/543a5fb50a27d6772daaafbbd73145e6/url'
12:56:45.883 [AsyncHttpClient-1-8] DEBUG org.asynchttpclient.netty.handler.HttpHandler - 

Request DefaultFullHttpRequest(decodeResult: success, version: HTTP/1.1, content: EmptyByteBufBE)
GET /session/543a5fb50a27d6772daaafbbd73145e6/url HTTP/1.1
User-Agent: selenium/4.1.2 (java windows)
Cache-Control: no-cache
Content-Type: application/json; charset=utf-8
host: localhost:51042
accept: */*

Response DefaultHttpResponse(decodeResult: success, version: HTTP/1.1)
HTTP/1.1 200 OK
Content-Type: application/json; charset=utf-8
cache-control: no-cache
content-length: 93

12:56:45.884 [AsyncHttpClient-1-8] DEBUG org.asynchttpclient.netty.channel.ChannelManager - Adding key: http://localhost:51042 for channel [id: 0x7be0f79c, L:/127.0.0.1:55273 - R:localhost/127.0.0.1:51042]
  &amp#27;[31mAnd &amp#27;[0m&amp#27;[31mI click X button&amp#27;[0m                 &amp#27;[90m# starter.stepdefinitions.ManageVaccinationBookingsSteps.iClickXButton()&amp#27;[0m
      &amp#27;[31mnet.thucydides.core.webdriver.exceptions.ElementShouldBeEnabledException: Expected enabled element was not enabled
	at net.serenitybdd.core.pages.WebElementFacadeImpl.waitUntilEnabled(WebElementFacadeImpl.java:1100)
	at net.serenitybdd.core.pages.WebElementFacadeImpl.waitUntilElementAvailable(WebElementFacadeImpl.java:888)
	at net.serenitybdd.core.pages.WebElementFacadeImpl.click(WebElementFacadeImpl.java:1182)
	at net.serenitybdd.core.pages.WebElementFacadeImpl.click(WebElementFacadeImpl.java:1201)
	at Automation@1.0-SNAPSHOT/starter.pages.ManageVaccinationBookingsPage.rejectBookingRequest(ManageVaccinationBookingsPage.java:127)
	at Automation@1.0-SNAPSHOT/starter.pages.ManageVaccinationBookingsPage$ByteBuddy$2mB6uuMo.rejectBookingRequest$accessor$5nrir2vK(Unknown Source)
	at java.base/jdk.internal.reflect.NativeMethodAccessorImpl.invoke0(Native Method)
	at java.base/jdk.internal.reflect.NativeMethodAccessorImpl.invoke(NativeMethodAccessorImpl.java:62)
	at java.base/jdk.internal.reflect.DelegatingMethodAccessorImpl.invoke(DelegatingMethodAccessorImpl.java:43)
	at java.base/java.lang.reflect.Method.invoke(Method.java:566)
	at net.thucydides.core.steps.BaseMethodRunner.invokeMethod(BaseMethodRunner.java:18)
	at net.thucydides.core.steps.NormalMethodRunner.invokeMethodAndNotifyFailures(NormalMethodRunner.java:18)
	at net.thucydides.core.steps.StepInterceptor.runNormalMethod(StepInterceptor.java:406)
	at net.thucydides.core.steps.StepInterceptor.testStepResult(StepInterceptor.java:191)
	at net.thucydides.core.steps.StepInterceptor.intercept(StepInterceptor.java:84)
	at net.thucydides.core.steps.ProxyConfiguration$InterceptorDispatcher.intercept(ProxyConfiguration.java:51)
	at Automation@1.0-SNAPSHOT/starter.pages.ManageVaccinationBookingsPage$ByteBuddy$2mB6uuMo.rejectBookingRequest(Unknown Source)
	at Automation@1.0-SNAPSHOT/starter.stepdefinitions.ManageVaccinationBookingsSteps.iClickXButton(ManageVaccinationBookingsSteps.java:59)
	at âœ½.I click X button(file:///C:/Users/ASUSTUF/OneDrive/Documents/Capstone%20Project/Web%20Automation/src/test/resources/features/ManageVaccinationBookings.feature:27)
Caused by: org.openqa.selenium.TimeoutException: Expected condition failed: waiting for By.xpath: //button[@fdprocessedid='xn9icp'] to be enabled (tried for 5 second(s) with 100 milliseconds interval)
	at org.openqa.selenium.support.ui.FluentWait.timeoutException(FluentWait.java:263)
	at org.openqa.selenium.support.ui.FluentWait.until(FluentWait.java:231)
	at net.serenitybdd.core.pages.WebElementFacadeImpl.waitUntilEnabled(WebElementFacadeImpl.java:1097)
	at net.serenitybdd.core.pages.WebElementFacadeImpl.waitUntilElementAvailable(WebElementFacadeImpl.java:888)
	at net.serenitybdd.core.pages.WebElementFacadeImpl.click(WebElementFacadeImpl.java:1182)
	at net.serenitybdd.core.pages.WebElementFacadeImpl.click(WebElementFacadeImpl.java:1201)
	at Automation@1.0-SNAPSHOT/starter.pages.ManageVaccinationBookingsPage.rejectBookingRequest(ManageVaccinationBookingsPage.java:127)
	at Automation@1.0-SNAPSHOT/starter.pages.ManageVaccinationBookingsPage$ByteBuddy$2mB6uuMo.rejectBookingRequest$accessor$5nrir2vK(Unknown Source)
	at java.base/jdk.internal.reflect.NativeMethodAccessorImpl.invoke0(Native Method)
	at java.base/jdk.internal.reflect.NativeMethodAccessorImpl.invoke(NativeMethodAccessorImpl.java:62)
	at java.base/jdk.internal.reflect.DelegatingMethodAccessorImpl.invoke(DelegatingMethodAccessorImpl.java:43)
	at java.base/java.lang.reflect.Method.invoke(Method.java:566)
	at net.thucydides.core.steps.BaseMethodRunner.invokeMethod(BaseMethodRunner.java:18)
	at net.thucydides.core.steps.NormalMethodRunner.invokeMethodAndNotifyFailures(NormalMethodRunner.java:18)
	at net.thucydides.core.steps.StepInterceptor.runNormalMethod(StepInterceptor.java:406)
	at net.thucydides.core.steps.StepInterceptor.testStepResult(StepInterceptor.java:191)
	at net.thucydides.core.steps.StepInterceptor.intercept(StepInterceptor.java:84)
	at net.thucydides.core.steps.ProxyConfiguration$InterceptorDispatcher.intercept(ProxyConfiguration.java:51)
	at Automation@1.0-SNAPSHOT/starter.pages.ManageVaccinationBookingsPage$ByteBuddy$2mB6uuMo.rejectBookingRequest(Unknown Source)
	at Automation@1.0-SNAPSHOT/starter.stepdefinitions.ManageVaccinationBookingsSteps.iClickXButton(ManageVaccinationBookingsSteps.java:59)
	at java.base/jdk.internal.reflect.NativeMethodAccessorImpl.invoke0(Native Method)
	at java.base/jdk.internal.reflect.NativeMethodAccessorImpl.invoke(NativeMethodAccessorImpl.java:62)
	at java.base/jdk.internal.reflect.DelegatingMethodAccessorImpl.invoke(DelegatingMethodAccessorImpl.java:43)
	at java.base/java.lang.reflect.Method.invoke(Method.java:566)
	at io.cucumber.java.Invoker.doInvoke(Invoker.java:66)
	at io.cucumber.java.Invoker.invoke(Invoker.java:24)
	at io.cucumber.java.AbstractGlueDefinition.invokeMethod(AbstractGlueDefinition.java:47)
	at io.cucumber.java.JavaStepDefinition.execute(JavaStepDefinition.java:29)
	at io.cucumber.core.runner.CoreStepDefinition.execute(CoreStepDefinition.java:66)
	at io.cucumber.core.runner.PickleStepDefinitionMatch.runStep(PickleStepDefinitionMatch.java:63)
	at io.cucumber.core.runner.ExecutionMode$1.execute(ExecutionMode.java:10)
	at io.cucumber.core.runner.TestStep.executeStep(TestStep.java:86)
	at io.cucumber.core.runner.TestStep.run(TestStep.java:57)
	at io.cucumber.core.runner.PickleStepTestStep.run(PickleStepTestStep.java:51)
	at io.cucumber.core.runner.TestCase.run(TestCase.java:95)
	at io.cucumber.core.runner.Runner.runPickle(Runner.java:75)
	at io.cucumber.junit.PickleRunners$NoStepDescriptions.lambda$run$0(PickleRunners.java:151)
	at io.cucumber.core.runtime.CucumberExecutionContext.lambda$runTestCase$3(CucumberExecutionContext.java:151)
	at io.cucumber.core.runtime.RethrowingThrowableCollector.executeAndThrow(RethrowingThrowableCollector.java:23)
	at io.cucumber.core.runtime.CucumberExecutionContext.runTestCase(CucumberExecutionContext.java:151)
	at io.cucumber.junit.PickleRunners$NoStepDescriptions.run(PickleRunners.java:148)
	at io.cucumber.junit.FeatureRunner.runChild(FeatureRunner.java:144)
	at io.cucumber.junit.FeatureRunner.runChild(FeatureRunner.java:28)
	at org.junit.runners.ParentRunner$4.run(ParentRunner.java:331)
	at org.junit.runners.ParentRunner$1.schedule(ParentRunner.java:79)
	at org.junit.runners.ParentRunner.runChildren(ParentRunner.java:329)
	at org.junit.runners.ParentRunner.access$100(ParentRunner.java:66)
	at org.junit.runners.ParentRunner$2.evaluate(ParentRunner.java:293)
	at org.junit.runners.ParentRunner$3.evaluate(ParentRunner.java:306)
	at org.junit.runners.ParentRunner.run(ParentRunner.java:413)
	at io.cucumber.junit.FeatureRunner.run(FeatureRunner.java:137)
	at io.cucumber.junit.CucumberSerenityRunner.runChild(CucumberSerenityRunner.java:258)
	at io.cucumber.junit.CucumberSerenityRunner.runChild(CucumberSerenityRunner.java:58)
	at org.junit.runners.ParentRunner$4.run(ParentRunner.java:331)
	at org.junit.runners.ParentRunner$1.schedule(ParentRunner.java:79)
	at org.junit.runners.ParentRunner.runChildren(ParentRunner.java:329)
	at org.junit.runners.ParentRunner.access$100(ParentRunner.java:66)
	at org.junit.runners.ParentRunner$2.evaluate(ParentRunner.java:293)
	at io.cucumber.junit.CucumberSerenityRunner$RunCucumber.evaluate(CucumberSerenityRunner.java:287)
	at org.junit.runners.ParentRunner$3.evaluate(ParentRunner.java:306)
	at org.junit.runners.ParentRunner.run(ParentRunner.java:413)
	at org.junit.runner.JUnitCore.run(JUnitCore.java:137)
	at org.junit.runner.JUnitCore.run(JUnitCore.java:115)
	at org.junit.vintage.engine.execution.RunnerExecutor.execute(RunnerExecutor.java:42)
	at org.junit.vintage.engine.VintageTestEngine.executeAllChildren(VintageTestEngine.java:80)
	at org.junit.vintage.engine.VintageTestEngine.execute(VintageTestEngine.java:72)
	at org.junit.platform.launcher.core.EngineExecutionOrchestrator.execute(EngineExecutionOrchestrator.java:107)
	at org.junit.platform.launcher.core.EngineExecutionOrchestrator.execute(EngineExecutionOrchestrator.java:88)
	at org.junit.platform.launcher.core.EngineExecutionOrchestrator.lambda$execute$0(EngineExecutionOrchestrator.java:54)
	at org.junit.platform.launcher.core.EngineExecutionOrchestrator.withInterceptedStreams(EngineExecutionOrchestrator.java:67)
	at org.junit.platform.launcher.core.EngineExecutionOrchestrator.execute(EngineExecutionOrchestrator.java:52)
	at org.junit.platform.launcher.core.DefaultLauncher.execute(DefaultLauncher.java:114)
	at org.junit.platform.launcher.core.DefaultLauncher.execute(DefaultLauncher.java:86)
	at org.junit.platform.launcher.core.DefaultLauncherSession$DelegatingLauncher.execute(DefaultLauncherSession.java:86)
	at org.junit.platform.launcher.core.SessionPerRequestLauncher.execute(SessionPerRequestLauncher.java:53)
	at org.apache.maven.surefire.junitplatform.JUnitPlatformProvider.execute(JUnitPlatformProvider.java:188)
	at org.apache.maven.surefire.junitplatform.JUnitPlatformProvider.invokeAllTests(JUnitPlatformProvider.java:154)
	at org.apache.maven.surefire.junitplatform.JUnitPlatformProvider.invoke(JUnitPlatformProvider.java:128)
	at org.apache.maven.surefire.booter.ForkedBooter.runSuitesInProcess(ForkedBooter.java:428)
	at org.apache.maven.surefire.booter.ForkedBooter.execute(ForkedBooter.java:162)
	at org.apache.maven.surefire.booter.ForkedBooter.run(ForkedBooter.java:562)
	at org.apache.maven.surefire.booter.ForkedBooter.main(ForkedBooter.java:548)
Caused by: org.openqa.selenium.NoSuchElementException: no such element: Unable to locate element: {"method":"xpath","selector":"//button[@fdprocessedid='xn9icp']"}
  (Session info: chrome=108.0.5359.125)
For documentation on this error, please visit: https://selenium.dev/exceptions/#no_such_element
Build info: version: '4.1.2', revision: '9a5a329c5a'
System info: host: 'LAPTOP-CFD9EV6G', ip: '192.168.100.7', os.name: 'Windows 11', os.arch: 'amd64', os.version: '10.0', java.version: '11.0.16'
Driver info: org.openqa.selenium.chrome.ChromeDriver
Command: [543a5fb50a27d6772daaafbbd73145e6, findElement {using=xpath, value=//button[@fdprocessedid='xn9icp']}]
Capabilities {acceptInsecureCerts: false, browserName: chrome, browserVersion: 108.0.5359.125, chrome: {chromedriverVersion: 108.0.5359.71 (1e0e3868ee06..., userDataDir: C:\Users\ASUSTUF\AppData\Lo...}, goog:chromeOptions: {debuggerAddress: localhost:55275}, javascriptEnabled: true, networkConnectionEnabled: false, pageLoadStrategy: normal, platform: WINDOWS, platformName: WINDOWS, proxy: Proxy(), se:cdp: ws://localhost:55275/devtoo..., se:cdpVersion: 108.0.5359.125, setWindowRect: true, strictFileInteractability: false, timeouts: {implicit: 0, pageLoad: 300000, script: 30000}, unhandledPromptBehavior: dismiss and notify, webauthn:extension:credBlob: true, webauthn:extension:largeBlob: true, webauthn:virtualAuthenticators: true}
Session ID: 543a5fb50a27d6772daaafbbd73145e6
	at java.base/jdk.internal.reflect.NativeConstructorAccessorImpl.newInstance0(Native Method)
	at java.base/jdk.internal.reflect.NativeConstructorAccessorImpl.newInstance(NativeConstructorAccessorImpl.java:62)
	at java.base/jdk.internal.reflect.DelegatingConstructorAccessorImpl.newInstance(DelegatingConstructorAccessorImpl.java:45)
	at java.base/java.lang.reflect.Constructor.newInstance(Constructor.java:490)
	at org.openqa.selenium.remote.codec.w3c.W3CHttpResponseCodec.createException(W3CHttpResponseCodec.java:200)
	at org.openqa.selenium.remote.codec.w3c.W3CHttpResponseCodec.decode(W3CHttpResponseCodec.java:133)
	at org.openqa.selenium.remote.codec.w3c.W3CHttpResponseCodec.decode(W3CHttpResponseCodec.java:53)
	at org.openqa.selenium.remote.HttpCommandExecutor.execute(HttpCommandExecutor.java:184)
	at org.openqa.selenium.remote.service.DriverCommandExecutor.invokeExecute(DriverCommandExecutor.java:167)
	at org.openqa.selenium.remote.service.DriverCommandExecutor.execute(DriverCommandExecutor.java:142)
	at org.openqa.selenium.remote.RemoteWebDriver.execute(RemoteWebDriver.java:558)
	at org.openqa.selenium.remote.ElementLocation$ElementFinder$2.findElement(ElementLocation.java:162)
	at org.openqa.selenium.remote.ElementLocation.findElement(ElementLocation.java:60)
	at org.openqa.selenium.remote.RemoteWebDriver.findElement(RemoteWebDriver.java:382)
	at org.openqa.selenium.remote.RemoteWebDriver.findElement(RemoteWebDriver.java:374)
	at net.thucydides.core.webdriver.WebDriverFacade.findElement(WebDriverFacade.java:224)
	at net.serenitybdd.core.pages.WebElementResolverByLocator.resolveForDriver(WebElementResolverByLocator.java:25)
	at net.serenitybdd.core.pages.WebElementFacadeImpl.getResolvedElement(WebElementFacadeImpl.java:191)
	at net.serenitybdd.core.pages.WebElementFacadeImpl.getElement(WebElementFacadeImpl.java:186)
	at net.serenitybdd.core.pages.WebElementExpectations$3.apply(WebElementExpectations.java:63)
	at net.serenitybdd.core.pages.WebElementExpectations$3.apply(WebElementExpectations.java:55)
	at org.openqa.selenium.support.ui.FluentWait.until(FluentWait.java:208)
	... 80 more
&amp#27;[0m
  &amp#27;[36mThen &amp#27;[0m&amp#27;[36mthe booking will be rejected&amp#27;[0m    &amp#27;[90m# starter.stepdefinitions.ManageVaccinationBookingsSteps.theBookingWillBeRejected()&amp#27;[0m
12:56:45.914 [main] ERROR  - 
  _____   ___   ___   _____     ___     _     ___   _      ___   ___  
 |_   _| | __| / __| |_   _|   | __|   /_\   |_ _| | |    | __| |   \ 
   | |   | _|  \__ \   | |     | _|   / _ \   | |  | |__  | _|  | |) |
   |_|   |___| |___/   |_|     |_|   /_/ \_\ |___| |____| |___| |___/ 

Reject a vaccination booking
-----------------------------------------------------------------------
12:56:45.915 [main] DEBUG  - RELATED ISSUES: 
12:56:45.915 [main] ERROR  -     Test failed at step: Reject booking request
12:56:45.915 [main] ERROR  -     Expected enabled element was not enabled
12:56:45.921 [AsyncHttpClient-1-10] DEBUG org.asynchttpclient.netty.handler.WebSocketHandler - Channel Closed: [id: 0x335ff862, L:/127.0.0.1:55283 ! R:localhost/127.0.0.1:55275] with attribute NettyResponseFuture{currentRetry=5,
	isDone=1,
	isCancelled=0,
	asyncHandler=org.asynchttpclient.ws.WebSocketUpgradeHandler@74427925,
	nettyRequest=org.asynchttpclient.netty.request.NettyRequest@3140e9c9,
	future=java.util.concurrent.CompletableFuture@1fc66d0e[Completed normally],
	uri=ws://localhost:55275/devtools/browser/26f4ce1d-aa0d-4aa2-919f-c3c40556b767,
	keepAlive=true,
	redirectCount=0,
	timeoutsHolder=null,
	inAuth=0,
	touch=1671429395556}
12:56:45.921 [AsyncHttpClient-1-10] DEBUG org.asynchttpclient.netty.channel.ChannelManager - Closing Channel [id: 0x335ff862, L:/127.0.0.1:55283 ! R:localhost/127.0.0.1:55275] 
12:56:45.921 [Driver Command Executor] DEBUG org.asynchttpclient.netty.request.NettyRequestSender - Using pooled Channel '[id: 0x7be0f79c, L:/127.0.0.1:55273 - R:localhost/127.0.0.1:51042]' for 'DELETE' to 'http://localhost:51042/session/543a5fb50a27d6772daaafbbd73145e6'
12:56:45.921 [Driver Command Executor] DEBUG org.asynchttpclient.netty.request.NettyRequestSender - Using open Channel [id: 0x7be0f79c, L:/127.0.0.1:55273 - R:localhost/127.0.0.1:51042] for DELETE '/session/543a5fb50a27d6772daaafbbd73145e6'
12:56:45.954 [AsyncHttpClient-1-9] DEBUG org.asynchttpclient.netty.handler.HttpHandler - Unexpected I/O exception on channel [id: 0x1c602a54, L:/127.0.0.1:55282 - R:localhost/127.0.0.1:55275]
java.io.IOException: An existing connection was forcibly closed by the remote host
	at java.base/sun.nio.ch.SocketDispatcher.read0(Native Method)
	at java.base/sun.nio.ch.SocketDispatcher.read(SocketDispatcher.java:43)
	at java.base/sun.nio.ch.IOUtil.readIntoNativeBuffer(IOUtil.java:276)
	at java.base/sun.nio.ch.IOUtil.read(IOUtil.java:233)
	at java.base/sun.nio.ch.IOUtil.read(IOUtil.java:223)
	at java.base/sun.nio.ch.SocketChannelImpl.read(SocketChannelImpl.java:358)
	at io.netty.buffer.PooledByteBuf.setBytes(PooledByteBuf.java:258)
	at io.netty.buffer.AbstractByteBuf.writeBytes(AbstractByteBuf.java:1132)
	at io.netty.channel.socket.nio.NioSocketChannel.doReadBytes(NioSocketChannel.java:350)
	at io.netty.channel.nio.AbstractNioByteChannel$NioByteUnsafe.read(AbstractNioByteChannel.java:151)
	at io.netty.channel.nio.NioEventLoop.processSelectedKey(NioEventLoop.java:722)
	at io.netty.channel.nio.NioEventLoop.processSelectedKeysOptimized(NioEventLoop.java:658)
	at io.netty.channel.nio.NioEventLoop.processSelectedKeys(NioEventLoop.java:584)
	at io.netty.channel.nio.NioEventLoop.run(NioEventLoop.java:496)
	at io.netty.util.concurrent.SingleThreadEventExecutor$4.run(SingleThreadEventExecutor.java:986)
	at io.netty.util.internal.ThreadExecutorMap$2.run(ThreadExecutorMap.java:74)
	at io.netty.util.concurrent.FastThreadLocalRunnable.run(FastThreadLocalRunnable.java:30)
	at java.base/java.lang.Thread.run(Thread.java:834)
12:56:45.954 [AsyncHttpClient-1-9] DEBUG org.asynchttpclient.netty.channel.ChannelManager - Closing Channel [id: 0x1c602a54, L:/127.0.0.1:55282 - R:localhost/127.0.0.1:55275] 
12:56:45.955 [AsyncHttpClient-1-9] DEBUG org.asynchttpclient.netty.handler.HttpHandler - Channel Closed: [id: 0x1c602a54, L:/127.0.0.1:55282 ! R:localhost/127.0.0.1:55275] with attribute DISCARD
12:56:45.978 [AsyncHttpClient-1-1] DEBUG org.asynchttpclient.netty.channel.DefaultChannelPool - Entry count for : http://localhost:55275 : 1
12:56:45.979 [AsyncHttpClient-1-1] DEBUG org.asynchttpclient.netty.channel.DefaultChannelPool - Adding Candidate expired Channel [id: 0x1c602a54, L:/127.0.0.1:55282 ! R:localhost/127.0.0.1:55275] isIdleTimeoutExpired=false isRemotelyClosed=true isTtlExpired=false
12:56:45.980 [AsyncHttpClient-1-1] DEBUG org.asynchttpclient.netty.channel.DefaultChannelPool - Closing Idle Channel [id: 0x1c602a54, L:/127.0.0.1:55282 ! R:localhost/127.0.0.1:55275]
12:56:45.980 [AsyncHttpClient-1-1] DEBUG org.asynchttpclient.netty.channel.DefaultChannelPool - Closed 1 connections out of 1 in 1 ms
12:56:45.982 [AsyncHttpClient-1-8] DEBUG org.asynchttpclient.netty.handler.HttpHandler - 

Request DefaultFullHttpRequest(decodeResult: success, version: HTTP/1.1, content: EmptyByteBufBE)
DELETE /session/543a5fb50a27d6772daaafbbd73145e6 HTTP/1.1
User-Agent: selenium/4.1.2 (java windows)
Content-Type: application/json; charset=utf-8
host: localhost:51042
accept: */*

Response DefaultHttpResponse(decodeResult: success, version: HTTP/1.1)
HTTP/1.1 200 OK
Content-Type: application/json; charset=utf-8
cache-control: no-cache
content-length: 14

12:56:45.982 [AsyncHttpClient-1-8] DEBUG org.asynchttpclient.netty.channel.ChannelManager - Adding key: http://localhost:51042 for channel [id: 0x7be0f79c, L:/127.0.0.1:55273 - R:localhost/127.0.0.1:51042]
12:56:46.053 [AsyncHttpClient-1-8] DEBUG org.asynchttpclient.netty.handler.HttpHandler - Channel Closed: [id: 0x7be0f79c, L:/127.0.0.1:55273 ! R:localhost/127.0.0.1:51042] with attribute DISCARD
]]></system-out>
    <system-err><![CDATA[Starting ChromeDriver 108.0.5359.71 (1e0e3868ee06e91ad636a874420e3ca3ae3756ac-refs/branch-heads/5359@{#1016}) on port 51042
Only local connections are allowed.
Please see https://chromedriver.chromium.org/security-considerations for suggestions on keeping ChromeDriver safe.
ChromeDriver was started successfully.
Dec 19, 2022 12:56:35 PM org.openqa.selenium.remote.ProtocolHandshake createSession
INFO: Detected dialect: W3C
Dec 19, 2022 12:56:35 PM org.openqa.selenium.devtools.CdpVersionFinder findNearestMatch
WARNING: Unable to find an exact match for CDP version 108, so returning the closest version found: a no-op implementation
Dec 19, 2022 12:56:35 PM org.openqa.selenium.devtools.CdpVersionFinder findNearestMatch
INFO: Unable to find CDP implementation matching 108.
Dec 19, 2022 12:56:35 PM org.openqa.selenium.chromium.ChromiumDriver lambda$new$3
WARNING: Unable to find version of CDP to use for . You may need to include a dependency on a specific version of the CDP using something similar to `org.seleniumhq.selenium:selenium-devtools-v86:4.1.2` where the version ("v86") matches the version of the chromium-based browser you're using and the version number of the artifact is the same as Selenium's.
]]></system-err>
  </testcase>
  <testcase name="Reject all vaccination bookings" classname="Manage vaccination bookings" time="11.656">
    <error type="net.thucydides.core.webdriver.exceptions.ElementShouldBeEnabledException"><![CDATA[net.thucydides.core.webdriver.exceptions.ElementShouldBeEnabledException: Expected enabled element was not enabled
Caused by: org.openqa.selenium.TimeoutException: Expected condition failed: waiting for By.xpath: //input[@aria-label='Select all rows'] to be enabled (tried for 5 second(s) with 100 milliseconds interval)
Caused by: org.openqa.selenium.NoSuchElementException: 
no such element: Unable to locate element: {"method":"xpath","selector":"//input[@aria-label='Select all rows']"}
  (Session info: chrome=108.0.5359.125)
For documentation on this error, please visit: https://selenium.dev/exceptions/#no_such_element
Build info: version: '4.1.2', revision: '9a5a329c5a'
System info: host: 'LAPTOP-CFD9EV6G', ip: '192.168.100.7', os.name: 'Windows 11', os.arch: 'amd64', os.version: '10.0', java.version: '11.0.16'
Driver info: org.openqa.selenium.chrome.ChromeDriver
Command: [6b3a94c3c7e909e824d69ce5a26fbe14, findElement {using=xpath, value=//input[@aria-label='Select all rows']}]
Capabilities {acceptInsecureCerts: false, browserName: chrome, browserVersion: 108.0.5359.125, chrome: {chromedriverVersion: 108.0.5359.71 (1e0e3868ee06..., userDataDir: C:\Users\ASUSTUF\AppData\Lo...}, goog:chromeOptions: {debuggerAddress: localhost:55308}, javascriptEnabled: true, networkConnectionEnabled: false, pageLoadStrategy: normal, platform: WINDOWS, platformName: WINDOWS, proxy: Proxy(), se:cdp: ws://localhost:55308/devtoo..., se:cdpVersion: 108.0.5359.125, setWindowRect: true, strictFileInteractability: false, timeouts: {implicit: 0, pageLoad: 300000, script: 30000}, unhandledPromptBehavior: dismiss and notify, webauthn:extension:credBlob: true, webauthn:extension:largeBlob: true, webauthn:virtualAuthenticators: true}
Session ID: 6b3a94c3c7e909e824d69ce5a26fbe14
]]></error>
    <system-out><![CDATA[
Scenario: Reject all vaccination bookings &amp#27;[90m# src/test/resources/features/ManageVaccinationBookings.feature:30&amp#27;[0m
12:56:46.157 [main] INFO io.cucumber.core.plugin.SerenityReporter - Running feature from file:///C:/Users/ASUSTUF/OneDrive/Documents/Capstone%20Project/Web%20Automation/src/test/resources/features/ManageVaccinationBookings.feature
12:56:46.170 [main] INFO  - 
  _____   ___   ___   _____     ___   _____     _     ___   _____   ___   ___  
 |_   _| | __| / __| |_   _|   / __| |_   _|   /_\   | _ \ |_   _| | __| |   \ 
   | |   | _|  \__ \   | |     \__ \   | |    / _ \  |   /   | |   | _|  | |) |
   |_|   |___| |___/   |_|     |___/   |_|   /_/ \_\ |_|_\   |_|   |___| |___/ 

Reject all vaccination bookings(manage-vaccination-bookings;reject-all-vaccination-bookings)
--------------------------------------------------------------------------------
12:56:46.221 [main] INFO net.serenitybdd.core.webdriver.driverproviders.ChromeDriverProvider - Using automatically driver download
12:56:46.337 [main] DEBUG io.github.bonigarcia.wdm.cache.ResolutionCache - Resolution chrome=108 in cache (valid until 13:44:30 19/12/2022 ICT)
12:56:46.340 [main] DEBUG io.github.bonigarcia.wdm.cache.ResolutionCache - Resolution chrome108=108.0.5359.71 in cache (valid until 12:44:30 20/12/2022 ICT)
12:56:46.341 [main] INFO io.github.bonigarcia.wdm.WebDriverManager - Using chromedriver 108.0.5359.71 (resolved driver for Chrome 108)
12:56:46.364 [main] DEBUG io.github.bonigarcia.wdm.WebDriverManager - Driver chromedriver 108.0.5359.71 found in cache
12:56:46.365 [main] INFO io.github.bonigarcia.wdm.WebDriverManager - Exporting webdriver.chrome.driver as C:\Users\ASUSTUF\.cache\selenium\chromedriver\win32\108.0.5359.71\chromedriver.exe
12:56:46.486 [main] DEBUG net.serenitybdd.core.webdriver.driverproviders.ProvideNewDriver - Instantiating driver
12:56:46.486 [main] DEBUG net.serenitybdd.core.webdriver.driverproviders.ProvideNewDriver - Driver capabilities: Capabilities {acceptInsecureCerts: false, base.url: https://vaksin-id.netlify.app/, browserName: chrome, chrome.driver: src/test/resources/webdrive..., driver: chrome, goog:chromeOptions: {args: [], extensions: []}}
12:56:46.926 [AsyncHttpClient-1-11] DEBUG org.asynchttpclient.netty.channel.NettyConnectListener - Using new Channel '[id: 0x72eaa3c4, L:/127.0.0.1:55307 - R:localhost/127.0.0.1:63224]' for 'POST' to '/session'
12:56:47.073 [AsyncHttpClient-1-1] DEBUG org.asynchttpclient.netty.channel.DefaultChannelPool - Entry count for : http://localhost:51042 : 1
12:56:47.073 [AsyncHttpClient-1-1] DEBUG org.asynchttpclient.netty.channel.DefaultChannelPool - Adding Candidate expired Channel [id: 0x7be0f79c, L:/127.0.0.1:55273 ! R:localhost/127.0.0.1:51042] isIdleTimeoutExpired=false isRemotelyClosed=true isTtlExpired=false
12:56:47.073 [AsyncHttpClient-1-1] DEBUG org.asynchttpclient.netty.channel.DefaultChannelPool - Closing Idle Channel [id: 0x7be0f79c, L:/127.0.0.1:55273 ! R:localhost/127.0.0.1:51042]
12:56:47.073 [AsyncHttpClient-1-1] DEBUG org.asynchttpclient.netty.channel.DefaultChannelPool - Closed 1 connections out of 1 in 0 ms
12:56:47.833 [AsyncHttpClient-1-11] DEBUG org.asynchttpclient.netty.handler.HttpHandler - 

Request DefaultHttpRequest(decodeResult: success, version: HTTP/1.1)
POST /session HTTP/1.1
User-Agent: selenium/4.1.2 (java windows)
Content-Length: 616
Content-Type: application/json; charset=utf-8
host: localhost:63224
accept: */*

Response DefaultHttpResponse(decodeResult: success, version: HTTP/1.1)
HTTP/1.1 200 OK
Content-Type: application/json; charset=utf-8
cache-control: no-cache
content-length: 793

12:56:47.834 [AsyncHttpClient-1-11] DEBUG org.asynchttpclient.netty.channel.ChannelManager - Adding key: http://localhost:63224 for channel [id: 0x72eaa3c4, L:/127.0.0.1:55307 - R:localhost/127.0.0.1:63224]
12:56:47.858 [AsyncHttpClient-1-12] DEBUG org.asynchttpclient.netty.channel.NettyConnectListener - Using new Channel '[id: 0xcdf5c5e0, L:/127.0.0.1:55314 - R:localhost/127.0.0.1:55308]' for 'GET' to '/json/version'
12:56:47.877 [AsyncHttpClient-1-12] DEBUG org.asynchttpclient.netty.handler.HttpHandler - 

Request DefaultFullHttpRequest(decodeResult: success, version: HTTP/1.1, content: EmptyByteBufBE)
GET /json/version HTTP/1.1
User-Agent: selenium/4.1.2 (java windows)
host: localhost:55308
accept: */*

Response DefaultHttpResponse(decodeResult: success, version: HTTP/1.1)
HTTP/1.1 200 OK
Content-Type: application/json; charset=UTF-8
content-length: 424

12:56:47.878 [AsyncHttpClient-1-12] DEBUG org.asynchttpclient.netty.channel.ChannelManager - Adding key: http://localhost:55308 for channel [id: 0xcdf5c5e0, L:/127.0.0.1:55314 - R:localhost/127.0.0.1:55308]
12:56:47.895 [AsyncHttpClient-1-13] DEBUG org.asynchttpclient.netty.channel.NettyConnectListener - Using new Channel '[id: 0x4dc0dcaf, L:/127.0.0.1:55315 - R:localhost/127.0.0.1:55308]' for 'GET' to '/devtools/browser/81dd9090-5f94-461a-9ee2-45df8d3ef6ae'
12:56:47.920 [AsyncHttpClient-1-13] DEBUG org.asynchttpclient.netty.handler.WebSocketHandler - 

Request DefaultFullHttpRequest(decodeResult: success, version: HTTP/1.1, content: EmptyByteBufBE)
GET /devtools/browser/81dd9090-5f94-461a-9ee2-45df8d3ef6ae HTTP/1.1
upgrade: websocket
connection: upgrade
sec-websocket-key: 7vHVXjzMNTz4P+E5bv7M8Q==
sec-websocket-version: 13
origin: http://localhost:55308
host: localhost:55308
accept: */*
user-agent: AHC/2.1

Response DefaultHttpResponse(decodeResult: success, version: HTTP/1.1)
HTTP/1.1 101 WebSocket Protocol Handshake
Upgrade: WebSocket
Connection: Upgrade
Sec-WebSocket-Accept: IkiX/ZzqpaJCux56U0Y/0CL+mJ8=

12:56:47.933 [Forwarding get on session 6b3a94c3c7e909e824d69ce5a26fbe14 to remote] DEBUG org.asynchttpclient.netty.request.NettyRequestSender - Using pooled Channel '[id: 0x72eaa3c4, L:/127.0.0.1:55307 - R:localhost/127.0.0.1:63224]' for 'POST' to 'http://localhost:63224/session/6b3a94c3c7e909e824d69ce5a26fbe14/url'
12:56:47.934 [Forwarding get on session 6b3a94c3c7e909e824d69ce5a26fbe14 to remote] DEBUG org.asynchttpclient.netty.request.NettyRequestSender - Using open Channel [id: 0x72eaa3c4, L:/127.0.0.1:55307 - R:localhost/127.0.0.1:63224] for POST '/session/6b3a94c3c7e909e824d69ce5a26fbe14/url'
12:56:48.173 [AsyncHttpClient-1-1] DEBUG org.asynchttpclient.netty.channel.DefaultChannelPool - Entry count for : http://localhost:55308 : 1
12:56:48.868 [AsyncHttpClient-1-11] DEBUG org.asynchttpclient.netty.handler.HttpHandler - 

Request DefaultHttpRequest(decodeResult: success, version: HTTP/1.1)
POST /session/6b3a94c3c7e909e824d69ce5a26fbe14/url HTTP/1.1
User-Agent: selenium/4.1.2 (java windows)
Content-Length: 60
Content-Type: application/json; charset=utf-8
host: localhost:63224
accept: */*

Response DefaultHttpResponse(decodeResult: success, version: HTTP/1.1)
HTTP/1.1 200 OK
Content-Type: application/json; charset=utf-8
cache-control: no-cache
content-length: 14

12:56:48.868 [AsyncHttpClient-1-11] DEBUG org.asynchttpclient.netty.channel.ChannelManager - Adding key: http://localhost:63224 for channel [id: 0x72eaa3c4, L:/127.0.0.1:55307 - R:localhost/127.0.0.1:63224]
12:56:48.876 [Forwarding setTimeout on session 6b3a94c3c7e909e824d69ce5a26fbe14 to remote] DEBUG org.asynchttpclient.netty.request.NettyRequestSender - Using pooled Channel '[id: 0x72eaa3c4, L:/127.0.0.1:55307 - R:localhost/127.0.0.1:63224]' for 'POST' to 'http://localhost:63224/session/6b3a94c3c7e909e824d69ce5a26fbe14/timeouts'
12:56:48.876 [Forwarding setTimeout on session 6b3a94c3c7e909e824d69ce5a26fbe14 to remote] DEBUG org.asynchttpclient.netty.request.NettyRequestSender - Using open Channel [id: 0x72eaa3c4, L:/127.0.0.1:55307 - R:localhost/127.0.0.1:63224] for POST '/session/6b3a94c3c7e909e824d69ce5a26fbe14/timeouts'
12:56:48.878 [AsyncHttpClient-1-11] DEBUG org.asynchttpclient.netty.handler.HttpHandler - 

Request DefaultHttpRequest(decodeResult: success, version: HTTP/1.1)
POST /session/6b3a94c3c7e909e824d69ce5a26fbe14/timeouts HTTP/1.1
User-Agent: selenium/4.1.2 (java windows)
Content-Length: 22
Content-Type: application/json; charset=utf-8
host: localhost:63224
accept: */*

Response DefaultHttpResponse(decodeResult: success, version: HTTP/1.1)
HTTP/1.1 200 OK
Content-Type: application/json; charset=utf-8
cache-control: no-cache
content-length: 14

12:56:48.878 [AsyncHttpClient-1-11] DEBUG org.asynchttpclient.netty.channel.ChannelManager - Adding key: http://localhost:63224 for channel [id: 0x72eaa3c4, L:/127.0.0.1:55307 - R:localhost/127.0.0.1:63224]
12:56:48.881 [Forwarding getCurrentUrl on session 6b3a94c3c7e909e824d69ce5a26fbe14 to remote] DEBUG org.asynchttpclient.netty.request.NettyRequestSender - Using pooled Channel '[id: 0x72eaa3c4, L:/127.0.0.1:55307 - R:localhost/127.0.0.1:63224]' for 'GET' to 'http://localhost:63224/session/6b3a94c3c7e909e824d69ce5a26fbe14/url'
12:56:48.881 [Forwarding getCurrentUrl on session 6b3a94c3c7e909e824d69ce5a26fbe14 to remote] DEBUG org.asynchttpclient.netty.request.NettyRequestSender - Using open Channel [id: 0x72eaa3c4, L:/127.0.0.1:55307 - R:localhost/127.0.0.1:63224] for GET '/session/6b3a94c3c7e909e824d69ce5a26fbe14/url'
12:56:48.902 [AsyncHttpClient-1-11] DEBUG org.asynchttpclient.netty.handler.HttpHandler - 

Request DefaultFullHttpRequest(decodeResult: success, version: HTTP/1.1, content: EmptyByteBufBE)
GET /session/6b3a94c3c7e909e824d69ce5a26fbe14/url HTTP/1.1
User-Agent: selenium/4.1.2 (java windows)
Cache-Control: no-cache
Content-Type: application/json; charset=utf-8
host: localhost:63224
accept: */*

Response DefaultHttpResponse(decodeResult: success, version: HTTP/1.1)
HTTP/1.1 200 OK
Content-Type: application/json; charset=utf-8
cache-control: no-cache
content-length: 42

12:56:48.902 [AsyncHttpClient-1-11] DEBUG org.asynchttpclient.netty.channel.ChannelManager - Adding key: http://localhost:63224 for channel [id: 0x72eaa3c4, L:/127.0.0.1:55307 - R:localhost/127.0.0.1:63224]
  &amp#27;[32mGiven &amp#27;[0m&amp#27;[32mI am on landing page&amp#27;[0m              &amp#27;[90m# starter.stepdefinitions.ManageVaccinationBookingsSteps.iAmOnLandingPage()&amp#27;[0m
12:56:48.914 [Forwarding screenshot on session 6b3a94c3c7e909e824d69ce5a26fbe14 to remote] DEBUG org.asynchttpclient.netty.request.NettyRequestSender - Using pooled Channel '[id: 0x72eaa3c4, L:/127.0.0.1:55307 - R:localhost/127.0.0.1:63224]' for 'GET' to 'http://localhost:63224/session/6b3a94c3c7e909e824d69ce5a26fbe14/screenshot'
12:56:48.914 [Forwarding screenshot on session 6b3a94c3c7e909e824d69ce5a26fbe14 to remote] DEBUG org.asynchttpclient.netty.request.NettyRequestSender - Using open Channel [id: 0x72eaa3c4, L:/127.0.0.1:55307 - R:localhost/127.0.0.1:63224] for GET '/session/6b3a94c3c7e909e824d69ce5a26fbe14/screenshot'
12:56:49.272 [AsyncHttpClient-1-1] DEBUG org.asynchttpclient.netty.channel.DefaultChannelPool - Entry count for : http://localhost:55308 : 1
12:56:49.553 [AsyncHttpClient-1-11] DEBUG org.asynchttpclient.netty.handler.HttpHandler - 

Request DefaultFullHttpRequest(decodeResult: success, version: HTTP/1.1, content: EmptyByteBufBE)
GET /session/6b3a94c3c7e909e824d69ce5a26fbe14/screenshot HTTP/1.1
User-Agent: selenium/4.1.2 (java windows)
Cache-Control: no-cache
Content-Type: application/json; charset=utf-8
host: localhost:63224
accept: */*

Response DefaultHttpResponse(decodeResult: success, version: HTTP/1.1)
HTTP/1.1 200 OK
Content-Type: application/json; charset=utf-8
cache-control: no-cache
content-length: 540152

12:56:49.555 [AsyncHttpClient-1-11] DEBUG org.asynchttpclient.netty.channel.ChannelManager - Adding key: http://localhost:63224 for channel [id: 0x72eaa3c4, L:/127.0.0.1:55307 - R:localhost/127.0.0.1:63224]
12:56:49.577 [main] DEBUG net.serenitybdd.core.photography.Darkroom - Send negative for processing for target\site\serenity\deefd91231d4115d4ce9c7e101d10a1925e6bed29b95f7be28622301873ec285.png
12:56:49.577 [Darkroom Processing Line] DEBUG net.serenitybdd.core.photography.DarkroomProcessingLine - Processing screenshot image in /var/screenshots/screenshot-6812840073685610809
12:56:49.577 [Darkroom Processing Line] DEBUG net.serenitybdd.core.photography.DarkroomProcessingLine - Saving screenshot to target\site\serenity\deefd91231d4115d4ce9c7e101d10a1925e6bed29b95f7be28622301873ec285.png
12:56:49.596 [Forwarding findElement on session 6b3a94c3c7e909e824d69ce5a26fbe14 to remote] DEBUG org.asynchttpclient.netty.request.NettyRequestSender - Using pooled Channel '[id: 0x72eaa3c4, L:/127.0.0.1:55307 - R:localhost/127.0.0.1:63224]' for 'POST' to 'http://localhost:63224/session/6b3a94c3c7e909e824d69ce5a26fbe14/element'
12:56:49.597 [Forwarding findElement on session 6b3a94c3c7e909e824d69ce5a26fbe14 to remote] DEBUG org.asynchttpclient.netty.request.NettyRequestSender - Using open Channel [id: 0x72eaa3c4, L:/127.0.0.1:55307 - R:localhost/127.0.0.1:63224] for POST '/session/6b3a94c3c7e909e824d69ce5a26fbe14/element'
12:56:49.607 [AsyncHttpClient-1-11] DEBUG org.asynchttpclient.netty.handler.HttpHandler - 

Request DefaultHttpRequest(decodeResult: success, version: HTTP/1.1)
POST /session/6b3a94c3c7e909e824d69ce5a26fbe14/element HTTP/1.1
User-Agent: selenium/4.1.2 (java windows)
Content-Length: 315
Content-Type: application/json; charset=utf-8
host: localhost:63224
accept: */*

Response DefaultHttpResponse(decodeResult: success, version: HTTP/1.1)
HTTP/1.1 200 OK
Content-Type: application/json; charset=utf-8
cache-control: no-cache
content-length: 88

12:56:49.607 [AsyncHttpClient-1-11] DEBUG org.asynchttpclient.netty.channel.ChannelManager - Adding key: http://localhost:63224 for channel [id: 0x72eaa3c4, L:/127.0.0.1:55307 - R:localhost/127.0.0.1:63224]
12:56:49.609 [Forwarding getElementTagName on session 6b3a94c3c7e909e824d69ce5a26fbe14 to remote] DEBUG org.asynchttpclient.netty.request.NettyRequestSender - Using pooled Channel '[id: 0x72eaa3c4, L:/127.0.0.1:55307 - R:localhost/127.0.0.1:63224]' for 'GET' to 'http://localhost:63224/session/6b3a94c3c7e909e824d69ce5a26fbe14/element/087b844f-9b8b-451d-9450-0fb7651b3b81/name'
12:56:49.609 [Forwarding getElementTagName on session 6b3a94c3c7e909e824d69ce5a26fbe14 to remote] DEBUG org.asynchttpclient.netty.request.NettyRequestSender - Using open Channel [id: 0x72eaa3c4, L:/127.0.0.1:55307 - R:localhost/127.0.0.1:63224] for GET '/session/6b3a94c3c7e909e824d69ce5a26fbe14/element/087b844f-9b8b-451d-9450-0fb7651b3b81/name'
12:56:49.612 [AsyncHttpClient-1-11] DEBUG org.asynchttpclient.netty.handler.HttpHandler - 

Request DefaultFullHttpRequest(decodeResult: success, version: HTTP/1.1, content: EmptyByteBufBE)
GET /session/6b3a94c3c7e909e824d69ce5a26fbe14/element/087b844f-9b8b-451d-9450-0fb7651b3b81/name HTTP/1.1
User-Agent: selenium/4.1.2 (java windows)
Cache-Control: no-cache
Content-Type: application/json; charset=utf-8
host: localhost:63224
accept: */*

Response DefaultHttpResponse(decodeResult: success, version: HTTP/1.1)
HTTP/1.1 200 OK
Content-Type: application/json; charset=utf-8
cache-control: no-cache
content-length: 18

12:56:49.612 [AsyncHttpClient-1-11] DEBUG org.asynchttpclient.netty.channel.ChannelManager - Adding key: http://localhost:63224 for channel [id: 0x72eaa3c4, L:/127.0.0.1:55307 - R:localhost/127.0.0.1:63224]
12:56:49.614 [Forwarding getElementTagName on session 6b3a94c3c7e909e824d69ce5a26fbe14 to remote] DEBUG org.asynchttpclient.netty.request.NettyRequestSender - Using pooled Channel '[id: 0x72eaa3c4, L:/127.0.0.1:55307 - R:localhost/127.0.0.1:63224]' for 'GET' to 'http://localhost:63224/session/6b3a94c3c7e909e824d69ce5a26fbe14/element/087b844f-9b8b-451d-9450-0fb7651b3b81/name'
12:56:49.614 [Forwarding getElementTagName on session 6b3a94c3c7e909e824d69ce5a26fbe14 to remote] DEBUG org.asynchttpclient.netty.request.NettyRequestSender - Using open Channel [id: 0x72eaa3c4, L:/127.0.0.1:55307 - R:localhost/127.0.0.1:63224] for GET '/session/6b3a94c3c7e909e824d69ce5a26fbe14/element/087b844f-9b8b-451d-9450-0fb7651b3b81/name'
12:56:49.616 [AsyncHttpClient-1-11] DEBUG org.asynchttpclient.netty.handler.HttpHandler - 

Request DefaultFullHttpRequest(decodeResult: success, version: HTTP/1.1, content: EmptyByteBufBE)
GET /session/6b3a94c3c7e909e824d69ce5a26fbe14/element/087b844f-9b8b-451d-9450-0fb7651b3b81/name HTTP/1.1
User-Agent: selenium/4.1.2 (java windows)
Cache-Control: no-cache
Content-Type: application/json; charset=utf-8
host: localhost:63224
accept: */*

Response DefaultHttpResponse(decodeResult: success, version: HTTP/1.1)
HTTP/1.1 200 OK
Content-Type: application/json; charset=utf-8
cache-control: no-cache
content-length: 18

12:56:49.616 [AsyncHttpClient-1-11] DEBUG org.asynchttpclient.netty.channel.ChannelManager - Adding key: http://localhost:63224 for channel [id: 0x72eaa3c4, L:/127.0.0.1:55307 - R:localhost/127.0.0.1:63224]
12:56:49.617 [Forwarding isElementEnabled on session 6b3a94c3c7e909e824d69ce5a26fbe14 to remote] DEBUG org.asynchttpclient.netty.request.NettyRequestSender - Using pooled Channel '[id: 0x72eaa3c4, L:/127.0.0.1:55307 - R:localhost/127.0.0.1:63224]' for 'GET' to 'http://localhost:63224/session/6b3a94c3c7e909e824d69ce5a26fbe14/element/087b844f-9b8b-451d-9450-0fb7651b3b81/enabled'
12:56:49.617 [Forwarding isElementEnabled on session 6b3a94c3c7e909e824d69ce5a26fbe14 to remote] DEBUG org.asynchttpclient.netty.request.NettyRequestSender - Using open Channel [id: 0x72eaa3c4, L:/127.0.0.1:55307 - R:localhost/127.0.0.1:63224] for GET '/session/6b3a94c3c7e909e824d69ce5a26fbe14/element/087b844f-9b8b-451d-9450-0fb7651b3b81/enabled'
12:56:49.624 [AsyncHttpClient-1-11] DEBUG org.asynchttpclient.netty.handler.HttpHandler - 

Request DefaultFullHttpRequest(decodeResult: success, version: HTTP/1.1, content: EmptyByteBufBE)
GET /session/6b3a94c3c7e909e824d69ce5a26fbe14/element/087b844f-9b8b-451d-9450-0fb7651b3b81/enabled HTTP/1.1
User-Agent: selenium/4.1.2 (java windows)
Cache-Control: no-cache
Content-Type: application/json; charset=utf-8
host: localhost:63224
accept: */*

Response DefaultHttpResponse(decodeResult: success, version: HTTP/1.1)
HTTP/1.1 200 OK
Content-Type: application/json; charset=utf-8
cache-control: no-cache
content-length: 14

12:56:49.624 [AsyncHttpClient-1-11] DEBUG org.asynchttpclient.netty.channel.ChannelManager - Adding key: http://localhost:63224 for channel [id: 0x72eaa3c4, L:/127.0.0.1:55307 - R:localhost/127.0.0.1:63224]
12:56:49.625 [Forwarding isElementEnabled on session 6b3a94c3c7e909e824d69ce5a26fbe14 to remote] DEBUG org.asynchttpclient.netty.request.NettyRequestSender - Using pooled Channel '[id: 0x72eaa3c4, L:/127.0.0.1:55307 - R:localhost/127.0.0.1:63224]' for 'GET' to 'http://localhost:63224/session/6b3a94c3c7e909e824d69ce5a26fbe14/element/087b844f-9b8b-451d-9450-0fb7651b3b81/enabled'
12:56:49.626 [Forwarding isElementEnabled on session 6b3a94c3c7e909e824d69ce5a26fbe14 to remote] DEBUG org.asynchttpclient.netty.request.NettyRequestSender - Using open Channel [id: 0x72eaa3c4, L:/127.0.0.1:55307 - R:localhost/127.0.0.1:63224] for GET '/session/6b3a94c3c7e909e824d69ce5a26fbe14/element/087b844f-9b8b-451d-9450-0fb7651b3b81/enabled'
12:56:49.630 [AsyncHttpClient-1-11] DEBUG org.asynchttpclient.netty.handler.HttpHandler - 

Request DefaultFullHttpRequest(decodeResult: success, version: HTTP/1.1, content: EmptyByteBufBE)
GET /session/6b3a94c3c7e909e824d69ce5a26fbe14/element/087b844f-9b8b-451d-9450-0fb7651b3b81/enabled HTTP/1.1
User-Agent: selenium/4.1.2 (java windows)
Cache-Control: no-cache
Content-Type: application/json; charset=utf-8
host: localhost:63224
accept: */*

Response DefaultHttpResponse(decodeResult: success, version: HTTP/1.1)
HTTP/1.1 200 OK
Content-Type: application/json; charset=utf-8
cache-control: no-cache
content-length: 14

12:56:49.630 [AsyncHttpClient-1-11] DEBUG org.asynchttpclient.netty.channel.ChannelManager - Adding key: http://localhost:63224 for channel [id: 0x72eaa3c4, L:/127.0.0.1:55307 - R:localhost/127.0.0.1:63224]
12:56:49.633 [Forwarding findElement on session 6b3a94c3c7e909e824d69ce5a26fbe14 to remote] DEBUG org.asynchttpclient.netty.request.NettyRequestSender - Using pooled Channel '[id: 0x72eaa3c4, L:/127.0.0.1:55307 - R:localhost/127.0.0.1:63224]' for 'POST' to 'http://localhost:63224/session/6b3a94c3c7e909e824d69ce5a26fbe14/element'
12:56:49.633 [Forwarding findElement on session 6b3a94c3c7e909e824d69ce5a26fbe14 to remote] DEBUG org.asynchttpclient.netty.request.NettyRequestSender - Using open Channel [id: 0x72eaa3c4, L:/127.0.0.1:55307 - R:localhost/127.0.0.1:63224] for POST '/session/6b3a94c3c7e909e824d69ce5a26fbe14/element'
12:56:49.644 [AsyncHttpClient-1-11] DEBUG org.asynchttpclient.netty.handler.HttpHandler - 

Request DefaultHttpRequest(decodeResult: success, version: HTTP/1.1)
POST /session/6b3a94c3c7e909e824d69ce5a26fbe14/element HTTP/1.1
User-Agent: selenium/4.1.2 (java windows)
Content-Length: 315
Content-Type: application/json; charset=utf-8
host: localhost:63224
accept: */*

Response DefaultHttpResponse(decodeResult: success, version: HTTP/1.1)
HTTP/1.1 200 OK
Content-Type: application/json; charset=utf-8
cache-control: no-cache
content-length: 88

12:56:49.644 [AsyncHttpClient-1-11] DEBUG org.asynchttpclient.netty.channel.ChannelManager - Adding key: http://localhost:63224 for channel [id: 0x72eaa3c4, L:/127.0.0.1:55307 - R:localhost/127.0.0.1:63224]
12:56:49.645 [Forwarding clickElement on session 6b3a94c3c7e909e824d69ce5a26fbe14 to remote] DEBUG org.asynchttpclient.netty.request.NettyRequestSender - Using pooled Channel '[id: 0x72eaa3c4, L:/127.0.0.1:55307 - R:localhost/127.0.0.1:63224]' for 'POST' to 'http://localhost:63224/session/6b3a94c3c7e909e824d69ce5a26fbe14/element/087b844f-9b8b-451d-9450-0fb7651b3b81/click'
12:56:49.645 [Forwarding clickElement on session 6b3a94c3c7e909e824d69ce5a26fbe14 to remote] DEBUG org.asynchttpclient.netty.request.NettyRequestSender - Using open Channel [id: 0x72eaa3c4, L:/127.0.0.1:55307 - R:localhost/127.0.0.1:63224] for POST '/session/6b3a94c3c7e909e824d69ce5a26fbe14/element/087b844f-9b8b-451d-9450-0fb7651b3b81/click'
12:56:49.714 [AsyncHttpClient-1-11] DEBUG org.asynchttpclient.netty.handler.HttpHandler - 

Request DefaultHttpRequest(decodeResult: success, version: HTTP/1.1)
POST /session/6b3a94c3c7e909e824d69ce5a26fbe14/element/087b844f-9b8b-451d-9450-0fb7651b3b81/click HTTP/1.1
User-Agent: selenium/4.1.2 (java windows)
Content-Length: 50
Content-Type: application/json; charset=utf-8
host: localhost:63224
accept: */*

Response DefaultHttpResponse(decodeResult: success, version: HTTP/1.1)
HTTP/1.1 200 OK
Content-Type: application/json; charset=utf-8
cache-control: no-cache
content-length: 14

12:56:49.714 [AsyncHttpClient-1-11] DEBUG org.asynchttpclient.netty.channel.ChannelManager - Adding key: http://localhost:63224 for channel [id: 0x72eaa3c4, L:/127.0.0.1:55307 - R:localhost/127.0.0.1:63224]
12:56:49.719 [Forwarding findElement on session 6b3a94c3c7e909e824d69ce5a26fbe14 to remote] DEBUG org.asynchttpclient.netty.request.NettyRequestSender - Using pooled Channel '[id: 0x72eaa3c4, L:/127.0.0.1:55307 - R:localhost/127.0.0.1:63224]' for 'POST' to 'http://localhost:63224/session/6b3a94c3c7e909e824d69ce5a26fbe14/element'
12:56:49.720 [Forwarding findElement on session 6b3a94c3c7e909e824d69ce5a26fbe14 to remote] DEBUG org.asynchttpclient.netty.request.NettyRequestSender - Using open Channel [id: 0x72eaa3c4, L:/127.0.0.1:55307 - R:localhost/127.0.0.1:63224] for POST '/session/6b3a94c3c7e909e824d69ce5a26fbe14/element'
12:56:49.729 [AsyncHttpClient-1-11] DEBUG org.asynchttpclient.netty.handler.HttpHandler - 

Request DefaultHttpRequest(decodeResult: success, version: HTTP/1.1)
POST /session/6b3a94c3c7e909e824d69ce5a26fbe14/element HTTP/1.1
User-Agent: selenium/4.1.2 (java windows)
Content-Length: 69
Content-Type: application/json; charset=utf-8
host: localhost:63224
accept: */*

Response DefaultHttpResponse(decodeResult: success, version: HTTP/1.1)
HTTP/1.1 200 OK
Content-Type: application/json; charset=utf-8
cache-control: no-cache
content-length: 88

12:56:49.729 [AsyncHttpClient-1-11] DEBUG org.asynchttpclient.netty.channel.ChannelManager - Adding key: http://localhost:63224 for channel [id: 0x72eaa3c4, L:/127.0.0.1:55307 - R:localhost/127.0.0.1:63224]
12:56:49.730 [Forwarding clearElement on session 6b3a94c3c7e909e824d69ce5a26fbe14 to remote] DEBUG org.asynchttpclient.netty.request.NettyRequestSender - Using pooled Channel '[id: 0x72eaa3c4, L:/127.0.0.1:55307 - R:localhost/127.0.0.1:63224]' for 'POST' to 'http://localhost:63224/session/6b3a94c3c7e909e824d69ce5a26fbe14/element/ef2bda2d-d178-4f01-bdaf-44dd7eb1500b/clear'
12:56:49.730 [Forwarding clearElement on session 6b3a94c3c7e909e824d69ce5a26fbe14 to remote] DEBUG org.asynchttpclient.netty.request.NettyRequestSender - Using open Channel [id: 0x72eaa3c4, L:/127.0.0.1:55307 - R:localhost/127.0.0.1:63224] for POST '/session/6b3a94c3c7e909e824d69ce5a26fbe14/element/ef2bda2d-d178-4f01-bdaf-44dd7eb1500b/clear'
12:56:49.764 [AsyncHttpClient-1-11] DEBUG org.asynchttpclient.netty.handler.HttpHandler - 

Request DefaultHttpRequest(decodeResult: success, version: HTTP/1.1)
POST /session/6b3a94c3c7e909e824d69ce5a26fbe14/element/ef2bda2d-d178-4f01-bdaf-44dd7eb1500b/clear HTTP/1.1
User-Agent: selenium/4.1.2 (java windows)
Content-Length: 50
Content-Type: application/json; charset=utf-8
host: localhost:63224
accept: */*

Response DefaultHttpResponse(decodeResult: success, version: HTTP/1.1)
HTTP/1.1 200 OK
Content-Type: application/json; charset=utf-8
cache-control: no-cache
content-length: 14

12:56:49.765 [AsyncHttpClient-1-11] DEBUG org.asynchttpclient.netty.channel.ChannelManager - Adding key: http://localhost:63224 for channel [id: 0x72eaa3c4, L:/127.0.0.1:55307 - R:localhost/127.0.0.1:63224]
12:56:49.768 [Forwarding sendKeysToElement on session 6b3a94c3c7e909e824d69ce5a26fbe14 to remote] DEBUG org.asynchttpclient.netty.request.NettyRequestSender - Using pooled Channel '[id: 0x72eaa3c4, L:/127.0.0.1:55307 - R:localhost/127.0.0.1:63224]' for 'POST' to 'http://localhost:63224/session/6b3a94c3c7e909e824d69ce5a26fbe14/element/ef2bda2d-d178-4f01-bdaf-44dd7eb1500b/value'
12:56:49.768 [Forwarding sendKeysToElement on session 6b3a94c3c7e909e824d69ce5a26fbe14 to remote] DEBUG org.asynchttpclient.netty.request.NettyRequestSender - Using open Channel [id: 0x72eaa3c4, L:/127.0.0.1:55307 - R:localhost/127.0.0.1:63224] for POST '/session/6b3a94c3c7e909e824d69ce5a26fbe14/element/ef2bda2d-d178-4f01-bdaf-44dd7eb1500b/value'
12:56:49.952 [AsyncHttpClient-1-11] DEBUG org.asynchttpclient.netty.handler.HttpHandler - 

Request DefaultHttpRequest(decodeResult: success, version: HTTP/1.1)
POST /session/6b3a94c3c7e909e824d69ce5a26fbe14/element/ef2bda2d-d178-4f01-bdaf-44dd7eb1500b/value HTTP/1.1
User-Agent: selenium/4.1.2 (java windows)
Content-Length: 411
Content-Type: application/json; charset=utf-8
host: localhost:63224
accept: */*

Response DefaultHttpResponse(decodeResult: success, version: HTTP/1.1)
HTTP/1.1 200 OK
Content-Type: application/json; charset=utf-8
cache-control: no-cache
content-length: 14

12:56:49.952 [AsyncHttpClient-1-11] DEBUG org.asynchttpclient.netty.channel.ChannelManager - Adding key: http://localhost:63224 for channel [id: 0x72eaa3c4, L:/127.0.0.1:55307 - R:localhost/127.0.0.1:63224]
12:56:49.957 [Forwarding findElement on session 6b3a94c3c7e909e824d69ce5a26fbe14 to remote] DEBUG org.asynchttpclient.netty.request.NettyRequestSender - Using pooled Channel '[id: 0x72eaa3c4, L:/127.0.0.1:55307 - R:localhost/127.0.0.1:63224]' for 'POST' to 'http://localhost:63224/session/6b3a94c3c7e909e824d69ce5a26fbe14/element'
12:56:49.957 [Forwarding findElement on session 6b3a94c3c7e909e824d69ce5a26fbe14 to remote] DEBUG org.asynchttpclient.netty.request.NettyRequestSender - Using open Channel [id: 0x72eaa3c4, L:/127.0.0.1:55307 - R:localhost/127.0.0.1:63224] for POST '/session/6b3a94c3c7e909e824d69ce5a26fbe14/element'
12:56:49.972 [AsyncHttpClient-1-11] DEBUG org.asynchttpclient.netty.handler.HttpHandler - 

Request DefaultHttpRequest(decodeResult: success, version: HTTP/1.1)
POST /session/6b3a94c3c7e909e824d69ce5a26fbe14/element HTTP/1.1
User-Agent: selenium/4.1.2 (java windows)
Content-Length: 72
Content-Type: application/json; charset=utf-8
host: localhost:63224
accept: */*

Response DefaultHttpResponse(decodeResult: success, version: HTTP/1.1)
HTTP/1.1 200 OK
Content-Type: application/json; charset=utf-8
cache-control: no-cache
content-length: 88

12:56:49.972 [AsyncHttpClient-1-11] DEBUG org.asynchttpclient.netty.channel.ChannelManager - Adding key: http://localhost:63224 for channel [id: 0x72eaa3c4, L:/127.0.0.1:55307 - R:localhost/127.0.0.1:63224]
12:56:49.976 [Forwarding clearElement on session 6b3a94c3c7e909e824d69ce5a26fbe14 to remote] DEBUG org.asynchttpclient.netty.request.NettyRequestSender - Using pooled Channel '[id: 0x72eaa3c4, L:/127.0.0.1:55307 - R:localhost/127.0.0.1:63224]' for 'POST' to 'http://localhost:63224/session/6b3a94c3c7e909e824d69ce5a26fbe14/element/24872568-2227-405b-9e22-e4bb9155735b/clear'
12:56:49.976 [Forwarding clearElement on session 6b3a94c3c7e909e824d69ce5a26fbe14 to remote] DEBUG org.asynchttpclient.netty.request.NettyRequestSender - Using open Channel [id: 0x72eaa3c4, L:/127.0.0.1:55307 - R:localhost/127.0.0.1:63224] for POST '/session/6b3a94c3c7e909e824d69ce5a26fbe14/element/24872568-2227-405b-9e22-e4bb9155735b/clear'
12:56:50.005 [AsyncHttpClient-1-11] DEBUG org.asynchttpclient.netty.handler.HttpHandler - 

Request DefaultHttpRequest(decodeResult: success, version: HTTP/1.1)
POST /session/6b3a94c3c7e909e824d69ce5a26fbe14/element/24872568-2227-405b-9e22-e4bb9155735b/clear HTTP/1.1
User-Agent: selenium/4.1.2 (java windows)
Content-Length: 50
Content-Type: application/json; charset=utf-8
host: localhost:63224
accept: */*

Response DefaultHttpResponse(decodeResult: success, version: HTTP/1.1)
HTTP/1.1 200 OK
Content-Type: application/json; charset=utf-8
cache-control: no-cache
content-length: 14

12:56:50.005 [AsyncHttpClient-1-11] DEBUG org.asynchttpclient.netty.channel.ChannelManager - Adding key: http://localhost:63224 for channel [id: 0x72eaa3c4, L:/127.0.0.1:55307 - R:localhost/127.0.0.1:63224]
12:56:50.007 [Forwarding sendKeysToElement on session 6b3a94c3c7e909e824d69ce5a26fbe14 to remote] DEBUG org.asynchttpclient.netty.request.NettyRequestSender - Using pooled Channel '[id: 0x72eaa3c4, L:/127.0.0.1:55307 - R:localhost/127.0.0.1:63224]' for 'POST' to 'http://localhost:63224/session/6b3a94c3c7e909e824d69ce5a26fbe14/element/24872568-2227-405b-9e22-e4bb9155735b/value'
12:56:50.007 [Forwarding sendKeysToElement on session 6b3a94c3c7e909e824d69ce5a26fbe14 to remote] DEBUG org.asynchttpclient.netty.request.NettyRequestSender - Using open Channel [id: 0x72eaa3c4, L:/127.0.0.1:55307 - R:localhost/127.0.0.1:63224] for POST '/session/6b3a94c3c7e909e824d69ce5a26fbe14/element/24872568-2227-405b-9e22-e4bb9155735b/value'
12:56:50.143 [AsyncHttpClient-1-11] DEBUG org.asynchttpclient.netty.handler.HttpHandler - 

Request DefaultHttpRequest(decodeResult: success, version: HTTP/1.1)
POST /session/6b3a94c3c7e909e824d69ce5a26fbe14/element/24872568-2227-405b-9e22-e4bb9155735b/value HTTP/1.1
User-Agent: selenium/4.1.2 (java windows)
Content-Length: 241
Content-Type: application/json; charset=utf-8
host: localhost:63224
accept: */*

Response DefaultHttpResponse(decodeResult: success, version: HTTP/1.1)
HTTP/1.1 200 OK
Content-Type: application/json; charset=utf-8
cache-control: no-cache
content-length: 14

12:56:50.144 [AsyncHttpClient-1-11] DEBUG org.asynchttpclient.netty.channel.ChannelManager - Adding key: http://localhost:63224 for channel [id: 0x72eaa3c4, L:/127.0.0.1:55307 - R:localhost/127.0.0.1:63224]
12:56:50.151 [Forwarding findElement on session 6b3a94c3c7e909e824d69ce5a26fbe14 to remote] DEBUG org.asynchttpclient.netty.request.NettyRequestSender - Using pooled Channel '[id: 0x72eaa3c4, L:/127.0.0.1:55307 - R:localhost/127.0.0.1:63224]' for 'POST' to 'http://localhost:63224/session/6b3a94c3c7e909e824d69ce5a26fbe14/element'
12:56:50.152 [Forwarding findElement on session 6b3a94c3c7e909e824d69ce5a26fbe14 to remote] DEBUG org.asynchttpclient.netty.request.NettyRequestSender - Using open Channel [id: 0x72eaa3c4, L:/127.0.0.1:55307 - R:localhost/127.0.0.1:63224] for POST '/session/6b3a94c3c7e909e824d69ce5a26fbe14/element'
12:56:50.166 [AsyncHttpClient-1-11] DEBUG org.asynchttpclient.netty.handler.HttpHandler - 

Request DefaultHttpRequest(decodeResult: success, version: HTTP/1.1)
POST /session/6b3a94c3c7e909e824d69ce5a26fbe14/element HTTP/1.1
User-Agent: selenium/4.1.2 (java windows)
Content-Length: 321
Content-Type: application/json; charset=utf-8
host: localhost:63224
accept: */*

Response DefaultHttpResponse(decodeResult: success, version: HTTP/1.1)
HTTP/1.1 200 OK
Content-Type: application/json; charset=utf-8
cache-control: no-cache
content-length: 88

12:56:50.167 [AsyncHttpClient-1-11] DEBUG org.asynchttpclient.netty.channel.ChannelManager - Adding key: http://localhost:63224 for channel [id: 0x72eaa3c4, L:/127.0.0.1:55307 - R:localhost/127.0.0.1:63224]
12:56:50.167 [Forwarding getElementTagName on session 6b3a94c3c7e909e824d69ce5a26fbe14 to remote] DEBUG org.asynchttpclient.netty.request.NettyRequestSender - Using pooled Channel '[id: 0x72eaa3c4, L:/127.0.0.1:55307 - R:localhost/127.0.0.1:63224]' for 'GET' to 'http://localhost:63224/session/6b3a94c3c7e909e824d69ce5a26fbe14/element/167b53b1-d602-47e0-85df-77b06d4cfd4f/name'
12:56:50.167 [Forwarding getElementTagName on session 6b3a94c3c7e909e824d69ce5a26fbe14 to remote] DEBUG org.asynchttpclient.netty.request.NettyRequestSender - Using open Channel [id: 0x72eaa3c4, L:/127.0.0.1:55307 - R:localhost/127.0.0.1:63224] for GET '/session/6b3a94c3c7e909e824d69ce5a26fbe14/element/167b53b1-d602-47e0-85df-77b06d4cfd4f/name'
12:56:50.173 [AsyncHttpClient-1-11] DEBUG org.asynchttpclient.netty.handler.HttpHandler - 

Request DefaultFullHttpRequest(decodeResult: success, version: HTTP/1.1, content: EmptyByteBufBE)
GET /session/6b3a94c3c7e909e824d69ce5a26fbe14/element/167b53b1-d602-47e0-85df-77b06d4cfd4f/name HTTP/1.1
User-Agent: selenium/4.1.2 (java windows)
Cache-Control: no-cache
Content-Type: application/json; charset=utf-8
host: localhost:63224
accept: */*

Response DefaultHttpResponse(decodeResult: success, version: HTTP/1.1)
HTTP/1.1 200 OK
Content-Type: application/json; charset=utf-8
cache-control: no-cache
content-length: 18

12:56:50.173 [AsyncHttpClient-1-11] DEBUG org.asynchttpclient.netty.channel.ChannelManager - Adding key: http://localhost:63224 for channel [id: 0x72eaa3c4, L:/127.0.0.1:55307 - R:localhost/127.0.0.1:63224]
12:56:50.174 [Forwarding getElementTagName on session 6b3a94c3c7e909e824d69ce5a26fbe14 to remote] DEBUG org.asynchttpclient.netty.request.NettyRequestSender - Using pooled Channel '[id: 0x72eaa3c4, L:/127.0.0.1:55307 - R:localhost/127.0.0.1:63224]' for 'GET' to 'http://localhost:63224/session/6b3a94c3c7e909e824d69ce5a26fbe14/element/167b53b1-d602-47e0-85df-77b06d4cfd4f/name'
12:56:50.174 [Forwarding getElementTagName on session 6b3a94c3c7e909e824d69ce5a26fbe14 to remote] DEBUG org.asynchttpclient.netty.request.NettyRequestSender - Using open Channel [id: 0x72eaa3c4, L:/127.0.0.1:55307 - R:localhost/127.0.0.1:63224] for GET '/session/6b3a94c3c7e909e824d69ce5a26fbe14/element/167b53b1-d602-47e0-85df-77b06d4cfd4f/name'
12:56:50.176 [AsyncHttpClient-1-11] DEBUG org.asynchttpclient.netty.handler.HttpHandler - 

Request DefaultFullHttpRequest(decodeResult: success, version: HTTP/1.1, content: EmptyByteBufBE)
GET /session/6b3a94c3c7e909e824d69ce5a26fbe14/element/167b53b1-d602-47e0-85df-77b06d4cfd4f/name HTTP/1.1
User-Agent: selenium/4.1.2 (java windows)
Cache-Control: no-cache
Content-Type: application/json; charset=utf-8
host: localhost:63224
accept: */*

Response DefaultHttpResponse(decodeResult: success, version: HTTP/1.1)
HTTP/1.1 200 OK
Content-Type: application/json; charset=utf-8
cache-control: no-cache
content-length: 18

12:56:50.177 [AsyncHttpClient-1-11] DEBUG org.asynchttpclient.netty.channel.ChannelManager - Adding key: http://localhost:63224 for channel [id: 0x72eaa3c4, L:/127.0.0.1:55307 - R:localhost/127.0.0.1:63224]
12:56:50.178 [Forwarding isElementEnabled on session 6b3a94c3c7e909e824d69ce5a26fbe14 to remote] DEBUG org.asynchttpclient.netty.request.NettyRequestSender - Using pooled Channel '[id: 0x72eaa3c4, L:/127.0.0.1:55307 - R:localhost/127.0.0.1:63224]' for 'GET' to 'http://localhost:63224/session/6b3a94c3c7e909e824d69ce5a26fbe14/element/167b53b1-d602-47e0-85df-77b06d4cfd4f/enabled'
12:56:50.178 [Forwarding isElementEnabled on session 6b3a94c3c7e909e824d69ce5a26fbe14 to remote] DEBUG org.asynchttpclient.netty.request.NettyRequestSender - Using open Channel [id: 0x72eaa3c4, L:/127.0.0.1:55307 - R:localhost/127.0.0.1:63224] for GET '/session/6b3a94c3c7e909e824d69ce5a26fbe14/element/167b53b1-d602-47e0-85df-77b06d4cfd4f/enabled'
12:56:50.185 [AsyncHttpClient-1-11] DEBUG org.asynchttpclient.netty.handler.HttpHandler - 

Request DefaultFullHttpRequest(decodeResult: success, version: HTTP/1.1, content: EmptyByteBufBE)
GET /session/6b3a94c3c7e909e824d69ce5a26fbe14/element/167b53b1-d602-47e0-85df-77b06d4cfd4f/enabled HTTP/1.1
User-Agent: selenium/4.1.2 (java windows)
Cache-Control: no-cache
Content-Type: application/json; charset=utf-8
host: localhost:63224
accept: */*

Response DefaultHttpResponse(decodeResult: success, version: HTTP/1.1)
HTTP/1.1 200 OK
Content-Type: application/json; charset=utf-8
cache-control: no-cache
content-length: 14

12:56:50.186 [AsyncHttpClient-1-11] DEBUG org.asynchttpclient.netty.channel.ChannelManager - Adding key: http://localhost:63224 for channel [id: 0x72eaa3c4, L:/127.0.0.1:55307 - R:localhost/127.0.0.1:63224]
12:56:50.186 [Forwarding isElementEnabled on session 6b3a94c3c7e909e824d69ce5a26fbe14 to remote] DEBUG org.asynchttpclient.netty.request.NettyRequestSender - Using pooled Channel '[id: 0x72eaa3c4, L:/127.0.0.1:55307 - R:localhost/127.0.0.1:63224]' for 'GET' to 'http://localhost:63224/session/6b3a94c3c7e909e824d69ce5a26fbe14/element/167b53b1-d602-47e0-85df-77b06d4cfd4f/enabled'
12:56:50.186 [Forwarding isElementEnabled on session 6b3a94c3c7e909e824d69ce5a26fbe14 to remote] DEBUG org.asynchttpclient.netty.request.NettyRequestSender - Using open Channel [id: 0x72eaa3c4, L:/127.0.0.1:55307 - R:localhost/127.0.0.1:63224] for GET '/session/6b3a94c3c7e909e824d69ce5a26fbe14/element/167b53b1-d602-47e0-85df-77b06d4cfd4f/enabled'
12:56:50.191 [AsyncHttpClient-1-11] DEBUG org.asynchttpclient.netty.handler.HttpHandler - 

Request DefaultFullHttpRequest(decodeResult: success, version: HTTP/1.1, content: EmptyByteBufBE)
GET /session/6b3a94c3c7e909e824d69ce5a26fbe14/element/167b53b1-d602-47e0-85df-77b06d4cfd4f/enabled HTTP/1.1
User-Agent: selenium/4.1.2 (java windows)
Cache-Control: no-cache
Content-Type: application/json; charset=utf-8
host: localhost:63224
accept: */*

Response DefaultHttpResponse(decodeResult: success, version: HTTP/1.1)
HTTP/1.1 200 OK
Content-Type: application/json; charset=utf-8
cache-control: no-cache
content-length: 14

12:56:50.192 [AsyncHttpClient-1-11] DEBUG org.asynchttpclient.netty.channel.ChannelManager - Adding key: http://localhost:63224 for channel [id: 0x72eaa3c4, L:/127.0.0.1:55307 - R:localhost/127.0.0.1:63224]
12:56:50.193 [Forwarding findElement on session 6b3a94c3c7e909e824d69ce5a26fbe14 to remote] DEBUG org.asynchttpclient.netty.request.NettyRequestSender - Using pooled Channel '[id: 0x72eaa3c4, L:/127.0.0.1:55307 - R:localhost/127.0.0.1:63224]' for 'POST' to 'http://localhost:63224/session/6b3a94c3c7e909e824d69ce5a26fbe14/element'
12:56:50.193 [Forwarding findElement on session 6b3a94c3c7e909e824d69ce5a26fbe14 to remote] DEBUG org.asynchttpclient.netty.request.NettyRequestSender - Using open Channel [id: 0x72eaa3c4, L:/127.0.0.1:55307 - R:localhost/127.0.0.1:63224] for POST '/session/6b3a94c3c7e909e824d69ce5a26fbe14/element'
12:56:50.200 [AsyncHttpClient-1-11] DEBUG org.asynchttpclient.netty.handler.HttpHandler - 

Request DefaultHttpRequest(decodeResult: success, version: HTTP/1.1)
POST /session/6b3a94c3c7e909e824d69ce5a26fbe14/element HTTP/1.1
User-Agent: selenium/4.1.2 (java windows)
Content-Length: 321
Content-Type: application/json; charset=utf-8
host: localhost:63224
accept: */*

Response DefaultHttpResponse(decodeResult: success, version: HTTP/1.1)
HTTP/1.1 200 OK
Content-Type: application/json; charset=utf-8
cache-control: no-cache
content-length: 88

12:56:50.200 [AsyncHttpClient-1-11] DEBUG org.asynchttpclient.netty.channel.ChannelManager - Adding key: http://localhost:63224 for channel [id: 0x72eaa3c4, L:/127.0.0.1:55307 - R:localhost/127.0.0.1:63224]
12:56:50.201 [Forwarding clickElement on session 6b3a94c3c7e909e824d69ce5a26fbe14 to remote] DEBUG org.asynchttpclient.netty.request.NettyRequestSender - Using pooled Channel '[id: 0x72eaa3c4, L:/127.0.0.1:55307 - R:localhost/127.0.0.1:63224]' for 'POST' to 'http://localhost:63224/session/6b3a94c3c7e909e824d69ce5a26fbe14/element/167b53b1-d602-47e0-85df-77b06d4cfd4f/click'
12:56:50.201 [Forwarding clickElement on session 6b3a94c3c7e909e824d69ce5a26fbe14 to remote] DEBUG org.asynchttpclient.netty.request.NettyRequestSender - Using open Channel [id: 0x72eaa3c4, L:/127.0.0.1:55307 - R:localhost/127.0.0.1:63224] for POST '/session/6b3a94c3c7e909e824d69ce5a26fbe14/element/167b53b1-d602-47e0-85df-77b06d4cfd4f/click'
12:56:50.240 [AsyncHttpClient-1-11] DEBUG org.asynchttpclient.netty.handler.HttpHandler - 

Request DefaultHttpRequest(decodeResult: success, version: HTTP/1.1)
POST /session/6b3a94c3c7e909e824d69ce5a26fbe14/element/167b53b1-d602-47e0-85df-77b06d4cfd4f/click HTTP/1.1
User-Agent: selenium/4.1.2 (java windows)
Content-Length: 50
Content-Type: application/json; charset=utf-8
host: localhost:63224
accept: */*

Response DefaultHttpResponse(decodeResult: success, version: HTTP/1.1)
HTTP/1.1 200 OK
Content-Type: application/json; charset=utf-8
cache-control: no-cache
content-length: 14

12:56:50.240 [AsyncHttpClient-1-11] DEBUG org.asynchttpclient.netty.channel.ChannelManager - Adding key: http://localhost:63224 for channel [id: 0x72eaa3c4, L:/127.0.0.1:55307 - R:localhost/127.0.0.1:63224]
  &amp#27;[32mAnd &amp#27;[0m&amp#27;[32mI have logged in&amp#27;[0m                    &amp#27;[90m# starter.stepdefinitions.ManageVaccinationBookingsSteps.iHaveLoggedIn()&amp#27;[0m
12:56:50.250 [Forwarding screenshot on session 6b3a94c3c7e909e824d69ce5a26fbe14 to remote] DEBUG org.asynchttpclient.netty.request.NettyRequestSender - Using pooled Channel '[id: 0x72eaa3c4, L:/127.0.0.1:55307 - R:localhost/127.0.0.1:63224]' for 'GET' to 'http://localhost:63224/session/6b3a94c3c7e909e824d69ce5a26fbe14/screenshot'
12:56:50.250 [Forwarding screenshot on session 6b3a94c3c7e909e824d69ce5a26fbe14 to remote] DEBUG org.asynchttpclient.netty.request.NettyRequestSender - Using open Channel [id: 0x72eaa3c4, L:/127.0.0.1:55307 - R:localhost/127.0.0.1:63224] for GET '/session/6b3a94c3c7e909e824d69ce5a26fbe14/screenshot'
12:56:50.372 [AsyncHttpClient-1-1] DEBUG org.asynchttpclient.netty.channel.DefaultChannelPool - Entry count for : http://localhost:55308 : 1
12:56:50.391 [AsyncHttpClient-1-11] DEBUG org.asynchttpclient.netty.handler.HttpHandler - 

Request DefaultFullHttpRequest(decodeResult: success, version: HTTP/1.1, content: EmptyByteBufBE)
GET /session/6b3a94c3c7e909e824d69ce5a26fbe14/screenshot HTTP/1.1
User-Agent: selenium/4.1.2 (java windows)
Cache-Control: no-cache
Content-Type: application/json; charset=utf-8
host: localhost:63224
accept: */*

Response DefaultHttpResponse(decodeResult: success, version: HTTP/1.1)
HTTP/1.1 200 OK
Content-Type: application/json; charset=utf-8
cache-control: no-cache
content-length: 115988

12:56:50.393 [AsyncHttpClient-1-11] DEBUG org.asynchttpclient.netty.channel.ChannelManager - Adding key: http://localhost:63224 for channel [id: 0x72eaa3c4, L:/127.0.0.1:55307 - R:localhost/127.0.0.1:63224]
12:56:50.396 [main] DEBUG net.serenitybdd.core.photography.Darkroom - Send negative for processing for target\site\serenity\5cf12c49ed77ae0f088807295170b2795828f76b2d46941ed5182707617f95ed.png
12:56:50.396 [Darkroom Processing Line] DEBUG net.serenitybdd.core.photography.DarkroomProcessingLine - Processing screenshot image in /var/screenshots/screenshot-7687281344311580020
12:56:50.396 [Darkroom Processing Line] DEBUG net.serenitybdd.core.photography.DarkroomProcessingLine - Saving screenshot to target\site\serenity\5cf12c49ed77ae0f088807295170b2795828f76b2d46941ed5182707617f95ed.png
12:56:50.407 [Forwarding findElement on session 6b3a94c3c7e909e824d69ce5a26fbe14 to remote] DEBUG org.asynchttpclient.netty.request.NettyRequestSender - Using pooled Channel '[id: 0x72eaa3c4, L:/127.0.0.1:55307 - R:localhost/127.0.0.1:63224]' for 'POST' to 'http://localhost:63224/session/6b3a94c3c7e909e824d69ce5a26fbe14/element'
12:56:50.407 [Forwarding findElement on session 6b3a94c3c7e909e824d69ce5a26fbe14 to remote] DEBUG org.asynchttpclient.netty.request.NettyRequestSender - Using open Channel [id: 0x72eaa3c4, L:/127.0.0.1:55307 - R:localhost/127.0.0.1:63224] for POST '/session/6b3a94c3c7e909e824d69ce5a26fbe14/element'
12:56:50.795 [AsyncHttpClient-1-11] DEBUG org.asynchttpclient.netty.handler.HttpHandler - 

Request DefaultHttpRequest(decodeResult: success, version: HTTP/1.1)
POST /session/6b3a94c3c7e909e824d69ce5a26fbe14/element HTTP/1.1
User-Agent: selenium/4.1.2 (java windows)
Content-Length: 80
Content-Type: application/json; charset=utf-8
host: localhost:63224
accept: */*

Response DefaultHttpResponse(decodeResult: success, version: HTTP/1.1)
HTTP/1.1 200 OK
Content-Type: application/json; charset=utf-8
cache-control: no-cache
content-length: 88

12:56:50.795 [AsyncHttpClient-1-11] DEBUG org.asynchttpclient.netty.channel.ChannelManager - Adding key: http://localhost:63224 for channel [id: 0x72eaa3c4, L:/127.0.0.1:55307 - R:localhost/127.0.0.1:63224]
12:56:50.797 [Forwarding getElementTagName on session 6b3a94c3c7e909e824d69ce5a26fbe14 to remote] DEBUG org.asynchttpclient.netty.request.NettyRequestSender - Using pooled Channel '[id: 0x72eaa3c4, L:/127.0.0.1:55307 - R:localhost/127.0.0.1:63224]' for 'GET' to 'http://localhost:63224/session/6b3a94c3c7e909e824d69ce5a26fbe14/element/b2182a0d-2ee9-4b33-a842-7e786fbe4364/name'
12:56:50.797 [Forwarding getElementTagName on session 6b3a94c3c7e909e824d69ce5a26fbe14 to remote] DEBUG org.asynchttpclient.netty.request.NettyRequestSender - Using open Channel [id: 0x72eaa3c4, L:/127.0.0.1:55307 - R:localhost/127.0.0.1:63224] for GET '/session/6b3a94c3c7e909e824d69ce5a26fbe14/element/b2182a0d-2ee9-4b33-a842-7e786fbe4364/name'
12:56:50.802 [AsyncHttpClient-1-11] DEBUG org.asynchttpclient.netty.handler.HttpHandler - 

Request DefaultFullHttpRequest(decodeResult: success, version: HTTP/1.1, content: EmptyByteBufBE)
GET /session/6b3a94c3c7e909e824d69ce5a26fbe14/element/b2182a0d-2ee9-4b33-a842-7e786fbe4364/name HTTP/1.1
User-Agent: selenium/4.1.2 (java windows)
Cache-Control: no-cache
Content-Type: application/json; charset=utf-8
host: localhost:63224
accept: */*

Response DefaultHttpResponse(decodeResult: success, version: HTTP/1.1)
HTTP/1.1 200 OK
Content-Type: application/json; charset=utf-8
cache-control: no-cache
content-length: 13

12:56:50.802 [AsyncHttpClient-1-11] DEBUG org.asynchttpclient.netty.channel.ChannelManager - Adding key: http://localhost:63224 for channel [id: 0x72eaa3c4, L:/127.0.0.1:55307 - R:localhost/127.0.0.1:63224]
12:56:50.804 [Forwarding getElementTagName on session 6b3a94c3c7e909e824d69ce5a26fbe14 to remote] DEBUG org.asynchttpclient.netty.request.NettyRequestSender - Using pooled Channel '[id: 0x72eaa3c4, L:/127.0.0.1:55307 - R:localhost/127.0.0.1:63224]' for 'GET' to 'http://localhost:63224/session/6b3a94c3c7e909e824d69ce5a26fbe14/element/b2182a0d-2ee9-4b33-a842-7e786fbe4364/name'
12:56:50.804 [Forwarding getElementTagName on session 6b3a94c3c7e909e824d69ce5a26fbe14 to remote] DEBUG org.asynchttpclient.netty.request.NettyRequestSender - Using open Channel [id: 0x72eaa3c4, L:/127.0.0.1:55307 - R:localhost/127.0.0.1:63224] for GET '/session/6b3a94c3c7e909e824d69ce5a26fbe14/element/b2182a0d-2ee9-4b33-a842-7e786fbe4364/name'
12:56:50.806 [AsyncHttpClient-1-11] DEBUG org.asynchttpclient.netty.handler.HttpHandler - 

Request DefaultFullHttpRequest(decodeResult: success, version: HTTP/1.1, content: EmptyByteBufBE)
GET /session/6b3a94c3c7e909e824d69ce5a26fbe14/element/b2182a0d-2ee9-4b33-a842-7e786fbe4364/name HTTP/1.1
User-Agent: selenium/4.1.2 (java windows)
Cache-Control: no-cache
Content-Type: application/json; charset=utf-8
host: localhost:63224
accept: */*

Response DefaultHttpResponse(decodeResult: success, version: HTTP/1.1)
HTTP/1.1 200 OK
Content-Type: application/json; charset=utf-8
cache-control: no-cache
content-length: 13

12:56:50.806 [AsyncHttpClient-1-11] DEBUG org.asynchttpclient.netty.channel.ChannelManager - Adding key: http://localhost:63224 for channel [id: 0x72eaa3c4, L:/127.0.0.1:55307 - R:localhost/127.0.0.1:63224]
12:56:50.809 [Forwarding findElement on session 6b3a94c3c7e909e824d69ce5a26fbe14 to remote] DEBUG org.asynchttpclient.netty.request.NettyRequestSender - Using pooled Channel '[id: 0x72eaa3c4, L:/127.0.0.1:55307 - R:localhost/127.0.0.1:63224]' for 'POST' to 'http://localhost:63224/session/6b3a94c3c7e909e824d69ce5a26fbe14/element'
12:56:50.809 [Forwarding findElement on session 6b3a94c3c7e909e824d69ce5a26fbe14 to remote] DEBUG org.asynchttpclient.netty.request.NettyRequestSender - Using open Channel [id: 0x72eaa3c4, L:/127.0.0.1:55307 - R:localhost/127.0.0.1:63224] for POST '/session/6b3a94c3c7e909e824d69ce5a26fbe14/element'
12:56:50.815 [AsyncHttpClient-1-11] DEBUG org.asynchttpclient.netty.handler.HttpHandler - 

Request DefaultHttpRequest(decodeResult: success, version: HTTP/1.1)
POST /session/6b3a94c3c7e909e824d69ce5a26fbe14/element HTTP/1.1
User-Agent: selenium/4.1.2 (java windows)
Content-Length: 80
Content-Type: application/json; charset=utf-8
host: localhost:63224
accept: */*

Response DefaultHttpResponse(decodeResult: success, version: HTTP/1.1)
HTTP/1.1 200 OK
Content-Type: application/json; charset=utf-8
cache-control: no-cache
content-length: 88

12:56:50.815 [AsyncHttpClient-1-11] DEBUG org.asynchttpclient.netty.channel.ChannelManager - Adding key: http://localhost:63224 for channel [id: 0x72eaa3c4, L:/127.0.0.1:55307 - R:localhost/127.0.0.1:63224]
12:56:50.817 [Forwarding clickElement on session 6b3a94c3c7e909e824d69ce5a26fbe14 to remote] DEBUG org.asynchttpclient.netty.request.NettyRequestSender - Using pooled Channel '[id: 0x72eaa3c4, L:/127.0.0.1:55307 - R:localhost/127.0.0.1:63224]' for 'POST' to 'http://localhost:63224/session/6b3a94c3c7e909e824d69ce5a26fbe14/element/b2182a0d-2ee9-4b33-a842-7e786fbe4364/click'
12:56:50.817 [Forwarding clickElement on session 6b3a94c3c7e909e824d69ce5a26fbe14 to remote] DEBUG org.asynchttpclient.netty.request.NettyRequestSender - Using open Channel [id: 0x72eaa3c4, L:/127.0.0.1:55307 - R:localhost/127.0.0.1:63224] for POST '/session/6b3a94c3c7e909e824d69ce5a26fbe14/element/b2182a0d-2ee9-4b33-a842-7e786fbe4364/click'
12:56:50.922 [AsyncHttpClient-1-11] DEBUG org.asynchttpclient.netty.handler.HttpHandler - 

Request DefaultHttpRequest(decodeResult: success, version: HTTP/1.1)
POST /session/6b3a94c3c7e909e824d69ce5a26fbe14/element/b2182a0d-2ee9-4b33-a842-7e786fbe4364/click HTTP/1.1
User-Agent: selenium/4.1.2 (java windows)
Content-Length: 50
Content-Type: application/json; charset=utf-8
host: localhost:63224
accept: */*

Response DefaultHttpResponse(decodeResult: success, version: HTTP/1.1)
HTTP/1.1 200 OK
Content-Type: application/json; charset=utf-8
cache-control: no-cache
content-length: 14

12:56:50.922 [AsyncHttpClient-1-11] DEBUG org.asynchttpclient.netty.channel.ChannelManager - Adding key: http://localhost:63224 for channel [id: 0x72eaa3c4, L:/127.0.0.1:55307 - R:localhost/127.0.0.1:63224]
  &amp#27;[32mWhen &amp#27;[0m&amp#27;[32mI go to Book Vaksinasi page&amp#27;[0m        &amp#27;[90m# starter.stepdefinitions.ManageVaccinationBookingsSteps.iGoToBookVaksinasiPage()&amp#27;[0m
12:56:50.929 [Forwarding screenshot on session 6b3a94c3c7e909e824d69ce5a26fbe14 to remote] DEBUG org.asynchttpclient.netty.request.NettyRequestSender - Using pooled Channel '[id: 0x72eaa3c4, L:/127.0.0.1:55307 - R:localhost/127.0.0.1:63224]' for 'GET' to 'http://localhost:63224/session/6b3a94c3c7e909e824d69ce5a26fbe14/screenshot'
12:56:50.929 [Forwarding screenshot on session 6b3a94c3c7e909e824d69ce5a26fbe14 to remote] DEBUG org.asynchttpclient.netty.request.NettyRequestSender - Using open Channel [id: 0x72eaa3c4, L:/127.0.0.1:55307 - R:localhost/127.0.0.1:63224] for GET '/session/6b3a94c3c7e909e824d69ce5a26fbe14/screenshot'
12:56:51.129 [AsyncHttpClient-1-11] DEBUG org.asynchttpclient.netty.handler.HttpHandler - 

Request DefaultFullHttpRequest(decodeResult: success, version: HTTP/1.1, content: EmptyByteBufBE)
GET /session/6b3a94c3c7e909e824d69ce5a26fbe14/screenshot HTTP/1.1
User-Agent: selenium/4.1.2 (java windows)
Cache-Control: no-cache
Content-Type: application/json; charset=utf-8
host: localhost:63224
accept: */*

Response DefaultHttpResponse(decodeResult: success, version: HTTP/1.1)
HTTP/1.1 200 OK
Content-Type: application/json; charset=utf-8
cache-control: no-cache
content-length: 105412

12:56:51.129 [AsyncHttpClient-1-11] DEBUG org.asynchttpclient.netty.channel.ChannelManager - Adding key: http://localhost:63224 for channel [id: 0x72eaa3c4, L:/127.0.0.1:55307 - R:localhost/127.0.0.1:63224]
12:56:51.135 [main] DEBUG net.serenitybdd.core.photography.Darkroom - Send negative for processing for target\site\serenity\38959f49416ea27bcbc9989099f3ce4cb37daeb22ef389fa8c6afda324a00926.png
12:56:51.137 [Darkroom Processing Line] DEBUG net.serenitybdd.core.photography.DarkroomProcessingLine - Processing screenshot image in /var/screenshots/screenshot-17434598123378272678
12:56:51.137 [Darkroom Processing Line] DEBUG net.serenitybdd.core.photography.DarkroomProcessingLine - Saving screenshot to target\site\serenity\38959f49416ea27bcbc9989099f3ce4cb37daeb22ef389fa8c6afda324a00926.png
12:56:51.159 [Forwarding findElement on session 6b3a94c3c7e909e824d69ce5a26fbe14 to remote] DEBUG org.asynchttpclient.netty.request.NettyRequestSender - Using pooled Channel '[id: 0x72eaa3c4, L:/127.0.0.1:55307 - R:localhost/127.0.0.1:63224]' for 'POST' to 'http://localhost:63224/session/6b3a94c3c7e909e824d69ce5a26fbe14/element'
12:56:51.159 [Forwarding findElement on session 6b3a94c3c7e909e824d69ce5a26fbe14 to remote] DEBUG org.asynchttpclient.netty.request.NettyRequestSender - Using open Channel [id: 0x72eaa3c4, L:/127.0.0.1:55307 - R:localhost/127.0.0.1:63224] for POST '/session/6b3a94c3c7e909e824d69ce5a26fbe14/element'
12:56:51.475 [AsyncHttpClient-1-1] DEBUG org.asynchttpclient.netty.channel.DefaultChannelPool - Entry count for : http://localhost:55308 : 1
12:56:52.578 [AsyncHttpClient-1-1] DEBUG org.asynchttpclient.netty.channel.DefaultChannelPool - Entry count for : http://localhost:55308 : 1
12:56:53.162 [AsyncHttpClient-1-11] DEBUG org.asynchttpclient.netty.handler.HttpHandler - 

Request DefaultHttpRequest(decodeResult: success, version: HTTP/1.1)
POST /session/6b3a94c3c7e909e824d69ce5a26fbe14/element HTTP/1.1
User-Agent: selenium/4.1.2 (java windows)
Content-Length: 85
Content-Type: application/json; charset=utf-8
host: localhost:63224
accept: */*

Response DefaultHttpResponse(decodeResult: success, version: HTTP/1.1)
HTTP/1.1 404 Not Found
Content-Type: application/json; charset=utf-8
cache-control: no-cache
content-length: 953

12:56:53.163 [AsyncHttpClient-1-11] DEBUG org.asynchttpclient.netty.channel.ChannelManager - Adding key: http://localhost:63224 for channel [id: 0x72eaa3c4, L:/127.0.0.1:55307 - R:localhost/127.0.0.1:63224]
12:56:53.268 [Forwarding findElement on session 6b3a94c3c7e909e824d69ce5a26fbe14 to remote] DEBUG org.asynchttpclient.netty.request.NettyRequestSender - Using pooled Channel '[id: 0x72eaa3c4, L:/127.0.0.1:55307 - R:localhost/127.0.0.1:63224]' for 'POST' to 'http://localhost:63224/session/6b3a94c3c7e909e824d69ce5a26fbe14/element'
12:56:53.268 [Forwarding findElement on session 6b3a94c3c7e909e824d69ce5a26fbe14 to remote] DEBUG org.asynchttpclient.netty.request.NettyRequestSender - Using open Channel [id: 0x72eaa3c4, L:/127.0.0.1:55307 - R:localhost/127.0.0.1:63224] for POST '/session/6b3a94c3c7e909e824d69ce5a26fbe14/element'
12:56:53.673 [AsyncHttpClient-1-1] DEBUG org.asynchttpclient.netty.channel.DefaultChannelPool - Entry count for : http://localhost:55308 : 1
12:56:54.778 [AsyncHttpClient-1-1] DEBUG org.asynchttpclient.netty.channel.DefaultChannelPool - Entry count for : http://localhost:55308 : 1
12:56:55.301 [AsyncHttpClient-1-11] DEBUG org.asynchttpclient.netty.handler.HttpHandler - 

Request DefaultHttpRequest(decodeResult: success, version: HTTP/1.1)
POST /session/6b3a94c3c7e909e824d69ce5a26fbe14/element HTTP/1.1
User-Agent: selenium/4.1.2 (java windows)
Content-Length: 85
Content-Type: application/json; charset=utf-8
host: localhost:63224
accept: */*

Response DefaultHttpResponse(decodeResult: success, version: HTTP/1.1)
HTTP/1.1 404 Not Found
Content-Type: application/json; charset=utf-8
cache-control: no-cache
content-length: 953

12:56:55.302 [AsyncHttpClient-1-11] DEBUG org.asynchttpclient.netty.channel.ChannelManager - Adding key: http://localhost:63224 for channel [id: 0x72eaa3c4, L:/127.0.0.1:55307 - R:localhost/127.0.0.1:63224]
12:56:55.407 [Forwarding findElement on session 6b3a94c3c7e909e824d69ce5a26fbe14 to remote] DEBUG org.asynchttpclient.netty.request.NettyRequestSender - Using pooled Channel '[id: 0x72eaa3c4, L:/127.0.0.1:55307 - R:localhost/127.0.0.1:63224]' for 'POST' to 'http://localhost:63224/session/6b3a94c3c7e909e824d69ce5a26fbe14/element'
12:56:55.407 [Forwarding findElement on session 6b3a94c3c7e909e824d69ce5a26fbe14 to remote] DEBUG org.asynchttpclient.netty.request.NettyRequestSender - Using open Channel [id: 0x72eaa3c4, L:/127.0.0.1:55307 - R:localhost/127.0.0.1:63224] for POST '/session/6b3a94c3c7e909e824d69ce5a26fbe14/element'
12:56:55.871 [AsyncHttpClient-1-1] DEBUG org.asynchttpclient.netty.channel.DefaultChannelPool - Entry count for : http://localhost:55308 : 1
12:56:56.974 [AsyncHttpClient-1-1] DEBUG org.asynchttpclient.netty.channel.DefaultChannelPool - Entry count for : http://localhost:55308 : 1
12:56:57.426 [AsyncHttpClient-1-11] DEBUG org.asynchttpclient.netty.handler.HttpHandler - 

Request DefaultHttpRequest(decodeResult: success, version: HTTP/1.1)
POST /session/6b3a94c3c7e909e824d69ce5a26fbe14/element HTTP/1.1
User-Agent: selenium/4.1.2 (java windows)
Content-Length: 85
Content-Type: application/json; charset=utf-8
host: localhost:63224
accept: */*

Response DefaultHttpResponse(decodeResult: success, version: HTTP/1.1)
HTTP/1.1 404 Not Found
Content-Type: application/json; charset=utf-8
cache-control: no-cache
content-length: 953

12:56:57.427 [AsyncHttpClient-1-11] DEBUG org.asynchttpclient.netty.channel.ChannelManager - Adding key: http://localhost:63224 for channel [id: 0x72eaa3c4, L:/127.0.0.1:55307 - R:localhost/127.0.0.1:63224]
12:56:57.431 [Forwarding screenshot on session 6b3a94c3c7e909e824d69ce5a26fbe14 to remote] DEBUG org.asynchttpclient.netty.request.NettyRequestSender - Using pooled Channel '[id: 0x72eaa3c4, L:/127.0.0.1:55307 - R:localhost/127.0.0.1:63224]' for 'GET' to 'http://localhost:63224/session/6b3a94c3c7e909e824d69ce5a26fbe14/screenshot'
12:56:57.431 [Forwarding screenshot on session 6b3a94c3c7e909e824d69ce5a26fbe14 to remote] DEBUG org.asynchttpclient.netty.request.NettyRequestSender - Using open Channel [id: 0x72eaa3c4, L:/127.0.0.1:55307 - R:localhost/127.0.0.1:63224] for GET '/session/6b3a94c3c7e909e824d69ce5a26fbe14/screenshot'
12:56:57.527 [AsyncHttpClient-1-11] DEBUG org.asynchttpclient.netty.handler.HttpHandler - 

Request DefaultFullHttpRequest(decodeResult: success, version: HTTP/1.1, content: EmptyByteBufBE)
GET /session/6b3a94c3c7e909e824d69ce5a26fbe14/screenshot HTTP/1.1
User-Agent: selenium/4.1.2 (java windows)
Cache-Control: no-cache
Content-Type: application/json; charset=utf-8
host: localhost:63224
accept: */*

Response DefaultHttpResponse(decodeResult: success, version: HTTP/1.1)
HTTP/1.1 200 OK
Content-Type: application/json; charset=utf-8
cache-control: no-cache
content-length: 168952

12:56:57.527 [AsyncHttpClient-1-11] DEBUG org.asynchttpclient.netty.channel.ChannelManager - Adding key: http://localhost:63224 for channel [id: 0x72eaa3c4, L:/127.0.0.1:55307 - R:localhost/127.0.0.1:63224]
12:56:57.533 [main] DEBUG net.serenitybdd.core.photography.Darkroom - Send negative for processing for target\site\serenity\9940443a2cf312439c3e2825a1c5c2b5818f7bdf9814ad33ddaa19c6c0599315.png
12:56:57.537 [Forwarding getPageSource on session 6b3a94c3c7e909e824d69ce5a26fbe14 to remote] DEBUG org.asynchttpclient.netty.request.NettyRequestSender - Using pooled Channel '[id: 0x72eaa3c4, L:/127.0.0.1:55307 - R:localhost/127.0.0.1:63224]' for 'POST' to 'http://localhost:63224/session/6b3a94c3c7e909e824d69ce5a26fbe14/execute/sync'
12:56:57.537 [Forwarding getPageSource on session 6b3a94c3c7e909e824d69ce5a26fbe14 to remote] DEBUG org.asynchttpclient.netty.request.NettyRequestSender - Using open Channel [id: 0x72eaa3c4, L:/127.0.0.1:55307 - R:localhost/127.0.0.1:63224] for POST '/session/6b3a94c3c7e909e824d69ce5a26fbe14/execute/sync'
12:56:57.542 [AsyncHttpClient-1-11] DEBUG org.asynchttpclient.netty.handler.HttpHandler - 

Request DefaultHttpRequest(decodeResult: success, version: HTTP/1.1)
POST /session/6b3a94c3c7e909e824d69ce5a26fbe14/execute/sync HTTP/1.1
User-Agent: selenium/4.1.2 (java windows)
Content-Length: 176
Content-Type: application/json; charset=utf-8
host: localhost:63224
accept: */*

Response DefaultHttpResponse(decodeResult: success, version: HTTP/1.1)
HTTP/1.1 200 OK
Content-Type: application/json; charset=utf-8
cache-control: no-cache
content-length: 29904

12:56:57.542 [AsyncHttpClient-1-11] DEBUG org.asynchttpclient.netty.channel.ChannelManager - Adding key: http://localhost:63224 for channel [id: 0x72eaa3c4, L:/127.0.0.1:55307 - R:localhost/127.0.0.1:63224]
12:56:57.553 [Forwarding getCurrentUrl on session 6b3a94c3c7e909e824d69ce5a26fbe14 to remote] DEBUG org.asynchttpclient.netty.request.NettyRequestSender - Using pooled Channel '[id: 0x72eaa3c4, L:/127.0.0.1:55307 - R:localhost/127.0.0.1:63224]' for 'GET' to 'http://localhost:63224/session/6b3a94c3c7e909e824d69ce5a26fbe14/url'
12:56:57.553 [Forwarding getCurrentUrl on session 6b3a94c3c7e909e824d69ce5a26fbe14 to remote] DEBUG org.asynchttpclient.netty.request.NettyRequestSender - Using open Channel [id: 0x72eaa3c4, L:/127.0.0.1:55307 - R:localhost/127.0.0.1:63224] for GET '/session/6b3a94c3c7e909e824d69ce5a26fbe14/url'
12:56:57.556 [AsyncHttpClient-1-11] DEBUG org.asynchttpclient.netty.handler.HttpHandler - 

Request DefaultFullHttpRequest(decodeResult: success, version: HTTP/1.1, content: EmptyByteBufBE)
GET /session/6b3a94c3c7e909e824d69ce5a26fbe14/url HTTP/1.1
User-Agent: selenium/4.1.2 (java windows)
Cache-Control: no-cache
Content-Type: application/json; charset=utf-8
host: localhost:63224
accept: */*

Response DefaultHttpResponse(decodeResult: success, version: HTTP/1.1)
HTTP/1.1 200 OK
Content-Type: application/json; charset=utf-8
cache-control: no-cache
content-length: 56

12:56:57.557 [AsyncHttpClient-1-11] DEBUG org.asynchttpclient.netty.channel.ChannelManager - Adding key: http://localhost:63224 for channel [id: 0x72eaa3c4, L:/127.0.0.1:55307 - R:localhost/127.0.0.1:63224]
  &amp#27;[31mAnd &amp#27;[0m&amp#27;[31mI select all bookings&amp#27;[0m               &amp#27;[90m# starter.stepdefinitions.ManageVaccinationBookingsSteps.iSelectAllBookings()&amp#27;[0m
      &amp#27;[31mnet.thucydides.core.webdriver.exceptions.ElementShouldBeEnabledException: Expected enabled element was not enabled
	at net.serenitybdd.core.pages.WebElementFacadeImpl.waitUntilEnabled(WebElementFacadeImpl.java:1100)
	at net.serenitybdd.core.pages.WebElementFacadeImpl.waitUntilElementAvailable(WebElementFacadeImpl.java:888)
	at net.serenitybdd.core.pages.WebElementFacadeImpl.click(WebElementFacadeImpl.java:1182)
	at net.serenitybdd.core.pages.WebElementFacadeImpl.click(WebElementFacadeImpl.java:1201)
	at Automation@1.0-SNAPSHOT/starter.pages.ManageVaccinationBookingsPage.selectAllBookings(ManageVaccinationBookingsPage.java:136)
	at Automation@1.0-SNAPSHOT/starter.pages.ManageVaccinationBookingsPage$ByteBuddy$2mB6uuMo.selectAllBookings$accessor$5nrir2vK(Unknown Source)
	at java.base/jdk.internal.reflect.NativeMethodAccessorImpl.invoke0(Native Method)
	at java.base/jdk.internal.reflect.NativeMethodAccessorImpl.invoke(NativeMethodAccessorImpl.java:62)
	at java.base/jdk.internal.reflect.DelegatingMethodAccessorImpl.invoke(DelegatingMethodAccessorImpl.java:43)
	at java.base/java.lang.reflect.Method.invoke(Method.java:566)
	at net.thucydides.core.steps.BaseMethodRunner.invokeMethod(BaseMethodRunner.java:18)
	at net.thucydides.core.steps.NormalMethodRunner.invokeMethodAndNotifyFailures(NormalMethodRunner.java:18)
	at net.thucydides.core.steps.StepInterceptor.runNormalMethod(StepInterceptor.java:406)
	at net.thucydides.core.steps.StepInterceptor.testStepResult(StepInterceptor.java:191)
	at net.thucydides.core.steps.StepInterceptor.intercept(StepInterceptor.java:84)
	at net.thucydides.core.steps.ProxyConfiguration$InterceptorDispatcher.intercept(ProxyConfiguration.java:51)
	at Automation@1.0-SNAPSHOT/starter.pages.ManageVaccinationBookingsPage$ByteBuddy$2mB6uuMo.selectAllBookings(Unknown Source)
	at Automation@1.0-SNAPSHOT/starter.stepdefinitions.ManageVaccinationBookingsSteps.iSelectAllBookings(ManageVaccinationBookingsSteps.java:49)
	at âœ½.I select all bookings(file:///C:/Users/ASUSTUF/OneDrive/Documents/Capstone%20Project/Web%20Automation/src/test/resources/features/ManageVaccinationBookings.feature:34)
Caused by: org.openqa.selenium.TimeoutException: Expected condition failed: waiting for By.xpath: //input[@aria-label='Select all rows'] to be enabled (tried for 5 second(s) with 100 milliseconds interval)
	at org.openqa.selenium.support.ui.FluentWait.timeoutException(FluentWait.java:263)
	at org.openqa.selenium.support.ui.FluentWait.until(FluentWait.java:231)
	at net.serenitybdd.core.pages.WebElementFacadeImpl.waitUntilEnabled(WebElementFacadeImpl.java:1097)
	at net.serenitybdd.core.pages.WebElementFacadeImpl.waitUntilElementAvailable(WebElementFacadeImpl.java:888)
	at net.serenitybdd.core.pages.WebElementFacadeImpl.click(WebElementFacadeImpl.java:1182)
	at net.serenitybdd.core.pages.WebElementFacadeImpl.click(WebElementFacadeImpl.java:1201)
	at Automation@1.0-SNAPSHOT/starter.pages.ManageVaccinationBookingsPage.selectAllBookings(ManageVaccinationBookingsPage.java:136)
	at Automation@1.0-SNAPSHOT/starter.pages.ManageVaccinationBookingsPage$ByteBuddy$2mB6uuMo.selectAllBookings$accessor$5nrir2vK(Unknown Source)
	at java.base/jdk.internal.reflect.NativeMethodAccessorImpl.invoke0(Native Method)
	at java.base/jdk.internal.reflect.NativeMethodAccessorImpl.invoke(NativeMethodAccessorImpl.java:62)
	at java.base/jdk.internal.reflect.DelegatingMethodAccessorImpl.invoke(DelegatingMethodAccessorImpl.java:43)
	at java.base/java.lang.reflect.Method.invoke(Method.java:566)
	at net.thucydides.core.steps.BaseMethodRunner.invokeMethod(BaseMethodRunner.java:18)
	at net.thucydides.core.steps.NormalMethodRunner.invokeMethodAndNotifyFailures(NormalMethodRunner.java:18)
	at net.thucydides.core.steps.StepInterceptor.runNormalMethod(StepInterceptor.java:406)
	at net.thucydides.core.steps.StepInterceptor.testStepResult(StepInterceptor.java:191)
	at net.thucydides.core.steps.StepInterceptor.intercept(StepInterceptor.java:84)
	at net.thucydides.core.steps.ProxyConfiguration$InterceptorDispatcher.intercept(ProxyConfiguration.java:51)
	at Automation@1.0-SNAPSHOT/starter.pages.ManageVaccinationBookingsPage$ByteBuddy$2mB6uuMo.selectAllBookings(Unknown Source)
	at Automation@1.0-SNAPSHOT/starter.stepdefinitions.ManageVaccinationBookingsSteps.iSelectAllBookings(ManageVaccinationBookingsSteps.java:49)
	at java.base/jdk.internal.reflect.NativeMethodAccessorImpl.invoke0(Native Method)
	at java.base/jdk.internal.reflect.NativeMethodAccessorImpl.invoke(NativeMethodAccessorImpl.java:62)
	at java.base/jdk.internal.reflect.DelegatingMethodAccessorImpl.invoke(DelegatingMethodAccessorImpl.java:43)
	at java.base/java.lang.reflect.Method.invoke(Method.java:566)
	at io.cucumber.java.Invoker.doInvoke(Invoker.java:66)
	at io.cucumber.java.Invoker.invoke(Invoker.java:24)
	at io.cucumber.java.AbstractGlueDefinition.invokeMethod(AbstractGlueDefinition.java:47)
	at io.cucumber.java.JavaStepDefinition.execute(JavaStepDefinition.java:29)
	at io.cucumber.core.runner.CoreStepDefinition.execute(CoreStepDefinition.java:66)
	at io.cucumber.core.runner.PickleStepDefinitionMatch.runStep(PickleStepDefinitionMatch.java:63)
	at io.cucumber.core.runner.ExecutionMode$1.execute(ExecutionMode.java:10)
	at io.cucumber.core.runner.TestStep.executeStep(TestStep.java:86)
	at io.cucumber.core.runner.TestStep.run(TestStep.java:57)
	at io.cucumber.core.runner.PickleStepTestStep.run(PickleStepTestStep.java:51)
	at io.cucumber.core.runner.TestCase.run(TestCase.java:95)
	at io.cucumber.core.runner.Runner.runPickle(Runner.java:75)
	at io.cucumber.junit.PickleRunners$NoStepDescriptions.lambda$run$0(PickleRunners.java:151)
	at io.cucumber.core.runtime.CucumberExecutionContext.lambda$runTestCase$3(CucumberExecutionContext.java:151)
	at io.cucumber.core.runtime.RethrowingThrowableCollector.executeAndThrow(RethrowingThrowableCollector.java:23)
	at io.cucumber.core.runtime.CucumberExecutionContext.runTestCase(CucumberExecutionContext.java:151)
	at io.cucumber.junit.PickleRunners$NoStepDescriptions.run(PickleRunners.java:148)
	at io.cucumber.junit.FeatureRunner.runChild(FeatureRunner.java:144)
	at io.cucumber.junit.FeatureRunner.runChild(FeatureRunner.java:28)
	at org.junit.runners.ParentRunner$4.run(ParentRunner.java:331)
	at org.junit.runners.ParentRunner$1.schedule(ParentRunner.java:79)
	at org.junit.runners.ParentRunner.runChildren(ParentRunner.java:329)
	at org.junit.runners.ParentRunner.access$100(ParentRunner.java:66)
	at org.junit.runners.ParentRunner$2.evaluate(ParentRunner.java:293)
	at org.junit.runners.ParentRunner$3.evaluate(ParentRunner.java:306)
	at org.junit.runners.ParentRunner.run(ParentRunner.java:413)
	at io.cucumber.junit.FeatureRunner.run(FeatureRunner.java:137)
	at io.cucumber.junit.CucumberSerenityRunner.runChild(CucumberSerenityRunner.java:258)
	at io.cucumber.junit.CucumberSerenityRunner.runChild(CucumberSerenityRunner.java:58)
	at org.junit.runners.ParentRunner$4.run(ParentRunner.java:331)
	at org.junit.runners.ParentRunner$1.schedule(ParentRunner.java:79)
	at org.junit.runners.ParentRunner.runChildren(ParentRunner.java:329)
	at org.junit.runners.ParentRunner.access$100(ParentRunner.java:66)
	at org.junit.runners.ParentRunner$2.evaluate(ParentRunner.java:293)
	at io.cucumber.junit.CucumberSerenityRunner$RunCucumber.evaluate(CucumberSerenityRunner.java:287)
	at org.junit.runners.ParentRunner$3.evaluate(ParentRunner.java:306)
	at org.junit.runners.ParentRunner.run(ParentRunner.java:413)
	at org.junit.runner.JUnitCore.run(JUnitCore.java:137)
	at org.junit.runner.JUnitCore.run(JUnitCore.java:115)
	at org.junit.vintage.engine.execution.RunnerExecutor.execute(RunnerExecutor.java:42)
	at org.junit.vintage.engine.VintageTestEngine.executeAllChildren(VintageTestEngine.java:80)
	at org.junit.vintage.engine.VintageTestEngine.execute(VintageTestEngine.java:72)
	at org.junit.platform.launcher.core.EngineExecutionOrchestrator.execute(EngineExecutionOrchestrator.java:107)
	at org.junit.platform.launcher.core.EngineExecutionOrchestrator.execute(EngineExecutionOrchestrator.java:88)
	at org.junit.platform.launcher.core.EngineExecutionOrchestrator.lambda$execute$0(EngineExecutionOrchestrator.java:54)
	at org.junit.platform.launcher.core.EngineExecutionOrchestrator.withInterceptedStreams(EngineExecutionOrchestrator.java:67)
	at org.junit.platform.launcher.core.EngineExecutionOrchestrator.execute(EngineExecutionOrchestrator.java:52)
	at org.junit.platform.launcher.core.DefaultLauncher.execute(DefaultLauncher.java:114)
	at org.junit.platform.launcher.core.DefaultLauncher.execute(DefaultLauncher.java:86)
	at org.junit.platform.launcher.core.DefaultLauncherSession$DelegatingLauncher.execute(DefaultLauncherSession.java:86)
	at org.junit.platform.launcher.core.SessionPerRequestLauncher.execute(SessionPerRequestLauncher.java:53)
	at org.apache.maven.surefire.junitplatform.JUnitPlatformProvider.execute(JUnitPlatformProvider.java:188)
	at org.apache.maven.surefire.junitplatform.JUnitPlatformProvider.invokeAllTests(JUnitPlatformProvider.java:154)
	at org.apache.maven.surefire.junitplatform.JUnitPlatformProvider.invoke(JUnitPlatformProvider.java:128)
	at org.apache.maven.surefire.booter.ForkedBooter.runSuitesInProcess(ForkedBooter.java:428)
	at org.apache.maven.surefire.booter.ForkedBooter.execute(ForkedBooter.java:162)
	at org.apache.maven.surefire.booter.ForkedBooter.run(ForkedBooter.java:562)
	at org.apache.maven.surefire.booter.ForkedBooter.main(ForkedBooter.java:548)
Caused by: org.openqa.selenium.NoSuchElementException: no such element: Unable to locate element: {"method":"xpath","selector":"//input[@aria-label='Select all rows']"}
  (Session info: chrome=108.0.5359.125)
For documentation on this error, please visit: https://selenium.dev/exceptions/#no_such_element
Build info: version: '4.1.2', revision: '9a5a329c5a'
System info: host: 'LAPTOP-CFD9EV6G', ip: '192.168.100.7', os.name: 'Windows 11', os.arch: 'amd64', os.version: '10.0', java.version: '11.0.16'
Driver info: org.openqa.selenium.chrome.ChromeDriver
Command: [6b3a94c3c7e909e824d69ce5a26fbe14, findElement {using=xpath, value=//input[@aria-label='Select all rows']}]
Capabilities {acceptInsecureCerts: false, browserName: chrome, browserVersion: 108.0.5359.125, chrome: {chromedriverVersion: 108.0.5359.71 (1e0e3868ee06..., userDataDir: C:\Users\ASUSTUF\AppData\Lo...}, goog:chromeOptions: {debuggerAddress: localhost:55308}, javascriptEnabled: true, networkConnectionEnabled: false, pageLoadStrategy: normal, platform: WINDOWS, platformName: WINDOWS, proxy: Proxy(), se:cdp: ws://localhost:55308/devtoo..., se:cdpVersion: 108.0.5359.125, setWindowRect: true, strictFileInteractability: false, timeouts: {implicit: 0, pageLoad: 300000, script: 30000}, unhandledPromptBehavior: dismiss and notify, webauthn:extension:credBlob: true, webauthn:extension:largeBlob: true, webauthn:virtualAuthenticators: true}
Session ID: 6b3a94c3c7e909e824d69ce5a26fbe14
	at java.base/jdk.internal.reflect.NativeConstructorAccessorImpl.newInstance0(Native Method)
	at java.base/jdk.internal.reflect.NativeConstructorAccessorImpl.newInstance(NativeConstructorAccessorImpl.java:62)
	at java.base/jdk.internal.reflect.DelegatingConstructorAccessorImpl.newInstance(DelegatingConstructorAccessorImpl.java:45)
	at java.base/java.lang.reflect.Constructor.newInstance(Constructor.java:490)
	at org.openqa.selenium.remote.codec.w3c.W3CHttpResponseCodec.createException(W3CHttpResponseCodec.java:200)
	at org.openqa.selenium.remote.codec.w3c.W3CHttpResponseCodec.decode(W3CHttpResponseCodec.java:133)
	at org.openqa.selenium.remote.codec.w3c.W3CHttpResponseCodec.decode(W3CHttpResponseCodec.java:53)
	at org.openqa.selenium.remote.HttpCommandExecutor.execute(HttpCommandExecutor.java:184)
	at org.openqa.selenium.remote.service.DriverCommandExecutor.invokeExecute(DriverCommandExecutor.java:167)
	at org.openqa.selenium.remote.service.DriverCommandExecutor.execute(DriverCommandExecutor.java:142)
	at org.openqa.selenium.remote.RemoteWebDriver.execute(RemoteWebDriver.java:558)
	at org.openqa.selenium.remote.ElementLocation$ElementFinder$2.findElement(ElementLocation.java:162)
	at org.openqa.selenium.remote.ElementLocation.findElement(ElementLocation.java:60)
	at org.openqa.selenium.remote.RemoteWebDriver.findElement(RemoteWebDriver.java:382)
	at org.openqa.selenium.remote.RemoteWebDriver.findElement(RemoteWebDriver.java:374)
	at net.thucydides.core.webdriver.WebDriverFacade.findElement(WebDriverFacade.java:224)
	at net.serenitybdd.core.pages.WebElementResolverByLocator.resolveForDriver(WebElementResolverByLocator.java:25)
	at net.serenitybdd.core.pages.WebElementFacadeImpl.getResolvedElement(WebElementFacadeImpl.java:191)
	at net.serenitybdd.core.pages.WebElementFacadeImpl.getElement(WebElementFacadeImpl.java:186)
	at net.serenitybdd.core.pages.WebElementExpectations$3.apply(WebElementExpectations.java:63)
	at net.serenitybdd.core.pages.WebElementExpectations$3.apply(WebElementExpectations.java:55)
	at org.openqa.selenium.support.ui.FluentWait.until(FluentWait.java:208)
	... 80 more
&amp#27;[0m
  &amp#27;[36mAnd &amp#27;[0m&amp#27;[36mI click Tolak Semua button&amp#27;[0m          &amp#27;[90m# starter.stepdefinitions.ManageVaccinationBookingsSteps.iClickTolakSemuaButton()&amp#27;[0m
  &amp#27;[36mThen &amp#27;[0m&amp#27;[36mthe booking will be rejected&amp#27;[0m       &amp#27;[90m# starter.stepdefinitions.ManageVaccinationBookingsSteps.theBookingWillBeRejected()&amp#27;[0m
12:56:57.581 [main] ERROR  - 
  _____   ___   ___   _____     ___     _     ___   _      ___   ___  
 |_   _| | __| / __| |_   _|   | __|   /_\   |_ _| | |    | __| |   \ 
   | |   | _|  \__ \   | |     | _|   / _ \   | |  | |__  | _|  | |) |
   |_|   |___| |___/   |_|     |_|   /_/ \_\ |___| |____| |___| |___/ 

Reject all vaccination bookings
-----------------------------------------------------------------------
12:56:57.581 [main] DEBUG  - RELATED ISSUES: 
12:56:57.581 [main] ERROR  -     Test failed at step: Select all bookings
12:56:57.581 [main] ERROR  -     Expected enabled element was not enabled
12:56:57.585 [AsyncHttpClient-1-13] DEBUG org.asynchttpclient.netty.handler.WebSocketHandler - Channel Closed: [id: 0x4dc0dcaf, L:/127.0.0.1:55315 ! R:localhost/127.0.0.1:55308] with attribute NettyResponseFuture{currentRetry=5,
	isDone=1,
	isCancelled=0,
	asyncHandler=org.asynchttpclient.ws.WebSocketUpgradeHandler@32ce8313,
	nettyRequest=org.asynchttpclient.netty.request.NettyRequest@77cc1b2e,
	future=java.util.concurrent.CompletableFuture@78368044[Completed normally],
	uri=ws://localhost:55308/devtools/browser/81dd9090-5f94-461a-9ee2-45df8d3ef6ae,
	keepAlive=true,
	redirectCount=0,
	timeoutsHolder=null,
	inAuth=0,
	touch=1671429407922}
12:56:57.586 [AsyncHttpClient-1-13] DEBUG org.asynchttpclient.netty.channel.ChannelManager - Closing Channel [id: 0x4dc0dcaf, L:/127.0.0.1:55315 ! R:localhost/127.0.0.1:55308] 
12:56:57.586 [Driver Command Executor] DEBUG org.asynchttpclient.netty.request.NettyRequestSender - Using pooled Channel '[id: 0x72eaa3c4, L:/127.0.0.1:55307 - R:localhost/127.0.0.1:63224]' for 'DELETE' to 'http://localhost:63224/session/6b3a94c3c7e909e824d69ce5a26fbe14'
12:56:57.586 [Driver Command Executor] DEBUG org.asynchttpclient.netty.request.NettyRequestSender - Using open Channel [id: 0x72eaa3c4, L:/127.0.0.1:55307 - R:localhost/127.0.0.1:63224] for DELETE '/session/6b3a94c3c7e909e824d69ce5a26fbe14'
12:56:57.613 [AsyncHttpClient-1-12] DEBUG org.asynchttpclient.netty.handler.HttpHandler - Unexpected I/O exception on channel [id: 0xcdf5c5e0, L:/127.0.0.1:55314 - R:localhost/127.0.0.1:55308]
java.io.IOException: An existing connection was forcibly closed by the remote host
	at java.base/sun.nio.ch.SocketDispatcher.read0(Native Method)
	at java.base/sun.nio.ch.SocketDispatcher.read(SocketDispatcher.java:43)
	at java.base/sun.nio.ch.IOUtil.readIntoNativeBuffer(IOUtil.java:276)
	at java.base/sun.nio.ch.IOUtil.read(IOUtil.java:233)
	at java.base/sun.nio.ch.IOUtil.read(IOUtil.java:223)
	at java.base/sun.nio.ch.SocketChannelImpl.read(SocketChannelImpl.java:358)
	at io.netty.buffer.PooledByteBuf.setBytes(PooledByteBuf.java:258)
	at io.netty.buffer.AbstractByteBuf.writeBytes(AbstractByteBuf.java:1132)
	at io.netty.channel.socket.nio.NioSocketChannel.doReadBytes(NioSocketChannel.java:350)
	at io.netty.channel.nio.AbstractNioByteChannel$NioByteUnsafe.read(AbstractNioByteChannel.java:151)
	at io.netty.channel.nio.NioEventLoop.processSelectedKey(NioEventLoop.java:722)
	at io.netty.channel.nio.NioEventLoop.processSelectedKeysOptimized(NioEventLoop.java:658)
	at io.netty.channel.nio.NioEventLoop.processSelectedKeys(NioEventLoop.java:584)
	at io.netty.channel.nio.NioEventLoop.run(NioEventLoop.java:496)
	at io.netty.util.concurrent.SingleThreadEventExecutor$4.run(SingleThreadEventExecutor.java:986)
	at io.netty.util.internal.ThreadExecutorMap$2.run(ThreadExecutorMap.java:74)
	at io.netty.util.concurrent.FastThreadLocalRunnable.run(FastThreadLocalRunnable.java:30)
	at java.base/java.lang.Thread.run(Thread.java:834)
12:56:57.613 [AsyncHttpClient-1-12] DEBUG org.asynchttpclient.netty.channel.ChannelManager - Closing Channel [id: 0xcdf5c5e0, L:/127.0.0.1:55314 - R:localhost/127.0.0.1:55308] 
12:56:57.614 [AsyncHttpClient-1-12] DEBUG org.asynchttpclient.netty.handler.HttpHandler - Channel Closed: [id: 0xcdf5c5e0, L:/127.0.0.1:55314 ! R:localhost/127.0.0.1:55308] with attribute DISCARD
12:56:57.651 [AsyncHttpClient-1-11] DEBUG org.asynchttpclient.netty.handler.HttpHandler - 

Request DefaultFullHttpRequest(decodeResult: success, version: HTTP/1.1, content: EmptyByteBufBE)
DELETE /session/6b3a94c3c7e909e824d69ce5a26fbe14 HTTP/1.1
User-Agent: selenium/4.1.2 (java windows)
Content-Type: application/json; charset=utf-8
host: localhost:63224
accept: */*

Response DefaultHttpResponse(decodeResult: success, version: HTTP/1.1)
HTTP/1.1 200 OK
Content-Type: application/json; charset=utf-8
cache-control: no-cache
content-length: 14

12:56:57.652 [AsyncHttpClient-1-11] DEBUG org.asynchttpclient.netty.channel.ChannelManager - Adding key: http://localhost:63224 for channel [id: 0x72eaa3c4, L:/127.0.0.1:55307 - R:localhost/127.0.0.1:63224]
12:56:57.718 [AsyncHttpClient-1-11] DEBUG org.asynchttpclient.netty.handler.HttpHandler - Channel Closed: [id: 0x72eaa3c4, L:/127.0.0.1:55307 ! R:localhost/127.0.0.1:63224] with attribute DISCARD
]]></system-out>
    <system-err><![CDATA[Starting ChromeDriver 108.0.5359.71 (1e0e3868ee06e91ad636a874420e3ca3ae3756ac-refs/branch-heads/5359@{#1016}) on port 63224
Only local connections are allowed.
Please see https://chromedriver.chromium.org/security-considerations for suggestions on keeping ChromeDriver safe.
ChromeDriver was started successfully.
Dec 19, 2022 12:56:47 PM org.openqa.selenium.remote.ProtocolHandshake createSession
INFO: Detected dialect: W3C
Dec 19, 2022 12:56:47 PM org.openqa.selenium.devtools.CdpVersionFinder findNearestMatch
WARNING: Unable to find an exact match for CDP version 108, so returning the closest version found: a no-op implementation
Dec 19, 2022 12:56:47 PM org.openqa.selenium.devtools.CdpVersionFinder findNearestMatch
INFO: Unable to find CDP implementation matching 108.
Dec 19, 2022 12:56:47 PM org.openqa.selenium.chromium.ChromiumDriver lambda$new$3
WARNING: Unable to find version of CDP to use for . You may need to include a dependency on a specific version of the CDP using something similar to `org.seleniumhq.selenium:selenium-devtools-v86:4.1.2` where the version ("v86") matches the version of the chromium-based browser you're using and the version number of the artifact is the same as Selenium's.
]]></system-err>
  </testcase>
  <testcase name="Sort vaccination bookings by available date" classname="Manage vaccination bookings" time="12.242">
    <error type="net.thucydides.core.webdriver.exceptions.ElementShouldBeEnabledException"><![CDATA[net.thucydides.core.webdriver.exceptions.ElementShouldBeEnabledException: Expected enabled element was not enabled
Caused by: org.openqa.selenium.TimeoutException: Expected condition failed: waiting for By.xpath: //button[@fdprocessedid='8glucq'] to be enabled (tried for 5 second(s) with 100 milliseconds interval)
Caused by: org.openqa.selenium.NoSuchElementException: 
no such element: Unable to locate element: {"method":"xpath","selector":"//button[@fdprocessedid='8glucq']"}
  (Session info: chrome=108.0.5359.125)
For documentation on this error, please visit: https://selenium.dev/exceptions/#no_such_element
Build info: version: '4.1.2', revision: '9a5a329c5a'
System info: host: 'LAPTOP-CFD9EV6G', ip: '192.168.100.7', os.name: 'Windows 11', os.arch: 'amd64', os.version: '10.0', java.version: '11.0.16'
Driver info: org.openqa.selenium.chrome.ChromeDriver
Command: [c60b0abe8e7ea2dfda8f1a36e2ad7a5d, findElement {using=xpath, value=//button[@fdprocessedid='8glucq']}]
Capabilities {acceptInsecureCerts: false, browserName: chrome, browserVersion: 108.0.5359.125, chrome: {chromedriverVersion: 108.0.5359.71 (1e0e3868ee06..., userDataDir: C:\Users\ASUSTUF\AppData\Lo...}, goog:chromeOptions: {debuggerAddress: localhost:55339}, javascriptEnabled: true, networkConnectionEnabled: false, pageLoadStrategy: normal, platform: WINDOWS, platformName: WINDOWS, proxy: Proxy(), se:cdp: ws://localhost:55339/devtoo..., se:cdpVersion: 108.0.5359.125, setWindowRect: true, strictFileInteractability: false, timeouts: {implicit: 0, pageLoad: 300000, script: 30000}, unhandledPromptBehavior: dismiss and notify, webauthn:extension:credBlob: true, webauthn:extension:largeBlob: true, webauthn:virtualAuthenticators: true}
Session ID: c60b0abe8e7ea2dfda8f1a36e2ad7a5d
]]></error>
    <system-out><![CDATA[
Scenario: Sort vaccination bookings by available date &amp#27;[90m# src/test/resources/features/ManageVaccinationBookings.feature:38&amp#27;[0m
12:56:57.821 [main] INFO io.cucumber.core.plugin.SerenityReporter - Running feature from file:///C:/Users/ASUSTUF/OneDrive/Documents/Capstone%20Project/Web%20Automation/src/test/resources/features/ManageVaccinationBookings.feature
12:56:57.833 [main] INFO  - 
  _____   ___   ___   _____     ___   _____     _     ___   _____   ___   ___  
 |_   _| | __| / __| |_   _|   / __| |_   _|   /_\   | _ \ |_   _| | __| |   \ 
   | |   | _|  \__ \   | |     \__ \   | |    / _ \  |   /   | |   | _|  | |) |
   |_|   |___| |___/   |_|     |___/   |_|   /_/ \_\ |_|_\   |_|   |___| |___/ 

Sort vaccination bookings by available date(manage-vaccination-bookings;sort-vaccination-bookings-by-available-date)
--------------------------------------------------------------------------------
12:56:57.871 [main] INFO net.serenitybdd.core.webdriver.driverproviders.ChromeDriverProvider - Using automatically driver download
12:56:57.981 [main] DEBUG io.github.bonigarcia.wdm.cache.ResolutionCache - Resolution chrome=108 in cache (valid until 13:44:30 19/12/2022 ICT)
12:56:57.986 [main] DEBUG io.github.bonigarcia.wdm.cache.ResolutionCache - Resolution chrome108=108.0.5359.71 in cache (valid until 12:44:30 20/12/2022 ICT)
12:56:57.988 [main] INFO io.github.bonigarcia.wdm.WebDriverManager - Using chromedriver 108.0.5359.71 (resolved driver for Chrome 108)
12:56:58.008 [main] DEBUG io.github.bonigarcia.wdm.WebDriverManager - Driver chromedriver 108.0.5359.71 found in cache
12:56:58.009 [main] INFO io.github.bonigarcia.wdm.WebDriverManager - Exporting webdriver.chrome.driver as C:\Users\ASUSTUF\.cache\selenium\chromedriver\win32\108.0.5359.71\chromedriver.exe
12:56:58.071 [AsyncHttpClient-1-1] DEBUG org.asynchttpclient.netty.channel.DefaultChannelPool - Entry count for : http://localhost:55308 : 1
12:56:58.071 [AsyncHttpClient-1-1] DEBUG org.asynchttpclient.netty.channel.DefaultChannelPool - Entry count for : http://localhost:63224 : 1
12:56:58.072 [AsyncHttpClient-1-1] DEBUG org.asynchttpclient.netty.channel.DefaultChannelPool - Adding Candidate expired Channel [id: 0xcdf5c5e0, L:/127.0.0.1:55314 ! R:localhost/127.0.0.1:55308] isIdleTimeoutExpired=false isRemotelyClosed=true isTtlExpired=false
12:56:58.072 [AsyncHttpClient-1-1] DEBUG org.asynchttpclient.netty.channel.DefaultChannelPool - Closing Idle Channel [id: 0xcdf5c5e0, L:/127.0.0.1:55314 ! R:localhost/127.0.0.1:55308]
12:56:58.072 [AsyncHttpClient-1-1] DEBUG org.asynchttpclient.netty.channel.DefaultChannelPool - Adding Candidate expired Channel [id: 0x72eaa3c4, L:/127.0.0.1:55307 ! R:localhost/127.0.0.1:63224] isIdleTimeoutExpired=false isRemotelyClosed=true isTtlExpired=false
12:56:58.072 [AsyncHttpClient-1-1] DEBUG org.asynchttpclient.netty.channel.DefaultChannelPool - Closing Idle Channel [id: 0x72eaa3c4, L:/127.0.0.1:55307 ! R:localhost/127.0.0.1:63224]
12:56:58.072 [AsyncHttpClient-1-1] DEBUG org.asynchttpclient.netty.channel.DefaultChannelPool - Closed 2 connections out of 2 in 0 ms
12:56:58.140 [main] DEBUG net.serenitybdd.core.webdriver.driverproviders.ProvideNewDriver - Instantiating driver
12:56:58.140 [main] DEBUG net.serenitybdd.core.webdriver.driverproviders.ProvideNewDriver - Driver capabilities: Capabilities {acceptInsecureCerts: false, base.url: https://vaksin-id.netlify.app/, browserName: chrome, chrome.driver: src/test/resources/webdrive..., driver: chrome, goog:chromeOptions: {args: [], extensions: []}}
12:56:58.574 [AsyncHttpClient-1-14] DEBUG org.asynchttpclient.netty.channel.NettyConnectListener - Using new Channel '[id: 0x39aa75bf, L:/127.0.0.1:55337 - R:localhost/127.0.0.1:58259]' for 'POST' to '/session'
12:56:59.506 [AsyncHttpClient-1-14] DEBUG org.asynchttpclient.netty.handler.HttpHandler - 

Request DefaultHttpRequest(decodeResult: success, version: HTTP/1.1)
POST /session HTTP/1.1
User-Agent: selenium/4.1.2 (java windows)
Content-Length: 616
Content-Type: application/json; charset=utf-8
host: localhost:58259
accept: */*

Response DefaultHttpResponse(decodeResult: success, version: HTTP/1.1)
HTTP/1.1 200 OK
Content-Type: application/json; charset=utf-8
cache-control: no-cache
content-length: 793

12:56:59.507 [AsyncHttpClient-1-14] DEBUG org.asynchttpclient.netty.channel.ChannelManager - Adding key: http://localhost:58259 for channel [id: 0x39aa75bf, L:/127.0.0.1:55337 - R:localhost/127.0.0.1:58259]
12:56:59.530 [AsyncHttpClient-1-15] DEBUG org.asynchttpclient.netty.channel.NettyConnectListener - Using new Channel '[id: 0xa5e4c5ef, L:/127.0.0.1:55345 - R:localhost/127.0.0.1:55339]' for 'GET' to '/json/version'
12:56:59.544 [AsyncHttpClient-1-15] DEBUG org.asynchttpclient.netty.handler.HttpHandler - 

Request DefaultFullHttpRequest(decodeResult: success, version: HTTP/1.1, content: EmptyByteBufBE)
GET /json/version HTTP/1.1
User-Agent: selenium/4.1.2 (java windows)
host: localhost:55339
accept: */*

Response DefaultHttpResponse(decodeResult: success, version: HTTP/1.1)
HTTP/1.1 200 OK
Content-Type: application/json; charset=UTF-8
content-length: 424

12:56:59.544 [AsyncHttpClient-1-15] DEBUG org.asynchttpclient.netty.channel.ChannelManager - Adding key: http://localhost:55339 for channel [id: 0xa5e4c5ef, L:/127.0.0.1:55345 - R:localhost/127.0.0.1:55339]
12:56:59.556 [AsyncHttpClient-1-16] DEBUG org.asynchttpclient.netty.channel.NettyConnectListener - Using new Channel '[id: 0x75a73d7e, L:/127.0.0.1:55346 - R:localhost/127.0.0.1:55339]' for 'GET' to '/devtools/browser/e8ad1d6c-9121-4350-8fa5-cb7d1c942358'
12:56:59.576 [AsyncHttpClient-1-16] DEBUG org.asynchttpclient.netty.handler.WebSocketHandler - 

Request DefaultFullHttpRequest(decodeResult: success, version: HTTP/1.1, content: EmptyByteBufBE)
GET /devtools/browser/e8ad1d6c-9121-4350-8fa5-cb7d1c942358 HTTP/1.1
upgrade: websocket
connection: upgrade
sec-websocket-key: 4NpfIURVsFIWU1SQcaHdew==
sec-websocket-version: 13
origin: http://localhost:55339
host: localhost:55339
accept: */*
user-agent: AHC/2.1

Response DefaultHttpResponse(decodeResult: success, version: HTTP/1.1)
HTTP/1.1 101 WebSocket Protocol Handshake
Upgrade: WebSocket
Connection: Upgrade
Sec-WebSocket-Accept: R2Hv0VpB9D0nFL089sVmyZ85lOY=

12:56:59.588 [Forwarding get on session c60b0abe8e7ea2dfda8f1a36e2ad7a5d to remote] DEBUG org.asynchttpclient.netty.request.NettyRequestSender - Using pooled Channel '[id: 0x39aa75bf, L:/127.0.0.1:55337 - R:localhost/127.0.0.1:58259]' for 'POST' to 'http://localhost:58259/session/c60b0abe8e7ea2dfda8f1a36e2ad7a5d/url'
12:56:59.589 [Forwarding get on session c60b0abe8e7ea2dfda8f1a36e2ad7a5d to remote] DEBUG org.asynchttpclient.netty.request.NettyRequestSender - Using open Channel [id: 0x39aa75bf, L:/127.0.0.1:55337 - R:localhost/127.0.0.1:58259] for POST '/session/c60b0abe8e7ea2dfda8f1a36e2ad7a5d/url'
12:57:00.278 [AsyncHttpClient-1-1] DEBUG org.asynchttpclient.netty.channel.DefaultChannelPool - Entry count for : http://localhost:55339 : 1
12:57:00.579 [AsyncHttpClient-1-14] DEBUG org.asynchttpclient.netty.handler.HttpHandler - 

Request DefaultHttpRequest(decodeResult: success, version: HTTP/1.1)
POST /session/c60b0abe8e7ea2dfda8f1a36e2ad7a5d/url HTTP/1.1
User-Agent: selenium/4.1.2 (java windows)
Content-Length: 60
Content-Type: application/json; charset=utf-8
host: localhost:58259
accept: */*

Response DefaultHttpResponse(decodeResult: success, version: HTTP/1.1)
HTTP/1.1 200 OK
Content-Type: application/json; charset=utf-8
cache-control: no-cache
content-length: 14

12:57:00.580 [AsyncHttpClient-1-14] DEBUG org.asynchttpclient.netty.channel.ChannelManager - Adding key: http://localhost:58259 for channel [id: 0x39aa75bf, L:/127.0.0.1:55337 - R:localhost/127.0.0.1:58259]
12:57:00.588 [Forwarding setTimeout on session c60b0abe8e7ea2dfda8f1a36e2ad7a5d to remote] DEBUG org.asynchttpclient.netty.request.NettyRequestSender - Using pooled Channel '[id: 0x39aa75bf, L:/127.0.0.1:55337 - R:localhost/127.0.0.1:58259]' for 'POST' to 'http://localhost:58259/session/c60b0abe8e7ea2dfda8f1a36e2ad7a5d/timeouts'
12:57:00.589 [Forwarding setTimeout on session c60b0abe8e7ea2dfda8f1a36e2ad7a5d to remote] DEBUG org.asynchttpclient.netty.request.NettyRequestSender - Using open Channel [id: 0x39aa75bf, L:/127.0.0.1:55337 - R:localhost/127.0.0.1:58259] for POST '/session/c60b0abe8e7ea2dfda8f1a36e2ad7a5d/timeouts'
12:57:00.591 [AsyncHttpClient-1-14] DEBUG org.asynchttpclient.netty.handler.HttpHandler - 

Request DefaultHttpRequest(decodeResult: success, version: HTTP/1.1)
POST /session/c60b0abe8e7ea2dfda8f1a36e2ad7a5d/timeouts HTTP/1.1
User-Agent: selenium/4.1.2 (java windows)
Content-Length: 22
Content-Type: application/json; charset=utf-8
host: localhost:58259
accept: */*

Response DefaultHttpResponse(decodeResult: success, version: HTTP/1.1)
HTTP/1.1 200 OK
Content-Type: application/json; charset=utf-8
cache-control: no-cache
content-length: 14

12:57:00.591 [AsyncHttpClient-1-14] DEBUG org.asynchttpclient.netty.channel.ChannelManager - Adding key: http://localhost:58259 for channel [id: 0x39aa75bf, L:/127.0.0.1:55337 - R:localhost/127.0.0.1:58259]
12:57:00.595 [Forwarding getCurrentUrl on session c60b0abe8e7ea2dfda8f1a36e2ad7a5d to remote] DEBUG org.asynchttpclient.netty.request.NettyRequestSender - Using pooled Channel '[id: 0x39aa75bf, L:/127.0.0.1:55337 - R:localhost/127.0.0.1:58259]' for 'GET' to 'http://localhost:58259/session/c60b0abe8e7ea2dfda8f1a36e2ad7a5d/url'
12:57:00.596 [Forwarding getCurrentUrl on session c60b0abe8e7ea2dfda8f1a36e2ad7a5d to remote] DEBUG org.asynchttpclient.netty.request.NettyRequestSender - Using open Channel [id: 0x39aa75bf, L:/127.0.0.1:55337 - R:localhost/127.0.0.1:58259] for GET '/session/c60b0abe8e7ea2dfda8f1a36e2ad7a5d/url'
12:57:00.611 [AsyncHttpClient-1-14] DEBUG org.asynchttpclient.netty.handler.HttpHandler - 

Request DefaultFullHttpRequest(decodeResult: success, version: HTTP/1.1, content: EmptyByteBufBE)
GET /session/c60b0abe8e7ea2dfda8f1a36e2ad7a5d/url HTTP/1.1
User-Agent: selenium/4.1.2 (java windows)
Cache-Control: no-cache
Content-Type: application/json; charset=utf-8
host: localhost:58259
accept: */*

Response DefaultHttpResponse(decodeResult: success, version: HTTP/1.1)
HTTP/1.1 200 OK
Content-Type: application/json; charset=utf-8
cache-control: no-cache
content-length: 42

12:57:00.611 [AsyncHttpClient-1-14] DEBUG org.asynchttpclient.netty.channel.ChannelManager - Adding key: http://localhost:58259 for channel [id: 0x39aa75bf, L:/127.0.0.1:55337 - R:localhost/127.0.0.1:58259]
  &amp#27;[32mGiven &amp#27;[0m&amp#27;[32mI am on landing page&amp#27;[0m                          &amp#27;[90m# starter.stepdefinitions.ManageVaccinationBookingsSteps.iAmOnLandingPage()&amp#27;[0m
12:57:00.618 [Forwarding screenshot on session c60b0abe8e7ea2dfda8f1a36e2ad7a5d to remote] DEBUG org.asynchttpclient.netty.request.NettyRequestSender - Using pooled Channel '[id: 0x39aa75bf, L:/127.0.0.1:55337 - R:localhost/127.0.0.1:58259]' for 'GET' to 'http://localhost:58259/session/c60b0abe8e7ea2dfda8f1a36e2ad7a5d/screenshot'
12:57:00.618 [Forwarding screenshot on session c60b0abe8e7ea2dfda8f1a36e2ad7a5d to remote] DEBUG org.asynchttpclient.netty.request.NettyRequestSender - Using open Channel [id: 0x39aa75bf, L:/127.0.0.1:55337 - R:localhost/127.0.0.1:58259] for GET '/session/c60b0abe8e7ea2dfda8f1a36e2ad7a5d/screenshot'
12:57:01.242 [AsyncHttpClient-1-14] DEBUG org.asynchttpclient.netty.handler.HttpHandler - 

Request DefaultFullHttpRequest(decodeResult: success, version: HTTP/1.1, content: EmptyByteBufBE)
GET /session/c60b0abe8e7ea2dfda8f1a36e2ad7a5d/screenshot HTTP/1.1
User-Agent: selenium/4.1.2 (java windows)
Cache-Control: no-cache
Content-Type: application/json; charset=utf-8
host: localhost:58259
accept: */*

Response DefaultHttpResponse(decodeResult: success, version: HTTP/1.1)
HTTP/1.1 200 OK
Content-Type: application/json; charset=utf-8
cache-control: no-cache
content-length: 511840

12:57:01.243 [AsyncHttpClient-1-14] DEBUG org.asynchttpclient.netty.channel.ChannelManager - Adding key: http://localhost:58259 for channel [id: 0x39aa75bf, L:/127.0.0.1:55337 - R:localhost/127.0.0.1:58259]
12:57:01.266 [main] DEBUG net.serenitybdd.core.photography.Darkroom - Send negative for processing for target\site\serenity\e248d799548190e2634bb5f9a27724ab0574a09ed270967403051c09edbcc73d.png
12:57:01.267 [Darkroom Processing Line] DEBUG net.serenitybdd.core.photography.DarkroomProcessingLine - Processing screenshot image in /var/screenshots/screenshot-11479443560158550625
12:57:01.267 [Darkroom Processing Line] DEBUG net.serenitybdd.core.photography.DarkroomProcessingLine - Saving screenshot to target\site\serenity\e248d799548190e2634bb5f9a27724ab0574a09ed270967403051c09edbcc73d.png
12:57:01.278 [Forwarding findElement on session c60b0abe8e7ea2dfda8f1a36e2ad7a5d to remote] DEBUG org.asynchttpclient.netty.request.NettyRequestSender - Using pooled Channel '[id: 0x39aa75bf, L:/127.0.0.1:55337 - R:localhost/127.0.0.1:58259]' for 'POST' to 'http://localhost:58259/session/c60b0abe8e7ea2dfda8f1a36e2ad7a5d/element'
12:57:01.278 [Forwarding findElement on session c60b0abe8e7ea2dfda8f1a36e2ad7a5d to remote] DEBUG org.asynchttpclient.netty.request.NettyRequestSender - Using open Channel [id: 0x39aa75bf, L:/127.0.0.1:55337 - R:localhost/127.0.0.1:58259] for POST '/session/c60b0abe8e7ea2dfda8f1a36e2ad7a5d/element'
12:57:01.306 [AsyncHttpClient-1-14] DEBUG org.asynchttpclient.netty.handler.HttpHandler - 

Request DefaultHttpRequest(decodeResult: success, version: HTTP/1.1)
POST /session/c60b0abe8e7ea2dfda8f1a36e2ad7a5d/element HTTP/1.1
User-Agent: selenium/4.1.2 (java windows)
Content-Length: 315
Content-Type: application/json; charset=utf-8
host: localhost:58259
accept: */*

Response DefaultHttpResponse(decodeResult: success, version: HTTP/1.1)
HTTP/1.1 200 OK
Content-Type: application/json; charset=utf-8
cache-control: no-cache
content-length: 88

12:57:01.306 [AsyncHttpClient-1-14] DEBUG org.asynchttpclient.netty.channel.ChannelManager - Adding key: http://localhost:58259 for channel [id: 0x39aa75bf, L:/127.0.0.1:55337 - R:localhost/127.0.0.1:58259]
12:57:01.309 [Forwarding getElementTagName on session c60b0abe8e7ea2dfda8f1a36e2ad7a5d to remote] DEBUG org.asynchttpclient.netty.request.NettyRequestSender - Using pooled Channel '[id: 0x39aa75bf, L:/127.0.0.1:55337 - R:localhost/127.0.0.1:58259]' for 'GET' to 'http://localhost:58259/session/c60b0abe8e7ea2dfda8f1a36e2ad7a5d/element/c7faac97-24de-4884-b0db-eab0de4fd4c6/name'
12:57:01.309 [Forwarding getElementTagName on session c60b0abe8e7ea2dfda8f1a36e2ad7a5d to remote] DEBUG org.asynchttpclient.netty.request.NettyRequestSender - Using open Channel [id: 0x39aa75bf, L:/127.0.0.1:55337 - R:localhost/127.0.0.1:58259] for GET '/session/c60b0abe8e7ea2dfda8f1a36e2ad7a5d/element/c7faac97-24de-4884-b0db-eab0de4fd4c6/name'
12:57:01.315 [AsyncHttpClient-1-14] DEBUG org.asynchttpclient.netty.handler.HttpHandler - 

Request DefaultFullHttpRequest(decodeResult: success, version: HTTP/1.1, content: EmptyByteBufBE)
GET /session/c60b0abe8e7ea2dfda8f1a36e2ad7a5d/element/c7faac97-24de-4884-b0db-eab0de4fd4c6/name HTTP/1.1
User-Agent: selenium/4.1.2 (java windows)
Cache-Control: no-cache
Content-Type: application/json; charset=utf-8
host: localhost:58259
accept: */*

Response DefaultHttpResponse(decodeResult: success, version: HTTP/1.1)
HTTP/1.1 200 OK
Content-Type: application/json; charset=utf-8
cache-control: no-cache
content-length: 18

12:57:01.316 [AsyncHttpClient-1-14] DEBUG org.asynchttpclient.netty.channel.ChannelManager - Adding key: http://localhost:58259 for channel [id: 0x39aa75bf, L:/127.0.0.1:55337 - R:localhost/127.0.0.1:58259]
12:57:01.318 [Forwarding getElementTagName on session c60b0abe8e7ea2dfda8f1a36e2ad7a5d to remote] DEBUG org.asynchttpclient.netty.request.NettyRequestSender - Using pooled Channel '[id: 0x39aa75bf, L:/127.0.0.1:55337 - R:localhost/127.0.0.1:58259]' for 'GET' to 'http://localhost:58259/session/c60b0abe8e7ea2dfda8f1a36e2ad7a5d/element/c7faac97-24de-4884-b0db-eab0de4fd4c6/name'
12:57:01.318 [Forwarding getElementTagName on session c60b0abe8e7ea2dfda8f1a36e2ad7a5d to remote] DEBUG org.asynchttpclient.netty.request.NettyRequestSender - Using open Channel [id: 0x39aa75bf, L:/127.0.0.1:55337 - R:localhost/127.0.0.1:58259] for GET '/session/c60b0abe8e7ea2dfda8f1a36e2ad7a5d/element/c7faac97-24de-4884-b0db-eab0de4fd4c6/name'
12:57:01.320 [AsyncHttpClient-1-14] DEBUG org.asynchttpclient.netty.handler.HttpHandler - 

Request DefaultFullHttpRequest(decodeResult: success, version: HTTP/1.1, content: EmptyByteBufBE)
GET /session/c60b0abe8e7ea2dfda8f1a36e2ad7a5d/element/c7faac97-24de-4884-b0db-eab0de4fd4c6/name HTTP/1.1
User-Agent: selenium/4.1.2 (java windows)
Cache-Control: no-cache
Content-Type: application/json; charset=utf-8
host: localhost:58259
accept: */*

Response DefaultHttpResponse(decodeResult: success, version: HTTP/1.1)
HTTP/1.1 200 OK
Content-Type: application/json; charset=utf-8
cache-control: no-cache
content-length: 18

12:57:01.320 [AsyncHttpClient-1-14] DEBUG org.asynchttpclient.netty.channel.ChannelManager - Adding key: http://localhost:58259 for channel [id: 0x39aa75bf, L:/127.0.0.1:55337 - R:localhost/127.0.0.1:58259]
12:57:01.323 [Forwarding isElementEnabled on session c60b0abe8e7ea2dfda8f1a36e2ad7a5d to remote] DEBUG org.asynchttpclient.netty.request.NettyRequestSender - Using pooled Channel '[id: 0x39aa75bf, L:/127.0.0.1:55337 - R:localhost/127.0.0.1:58259]' for 'GET' to 'http://localhost:58259/session/c60b0abe8e7ea2dfda8f1a36e2ad7a5d/element/c7faac97-24de-4884-b0db-eab0de4fd4c6/enabled'
12:57:01.323 [Forwarding isElementEnabled on session c60b0abe8e7ea2dfda8f1a36e2ad7a5d to remote] DEBUG org.asynchttpclient.netty.request.NettyRequestSender - Using open Channel [id: 0x39aa75bf, L:/127.0.0.1:55337 - R:localhost/127.0.0.1:58259] for GET '/session/c60b0abe8e7ea2dfda8f1a36e2ad7a5d/element/c7faac97-24de-4884-b0db-eab0de4fd4c6/enabled'
12:57:01.331 [AsyncHttpClient-1-14] DEBUG org.asynchttpclient.netty.handler.HttpHandler - 

Request DefaultFullHttpRequest(decodeResult: success, version: HTTP/1.1, content: EmptyByteBufBE)
GET /session/c60b0abe8e7ea2dfda8f1a36e2ad7a5d/element/c7faac97-24de-4884-b0db-eab0de4fd4c6/enabled HTTP/1.1
User-Agent: selenium/4.1.2 (java windows)
Cache-Control: no-cache
Content-Type: application/json; charset=utf-8
host: localhost:58259
accept: */*

Response DefaultHttpResponse(decodeResult: success, version: HTTP/1.1)
HTTP/1.1 200 OK
Content-Type: application/json; charset=utf-8
cache-control: no-cache
content-length: 14

12:57:01.331 [AsyncHttpClient-1-14] DEBUG org.asynchttpclient.netty.channel.ChannelManager - Adding key: http://localhost:58259 for channel [id: 0x39aa75bf, L:/127.0.0.1:55337 - R:localhost/127.0.0.1:58259]
12:57:01.332 [Forwarding isElementEnabled on session c60b0abe8e7ea2dfda8f1a36e2ad7a5d to remote] DEBUG org.asynchttpclient.netty.request.NettyRequestSender - Using pooled Channel '[id: 0x39aa75bf, L:/127.0.0.1:55337 - R:localhost/127.0.0.1:58259]' for 'GET' to 'http://localhost:58259/session/c60b0abe8e7ea2dfda8f1a36e2ad7a5d/element/c7faac97-24de-4884-b0db-eab0de4fd4c6/enabled'
12:57:01.332 [Forwarding isElementEnabled on session c60b0abe8e7ea2dfda8f1a36e2ad7a5d to remote] DEBUG org.asynchttpclient.netty.request.NettyRequestSender - Using open Channel [id: 0x39aa75bf, L:/127.0.0.1:55337 - R:localhost/127.0.0.1:58259] for GET '/session/c60b0abe8e7ea2dfda8f1a36e2ad7a5d/element/c7faac97-24de-4884-b0db-eab0de4fd4c6/enabled'
12:57:01.337 [AsyncHttpClient-1-14] DEBUG org.asynchttpclient.netty.handler.HttpHandler - 

Request DefaultFullHttpRequest(decodeResult: success, version: HTTP/1.1, content: EmptyByteBufBE)
GET /session/c60b0abe8e7ea2dfda8f1a36e2ad7a5d/element/c7faac97-24de-4884-b0db-eab0de4fd4c6/enabled HTTP/1.1
User-Agent: selenium/4.1.2 (java windows)
Cache-Control: no-cache
Content-Type: application/json; charset=utf-8
host: localhost:58259
accept: */*

Response DefaultHttpResponse(decodeResult: success, version: HTTP/1.1)
HTTP/1.1 200 OK
Content-Type: application/json; charset=utf-8
cache-control: no-cache
content-length: 14

12:57:01.338 [AsyncHttpClient-1-14] DEBUG org.asynchttpclient.netty.channel.ChannelManager - Adding key: http://localhost:58259 for channel [id: 0x39aa75bf, L:/127.0.0.1:55337 - R:localhost/127.0.0.1:58259]
12:57:01.340 [Forwarding findElement on session c60b0abe8e7ea2dfda8f1a36e2ad7a5d to remote] DEBUG org.asynchttpclient.netty.request.NettyRequestSender - Using pooled Channel '[id: 0x39aa75bf, L:/127.0.0.1:55337 - R:localhost/127.0.0.1:58259]' for 'POST' to 'http://localhost:58259/session/c60b0abe8e7ea2dfda8f1a36e2ad7a5d/element'
12:57:01.340 [Forwarding findElement on session c60b0abe8e7ea2dfda8f1a36e2ad7a5d to remote] DEBUG org.asynchttpclient.netty.request.NettyRequestSender - Using open Channel [id: 0x39aa75bf, L:/127.0.0.1:55337 - R:localhost/127.0.0.1:58259] for POST '/session/c60b0abe8e7ea2dfda8f1a36e2ad7a5d/element'
12:57:01.346 [AsyncHttpClient-1-14] DEBUG org.asynchttpclient.netty.handler.HttpHandler - 

Request DefaultHttpRequest(decodeResult: success, version: HTTP/1.1)
POST /session/c60b0abe8e7ea2dfda8f1a36e2ad7a5d/element HTTP/1.1
User-Agent: selenium/4.1.2 (java windows)
Content-Length: 315
Content-Type: application/json; charset=utf-8
host: localhost:58259
accept: */*

Response DefaultHttpResponse(decodeResult: success, version: HTTP/1.1)
HTTP/1.1 200 OK
Content-Type: application/json; charset=utf-8
cache-control: no-cache
content-length: 88

12:57:01.346 [AsyncHttpClient-1-14] DEBUG org.asynchttpclient.netty.channel.ChannelManager - Adding key: http://localhost:58259 for channel [id: 0x39aa75bf, L:/127.0.0.1:55337 - R:localhost/127.0.0.1:58259]
12:57:01.347 [Forwarding clickElement on session c60b0abe8e7ea2dfda8f1a36e2ad7a5d to remote] DEBUG org.asynchttpclient.netty.request.NettyRequestSender - Using pooled Channel '[id: 0x39aa75bf, L:/127.0.0.1:55337 - R:localhost/127.0.0.1:58259]' for 'POST' to 'http://localhost:58259/session/c60b0abe8e7ea2dfda8f1a36e2ad7a5d/element/c7faac97-24de-4884-b0db-eab0de4fd4c6/click'
12:57:01.347 [Forwarding clickElement on session c60b0abe8e7ea2dfda8f1a36e2ad7a5d to remote] DEBUG org.asynchttpclient.netty.request.NettyRequestSender - Using open Channel [id: 0x39aa75bf, L:/127.0.0.1:55337 - R:localhost/127.0.0.1:58259] for POST '/session/c60b0abe8e7ea2dfda8f1a36e2ad7a5d/element/c7faac97-24de-4884-b0db-eab0de4fd4c6/click'
12:57:01.373 [AsyncHttpClient-1-1] DEBUG org.asynchttpclient.netty.channel.DefaultChannelPool - Entry count for : http://localhost:55339 : 1
12:57:01.432 [AsyncHttpClient-1-14] DEBUG org.asynchttpclient.netty.handler.HttpHandler - 

Request DefaultHttpRequest(decodeResult: success, version: HTTP/1.1)
POST /session/c60b0abe8e7ea2dfda8f1a36e2ad7a5d/element/c7faac97-24de-4884-b0db-eab0de4fd4c6/click HTTP/1.1
User-Agent: selenium/4.1.2 (java windows)
Content-Length: 50
Content-Type: application/json; charset=utf-8
host: localhost:58259
accept: */*

Response DefaultHttpResponse(decodeResult: success, version: HTTP/1.1)
HTTP/1.1 200 OK
Content-Type: application/json; charset=utf-8
cache-control: no-cache
content-length: 14

12:57:01.432 [AsyncHttpClient-1-14] DEBUG org.asynchttpclient.netty.channel.ChannelManager - Adding key: http://localhost:58259 for channel [id: 0x39aa75bf, L:/127.0.0.1:55337 - R:localhost/127.0.0.1:58259]
12:57:01.439 [Forwarding findElement on session c60b0abe8e7ea2dfda8f1a36e2ad7a5d to remote] DEBUG org.asynchttpclient.netty.request.NettyRequestSender - Using pooled Channel '[id: 0x39aa75bf, L:/127.0.0.1:55337 - R:localhost/127.0.0.1:58259]' for 'POST' to 'http://localhost:58259/session/c60b0abe8e7ea2dfda8f1a36e2ad7a5d/element'
12:57:01.439 [Forwarding findElement on session c60b0abe8e7ea2dfda8f1a36e2ad7a5d to remote] DEBUG org.asynchttpclient.netty.request.NettyRequestSender - Using open Channel [id: 0x39aa75bf, L:/127.0.0.1:55337 - R:localhost/127.0.0.1:58259] for POST '/session/c60b0abe8e7ea2dfda8f1a36e2ad7a5d/element'
12:57:01.454 [AsyncHttpClient-1-14] DEBUG org.asynchttpclient.netty.handler.HttpHandler - 

Request DefaultHttpRequest(decodeResult: success, version: HTTP/1.1)
POST /session/c60b0abe8e7ea2dfda8f1a36e2ad7a5d/element HTTP/1.1
User-Agent: selenium/4.1.2 (java windows)
Content-Length: 69
Content-Type: application/json; charset=utf-8
host: localhost:58259
accept: */*

Response DefaultHttpResponse(decodeResult: success, version: HTTP/1.1)
HTTP/1.1 200 OK
Content-Type: application/json; charset=utf-8
cache-control: no-cache
content-length: 88

12:57:01.455 [AsyncHttpClient-1-14] DEBUG org.asynchttpclient.netty.channel.ChannelManager - Adding key: http://localhost:58259 for channel [id: 0x39aa75bf, L:/127.0.0.1:55337 - R:localhost/127.0.0.1:58259]
12:57:01.459 [Forwarding clearElement on session c60b0abe8e7ea2dfda8f1a36e2ad7a5d to remote] DEBUG org.asynchttpclient.netty.request.NettyRequestSender - Using pooled Channel '[id: 0x39aa75bf, L:/127.0.0.1:55337 - R:localhost/127.0.0.1:58259]' for 'POST' to 'http://localhost:58259/session/c60b0abe8e7ea2dfda8f1a36e2ad7a5d/element/1cd12ce0-8c62-4dff-a464-6553bd262a72/clear'
12:57:01.459 [Forwarding clearElement on session c60b0abe8e7ea2dfda8f1a36e2ad7a5d to remote] DEBUG org.asynchttpclient.netty.request.NettyRequestSender - Using open Channel [id: 0x39aa75bf, L:/127.0.0.1:55337 - R:localhost/127.0.0.1:58259] for POST '/session/c60b0abe8e7ea2dfda8f1a36e2ad7a5d/element/1cd12ce0-8c62-4dff-a464-6553bd262a72/clear'
12:57:01.517 [AsyncHttpClient-1-14] DEBUG org.asynchttpclient.netty.handler.HttpHandler - 

Request DefaultHttpRequest(decodeResult: success, version: HTTP/1.1)
POST /session/c60b0abe8e7ea2dfda8f1a36e2ad7a5d/element/1cd12ce0-8c62-4dff-a464-6553bd262a72/clear HTTP/1.1
User-Agent: selenium/4.1.2 (java windows)
Content-Length: 50
Content-Type: application/json; charset=utf-8
host: localhost:58259
accept: */*

Response DefaultHttpResponse(decodeResult: success, version: HTTP/1.1)
HTTP/1.1 200 OK
Content-Type: application/json; charset=utf-8
cache-control: no-cache
content-length: 14

12:57:01.518 [AsyncHttpClient-1-14] DEBUG org.asynchttpclient.netty.channel.ChannelManager - Adding key: http://localhost:58259 for channel [id: 0x39aa75bf, L:/127.0.0.1:55337 - R:localhost/127.0.0.1:58259]
12:57:01.522 [Forwarding sendKeysToElement on session c60b0abe8e7ea2dfda8f1a36e2ad7a5d to remote] DEBUG org.asynchttpclient.netty.request.NettyRequestSender - Using pooled Channel '[id: 0x39aa75bf, L:/127.0.0.1:55337 - R:localhost/127.0.0.1:58259]' for 'POST' to 'http://localhost:58259/session/c60b0abe8e7ea2dfda8f1a36e2ad7a5d/element/1cd12ce0-8c62-4dff-a464-6553bd262a72/value'
12:57:01.522 [Forwarding sendKeysToElement on session c60b0abe8e7ea2dfda8f1a36e2ad7a5d to remote] DEBUG org.asynchttpclient.netty.request.NettyRequestSender - Using open Channel [id: 0x39aa75bf, L:/127.0.0.1:55337 - R:localhost/127.0.0.1:58259] for POST '/session/c60b0abe8e7ea2dfda8f1a36e2ad7a5d/element/1cd12ce0-8c62-4dff-a464-6553bd262a72/value'
12:57:01.720 [AsyncHttpClient-1-14] DEBUG org.asynchttpclient.netty.handler.HttpHandler - 

Request DefaultHttpRequest(decodeResult: success, version: HTTP/1.1)
POST /session/c60b0abe8e7ea2dfda8f1a36e2ad7a5d/element/1cd12ce0-8c62-4dff-a464-6553bd262a72/value HTTP/1.1
User-Agent: selenium/4.1.2 (java windows)
Content-Length: 411
Content-Type: application/json; charset=utf-8
host: localhost:58259
accept: */*

Response DefaultHttpResponse(decodeResult: success, version: HTTP/1.1)
HTTP/1.1 200 OK
Content-Type: application/json; charset=utf-8
cache-control: no-cache
content-length: 14

12:57:01.721 [AsyncHttpClient-1-14] DEBUG org.asynchttpclient.netty.channel.ChannelManager - Adding key: http://localhost:58259 for channel [id: 0x39aa75bf, L:/127.0.0.1:55337 - R:localhost/127.0.0.1:58259]
12:57:01.728 [Forwarding findElement on session c60b0abe8e7ea2dfda8f1a36e2ad7a5d to remote] DEBUG org.asynchttpclient.netty.request.NettyRequestSender - Using pooled Channel '[id: 0x39aa75bf, L:/127.0.0.1:55337 - R:localhost/127.0.0.1:58259]' for 'POST' to 'http://localhost:58259/session/c60b0abe8e7ea2dfda8f1a36e2ad7a5d/element'
12:57:01.728 [Forwarding findElement on session c60b0abe8e7ea2dfda8f1a36e2ad7a5d to remote] DEBUG org.asynchttpclient.netty.request.NettyRequestSender - Using open Channel [id: 0x39aa75bf, L:/127.0.0.1:55337 - R:localhost/127.0.0.1:58259] for POST '/session/c60b0abe8e7ea2dfda8f1a36e2ad7a5d/element'
12:57:01.739 [AsyncHttpClient-1-14] DEBUG org.asynchttpclient.netty.handler.HttpHandler - 

Request DefaultHttpRequest(decodeResult: success, version: HTTP/1.1)
POST /session/c60b0abe8e7ea2dfda8f1a36e2ad7a5d/element HTTP/1.1
User-Agent: selenium/4.1.2 (java windows)
Content-Length: 72
Content-Type: application/json; charset=utf-8
host: localhost:58259
accept: */*

Response DefaultHttpResponse(decodeResult: success, version: HTTP/1.1)
HTTP/1.1 200 OK
Content-Type: application/json; charset=utf-8
cache-control: no-cache
content-length: 88

12:57:01.739 [AsyncHttpClient-1-14] DEBUG org.asynchttpclient.netty.channel.ChannelManager - Adding key: http://localhost:58259 for channel [id: 0x39aa75bf, L:/127.0.0.1:55337 - R:localhost/127.0.0.1:58259]
12:57:01.741 [Forwarding clearElement on session c60b0abe8e7ea2dfda8f1a36e2ad7a5d to remote] DEBUG org.asynchttpclient.netty.request.NettyRequestSender - Using pooled Channel '[id: 0x39aa75bf, L:/127.0.0.1:55337 - R:localhost/127.0.0.1:58259]' for 'POST' to 'http://localhost:58259/session/c60b0abe8e7ea2dfda8f1a36e2ad7a5d/element/10e4cf4d-7d80-4f82-8e68-c36460bedbb4/clear'
12:57:01.741 [Forwarding clearElement on session c60b0abe8e7ea2dfda8f1a36e2ad7a5d to remote] DEBUG org.asynchttpclient.netty.request.NettyRequestSender - Using open Channel [id: 0x39aa75bf, L:/127.0.0.1:55337 - R:localhost/127.0.0.1:58259] for POST '/session/c60b0abe8e7ea2dfda8f1a36e2ad7a5d/element/10e4cf4d-7d80-4f82-8e68-c36460bedbb4/clear'
12:57:01.782 [AsyncHttpClient-1-14] DEBUG org.asynchttpclient.netty.handler.HttpHandler - 

Request DefaultHttpRequest(decodeResult: success, version: HTTP/1.1)
POST /session/c60b0abe8e7ea2dfda8f1a36e2ad7a5d/element/10e4cf4d-7d80-4f82-8e68-c36460bedbb4/clear HTTP/1.1
User-Agent: selenium/4.1.2 (java windows)
Content-Length: 50
Content-Type: application/json; charset=utf-8
host: localhost:58259
accept: */*

Response DefaultHttpResponse(decodeResult: success, version: HTTP/1.1)
HTTP/1.1 200 OK
Content-Type: application/json; charset=utf-8
cache-control: no-cache
content-length: 14

12:57:01.783 [AsyncHttpClient-1-14] DEBUG org.asynchttpclient.netty.channel.ChannelManager - Adding key: http://localhost:58259 for channel [id: 0x39aa75bf, L:/127.0.0.1:55337 - R:localhost/127.0.0.1:58259]
12:57:01.788 [Forwarding sendKeysToElement on session c60b0abe8e7ea2dfda8f1a36e2ad7a5d to remote] DEBUG org.asynchttpclient.netty.request.NettyRequestSender - Using pooled Channel '[id: 0x39aa75bf, L:/127.0.0.1:55337 - R:localhost/127.0.0.1:58259]' for 'POST' to 'http://localhost:58259/session/c60b0abe8e7ea2dfda8f1a36e2ad7a5d/element/10e4cf4d-7d80-4f82-8e68-c36460bedbb4/value'
12:57:01.788 [Forwarding sendKeysToElement on session c60b0abe8e7ea2dfda8f1a36e2ad7a5d to remote] DEBUG org.asynchttpclient.netty.request.NettyRequestSender - Using open Channel [id: 0x39aa75bf, L:/127.0.0.1:55337 - R:localhost/127.0.0.1:58259] for POST '/session/c60b0abe8e7ea2dfda8f1a36e2ad7a5d/element/10e4cf4d-7d80-4f82-8e68-c36460bedbb4/value'
12:57:01.903 [AsyncHttpClient-1-14] DEBUG org.asynchttpclient.netty.handler.HttpHandler - 

Request DefaultHttpRequest(decodeResult: success, version: HTTP/1.1)
POST /session/c60b0abe8e7ea2dfda8f1a36e2ad7a5d/element/10e4cf4d-7d80-4f82-8e68-c36460bedbb4/value HTTP/1.1
User-Agent: selenium/4.1.2 (java windows)
Content-Length: 241
Content-Type: application/json; charset=utf-8
host: localhost:58259
accept: */*

Response DefaultHttpResponse(decodeResult: success, version: HTTP/1.1)
HTTP/1.1 200 OK
Content-Type: application/json; charset=utf-8
cache-control: no-cache
content-length: 14

12:57:01.903 [AsyncHttpClient-1-14] DEBUG org.asynchttpclient.netty.channel.ChannelManager - Adding key: http://localhost:58259 for channel [id: 0x39aa75bf, L:/127.0.0.1:55337 - R:localhost/127.0.0.1:58259]
12:57:01.911 [Forwarding findElement on session c60b0abe8e7ea2dfda8f1a36e2ad7a5d to remote] DEBUG org.asynchttpclient.netty.request.NettyRequestSender - Using pooled Channel '[id: 0x39aa75bf, L:/127.0.0.1:55337 - R:localhost/127.0.0.1:58259]' for 'POST' to 'http://localhost:58259/session/c60b0abe8e7ea2dfda8f1a36e2ad7a5d/element'
12:57:01.911 [Forwarding findElement on session c60b0abe8e7ea2dfda8f1a36e2ad7a5d to remote] DEBUG org.asynchttpclient.netty.request.NettyRequestSender - Using open Channel [id: 0x39aa75bf, L:/127.0.0.1:55337 - R:localhost/127.0.0.1:58259] for POST '/session/c60b0abe8e7ea2dfda8f1a36e2ad7a5d/element'
12:57:01.925 [AsyncHttpClient-1-14] DEBUG org.asynchttpclient.netty.handler.HttpHandler - 

Request DefaultHttpRequest(decodeResult: success, version: HTTP/1.1)
POST /session/c60b0abe8e7ea2dfda8f1a36e2ad7a5d/element HTTP/1.1
User-Agent: selenium/4.1.2 (java windows)
Content-Length: 321
Content-Type: application/json; charset=utf-8
host: localhost:58259
accept: */*

Response DefaultHttpResponse(decodeResult: success, version: HTTP/1.1)
HTTP/1.1 200 OK
Content-Type: application/json; charset=utf-8
cache-control: no-cache
content-length: 88

12:57:01.925 [AsyncHttpClient-1-14] DEBUG org.asynchttpclient.netty.channel.ChannelManager - Adding key: http://localhost:58259 for channel [id: 0x39aa75bf, L:/127.0.0.1:55337 - R:localhost/127.0.0.1:58259]
12:57:01.928 [Forwarding getElementTagName on session c60b0abe8e7ea2dfda8f1a36e2ad7a5d to remote] DEBUG org.asynchttpclient.netty.request.NettyRequestSender - Using pooled Channel '[id: 0x39aa75bf, L:/127.0.0.1:55337 - R:localhost/127.0.0.1:58259]' for 'GET' to 'http://localhost:58259/session/c60b0abe8e7ea2dfda8f1a36e2ad7a5d/element/a731d921-7f08-4b18-937e-686460a7033d/name'
12:57:01.928 [Forwarding getElementTagName on session c60b0abe8e7ea2dfda8f1a36e2ad7a5d to remote] DEBUG org.asynchttpclient.netty.request.NettyRequestSender - Using open Channel [id: 0x39aa75bf, L:/127.0.0.1:55337 - R:localhost/127.0.0.1:58259] for GET '/session/c60b0abe8e7ea2dfda8f1a36e2ad7a5d/element/a731d921-7f08-4b18-937e-686460a7033d/name'
12:57:01.931 [AsyncHttpClient-1-14] DEBUG org.asynchttpclient.netty.handler.HttpHandler - 

Request DefaultFullHttpRequest(decodeResult: success, version: HTTP/1.1, content: EmptyByteBufBE)
GET /session/c60b0abe8e7ea2dfda8f1a36e2ad7a5d/element/a731d921-7f08-4b18-937e-686460a7033d/name HTTP/1.1
User-Agent: selenium/4.1.2 (java windows)
Cache-Control: no-cache
Content-Type: application/json; charset=utf-8
host: localhost:58259
accept: */*

Response DefaultHttpResponse(decodeResult: success, version: HTTP/1.1)
HTTP/1.1 200 OK
Content-Type: application/json; charset=utf-8
cache-control: no-cache
content-length: 18

12:57:01.932 [AsyncHttpClient-1-14] DEBUG org.asynchttpclient.netty.channel.ChannelManager - Adding key: http://localhost:58259 for channel [id: 0x39aa75bf, L:/127.0.0.1:55337 - R:localhost/127.0.0.1:58259]
12:57:01.934 [Forwarding getElementTagName on session c60b0abe8e7ea2dfda8f1a36e2ad7a5d to remote] DEBUG org.asynchttpclient.netty.request.NettyRequestSender - Using pooled Channel '[id: 0x39aa75bf, L:/127.0.0.1:55337 - R:localhost/127.0.0.1:58259]' for 'GET' to 'http://localhost:58259/session/c60b0abe8e7ea2dfda8f1a36e2ad7a5d/element/a731d921-7f08-4b18-937e-686460a7033d/name'
12:57:01.934 [Forwarding getElementTagName on session c60b0abe8e7ea2dfda8f1a36e2ad7a5d to remote] DEBUG org.asynchttpclient.netty.request.NettyRequestSender - Using open Channel [id: 0x39aa75bf, L:/127.0.0.1:55337 - R:localhost/127.0.0.1:58259] for GET '/session/c60b0abe8e7ea2dfda8f1a36e2ad7a5d/element/a731d921-7f08-4b18-937e-686460a7033d/name'
12:57:01.937 [AsyncHttpClient-1-14] DEBUG org.asynchttpclient.netty.handler.HttpHandler - 

Request DefaultFullHttpRequest(decodeResult: success, version: HTTP/1.1, content: EmptyByteBufBE)
GET /session/c60b0abe8e7ea2dfda8f1a36e2ad7a5d/element/a731d921-7f08-4b18-937e-686460a7033d/name HTTP/1.1
User-Agent: selenium/4.1.2 (java windows)
Cache-Control: no-cache
Content-Type: application/json; charset=utf-8
host: localhost:58259
accept: */*

Response DefaultHttpResponse(decodeResult: success, version: HTTP/1.1)
HTTP/1.1 200 OK
Content-Type: application/json; charset=utf-8
cache-control: no-cache
content-length: 18

12:57:01.938 [AsyncHttpClient-1-14] DEBUG org.asynchttpclient.netty.channel.ChannelManager - Adding key: http://localhost:58259 for channel [id: 0x39aa75bf, L:/127.0.0.1:55337 - R:localhost/127.0.0.1:58259]
12:57:01.943 [Forwarding isElementEnabled on session c60b0abe8e7ea2dfda8f1a36e2ad7a5d to remote] DEBUG org.asynchttpclient.netty.request.NettyRequestSender - Using pooled Channel '[id: 0x39aa75bf, L:/127.0.0.1:55337 - R:localhost/127.0.0.1:58259]' for 'GET' to 'http://localhost:58259/session/c60b0abe8e7ea2dfda8f1a36e2ad7a5d/element/a731d921-7f08-4b18-937e-686460a7033d/enabled'
12:57:01.943 [Forwarding isElementEnabled on session c60b0abe8e7ea2dfda8f1a36e2ad7a5d to remote] DEBUG org.asynchttpclient.netty.request.NettyRequestSender - Using open Channel [id: 0x39aa75bf, L:/127.0.0.1:55337 - R:localhost/127.0.0.1:58259] for GET '/session/c60b0abe8e7ea2dfda8f1a36e2ad7a5d/element/a731d921-7f08-4b18-937e-686460a7033d/enabled'
12:57:01.951 [AsyncHttpClient-1-14] DEBUG org.asynchttpclient.netty.handler.HttpHandler - 

Request DefaultFullHttpRequest(decodeResult: success, version: HTTP/1.1, content: EmptyByteBufBE)
GET /session/c60b0abe8e7ea2dfda8f1a36e2ad7a5d/element/a731d921-7f08-4b18-937e-686460a7033d/enabled HTTP/1.1
User-Agent: selenium/4.1.2 (java windows)
Cache-Control: no-cache
Content-Type: application/json; charset=utf-8
host: localhost:58259
accept: */*

Response DefaultHttpResponse(decodeResult: success, version: HTTP/1.1)
HTTP/1.1 200 OK
Content-Type: application/json; charset=utf-8
cache-control: no-cache
content-length: 14

12:57:01.952 [AsyncHttpClient-1-14] DEBUG org.asynchttpclient.netty.channel.ChannelManager - Adding key: http://localhost:58259 for channel [id: 0x39aa75bf, L:/127.0.0.1:55337 - R:localhost/127.0.0.1:58259]
12:57:01.953 [Forwarding isElementEnabled on session c60b0abe8e7ea2dfda8f1a36e2ad7a5d to remote] DEBUG org.asynchttpclient.netty.request.NettyRequestSender - Using pooled Channel '[id: 0x39aa75bf, L:/127.0.0.1:55337 - R:localhost/127.0.0.1:58259]' for 'GET' to 'http://localhost:58259/session/c60b0abe8e7ea2dfda8f1a36e2ad7a5d/element/a731d921-7f08-4b18-937e-686460a7033d/enabled'
12:57:01.953 [Forwarding isElementEnabled on session c60b0abe8e7ea2dfda8f1a36e2ad7a5d to remote] DEBUG org.asynchttpclient.netty.request.NettyRequestSender - Using open Channel [id: 0x39aa75bf, L:/127.0.0.1:55337 - R:localhost/127.0.0.1:58259] for GET '/session/c60b0abe8e7ea2dfda8f1a36e2ad7a5d/element/a731d921-7f08-4b18-937e-686460a7033d/enabled'
12:57:01.957 [AsyncHttpClient-1-14] DEBUG org.asynchttpclient.netty.handler.HttpHandler - 

Request DefaultFullHttpRequest(decodeResult: success, version: HTTP/1.1, content: EmptyByteBufBE)
GET /session/c60b0abe8e7ea2dfda8f1a36e2ad7a5d/element/a731d921-7f08-4b18-937e-686460a7033d/enabled HTTP/1.1
User-Agent: selenium/4.1.2 (java windows)
Cache-Control: no-cache
Content-Type: application/json; charset=utf-8
host: localhost:58259
accept: */*

Response DefaultHttpResponse(decodeResult: success, version: HTTP/1.1)
HTTP/1.1 200 OK
Content-Type: application/json; charset=utf-8
cache-control: no-cache
content-length: 14

12:57:01.957 [AsyncHttpClient-1-14] DEBUG org.asynchttpclient.netty.channel.ChannelManager - Adding key: http://localhost:58259 for channel [id: 0x39aa75bf, L:/127.0.0.1:55337 - R:localhost/127.0.0.1:58259]
12:57:01.959 [Forwarding findElement on session c60b0abe8e7ea2dfda8f1a36e2ad7a5d to remote] DEBUG org.asynchttpclient.netty.request.NettyRequestSender - Using pooled Channel '[id: 0x39aa75bf, L:/127.0.0.1:55337 - R:localhost/127.0.0.1:58259]' for 'POST' to 'http://localhost:58259/session/c60b0abe8e7ea2dfda8f1a36e2ad7a5d/element'
12:57:01.959 [Forwarding findElement on session c60b0abe8e7ea2dfda8f1a36e2ad7a5d to remote] DEBUG org.asynchttpclient.netty.request.NettyRequestSender - Using open Channel [id: 0x39aa75bf, L:/127.0.0.1:55337 - R:localhost/127.0.0.1:58259] for POST '/session/c60b0abe8e7ea2dfda8f1a36e2ad7a5d/element'
12:57:01.971 [AsyncHttpClient-1-14] DEBUG org.asynchttpclient.netty.handler.HttpHandler - 

Request DefaultHttpRequest(decodeResult: success, version: HTTP/1.1)
POST /session/c60b0abe8e7ea2dfda8f1a36e2ad7a5d/element HTTP/1.1
User-Agent: selenium/4.1.2 (java windows)
Content-Length: 321
Content-Type: application/json; charset=utf-8
host: localhost:58259
accept: */*

Response DefaultHttpResponse(decodeResult: success, version: HTTP/1.1)
HTTP/1.1 200 OK
Content-Type: application/json; charset=utf-8
cache-control: no-cache
content-length: 88

12:57:01.972 [AsyncHttpClient-1-14] DEBUG org.asynchttpclient.netty.channel.ChannelManager - Adding key: http://localhost:58259 for channel [id: 0x39aa75bf, L:/127.0.0.1:55337 - R:localhost/127.0.0.1:58259]
12:57:01.973 [Forwarding clickElement on session c60b0abe8e7ea2dfda8f1a36e2ad7a5d to remote] DEBUG org.asynchttpclient.netty.request.NettyRequestSender - Using pooled Channel '[id: 0x39aa75bf, L:/127.0.0.1:55337 - R:localhost/127.0.0.1:58259]' for 'POST' to 'http://localhost:58259/session/c60b0abe8e7ea2dfda8f1a36e2ad7a5d/element/a731d921-7f08-4b18-937e-686460a7033d/click'
12:57:01.973 [Forwarding clickElement on session c60b0abe8e7ea2dfda8f1a36e2ad7a5d to remote] DEBUG org.asynchttpclient.netty.request.NettyRequestSender - Using open Channel [id: 0x39aa75bf, L:/127.0.0.1:55337 - R:localhost/127.0.0.1:58259] for POST '/session/c60b0abe8e7ea2dfda8f1a36e2ad7a5d/element/a731d921-7f08-4b18-937e-686460a7033d/click'
12:57:02.025 [AsyncHttpClient-1-14] DEBUG org.asynchttpclient.netty.handler.HttpHandler - 

Request DefaultHttpRequest(decodeResult: success, version: HTTP/1.1)
POST /session/c60b0abe8e7ea2dfda8f1a36e2ad7a5d/element/a731d921-7f08-4b18-937e-686460a7033d/click HTTP/1.1
User-Agent: selenium/4.1.2 (java windows)
Content-Length: 50
Content-Type: application/json; charset=utf-8
host: localhost:58259
accept: */*

Response DefaultHttpResponse(decodeResult: success, version: HTTP/1.1)
HTTP/1.1 200 OK
Content-Type: application/json; charset=utf-8
cache-control: no-cache
content-length: 14

12:57:02.026 [AsyncHttpClient-1-14] DEBUG org.asynchttpclient.netty.channel.ChannelManager - Adding key: http://localhost:58259 for channel [id: 0x39aa75bf, L:/127.0.0.1:55337 - R:localhost/127.0.0.1:58259]
  &amp#27;[32mAnd &amp#27;[0m&amp#27;[32mI have logged in&amp#27;[0m                                &amp#27;[90m# starter.stepdefinitions.ManageVaccinationBookingsSteps.iHaveLoggedIn()&amp#27;[0m
12:57:02.038 [Forwarding screenshot on session c60b0abe8e7ea2dfda8f1a36e2ad7a5d to remote] DEBUG org.asynchttpclient.netty.request.NettyRequestSender - Using pooled Channel '[id: 0x39aa75bf, L:/127.0.0.1:55337 - R:localhost/127.0.0.1:58259]' for 'GET' to 'http://localhost:58259/session/c60b0abe8e7ea2dfda8f1a36e2ad7a5d/screenshot'
12:57:02.038 [Forwarding screenshot on session c60b0abe8e7ea2dfda8f1a36e2ad7a5d to remote] DEBUG org.asynchttpclient.netty.request.NettyRequestSender - Using open Channel [id: 0x39aa75bf, L:/127.0.0.1:55337 - R:localhost/127.0.0.1:58259] for GET '/session/c60b0abe8e7ea2dfda8f1a36e2ad7a5d/screenshot'
12:57:02.230 [AsyncHttpClient-1-14] DEBUG org.asynchttpclient.netty.handler.HttpHandler - 

Request DefaultFullHttpRequest(decodeResult: success, version: HTTP/1.1, content: EmptyByteBufBE)
GET /session/c60b0abe8e7ea2dfda8f1a36e2ad7a5d/screenshot HTTP/1.1
User-Agent: selenium/4.1.2 (java windows)
Cache-Control: no-cache
Content-Type: application/json; charset=utf-8
host: localhost:58259
accept: */*

Response DefaultHttpResponse(decodeResult: success, version: HTTP/1.1)
HTTP/1.1 200 OK
Content-Type: application/json; charset=utf-8
cache-control: no-cache
content-length: 115964

12:57:02.230 [AsyncHttpClient-1-14] DEBUG org.asynchttpclient.netty.channel.ChannelManager - Adding key: http://localhost:58259 for channel [id: 0x39aa75bf, L:/127.0.0.1:55337 - R:localhost/127.0.0.1:58259]
12:57:02.234 [main] DEBUG net.serenitybdd.core.photography.Darkroom - Send negative for processing for target\site\serenity\5ef34c246ec32a6a382f676a73f25c735dc9c5d36a2872b51b8f50979f0f8957.png
12:57:02.235 [Darkroom Processing Line] DEBUG net.serenitybdd.core.photography.DarkroomProcessingLine - Processing screenshot image in /var/screenshots/screenshot-838943467772172569
12:57:02.235 [Darkroom Processing Line] DEBUG net.serenitybdd.core.photography.DarkroomProcessingLine - Saving screenshot to target\site\serenity\5ef34c246ec32a6a382f676a73f25c735dc9c5d36a2872b51b8f50979f0f8957.png
12:57:02.244 [Forwarding findElement on session c60b0abe8e7ea2dfda8f1a36e2ad7a5d to remote] DEBUG org.asynchttpclient.netty.request.NettyRequestSender - Using pooled Channel '[id: 0x39aa75bf, L:/127.0.0.1:55337 - R:localhost/127.0.0.1:58259]' for 'POST' to 'http://localhost:58259/session/c60b0abe8e7ea2dfda8f1a36e2ad7a5d/element'
12:57:02.244 [Forwarding findElement on session c60b0abe8e7ea2dfda8f1a36e2ad7a5d to remote] DEBUG org.asynchttpclient.netty.request.NettyRequestSender - Using open Channel [id: 0x39aa75bf, L:/127.0.0.1:55337 - R:localhost/127.0.0.1:58259] for POST '/session/c60b0abe8e7ea2dfda8f1a36e2ad7a5d/element'
12:57:02.473 [AsyncHttpClient-1-1] DEBUG org.asynchttpclient.netty.channel.DefaultChannelPool - Entry count for : http://localhost:55339 : 1
12:57:02.539 [AsyncHttpClient-1-14] DEBUG org.asynchttpclient.netty.handler.HttpHandler - 

Request DefaultHttpRequest(decodeResult: success, version: HTTP/1.1)
POST /session/c60b0abe8e7ea2dfda8f1a36e2ad7a5d/element HTTP/1.1
User-Agent: selenium/4.1.2 (java windows)
Content-Length: 80
Content-Type: application/json; charset=utf-8
host: localhost:58259
accept: */*

Response DefaultHttpResponse(decodeResult: success, version: HTTP/1.1)
HTTP/1.1 200 OK
Content-Type: application/json; charset=utf-8
cache-control: no-cache
content-length: 88

12:57:02.539 [AsyncHttpClient-1-14] DEBUG org.asynchttpclient.netty.channel.ChannelManager - Adding key: http://localhost:58259 for channel [id: 0x39aa75bf, L:/127.0.0.1:55337 - R:localhost/127.0.0.1:58259]
12:57:02.540 [Forwarding getElementTagName on session c60b0abe8e7ea2dfda8f1a36e2ad7a5d to remote] DEBUG org.asynchttpclient.netty.request.NettyRequestSender - Using pooled Channel '[id: 0x39aa75bf, L:/127.0.0.1:55337 - R:localhost/127.0.0.1:58259]' for 'GET' to 'http://localhost:58259/session/c60b0abe8e7ea2dfda8f1a36e2ad7a5d/element/2551b7c3-3f0f-454f-bf7b-ed8af2fe3375/name'
12:57:02.540 [Forwarding getElementTagName on session c60b0abe8e7ea2dfda8f1a36e2ad7a5d to remote] DEBUG org.asynchttpclient.netty.request.NettyRequestSender - Using open Channel [id: 0x39aa75bf, L:/127.0.0.1:55337 - R:localhost/127.0.0.1:58259] for GET '/session/c60b0abe8e7ea2dfda8f1a36e2ad7a5d/element/2551b7c3-3f0f-454f-bf7b-ed8af2fe3375/name'
12:57:02.545 [AsyncHttpClient-1-14] DEBUG org.asynchttpclient.netty.handler.HttpHandler - 

Request DefaultFullHttpRequest(decodeResult: success, version: HTTP/1.1, content: EmptyByteBufBE)
GET /session/c60b0abe8e7ea2dfda8f1a36e2ad7a5d/element/2551b7c3-3f0f-454f-bf7b-ed8af2fe3375/name HTTP/1.1
User-Agent: selenium/4.1.2 (java windows)
Cache-Control: no-cache
Content-Type: application/json; charset=utf-8
host: localhost:58259
accept: */*

Response DefaultHttpResponse(decodeResult: success, version: HTTP/1.1)
HTTP/1.1 200 OK
Content-Type: application/json; charset=utf-8
cache-control: no-cache
content-length: 13

12:57:02.545 [AsyncHttpClient-1-14] DEBUG org.asynchttpclient.netty.channel.ChannelManager - Adding key: http://localhost:58259 for channel [id: 0x39aa75bf, L:/127.0.0.1:55337 - R:localhost/127.0.0.1:58259]
12:57:02.546 [Forwarding getElementTagName on session c60b0abe8e7ea2dfda8f1a36e2ad7a5d to remote] DEBUG org.asynchttpclient.netty.request.NettyRequestSender - Using pooled Channel '[id: 0x39aa75bf, L:/127.0.0.1:55337 - R:localhost/127.0.0.1:58259]' for 'GET' to 'http://localhost:58259/session/c60b0abe8e7ea2dfda8f1a36e2ad7a5d/element/2551b7c3-3f0f-454f-bf7b-ed8af2fe3375/name'
12:57:02.546 [Forwarding getElementTagName on session c60b0abe8e7ea2dfda8f1a36e2ad7a5d to remote] DEBUG org.asynchttpclient.netty.request.NettyRequestSender - Using open Channel [id: 0x39aa75bf, L:/127.0.0.1:55337 - R:localhost/127.0.0.1:58259] for GET '/session/c60b0abe8e7ea2dfda8f1a36e2ad7a5d/element/2551b7c3-3f0f-454f-bf7b-ed8af2fe3375/name'
12:57:02.549 [AsyncHttpClient-1-14] DEBUG org.asynchttpclient.netty.handler.HttpHandler - 

Request DefaultFullHttpRequest(decodeResult: success, version: HTTP/1.1, content: EmptyByteBufBE)
GET /session/c60b0abe8e7ea2dfda8f1a36e2ad7a5d/element/2551b7c3-3f0f-454f-bf7b-ed8af2fe3375/name HTTP/1.1
User-Agent: selenium/4.1.2 (java windows)
Cache-Control: no-cache
Content-Type: application/json; charset=utf-8
host: localhost:58259
accept: */*

Response DefaultHttpResponse(decodeResult: success, version: HTTP/1.1)
HTTP/1.1 200 OK
Content-Type: application/json; charset=utf-8
cache-control: no-cache
content-length: 13

12:57:02.549 [AsyncHttpClient-1-14] DEBUG org.asynchttpclient.netty.channel.ChannelManager - Adding key: http://localhost:58259 for channel [id: 0x39aa75bf, L:/127.0.0.1:55337 - R:localhost/127.0.0.1:58259]
12:57:02.552 [Forwarding findElement on session c60b0abe8e7ea2dfda8f1a36e2ad7a5d to remote] DEBUG org.asynchttpclient.netty.request.NettyRequestSender - Using pooled Channel '[id: 0x39aa75bf, L:/127.0.0.1:55337 - R:localhost/127.0.0.1:58259]' for 'POST' to 'http://localhost:58259/session/c60b0abe8e7ea2dfda8f1a36e2ad7a5d/element'
12:57:02.552 [Forwarding findElement on session c60b0abe8e7ea2dfda8f1a36e2ad7a5d to remote] DEBUG org.asynchttpclient.netty.request.NettyRequestSender - Using open Channel [id: 0x39aa75bf, L:/127.0.0.1:55337 - R:localhost/127.0.0.1:58259] for POST '/session/c60b0abe8e7ea2dfda8f1a36e2ad7a5d/element'
12:57:02.559 [AsyncHttpClient-1-14] DEBUG org.asynchttpclient.netty.handler.HttpHandler - 

Request DefaultHttpRequest(decodeResult: success, version: HTTP/1.1)
POST /session/c60b0abe8e7ea2dfda8f1a36e2ad7a5d/element HTTP/1.1
User-Agent: selenium/4.1.2 (java windows)
Content-Length: 80
Content-Type: application/json; charset=utf-8
host: localhost:58259
accept: */*

Response DefaultHttpResponse(decodeResult: success, version: HTTP/1.1)
HTTP/1.1 200 OK
Content-Type: application/json; charset=utf-8
cache-control: no-cache
content-length: 88

12:57:02.559 [AsyncHttpClient-1-14] DEBUG org.asynchttpclient.netty.channel.ChannelManager - Adding key: http://localhost:58259 for channel [id: 0x39aa75bf, L:/127.0.0.1:55337 - R:localhost/127.0.0.1:58259]
12:57:02.560 [Forwarding clickElement on session c60b0abe8e7ea2dfda8f1a36e2ad7a5d to remote] DEBUG org.asynchttpclient.netty.request.NettyRequestSender - Using pooled Channel '[id: 0x39aa75bf, L:/127.0.0.1:55337 - R:localhost/127.0.0.1:58259]' for 'POST' to 'http://localhost:58259/session/c60b0abe8e7ea2dfda8f1a36e2ad7a5d/element/2551b7c3-3f0f-454f-bf7b-ed8af2fe3375/click'
12:57:02.560 [Forwarding clickElement on session c60b0abe8e7ea2dfda8f1a36e2ad7a5d to remote] DEBUG org.asynchttpclient.netty.request.NettyRequestSender - Using open Channel [id: 0x39aa75bf, L:/127.0.0.1:55337 - R:localhost/127.0.0.1:58259] for POST '/session/c60b0abe8e7ea2dfda8f1a36e2ad7a5d/element/2551b7c3-3f0f-454f-bf7b-ed8af2fe3375/click'
12:57:02.658 [AsyncHttpClient-1-14] DEBUG org.asynchttpclient.netty.handler.HttpHandler - 

Request DefaultHttpRequest(decodeResult: success, version: HTTP/1.1)
POST /session/c60b0abe8e7ea2dfda8f1a36e2ad7a5d/element/2551b7c3-3f0f-454f-bf7b-ed8af2fe3375/click HTTP/1.1
User-Agent: selenium/4.1.2 (java windows)
Content-Length: 50
Content-Type: application/json; charset=utf-8
host: localhost:58259
accept: */*

Response DefaultHttpResponse(decodeResult: success, version: HTTP/1.1)
HTTP/1.1 200 OK
Content-Type: application/json; charset=utf-8
cache-control: no-cache
content-length: 14

12:57:02.659 [AsyncHttpClient-1-14] DEBUG org.asynchttpclient.netty.channel.ChannelManager - Adding key: http://localhost:58259 for channel [id: 0x39aa75bf, L:/127.0.0.1:55337 - R:localhost/127.0.0.1:58259]
  &amp#27;[32mWhen &amp#27;[0m&amp#27;[32mI go to Book Vaksinasi page&amp#27;[0m                    &amp#27;[90m# starter.stepdefinitions.ManageVaccinationBookingsSteps.iGoToBookVaksinasiPage()&amp#27;[0m
12:57:02.666 [Forwarding screenshot on session c60b0abe8e7ea2dfda8f1a36e2ad7a5d to remote] DEBUG org.asynchttpclient.netty.request.NettyRequestSender - Using pooled Channel '[id: 0x39aa75bf, L:/127.0.0.1:55337 - R:localhost/127.0.0.1:58259]' for 'GET' to 'http://localhost:58259/session/c60b0abe8e7ea2dfda8f1a36e2ad7a5d/screenshot'
12:57:02.666 [Forwarding screenshot on session c60b0abe8e7ea2dfda8f1a36e2ad7a5d to remote] DEBUG org.asynchttpclient.netty.request.NettyRequestSender - Using open Channel [id: 0x39aa75bf, L:/127.0.0.1:55337 - R:localhost/127.0.0.1:58259] for GET '/session/c60b0abe8e7ea2dfda8f1a36e2ad7a5d/screenshot'
12:57:02.833 [AsyncHttpClient-1-14] DEBUG org.asynchttpclient.netty.handler.HttpHandler - 

Request DefaultFullHttpRequest(decodeResult: success, version: HTTP/1.1, content: EmptyByteBufBE)
GET /session/c60b0abe8e7ea2dfda8f1a36e2ad7a5d/screenshot HTTP/1.1
User-Agent: selenium/4.1.2 (java windows)
Cache-Control: no-cache
Content-Type: application/json; charset=utf-8
host: localhost:58259
accept: */*

Response DefaultHttpResponse(decodeResult: success, version: HTTP/1.1)
HTTP/1.1 200 OK
Content-Type: application/json; charset=utf-8
cache-control: no-cache
content-length: 107584

12:57:02.833 [AsyncHttpClient-1-14] DEBUG org.asynchttpclient.netty.channel.ChannelManager - Adding key: http://localhost:58259 for channel [id: 0x39aa75bf, L:/127.0.0.1:55337 - R:localhost/127.0.0.1:58259]
12:57:02.837 [main] DEBUG net.serenitybdd.core.photography.Darkroom - Send negative for processing for target\site\serenity\1720d7341ce2a1d9900865be027af651ba3e7e277b45e45afbe95a95a10cacd4.png
12:57:02.838 [Darkroom Processing Line] DEBUG net.serenitybdd.core.photography.DarkroomProcessingLine - Processing screenshot image in /var/screenshots/screenshot-10086876116570505532
12:57:02.838 [Darkroom Processing Line] DEBUG net.serenitybdd.core.photography.DarkroomProcessingLine - Saving screenshot to target\site\serenity\1720d7341ce2a1d9900865be027af651ba3e7e277b45e45afbe95a95a10cacd4.png
12:57:02.844 [Forwarding findElement on session c60b0abe8e7ea2dfda8f1a36e2ad7a5d to remote] DEBUG org.asynchttpclient.netty.request.NettyRequestSender - Using pooled Channel '[id: 0x39aa75bf, L:/127.0.0.1:55337 - R:localhost/127.0.0.1:58259]' for 'POST' to 'http://localhost:58259/session/c60b0abe8e7ea2dfda8f1a36e2ad7a5d/element'
12:57:02.844 [Forwarding findElement on session c60b0abe8e7ea2dfda8f1a36e2ad7a5d to remote] DEBUG org.asynchttpclient.netty.request.NettyRequestSender - Using open Channel [id: 0x39aa75bf, L:/127.0.0.1:55337 - R:localhost/127.0.0.1:58259] for POST '/session/c60b0abe8e7ea2dfda8f1a36e2ad7a5d/element'
12:57:02.854 [AsyncHttpClient-1-14] DEBUG org.asynchttpclient.netty.handler.HttpHandler - 

Request DefaultHttpRequest(decodeResult: success, version: HTTP/1.1)
POST /session/c60b0abe8e7ea2dfda8f1a36e2ad7a5d/element HTTP/1.1
User-Agent: selenium/4.1.2 (java windows)
Content-Length: 161
Content-Type: application/json; charset=utf-8
host: localhost:58259
accept: */*

Response DefaultHttpResponse(decodeResult: success, version: HTTP/1.1)
HTTP/1.1 200 OK
Content-Type: application/json; charset=utf-8
cache-control: no-cache
content-length: 88

12:57:02.854 [AsyncHttpClient-1-14] DEBUG org.asynchttpclient.netty.channel.ChannelManager - Adding key: http://localhost:58259 for channel [id: 0x39aa75bf, L:/127.0.0.1:55337 - R:localhost/127.0.0.1:58259]
12:57:02.856 [Forwarding getElementTagName on session c60b0abe8e7ea2dfda8f1a36e2ad7a5d to remote] DEBUG org.asynchttpclient.netty.request.NettyRequestSender - Using pooled Channel '[id: 0x39aa75bf, L:/127.0.0.1:55337 - R:localhost/127.0.0.1:58259]' for 'GET' to 'http://localhost:58259/session/c60b0abe8e7ea2dfda8f1a36e2ad7a5d/element/2454a2f5-9ab4-4b52-b177-6ae1ffae2cac/name'
12:57:02.856 [Forwarding getElementTagName on session c60b0abe8e7ea2dfda8f1a36e2ad7a5d to remote] DEBUG org.asynchttpclient.netty.request.NettyRequestSender - Using open Channel [id: 0x39aa75bf, L:/127.0.0.1:55337 - R:localhost/127.0.0.1:58259] for GET '/session/c60b0abe8e7ea2dfda8f1a36e2ad7a5d/element/2454a2f5-9ab4-4b52-b177-6ae1ffae2cac/name'
12:57:02.862 [AsyncHttpClient-1-14] DEBUG org.asynchttpclient.netty.handler.HttpHandler - 

Request DefaultFullHttpRequest(decodeResult: success, version: HTTP/1.1, content: EmptyByteBufBE)
GET /session/c60b0abe8e7ea2dfda8f1a36e2ad7a5d/element/2454a2f5-9ab4-4b52-b177-6ae1ffae2cac/name HTTP/1.1
User-Agent: selenium/4.1.2 (java windows)
Cache-Control: no-cache
Content-Type: application/json; charset=utf-8
host: localhost:58259
accept: */*

Response DefaultHttpResponse(decodeResult: success, version: HTTP/1.1)
HTTP/1.1 200 OK
Content-Type: application/json; charset=utf-8
cache-control: no-cache
content-length: 18

12:57:02.862 [AsyncHttpClient-1-14] DEBUG org.asynchttpclient.netty.channel.ChannelManager - Adding key: http://localhost:58259 for channel [id: 0x39aa75bf, L:/127.0.0.1:55337 - R:localhost/127.0.0.1:58259]
12:57:02.865 [Forwarding getElementTagName on session c60b0abe8e7ea2dfda8f1a36e2ad7a5d to remote] DEBUG org.asynchttpclient.netty.request.NettyRequestSender - Using pooled Channel '[id: 0x39aa75bf, L:/127.0.0.1:55337 - R:localhost/127.0.0.1:58259]' for 'GET' to 'http://localhost:58259/session/c60b0abe8e7ea2dfda8f1a36e2ad7a5d/element/2454a2f5-9ab4-4b52-b177-6ae1ffae2cac/name'
12:57:02.865 [Forwarding getElementTagName on session c60b0abe8e7ea2dfda8f1a36e2ad7a5d to remote] DEBUG org.asynchttpclient.netty.request.NettyRequestSender - Using open Channel [id: 0x39aa75bf, L:/127.0.0.1:55337 - R:localhost/127.0.0.1:58259] for GET '/session/c60b0abe8e7ea2dfda8f1a36e2ad7a5d/element/2454a2f5-9ab4-4b52-b177-6ae1ffae2cac/name'
12:57:02.875 [AsyncHttpClient-1-14] DEBUG org.asynchttpclient.netty.handler.HttpHandler - 

Request DefaultFullHttpRequest(decodeResult: success, version: HTTP/1.1, content: EmptyByteBufBE)
GET /session/c60b0abe8e7ea2dfda8f1a36e2ad7a5d/element/2454a2f5-9ab4-4b52-b177-6ae1ffae2cac/name HTTP/1.1
User-Agent: selenium/4.1.2 (java windows)
Cache-Control: no-cache
Content-Type: application/json; charset=utf-8
host: localhost:58259
accept: */*

Response DefaultHttpResponse(decodeResult: success, version: HTTP/1.1)
HTTP/1.1 200 OK
Content-Type: application/json; charset=utf-8
cache-control: no-cache
content-length: 18

12:57:02.875 [AsyncHttpClient-1-14] DEBUG org.asynchttpclient.netty.channel.ChannelManager - Adding key: http://localhost:58259 for channel [id: 0x39aa75bf, L:/127.0.0.1:55337 - R:localhost/127.0.0.1:58259]
12:57:02.881 [Forwarding isElementEnabled on session c60b0abe8e7ea2dfda8f1a36e2ad7a5d to remote] DEBUG org.asynchttpclient.netty.request.NettyRequestSender - Using pooled Channel '[id: 0x39aa75bf, L:/127.0.0.1:55337 - R:localhost/127.0.0.1:58259]' for 'GET' to 'http://localhost:58259/session/c60b0abe8e7ea2dfda8f1a36e2ad7a5d/element/2454a2f5-9ab4-4b52-b177-6ae1ffae2cac/enabled'
12:57:02.881 [Forwarding isElementEnabled on session c60b0abe8e7ea2dfda8f1a36e2ad7a5d to remote] DEBUG org.asynchttpclient.netty.request.NettyRequestSender - Using open Channel [id: 0x39aa75bf, L:/127.0.0.1:55337 - R:localhost/127.0.0.1:58259] for GET '/session/c60b0abe8e7ea2dfda8f1a36e2ad7a5d/element/2454a2f5-9ab4-4b52-b177-6ae1ffae2cac/enabled'
12:57:02.897 [AsyncHttpClient-1-14] DEBUG org.asynchttpclient.netty.handler.HttpHandler - 

Request DefaultFullHttpRequest(decodeResult: success, version: HTTP/1.1, content: EmptyByteBufBE)
GET /session/c60b0abe8e7ea2dfda8f1a36e2ad7a5d/element/2454a2f5-9ab4-4b52-b177-6ae1ffae2cac/enabled HTTP/1.1
User-Agent: selenium/4.1.2 (java windows)
Cache-Control: no-cache
Content-Type: application/json; charset=utf-8
host: localhost:58259
accept: */*

Response DefaultHttpResponse(decodeResult: success, version: HTTP/1.1)
HTTP/1.1 200 OK
Content-Type: application/json; charset=utf-8
cache-control: no-cache
content-length: 14

12:57:02.897 [AsyncHttpClient-1-14] DEBUG org.asynchttpclient.netty.channel.ChannelManager - Adding key: http://localhost:58259 for channel [id: 0x39aa75bf, L:/127.0.0.1:55337 - R:localhost/127.0.0.1:58259]
12:57:02.903 [Forwarding isElementEnabled on session c60b0abe8e7ea2dfda8f1a36e2ad7a5d to remote] DEBUG org.asynchttpclient.netty.request.NettyRequestSender - Using pooled Channel '[id: 0x39aa75bf, L:/127.0.0.1:55337 - R:localhost/127.0.0.1:58259]' for 'GET' to 'http://localhost:58259/session/c60b0abe8e7ea2dfda8f1a36e2ad7a5d/element/2454a2f5-9ab4-4b52-b177-6ae1ffae2cac/enabled'
12:57:02.904 [Forwarding isElementEnabled on session c60b0abe8e7ea2dfda8f1a36e2ad7a5d to remote] DEBUG org.asynchttpclient.netty.request.NettyRequestSender - Using open Channel [id: 0x39aa75bf, L:/127.0.0.1:55337 - R:localhost/127.0.0.1:58259] for GET '/session/c60b0abe8e7ea2dfda8f1a36e2ad7a5d/element/2454a2f5-9ab4-4b52-b177-6ae1ffae2cac/enabled'
12:57:02.917 [AsyncHttpClient-1-14] DEBUG org.asynchttpclient.netty.handler.HttpHandler - 

Request DefaultFullHttpRequest(decodeResult: success, version: HTTP/1.1, content: EmptyByteBufBE)
GET /session/c60b0abe8e7ea2dfda8f1a36e2ad7a5d/element/2454a2f5-9ab4-4b52-b177-6ae1ffae2cac/enabled HTTP/1.1
User-Agent: selenium/4.1.2 (java windows)
Cache-Control: no-cache
Content-Type: application/json; charset=utf-8
host: localhost:58259
accept: */*

Response DefaultHttpResponse(decodeResult: success, version: HTTP/1.1)
HTTP/1.1 200 OK
Content-Type: application/json; charset=utf-8
cache-control: no-cache
content-length: 14

12:57:02.918 [AsyncHttpClient-1-14] DEBUG org.asynchttpclient.netty.channel.ChannelManager - Adding key: http://localhost:58259 for channel [id: 0x39aa75bf, L:/127.0.0.1:55337 - R:localhost/127.0.0.1:58259]
12:57:02.922 [Forwarding findElement on session c60b0abe8e7ea2dfda8f1a36e2ad7a5d to remote] DEBUG org.asynchttpclient.netty.request.NettyRequestSender - Using pooled Channel '[id: 0x39aa75bf, L:/127.0.0.1:55337 - R:localhost/127.0.0.1:58259]' for 'POST' to 'http://localhost:58259/session/c60b0abe8e7ea2dfda8f1a36e2ad7a5d/element'
12:57:02.922 [Forwarding findElement on session c60b0abe8e7ea2dfda8f1a36e2ad7a5d to remote] DEBUG org.asynchttpclient.netty.request.NettyRequestSender - Using open Channel [id: 0x39aa75bf, L:/127.0.0.1:55337 - R:localhost/127.0.0.1:58259] for POST '/session/c60b0abe8e7ea2dfda8f1a36e2ad7a5d/element'
12:57:02.938 [AsyncHttpClient-1-14] DEBUG org.asynchttpclient.netty.handler.HttpHandler - 

Request DefaultHttpRequest(decodeResult: success, version: HTTP/1.1)
POST /session/c60b0abe8e7ea2dfda8f1a36e2ad7a5d/element HTTP/1.1
User-Agent: selenium/4.1.2 (java windows)
Content-Length: 161
Content-Type: application/json; charset=utf-8
host: localhost:58259
accept: */*

Response DefaultHttpResponse(decodeResult: success, version: HTTP/1.1)
HTTP/1.1 200 OK
Content-Type: application/json; charset=utf-8
cache-control: no-cache
content-length: 88

12:57:02.938 [AsyncHttpClient-1-14] DEBUG org.asynchttpclient.netty.channel.ChannelManager - Adding key: http://localhost:58259 for channel [id: 0x39aa75bf, L:/127.0.0.1:55337 - R:localhost/127.0.0.1:58259]
12:57:02.941 [Forwarding clickElement on session c60b0abe8e7ea2dfda8f1a36e2ad7a5d to remote] DEBUG org.asynchttpclient.netty.request.NettyRequestSender - Using pooled Channel '[id: 0x39aa75bf, L:/127.0.0.1:55337 - R:localhost/127.0.0.1:58259]' for 'POST' to 'http://localhost:58259/session/c60b0abe8e7ea2dfda8f1a36e2ad7a5d/element/2454a2f5-9ab4-4b52-b177-6ae1ffae2cac/click'
12:57:02.941 [Forwarding clickElement on session c60b0abe8e7ea2dfda8f1a36e2ad7a5d to remote] DEBUG org.asynchttpclient.netty.request.NettyRequestSender - Using open Channel [id: 0x39aa75bf, L:/127.0.0.1:55337 - R:localhost/127.0.0.1:58259] for POST '/session/c60b0abe8e7ea2dfda8f1a36e2ad7a5d/element/2454a2f5-9ab4-4b52-b177-6ae1ffae2cac/click'
12:57:03.167 [AsyncHttpClient-1-14] DEBUG org.asynchttpclient.netty.handler.HttpHandler - 

Request DefaultHttpRequest(decodeResult: success, version: HTTP/1.1)
POST /session/c60b0abe8e7ea2dfda8f1a36e2ad7a5d/element/2454a2f5-9ab4-4b52-b177-6ae1ffae2cac/click HTTP/1.1
User-Agent: selenium/4.1.2 (java windows)
Content-Length: 50
Content-Type: application/json; charset=utf-8
host: localhost:58259
accept: */*

Response DefaultHttpResponse(decodeResult: success, version: HTTP/1.1)
HTTP/1.1 200 OK
Content-Type: application/json; charset=utf-8
cache-control: no-cache
content-length: 14

12:57:03.167 [AsyncHttpClient-1-14] DEBUG org.asynchttpclient.netty.channel.ChannelManager - Adding key: http://localhost:58259 for channel [id: 0x39aa75bf, L:/127.0.0.1:55337 - R:localhost/127.0.0.1:58259]
  &amp#27;[32mAnd &amp#27;[0m&amp#27;[32mI click calendar button&amp#27;[0m                         &amp#27;[90m# starter.stepdefinitions.ManageVaccinationBookingsSteps.iClickCalendarButton()&amp#27;[0m
12:57:03.176 [Forwarding screenshot on session c60b0abe8e7ea2dfda8f1a36e2ad7a5d to remote] DEBUG org.asynchttpclient.netty.request.NettyRequestSender - Using pooled Channel '[id: 0x39aa75bf, L:/127.0.0.1:55337 - R:localhost/127.0.0.1:58259]' for 'GET' to 'http://localhost:58259/session/c60b0abe8e7ea2dfda8f1a36e2ad7a5d/screenshot'
12:57:03.177 [Forwarding screenshot on session c60b0abe8e7ea2dfda8f1a36e2ad7a5d to remote] DEBUG org.asynchttpclient.netty.request.NettyRequestSender - Using open Channel [id: 0x39aa75bf, L:/127.0.0.1:55337 - R:localhost/127.0.0.1:58259] for GET '/session/c60b0abe8e7ea2dfda8f1a36e2ad7a5d/screenshot'
12:57:03.324 [AsyncHttpClient-1-14] DEBUG org.asynchttpclient.netty.handler.HttpHandler - 

Request DefaultFullHttpRequest(decodeResult: success, version: HTTP/1.1, content: EmptyByteBufBE)
GET /session/c60b0abe8e7ea2dfda8f1a36e2ad7a5d/screenshot HTTP/1.1
User-Agent: selenium/4.1.2 (java windows)
Cache-Control: no-cache
Content-Type: application/json; charset=utf-8
host: localhost:58259
accept: */*

Response DefaultHttpResponse(decodeResult: success, version: HTTP/1.1)
HTTP/1.1 200 OK
Content-Type: application/json; charset=utf-8
cache-control: no-cache
content-length: 194172

12:57:03.325 [AsyncHttpClient-1-14] DEBUG org.asynchttpclient.netty.channel.ChannelManager - Adding key: http://localhost:58259 for channel [id: 0x39aa75bf, L:/127.0.0.1:55337 - R:localhost/127.0.0.1:58259]
12:57:03.331 [main] DEBUG net.serenitybdd.core.photography.Darkroom - Send negative for processing for target\site\serenity\d3e575ff55f44d38aca805f3bc12b3fe516bb844ea457fa35a8a414c39e88053.png
12:57:03.332 [Darkroom Processing Line] DEBUG net.serenitybdd.core.photography.DarkroomProcessingLine - Processing screenshot image in /var/screenshots/screenshot-8406455376726686440
12:57:03.332 [Darkroom Processing Line] DEBUG net.serenitybdd.core.photography.DarkroomProcessingLine - Saving screenshot to target\site\serenity\d3e575ff55f44d38aca805f3bc12b3fe516bb844ea457fa35a8a414c39e88053.png
12:57:03.346 [Forwarding findElement on session c60b0abe8e7ea2dfda8f1a36e2ad7a5d to remote] DEBUG org.asynchttpclient.netty.request.NettyRequestSender - Using pooled Channel '[id: 0x39aa75bf, L:/127.0.0.1:55337 - R:localhost/127.0.0.1:58259]' for 'POST' to 'http://localhost:58259/session/c60b0abe8e7ea2dfda8f1a36e2ad7a5d/element'
12:57:03.346 [Forwarding findElement on session c60b0abe8e7ea2dfda8f1a36e2ad7a5d to remote] DEBUG org.asynchttpclient.netty.request.NettyRequestSender - Using open Channel [id: 0x39aa75bf, L:/127.0.0.1:55337 - R:localhost/127.0.0.1:58259] for POST '/session/c60b0abe8e7ea2dfda8f1a36e2ad7a5d/element'
12:57:03.573 [AsyncHttpClient-1-1] DEBUG org.asynchttpclient.netty.channel.DefaultChannelPool - Entry count for : http://localhost:55339 : 1
12:57:04.675 [AsyncHttpClient-1-1] DEBUG org.asynchttpclient.netty.channel.DefaultChannelPool - Entry count for : http://localhost:55339 : 1
12:57:05.405 [AsyncHttpClient-1-14] DEBUG org.asynchttpclient.netty.handler.HttpHandler - 

Request DefaultHttpRequest(decodeResult: success, version: HTTP/1.1)
POST /session/c60b0abe8e7ea2dfda8f1a36e2ad7a5d/element HTTP/1.1
User-Agent: selenium/4.1.2 (java windows)
Content-Length: 80
Content-Type: application/json; charset=utf-8
host: localhost:58259
accept: */*

Response DefaultHttpResponse(decodeResult: success, version: HTTP/1.1)
HTTP/1.1 404 Not Found
Content-Type: application/json; charset=utf-8
cache-control: no-cache
content-length: 948

12:57:05.406 [AsyncHttpClient-1-14] DEBUG org.asynchttpclient.netty.channel.ChannelManager - Adding key: http://localhost:58259 for channel [id: 0x39aa75bf, L:/127.0.0.1:55337 - R:localhost/127.0.0.1:58259]
12:57:05.510 [Forwarding findElement on session c60b0abe8e7ea2dfda8f1a36e2ad7a5d to remote] DEBUG org.asynchttpclient.netty.request.NettyRequestSender - Using pooled Channel '[id: 0x39aa75bf, L:/127.0.0.1:55337 - R:localhost/127.0.0.1:58259]' for 'POST' to 'http://localhost:58259/session/c60b0abe8e7ea2dfda8f1a36e2ad7a5d/element'
12:57:05.510 [Forwarding findElement on session c60b0abe8e7ea2dfda8f1a36e2ad7a5d to remote] DEBUG org.asynchttpclient.netty.request.NettyRequestSender - Using open Channel [id: 0x39aa75bf, L:/127.0.0.1:55337 - R:localhost/127.0.0.1:58259] for POST '/session/c60b0abe8e7ea2dfda8f1a36e2ad7a5d/element'
12:57:05.772 [AsyncHttpClient-1-1] DEBUG org.asynchttpclient.netty.channel.DefaultChannelPool - Entry count for : http://localhost:55339 : 1
12:57:06.875 [AsyncHttpClient-1-1] DEBUG org.asynchttpclient.netty.channel.DefaultChannelPool - Entry count for : http://localhost:55339 : 1
12:57:07.540 [AsyncHttpClient-1-14] DEBUG org.asynchttpclient.netty.handler.HttpHandler - 

Request DefaultHttpRequest(decodeResult: success, version: HTTP/1.1)
POST /session/c60b0abe8e7ea2dfda8f1a36e2ad7a5d/element HTTP/1.1
User-Agent: selenium/4.1.2 (java windows)
Content-Length: 80
Content-Type: application/json; charset=utf-8
host: localhost:58259
accept: */*

Response DefaultHttpResponse(decodeResult: success, version: HTTP/1.1)
HTTP/1.1 404 Not Found
Content-Type: application/json; charset=utf-8
cache-control: no-cache
content-length: 948

12:57:07.540 [AsyncHttpClient-1-14] DEBUG org.asynchttpclient.netty.channel.ChannelManager - Adding key: http://localhost:58259 for channel [id: 0x39aa75bf, L:/127.0.0.1:55337 - R:localhost/127.0.0.1:58259]
12:57:07.643 [Forwarding findElement on session c60b0abe8e7ea2dfda8f1a36e2ad7a5d to remote] DEBUG org.asynchttpclient.netty.request.NettyRequestSender - Using pooled Channel '[id: 0x39aa75bf, L:/127.0.0.1:55337 - R:localhost/127.0.0.1:58259]' for 'POST' to 'http://localhost:58259/session/c60b0abe8e7ea2dfda8f1a36e2ad7a5d/element'
12:57:07.643 [Forwarding findElement on session c60b0abe8e7ea2dfda8f1a36e2ad7a5d to remote] DEBUG org.asynchttpclient.netty.request.NettyRequestSender - Using open Channel [id: 0x39aa75bf, L:/127.0.0.1:55337 - R:localhost/127.0.0.1:58259] for POST '/session/c60b0abe8e7ea2dfda8f1a36e2ad7a5d/element'
12:57:07.972 [AsyncHttpClient-1-1] DEBUG org.asynchttpclient.netty.channel.DefaultChannelPool - Entry count for : http://localhost:55339 : 1
12:57:09.072 [AsyncHttpClient-1-1] DEBUG org.asynchttpclient.netty.channel.DefaultChannelPool - Entry count for : http://localhost:55339 : 1
12:57:09.675 [AsyncHttpClient-1-14] DEBUG org.asynchttpclient.netty.handler.HttpHandler - 

Request DefaultHttpRequest(decodeResult: success, version: HTTP/1.1)
POST /session/c60b0abe8e7ea2dfda8f1a36e2ad7a5d/element HTTP/1.1
User-Agent: selenium/4.1.2 (java windows)
Content-Length: 80
Content-Type: application/json; charset=utf-8
host: localhost:58259
accept: */*

Response DefaultHttpResponse(decodeResult: success, version: HTTP/1.1)
HTTP/1.1 404 Not Found
Content-Type: application/json; charset=utf-8
cache-control: no-cache
content-length: 948

12:57:09.675 [AsyncHttpClient-1-14] DEBUG org.asynchttpclient.netty.channel.ChannelManager - Adding key: http://localhost:58259 for channel [id: 0x39aa75bf, L:/127.0.0.1:55337 - R:localhost/127.0.0.1:58259]
12:57:09.681 [Forwarding screenshot on session c60b0abe8e7ea2dfda8f1a36e2ad7a5d to remote] DEBUG org.asynchttpclient.netty.request.NettyRequestSender - Using pooled Channel '[id: 0x39aa75bf, L:/127.0.0.1:55337 - R:localhost/127.0.0.1:58259]' for 'GET' to 'http://localhost:58259/session/c60b0abe8e7ea2dfda8f1a36e2ad7a5d/screenshot'
12:57:09.681 [Forwarding screenshot on session c60b0abe8e7ea2dfda8f1a36e2ad7a5d to remote] DEBUG org.asynchttpclient.netty.request.NettyRequestSender - Using open Channel [id: 0x39aa75bf, L:/127.0.0.1:55337 - R:localhost/127.0.0.1:58259] for GET '/session/c60b0abe8e7ea2dfda8f1a36e2ad7a5d/screenshot'
12:57:09.801 [AsyncHttpClient-1-14] DEBUG org.asynchttpclient.netty.handler.HttpHandler - 

Request DefaultFullHttpRequest(decodeResult: success, version: HTTP/1.1, content: EmptyByteBufBE)
GET /session/c60b0abe8e7ea2dfda8f1a36e2ad7a5d/screenshot HTTP/1.1
User-Agent: selenium/4.1.2 (java windows)
Cache-Control: no-cache
Content-Type: application/json; charset=utf-8
host: localhost:58259
accept: */*

Response DefaultHttpResponse(decodeResult: success, version: HTTP/1.1)
HTTP/1.1 200 OK
Content-Type: application/json; charset=utf-8
cache-control: no-cache
content-length: 170072

12:57:09.801 [AsyncHttpClient-1-14] DEBUG org.asynchttpclient.netty.channel.ChannelManager - Adding key: http://localhost:58259 for channel [id: 0x39aa75bf, L:/127.0.0.1:55337 - R:localhost/127.0.0.1:58259]
12:57:09.804 [main] DEBUG net.serenitybdd.core.photography.Darkroom - Send negative for processing for target\site\serenity\ada9f3bd4f4e23c77e0896ba6dacdc8b72ad4784ad138a92af81bc53469d7a27.png
12:57:09.805 [Darkroom Processing Line] DEBUG net.serenitybdd.core.photography.DarkroomProcessingLine - Processing screenshot image in /var/screenshots/screenshot-6004422260520745417
12:57:09.805 [Darkroom Processing Line] DEBUG net.serenitybdd.core.photography.DarkroomProcessingLine - Saving screenshot to target\site\serenity\ada9f3bd4f4e23c77e0896ba6dacdc8b72ad4784ad138a92af81bc53469d7a27.png
12:57:09.809 [Forwarding getPageSource on session c60b0abe8e7ea2dfda8f1a36e2ad7a5d to remote] DEBUG org.asynchttpclient.netty.request.NettyRequestSender - Using pooled Channel '[id: 0x39aa75bf, L:/127.0.0.1:55337 - R:localhost/127.0.0.1:58259]' for 'POST' to 'http://localhost:58259/session/c60b0abe8e7ea2dfda8f1a36e2ad7a5d/execute/sync'
12:57:09.809 [Forwarding getPageSource on session c60b0abe8e7ea2dfda8f1a36e2ad7a5d to remote] DEBUG org.asynchttpclient.netty.request.NettyRequestSender - Using open Channel [id: 0x39aa75bf, L:/127.0.0.1:55337 - R:localhost/127.0.0.1:58259] for POST '/session/c60b0abe8e7ea2dfda8f1a36e2ad7a5d/execute/sync'
12:57:09.817 [AsyncHttpClient-1-14] DEBUG org.asynchttpclient.netty.handler.HttpHandler - 

Request DefaultHttpRequest(decodeResult: success, version: HTTP/1.1)
POST /session/c60b0abe8e7ea2dfda8f1a36e2ad7a5d/execute/sync HTTP/1.1
User-Agent: selenium/4.1.2 (java windows)
Content-Length: 176
Content-Type: application/json; charset=utf-8
host: localhost:58259
accept: */*

Response DefaultHttpResponse(decodeResult: success, version: HTTP/1.1)
HTTP/1.1 200 OK
Content-Type: application/json; charset=utf-8
cache-control: no-cache
content-length: 43831

12:57:09.817 [AsyncHttpClient-1-14] DEBUG org.asynchttpclient.netty.channel.ChannelManager - Adding key: http://localhost:58259 for channel [id: 0x39aa75bf, L:/127.0.0.1:55337 - R:localhost/127.0.0.1:58259]
12:57:09.821 [Forwarding getCurrentUrl on session c60b0abe8e7ea2dfda8f1a36e2ad7a5d to remote] DEBUG org.asynchttpclient.netty.request.NettyRequestSender - Using pooled Channel '[id: 0x39aa75bf, L:/127.0.0.1:55337 - R:localhost/127.0.0.1:58259]' for 'GET' to 'http://localhost:58259/session/c60b0abe8e7ea2dfda8f1a36e2ad7a5d/url'
12:57:09.821 [Forwarding getCurrentUrl on session c60b0abe8e7ea2dfda8f1a36e2ad7a5d to remote] DEBUG org.asynchttpclient.netty.request.NettyRequestSender - Using open Channel [id: 0x39aa75bf, L:/127.0.0.1:55337 - R:localhost/127.0.0.1:58259] for GET '/session/c60b0abe8e7ea2dfda8f1a36e2ad7a5d/url'
12:57:09.825 [AsyncHttpClient-1-14] DEBUG org.asynchttpclient.netty.handler.HttpHandler - 

Request DefaultFullHttpRequest(decodeResult: success, version: HTTP/1.1, content: EmptyByteBufBE)
GET /session/c60b0abe8e7ea2dfda8f1a36e2ad7a5d/url HTTP/1.1
User-Agent: selenium/4.1.2 (java windows)
Cache-Control: no-cache
Content-Type: application/json; charset=utf-8
host: localhost:58259
accept: */*

Response DefaultHttpResponse(decodeResult: success, version: HTTP/1.1)
HTTP/1.1 200 OK
Content-Type: application/json; charset=utf-8
cache-control: no-cache
content-length: 56

12:57:09.825 [AsyncHttpClient-1-14] DEBUG org.asynchttpclient.netty.channel.ChannelManager - Adding key: http://localhost:58259 for channel [id: 0x39aa75bf, L:/127.0.0.1:55337 - R:localhost/127.0.0.1:58259]
  &amp#27;[31mAnd &amp#27;[0m&amp#27;[31mI select available date&amp#27;[0m                         &amp#27;[90m# starter.stepdefinitions.ManageVaccinationBookingsSteps.iSelectAvailableDate()&amp#27;[0m
      &amp#27;[31mnet.thucydides.core.webdriver.exceptions.ElementShouldBeEnabledException: Expected enabled element was not enabled
	at net.serenitybdd.core.pages.WebElementFacadeImpl.waitUntilEnabled(WebElementFacadeImpl.java:1100)
	at net.serenitybdd.core.pages.WebElementFacadeImpl.waitUntilElementAvailable(WebElementFacadeImpl.java:888)
	at net.serenitybdd.core.pages.WebElementFacadeImpl.click(WebElementFacadeImpl.java:1182)
	at net.serenitybdd.core.pages.WebElementFacadeImpl.click(WebElementFacadeImpl.java:1201)
	at Automation@1.0-SNAPSHOT/starter.pages.ManageVaccinationBookingsPage.selectAvailableDate(ManageVaccinationBookingsPage.java:148)
	at Automation@1.0-SNAPSHOT/starter.pages.ManageVaccinationBookingsPage$ByteBuddy$2mB6uuMo.selectAvailableDate$accessor$5nrir2vK(Unknown Source)
	at java.base/jdk.internal.reflect.NativeMethodAccessorImpl.invoke0(Native Method)
	at java.base/jdk.internal.reflect.NativeMethodAccessorImpl.invoke(NativeMethodAccessorImpl.java:62)
	at java.base/jdk.internal.reflect.DelegatingMethodAccessorImpl.invoke(DelegatingMethodAccessorImpl.java:43)
	at java.base/java.lang.reflect.Method.invoke(Method.java:566)
	at net.thucydides.core.steps.BaseMethodRunner.invokeMethod(BaseMethodRunner.java:18)
	at net.thucydides.core.steps.NormalMethodRunner.invokeMethodAndNotifyFailures(NormalMethodRunner.java:18)
	at net.thucydides.core.steps.StepInterceptor.runNormalMethod(StepInterceptor.java:406)
	at net.thucydides.core.steps.StepInterceptor.testStepResult(StepInterceptor.java:191)
	at net.thucydides.core.steps.StepInterceptor.intercept(StepInterceptor.java:84)
	at net.thucydides.core.steps.ProxyConfiguration$InterceptorDispatcher.intercept(ProxyConfiguration.java:51)
	at Automation@1.0-SNAPSHOT/starter.pages.ManageVaccinationBookingsPage$ByteBuddy$2mB6uuMo.selectAvailableDate(Unknown Source)
	at Automation@1.0-SNAPSHOT/starter.stepdefinitions.ManageVaccinationBookingsSteps.iSelectAvailableDate(ManageVaccinationBookingsSteps.java:79)
	at âœ½.I select available date(file:///C:/Users/ASUSTUF/OneDrive/Documents/Capstone%20Project/Web%20Automation/src/test/resources/features/ManageVaccinationBookings.feature:43)
Caused by: org.openqa.selenium.TimeoutException: Expected condition failed: waiting for By.xpath: //button[@fdprocessedid='8glucq'] to be enabled (tried for 5 second(s) with 100 milliseconds interval)
	at org.openqa.selenium.support.ui.FluentWait.timeoutException(FluentWait.java:263)
	at org.openqa.selenium.support.ui.FluentWait.until(FluentWait.java:231)
	at net.serenitybdd.core.pages.WebElementFacadeImpl.waitUntilEnabled(WebElementFacadeImpl.java:1097)
	at net.serenitybdd.core.pages.WebElementFacadeImpl.waitUntilElementAvailable(WebElementFacadeImpl.java:888)
	at net.serenitybdd.core.pages.WebElementFacadeImpl.click(WebElementFacadeImpl.java:1182)
	at net.serenitybdd.core.pages.WebElementFacadeImpl.click(WebElementFacadeImpl.java:1201)
	at Automation@1.0-SNAPSHOT/starter.pages.ManageVaccinationBookingsPage.selectAvailableDate(ManageVaccinationBookingsPage.java:148)
	at Automation@1.0-SNAPSHOT/starter.pages.ManageVaccinationBookingsPage$ByteBuddy$2mB6uuMo.selectAvailableDate$accessor$5nrir2vK(Unknown Source)
	at java.base/jdk.internal.reflect.NativeMethodAccessorImpl.invoke0(Native Method)
	at java.base/jdk.internal.reflect.NativeMethodAccessorImpl.invoke(NativeMethodAccessorImpl.java:62)
	at java.base/jdk.internal.reflect.DelegatingMethodAccessorImpl.invoke(DelegatingMethodAccessorImpl.java:43)
	at java.base/java.lang.reflect.Method.invoke(Method.java:566)
	at net.thucydides.core.steps.BaseMethodRunner.invokeMethod(BaseMethodRunner.java:18)
	at net.thucydides.core.steps.NormalMethodRunner.invokeMethodAndNotifyFailures(NormalMethodRunner.java:18)
	at net.thucydides.core.steps.StepInterceptor.runNormalMethod(StepInterceptor.java:406)
	at net.thucydides.core.steps.StepInterceptor.testStepResult(StepInterceptor.java:191)
	at net.thucydides.core.steps.StepInterceptor.intercept(StepInterceptor.java:84)
	at net.thucydides.core.steps.ProxyConfiguration$InterceptorDispatcher.intercept(ProxyConfiguration.java:51)
	at Automation@1.0-SNAPSHOT/starter.pages.ManageVaccinationBookingsPage$ByteBuddy$2mB6uuMo.selectAvailableDate(Unknown Source)
	at Automation@1.0-SNAPSHOT/starter.stepdefinitions.ManageVaccinationBookingsSteps.iSelectAvailableDate(ManageVaccinationBookingsSteps.java:79)
	at java.base/jdk.internal.reflect.NativeMethodAccessorImpl.invoke0(Native Method)
	at java.base/jdk.internal.reflect.NativeMethodAccessorImpl.invoke(NativeMethodAccessorImpl.java:62)
	at java.base/jdk.internal.reflect.DelegatingMethodAccessorImpl.invoke(DelegatingMethodAccessorImpl.java:43)
	at java.base/java.lang.reflect.Method.invoke(Method.java:566)
	at io.cucumber.java.Invoker.doInvoke(Invoker.java:66)
	at io.cucumber.java.Invoker.invoke(Invoker.java:24)
	at io.cucumber.java.AbstractGlueDefinition.invokeMethod(AbstractGlueDefinition.java:47)
	at io.cucumber.java.JavaStepDefinition.execute(JavaStepDefinition.java:29)
	at io.cucumber.core.runner.CoreStepDefinition.execute(CoreStepDefinition.java:66)
	at io.cucumber.core.runner.PickleStepDefinitionMatch.runStep(PickleStepDefinitionMatch.java:63)
	at io.cucumber.core.runner.ExecutionMode$1.execute(ExecutionMode.java:10)
	at io.cucumber.core.runner.TestStep.executeStep(TestStep.java:86)
	at io.cucumber.core.runner.TestStep.run(TestStep.java:57)
	at io.cucumber.core.runner.PickleStepTestStep.run(PickleStepTestStep.java:51)
	at io.cucumber.core.runner.TestCase.run(TestCase.java:95)
	at io.cucumber.core.runner.Runner.runPickle(Runner.java:75)
	at io.cucumber.junit.PickleRunners$NoStepDescriptions.lambda$run$0(PickleRunners.java:151)
	at io.cucumber.core.runtime.CucumberExecutionContext.lambda$runTestCase$3(CucumberExecutionContext.java:151)
	at io.cucumber.core.runtime.RethrowingThrowableCollector.executeAndThrow(RethrowingThrowableCollector.java:23)
	at io.cucumber.core.runtime.CucumberExecutionContext.runTestCase(CucumberExecutionContext.java:151)
	at io.cucumber.junit.PickleRunners$NoStepDescriptions.run(PickleRunners.java:148)
	at io.cucumber.junit.FeatureRunner.runChild(FeatureRunner.java:144)
	at io.cucumber.junit.FeatureRunner.runChild(FeatureRunner.java:28)
	at org.junit.runners.ParentRunner$4.run(ParentRunner.java:331)
	at org.junit.runners.ParentRunner$1.schedule(ParentRunner.java:79)
	at org.junit.runners.ParentRunner.runChildren(ParentRunner.java:329)
	at org.junit.runners.ParentRunner.access$100(ParentRunner.java:66)
	at org.junit.runners.ParentRunner$2.evaluate(ParentRunner.java:293)
	at org.junit.runners.ParentRunner$3.evaluate(ParentRunner.java:306)
	at org.junit.runners.ParentRunner.run(ParentRunner.java:413)
	at io.cucumber.junit.FeatureRunner.run(FeatureRunner.java:137)
	at io.cucumber.junit.CucumberSerenityRunner.runChild(CucumberSerenityRunner.java:258)
	at io.cucumber.junit.CucumberSerenityRunner.runChild(CucumberSerenityRunner.java:58)
	at org.junit.runners.ParentRunner$4.run(ParentRunner.java:331)
	at org.junit.runners.ParentRunner$1.schedule(ParentRunner.java:79)
	at org.junit.runners.ParentRunner.runChildren(ParentRunner.java:329)
	at org.junit.runners.ParentRunner.access$100(ParentRunner.java:66)
	at org.junit.runners.ParentRunner$2.evaluate(ParentRunner.java:293)
	at io.cucumber.junit.CucumberSerenityRunner$RunCucumber.evaluate(CucumberSerenityRunner.java:287)
	at org.junit.runners.ParentRunner$3.evaluate(ParentRunner.java:306)
	at org.junit.runners.ParentRunner.run(ParentRunner.java:413)
	at org.junit.runner.JUnitCore.run(JUnitCore.java:137)
	at org.junit.runner.JUnitCore.run(JUnitCore.java:115)
	at org.junit.vintage.engine.execution.RunnerExecutor.execute(RunnerExecutor.java:42)
	at org.junit.vintage.engine.VintageTestEngine.executeAllChildren(VintageTestEngine.java:80)
	at org.junit.vintage.engine.VintageTestEngine.execute(VintageTestEngine.java:72)
	at org.junit.platform.launcher.core.EngineExecutionOrchestrator.execute(EngineExecutionOrchestrator.java:107)
	at org.junit.platform.launcher.core.EngineExecutionOrchestrator.execute(EngineExecutionOrchestrator.java:88)
	at org.junit.platform.launcher.core.EngineExecutionOrchestrator.lambda$execute$0(EngineExecutionOrchestrator.java:54)
	at org.junit.platform.launcher.core.EngineExecutionOrchestrator.withInterceptedStreams(EngineExecutionOrchestrator.java:67)
	at org.junit.platform.launcher.core.EngineExecutionOrchestrator.execute(EngineExecutionOrchestrator.java:52)
	at org.junit.platform.launcher.core.DefaultLauncher.execute(DefaultLauncher.java:114)
	at org.junit.platform.launcher.core.DefaultLauncher.execute(DefaultLauncher.java:86)
	at org.junit.platform.launcher.core.DefaultLauncherSession$DelegatingLauncher.execute(DefaultLauncherSession.java:86)
	at org.junit.platform.launcher.core.SessionPerRequestLauncher.execute(SessionPerRequestLauncher.java:53)
	at org.apache.maven.surefire.junitplatform.JUnitPlatformProvider.execute(JUnitPlatformProvider.java:188)
	at org.apache.maven.surefire.junitplatform.JUnitPlatformProvider.invokeAllTests(JUnitPlatformProvider.java:154)
	at org.apache.maven.surefire.junitplatform.JUnitPlatformProvider.invoke(JUnitPlatformProvider.java:128)
	at org.apache.maven.surefire.booter.ForkedBooter.runSuitesInProcess(ForkedBooter.java:428)
	at org.apache.maven.surefire.booter.ForkedBooter.execute(ForkedBooter.java:162)
	at org.apache.maven.surefire.booter.ForkedBooter.run(ForkedBooter.java:562)
	at org.apache.maven.surefire.booter.ForkedBooter.main(ForkedBooter.java:548)
Caused by: org.openqa.selenium.NoSuchElementException: no such element: Unable to locate element: {"method":"xpath","selector":"//button[@fdprocessedid='8glucq']"}
  (Session info: chrome=108.0.5359.125)
For documentation on this error, please visit: https://selenium.dev/exceptions/#no_such_element
Build info: version: '4.1.2', revision: '9a5a329c5a'
System info: host: 'LAPTOP-CFD9EV6G', ip: '192.168.100.7', os.name: 'Windows 11', os.arch: 'amd64', os.version: '10.0', java.version: '11.0.16'
Driver info: org.openqa.selenium.chrome.ChromeDriver
Command: [c60b0abe8e7ea2dfda8f1a36e2ad7a5d, findElement {using=xpath, value=//button[@fdprocessedid='8glucq']}]
Capabilities {acceptInsecureCerts: false, browserName: chrome, browserVersion: 108.0.5359.125, chrome: {chromedriverVersion: 108.0.5359.71 (1e0e3868ee06..., userDataDir: C:\Users\ASUSTUF\AppData\Lo...}, goog:chromeOptions: {debuggerAddress: localhost:55339}, javascriptEnabled: true, networkConnectionEnabled: false, pageLoadStrategy: normal, platform: WINDOWS, platformName: WINDOWS, proxy: Proxy(), se:cdp: ws://localhost:55339/devtoo..., se:cdpVersion: 108.0.5359.125, setWindowRect: true, strictFileInteractability: false, timeouts: {implicit: 0, pageLoad: 300000, script: 30000}, unhandledPromptBehavior: dismiss and notify, webauthn:extension:credBlob: true, webauthn:extension:largeBlob: true, webauthn:virtualAuthenticators: true}
Session ID: c60b0abe8e7ea2dfda8f1a36e2ad7a5d
	at java.base/jdk.internal.reflect.NativeConstructorAccessorImpl.newInstance0(Native Method)
	at java.base/jdk.internal.reflect.NativeConstructorAccessorImpl.newInstance(NativeConstructorAccessorImpl.java:62)
	at java.base/jdk.internal.reflect.DelegatingConstructorAccessorImpl.newInstance(DelegatingConstructorAccessorImpl.java:45)
	at java.base/java.lang.reflect.Constructor.newInstance(Constructor.java:490)
	at org.openqa.selenium.remote.codec.w3c.W3CHttpResponseCodec.createException(W3CHttpResponseCodec.java:200)
	at org.openqa.selenium.remote.codec.w3c.W3CHttpResponseCodec.decode(W3CHttpResponseCodec.java:133)
	at org.openqa.selenium.remote.codec.w3c.W3CHttpResponseCodec.decode(W3CHttpResponseCodec.java:53)
	at org.openqa.selenium.remote.HttpCommandExecutor.execute(HttpCommandExecutor.java:184)
	at org.openqa.selenium.remote.service.DriverCommandExecutor.invokeExecute(DriverCommandExecutor.java:167)
	at org.openqa.selenium.remote.service.DriverCommandExecutor.execute(DriverCommandExecutor.java:142)
	at org.openqa.selenium.remote.RemoteWebDriver.execute(RemoteWebDriver.java:558)
	at org.openqa.selenium.remote.ElementLocation$ElementFinder$2.findElement(ElementLocation.java:162)
	at org.openqa.selenium.remote.ElementLocation.findElement(ElementLocation.java:60)
	at org.openqa.selenium.remote.RemoteWebDriver.findElement(RemoteWebDriver.java:382)
	at org.openqa.selenium.remote.RemoteWebDriver.findElement(RemoteWebDriver.java:374)
	at net.thucydides.core.webdriver.WebDriverFacade.findElement(WebDriverFacade.java:224)
	at net.serenitybdd.core.pages.WebElementResolverByLocator.resolveForDriver(WebElementResolverByLocator.java:25)
	at net.serenitybdd.core.pages.WebElementFacadeImpl.getResolvedElement(WebElementFacadeImpl.java:191)
	at net.serenitybdd.core.pages.WebElementFacadeImpl.getElement(WebElementFacadeImpl.java:186)
	at net.serenitybdd.core.pages.WebElementExpectations$3.apply(WebElementExpectations.java:63)
	at net.serenitybdd.core.pages.WebElementExpectations$3.apply(WebElementExpectations.java:55)
	at org.openqa.selenium.support.ui.FluentWait.until(FluentWait.java:208)
	... 80 more
&amp#27;[0m
  &amp#27;[36mThen &amp#27;[0m&amp#27;[36mbookings will be sorted by selected date&amp#27;[0m       &amp#27;[90m# starter.stepdefinitions.ManageVaccinationBookingsSteps.bookingsWillBeSortedBySelectedDate()&amp#27;[0m
12:57:09.838 [main] ERROR  - 
  _____   ___   ___   _____     ___     _     ___   _      ___   ___  
 |_   _| | __| / __| |_   _|   | __|   /_\   |_ _| | |    | __| |   \ 
   | |   | _|  \__ \   | |     | _|   / _ \   | |  | |__  | _|  | |) |
   |_|   |___| |___/   |_|     |_|   /_/ \_\ |___| |____| |___| |___/ 

Sort vaccination bookings by available date
-----------------------------------------------------------------------
12:57:09.838 [main] DEBUG  - RELATED ISSUES: 
12:57:09.838 [main] ERROR  -     Test failed at step: Select available date
12:57:09.838 [main] ERROR  -     Expected enabled element was not enabled
12:57:09.840 [AsyncHttpClient-1-16] DEBUG org.asynchttpclient.netty.handler.WebSocketHandler - Channel Closed: [id: 0x75a73d7e, L:/127.0.0.1:55346 ! R:localhost/127.0.0.1:55339] with attribute NettyResponseFuture{currentRetry=5,
	isDone=1,
	isCancelled=0,
	asyncHandler=org.asynchttpclient.ws.WebSocketUpgradeHandler@3621aff,
	nettyRequest=org.asynchttpclient.netty.request.NettyRequest@466094f7,
	future=java.util.concurrent.CompletableFuture@1c2c83bd[Completed normally],
	uri=ws://localhost:55339/devtools/browser/e8ad1d6c-9121-4350-8fa5-cb7d1c942358,
	keepAlive=true,
	redirectCount=0,
	timeoutsHolder=null,
	inAuth=0,
	touch=1671429419577}
12:57:09.840 [AsyncHttpClient-1-16] DEBUG org.asynchttpclient.netty.channel.ChannelManager - Closing Channel [id: 0x75a73d7e, L:/127.0.0.1:55346 ! R:localhost/127.0.0.1:55339] 
12:57:09.840 [Driver Command Executor] DEBUG org.asynchttpclient.netty.request.NettyRequestSender - Using pooled Channel '[id: 0x39aa75bf, L:/127.0.0.1:55337 - R:localhost/127.0.0.1:58259]' for 'DELETE' to 'http://localhost:58259/session/c60b0abe8e7ea2dfda8f1a36e2ad7a5d'
12:57:09.840 [Driver Command Executor] DEBUG org.asynchttpclient.netty.request.NettyRequestSender - Using open Channel [id: 0x39aa75bf, L:/127.0.0.1:55337 - R:localhost/127.0.0.1:58259] for DELETE '/session/c60b0abe8e7ea2dfda8f1a36e2ad7a5d'
12:57:09.860 [AsyncHttpClient-1-15] DEBUG org.asynchttpclient.netty.handler.HttpHandler - Unexpected I/O exception on channel [id: 0xa5e4c5ef, L:/127.0.0.1:55345 - R:localhost/127.0.0.1:55339]
java.io.IOException: An existing connection was forcibly closed by the remote host
	at java.base/sun.nio.ch.SocketDispatcher.read0(Native Method)
	at java.base/sun.nio.ch.SocketDispatcher.read(SocketDispatcher.java:43)
	at java.base/sun.nio.ch.IOUtil.readIntoNativeBuffer(IOUtil.java:276)
	at java.base/sun.nio.ch.IOUtil.read(IOUtil.java:233)
	at java.base/sun.nio.ch.IOUtil.read(IOUtil.java:223)
	at java.base/sun.nio.ch.SocketChannelImpl.read(SocketChannelImpl.java:358)
	at io.netty.buffer.PooledByteBuf.setBytes(PooledByteBuf.java:258)
	at io.netty.buffer.AbstractByteBuf.writeBytes(AbstractByteBuf.java:1132)
	at io.netty.channel.socket.nio.NioSocketChannel.doReadBytes(NioSocketChannel.java:350)
	at io.netty.channel.nio.AbstractNioByteChannel$NioByteUnsafe.read(AbstractNioByteChannel.java:151)
	at io.netty.channel.nio.NioEventLoop.processSelectedKey(NioEventLoop.java:722)
	at io.netty.channel.nio.NioEventLoop.processSelectedKeysOptimized(NioEventLoop.java:658)
	at io.netty.channel.nio.NioEventLoop.processSelectedKeys(NioEventLoop.java:584)
	at io.netty.channel.nio.NioEventLoop.run(NioEventLoop.java:496)
	at io.netty.util.concurrent.SingleThreadEventExecutor$4.run(SingleThreadEventExecutor.java:986)
	at io.netty.util.internal.ThreadExecutorMap$2.run(ThreadExecutorMap.java:74)
	at io.netty.util.concurrent.FastThreadLocalRunnable.run(FastThreadLocalRunnable.java:30)
	at java.base/java.lang.Thread.run(Thread.java:834)
12:57:09.860 [AsyncHttpClient-1-15] DEBUG org.asynchttpclient.netty.channel.ChannelManager - Closing Channel [id: 0xa5e4c5ef, L:/127.0.0.1:55345 - R:localhost/127.0.0.1:55339] 
12:57:09.861 [AsyncHttpClient-1-15] DEBUG org.asynchttpclient.netty.handler.HttpHandler - Channel Closed: [id: 0xa5e4c5ef, L:/127.0.0.1:55345 ! R:localhost/127.0.0.1:55339] with attribute DISCARD
12:57:09.895 [AsyncHttpClient-1-14] DEBUG org.asynchttpclient.netty.handler.HttpHandler - 

Request DefaultFullHttpRequest(decodeResult: success, version: HTTP/1.1, content: EmptyByteBufBE)
DELETE /session/c60b0abe8e7ea2dfda8f1a36e2ad7a5d HTTP/1.1
User-Agent: selenium/4.1.2 (java windows)
Content-Type: application/json; charset=utf-8
host: localhost:58259
accept: */*

Response DefaultHttpResponse(decodeResult: success, version: HTTP/1.1)
HTTP/1.1 200 OK
Content-Type: application/json; charset=utf-8
cache-control: no-cache
content-length: 14

12:57:09.897 [AsyncHttpClient-1-14] DEBUG org.asynchttpclient.netty.channel.ChannelManager - Adding key: http://localhost:58259 for channel [id: 0x39aa75bf, L:/127.0.0.1:55337 - R:localhost/127.0.0.1:58259]
12:57:09.963 [AsyncHttpClient-1-14] DEBUG org.asynchttpclient.netty.handler.HttpHandler - Channel Closed: [id: 0x39aa75bf, L:/127.0.0.1:55337 ! R:localhost/127.0.0.1:58259] with attribute DISCARD
]]></system-out>
    <system-err><![CDATA[Starting ChromeDriver 108.0.5359.71 (1e0e3868ee06e91ad636a874420e3ca3ae3756ac-refs/branch-heads/5359@{#1016}) on port 58259
Only local connections are allowed.
Please see https://chromedriver.chromium.org/security-considerations for suggestions on keeping ChromeDriver safe.
ChromeDriver was started successfully.
Dec 19, 2022 12:56:59 PM org.openqa.selenium.remote.ProtocolHandshake createSession
INFO: Detected dialect: W3C
Dec 19, 2022 12:56:59 PM org.openqa.selenium.devtools.CdpVersionFinder findNearestMatch
WARNING: Unable to find an exact match for CDP version 108, so returning the closest version found: a no-op implementation
Dec 19, 2022 12:56:59 PM org.openqa.selenium.devtools.CdpVersionFinder findNearestMatch
INFO: Unable to find CDP implementation matching 108.
Dec 19, 2022 12:56:59 PM org.openqa.selenium.chromium.ChromiumDriver lambda$new$3
WARNING: Unable to find version of CDP to use for . You may need to include a dependency on a specific version of the CDP using something similar to `org.seleniumhq.selenium:selenium-devtools-v86:4.1.2` where the version ("v86") matches the version of the chromium-based browser you're using and the version number of the artifact is the same as Selenium's.
]]></system-err>
  </testcase>
  <testcase name="Sort vaccination bookings by unavailable date" classname="Manage vaccination bookings" time="12.325">
    <error type="net.thucydides.core.webdriver.exceptions.ElementShouldBeEnabledException"><![CDATA[net.thucydides.core.webdriver.exceptions.ElementShouldBeEnabledException: Expected enabled element was not enabled
Caused by: org.openqa.selenium.TimeoutException: Expected condition failed: waiting for By.xpath: //button[@fdprocessedid='9smnk8'] to be enabled (tried for 5 second(s) with 100 milliseconds interval)
Caused by: org.openqa.selenium.NoSuchElementException: 
no such element: Unable to locate element: {"method":"xpath","selector":"//button[@fdprocessedid='9smnk8']"}
  (Session info: chrome=108.0.5359.125)
For documentation on this error, please visit: https://selenium.dev/exceptions/#no_such_element
Build info: version: '4.1.2', revision: '9a5a329c5a'
System info: host: 'LAPTOP-CFD9EV6G', ip: '192.168.100.7', os.name: 'Windows 11', os.arch: 'amd64', os.version: '10.0', java.version: '11.0.16'
Driver info: org.openqa.selenium.chrome.ChromeDriver
Command: [924a357c1577257049ffb77a0df767cc, findElement {using=xpath, value=//button[@fdprocessedid='9smnk8']}]
Capabilities {acceptInsecureCerts: false, browserName: chrome, browserVersion: 108.0.5359.125, chrome: {chromedriverVersion: 108.0.5359.71 (1e0e3868ee06..., userDataDir: C:\Users\ASUSTUF\AppData\Lo...}, goog:chromeOptions: {debuggerAddress: localhost:55374}, javascriptEnabled: true, networkConnectionEnabled: false, pageLoadStrategy: normal, platform: WINDOWS, platformName: WINDOWS, proxy: Proxy(), se:cdp: ws://localhost:55374/devtoo..., se:cdpVersion: 108.0.5359.125, setWindowRect: true, strictFileInteractability: false, timeouts: {implicit: 0, pageLoad: 300000, script: 30000}, unhandledPromptBehavior: dismiss and notify, webauthn:extension:credBlob: true, webauthn:extension:largeBlob: true, webauthn:virtualAuthenticators: true}
Session ID: 924a357c1577257049ffb77a0df767cc
]]></error>
    <system-out><![CDATA[
Scenario: Sort vaccination bookings by unavailable date &amp#27;[90m# src/test/resources/features/ManageVaccinationBookings.feature:46&amp#27;[0m
12:57:10.065 [main] INFO io.cucumber.core.plugin.SerenityReporter - Running feature from file:///C:/Users/ASUSTUF/OneDrive/Documents/Capstone%20Project/Web%20Automation/src/test/resources/features/ManageVaccinationBookings.feature
12:57:10.072 [main] INFO  - 
  _____   ___   ___   _____     ___   _____     _     ___   _____   ___   ___  
 |_   _| | __| / __| |_   _|   / __| |_   _|   /_\   | _ \ |_   _| | __| |   \ 
   | |   | _|  \__ \   | |     \__ \   | |    / _ \  |   /   | |   | _|  | |) |
   |_|   |___| |___/   |_|     |___/   |_|   /_/ \_\ |_|_\   |_|   |___| |___/ 

Sort vaccination bookings by unavailable date(manage-vaccination-bookings;sort-vaccination-bookings-by-unavailable-date)
--------------------------------------------------------------------------------
12:57:10.109 [main] INFO net.serenitybdd.core.webdriver.driverproviders.ChromeDriverProvider - Using automatically driver download
12:57:10.180 [AsyncHttpClient-1-1] DEBUG org.asynchttpclient.netty.channel.DefaultChannelPool - Entry count for : http://localhost:55339 : 1
12:57:10.180 [AsyncHttpClient-1-1] DEBUG org.asynchttpclient.netty.channel.DefaultChannelPool - Entry count for : http://localhost:58259 : 1
12:57:10.180 [AsyncHttpClient-1-1] DEBUG org.asynchttpclient.netty.channel.DefaultChannelPool - Adding Candidate expired Channel [id: 0xa5e4c5ef, L:/127.0.0.1:55345 ! R:localhost/127.0.0.1:55339] isIdleTimeoutExpired=false isRemotelyClosed=true isTtlExpired=false
12:57:10.180 [AsyncHttpClient-1-1] DEBUG org.asynchttpclient.netty.channel.DefaultChannelPool - Closing Idle Channel [id: 0xa5e4c5ef, L:/127.0.0.1:55345 ! R:localhost/127.0.0.1:55339]
12:57:10.181 [AsyncHttpClient-1-1] DEBUG org.asynchttpclient.netty.channel.DefaultChannelPool - Adding Candidate expired Channel [id: 0x39aa75bf, L:/127.0.0.1:55337 ! R:localhost/127.0.0.1:58259] isIdleTimeoutExpired=false isRemotelyClosed=true isTtlExpired=false
12:57:10.181 [AsyncHttpClient-1-1] DEBUG org.asynchttpclient.netty.channel.DefaultChannelPool - Closing Idle Channel [id: 0x39aa75bf, L:/127.0.0.1:55337 ! R:localhost/127.0.0.1:58259]
12:57:10.181 [AsyncHttpClient-1-1] DEBUG org.asynchttpclient.netty.channel.DefaultChannelPool - Closed 2 connections out of 2 in 1 ms
12:57:10.204 [main] DEBUG io.github.bonigarcia.wdm.cache.ResolutionCache - Resolution chrome=108 in cache (valid until 13:44:30 19/12/2022 ICT)
12:57:10.209 [main] DEBUG io.github.bonigarcia.wdm.cache.ResolutionCache - Resolution chrome108=108.0.5359.71 in cache (valid until 12:44:30 20/12/2022 ICT)
12:57:10.211 [main] INFO io.github.bonigarcia.wdm.WebDriverManager - Using chromedriver 108.0.5359.71 (resolved driver for Chrome 108)
12:57:10.223 [main] DEBUG io.github.bonigarcia.wdm.WebDriverManager - Driver chromedriver 108.0.5359.71 found in cache
12:57:10.223 [main] INFO io.github.bonigarcia.wdm.WebDriverManager - Exporting webdriver.chrome.driver as C:\Users\ASUSTUF\.cache\selenium\chromedriver\win32\108.0.5359.71\chromedriver.exe
12:57:10.345 [main] DEBUG net.serenitybdd.core.webdriver.driverproviders.ProvideNewDriver - Instantiating driver
12:57:10.345 [main] DEBUG net.serenitybdd.core.webdriver.driverproviders.ProvideNewDriver - Driver capabilities: Capabilities {acceptInsecureCerts: false, base.url: https://vaksin-id.netlify.app/, browserName: chrome, chrome.driver: src/test/resources/webdrive..., driver: chrome, goog:chromeOptions: {args: [], extensions: []}}
12:57:11.067 [AsyncHttpClient-1-17] DEBUG org.asynchttpclient.netty.channel.NettyConnectListener - Using new Channel '[id: 0x6316ae0e, L:/127.0.0.1:55373 - R:localhost/127.0.0.1:62921]' for 'POST' to '/session'
12:57:11.864 [AsyncHttpClient-1-17] DEBUG org.asynchttpclient.netty.handler.HttpHandler - 

Request DefaultHttpRequest(decodeResult: success, version: HTTP/1.1)
POST /session HTTP/1.1
User-Agent: selenium/4.1.2 (java windows)
Content-Length: 616
Content-Type: application/json; charset=utf-8
host: localhost:62921
accept: */*

Response DefaultHttpResponse(decodeResult: success, version: HTTP/1.1)
HTTP/1.1 200 OK
Content-Type: application/json; charset=utf-8
cache-control: no-cache
content-length: 793

12:57:11.865 [AsyncHttpClient-1-17] DEBUG org.asynchttpclient.netty.channel.ChannelManager - Adding key: http://localhost:62921 for channel [id: 0x6316ae0e, L:/127.0.0.1:55373 - R:localhost/127.0.0.1:62921]
12:57:11.892 [AsyncHttpClient-1-18] DEBUG org.asynchttpclient.netty.channel.NettyConnectListener - Using new Channel '[id: 0xc6a16d48, L:/127.0.0.1:55381 - R:localhost/127.0.0.1:55374]' for 'GET' to '/json/version'
12:57:11.907 [AsyncHttpClient-1-18] DEBUG org.asynchttpclient.netty.handler.HttpHandler - 

Request DefaultFullHttpRequest(decodeResult: success, version: HTTP/1.1, content: EmptyByteBufBE)
GET /json/version HTTP/1.1
User-Agent: selenium/4.1.2 (java windows)
host: localhost:55374
accept: */*

Response DefaultHttpResponse(decodeResult: success, version: HTTP/1.1)
HTTP/1.1 200 OK
Content-Type: application/json; charset=UTF-8
content-length: 424

12:57:11.907 [AsyncHttpClient-1-18] DEBUG org.asynchttpclient.netty.channel.ChannelManager - Adding key: http://localhost:55374 for channel [id: 0xc6a16d48, L:/127.0.0.1:55381 - R:localhost/127.0.0.1:55374]
12:57:11.915 [AsyncHttpClient-1-19] DEBUG org.asynchttpclient.netty.channel.NettyConnectListener - Using new Channel '[id: 0x2adea877, L:/127.0.0.1:55382 - R:localhost/127.0.0.1:55374]' for 'GET' to '/devtools/browser/274fdb81-d43a-4f45-b3ef-8b637e61a539'
12:57:11.942 [AsyncHttpClient-1-19] DEBUG org.asynchttpclient.netty.handler.WebSocketHandler - 

Request DefaultFullHttpRequest(decodeResult: success, version: HTTP/1.1, content: EmptyByteBufBE)
GET /devtools/browser/274fdb81-d43a-4f45-b3ef-8b637e61a539 HTTP/1.1
upgrade: websocket
connection: upgrade
sec-websocket-key: Jk9Qiknwzv5H2V3sQ7Z+4A==
sec-websocket-version: 13
origin: http://localhost:55374
host: localhost:55374
accept: */*
user-agent: AHC/2.1

Response DefaultHttpResponse(decodeResult: success, version: HTTP/1.1)
HTTP/1.1 101 WebSocket Protocol Handshake
Upgrade: WebSocket
Connection: Upgrade
Sec-WebSocket-Accept: R1yn9jKz6nDlJmgMNF0JyGhkIzs=

12:57:11.958 [Forwarding get on session 924a357c1577257049ffb77a0df767cc to remote] DEBUG org.asynchttpclient.netty.request.NettyRequestSender - Using pooled Channel '[id: 0x6316ae0e, L:/127.0.0.1:55373 - R:localhost/127.0.0.1:62921]' for 'POST' to 'http://localhost:62921/session/924a357c1577257049ffb77a0df767cc/url'
12:57:11.958 [Forwarding get on session 924a357c1577257049ffb77a0df767cc to remote] DEBUG org.asynchttpclient.netty.request.NettyRequestSender - Using open Channel [id: 0x6316ae0e, L:/127.0.0.1:55373 - R:localhost/127.0.0.1:62921] for POST '/session/924a357c1577257049ffb77a0df767cc/url'
12:57:12.379 [AsyncHttpClient-1-1] DEBUG org.asynchttpclient.netty.channel.DefaultChannelPool - Entry count for : http://localhost:55374 : 1
12:57:12.831 [AsyncHttpClient-1-17] DEBUG org.asynchttpclient.netty.handler.HttpHandler - 

Request DefaultHttpRequest(decodeResult: success, version: HTTP/1.1)
POST /session/924a357c1577257049ffb77a0df767cc/url HTTP/1.1
User-Agent: selenium/4.1.2 (java windows)
Content-Length: 60
Content-Type: application/json; charset=utf-8
host: localhost:62921
accept: */*

Response DefaultHttpResponse(decodeResult: success, version: HTTP/1.1)
HTTP/1.1 200 OK
Content-Type: application/json; charset=utf-8
cache-control: no-cache
content-length: 14

12:57:12.832 [AsyncHttpClient-1-17] DEBUG org.asynchttpclient.netty.channel.ChannelManager - Adding key: http://localhost:62921 for channel [id: 0x6316ae0e, L:/127.0.0.1:55373 - R:localhost/127.0.0.1:62921]
12:57:12.834 [Forwarding setTimeout on session 924a357c1577257049ffb77a0df767cc to remote] DEBUG org.asynchttpclient.netty.request.NettyRequestSender - Using pooled Channel '[id: 0x6316ae0e, L:/127.0.0.1:55373 - R:localhost/127.0.0.1:62921]' for 'POST' to 'http://localhost:62921/session/924a357c1577257049ffb77a0df767cc/timeouts'
12:57:12.834 [Forwarding setTimeout on session 924a357c1577257049ffb77a0df767cc to remote] DEBUG org.asynchttpclient.netty.request.NettyRequestSender - Using open Channel [id: 0x6316ae0e, L:/127.0.0.1:55373 - R:localhost/127.0.0.1:62921] for POST '/session/924a357c1577257049ffb77a0df767cc/timeouts'
12:57:12.836 [AsyncHttpClient-1-17] DEBUG org.asynchttpclient.netty.handler.HttpHandler - 

Request DefaultHttpRequest(decodeResult: success, version: HTTP/1.1)
POST /session/924a357c1577257049ffb77a0df767cc/timeouts HTTP/1.1
User-Agent: selenium/4.1.2 (java windows)
Content-Length: 22
Content-Type: application/json; charset=utf-8
host: localhost:62921
accept: */*

Response DefaultHttpResponse(decodeResult: success, version: HTTP/1.1)
HTTP/1.1 200 OK
Content-Type: application/json; charset=utf-8
cache-control: no-cache
content-length: 14

12:57:12.837 [AsyncHttpClient-1-17] DEBUG org.asynchttpclient.netty.channel.ChannelManager - Adding key: http://localhost:62921 for channel [id: 0x6316ae0e, L:/127.0.0.1:55373 - R:localhost/127.0.0.1:62921]
12:57:12.842 [Forwarding getCurrentUrl on session 924a357c1577257049ffb77a0df767cc to remote] DEBUG org.asynchttpclient.netty.request.NettyRequestSender - Using pooled Channel '[id: 0x6316ae0e, L:/127.0.0.1:55373 - R:localhost/127.0.0.1:62921]' for 'GET' to 'http://localhost:62921/session/924a357c1577257049ffb77a0df767cc/url'
12:57:12.843 [Forwarding getCurrentUrl on session 924a357c1577257049ffb77a0df767cc to remote] DEBUG org.asynchttpclient.netty.request.NettyRequestSender - Using open Channel [id: 0x6316ae0e, L:/127.0.0.1:55373 - R:localhost/127.0.0.1:62921] for GET '/session/924a357c1577257049ffb77a0df767cc/url'
12:57:12.869 [AsyncHttpClient-1-17] DEBUG org.asynchttpclient.netty.handler.HttpHandler - 

Request DefaultFullHttpRequest(decodeResult: success, version: HTTP/1.1, content: EmptyByteBufBE)
GET /session/924a357c1577257049ffb77a0df767cc/url HTTP/1.1
User-Agent: selenium/4.1.2 (java windows)
Cache-Control: no-cache
Content-Type: application/json; charset=utf-8
host: localhost:62921
accept: */*

Response DefaultHttpResponse(decodeResult: success, version: HTTP/1.1)
HTTP/1.1 200 OK
Content-Type: application/json; charset=utf-8
cache-control: no-cache
content-length: 42

12:57:12.870 [AsyncHttpClient-1-17] DEBUG org.asynchttpclient.netty.channel.ChannelManager - Adding key: http://localhost:62921 for channel [id: 0x6316ae0e, L:/127.0.0.1:55373 - R:localhost/127.0.0.1:62921]
  &amp#27;[32mGiven &amp#27;[0m&amp#27;[32mI am on landing page&amp#27;[0m                            &amp#27;[90m# starter.stepdefinitions.ManageVaccinationBookingsSteps.iAmOnLandingPage()&amp#27;[0m
12:57:12.880 [Forwarding screenshot on session 924a357c1577257049ffb77a0df767cc to remote] DEBUG org.asynchttpclient.netty.request.NettyRequestSender - Using pooled Channel '[id: 0x6316ae0e, L:/127.0.0.1:55373 - R:localhost/127.0.0.1:62921]' for 'GET' to 'http://localhost:62921/session/924a357c1577257049ffb77a0df767cc/screenshot'
12:57:12.881 [Forwarding screenshot on session 924a357c1577257049ffb77a0df767cc to remote] DEBUG org.asynchttpclient.netty.request.NettyRequestSender - Using open Channel [id: 0x6316ae0e, L:/127.0.0.1:55373 - R:localhost/127.0.0.1:62921] for GET '/session/924a357c1577257049ffb77a0df767cc/screenshot'
12:57:13.475 [AsyncHttpClient-1-1] DEBUG org.asynchttpclient.netty.channel.DefaultChannelPool - Entry count for : http://localhost:55374 : 1
12:57:13.524 [AsyncHttpClient-1-17] DEBUG org.asynchttpclient.netty.handler.HttpHandler - 

Request DefaultFullHttpRequest(decodeResult: success, version: HTTP/1.1, content: EmptyByteBufBE)
GET /session/924a357c1577257049ffb77a0df767cc/screenshot HTTP/1.1
User-Agent: selenium/4.1.2 (java windows)
Cache-Control: no-cache
Content-Type: application/json; charset=utf-8
host: localhost:62921
accept: */*

Response DefaultHttpResponse(decodeResult: success, version: HTTP/1.1)
HTTP/1.1 200 OK
Content-Type: application/json; charset=utf-8
cache-control: no-cache
content-length: 546152

12:57:13.524 [AsyncHttpClient-1-17] DEBUG org.asynchttpclient.netty.channel.ChannelManager - Adding key: http://localhost:62921 for channel [id: 0x6316ae0e, L:/127.0.0.1:55373 - R:localhost/127.0.0.1:62921]
12:57:13.538 [main] DEBUG net.serenitybdd.core.photography.Darkroom - Send negative for processing for target\site\serenity\846d54d86fdcb6a4fd88b50e11dcb1977b8c7bd94056f8a08187b9afa22ebc6d.png
12:57:13.538 [Darkroom Processing Line] DEBUG net.serenitybdd.core.photography.DarkroomProcessingLine - Processing screenshot image in /var/screenshots/screenshot-16667244255860841567
12:57:13.538 [Darkroom Processing Line] DEBUG net.serenitybdd.core.photography.DarkroomProcessingLine - Saving screenshot to target\site\serenity\846d54d86fdcb6a4fd88b50e11dcb1977b8c7bd94056f8a08187b9afa22ebc6d.png
12:57:13.547 [Forwarding findElement on session 924a357c1577257049ffb77a0df767cc to remote] DEBUG org.asynchttpclient.netty.request.NettyRequestSender - Using pooled Channel '[id: 0x6316ae0e, L:/127.0.0.1:55373 - R:localhost/127.0.0.1:62921]' for 'POST' to 'http://localhost:62921/session/924a357c1577257049ffb77a0df767cc/element'
12:57:13.547 [Forwarding findElement on session 924a357c1577257049ffb77a0df767cc to remote] DEBUG org.asynchttpclient.netty.request.NettyRequestSender - Using open Channel [id: 0x6316ae0e, L:/127.0.0.1:55373 - R:localhost/127.0.0.1:62921] for POST '/session/924a357c1577257049ffb77a0df767cc/element'
12:57:13.574 [AsyncHttpClient-1-17] DEBUG org.asynchttpclient.netty.handler.HttpHandler - 

Request DefaultHttpRequest(decodeResult: success, version: HTTP/1.1)
POST /session/924a357c1577257049ffb77a0df767cc/element HTTP/1.1
User-Agent: selenium/4.1.2 (java windows)
Content-Length: 315
Content-Type: application/json; charset=utf-8
host: localhost:62921
accept: */*

Response DefaultHttpResponse(decodeResult: success, version: HTTP/1.1)
HTTP/1.1 200 OK
Content-Type: application/json; charset=utf-8
cache-control: no-cache
content-length: 88

12:57:13.574 [AsyncHttpClient-1-17] DEBUG org.asynchttpclient.netty.channel.ChannelManager - Adding key: http://localhost:62921 for channel [id: 0x6316ae0e, L:/127.0.0.1:55373 - R:localhost/127.0.0.1:62921]
12:57:13.575 [Forwarding getElementTagName on session 924a357c1577257049ffb77a0df767cc to remote] DEBUG org.asynchttpclient.netty.request.NettyRequestSender - Using pooled Channel '[id: 0x6316ae0e, L:/127.0.0.1:55373 - R:localhost/127.0.0.1:62921]' for 'GET' to 'http://localhost:62921/session/924a357c1577257049ffb77a0df767cc/element/fa7809c6-7e26-4301-8a93-2d883e1c8879/name'
12:57:13.575 [Forwarding getElementTagName on session 924a357c1577257049ffb77a0df767cc to remote] DEBUG org.asynchttpclient.netty.request.NettyRequestSender - Using open Channel [id: 0x6316ae0e, L:/127.0.0.1:55373 - R:localhost/127.0.0.1:62921] for GET '/session/924a357c1577257049ffb77a0df767cc/element/fa7809c6-7e26-4301-8a93-2d883e1c8879/name'
12:57:13.578 [AsyncHttpClient-1-17] DEBUG org.asynchttpclient.netty.handler.HttpHandler - 

Request DefaultFullHttpRequest(decodeResult: success, version: HTTP/1.1, content: EmptyByteBufBE)
GET /session/924a357c1577257049ffb77a0df767cc/element/fa7809c6-7e26-4301-8a93-2d883e1c8879/name HTTP/1.1
User-Agent: selenium/4.1.2 (java windows)
Cache-Control: no-cache
Content-Type: application/json; charset=utf-8
host: localhost:62921
accept: */*

Response DefaultHttpResponse(decodeResult: success, version: HTTP/1.1)
HTTP/1.1 200 OK
Content-Type: application/json; charset=utf-8
cache-control: no-cache
content-length: 18

12:57:13.578 [AsyncHttpClient-1-17] DEBUG org.asynchttpclient.netty.channel.ChannelManager - Adding key: http://localhost:62921 for channel [id: 0x6316ae0e, L:/127.0.0.1:55373 - R:localhost/127.0.0.1:62921]
12:57:13.579 [Forwarding getElementTagName on session 924a357c1577257049ffb77a0df767cc to remote] DEBUG org.asynchttpclient.netty.request.NettyRequestSender - Using pooled Channel '[id: 0x6316ae0e, L:/127.0.0.1:55373 - R:localhost/127.0.0.1:62921]' for 'GET' to 'http://localhost:62921/session/924a357c1577257049ffb77a0df767cc/element/fa7809c6-7e26-4301-8a93-2d883e1c8879/name'
12:57:13.579 [Forwarding getElementTagName on session 924a357c1577257049ffb77a0df767cc to remote] DEBUG org.asynchttpclient.netty.request.NettyRequestSender - Using open Channel [id: 0x6316ae0e, L:/127.0.0.1:55373 - R:localhost/127.0.0.1:62921] for GET '/session/924a357c1577257049ffb77a0df767cc/element/fa7809c6-7e26-4301-8a93-2d883e1c8879/name'
12:57:13.581 [AsyncHttpClient-1-17] DEBUG org.asynchttpclient.netty.handler.HttpHandler - 

Request DefaultFullHttpRequest(decodeResult: success, version: HTTP/1.1, content: EmptyByteBufBE)
GET /session/924a357c1577257049ffb77a0df767cc/element/fa7809c6-7e26-4301-8a93-2d883e1c8879/name HTTP/1.1
User-Agent: selenium/4.1.2 (java windows)
Cache-Control: no-cache
Content-Type: application/json; charset=utf-8
host: localhost:62921
accept: */*

Response DefaultHttpResponse(decodeResult: success, version: HTTP/1.1)
HTTP/1.1 200 OK
Content-Type: application/json; charset=utf-8
cache-control: no-cache
content-length: 18

12:57:13.581 [AsyncHttpClient-1-17] DEBUG org.asynchttpclient.netty.channel.ChannelManager - Adding key: http://localhost:62921 for channel [id: 0x6316ae0e, L:/127.0.0.1:55373 - R:localhost/127.0.0.1:62921]
12:57:13.582 [Forwarding isElementEnabled on session 924a357c1577257049ffb77a0df767cc to remote] DEBUG org.asynchttpclient.netty.request.NettyRequestSender - Using pooled Channel '[id: 0x6316ae0e, L:/127.0.0.1:55373 - R:localhost/127.0.0.1:62921]' for 'GET' to 'http://localhost:62921/session/924a357c1577257049ffb77a0df767cc/element/fa7809c6-7e26-4301-8a93-2d883e1c8879/enabled'
12:57:13.582 [Forwarding isElementEnabled on session 924a357c1577257049ffb77a0df767cc to remote] DEBUG org.asynchttpclient.netty.request.NettyRequestSender - Using open Channel [id: 0x6316ae0e, L:/127.0.0.1:55373 - R:localhost/127.0.0.1:62921] for GET '/session/924a357c1577257049ffb77a0df767cc/element/fa7809c6-7e26-4301-8a93-2d883e1c8879/enabled'
12:57:13.587 [AsyncHttpClient-1-17] DEBUG org.asynchttpclient.netty.handler.HttpHandler - 

Request DefaultFullHttpRequest(decodeResult: success, version: HTTP/1.1, content: EmptyByteBufBE)
GET /session/924a357c1577257049ffb77a0df767cc/element/fa7809c6-7e26-4301-8a93-2d883e1c8879/enabled HTTP/1.1
User-Agent: selenium/4.1.2 (java windows)
Cache-Control: no-cache
Content-Type: application/json; charset=utf-8
host: localhost:62921
accept: */*

Response DefaultHttpResponse(decodeResult: success, version: HTTP/1.1)
HTTP/1.1 200 OK
Content-Type: application/json; charset=utf-8
cache-control: no-cache
content-length: 14

12:57:13.587 [AsyncHttpClient-1-17] DEBUG org.asynchttpclient.netty.channel.ChannelManager - Adding key: http://localhost:62921 for channel [id: 0x6316ae0e, L:/127.0.0.1:55373 - R:localhost/127.0.0.1:62921]
12:57:13.588 [Forwarding isElementEnabled on session 924a357c1577257049ffb77a0df767cc to remote] DEBUG org.asynchttpclient.netty.request.NettyRequestSender - Using pooled Channel '[id: 0x6316ae0e, L:/127.0.0.1:55373 - R:localhost/127.0.0.1:62921]' for 'GET' to 'http://localhost:62921/session/924a357c1577257049ffb77a0df767cc/element/fa7809c6-7e26-4301-8a93-2d883e1c8879/enabled'
12:57:13.588 [Forwarding isElementEnabled on session 924a357c1577257049ffb77a0df767cc to remote] DEBUG org.asynchttpclient.netty.request.NettyRequestSender - Using open Channel [id: 0x6316ae0e, L:/127.0.0.1:55373 - R:localhost/127.0.0.1:62921] for GET '/session/924a357c1577257049ffb77a0df767cc/element/fa7809c6-7e26-4301-8a93-2d883e1c8879/enabled'
12:57:13.591 [AsyncHttpClient-1-17] DEBUG org.asynchttpclient.netty.handler.HttpHandler - 

Request DefaultFullHttpRequest(decodeResult: success, version: HTTP/1.1, content: EmptyByteBufBE)
GET /session/924a357c1577257049ffb77a0df767cc/element/fa7809c6-7e26-4301-8a93-2d883e1c8879/enabled HTTP/1.1
User-Agent: selenium/4.1.2 (java windows)
Cache-Control: no-cache
Content-Type: application/json; charset=utf-8
host: localhost:62921
accept: */*

Response DefaultHttpResponse(decodeResult: success, version: HTTP/1.1)
HTTP/1.1 200 OK
Content-Type: application/json; charset=utf-8
cache-control: no-cache
content-length: 14

12:57:13.591 [AsyncHttpClient-1-17] DEBUG org.asynchttpclient.netty.channel.ChannelManager - Adding key: http://localhost:62921 for channel [id: 0x6316ae0e, L:/127.0.0.1:55373 - R:localhost/127.0.0.1:62921]
12:57:13.592 [Forwarding findElement on session 924a357c1577257049ffb77a0df767cc to remote] DEBUG org.asynchttpclient.netty.request.NettyRequestSender - Using pooled Channel '[id: 0x6316ae0e, L:/127.0.0.1:55373 - R:localhost/127.0.0.1:62921]' for 'POST' to 'http://localhost:62921/session/924a357c1577257049ffb77a0df767cc/element'
12:57:13.593 [Forwarding findElement on session 924a357c1577257049ffb77a0df767cc to remote] DEBUG org.asynchttpclient.netty.request.NettyRequestSender - Using open Channel [id: 0x6316ae0e, L:/127.0.0.1:55373 - R:localhost/127.0.0.1:62921] for POST '/session/924a357c1577257049ffb77a0df767cc/element'
12:57:13.596 [AsyncHttpClient-1-17] DEBUG org.asynchttpclient.netty.handler.HttpHandler - 

Request DefaultHttpRequest(decodeResult: success, version: HTTP/1.1)
POST /session/924a357c1577257049ffb77a0df767cc/element HTTP/1.1
User-Agent: selenium/4.1.2 (java windows)
Content-Length: 315
Content-Type: application/json; charset=utf-8
host: localhost:62921
accept: */*

Response DefaultHttpResponse(decodeResult: success, version: HTTP/1.1)
HTTP/1.1 200 OK
Content-Type: application/json; charset=utf-8
cache-control: no-cache
content-length: 88

12:57:13.596 [AsyncHttpClient-1-17] DEBUG org.asynchttpclient.netty.channel.ChannelManager - Adding key: http://localhost:62921 for channel [id: 0x6316ae0e, L:/127.0.0.1:55373 - R:localhost/127.0.0.1:62921]
12:57:13.597 [Forwarding clickElement on session 924a357c1577257049ffb77a0df767cc to remote] DEBUG org.asynchttpclient.netty.request.NettyRequestSender - Using pooled Channel '[id: 0x6316ae0e, L:/127.0.0.1:55373 - R:localhost/127.0.0.1:62921]' for 'POST' to 'http://localhost:62921/session/924a357c1577257049ffb77a0df767cc/element/fa7809c6-7e26-4301-8a93-2d883e1c8879/click'
12:57:13.597 [Forwarding clickElement on session 924a357c1577257049ffb77a0df767cc to remote] DEBUG org.asynchttpclient.netty.request.NettyRequestSender - Using open Channel [id: 0x6316ae0e, L:/127.0.0.1:55373 - R:localhost/127.0.0.1:62921] for POST '/session/924a357c1577257049ffb77a0df767cc/element/fa7809c6-7e26-4301-8a93-2d883e1c8879/click'
12:57:13.681 [AsyncHttpClient-1-17] DEBUG org.asynchttpclient.netty.handler.HttpHandler - 

Request DefaultHttpRequest(decodeResult: success, version: HTTP/1.1)
POST /session/924a357c1577257049ffb77a0df767cc/element/fa7809c6-7e26-4301-8a93-2d883e1c8879/click HTTP/1.1
User-Agent: selenium/4.1.2 (java windows)
Content-Length: 50
Content-Type: application/json; charset=utf-8
host: localhost:62921
accept: */*

Response DefaultHttpResponse(decodeResult: success, version: HTTP/1.1)
HTTP/1.1 200 OK
Content-Type: application/json; charset=utf-8
cache-control: no-cache
content-length: 14

12:57:13.682 [AsyncHttpClient-1-17] DEBUG org.asynchttpclient.netty.channel.ChannelManager - Adding key: http://localhost:62921 for channel [id: 0x6316ae0e, L:/127.0.0.1:55373 - R:localhost/127.0.0.1:62921]
12:57:13.687 [Forwarding findElement on session 924a357c1577257049ffb77a0df767cc to remote] DEBUG org.asynchttpclient.netty.request.NettyRequestSender - Using pooled Channel '[id: 0x6316ae0e, L:/127.0.0.1:55373 - R:localhost/127.0.0.1:62921]' for 'POST' to 'http://localhost:62921/session/924a357c1577257049ffb77a0df767cc/element'
12:57:13.687 [Forwarding findElement on session 924a357c1577257049ffb77a0df767cc to remote] DEBUG org.asynchttpclient.netty.request.NettyRequestSender - Using open Channel [id: 0x6316ae0e, L:/127.0.0.1:55373 - R:localhost/127.0.0.1:62921] for POST '/session/924a357c1577257049ffb77a0df767cc/element'
12:57:13.695 [AsyncHttpClient-1-17] DEBUG org.asynchttpclient.netty.handler.HttpHandler - 

Request DefaultHttpRequest(decodeResult: success, version: HTTP/1.1)
POST /session/924a357c1577257049ffb77a0df767cc/element HTTP/1.1
User-Agent: selenium/4.1.2 (java windows)
Content-Length: 69
Content-Type: application/json; charset=utf-8
host: localhost:62921
accept: */*

Response DefaultHttpResponse(decodeResult: success, version: HTTP/1.1)
HTTP/1.1 200 OK
Content-Type: application/json; charset=utf-8
cache-control: no-cache
content-length: 88

12:57:13.696 [AsyncHttpClient-1-17] DEBUG org.asynchttpclient.netty.channel.ChannelManager - Adding key: http://localhost:62921 for channel [id: 0x6316ae0e, L:/127.0.0.1:55373 - R:localhost/127.0.0.1:62921]
12:57:13.698 [Forwarding clearElement on session 924a357c1577257049ffb77a0df767cc to remote] DEBUG org.asynchttpclient.netty.request.NettyRequestSender - Using pooled Channel '[id: 0x6316ae0e, L:/127.0.0.1:55373 - R:localhost/127.0.0.1:62921]' for 'POST' to 'http://localhost:62921/session/924a357c1577257049ffb77a0df767cc/element/d4df723d-0ce5-4635-85fd-a189e120120f/clear'
12:57:13.698 [Forwarding clearElement on session 924a357c1577257049ffb77a0df767cc to remote] DEBUG org.asynchttpclient.netty.request.NettyRequestSender - Using open Channel [id: 0x6316ae0e, L:/127.0.0.1:55373 - R:localhost/127.0.0.1:62921] for POST '/session/924a357c1577257049ffb77a0df767cc/element/d4df723d-0ce5-4635-85fd-a189e120120f/clear'
12:57:13.733 [AsyncHttpClient-1-17] DEBUG org.asynchttpclient.netty.handler.HttpHandler - 

Request DefaultHttpRequest(decodeResult: success, version: HTTP/1.1)
POST /session/924a357c1577257049ffb77a0df767cc/element/d4df723d-0ce5-4635-85fd-a189e120120f/clear HTTP/1.1
User-Agent: selenium/4.1.2 (java windows)
Content-Length: 50
Content-Type: application/json; charset=utf-8
host: localhost:62921
accept: */*

Response DefaultHttpResponse(decodeResult: success, version: HTTP/1.1)
HTTP/1.1 200 OK
Content-Type: application/json; charset=utf-8
cache-control: no-cache
content-length: 14

12:57:13.734 [AsyncHttpClient-1-17] DEBUG org.asynchttpclient.netty.channel.ChannelManager - Adding key: http://localhost:62921 for channel [id: 0x6316ae0e, L:/127.0.0.1:55373 - R:localhost/127.0.0.1:62921]
12:57:13.736 [Forwarding sendKeysToElement on session 924a357c1577257049ffb77a0df767cc to remote] DEBUG org.asynchttpclient.netty.request.NettyRequestSender - Using pooled Channel '[id: 0x6316ae0e, L:/127.0.0.1:55373 - R:localhost/127.0.0.1:62921]' for 'POST' to 'http://localhost:62921/session/924a357c1577257049ffb77a0df767cc/element/d4df723d-0ce5-4635-85fd-a189e120120f/value'
12:57:13.736 [Forwarding sendKeysToElement on session 924a357c1577257049ffb77a0df767cc to remote] DEBUG org.asynchttpclient.netty.request.NettyRequestSender - Using open Channel [id: 0x6316ae0e, L:/127.0.0.1:55373 - R:localhost/127.0.0.1:62921] for POST '/session/924a357c1577257049ffb77a0df767cc/element/d4df723d-0ce5-4635-85fd-a189e120120f/value'
12:57:13.935 [AsyncHttpClient-1-17] DEBUG org.asynchttpclient.netty.handler.HttpHandler - 

Request DefaultHttpRequest(decodeResult: success, version: HTTP/1.1)
POST /session/924a357c1577257049ffb77a0df767cc/element/d4df723d-0ce5-4635-85fd-a189e120120f/value HTTP/1.1
User-Agent: selenium/4.1.2 (java windows)
Content-Length: 411
Content-Type: application/json; charset=utf-8
host: localhost:62921
accept: */*

Response DefaultHttpResponse(decodeResult: success, version: HTTP/1.1)
HTTP/1.1 200 OK
Content-Type: application/json; charset=utf-8
cache-control: no-cache
content-length: 14

12:57:13.935 [AsyncHttpClient-1-17] DEBUG org.asynchttpclient.netty.channel.ChannelManager - Adding key: http://localhost:62921 for channel [id: 0x6316ae0e, L:/127.0.0.1:55373 - R:localhost/127.0.0.1:62921]
12:57:13.938 [Forwarding findElement on session 924a357c1577257049ffb77a0df767cc to remote] DEBUG org.asynchttpclient.netty.request.NettyRequestSender - Using pooled Channel '[id: 0x6316ae0e, L:/127.0.0.1:55373 - R:localhost/127.0.0.1:62921]' for 'POST' to 'http://localhost:62921/session/924a357c1577257049ffb77a0df767cc/element'
12:57:13.938 [Forwarding findElement on session 924a357c1577257049ffb77a0df767cc to remote] DEBUG org.asynchttpclient.netty.request.NettyRequestSender - Using open Channel [id: 0x6316ae0e, L:/127.0.0.1:55373 - R:localhost/127.0.0.1:62921] for POST '/session/924a357c1577257049ffb77a0df767cc/element'
12:57:13.949 [AsyncHttpClient-1-17] DEBUG org.asynchttpclient.netty.handler.HttpHandler - 

Request DefaultHttpRequest(decodeResult: success, version: HTTP/1.1)
POST /session/924a357c1577257049ffb77a0df767cc/element HTTP/1.1
User-Agent: selenium/4.1.2 (java windows)
Content-Length: 72
Content-Type: application/json; charset=utf-8
host: localhost:62921
accept: */*

Response DefaultHttpResponse(decodeResult: success, version: HTTP/1.1)
HTTP/1.1 200 OK
Content-Type: application/json; charset=utf-8
cache-control: no-cache
content-length: 88

12:57:13.950 [AsyncHttpClient-1-17] DEBUG org.asynchttpclient.netty.channel.ChannelManager - Adding key: http://localhost:62921 for channel [id: 0x6316ae0e, L:/127.0.0.1:55373 - R:localhost/127.0.0.1:62921]
12:57:13.951 [Forwarding clearElement on session 924a357c1577257049ffb77a0df767cc to remote] DEBUG org.asynchttpclient.netty.request.NettyRequestSender - Using pooled Channel '[id: 0x6316ae0e, L:/127.0.0.1:55373 - R:localhost/127.0.0.1:62921]' for 'POST' to 'http://localhost:62921/session/924a357c1577257049ffb77a0df767cc/element/eee578d9-5200-4b68-bebb-aeefea7f7a79/clear'
12:57:13.951 [Forwarding clearElement on session 924a357c1577257049ffb77a0df767cc to remote] DEBUG org.asynchttpclient.netty.request.NettyRequestSender - Using open Channel [id: 0x6316ae0e, L:/127.0.0.1:55373 - R:localhost/127.0.0.1:62921] for POST '/session/924a357c1577257049ffb77a0df767cc/element/eee578d9-5200-4b68-bebb-aeefea7f7a79/clear'
12:57:14.003 [AsyncHttpClient-1-17] DEBUG org.asynchttpclient.netty.handler.HttpHandler - 

Request DefaultHttpRequest(decodeResult: success, version: HTTP/1.1)
POST /session/924a357c1577257049ffb77a0df767cc/element/eee578d9-5200-4b68-bebb-aeefea7f7a79/clear HTTP/1.1
User-Agent: selenium/4.1.2 (java windows)
Content-Length: 50
Content-Type: application/json; charset=utf-8
host: localhost:62921
accept: */*

Response DefaultHttpResponse(decodeResult: success, version: HTTP/1.1)
HTTP/1.1 200 OK
Content-Type: application/json; charset=utf-8
cache-control: no-cache
content-length: 14

12:57:14.003 [AsyncHttpClient-1-17] DEBUG org.asynchttpclient.netty.channel.ChannelManager - Adding key: http://localhost:62921 for channel [id: 0x6316ae0e, L:/127.0.0.1:55373 - R:localhost/127.0.0.1:62921]
12:57:14.007 [Forwarding sendKeysToElement on session 924a357c1577257049ffb77a0df767cc to remote] DEBUG org.asynchttpclient.netty.request.NettyRequestSender - Using pooled Channel '[id: 0x6316ae0e, L:/127.0.0.1:55373 - R:localhost/127.0.0.1:62921]' for 'POST' to 'http://localhost:62921/session/924a357c1577257049ffb77a0df767cc/element/eee578d9-5200-4b68-bebb-aeefea7f7a79/value'
12:57:14.007 [Forwarding sendKeysToElement on session 924a357c1577257049ffb77a0df767cc to remote] DEBUG org.asynchttpclient.netty.request.NettyRequestSender - Using open Channel [id: 0x6316ae0e, L:/127.0.0.1:55373 - R:localhost/127.0.0.1:62921] for POST '/session/924a357c1577257049ffb77a0df767cc/element/eee578d9-5200-4b68-bebb-aeefea7f7a79/value'
12:57:14.116 [AsyncHttpClient-1-17] DEBUG org.asynchttpclient.netty.handler.HttpHandler - 

Request DefaultHttpRequest(decodeResult: success, version: HTTP/1.1)
POST /session/924a357c1577257049ffb77a0df767cc/element/eee578d9-5200-4b68-bebb-aeefea7f7a79/value HTTP/1.1
User-Agent: selenium/4.1.2 (java windows)
Content-Length: 241
Content-Type: application/json; charset=utf-8
host: localhost:62921
accept: */*

Response DefaultHttpResponse(decodeResult: success, version: HTTP/1.1)
HTTP/1.1 200 OK
Content-Type: application/json; charset=utf-8
cache-control: no-cache
content-length: 14

12:57:14.117 [AsyncHttpClient-1-17] DEBUG org.asynchttpclient.netty.channel.ChannelManager - Adding key: http://localhost:62921 for channel [id: 0x6316ae0e, L:/127.0.0.1:55373 - R:localhost/127.0.0.1:62921]
12:57:14.121 [Forwarding findElement on session 924a357c1577257049ffb77a0df767cc to remote] DEBUG org.asynchttpclient.netty.request.NettyRequestSender - Using pooled Channel '[id: 0x6316ae0e, L:/127.0.0.1:55373 - R:localhost/127.0.0.1:62921]' for 'POST' to 'http://localhost:62921/session/924a357c1577257049ffb77a0df767cc/element'
12:57:14.121 [Forwarding findElement on session 924a357c1577257049ffb77a0df767cc to remote] DEBUG org.asynchttpclient.netty.request.NettyRequestSender - Using open Channel [id: 0x6316ae0e, L:/127.0.0.1:55373 - R:localhost/127.0.0.1:62921] for POST '/session/924a357c1577257049ffb77a0df767cc/element'
12:57:14.131 [AsyncHttpClient-1-17] DEBUG org.asynchttpclient.netty.handler.HttpHandler - 

Request DefaultHttpRequest(decodeResult: success, version: HTTP/1.1)
POST /session/924a357c1577257049ffb77a0df767cc/element HTTP/1.1
User-Agent: selenium/4.1.2 (java windows)
Content-Length: 321
Content-Type: application/json; charset=utf-8
host: localhost:62921
accept: */*

Response DefaultHttpResponse(decodeResult: success, version: HTTP/1.1)
HTTP/1.1 200 OK
Content-Type: application/json; charset=utf-8
cache-control: no-cache
content-length: 88

12:57:14.131 [AsyncHttpClient-1-17] DEBUG org.asynchttpclient.netty.channel.ChannelManager - Adding key: http://localhost:62921 for channel [id: 0x6316ae0e, L:/127.0.0.1:55373 - R:localhost/127.0.0.1:62921]
12:57:14.132 [Forwarding getElementTagName on session 924a357c1577257049ffb77a0df767cc to remote] DEBUG org.asynchttpclient.netty.request.NettyRequestSender - Using pooled Channel '[id: 0x6316ae0e, L:/127.0.0.1:55373 - R:localhost/127.0.0.1:62921]' for 'GET' to 'http://localhost:62921/session/924a357c1577257049ffb77a0df767cc/element/4e087d04-0316-477b-a3cf-01b91416c174/name'
12:57:14.132 [Forwarding getElementTagName on session 924a357c1577257049ffb77a0df767cc to remote] DEBUG org.asynchttpclient.netty.request.NettyRequestSender - Using open Channel [id: 0x6316ae0e, L:/127.0.0.1:55373 - R:localhost/127.0.0.1:62921] for GET '/session/924a357c1577257049ffb77a0df767cc/element/4e087d04-0316-477b-a3cf-01b91416c174/name'
12:57:14.138 [AsyncHttpClient-1-17] DEBUG org.asynchttpclient.netty.handler.HttpHandler - 

Request DefaultFullHttpRequest(decodeResult: success, version: HTTP/1.1, content: EmptyByteBufBE)
GET /session/924a357c1577257049ffb77a0df767cc/element/4e087d04-0316-477b-a3cf-01b91416c174/name HTTP/1.1
User-Agent: selenium/4.1.2 (java windows)
Cache-Control: no-cache
Content-Type: application/json; charset=utf-8
host: localhost:62921
accept: */*

Response DefaultHttpResponse(decodeResult: success, version: HTTP/1.1)
HTTP/1.1 200 OK
Content-Type: application/json; charset=utf-8
cache-control: no-cache
content-length: 18

12:57:14.138 [AsyncHttpClient-1-17] DEBUG org.asynchttpclient.netty.channel.ChannelManager - Adding key: http://localhost:62921 for channel [id: 0x6316ae0e, L:/127.0.0.1:55373 - R:localhost/127.0.0.1:62921]
12:57:14.139 [Forwarding getElementTagName on session 924a357c1577257049ffb77a0df767cc to remote] DEBUG org.asynchttpclient.netty.request.NettyRequestSender - Using pooled Channel '[id: 0x6316ae0e, L:/127.0.0.1:55373 - R:localhost/127.0.0.1:62921]' for 'GET' to 'http://localhost:62921/session/924a357c1577257049ffb77a0df767cc/element/4e087d04-0316-477b-a3cf-01b91416c174/name'
12:57:14.139 [Forwarding getElementTagName on session 924a357c1577257049ffb77a0df767cc to remote] DEBUG org.asynchttpclient.netty.request.NettyRequestSender - Using open Channel [id: 0x6316ae0e, L:/127.0.0.1:55373 - R:localhost/127.0.0.1:62921] for GET '/session/924a357c1577257049ffb77a0df767cc/element/4e087d04-0316-477b-a3cf-01b91416c174/name'
12:57:14.146 [AsyncHttpClient-1-17] DEBUG org.asynchttpclient.netty.handler.HttpHandler - 

Request DefaultFullHttpRequest(decodeResult: success, version: HTTP/1.1, content: EmptyByteBufBE)
GET /session/924a357c1577257049ffb77a0df767cc/element/4e087d04-0316-477b-a3cf-01b91416c174/name HTTP/1.1
User-Agent: selenium/4.1.2 (java windows)
Cache-Control: no-cache
Content-Type: application/json; charset=utf-8
host: localhost:62921
accept: */*

Response DefaultHttpResponse(decodeResult: success, version: HTTP/1.1)
HTTP/1.1 200 OK
Content-Type: application/json; charset=utf-8
cache-control: no-cache
content-length: 18

12:57:14.146 [AsyncHttpClient-1-17] DEBUG org.asynchttpclient.netty.channel.ChannelManager - Adding key: http://localhost:62921 for channel [id: 0x6316ae0e, L:/127.0.0.1:55373 - R:localhost/127.0.0.1:62921]
12:57:14.150 [Forwarding isElementEnabled on session 924a357c1577257049ffb77a0df767cc to remote] DEBUG org.asynchttpclient.netty.request.NettyRequestSender - Using pooled Channel '[id: 0x6316ae0e, L:/127.0.0.1:55373 - R:localhost/127.0.0.1:62921]' for 'GET' to 'http://localhost:62921/session/924a357c1577257049ffb77a0df767cc/element/4e087d04-0316-477b-a3cf-01b91416c174/enabled'
12:57:14.151 [Forwarding isElementEnabled on session 924a357c1577257049ffb77a0df767cc to remote] DEBUG org.asynchttpclient.netty.request.NettyRequestSender - Using open Channel [id: 0x6316ae0e, L:/127.0.0.1:55373 - R:localhost/127.0.0.1:62921] for GET '/session/924a357c1577257049ffb77a0df767cc/element/4e087d04-0316-477b-a3cf-01b91416c174/enabled'
12:57:14.159 [AsyncHttpClient-1-17] DEBUG org.asynchttpclient.netty.handler.HttpHandler - 

Request DefaultFullHttpRequest(decodeResult: success, version: HTTP/1.1, content: EmptyByteBufBE)
GET /session/924a357c1577257049ffb77a0df767cc/element/4e087d04-0316-477b-a3cf-01b91416c174/enabled HTTP/1.1
User-Agent: selenium/4.1.2 (java windows)
Cache-Control: no-cache
Content-Type: application/json; charset=utf-8
host: localhost:62921
accept: */*

Response DefaultHttpResponse(decodeResult: success, version: HTTP/1.1)
HTTP/1.1 200 OK
Content-Type: application/json; charset=utf-8
cache-control: no-cache
content-length: 14

12:57:14.159 [AsyncHttpClient-1-17] DEBUG org.asynchttpclient.netty.channel.ChannelManager - Adding key: http://localhost:62921 for channel [id: 0x6316ae0e, L:/127.0.0.1:55373 - R:localhost/127.0.0.1:62921]
12:57:14.161 [Forwarding isElementEnabled on session 924a357c1577257049ffb77a0df767cc to remote] DEBUG org.asynchttpclient.netty.request.NettyRequestSender - Using pooled Channel '[id: 0x6316ae0e, L:/127.0.0.1:55373 - R:localhost/127.0.0.1:62921]' for 'GET' to 'http://localhost:62921/session/924a357c1577257049ffb77a0df767cc/element/4e087d04-0316-477b-a3cf-01b91416c174/enabled'
12:57:14.161 [Forwarding isElementEnabled on session 924a357c1577257049ffb77a0df767cc to remote] DEBUG org.asynchttpclient.netty.request.NettyRequestSender - Using open Channel [id: 0x6316ae0e, L:/127.0.0.1:55373 - R:localhost/127.0.0.1:62921] for GET '/session/924a357c1577257049ffb77a0df767cc/element/4e087d04-0316-477b-a3cf-01b91416c174/enabled'
12:57:14.165 [AsyncHttpClient-1-17] DEBUG org.asynchttpclient.netty.handler.HttpHandler - 

Request DefaultFullHttpRequest(decodeResult: success, version: HTTP/1.1, content: EmptyByteBufBE)
GET /session/924a357c1577257049ffb77a0df767cc/element/4e087d04-0316-477b-a3cf-01b91416c174/enabled HTTP/1.1
User-Agent: selenium/4.1.2 (java windows)
Cache-Control: no-cache
Content-Type: application/json; charset=utf-8
host: localhost:62921
accept: */*

Response DefaultHttpResponse(decodeResult: success, version: HTTP/1.1)
HTTP/1.1 200 OK
Content-Type: application/json; charset=utf-8
cache-control: no-cache
content-length: 14

12:57:14.165 [AsyncHttpClient-1-17] DEBUG org.asynchttpclient.netty.channel.ChannelManager - Adding key: http://localhost:62921 for channel [id: 0x6316ae0e, L:/127.0.0.1:55373 - R:localhost/127.0.0.1:62921]
12:57:14.167 [Forwarding findElement on session 924a357c1577257049ffb77a0df767cc to remote] DEBUG org.asynchttpclient.netty.request.NettyRequestSender - Using pooled Channel '[id: 0x6316ae0e, L:/127.0.0.1:55373 - R:localhost/127.0.0.1:62921]' for 'POST' to 'http://localhost:62921/session/924a357c1577257049ffb77a0df767cc/element'
12:57:14.167 [Forwarding findElement on session 924a357c1577257049ffb77a0df767cc to remote] DEBUG org.asynchttpclient.netty.request.NettyRequestSender - Using open Channel [id: 0x6316ae0e, L:/127.0.0.1:55373 - R:localhost/127.0.0.1:62921] for POST '/session/924a357c1577257049ffb77a0df767cc/element'
12:57:14.176 [AsyncHttpClient-1-17] DEBUG org.asynchttpclient.netty.handler.HttpHandler - 

Request DefaultHttpRequest(decodeResult: success, version: HTTP/1.1)
POST /session/924a357c1577257049ffb77a0df767cc/element HTTP/1.1
User-Agent: selenium/4.1.2 (java windows)
Content-Length: 321
Content-Type: application/json; charset=utf-8
host: localhost:62921
accept: */*

Response DefaultHttpResponse(decodeResult: success, version: HTTP/1.1)
HTTP/1.1 200 OK
Content-Type: application/json; charset=utf-8
cache-control: no-cache
content-length: 88

12:57:14.177 [AsyncHttpClient-1-17] DEBUG org.asynchttpclient.netty.channel.ChannelManager - Adding key: http://localhost:62921 for channel [id: 0x6316ae0e, L:/127.0.0.1:55373 - R:localhost/127.0.0.1:62921]
12:57:14.178 [Forwarding clickElement on session 924a357c1577257049ffb77a0df767cc to remote] DEBUG org.asynchttpclient.netty.request.NettyRequestSender - Using pooled Channel '[id: 0x6316ae0e, L:/127.0.0.1:55373 - R:localhost/127.0.0.1:62921]' for 'POST' to 'http://localhost:62921/session/924a357c1577257049ffb77a0df767cc/element/4e087d04-0316-477b-a3cf-01b91416c174/click'
12:57:14.178 [Forwarding clickElement on session 924a357c1577257049ffb77a0df767cc to remote] DEBUG org.asynchttpclient.netty.request.NettyRequestSender - Using open Channel [id: 0x6316ae0e, L:/127.0.0.1:55373 - R:localhost/127.0.0.1:62921] for POST '/session/924a357c1577257049ffb77a0df767cc/element/4e087d04-0316-477b-a3cf-01b91416c174/click'
12:57:14.220 [AsyncHttpClient-1-17] DEBUG org.asynchttpclient.netty.handler.HttpHandler - 

Request DefaultHttpRequest(decodeResult: success, version: HTTP/1.1)
POST /session/924a357c1577257049ffb77a0df767cc/element/4e087d04-0316-477b-a3cf-01b91416c174/click HTTP/1.1
User-Agent: selenium/4.1.2 (java windows)
Content-Length: 50
Content-Type: application/json; charset=utf-8
host: localhost:62921
accept: */*

Response DefaultHttpResponse(decodeResult: success, version: HTTP/1.1)
HTTP/1.1 200 OK
Content-Type: application/json; charset=utf-8
cache-control: no-cache
content-length: 14

12:57:14.220 [AsyncHttpClient-1-17] DEBUG org.asynchttpclient.netty.channel.ChannelManager - Adding key: http://localhost:62921 for channel [id: 0x6316ae0e, L:/127.0.0.1:55373 - R:localhost/127.0.0.1:62921]
  &amp#27;[32mAnd &amp#27;[0m&amp#27;[32mI have logged in&amp#27;[0m                                  &amp#27;[90m# starter.stepdefinitions.ManageVaccinationBookingsSteps.iHaveLoggedIn()&amp#27;[0m
12:57:14.228 [Forwarding screenshot on session 924a357c1577257049ffb77a0df767cc to remote] DEBUG org.asynchttpclient.netty.request.NettyRequestSender - Using pooled Channel '[id: 0x6316ae0e, L:/127.0.0.1:55373 - R:localhost/127.0.0.1:62921]' for 'GET' to 'http://localhost:62921/session/924a357c1577257049ffb77a0df767cc/screenshot'
12:57:14.228 [Forwarding screenshot on session 924a357c1577257049ffb77a0df767cc to remote] DEBUG org.asynchttpclient.netty.request.NettyRequestSender - Using open Channel [id: 0x6316ae0e, L:/127.0.0.1:55373 - R:localhost/127.0.0.1:62921] for GET '/session/924a357c1577257049ffb77a0df767cc/screenshot'
12:57:14.376 [AsyncHttpClient-1-17] DEBUG org.asynchttpclient.netty.handler.HttpHandler - 

Request DefaultFullHttpRequest(decodeResult: success, version: HTTP/1.1, content: EmptyByteBufBE)
GET /session/924a357c1577257049ffb77a0df767cc/screenshot HTTP/1.1
User-Agent: selenium/4.1.2 (java windows)
Cache-Control: no-cache
Content-Type: application/json; charset=utf-8
host: localhost:62921
accept: */*

Response DefaultHttpResponse(decodeResult: success, version: HTTP/1.1)
HTTP/1.1 200 OK
Content-Type: application/json; charset=utf-8
cache-control: no-cache
content-length: 116252

12:57:14.377 [AsyncHttpClient-1-17] DEBUG org.asynchttpclient.netty.channel.ChannelManager - Adding key: http://localhost:62921 for channel [id: 0x6316ae0e, L:/127.0.0.1:55373 - R:localhost/127.0.0.1:62921]
12:57:14.381 [main] DEBUG net.serenitybdd.core.photography.Darkroom - Send negative for processing for target\site\serenity\2a3fbc8c00945247cc6cb265b26c4d6734a201449342926c12c5de3cb99aab69.png
12:57:14.381 [Darkroom Processing Line] DEBUG net.serenitybdd.core.photography.DarkroomProcessingLine - Processing screenshot image in /var/screenshots/screenshot-17911657559697702458
12:57:14.381 [Darkroom Processing Line] DEBUG net.serenitybdd.core.photography.DarkroomProcessingLine - Saving screenshot to target\site\serenity\2a3fbc8c00945247cc6cb265b26c4d6734a201449342926c12c5de3cb99aab69.png
12:57:14.389 [Forwarding findElement on session 924a357c1577257049ffb77a0df767cc to remote] DEBUG org.asynchttpclient.netty.request.NettyRequestSender - Using pooled Channel '[id: 0x6316ae0e, L:/127.0.0.1:55373 - R:localhost/127.0.0.1:62921]' for 'POST' to 'http://localhost:62921/session/924a357c1577257049ffb77a0df767cc/element'
12:57:14.389 [Forwarding findElement on session 924a357c1577257049ffb77a0df767cc to remote] DEBUG org.asynchttpclient.netty.request.NettyRequestSender - Using open Channel [id: 0x6316ae0e, L:/127.0.0.1:55373 - R:localhost/127.0.0.1:62921] for POST '/session/924a357c1577257049ffb77a0df767cc/element'
12:57:14.572 [AsyncHttpClient-1-1] DEBUG org.asynchttpclient.netty.channel.DefaultChannelPool - Entry count for : http://localhost:55374 : 1
12:57:14.723 [AsyncHttpClient-1-17] DEBUG org.asynchttpclient.netty.handler.HttpHandler - 

Request DefaultHttpRequest(decodeResult: success, version: HTTP/1.1)
POST /session/924a357c1577257049ffb77a0df767cc/element HTTP/1.1
User-Agent: selenium/4.1.2 (java windows)
Content-Length: 80
Content-Type: application/json; charset=utf-8
host: localhost:62921
accept: */*

Response DefaultHttpResponse(decodeResult: success, version: HTTP/1.1)
HTTP/1.1 200 OK
Content-Type: application/json; charset=utf-8
cache-control: no-cache
content-length: 88

12:57:14.723 [AsyncHttpClient-1-17] DEBUG org.asynchttpclient.netty.channel.ChannelManager - Adding key: http://localhost:62921 for channel [id: 0x6316ae0e, L:/127.0.0.1:55373 - R:localhost/127.0.0.1:62921]
12:57:14.725 [Forwarding getElementTagName on session 924a357c1577257049ffb77a0df767cc to remote] DEBUG org.asynchttpclient.netty.request.NettyRequestSender - Using pooled Channel '[id: 0x6316ae0e, L:/127.0.0.1:55373 - R:localhost/127.0.0.1:62921]' for 'GET' to 'http://localhost:62921/session/924a357c1577257049ffb77a0df767cc/element/2462524d-cd9c-40a6-8b57-0207447a335b/name'
12:57:14.725 [Forwarding getElementTagName on session 924a357c1577257049ffb77a0df767cc to remote] DEBUG org.asynchttpclient.netty.request.NettyRequestSender - Using open Channel [id: 0x6316ae0e, L:/127.0.0.1:55373 - R:localhost/127.0.0.1:62921] for GET '/session/924a357c1577257049ffb77a0df767cc/element/2462524d-cd9c-40a6-8b57-0207447a335b/name'
12:57:14.733 [AsyncHttpClient-1-17] DEBUG org.asynchttpclient.netty.handler.HttpHandler - 

Request DefaultFullHttpRequest(decodeResult: success, version: HTTP/1.1, content: EmptyByteBufBE)
GET /session/924a357c1577257049ffb77a0df767cc/element/2462524d-cd9c-40a6-8b57-0207447a335b/name HTTP/1.1
User-Agent: selenium/4.1.2 (java windows)
Cache-Control: no-cache
Content-Type: application/json; charset=utf-8
host: localhost:62921
accept: */*

Response DefaultHttpResponse(decodeResult: success, version: HTTP/1.1)
HTTP/1.1 200 OK
Content-Type: application/json; charset=utf-8
cache-control: no-cache
content-length: 13

12:57:14.733 [AsyncHttpClient-1-17] DEBUG org.asynchttpclient.netty.channel.ChannelManager - Adding key: http://localhost:62921 for channel [id: 0x6316ae0e, L:/127.0.0.1:55373 - R:localhost/127.0.0.1:62921]
12:57:14.736 [Forwarding getElementTagName on session 924a357c1577257049ffb77a0df767cc to remote] DEBUG org.asynchttpclient.netty.request.NettyRequestSender - Using pooled Channel '[id: 0x6316ae0e, L:/127.0.0.1:55373 - R:localhost/127.0.0.1:62921]' for 'GET' to 'http://localhost:62921/session/924a357c1577257049ffb77a0df767cc/element/2462524d-cd9c-40a6-8b57-0207447a335b/name'
12:57:14.736 [Forwarding getElementTagName on session 924a357c1577257049ffb77a0df767cc to remote] DEBUG org.asynchttpclient.netty.request.NettyRequestSender - Using open Channel [id: 0x6316ae0e, L:/127.0.0.1:55373 - R:localhost/127.0.0.1:62921] for GET '/session/924a357c1577257049ffb77a0df767cc/element/2462524d-cd9c-40a6-8b57-0207447a335b/name'
12:57:14.739 [AsyncHttpClient-1-17] DEBUG org.asynchttpclient.netty.handler.HttpHandler - 

Request DefaultFullHttpRequest(decodeResult: success, version: HTTP/1.1, content: EmptyByteBufBE)
GET /session/924a357c1577257049ffb77a0df767cc/element/2462524d-cd9c-40a6-8b57-0207447a335b/name HTTP/1.1
User-Agent: selenium/4.1.2 (java windows)
Cache-Control: no-cache
Content-Type: application/json; charset=utf-8
host: localhost:62921
accept: */*

Response DefaultHttpResponse(decodeResult: success, version: HTTP/1.1)
HTTP/1.1 200 OK
Content-Type: application/json; charset=utf-8
cache-control: no-cache
content-length: 13

12:57:14.739 [AsyncHttpClient-1-17] DEBUG org.asynchttpclient.netty.channel.ChannelManager - Adding key: http://localhost:62921 for channel [id: 0x6316ae0e, L:/127.0.0.1:55373 - R:localhost/127.0.0.1:62921]
12:57:14.741 [Forwarding findElement on session 924a357c1577257049ffb77a0df767cc to remote] DEBUG org.asynchttpclient.netty.request.NettyRequestSender - Using pooled Channel '[id: 0x6316ae0e, L:/127.0.0.1:55373 - R:localhost/127.0.0.1:62921]' for 'POST' to 'http://localhost:62921/session/924a357c1577257049ffb77a0df767cc/element'
12:57:14.741 [Forwarding findElement on session 924a357c1577257049ffb77a0df767cc to remote] DEBUG org.asynchttpclient.netty.request.NettyRequestSender - Using open Channel [id: 0x6316ae0e, L:/127.0.0.1:55373 - R:localhost/127.0.0.1:62921] for POST '/session/924a357c1577257049ffb77a0df767cc/element'
12:57:14.747 [AsyncHttpClient-1-17] DEBUG org.asynchttpclient.netty.handler.HttpHandler - 

Request DefaultHttpRequest(decodeResult: success, version: HTTP/1.1)
POST /session/924a357c1577257049ffb77a0df767cc/element HTTP/1.1
User-Agent: selenium/4.1.2 (java windows)
Content-Length: 80
Content-Type: application/json; charset=utf-8
host: localhost:62921
accept: */*

Response DefaultHttpResponse(decodeResult: success, version: HTTP/1.1)
HTTP/1.1 200 OK
Content-Type: application/json; charset=utf-8
cache-control: no-cache
content-length: 88

12:57:14.747 [AsyncHttpClient-1-17] DEBUG org.asynchttpclient.netty.channel.ChannelManager - Adding key: http://localhost:62921 for channel [id: 0x6316ae0e, L:/127.0.0.1:55373 - R:localhost/127.0.0.1:62921]
12:57:14.748 [Forwarding clickElement on session 924a357c1577257049ffb77a0df767cc to remote] DEBUG org.asynchttpclient.netty.request.NettyRequestSender - Using pooled Channel '[id: 0x6316ae0e, L:/127.0.0.1:55373 - R:localhost/127.0.0.1:62921]' for 'POST' to 'http://localhost:62921/session/924a357c1577257049ffb77a0df767cc/element/2462524d-cd9c-40a6-8b57-0207447a335b/click'
12:57:14.748 [Forwarding clickElement on session 924a357c1577257049ffb77a0df767cc to remote] DEBUG org.asynchttpclient.netty.request.NettyRequestSender - Using open Channel [id: 0x6316ae0e, L:/127.0.0.1:55373 - R:localhost/127.0.0.1:62921] for POST '/session/924a357c1577257049ffb77a0df767cc/element/2462524d-cd9c-40a6-8b57-0207447a335b/click'
12:57:14.845 [AsyncHttpClient-1-17] DEBUG org.asynchttpclient.netty.handler.HttpHandler - 

Request DefaultHttpRequest(decodeResult: success, version: HTTP/1.1)
POST /session/924a357c1577257049ffb77a0df767cc/element/2462524d-cd9c-40a6-8b57-0207447a335b/click HTTP/1.1
User-Agent: selenium/4.1.2 (java windows)
Content-Length: 50
Content-Type: application/json; charset=utf-8
host: localhost:62921
accept: */*

Response DefaultHttpResponse(decodeResult: success, version: HTTP/1.1)
HTTP/1.1 200 OK
Content-Type: application/json; charset=utf-8
cache-control: no-cache
content-length: 14

12:57:14.845 [AsyncHttpClient-1-17] DEBUG org.asynchttpclient.netty.channel.ChannelManager - Adding key: http://localhost:62921 for channel [id: 0x6316ae0e, L:/127.0.0.1:55373 - R:localhost/127.0.0.1:62921]
  &amp#27;[32mWhen &amp#27;[0m&amp#27;[32mI go to Book Vaksinasi page&amp#27;[0m                      &amp#27;[90m# starter.stepdefinitions.ManageVaccinationBookingsSteps.iGoToBookVaksinasiPage()&amp#27;[0m
12:57:14.851 [Forwarding screenshot on session 924a357c1577257049ffb77a0df767cc to remote] DEBUG org.asynchttpclient.netty.request.NettyRequestSender - Using pooled Channel '[id: 0x6316ae0e, L:/127.0.0.1:55373 - R:localhost/127.0.0.1:62921]' for 'GET' to 'http://localhost:62921/session/924a357c1577257049ffb77a0df767cc/screenshot'
12:57:14.851 [Forwarding screenshot on session 924a357c1577257049ffb77a0df767cc to remote] DEBUG org.asynchttpclient.netty.request.NettyRequestSender - Using open Channel [id: 0x6316ae0e, L:/127.0.0.1:55373 - R:localhost/127.0.0.1:62921] for GET '/session/924a357c1577257049ffb77a0df767cc/screenshot'
12:57:15.051 [AsyncHttpClient-1-17] DEBUG org.asynchttpclient.netty.handler.HttpHandler - 

Request DefaultFullHttpRequest(decodeResult: success, version: HTTP/1.1, content: EmptyByteBufBE)
GET /session/924a357c1577257049ffb77a0df767cc/screenshot HTTP/1.1
User-Agent: selenium/4.1.2 (java windows)
Cache-Control: no-cache
Content-Type: application/json; charset=utf-8
host: localhost:62921
accept: */*

Response DefaultHttpResponse(decodeResult: success, version: HTTP/1.1)
HTTP/1.1 200 OK
Content-Type: application/json; charset=utf-8
cache-control: no-cache
content-length: 108540

12:57:15.052 [AsyncHttpClient-1-17] DEBUG org.asynchttpclient.netty.channel.ChannelManager - Adding key: http://localhost:62921 for channel [id: 0x6316ae0e, L:/127.0.0.1:55373 - R:localhost/127.0.0.1:62921]
12:57:15.059 [main] DEBUG net.serenitybdd.core.photography.Darkroom - Send negative for processing for target\site\serenity\4341fcd809a139a944b6b3299c30171b6e828f54ae8826b271686b572976d578.png
12:57:15.060 [Darkroom Processing Line] DEBUG net.serenitybdd.core.photography.DarkroomProcessingLine - Processing screenshot image in /var/screenshots/screenshot-9552458245037321522
12:57:15.060 [Darkroom Processing Line] DEBUG net.serenitybdd.core.photography.DarkroomProcessingLine - Saving screenshot to target\site\serenity\4341fcd809a139a944b6b3299c30171b6e828f54ae8826b271686b572976d578.png
12:57:15.084 [Forwarding findElement on session 924a357c1577257049ffb77a0df767cc to remote] DEBUG org.asynchttpclient.netty.request.NettyRequestSender - Using pooled Channel '[id: 0x6316ae0e, L:/127.0.0.1:55373 - R:localhost/127.0.0.1:62921]' for 'POST' to 'http://localhost:62921/session/924a357c1577257049ffb77a0df767cc/element'
12:57:15.084 [Forwarding findElement on session 924a357c1577257049ffb77a0df767cc to remote] DEBUG org.asynchttpclient.netty.request.NettyRequestSender - Using open Channel [id: 0x6316ae0e, L:/127.0.0.1:55373 - R:localhost/127.0.0.1:62921] for POST '/session/924a357c1577257049ffb77a0df767cc/element'
12:57:15.114 [AsyncHttpClient-1-17] DEBUG org.asynchttpclient.netty.handler.HttpHandler - 

Request DefaultHttpRequest(decodeResult: success, version: HTTP/1.1)
POST /session/924a357c1577257049ffb77a0df767cc/element HTTP/1.1
User-Agent: selenium/4.1.2 (java windows)
Content-Length: 161
Content-Type: application/json; charset=utf-8
host: localhost:62921
accept: */*

Response DefaultHttpResponse(decodeResult: success, version: HTTP/1.1)
HTTP/1.1 200 OK
Content-Type: application/json; charset=utf-8
cache-control: no-cache
content-length: 88

12:57:15.115 [AsyncHttpClient-1-17] DEBUG org.asynchttpclient.netty.channel.ChannelManager - Adding key: http://localhost:62921 for channel [id: 0x6316ae0e, L:/127.0.0.1:55373 - R:localhost/127.0.0.1:62921]
12:57:15.118 [Forwarding getElementTagName on session 924a357c1577257049ffb77a0df767cc to remote] DEBUG org.asynchttpclient.netty.request.NettyRequestSender - Using pooled Channel '[id: 0x6316ae0e, L:/127.0.0.1:55373 - R:localhost/127.0.0.1:62921]' for 'GET' to 'http://localhost:62921/session/924a357c1577257049ffb77a0df767cc/element/a561578e-40d5-4d5a-aebc-1e701021a51f/name'
12:57:15.118 [Forwarding getElementTagName on session 924a357c1577257049ffb77a0df767cc to remote] DEBUG org.asynchttpclient.netty.request.NettyRequestSender - Using open Channel [id: 0x6316ae0e, L:/127.0.0.1:55373 - R:localhost/127.0.0.1:62921] for GET '/session/924a357c1577257049ffb77a0df767cc/element/a561578e-40d5-4d5a-aebc-1e701021a51f/name'
12:57:15.128 [AsyncHttpClient-1-17] DEBUG org.asynchttpclient.netty.handler.HttpHandler - 

Request DefaultFullHttpRequest(decodeResult: success, version: HTTP/1.1, content: EmptyByteBufBE)
GET /session/924a357c1577257049ffb77a0df767cc/element/a561578e-40d5-4d5a-aebc-1e701021a51f/name HTTP/1.1
User-Agent: selenium/4.1.2 (java windows)
Cache-Control: no-cache
Content-Type: application/json; charset=utf-8
host: localhost:62921
accept: */*

Response DefaultHttpResponse(decodeResult: success, version: HTTP/1.1)
HTTP/1.1 200 OK
Content-Type: application/json; charset=utf-8
cache-control: no-cache
content-length: 18

12:57:15.130 [AsyncHttpClient-1-17] DEBUG org.asynchttpclient.netty.channel.ChannelManager - Adding key: http://localhost:62921 for channel [id: 0x6316ae0e, L:/127.0.0.1:55373 - R:localhost/127.0.0.1:62921]
12:57:15.133 [Forwarding getElementTagName on session 924a357c1577257049ffb77a0df767cc to remote] DEBUG org.asynchttpclient.netty.request.NettyRequestSender - Using pooled Channel '[id: 0x6316ae0e, L:/127.0.0.1:55373 - R:localhost/127.0.0.1:62921]' for 'GET' to 'http://localhost:62921/session/924a357c1577257049ffb77a0df767cc/element/a561578e-40d5-4d5a-aebc-1e701021a51f/name'
12:57:15.133 [Forwarding getElementTagName on session 924a357c1577257049ffb77a0df767cc to remote] DEBUG org.asynchttpclient.netty.request.NettyRequestSender - Using open Channel [id: 0x6316ae0e, L:/127.0.0.1:55373 - R:localhost/127.0.0.1:62921] for GET '/session/924a357c1577257049ffb77a0df767cc/element/a561578e-40d5-4d5a-aebc-1e701021a51f/name'
12:57:15.145 [AsyncHttpClient-1-17] DEBUG org.asynchttpclient.netty.handler.HttpHandler - 

Request DefaultFullHttpRequest(decodeResult: success, version: HTTP/1.1, content: EmptyByteBufBE)
GET /session/924a357c1577257049ffb77a0df767cc/element/a561578e-40d5-4d5a-aebc-1e701021a51f/name HTTP/1.1
User-Agent: selenium/4.1.2 (java windows)
Cache-Control: no-cache
Content-Type: application/json; charset=utf-8
host: localhost:62921
accept: */*

Response DefaultHttpResponse(decodeResult: success, version: HTTP/1.1)
HTTP/1.1 200 OK
Content-Type: application/json; charset=utf-8
cache-control: no-cache
content-length: 18

12:57:15.145 [AsyncHttpClient-1-17] DEBUG org.asynchttpclient.netty.channel.ChannelManager - Adding key: http://localhost:62921 for channel [id: 0x6316ae0e, L:/127.0.0.1:55373 - R:localhost/127.0.0.1:62921]
12:57:15.146 [Forwarding isElementEnabled on session 924a357c1577257049ffb77a0df767cc to remote] DEBUG org.asynchttpclient.netty.request.NettyRequestSender - Using pooled Channel '[id: 0x6316ae0e, L:/127.0.0.1:55373 - R:localhost/127.0.0.1:62921]' for 'GET' to 'http://localhost:62921/session/924a357c1577257049ffb77a0df767cc/element/a561578e-40d5-4d5a-aebc-1e701021a51f/enabled'
12:57:15.146 [Forwarding isElementEnabled on session 924a357c1577257049ffb77a0df767cc to remote] DEBUG org.asynchttpclient.netty.request.NettyRequestSender - Using open Channel [id: 0x6316ae0e, L:/127.0.0.1:55373 - R:localhost/127.0.0.1:62921] for GET '/session/924a357c1577257049ffb77a0df767cc/element/a561578e-40d5-4d5a-aebc-1e701021a51f/enabled'
12:57:15.162 [AsyncHttpClient-1-17] DEBUG org.asynchttpclient.netty.handler.HttpHandler - 

Request DefaultFullHttpRequest(decodeResult: success, version: HTTP/1.1, content: EmptyByteBufBE)
GET /session/924a357c1577257049ffb77a0df767cc/element/a561578e-40d5-4d5a-aebc-1e701021a51f/enabled HTTP/1.1
User-Agent: selenium/4.1.2 (java windows)
Cache-Control: no-cache
Content-Type: application/json; charset=utf-8
host: localhost:62921
accept: */*

Response DefaultHttpResponse(decodeResult: success, version: HTTP/1.1)
HTTP/1.1 200 OK
Content-Type: application/json; charset=utf-8
cache-control: no-cache
content-length: 14

12:57:15.163 [AsyncHttpClient-1-17] DEBUG org.asynchttpclient.netty.channel.ChannelManager - Adding key: http://localhost:62921 for channel [id: 0x6316ae0e, L:/127.0.0.1:55373 - R:localhost/127.0.0.1:62921]
12:57:15.166 [Forwarding isElementEnabled on session 924a357c1577257049ffb77a0df767cc to remote] DEBUG org.asynchttpclient.netty.request.NettyRequestSender - Using pooled Channel '[id: 0x6316ae0e, L:/127.0.0.1:55373 - R:localhost/127.0.0.1:62921]' for 'GET' to 'http://localhost:62921/session/924a357c1577257049ffb77a0df767cc/element/a561578e-40d5-4d5a-aebc-1e701021a51f/enabled'
12:57:15.167 [Forwarding isElementEnabled on session 924a357c1577257049ffb77a0df767cc to remote] DEBUG org.asynchttpclient.netty.request.NettyRequestSender - Using open Channel [id: 0x6316ae0e, L:/127.0.0.1:55373 - R:localhost/127.0.0.1:62921] for GET '/session/924a357c1577257049ffb77a0df767cc/element/a561578e-40d5-4d5a-aebc-1e701021a51f/enabled'
12:57:15.223 [AsyncHttpClient-1-17] DEBUG org.asynchttpclient.netty.handler.HttpHandler - 

Request DefaultFullHttpRequest(decodeResult: success, version: HTTP/1.1, content: EmptyByteBufBE)
GET /session/924a357c1577257049ffb77a0df767cc/element/a561578e-40d5-4d5a-aebc-1e701021a51f/enabled HTTP/1.1
User-Agent: selenium/4.1.2 (java windows)
Cache-Control: no-cache
Content-Type: application/json; charset=utf-8
host: localhost:62921
accept: */*

Response DefaultHttpResponse(decodeResult: success, version: HTTP/1.1)
HTTP/1.1 200 OK
Content-Type: application/json; charset=utf-8
cache-control: no-cache
content-length: 14

12:57:15.223 [AsyncHttpClient-1-17] DEBUG org.asynchttpclient.netty.channel.ChannelManager - Adding key: http://localhost:62921 for channel [id: 0x6316ae0e, L:/127.0.0.1:55373 - R:localhost/127.0.0.1:62921]
12:57:15.229 [Forwarding findElement on session 924a357c1577257049ffb77a0df767cc to remote] DEBUG org.asynchttpclient.netty.request.NettyRequestSender - Using pooled Channel '[id: 0x6316ae0e, L:/127.0.0.1:55373 - R:localhost/127.0.0.1:62921]' for 'POST' to 'http://localhost:62921/session/924a357c1577257049ffb77a0df767cc/element'
12:57:15.230 [Forwarding findElement on session 924a357c1577257049ffb77a0df767cc to remote] DEBUG org.asynchttpclient.netty.request.NettyRequestSender - Using open Channel [id: 0x6316ae0e, L:/127.0.0.1:55373 - R:localhost/127.0.0.1:62921] for POST '/session/924a357c1577257049ffb77a0df767cc/element'
12:57:15.251 [AsyncHttpClient-1-17] DEBUG org.asynchttpclient.netty.handler.HttpHandler - 

Request DefaultHttpRequest(decodeResult: success, version: HTTP/1.1)
POST /session/924a357c1577257049ffb77a0df767cc/element HTTP/1.1
User-Agent: selenium/4.1.2 (java windows)
Content-Length: 161
Content-Type: application/json; charset=utf-8
host: localhost:62921
accept: */*

Response DefaultHttpResponse(decodeResult: success, version: HTTP/1.1)
HTTP/1.1 200 OK
Content-Type: application/json; charset=utf-8
cache-control: no-cache
content-length: 88

12:57:15.252 [AsyncHttpClient-1-17] DEBUG org.asynchttpclient.netty.channel.ChannelManager - Adding key: http://localhost:62921 for channel [id: 0x6316ae0e, L:/127.0.0.1:55373 - R:localhost/127.0.0.1:62921]
12:57:15.254 [Forwarding clickElement on session 924a357c1577257049ffb77a0df767cc to remote] DEBUG org.asynchttpclient.netty.request.NettyRequestSender - Using pooled Channel '[id: 0x6316ae0e, L:/127.0.0.1:55373 - R:localhost/127.0.0.1:62921]' for 'POST' to 'http://localhost:62921/session/924a357c1577257049ffb77a0df767cc/element/a561578e-40d5-4d5a-aebc-1e701021a51f/click'
12:57:15.254 [Forwarding clickElement on session 924a357c1577257049ffb77a0df767cc to remote] DEBUG org.asynchttpclient.netty.request.NettyRequestSender - Using open Channel [id: 0x6316ae0e, L:/127.0.0.1:55373 - R:localhost/127.0.0.1:62921] for POST '/session/924a357c1577257049ffb77a0df767cc/element/a561578e-40d5-4d5a-aebc-1e701021a51f/click'
12:57:15.409 [AsyncHttpClient-1-17] DEBUG org.asynchttpclient.netty.handler.HttpHandler - 

Request DefaultHttpRequest(decodeResult: success, version: HTTP/1.1)
POST /session/924a357c1577257049ffb77a0df767cc/element/a561578e-40d5-4d5a-aebc-1e701021a51f/click HTTP/1.1
User-Agent: selenium/4.1.2 (java windows)
Content-Length: 50
Content-Type: application/json; charset=utf-8
host: localhost:62921
accept: */*

Response DefaultHttpResponse(decodeResult: success, version: HTTP/1.1)
HTTP/1.1 200 OK
Content-Type: application/json; charset=utf-8
cache-control: no-cache
content-length: 14

12:57:15.409 [AsyncHttpClient-1-17] DEBUG org.asynchttpclient.netty.channel.ChannelManager - Adding key: http://localhost:62921 for channel [id: 0x6316ae0e, L:/127.0.0.1:55373 - R:localhost/127.0.0.1:62921]
  &amp#27;[32mAnd &amp#27;[0m&amp#27;[32mI click calendar button&amp#27;[0m                           &amp#27;[90m# starter.stepdefinitions.ManageVaccinationBookingsSteps.iClickCalendarButton()&amp#27;[0m
12:57:15.420 [Forwarding screenshot on session 924a357c1577257049ffb77a0df767cc to remote] DEBUG org.asynchttpclient.netty.request.NettyRequestSender - Using pooled Channel '[id: 0x6316ae0e, L:/127.0.0.1:55373 - R:localhost/127.0.0.1:62921]' for 'GET' to 'http://localhost:62921/session/924a357c1577257049ffb77a0df767cc/screenshot'
12:57:15.420 [Forwarding screenshot on session 924a357c1577257049ffb77a0df767cc to remote] DEBUG org.asynchttpclient.netty.request.NettyRequestSender - Using open Channel [id: 0x6316ae0e, L:/127.0.0.1:55373 - R:localhost/127.0.0.1:62921] for GET '/session/924a357c1577257049ffb77a0df767cc/screenshot'
12:57:15.577 [AsyncHttpClient-1-17] DEBUG org.asynchttpclient.netty.handler.HttpHandler - 

Request DefaultFullHttpRequest(decodeResult: success, version: HTTP/1.1, content: EmptyByteBufBE)
GET /session/924a357c1577257049ffb77a0df767cc/screenshot HTTP/1.1
User-Agent: selenium/4.1.2 (java windows)
Cache-Control: no-cache
Content-Type: application/json; charset=utf-8
host: localhost:62921
accept: */*

Response DefaultHttpResponse(decodeResult: success, version: HTTP/1.1)
HTTP/1.1 200 OK
Content-Type: application/json; charset=utf-8
cache-control: no-cache
content-length: 201904

12:57:15.578 [AsyncHttpClient-1-17] DEBUG org.asynchttpclient.netty.channel.ChannelManager - Adding key: http://localhost:62921 for channel [id: 0x6316ae0e, L:/127.0.0.1:55373 - R:localhost/127.0.0.1:62921]
12:57:15.585 [main] DEBUG net.serenitybdd.core.photography.Darkroom - Send negative for processing for target\site\serenity\655a2cca85082899bd30a19b7ba3fb4a9610b4d59b2b7a6964c4b320e4b4cc7a.png
12:57:15.586 [Darkroom Processing Line] DEBUG net.serenitybdd.core.photography.DarkroomProcessingLine - Processing screenshot image in /var/screenshots/screenshot-1203981678107176063
12:57:15.587 [Darkroom Processing Line] DEBUG net.serenitybdd.core.photography.DarkroomProcessingLine - Saving screenshot to target\site\serenity\655a2cca85082899bd30a19b7ba3fb4a9610b4d59b2b7a6964c4b320e4b4cc7a.png
12:57:15.603 [Forwarding findElement on session 924a357c1577257049ffb77a0df767cc to remote] DEBUG org.asynchttpclient.netty.request.NettyRequestSender - Using pooled Channel '[id: 0x6316ae0e, L:/127.0.0.1:55373 - R:localhost/127.0.0.1:62921]' for 'POST' to 'http://localhost:62921/session/924a357c1577257049ffb77a0df767cc/element'
12:57:15.603 [Forwarding findElement on session 924a357c1577257049ffb77a0df767cc to remote] DEBUG org.asynchttpclient.netty.request.NettyRequestSender - Using open Channel [id: 0x6316ae0e, L:/127.0.0.1:55373 - R:localhost/127.0.0.1:62921] for POST '/session/924a357c1577257049ffb77a0df767cc/element'
12:57:15.672 [AsyncHttpClient-1-1] DEBUG org.asynchttpclient.netty.channel.DefaultChannelPool - Entry count for : http://localhost:55374 : 1
12:57:16.772 [AsyncHttpClient-1-1] DEBUG org.asynchttpclient.netty.channel.DefaultChannelPool - Entry count for : http://localhost:55374 : 1
12:57:17.665 [AsyncHttpClient-1-17] DEBUG org.asynchttpclient.netty.handler.HttpHandler - 

Request DefaultHttpRequest(decodeResult: success, version: HTTP/1.1)
POST /session/924a357c1577257049ffb77a0df767cc/element HTTP/1.1
User-Agent: selenium/4.1.2 (java windows)
Content-Length: 80
Content-Type: application/json; charset=utf-8
host: localhost:62921
accept: */*

Response DefaultHttpResponse(decodeResult: success, version: HTTP/1.1)
HTTP/1.1 404 Not Found
Content-Type: application/json; charset=utf-8
cache-control: no-cache
content-length: 948

12:57:17.665 [AsyncHttpClient-1-17] DEBUG org.asynchttpclient.netty.channel.ChannelManager - Adding key: http://localhost:62921 for channel [id: 0x6316ae0e, L:/127.0.0.1:55373 - R:localhost/127.0.0.1:62921]
12:57:17.775 [Forwarding findElement on session 924a357c1577257049ffb77a0df767cc to remote] DEBUG org.asynchttpclient.netty.request.NettyRequestSender - Using pooled Channel '[id: 0x6316ae0e, L:/127.0.0.1:55373 - R:localhost/127.0.0.1:62921]' for 'POST' to 'http://localhost:62921/session/924a357c1577257049ffb77a0df767cc/element'
12:57:17.775 [Forwarding findElement on session 924a357c1577257049ffb77a0df767cc to remote] DEBUG org.asynchttpclient.netty.request.NettyRequestSender - Using open Channel [id: 0x6316ae0e, L:/127.0.0.1:55373 - R:localhost/127.0.0.1:62921] for POST '/session/924a357c1577257049ffb77a0df767cc/element'
12:57:17.873 [AsyncHttpClient-1-1] DEBUG org.asynchttpclient.netty.channel.DefaultChannelPool - Entry count for : http://localhost:55374 : 1
12:57:18.975 [AsyncHttpClient-1-1] DEBUG org.asynchttpclient.netty.channel.DefaultChannelPool - Entry count for : http://localhost:55374 : 1
12:57:19.810 [AsyncHttpClient-1-17] DEBUG org.asynchttpclient.netty.handler.HttpHandler - 

Request DefaultHttpRequest(decodeResult: success, version: HTTP/1.1)
POST /session/924a357c1577257049ffb77a0df767cc/element HTTP/1.1
User-Agent: selenium/4.1.2 (java windows)
Content-Length: 80
Content-Type: application/json; charset=utf-8
host: localhost:62921
accept: */*

Response DefaultHttpResponse(decodeResult: success, version: HTTP/1.1)
HTTP/1.1 404 Not Found
Content-Type: application/json; charset=utf-8
cache-control: no-cache
content-length: 948

12:57:19.810 [AsyncHttpClient-1-17] DEBUG org.asynchttpclient.netty.channel.ChannelManager - Adding key: http://localhost:62921 for channel [id: 0x6316ae0e, L:/127.0.0.1:55373 - R:localhost/127.0.0.1:62921]
12:57:19.928 [Forwarding findElement on session 924a357c1577257049ffb77a0df767cc to remote] DEBUG org.asynchttpclient.netty.request.NettyRequestSender - Using pooled Channel '[id: 0x6316ae0e, L:/127.0.0.1:55373 - R:localhost/127.0.0.1:62921]' for 'POST' to 'http://localhost:62921/session/924a357c1577257049ffb77a0df767cc/element'
12:57:19.928 [Forwarding findElement on session 924a357c1577257049ffb77a0df767cc to remote] DEBUG org.asynchttpclient.netty.request.NettyRequestSender - Using open Channel [id: 0x6316ae0e, L:/127.0.0.1:55373 - R:localhost/127.0.0.1:62921] for POST '/session/924a357c1577257049ffb77a0df767cc/element'
12:57:20.073 [AsyncHttpClient-1-1] DEBUG org.asynchttpclient.netty.channel.DefaultChannelPool - Entry count for : http://localhost:55374 : 1
12:57:21.172 [AsyncHttpClient-1-1] DEBUG org.asynchttpclient.netty.channel.DefaultChannelPool - Entry count for : http://localhost:55374 : 1
12:57:21.971 [AsyncHttpClient-1-17] DEBUG org.asynchttpclient.netty.handler.HttpHandler - 

Request DefaultHttpRequest(decodeResult: success, version: HTTP/1.1)
POST /session/924a357c1577257049ffb77a0df767cc/element HTTP/1.1
User-Agent: selenium/4.1.2 (java windows)
Content-Length: 80
Content-Type: application/json; charset=utf-8
host: localhost:62921
accept: */*

Response DefaultHttpResponse(decodeResult: success, version: HTTP/1.1)
HTTP/1.1 404 Not Found
Content-Type: application/json; charset=utf-8
cache-control: no-cache
content-length: 948

12:57:21.971 [AsyncHttpClient-1-17] DEBUG org.asynchttpclient.netty.channel.ChannelManager - Adding key: http://localhost:62921 for channel [id: 0x6316ae0e, L:/127.0.0.1:55373 - R:localhost/127.0.0.1:62921]
12:57:21.977 [Forwarding screenshot on session 924a357c1577257049ffb77a0df767cc to remote] DEBUG org.asynchttpclient.netty.request.NettyRequestSender - Using pooled Channel '[id: 0x6316ae0e, L:/127.0.0.1:55373 - R:localhost/127.0.0.1:62921]' for 'GET' to 'http://localhost:62921/session/924a357c1577257049ffb77a0df767cc/screenshot'
12:57:21.977 [Forwarding screenshot on session 924a357c1577257049ffb77a0df767cc to remote] DEBUG org.asynchttpclient.netty.request.NettyRequestSender - Using open Channel [id: 0x6316ae0e, L:/127.0.0.1:55373 - R:localhost/127.0.0.1:62921] for GET '/session/924a357c1577257049ffb77a0df767cc/screenshot'
12:57:22.091 [AsyncHttpClient-1-17] DEBUG org.asynchttpclient.netty.handler.HttpHandler - 

Request DefaultFullHttpRequest(decodeResult: success, version: HTTP/1.1, content: EmptyByteBufBE)
GET /session/924a357c1577257049ffb77a0df767cc/screenshot HTTP/1.1
User-Agent: selenium/4.1.2 (java windows)
Cache-Control: no-cache
Content-Type: application/json; charset=utf-8
host: localhost:62921
accept: */*

Response DefaultHttpResponse(decodeResult: success, version: HTTP/1.1)
HTTP/1.1 200 OK
Content-Type: application/json; charset=utf-8
cache-control: no-cache
content-length: 170072

12:57:22.093 [AsyncHttpClient-1-17] DEBUG org.asynchttpclient.netty.channel.ChannelManager - Adding key: http://localhost:62921 for channel [id: 0x6316ae0e, L:/127.0.0.1:55373 - R:localhost/127.0.0.1:62921]
12:57:22.101 [main] DEBUG net.serenitybdd.core.photography.Darkroom - Send negative for processing for target\site\serenity\ada9f3bd4f4e23c77e0896ba6dacdc8b72ad4784ad138a92af81bc53469d7a27.png
12:57:22.104 [Forwarding getPageSource on session 924a357c1577257049ffb77a0df767cc to remote] DEBUG org.asynchttpclient.netty.request.NettyRequestSender - Using pooled Channel '[id: 0x6316ae0e, L:/127.0.0.1:55373 - R:localhost/127.0.0.1:62921]' for 'POST' to 'http://localhost:62921/session/924a357c1577257049ffb77a0df767cc/execute/sync'
12:57:22.104 [Forwarding getPageSource on session 924a357c1577257049ffb77a0df767cc to remote] DEBUG org.asynchttpclient.netty.request.NettyRequestSender - Using open Channel [id: 0x6316ae0e, L:/127.0.0.1:55373 - R:localhost/127.0.0.1:62921] for POST '/session/924a357c1577257049ffb77a0df767cc/execute/sync'
12:57:22.111 [AsyncHttpClient-1-17] DEBUG org.asynchttpclient.netty.handler.HttpHandler - 

Request DefaultHttpRequest(decodeResult: success, version: HTTP/1.1)
POST /session/924a357c1577257049ffb77a0df767cc/execute/sync HTTP/1.1
User-Agent: selenium/4.1.2 (java windows)
Content-Length: 176
Content-Type: application/json; charset=utf-8
host: localhost:62921
accept: */*

Response DefaultHttpResponse(decodeResult: success, version: HTTP/1.1)
HTTP/1.1 200 OK
Content-Type: application/json; charset=utf-8
cache-control: no-cache
content-length: 43831

12:57:22.111 [AsyncHttpClient-1-17] DEBUG org.asynchttpclient.netty.channel.ChannelManager - Adding key: http://localhost:62921 for channel [id: 0x6316ae0e, L:/127.0.0.1:55373 - R:localhost/127.0.0.1:62921]
12:57:22.116 [Forwarding getCurrentUrl on session 924a357c1577257049ffb77a0df767cc to remote] DEBUG org.asynchttpclient.netty.request.NettyRequestSender - Using pooled Channel '[id: 0x6316ae0e, L:/127.0.0.1:55373 - R:localhost/127.0.0.1:62921]' for 'GET' to 'http://localhost:62921/session/924a357c1577257049ffb77a0df767cc/url'
12:57:22.116 [Forwarding getCurrentUrl on session 924a357c1577257049ffb77a0df767cc to remote] DEBUG org.asynchttpclient.netty.request.NettyRequestSender - Using open Channel [id: 0x6316ae0e, L:/127.0.0.1:55373 - R:localhost/127.0.0.1:62921] for GET '/session/924a357c1577257049ffb77a0df767cc/url'
12:57:22.119 [AsyncHttpClient-1-17] DEBUG org.asynchttpclient.netty.handler.HttpHandler - 

Request DefaultFullHttpRequest(decodeResult: success, version: HTTP/1.1, content: EmptyByteBufBE)
GET /session/924a357c1577257049ffb77a0df767cc/url HTTP/1.1
User-Agent: selenium/4.1.2 (java windows)
Cache-Control: no-cache
Content-Type: application/json; charset=utf-8
host: localhost:62921
accept: */*

Response DefaultHttpResponse(decodeResult: success, version: HTTP/1.1)
HTTP/1.1 200 OK
Content-Type: application/json; charset=utf-8
cache-control: no-cache
content-length: 56

12:57:22.119 [AsyncHttpClient-1-17] DEBUG org.asynchttpclient.netty.channel.ChannelManager - Adding key: http://localhost:62921 for channel [id: 0x6316ae0e, L:/127.0.0.1:55373 - R:localhost/127.0.0.1:62921]
  &amp#27;[31mAnd &amp#27;[0m&amp#27;[31mI select unavailable date&amp#27;[0m                         &amp#27;[90m# starter.stepdefinitions.ManageVaccinationBookingsSteps.iSelectUnavailableDate()&amp#27;[0m
      &amp#27;[31mnet.thucydides.core.webdriver.exceptions.ElementShouldBeEnabledException: Expected enabled element was not enabled
	at net.serenitybdd.core.pages.WebElementFacadeImpl.waitUntilEnabled(WebElementFacadeImpl.java:1100)
	at net.serenitybdd.core.pages.WebElementFacadeImpl.waitUntilElementAvailable(WebElementFacadeImpl.java:888)
	at net.serenitybdd.core.pages.WebElementFacadeImpl.click(WebElementFacadeImpl.java:1182)
	at net.serenitybdd.core.pages.WebElementFacadeImpl.click(WebElementFacadeImpl.java:1201)
	at Automation@1.0-SNAPSHOT/starter.pages.ManageVaccinationBookingsPage.selectUnavailableDate(ManageVaccinationBookingsPage.java:154)
	at Automation@1.0-SNAPSHOT/starter.pages.ManageVaccinationBookingsPage$ByteBuddy$2mB6uuMo.selectUnavailableDate$accessor$5nrir2vK(Unknown Source)
	at java.base/jdk.internal.reflect.NativeMethodAccessorImpl.invoke0(Native Method)
	at java.base/jdk.internal.reflect.NativeMethodAccessorImpl.invoke(NativeMethodAccessorImpl.java:62)
	at java.base/jdk.internal.reflect.DelegatingMethodAccessorImpl.invoke(DelegatingMethodAccessorImpl.java:43)
	at java.base/java.lang.reflect.Method.invoke(Method.java:566)
	at net.thucydides.core.steps.BaseMethodRunner.invokeMethod(BaseMethodRunner.java:18)
	at net.thucydides.core.steps.NormalMethodRunner.invokeMethodAndNotifyFailures(NormalMethodRunner.java:18)
	at net.thucydides.core.steps.StepInterceptor.runNormalMethod(StepInterceptor.java:406)
	at net.thucydides.core.steps.StepInterceptor.testStepResult(StepInterceptor.java:191)
	at net.thucydides.core.steps.StepInterceptor.intercept(StepInterceptor.java:84)
	at net.thucydides.core.steps.ProxyConfiguration$InterceptorDispatcher.intercept(ProxyConfiguration.java:51)
	at Automation@1.0-SNAPSHOT/starter.pages.ManageVaccinationBookingsPage$ByteBuddy$2mB6uuMo.selectUnavailableDate(Unknown Source)
	at Automation@1.0-SNAPSHOT/starter.stepdefinitions.ManageVaccinationBookingsSteps.iSelectUnavailableDate(ManageVaccinationBookingsSteps.java:89)
	at âœ½.I select unavailable date(file:///C:/Users/ASUSTUF/OneDrive/Documents/Capstone%20Project/Web%20Automation/src/test/resources/features/ManageVaccinationBookings.feature:51)
Caused by: org.openqa.selenium.TimeoutException: Expected condition failed: waiting for By.xpath: //button[@fdprocessedid='9smnk8'] to be enabled (tried for 5 second(s) with 100 milliseconds interval)
	at org.openqa.selenium.support.ui.FluentWait.timeoutException(FluentWait.java:263)
	at org.openqa.selenium.support.ui.FluentWait.until(FluentWait.java:231)
	at net.serenitybdd.core.pages.WebElementFacadeImpl.waitUntilEnabled(WebElementFacadeImpl.java:1097)
	at net.serenitybdd.core.pages.WebElementFacadeImpl.waitUntilElementAvailable(WebElementFacadeImpl.java:888)
	at net.serenitybdd.core.pages.WebElementFacadeImpl.click(WebElementFacadeImpl.java:1182)
	at net.serenitybdd.core.pages.WebElementFacadeImpl.click(WebElementFacadeImpl.java:1201)
	at Automation@1.0-SNAPSHOT/starter.pages.ManageVaccinationBookingsPage.selectUnavailableDate(ManageVaccinationBookingsPage.java:154)
	at Automation@1.0-SNAPSHOT/starter.pages.ManageVaccinationBookingsPage$ByteBuddy$2mB6uuMo.selectUnavailableDate$accessor$5nrir2vK(Unknown Source)
	at java.base/jdk.internal.reflect.NativeMethodAccessorImpl.invoke0(Native Method)
	at java.base/jdk.internal.reflect.NativeMethodAccessorImpl.invoke(NativeMethodAccessorImpl.java:62)
	at java.base/jdk.internal.reflect.DelegatingMethodAccessorImpl.invoke(DelegatingMethodAccessorImpl.java:43)
	at java.base/java.lang.reflect.Method.invoke(Method.java:566)
	at net.thucydides.core.steps.BaseMethodRunner.invokeMethod(BaseMethodRunner.java:18)
	at net.thucydides.core.steps.NormalMethodRunner.invokeMethodAndNotifyFailures(NormalMethodRunner.java:18)
	at net.thucydides.core.steps.StepInterceptor.runNormalMethod(StepInterceptor.java:406)
	at net.thucydides.core.steps.StepInterceptor.testStepResult(StepInterceptor.java:191)
	at net.thucydides.core.steps.StepInterceptor.intercept(StepInterceptor.java:84)
	at net.thucydides.core.steps.ProxyConfiguration$InterceptorDispatcher.intercept(ProxyConfiguration.java:51)
	at Automation@1.0-SNAPSHOT/starter.pages.ManageVaccinationBookingsPage$ByteBuddy$2mB6uuMo.selectUnavailableDate(Unknown Source)
	at Automation@1.0-SNAPSHOT/starter.stepdefinitions.ManageVaccinationBookingsSteps.iSelectUnavailableDate(ManageVaccinationBookingsSteps.java:89)
	at java.base/jdk.internal.reflect.NativeMethodAccessorImpl.invoke0(Native Method)
	at java.base/jdk.internal.reflect.NativeMethodAccessorImpl.invoke(NativeMethodAccessorImpl.java:62)
	at java.base/jdk.internal.reflect.DelegatingMethodAccessorImpl.invoke(DelegatingMethodAccessorImpl.java:43)
	at java.base/java.lang.reflect.Method.invoke(Method.java:566)
	at io.cucumber.java.Invoker.doInvoke(Invoker.java:66)
	at io.cucumber.java.Invoker.invoke(Invoker.java:24)
	at io.cucumber.java.AbstractGlueDefinition.invokeMethod(AbstractGlueDefinition.java:47)
	at io.cucumber.java.JavaStepDefinition.execute(JavaStepDefinition.java:29)
	at io.cucumber.core.runner.CoreStepDefinition.execute(CoreStepDefinition.java:66)
	at io.cucumber.core.runner.PickleStepDefinitionMatch.runStep(PickleStepDefinitionMatch.java:63)
	at io.cucumber.core.runner.ExecutionMode$1.execute(ExecutionMode.java:10)
	at io.cucumber.core.runner.TestStep.executeStep(TestStep.java:86)
	at io.cucumber.core.runner.TestStep.run(TestStep.java:57)
	at io.cucumber.core.runner.PickleStepTestStep.run(PickleStepTestStep.java:51)
	at io.cucumber.core.runner.TestCase.run(TestCase.java:95)
	at io.cucumber.core.runner.Runner.runPickle(Runner.java:75)
	at io.cucumber.junit.PickleRunners$NoStepDescriptions.lambda$run$0(PickleRunners.java:151)
	at io.cucumber.core.runtime.CucumberExecutionContext.lambda$runTestCase$3(CucumberExecutionContext.java:151)
	at io.cucumber.core.runtime.RethrowingThrowableCollector.executeAndThrow(RethrowingThrowableCollector.java:23)
	at io.cucumber.core.runtime.CucumberExecutionContext.runTestCase(CucumberExecutionContext.java:151)
	at io.cucumber.junit.PickleRunners$NoStepDescriptions.run(PickleRunners.java:148)
	at io.cucumber.junit.FeatureRunner.runChild(FeatureRunner.java:144)
	at io.cucumber.junit.FeatureRunner.runChild(FeatureRunner.java:28)
	at org.junit.runners.ParentRunner$4.run(ParentRunner.java:331)
	at org.junit.runners.ParentRunner$1.schedule(ParentRunner.java:79)
	at org.junit.runners.ParentRunner.runChildren(ParentRunner.java:329)
	at org.junit.runners.ParentRunner.access$100(ParentRunner.java:66)
	at org.junit.runners.ParentRunner$2.evaluate(ParentRunner.java:293)
	at org.junit.runners.ParentRunner$3.evaluate(ParentRunner.java:306)
	at org.junit.runners.ParentRunner.run(ParentRunner.java:413)
	at io.cucumber.junit.FeatureRunner.run(FeatureRunner.java:137)
	at io.cucumber.junit.CucumberSerenityRunner.runChild(CucumberSerenityRunner.java:258)
	at io.cucumber.junit.CucumberSerenityRunner.runChild(CucumberSerenityRunner.java:58)
	at org.junit.runners.ParentRunner$4.run(ParentRunner.java:331)
	at org.junit.runners.ParentRunner$1.schedule(ParentRunner.java:79)
	at org.junit.runners.ParentRunner.runChildren(ParentRunner.java:329)
	at org.junit.runners.ParentRunner.access$100(ParentRunner.java:66)
	at org.junit.runners.ParentRunner$2.evaluate(ParentRunner.java:293)
	at io.cucumber.junit.CucumberSerenityRunner$RunCucumber.evaluate(CucumberSerenityRunner.java:287)
	at org.junit.runners.ParentRunner$3.evaluate(ParentRunner.java:306)
	at org.junit.runners.ParentRunner.run(ParentRunner.java:413)
	at org.junit.runner.JUnitCore.run(JUnitCore.java:137)
	at org.junit.runner.JUnitCore.run(JUnitCore.java:115)
	at org.junit.vintage.engine.execution.RunnerExecutor.execute(RunnerExecutor.java:42)
	at org.junit.vintage.engine.VintageTestEngine.executeAllChildren(VintageTestEngine.java:80)
	at org.junit.vintage.engine.VintageTestEngine.execute(VintageTestEngine.java:72)
	at org.junit.platform.launcher.core.EngineExecutionOrchestrator.execute(EngineExecutionOrchestrator.java:107)
	at org.junit.platform.launcher.core.EngineExecutionOrchestrator.execute(EngineExecutionOrchestrator.java:88)
	at org.junit.platform.launcher.core.EngineExecutionOrchestrator.lambda$execute$0(EngineExecutionOrchestrator.java:54)
	at org.junit.platform.launcher.core.EngineExecutionOrchestrator.withInterceptedStreams(EngineExecutionOrchestrator.java:67)
	at org.junit.platform.launcher.core.EngineExecutionOrchestrator.execute(EngineExecutionOrchestrator.java:52)
	at org.junit.platform.launcher.core.DefaultLauncher.execute(DefaultLauncher.java:114)
	at org.junit.platform.launcher.core.DefaultLauncher.execute(DefaultLauncher.java:86)
	at org.junit.platform.launcher.core.DefaultLauncherSession$DelegatingLauncher.execute(DefaultLauncherSession.java:86)
	at org.junit.platform.launcher.core.SessionPerRequestLauncher.execute(SessionPerRequestLauncher.java:53)
	at org.apache.maven.surefire.junitplatform.JUnitPlatformProvider.execute(JUnitPlatformProvider.java:188)
	at org.apache.maven.surefire.junitplatform.JUnitPlatformProvider.invokeAllTests(JUnitPlatformProvider.java:154)
	at org.apache.maven.surefire.junitplatform.JUnitPlatformProvider.invoke(JUnitPlatformProvider.java:128)
	at org.apache.maven.surefire.booter.ForkedBooter.runSuitesInProcess(ForkedBooter.java:428)
	at org.apache.maven.surefire.booter.ForkedBooter.execute(ForkedBooter.java:162)
	at org.apache.maven.surefire.booter.ForkedBooter.run(ForkedBooter.java:562)
	at org.apache.maven.surefire.booter.ForkedBooter.main(ForkedBooter.java:548)
Caused by: org.openqa.selenium.NoSuchElementException: no such element: Unable to locate element: {"method":"xpath","selector":"//button[@fdprocessedid='9smnk8']"}
  (Session info: chrome=108.0.5359.125)
For documentation on this error, please visit: https://selenium.dev/exceptions/#no_such_element
Build info: version: '4.1.2', revision: '9a5a329c5a'
System info: host: 'LAPTOP-CFD9EV6G', ip: '192.168.100.7', os.name: 'Windows 11', os.arch: 'amd64', os.version: '10.0', java.version: '11.0.16'
Driver info: org.openqa.selenium.chrome.ChromeDriver
Command: [924a357c1577257049ffb77a0df767cc, findElement {using=xpath, value=//button[@fdprocessedid='9smnk8']}]
Capabilities {acceptInsecureCerts: false, browserName: chrome, browserVersion: 108.0.5359.125, chrome: {chromedriverVersion: 108.0.5359.71 (1e0e3868ee06..., userDataDir: C:\Users\ASUSTUF\AppData\Lo...}, goog:chromeOptions: {debuggerAddress: localhost:55374}, javascriptEnabled: true, networkConnectionEnabled: false, pageLoadStrategy: normal, platform: WINDOWS, platformName: WINDOWS, proxy: Proxy(), se:cdp: ws://localhost:55374/devtoo..., se:cdpVersion: 108.0.5359.125, setWindowRect: true, strictFileInteractability: false, timeouts: {implicit: 0, pageLoad: 300000, script: 30000}, unhandledPromptBehavior: dismiss and notify, webauthn:extension:credBlob: true, webauthn:extension:largeBlob: true, webauthn:virtualAuthenticators: true}
Session ID: 924a357c1577257049ffb77a0df767cc
	at jdk.internal.reflect.GeneratedConstructorAccessor18.newInstance(Unknown Source)
	at java.base/jdk.internal.reflect.DelegatingConstructorAccessorImpl.newInstance(DelegatingConstructorAccessorImpl.java:45)
	at java.base/java.lang.reflect.Constructor.newInstance(Constructor.java:490)
	at org.openqa.selenium.remote.codec.w3c.W3CHttpResponseCodec.createException(W3CHttpResponseCodec.java:200)
	at org.openqa.selenium.remote.codec.w3c.W3CHttpResponseCodec.decode(W3CHttpResponseCodec.java:133)
	at org.openqa.selenium.remote.codec.w3c.W3CHttpResponseCodec.decode(W3CHttpResponseCodec.java:53)
	at org.openqa.selenium.remote.HttpCommandExecutor.execute(HttpCommandExecutor.java:184)
	at org.openqa.selenium.remote.service.DriverCommandExecutor.invokeExecute(DriverCommandExecutor.java:167)
	at org.openqa.selenium.remote.service.DriverCommandExecutor.execute(DriverCommandExecutor.java:142)
	at org.openqa.selenium.remote.RemoteWebDriver.execute(RemoteWebDriver.java:558)
	at org.openqa.selenium.remote.ElementLocation$ElementFinder$2.findElement(ElementLocation.java:162)
	at org.openqa.selenium.remote.ElementLocation.findElement(ElementLocation.java:60)
	at org.openqa.selenium.remote.RemoteWebDriver.findElement(RemoteWebDriver.java:382)
	at org.openqa.selenium.remote.RemoteWebDriver.findElement(RemoteWebDriver.java:374)
	at net.thucydides.core.webdriver.WebDriverFacade.findElement(WebDriverFacade.java:224)
	at net.serenitybdd.core.pages.WebElementResolverByLocator.resolveForDriver(WebElementResolverByLocator.java:25)
	at net.serenitybdd.core.pages.WebElementFacadeImpl.getResolvedElement(WebElementFacadeImpl.java:191)
	at net.serenitybdd.core.pages.WebElementFacadeImpl.getElement(WebElementFacadeImpl.java:186)
	at net.serenitybdd.core.pages.WebElementExpectations$3.apply(WebElementExpectations.java:63)
	at net.serenitybdd.core.pages.WebElementExpectations$3.apply(WebElementExpectations.java:55)
	at org.openqa.selenium.support.ui.FluentWait.until(FluentWait.java:208)
	... 80 more
&amp#27;[0m
  &amp#27;[36mThen &amp#27;[0m&amp#27;[36mno booking will be displayed&amp#27;[0m                     &amp#27;[90m# starter.stepdefinitions.ManageVaccinationBookingsSteps.noBookingWillBeDisplayed()&amp#27;[0m
12:57:22.133 [main] ERROR  - 
  _____   ___   ___   _____     ___     _     ___   _      ___   ___  
 |_   _| | __| / __| |_   _|   | __|   /_\   |_ _| | |    | __| |   \ 
   | |   | _|  \__ \   | |     | _|   / _ \   | |  | |__  | _|  | |) |
   |_|   |___| |___/   |_|     |_|   /_/ \_\ |___| |____| |___| |___/ 

Sort vaccination bookings by unavailable date
-----------------------------------------------------------------------
12:57:22.133 [main] DEBUG  - RELATED ISSUES: 
12:57:22.133 [main] ERROR  -     Test failed at step: Select unavailable date
12:57:22.134 [main] ERROR  -     Expected enabled element was not enabled
12:57:22.138 [AsyncHttpClient-1-19] DEBUG org.asynchttpclient.netty.handler.WebSocketHandler - Channel Closed: [id: 0x2adea877, L:/127.0.0.1:55382 ! R:localhost/127.0.0.1:55374] with attribute NettyResponseFuture{currentRetry=5,
	isDone=1,
	isCancelled=0,
	asyncHandler=org.asynchttpclient.ws.WebSocketUpgradeHandler@1a9af5c2,
	nettyRequest=org.asynchttpclient.netty.request.NettyRequest@79026da4,
	future=java.util.concurrent.CompletableFuture@62728433[Completed normally],
	uri=ws://localhost:55374/devtools/browser/274fdb81-d43a-4f45-b3ef-8b637e61a539,
	keepAlive=true,
	redirectCount=0,
	timeoutsHolder=null,
	inAuth=0,
	touch=1671429431943}
12:57:22.138 [AsyncHttpClient-1-19] DEBUG org.asynchttpclient.netty.channel.ChannelManager - Closing Channel [id: 0x2adea877, L:/127.0.0.1:55382 ! R:localhost/127.0.0.1:55374] 
12:57:22.138 [Driver Command Executor] DEBUG org.asynchttpclient.netty.request.NettyRequestSender - Using pooled Channel '[id: 0x6316ae0e, L:/127.0.0.1:55373 - R:localhost/127.0.0.1:62921]' for 'DELETE' to 'http://localhost:62921/session/924a357c1577257049ffb77a0df767cc'
12:57:22.138 [Driver Command Executor] DEBUG org.asynchttpclient.netty.request.NettyRequestSender - Using open Channel [id: 0x6316ae0e, L:/127.0.0.1:55373 - R:localhost/127.0.0.1:62921] for DELETE '/session/924a357c1577257049ffb77a0df767cc'
12:57:22.158 [AsyncHttpClient-1-18] DEBUG org.asynchttpclient.netty.handler.HttpHandler - Unexpected I/O exception on channel [id: 0xc6a16d48, L:/127.0.0.1:55381 - R:localhost/127.0.0.1:55374]
java.io.IOException: An existing connection was forcibly closed by the remote host
	at java.base/sun.nio.ch.SocketDispatcher.read0(Native Method)
	at java.base/sun.nio.ch.SocketDispatcher.read(SocketDispatcher.java:43)
	at java.base/sun.nio.ch.IOUtil.readIntoNativeBuffer(IOUtil.java:276)
	at java.base/sun.nio.ch.IOUtil.read(IOUtil.java:233)
	at java.base/sun.nio.ch.IOUtil.read(IOUtil.java:223)
	at java.base/sun.nio.ch.SocketChannelImpl.read(SocketChannelImpl.java:358)
	at io.netty.buffer.PooledByteBuf.setBytes(PooledByteBuf.java:258)
	at io.netty.buffer.AbstractByteBuf.writeBytes(AbstractByteBuf.java:1132)
	at io.netty.channel.socket.nio.NioSocketChannel.doReadBytes(NioSocketChannel.java:350)
	at io.netty.channel.nio.AbstractNioByteChannel$NioByteUnsafe.read(AbstractNioByteChannel.java:151)
	at io.netty.channel.nio.NioEventLoop.processSelectedKey(NioEventLoop.java:722)
	at io.netty.channel.nio.NioEventLoop.processSelectedKeysOptimized(NioEventLoop.java:658)
	at io.netty.channel.nio.NioEventLoop.processSelectedKeys(NioEventLoop.java:584)
	at io.netty.channel.nio.NioEventLoop.run(NioEventLoop.java:496)
	at io.netty.util.concurrent.SingleThreadEventExecutor$4.run(SingleThreadEventExecutor.java:986)
	at io.netty.util.internal.ThreadExecutorMap$2.run(ThreadExecutorMap.java:74)
	at io.netty.util.concurrent.FastThreadLocalRunnable.run(FastThreadLocalRunnable.java:30)
	at java.base/java.lang.Thread.run(Thread.java:834)
12:57:22.158 [AsyncHttpClient-1-18] DEBUG org.asynchttpclient.netty.channel.ChannelManager - Closing Channel [id: 0xc6a16d48, L:/127.0.0.1:55381 - R:localhost/127.0.0.1:55374] 
12:57:22.159 [AsyncHttpClient-1-18] DEBUG org.asynchttpclient.netty.handler.HttpHandler - Channel Closed: [id: 0xc6a16d48, L:/127.0.0.1:55381 ! R:localhost/127.0.0.1:55374] with attribute DISCARD
12:57:22.211 [AsyncHttpClient-1-17] DEBUG org.asynchttpclient.netty.handler.HttpHandler - 

Request DefaultFullHttpRequest(decodeResult: success, version: HTTP/1.1, content: EmptyByteBufBE)
DELETE /session/924a357c1577257049ffb77a0df767cc HTTP/1.1
User-Agent: selenium/4.1.2 (java windows)
Content-Type: application/json; charset=utf-8
host: localhost:62921
accept: */*

Response DefaultHttpResponse(decodeResult: success, version: HTTP/1.1)
HTTP/1.1 200 OK
Content-Type: application/json; charset=utf-8
cache-control: no-cache
content-length: 14

12:57:22.212 [AsyncHttpClient-1-17] DEBUG org.asynchttpclient.netty.channel.ChannelManager - Adding key: http://localhost:62921 for channel [id: 0x6316ae0e, L:/127.0.0.1:55373 - R:localhost/127.0.0.1:62921]
12:57:22.274 [AsyncHttpClient-1-1] DEBUG org.asynchttpclient.netty.channel.DefaultChannelPool - Entry count for : http://localhost:55374 : 1
12:57:22.274 [AsyncHttpClient-1-1] DEBUG org.asynchttpclient.netty.channel.DefaultChannelPool - Entry count for : http://localhost:62921 : 1
12:57:22.274 [AsyncHttpClient-1-1] DEBUG org.asynchttpclient.netty.channel.DefaultChannelPool - Adding Candidate expired Channel [id: 0xc6a16d48, L:/127.0.0.1:55381 ! R:localhost/127.0.0.1:55374] isIdleTimeoutExpired=false isRemotelyClosed=true isTtlExpired=false
12:57:22.274 [AsyncHttpClient-1-1] DEBUG org.asynchttpclient.netty.channel.DefaultChannelPool - Closing Idle Channel [id: 0xc6a16d48, L:/127.0.0.1:55381 ! R:localhost/127.0.0.1:55374]
12:57:22.274 [AsyncHttpClient-1-1] DEBUG org.asynchttpclient.netty.channel.DefaultChannelPool - Closed 1 connections out of 2 in 0 ms
12:57:22.282 [AsyncHttpClient-1-17] DEBUG org.asynchttpclient.netty.handler.HttpHandler - Channel Closed: [id: 0x6316ae0e, L:/127.0.0.1:55373 ! R:localhost/127.0.0.1:62921] with attribute DISCARD
]]></system-out>
    <system-err><![CDATA[Starting ChromeDriver 108.0.5359.71 (1e0e3868ee06e91ad636a874420e3ca3ae3756ac-refs/branch-heads/5359@{#1016}) on port 62921
Only local connections are allowed.
Please see https://chromedriver.chromium.org/security-considerations for suggestions on keeping ChromeDriver safe.
ChromeDriver was started successfully.
Dec 19, 2022 12:57:11 PM org.openqa.selenium.remote.ProtocolHandshake createSession
INFO: Detected dialect: W3C
Dec 19, 2022 12:57:11 PM org.openqa.selenium.devtools.CdpVersionFinder findNearestMatch
WARNING: Unable to find an exact match for CDP version 108, so returning the closest version found: a no-op implementation
Dec 19, 2022 12:57:11 PM org.openqa.selenium.devtools.CdpVersionFinder findNearestMatch
INFO: Unable to find CDP implementation matching 108.
Dec 19, 2022 12:57:11 PM org.openqa.selenium.chromium.ChromiumDriver lambda$new$3
WARNING: Unable to find version of CDP to use for . You may need to include a dependency on a specific version of the CDP using something similar to `org.seleniumhq.selenium:selenium-devtools-v86:4.1.2` where the version ("v86") matches the version of the chromium-based browser you're using and the version number of the artifact is the same as Selenium's.
]]></system-err>
  </testcase>
  <testcase name="Sort vaccination bookings by vaccine" classname="Manage vaccination bookings" time="11.568">
    <error type="net.thucydides.core.webdriver.exceptions.ElementShouldBeEnabledException"><![CDATA[net.thucydides.core.webdriver.exceptions.ElementShouldBeEnabledException: Expected enabled element was not enabled
Caused by: org.openqa.selenium.TimeoutException: Expected condition failed: waiting for By.xpath: //div[@fdprocessedid='p0urda'] to be enabled (tried for 5 second(s) with 100 milliseconds interval)
Caused by: org.openqa.selenium.NoSuchElementException: 
no such element: Unable to locate element: {"method":"xpath","selector":"//div[@fdprocessedid='p0urda']"}
  (Session info: chrome=108.0.5359.125)
For documentation on this error, please visit: https://selenium.dev/exceptions/#no_such_element
Build info: version: '4.1.2', revision: '9a5a329c5a'
System info: host: 'LAPTOP-CFD9EV6G', ip: '192.168.100.7', os.name: 'Windows 11', os.arch: 'amd64', os.version: '10.0', java.version: '11.0.16'
Driver info: org.openqa.selenium.chrome.ChromeDriver
Command: [57790ab3893c78bdede049a6afec2178, findElement {using=xpath, value=//div[@fdprocessedid='p0urda']}]
Capabilities {acceptInsecureCerts: false, browserName: chrome, browserVersion: 108.0.5359.125, chrome: {chromedriverVersion: 108.0.5359.71 (1e0e3868ee06..., userDataDir: C:\Users\ASUSTUF\AppData\Lo...}, goog:chromeOptions: {debuggerAddress: localhost:55408}, javascriptEnabled: true, networkConnectionEnabled: false, pageLoadStrategy: normal, platform: WINDOWS, platformName: WINDOWS, proxy: Proxy(), se:cdp: ws://localhost:55408/devtoo..., se:cdpVersion: 108.0.5359.125, setWindowRect: true, strictFileInteractability: false, timeouts: {implicit: 0, pageLoad: 300000, script: 30000}, unhandledPromptBehavior: dismiss and notify, webauthn:extension:credBlob: true, webauthn:extension:largeBlob: true, webauthn:virtualAuthenticators: true}
Session ID: 57790ab3893c78bdede049a6afec2178
]]></error>
    <system-out><![CDATA[
Scenario: Sort vaccination bookings by vaccine  &amp#27;[90m# src/test/resources/features/ManageVaccinationBookings.feature:54&amp#27;[0m
12:57:22.394 [main] INFO io.cucumber.core.plugin.SerenityReporter - Running feature from file:///C:/Users/ASUSTUF/OneDrive/Documents/Capstone%20Project/Web%20Automation/src/test/resources/features/ManageVaccinationBookings.feature
12:57:22.400 [main] INFO  - 
  _____   ___   ___   _____     ___   _____     _     ___   _____   ___   ___  
 |_   _| | __| / __| |_   _|   / __| |_   _|   /_\   | _ \ |_   _| | __| |   \ 
   | |   | _|  \__ \   | |     \__ \   | |    / _ \  |   /   | |   | _|  | |) |
   |_|   |___| |___/   |_|     |___/   |_|   /_/ \_\ |_|_\   |_|   |___| |___/ 

Sort vaccination bookings by vaccine(manage-vaccination-bookings;sort-vaccination-bookings-by-vaccine)
--------------------------------------------------------------------------------
12:57:22.430 [main] INFO net.serenitybdd.core.webdriver.driverproviders.ChromeDriverProvider - Using automatically driver download
12:57:22.544 [main] DEBUG io.github.bonigarcia.wdm.cache.ResolutionCache - Resolution chrome=108 in cache (valid until 13:44:30 19/12/2022 ICT)
12:57:22.551 [main] DEBUG io.github.bonigarcia.wdm.cache.ResolutionCache - Resolution chrome108=108.0.5359.71 in cache (valid until 12:44:30 20/12/2022 ICT)
12:57:22.553 [main] INFO io.github.bonigarcia.wdm.WebDriverManager - Using chromedriver 108.0.5359.71 (resolved driver for Chrome 108)
12:57:22.562 [main] DEBUG io.github.bonigarcia.wdm.WebDriverManager - Driver chromedriver 108.0.5359.71 found in cache
12:57:22.563 [main] INFO io.github.bonigarcia.wdm.WebDriverManager - Exporting webdriver.chrome.driver as C:\Users\ASUSTUF\.cache\selenium\chromedriver\win32\108.0.5359.71\chromedriver.exe
12:57:22.672 [main] DEBUG net.serenitybdd.core.webdriver.driverproviders.ProvideNewDriver - Instantiating driver
12:57:22.672 [main] DEBUG net.serenitybdd.core.webdriver.driverproviders.ProvideNewDriver - Driver capabilities: Capabilities {acceptInsecureCerts: false, base.url: https://vaksin-id.netlify.app/, browserName: chrome, chrome.driver: src/test/resources/webdrive..., driver: chrome, goog:chromeOptions: {args: [], extensions: []}}
12:57:23.376 [AsyncHttpClient-1-1] DEBUG org.asynchttpclient.netty.channel.DefaultChannelPool - Entry count for : http://localhost:62921 : 1
12:57:23.377 [AsyncHttpClient-1-1] DEBUG org.asynchttpclient.netty.channel.DefaultChannelPool - Adding Candidate expired Channel [id: 0x6316ae0e, L:/127.0.0.1:55373 ! R:localhost/127.0.0.1:62921] isIdleTimeoutExpired=false isRemotelyClosed=true isTtlExpired=false
12:57:23.377 [AsyncHttpClient-1-1] DEBUG org.asynchttpclient.netty.channel.DefaultChannelPool - Closing Idle Channel [id: 0x6316ae0e, L:/127.0.0.1:55373 ! R:localhost/127.0.0.1:62921]
12:57:23.377 [AsyncHttpClient-1-1] DEBUG org.asynchttpclient.netty.channel.DefaultChannelPool - Closed 1 connections out of 1 in 0 ms
12:57:23.395 [AsyncHttpClient-1-20] DEBUG org.asynchttpclient.netty.channel.NettyConnectListener - Using new Channel '[id: 0x7a90f6fa, L:/127.0.0.1:55407 - R:localhost/127.0.0.1:54919]' for 'POST' to '/session'
12:57:24.121 [AsyncHttpClient-1-20] DEBUG org.asynchttpclient.netty.handler.HttpHandler - 

Request DefaultHttpRequest(decodeResult: success, version: HTTP/1.1)
POST /session HTTP/1.1
User-Agent: selenium/4.1.2 (java windows)
Content-Length: 616
Content-Type: application/json; charset=utf-8
host: localhost:54919
accept: */*

Response DefaultHttpResponse(decodeResult: success, version: HTTP/1.1)
HTTP/1.1 200 OK
Content-Type: application/json; charset=utf-8
cache-control: no-cache
content-length: 793

12:57:24.122 [AsyncHttpClient-1-20] DEBUG org.asynchttpclient.netty.channel.ChannelManager - Adding key: http://localhost:54919 for channel [id: 0x7a90f6fa, L:/127.0.0.1:55407 - R:localhost/127.0.0.1:54919]
12:57:24.144 [AsyncHttpClient-1-21] DEBUG org.asynchttpclient.netty.channel.NettyConnectListener - Using new Channel '[id: 0x76550181, L:/127.0.0.1:55414 - R:localhost/127.0.0.1:55408]' for 'GET' to '/json/version'
12:57:24.167 [AsyncHttpClient-1-21] DEBUG org.asynchttpclient.netty.handler.HttpHandler - 

Request DefaultFullHttpRequest(decodeResult: success, version: HTTP/1.1, content: EmptyByteBufBE)
GET /json/version HTTP/1.1
User-Agent: selenium/4.1.2 (java windows)
host: localhost:55408
accept: */*

Response DefaultHttpResponse(decodeResult: success, version: HTTP/1.1)
HTTP/1.1 200 OK
Content-Type: application/json; charset=UTF-8
content-length: 424

12:57:24.167 [AsyncHttpClient-1-21] DEBUG org.asynchttpclient.netty.channel.ChannelManager - Adding key: http://localhost:55408 for channel [id: 0x76550181, L:/127.0.0.1:55414 - R:localhost/127.0.0.1:55408]
12:57:24.178 [AsyncHttpClient-1-22] DEBUG org.asynchttpclient.netty.channel.NettyConnectListener - Using new Channel '[id: 0xacaa5378, L:/127.0.0.1:55415 - R:localhost/127.0.0.1:55408]' for 'GET' to '/devtools/browser/6491fd70-ce61-47e7-8a39-d722111c0be7'
12:57:24.181 [AsyncHttpClient-1-22] DEBUG org.asynchttpclient.netty.handler.WebSocketHandler - 

Request DefaultFullHttpRequest(decodeResult: success, version: HTTP/1.1, content: EmptyByteBufBE)
GET /devtools/browser/6491fd70-ce61-47e7-8a39-d722111c0be7 HTTP/1.1
upgrade: websocket
connection: upgrade
sec-websocket-key: F+oIaBX4bhQPsLtFsdoV2g==
sec-websocket-version: 13
origin: http://localhost:55408
host: localhost:55408
accept: */*
user-agent: AHC/2.1

Response DefaultHttpResponse(decodeResult: success, version: HTTP/1.1)
HTTP/1.1 101 WebSocket Protocol Handshake
Upgrade: WebSocket
Connection: Upgrade
Sec-WebSocket-Accept: 3o4bUPB1ekY1QY/Bv/2WUssP1nY=

12:57:24.195 [Forwarding get on session 57790ab3893c78bdede049a6afec2178 to remote] DEBUG org.asynchttpclient.netty.request.NettyRequestSender - Using pooled Channel '[id: 0x7a90f6fa, L:/127.0.0.1:55407 - R:localhost/127.0.0.1:54919]' for 'POST' to 'http://localhost:54919/session/57790ab3893c78bdede049a6afec2178/url'
12:57:24.195 [Forwarding get on session 57790ab3893c78bdede049a6afec2178 to remote] DEBUG org.asynchttpclient.netty.request.NettyRequestSender - Using open Channel [id: 0x7a90f6fa, L:/127.0.0.1:55407 - R:localhost/127.0.0.1:54919] for POST '/session/57790ab3893c78bdede049a6afec2178/url'
12:57:24.475 [AsyncHttpClient-1-1] DEBUG org.asynchttpclient.netty.channel.DefaultChannelPool - Entry count for : http://localhost:55408 : 1
12:57:24.960 [AsyncHttpClient-1-20] DEBUG org.asynchttpclient.netty.handler.HttpHandler - 

Request DefaultHttpRequest(decodeResult: success, version: HTTP/1.1)
POST /session/57790ab3893c78bdede049a6afec2178/url HTTP/1.1
User-Agent: selenium/4.1.2 (java windows)
Content-Length: 60
Content-Type: application/json; charset=utf-8
host: localhost:54919
accept: */*

Response DefaultHttpResponse(decodeResult: success, version: HTTP/1.1)
HTTP/1.1 200 OK
Content-Type: application/json; charset=utf-8
cache-control: no-cache
content-length: 14

12:57:24.961 [AsyncHttpClient-1-20] DEBUG org.asynchttpclient.netty.channel.ChannelManager - Adding key: http://localhost:54919 for channel [id: 0x7a90f6fa, L:/127.0.0.1:55407 - R:localhost/127.0.0.1:54919]
12:57:24.968 [Forwarding setTimeout on session 57790ab3893c78bdede049a6afec2178 to remote] DEBUG org.asynchttpclient.netty.request.NettyRequestSender - Using pooled Channel '[id: 0x7a90f6fa, L:/127.0.0.1:55407 - R:localhost/127.0.0.1:54919]' for 'POST' to 'http://localhost:54919/session/57790ab3893c78bdede049a6afec2178/timeouts'
12:57:24.968 [Forwarding setTimeout on session 57790ab3893c78bdede049a6afec2178 to remote] DEBUG org.asynchttpclient.netty.request.NettyRequestSender - Using open Channel [id: 0x7a90f6fa, L:/127.0.0.1:55407 - R:localhost/127.0.0.1:54919] for POST '/session/57790ab3893c78bdede049a6afec2178/timeouts'
12:57:24.970 [AsyncHttpClient-1-20] DEBUG org.asynchttpclient.netty.handler.HttpHandler - 

Request DefaultHttpRequest(decodeResult: success, version: HTTP/1.1)
POST /session/57790ab3893c78bdede049a6afec2178/timeouts HTTP/1.1
User-Agent: selenium/4.1.2 (java windows)
Content-Length: 22
Content-Type: application/json; charset=utf-8
host: localhost:54919
accept: */*

Response DefaultHttpResponse(decodeResult: success, version: HTTP/1.1)
HTTP/1.1 200 OK
Content-Type: application/json; charset=utf-8
cache-control: no-cache
content-length: 14

12:57:24.970 [AsyncHttpClient-1-20] DEBUG org.asynchttpclient.netty.channel.ChannelManager - Adding key: http://localhost:54919 for channel [id: 0x7a90f6fa, L:/127.0.0.1:55407 - R:localhost/127.0.0.1:54919]
12:57:24.976 [Forwarding getCurrentUrl on session 57790ab3893c78bdede049a6afec2178 to remote] DEBUG org.asynchttpclient.netty.request.NettyRequestSender - Using pooled Channel '[id: 0x7a90f6fa, L:/127.0.0.1:55407 - R:localhost/127.0.0.1:54919]' for 'GET' to 'http://localhost:54919/session/57790ab3893c78bdede049a6afec2178/url'
12:57:24.977 [Forwarding getCurrentUrl on session 57790ab3893c78bdede049a6afec2178 to remote] DEBUG org.asynchttpclient.netty.request.NettyRequestSender - Using open Channel [id: 0x7a90f6fa, L:/127.0.0.1:55407 - R:localhost/127.0.0.1:54919] for GET '/session/57790ab3893c78bdede049a6afec2178/url'
12:57:24.987 [AsyncHttpClient-1-20] DEBUG org.asynchttpclient.netty.handler.HttpHandler - 

Request DefaultFullHttpRequest(decodeResult: success, version: HTTP/1.1, content: EmptyByteBufBE)
GET /session/57790ab3893c78bdede049a6afec2178/url HTTP/1.1
User-Agent: selenium/4.1.2 (java windows)
Cache-Control: no-cache
Content-Type: application/json; charset=utf-8
host: localhost:54919
accept: */*

Response DefaultHttpResponse(decodeResult: success, version: HTTP/1.1)
HTTP/1.1 200 OK
Content-Type: application/json; charset=utf-8
cache-control: no-cache
content-length: 42

12:57:24.988 [AsyncHttpClient-1-20] DEBUG org.asynchttpclient.netty.channel.ChannelManager - Adding key: http://localhost:54919 for channel [id: 0x7a90f6fa, L:/127.0.0.1:55407 - R:localhost/127.0.0.1:54919]
  &amp#27;[32mGiven &amp#27;[0m&amp#27;[32mI am on landing page&amp#27;[0m                    &amp#27;[90m# starter.stepdefinitions.ManageVaccinationBookingsSteps.iAmOnLandingPage()&amp#27;[0m
12:57:25.000 [Forwarding screenshot on session 57790ab3893c78bdede049a6afec2178 to remote] DEBUG org.asynchttpclient.netty.request.NettyRequestSender - Using pooled Channel '[id: 0x7a90f6fa, L:/127.0.0.1:55407 - R:localhost/127.0.0.1:54919]' for 'GET' to 'http://localhost:54919/session/57790ab3893c78bdede049a6afec2178/screenshot'
12:57:25.000 [Forwarding screenshot on session 57790ab3893c78bdede049a6afec2178 to remote] DEBUG org.asynchttpclient.netty.request.NettyRequestSender - Using open Channel [id: 0x7a90f6fa, L:/127.0.0.1:55407 - R:localhost/127.0.0.1:54919] for GET '/session/57790ab3893c78bdede049a6afec2178/screenshot'
12:57:25.573 [AsyncHttpClient-1-1] DEBUG org.asynchttpclient.netty.channel.DefaultChannelPool - Entry count for : http://localhost:55408 : 1
12:57:25.656 [AsyncHttpClient-1-20] DEBUG org.asynchttpclient.netty.handler.HttpHandler - 

Request DefaultFullHttpRequest(decodeResult: success, version: HTTP/1.1, content: EmptyByteBufBE)
GET /session/57790ab3893c78bdede049a6afec2178/screenshot HTTP/1.1
User-Agent: selenium/4.1.2 (java windows)
Cache-Control: no-cache
Content-Type: application/json; charset=utf-8
host: localhost:54919
accept: */*

Response DefaultHttpResponse(decodeResult: success, version: HTTP/1.1)
HTTP/1.1 200 OK
Content-Type: application/json; charset=utf-8
cache-control: no-cache
content-length: 847132

12:57:25.680 [AsyncHttpClient-1-20] DEBUG org.asynchttpclient.netty.channel.ChannelManager - Adding key: http://localhost:54919 for channel [id: 0x7a90f6fa, L:/127.0.0.1:55407 - R:localhost/127.0.0.1:54919]
12:57:25.699 [main] DEBUG net.serenitybdd.core.photography.Darkroom - Send negative for processing for target\site\serenity\ff3b83dd42f508d91c0c8488aed412149de34b436c7528a8caa8428592644731.png
12:57:25.699 [Darkroom Processing Line] DEBUG net.serenitybdd.core.photography.DarkroomProcessingLine - Processing screenshot image in /var/screenshots/screenshot-4661381539739811659
12:57:25.699 [Darkroom Processing Line] DEBUG net.serenitybdd.core.photography.DarkroomProcessingLine - Saving screenshot to target\site\serenity\ff3b83dd42f508d91c0c8488aed412149de34b436c7528a8caa8428592644731.png
12:57:25.718 [Forwarding findElement on session 57790ab3893c78bdede049a6afec2178 to remote] DEBUG org.asynchttpclient.netty.request.NettyRequestSender - Using pooled Channel '[id: 0x7a90f6fa, L:/127.0.0.1:55407 - R:localhost/127.0.0.1:54919]' for 'POST' to 'http://localhost:54919/session/57790ab3893c78bdede049a6afec2178/element'
12:57:25.718 [Forwarding findElement on session 57790ab3893c78bdede049a6afec2178 to remote] DEBUG org.asynchttpclient.netty.request.NettyRequestSender - Using open Channel [id: 0x7a90f6fa, L:/127.0.0.1:55407 - R:localhost/127.0.0.1:54919] for POST '/session/57790ab3893c78bdede049a6afec2178/element'
12:57:25.734 [AsyncHttpClient-1-20] DEBUG org.asynchttpclient.netty.handler.HttpHandler - 

Request DefaultHttpRequest(decodeResult: success, version: HTTP/1.1)
POST /session/57790ab3893c78bdede049a6afec2178/element HTTP/1.1
User-Agent: selenium/4.1.2 (java windows)
Content-Length: 315
Content-Type: application/json; charset=utf-8
host: localhost:54919
accept: */*

Response DefaultHttpResponse(decodeResult: success, version: HTTP/1.1)
HTTP/1.1 200 OK
Content-Type: application/json; charset=utf-8
cache-control: no-cache
content-length: 88

12:57:25.734 [AsyncHttpClient-1-20] DEBUG org.asynchttpclient.netty.channel.ChannelManager - Adding key: http://localhost:54919 for channel [id: 0x7a90f6fa, L:/127.0.0.1:55407 - R:localhost/127.0.0.1:54919]
12:57:25.734 [Forwarding getElementTagName on session 57790ab3893c78bdede049a6afec2178 to remote] DEBUG org.asynchttpclient.netty.request.NettyRequestSender - Using pooled Channel '[id: 0x7a90f6fa, L:/127.0.0.1:55407 - R:localhost/127.0.0.1:54919]' for 'GET' to 'http://localhost:54919/session/57790ab3893c78bdede049a6afec2178/element/68e7dfa1-4d64-432a-bdd3-818feb75693b/name'
12:57:25.734 [Forwarding getElementTagName on session 57790ab3893c78bdede049a6afec2178 to remote] DEBUG org.asynchttpclient.netty.request.NettyRequestSender - Using open Channel [id: 0x7a90f6fa, L:/127.0.0.1:55407 - R:localhost/127.0.0.1:54919] for GET '/session/57790ab3893c78bdede049a6afec2178/element/68e7dfa1-4d64-432a-bdd3-818feb75693b/name'
12:57:25.736 [AsyncHttpClient-1-20] DEBUG org.asynchttpclient.netty.handler.HttpHandler - 

Request DefaultFullHttpRequest(decodeResult: success, version: HTTP/1.1, content: EmptyByteBufBE)
GET /session/57790ab3893c78bdede049a6afec2178/element/68e7dfa1-4d64-432a-bdd3-818feb75693b/name HTTP/1.1
User-Agent: selenium/4.1.2 (java windows)
Cache-Control: no-cache
Content-Type: application/json; charset=utf-8
host: localhost:54919
accept: */*

Response DefaultHttpResponse(decodeResult: success, version: HTTP/1.1)
HTTP/1.1 200 OK
Content-Type: application/json; charset=utf-8
cache-control: no-cache
content-length: 18

12:57:25.736 [AsyncHttpClient-1-20] DEBUG org.asynchttpclient.netty.channel.ChannelManager - Adding key: http://localhost:54919 for channel [id: 0x7a90f6fa, L:/127.0.0.1:55407 - R:localhost/127.0.0.1:54919]
12:57:25.737 [Forwarding getElementTagName on session 57790ab3893c78bdede049a6afec2178 to remote] DEBUG org.asynchttpclient.netty.request.NettyRequestSender - Using pooled Channel '[id: 0x7a90f6fa, L:/127.0.0.1:55407 - R:localhost/127.0.0.1:54919]' for 'GET' to 'http://localhost:54919/session/57790ab3893c78bdede049a6afec2178/element/68e7dfa1-4d64-432a-bdd3-818feb75693b/name'
12:57:25.737 [Forwarding getElementTagName on session 57790ab3893c78bdede049a6afec2178 to remote] DEBUG org.asynchttpclient.netty.request.NettyRequestSender - Using open Channel [id: 0x7a90f6fa, L:/127.0.0.1:55407 - R:localhost/127.0.0.1:54919] for GET '/session/57790ab3893c78bdede049a6afec2178/element/68e7dfa1-4d64-432a-bdd3-818feb75693b/name'
12:57:25.739 [AsyncHttpClient-1-20] DEBUG org.asynchttpclient.netty.handler.HttpHandler - 

Request DefaultFullHttpRequest(decodeResult: success, version: HTTP/1.1, content: EmptyByteBufBE)
GET /session/57790ab3893c78bdede049a6afec2178/element/68e7dfa1-4d64-432a-bdd3-818feb75693b/name HTTP/1.1
User-Agent: selenium/4.1.2 (java windows)
Cache-Control: no-cache
Content-Type: application/json; charset=utf-8
host: localhost:54919
accept: */*

Response DefaultHttpResponse(decodeResult: success, version: HTTP/1.1)
HTTP/1.1 200 OK
Content-Type: application/json; charset=utf-8
cache-control: no-cache
content-length: 18

12:57:25.739 [AsyncHttpClient-1-20] DEBUG org.asynchttpclient.netty.channel.ChannelManager - Adding key: http://localhost:54919 for channel [id: 0x7a90f6fa, L:/127.0.0.1:55407 - R:localhost/127.0.0.1:54919]
12:57:25.740 [Forwarding isElementEnabled on session 57790ab3893c78bdede049a6afec2178 to remote] DEBUG org.asynchttpclient.netty.request.NettyRequestSender - Using pooled Channel '[id: 0x7a90f6fa, L:/127.0.0.1:55407 - R:localhost/127.0.0.1:54919]' for 'GET' to 'http://localhost:54919/session/57790ab3893c78bdede049a6afec2178/element/68e7dfa1-4d64-432a-bdd3-818feb75693b/enabled'
12:57:25.740 [Forwarding isElementEnabled on session 57790ab3893c78bdede049a6afec2178 to remote] DEBUG org.asynchttpclient.netty.request.NettyRequestSender - Using open Channel [id: 0x7a90f6fa, L:/127.0.0.1:55407 - R:localhost/127.0.0.1:54919] for GET '/session/57790ab3893c78bdede049a6afec2178/element/68e7dfa1-4d64-432a-bdd3-818feb75693b/enabled'
12:57:25.745 [AsyncHttpClient-1-20] DEBUG org.asynchttpclient.netty.handler.HttpHandler - 

Request DefaultFullHttpRequest(decodeResult: success, version: HTTP/1.1, content: EmptyByteBufBE)
GET /session/57790ab3893c78bdede049a6afec2178/element/68e7dfa1-4d64-432a-bdd3-818feb75693b/enabled HTTP/1.1
User-Agent: selenium/4.1.2 (java windows)
Cache-Control: no-cache
Content-Type: application/json; charset=utf-8
host: localhost:54919
accept: */*

Response DefaultHttpResponse(decodeResult: success, version: HTTP/1.1)
HTTP/1.1 200 OK
Content-Type: application/json; charset=utf-8
cache-control: no-cache
content-length: 14

12:57:25.745 [AsyncHttpClient-1-20] DEBUG org.asynchttpclient.netty.channel.ChannelManager - Adding key: http://localhost:54919 for channel [id: 0x7a90f6fa, L:/127.0.0.1:55407 - R:localhost/127.0.0.1:54919]
12:57:25.746 [Forwarding isElementEnabled on session 57790ab3893c78bdede049a6afec2178 to remote] DEBUG org.asynchttpclient.netty.request.NettyRequestSender - Using pooled Channel '[id: 0x7a90f6fa, L:/127.0.0.1:55407 - R:localhost/127.0.0.1:54919]' for 'GET' to 'http://localhost:54919/session/57790ab3893c78bdede049a6afec2178/element/68e7dfa1-4d64-432a-bdd3-818feb75693b/enabled'
12:57:25.746 [Forwarding isElementEnabled on session 57790ab3893c78bdede049a6afec2178 to remote] DEBUG org.asynchttpclient.netty.request.NettyRequestSender - Using open Channel [id: 0x7a90f6fa, L:/127.0.0.1:55407 - R:localhost/127.0.0.1:54919] for GET '/session/57790ab3893c78bdede049a6afec2178/element/68e7dfa1-4d64-432a-bdd3-818feb75693b/enabled'
12:57:25.749 [AsyncHttpClient-1-20] DEBUG org.asynchttpclient.netty.handler.HttpHandler - 

Request DefaultFullHttpRequest(decodeResult: success, version: HTTP/1.1, content: EmptyByteBufBE)
GET /session/57790ab3893c78bdede049a6afec2178/element/68e7dfa1-4d64-432a-bdd3-818feb75693b/enabled HTTP/1.1
User-Agent: selenium/4.1.2 (java windows)
Cache-Control: no-cache
Content-Type: application/json; charset=utf-8
host: localhost:54919
accept: */*

Response DefaultHttpResponse(decodeResult: success, version: HTTP/1.1)
HTTP/1.1 200 OK
Content-Type: application/json; charset=utf-8
cache-control: no-cache
content-length: 14

12:57:25.749 [AsyncHttpClient-1-20] DEBUG org.asynchttpclient.netty.channel.ChannelManager - Adding key: http://localhost:54919 for channel [id: 0x7a90f6fa, L:/127.0.0.1:55407 - R:localhost/127.0.0.1:54919]
12:57:25.750 [Forwarding findElement on session 57790ab3893c78bdede049a6afec2178 to remote] DEBUG org.asynchttpclient.netty.request.NettyRequestSender - Using pooled Channel '[id: 0x7a90f6fa, L:/127.0.0.1:55407 - R:localhost/127.0.0.1:54919]' for 'POST' to 'http://localhost:54919/session/57790ab3893c78bdede049a6afec2178/element'
12:57:25.750 [Forwarding findElement on session 57790ab3893c78bdede049a6afec2178 to remote] DEBUG org.asynchttpclient.netty.request.NettyRequestSender - Using open Channel [id: 0x7a90f6fa, L:/127.0.0.1:55407 - R:localhost/127.0.0.1:54919] for POST '/session/57790ab3893c78bdede049a6afec2178/element'
12:57:25.754 [AsyncHttpClient-1-20] DEBUG org.asynchttpclient.netty.handler.HttpHandler - 

Request DefaultHttpRequest(decodeResult: success, version: HTTP/1.1)
POST /session/57790ab3893c78bdede049a6afec2178/element HTTP/1.1
User-Agent: selenium/4.1.2 (java windows)
Content-Length: 315
Content-Type: application/json; charset=utf-8
host: localhost:54919
accept: */*

Response DefaultHttpResponse(decodeResult: success, version: HTTP/1.1)
HTTP/1.1 200 OK
Content-Type: application/json; charset=utf-8
cache-control: no-cache
content-length: 88

12:57:25.754 [AsyncHttpClient-1-20] DEBUG org.asynchttpclient.netty.channel.ChannelManager - Adding key: http://localhost:54919 for channel [id: 0x7a90f6fa, L:/127.0.0.1:55407 - R:localhost/127.0.0.1:54919]
12:57:25.755 [Forwarding clickElement on session 57790ab3893c78bdede049a6afec2178 to remote] DEBUG org.asynchttpclient.netty.request.NettyRequestSender - Using pooled Channel '[id: 0x7a90f6fa, L:/127.0.0.1:55407 - R:localhost/127.0.0.1:54919]' for 'POST' to 'http://localhost:54919/session/57790ab3893c78bdede049a6afec2178/element/68e7dfa1-4d64-432a-bdd3-818feb75693b/click'
12:57:25.755 [Forwarding clickElement on session 57790ab3893c78bdede049a6afec2178 to remote] DEBUG org.asynchttpclient.netty.request.NettyRequestSender - Using open Channel [id: 0x7a90f6fa, L:/127.0.0.1:55407 - R:localhost/127.0.0.1:54919] for POST '/session/57790ab3893c78bdede049a6afec2178/element/68e7dfa1-4d64-432a-bdd3-818feb75693b/click'
12:57:25.839 [AsyncHttpClient-1-20] DEBUG org.asynchttpclient.netty.handler.HttpHandler - 

Request DefaultHttpRequest(decodeResult: success, version: HTTP/1.1)
POST /session/57790ab3893c78bdede049a6afec2178/element/68e7dfa1-4d64-432a-bdd3-818feb75693b/click HTTP/1.1
User-Agent: selenium/4.1.2 (java windows)
Content-Length: 50
Content-Type: application/json; charset=utf-8
host: localhost:54919
accept: */*

Response DefaultHttpResponse(decodeResult: success, version: HTTP/1.1)
HTTP/1.1 200 OK
Content-Type: application/json; charset=utf-8
cache-control: no-cache
content-length: 14

12:57:25.840 [AsyncHttpClient-1-20] DEBUG org.asynchttpclient.netty.channel.ChannelManager - Adding key: http://localhost:54919 for channel [id: 0x7a90f6fa, L:/127.0.0.1:55407 - R:localhost/127.0.0.1:54919]
12:57:25.844 [Forwarding findElement on session 57790ab3893c78bdede049a6afec2178 to remote] DEBUG org.asynchttpclient.netty.request.NettyRequestSender - Using pooled Channel '[id: 0x7a90f6fa, L:/127.0.0.1:55407 - R:localhost/127.0.0.1:54919]' for 'POST' to 'http://localhost:54919/session/57790ab3893c78bdede049a6afec2178/element'
12:57:25.845 [Forwarding findElement on session 57790ab3893c78bdede049a6afec2178 to remote] DEBUG org.asynchttpclient.netty.request.NettyRequestSender - Using open Channel [id: 0x7a90f6fa, L:/127.0.0.1:55407 - R:localhost/127.0.0.1:54919] for POST '/session/57790ab3893c78bdede049a6afec2178/element'
12:57:25.853 [AsyncHttpClient-1-20] DEBUG org.asynchttpclient.netty.handler.HttpHandler - 

Request DefaultHttpRequest(decodeResult: success, version: HTTP/1.1)
POST /session/57790ab3893c78bdede049a6afec2178/element HTTP/1.1
User-Agent: selenium/4.1.2 (java windows)
Content-Length: 69
Content-Type: application/json; charset=utf-8
host: localhost:54919
accept: */*

Response DefaultHttpResponse(decodeResult: success, version: HTTP/1.1)
HTTP/1.1 200 OK
Content-Type: application/json; charset=utf-8
cache-control: no-cache
content-length: 88

12:57:25.853 [AsyncHttpClient-1-20] DEBUG org.asynchttpclient.netty.channel.ChannelManager - Adding key: http://localhost:54919 for channel [id: 0x7a90f6fa, L:/127.0.0.1:55407 - R:localhost/127.0.0.1:54919]
12:57:25.854 [Forwarding clearElement on session 57790ab3893c78bdede049a6afec2178 to remote] DEBUG org.asynchttpclient.netty.request.NettyRequestSender - Using pooled Channel '[id: 0x7a90f6fa, L:/127.0.0.1:55407 - R:localhost/127.0.0.1:54919]' for 'POST' to 'http://localhost:54919/session/57790ab3893c78bdede049a6afec2178/element/bbaab45e-cbf9-4a46-9aa3-cb74fdba92f5/clear'
12:57:25.854 [Forwarding clearElement on session 57790ab3893c78bdede049a6afec2178 to remote] DEBUG org.asynchttpclient.netty.request.NettyRequestSender - Using open Channel [id: 0x7a90f6fa, L:/127.0.0.1:55407 - R:localhost/127.0.0.1:54919] for POST '/session/57790ab3893c78bdede049a6afec2178/element/bbaab45e-cbf9-4a46-9aa3-cb74fdba92f5/clear'
12:57:25.896 [AsyncHttpClient-1-20] DEBUG org.asynchttpclient.netty.handler.HttpHandler - 

Request DefaultHttpRequest(decodeResult: success, version: HTTP/1.1)
POST /session/57790ab3893c78bdede049a6afec2178/element/bbaab45e-cbf9-4a46-9aa3-cb74fdba92f5/clear HTTP/1.1
User-Agent: selenium/4.1.2 (java windows)
Content-Length: 50
Content-Type: application/json; charset=utf-8
host: localhost:54919
accept: */*

Response DefaultHttpResponse(decodeResult: success, version: HTTP/1.1)
HTTP/1.1 200 OK
Content-Type: application/json; charset=utf-8
cache-control: no-cache
content-length: 14

12:57:25.896 [AsyncHttpClient-1-20] DEBUG org.asynchttpclient.netty.channel.ChannelManager - Adding key: http://localhost:54919 for channel [id: 0x7a90f6fa, L:/127.0.0.1:55407 - R:localhost/127.0.0.1:54919]
12:57:25.902 [Forwarding sendKeysToElement on session 57790ab3893c78bdede049a6afec2178 to remote] DEBUG org.asynchttpclient.netty.request.NettyRequestSender - Using pooled Channel '[id: 0x7a90f6fa, L:/127.0.0.1:55407 - R:localhost/127.0.0.1:54919]' for 'POST' to 'http://localhost:54919/session/57790ab3893c78bdede049a6afec2178/element/bbaab45e-cbf9-4a46-9aa3-cb74fdba92f5/value'
12:57:25.902 [Forwarding sendKeysToElement on session 57790ab3893c78bdede049a6afec2178 to remote] DEBUG org.asynchttpclient.netty.request.NettyRequestSender - Using open Channel [id: 0x7a90f6fa, L:/127.0.0.1:55407 - R:localhost/127.0.0.1:54919] for POST '/session/57790ab3893c78bdede049a6afec2178/element/bbaab45e-cbf9-4a46-9aa3-cb74fdba92f5/value'
12:57:26.077 [AsyncHttpClient-1-20] DEBUG org.asynchttpclient.netty.handler.HttpHandler - 

Request DefaultHttpRequest(decodeResult: success, version: HTTP/1.1)
POST /session/57790ab3893c78bdede049a6afec2178/element/bbaab45e-cbf9-4a46-9aa3-cb74fdba92f5/value HTTP/1.1
User-Agent: selenium/4.1.2 (java windows)
Content-Length: 411
Content-Type: application/json; charset=utf-8
host: localhost:54919
accept: */*

Response DefaultHttpResponse(decodeResult: success, version: HTTP/1.1)
HTTP/1.1 200 OK
Content-Type: application/json; charset=utf-8
cache-control: no-cache
content-length: 14

12:57:26.077 [AsyncHttpClient-1-20] DEBUG org.asynchttpclient.netty.channel.ChannelManager - Adding key: http://localhost:54919 for channel [id: 0x7a90f6fa, L:/127.0.0.1:55407 - R:localhost/127.0.0.1:54919]
12:57:26.082 [Forwarding findElement on session 57790ab3893c78bdede049a6afec2178 to remote] DEBUG org.asynchttpclient.netty.request.NettyRequestSender - Using pooled Channel '[id: 0x7a90f6fa, L:/127.0.0.1:55407 - R:localhost/127.0.0.1:54919]' for 'POST' to 'http://localhost:54919/session/57790ab3893c78bdede049a6afec2178/element'
12:57:26.082 [Forwarding findElement on session 57790ab3893c78bdede049a6afec2178 to remote] DEBUG org.asynchttpclient.netty.request.NettyRequestSender - Using open Channel [id: 0x7a90f6fa, L:/127.0.0.1:55407 - R:localhost/127.0.0.1:54919] for POST '/session/57790ab3893c78bdede049a6afec2178/element'
12:57:26.091 [AsyncHttpClient-1-20] DEBUG org.asynchttpclient.netty.handler.HttpHandler - 

Request DefaultHttpRequest(decodeResult: success, version: HTTP/1.1)
POST /session/57790ab3893c78bdede049a6afec2178/element HTTP/1.1
User-Agent: selenium/4.1.2 (java windows)
Content-Length: 72
Content-Type: application/json; charset=utf-8
host: localhost:54919
accept: */*

Response DefaultHttpResponse(decodeResult: success, version: HTTP/1.1)
HTTP/1.1 200 OK
Content-Type: application/json; charset=utf-8
cache-control: no-cache
content-length: 88

12:57:26.091 [AsyncHttpClient-1-20] DEBUG org.asynchttpclient.netty.channel.ChannelManager - Adding key: http://localhost:54919 for channel [id: 0x7a90f6fa, L:/127.0.0.1:55407 - R:localhost/127.0.0.1:54919]
12:57:26.093 [Forwarding clearElement on session 57790ab3893c78bdede049a6afec2178 to remote] DEBUG org.asynchttpclient.netty.request.NettyRequestSender - Using pooled Channel '[id: 0x7a90f6fa, L:/127.0.0.1:55407 - R:localhost/127.0.0.1:54919]' for 'POST' to 'http://localhost:54919/session/57790ab3893c78bdede049a6afec2178/element/5237121b-5c40-485e-acb7-9314023f1427/clear'
12:57:26.093 [Forwarding clearElement on session 57790ab3893c78bdede049a6afec2178 to remote] DEBUG org.asynchttpclient.netty.request.NettyRequestSender - Using open Channel [id: 0x7a90f6fa, L:/127.0.0.1:55407 - R:localhost/127.0.0.1:54919] for POST '/session/57790ab3893c78bdede049a6afec2178/element/5237121b-5c40-485e-acb7-9314023f1427/clear'
12:57:26.127 [AsyncHttpClient-1-20] DEBUG org.asynchttpclient.netty.handler.HttpHandler - 

Request DefaultHttpRequest(decodeResult: success, version: HTTP/1.1)
POST /session/57790ab3893c78bdede049a6afec2178/element/5237121b-5c40-485e-acb7-9314023f1427/clear HTTP/1.1
User-Agent: selenium/4.1.2 (java windows)
Content-Length: 50
Content-Type: application/json; charset=utf-8
host: localhost:54919
accept: */*

Response DefaultHttpResponse(decodeResult: success, version: HTTP/1.1)
HTTP/1.1 200 OK
Content-Type: application/json; charset=utf-8
cache-control: no-cache
content-length: 14

12:57:26.128 [AsyncHttpClient-1-20] DEBUG org.asynchttpclient.netty.channel.ChannelManager - Adding key: http://localhost:54919 for channel [id: 0x7a90f6fa, L:/127.0.0.1:55407 - R:localhost/127.0.0.1:54919]
12:57:26.133 [Forwarding sendKeysToElement on session 57790ab3893c78bdede049a6afec2178 to remote] DEBUG org.asynchttpclient.netty.request.NettyRequestSender - Using pooled Channel '[id: 0x7a90f6fa, L:/127.0.0.1:55407 - R:localhost/127.0.0.1:54919]' for 'POST' to 'http://localhost:54919/session/57790ab3893c78bdede049a6afec2178/element/5237121b-5c40-485e-acb7-9314023f1427/value'
12:57:26.133 [Forwarding sendKeysToElement on session 57790ab3893c78bdede049a6afec2178 to remote] DEBUG org.asynchttpclient.netty.request.NettyRequestSender - Using open Channel [id: 0x7a90f6fa, L:/127.0.0.1:55407 - R:localhost/127.0.0.1:54919] for POST '/session/57790ab3893c78bdede049a6afec2178/element/5237121b-5c40-485e-acb7-9314023f1427/value'
12:57:26.250 [AsyncHttpClient-1-20] DEBUG org.asynchttpclient.netty.handler.HttpHandler - 

Request DefaultHttpRequest(decodeResult: success, version: HTTP/1.1)
POST /session/57790ab3893c78bdede049a6afec2178/element/5237121b-5c40-485e-acb7-9314023f1427/value HTTP/1.1
User-Agent: selenium/4.1.2 (java windows)
Content-Length: 241
Content-Type: application/json; charset=utf-8
host: localhost:54919
accept: */*

Response DefaultHttpResponse(decodeResult: success, version: HTTP/1.1)
HTTP/1.1 200 OK
Content-Type: application/json; charset=utf-8
cache-control: no-cache
content-length: 14

12:57:26.250 [AsyncHttpClient-1-20] DEBUG org.asynchttpclient.netty.channel.ChannelManager - Adding key: http://localhost:54919 for channel [id: 0x7a90f6fa, L:/127.0.0.1:55407 - R:localhost/127.0.0.1:54919]
12:57:26.256 [Forwarding findElement on session 57790ab3893c78bdede049a6afec2178 to remote] DEBUG org.asynchttpclient.netty.request.NettyRequestSender - Using pooled Channel '[id: 0x7a90f6fa, L:/127.0.0.1:55407 - R:localhost/127.0.0.1:54919]' for 'POST' to 'http://localhost:54919/session/57790ab3893c78bdede049a6afec2178/element'
12:57:26.256 [Forwarding findElement on session 57790ab3893c78bdede049a6afec2178 to remote] DEBUG org.asynchttpclient.netty.request.NettyRequestSender - Using open Channel [id: 0x7a90f6fa, L:/127.0.0.1:55407 - R:localhost/127.0.0.1:54919] for POST '/session/57790ab3893c78bdede049a6afec2178/element'
12:57:26.269 [AsyncHttpClient-1-20] DEBUG org.asynchttpclient.netty.handler.HttpHandler - 

Request DefaultHttpRequest(decodeResult: success, version: HTTP/1.1)
POST /session/57790ab3893c78bdede049a6afec2178/element HTTP/1.1
User-Agent: selenium/4.1.2 (java windows)
Content-Length: 321
Content-Type: application/json; charset=utf-8
host: localhost:54919
accept: */*

Response DefaultHttpResponse(decodeResult: success, version: HTTP/1.1)
HTTP/1.1 200 OK
Content-Type: application/json; charset=utf-8
cache-control: no-cache
content-length: 88

12:57:26.270 [AsyncHttpClient-1-20] DEBUG org.asynchttpclient.netty.channel.ChannelManager - Adding key: http://localhost:54919 for channel [id: 0x7a90f6fa, L:/127.0.0.1:55407 - R:localhost/127.0.0.1:54919]
12:57:26.271 [Forwarding getElementTagName on session 57790ab3893c78bdede049a6afec2178 to remote] DEBUG org.asynchttpclient.netty.request.NettyRequestSender - Using pooled Channel '[id: 0x7a90f6fa, L:/127.0.0.1:55407 - R:localhost/127.0.0.1:54919]' for 'GET' to 'http://localhost:54919/session/57790ab3893c78bdede049a6afec2178/element/32a5af74-0561-4f8b-9ea0-fd5d3d814787/name'
12:57:26.271 [Forwarding getElementTagName on session 57790ab3893c78bdede049a6afec2178 to remote] DEBUG org.asynchttpclient.netty.request.NettyRequestSender - Using open Channel [id: 0x7a90f6fa, L:/127.0.0.1:55407 - R:localhost/127.0.0.1:54919] for GET '/session/57790ab3893c78bdede049a6afec2178/element/32a5af74-0561-4f8b-9ea0-fd5d3d814787/name'
12:57:26.275 [AsyncHttpClient-1-20] DEBUG org.asynchttpclient.netty.handler.HttpHandler - 

Request DefaultFullHttpRequest(decodeResult: success, version: HTTP/1.1, content: EmptyByteBufBE)
GET /session/57790ab3893c78bdede049a6afec2178/element/32a5af74-0561-4f8b-9ea0-fd5d3d814787/name HTTP/1.1
User-Agent: selenium/4.1.2 (java windows)
Cache-Control: no-cache
Content-Type: application/json; charset=utf-8
host: localhost:54919
accept: */*

Response DefaultHttpResponse(decodeResult: success, version: HTTP/1.1)
HTTP/1.1 200 OK
Content-Type: application/json; charset=utf-8
cache-control: no-cache
content-length: 18

12:57:26.276 [AsyncHttpClient-1-20] DEBUG org.asynchttpclient.netty.channel.ChannelManager - Adding key: http://localhost:54919 for channel [id: 0x7a90f6fa, L:/127.0.0.1:55407 - R:localhost/127.0.0.1:54919]
12:57:26.277 [Forwarding getElementTagName on session 57790ab3893c78bdede049a6afec2178 to remote] DEBUG org.asynchttpclient.netty.request.NettyRequestSender - Using pooled Channel '[id: 0x7a90f6fa, L:/127.0.0.1:55407 - R:localhost/127.0.0.1:54919]' for 'GET' to 'http://localhost:54919/session/57790ab3893c78bdede049a6afec2178/element/32a5af74-0561-4f8b-9ea0-fd5d3d814787/name'
12:57:26.277 [Forwarding getElementTagName on session 57790ab3893c78bdede049a6afec2178 to remote] DEBUG org.asynchttpclient.netty.request.NettyRequestSender - Using open Channel [id: 0x7a90f6fa, L:/127.0.0.1:55407 - R:localhost/127.0.0.1:54919] for GET '/session/57790ab3893c78bdede049a6afec2178/element/32a5af74-0561-4f8b-9ea0-fd5d3d814787/name'
12:57:26.283 [AsyncHttpClient-1-20] DEBUG org.asynchttpclient.netty.handler.HttpHandler - 

Request DefaultFullHttpRequest(decodeResult: success, version: HTTP/1.1, content: EmptyByteBufBE)
GET /session/57790ab3893c78bdede049a6afec2178/element/32a5af74-0561-4f8b-9ea0-fd5d3d814787/name HTTP/1.1
User-Agent: selenium/4.1.2 (java windows)
Cache-Control: no-cache
Content-Type: application/json; charset=utf-8
host: localhost:54919
accept: */*

Response DefaultHttpResponse(decodeResult: success, version: HTTP/1.1)
HTTP/1.1 200 OK
Content-Type: application/json; charset=utf-8
cache-control: no-cache
content-length: 18

12:57:26.283 [AsyncHttpClient-1-20] DEBUG org.asynchttpclient.netty.channel.ChannelManager - Adding key: http://localhost:54919 for channel [id: 0x7a90f6fa, L:/127.0.0.1:55407 - R:localhost/127.0.0.1:54919]
12:57:26.284 [Forwarding isElementEnabled on session 57790ab3893c78bdede049a6afec2178 to remote] DEBUG org.asynchttpclient.netty.request.NettyRequestSender - Using pooled Channel '[id: 0x7a90f6fa, L:/127.0.0.1:55407 - R:localhost/127.0.0.1:54919]' for 'GET' to 'http://localhost:54919/session/57790ab3893c78bdede049a6afec2178/element/32a5af74-0561-4f8b-9ea0-fd5d3d814787/enabled'
12:57:26.284 [Forwarding isElementEnabled on session 57790ab3893c78bdede049a6afec2178 to remote] DEBUG org.asynchttpclient.netty.request.NettyRequestSender - Using open Channel [id: 0x7a90f6fa, L:/127.0.0.1:55407 - R:localhost/127.0.0.1:54919] for GET '/session/57790ab3893c78bdede049a6afec2178/element/32a5af74-0561-4f8b-9ea0-fd5d3d814787/enabled'
12:57:26.291 [AsyncHttpClient-1-20] DEBUG org.asynchttpclient.netty.handler.HttpHandler - 

Request DefaultFullHttpRequest(decodeResult: success, version: HTTP/1.1, content: EmptyByteBufBE)
GET /session/57790ab3893c78bdede049a6afec2178/element/32a5af74-0561-4f8b-9ea0-fd5d3d814787/enabled HTTP/1.1
User-Agent: selenium/4.1.2 (java windows)
Cache-Control: no-cache
Content-Type: application/json; charset=utf-8
host: localhost:54919
accept: */*

Response DefaultHttpResponse(decodeResult: success, version: HTTP/1.1)
HTTP/1.1 200 OK
Content-Type: application/json; charset=utf-8
cache-control: no-cache
content-length: 14

12:57:26.291 [AsyncHttpClient-1-20] DEBUG org.asynchttpclient.netty.channel.ChannelManager - Adding key: http://localhost:54919 for channel [id: 0x7a90f6fa, L:/127.0.0.1:55407 - R:localhost/127.0.0.1:54919]
12:57:26.292 [Forwarding isElementEnabled on session 57790ab3893c78bdede049a6afec2178 to remote] DEBUG org.asynchttpclient.netty.request.NettyRequestSender - Using pooled Channel '[id: 0x7a90f6fa, L:/127.0.0.1:55407 - R:localhost/127.0.0.1:54919]' for 'GET' to 'http://localhost:54919/session/57790ab3893c78bdede049a6afec2178/element/32a5af74-0561-4f8b-9ea0-fd5d3d814787/enabled'
12:57:26.292 [Forwarding isElementEnabled on session 57790ab3893c78bdede049a6afec2178 to remote] DEBUG org.asynchttpclient.netty.request.NettyRequestSender - Using open Channel [id: 0x7a90f6fa, L:/127.0.0.1:55407 - R:localhost/127.0.0.1:54919] for GET '/session/57790ab3893c78bdede049a6afec2178/element/32a5af74-0561-4f8b-9ea0-fd5d3d814787/enabled'
12:57:26.296 [AsyncHttpClient-1-20] DEBUG org.asynchttpclient.netty.handler.HttpHandler - 

Request DefaultFullHttpRequest(decodeResult: success, version: HTTP/1.1, content: EmptyByteBufBE)
GET /session/57790ab3893c78bdede049a6afec2178/element/32a5af74-0561-4f8b-9ea0-fd5d3d814787/enabled HTTP/1.1
User-Agent: selenium/4.1.2 (java windows)
Cache-Control: no-cache
Content-Type: application/json; charset=utf-8
host: localhost:54919
accept: */*

Response DefaultHttpResponse(decodeResult: success, version: HTTP/1.1)
HTTP/1.1 200 OK
Content-Type: application/json; charset=utf-8
cache-control: no-cache
content-length: 14

12:57:26.296 [AsyncHttpClient-1-20] DEBUG org.asynchttpclient.netty.channel.ChannelManager - Adding key: http://localhost:54919 for channel [id: 0x7a90f6fa, L:/127.0.0.1:55407 - R:localhost/127.0.0.1:54919]
12:57:26.297 [Forwarding findElement on session 57790ab3893c78bdede049a6afec2178 to remote] DEBUG org.asynchttpclient.netty.request.NettyRequestSender - Using pooled Channel '[id: 0x7a90f6fa, L:/127.0.0.1:55407 - R:localhost/127.0.0.1:54919]' for 'POST' to 'http://localhost:54919/session/57790ab3893c78bdede049a6afec2178/element'
12:57:26.297 [Forwarding findElement on session 57790ab3893c78bdede049a6afec2178 to remote] DEBUG org.asynchttpclient.netty.request.NettyRequestSender - Using open Channel [id: 0x7a90f6fa, L:/127.0.0.1:55407 - R:localhost/127.0.0.1:54919] for POST '/session/57790ab3893c78bdede049a6afec2178/element'
12:57:26.302 [AsyncHttpClient-1-20] DEBUG org.asynchttpclient.netty.handler.HttpHandler - 

Request DefaultHttpRequest(decodeResult: success, version: HTTP/1.1)
POST /session/57790ab3893c78bdede049a6afec2178/element HTTP/1.1
User-Agent: selenium/4.1.2 (java windows)
Content-Length: 321
Content-Type: application/json; charset=utf-8
host: localhost:54919
accept: */*

Response DefaultHttpResponse(decodeResult: success, version: HTTP/1.1)
HTTP/1.1 200 OK
Content-Type: application/json; charset=utf-8
cache-control: no-cache
content-length: 88

12:57:26.302 [AsyncHttpClient-1-20] DEBUG org.asynchttpclient.netty.channel.ChannelManager - Adding key: http://localhost:54919 for channel [id: 0x7a90f6fa, L:/127.0.0.1:55407 - R:localhost/127.0.0.1:54919]
12:57:26.304 [Forwarding clickElement on session 57790ab3893c78bdede049a6afec2178 to remote] DEBUG org.asynchttpclient.netty.request.NettyRequestSender - Using pooled Channel '[id: 0x7a90f6fa, L:/127.0.0.1:55407 - R:localhost/127.0.0.1:54919]' for 'POST' to 'http://localhost:54919/session/57790ab3893c78bdede049a6afec2178/element/32a5af74-0561-4f8b-9ea0-fd5d3d814787/click'
12:57:26.304 [Forwarding clickElement on session 57790ab3893c78bdede049a6afec2178 to remote] DEBUG org.asynchttpclient.netty.request.NettyRequestSender - Using open Channel [id: 0x7a90f6fa, L:/127.0.0.1:55407 - R:localhost/127.0.0.1:54919] for POST '/session/57790ab3893c78bdede049a6afec2178/element/32a5af74-0561-4f8b-9ea0-fd5d3d814787/click'
12:57:26.354 [AsyncHttpClient-1-20] DEBUG org.asynchttpclient.netty.handler.HttpHandler - 

Request DefaultHttpRequest(decodeResult: success, version: HTTP/1.1)
POST /session/57790ab3893c78bdede049a6afec2178/element/32a5af74-0561-4f8b-9ea0-fd5d3d814787/click HTTP/1.1
User-Agent: selenium/4.1.2 (java windows)
Content-Length: 50
Content-Type: application/json; charset=utf-8
host: localhost:54919
accept: */*

Response DefaultHttpResponse(decodeResult: success, version: HTTP/1.1)
HTTP/1.1 200 OK
Content-Type: application/json; charset=utf-8
cache-control: no-cache
content-length: 14

12:57:26.354 [AsyncHttpClient-1-20] DEBUG org.asynchttpclient.netty.channel.ChannelManager - Adding key: http://localhost:54919 for channel [id: 0x7a90f6fa, L:/127.0.0.1:55407 - R:localhost/127.0.0.1:54919]
  &amp#27;[32mAnd &amp#27;[0m&amp#27;[32mI have logged in&amp#27;[0m                          &amp#27;[90m# starter.stepdefinitions.ManageVaccinationBookingsSteps.iHaveLoggedIn()&amp#27;[0m
12:57:26.362 [Forwarding screenshot on session 57790ab3893c78bdede049a6afec2178 to remote] DEBUG org.asynchttpclient.netty.request.NettyRequestSender - Using pooled Channel '[id: 0x7a90f6fa, L:/127.0.0.1:55407 - R:localhost/127.0.0.1:54919]' for 'GET' to 'http://localhost:54919/session/57790ab3893c78bdede049a6afec2178/screenshot'
12:57:26.362 [Forwarding screenshot on session 57790ab3893c78bdede049a6afec2178 to remote] DEBUG org.asynchttpclient.netty.request.NettyRequestSender - Using open Channel [id: 0x7a90f6fa, L:/127.0.0.1:55407 - R:localhost/127.0.0.1:54919] for GET '/session/57790ab3893c78bdede049a6afec2178/screenshot'
12:57:26.503 [AsyncHttpClient-1-20] DEBUG org.asynchttpclient.netty.handler.HttpHandler - 

Request DefaultFullHttpRequest(decodeResult: success, version: HTTP/1.1, content: EmptyByteBufBE)
GET /session/57790ab3893c78bdede049a6afec2178/screenshot HTTP/1.1
User-Agent: selenium/4.1.2 (java windows)
Cache-Control: no-cache
Content-Type: application/json; charset=utf-8
host: localhost:54919
accept: */*

Response DefaultHttpResponse(decodeResult: success, version: HTTP/1.1)
HTTP/1.1 200 OK
Content-Type: application/json; charset=utf-8
cache-control: no-cache
content-length: 115912

12:57:26.504 [AsyncHttpClient-1-20] DEBUG org.asynchttpclient.netty.channel.ChannelManager - Adding key: http://localhost:54919 for channel [id: 0x7a90f6fa, L:/127.0.0.1:55407 - R:localhost/127.0.0.1:54919]
12:57:26.507 [main] DEBUG net.serenitybdd.core.photography.Darkroom - Send negative for processing for target\site\serenity\b7427f3d27d1f6d919189655f52160192be57b5882d1fd030387c338a6c12edc.png
12:57:26.507 [Darkroom Processing Line] DEBUG net.serenitybdd.core.photography.DarkroomProcessingLine - Processing screenshot image in /var/screenshots/screenshot-258590949178546154
12:57:26.507 [Darkroom Processing Line] DEBUG net.serenitybdd.core.photography.DarkroomProcessingLine - Saving screenshot to target\site\serenity\b7427f3d27d1f6d919189655f52160192be57b5882d1fd030387c338a6c12edc.png
12:57:26.518 [Forwarding findElement on session 57790ab3893c78bdede049a6afec2178 to remote] DEBUG org.asynchttpclient.netty.request.NettyRequestSender - Using pooled Channel '[id: 0x7a90f6fa, L:/127.0.0.1:55407 - R:localhost/127.0.0.1:54919]' for 'POST' to 'http://localhost:54919/session/57790ab3893c78bdede049a6afec2178/element'
12:57:26.518 [Forwarding findElement on session 57790ab3893c78bdede049a6afec2178 to remote] DEBUG org.asynchttpclient.netty.request.NettyRequestSender - Using open Channel [id: 0x7a90f6fa, L:/127.0.0.1:55407 - R:localhost/127.0.0.1:54919] for POST '/session/57790ab3893c78bdede049a6afec2178/element'
12:57:26.672 [AsyncHttpClient-1-1] DEBUG org.asynchttpclient.netty.channel.DefaultChannelPool - Entry count for : http://localhost:55408 : 1
12:57:26.875 [AsyncHttpClient-1-20] DEBUG org.asynchttpclient.netty.handler.HttpHandler - 

Request DefaultHttpRequest(decodeResult: success, version: HTTP/1.1)
POST /session/57790ab3893c78bdede049a6afec2178/element HTTP/1.1
User-Agent: selenium/4.1.2 (java windows)
Content-Length: 80
Content-Type: application/json; charset=utf-8
host: localhost:54919
accept: */*

Response DefaultHttpResponse(decodeResult: success, version: HTTP/1.1)
HTTP/1.1 200 OK
Content-Type: application/json; charset=utf-8
cache-control: no-cache
content-length: 88

12:57:26.875 [AsyncHttpClient-1-20] DEBUG org.asynchttpclient.netty.channel.ChannelManager - Adding key: http://localhost:54919 for channel [id: 0x7a90f6fa, L:/127.0.0.1:55407 - R:localhost/127.0.0.1:54919]
12:57:26.878 [Forwarding getElementTagName on session 57790ab3893c78bdede049a6afec2178 to remote] DEBUG org.asynchttpclient.netty.request.NettyRequestSender - Using pooled Channel '[id: 0x7a90f6fa, L:/127.0.0.1:55407 - R:localhost/127.0.0.1:54919]' for 'GET' to 'http://localhost:54919/session/57790ab3893c78bdede049a6afec2178/element/e8860396-06f0-437f-8d3b-29c69c775c91/name'
12:57:26.878 [Forwarding getElementTagName on session 57790ab3893c78bdede049a6afec2178 to remote] DEBUG org.asynchttpclient.netty.request.NettyRequestSender - Using open Channel [id: 0x7a90f6fa, L:/127.0.0.1:55407 - R:localhost/127.0.0.1:54919] for GET '/session/57790ab3893c78bdede049a6afec2178/element/e8860396-06f0-437f-8d3b-29c69c775c91/name'
12:57:26.882 [AsyncHttpClient-1-20] DEBUG org.asynchttpclient.netty.handler.HttpHandler - 

Request DefaultFullHttpRequest(decodeResult: success, version: HTTP/1.1, content: EmptyByteBufBE)
GET /session/57790ab3893c78bdede049a6afec2178/element/e8860396-06f0-437f-8d3b-29c69c775c91/name HTTP/1.1
User-Agent: selenium/4.1.2 (java windows)
Cache-Control: no-cache
Content-Type: application/json; charset=utf-8
host: localhost:54919
accept: */*

Response DefaultHttpResponse(decodeResult: success, version: HTTP/1.1)
HTTP/1.1 200 OK
Content-Type: application/json; charset=utf-8
cache-control: no-cache
content-length: 13

12:57:26.882 [AsyncHttpClient-1-20] DEBUG org.asynchttpclient.netty.channel.ChannelManager - Adding key: http://localhost:54919 for channel [id: 0x7a90f6fa, L:/127.0.0.1:55407 - R:localhost/127.0.0.1:54919]
12:57:26.883 [Forwarding getElementTagName on session 57790ab3893c78bdede049a6afec2178 to remote] DEBUG org.asynchttpclient.netty.request.NettyRequestSender - Using pooled Channel '[id: 0x7a90f6fa, L:/127.0.0.1:55407 - R:localhost/127.0.0.1:54919]' for 'GET' to 'http://localhost:54919/session/57790ab3893c78bdede049a6afec2178/element/e8860396-06f0-437f-8d3b-29c69c775c91/name'
12:57:26.883 [Forwarding getElementTagName on session 57790ab3893c78bdede049a6afec2178 to remote] DEBUG org.asynchttpclient.netty.request.NettyRequestSender - Using open Channel [id: 0x7a90f6fa, L:/127.0.0.1:55407 - R:localhost/127.0.0.1:54919] for GET '/session/57790ab3893c78bdede049a6afec2178/element/e8860396-06f0-437f-8d3b-29c69c775c91/name'
12:57:26.886 [AsyncHttpClient-1-20] DEBUG org.asynchttpclient.netty.handler.HttpHandler - 

Request DefaultFullHttpRequest(decodeResult: success, version: HTTP/1.1, content: EmptyByteBufBE)
GET /session/57790ab3893c78bdede049a6afec2178/element/e8860396-06f0-437f-8d3b-29c69c775c91/name HTTP/1.1
User-Agent: selenium/4.1.2 (java windows)
Cache-Control: no-cache
Content-Type: application/json; charset=utf-8
host: localhost:54919
accept: */*

Response DefaultHttpResponse(decodeResult: success, version: HTTP/1.1)
HTTP/1.1 200 OK
Content-Type: application/json; charset=utf-8
cache-control: no-cache
content-length: 13

12:57:26.887 [AsyncHttpClient-1-20] DEBUG org.asynchttpclient.netty.channel.ChannelManager - Adding key: http://localhost:54919 for channel [id: 0x7a90f6fa, L:/127.0.0.1:55407 - R:localhost/127.0.0.1:54919]
12:57:26.888 [Forwarding findElement on session 57790ab3893c78bdede049a6afec2178 to remote] DEBUG org.asynchttpclient.netty.request.NettyRequestSender - Using pooled Channel '[id: 0x7a90f6fa, L:/127.0.0.1:55407 - R:localhost/127.0.0.1:54919]' for 'POST' to 'http://localhost:54919/session/57790ab3893c78bdede049a6afec2178/element'
12:57:26.888 [Forwarding findElement on session 57790ab3893c78bdede049a6afec2178 to remote] DEBUG org.asynchttpclient.netty.request.NettyRequestSender - Using open Channel [id: 0x7a90f6fa, L:/127.0.0.1:55407 - R:localhost/127.0.0.1:54919] for POST '/session/57790ab3893c78bdede049a6afec2178/element'
12:57:26.894 [AsyncHttpClient-1-20] DEBUG org.asynchttpclient.netty.handler.HttpHandler - 

Request DefaultHttpRequest(decodeResult: success, version: HTTP/1.1)
POST /session/57790ab3893c78bdede049a6afec2178/element HTTP/1.1
User-Agent: selenium/4.1.2 (java windows)
Content-Length: 80
Content-Type: application/json; charset=utf-8
host: localhost:54919
accept: */*

Response DefaultHttpResponse(decodeResult: success, version: HTTP/1.1)
HTTP/1.1 200 OK
Content-Type: application/json; charset=utf-8
cache-control: no-cache
content-length: 88

12:57:26.894 [AsyncHttpClient-1-20] DEBUG org.asynchttpclient.netty.channel.ChannelManager - Adding key: http://localhost:54919 for channel [id: 0x7a90f6fa, L:/127.0.0.1:55407 - R:localhost/127.0.0.1:54919]
12:57:26.894 [Forwarding clickElement on session 57790ab3893c78bdede049a6afec2178 to remote] DEBUG org.asynchttpclient.netty.request.NettyRequestSender - Using pooled Channel '[id: 0x7a90f6fa, L:/127.0.0.1:55407 - R:localhost/127.0.0.1:54919]' for 'POST' to 'http://localhost:54919/session/57790ab3893c78bdede049a6afec2178/element/e8860396-06f0-437f-8d3b-29c69c775c91/click'
12:57:26.894 [Forwarding clickElement on session 57790ab3893c78bdede049a6afec2178 to remote] DEBUG org.asynchttpclient.netty.request.NettyRequestSender - Using open Channel [id: 0x7a90f6fa, L:/127.0.0.1:55407 - R:localhost/127.0.0.1:54919] for POST '/session/57790ab3893c78bdede049a6afec2178/element/e8860396-06f0-437f-8d3b-29c69c775c91/click'
12:57:26.995 [AsyncHttpClient-1-20] DEBUG org.asynchttpclient.netty.handler.HttpHandler - 

Request DefaultHttpRequest(decodeResult: success, version: HTTP/1.1)
POST /session/57790ab3893c78bdede049a6afec2178/element/e8860396-06f0-437f-8d3b-29c69c775c91/click HTTP/1.1
User-Agent: selenium/4.1.2 (java windows)
Content-Length: 50
Content-Type: application/json; charset=utf-8
host: localhost:54919
accept: */*

Response DefaultHttpResponse(decodeResult: success, version: HTTP/1.1)
HTTP/1.1 200 OK
Content-Type: application/json; charset=utf-8
cache-control: no-cache
content-length: 14

12:57:26.995 [AsyncHttpClient-1-20] DEBUG org.asynchttpclient.netty.channel.ChannelManager - Adding key: http://localhost:54919 for channel [id: 0x7a90f6fa, L:/127.0.0.1:55407 - R:localhost/127.0.0.1:54919]
  &amp#27;[32mWhen &amp#27;[0m&amp#27;[32mI go to Book Vaksinasi page&amp#27;[0m              &amp#27;[90m# starter.stepdefinitions.ManageVaccinationBookingsSteps.iGoToBookVaksinasiPage()&amp#27;[0m
12:57:27.002 [Forwarding screenshot on session 57790ab3893c78bdede049a6afec2178 to remote] DEBUG org.asynchttpclient.netty.request.NettyRequestSender - Using pooled Channel '[id: 0x7a90f6fa, L:/127.0.0.1:55407 - R:localhost/127.0.0.1:54919]' for 'GET' to 'http://localhost:54919/session/57790ab3893c78bdede049a6afec2178/screenshot'
12:57:27.002 [Forwarding screenshot on session 57790ab3893c78bdede049a6afec2178 to remote] DEBUG org.asynchttpclient.netty.request.NettyRequestSender - Using open Channel [id: 0x7a90f6fa, L:/127.0.0.1:55407 - R:localhost/127.0.0.1:54919] for GET '/session/57790ab3893c78bdede049a6afec2178/screenshot'
12:57:27.213 [AsyncHttpClient-1-20] DEBUG org.asynchttpclient.netty.handler.HttpHandler - 

Request DefaultFullHttpRequest(decodeResult: success, version: HTTP/1.1, content: EmptyByteBufBE)
GET /session/57790ab3893c78bdede049a6afec2178/screenshot HTTP/1.1
User-Agent: selenium/4.1.2 (java windows)
Cache-Control: no-cache
Content-Type: application/json; charset=utf-8
host: localhost:54919
accept: */*

Response DefaultHttpResponse(decodeResult: success, version: HTTP/1.1)
HTTP/1.1 200 OK
Content-Type: application/json; charset=utf-8
cache-control: no-cache
content-length: 96200

12:57:27.214 [AsyncHttpClient-1-20] DEBUG org.asynchttpclient.netty.channel.ChannelManager - Adding key: http://localhost:54919 for channel [id: 0x7a90f6fa, L:/127.0.0.1:55407 - R:localhost/127.0.0.1:54919]
12:57:27.216 [main] DEBUG net.serenitybdd.core.photography.Darkroom - Send negative for processing for target\site\serenity\dec0e143bba9491095d3621fdceec15f35b09a2ad01c06ed78ec8b600d680111.png
12:57:27.218 [Darkroom Processing Line] DEBUG net.serenitybdd.core.photography.DarkroomProcessingLine - Processing screenshot image in /var/screenshots/screenshot-15008752421905939653
12:57:27.218 [Darkroom Processing Line] DEBUG net.serenitybdd.core.photography.DarkroomProcessingLine - Saving screenshot to target\site\serenity\dec0e143bba9491095d3621fdceec15f35b09a2ad01c06ed78ec8b600d680111.png
12:57:27.243 [Forwarding findElement on session 57790ab3893c78bdede049a6afec2178 to remote] DEBUG org.asynchttpclient.netty.request.NettyRequestSender - Using pooled Channel '[id: 0x7a90f6fa, L:/127.0.0.1:55407 - R:localhost/127.0.0.1:54919]' for 'POST' to 'http://localhost:54919/session/57790ab3893c78bdede049a6afec2178/element'
12:57:27.243 [Forwarding findElement on session 57790ab3893c78bdede049a6afec2178 to remote] DEBUG org.asynchttpclient.netty.request.NettyRequestSender - Using open Channel [id: 0x7a90f6fa, L:/127.0.0.1:55407 - R:localhost/127.0.0.1:54919] for POST '/session/57790ab3893c78bdede049a6afec2178/element'
12:57:27.772 [AsyncHttpClient-1-1] DEBUG org.asynchttpclient.netty.channel.DefaultChannelPool - Entry count for : http://localhost:55408 : 1
12:57:28.879 [AsyncHttpClient-1-1] DEBUG org.asynchttpclient.netty.channel.DefaultChannelPool - Entry count for : http://localhost:55408 : 1
12:57:29.298 [AsyncHttpClient-1-20] DEBUG org.asynchttpclient.netty.handler.HttpHandler - 

Request DefaultHttpRequest(decodeResult: success, version: HTTP/1.1)
POST /session/57790ab3893c78bdede049a6afec2178/element HTTP/1.1
User-Agent: selenium/4.1.2 (java windows)
Content-Length: 77
Content-Type: application/json; charset=utf-8
host: localhost:54919
accept: */*

Response DefaultHttpResponse(decodeResult: success, version: HTTP/1.1)
HTTP/1.1 404 Not Found
Content-Type: application/json; charset=utf-8
cache-control: no-cache
content-length: 945

12:57:29.298 [AsyncHttpClient-1-20] DEBUG org.asynchttpclient.netty.channel.ChannelManager - Adding key: http://localhost:54919 for channel [id: 0x7a90f6fa, L:/127.0.0.1:55407 - R:localhost/127.0.0.1:54919]
12:57:29.415 [Forwarding findElement on session 57790ab3893c78bdede049a6afec2178 to remote] DEBUG org.asynchttpclient.netty.request.NettyRequestSender - Using pooled Channel '[id: 0x7a90f6fa, L:/127.0.0.1:55407 - R:localhost/127.0.0.1:54919]' for 'POST' to 'http://localhost:54919/session/57790ab3893c78bdede049a6afec2178/element'
12:57:29.415 [Forwarding findElement on session 57790ab3893c78bdede049a6afec2178 to remote] DEBUG org.asynchttpclient.netty.request.NettyRequestSender - Using open Channel [id: 0x7a90f6fa, L:/127.0.0.1:55407 - R:localhost/127.0.0.1:54919] for POST '/session/57790ab3893c78bdede049a6afec2178/element'
12:57:29.979 [AsyncHttpClient-1-1] DEBUG org.asynchttpclient.netty.channel.DefaultChannelPool - Entry count for : http://localhost:55408 : 1
12:57:31.072 [AsyncHttpClient-1-1] DEBUG org.asynchttpclient.netty.channel.DefaultChannelPool - Entry count for : http://localhost:55408 : 1
12:57:31.438 [AsyncHttpClient-1-20] DEBUG org.asynchttpclient.netty.handler.HttpHandler - 

Request DefaultHttpRequest(decodeResult: success, version: HTTP/1.1)
POST /session/57790ab3893c78bdede049a6afec2178/element HTTP/1.1
User-Agent: selenium/4.1.2 (java windows)
Content-Length: 77
Content-Type: application/json; charset=utf-8
host: localhost:54919
accept: */*

Response DefaultHttpResponse(decodeResult: success, version: HTTP/1.1)
HTTP/1.1 404 Not Found
Content-Type: application/json; charset=utf-8
cache-control: no-cache
content-length: 945

12:57:31.439 [AsyncHttpClient-1-20] DEBUG org.asynchttpclient.netty.channel.ChannelManager - Adding key: http://localhost:54919 for channel [id: 0x7a90f6fa, L:/127.0.0.1:55407 - R:localhost/127.0.0.1:54919]
12:57:31.542 [Forwarding findElement on session 57790ab3893c78bdede049a6afec2178 to remote] DEBUG org.asynchttpclient.netty.request.NettyRequestSender - Using pooled Channel '[id: 0x7a90f6fa, L:/127.0.0.1:55407 - R:localhost/127.0.0.1:54919]' for 'POST' to 'http://localhost:54919/session/57790ab3893c78bdede049a6afec2178/element'
12:57:31.542 [Forwarding findElement on session 57790ab3893c78bdede049a6afec2178 to remote] DEBUG org.asynchttpclient.netty.request.NettyRequestSender - Using open Channel [id: 0x7a90f6fa, L:/127.0.0.1:55407 - R:localhost/127.0.0.1:54919] for POST '/session/57790ab3893c78bdede049a6afec2178/element'
12:57:32.171 [AsyncHttpClient-1-1] DEBUG org.asynchttpclient.netty.channel.DefaultChannelPool - Entry count for : http://localhost:55408 : 1
12:57:33.277 [AsyncHttpClient-1-1] DEBUG org.asynchttpclient.netty.channel.DefaultChannelPool - Entry count for : http://localhost:55408 : 1
12:57:33.574 [AsyncHttpClient-1-20] DEBUG org.asynchttpclient.netty.handler.HttpHandler - 

Request DefaultHttpRequest(decodeResult: success, version: HTTP/1.1)
POST /session/57790ab3893c78bdede049a6afec2178/element HTTP/1.1
User-Agent: selenium/4.1.2 (java windows)
Content-Length: 77
Content-Type: application/json; charset=utf-8
host: localhost:54919
accept: */*

Response DefaultHttpResponse(decodeResult: success, version: HTTP/1.1)
HTTP/1.1 404 Not Found
Content-Type: application/json; charset=utf-8
cache-control: no-cache
content-length: 945

12:57:33.574 [AsyncHttpClient-1-20] DEBUG org.asynchttpclient.netty.channel.ChannelManager - Adding key: http://localhost:54919 for channel [id: 0x7a90f6fa, L:/127.0.0.1:55407 - R:localhost/127.0.0.1:54919]
12:57:33.579 [Forwarding screenshot on session 57790ab3893c78bdede049a6afec2178 to remote] DEBUG org.asynchttpclient.netty.request.NettyRequestSender - Using pooled Channel '[id: 0x7a90f6fa, L:/127.0.0.1:55407 - R:localhost/127.0.0.1:54919]' for 'GET' to 'http://localhost:54919/session/57790ab3893c78bdede049a6afec2178/screenshot'
12:57:33.579 [Forwarding screenshot on session 57790ab3893c78bdede049a6afec2178 to remote] DEBUG org.asynchttpclient.netty.request.NettyRequestSender - Using open Channel [id: 0x7a90f6fa, L:/127.0.0.1:55407 - R:localhost/127.0.0.1:54919] for GET '/session/57790ab3893c78bdede049a6afec2178/screenshot'
12:57:33.666 [AsyncHttpClient-1-20] DEBUG org.asynchttpclient.netty.handler.HttpHandler - 

Request DefaultFullHttpRequest(decodeResult: success, version: HTTP/1.1, content: EmptyByteBufBE)
GET /session/57790ab3893c78bdede049a6afec2178/screenshot HTTP/1.1
User-Agent: selenium/4.1.2 (java windows)
Cache-Control: no-cache
Content-Type: application/json; charset=utf-8
host: localhost:54919
accept: */*

Response DefaultHttpResponse(decodeResult: success, version: HTTP/1.1)
HTTP/1.1 200 OK
Content-Type: application/json; charset=utf-8
cache-control: no-cache
content-length: 168952

12:57:33.667 [AsyncHttpClient-1-20] DEBUG org.asynchttpclient.netty.channel.ChannelManager - Adding key: http://localhost:54919 for channel [id: 0x7a90f6fa, L:/127.0.0.1:55407 - R:localhost/127.0.0.1:54919]
12:57:33.670 [main] DEBUG net.serenitybdd.core.photography.Darkroom - Send negative for processing for target\site\serenity\9940443a2cf312439c3e2825a1c5c2b5818f7bdf9814ad33ddaa19c6c0599315.png
12:57:33.678 [Forwarding getPageSource on session 57790ab3893c78bdede049a6afec2178 to remote] DEBUG org.asynchttpclient.netty.request.NettyRequestSender - Using pooled Channel '[id: 0x7a90f6fa, L:/127.0.0.1:55407 - R:localhost/127.0.0.1:54919]' for 'POST' to 'http://localhost:54919/session/57790ab3893c78bdede049a6afec2178/execute/sync'
12:57:33.678 [Forwarding getPageSource on session 57790ab3893c78bdede049a6afec2178 to remote] DEBUG org.asynchttpclient.netty.request.NettyRequestSender - Using open Channel [id: 0x7a90f6fa, L:/127.0.0.1:55407 - R:localhost/127.0.0.1:54919] for POST '/session/57790ab3893c78bdede049a6afec2178/execute/sync'
12:57:33.683 [AsyncHttpClient-1-20] DEBUG org.asynchttpclient.netty.handler.HttpHandler - 

Request DefaultHttpRequest(decodeResult: success, version: HTTP/1.1)
POST /session/57790ab3893c78bdede049a6afec2178/execute/sync HTTP/1.1
User-Agent: selenium/4.1.2 (java windows)
Content-Length: 176
Content-Type: application/json; charset=utf-8
host: localhost:54919
accept: */*

Response DefaultHttpResponse(decodeResult: success, version: HTTP/1.1)
HTTP/1.1 200 OK
Content-Type: application/json; charset=utf-8
cache-control: no-cache
content-length: 29904

12:57:33.683 [AsyncHttpClient-1-20] DEBUG org.asynchttpclient.netty.channel.ChannelManager - Adding key: http://localhost:54919 for channel [id: 0x7a90f6fa, L:/127.0.0.1:55407 - R:localhost/127.0.0.1:54919]
12:57:33.686 [Forwarding getCurrentUrl on session 57790ab3893c78bdede049a6afec2178 to remote] DEBUG org.asynchttpclient.netty.request.NettyRequestSender - Using pooled Channel '[id: 0x7a90f6fa, L:/127.0.0.1:55407 - R:localhost/127.0.0.1:54919]' for 'GET' to 'http://localhost:54919/session/57790ab3893c78bdede049a6afec2178/url'
12:57:33.686 [Forwarding getCurrentUrl on session 57790ab3893c78bdede049a6afec2178 to remote] DEBUG org.asynchttpclient.netty.request.NettyRequestSender - Using open Channel [id: 0x7a90f6fa, L:/127.0.0.1:55407 - R:localhost/127.0.0.1:54919] for GET '/session/57790ab3893c78bdede049a6afec2178/url'
12:57:33.687 [AsyncHttpClient-1-20] DEBUG org.asynchttpclient.netty.handler.HttpHandler - 

Request DefaultFullHttpRequest(decodeResult: success, version: HTTP/1.1, content: EmptyByteBufBE)
GET /session/57790ab3893c78bdede049a6afec2178/url HTTP/1.1
User-Agent: selenium/4.1.2 (java windows)
Cache-Control: no-cache
Content-Type: application/json; charset=utf-8
host: localhost:54919
accept: */*

Response DefaultHttpResponse(decodeResult: success, version: HTTP/1.1)
HTTP/1.1 200 OK
Content-Type: application/json; charset=utf-8
cache-control: no-cache
content-length: 56

12:57:33.687 [AsyncHttpClient-1-20] DEBUG org.asynchttpclient.netty.channel.ChannelManager - Adding key: http://localhost:54919 for channel [id: 0x7a90f6fa, L:/127.0.0.1:55407 - R:localhost/127.0.0.1:54919]
  &amp#27;[31mAnd &amp#27;[0m&amp#27;[31mI click the arrow button on vaccine field&amp#27;[0m &amp#27;[90m# starter.stepdefinitions.ManageVaccinationBookingsSteps.iClickTheArrowButtonOnVaccineField()&amp#27;[0m
      &amp#27;[31mnet.thucydides.core.webdriver.exceptions.ElementShouldBeEnabledException: Expected enabled element was not enabled
	at net.serenitybdd.core.pages.WebElementFacadeImpl.waitUntilEnabled(WebElementFacadeImpl.java:1100)
	at net.serenitybdd.core.pages.WebElementFacadeImpl.waitUntilElementAvailable(WebElementFacadeImpl.java:888)
	at net.serenitybdd.core.pages.WebElementFacadeImpl.click(WebElementFacadeImpl.java:1182)
	at net.serenitybdd.core.pages.WebElementFacadeImpl.click(WebElementFacadeImpl.java:1201)
	at Automation@1.0-SNAPSHOT/starter.pages.ManageVaccinationBookingsPage.sortByVaccine(ManageVaccinationBookingsPage.java:160)
	at Automation@1.0-SNAPSHOT/starter.pages.ManageVaccinationBookingsPage$ByteBuddy$2mB6uuMo.sortByVaccine$accessor$5nrir2vK(Unknown Source)
	at java.base/jdk.internal.reflect.NativeMethodAccessorImpl.invoke0(Native Method)
	at java.base/jdk.internal.reflect.NativeMethodAccessorImpl.invoke(NativeMethodAccessorImpl.java:62)
	at java.base/jdk.internal.reflect.DelegatingMethodAccessorImpl.invoke(DelegatingMethodAccessorImpl.java:43)
	at java.base/java.lang.reflect.Method.invoke(Method.java:566)
	at net.thucydides.core.steps.BaseMethodRunner.invokeMethod(BaseMethodRunner.java:18)
	at net.thucydides.core.steps.NormalMethodRunner.invokeMethodAndNotifyFailures(NormalMethodRunner.java:18)
	at net.thucydides.core.steps.StepInterceptor.runNormalMethod(StepInterceptor.java:406)
	at net.thucydides.core.steps.StepInterceptor.testStepResult(StepInterceptor.java:191)
	at net.thucydides.core.steps.StepInterceptor.intercept(StepInterceptor.java:84)
	at net.thucydides.core.steps.ProxyConfiguration$InterceptorDispatcher.intercept(ProxyConfiguration.java:51)
	at Automation@1.0-SNAPSHOT/starter.pages.ManageVaccinationBookingsPage$ByteBuddy$2mB6uuMo.sortByVaccine(Unknown Source)
	at Automation@1.0-SNAPSHOT/starter.stepdefinitions.ManageVaccinationBookingsSteps.iClickTheArrowButtonOnVaccineField(ManageVaccinationBookingsSteps.java:99)
	at âœ½.I click the arrow button on vaccine field(file:///C:/Users/ASUSTUF/OneDrive/Documents/Capstone%20Project/Web%20Automation/src/test/resources/features/ManageVaccinationBookings.feature:58)
Caused by: org.openqa.selenium.TimeoutException: Expected condition failed: waiting for By.xpath: //div[@fdprocessedid='p0urda'] to be enabled (tried for 5 second(s) with 100 milliseconds interval)
	at org.openqa.selenium.support.ui.FluentWait.timeoutException(FluentWait.java:263)
	at org.openqa.selenium.support.ui.FluentWait.until(FluentWait.java:231)
	at net.serenitybdd.core.pages.WebElementFacadeImpl.waitUntilEnabled(WebElementFacadeImpl.java:1097)
	at net.serenitybdd.core.pages.WebElementFacadeImpl.waitUntilElementAvailable(WebElementFacadeImpl.java:888)
	at net.serenitybdd.core.pages.WebElementFacadeImpl.click(WebElementFacadeImpl.java:1182)
	at net.serenitybdd.core.pages.WebElementFacadeImpl.click(WebElementFacadeImpl.java:1201)
	at Automation@1.0-SNAPSHOT/starter.pages.ManageVaccinationBookingsPage.sortByVaccine(ManageVaccinationBookingsPage.java:160)
	at Automation@1.0-SNAPSHOT/starter.pages.ManageVaccinationBookingsPage$ByteBuddy$2mB6uuMo.sortByVaccine$accessor$5nrir2vK(Unknown Source)
	at java.base/jdk.internal.reflect.NativeMethodAccessorImpl.invoke0(Native Method)
	at java.base/jdk.internal.reflect.NativeMethodAccessorImpl.invoke(NativeMethodAccessorImpl.java:62)
	at java.base/jdk.internal.reflect.DelegatingMethodAccessorImpl.invoke(DelegatingMethodAccessorImpl.java:43)
	at java.base/java.lang.reflect.Method.invoke(Method.java:566)
	at net.thucydides.core.steps.BaseMethodRunner.invokeMethod(BaseMethodRunner.java:18)
	at net.thucydides.core.steps.NormalMethodRunner.invokeMethodAndNotifyFailures(NormalMethodRunner.java:18)
	at net.thucydides.core.steps.StepInterceptor.runNormalMethod(StepInterceptor.java:406)
	at net.thucydides.core.steps.StepInterceptor.testStepResult(StepInterceptor.java:191)
	at net.thucydides.core.steps.StepInterceptor.intercept(StepInterceptor.java:84)
	at net.thucydides.core.steps.ProxyConfiguration$InterceptorDispatcher.intercept(ProxyConfiguration.java:51)
	at Automation@1.0-SNAPSHOT/starter.pages.ManageVaccinationBookingsPage$ByteBuddy$2mB6uuMo.sortByVaccine(Unknown Source)
	at Automation@1.0-SNAPSHOT/starter.stepdefinitions.ManageVaccinationBookingsSteps.iClickTheArrowButtonOnVaccineField(ManageVaccinationBookingsSteps.java:99)
	at java.base/jdk.internal.reflect.NativeMethodAccessorImpl.invoke0(Native Method)
	at java.base/jdk.internal.reflect.NativeMethodAccessorImpl.invoke(NativeMethodAccessorImpl.java:62)
	at java.base/jdk.internal.reflect.DelegatingMethodAccessorImpl.invoke(DelegatingMethodAccessorImpl.java:43)
	at java.base/java.lang.reflect.Method.invoke(Method.java:566)
	at io.cucumber.java.Invoker.doInvoke(Invoker.java:66)
	at io.cucumber.java.Invoker.invoke(Invoker.java:24)
	at io.cucumber.java.AbstractGlueDefinition.invokeMethod(AbstractGlueDefinition.java:47)
	at io.cucumber.java.JavaStepDefinition.execute(JavaStepDefinition.java:29)
	at io.cucumber.core.runner.CoreStepDefinition.execute(CoreStepDefinition.java:66)
	at io.cucumber.core.runner.PickleStepDefinitionMatch.runStep(PickleStepDefinitionMatch.java:63)
	at io.cucumber.core.runner.ExecutionMode$1.execute(ExecutionMode.java:10)
	at io.cucumber.core.runner.TestStep.executeStep(TestStep.java:86)
	at io.cucumber.core.runner.TestStep.run(TestStep.java:57)
	at io.cucumber.core.runner.PickleStepTestStep.run(PickleStepTestStep.java:51)
	at io.cucumber.core.runner.TestCase.run(TestCase.java:95)
	at io.cucumber.core.runner.Runner.runPickle(Runner.java:75)
	at io.cucumber.junit.PickleRunners$NoStepDescriptions.lambda$run$0(PickleRunners.java:151)
	at io.cucumber.core.runtime.CucumberExecutionContext.lambda$runTestCase$3(CucumberExecutionContext.java:151)
	at io.cucumber.core.runtime.RethrowingThrowableCollector.executeAndThrow(RethrowingThrowableCollector.java:23)
	at io.cucumber.core.runtime.CucumberExecutionContext.runTestCase(CucumberExecutionContext.java:151)
	at io.cucumber.junit.PickleRunners$NoStepDescriptions.run(PickleRunners.java:148)
	at io.cucumber.junit.FeatureRunner.runChild(FeatureRunner.java:144)
	at io.cucumber.junit.FeatureRunner.runChild(FeatureRunner.java:28)
	at org.junit.runners.ParentRunner$4.run(ParentRunner.java:331)
	at org.junit.runners.ParentRunner$1.schedule(ParentRunner.java:79)
	at org.junit.runners.ParentRunner.runChildren(ParentRunner.java:329)
	at org.junit.runners.ParentRunner.access$100(ParentRunner.java:66)
	at org.junit.runners.ParentRunner$2.evaluate(ParentRunner.java:293)
	at org.junit.runners.ParentRunner$3.evaluate(ParentRunner.java:306)
	at org.junit.runners.ParentRunner.run(ParentRunner.java:413)
	at io.cucumber.junit.FeatureRunner.run(FeatureRunner.java:137)
	at io.cucumber.junit.CucumberSerenityRunner.runChild(CucumberSerenityRunner.java:258)
	at io.cucumber.junit.CucumberSerenityRunner.runChild(CucumberSerenityRunner.java:58)
	at org.junit.runners.ParentRunner$4.run(ParentRunner.java:331)
	at org.junit.runners.ParentRunner$1.schedule(ParentRunner.java:79)
	at org.junit.runners.ParentRunner.runChildren(ParentRunner.java:329)
	at org.junit.runners.ParentRunner.access$100(ParentRunner.java:66)
	at org.junit.runners.ParentRunner$2.evaluate(ParentRunner.java:293)
	at io.cucumber.junit.CucumberSerenityRunner$RunCucumber.evaluate(CucumberSerenityRunner.java:287)
	at org.junit.runners.ParentRunner$3.evaluate(ParentRunner.java:306)
	at org.junit.runners.ParentRunner.run(ParentRunner.java:413)
	at org.junit.runner.JUnitCore.run(JUnitCore.java:137)
	at org.junit.runner.JUnitCore.run(JUnitCore.java:115)
	at org.junit.vintage.engine.execution.RunnerExecutor.execute(RunnerExecutor.java:42)
	at org.junit.vintage.engine.VintageTestEngine.executeAllChildren(VintageTestEngine.java:80)
	at org.junit.vintage.engine.VintageTestEngine.execute(VintageTestEngine.java:72)
	at org.junit.platform.launcher.core.EngineExecutionOrchestrator.execute(EngineExecutionOrchestrator.java:107)
	at org.junit.platform.launcher.core.EngineExecutionOrchestrator.execute(EngineExecutionOrchestrator.java:88)
	at org.junit.platform.launcher.core.EngineExecutionOrchestrator.lambda$execute$0(EngineExecutionOrchestrator.java:54)
	at org.junit.platform.launcher.core.EngineExecutionOrchestrator.withInterceptedStreams(EngineExecutionOrchestrator.java:67)
	at org.junit.platform.launcher.core.EngineExecutionOrchestrator.execute(EngineExecutionOrchestrator.java:52)
	at org.junit.platform.launcher.core.DefaultLauncher.execute(DefaultLauncher.java:114)
	at org.junit.platform.launcher.core.DefaultLauncher.execute(DefaultLauncher.java:86)
	at org.junit.platform.launcher.core.DefaultLauncherSession$DelegatingLauncher.execute(DefaultLauncherSession.java:86)
	at org.junit.platform.launcher.core.SessionPerRequestLauncher.execute(SessionPerRequestLauncher.java:53)
	at org.apache.maven.surefire.junitplatform.JUnitPlatformProvider.execute(JUnitPlatformProvider.java:188)
	at org.apache.maven.surefire.junitplatform.JUnitPlatformProvider.invokeAllTests(JUnitPlatformProvider.java:154)
	at org.apache.maven.surefire.junitplatform.JUnitPlatformProvider.invoke(JUnitPlatformProvider.java:128)
	at org.apache.maven.surefire.booter.ForkedBooter.runSuitesInProcess(ForkedBooter.java:428)
	at org.apache.maven.surefire.booter.ForkedBooter.execute(ForkedBooter.java:162)
	at org.apache.maven.surefire.booter.ForkedBooter.run(ForkedBooter.java:562)
	at org.apache.maven.surefire.booter.ForkedBooter.main(ForkedBooter.java:548)
Caused by: org.openqa.selenium.NoSuchElementException: no such element: Unable to locate element: {"method":"xpath","selector":"//div[@fdprocessedid='p0urda']"}
  (Session info: chrome=108.0.5359.125)
For documentation on this error, please visit: https://selenium.dev/exceptions/#no_such_element
Build info: version: '4.1.2', revision: '9a5a329c5a'
System info: host: 'LAPTOP-CFD9EV6G', ip: '192.168.100.7', os.name: 'Windows 11', os.arch: 'amd64', os.version: '10.0', java.version: '11.0.16'
Driver info: org.openqa.selenium.chrome.ChromeDriver
Command: [57790ab3893c78bdede049a6afec2178, findElement {using=xpath, value=//div[@fdprocessedid='p0urda']}]
Capabilities {acceptInsecureCerts: false, browserName: chrome, browserVersion: 108.0.5359.125, chrome: {chromedriverVersion: 108.0.5359.71 (1e0e3868ee06..., userDataDir: C:\Users\ASUSTUF\AppData\Lo...}, goog:chromeOptions: {debuggerAddress: localhost:55408}, javascriptEnabled: true, networkConnectionEnabled: false, pageLoadStrategy: normal, platform: WINDOWS, platformName: WINDOWS, proxy: Proxy(), se:cdp: ws://localhost:55408/devtoo..., se:cdpVersion: 108.0.5359.125, setWindowRect: true, strictFileInteractability: false, timeouts: {implicit: 0, pageLoad: 300000, script: 30000}, unhandledPromptBehavior: dismiss and notify, webauthn:extension:credBlob: true, webauthn:extension:largeBlob: true, webauthn:virtualAuthenticators: true}
Session ID: 57790ab3893c78bdede049a6afec2178
	at jdk.internal.reflect.GeneratedConstructorAccessor18.newInstance(Unknown Source)
	at java.base/jdk.internal.reflect.DelegatingConstructorAccessorImpl.newInstance(DelegatingConstructorAccessorImpl.java:45)
	at java.base/java.lang.reflect.Constructor.newInstance(Constructor.java:490)
	at org.openqa.selenium.remote.codec.w3c.W3CHttpResponseCodec.createException(W3CHttpResponseCodec.java:200)
	at org.openqa.selenium.remote.codec.w3c.W3CHttpResponseCodec.decode(W3CHttpResponseCodec.java:133)
	at org.openqa.selenium.remote.codec.w3c.W3CHttpResponseCodec.decode(W3CHttpResponseCodec.java:53)
	at org.openqa.selenium.remote.HttpCommandExecutor.execute(HttpCommandExecutor.java:184)
	at org.openqa.selenium.remote.service.DriverCommandExecutor.invokeExecute(DriverCommandExecutor.java:167)
	at org.openqa.selenium.remote.service.DriverCommandExecutor.execute(DriverCommandExecutor.java:142)
	at org.openqa.selenium.remote.RemoteWebDriver.execute(RemoteWebDriver.java:558)
	at org.openqa.selenium.remote.ElementLocation$ElementFinder$2.findElement(ElementLocation.java:162)
	at org.openqa.selenium.remote.ElementLocation.findElement(ElementLocation.java:60)
	at org.openqa.selenium.remote.RemoteWebDriver.findElement(RemoteWebDriver.java:382)
	at org.openqa.selenium.remote.RemoteWebDriver.findElement(RemoteWebDriver.java:374)
	at net.thucydides.core.webdriver.WebDriverFacade.findElement(WebDriverFacade.java:224)
	at net.serenitybdd.core.pages.WebElementResolverByLocator.resolveForDriver(WebElementResolverByLocator.java:25)
	at net.serenitybdd.core.pages.WebElementFacadeImpl.getResolvedElement(WebElementFacadeImpl.java:191)
	at net.serenitybdd.core.pages.WebElementFacadeImpl.getElement(WebElementFacadeImpl.java:186)
	at net.serenitybdd.core.pages.WebElementExpectations$3.apply(WebElementExpectations.java:63)
	at net.serenitybdd.core.pages.WebElementExpectations$3.apply(WebElementExpectations.java:55)
	at org.openqa.selenium.support.ui.FluentWait.until(FluentWait.java:208)
	... 80 more
&amp#27;[0m
  &amp#27;[36mAnd &amp#27;[0m&amp#27;[36mI select vaccine&amp#27;[0m                          &amp#27;[90m# starter.stepdefinitions.ManageVaccinationBookingsSteps.iSelectVaccine()&amp#27;[0m
  &amp#27;[36mThen &amp#27;[0m&amp#27;[36mbookings will be sorted by vaccine&amp#27;[0m       &amp#27;[90m# starter.stepdefinitions.ManageVaccinationBookingsSteps.bookingsWillBeSortedByVaccine()&amp#27;[0m
12:57:33.707 [main] ERROR  - 
  _____   ___   ___   _____     ___     _     ___   _      ___   ___  
 |_   _| | __| / __| |_   _|   | __|   /_\   |_ _| | |    | __| |   \ 
   | |   | _|  \__ \   | |     | _|   / _ \   | |  | |__  | _|  | |) |
   |_|   |___| |___/   |_|     |_|   /_/ \_\ |___| |____| |___| |___/ 

Sort vaccination bookings by vaccine
-----------------------------------------------------------------------
12:57:33.708 [main] DEBUG  - RELATED ISSUES: 
12:57:33.708 [main] ERROR  -     Test failed at step: Sort by vaccine
12:57:33.708 [main] ERROR  -     Expected enabled element was not enabled
12:57:33.712 [AsyncHttpClient-1-22] DEBUG org.asynchttpclient.netty.handler.WebSocketHandler - Channel Closed: [id: 0xacaa5378, L:/127.0.0.1:55415 ! R:localhost/127.0.0.1:55408] with attribute NettyResponseFuture{currentRetry=5,
	isDone=1,
	isCancelled=0,
	asyncHandler=org.asynchttpclient.ws.WebSocketUpgradeHandler@13498cb7,
	nettyRequest=org.asynchttpclient.netty.request.NettyRequest@564b10ba,
	future=java.util.concurrent.CompletableFuture@40525a6b[Completed normally],
	uri=ws://localhost:55408/devtools/browser/6491fd70-ce61-47e7-8a39-d722111c0be7,
	keepAlive=true,
	redirectCount=0,
	timeoutsHolder=null,
	inAuth=0,
	touch=1671429444182}
12:57:33.713 [AsyncHttpClient-1-22] DEBUG org.asynchttpclient.netty.channel.ChannelManager - Closing Channel [id: 0xacaa5378, L:/127.0.0.1:55415 ! R:localhost/127.0.0.1:55408] 
12:57:33.713 [Driver Command Executor] DEBUG org.asynchttpclient.netty.request.NettyRequestSender - Using pooled Channel '[id: 0x7a90f6fa, L:/127.0.0.1:55407 - R:localhost/127.0.0.1:54919]' for 'DELETE' to 'http://localhost:54919/session/57790ab3893c78bdede049a6afec2178'
12:57:33.713 [Driver Command Executor] DEBUG org.asynchttpclient.netty.request.NettyRequestSender - Using open Channel [id: 0x7a90f6fa, L:/127.0.0.1:55407 - R:localhost/127.0.0.1:54919] for DELETE '/session/57790ab3893c78bdede049a6afec2178'
12:57:33.748 [AsyncHttpClient-1-21] DEBUG org.asynchttpclient.netty.handler.HttpHandler - Unexpected I/O exception on channel [id: 0x76550181, L:/127.0.0.1:55414 - R:localhost/127.0.0.1:55408]
java.io.IOException: An existing connection was forcibly closed by the remote host
	at java.base/sun.nio.ch.SocketDispatcher.read0(Native Method)
	at java.base/sun.nio.ch.SocketDispatcher.read(SocketDispatcher.java:43)
	at java.base/sun.nio.ch.IOUtil.readIntoNativeBuffer(IOUtil.java:276)
	at java.base/sun.nio.ch.IOUtil.read(IOUtil.java:233)
	at java.base/sun.nio.ch.IOUtil.read(IOUtil.java:223)
	at java.base/sun.nio.ch.SocketChannelImpl.read(SocketChannelImpl.java:358)
	at io.netty.buffer.PooledByteBuf.setBytes(PooledByteBuf.java:258)
	at io.netty.buffer.AbstractByteBuf.writeBytes(AbstractByteBuf.java:1132)
	at io.netty.channel.socket.nio.NioSocketChannel.doReadBytes(NioSocketChannel.java:350)
	at io.netty.channel.nio.AbstractNioByteChannel$NioByteUnsafe.read(AbstractNioByteChannel.java:151)
	at io.netty.channel.nio.NioEventLoop.processSelectedKey(NioEventLoop.java:722)
	at io.netty.channel.nio.NioEventLoop.processSelectedKeysOptimized(NioEventLoop.java:658)
	at io.netty.channel.nio.NioEventLoop.processSelectedKeys(NioEventLoop.java:584)
	at io.netty.channel.nio.NioEventLoop.run(NioEventLoop.java:496)
	at io.netty.util.concurrent.SingleThreadEventExecutor$4.run(SingleThreadEventExecutor.java:986)
	at io.netty.util.internal.ThreadExecutorMap$2.run(ThreadExecutorMap.java:74)
	at io.netty.util.concurrent.FastThreadLocalRunnable.run(FastThreadLocalRunnable.java:30)
	at java.base/java.lang.Thread.run(Thread.java:834)
12:57:33.748 [AsyncHttpClient-1-21] DEBUG org.asynchttpclient.netty.channel.ChannelManager - Closing Channel [id: 0x76550181, L:/127.0.0.1:55414 - R:localhost/127.0.0.1:55408] 
12:57:33.749 [AsyncHttpClient-1-21] DEBUG org.asynchttpclient.netty.handler.HttpHandler - Channel Closed: [id: 0x76550181, L:/127.0.0.1:55414 ! R:localhost/127.0.0.1:55408] with attribute DISCARD
12:57:33.781 [AsyncHttpClient-1-20] DEBUG org.asynchttpclient.netty.handler.HttpHandler - 

Request DefaultFullHttpRequest(decodeResult: success, version: HTTP/1.1, content: EmptyByteBufBE)
DELETE /session/57790ab3893c78bdede049a6afec2178 HTTP/1.1
User-Agent: selenium/4.1.2 (java windows)
Content-Type: application/json; charset=utf-8
host: localhost:54919
accept: */*

Response DefaultHttpResponse(decodeResult: success, version: HTTP/1.1)
HTTP/1.1 200 OK
Content-Type: application/json; charset=utf-8
cache-control: no-cache
content-length: 14

12:57:33.783 [AsyncHttpClient-1-20] DEBUG org.asynchttpclient.netty.channel.ChannelManager - Adding key: http://localhost:54919 for channel [id: 0x7a90f6fa, L:/127.0.0.1:55407 - R:localhost/127.0.0.1:54919]
12:57:33.852 [AsyncHttpClient-1-20] DEBUG org.asynchttpclient.netty.handler.HttpHandler - Channel Closed: [id: 0x7a90f6fa, L:/127.0.0.1:55407 ! R:localhost/127.0.0.1:54919] with attribute DISCARD
]]></system-out>
    <system-err><![CDATA[Starting ChromeDriver 108.0.5359.71 (1e0e3868ee06e91ad636a874420e3ca3ae3756ac-refs/branch-heads/5359@{#1016}) on port 54919
Only local connections are allowed.
Please see https://chromedriver.chromium.org/security-considerations for suggestions on keeping ChromeDriver safe.
ChromeDriver was started successfully.
Dec 19, 2022 12:57:24 PM org.openqa.selenium.remote.ProtocolHandshake createSession
INFO: Detected dialect: W3C
Dec 19, 2022 12:57:24 PM org.openqa.selenium.devtools.CdpVersionFinder findNearestMatch
WARNING: Unable to find an exact match for CDP version 108, so returning the closest version found: a no-op implementation
Dec 19, 2022 12:57:24 PM org.openqa.selenium.devtools.CdpVersionFinder findNearestMatch
INFO: Unable to find CDP implementation matching 108.
Dec 19, 2022 12:57:24 PM org.openqa.selenium.chromium.ChromiumDriver lambda$new$3
WARNING: Unable to find version of CDP to use for . You may need to include a dependency on a specific version of the CDP using something similar to `org.seleniumhq.selenium:selenium-devtools-v86:4.1.2` where the version ("v86") matches the version of the chromium-based browser you're using and the version number of the artifact is the same as Selenium's.
]]></system-err>
  </testcase>
  <testcase name="Sort vaccination bookings by status" classname="Manage vaccination bookings" time="11.435">
    <error type="net.thucydides.core.webdriver.exceptions.ElementShouldBeEnabledException"><![CDATA[net.thucydides.core.webdriver.exceptions.ElementShouldBeEnabledException: Expected enabled element was not enabled
Caused by: org.openqa.selenium.TimeoutException: Expected condition failed: waiting for By.xpath: //div[@fdprocessedid='xb3zh9'] to be enabled (tried for 5 second(s) with 100 milliseconds interval)
Caused by: org.openqa.selenium.NoSuchElementException: 
no such element: Unable to locate element: {"method":"xpath","selector":"//div[@fdprocessedid='xb3zh9']"}
  (Session info: chrome=108.0.5359.125)
For documentation on this error, please visit: https://selenium.dev/exceptions/#no_such_element
Build info: version: '4.1.2', revision: '9a5a329c5a'
System info: host: 'LAPTOP-CFD9EV6G', ip: '192.168.100.7', os.name: 'Windows 11', os.arch: 'amd64', os.version: '10.0', java.version: '11.0.16'
Driver info: org.openqa.selenium.chrome.ChromeDriver
Command: [87024ad24974c36fc40ebf76f7fd11ba, findElement {using=xpath, value=//div[@fdprocessedid='xb3zh9']}]
Capabilities {acceptInsecureCerts: false, browserName: chrome, browserVersion: 108.0.5359.125, chrome: {chromedriverVersion: 108.0.5359.71 (1e0e3868ee06..., userDataDir: C:\Users\ASUSTUF\AppData\Lo...}, goog:chromeOptions: {debuggerAddress: localhost:55440}, javascriptEnabled: true, networkConnectionEnabled: false, pageLoadStrategy: normal, platform: WINDOWS, platformName: WINDOWS, proxy: Proxy(), se:cdp: ws://localhost:55440/devtoo..., se:cdpVersion: 108.0.5359.125, setWindowRect: true, strictFileInteractability: false, timeouts: {implicit: 0, pageLoad: 300000, script: 30000}, unhandledPromptBehavior: dismiss and notify, webauthn:extension:credBlob: true, webauthn:extension:largeBlob: true, webauthn:virtualAuthenticators: true}
Session ID: 87024ad24974c36fc40ebf76f7fd11ba
]]></error>
    <system-out><![CDATA[
Scenario: Sort vaccination bookings by status  &amp#27;[90m# src/test/resources/features/ManageVaccinationBookings.feature:62&amp#27;[0m
12:57:33.971 [main] INFO io.cucumber.core.plugin.SerenityReporter - Running feature from file:///C:/Users/ASUSTUF/OneDrive/Documents/Capstone%20Project/Web%20Automation/src/test/resources/features/ManageVaccinationBookings.feature
12:57:33.974 [main] INFO  - 
  _____   ___   ___   _____     ___   _____     _     ___   _____   ___   ___  
 |_   _| | __| / __| |_   _|   / __| |_   _|   /_\   | _ \ |_   _| | __| |   \ 
   | |   | _|  \__ \   | |     \__ \   | |    / _ \  |   /   | |   | _|  | |) |
   |_|   |___| |___/   |_|     |___/   |_|   /_/ \_\ |_|_\   |_|   |___| |___/ 

Sort vaccination bookings by status(manage-vaccination-bookings;sort-vaccination-bookings-by-status)
--------------------------------------------------------------------------------
12:57:33.991 [main] INFO net.serenitybdd.core.webdriver.driverproviders.ChromeDriverProvider - Using automatically driver download
12:57:34.081 [main] DEBUG io.github.bonigarcia.wdm.cache.ResolutionCache - Resolution chrome=108 in cache (valid until 13:44:30 19/12/2022 ICT)
12:57:34.084 [main] DEBUG io.github.bonigarcia.wdm.cache.ResolutionCache - Resolution chrome108=108.0.5359.71 in cache (valid until 12:44:30 20/12/2022 ICT)
12:57:34.085 [main] INFO io.github.bonigarcia.wdm.WebDriverManager - Using chromedriver 108.0.5359.71 (resolved driver for Chrome 108)
12:57:34.100 [main] DEBUG io.github.bonigarcia.wdm.WebDriverManager - Driver chromedriver 108.0.5359.71 found in cache
12:57:34.100 [main] INFO io.github.bonigarcia.wdm.WebDriverManager - Exporting webdriver.chrome.driver as C:\Users\ASUSTUF\.cache\selenium\chromedriver\win32\108.0.5359.71\chromedriver.exe
12:57:34.243 [main] DEBUG net.serenitybdd.core.webdriver.driverproviders.ProvideNewDriver - Instantiating driver
12:57:34.243 [main] DEBUG net.serenitybdd.core.webdriver.driverproviders.ProvideNewDriver - Driver capabilities: Capabilities {acceptInsecureCerts: false, base.url: https://vaksin-id.netlify.app/, browserName: chrome, chrome.driver: src/test/resources/webdrive..., driver: chrome, goog:chromeOptions: {args: [], extensions: []}}
12:57:34.377 [AsyncHttpClient-1-1] DEBUG org.asynchttpclient.netty.channel.DefaultChannelPool - Entry count for : http://localhost:55408 : 1
12:57:34.378 [AsyncHttpClient-1-1] DEBUG org.asynchttpclient.netty.channel.DefaultChannelPool - Entry count for : http://localhost:54919 : 1
12:57:34.378 [AsyncHttpClient-1-1] DEBUG org.asynchttpclient.netty.channel.DefaultChannelPool - Adding Candidate expired Channel [id: 0x76550181, L:/127.0.0.1:55414 ! R:localhost/127.0.0.1:55408] isIdleTimeoutExpired=false isRemotelyClosed=true isTtlExpired=false
12:57:34.378 [AsyncHttpClient-1-1] DEBUG org.asynchttpclient.netty.channel.DefaultChannelPool - Closing Idle Channel [id: 0x76550181, L:/127.0.0.1:55414 ! R:localhost/127.0.0.1:55408]
12:57:34.378 [AsyncHttpClient-1-1] DEBUG org.asynchttpclient.netty.channel.DefaultChannelPool - Adding Candidate expired Channel [id: 0x7a90f6fa, L:/127.0.0.1:55407 ! R:localhost/127.0.0.1:54919] isIdleTimeoutExpired=false isRemotelyClosed=true isTtlExpired=false
12:57:34.378 [AsyncHttpClient-1-1] DEBUG org.asynchttpclient.netty.channel.DefaultChannelPool - Closing Idle Channel [id: 0x7a90f6fa, L:/127.0.0.1:55407 ! R:localhost/127.0.0.1:54919]
12:57:34.378 [AsyncHttpClient-1-1] DEBUG org.asynchttpclient.netty.channel.DefaultChannelPool - Closed 2 connections out of 2 in 0 ms
12:57:34.677 [AsyncHttpClient-1-23] DEBUG org.asynchttpclient.netty.channel.NettyConnectListener - Using new Channel '[id: 0x08245492, L:/127.0.0.1:55437 - R:localhost/127.0.0.1:59732]' for 'POST' to '/session'
12:57:35.703 [AsyncHttpClient-1-23] DEBUG org.asynchttpclient.netty.handler.HttpHandler - 

Request DefaultHttpRequest(decodeResult: success, version: HTTP/1.1)
POST /session HTTP/1.1
User-Agent: selenium/4.1.2 (java windows)
Content-Length: 616
Content-Type: application/json; charset=utf-8
host: localhost:59732
accept: */*

Response DefaultHttpResponse(decodeResult: success, version: HTTP/1.1)
HTTP/1.1 200 OK
Content-Type: application/json; charset=utf-8
cache-control: no-cache
content-length: 793

12:57:35.704 [AsyncHttpClient-1-23] DEBUG org.asynchttpclient.netty.channel.ChannelManager - Adding key: http://localhost:59732 for channel [id: 0x08245492, L:/127.0.0.1:55437 - R:localhost/127.0.0.1:59732]
12:57:35.758 [AsyncHttpClient-1-24] DEBUG org.asynchttpclient.netty.channel.NettyConnectListener - Using new Channel '[id: 0x75174b9b, L:/127.0.0.1:55446 - R:localhost/127.0.0.1:55440]' for 'GET' to '/json/version'
12:57:35.763 [AsyncHttpClient-1-24] DEBUG org.asynchttpclient.netty.handler.HttpHandler - 

Request DefaultFullHttpRequest(decodeResult: success, version: HTTP/1.1, content: EmptyByteBufBE)
GET /json/version HTTP/1.1
User-Agent: selenium/4.1.2 (java windows)
host: localhost:55440
accept: */*

Response DefaultHttpResponse(decodeResult: success, version: HTTP/1.1)
HTTP/1.1 200 OK
Content-Type: application/json; charset=UTF-8
content-length: 424

12:57:35.764 [AsyncHttpClient-1-24] DEBUG org.asynchttpclient.netty.channel.ChannelManager - Adding key: http://localhost:55440 for channel [id: 0x75174b9b, L:/127.0.0.1:55446 - R:localhost/127.0.0.1:55440]
12:57:35.782 [AsyncHttpClient-1-25] DEBUG org.asynchttpclient.netty.channel.NettyConnectListener - Using new Channel '[id: 0x819c5e67, L:/127.0.0.1:55447 - R:localhost/127.0.0.1:55440]' for 'GET' to '/devtools/browser/a5314102-3433-4c88-80dd-f2254b8219b9'
12:57:35.785 [AsyncHttpClient-1-25] DEBUG org.asynchttpclient.netty.handler.WebSocketHandler - 

Request DefaultFullHttpRequest(decodeResult: success, version: HTTP/1.1, content: EmptyByteBufBE)
GET /devtools/browser/a5314102-3433-4c88-80dd-f2254b8219b9 HTTP/1.1
upgrade: websocket
connection: upgrade
sec-websocket-key: wp2wzLtcNOtyWvYPCRcdfQ==
sec-websocket-version: 13
origin: http://localhost:55440
host: localhost:55440
accept: */*
user-agent: AHC/2.1

Response DefaultHttpResponse(decodeResult: success, version: HTTP/1.1)
HTTP/1.1 101 WebSocket Protocol Handshake
Upgrade: WebSocket
Connection: Upgrade
Sec-WebSocket-Accept: Pp1SHk21bIe/bwKNhlbqjFxSqMc=

12:57:35.797 [Forwarding get on session 87024ad24974c36fc40ebf76f7fd11ba to remote] DEBUG org.asynchttpclient.netty.request.NettyRequestSender - Using pooled Channel '[id: 0x08245492, L:/127.0.0.1:55437 - R:localhost/127.0.0.1:59732]' for 'POST' to 'http://localhost:59732/session/87024ad24974c36fc40ebf76f7fd11ba/url'
12:57:35.797 [Forwarding get on session 87024ad24974c36fc40ebf76f7fd11ba to remote] DEBUG org.asynchttpclient.netty.request.NettyRequestSender - Using open Channel [id: 0x08245492, L:/127.0.0.1:55437 - R:localhost/127.0.0.1:59732] for POST '/session/87024ad24974c36fc40ebf76f7fd11ba/url'
12:57:36.539 [AsyncHttpClient-1-23] DEBUG org.asynchttpclient.netty.handler.HttpHandler - 

Request DefaultHttpRequest(decodeResult: success, version: HTTP/1.1)
POST /session/87024ad24974c36fc40ebf76f7fd11ba/url HTTP/1.1
User-Agent: selenium/4.1.2 (java windows)
Content-Length: 60
Content-Type: application/json; charset=utf-8
host: localhost:59732
accept: */*

Response DefaultHttpResponse(decodeResult: success, version: HTTP/1.1)
HTTP/1.1 200 OK
Content-Type: application/json; charset=utf-8
cache-control: no-cache
content-length: 14

12:57:36.540 [AsyncHttpClient-1-23] DEBUG org.asynchttpclient.netty.channel.ChannelManager - Adding key: http://localhost:59732 for channel [id: 0x08245492, L:/127.0.0.1:55437 - R:localhost/127.0.0.1:59732]
12:57:36.544 [Forwarding setTimeout on session 87024ad24974c36fc40ebf76f7fd11ba to remote] DEBUG org.asynchttpclient.netty.request.NettyRequestSender - Using pooled Channel '[id: 0x08245492, L:/127.0.0.1:55437 - R:localhost/127.0.0.1:59732]' for 'POST' to 'http://localhost:59732/session/87024ad24974c36fc40ebf76f7fd11ba/timeouts'
12:57:36.544 [Forwarding setTimeout on session 87024ad24974c36fc40ebf76f7fd11ba to remote] DEBUG org.asynchttpclient.netty.request.NettyRequestSender - Using open Channel [id: 0x08245492, L:/127.0.0.1:55437 - R:localhost/127.0.0.1:59732] for POST '/session/87024ad24974c36fc40ebf76f7fd11ba/timeouts'
12:57:36.547 [AsyncHttpClient-1-23] DEBUG org.asynchttpclient.netty.handler.HttpHandler - 

Request DefaultHttpRequest(decodeResult: success, version: HTTP/1.1)
POST /session/87024ad24974c36fc40ebf76f7fd11ba/timeouts HTTP/1.1
User-Agent: selenium/4.1.2 (java windows)
Content-Length: 22
Content-Type: application/json; charset=utf-8
host: localhost:59732
accept: */*

Response DefaultHttpResponse(decodeResult: success, version: HTTP/1.1)
HTTP/1.1 200 OK
Content-Type: application/json; charset=utf-8
cache-control: no-cache
content-length: 14

12:57:36.548 [AsyncHttpClient-1-23] DEBUG org.asynchttpclient.netty.channel.ChannelManager - Adding key: http://localhost:59732 for channel [id: 0x08245492, L:/127.0.0.1:55437 - R:localhost/127.0.0.1:59732]
12:57:36.553 [Forwarding getCurrentUrl on session 87024ad24974c36fc40ebf76f7fd11ba to remote] DEBUG org.asynchttpclient.netty.request.NettyRequestSender - Using pooled Channel '[id: 0x08245492, L:/127.0.0.1:55437 - R:localhost/127.0.0.1:59732]' for 'GET' to 'http://localhost:59732/session/87024ad24974c36fc40ebf76f7fd11ba/url'
12:57:36.553 [Forwarding getCurrentUrl on session 87024ad24974c36fc40ebf76f7fd11ba to remote] DEBUG org.asynchttpclient.netty.request.NettyRequestSender - Using open Channel [id: 0x08245492, L:/127.0.0.1:55437 - R:localhost/127.0.0.1:59732] for GET '/session/87024ad24974c36fc40ebf76f7fd11ba/url'
12:57:36.566 [AsyncHttpClient-1-23] DEBUG org.asynchttpclient.netty.handler.HttpHandler - 

Request DefaultFullHttpRequest(decodeResult: success, version: HTTP/1.1, content: EmptyByteBufBE)
GET /session/87024ad24974c36fc40ebf76f7fd11ba/url HTTP/1.1
User-Agent: selenium/4.1.2 (java windows)
Cache-Control: no-cache
Content-Type: application/json; charset=utf-8
host: localhost:59732
accept: */*

Response DefaultHttpResponse(decodeResult: success, version: HTTP/1.1)
HTTP/1.1 200 OK
Content-Type: application/json; charset=utf-8
cache-control: no-cache
content-length: 42

12:57:36.567 [AsyncHttpClient-1-23] DEBUG org.asynchttpclient.netty.channel.ChannelManager - Adding key: http://localhost:59732 for channel [id: 0x08245492, L:/127.0.0.1:55437 - R:localhost/127.0.0.1:59732]
  &amp#27;[32mGiven &amp#27;[0m&amp#27;[32mI am on landing page&amp#27;[0m                   &amp#27;[90m# starter.stepdefinitions.ManageVaccinationBookingsSteps.iAmOnLandingPage()&amp#27;[0m
12:57:36.572 [AsyncHttpClient-1-1] DEBUG org.asynchttpclient.netty.channel.DefaultChannelPool - Entry count for : http://localhost:55440 : 1
12:57:36.572 [AsyncHttpClient-1-1] DEBUG org.asynchttpclient.netty.channel.DefaultChannelPool - Entry count for : http://localhost:59732 : 1
12:57:36.574 [Forwarding screenshot on session 87024ad24974c36fc40ebf76f7fd11ba to remote] DEBUG org.asynchttpclient.netty.request.NettyRequestSender - Using pooled Channel '[id: 0x08245492, L:/127.0.0.1:55437 - R:localhost/127.0.0.1:59732]' for 'GET' to 'http://localhost:59732/session/87024ad24974c36fc40ebf76f7fd11ba/screenshot'
12:57:36.574 [Forwarding screenshot on session 87024ad24974c36fc40ebf76f7fd11ba to remote] DEBUG org.asynchttpclient.netty.request.NettyRequestSender - Using open Channel [id: 0x08245492, L:/127.0.0.1:55437 - R:localhost/127.0.0.1:59732] for GET '/session/87024ad24974c36fc40ebf76f7fd11ba/screenshot'
12:57:37.239 [AsyncHttpClient-1-23] DEBUG org.asynchttpclient.netty.handler.HttpHandler - 

Request DefaultFullHttpRequest(decodeResult: success, version: HTTP/1.1, content: EmptyByteBufBE)
GET /session/87024ad24974c36fc40ebf76f7fd11ba/screenshot HTTP/1.1
User-Agent: selenium/4.1.2 (java windows)
Cache-Control: no-cache
Content-Type: application/json; charset=utf-8
host: localhost:59732
accept: */*

Response DefaultHttpResponse(decodeResult: success, version: HTTP/1.1)
HTTP/1.1 200 OK
Content-Type: application/json; charset=utf-8
cache-control: no-cache
content-length: 845236

12:57:37.240 [AsyncHttpClient-1-23] DEBUG org.asynchttpclient.netty.channel.ChannelManager - Adding key: http://localhost:59732 for channel [id: 0x08245492, L:/127.0.0.1:55437 - R:localhost/127.0.0.1:59732]
12:57:37.258 [main] DEBUG net.serenitybdd.core.photography.Darkroom - Send negative for processing for target\site\serenity\90a9b0b4a27be3ca3d1ab44f2c732e4642796171c2bbf71ac69998e02bf1c657.png
12:57:37.258 [Darkroom Processing Line] DEBUG net.serenitybdd.core.photography.DarkroomProcessingLine - Processing screenshot image in /var/screenshots/screenshot-12687466366166909334
12:57:37.258 [Darkroom Processing Line] DEBUG net.serenitybdd.core.photography.DarkroomProcessingLine - Saving screenshot to target\site\serenity\90a9b0b4a27be3ca3d1ab44f2c732e4642796171c2bbf71ac69998e02bf1c657.png
12:57:37.265 [Forwarding findElement on session 87024ad24974c36fc40ebf76f7fd11ba to remote] DEBUG org.asynchttpclient.netty.request.NettyRequestSender - Using pooled Channel '[id: 0x08245492, L:/127.0.0.1:55437 - R:localhost/127.0.0.1:59732]' for 'POST' to 'http://localhost:59732/session/87024ad24974c36fc40ebf76f7fd11ba/element'
12:57:37.265 [Forwarding findElement on session 87024ad24974c36fc40ebf76f7fd11ba to remote] DEBUG org.asynchttpclient.netty.request.NettyRequestSender - Using open Channel [id: 0x08245492, L:/127.0.0.1:55437 - R:localhost/127.0.0.1:59732] for POST '/session/87024ad24974c36fc40ebf76f7fd11ba/element'
12:57:37.281 [AsyncHttpClient-1-23] DEBUG org.asynchttpclient.netty.handler.HttpHandler - 

Request DefaultHttpRequest(decodeResult: success, version: HTTP/1.1)
POST /session/87024ad24974c36fc40ebf76f7fd11ba/element HTTP/1.1
User-Agent: selenium/4.1.2 (java windows)
Content-Length: 315
Content-Type: application/json; charset=utf-8
host: localhost:59732
accept: */*

Response DefaultHttpResponse(decodeResult: success, version: HTTP/1.1)
HTTP/1.1 200 OK
Content-Type: application/json; charset=utf-8
cache-control: no-cache
content-length: 88

12:57:37.281 [AsyncHttpClient-1-23] DEBUG org.asynchttpclient.netty.channel.ChannelManager - Adding key: http://localhost:59732 for channel [id: 0x08245492, L:/127.0.0.1:55437 - R:localhost/127.0.0.1:59732]
12:57:37.283 [Forwarding getElementTagName on session 87024ad24974c36fc40ebf76f7fd11ba to remote] DEBUG org.asynchttpclient.netty.request.NettyRequestSender - Using pooled Channel '[id: 0x08245492, L:/127.0.0.1:55437 - R:localhost/127.0.0.1:59732]' for 'GET' to 'http://localhost:59732/session/87024ad24974c36fc40ebf76f7fd11ba/element/f933be43-3e8d-4a3a-adeb-8fa373fad692/name'
12:57:37.283 [Forwarding getElementTagName on session 87024ad24974c36fc40ebf76f7fd11ba to remote] DEBUG org.asynchttpclient.netty.request.NettyRequestSender - Using open Channel [id: 0x08245492, L:/127.0.0.1:55437 - R:localhost/127.0.0.1:59732] for GET '/session/87024ad24974c36fc40ebf76f7fd11ba/element/f933be43-3e8d-4a3a-adeb-8fa373fad692/name'
12:57:37.286 [AsyncHttpClient-1-23] DEBUG org.asynchttpclient.netty.handler.HttpHandler - 

Request DefaultFullHttpRequest(decodeResult: success, version: HTTP/1.1, content: EmptyByteBufBE)
GET /session/87024ad24974c36fc40ebf76f7fd11ba/element/f933be43-3e8d-4a3a-adeb-8fa373fad692/name HTTP/1.1
User-Agent: selenium/4.1.2 (java windows)
Cache-Control: no-cache
Content-Type: application/json; charset=utf-8
host: localhost:59732
accept: */*

Response DefaultHttpResponse(decodeResult: success, version: HTTP/1.1)
HTTP/1.1 200 OK
Content-Type: application/json; charset=utf-8
cache-control: no-cache
content-length: 18

12:57:37.286 [AsyncHttpClient-1-23] DEBUG org.asynchttpclient.netty.channel.ChannelManager - Adding key: http://localhost:59732 for channel [id: 0x08245492, L:/127.0.0.1:55437 - R:localhost/127.0.0.1:59732]
12:57:37.288 [Forwarding getElementTagName on session 87024ad24974c36fc40ebf76f7fd11ba to remote] DEBUG org.asynchttpclient.netty.request.NettyRequestSender - Using pooled Channel '[id: 0x08245492, L:/127.0.0.1:55437 - R:localhost/127.0.0.1:59732]' for 'GET' to 'http://localhost:59732/session/87024ad24974c36fc40ebf76f7fd11ba/element/f933be43-3e8d-4a3a-adeb-8fa373fad692/name'
12:57:37.288 [Forwarding getElementTagName on session 87024ad24974c36fc40ebf76f7fd11ba to remote] DEBUG org.asynchttpclient.netty.request.NettyRequestSender - Using open Channel [id: 0x08245492, L:/127.0.0.1:55437 - R:localhost/127.0.0.1:59732] for GET '/session/87024ad24974c36fc40ebf76f7fd11ba/element/f933be43-3e8d-4a3a-adeb-8fa373fad692/name'
12:57:37.290 [AsyncHttpClient-1-23] DEBUG org.asynchttpclient.netty.handler.HttpHandler - 

Request DefaultFullHttpRequest(decodeResult: success, version: HTTP/1.1, content: EmptyByteBufBE)
GET /session/87024ad24974c36fc40ebf76f7fd11ba/element/f933be43-3e8d-4a3a-adeb-8fa373fad692/name HTTP/1.1
User-Agent: selenium/4.1.2 (java windows)
Cache-Control: no-cache
Content-Type: application/json; charset=utf-8
host: localhost:59732
accept: */*

Response DefaultHttpResponse(decodeResult: success, version: HTTP/1.1)
HTTP/1.1 200 OK
Content-Type: application/json; charset=utf-8
cache-control: no-cache
content-length: 18

12:57:37.290 [AsyncHttpClient-1-23] DEBUG org.asynchttpclient.netty.channel.ChannelManager - Adding key: http://localhost:59732 for channel [id: 0x08245492, L:/127.0.0.1:55437 - R:localhost/127.0.0.1:59732]
12:57:37.292 [Forwarding isElementEnabled on session 87024ad24974c36fc40ebf76f7fd11ba to remote] DEBUG org.asynchttpclient.netty.request.NettyRequestSender - Using pooled Channel '[id: 0x08245492, L:/127.0.0.1:55437 - R:localhost/127.0.0.1:59732]' for 'GET' to 'http://localhost:59732/session/87024ad24974c36fc40ebf76f7fd11ba/element/f933be43-3e8d-4a3a-adeb-8fa373fad692/enabled'
12:57:37.292 [Forwarding isElementEnabled on session 87024ad24974c36fc40ebf76f7fd11ba to remote] DEBUG org.asynchttpclient.netty.request.NettyRequestSender - Using open Channel [id: 0x08245492, L:/127.0.0.1:55437 - R:localhost/127.0.0.1:59732] for GET '/session/87024ad24974c36fc40ebf76f7fd11ba/element/f933be43-3e8d-4a3a-adeb-8fa373fad692/enabled'
12:57:37.299 [AsyncHttpClient-1-23] DEBUG org.asynchttpclient.netty.handler.HttpHandler - 

Request DefaultFullHttpRequest(decodeResult: success, version: HTTP/1.1, content: EmptyByteBufBE)
GET /session/87024ad24974c36fc40ebf76f7fd11ba/element/f933be43-3e8d-4a3a-adeb-8fa373fad692/enabled HTTP/1.1
User-Agent: selenium/4.1.2 (java windows)
Cache-Control: no-cache
Content-Type: application/json; charset=utf-8
host: localhost:59732
accept: */*

Response DefaultHttpResponse(decodeResult: success, version: HTTP/1.1)
HTTP/1.1 200 OK
Content-Type: application/json; charset=utf-8
cache-control: no-cache
content-length: 14

12:57:37.299 [AsyncHttpClient-1-23] DEBUG org.asynchttpclient.netty.channel.ChannelManager - Adding key: http://localhost:59732 for channel [id: 0x08245492, L:/127.0.0.1:55437 - R:localhost/127.0.0.1:59732]
12:57:37.301 [Forwarding isElementEnabled on session 87024ad24974c36fc40ebf76f7fd11ba to remote] DEBUG org.asynchttpclient.netty.request.NettyRequestSender - Using pooled Channel '[id: 0x08245492, L:/127.0.0.1:55437 - R:localhost/127.0.0.1:59732]' for 'GET' to 'http://localhost:59732/session/87024ad24974c36fc40ebf76f7fd11ba/element/f933be43-3e8d-4a3a-adeb-8fa373fad692/enabled'
12:57:37.301 [Forwarding isElementEnabled on session 87024ad24974c36fc40ebf76f7fd11ba to remote] DEBUG org.asynchttpclient.netty.request.NettyRequestSender - Using open Channel [id: 0x08245492, L:/127.0.0.1:55437 - R:localhost/127.0.0.1:59732] for GET '/session/87024ad24974c36fc40ebf76f7fd11ba/element/f933be43-3e8d-4a3a-adeb-8fa373fad692/enabled'
12:57:37.304 [AsyncHttpClient-1-23] DEBUG org.asynchttpclient.netty.handler.HttpHandler - 

Request DefaultFullHttpRequest(decodeResult: success, version: HTTP/1.1, content: EmptyByteBufBE)
GET /session/87024ad24974c36fc40ebf76f7fd11ba/element/f933be43-3e8d-4a3a-adeb-8fa373fad692/enabled HTTP/1.1
User-Agent: selenium/4.1.2 (java windows)
Cache-Control: no-cache
Content-Type: application/json; charset=utf-8
host: localhost:59732
accept: */*

Response DefaultHttpResponse(decodeResult: success, version: HTTP/1.1)
HTTP/1.1 200 OK
Content-Type: application/json; charset=utf-8
cache-control: no-cache
content-length: 14

12:57:37.304 [AsyncHttpClient-1-23] DEBUG org.asynchttpclient.netty.channel.ChannelManager - Adding key: http://localhost:59732 for channel [id: 0x08245492, L:/127.0.0.1:55437 - R:localhost/127.0.0.1:59732]
12:57:37.305 [Forwarding findElement on session 87024ad24974c36fc40ebf76f7fd11ba to remote] DEBUG org.asynchttpclient.netty.request.NettyRequestSender - Using pooled Channel '[id: 0x08245492, L:/127.0.0.1:55437 - R:localhost/127.0.0.1:59732]' for 'POST' to 'http://localhost:59732/session/87024ad24974c36fc40ebf76f7fd11ba/element'
12:57:37.305 [Forwarding findElement on session 87024ad24974c36fc40ebf76f7fd11ba to remote] DEBUG org.asynchttpclient.netty.request.NettyRequestSender - Using open Channel [id: 0x08245492, L:/127.0.0.1:55437 - R:localhost/127.0.0.1:59732] for POST '/session/87024ad24974c36fc40ebf76f7fd11ba/element'
12:57:37.309 [AsyncHttpClient-1-23] DEBUG org.asynchttpclient.netty.handler.HttpHandler - 

Request DefaultHttpRequest(decodeResult: success, version: HTTP/1.1)
POST /session/87024ad24974c36fc40ebf76f7fd11ba/element HTTP/1.1
User-Agent: selenium/4.1.2 (java windows)
Content-Length: 315
Content-Type: application/json; charset=utf-8
host: localhost:59732
accept: */*

Response DefaultHttpResponse(decodeResult: success, version: HTTP/1.1)
HTTP/1.1 200 OK
Content-Type: application/json; charset=utf-8
cache-control: no-cache
content-length: 88

12:57:37.309 [AsyncHttpClient-1-23] DEBUG org.asynchttpclient.netty.channel.ChannelManager - Adding key: http://localhost:59732 for channel [id: 0x08245492, L:/127.0.0.1:55437 - R:localhost/127.0.0.1:59732]
12:57:37.310 [Forwarding clickElement on session 87024ad24974c36fc40ebf76f7fd11ba to remote] DEBUG org.asynchttpclient.netty.request.NettyRequestSender - Using pooled Channel '[id: 0x08245492, L:/127.0.0.1:55437 - R:localhost/127.0.0.1:59732]' for 'POST' to 'http://localhost:59732/session/87024ad24974c36fc40ebf76f7fd11ba/element/f933be43-3e8d-4a3a-adeb-8fa373fad692/click'
12:57:37.310 [Forwarding clickElement on session 87024ad24974c36fc40ebf76f7fd11ba to remote] DEBUG org.asynchttpclient.netty.request.NettyRequestSender - Using open Channel [id: 0x08245492, L:/127.0.0.1:55437 - R:localhost/127.0.0.1:59732] for POST '/session/87024ad24974c36fc40ebf76f7fd11ba/element/f933be43-3e8d-4a3a-adeb-8fa373fad692/click'
12:57:37.371 [AsyncHttpClient-1-23] DEBUG org.asynchttpclient.netty.handler.HttpHandler - 

Request DefaultHttpRequest(decodeResult: success, version: HTTP/1.1)
POST /session/87024ad24974c36fc40ebf76f7fd11ba/element/f933be43-3e8d-4a3a-adeb-8fa373fad692/click HTTP/1.1
User-Agent: selenium/4.1.2 (java windows)
Content-Length: 50
Content-Type: application/json; charset=utf-8
host: localhost:59732
accept: */*

Response DefaultHttpResponse(decodeResult: success, version: HTTP/1.1)
HTTP/1.1 200 OK
Content-Type: application/json; charset=utf-8
cache-control: no-cache
content-length: 14

12:57:37.371 [AsyncHttpClient-1-23] DEBUG org.asynchttpclient.netty.channel.ChannelManager - Adding key: http://localhost:59732 for channel [id: 0x08245492, L:/127.0.0.1:55437 - R:localhost/127.0.0.1:59732]
12:57:37.375 [Forwarding findElement on session 87024ad24974c36fc40ebf76f7fd11ba to remote] DEBUG org.asynchttpclient.netty.request.NettyRequestSender - Using pooled Channel '[id: 0x08245492, L:/127.0.0.1:55437 - R:localhost/127.0.0.1:59732]' for 'POST' to 'http://localhost:59732/session/87024ad24974c36fc40ebf76f7fd11ba/element'
12:57:37.376 [Forwarding findElement on session 87024ad24974c36fc40ebf76f7fd11ba to remote] DEBUG org.asynchttpclient.netty.request.NettyRequestSender - Using open Channel [id: 0x08245492, L:/127.0.0.1:55437 - R:localhost/127.0.0.1:59732] for POST '/session/87024ad24974c36fc40ebf76f7fd11ba/element'
12:57:37.386 [AsyncHttpClient-1-23] DEBUG org.asynchttpclient.netty.handler.HttpHandler - 

Request DefaultHttpRequest(decodeResult: success, version: HTTP/1.1)
POST /session/87024ad24974c36fc40ebf76f7fd11ba/element HTTP/1.1
User-Agent: selenium/4.1.2 (java windows)
Content-Length: 69
Content-Type: application/json; charset=utf-8
host: localhost:59732
accept: */*

Response DefaultHttpResponse(decodeResult: success, version: HTTP/1.1)
HTTP/1.1 200 OK
Content-Type: application/json; charset=utf-8
cache-control: no-cache
content-length: 88

12:57:37.386 [AsyncHttpClient-1-23] DEBUG org.asynchttpclient.netty.channel.ChannelManager - Adding key: http://localhost:59732 for channel [id: 0x08245492, L:/127.0.0.1:55437 - R:localhost/127.0.0.1:59732]
12:57:37.387 [Forwarding clearElement on session 87024ad24974c36fc40ebf76f7fd11ba to remote] DEBUG org.asynchttpclient.netty.request.NettyRequestSender - Using pooled Channel '[id: 0x08245492, L:/127.0.0.1:55437 - R:localhost/127.0.0.1:59732]' for 'POST' to 'http://localhost:59732/session/87024ad24974c36fc40ebf76f7fd11ba/element/e60d1c6e-6e06-4b40-a902-9543bc50e607/clear'
12:57:37.387 [Forwarding clearElement on session 87024ad24974c36fc40ebf76f7fd11ba to remote] DEBUG org.asynchttpclient.netty.request.NettyRequestSender - Using open Channel [id: 0x08245492, L:/127.0.0.1:55437 - R:localhost/127.0.0.1:59732] for POST '/session/87024ad24974c36fc40ebf76f7fd11ba/element/e60d1c6e-6e06-4b40-a902-9543bc50e607/clear'
12:57:37.417 [AsyncHttpClient-1-23] DEBUG org.asynchttpclient.netty.handler.HttpHandler - 

Request DefaultHttpRequest(decodeResult: success, version: HTTP/1.1)
POST /session/87024ad24974c36fc40ebf76f7fd11ba/element/e60d1c6e-6e06-4b40-a902-9543bc50e607/clear HTTP/1.1
User-Agent: selenium/4.1.2 (java windows)
Content-Length: 50
Content-Type: application/json; charset=utf-8
host: localhost:59732
accept: */*

Response DefaultHttpResponse(decodeResult: success, version: HTTP/1.1)
HTTP/1.1 200 OK
Content-Type: application/json; charset=utf-8
cache-control: no-cache
content-length: 14

12:57:37.418 [AsyncHttpClient-1-23] DEBUG org.asynchttpclient.netty.channel.ChannelManager - Adding key: http://localhost:59732 for channel [id: 0x08245492, L:/127.0.0.1:55437 - R:localhost/127.0.0.1:59732]
12:57:37.421 [Forwarding sendKeysToElement on session 87024ad24974c36fc40ebf76f7fd11ba to remote] DEBUG org.asynchttpclient.netty.request.NettyRequestSender - Using pooled Channel '[id: 0x08245492, L:/127.0.0.1:55437 - R:localhost/127.0.0.1:59732]' for 'POST' to 'http://localhost:59732/session/87024ad24974c36fc40ebf76f7fd11ba/element/e60d1c6e-6e06-4b40-a902-9543bc50e607/value'
12:57:37.422 [Forwarding sendKeysToElement on session 87024ad24974c36fc40ebf76f7fd11ba to remote] DEBUG org.asynchttpclient.netty.request.NettyRequestSender - Using open Channel [id: 0x08245492, L:/127.0.0.1:55437 - R:localhost/127.0.0.1:59732] for POST '/session/87024ad24974c36fc40ebf76f7fd11ba/element/e60d1c6e-6e06-4b40-a902-9543bc50e607/value'
12:57:37.614 [AsyncHttpClient-1-23] DEBUG org.asynchttpclient.netty.handler.HttpHandler - 

Request DefaultHttpRequest(decodeResult: success, version: HTTP/1.1)
POST /session/87024ad24974c36fc40ebf76f7fd11ba/element/e60d1c6e-6e06-4b40-a902-9543bc50e607/value HTTP/1.1
User-Agent: selenium/4.1.2 (java windows)
Content-Length: 411
Content-Type: application/json; charset=utf-8
host: localhost:59732
accept: */*

Response DefaultHttpResponse(decodeResult: success, version: HTTP/1.1)
HTTP/1.1 200 OK
Content-Type: application/json; charset=utf-8
cache-control: no-cache
content-length: 14

12:57:37.615 [AsyncHttpClient-1-23] DEBUG org.asynchttpclient.netty.channel.ChannelManager - Adding key: http://localhost:59732 for channel [id: 0x08245492, L:/127.0.0.1:55437 - R:localhost/127.0.0.1:59732]
12:57:37.618 [Forwarding findElement on session 87024ad24974c36fc40ebf76f7fd11ba to remote] DEBUG org.asynchttpclient.netty.request.NettyRequestSender - Using pooled Channel '[id: 0x08245492, L:/127.0.0.1:55437 - R:localhost/127.0.0.1:59732]' for 'POST' to 'http://localhost:59732/session/87024ad24974c36fc40ebf76f7fd11ba/element'
12:57:37.618 [Forwarding findElement on session 87024ad24974c36fc40ebf76f7fd11ba to remote] DEBUG org.asynchttpclient.netty.request.NettyRequestSender - Using open Channel [id: 0x08245492, L:/127.0.0.1:55437 - R:localhost/127.0.0.1:59732] for POST '/session/87024ad24974c36fc40ebf76f7fd11ba/element'
12:57:37.631 [AsyncHttpClient-1-23] DEBUG org.asynchttpclient.netty.handler.HttpHandler - 

Request DefaultHttpRequest(decodeResult: success, version: HTTP/1.1)
POST /session/87024ad24974c36fc40ebf76f7fd11ba/element HTTP/1.1
User-Agent: selenium/4.1.2 (java windows)
Content-Length: 72
Content-Type: application/json; charset=utf-8
host: localhost:59732
accept: */*

Response DefaultHttpResponse(decodeResult: success, version: HTTP/1.1)
HTTP/1.1 200 OK
Content-Type: application/json; charset=utf-8
cache-control: no-cache
content-length: 88

12:57:37.631 [AsyncHttpClient-1-23] DEBUG org.asynchttpclient.netty.channel.ChannelManager - Adding key: http://localhost:59732 for channel [id: 0x08245492, L:/127.0.0.1:55437 - R:localhost/127.0.0.1:59732]
12:57:37.633 [Forwarding clearElement on session 87024ad24974c36fc40ebf76f7fd11ba to remote] DEBUG org.asynchttpclient.netty.request.NettyRequestSender - Using pooled Channel '[id: 0x08245492, L:/127.0.0.1:55437 - R:localhost/127.0.0.1:59732]' for 'POST' to 'http://localhost:59732/session/87024ad24974c36fc40ebf76f7fd11ba/element/de74d015-7aaa-4bb6-9146-f64a2874f231/clear'
12:57:37.633 [Forwarding clearElement on session 87024ad24974c36fc40ebf76f7fd11ba to remote] DEBUG org.asynchttpclient.netty.request.NettyRequestSender - Using open Channel [id: 0x08245492, L:/127.0.0.1:55437 - R:localhost/127.0.0.1:59732] for POST '/session/87024ad24974c36fc40ebf76f7fd11ba/element/de74d015-7aaa-4bb6-9146-f64a2874f231/clear'
12:57:37.673 [AsyncHttpClient-1-1] DEBUG org.asynchttpclient.netty.channel.DefaultChannelPool - Entry count for : http://localhost:55440 : 1
12:57:37.685 [AsyncHttpClient-1-23] DEBUG org.asynchttpclient.netty.handler.HttpHandler - 

Request DefaultHttpRequest(decodeResult: success, version: HTTP/1.1)
POST /session/87024ad24974c36fc40ebf76f7fd11ba/element/de74d015-7aaa-4bb6-9146-f64a2874f231/clear HTTP/1.1
User-Agent: selenium/4.1.2 (java windows)
Content-Length: 50
Content-Type: application/json; charset=utf-8
host: localhost:59732
accept: */*

Response DefaultHttpResponse(decodeResult: success, version: HTTP/1.1)
HTTP/1.1 200 OK
Content-Type: application/json; charset=utf-8
cache-control: no-cache
content-length: 14

12:57:37.686 [AsyncHttpClient-1-23] DEBUG org.asynchttpclient.netty.channel.ChannelManager - Adding key: http://localhost:59732 for channel [id: 0x08245492, L:/127.0.0.1:55437 - R:localhost/127.0.0.1:59732]
12:57:37.691 [Forwarding sendKeysToElement on session 87024ad24974c36fc40ebf76f7fd11ba to remote] DEBUG org.asynchttpclient.netty.request.NettyRequestSender - Using pooled Channel '[id: 0x08245492, L:/127.0.0.1:55437 - R:localhost/127.0.0.1:59732]' for 'POST' to 'http://localhost:59732/session/87024ad24974c36fc40ebf76f7fd11ba/element/de74d015-7aaa-4bb6-9146-f64a2874f231/value'
12:57:37.692 [Forwarding sendKeysToElement on session 87024ad24974c36fc40ebf76f7fd11ba to remote] DEBUG org.asynchttpclient.netty.request.NettyRequestSender - Using open Channel [id: 0x08245492, L:/127.0.0.1:55437 - R:localhost/127.0.0.1:59732] for POST '/session/87024ad24974c36fc40ebf76f7fd11ba/element/de74d015-7aaa-4bb6-9146-f64a2874f231/value'
12:57:37.806 [AsyncHttpClient-1-23] DEBUG org.asynchttpclient.netty.handler.HttpHandler - 

Request DefaultHttpRequest(decodeResult: success, version: HTTP/1.1)
POST /session/87024ad24974c36fc40ebf76f7fd11ba/element/de74d015-7aaa-4bb6-9146-f64a2874f231/value HTTP/1.1
User-Agent: selenium/4.1.2 (java windows)
Content-Length: 241
Content-Type: application/json; charset=utf-8
host: localhost:59732
accept: */*

Response DefaultHttpResponse(decodeResult: success, version: HTTP/1.1)
HTTP/1.1 200 OK
Content-Type: application/json; charset=utf-8
cache-control: no-cache
content-length: 14

12:57:37.807 [AsyncHttpClient-1-23] DEBUG org.asynchttpclient.netty.channel.ChannelManager - Adding key: http://localhost:59732 for channel [id: 0x08245492, L:/127.0.0.1:55437 - R:localhost/127.0.0.1:59732]
12:57:37.813 [Forwarding findElement on session 87024ad24974c36fc40ebf76f7fd11ba to remote] DEBUG org.asynchttpclient.netty.request.NettyRequestSender - Using pooled Channel '[id: 0x08245492, L:/127.0.0.1:55437 - R:localhost/127.0.0.1:59732]' for 'POST' to 'http://localhost:59732/session/87024ad24974c36fc40ebf76f7fd11ba/element'
12:57:37.813 [Forwarding findElement on session 87024ad24974c36fc40ebf76f7fd11ba to remote] DEBUG org.asynchttpclient.netty.request.NettyRequestSender - Using open Channel [id: 0x08245492, L:/127.0.0.1:55437 - R:localhost/127.0.0.1:59732] for POST '/session/87024ad24974c36fc40ebf76f7fd11ba/element'
12:57:37.825 [AsyncHttpClient-1-23] DEBUG org.asynchttpclient.netty.handler.HttpHandler - 

Request DefaultHttpRequest(decodeResult: success, version: HTTP/1.1)
POST /session/87024ad24974c36fc40ebf76f7fd11ba/element HTTP/1.1
User-Agent: selenium/4.1.2 (java windows)
Content-Length: 321
Content-Type: application/json; charset=utf-8
host: localhost:59732
accept: */*

Response DefaultHttpResponse(decodeResult: success, version: HTTP/1.1)
HTTP/1.1 200 OK
Content-Type: application/json; charset=utf-8
cache-control: no-cache
content-length: 88

12:57:37.825 [AsyncHttpClient-1-23] DEBUG org.asynchttpclient.netty.channel.ChannelManager - Adding key: http://localhost:59732 for channel [id: 0x08245492, L:/127.0.0.1:55437 - R:localhost/127.0.0.1:59732]
12:57:37.826 [Forwarding getElementTagName on session 87024ad24974c36fc40ebf76f7fd11ba to remote] DEBUG org.asynchttpclient.netty.request.NettyRequestSender - Using pooled Channel '[id: 0x08245492, L:/127.0.0.1:55437 - R:localhost/127.0.0.1:59732]' for 'GET' to 'http://localhost:59732/session/87024ad24974c36fc40ebf76f7fd11ba/element/4dc2a33f-f376-44c9-8476-639780e371ae/name'
12:57:37.826 [Forwarding getElementTagName on session 87024ad24974c36fc40ebf76f7fd11ba to remote] DEBUG org.asynchttpclient.netty.request.NettyRequestSender - Using open Channel [id: 0x08245492, L:/127.0.0.1:55437 - R:localhost/127.0.0.1:59732] for GET '/session/87024ad24974c36fc40ebf76f7fd11ba/element/4dc2a33f-f376-44c9-8476-639780e371ae/name'
12:57:37.829 [AsyncHttpClient-1-23] DEBUG org.asynchttpclient.netty.handler.HttpHandler - 

Request DefaultFullHttpRequest(decodeResult: success, version: HTTP/1.1, content: EmptyByteBufBE)
GET /session/87024ad24974c36fc40ebf76f7fd11ba/element/4dc2a33f-f376-44c9-8476-639780e371ae/name HTTP/1.1
User-Agent: selenium/4.1.2 (java windows)
Cache-Control: no-cache
Content-Type: application/json; charset=utf-8
host: localhost:59732
accept: */*

Response DefaultHttpResponse(decodeResult: success, version: HTTP/1.1)
HTTP/1.1 200 OK
Content-Type: application/json; charset=utf-8
cache-control: no-cache
content-length: 18

12:57:37.830 [AsyncHttpClient-1-23] DEBUG org.asynchttpclient.netty.channel.ChannelManager - Adding key: http://localhost:59732 for channel [id: 0x08245492, L:/127.0.0.1:55437 - R:localhost/127.0.0.1:59732]
12:57:37.831 [Forwarding getElementTagName on session 87024ad24974c36fc40ebf76f7fd11ba to remote] DEBUG org.asynchttpclient.netty.request.NettyRequestSender - Using pooled Channel '[id: 0x08245492, L:/127.0.0.1:55437 - R:localhost/127.0.0.1:59732]' for 'GET' to 'http://localhost:59732/session/87024ad24974c36fc40ebf76f7fd11ba/element/4dc2a33f-f376-44c9-8476-639780e371ae/name'
12:57:37.831 [Forwarding getElementTagName on session 87024ad24974c36fc40ebf76f7fd11ba to remote] DEBUG org.asynchttpclient.netty.request.NettyRequestSender - Using open Channel [id: 0x08245492, L:/127.0.0.1:55437 - R:localhost/127.0.0.1:59732] for GET '/session/87024ad24974c36fc40ebf76f7fd11ba/element/4dc2a33f-f376-44c9-8476-639780e371ae/name'
12:57:37.833 [AsyncHttpClient-1-23] DEBUG org.asynchttpclient.netty.handler.HttpHandler - 

Request DefaultFullHttpRequest(decodeResult: success, version: HTTP/1.1, content: EmptyByteBufBE)
GET /session/87024ad24974c36fc40ebf76f7fd11ba/element/4dc2a33f-f376-44c9-8476-639780e371ae/name HTTP/1.1
User-Agent: selenium/4.1.2 (java windows)
Cache-Control: no-cache
Content-Type: application/json; charset=utf-8
host: localhost:59732
accept: */*

Response DefaultHttpResponse(decodeResult: success, version: HTTP/1.1)
HTTP/1.1 200 OK
Content-Type: application/json; charset=utf-8
cache-control: no-cache
content-length: 18

12:57:37.833 [AsyncHttpClient-1-23] DEBUG org.asynchttpclient.netty.channel.ChannelManager - Adding key: http://localhost:59732 for channel [id: 0x08245492, L:/127.0.0.1:55437 - R:localhost/127.0.0.1:59732]
12:57:37.834 [Forwarding isElementEnabled on session 87024ad24974c36fc40ebf76f7fd11ba to remote] DEBUG org.asynchttpclient.netty.request.NettyRequestSender - Using pooled Channel '[id: 0x08245492, L:/127.0.0.1:55437 - R:localhost/127.0.0.1:59732]' for 'GET' to 'http://localhost:59732/session/87024ad24974c36fc40ebf76f7fd11ba/element/4dc2a33f-f376-44c9-8476-639780e371ae/enabled'
12:57:37.834 [Forwarding isElementEnabled on session 87024ad24974c36fc40ebf76f7fd11ba to remote] DEBUG org.asynchttpclient.netty.request.NettyRequestSender - Using open Channel [id: 0x08245492, L:/127.0.0.1:55437 - R:localhost/127.0.0.1:59732] for GET '/session/87024ad24974c36fc40ebf76f7fd11ba/element/4dc2a33f-f376-44c9-8476-639780e371ae/enabled'
12:57:37.841 [AsyncHttpClient-1-23] DEBUG org.asynchttpclient.netty.handler.HttpHandler - 

Request DefaultFullHttpRequest(decodeResult: success, version: HTTP/1.1, content: EmptyByteBufBE)
GET /session/87024ad24974c36fc40ebf76f7fd11ba/element/4dc2a33f-f376-44c9-8476-639780e371ae/enabled HTTP/1.1
User-Agent: selenium/4.1.2 (java windows)
Cache-Control: no-cache
Content-Type: application/json; charset=utf-8
host: localhost:59732
accept: */*

Response DefaultHttpResponse(decodeResult: success, version: HTTP/1.1)
HTTP/1.1 200 OK
Content-Type: application/json; charset=utf-8
cache-control: no-cache
content-length: 14

12:57:37.841 [AsyncHttpClient-1-23] DEBUG org.asynchttpclient.netty.channel.ChannelManager - Adding key: http://localhost:59732 for channel [id: 0x08245492, L:/127.0.0.1:55437 - R:localhost/127.0.0.1:59732]
12:57:37.843 [Forwarding isElementEnabled on session 87024ad24974c36fc40ebf76f7fd11ba to remote] DEBUG org.asynchttpclient.netty.request.NettyRequestSender - Using pooled Channel '[id: 0x08245492, L:/127.0.0.1:55437 - R:localhost/127.0.0.1:59732]' for 'GET' to 'http://localhost:59732/session/87024ad24974c36fc40ebf76f7fd11ba/element/4dc2a33f-f376-44c9-8476-639780e371ae/enabled'
12:57:37.843 [Forwarding isElementEnabled on session 87024ad24974c36fc40ebf76f7fd11ba to remote] DEBUG org.asynchttpclient.netty.request.NettyRequestSender - Using open Channel [id: 0x08245492, L:/127.0.0.1:55437 - R:localhost/127.0.0.1:59732] for GET '/session/87024ad24974c36fc40ebf76f7fd11ba/element/4dc2a33f-f376-44c9-8476-639780e371ae/enabled'
12:57:37.847 [AsyncHttpClient-1-23] DEBUG org.asynchttpclient.netty.handler.HttpHandler - 

Request DefaultFullHttpRequest(decodeResult: success, version: HTTP/1.1, content: EmptyByteBufBE)
GET /session/87024ad24974c36fc40ebf76f7fd11ba/element/4dc2a33f-f376-44c9-8476-639780e371ae/enabled HTTP/1.1
User-Agent: selenium/4.1.2 (java windows)
Cache-Control: no-cache
Content-Type: application/json; charset=utf-8
host: localhost:59732
accept: */*

Response DefaultHttpResponse(decodeResult: success, version: HTTP/1.1)
HTTP/1.1 200 OK
Content-Type: application/json; charset=utf-8
cache-control: no-cache
content-length: 14

12:57:37.847 [AsyncHttpClient-1-23] DEBUG org.asynchttpclient.netty.channel.ChannelManager - Adding key: http://localhost:59732 for channel [id: 0x08245492, L:/127.0.0.1:55437 - R:localhost/127.0.0.1:59732]
12:57:37.850 [Forwarding findElement on session 87024ad24974c36fc40ebf76f7fd11ba to remote] DEBUG org.asynchttpclient.netty.request.NettyRequestSender - Using pooled Channel '[id: 0x08245492, L:/127.0.0.1:55437 - R:localhost/127.0.0.1:59732]' for 'POST' to 'http://localhost:59732/session/87024ad24974c36fc40ebf76f7fd11ba/element'
12:57:37.850 [Forwarding findElement on session 87024ad24974c36fc40ebf76f7fd11ba to remote] DEBUG org.asynchttpclient.netty.request.NettyRequestSender - Using open Channel [id: 0x08245492, L:/127.0.0.1:55437 - R:localhost/127.0.0.1:59732] for POST '/session/87024ad24974c36fc40ebf76f7fd11ba/element'
12:57:37.859 [AsyncHttpClient-1-23] DEBUG org.asynchttpclient.netty.handler.HttpHandler - 

Request DefaultHttpRequest(decodeResult: success, version: HTTP/1.1)
POST /session/87024ad24974c36fc40ebf76f7fd11ba/element HTTP/1.1
User-Agent: selenium/4.1.2 (java windows)
Content-Length: 321
Content-Type: application/json; charset=utf-8
host: localhost:59732
accept: */*

Response DefaultHttpResponse(decodeResult: success, version: HTTP/1.1)
HTTP/1.1 200 OK
Content-Type: application/json; charset=utf-8
cache-control: no-cache
content-length: 88

12:57:37.859 [AsyncHttpClient-1-23] DEBUG org.asynchttpclient.netty.channel.ChannelManager - Adding key: http://localhost:59732 for channel [id: 0x08245492, L:/127.0.0.1:55437 - R:localhost/127.0.0.1:59732]
12:57:37.860 [Forwarding clickElement on session 87024ad24974c36fc40ebf76f7fd11ba to remote] DEBUG org.asynchttpclient.netty.request.NettyRequestSender - Using pooled Channel '[id: 0x08245492, L:/127.0.0.1:55437 - R:localhost/127.0.0.1:59732]' for 'POST' to 'http://localhost:59732/session/87024ad24974c36fc40ebf76f7fd11ba/element/4dc2a33f-f376-44c9-8476-639780e371ae/click'
12:57:37.860 [Forwarding clickElement on session 87024ad24974c36fc40ebf76f7fd11ba to remote] DEBUG org.asynchttpclient.netty.request.NettyRequestSender - Using open Channel [id: 0x08245492, L:/127.0.0.1:55437 - R:localhost/127.0.0.1:59732] for POST '/session/87024ad24974c36fc40ebf76f7fd11ba/element/4dc2a33f-f376-44c9-8476-639780e371ae/click'
12:57:37.901 [AsyncHttpClient-1-23] DEBUG org.asynchttpclient.netty.handler.HttpHandler - 

Request DefaultHttpRequest(decodeResult: success, version: HTTP/1.1)
POST /session/87024ad24974c36fc40ebf76f7fd11ba/element/4dc2a33f-f376-44c9-8476-639780e371ae/click HTTP/1.1
User-Agent: selenium/4.1.2 (java windows)
Content-Length: 50
Content-Type: application/json; charset=utf-8
host: localhost:59732
accept: */*

Response DefaultHttpResponse(decodeResult: success, version: HTTP/1.1)
HTTP/1.1 200 OK
Content-Type: application/json; charset=utf-8
cache-control: no-cache
content-length: 14

12:57:37.902 [AsyncHttpClient-1-23] DEBUG org.asynchttpclient.netty.channel.ChannelManager - Adding key: http://localhost:59732 for channel [id: 0x08245492, L:/127.0.0.1:55437 - R:localhost/127.0.0.1:59732]
  &amp#27;[32mAnd &amp#27;[0m&amp#27;[32mI have logged in&amp#27;[0m                         &amp#27;[90m# starter.stepdefinitions.ManageVaccinationBookingsSteps.iHaveLoggedIn()&amp#27;[0m
12:57:37.911 [Forwarding screenshot on session 87024ad24974c36fc40ebf76f7fd11ba to remote] DEBUG org.asynchttpclient.netty.request.NettyRequestSender - Using pooled Channel '[id: 0x08245492, L:/127.0.0.1:55437 - R:localhost/127.0.0.1:59732]' for 'GET' to 'http://localhost:59732/session/87024ad24974c36fc40ebf76f7fd11ba/screenshot'
12:57:37.912 [Forwarding screenshot on session 87024ad24974c36fc40ebf76f7fd11ba to remote] DEBUG org.asynchttpclient.netty.request.NettyRequestSender - Using open Channel [id: 0x08245492, L:/127.0.0.1:55437 - R:localhost/127.0.0.1:59732] for GET '/session/87024ad24974c36fc40ebf76f7fd11ba/screenshot'
12:57:38.049 [AsyncHttpClient-1-23] DEBUG org.asynchttpclient.netty.handler.HttpHandler - 

Request DefaultFullHttpRequest(decodeResult: success, version: HTTP/1.1, content: EmptyByteBufBE)
GET /session/87024ad24974c36fc40ebf76f7fd11ba/screenshot HTTP/1.1
User-Agent: selenium/4.1.2 (java windows)
Cache-Control: no-cache
Content-Type: application/json; charset=utf-8
host: localhost:59732
accept: */*

Response DefaultHttpResponse(decodeResult: success, version: HTTP/1.1)
HTTP/1.1 200 OK
Content-Type: application/json; charset=utf-8
cache-control: no-cache
content-length: 116176

12:57:38.049 [AsyncHttpClient-1-23] DEBUG org.asynchttpclient.netty.channel.ChannelManager - Adding key: http://localhost:59732 for channel [id: 0x08245492, L:/127.0.0.1:55437 - R:localhost/127.0.0.1:59732]
12:57:38.053 [main] DEBUG net.serenitybdd.core.photography.Darkroom - Send negative for processing for target\site\serenity\6c236532e48803acbdba4d4fcf13c9d7917b2d14d405fab14de54885311bf84f.png
12:57:38.054 [Darkroom Processing Line] DEBUG net.serenitybdd.core.photography.DarkroomProcessingLine - Processing screenshot image in /var/screenshots/screenshot-4714837969894606416
12:57:38.054 [Darkroom Processing Line] DEBUG net.serenitybdd.core.photography.DarkroomProcessingLine - Saving screenshot to target\site\serenity\6c236532e48803acbdba4d4fcf13c9d7917b2d14d405fab14de54885311bf84f.png
12:57:38.061 [Forwarding findElement on session 87024ad24974c36fc40ebf76f7fd11ba to remote] DEBUG org.asynchttpclient.netty.request.NettyRequestSender - Using pooled Channel '[id: 0x08245492, L:/127.0.0.1:55437 - R:localhost/127.0.0.1:59732]' for 'POST' to 'http://localhost:59732/session/87024ad24974c36fc40ebf76f7fd11ba/element'
12:57:38.062 [Forwarding findElement on session 87024ad24974c36fc40ebf76f7fd11ba to remote] DEBUG org.asynchttpclient.netty.request.NettyRequestSender - Using open Channel [id: 0x08245492, L:/127.0.0.1:55437 - R:localhost/127.0.0.1:59732] for POST '/session/87024ad24974c36fc40ebf76f7fd11ba/element'
12:57:38.409 [AsyncHttpClient-1-23] DEBUG org.asynchttpclient.netty.handler.HttpHandler - 

Request DefaultHttpRequest(decodeResult: success, version: HTTP/1.1)
POST /session/87024ad24974c36fc40ebf76f7fd11ba/element HTTP/1.1
User-Agent: selenium/4.1.2 (java windows)
Content-Length: 80
Content-Type: application/json; charset=utf-8
host: localhost:59732
accept: */*

Response DefaultHttpResponse(decodeResult: success, version: HTTP/1.1)
HTTP/1.1 200 OK
Content-Type: application/json; charset=utf-8
cache-control: no-cache
content-length: 88

12:57:38.410 [AsyncHttpClient-1-23] DEBUG org.asynchttpclient.netty.channel.ChannelManager - Adding key: http://localhost:59732 for channel [id: 0x08245492, L:/127.0.0.1:55437 - R:localhost/127.0.0.1:59732]
12:57:38.411 [Forwarding getElementTagName on session 87024ad24974c36fc40ebf76f7fd11ba to remote] DEBUG org.asynchttpclient.netty.request.NettyRequestSender - Using pooled Channel '[id: 0x08245492, L:/127.0.0.1:55437 - R:localhost/127.0.0.1:59732]' for 'GET' to 'http://localhost:59732/session/87024ad24974c36fc40ebf76f7fd11ba/element/08e47afe-53a4-4ad7-ba36-a2e66b9d67ff/name'
12:57:38.411 [Forwarding getElementTagName on session 87024ad24974c36fc40ebf76f7fd11ba to remote] DEBUG org.asynchttpclient.netty.request.NettyRequestSender - Using open Channel [id: 0x08245492, L:/127.0.0.1:55437 - R:localhost/127.0.0.1:59732] for GET '/session/87024ad24974c36fc40ebf76f7fd11ba/element/08e47afe-53a4-4ad7-ba36-a2e66b9d67ff/name'
12:57:38.415 [AsyncHttpClient-1-23] DEBUG org.asynchttpclient.netty.handler.HttpHandler - 

Request DefaultFullHttpRequest(decodeResult: success, version: HTTP/1.1, content: EmptyByteBufBE)
GET /session/87024ad24974c36fc40ebf76f7fd11ba/element/08e47afe-53a4-4ad7-ba36-a2e66b9d67ff/name HTTP/1.1
User-Agent: selenium/4.1.2 (java windows)
Cache-Control: no-cache
Content-Type: application/json; charset=utf-8
host: localhost:59732
accept: */*

Response DefaultHttpResponse(decodeResult: success, version: HTTP/1.1)
HTTP/1.1 200 OK
Content-Type: application/json; charset=utf-8
cache-control: no-cache
content-length: 13

12:57:38.415 [AsyncHttpClient-1-23] DEBUG org.asynchttpclient.netty.channel.ChannelManager - Adding key: http://localhost:59732 for channel [id: 0x08245492, L:/127.0.0.1:55437 - R:localhost/127.0.0.1:59732]
12:57:38.416 [Forwarding getElementTagName on session 87024ad24974c36fc40ebf76f7fd11ba to remote] DEBUG org.asynchttpclient.netty.request.NettyRequestSender - Using pooled Channel '[id: 0x08245492, L:/127.0.0.1:55437 - R:localhost/127.0.0.1:59732]' for 'GET' to 'http://localhost:59732/session/87024ad24974c36fc40ebf76f7fd11ba/element/08e47afe-53a4-4ad7-ba36-a2e66b9d67ff/name'
12:57:38.416 [Forwarding getElementTagName on session 87024ad24974c36fc40ebf76f7fd11ba to remote] DEBUG org.asynchttpclient.netty.request.NettyRequestSender - Using open Channel [id: 0x08245492, L:/127.0.0.1:55437 - R:localhost/127.0.0.1:59732] for GET '/session/87024ad24974c36fc40ebf76f7fd11ba/element/08e47afe-53a4-4ad7-ba36-a2e66b9d67ff/name'
12:57:38.418 [AsyncHttpClient-1-23] DEBUG org.asynchttpclient.netty.handler.HttpHandler - 

Request DefaultFullHttpRequest(decodeResult: success, version: HTTP/1.1, content: EmptyByteBufBE)
GET /session/87024ad24974c36fc40ebf76f7fd11ba/element/08e47afe-53a4-4ad7-ba36-a2e66b9d67ff/name HTTP/1.1
User-Agent: selenium/4.1.2 (java windows)
Cache-Control: no-cache
Content-Type: application/json; charset=utf-8
host: localhost:59732
accept: */*

Response DefaultHttpResponse(decodeResult: success, version: HTTP/1.1)
HTTP/1.1 200 OK
Content-Type: application/json; charset=utf-8
cache-control: no-cache
content-length: 13

12:57:38.418 [AsyncHttpClient-1-23] DEBUG org.asynchttpclient.netty.channel.ChannelManager - Adding key: http://localhost:59732 for channel [id: 0x08245492, L:/127.0.0.1:55437 - R:localhost/127.0.0.1:59732]
12:57:38.420 [Forwarding findElement on session 87024ad24974c36fc40ebf76f7fd11ba to remote] DEBUG org.asynchttpclient.netty.request.NettyRequestSender - Using pooled Channel '[id: 0x08245492, L:/127.0.0.1:55437 - R:localhost/127.0.0.1:59732]' for 'POST' to 'http://localhost:59732/session/87024ad24974c36fc40ebf76f7fd11ba/element'
12:57:38.420 [Forwarding findElement on session 87024ad24974c36fc40ebf76f7fd11ba to remote] DEBUG org.asynchttpclient.netty.request.NettyRequestSender - Using open Channel [id: 0x08245492, L:/127.0.0.1:55437 - R:localhost/127.0.0.1:59732] for POST '/session/87024ad24974c36fc40ebf76f7fd11ba/element'
12:57:38.425 [AsyncHttpClient-1-23] DEBUG org.asynchttpclient.netty.handler.HttpHandler - 

Request DefaultHttpRequest(decodeResult: success, version: HTTP/1.1)
POST /session/87024ad24974c36fc40ebf76f7fd11ba/element HTTP/1.1
User-Agent: selenium/4.1.2 (java windows)
Content-Length: 80
Content-Type: application/json; charset=utf-8
host: localhost:59732
accept: */*

Response DefaultHttpResponse(decodeResult: success, version: HTTP/1.1)
HTTP/1.1 200 OK
Content-Type: application/json; charset=utf-8
cache-control: no-cache
content-length: 88

12:57:38.426 [AsyncHttpClient-1-23] DEBUG org.asynchttpclient.netty.channel.ChannelManager - Adding key: http://localhost:59732 for channel [id: 0x08245492, L:/127.0.0.1:55437 - R:localhost/127.0.0.1:59732]
12:57:38.429 [Forwarding clickElement on session 87024ad24974c36fc40ebf76f7fd11ba to remote] DEBUG org.asynchttpclient.netty.request.NettyRequestSender - Using pooled Channel '[id: 0x08245492, L:/127.0.0.1:55437 - R:localhost/127.0.0.1:59732]' for 'POST' to 'http://localhost:59732/session/87024ad24974c36fc40ebf76f7fd11ba/element/08e47afe-53a4-4ad7-ba36-a2e66b9d67ff/click'
12:57:38.429 [Forwarding clickElement on session 87024ad24974c36fc40ebf76f7fd11ba to remote] DEBUG org.asynchttpclient.netty.request.NettyRequestSender - Using open Channel [id: 0x08245492, L:/127.0.0.1:55437 - R:localhost/127.0.0.1:59732] for POST '/session/87024ad24974c36fc40ebf76f7fd11ba/element/08e47afe-53a4-4ad7-ba36-a2e66b9d67ff/click'
12:57:38.526 [AsyncHttpClient-1-23] DEBUG org.asynchttpclient.netty.handler.HttpHandler - 

Request DefaultHttpRequest(decodeResult: success, version: HTTP/1.1)
POST /session/87024ad24974c36fc40ebf76f7fd11ba/element/08e47afe-53a4-4ad7-ba36-a2e66b9d67ff/click HTTP/1.1
User-Agent: selenium/4.1.2 (java windows)
Content-Length: 50
Content-Type: application/json; charset=utf-8
host: localhost:59732
accept: */*

Response DefaultHttpResponse(decodeResult: success, version: HTTP/1.1)
HTTP/1.1 200 OK
Content-Type: application/json; charset=utf-8
cache-control: no-cache
content-length: 14

12:57:38.526 [AsyncHttpClient-1-23] DEBUG org.asynchttpclient.netty.channel.ChannelManager - Adding key: http://localhost:59732 for channel [id: 0x08245492, L:/127.0.0.1:55437 - R:localhost/127.0.0.1:59732]
  &amp#27;[32mWhen &amp#27;[0m&amp#27;[32mI go to Book Vaksinasi page&amp#27;[0m             &amp#27;[90m# starter.stepdefinitions.ManageVaccinationBookingsSteps.iGoToBookVaksinasiPage()&amp#27;[0m
12:57:38.534 [Forwarding screenshot on session 87024ad24974c36fc40ebf76f7fd11ba to remote] DEBUG org.asynchttpclient.netty.request.NettyRequestSender - Using pooled Channel '[id: 0x08245492, L:/127.0.0.1:55437 - R:localhost/127.0.0.1:59732]' for 'GET' to 'http://localhost:59732/session/87024ad24974c36fc40ebf76f7fd11ba/screenshot'
12:57:38.534 [Forwarding screenshot on session 87024ad24974c36fc40ebf76f7fd11ba to remote] DEBUG org.asynchttpclient.netty.request.NettyRequestSender - Using open Channel [id: 0x08245492, L:/127.0.0.1:55437 - R:localhost/127.0.0.1:59732] for GET '/session/87024ad24974c36fc40ebf76f7fd11ba/screenshot'
12:57:38.701 [AsyncHttpClient-1-23] DEBUG org.asynchttpclient.netty.handler.HttpHandler - 

Request DefaultFullHttpRequest(decodeResult: success, version: HTTP/1.1, content: EmptyByteBufBE)
GET /session/87024ad24974c36fc40ebf76f7fd11ba/screenshot HTTP/1.1
User-Agent: selenium/4.1.2 (java windows)
Cache-Control: no-cache
Content-Type: application/json; charset=utf-8
host: localhost:59732
accept: */*

Response DefaultHttpResponse(decodeResult: success, version: HTTP/1.1)
HTTP/1.1 200 OK
Content-Type: application/json; charset=utf-8
cache-control: no-cache
content-length: 108776

12:57:38.702 [AsyncHttpClient-1-23] DEBUG org.asynchttpclient.netty.channel.ChannelManager - Adding key: http://localhost:59732 for channel [id: 0x08245492, L:/127.0.0.1:55437 - R:localhost/127.0.0.1:59732]
12:57:38.705 [main] DEBUG net.serenitybdd.core.photography.Darkroom - Send negative for processing for target\site\serenity\9fd0ee3fd2dd35b5b1e39e43b398214506d66d64beb4ca7d7d95339020eb4305.png
12:57:38.706 [Darkroom Processing Line] DEBUG net.serenitybdd.core.photography.DarkroomProcessingLine - Processing screenshot image in /var/screenshots/screenshot-9337138940965829997
12:57:38.706 [Darkroom Processing Line] DEBUG net.serenitybdd.core.photography.DarkroomProcessingLine - Saving screenshot to target\site\serenity\9fd0ee3fd2dd35b5b1e39e43b398214506d66d64beb4ca7d7d95339020eb4305.png
12:57:38.713 [Forwarding findElement on session 87024ad24974c36fc40ebf76f7fd11ba to remote] DEBUG org.asynchttpclient.netty.request.NettyRequestSender - Using pooled Channel '[id: 0x08245492, L:/127.0.0.1:55437 - R:localhost/127.0.0.1:59732]' for 'POST' to 'http://localhost:59732/session/87024ad24974c36fc40ebf76f7fd11ba/element'
12:57:38.713 [Forwarding findElement on session 87024ad24974c36fc40ebf76f7fd11ba to remote] DEBUG org.asynchttpclient.netty.request.NettyRequestSender - Using open Channel [id: 0x08245492, L:/127.0.0.1:55437 - R:localhost/127.0.0.1:59732] for POST '/session/87024ad24974c36fc40ebf76f7fd11ba/element'
12:57:38.771 [AsyncHttpClient-1-1] DEBUG org.asynchttpclient.netty.channel.DefaultChannelPool - Entry count for : http://localhost:55440 : 1
12:57:39.886 [AsyncHttpClient-1-1] DEBUG org.asynchttpclient.netty.channel.DefaultChannelPool - Entry count for : http://localhost:55440 : 1
12:57:40.768 [AsyncHttpClient-1-23] DEBUG org.asynchttpclient.netty.handler.HttpHandler - 

Request DefaultHttpRequest(decodeResult: success, version: HTTP/1.1)
POST /session/87024ad24974c36fc40ebf76f7fd11ba/element HTTP/1.1
User-Agent: selenium/4.1.2 (java windows)
Content-Length: 77
Content-Type: application/json; charset=utf-8
host: localhost:59732
accept: */*

Response DefaultHttpResponse(decodeResult: success, version: HTTP/1.1)
HTTP/1.1 404 Not Found
Content-Type: application/json; charset=utf-8
cache-control: no-cache
content-length: 945

12:57:40.769 [AsyncHttpClient-1-23] DEBUG org.asynchttpclient.netty.channel.ChannelManager - Adding key: http://localhost:59732 for channel [id: 0x08245492, L:/127.0.0.1:55437 - R:localhost/127.0.0.1:59732]
12:57:40.872 [Forwarding findElement on session 87024ad24974c36fc40ebf76f7fd11ba to remote] DEBUG org.asynchttpclient.netty.request.NettyRequestSender - Using pooled Channel '[id: 0x08245492, L:/127.0.0.1:55437 - R:localhost/127.0.0.1:59732]' for 'POST' to 'http://localhost:59732/session/87024ad24974c36fc40ebf76f7fd11ba/element'
12:57:40.872 [Forwarding findElement on session 87024ad24974c36fc40ebf76f7fd11ba to remote] DEBUG org.asynchttpclient.netty.request.NettyRequestSender - Using open Channel [id: 0x08245492, L:/127.0.0.1:55437 - R:localhost/127.0.0.1:59732] for POST '/session/87024ad24974c36fc40ebf76f7fd11ba/element'
12:57:40.978 [AsyncHttpClient-1-1] DEBUG org.asynchttpclient.netty.channel.DefaultChannelPool - Entry count for : http://localhost:55440 : 1
12:57:42.071 [AsyncHttpClient-1-1] DEBUG org.asynchttpclient.netty.channel.DefaultChannelPool - Entry count for : http://localhost:55440 : 1
12:57:42.902 [AsyncHttpClient-1-23] DEBUG org.asynchttpclient.netty.handler.HttpHandler - 

Request DefaultHttpRequest(decodeResult: success, version: HTTP/1.1)
POST /session/87024ad24974c36fc40ebf76f7fd11ba/element HTTP/1.1
User-Agent: selenium/4.1.2 (java windows)
Content-Length: 77
Content-Type: application/json; charset=utf-8
host: localhost:59732
accept: */*

Response DefaultHttpResponse(decodeResult: success, version: HTTP/1.1)
HTTP/1.1 404 Not Found
Content-Type: application/json; charset=utf-8
cache-control: no-cache
content-length: 945

12:57:42.903 [AsyncHttpClient-1-23] DEBUG org.asynchttpclient.netty.channel.ChannelManager - Adding key: http://localhost:59732 for channel [id: 0x08245492, L:/127.0.0.1:55437 - R:localhost/127.0.0.1:59732]
12:57:43.007 [Forwarding findElement on session 87024ad24974c36fc40ebf76f7fd11ba to remote] DEBUG org.asynchttpclient.netty.request.NettyRequestSender - Using pooled Channel '[id: 0x08245492, L:/127.0.0.1:55437 - R:localhost/127.0.0.1:59732]' for 'POST' to 'http://localhost:59732/session/87024ad24974c36fc40ebf76f7fd11ba/element'
12:57:43.007 [Forwarding findElement on session 87024ad24974c36fc40ebf76f7fd11ba to remote] DEBUG org.asynchttpclient.netty.request.NettyRequestSender - Using open Channel [id: 0x08245492, L:/127.0.0.1:55437 - R:localhost/127.0.0.1:59732] for POST '/session/87024ad24974c36fc40ebf76f7fd11ba/element'
12:57:43.173 [AsyncHttpClient-1-1] DEBUG org.asynchttpclient.netty.channel.DefaultChannelPool - Entry count for : http://localhost:55440 : 1
12:57:44.276 [AsyncHttpClient-1-1] DEBUG org.asynchttpclient.netty.channel.DefaultChannelPool - Entry count for : http://localhost:55440 : 1
12:57:45.030 [AsyncHttpClient-1-23] DEBUG org.asynchttpclient.netty.handler.HttpHandler - 

Request DefaultHttpRequest(decodeResult: success, version: HTTP/1.1)
POST /session/87024ad24974c36fc40ebf76f7fd11ba/element HTTP/1.1
User-Agent: selenium/4.1.2 (java windows)
Content-Length: 77
Content-Type: application/json; charset=utf-8
host: localhost:59732
accept: */*

Response DefaultHttpResponse(decodeResult: success, version: HTTP/1.1)
HTTP/1.1 404 Not Found
Content-Type: application/json; charset=utf-8
cache-control: no-cache
content-length: 945

12:57:45.030 [AsyncHttpClient-1-23] DEBUG org.asynchttpclient.netty.channel.ChannelManager - Adding key: http://localhost:59732 for channel [id: 0x08245492, L:/127.0.0.1:55437 - R:localhost/127.0.0.1:59732]
12:57:45.037 [Forwarding screenshot on session 87024ad24974c36fc40ebf76f7fd11ba to remote] DEBUG org.asynchttpclient.netty.request.NettyRequestSender - Using pooled Channel '[id: 0x08245492, L:/127.0.0.1:55437 - R:localhost/127.0.0.1:59732]' for 'GET' to 'http://localhost:59732/session/87024ad24974c36fc40ebf76f7fd11ba/screenshot'
12:57:45.037 [Forwarding screenshot on session 87024ad24974c36fc40ebf76f7fd11ba to remote] DEBUG org.asynchttpclient.netty.request.NettyRequestSender - Using open Channel [id: 0x08245492, L:/127.0.0.1:55437 - R:localhost/127.0.0.1:59732] for GET '/session/87024ad24974c36fc40ebf76f7fd11ba/screenshot'
12:57:45.141 [AsyncHttpClient-1-23] DEBUG org.asynchttpclient.netty.handler.HttpHandler - 

Request DefaultFullHttpRequest(decodeResult: success, version: HTTP/1.1, content: EmptyByteBufBE)
GET /session/87024ad24974c36fc40ebf76f7fd11ba/screenshot HTTP/1.1
User-Agent: selenium/4.1.2 (java windows)
Cache-Control: no-cache
Content-Type: application/json; charset=utf-8
host: localhost:59732
accept: */*

Response DefaultHttpResponse(decodeResult: success, version: HTTP/1.1)
HTTP/1.1 200 OK
Content-Type: application/json; charset=utf-8
cache-control: no-cache
content-length: 168952

12:57:45.142 [AsyncHttpClient-1-23] DEBUG org.asynchttpclient.netty.channel.ChannelManager - Adding key: http://localhost:59732 for channel [id: 0x08245492, L:/127.0.0.1:55437 - R:localhost/127.0.0.1:59732]
12:57:45.145 [main] DEBUG net.serenitybdd.core.photography.Darkroom - Send negative for processing for target\site\serenity\9940443a2cf312439c3e2825a1c5c2b5818f7bdf9814ad33ddaa19c6c0599315.png
12:57:45.151 [Forwarding getPageSource on session 87024ad24974c36fc40ebf76f7fd11ba to remote] DEBUG org.asynchttpclient.netty.request.NettyRequestSender - Using pooled Channel '[id: 0x08245492, L:/127.0.0.1:55437 - R:localhost/127.0.0.1:59732]' for 'POST' to 'http://localhost:59732/session/87024ad24974c36fc40ebf76f7fd11ba/execute/sync'
12:57:45.151 [Forwarding getPageSource on session 87024ad24974c36fc40ebf76f7fd11ba to remote] DEBUG org.asynchttpclient.netty.request.NettyRequestSender - Using open Channel [id: 0x08245492, L:/127.0.0.1:55437 - R:localhost/127.0.0.1:59732] for POST '/session/87024ad24974c36fc40ebf76f7fd11ba/execute/sync'
12:57:45.156 [AsyncHttpClient-1-23] DEBUG org.asynchttpclient.netty.handler.HttpHandler - 

Request DefaultHttpRequest(decodeResult: success, version: HTTP/1.1)
POST /session/87024ad24974c36fc40ebf76f7fd11ba/execute/sync HTTP/1.1
User-Agent: selenium/4.1.2 (java windows)
Content-Length: 176
Content-Type: application/json; charset=utf-8
host: localhost:59732
accept: */*

Response DefaultHttpResponse(decodeResult: success, version: HTTP/1.1)
HTTP/1.1 200 OK
Content-Type: application/json; charset=utf-8
cache-control: no-cache
content-length: 29904

12:57:45.156 [AsyncHttpClient-1-23] DEBUG org.asynchttpclient.netty.channel.ChannelManager - Adding key: http://localhost:59732 for channel [id: 0x08245492, L:/127.0.0.1:55437 - R:localhost/127.0.0.1:59732]
12:57:45.159 [Forwarding getCurrentUrl on session 87024ad24974c36fc40ebf76f7fd11ba to remote] DEBUG org.asynchttpclient.netty.request.NettyRequestSender - Using pooled Channel '[id: 0x08245492, L:/127.0.0.1:55437 - R:localhost/127.0.0.1:59732]' for 'GET' to 'http://localhost:59732/session/87024ad24974c36fc40ebf76f7fd11ba/url'
12:57:45.159 [Forwarding getCurrentUrl on session 87024ad24974c36fc40ebf76f7fd11ba to remote] DEBUG org.asynchttpclient.netty.request.NettyRequestSender - Using open Channel [id: 0x08245492, L:/127.0.0.1:55437 - R:localhost/127.0.0.1:59732] for GET '/session/87024ad24974c36fc40ebf76f7fd11ba/url'
12:57:45.163 [AsyncHttpClient-1-23] DEBUG org.asynchttpclient.netty.handler.HttpHandler - 

Request DefaultFullHttpRequest(decodeResult: success, version: HTTP/1.1, content: EmptyByteBufBE)
GET /session/87024ad24974c36fc40ebf76f7fd11ba/url HTTP/1.1
User-Agent: selenium/4.1.2 (java windows)
Cache-Control: no-cache
Content-Type: application/json; charset=utf-8
host: localhost:59732
accept: */*

Response DefaultHttpResponse(decodeResult: success, version: HTTP/1.1)
HTTP/1.1 200 OK
Content-Type: application/json; charset=utf-8
cache-control: no-cache
content-length: 56

12:57:45.164 [AsyncHttpClient-1-23] DEBUG org.asynchttpclient.netty.channel.ChannelManager - Adding key: http://localhost:59732 for channel [id: 0x08245492, L:/127.0.0.1:55437 - R:localhost/127.0.0.1:59732]
  &amp#27;[31mAnd &amp#27;[0m&amp#27;[31mI click the arrow button on status field&amp#27;[0m &amp#27;[90m# starter.stepdefinitions.ManageVaccinationBookingsSteps.iClickTheArrowButtonOnStatusField()&amp#27;[0m
      &amp#27;[31mnet.thucydides.core.webdriver.exceptions.ElementShouldBeEnabledException: Expected enabled element was not enabled
	at net.serenitybdd.core.pages.WebElementFacadeImpl.waitUntilEnabled(WebElementFacadeImpl.java:1100)
	at net.serenitybdd.core.pages.WebElementFacadeImpl.waitUntilElementAvailable(WebElementFacadeImpl.java:888)
	at net.serenitybdd.core.pages.WebElementFacadeImpl.click(WebElementFacadeImpl.java:1182)
	at net.serenitybdd.core.pages.WebElementFacadeImpl.click(WebElementFacadeImpl.java:1201)
	at Automation@1.0-SNAPSHOT/starter.pages.ManageVaccinationBookingsPage.sortByStatus(ManageVaccinationBookingsPage.java:169)
	at Automation@1.0-SNAPSHOT/starter.pages.ManageVaccinationBookingsPage$ByteBuddy$2mB6uuMo.sortByStatus$accessor$5nrir2vK(Unknown Source)
	at java.base/jdk.internal.reflect.NativeMethodAccessorImpl.invoke0(Native Method)
	at java.base/jdk.internal.reflect.NativeMethodAccessorImpl.invoke(NativeMethodAccessorImpl.java:62)
	at java.base/jdk.internal.reflect.DelegatingMethodAccessorImpl.invoke(DelegatingMethodAccessorImpl.java:43)
	at java.base/java.lang.reflect.Method.invoke(Method.java:566)
	at net.thucydides.core.steps.BaseMethodRunner.invokeMethod(BaseMethodRunner.java:18)
	at net.thucydides.core.steps.NormalMethodRunner.invokeMethodAndNotifyFailures(NormalMethodRunner.java:18)
	at net.thucydides.core.steps.StepInterceptor.runNormalMethod(StepInterceptor.java:406)
	at net.thucydides.core.steps.StepInterceptor.testStepResult(StepInterceptor.java:191)
	at net.thucydides.core.steps.StepInterceptor.intercept(StepInterceptor.java:84)
	at net.thucydides.core.steps.ProxyConfiguration$InterceptorDispatcher.intercept(ProxyConfiguration.java:51)
	at Automation@1.0-SNAPSHOT/starter.pages.ManageVaccinationBookingsPage$ByteBuddy$2mB6uuMo.sortByStatus(Unknown Source)
	at Automation@1.0-SNAPSHOT/starter.stepdefinitions.ManageVaccinationBookingsSteps.iClickTheArrowButtonOnStatusField(ManageVaccinationBookingsSteps.java:114)
	at âœ½.I click the arrow button on status field(file:///C:/Users/ASUSTUF/OneDrive/Documents/Capstone%20Project/Web%20Automation/src/test/resources/features/ManageVaccinationBookings.feature:66)
Caused by: org.openqa.selenium.TimeoutException: Expected condition failed: waiting for By.xpath: //div[@fdprocessedid='xb3zh9'] to be enabled (tried for 5 second(s) with 100 milliseconds interval)
	at org.openqa.selenium.support.ui.FluentWait.timeoutException(FluentWait.java:263)
	at org.openqa.selenium.support.ui.FluentWait.until(FluentWait.java:231)
	at net.serenitybdd.core.pages.WebElementFacadeImpl.waitUntilEnabled(WebElementFacadeImpl.java:1097)
	at net.serenitybdd.core.pages.WebElementFacadeImpl.waitUntilElementAvailable(WebElementFacadeImpl.java:888)
	at net.serenitybdd.core.pages.WebElementFacadeImpl.click(WebElementFacadeImpl.java:1182)
	at net.serenitybdd.core.pages.WebElementFacadeImpl.click(WebElementFacadeImpl.java:1201)
	at Automation@1.0-SNAPSHOT/starter.pages.ManageVaccinationBookingsPage.sortByStatus(ManageVaccinationBookingsPage.java:169)
	at Automation@1.0-SNAPSHOT/starter.pages.ManageVaccinationBookingsPage$ByteBuddy$2mB6uuMo.sortByStatus$accessor$5nrir2vK(Unknown Source)
	at java.base/jdk.internal.reflect.NativeMethodAccessorImpl.invoke0(Native Method)
	at java.base/jdk.internal.reflect.NativeMethodAccessorImpl.invoke(NativeMethodAccessorImpl.java:62)
	at java.base/jdk.internal.reflect.DelegatingMethodAccessorImpl.invoke(DelegatingMethodAccessorImpl.java:43)
	at java.base/java.lang.reflect.Method.invoke(Method.java:566)
	at net.thucydides.core.steps.BaseMethodRunner.invokeMethod(BaseMethodRunner.java:18)
	at net.thucydides.core.steps.NormalMethodRunner.invokeMethodAndNotifyFailures(NormalMethodRunner.java:18)
	at net.thucydides.core.steps.StepInterceptor.runNormalMethod(StepInterceptor.java:406)
	at net.thucydides.core.steps.StepInterceptor.testStepResult(StepInterceptor.java:191)
	at net.thucydides.core.steps.StepInterceptor.intercept(StepInterceptor.java:84)
	at net.thucydides.core.steps.ProxyConfiguration$InterceptorDispatcher.intercept(ProxyConfiguration.java:51)
	at Automation@1.0-SNAPSHOT/starter.pages.ManageVaccinationBookingsPage$ByteBuddy$2mB6uuMo.sortByStatus(Unknown Source)
	at Automation@1.0-SNAPSHOT/starter.stepdefinitions.ManageVaccinationBookingsSteps.iClickTheArrowButtonOnStatusField(ManageVaccinationBookingsSteps.java:114)
	at java.base/jdk.internal.reflect.NativeMethodAccessorImpl.invoke0(Native Method)
	at java.base/jdk.internal.reflect.NativeMethodAccessorImpl.invoke(NativeMethodAccessorImpl.java:62)
	at java.base/jdk.internal.reflect.DelegatingMethodAccessorImpl.invoke(DelegatingMethodAccessorImpl.java:43)
	at java.base/java.lang.reflect.Method.invoke(Method.java:566)
	at io.cucumber.java.Invoker.doInvoke(Invoker.java:66)
	at io.cucumber.java.Invoker.invoke(Invoker.java:24)
	at io.cucumber.java.AbstractGlueDefinition.invokeMethod(AbstractGlueDefinition.java:47)
	at io.cucumber.java.JavaStepDefinition.execute(JavaStepDefinition.java:29)
	at io.cucumber.core.runner.CoreStepDefinition.execute(CoreStepDefinition.java:66)
	at io.cucumber.core.runner.PickleStepDefinitionMatch.runStep(PickleStepDefinitionMatch.java:63)
	at io.cucumber.core.runner.ExecutionMode$1.execute(ExecutionMode.java:10)
	at io.cucumber.core.runner.TestStep.executeStep(TestStep.java:86)
	at io.cucumber.core.runner.TestStep.run(TestStep.java:57)
	at io.cucumber.core.runner.PickleStepTestStep.run(PickleStepTestStep.java:51)
	at io.cucumber.core.runner.TestCase.run(TestCase.java:95)
	at io.cucumber.core.runner.Runner.runPickle(Runner.java:75)
	at io.cucumber.junit.PickleRunners$NoStepDescriptions.lambda$run$0(PickleRunners.java:151)
	at io.cucumber.core.runtime.CucumberExecutionContext.lambda$runTestCase$3(CucumberExecutionContext.java:151)
	at io.cucumber.core.runtime.RethrowingThrowableCollector.executeAndThrow(RethrowingThrowableCollector.java:23)
	at io.cucumber.core.runtime.CucumberExecutionContext.runTestCase(CucumberExecutionContext.java:151)
	at io.cucumber.junit.PickleRunners$NoStepDescriptions.run(PickleRunners.java:148)
	at io.cucumber.junit.FeatureRunner.runChild(FeatureRunner.java:144)
	at io.cucumber.junit.FeatureRunner.runChild(FeatureRunner.java:28)
	at org.junit.runners.ParentRunner$4.run(ParentRunner.java:331)
	at org.junit.runners.ParentRunner$1.schedule(ParentRunner.java:79)
	at org.junit.runners.ParentRunner.runChildren(ParentRunner.java:329)
	at org.junit.runners.ParentRunner.access$100(ParentRunner.java:66)
	at org.junit.runners.ParentRunner$2.evaluate(ParentRunner.java:293)
	at org.junit.runners.ParentRunner$3.evaluate(ParentRunner.java:306)
	at org.junit.runners.ParentRunner.run(ParentRunner.java:413)
	at io.cucumber.junit.FeatureRunner.run(FeatureRunner.java:137)
	at io.cucumber.junit.CucumberSerenityRunner.runChild(CucumberSerenityRunner.java:258)
	at io.cucumber.junit.CucumberSerenityRunner.runChild(CucumberSerenityRunner.java:58)
	at org.junit.runners.ParentRunner$4.run(ParentRunner.java:331)
	at org.junit.runners.ParentRunner$1.schedule(ParentRunner.java:79)
	at org.junit.runners.ParentRunner.runChildren(ParentRunner.java:329)
	at org.junit.runners.ParentRunner.access$100(ParentRunner.java:66)
	at org.junit.runners.ParentRunner$2.evaluate(ParentRunner.java:293)
	at io.cucumber.junit.CucumberSerenityRunner$RunCucumber.evaluate(CucumberSerenityRunner.java:287)
	at org.junit.runners.ParentRunner$3.evaluate(ParentRunner.java:306)
	at org.junit.runners.ParentRunner.run(ParentRunner.java:413)
	at org.junit.runner.JUnitCore.run(JUnitCore.java:137)
	at org.junit.runner.JUnitCore.run(JUnitCore.java:115)
	at org.junit.vintage.engine.execution.RunnerExecutor.execute(RunnerExecutor.java:42)
	at org.junit.vintage.engine.VintageTestEngine.executeAllChildren(VintageTestEngine.java:80)
	at org.junit.vintage.engine.VintageTestEngine.execute(VintageTestEngine.java:72)
	at org.junit.platform.launcher.core.EngineExecutionOrchestrator.execute(EngineExecutionOrchestrator.java:107)
	at org.junit.platform.launcher.core.EngineExecutionOrchestrator.execute(EngineExecutionOrchestrator.java:88)
	at org.junit.platform.launcher.core.EngineExecutionOrchestrator.lambda$execute$0(EngineExecutionOrchestrator.java:54)
	at org.junit.platform.launcher.core.EngineExecutionOrchestrator.withInterceptedStreams(EngineExecutionOrchestrator.java:67)
	at org.junit.platform.launcher.core.EngineExecutionOrchestrator.execute(EngineExecutionOrchestrator.java:52)
	at org.junit.platform.launcher.core.DefaultLauncher.execute(DefaultLauncher.java:114)
	at org.junit.platform.launcher.core.DefaultLauncher.execute(DefaultLauncher.java:86)
	at org.junit.platform.launcher.core.DefaultLauncherSession$DelegatingLauncher.execute(DefaultLauncherSession.java:86)
	at org.junit.platform.launcher.core.SessionPerRequestLauncher.execute(SessionPerRequestLauncher.java:53)
	at org.apache.maven.surefire.junitplatform.JUnitPlatformProvider.execute(JUnitPlatformProvider.java:188)
	at org.apache.maven.surefire.junitplatform.JUnitPlatformProvider.invokeAllTests(JUnitPlatformProvider.java:154)
	at org.apache.maven.surefire.junitplatform.JUnitPlatformProvider.invoke(JUnitPlatformProvider.java:128)
	at org.apache.maven.surefire.booter.ForkedBooter.runSuitesInProcess(ForkedBooter.java:428)
	at org.apache.maven.surefire.booter.ForkedBooter.execute(ForkedBooter.java:162)
	at org.apache.maven.surefire.booter.ForkedBooter.run(ForkedBooter.java:562)
	at org.apache.maven.surefire.booter.ForkedBooter.main(ForkedBooter.java:548)
Caused by: org.openqa.selenium.NoSuchElementException: no such element: Unable to locate element: {"method":"xpath","selector":"//div[@fdprocessedid='xb3zh9']"}
  (Session info: chrome=108.0.5359.125)
For documentation on this error, please visit: https://selenium.dev/exceptions/#no_such_element
Build info: version: '4.1.2', revision: '9a5a329c5a'
System info: host: 'LAPTOP-CFD9EV6G', ip: '192.168.100.7', os.name: 'Windows 11', os.arch: 'amd64', os.version: '10.0', java.version: '11.0.16'
Driver info: org.openqa.selenium.chrome.ChromeDriver
Command: [87024ad24974c36fc40ebf76f7fd11ba, findElement {using=xpath, value=//div[@fdprocessedid='xb3zh9']}]
Capabilities {acceptInsecureCerts: false, browserName: chrome, browserVersion: 108.0.5359.125, chrome: {chromedriverVersion: 108.0.5359.71 (1e0e3868ee06..., userDataDir: C:\Users\ASUSTUF\AppData\Lo...}, goog:chromeOptions: {debuggerAddress: localhost:55440}, javascriptEnabled: true, networkConnectionEnabled: false, pageLoadStrategy: normal, platform: WINDOWS, platformName: WINDOWS, proxy: Proxy(), se:cdp: ws://localhost:55440/devtoo..., se:cdpVersion: 108.0.5359.125, setWindowRect: true, strictFileInteractability: false, timeouts: {implicit: 0, pageLoad: 300000, script: 30000}, unhandledPromptBehavior: dismiss and notify, webauthn:extension:credBlob: true, webauthn:extension:largeBlob: true, webauthn:virtualAuthenticators: true}
Session ID: 87024ad24974c36fc40ebf76f7fd11ba
	at jdk.internal.reflect.GeneratedConstructorAccessor18.newInstance(Unknown Source)
	at java.base/jdk.internal.reflect.DelegatingConstructorAccessorImpl.newInstance(DelegatingConstructorAccessorImpl.java:45)
	at java.base/java.lang.reflect.Constructor.newInstance(Constructor.java:490)
	at org.openqa.selenium.remote.codec.w3c.W3CHttpResponseCodec.createException(W3CHttpResponseCodec.java:200)
	at org.openqa.selenium.remote.codec.w3c.W3CHttpResponseCodec.decode(W3CHttpResponseCodec.java:133)
	at org.openqa.selenium.remote.codec.w3c.W3CHttpResponseCodec.decode(W3CHttpResponseCodec.java:53)
	at org.openqa.selenium.remote.HttpCommandExecutor.execute(HttpCommandExecutor.java:184)
	at org.openqa.selenium.remote.service.DriverCommandExecutor.invokeExecute(DriverCommandExecutor.java:167)
	at org.openqa.selenium.remote.service.DriverCommandExecutor.execute(DriverCommandExecutor.java:142)
	at org.openqa.selenium.remote.RemoteWebDriver.execute(RemoteWebDriver.java:558)
	at org.openqa.selenium.remote.ElementLocation$ElementFinder$2.findElement(ElementLocation.java:162)
	at org.openqa.selenium.remote.ElementLocation.findElement(ElementLocation.java:60)
	at org.openqa.selenium.remote.RemoteWebDriver.findElement(RemoteWebDriver.java:382)
	at org.openqa.selenium.remote.RemoteWebDriver.findElement(RemoteWebDriver.java:374)
	at net.thucydides.core.webdriver.WebDriverFacade.findElement(WebDriverFacade.java:224)
	at net.serenitybdd.core.pages.WebElementResolverByLocator.resolveForDriver(WebElementResolverByLocator.java:25)
	at net.serenitybdd.core.pages.WebElementFacadeImpl.getResolvedElement(WebElementFacadeImpl.java:191)
	at net.serenitybdd.core.pages.WebElementFacadeImpl.getElement(WebElementFacadeImpl.java:186)
	at net.serenitybdd.core.pages.WebElementExpectations$3.apply(WebElementExpectations.java:63)
	at net.serenitybdd.core.pages.WebElementExpectations$3.apply(WebElementExpectations.java:55)
	at org.openqa.selenium.support.ui.FluentWait.until(FluentWait.java:208)
	... 80 more
&amp#27;[0m
  &amp#27;[36mAnd &amp#27;[0m&amp#27;[36mI select status&amp#27;[0m                          &amp#27;[90m# starter.stepdefinitions.ManageVaccinationBookingsSteps.iSelectStatus()&amp#27;[0m
  &amp#27;[36mThen &amp#27;[0m&amp#27;[36mbookings will be sorted by status&amp#27;[0m       &amp#27;[90m# starter.stepdefinitions.ManageVaccinationBookingsSteps.bookingsWillBeSortedByStatus()&amp#27;[0m
12:57:45.187 [main] ERROR  - 
  _____   ___   ___   _____     ___     _     ___   _      ___   ___  
 |_   _| | __| / __| |_   _|   | __|   /_\   |_ _| | |    | __| |   \ 
   | |   | _|  \__ \   | |     | _|   / _ \   | |  | |__  | _|  | |) |
   |_|   |___| |___/   |_|     |_|   /_/ \_\ |___| |____| |___| |___/ 

Sort vaccination bookings by status
-----------------------------------------------------------------------
12:57:45.187 [main] DEBUG  - RELATED ISSUES: 
12:57:45.187 [main] ERROR  -     Test failed at step: Sort by status
12:57:45.187 [main] ERROR  -     Expected enabled element was not enabled
12:57:45.190 [AsyncHttpClient-1-25] DEBUG org.asynchttpclient.netty.handler.WebSocketHandler - Channel Closed: [id: 0x819c5e67, L:/127.0.0.1:55447 ! R:localhost/127.0.0.1:55440] with attribute NettyResponseFuture{currentRetry=5,
	isDone=1,
	isCancelled=0,
	asyncHandler=org.asynchttpclient.ws.WebSocketUpgradeHandler@a4fed9f,
	nettyRequest=org.asynchttpclient.netty.request.NettyRequest@4f4d72b2,
	future=java.util.concurrent.CompletableFuture@7371154a[Completed normally],
	uri=ws://localhost:55440/devtools/browser/a5314102-3433-4c88-80dd-f2254b8219b9,
	keepAlive=true,
	redirectCount=0,
	timeoutsHolder=null,
	inAuth=0,
	touch=1671429455786}
12:57:45.191 [AsyncHttpClient-1-25] DEBUG org.asynchttpclient.netty.channel.ChannelManager - Closing Channel [id: 0x819c5e67, L:/127.0.0.1:55447 ! R:localhost/127.0.0.1:55440] 
12:57:45.191 [Driver Command Executor] DEBUG org.asynchttpclient.netty.request.NettyRequestSender - Using pooled Channel '[id: 0x08245492, L:/127.0.0.1:55437 - R:localhost/127.0.0.1:59732]' for 'DELETE' to 'http://localhost:59732/session/87024ad24974c36fc40ebf76f7fd11ba'
12:57:45.191 [Driver Command Executor] DEBUG org.asynchttpclient.netty.request.NettyRequestSender - Using open Channel [id: 0x08245492, L:/127.0.0.1:55437 - R:localhost/127.0.0.1:59732] for DELETE '/session/87024ad24974c36fc40ebf76f7fd11ba'
12:57:45.219 [AsyncHttpClient-1-24] DEBUG org.asynchttpclient.netty.handler.HttpHandler - Unexpected I/O exception on channel [id: 0x75174b9b, L:/127.0.0.1:55446 - R:localhost/127.0.0.1:55440]
java.io.IOException: An existing connection was forcibly closed by the remote host
	at java.base/sun.nio.ch.SocketDispatcher.read0(Native Method)
	at java.base/sun.nio.ch.SocketDispatcher.read(SocketDispatcher.java:43)
	at java.base/sun.nio.ch.IOUtil.readIntoNativeBuffer(IOUtil.java:276)
	at java.base/sun.nio.ch.IOUtil.read(IOUtil.java:233)
	at java.base/sun.nio.ch.IOUtil.read(IOUtil.java:223)
	at java.base/sun.nio.ch.SocketChannelImpl.read(SocketChannelImpl.java:358)
	at io.netty.buffer.PooledByteBuf.setBytes(PooledByteBuf.java:258)
	at io.netty.buffer.AbstractByteBuf.writeBytes(AbstractByteBuf.java:1132)
	at io.netty.channel.socket.nio.NioSocketChannel.doReadBytes(NioSocketChannel.java:350)
	at io.netty.channel.nio.AbstractNioByteChannel$NioByteUnsafe.read(AbstractNioByteChannel.java:151)
	at io.netty.channel.nio.NioEventLoop.processSelectedKey(NioEventLoop.java:722)
	at io.netty.channel.nio.NioEventLoop.processSelectedKeysOptimized(NioEventLoop.java:658)
	at io.netty.channel.nio.NioEventLoop.processSelectedKeys(NioEventLoop.java:584)
	at io.netty.channel.nio.NioEventLoop.run(NioEventLoop.java:496)
	at io.netty.util.concurrent.SingleThreadEventExecutor$4.run(SingleThreadEventExecutor.java:986)
	at io.netty.util.internal.ThreadExecutorMap$2.run(ThreadExecutorMap.java:74)
	at io.netty.util.concurrent.FastThreadLocalRunnable.run(FastThreadLocalRunnable.java:30)
	at java.base/java.lang.Thread.run(Thread.java:834)
12:57:45.219 [AsyncHttpClient-1-24] DEBUG org.asynchttpclient.netty.channel.ChannelManager - Closing Channel [id: 0x75174b9b, L:/127.0.0.1:55446 - R:localhost/127.0.0.1:55440] 
12:57:45.219 [AsyncHttpClient-1-24] DEBUG org.asynchttpclient.netty.handler.HttpHandler - Channel Closed: [id: 0x75174b9b, L:/127.0.0.1:55446 ! R:localhost/127.0.0.1:55440] with attribute DISCARD
12:57:45.255 [AsyncHttpClient-1-23] DEBUG org.asynchttpclient.netty.handler.HttpHandler - 

Request DefaultFullHttpRequest(decodeResult: success, version: HTTP/1.1, content: EmptyByteBufBE)
DELETE /session/87024ad24974c36fc40ebf76f7fd11ba HTTP/1.1
User-Agent: selenium/4.1.2 (java windows)
Content-Type: application/json; charset=utf-8
host: localhost:59732
accept: */*

Response DefaultHttpResponse(decodeResult: success, version: HTTP/1.1)
HTTP/1.1 200 OK
Content-Type: application/json; charset=utf-8
cache-control: no-cache
content-length: 14

12:57:45.256 [AsyncHttpClient-1-23] DEBUG org.asynchttpclient.netty.channel.ChannelManager - Adding key: http://localhost:59732 for channel [id: 0x08245492, L:/127.0.0.1:55437 - R:localhost/127.0.0.1:59732]
12:57:45.322 [AsyncHttpClient-1-23] DEBUG org.asynchttpclient.netty.handler.HttpHandler - Channel Closed: [id: 0x08245492, L:/127.0.0.1:55437 ! R:localhost/127.0.0.1:59732] with attribute DISCARD
12:57:45.378 [AsyncHttpClient-1-1] DEBUG org.asynchttpclient.netty.channel.DefaultChannelPool - Entry count for : http://localhost:55440 : 1
12:57:45.379 [AsyncHttpClient-1-1] DEBUG org.asynchttpclient.netty.channel.DefaultChannelPool - Entry count for : http://localhost:59732 : 1
12:57:45.379 [AsyncHttpClient-1-1] DEBUG org.asynchttpclient.netty.channel.DefaultChannelPool - Adding Candidate expired Channel [id: 0x75174b9b, L:/127.0.0.1:55446 ! R:localhost/127.0.0.1:55440] isIdleTimeoutExpired=false isRemotelyClosed=true isTtlExpired=false
12:57:45.379 [AsyncHttpClient-1-1] DEBUG org.asynchttpclient.netty.channel.DefaultChannelPool - Closing Idle Channel [id: 0x75174b9b, L:/127.0.0.1:55446 ! R:localhost/127.0.0.1:55440]
12:57:45.379 [AsyncHttpClient-1-1] DEBUG org.asynchttpclient.netty.channel.DefaultChannelPool - Adding Candidate expired Channel [id: 0x08245492, L:/127.0.0.1:55437 ! R:localhost/127.0.0.1:59732] isIdleTimeoutExpired=false isRemotelyClosed=true isTtlExpired=false
12:57:45.379 [AsyncHttpClient-1-1] DEBUG org.asynchttpclient.netty.channel.DefaultChannelPool - Closing Idle Channel [id: 0x08245492, L:/127.0.0.1:55437 ! R:localhost/127.0.0.1:59732]
12:57:45.379 [AsyncHttpClient-1-1] DEBUG org.asynchttpclient.netty.channel.DefaultChannelPool - Closed 2 connections out of 2 in 0 ms
]]></system-out>
    <system-err><![CDATA[Starting ChromeDriver 108.0.5359.71 (1e0e3868ee06e91ad636a874420e3ca3ae3756ac-refs/branch-heads/5359@{#1016}) on port 59732
Only local connections are allowed.
Please see https://chromedriver.chromium.org/security-considerations for suggestions on keeping ChromeDriver safe.
ChromeDriver was started successfully.
Dec 19, 2022 12:57:35 PM org.openqa.selenium.remote.ProtocolHandshake createSession
INFO: Detected dialect: W3C
Dec 19, 2022 12:57:35 PM org.openqa.selenium.devtools.CdpVersionFinder findNearestMatch
WARNING: Unable to find an exact match for CDP version 108, so returning the closest version found: a no-op implementation
Dec 19, 2022 12:57:35 PM org.openqa.selenium.devtools.CdpVersionFinder findNearestMatch
INFO: Unable to find CDP implementation matching 108.
Dec 19, 2022 12:57:35 PM org.openqa.selenium.chromium.ChromiumDriver lambda$new$3
WARNING: Unable to find version of CDP to use for . You may need to include a dependency on a specific version of the CDP using something similar to `org.seleniumhq.selenium:selenium-devtools-v86:4.1.2` where the version ("v86") matches the version of the chromium-based browser you're using and the version number of the artifact is the same as Selenium's.
]]></system-err>
  </testcase>
  <testcase name="Sort vaccination bookings by time" classname="Manage vaccination bookings" time="5.14">
    <system-out><![CDATA[
Scenario: Sort vaccination bookings by time     &amp#27;[90m# src/test/resources/features/ManageVaccinationBookings.feature:70&amp#27;[0m
12:57:45.402 [main] INFO io.cucumber.core.plugin.SerenityReporter - Running feature from file:///C:/Users/ASUSTUF/OneDrive/Documents/Capstone%20Project/Web%20Automation/src/test/resources/features/ManageVaccinationBookings.feature
12:57:45.416 [main] INFO  - 
  _____   ___   ___   _____     ___   _____     _     ___   _____   ___   ___  
 |_   _| | __| / __| |_   _|   / __| |_   _|   /_\   | _ \ |_   _| | __| |   \ 
   | |   | _|  \__ \   | |     \__ \   | |    / _ \  |   /   | |   | _|  | |) |
   |_|   |___| |___/   |_|     |___/   |_|   /_/ \_\ |_|_\   |_|   |___| |___/ 

Sort vaccination bookings by time(manage-vaccination-bookings;sort-vaccination-bookings-by-time)
--------------------------------------------------------------------------------
12:57:45.463 [main] INFO net.serenitybdd.core.webdriver.driverproviders.ChromeDriverProvider - Using automatically driver download
12:57:45.553 [main] DEBUG io.github.bonigarcia.wdm.cache.ResolutionCache - Resolution chrome=108 in cache (valid until 13:44:30 19/12/2022 ICT)
12:57:45.556 [main] DEBUG io.github.bonigarcia.wdm.cache.ResolutionCache - Resolution chrome108=108.0.5359.71 in cache (valid until 12:44:30 20/12/2022 ICT)
12:57:45.557 [main] INFO io.github.bonigarcia.wdm.WebDriverManager - Using chromedriver 108.0.5359.71 (resolved driver for Chrome 108)
12:57:45.570 [main] DEBUG io.github.bonigarcia.wdm.WebDriverManager - Driver chromedriver 108.0.5359.71 found in cache
12:57:45.571 [main] INFO io.github.bonigarcia.wdm.WebDriverManager - Exporting webdriver.chrome.driver as C:\Users\ASUSTUF\.cache\selenium\chromedriver\win32\108.0.5359.71\chromedriver.exe
12:57:45.712 [main] DEBUG net.serenitybdd.core.webdriver.driverproviders.ProvideNewDriver - Instantiating driver
12:57:45.712 [main] DEBUG net.serenitybdd.core.webdriver.driverproviders.ProvideNewDriver - Driver capabilities: Capabilities {acceptInsecureCerts: false, base.url: https://vaksin-id.netlify.app/, browserName: chrome, chrome.driver: src/test/resources/webdrive..., driver: chrome, goog:chromeOptions: {args: [], extensions: []}}
12:57:46.122 [AsyncHttpClient-1-26] DEBUG org.asynchttpclient.netty.channel.NettyConnectListener - Using new Channel '[id: 0xe6a382d7, L:/127.0.0.1:55471 - R:localhost/127.0.0.1:59036]' for 'POST' to '/session'
12:57:47.023 [AsyncHttpClient-1-26] DEBUG org.asynchttpclient.netty.handler.HttpHandler - 

Request DefaultHttpRequest(decodeResult: success, version: HTTP/1.1)
POST /session HTTP/1.1
User-Agent: selenium/4.1.2 (java windows)
Content-Length: 616
Content-Type: application/json; charset=utf-8
host: localhost:59036
accept: */*

Response DefaultHttpResponse(decodeResult: success, version: HTTP/1.1)
HTTP/1.1 200 OK
Content-Type: application/json; charset=utf-8
cache-control: no-cache
content-length: 793

12:57:47.023 [AsyncHttpClient-1-26] DEBUG org.asynchttpclient.netty.channel.ChannelManager - Adding key: http://localhost:59036 for channel [id: 0xe6a382d7, L:/127.0.0.1:55471 - R:localhost/127.0.0.1:59036]
12:57:47.031 [AsyncHttpClient-1-27] DEBUG org.asynchttpclient.netty.channel.NettyConnectListener - Using new Channel '[id: 0xaabb3c40, L:/127.0.0.1:55479 - R:localhost/127.0.0.1:55473]' for 'GET' to '/json/version'
12:57:47.036 [AsyncHttpClient-1-27] DEBUG org.asynchttpclient.netty.handler.HttpHandler - 

Request DefaultFullHttpRequest(decodeResult: success, version: HTTP/1.1, content: EmptyByteBufBE)
GET /json/version HTTP/1.1
User-Agent: selenium/4.1.2 (java windows)
host: localhost:55473
accept: */*

Response DefaultHttpResponse(decodeResult: success, version: HTTP/1.1)
HTTP/1.1 200 OK
Content-Type: application/json; charset=UTF-8
content-length: 424

12:57:47.036 [AsyncHttpClient-1-27] DEBUG org.asynchttpclient.netty.channel.ChannelManager - Adding key: http://localhost:55473 for channel [id: 0xaabb3c40, L:/127.0.0.1:55479 - R:localhost/127.0.0.1:55473]
12:57:47.043 [AsyncHttpClient-1-28] DEBUG org.asynchttpclient.netty.channel.NettyConnectListener - Using new Channel '[id: 0x9059ed3e, L:/127.0.0.1:55480 - R:localhost/127.0.0.1:55473]' for 'GET' to '/devtools/browser/ed36d58b-3240-4f40-a5bf-023c3b258410'
12:57:47.046 [AsyncHttpClient-1-28] DEBUG org.asynchttpclient.netty.handler.WebSocketHandler - 

Request DefaultFullHttpRequest(decodeResult: success, version: HTTP/1.1, content: EmptyByteBufBE)
GET /devtools/browser/ed36d58b-3240-4f40-a5bf-023c3b258410 HTTP/1.1
upgrade: websocket
connection: upgrade
sec-websocket-key: +Z+HU633ftkznc1Z9T4UXA==
sec-websocket-version: 13
origin: http://localhost:55473
host: localhost:55473
accept: */*
user-agent: AHC/2.1

Response DefaultHttpResponse(decodeResult: success, version: HTTP/1.1)
HTTP/1.1 101 WebSocket Protocol Handshake
Upgrade: WebSocket
Connection: Upgrade
Sec-WebSocket-Accept: 9f15CVvDfED58tU5xeoX0SOCZ4I=

12:57:47.053 [Forwarding get on session 0d5a2baa2a76a9c83b704a0dba6f36c6 to remote] DEBUG org.asynchttpclient.netty.request.NettyRequestSender - Using pooled Channel '[id: 0xe6a382d7, L:/127.0.0.1:55471 - R:localhost/127.0.0.1:59036]' for 'POST' to 'http://localhost:59036/session/0d5a2baa2a76a9c83b704a0dba6f36c6/url'
12:57:47.053 [Forwarding get on session 0d5a2baa2a76a9c83b704a0dba6f36c6 to remote] DEBUG org.asynchttpclient.netty.request.NettyRequestSender - Using open Channel [id: 0xe6a382d7, L:/127.0.0.1:55471 - R:localhost/127.0.0.1:59036] for POST '/session/0d5a2baa2a76a9c83b704a0dba6f36c6/url'
12:57:47.575 [AsyncHttpClient-1-1] DEBUG org.asynchttpclient.netty.channel.DefaultChannelPool - Entry count for : http://localhost:55473 : 1
12:57:47.992 [AsyncHttpClient-1-26] DEBUG org.asynchttpclient.netty.handler.HttpHandler - 

Request DefaultHttpRequest(decodeResult: success, version: HTTP/1.1)
POST /session/0d5a2baa2a76a9c83b704a0dba6f36c6/url HTTP/1.1
User-Agent: selenium/4.1.2 (java windows)
Content-Length: 60
Content-Type: application/json; charset=utf-8
host: localhost:59036
accept: */*

Response DefaultHttpResponse(decodeResult: success, version: HTTP/1.1)
HTTP/1.1 200 OK
Content-Type: application/json; charset=utf-8
cache-control: no-cache
content-length: 14

12:57:47.992 [AsyncHttpClient-1-26] DEBUG org.asynchttpclient.netty.channel.ChannelManager - Adding key: http://localhost:59036 for channel [id: 0xe6a382d7, L:/127.0.0.1:55471 - R:localhost/127.0.0.1:59036]
12:57:47.997 [Forwarding setTimeout on session 0d5a2baa2a76a9c83b704a0dba6f36c6 to remote] DEBUG org.asynchttpclient.netty.request.NettyRequestSender - Using pooled Channel '[id: 0xe6a382d7, L:/127.0.0.1:55471 - R:localhost/127.0.0.1:59036]' for 'POST' to 'http://localhost:59036/session/0d5a2baa2a76a9c83b704a0dba6f36c6/timeouts'
12:57:47.997 [Forwarding setTimeout on session 0d5a2baa2a76a9c83b704a0dba6f36c6 to remote] DEBUG org.asynchttpclient.netty.request.NettyRequestSender - Using open Channel [id: 0xe6a382d7, L:/127.0.0.1:55471 - R:localhost/127.0.0.1:59036] for POST '/session/0d5a2baa2a76a9c83b704a0dba6f36c6/timeouts'
12:57:47.999 [AsyncHttpClient-1-26] DEBUG org.asynchttpclient.netty.handler.HttpHandler - 

Request DefaultHttpRequest(decodeResult: success, version: HTTP/1.1)
POST /session/0d5a2baa2a76a9c83b704a0dba6f36c6/timeouts HTTP/1.1
User-Agent: selenium/4.1.2 (java windows)
Content-Length: 22
Content-Type: application/json; charset=utf-8
host: localhost:59036
accept: */*

Response DefaultHttpResponse(decodeResult: success, version: HTTP/1.1)
HTTP/1.1 200 OK
Content-Type: application/json; charset=utf-8
cache-control: no-cache
content-length: 14

12:57:47.999 [AsyncHttpClient-1-26] DEBUG org.asynchttpclient.netty.channel.ChannelManager - Adding key: http://localhost:59036 for channel [id: 0xe6a382d7, L:/127.0.0.1:55471 - R:localhost/127.0.0.1:59036]
12:57:48.005 [Forwarding getCurrentUrl on session 0d5a2baa2a76a9c83b704a0dba6f36c6 to remote] DEBUG org.asynchttpclient.netty.request.NettyRequestSender - Using pooled Channel '[id: 0xe6a382d7, L:/127.0.0.1:55471 - R:localhost/127.0.0.1:59036]' for 'GET' to 'http://localhost:59036/session/0d5a2baa2a76a9c83b704a0dba6f36c6/url'
12:57:48.005 [Forwarding getCurrentUrl on session 0d5a2baa2a76a9c83b704a0dba6f36c6 to remote] DEBUG org.asynchttpclient.netty.request.NettyRequestSender - Using open Channel [id: 0xe6a382d7, L:/127.0.0.1:55471 - R:localhost/127.0.0.1:59036] for GET '/session/0d5a2baa2a76a9c83b704a0dba6f36c6/url'
12:57:48.016 [AsyncHttpClient-1-26] DEBUG org.asynchttpclient.netty.handler.HttpHandler - 

Request DefaultFullHttpRequest(decodeResult: success, version: HTTP/1.1, content: EmptyByteBufBE)
GET /session/0d5a2baa2a76a9c83b704a0dba6f36c6/url HTTP/1.1
User-Agent: selenium/4.1.2 (java windows)
Cache-Control: no-cache
Content-Type: application/json; charset=utf-8
host: localhost:59036
accept: */*

Response DefaultHttpResponse(decodeResult: success, version: HTTP/1.1)
HTTP/1.1 200 OK
Content-Type: application/json; charset=utf-8
cache-control: no-cache
content-length: 42

12:57:48.016 [AsyncHttpClient-1-26] DEBUG org.asynchttpclient.netty.channel.ChannelManager - Adding key: http://localhost:59036 for channel [id: 0xe6a382d7, L:/127.0.0.1:55471 - R:localhost/127.0.0.1:59036]
  &amp#27;[32mGiven &amp#27;[0m&amp#27;[32mI am on landing page&amp#27;[0m                    &amp#27;[90m# starter.stepdefinitions.ManageVaccinationBookingsSteps.iAmOnLandingPage()&amp#27;[0m
12:57:48.024 [Forwarding screenshot on session 0d5a2baa2a76a9c83b704a0dba6f36c6 to remote] DEBUG org.asynchttpclient.netty.request.NettyRequestSender - Using pooled Channel '[id: 0xe6a382d7, L:/127.0.0.1:55471 - R:localhost/127.0.0.1:59036]' for 'GET' to 'http://localhost:59036/session/0d5a2baa2a76a9c83b704a0dba6f36c6/screenshot'
12:57:48.024 [Forwarding screenshot on session 0d5a2baa2a76a9c83b704a0dba6f36c6 to remote] DEBUG org.asynchttpclient.netty.request.NettyRequestSender - Using open Channel [id: 0xe6a382d7, L:/127.0.0.1:55471 - R:localhost/127.0.0.1:59036] for GET '/session/0d5a2baa2a76a9c83b704a0dba6f36c6/screenshot'
12:57:48.678 [AsyncHttpClient-1-1] DEBUG org.asynchttpclient.netty.channel.DefaultChannelPool - Entry count for : http://localhost:55473 : 1
12:57:48.679 [AsyncHttpClient-1-26] DEBUG org.asynchttpclient.netty.handler.HttpHandler - 

Request DefaultFullHttpRequest(decodeResult: success, version: HTTP/1.1, content: EmptyByteBufBE)
GET /session/0d5a2baa2a76a9c83b704a0dba6f36c6/screenshot HTTP/1.1
User-Agent: selenium/4.1.2 (java windows)
Cache-Control: no-cache
Content-Type: application/json; charset=utf-8
host: localhost:59036
accept: */*

Response DefaultHttpResponse(decodeResult: success, version: HTTP/1.1)
HTTP/1.1 200 OK
Content-Type: application/json; charset=utf-8
cache-control: no-cache
content-length: 809848

12:57:48.682 [AsyncHttpClient-1-26] DEBUG org.asynchttpclient.netty.channel.ChannelManager - Adding key: http://localhost:59036 for channel [id: 0xe6a382d7, L:/127.0.0.1:55471 - R:localhost/127.0.0.1:59036]
12:57:48.703 [main] DEBUG net.serenitybdd.core.photography.Darkroom - Send negative for processing for target\site\serenity\8058bdc50a44bd821dbcfa16ccaf81d174bd07fca027672a282ca177487ac2f1.png
12:57:48.704 [Darkroom Processing Line] DEBUG net.serenitybdd.core.photography.DarkroomProcessingLine - Processing screenshot image in /var/screenshots/screenshot-14564347510839083298
12:57:48.704 [Darkroom Processing Line] DEBUG net.serenitybdd.core.photography.DarkroomProcessingLine - Saving screenshot to target\site\serenity\8058bdc50a44bd821dbcfa16ccaf81d174bd07fca027672a282ca177487ac2f1.png
12:57:48.715 [Forwarding findElement on session 0d5a2baa2a76a9c83b704a0dba6f36c6 to remote] DEBUG org.asynchttpclient.netty.request.NettyRequestSender - Using pooled Channel '[id: 0xe6a382d7, L:/127.0.0.1:55471 - R:localhost/127.0.0.1:59036]' for 'POST' to 'http://localhost:59036/session/0d5a2baa2a76a9c83b704a0dba6f36c6/element'
12:57:48.715 [Forwarding findElement on session 0d5a2baa2a76a9c83b704a0dba6f36c6 to remote] DEBUG org.asynchttpclient.netty.request.NettyRequestSender - Using open Channel [id: 0xe6a382d7, L:/127.0.0.1:55471 - R:localhost/127.0.0.1:59036] for POST '/session/0d5a2baa2a76a9c83b704a0dba6f36c6/element'
12:57:48.734 [AsyncHttpClient-1-26] DEBUG org.asynchttpclient.netty.handler.HttpHandler - 

Request DefaultHttpRequest(decodeResult: success, version: HTTP/1.1)
POST /session/0d5a2baa2a76a9c83b704a0dba6f36c6/element HTTP/1.1
User-Agent: selenium/4.1.2 (java windows)
Content-Length: 315
Content-Type: application/json; charset=utf-8
host: localhost:59036
accept: */*

Response DefaultHttpResponse(decodeResult: success, version: HTTP/1.1)
HTTP/1.1 200 OK
Content-Type: application/json; charset=utf-8
cache-control: no-cache
content-length: 88

12:57:48.734 [AsyncHttpClient-1-26] DEBUG org.asynchttpclient.netty.channel.ChannelManager - Adding key: http://localhost:59036 for channel [id: 0xe6a382d7, L:/127.0.0.1:55471 - R:localhost/127.0.0.1:59036]
12:57:48.735 [Forwarding getElementTagName on session 0d5a2baa2a76a9c83b704a0dba6f36c6 to remote] DEBUG org.asynchttpclient.netty.request.NettyRequestSender - Using pooled Channel '[id: 0xe6a382d7, L:/127.0.0.1:55471 - R:localhost/127.0.0.1:59036]' for 'GET' to 'http://localhost:59036/session/0d5a2baa2a76a9c83b704a0dba6f36c6/element/cf82987e-6f5a-4c63-b811-07bec0ae558b/name'
12:57:48.735 [Forwarding getElementTagName on session 0d5a2baa2a76a9c83b704a0dba6f36c6 to remote] DEBUG org.asynchttpclient.netty.request.NettyRequestSender - Using open Channel [id: 0xe6a382d7, L:/127.0.0.1:55471 - R:localhost/127.0.0.1:59036] for GET '/session/0d5a2baa2a76a9c83b704a0dba6f36c6/element/cf82987e-6f5a-4c63-b811-07bec0ae558b/name'
12:57:48.740 [AsyncHttpClient-1-26] DEBUG org.asynchttpclient.netty.handler.HttpHandler - 

Request DefaultFullHttpRequest(decodeResult: success, version: HTTP/1.1, content: EmptyByteBufBE)
GET /session/0d5a2baa2a76a9c83b704a0dba6f36c6/element/cf82987e-6f5a-4c63-b811-07bec0ae558b/name HTTP/1.1
User-Agent: selenium/4.1.2 (java windows)
Cache-Control: no-cache
Content-Type: application/json; charset=utf-8
host: localhost:59036
accept: */*

Response DefaultHttpResponse(decodeResult: success, version: HTTP/1.1)
HTTP/1.1 200 OK
Content-Type: application/json; charset=utf-8
cache-control: no-cache
content-length: 18

12:57:48.740 [AsyncHttpClient-1-26] DEBUG org.asynchttpclient.netty.channel.ChannelManager - Adding key: http://localhost:59036 for channel [id: 0xe6a382d7, L:/127.0.0.1:55471 - R:localhost/127.0.0.1:59036]
12:57:48.741 [Forwarding getElementTagName on session 0d5a2baa2a76a9c83b704a0dba6f36c6 to remote] DEBUG org.asynchttpclient.netty.request.NettyRequestSender - Using pooled Channel '[id: 0xe6a382d7, L:/127.0.0.1:55471 - R:localhost/127.0.0.1:59036]' for 'GET' to 'http://localhost:59036/session/0d5a2baa2a76a9c83b704a0dba6f36c6/element/cf82987e-6f5a-4c63-b811-07bec0ae558b/name'
12:57:48.741 [Forwarding getElementTagName on session 0d5a2baa2a76a9c83b704a0dba6f36c6 to remote] DEBUG org.asynchttpclient.netty.request.NettyRequestSender - Using open Channel [id: 0xe6a382d7, L:/127.0.0.1:55471 - R:localhost/127.0.0.1:59036] for GET '/session/0d5a2baa2a76a9c83b704a0dba6f36c6/element/cf82987e-6f5a-4c63-b811-07bec0ae558b/name'
12:57:48.746 [AsyncHttpClient-1-26] DEBUG org.asynchttpclient.netty.handler.HttpHandler - 

Request DefaultFullHttpRequest(decodeResult: success, version: HTTP/1.1, content: EmptyByteBufBE)
GET /session/0d5a2baa2a76a9c83b704a0dba6f36c6/element/cf82987e-6f5a-4c63-b811-07bec0ae558b/name HTTP/1.1
User-Agent: selenium/4.1.2 (java windows)
Cache-Control: no-cache
Content-Type: application/json; charset=utf-8
host: localhost:59036
accept: */*

Response DefaultHttpResponse(decodeResult: success, version: HTTP/1.1)
HTTP/1.1 200 OK
Content-Type: application/json; charset=utf-8
cache-control: no-cache
content-length: 18

12:57:48.747 [AsyncHttpClient-1-26] DEBUG org.asynchttpclient.netty.channel.ChannelManager - Adding key: http://localhost:59036 for channel [id: 0xe6a382d7, L:/127.0.0.1:55471 - R:localhost/127.0.0.1:59036]
12:57:48.749 [Forwarding isElementEnabled on session 0d5a2baa2a76a9c83b704a0dba6f36c6 to remote] DEBUG org.asynchttpclient.netty.request.NettyRequestSender - Using pooled Channel '[id: 0xe6a382d7, L:/127.0.0.1:55471 - R:localhost/127.0.0.1:59036]' for 'GET' to 'http://localhost:59036/session/0d5a2baa2a76a9c83b704a0dba6f36c6/element/cf82987e-6f5a-4c63-b811-07bec0ae558b/enabled'
12:57:48.749 [Forwarding isElementEnabled on session 0d5a2baa2a76a9c83b704a0dba6f36c6 to remote] DEBUG org.asynchttpclient.netty.request.NettyRequestSender - Using open Channel [id: 0xe6a382d7, L:/127.0.0.1:55471 - R:localhost/127.0.0.1:59036] for GET '/session/0d5a2baa2a76a9c83b704a0dba6f36c6/element/cf82987e-6f5a-4c63-b811-07bec0ae558b/enabled'
12:57:48.756 [AsyncHttpClient-1-26] DEBUG org.asynchttpclient.netty.handler.HttpHandler - 

Request DefaultFullHttpRequest(decodeResult: success, version: HTTP/1.1, content: EmptyByteBufBE)
GET /session/0d5a2baa2a76a9c83b704a0dba6f36c6/element/cf82987e-6f5a-4c63-b811-07bec0ae558b/enabled HTTP/1.1
User-Agent: selenium/4.1.2 (java windows)
Cache-Control: no-cache
Content-Type: application/json; charset=utf-8
host: localhost:59036
accept: */*

Response DefaultHttpResponse(decodeResult: success, version: HTTP/1.1)
HTTP/1.1 200 OK
Content-Type: application/json; charset=utf-8
cache-control: no-cache
content-length: 14

12:57:48.756 [AsyncHttpClient-1-26] DEBUG org.asynchttpclient.netty.channel.ChannelManager - Adding key: http://localhost:59036 for channel [id: 0xe6a382d7, L:/127.0.0.1:55471 - R:localhost/127.0.0.1:59036]
12:57:48.758 [Forwarding isElementEnabled on session 0d5a2baa2a76a9c83b704a0dba6f36c6 to remote] DEBUG org.asynchttpclient.netty.request.NettyRequestSender - Using pooled Channel '[id: 0xe6a382d7, L:/127.0.0.1:55471 - R:localhost/127.0.0.1:59036]' for 'GET' to 'http://localhost:59036/session/0d5a2baa2a76a9c83b704a0dba6f36c6/element/cf82987e-6f5a-4c63-b811-07bec0ae558b/enabled'
12:57:48.758 [Forwarding isElementEnabled on session 0d5a2baa2a76a9c83b704a0dba6f36c6 to remote] DEBUG org.asynchttpclient.netty.request.NettyRequestSender - Using open Channel [id: 0xe6a382d7, L:/127.0.0.1:55471 - R:localhost/127.0.0.1:59036] for GET '/session/0d5a2baa2a76a9c83b704a0dba6f36c6/element/cf82987e-6f5a-4c63-b811-07bec0ae558b/enabled'
12:57:48.762 [AsyncHttpClient-1-26] DEBUG org.asynchttpclient.netty.handler.HttpHandler - 

Request DefaultFullHttpRequest(decodeResult: success, version: HTTP/1.1, content: EmptyByteBufBE)
GET /session/0d5a2baa2a76a9c83b704a0dba6f36c6/element/cf82987e-6f5a-4c63-b811-07bec0ae558b/enabled HTTP/1.1
User-Agent: selenium/4.1.2 (java windows)
Cache-Control: no-cache
Content-Type: application/json; charset=utf-8
host: localhost:59036
accept: */*

Response DefaultHttpResponse(decodeResult: success, version: HTTP/1.1)
HTTP/1.1 200 OK
Content-Type: application/json; charset=utf-8
cache-control: no-cache
content-length: 14

12:57:48.762 [AsyncHttpClient-1-26] DEBUG org.asynchttpclient.netty.channel.ChannelManager - Adding key: http://localhost:59036 for channel [id: 0xe6a382d7, L:/127.0.0.1:55471 - R:localhost/127.0.0.1:59036]
12:57:48.764 [Forwarding findElement on session 0d5a2baa2a76a9c83b704a0dba6f36c6 to remote] DEBUG org.asynchttpclient.netty.request.NettyRequestSender - Using pooled Channel '[id: 0xe6a382d7, L:/127.0.0.1:55471 - R:localhost/127.0.0.1:59036]' for 'POST' to 'http://localhost:59036/session/0d5a2baa2a76a9c83b704a0dba6f36c6/element'
12:57:48.764 [Forwarding findElement on session 0d5a2baa2a76a9c83b704a0dba6f36c6 to remote] DEBUG org.asynchttpclient.netty.request.NettyRequestSender - Using open Channel [id: 0xe6a382d7, L:/127.0.0.1:55471 - R:localhost/127.0.0.1:59036] for POST '/session/0d5a2baa2a76a9c83b704a0dba6f36c6/element'
12:57:48.768 [AsyncHttpClient-1-26] DEBUG org.asynchttpclient.netty.handler.HttpHandler - 

Request DefaultHttpRequest(decodeResult: success, version: HTTP/1.1)
POST /session/0d5a2baa2a76a9c83b704a0dba6f36c6/element HTTP/1.1
User-Agent: selenium/4.1.2 (java windows)
Content-Length: 315
Content-Type: application/json; charset=utf-8
host: localhost:59036
accept: */*

Response DefaultHttpResponse(decodeResult: success, version: HTTP/1.1)
HTTP/1.1 200 OK
Content-Type: application/json; charset=utf-8
cache-control: no-cache
content-length: 88

12:57:48.768 [AsyncHttpClient-1-26] DEBUG org.asynchttpclient.netty.channel.ChannelManager - Adding key: http://localhost:59036 for channel [id: 0xe6a382d7, L:/127.0.0.1:55471 - R:localhost/127.0.0.1:59036]
12:57:48.769 [Forwarding clickElement on session 0d5a2baa2a76a9c83b704a0dba6f36c6 to remote] DEBUG org.asynchttpclient.netty.request.NettyRequestSender - Using pooled Channel '[id: 0xe6a382d7, L:/127.0.0.1:55471 - R:localhost/127.0.0.1:59036]' for 'POST' to 'http://localhost:59036/session/0d5a2baa2a76a9c83b704a0dba6f36c6/element/cf82987e-6f5a-4c63-b811-07bec0ae558b/click'
12:57:48.769 [Forwarding clickElement on session 0d5a2baa2a76a9c83b704a0dba6f36c6 to remote] DEBUG org.asynchttpclient.netty.request.NettyRequestSender - Using open Channel [id: 0xe6a382d7, L:/127.0.0.1:55471 - R:localhost/127.0.0.1:59036] for POST '/session/0d5a2baa2a76a9c83b704a0dba6f36c6/element/cf82987e-6f5a-4c63-b811-07bec0ae558b/click'
12:57:48.830 [AsyncHttpClient-1-26] DEBUG org.asynchttpclient.netty.handler.HttpHandler - 

Request DefaultHttpRequest(decodeResult: success, version: HTTP/1.1)
POST /session/0d5a2baa2a76a9c83b704a0dba6f36c6/element/cf82987e-6f5a-4c63-b811-07bec0ae558b/click HTTP/1.1
User-Agent: selenium/4.1.2 (java windows)
Content-Length: 50
Content-Type: application/json; charset=utf-8
host: localhost:59036
accept: */*

Response DefaultHttpResponse(decodeResult: success, version: HTTP/1.1)
HTTP/1.1 200 OK
Content-Type: application/json; charset=utf-8
cache-control: no-cache
content-length: 14

12:57:48.830 [AsyncHttpClient-1-26] DEBUG org.asynchttpclient.netty.channel.ChannelManager - Adding key: http://localhost:59036 for channel [id: 0xe6a382d7, L:/127.0.0.1:55471 - R:localhost/127.0.0.1:59036]
12:57:48.834 [Forwarding findElement on session 0d5a2baa2a76a9c83b704a0dba6f36c6 to remote] DEBUG org.asynchttpclient.netty.request.NettyRequestSender - Using pooled Channel '[id: 0xe6a382d7, L:/127.0.0.1:55471 - R:localhost/127.0.0.1:59036]' for 'POST' to 'http://localhost:59036/session/0d5a2baa2a76a9c83b704a0dba6f36c6/element'
12:57:48.834 [Forwarding findElement on session 0d5a2baa2a76a9c83b704a0dba6f36c6 to remote] DEBUG org.asynchttpclient.netty.request.NettyRequestSender - Using open Channel [id: 0xe6a382d7, L:/127.0.0.1:55471 - R:localhost/127.0.0.1:59036] for POST '/session/0d5a2baa2a76a9c83b704a0dba6f36c6/element'
12:57:48.846 [AsyncHttpClient-1-26] DEBUG org.asynchttpclient.netty.handler.HttpHandler - 

Request DefaultHttpRequest(decodeResult: success, version: HTTP/1.1)
POST /session/0d5a2baa2a76a9c83b704a0dba6f36c6/element HTTP/1.1
User-Agent: selenium/4.1.2 (java windows)
Content-Length: 69
Content-Type: application/json; charset=utf-8
host: localhost:59036
accept: */*

Response DefaultHttpResponse(decodeResult: success, version: HTTP/1.1)
HTTP/1.1 200 OK
Content-Type: application/json; charset=utf-8
cache-control: no-cache
content-length: 88

12:57:48.846 [AsyncHttpClient-1-26] DEBUG org.asynchttpclient.netty.channel.ChannelManager - Adding key: http://localhost:59036 for channel [id: 0xe6a382d7, L:/127.0.0.1:55471 - R:localhost/127.0.0.1:59036]
12:57:48.847 [Forwarding clearElement on session 0d5a2baa2a76a9c83b704a0dba6f36c6 to remote] DEBUG org.asynchttpclient.netty.request.NettyRequestSender - Using pooled Channel '[id: 0xe6a382d7, L:/127.0.0.1:55471 - R:localhost/127.0.0.1:59036]' for 'POST' to 'http://localhost:59036/session/0d5a2baa2a76a9c83b704a0dba6f36c6/element/694352a6-ee92-455e-9595-5757a06ce1a5/clear'
12:57:48.847 [Forwarding clearElement on session 0d5a2baa2a76a9c83b704a0dba6f36c6 to remote] DEBUG org.asynchttpclient.netty.request.NettyRequestSender - Using open Channel [id: 0xe6a382d7, L:/127.0.0.1:55471 - R:localhost/127.0.0.1:59036] for POST '/session/0d5a2baa2a76a9c83b704a0dba6f36c6/element/694352a6-ee92-455e-9595-5757a06ce1a5/clear'
12:57:48.881 [AsyncHttpClient-1-26] DEBUG org.asynchttpclient.netty.handler.HttpHandler - 

Request DefaultHttpRequest(decodeResult: success, version: HTTP/1.1)
POST /session/0d5a2baa2a76a9c83b704a0dba6f36c6/element/694352a6-ee92-455e-9595-5757a06ce1a5/clear HTTP/1.1
User-Agent: selenium/4.1.2 (java windows)
Content-Length: 50
Content-Type: application/json; charset=utf-8
host: localhost:59036
accept: */*

Response DefaultHttpResponse(decodeResult: success, version: HTTP/1.1)
HTTP/1.1 200 OK
Content-Type: application/json; charset=utf-8
cache-control: no-cache
content-length: 14

12:57:48.881 [AsyncHttpClient-1-26] DEBUG org.asynchttpclient.netty.channel.ChannelManager - Adding key: http://localhost:59036 for channel [id: 0xe6a382d7, L:/127.0.0.1:55471 - R:localhost/127.0.0.1:59036]
12:57:48.887 [Forwarding sendKeysToElement on session 0d5a2baa2a76a9c83b704a0dba6f36c6 to remote] DEBUG org.asynchttpclient.netty.request.NettyRequestSender - Using pooled Channel '[id: 0xe6a382d7, L:/127.0.0.1:55471 - R:localhost/127.0.0.1:59036]' for 'POST' to 'http://localhost:59036/session/0d5a2baa2a76a9c83b704a0dba6f36c6/element/694352a6-ee92-455e-9595-5757a06ce1a5/value'
12:57:48.887 [Forwarding sendKeysToElement on session 0d5a2baa2a76a9c83b704a0dba6f36c6 to remote] DEBUG org.asynchttpclient.netty.request.NettyRequestSender - Using open Channel [id: 0xe6a382d7, L:/127.0.0.1:55471 - R:localhost/127.0.0.1:59036] for POST '/session/0d5a2baa2a76a9c83b704a0dba6f36c6/element/694352a6-ee92-455e-9595-5757a06ce1a5/value'
12:57:49.069 [AsyncHttpClient-1-26] DEBUG org.asynchttpclient.netty.handler.HttpHandler - 

Request DefaultHttpRequest(decodeResult: success, version: HTTP/1.1)
POST /session/0d5a2baa2a76a9c83b704a0dba6f36c6/element/694352a6-ee92-455e-9595-5757a06ce1a5/value HTTP/1.1
User-Agent: selenium/4.1.2 (java windows)
Content-Length: 411
Content-Type: application/json; charset=utf-8
host: localhost:59036
accept: */*

Response DefaultHttpResponse(decodeResult: success, version: HTTP/1.1)
HTTP/1.1 200 OK
Content-Type: application/json; charset=utf-8
cache-control: no-cache
content-length: 14

12:57:49.069 [AsyncHttpClient-1-26] DEBUG org.asynchttpclient.netty.channel.ChannelManager - Adding key: http://localhost:59036 for channel [id: 0xe6a382d7, L:/127.0.0.1:55471 - R:localhost/127.0.0.1:59036]
12:57:49.074 [Forwarding findElement on session 0d5a2baa2a76a9c83b704a0dba6f36c6 to remote] DEBUG org.asynchttpclient.netty.request.NettyRequestSender - Using pooled Channel '[id: 0xe6a382d7, L:/127.0.0.1:55471 - R:localhost/127.0.0.1:59036]' for 'POST' to 'http://localhost:59036/session/0d5a2baa2a76a9c83b704a0dba6f36c6/element'
12:57:49.074 [Forwarding findElement on session 0d5a2baa2a76a9c83b704a0dba6f36c6 to remote] DEBUG org.asynchttpclient.netty.request.NettyRequestSender - Using open Channel [id: 0xe6a382d7, L:/127.0.0.1:55471 - R:localhost/127.0.0.1:59036] for POST '/session/0d5a2baa2a76a9c83b704a0dba6f36c6/element'
12:57:49.084 [AsyncHttpClient-1-26] DEBUG org.asynchttpclient.netty.handler.HttpHandler - 

Request DefaultHttpRequest(decodeResult: success, version: HTTP/1.1)
POST /session/0d5a2baa2a76a9c83b704a0dba6f36c6/element HTTP/1.1
User-Agent: selenium/4.1.2 (java windows)
Content-Length: 72
Content-Type: application/json; charset=utf-8
host: localhost:59036
accept: */*

Response DefaultHttpResponse(decodeResult: success, version: HTTP/1.1)
HTTP/1.1 200 OK
Content-Type: application/json; charset=utf-8
cache-control: no-cache
content-length: 88

12:57:49.084 [AsyncHttpClient-1-26] DEBUG org.asynchttpclient.netty.channel.ChannelManager - Adding key: http://localhost:59036 for channel [id: 0xe6a382d7, L:/127.0.0.1:55471 - R:localhost/127.0.0.1:59036]
12:57:49.087 [Forwarding clearElement on session 0d5a2baa2a76a9c83b704a0dba6f36c6 to remote] DEBUG org.asynchttpclient.netty.request.NettyRequestSender - Using pooled Channel '[id: 0xe6a382d7, L:/127.0.0.1:55471 - R:localhost/127.0.0.1:59036]' for 'POST' to 'http://localhost:59036/session/0d5a2baa2a76a9c83b704a0dba6f36c6/element/a5303fe1-fcb4-4de2-bd07-390ba6831035/clear'
12:57:49.087 [Forwarding clearElement on session 0d5a2baa2a76a9c83b704a0dba6f36c6 to remote] DEBUG org.asynchttpclient.netty.request.NettyRequestSender - Using open Channel [id: 0xe6a382d7, L:/127.0.0.1:55471 - R:localhost/127.0.0.1:59036] for POST '/session/0d5a2baa2a76a9c83b704a0dba6f36c6/element/a5303fe1-fcb4-4de2-bd07-390ba6831035/clear'
12:57:49.110 [AsyncHttpClient-1-26] DEBUG org.asynchttpclient.netty.handler.HttpHandler - 

Request DefaultHttpRequest(decodeResult: success, version: HTTP/1.1)
POST /session/0d5a2baa2a76a9c83b704a0dba6f36c6/element/a5303fe1-fcb4-4de2-bd07-390ba6831035/clear HTTP/1.1
User-Agent: selenium/4.1.2 (java windows)
Content-Length: 50
Content-Type: application/json; charset=utf-8
host: localhost:59036
accept: */*

Response DefaultHttpResponse(decodeResult: success, version: HTTP/1.1)
HTTP/1.1 200 OK
Content-Type: application/json; charset=utf-8
cache-control: no-cache
content-length: 14

12:57:49.111 [AsyncHttpClient-1-26] DEBUG org.asynchttpclient.netty.channel.ChannelManager - Adding key: http://localhost:59036 for channel [id: 0xe6a382d7, L:/127.0.0.1:55471 - R:localhost/127.0.0.1:59036]
12:57:49.112 [Forwarding sendKeysToElement on session 0d5a2baa2a76a9c83b704a0dba6f36c6 to remote] DEBUG org.asynchttpclient.netty.request.NettyRequestSender - Using pooled Channel '[id: 0xe6a382d7, L:/127.0.0.1:55471 - R:localhost/127.0.0.1:59036]' for 'POST' to 'http://localhost:59036/session/0d5a2baa2a76a9c83b704a0dba6f36c6/element/a5303fe1-fcb4-4de2-bd07-390ba6831035/value'
12:57:49.112 [Forwarding sendKeysToElement on session 0d5a2baa2a76a9c83b704a0dba6f36c6 to remote] DEBUG org.asynchttpclient.netty.request.NettyRequestSender - Using open Channel [id: 0xe6a382d7, L:/127.0.0.1:55471 - R:localhost/127.0.0.1:59036] for POST '/session/0d5a2baa2a76a9c83b704a0dba6f36c6/element/a5303fe1-fcb4-4de2-bd07-390ba6831035/value'
12:57:49.255 [AsyncHttpClient-1-26] DEBUG org.asynchttpclient.netty.handler.HttpHandler - 

Request DefaultHttpRequest(decodeResult: success, version: HTTP/1.1)
POST /session/0d5a2baa2a76a9c83b704a0dba6f36c6/element/a5303fe1-fcb4-4de2-bd07-390ba6831035/value HTTP/1.1
User-Agent: selenium/4.1.2 (java windows)
Content-Length: 241
Content-Type: application/json; charset=utf-8
host: localhost:59036
accept: */*

Response DefaultHttpResponse(decodeResult: success, version: HTTP/1.1)
HTTP/1.1 200 OK
Content-Type: application/json; charset=utf-8
cache-control: no-cache
content-length: 14

12:57:49.255 [AsyncHttpClient-1-26] DEBUG org.asynchttpclient.netty.channel.ChannelManager - Adding key: http://localhost:59036 for channel [id: 0xe6a382d7, L:/127.0.0.1:55471 - R:localhost/127.0.0.1:59036]
12:57:49.260 [Forwarding findElement on session 0d5a2baa2a76a9c83b704a0dba6f36c6 to remote] DEBUG org.asynchttpclient.netty.request.NettyRequestSender - Using pooled Channel '[id: 0xe6a382d7, L:/127.0.0.1:55471 - R:localhost/127.0.0.1:59036]' for 'POST' to 'http://localhost:59036/session/0d5a2baa2a76a9c83b704a0dba6f36c6/element'
12:57:49.260 [Forwarding findElement on session 0d5a2baa2a76a9c83b704a0dba6f36c6 to remote] DEBUG org.asynchttpclient.netty.request.NettyRequestSender - Using open Channel [id: 0xe6a382d7, L:/127.0.0.1:55471 - R:localhost/127.0.0.1:59036] for POST '/session/0d5a2baa2a76a9c83b704a0dba6f36c6/element'
12:57:49.270 [AsyncHttpClient-1-26] DEBUG org.asynchttpclient.netty.handler.HttpHandler - 

Request DefaultHttpRequest(decodeResult: success, version: HTTP/1.1)
POST /session/0d5a2baa2a76a9c83b704a0dba6f36c6/element HTTP/1.1
User-Agent: selenium/4.1.2 (java windows)
Content-Length: 321
Content-Type: application/json; charset=utf-8
host: localhost:59036
accept: */*

Response DefaultHttpResponse(decodeResult: success, version: HTTP/1.1)
HTTP/1.1 200 OK
Content-Type: application/json; charset=utf-8
cache-control: no-cache
content-length: 88

12:57:49.270 [AsyncHttpClient-1-26] DEBUG org.asynchttpclient.netty.channel.ChannelManager - Adding key: http://localhost:59036 for channel [id: 0xe6a382d7, L:/127.0.0.1:55471 - R:localhost/127.0.0.1:59036]
12:57:49.271 [Forwarding getElementTagName on session 0d5a2baa2a76a9c83b704a0dba6f36c6 to remote] DEBUG org.asynchttpclient.netty.request.NettyRequestSender - Using pooled Channel '[id: 0xe6a382d7, L:/127.0.0.1:55471 - R:localhost/127.0.0.1:59036]' for 'GET' to 'http://localhost:59036/session/0d5a2baa2a76a9c83b704a0dba6f36c6/element/65833b9f-3808-4de5-a2a6-253a6c0cf68e/name'
12:57:49.271 [Forwarding getElementTagName on session 0d5a2baa2a76a9c83b704a0dba6f36c6 to remote] DEBUG org.asynchttpclient.netty.request.NettyRequestSender - Using open Channel [id: 0xe6a382d7, L:/127.0.0.1:55471 - R:localhost/127.0.0.1:59036] for GET '/session/0d5a2baa2a76a9c83b704a0dba6f36c6/element/65833b9f-3808-4de5-a2a6-253a6c0cf68e/name'
12:57:49.274 [AsyncHttpClient-1-26] DEBUG org.asynchttpclient.netty.handler.HttpHandler - 

Request DefaultFullHttpRequest(decodeResult: success, version: HTTP/1.1, content: EmptyByteBufBE)
GET /session/0d5a2baa2a76a9c83b704a0dba6f36c6/element/65833b9f-3808-4de5-a2a6-253a6c0cf68e/name HTTP/1.1
User-Agent: selenium/4.1.2 (java windows)
Cache-Control: no-cache
Content-Type: application/json; charset=utf-8
host: localhost:59036
accept: */*

Response DefaultHttpResponse(decodeResult: success, version: HTTP/1.1)
HTTP/1.1 200 OK
Content-Type: application/json; charset=utf-8
cache-control: no-cache
content-length: 18

12:57:49.275 [AsyncHttpClient-1-26] DEBUG org.asynchttpclient.netty.channel.ChannelManager - Adding key: http://localhost:59036 for channel [id: 0xe6a382d7, L:/127.0.0.1:55471 - R:localhost/127.0.0.1:59036]
12:57:49.276 [Forwarding getElementTagName on session 0d5a2baa2a76a9c83b704a0dba6f36c6 to remote] DEBUG org.asynchttpclient.netty.request.NettyRequestSender - Using pooled Channel '[id: 0xe6a382d7, L:/127.0.0.1:55471 - R:localhost/127.0.0.1:59036]' for 'GET' to 'http://localhost:59036/session/0d5a2baa2a76a9c83b704a0dba6f36c6/element/65833b9f-3808-4de5-a2a6-253a6c0cf68e/name'
12:57:49.276 [Forwarding getElementTagName on session 0d5a2baa2a76a9c83b704a0dba6f36c6 to remote] DEBUG org.asynchttpclient.netty.request.NettyRequestSender - Using open Channel [id: 0xe6a382d7, L:/127.0.0.1:55471 - R:localhost/127.0.0.1:59036] for GET '/session/0d5a2baa2a76a9c83b704a0dba6f36c6/element/65833b9f-3808-4de5-a2a6-253a6c0cf68e/name'
12:57:49.278 [AsyncHttpClient-1-26] DEBUG org.asynchttpclient.netty.handler.HttpHandler - 

Request DefaultFullHttpRequest(decodeResult: success, version: HTTP/1.1, content: EmptyByteBufBE)
GET /session/0d5a2baa2a76a9c83b704a0dba6f36c6/element/65833b9f-3808-4de5-a2a6-253a6c0cf68e/name HTTP/1.1
User-Agent: selenium/4.1.2 (java windows)
Cache-Control: no-cache
Content-Type: application/json; charset=utf-8
host: localhost:59036
accept: */*

Response DefaultHttpResponse(decodeResult: success, version: HTTP/1.1)
HTTP/1.1 200 OK
Content-Type: application/json; charset=utf-8
cache-control: no-cache
content-length: 18

12:57:49.278 [AsyncHttpClient-1-26] DEBUG org.asynchttpclient.netty.channel.ChannelManager - Adding key: http://localhost:59036 for channel [id: 0xe6a382d7, L:/127.0.0.1:55471 - R:localhost/127.0.0.1:59036]
12:57:49.281 [Forwarding isElementEnabled on session 0d5a2baa2a76a9c83b704a0dba6f36c6 to remote] DEBUG org.asynchttpclient.netty.request.NettyRequestSender - Using pooled Channel '[id: 0xe6a382d7, L:/127.0.0.1:55471 - R:localhost/127.0.0.1:59036]' for 'GET' to 'http://localhost:59036/session/0d5a2baa2a76a9c83b704a0dba6f36c6/element/65833b9f-3808-4de5-a2a6-253a6c0cf68e/enabled'
12:57:49.281 [Forwarding isElementEnabled on session 0d5a2baa2a76a9c83b704a0dba6f36c6 to remote] DEBUG org.asynchttpclient.netty.request.NettyRequestSender - Using open Channel [id: 0xe6a382d7, L:/127.0.0.1:55471 - R:localhost/127.0.0.1:59036] for GET '/session/0d5a2baa2a76a9c83b704a0dba6f36c6/element/65833b9f-3808-4de5-a2a6-253a6c0cf68e/enabled'
12:57:49.287 [AsyncHttpClient-1-26] DEBUG org.asynchttpclient.netty.handler.HttpHandler - 

Request DefaultFullHttpRequest(decodeResult: success, version: HTTP/1.1, content: EmptyByteBufBE)
GET /session/0d5a2baa2a76a9c83b704a0dba6f36c6/element/65833b9f-3808-4de5-a2a6-253a6c0cf68e/enabled HTTP/1.1
User-Agent: selenium/4.1.2 (java windows)
Cache-Control: no-cache
Content-Type: application/json; charset=utf-8
host: localhost:59036
accept: */*

Response DefaultHttpResponse(decodeResult: success, version: HTTP/1.1)
HTTP/1.1 200 OK
Content-Type: application/json; charset=utf-8
cache-control: no-cache
content-length: 14

12:57:49.287 [AsyncHttpClient-1-26] DEBUG org.asynchttpclient.netty.channel.ChannelManager - Adding key: http://localhost:59036 for channel [id: 0xe6a382d7, L:/127.0.0.1:55471 - R:localhost/127.0.0.1:59036]
12:57:49.288 [Forwarding isElementEnabled on session 0d5a2baa2a76a9c83b704a0dba6f36c6 to remote] DEBUG org.asynchttpclient.netty.request.NettyRequestSender - Using pooled Channel '[id: 0xe6a382d7, L:/127.0.0.1:55471 - R:localhost/127.0.0.1:59036]' for 'GET' to 'http://localhost:59036/session/0d5a2baa2a76a9c83b704a0dba6f36c6/element/65833b9f-3808-4de5-a2a6-253a6c0cf68e/enabled'
12:57:49.288 [Forwarding isElementEnabled on session 0d5a2baa2a76a9c83b704a0dba6f36c6 to remote] DEBUG org.asynchttpclient.netty.request.NettyRequestSender - Using open Channel [id: 0xe6a382d7, L:/127.0.0.1:55471 - R:localhost/127.0.0.1:59036] for GET '/session/0d5a2baa2a76a9c83b704a0dba6f36c6/element/65833b9f-3808-4de5-a2a6-253a6c0cf68e/enabled'
12:57:49.291 [AsyncHttpClient-1-26] DEBUG org.asynchttpclient.netty.handler.HttpHandler - 

Request DefaultFullHttpRequest(decodeResult: success, version: HTTP/1.1, content: EmptyByteBufBE)
GET /session/0d5a2baa2a76a9c83b704a0dba6f36c6/element/65833b9f-3808-4de5-a2a6-253a6c0cf68e/enabled HTTP/1.1
User-Agent: selenium/4.1.2 (java windows)
Cache-Control: no-cache
Content-Type: application/json; charset=utf-8
host: localhost:59036
accept: */*

Response DefaultHttpResponse(decodeResult: success, version: HTTP/1.1)
HTTP/1.1 200 OK
Content-Type: application/json; charset=utf-8
cache-control: no-cache
content-length: 14

12:57:49.291 [AsyncHttpClient-1-26] DEBUG org.asynchttpclient.netty.channel.ChannelManager - Adding key: http://localhost:59036 for channel [id: 0xe6a382d7, L:/127.0.0.1:55471 - R:localhost/127.0.0.1:59036]
12:57:49.292 [Forwarding findElement on session 0d5a2baa2a76a9c83b704a0dba6f36c6 to remote] DEBUG org.asynchttpclient.netty.request.NettyRequestSender - Using pooled Channel '[id: 0xe6a382d7, L:/127.0.0.1:55471 - R:localhost/127.0.0.1:59036]' for 'POST' to 'http://localhost:59036/session/0d5a2baa2a76a9c83b704a0dba6f36c6/element'
12:57:49.292 [Forwarding findElement on session 0d5a2baa2a76a9c83b704a0dba6f36c6 to remote] DEBUG org.asynchttpclient.netty.request.NettyRequestSender - Using open Channel [id: 0xe6a382d7, L:/127.0.0.1:55471 - R:localhost/127.0.0.1:59036] for POST '/session/0d5a2baa2a76a9c83b704a0dba6f36c6/element'
12:57:49.297 [AsyncHttpClient-1-26] DEBUG org.asynchttpclient.netty.handler.HttpHandler - 

Request DefaultHttpRequest(decodeResult: success, version: HTTP/1.1)
POST /session/0d5a2baa2a76a9c83b704a0dba6f36c6/element HTTP/1.1
User-Agent: selenium/4.1.2 (java windows)
Content-Length: 321
Content-Type: application/json; charset=utf-8
host: localhost:59036
accept: */*

Response DefaultHttpResponse(decodeResult: success, version: HTTP/1.1)
HTTP/1.1 200 OK
Content-Type: application/json; charset=utf-8
cache-control: no-cache
content-length: 88

12:57:49.297 [AsyncHttpClient-1-26] DEBUG org.asynchttpclient.netty.channel.ChannelManager - Adding key: http://localhost:59036 for channel [id: 0xe6a382d7, L:/127.0.0.1:55471 - R:localhost/127.0.0.1:59036]
12:57:49.299 [Forwarding clickElement on session 0d5a2baa2a76a9c83b704a0dba6f36c6 to remote] DEBUG org.asynchttpclient.netty.request.NettyRequestSender - Using pooled Channel '[id: 0xe6a382d7, L:/127.0.0.1:55471 - R:localhost/127.0.0.1:59036]' for 'POST' to 'http://localhost:59036/session/0d5a2baa2a76a9c83b704a0dba6f36c6/element/65833b9f-3808-4de5-a2a6-253a6c0cf68e/click'
12:57:49.299 [Forwarding clickElement on session 0d5a2baa2a76a9c83b704a0dba6f36c6 to remote] DEBUG org.asynchttpclient.netty.request.NettyRequestSender - Using open Channel [id: 0xe6a382d7, L:/127.0.0.1:55471 - R:localhost/127.0.0.1:59036] for POST '/session/0d5a2baa2a76a9c83b704a0dba6f36c6/element/65833b9f-3808-4de5-a2a6-253a6c0cf68e/click'
12:57:49.357 [AsyncHttpClient-1-26] DEBUG org.asynchttpclient.netty.handler.HttpHandler - 

Request DefaultHttpRequest(decodeResult: success, version: HTTP/1.1)
POST /session/0d5a2baa2a76a9c83b704a0dba6f36c6/element/65833b9f-3808-4de5-a2a6-253a6c0cf68e/click HTTP/1.1
User-Agent: selenium/4.1.2 (java windows)
Content-Length: 50
Content-Type: application/json; charset=utf-8
host: localhost:59036
accept: */*

Response DefaultHttpResponse(decodeResult: success, version: HTTP/1.1)
HTTP/1.1 200 OK
Content-Type: application/json; charset=utf-8
cache-control: no-cache
content-length: 14

12:57:49.360 [AsyncHttpClient-1-26] DEBUG org.asynchttpclient.netty.channel.ChannelManager - Adding key: http://localhost:59036 for channel [id: 0xe6a382d7, L:/127.0.0.1:55471 - R:localhost/127.0.0.1:59036]
  &amp#27;[32mAnd &amp#27;[0m&amp#27;[32mI have logged in&amp#27;[0m                          &amp#27;[90m# starter.stepdefinitions.ManageVaccinationBookingsSteps.iHaveLoggedIn()&amp#27;[0m
12:57:49.370 [Forwarding screenshot on session 0d5a2baa2a76a9c83b704a0dba6f36c6 to remote] DEBUG org.asynchttpclient.netty.request.NettyRequestSender - Using pooled Channel '[id: 0xe6a382d7, L:/127.0.0.1:55471 - R:localhost/127.0.0.1:59036]' for 'GET' to 'http://localhost:59036/session/0d5a2baa2a76a9c83b704a0dba6f36c6/screenshot'
12:57:49.371 [Forwarding screenshot on session 0d5a2baa2a76a9c83b704a0dba6f36c6 to remote] DEBUG org.asynchttpclient.netty.request.NettyRequestSender - Using open Channel [id: 0xe6a382d7, L:/127.0.0.1:55471 - R:localhost/127.0.0.1:59036] for GET '/session/0d5a2baa2a76a9c83b704a0dba6f36c6/screenshot'
12:57:49.503 [AsyncHttpClient-1-26] DEBUG org.asynchttpclient.netty.handler.HttpHandler - 

Request DefaultFullHttpRequest(decodeResult: success, version: HTTP/1.1, content: EmptyByteBufBE)
GET /session/0d5a2baa2a76a9c83b704a0dba6f36c6/screenshot HTTP/1.1
User-Agent: selenium/4.1.2 (java windows)
Cache-Control: no-cache
Content-Type: application/json; charset=utf-8
host: localhost:59036
accept: */*

Response DefaultHttpResponse(decodeResult: success, version: HTTP/1.1)
HTTP/1.1 200 OK
Content-Type: application/json; charset=utf-8
cache-control: no-cache
content-length: 115868

12:57:49.504 [AsyncHttpClient-1-26] DEBUG org.asynchttpclient.netty.channel.ChannelManager - Adding key: http://localhost:59036 for channel [id: 0xe6a382d7, L:/127.0.0.1:55471 - R:localhost/127.0.0.1:59036]
12:57:49.507 [main] DEBUG net.serenitybdd.core.photography.Darkroom - Send negative for processing for target\site\serenity\8eb16cbe3bd1b71060950c3115ae5a1b63cc3c13b563f46b93a8b74e6bb8a6e3.png
12:57:49.507 [Darkroom Processing Line] DEBUG net.serenitybdd.core.photography.DarkroomProcessingLine - Processing screenshot image in /var/screenshots/screenshot-14675339733039082916
12:57:49.507 [Darkroom Processing Line] DEBUG net.serenitybdd.core.photography.DarkroomProcessingLine - Saving screenshot to target\site\serenity\8eb16cbe3bd1b71060950c3115ae5a1b63cc3c13b563f46b93a8b74e6bb8a6e3.png
12:57:49.518 [Forwarding findElement on session 0d5a2baa2a76a9c83b704a0dba6f36c6 to remote] DEBUG org.asynchttpclient.netty.request.NettyRequestSender - Using pooled Channel '[id: 0xe6a382d7, L:/127.0.0.1:55471 - R:localhost/127.0.0.1:59036]' for 'POST' to 'http://localhost:59036/session/0d5a2baa2a76a9c83b704a0dba6f36c6/element'
12:57:49.518 [Forwarding findElement on session 0d5a2baa2a76a9c83b704a0dba6f36c6 to remote] DEBUG org.asynchttpclient.netty.request.NettyRequestSender - Using open Channel [id: 0xe6a382d7, L:/127.0.0.1:55471 - R:localhost/127.0.0.1:59036] for POST '/session/0d5a2baa2a76a9c83b704a0dba6f36c6/element'
12:57:49.772 [AsyncHttpClient-1-1] DEBUG org.asynchttpclient.netty.channel.DefaultChannelPool - Entry count for : http://localhost:55473 : 1
12:57:49.849 [AsyncHttpClient-1-26] DEBUG org.asynchttpclient.netty.handler.HttpHandler - 

Request DefaultHttpRequest(decodeResult: success, version: HTTP/1.1)
POST /session/0d5a2baa2a76a9c83b704a0dba6f36c6/element HTTP/1.1
User-Agent: selenium/4.1.2 (java windows)
Content-Length: 80
Content-Type: application/json; charset=utf-8
host: localhost:59036
accept: */*

Response DefaultHttpResponse(decodeResult: success, version: HTTP/1.1)
HTTP/1.1 200 OK
Content-Type: application/json; charset=utf-8
cache-control: no-cache
content-length: 88

12:57:49.850 [AsyncHttpClient-1-26] DEBUG org.asynchttpclient.netty.channel.ChannelManager - Adding key: http://localhost:59036 for channel [id: 0xe6a382d7, L:/127.0.0.1:55471 - R:localhost/127.0.0.1:59036]
12:57:49.852 [Forwarding getElementTagName on session 0d5a2baa2a76a9c83b704a0dba6f36c6 to remote] DEBUG org.asynchttpclient.netty.request.NettyRequestSender - Using pooled Channel '[id: 0xe6a382d7, L:/127.0.0.1:55471 - R:localhost/127.0.0.1:59036]' for 'GET' to 'http://localhost:59036/session/0d5a2baa2a76a9c83b704a0dba6f36c6/element/2c1e2487-3708-4f79-bfbc-85006daf1cb5/name'
12:57:49.852 [Forwarding getElementTagName on session 0d5a2baa2a76a9c83b704a0dba6f36c6 to remote] DEBUG org.asynchttpclient.netty.request.NettyRequestSender - Using open Channel [id: 0xe6a382d7, L:/127.0.0.1:55471 - R:localhost/127.0.0.1:59036] for GET '/session/0d5a2baa2a76a9c83b704a0dba6f36c6/element/2c1e2487-3708-4f79-bfbc-85006daf1cb5/name'
12:57:49.855 [AsyncHttpClient-1-26] DEBUG org.asynchttpclient.netty.handler.HttpHandler - 

Request DefaultFullHttpRequest(decodeResult: success, version: HTTP/1.1, content: EmptyByteBufBE)
GET /session/0d5a2baa2a76a9c83b704a0dba6f36c6/element/2c1e2487-3708-4f79-bfbc-85006daf1cb5/name HTTP/1.1
User-Agent: selenium/4.1.2 (java windows)
Cache-Control: no-cache
Content-Type: application/json; charset=utf-8
host: localhost:59036
accept: */*

Response DefaultHttpResponse(decodeResult: success, version: HTTP/1.1)
HTTP/1.1 200 OK
Content-Type: application/json; charset=utf-8
cache-control: no-cache
content-length: 13

12:57:49.855 [AsyncHttpClient-1-26] DEBUG org.asynchttpclient.netty.channel.ChannelManager - Adding key: http://localhost:59036 for channel [id: 0xe6a382d7, L:/127.0.0.1:55471 - R:localhost/127.0.0.1:59036]
12:57:49.856 [Forwarding getElementTagName on session 0d5a2baa2a76a9c83b704a0dba6f36c6 to remote] DEBUG org.asynchttpclient.netty.request.NettyRequestSender - Using pooled Channel '[id: 0xe6a382d7, L:/127.0.0.1:55471 - R:localhost/127.0.0.1:59036]' for 'GET' to 'http://localhost:59036/session/0d5a2baa2a76a9c83b704a0dba6f36c6/element/2c1e2487-3708-4f79-bfbc-85006daf1cb5/name'
12:57:49.856 [Forwarding getElementTagName on session 0d5a2baa2a76a9c83b704a0dba6f36c6 to remote] DEBUG org.asynchttpclient.netty.request.NettyRequestSender - Using open Channel [id: 0xe6a382d7, L:/127.0.0.1:55471 - R:localhost/127.0.0.1:59036] for GET '/session/0d5a2baa2a76a9c83b704a0dba6f36c6/element/2c1e2487-3708-4f79-bfbc-85006daf1cb5/name'
12:57:49.861 [AsyncHttpClient-1-26] DEBUG org.asynchttpclient.netty.handler.HttpHandler - 

Request DefaultFullHttpRequest(decodeResult: success, version: HTTP/1.1, content: EmptyByteBufBE)
GET /session/0d5a2baa2a76a9c83b704a0dba6f36c6/element/2c1e2487-3708-4f79-bfbc-85006daf1cb5/name HTTP/1.1
User-Agent: selenium/4.1.2 (java windows)
Cache-Control: no-cache
Content-Type: application/json; charset=utf-8
host: localhost:59036
accept: */*

Response DefaultHttpResponse(decodeResult: success, version: HTTP/1.1)
HTTP/1.1 200 OK
Content-Type: application/json; charset=utf-8
cache-control: no-cache
content-length: 13

12:57:49.861 [AsyncHttpClient-1-26] DEBUG org.asynchttpclient.netty.channel.ChannelManager - Adding key: http://localhost:59036 for channel [id: 0xe6a382d7, L:/127.0.0.1:55471 - R:localhost/127.0.0.1:59036]
12:57:49.862 [Forwarding findElement on session 0d5a2baa2a76a9c83b704a0dba6f36c6 to remote] DEBUG org.asynchttpclient.netty.request.NettyRequestSender - Using pooled Channel '[id: 0xe6a382d7, L:/127.0.0.1:55471 - R:localhost/127.0.0.1:59036]' for 'POST' to 'http://localhost:59036/session/0d5a2baa2a76a9c83b704a0dba6f36c6/element'
12:57:49.862 [Forwarding findElement on session 0d5a2baa2a76a9c83b704a0dba6f36c6 to remote] DEBUG org.asynchttpclient.netty.request.NettyRequestSender - Using open Channel [id: 0xe6a382d7, L:/127.0.0.1:55471 - R:localhost/127.0.0.1:59036] for POST '/session/0d5a2baa2a76a9c83b704a0dba6f36c6/element'
12:57:49.868 [AsyncHttpClient-1-26] DEBUG org.asynchttpclient.netty.handler.HttpHandler - 

Request DefaultHttpRequest(decodeResult: success, version: HTTP/1.1)
POST /session/0d5a2baa2a76a9c83b704a0dba6f36c6/element HTTP/1.1
User-Agent: selenium/4.1.2 (java windows)
Content-Length: 80
Content-Type: application/json; charset=utf-8
host: localhost:59036
accept: */*

Response DefaultHttpResponse(decodeResult: success, version: HTTP/1.1)
HTTP/1.1 200 OK
Content-Type: application/json; charset=utf-8
cache-control: no-cache
content-length: 88

12:57:49.868 [AsyncHttpClient-1-26] DEBUG org.asynchttpclient.netty.channel.ChannelManager - Adding key: http://localhost:59036 for channel [id: 0xe6a382d7, L:/127.0.0.1:55471 - R:localhost/127.0.0.1:59036]
12:57:49.869 [Forwarding clickElement on session 0d5a2baa2a76a9c83b704a0dba6f36c6 to remote] DEBUG org.asynchttpclient.netty.request.NettyRequestSender - Using pooled Channel '[id: 0xe6a382d7, L:/127.0.0.1:55471 - R:localhost/127.0.0.1:59036]' for 'POST' to 'http://localhost:59036/session/0d5a2baa2a76a9c83b704a0dba6f36c6/element/2c1e2487-3708-4f79-bfbc-85006daf1cb5/click'
12:57:49.869 [Forwarding clickElement on session 0d5a2baa2a76a9c83b704a0dba6f36c6 to remote] DEBUG org.asynchttpclient.netty.request.NettyRequestSender - Using open Channel [id: 0xe6a382d7, L:/127.0.0.1:55471 - R:localhost/127.0.0.1:59036] for POST '/session/0d5a2baa2a76a9c83b704a0dba6f36c6/element/2c1e2487-3708-4f79-bfbc-85006daf1cb5/click'
12:57:49.964 [AsyncHttpClient-1-26] DEBUG org.asynchttpclient.netty.handler.HttpHandler - 

Request DefaultHttpRequest(decodeResult: success, version: HTTP/1.1)
POST /session/0d5a2baa2a76a9c83b704a0dba6f36c6/element/2c1e2487-3708-4f79-bfbc-85006daf1cb5/click HTTP/1.1
User-Agent: selenium/4.1.2 (java windows)
Content-Length: 50
Content-Type: application/json; charset=utf-8
host: localhost:59036
accept: */*

Response DefaultHttpResponse(decodeResult: success, version: HTTP/1.1)
HTTP/1.1 200 OK
Content-Type: application/json; charset=utf-8
cache-control: no-cache
content-length: 14

12:57:49.965 [AsyncHttpClient-1-26] DEBUG org.asynchttpclient.netty.channel.ChannelManager - Adding key: http://localhost:59036 for channel [id: 0xe6a382d7, L:/127.0.0.1:55471 - R:localhost/127.0.0.1:59036]
  &amp#27;[32mWhen &amp#27;[0m&amp#27;[32mI go to Book Vaksinasi page&amp#27;[0m              &amp#27;[90m# starter.stepdefinitions.ManageVaccinationBookingsSteps.iGoToBookVaksinasiPage()&amp#27;[0m
12:57:49.973 [Forwarding screenshot on session 0d5a2baa2a76a9c83b704a0dba6f36c6 to remote] DEBUG org.asynchttpclient.netty.request.NettyRequestSender - Using pooled Channel '[id: 0xe6a382d7, L:/127.0.0.1:55471 - R:localhost/127.0.0.1:59036]' for 'GET' to 'http://localhost:59036/session/0d5a2baa2a76a9c83b704a0dba6f36c6/screenshot'
12:57:49.973 [Forwarding screenshot on session 0d5a2baa2a76a9c83b704a0dba6f36c6 to remote] DEBUG org.asynchttpclient.netty.request.NettyRequestSender - Using open Channel [id: 0xe6a382d7, L:/127.0.0.1:55471 - R:localhost/127.0.0.1:59036] for GET '/session/0d5a2baa2a76a9c83b704a0dba6f36c6/screenshot'
12:57:50.143 [AsyncHttpClient-1-26] DEBUG org.asynchttpclient.netty.handler.HttpHandler - 

Request DefaultFullHttpRequest(decodeResult: success, version: HTTP/1.1, content: EmptyByteBufBE)
GET /session/0d5a2baa2a76a9c83b704a0dba6f36c6/screenshot HTTP/1.1
User-Agent: selenium/4.1.2 (java windows)
Cache-Control: no-cache
Content-Type: application/json; charset=utf-8
host: localhost:59036
accept: */*

Response DefaultHttpResponse(decodeResult: success, version: HTTP/1.1)
HTTP/1.1 200 OK
Content-Type: application/json; charset=utf-8
cache-control: no-cache
content-length: 107568

12:57:50.144 [AsyncHttpClient-1-26] DEBUG org.asynchttpclient.netty.channel.ChannelManager - Adding key: http://localhost:59036 for channel [id: 0xe6a382d7, L:/127.0.0.1:55471 - R:localhost/127.0.0.1:59036]
12:57:50.150 [main] DEBUG net.serenitybdd.core.photography.Darkroom - Send negative for processing for target\site\serenity\016e9e18bef710e40f961ea1596b1b9a818fabc1a92972192d8b37b181cd213c.png
12:57:50.150 [Darkroom Processing Line] DEBUG net.serenitybdd.core.photography.DarkroomProcessingLine - Processing screenshot image in /var/screenshots/screenshot-17416854381424911626
12:57:50.150 [Darkroom Processing Line] DEBUG net.serenitybdd.core.photography.DarkroomProcessingLine - Saving screenshot to target\site\serenity\016e9e18bef710e40f961ea1596b1b9a818fabc1a92972192d8b37b181cd213c.png
  &amp#27;[32mAnd &amp#27;[0m&amp#27;[32mI click the dots on the top right of page&amp#27;[0m &amp#27;[90m# starter.stepdefinitions.ManageVaccinationBookingsSteps.iClickTheDotsOnTheTopRightOfPage()&amp#27;[0m
  &amp#27;[32mAnd &amp#27;[0m&amp#27;[32mI click Waktu button&amp#27;[0m                      &amp#27;[90m# starter.stepdefinitions.ManageVaccinationBookingsSteps.iClickWaktuButton()&amp#27;[0m
  &amp#27;[32mAnd &amp#27;[0m&amp#27;[32mI select time&amp#27;[0m                             &amp#27;[90m# starter.stepdefinitions.ManageVaccinationBookingsSteps.iSelectTime()&amp#27;[0m
12:57:50.209 [Forwarding screenshot on session 0d5a2baa2a76a9c83b704a0dba6f36c6 to remote] DEBUG org.asynchttpclient.netty.request.NettyRequestSender - Using pooled Channel '[id: 0xe6a382d7, L:/127.0.0.1:55471 - R:localhost/127.0.0.1:59036]' for 'GET' to 'http://localhost:59036/session/0d5a2baa2a76a9c83b704a0dba6f36c6/screenshot'
12:57:50.209 [Forwarding screenshot on session 0d5a2baa2a76a9c83b704a0dba6f36c6 to remote] DEBUG org.asynchttpclient.netty.request.NettyRequestSender - Using open Channel [id: 0xe6a382d7, L:/127.0.0.1:55471 - R:localhost/127.0.0.1:59036] for GET '/session/0d5a2baa2a76a9c83b704a0dba6f36c6/screenshot'
12:57:50.367 [AsyncHttpClient-1-26] DEBUG org.asynchttpclient.netty.handler.HttpHandler - 

Request DefaultFullHttpRequest(decodeResult: success, version: HTTP/1.1, content: EmptyByteBufBE)
GET /session/0d5a2baa2a76a9c83b704a0dba6f36c6/screenshot HTTP/1.1
User-Agent: selenium/4.1.2 (java windows)
Cache-Control: no-cache
Content-Type: application/json; charset=utf-8
host: localhost:59036
accept: */*

Response DefaultHttpResponse(decodeResult: success, version: HTTP/1.1)
HTTP/1.1 200 OK
Content-Type: application/json; charset=utf-8
cache-control: no-cache
content-length: 128540

12:57:50.367 [AsyncHttpClient-1-26] DEBUG org.asynchttpclient.netty.channel.ChannelManager - Adding key: http://localhost:59036 for channel [id: 0xe6a382d7, L:/127.0.0.1:55471 - R:localhost/127.0.0.1:59036]
12:57:50.371 [main] DEBUG net.serenitybdd.core.photography.Darkroom - Send negative for processing for target\site\serenity\cadfa7a64320374cee6338792577f953c037bf2ca79fa15080f5760153f84d82.png
12:57:50.371 [Darkroom Processing Line] DEBUG net.serenitybdd.core.photography.DarkroomProcessingLine - Processing screenshot image in /var/screenshots/screenshot-333007795530252636
12:57:50.371 [Darkroom Processing Line] DEBUG net.serenitybdd.core.photography.DarkroomProcessingLine - Saving screenshot to target\site\serenity\cadfa7a64320374cee6338792577f953c037bf2ca79fa15080f5760153f84d82.png
  &amp#27;[32mThen &amp#27;[0m&amp#27;[32mbookings will be sorted by time&amp#27;[0m          &amp#27;[90m# starter.stepdefinitions.ManageVaccinationBookingsSteps.bookingsWillBeSortedByTime()&amp#27;[0m
12:57:50.388 [main] INFO  - 
  _____   ___   ___   _____     ___     _     ___   ___   ___   ___  
 |_   _| | __| / __| |_   _|   | _ \   /_\   / __| / __| | __| |   \ 
   | |   | _|  \__ \   | |     |  _/  / _ \  \__ \ \__ \ | _|  | |) |
   |_|   |___| |___/   |_|     |_|   /_/ \_\ |___/ |___/ |___| |___/ 

Sort vaccination bookings by time
----------------------------------------------------------------------
12:57:50.391 [Driver Command Executor] DEBUG org.asynchttpclient.netty.request.NettyRequestSender - Using pooled Channel '[id: 0xe6a382d7, L:/127.0.0.1:55471 - R:localhost/127.0.0.1:59036]' for 'DELETE' to 'http://localhost:59036/session/0d5a2baa2a76a9c83b704a0dba6f36c6'
12:57:50.391 [Driver Command Executor] DEBUG org.asynchttpclient.netty.request.NettyRequestSender - Using open Channel [id: 0xe6a382d7, L:/127.0.0.1:55471 - R:localhost/127.0.0.1:59036] for DELETE '/session/0d5a2baa2a76a9c83b704a0dba6f36c6'
12:57:50.391 [AsyncHttpClient-1-28] DEBUG org.asynchttpclient.netty.handler.WebSocketHandler - Channel Closed: [id: 0x9059ed3e, L:/127.0.0.1:55480 ! R:localhost/127.0.0.1:55473] with attribute NettyResponseFuture{currentRetry=5,
	isDone=1,
	isCancelled=0,
	asyncHandler=org.asynchttpclient.ws.WebSocketUpgradeHandler@fd3d7c7,
	nettyRequest=org.asynchttpclient.netty.request.NettyRequest@4ad14859,
	future=java.util.concurrent.CompletableFuture@12479bb0[Completed normally],
	uri=ws://localhost:55473/devtools/browser/ed36d58b-3240-4f40-a5bf-023c3b258410,
	keepAlive=true,
	redirectCount=0,
	timeoutsHolder=null,
	inAuth=0,
	touch=1671429467047}
12:57:50.392 [AsyncHttpClient-1-28] DEBUG org.asynchttpclient.netty.channel.ChannelManager - Closing Channel [id: 0x9059ed3e, L:/127.0.0.1:55480 ! R:localhost/127.0.0.1:55473] 
12:57:50.416 [AsyncHttpClient-1-27] DEBUG org.asynchttpclient.netty.handler.HttpHandler - Unexpected I/O exception on channel [id: 0xaabb3c40, L:/127.0.0.1:55479 - R:localhost/127.0.0.1:55473]
java.io.IOException: An existing connection was forcibly closed by the remote host
	at java.base/sun.nio.ch.SocketDispatcher.read0(Native Method)
	at java.base/sun.nio.ch.SocketDispatcher.read(SocketDispatcher.java:43)
	at java.base/sun.nio.ch.IOUtil.readIntoNativeBuffer(IOUtil.java:276)
	at java.base/sun.nio.ch.IOUtil.read(IOUtil.java:233)
	at java.base/sun.nio.ch.IOUtil.read(IOUtil.java:223)
	at java.base/sun.nio.ch.SocketChannelImpl.read(SocketChannelImpl.java:358)
	at io.netty.buffer.PooledByteBuf.setBytes(PooledByteBuf.java:258)
	at io.netty.buffer.AbstractByteBuf.writeBytes(AbstractByteBuf.java:1132)
	at io.netty.channel.socket.nio.NioSocketChannel.doReadBytes(NioSocketChannel.java:350)
	at io.netty.channel.nio.AbstractNioByteChannel$NioByteUnsafe.read(AbstractNioByteChannel.java:151)
	at io.netty.channel.nio.NioEventLoop.processSelectedKey(NioEventLoop.java:722)
	at io.netty.channel.nio.NioEventLoop.processSelectedKeysOptimized(NioEventLoop.java:658)
	at io.netty.channel.nio.NioEventLoop.processSelectedKeys(NioEventLoop.java:584)
	at io.netty.channel.nio.NioEventLoop.run(NioEventLoop.java:496)
	at io.netty.util.concurrent.SingleThreadEventExecutor$4.run(SingleThreadEventExecutor.java:986)
	at io.netty.util.internal.ThreadExecutorMap$2.run(ThreadExecutorMap.java:74)
	at io.netty.util.concurrent.FastThreadLocalRunnable.run(FastThreadLocalRunnable.java:30)
	at java.base/java.lang.Thread.run(Thread.java:834)
12:57:50.416 [AsyncHttpClient-1-27] DEBUG org.asynchttpclient.netty.channel.ChannelManager - Closing Channel [id: 0xaabb3c40, L:/127.0.0.1:55479 - R:localhost/127.0.0.1:55473] 
12:57:50.417 [AsyncHttpClient-1-27] DEBUG org.asynchttpclient.netty.handler.HttpHandler - Channel Closed: [id: 0xaabb3c40, L:/127.0.0.1:55479 ! R:localhost/127.0.0.1:55473] with attribute DISCARD
12:57:50.438 [AsyncHttpClient-1-26] DEBUG org.asynchttpclient.netty.handler.HttpHandler - 

Request DefaultFullHttpRequest(decodeResult: success, version: HTTP/1.1, content: EmptyByteBufBE)
DELETE /session/0d5a2baa2a76a9c83b704a0dba6f36c6 HTTP/1.1
User-Agent: selenium/4.1.2 (java windows)
Content-Type: application/json; charset=utf-8
host: localhost:59036
accept: */*

Response DefaultHttpResponse(decodeResult: success, version: HTTP/1.1)
HTTP/1.1 200 OK
Content-Type: application/json; charset=utf-8
cache-control: no-cache
content-length: 14

12:57:50.439 [AsyncHttpClient-1-26] DEBUG org.asynchttpclient.netty.channel.ChannelManager - Adding key: http://localhost:59036 for channel [id: 0xe6a382d7, L:/127.0.0.1:55471 - R:localhost/127.0.0.1:59036]
12:57:50.495 [AsyncHttpClient-1-26] DEBUG org.asynchttpclient.netty.handler.HttpHandler - Channel Closed: [id: 0xe6a382d7, L:/127.0.0.1:55471 ! R:localhost/127.0.0.1:59036] with attribute DISCARD
]]></system-out>
    <system-err><![CDATA[Starting ChromeDriver 108.0.5359.71 (1e0e3868ee06e91ad636a874420e3ca3ae3756ac-refs/branch-heads/5359@{#1016}) on port 59036
Only local connections are allowed.
Please see https://chromedriver.chromium.org/security-considerations for suggestions on keeping ChromeDriver safe.
ChromeDriver was started successfully.
Dec 19, 2022 12:57:47 PM org.openqa.selenium.remote.ProtocolHandshake createSession
INFO: Detected dialect: W3C
Dec 19, 2022 12:57:47 PM org.openqa.selenium.devtools.CdpVersionFinder findNearestMatch
WARNING: Unable to find an exact match for CDP version 108, so returning the closest version found: a no-op implementation
Dec 19, 2022 12:57:47 PM org.openqa.selenium.devtools.CdpVersionFinder findNearestMatch
INFO: Unable to find CDP implementation matching 108.
Dec 19, 2022 12:57:47 PM org.openqa.selenium.chromium.ChromiumDriver lambda$new$3
WARNING: Unable to find version of CDP to use for . You may need to include a dependency on a specific version of the CDP using something similar to `org.seleniumhq.selenium:selenium-devtools-v86:4.1.2` where the version ("v86") matches the version of the chromium-based browser you're using and the version number of the artifact is the same as Selenium's.
]]></system-err>
  </testcase>
  <testcase name="Sort vaccination bookings by dose" classname="Manage vaccination bookings" time="4.959">
    <system-out><![CDATA[
Scenario: Sort vaccination bookings by dose     &amp#27;[90m# src/test/resources/features/ManageVaccinationBookings.feature:79&amp#27;[0m
12:57:50.540 [main] INFO io.cucumber.core.plugin.SerenityReporter - Running feature from file:///C:/Users/ASUSTUF/OneDrive/Documents/Capstone%20Project/Web%20Automation/src/test/resources/features/ManageVaccinationBookings.feature
12:57:50.542 [main] INFO  - 
  _____   ___   ___   _____     ___   _____     _     ___   _____   ___   ___  
 |_   _| | __| / __| |_   _|   / __| |_   _|   /_\   | _ \ |_   _| | __| |   \ 
   | |   | _|  \__ \   | |     \__ \   | |    / _ \  |   /   | |   | _|  | |) |
   |_|   |___| |___/   |_|     |___/   |_|   /_/ \_\ |_|_\   |_|   |___| |___/ 

Sort vaccination bookings by dose(manage-vaccination-bookings;sort-vaccination-bookings-by-dose)
--------------------------------------------------------------------------------
12:57:50.582 [main] INFO net.serenitybdd.core.webdriver.driverproviders.ChromeDriverProvider - Using automatically driver download
12:57:50.704 [main] DEBUG io.github.bonigarcia.wdm.cache.ResolutionCache - Resolution chrome=108 in cache (valid until 13:44:30 19/12/2022 ICT)
12:57:50.706 [main] DEBUG io.github.bonigarcia.wdm.cache.ResolutionCache - Resolution chrome108=108.0.5359.71 in cache (valid until 12:44:30 20/12/2022 ICT)
12:57:50.707 [main] INFO io.github.bonigarcia.wdm.WebDriverManager - Using chromedriver 108.0.5359.71 (resolved driver for Chrome 108)
12:57:50.717 [main] DEBUG io.github.bonigarcia.wdm.WebDriverManager - Driver chromedriver 108.0.5359.71 found in cache
12:57:50.718 [main] INFO io.github.bonigarcia.wdm.WebDriverManager - Exporting webdriver.chrome.driver as C:\Users\ASUSTUF\.cache\selenium\chromedriver\win32\108.0.5359.71\chromedriver.exe
12:57:50.816 [main] DEBUG net.serenitybdd.core.webdriver.driverproviders.ProvideNewDriver - Instantiating driver
12:57:50.816 [main] DEBUG net.serenitybdd.core.webdriver.driverproviders.ProvideNewDriver - Driver capabilities: Capabilities {acceptInsecureCerts: false, base.url: https://vaksin-id.netlify.app/, browserName: chrome, chrome.driver: src/test/resources/webdrive..., driver: chrome, goog:chromeOptions: {args: [], extensions: []}}
12:57:50.873 [AsyncHttpClient-1-1] DEBUG org.asynchttpclient.netty.channel.DefaultChannelPool - Entry count for : http://localhost:59036 : 1
12:57:50.873 [AsyncHttpClient-1-1] DEBUG org.asynchttpclient.netty.channel.DefaultChannelPool - Entry count for : http://localhost:55473 : 1
12:57:50.873 [AsyncHttpClient-1-1] DEBUG org.asynchttpclient.netty.channel.DefaultChannelPool - Adding Candidate expired Channel [id: 0xe6a382d7, L:/127.0.0.1:55471 ! R:localhost/127.0.0.1:59036] isIdleTimeoutExpired=false isRemotelyClosed=true isTtlExpired=false
12:57:50.873 [AsyncHttpClient-1-1] DEBUG org.asynchttpclient.netty.channel.DefaultChannelPool - Closing Idle Channel [id: 0xe6a382d7, L:/127.0.0.1:55471 ! R:localhost/127.0.0.1:59036]
12:57:50.873 [AsyncHttpClient-1-1] DEBUG org.asynchttpclient.netty.channel.DefaultChannelPool - Adding Candidate expired Channel [id: 0xaabb3c40, L:/127.0.0.1:55479 ! R:localhost/127.0.0.1:55473] isIdleTimeoutExpired=false isRemotelyClosed=true isTtlExpired=false
12:57:50.873 [AsyncHttpClient-1-1] DEBUG org.asynchttpclient.netty.channel.DefaultChannelPool - Closing Idle Channel [id: 0xaabb3c40, L:/127.0.0.1:55479 ! R:localhost/127.0.0.1:55473]
12:57:50.873 [AsyncHttpClient-1-1] DEBUG org.asynchttpclient.netty.channel.DefaultChannelPool - Closed 2 connections out of 2 in 0 ms
12:57:51.193 [AsyncHttpClient-1-29] DEBUG org.asynchttpclient.netty.channel.NettyConnectListener - Using new Channel '[id: 0xe2f0e0f1, L:/127.0.0.1:55499 - R:localhost/127.0.0.1:63016]' for 'POST' to '/session'
12:57:51.902 [AsyncHttpClient-1-29] DEBUG org.asynchttpclient.netty.handler.HttpHandler - 

Request DefaultHttpRequest(decodeResult: success, version: HTTP/1.1)
POST /session HTTP/1.1
User-Agent: selenium/4.1.2 (java windows)
Content-Length: 616
Content-Type: application/json; charset=utf-8
host: localhost:63016
accept: */*

Response DefaultHttpResponse(decodeResult: success, version: HTTP/1.1)
HTTP/1.1 200 OK
Content-Type: application/json; charset=utf-8
cache-control: no-cache
content-length: 793

12:57:51.904 [AsyncHttpClient-1-29] DEBUG org.asynchttpclient.netty.channel.ChannelManager - Adding key: http://localhost:63016 for channel [id: 0xe2f0e0f1, L:/127.0.0.1:55499 - R:localhost/127.0.0.1:63016]
12:57:51.928 [AsyncHttpClient-1-30] DEBUG org.asynchttpclient.netty.channel.NettyConnectListener - Using new Channel '[id: 0xca821027, L:/127.0.0.1:55506 - R:localhost/127.0.0.1:55500]' for 'GET' to '/json/version'
12:57:51.931 [AsyncHttpClient-1-30] DEBUG org.asynchttpclient.netty.handler.HttpHandler - 

Request DefaultFullHttpRequest(decodeResult: success, version: HTTP/1.1, content: EmptyByteBufBE)
GET /json/version HTTP/1.1
User-Agent: selenium/4.1.2 (java windows)
host: localhost:55500
accept: */*

Response DefaultHttpResponse(decodeResult: success, version: HTTP/1.1)
HTTP/1.1 200 OK
Content-Type: application/json; charset=UTF-8
content-length: 424

12:57:51.932 [AsyncHttpClient-1-30] DEBUG org.asynchttpclient.netty.channel.ChannelManager - Adding key: http://localhost:55500 for channel [id: 0xca821027, L:/127.0.0.1:55506 - R:localhost/127.0.0.1:55500]
12:57:51.952 [AsyncHttpClient-1-31] DEBUG org.asynchttpclient.netty.channel.NettyConnectListener - Using new Channel '[id: 0x5a005d90, L:/127.0.0.1:55507 - R:localhost/127.0.0.1:55500]' for 'GET' to '/devtools/browser/8822c7d4-7e00-4b08-a874-37b0f1334815'
12:57:51.959 [AsyncHttpClient-1-31] DEBUG org.asynchttpclient.netty.handler.WebSocketHandler - 

Request DefaultFullHttpRequest(decodeResult: success, version: HTTP/1.1, content: EmptyByteBufBE)
GET /devtools/browser/8822c7d4-7e00-4b08-a874-37b0f1334815 HTTP/1.1
upgrade: websocket
connection: upgrade
sec-websocket-key: XTjEb5YXbofmb7w0vcEn5w==
sec-websocket-version: 13
origin: http://localhost:55500
host: localhost:55500
accept: */*
user-agent: AHC/2.1

Response DefaultHttpResponse(decodeResult: success, version: HTTP/1.1)
HTTP/1.1 101 WebSocket Protocol Handshake
Upgrade: WebSocket
Connection: Upgrade
Sec-WebSocket-Accept: 6z4AIYAc3bU9NF+Q9nQb1y4SaaQ=

12:57:51.972 [AsyncHttpClient-1-1] DEBUG org.asynchttpclient.netty.channel.DefaultChannelPool - Entry count for : http://localhost:63016 : 1
12:57:51.972 [AsyncHttpClient-1-1] DEBUG org.asynchttpclient.netty.channel.DefaultChannelPool - Entry count for : http://localhost:55500 : 1
12:57:51.977 [Forwarding get on session 7f755e99d242af6e4f5b319085b81ac5 to remote] DEBUG org.asynchttpclient.netty.request.NettyRequestSender - Using pooled Channel '[id: 0xe2f0e0f1, L:/127.0.0.1:55499 - R:localhost/127.0.0.1:63016]' for 'POST' to 'http://localhost:63016/session/7f755e99d242af6e4f5b319085b81ac5/url'
12:57:51.978 [Forwarding get on session 7f755e99d242af6e4f5b319085b81ac5 to remote] DEBUG org.asynchttpclient.netty.request.NettyRequestSender - Using open Channel [id: 0xe2f0e0f1, L:/127.0.0.1:55499 - R:localhost/127.0.0.1:63016] for POST '/session/7f755e99d242af6e4f5b319085b81ac5/url'
12:57:52.897 [AsyncHttpClient-1-29] DEBUG org.asynchttpclient.netty.handler.HttpHandler - 

Request DefaultHttpRequest(decodeResult: success, version: HTTP/1.1)
POST /session/7f755e99d242af6e4f5b319085b81ac5/url HTTP/1.1
User-Agent: selenium/4.1.2 (java windows)
Content-Length: 60
Content-Type: application/json; charset=utf-8
host: localhost:63016
accept: */*

Response DefaultHttpResponse(decodeResult: success, version: HTTP/1.1)
HTTP/1.1 200 OK
Content-Type: application/json; charset=utf-8
cache-control: no-cache
content-length: 14

12:57:52.898 [AsyncHttpClient-1-29] DEBUG org.asynchttpclient.netty.channel.ChannelManager - Adding key: http://localhost:63016 for channel [id: 0xe2f0e0f1, L:/127.0.0.1:55499 - R:localhost/127.0.0.1:63016]
12:57:52.905 [Forwarding setTimeout on session 7f755e99d242af6e4f5b319085b81ac5 to remote] DEBUG org.asynchttpclient.netty.request.NettyRequestSender - Using pooled Channel '[id: 0xe2f0e0f1, L:/127.0.0.1:55499 - R:localhost/127.0.0.1:63016]' for 'POST' to 'http://localhost:63016/session/7f755e99d242af6e4f5b319085b81ac5/timeouts'
12:57:52.905 [Forwarding setTimeout on session 7f755e99d242af6e4f5b319085b81ac5 to remote] DEBUG org.asynchttpclient.netty.request.NettyRequestSender - Using open Channel [id: 0xe2f0e0f1, L:/127.0.0.1:55499 - R:localhost/127.0.0.1:63016] for POST '/session/7f755e99d242af6e4f5b319085b81ac5/timeouts'
12:57:52.907 [AsyncHttpClient-1-29] DEBUG org.asynchttpclient.netty.handler.HttpHandler - 

Request DefaultHttpRequest(decodeResult: success, version: HTTP/1.1)
POST /session/7f755e99d242af6e4f5b319085b81ac5/timeouts HTTP/1.1
User-Agent: selenium/4.1.2 (java windows)
Content-Length: 22
Content-Type: application/json; charset=utf-8
host: localhost:63016
accept: */*

Response DefaultHttpResponse(decodeResult: success, version: HTTP/1.1)
HTTP/1.1 200 OK
Content-Type: application/json; charset=utf-8
cache-control: no-cache
content-length: 14

12:57:52.908 [AsyncHttpClient-1-29] DEBUG org.asynchttpclient.netty.channel.ChannelManager - Adding key: http://localhost:63016 for channel [id: 0xe2f0e0f1, L:/127.0.0.1:55499 - R:localhost/127.0.0.1:63016]
12:57:52.914 [Forwarding getCurrentUrl on session 7f755e99d242af6e4f5b319085b81ac5 to remote] DEBUG org.asynchttpclient.netty.request.NettyRequestSender - Using pooled Channel '[id: 0xe2f0e0f1, L:/127.0.0.1:55499 - R:localhost/127.0.0.1:63016]' for 'GET' to 'http://localhost:63016/session/7f755e99d242af6e4f5b319085b81ac5/url'
12:57:52.915 [Forwarding getCurrentUrl on session 7f755e99d242af6e4f5b319085b81ac5 to remote] DEBUG org.asynchttpclient.netty.request.NettyRequestSender - Using open Channel [id: 0xe2f0e0f1, L:/127.0.0.1:55499 - R:localhost/127.0.0.1:63016] for GET '/session/7f755e99d242af6e4f5b319085b81ac5/url'
12:57:52.923 [AsyncHttpClient-1-29] DEBUG org.asynchttpclient.netty.handler.HttpHandler - 

Request DefaultFullHttpRequest(decodeResult: success, version: HTTP/1.1, content: EmptyByteBufBE)
GET /session/7f755e99d242af6e4f5b319085b81ac5/url HTTP/1.1
User-Agent: selenium/4.1.2 (java windows)
Cache-Control: no-cache
Content-Type: application/json; charset=utf-8
host: localhost:63016
accept: */*

Response DefaultHttpResponse(decodeResult: success, version: HTTP/1.1)
HTTP/1.1 200 OK
Content-Type: application/json; charset=utf-8
cache-control: no-cache
content-length: 42

12:57:52.924 [AsyncHttpClient-1-29] DEBUG org.asynchttpclient.netty.channel.ChannelManager - Adding key: http://localhost:63016 for channel [id: 0xe2f0e0f1, L:/127.0.0.1:55499 - R:localhost/127.0.0.1:63016]
  &amp#27;[32mGiven &amp#27;[0m&amp#27;[32mI am on landing page&amp#27;[0m                    &amp#27;[90m# starter.stepdefinitions.ManageVaccinationBookingsSteps.iAmOnLandingPage()&amp#27;[0m
12:57:52.936 [Forwarding screenshot on session 7f755e99d242af6e4f5b319085b81ac5 to remote] DEBUG org.asynchttpclient.netty.request.NettyRequestSender - Using pooled Channel '[id: 0xe2f0e0f1, L:/127.0.0.1:55499 - R:localhost/127.0.0.1:63016]' for 'GET' to 'http://localhost:63016/session/7f755e99d242af6e4f5b319085b81ac5/screenshot'
12:57:52.937 [Forwarding screenshot on session 7f755e99d242af6e4f5b319085b81ac5 to remote] DEBUG org.asynchttpclient.netty.request.NettyRequestSender - Using open Channel [id: 0xe2f0e0f1, L:/127.0.0.1:55499 - R:localhost/127.0.0.1:63016] for GET '/session/7f755e99d242af6e4f5b319085b81ac5/screenshot'
12:57:53.079 [AsyncHttpClient-1-1] DEBUG org.asynchttpclient.netty.channel.DefaultChannelPool - Entry count for : http://localhost:55500 : 1
12:57:53.589 [AsyncHttpClient-1-29] DEBUG org.asynchttpclient.netty.handler.HttpHandler - 

Request DefaultFullHttpRequest(decodeResult: success, version: HTTP/1.1, content: EmptyByteBufBE)
GET /session/7f755e99d242af6e4f5b319085b81ac5/screenshot HTTP/1.1
User-Agent: selenium/4.1.2 (java windows)
Cache-Control: no-cache
Content-Type: application/json; charset=utf-8
host: localhost:63016
accept: */*

Response DefaultHttpResponse(decodeResult: success, version: HTTP/1.1)
HTTP/1.1 200 OK
Content-Type: application/json; charset=utf-8
cache-control: no-cache
content-length: 847132

12:57:53.591 [AsyncHttpClient-1-29] DEBUG org.asynchttpclient.netty.channel.ChannelManager - Adding key: http://localhost:63016 for channel [id: 0xe2f0e0f1, L:/127.0.0.1:55499 - R:localhost/127.0.0.1:63016]
12:57:53.610 [main] DEBUG net.serenitybdd.core.photography.Darkroom - Send negative for processing for target\site\serenity\ff3b83dd42f508d91c0c8488aed412149de34b436c7528a8caa8428592644731.png
12:57:53.616 [Forwarding findElement on session 7f755e99d242af6e4f5b319085b81ac5 to remote] DEBUG org.asynchttpclient.netty.request.NettyRequestSender - Using pooled Channel '[id: 0xe2f0e0f1, L:/127.0.0.1:55499 - R:localhost/127.0.0.1:63016]' for 'POST' to 'http://localhost:63016/session/7f755e99d242af6e4f5b319085b81ac5/element'
12:57:53.616 [Forwarding findElement on session 7f755e99d242af6e4f5b319085b81ac5 to remote] DEBUG org.asynchttpclient.netty.request.NettyRequestSender - Using open Channel [id: 0xe2f0e0f1, L:/127.0.0.1:55499 - R:localhost/127.0.0.1:63016] for POST '/session/7f755e99d242af6e4f5b319085b81ac5/element'
12:57:53.630 [AsyncHttpClient-1-29] DEBUG org.asynchttpclient.netty.handler.HttpHandler - 

Request DefaultHttpRequest(decodeResult: success, version: HTTP/1.1)
POST /session/7f755e99d242af6e4f5b319085b81ac5/element HTTP/1.1
User-Agent: selenium/4.1.2 (java windows)
Content-Length: 315
Content-Type: application/json; charset=utf-8
host: localhost:63016
accept: */*

Response DefaultHttpResponse(decodeResult: success, version: HTTP/1.1)
HTTP/1.1 200 OK
Content-Type: application/json; charset=utf-8
cache-control: no-cache
content-length: 88

12:57:53.630 [AsyncHttpClient-1-29] DEBUG org.asynchttpclient.netty.channel.ChannelManager - Adding key: http://localhost:63016 for channel [id: 0xe2f0e0f1, L:/127.0.0.1:55499 - R:localhost/127.0.0.1:63016]
12:57:53.631 [Forwarding getElementTagName on session 7f755e99d242af6e4f5b319085b81ac5 to remote] DEBUG org.asynchttpclient.netty.request.NettyRequestSender - Using pooled Channel '[id: 0xe2f0e0f1, L:/127.0.0.1:55499 - R:localhost/127.0.0.1:63016]' for 'GET' to 'http://localhost:63016/session/7f755e99d242af6e4f5b319085b81ac5/element/5a38d30f-c63a-404c-9eaa-12464e56ee55/name'
12:57:53.631 [Forwarding getElementTagName on session 7f755e99d242af6e4f5b319085b81ac5 to remote] DEBUG org.asynchttpclient.netty.request.NettyRequestSender - Using open Channel [id: 0xe2f0e0f1, L:/127.0.0.1:55499 - R:localhost/127.0.0.1:63016] for GET '/session/7f755e99d242af6e4f5b319085b81ac5/element/5a38d30f-c63a-404c-9eaa-12464e56ee55/name'
12:57:53.636 [AsyncHttpClient-1-29] DEBUG org.asynchttpclient.netty.handler.HttpHandler - 

Request DefaultFullHttpRequest(decodeResult: success, version: HTTP/1.1, content: EmptyByteBufBE)
GET /session/7f755e99d242af6e4f5b319085b81ac5/element/5a38d30f-c63a-404c-9eaa-12464e56ee55/name HTTP/1.1
User-Agent: selenium/4.1.2 (java windows)
Cache-Control: no-cache
Content-Type: application/json; charset=utf-8
host: localhost:63016
accept: */*

Response DefaultHttpResponse(decodeResult: success, version: HTTP/1.1)
HTTP/1.1 200 OK
Content-Type: application/json; charset=utf-8
cache-control: no-cache
content-length: 18

12:57:53.636 [AsyncHttpClient-1-29] DEBUG org.asynchttpclient.netty.channel.ChannelManager - Adding key: http://localhost:63016 for channel [id: 0xe2f0e0f1, L:/127.0.0.1:55499 - R:localhost/127.0.0.1:63016]
12:57:53.637 [Forwarding getElementTagName on session 7f755e99d242af6e4f5b319085b81ac5 to remote] DEBUG org.asynchttpclient.netty.request.NettyRequestSender - Using pooled Channel '[id: 0xe2f0e0f1, L:/127.0.0.1:55499 - R:localhost/127.0.0.1:63016]' for 'GET' to 'http://localhost:63016/session/7f755e99d242af6e4f5b319085b81ac5/element/5a38d30f-c63a-404c-9eaa-12464e56ee55/name'
12:57:53.637 [Forwarding getElementTagName on session 7f755e99d242af6e4f5b319085b81ac5 to remote] DEBUG org.asynchttpclient.netty.request.NettyRequestSender - Using open Channel [id: 0xe2f0e0f1, L:/127.0.0.1:55499 - R:localhost/127.0.0.1:63016] for GET '/session/7f755e99d242af6e4f5b319085b81ac5/element/5a38d30f-c63a-404c-9eaa-12464e56ee55/name'
12:57:53.639 [AsyncHttpClient-1-29] DEBUG org.asynchttpclient.netty.handler.HttpHandler - 

Request DefaultFullHttpRequest(decodeResult: success, version: HTTP/1.1, content: EmptyByteBufBE)
GET /session/7f755e99d242af6e4f5b319085b81ac5/element/5a38d30f-c63a-404c-9eaa-12464e56ee55/name HTTP/1.1
User-Agent: selenium/4.1.2 (java windows)
Cache-Control: no-cache
Content-Type: application/json; charset=utf-8
host: localhost:63016
accept: */*

Response DefaultHttpResponse(decodeResult: success, version: HTTP/1.1)
HTTP/1.1 200 OK
Content-Type: application/json; charset=utf-8
cache-control: no-cache
content-length: 18

12:57:53.639 [AsyncHttpClient-1-29] DEBUG org.asynchttpclient.netty.channel.ChannelManager - Adding key: http://localhost:63016 for channel [id: 0xe2f0e0f1, L:/127.0.0.1:55499 - R:localhost/127.0.0.1:63016]
12:57:53.641 [Forwarding isElementEnabled on session 7f755e99d242af6e4f5b319085b81ac5 to remote] DEBUG org.asynchttpclient.netty.request.NettyRequestSender - Using pooled Channel '[id: 0xe2f0e0f1, L:/127.0.0.1:55499 - R:localhost/127.0.0.1:63016]' for 'GET' to 'http://localhost:63016/session/7f755e99d242af6e4f5b319085b81ac5/element/5a38d30f-c63a-404c-9eaa-12464e56ee55/enabled'
12:57:53.641 [Forwarding isElementEnabled on session 7f755e99d242af6e4f5b319085b81ac5 to remote] DEBUG org.asynchttpclient.netty.request.NettyRequestSender - Using open Channel [id: 0xe2f0e0f1, L:/127.0.0.1:55499 - R:localhost/127.0.0.1:63016] for GET '/session/7f755e99d242af6e4f5b319085b81ac5/element/5a38d30f-c63a-404c-9eaa-12464e56ee55/enabled'
12:57:53.647 [AsyncHttpClient-1-29] DEBUG org.asynchttpclient.netty.handler.HttpHandler - 

Request DefaultFullHttpRequest(decodeResult: success, version: HTTP/1.1, content: EmptyByteBufBE)
GET /session/7f755e99d242af6e4f5b319085b81ac5/element/5a38d30f-c63a-404c-9eaa-12464e56ee55/enabled HTTP/1.1
User-Agent: selenium/4.1.2 (java windows)
Cache-Control: no-cache
Content-Type: application/json; charset=utf-8
host: localhost:63016
accept: */*

Response DefaultHttpResponse(decodeResult: success, version: HTTP/1.1)
HTTP/1.1 200 OK
Content-Type: application/json; charset=utf-8
cache-control: no-cache
content-length: 14

12:57:53.647 [AsyncHttpClient-1-29] DEBUG org.asynchttpclient.netty.channel.ChannelManager - Adding key: http://localhost:63016 for channel [id: 0xe2f0e0f1, L:/127.0.0.1:55499 - R:localhost/127.0.0.1:63016]
12:57:53.650 [Forwarding isElementEnabled on session 7f755e99d242af6e4f5b319085b81ac5 to remote] DEBUG org.asynchttpclient.netty.request.NettyRequestSender - Using pooled Channel '[id: 0xe2f0e0f1, L:/127.0.0.1:55499 - R:localhost/127.0.0.1:63016]' for 'GET' to 'http://localhost:63016/session/7f755e99d242af6e4f5b319085b81ac5/element/5a38d30f-c63a-404c-9eaa-12464e56ee55/enabled'
12:57:53.650 [Forwarding isElementEnabled on session 7f755e99d242af6e4f5b319085b81ac5 to remote] DEBUG org.asynchttpclient.netty.request.NettyRequestSender - Using open Channel [id: 0xe2f0e0f1, L:/127.0.0.1:55499 - R:localhost/127.0.0.1:63016] for GET '/session/7f755e99d242af6e4f5b319085b81ac5/element/5a38d30f-c63a-404c-9eaa-12464e56ee55/enabled'
12:57:53.653 [AsyncHttpClient-1-29] DEBUG org.asynchttpclient.netty.handler.HttpHandler - 

Request DefaultFullHttpRequest(decodeResult: success, version: HTTP/1.1, content: EmptyByteBufBE)
GET /session/7f755e99d242af6e4f5b319085b81ac5/element/5a38d30f-c63a-404c-9eaa-12464e56ee55/enabled HTTP/1.1
User-Agent: selenium/4.1.2 (java windows)
Cache-Control: no-cache
Content-Type: application/json; charset=utf-8
host: localhost:63016
accept: */*

Response DefaultHttpResponse(decodeResult: success, version: HTTP/1.1)
HTTP/1.1 200 OK
Content-Type: application/json; charset=utf-8
cache-control: no-cache
content-length: 14

12:57:53.653 [AsyncHttpClient-1-29] DEBUG org.asynchttpclient.netty.channel.ChannelManager - Adding key: http://localhost:63016 for channel [id: 0xe2f0e0f1, L:/127.0.0.1:55499 - R:localhost/127.0.0.1:63016]
12:57:53.654 [Forwarding findElement on session 7f755e99d242af6e4f5b319085b81ac5 to remote] DEBUG org.asynchttpclient.netty.request.NettyRequestSender - Using pooled Channel '[id: 0xe2f0e0f1, L:/127.0.0.1:55499 - R:localhost/127.0.0.1:63016]' for 'POST' to 'http://localhost:63016/session/7f755e99d242af6e4f5b319085b81ac5/element'
12:57:53.654 [Forwarding findElement on session 7f755e99d242af6e4f5b319085b81ac5 to remote] DEBUG org.asynchttpclient.netty.request.NettyRequestSender - Using open Channel [id: 0xe2f0e0f1, L:/127.0.0.1:55499 - R:localhost/127.0.0.1:63016] for POST '/session/7f755e99d242af6e4f5b319085b81ac5/element'
12:57:53.658 [AsyncHttpClient-1-29] DEBUG org.asynchttpclient.netty.handler.HttpHandler - 

Request DefaultHttpRequest(decodeResult: success, version: HTTP/1.1)
POST /session/7f755e99d242af6e4f5b319085b81ac5/element HTTP/1.1
User-Agent: selenium/4.1.2 (java windows)
Content-Length: 315
Content-Type: application/json; charset=utf-8
host: localhost:63016
accept: */*

Response DefaultHttpResponse(decodeResult: success, version: HTTP/1.1)
HTTP/1.1 200 OK
Content-Type: application/json; charset=utf-8
cache-control: no-cache
content-length: 88

12:57:53.658 [AsyncHttpClient-1-29] DEBUG org.asynchttpclient.netty.channel.ChannelManager - Adding key: http://localhost:63016 for channel [id: 0xe2f0e0f1, L:/127.0.0.1:55499 - R:localhost/127.0.0.1:63016]
12:57:53.659 [Forwarding clickElement on session 7f755e99d242af6e4f5b319085b81ac5 to remote] DEBUG org.asynchttpclient.netty.request.NettyRequestSender - Using pooled Channel '[id: 0xe2f0e0f1, L:/127.0.0.1:55499 - R:localhost/127.0.0.1:63016]' for 'POST' to 'http://localhost:63016/session/7f755e99d242af6e4f5b319085b81ac5/element/5a38d30f-c63a-404c-9eaa-12464e56ee55/click'
12:57:53.659 [Forwarding clickElement on session 7f755e99d242af6e4f5b319085b81ac5 to remote] DEBUG org.asynchttpclient.netty.request.NettyRequestSender - Using open Channel [id: 0xe2f0e0f1, L:/127.0.0.1:55499 - R:localhost/127.0.0.1:63016] for POST '/session/7f755e99d242af6e4f5b319085b81ac5/element/5a38d30f-c63a-404c-9eaa-12464e56ee55/click'
12:57:53.716 [AsyncHttpClient-1-29] DEBUG org.asynchttpclient.netty.handler.HttpHandler - 

Request DefaultHttpRequest(decodeResult: success, version: HTTP/1.1)
POST /session/7f755e99d242af6e4f5b319085b81ac5/element/5a38d30f-c63a-404c-9eaa-12464e56ee55/click HTTP/1.1
User-Agent: selenium/4.1.2 (java windows)
Content-Length: 50
Content-Type: application/json; charset=utf-8
host: localhost:63016
accept: */*

Response DefaultHttpResponse(decodeResult: success, version: HTTP/1.1)
HTTP/1.1 200 OK
Content-Type: application/json; charset=utf-8
cache-control: no-cache
content-length: 14

12:57:53.717 [AsyncHttpClient-1-29] DEBUG org.asynchttpclient.netty.channel.ChannelManager - Adding key: http://localhost:63016 for channel [id: 0xe2f0e0f1, L:/127.0.0.1:55499 - R:localhost/127.0.0.1:63016]
12:57:53.722 [Forwarding findElement on session 7f755e99d242af6e4f5b319085b81ac5 to remote] DEBUG org.asynchttpclient.netty.request.NettyRequestSender - Using pooled Channel '[id: 0xe2f0e0f1, L:/127.0.0.1:55499 - R:localhost/127.0.0.1:63016]' for 'POST' to 'http://localhost:63016/session/7f755e99d242af6e4f5b319085b81ac5/element'
12:57:53.722 [Forwarding findElement on session 7f755e99d242af6e4f5b319085b81ac5 to remote] DEBUG org.asynchttpclient.netty.request.NettyRequestSender - Using open Channel [id: 0xe2f0e0f1, L:/127.0.0.1:55499 - R:localhost/127.0.0.1:63016] for POST '/session/7f755e99d242af6e4f5b319085b81ac5/element'
12:57:53.731 [AsyncHttpClient-1-29] DEBUG org.asynchttpclient.netty.handler.HttpHandler - 

Request DefaultHttpRequest(decodeResult: success, version: HTTP/1.1)
POST /session/7f755e99d242af6e4f5b319085b81ac5/element HTTP/1.1
User-Agent: selenium/4.1.2 (java windows)
Content-Length: 69
Content-Type: application/json; charset=utf-8
host: localhost:63016
accept: */*

Response DefaultHttpResponse(decodeResult: success, version: HTTP/1.1)
HTTP/1.1 200 OK
Content-Type: application/json; charset=utf-8
cache-control: no-cache
content-length: 88

12:57:53.731 [AsyncHttpClient-1-29] DEBUG org.asynchttpclient.netty.channel.ChannelManager - Adding key: http://localhost:63016 for channel [id: 0xe2f0e0f1, L:/127.0.0.1:55499 - R:localhost/127.0.0.1:63016]
12:57:53.733 [Forwarding clearElement on session 7f755e99d242af6e4f5b319085b81ac5 to remote] DEBUG org.asynchttpclient.netty.request.NettyRequestSender - Using pooled Channel '[id: 0xe2f0e0f1, L:/127.0.0.1:55499 - R:localhost/127.0.0.1:63016]' for 'POST' to 'http://localhost:63016/session/7f755e99d242af6e4f5b319085b81ac5/element/17b94082-bbad-4e82-baed-79a089f34fe6/clear'
12:57:53.733 [Forwarding clearElement on session 7f755e99d242af6e4f5b319085b81ac5 to remote] DEBUG org.asynchttpclient.netty.request.NettyRequestSender - Using open Channel [id: 0xe2f0e0f1, L:/127.0.0.1:55499 - R:localhost/127.0.0.1:63016] for POST '/session/7f755e99d242af6e4f5b319085b81ac5/element/17b94082-bbad-4e82-baed-79a089f34fe6/clear'
12:57:53.763 [AsyncHttpClient-1-29] DEBUG org.asynchttpclient.netty.handler.HttpHandler - 

Request DefaultHttpRequest(decodeResult: success, version: HTTP/1.1)
POST /session/7f755e99d242af6e4f5b319085b81ac5/element/17b94082-bbad-4e82-baed-79a089f34fe6/clear HTTP/1.1
User-Agent: selenium/4.1.2 (java windows)
Content-Length: 50
Content-Type: application/json; charset=utf-8
host: localhost:63016
accept: */*

Response DefaultHttpResponse(decodeResult: success, version: HTTP/1.1)
HTTP/1.1 200 OK
Content-Type: application/json; charset=utf-8
cache-control: no-cache
content-length: 14

12:57:53.764 [AsyncHttpClient-1-29] DEBUG org.asynchttpclient.netty.channel.ChannelManager - Adding key: http://localhost:63016 for channel [id: 0xe2f0e0f1, L:/127.0.0.1:55499 - R:localhost/127.0.0.1:63016]
12:57:53.765 [Forwarding sendKeysToElement on session 7f755e99d242af6e4f5b319085b81ac5 to remote] DEBUG org.asynchttpclient.netty.request.NettyRequestSender - Using pooled Channel '[id: 0xe2f0e0f1, L:/127.0.0.1:55499 - R:localhost/127.0.0.1:63016]' for 'POST' to 'http://localhost:63016/session/7f755e99d242af6e4f5b319085b81ac5/element/17b94082-bbad-4e82-baed-79a089f34fe6/value'
12:57:53.765 [Forwarding sendKeysToElement on session 7f755e99d242af6e4f5b319085b81ac5 to remote] DEBUG org.asynchttpclient.netty.request.NettyRequestSender - Using open Channel [id: 0xe2f0e0f1, L:/127.0.0.1:55499 - R:localhost/127.0.0.1:63016] for POST '/session/7f755e99d242af6e4f5b319085b81ac5/element/17b94082-bbad-4e82-baed-79a089f34fe6/value'
12:57:53.933 [AsyncHttpClient-1-29] DEBUG org.asynchttpclient.netty.handler.HttpHandler - 

Request DefaultHttpRequest(decodeResult: success, version: HTTP/1.1)
POST /session/7f755e99d242af6e4f5b319085b81ac5/element/17b94082-bbad-4e82-baed-79a089f34fe6/value HTTP/1.1
User-Agent: selenium/4.1.2 (java windows)
Content-Length: 411
Content-Type: application/json; charset=utf-8
host: localhost:63016
accept: */*

Response DefaultHttpResponse(decodeResult: success, version: HTTP/1.1)
HTTP/1.1 200 OK
Content-Type: application/json; charset=utf-8
cache-control: no-cache
content-length: 14

12:57:53.934 [AsyncHttpClient-1-29] DEBUG org.asynchttpclient.netty.channel.ChannelManager - Adding key: http://localhost:63016 for channel [id: 0xe2f0e0f1, L:/127.0.0.1:55499 - R:localhost/127.0.0.1:63016]
12:57:53.936 [Forwarding findElement on session 7f755e99d242af6e4f5b319085b81ac5 to remote] DEBUG org.asynchttpclient.netty.request.NettyRequestSender - Using pooled Channel '[id: 0xe2f0e0f1, L:/127.0.0.1:55499 - R:localhost/127.0.0.1:63016]' for 'POST' to 'http://localhost:63016/session/7f755e99d242af6e4f5b319085b81ac5/element'
12:57:53.936 [Forwarding findElement on session 7f755e99d242af6e4f5b319085b81ac5 to remote] DEBUG org.asynchttpclient.netty.request.NettyRequestSender - Using open Channel [id: 0xe2f0e0f1, L:/127.0.0.1:55499 - R:localhost/127.0.0.1:63016] for POST '/session/7f755e99d242af6e4f5b319085b81ac5/element'
12:57:53.946 [AsyncHttpClient-1-29] DEBUG org.asynchttpclient.netty.handler.HttpHandler - 

Request DefaultHttpRequest(decodeResult: success, version: HTTP/1.1)
POST /session/7f755e99d242af6e4f5b319085b81ac5/element HTTP/1.1
User-Agent: selenium/4.1.2 (java windows)
Content-Length: 72
Content-Type: application/json; charset=utf-8
host: localhost:63016
accept: */*

Response DefaultHttpResponse(decodeResult: success, version: HTTP/1.1)
HTTP/1.1 200 OK
Content-Type: application/json; charset=utf-8
cache-control: no-cache
content-length: 88

12:57:53.947 [AsyncHttpClient-1-29] DEBUG org.asynchttpclient.netty.channel.ChannelManager - Adding key: http://localhost:63016 for channel [id: 0xe2f0e0f1, L:/127.0.0.1:55499 - R:localhost/127.0.0.1:63016]
12:57:53.949 [Forwarding clearElement on session 7f755e99d242af6e4f5b319085b81ac5 to remote] DEBUG org.asynchttpclient.netty.request.NettyRequestSender - Using pooled Channel '[id: 0xe2f0e0f1, L:/127.0.0.1:55499 - R:localhost/127.0.0.1:63016]' for 'POST' to 'http://localhost:63016/session/7f755e99d242af6e4f5b319085b81ac5/element/72880dad-c7c8-4b6c-a8e9-b90d9f34ba42/clear'
12:57:53.949 [Forwarding clearElement on session 7f755e99d242af6e4f5b319085b81ac5 to remote] DEBUG org.asynchttpclient.netty.request.NettyRequestSender - Using open Channel [id: 0xe2f0e0f1, L:/127.0.0.1:55499 - R:localhost/127.0.0.1:63016] for POST '/session/7f755e99d242af6e4f5b319085b81ac5/element/72880dad-c7c8-4b6c-a8e9-b90d9f34ba42/clear'
12:57:54.013 [AsyncHttpClient-1-29] DEBUG org.asynchttpclient.netty.handler.HttpHandler - 

Request DefaultHttpRequest(decodeResult: success, version: HTTP/1.1)
POST /session/7f755e99d242af6e4f5b319085b81ac5/element/72880dad-c7c8-4b6c-a8e9-b90d9f34ba42/clear HTTP/1.1
User-Agent: selenium/4.1.2 (java windows)
Content-Length: 50
Content-Type: application/json; charset=utf-8
host: localhost:63016
accept: */*

Response DefaultHttpResponse(decodeResult: success, version: HTTP/1.1)
HTTP/1.1 200 OK
Content-Type: application/json; charset=utf-8
cache-control: no-cache
content-length: 14

12:57:54.014 [AsyncHttpClient-1-29] DEBUG org.asynchttpclient.netty.channel.ChannelManager - Adding key: http://localhost:63016 for channel [id: 0xe2f0e0f1, L:/127.0.0.1:55499 - R:localhost/127.0.0.1:63016]
12:57:54.019 [Forwarding sendKeysToElement on session 7f755e99d242af6e4f5b319085b81ac5 to remote] DEBUG org.asynchttpclient.netty.request.NettyRequestSender - Using pooled Channel '[id: 0xe2f0e0f1, L:/127.0.0.1:55499 - R:localhost/127.0.0.1:63016]' for 'POST' to 'http://localhost:63016/session/7f755e99d242af6e4f5b319085b81ac5/element/72880dad-c7c8-4b6c-a8e9-b90d9f34ba42/value'
12:57:54.019 [Forwarding sendKeysToElement on session 7f755e99d242af6e4f5b319085b81ac5 to remote] DEBUG org.asynchttpclient.netty.request.NettyRequestSender - Using open Channel [id: 0xe2f0e0f1, L:/127.0.0.1:55499 - R:localhost/127.0.0.1:63016] for POST '/session/7f755e99d242af6e4f5b319085b81ac5/element/72880dad-c7c8-4b6c-a8e9-b90d9f34ba42/value'
12:57:54.164 [AsyncHttpClient-1-29] DEBUG org.asynchttpclient.netty.handler.HttpHandler - 

Request DefaultHttpRequest(decodeResult: success, version: HTTP/1.1)
POST /session/7f755e99d242af6e4f5b319085b81ac5/element/72880dad-c7c8-4b6c-a8e9-b90d9f34ba42/value HTTP/1.1
User-Agent: selenium/4.1.2 (java windows)
Content-Length: 241
Content-Type: application/json; charset=utf-8
host: localhost:63016
accept: */*

Response DefaultHttpResponse(decodeResult: success, version: HTTP/1.1)
HTTP/1.1 200 OK
Content-Type: application/json; charset=utf-8
cache-control: no-cache
content-length: 14

12:57:54.164 [AsyncHttpClient-1-29] DEBUG org.asynchttpclient.netty.channel.ChannelManager - Adding key: http://localhost:63016 for channel [id: 0xe2f0e0f1, L:/127.0.0.1:55499 - R:localhost/127.0.0.1:63016]
12:57:54.167 [Forwarding findElement on session 7f755e99d242af6e4f5b319085b81ac5 to remote] DEBUG org.asynchttpclient.netty.request.NettyRequestSender - Using pooled Channel '[id: 0xe2f0e0f1, L:/127.0.0.1:55499 - R:localhost/127.0.0.1:63016]' for 'POST' to 'http://localhost:63016/session/7f755e99d242af6e4f5b319085b81ac5/element'
12:57:54.167 [Forwarding findElement on session 7f755e99d242af6e4f5b319085b81ac5 to remote] DEBUG org.asynchttpclient.netty.request.NettyRequestSender - Using open Channel [id: 0xe2f0e0f1, L:/127.0.0.1:55499 - R:localhost/127.0.0.1:63016] for POST '/session/7f755e99d242af6e4f5b319085b81ac5/element'
12:57:54.172 [AsyncHttpClient-1-1] DEBUG org.asynchttpclient.netty.channel.DefaultChannelPool - Entry count for : http://localhost:55500 : 1
12:57:54.179 [AsyncHttpClient-1-29] DEBUG org.asynchttpclient.netty.handler.HttpHandler - 

Request DefaultHttpRequest(decodeResult: success, version: HTTP/1.1)
POST /session/7f755e99d242af6e4f5b319085b81ac5/element HTTP/1.1
User-Agent: selenium/4.1.2 (java windows)
Content-Length: 321
Content-Type: application/json; charset=utf-8
host: localhost:63016
accept: */*

Response DefaultHttpResponse(decodeResult: success, version: HTTP/1.1)
HTTP/1.1 200 OK
Content-Type: application/json; charset=utf-8
cache-control: no-cache
content-length: 88

12:57:54.179 [AsyncHttpClient-1-29] DEBUG org.asynchttpclient.netty.channel.ChannelManager - Adding key: http://localhost:63016 for channel [id: 0xe2f0e0f1, L:/127.0.0.1:55499 - R:localhost/127.0.0.1:63016]
12:57:54.180 [Forwarding getElementTagName on session 7f755e99d242af6e4f5b319085b81ac5 to remote] DEBUG org.asynchttpclient.netty.request.NettyRequestSender - Using pooled Channel '[id: 0xe2f0e0f1, L:/127.0.0.1:55499 - R:localhost/127.0.0.1:63016]' for 'GET' to 'http://localhost:63016/session/7f755e99d242af6e4f5b319085b81ac5/element/ab32b831-9a3b-4a83-ae9b-60ce7160a398/name'
12:57:54.180 [Forwarding getElementTagName on session 7f755e99d242af6e4f5b319085b81ac5 to remote] DEBUG org.asynchttpclient.netty.request.NettyRequestSender - Using open Channel [id: 0xe2f0e0f1, L:/127.0.0.1:55499 - R:localhost/127.0.0.1:63016] for GET '/session/7f755e99d242af6e4f5b319085b81ac5/element/ab32b831-9a3b-4a83-ae9b-60ce7160a398/name'
12:57:54.183 [AsyncHttpClient-1-29] DEBUG org.asynchttpclient.netty.handler.HttpHandler - 

Request DefaultFullHttpRequest(decodeResult: success, version: HTTP/1.1, content: EmptyByteBufBE)
GET /session/7f755e99d242af6e4f5b319085b81ac5/element/ab32b831-9a3b-4a83-ae9b-60ce7160a398/name HTTP/1.1
User-Agent: selenium/4.1.2 (java windows)
Cache-Control: no-cache
Content-Type: application/json; charset=utf-8
host: localhost:63016
accept: */*

Response DefaultHttpResponse(decodeResult: success, version: HTTP/1.1)
HTTP/1.1 200 OK
Content-Type: application/json; charset=utf-8
cache-control: no-cache
content-length: 18

12:57:54.184 [AsyncHttpClient-1-29] DEBUG org.asynchttpclient.netty.channel.ChannelManager - Adding key: http://localhost:63016 for channel [id: 0xe2f0e0f1, L:/127.0.0.1:55499 - R:localhost/127.0.0.1:63016]
12:57:54.188 [Forwarding getElementTagName on session 7f755e99d242af6e4f5b319085b81ac5 to remote] DEBUG org.asynchttpclient.netty.request.NettyRequestSender - Using pooled Channel '[id: 0xe2f0e0f1, L:/127.0.0.1:55499 - R:localhost/127.0.0.1:63016]' for 'GET' to 'http://localhost:63016/session/7f755e99d242af6e4f5b319085b81ac5/element/ab32b831-9a3b-4a83-ae9b-60ce7160a398/name'
12:57:54.188 [Forwarding getElementTagName on session 7f755e99d242af6e4f5b319085b81ac5 to remote] DEBUG org.asynchttpclient.netty.request.NettyRequestSender - Using open Channel [id: 0xe2f0e0f1, L:/127.0.0.1:55499 - R:localhost/127.0.0.1:63016] for GET '/session/7f755e99d242af6e4f5b319085b81ac5/element/ab32b831-9a3b-4a83-ae9b-60ce7160a398/name'
12:57:54.192 [AsyncHttpClient-1-29] DEBUG org.asynchttpclient.netty.handler.HttpHandler - 

Request DefaultFullHttpRequest(decodeResult: success, version: HTTP/1.1, content: EmptyByteBufBE)
GET /session/7f755e99d242af6e4f5b319085b81ac5/element/ab32b831-9a3b-4a83-ae9b-60ce7160a398/name HTTP/1.1
User-Agent: selenium/4.1.2 (java windows)
Cache-Control: no-cache
Content-Type: application/json; charset=utf-8
host: localhost:63016
accept: */*

Response DefaultHttpResponse(decodeResult: success, version: HTTP/1.1)
HTTP/1.1 200 OK
Content-Type: application/json; charset=utf-8
cache-control: no-cache
content-length: 18

12:57:54.192 [AsyncHttpClient-1-29] DEBUG org.asynchttpclient.netty.channel.ChannelManager - Adding key: http://localhost:63016 for channel [id: 0xe2f0e0f1, L:/127.0.0.1:55499 - R:localhost/127.0.0.1:63016]
12:57:54.193 [Forwarding isElementEnabled on session 7f755e99d242af6e4f5b319085b81ac5 to remote] DEBUG org.asynchttpclient.netty.request.NettyRequestSender - Using pooled Channel '[id: 0xe2f0e0f1, L:/127.0.0.1:55499 - R:localhost/127.0.0.1:63016]' for 'GET' to 'http://localhost:63016/session/7f755e99d242af6e4f5b319085b81ac5/element/ab32b831-9a3b-4a83-ae9b-60ce7160a398/enabled'
12:57:54.193 [Forwarding isElementEnabled on session 7f755e99d242af6e4f5b319085b81ac5 to remote] DEBUG org.asynchttpclient.netty.request.NettyRequestSender - Using open Channel [id: 0xe2f0e0f1, L:/127.0.0.1:55499 - R:localhost/127.0.0.1:63016] for GET '/session/7f755e99d242af6e4f5b319085b81ac5/element/ab32b831-9a3b-4a83-ae9b-60ce7160a398/enabled'
12:57:54.198 [AsyncHttpClient-1-29] DEBUG org.asynchttpclient.netty.handler.HttpHandler - 

Request DefaultFullHttpRequest(decodeResult: success, version: HTTP/1.1, content: EmptyByteBufBE)
GET /session/7f755e99d242af6e4f5b319085b81ac5/element/ab32b831-9a3b-4a83-ae9b-60ce7160a398/enabled HTTP/1.1
User-Agent: selenium/4.1.2 (java windows)
Cache-Control: no-cache
Content-Type: application/json; charset=utf-8
host: localhost:63016
accept: */*

Response DefaultHttpResponse(decodeResult: success, version: HTTP/1.1)
HTTP/1.1 200 OK
Content-Type: application/json; charset=utf-8
cache-control: no-cache
content-length: 14

12:57:54.199 [AsyncHttpClient-1-29] DEBUG org.asynchttpclient.netty.channel.ChannelManager - Adding key: http://localhost:63016 for channel [id: 0xe2f0e0f1, L:/127.0.0.1:55499 - R:localhost/127.0.0.1:63016]
12:57:54.200 [Forwarding isElementEnabled on session 7f755e99d242af6e4f5b319085b81ac5 to remote] DEBUG org.asynchttpclient.netty.request.NettyRequestSender - Using pooled Channel '[id: 0xe2f0e0f1, L:/127.0.0.1:55499 - R:localhost/127.0.0.1:63016]' for 'GET' to 'http://localhost:63016/session/7f755e99d242af6e4f5b319085b81ac5/element/ab32b831-9a3b-4a83-ae9b-60ce7160a398/enabled'
12:57:54.200 [Forwarding isElementEnabled on session 7f755e99d242af6e4f5b319085b81ac5 to remote] DEBUG org.asynchttpclient.netty.request.NettyRequestSender - Using open Channel [id: 0xe2f0e0f1, L:/127.0.0.1:55499 - R:localhost/127.0.0.1:63016] for GET '/session/7f755e99d242af6e4f5b319085b81ac5/element/ab32b831-9a3b-4a83-ae9b-60ce7160a398/enabled'
12:57:54.203 [AsyncHttpClient-1-29] DEBUG org.asynchttpclient.netty.handler.HttpHandler - 

Request DefaultFullHttpRequest(decodeResult: success, version: HTTP/1.1, content: EmptyByteBufBE)
GET /session/7f755e99d242af6e4f5b319085b81ac5/element/ab32b831-9a3b-4a83-ae9b-60ce7160a398/enabled HTTP/1.1
User-Agent: selenium/4.1.2 (java windows)
Cache-Control: no-cache
Content-Type: application/json; charset=utf-8
host: localhost:63016
accept: */*

Response DefaultHttpResponse(decodeResult: success, version: HTTP/1.1)
HTTP/1.1 200 OK
Content-Type: application/json; charset=utf-8
cache-control: no-cache
content-length: 14

12:57:54.203 [AsyncHttpClient-1-29] DEBUG org.asynchttpclient.netty.channel.ChannelManager - Adding key: http://localhost:63016 for channel [id: 0xe2f0e0f1, L:/127.0.0.1:55499 - R:localhost/127.0.0.1:63016]
12:57:54.205 [Forwarding findElement on session 7f755e99d242af6e4f5b319085b81ac5 to remote] DEBUG org.asynchttpclient.netty.request.NettyRequestSender - Using pooled Channel '[id: 0xe2f0e0f1, L:/127.0.0.1:55499 - R:localhost/127.0.0.1:63016]' for 'POST' to 'http://localhost:63016/session/7f755e99d242af6e4f5b319085b81ac5/element'
12:57:54.205 [Forwarding findElement on session 7f755e99d242af6e4f5b319085b81ac5 to remote] DEBUG org.asynchttpclient.netty.request.NettyRequestSender - Using open Channel [id: 0xe2f0e0f1, L:/127.0.0.1:55499 - R:localhost/127.0.0.1:63016] for POST '/session/7f755e99d242af6e4f5b319085b81ac5/element'
12:57:54.213 [AsyncHttpClient-1-29] DEBUG org.asynchttpclient.netty.handler.HttpHandler - 

Request DefaultHttpRequest(decodeResult: success, version: HTTP/1.1)
POST /session/7f755e99d242af6e4f5b319085b81ac5/element HTTP/1.1
User-Agent: selenium/4.1.2 (java windows)
Content-Length: 321
Content-Type: application/json; charset=utf-8
host: localhost:63016
accept: */*

Response DefaultHttpResponse(decodeResult: success, version: HTTP/1.1)
HTTP/1.1 200 OK
Content-Type: application/json; charset=utf-8
cache-control: no-cache
content-length: 88

12:57:54.213 [AsyncHttpClient-1-29] DEBUG org.asynchttpclient.netty.channel.ChannelManager - Adding key: http://localhost:63016 for channel [id: 0xe2f0e0f1, L:/127.0.0.1:55499 - R:localhost/127.0.0.1:63016]
12:57:54.215 [Forwarding clickElement on session 7f755e99d242af6e4f5b319085b81ac5 to remote] DEBUG org.asynchttpclient.netty.request.NettyRequestSender - Using pooled Channel '[id: 0xe2f0e0f1, L:/127.0.0.1:55499 - R:localhost/127.0.0.1:63016]' for 'POST' to 'http://localhost:63016/session/7f755e99d242af6e4f5b319085b81ac5/element/ab32b831-9a3b-4a83-ae9b-60ce7160a398/click'
12:57:54.215 [Forwarding clickElement on session 7f755e99d242af6e4f5b319085b81ac5 to remote] DEBUG org.asynchttpclient.netty.request.NettyRequestSender - Using open Channel [id: 0xe2f0e0f1, L:/127.0.0.1:55499 - R:localhost/127.0.0.1:63016] for POST '/session/7f755e99d242af6e4f5b319085b81ac5/element/ab32b831-9a3b-4a83-ae9b-60ce7160a398/click'
12:57:54.276 [AsyncHttpClient-1-29] DEBUG org.asynchttpclient.netty.handler.HttpHandler - 

Request DefaultHttpRequest(decodeResult: success, version: HTTP/1.1)
POST /session/7f755e99d242af6e4f5b319085b81ac5/element/ab32b831-9a3b-4a83-ae9b-60ce7160a398/click HTTP/1.1
User-Agent: selenium/4.1.2 (java windows)
Content-Length: 50
Content-Type: application/json; charset=utf-8
host: localhost:63016
accept: */*

Response DefaultHttpResponse(decodeResult: success, version: HTTP/1.1)
HTTP/1.1 200 OK
Content-Type: application/json; charset=utf-8
cache-control: no-cache
content-length: 14

12:57:54.276 [AsyncHttpClient-1-29] DEBUG org.asynchttpclient.netty.channel.ChannelManager - Adding key: http://localhost:63016 for channel [id: 0xe2f0e0f1, L:/127.0.0.1:55499 - R:localhost/127.0.0.1:63016]
  &amp#27;[32mAnd &amp#27;[0m&amp#27;[32mI have logged in&amp#27;[0m                          &amp#27;[90m# starter.stepdefinitions.ManageVaccinationBookingsSteps.iHaveLoggedIn()&amp#27;[0m
12:57:54.283 [Forwarding screenshot on session 7f755e99d242af6e4f5b319085b81ac5 to remote] DEBUG org.asynchttpclient.netty.request.NettyRequestSender - Using pooled Channel '[id: 0xe2f0e0f1, L:/127.0.0.1:55499 - R:localhost/127.0.0.1:63016]' for 'GET' to 'http://localhost:63016/session/7f755e99d242af6e4f5b319085b81ac5/screenshot'
12:57:54.283 [Forwarding screenshot on session 7f755e99d242af6e4f5b319085b81ac5 to remote] DEBUG org.asynchttpclient.netty.request.NettyRequestSender - Using open Channel [id: 0xe2f0e0f1, L:/127.0.0.1:55499 - R:localhost/127.0.0.1:63016] for GET '/session/7f755e99d242af6e4f5b319085b81ac5/screenshot'
12:57:54.406 [AsyncHttpClient-1-29] DEBUG org.asynchttpclient.netty.handler.HttpHandler - 

Request DefaultFullHttpRequest(decodeResult: success, version: HTTP/1.1, content: EmptyByteBufBE)
GET /session/7f755e99d242af6e4f5b319085b81ac5/screenshot HTTP/1.1
User-Agent: selenium/4.1.2 (java windows)
Cache-Control: no-cache
Content-Type: application/json; charset=utf-8
host: localhost:63016
accept: */*

Response DefaultHttpResponse(decodeResult: success, version: HTTP/1.1)
HTTP/1.1 200 OK
Content-Type: application/json; charset=utf-8
cache-control: no-cache
content-length: 116168

12:57:54.407 [AsyncHttpClient-1-29] DEBUG org.asynchttpclient.netty.channel.ChannelManager - Adding key: http://localhost:63016 for channel [id: 0xe2f0e0f1, L:/127.0.0.1:55499 - R:localhost/127.0.0.1:63016]
12:57:54.410 [main] DEBUG net.serenitybdd.core.photography.Darkroom - Send negative for processing for target\site\serenity\8a1e8b3e0f4a5a7e9a2b4089d142d5be427775de70536d421356d6a1a1efe82e.png
12:57:54.410 [Darkroom Processing Line] DEBUG net.serenitybdd.core.photography.DarkroomProcessingLine - Processing screenshot image in /var/screenshots/screenshot-9576194487787148563
12:57:54.410 [Darkroom Processing Line] DEBUG net.serenitybdd.core.photography.DarkroomProcessingLine - Saving screenshot to target\site\serenity\8a1e8b3e0f4a5a7e9a2b4089d142d5be427775de70536d421356d6a1a1efe82e.png
12:57:54.419 [Forwarding findElement on session 7f755e99d242af6e4f5b319085b81ac5 to remote] DEBUG org.asynchttpclient.netty.request.NettyRequestSender - Using pooled Channel '[id: 0xe2f0e0f1, L:/127.0.0.1:55499 - R:localhost/127.0.0.1:63016]' for 'POST' to 'http://localhost:63016/session/7f755e99d242af6e4f5b319085b81ac5/element'
12:57:54.420 [Forwarding findElement on session 7f755e99d242af6e4f5b319085b81ac5 to remote] DEBUG org.asynchttpclient.netty.request.NettyRequestSender - Using open Channel [id: 0xe2f0e0f1, L:/127.0.0.1:55499 - R:localhost/127.0.0.1:63016] for POST '/session/7f755e99d242af6e4f5b319085b81ac5/element'
12:57:54.748 [AsyncHttpClient-1-29] DEBUG org.asynchttpclient.netty.handler.HttpHandler - 

Request DefaultHttpRequest(decodeResult: success, version: HTTP/1.1)
POST /session/7f755e99d242af6e4f5b319085b81ac5/element HTTP/1.1
User-Agent: selenium/4.1.2 (java windows)
Content-Length: 80
Content-Type: application/json; charset=utf-8
host: localhost:63016
accept: */*

Response DefaultHttpResponse(decodeResult: success, version: HTTP/1.1)
HTTP/1.1 200 OK
Content-Type: application/json; charset=utf-8
cache-control: no-cache
content-length: 88

12:57:54.748 [AsyncHttpClient-1-29] DEBUG org.asynchttpclient.netty.channel.ChannelManager - Adding key: http://localhost:63016 for channel [id: 0xe2f0e0f1, L:/127.0.0.1:55499 - R:localhost/127.0.0.1:63016]
12:57:54.749 [Forwarding getElementTagName on session 7f755e99d242af6e4f5b319085b81ac5 to remote] DEBUG org.asynchttpclient.netty.request.NettyRequestSender - Using pooled Channel '[id: 0xe2f0e0f1, L:/127.0.0.1:55499 - R:localhost/127.0.0.1:63016]' for 'GET' to 'http://localhost:63016/session/7f755e99d242af6e4f5b319085b81ac5/element/0c3cdea0-d478-4017-920b-4e3b7fe80eaf/name'
12:57:54.749 [Forwarding getElementTagName on session 7f755e99d242af6e4f5b319085b81ac5 to remote] DEBUG org.asynchttpclient.netty.request.NettyRequestSender - Using open Channel [id: 0xe2f0e0f1, L:/127.0.0.1:55499 - R:localhost/127.0.0.1:63016] for GET '/session/7f755e99d242af6e4f5b319085b81ac5/element/0c3cdea0-d478-4017-920b-4e3b7fe80eaf/name'
12:57:54.752 [AsyncHttpClient-1-29] DEBUG org.asynchttpclient.netty.handler.HttpHandler - 

Request DefaultFullHttpRequest(decodeResult: success, version: HTTP/1.1, content: EmptyByteBufBE)
GET /session/7f755e99d242af6e4f5b319085b81ac5/element/0c3cdea0-d478-4017-920b-4e3b7fe80eaf/name HTTP/1.1
User-Agent: selenium/4.1.2 (java windows)
Cache-Control: no-cache
Content-Type: application/json; charset=utf-8
host: localhost:63016
accept: */*

Response DefaultHttpResponse(decodeResult: success, version: HTTP/1.1)
HTTP/1.1 200 OK
Content-Type: application/json; charset=utf-8
cache-control: no-cache
content-length: 13

12:57:54.753 [AsyncHttpClient-1-29] DEBUG org.asynchttpclient.netty.channel.ChannelManager - Adding key: http://localhost:63016 for channel [id: 0xe2f0e0f1, L:/127.0.0.1:55499 - R:localhost/127.0.0.1:63016]
12:57:54.755 [Forwarding getElementTagName on session 7f755e99d242af6e4f5b319085b81ac5 to remote] DEBUG org.asynchttpclient.netty.request.NettyRequestSender - Using pooled Channel '[id: 0xe2f0e0f1, L:/127.0.0.1:55499 - R:localhost/127.0.0.1:63016]' for 'GET' to 'http://localhost:63016/session/7f755e99d242af6e4f5b319085b81ac5/element/0c3cdea0-d478-4017-920b-4e3b7fe80eaf/name'
12:57:54.755 [Forwarding getElementTagName on session 7f755e99d242af6e4f5b319085b81ac5 to remote] DEBUG org.asynchttpclient.netty.request.NettyRequestSender - Using open Channel [id: 0xe2f0e0f1, L:/127.0.0.1:55499 - R:localhost/127.0.0.1:63016] for GET '/session/7f755e99d242af6e4f5b319085b81ac5/element/0c3cdea0-d478-4017-920b-4e3b7fe80eaf/name'
12:57:54.758 [AsyncHttpClient-1-29] DEBUG org.asynchttpclient.netty.handler.HttpHandler - 

Request DefaultFullHttpRequest(decodeResult: success, version: HTTP/1.1, content: EmptyByteBufBE)
GET /session/7f755e99d242af6e4f5b319085b81ac5/element/0c3cdea0-d478-4017-920b-4e3b7fe80eaf/name HTTP/1.1
User-Agent: selenium/4.1.2 (java windows)
Cache-Control: no-cache
Content-Type: application/json; charset=utf-8
host: localhost:63016
accept: */*

Response DefaultHttpResponse(decodeResult: success, version: HTTP/1.1)
HTTP/1.1 200 OK
Content-Type: application/json; charset=utf-8
cache-control: no-cache
content-length: 13

12:57:54.758 [AsyncHttpClient-1-29] DEBUG org.asynchttpclient.netty.channel.ChannelManager - Adding key: http://localhost:63016 for channel [id: 0xe2f0e0f1, L:/127.0.0.1:55499 - R:localhost/127.0.0.1:63016]
12:57:54.761 [Forwarding findElement on session 7f755e99d242af6e4f5b319085b81ac5 to remote] DEBUG org.asynchttpclient.netty.request.NettyRequestSender - Using pooled Channel '[id: 0xe2f0e0f1, L:/127.0.0.1:55499 - R:localhost/127.0.0.1:63016]' for 'POST' to 'http://localhost:63016/session/7f755e99d242af6e4f5b319085b81ac5/element'
12:57:54.761 [Forwarding findElement on session 7f755e99d242af6e4f5b319085b81ac5 to remote] DEBUG org.asynchttpclient.netty.request.NettyRequestSender - Using open Channel [id: 0xe2f0e0f1, L:/127.0.0.1:55499 - R:localhost/127.0.0.1:63016] for POST '/session/7f755e99d242af6e4f5b319085b81ac5/element'
12:57:54.767 [AsyncHttpClient-1-29] DEBUG org.asynchttpclient.netty.handler.HttpHandler - 

Request DefaultHttpRequest(decodeResult: success, version: HTTP/1.1)
POST /session/7f755e99d242af6e4f5b319085b81ac5/element HTTP/1.1
User-Agent: selenium/4.1.2 (java windows)
Content-Length: 80
Content-Type: application/json; charset=utf-8
host: localhost:63016
accept: */*

Response DefaultHttpResponse(decodeResult: success, version: HTTP/1.1)
HTTP/1.1 200 OK
Content-Type: application/json; charset=utf-8
cache-control: no-cache
content-length: 88

12:57:54.767 [AsyncHttpClient-1-29] DEBUG org.asynchttpclient.netty.channel.ChannelManager - Adding key: http://localhost:63016 for channel [id: 0xe2f0e0f1, L:/127.0.0.1:55499 - R:localhost/127.0.0.1:63016]
12:57:54.768 [Forwarding clickElement on session 7f755e99d242af6e4f5b319085b81ac5 to remote] DEBUG org.asynchttpclient.netty.request.NettyRequestSender - Using pooled Channel '[id: 0xe2f0e0f1, L:/127.0.0.1:55499 - R:localhost/127.0.0.1:63016]' for 'POST' to 'http://localhost:63016/session/7f755e99d242af6e4f5b319085b81ac5/element/0c3cdea0-d478-4017-920b-4e3b7fe80eaf/click'
12:57:54.768 [Forwarding clickElement on session 7f755e99d242af6e4f5b319085b81ac5 to remote] DEBUG org.asynchttpclient.netty.request.NettyRequestSender - Using open Channel [id: 0xe2f0e0f1, L:/127.0.0.1:55499 - R:localhost/127.0.0.1:63016] for POST '/session/7f755e99d242af6e4f5b319085b81ac5/element/0c3cdea0-d478-4017-920b-4e3b7fe80eaf/click'
12:57:54.866 [AsyncHttpClient-1-29] DEBUG org.asynchttpclient.netty.handler.HttpHandler - 

Request DefaultHttpRequest(decodeResult: success, version: HTTP/1.1)
POST /session/7f755e99d242af6e4f5b319085b81ac5/element/0c3cdea0-d478-4017-920b-4e3b7fe80eaf/click HTTP/1.1
User-Agent: selenium/4.1.2 (java windows)
Content-Length: 50
Content-Type: application/json; charset=utf-8
host: localhost:63016
accept: */*

Response DefaultHttpResponse(decodeResult: success, version: HTTP/1.1)
HTTP/1.1 200 OK
Content-Type: application/json; charset=utf-8
cache-control: no-cache
content-length: 14

12:57:54.866 [AsyncHttpClient-1-29] DEBUG org.asynchttpclient.netty.channel.ChannelManager - Adding key: http://localhost:63016 for channel [id: 0xe2f0e0f1, L:/127.0.0.1:55499 - R:localhost/127.0.0.1:63016]
  &amp#27;[32mWhen &amp#27;[0m&amp#27;[32mI go to Book Vaksinasi page&amp#27;[0m              &amp#27;[90m# starter.stepdefinitions.ManageVaccinationBookingsSteps.iGoToBookVaksinasiPage()&amp#27;[0m
12:57:54.878 [Forwarding screenshot on session 7f755e99d242af6e4f5b319085b81ac5 to remote] DEBUG org.asynchttpclient.netty.request.NettyRequestSender - Using pooled Channel '[id: 0xe2f0e0f1, L:/127.0.0.1:55499 - R:localhost/127.0.0.1:63016]' for 'GET' to 'http://localhost:63016/session/7f755e99d242af6e4f5b319085b81ac5/screenshot'
12:57:54.879 [Forwarding screenshot on session 7f755e99d242af6e4f5b319085b81ac5 to remote] DEBUG org.asynchttpclient.netty.request.NettyRequestSender - Using open Channel [id: 0xe2f0e0f1, L:/127.0.0.1:55499 - R:localhost/127.0.0.1:63016] for GET '/session/7f755e99d242af6e4f5b319085b81ac5/screenshot'
12:57:55.063 [AsyncHttpClient-1-29] DEBUG org.asynchttpclient.netty.handler.HttpHandler - 

Request DefaultFullHttpRequest(decodeResult: success, version: HTTP/1.1, content: EmptyByteBufBE)
GET /session/7f755e99d242af6e4f5b319085b81ac5/screenshot HTTP/1.1
User-Agent: selenium/4.1.2 (java windows)
Cache-Control: no-cache
Content-Type: application/json; charset=utf-8
host: localhost:63016
accept: */*

Response DefaultHttpResponse(decodeResult: success, version: HTTP/1.1)
HTTP/1.1 200 OK
Content-Type: application/json; charset=utf-8
cache-control: no-cache
content-length: 106616

12:57:55.063 [AsyncHttpClient-1-29] DEBUG org.asynchttpclient.netty.channel.ChannelManager - Adding key: http://localhost:63016 for channel [id: 0xe2f0e0f1, L:/127.0.0.1:55499 - R:localhost/127.0.0.1:63016]
12:57:55.066 [main] DEBUG net.serenitybdd.core.photography.Darkroom - Send negative for processing for target\site\serenity\f8b5acc8d95a2eefd71c0607088156eaf29aa599b312cddf0cfe4b268bdd4c0f.png
12:57:55.067 [Darkroom Processing Line] DEBUG net.serenitybdd.core.photography.DarkroomProcessingLine - Processing screenshot image in /var/screenshots/screenshot-5083978643038504941
12:57:55.067 [Darkroom Processing Line] DEBUG net.serenitybdd.core.photography.DarkroomProcessingLine - Saving screenshot to target\site\serenity\f8b5acc8d95a2eefd71c0607088156eaf29aa599b312cddf0cfe4b268bdd4c0f.png
  &amp#27;[32mAnd &amp#27;[0m&amp#27;[32mI click the dots on the top right of page&amp#27;[0m &amp#27;[90m# starter.stepdefinitions.ManageVaccinationBookingsSteps.iClickTheDotsOnTheTopRightOfPage()&amp#27;[0m
  &amp#27;[32mAnd &amp#27;[0m&amp#27;[32mI click Dosis button&amp#27;[0m                      &amp#27;[90m# starter.stepdefinitions.ManageVaccinationBookingsSteps.iClickDosisButton()&amp#27;[0m
  &amp#27;[32mAnd &amp#27;[0m&amp#27;[32mI select dose&amp#27;[0m                             &amp#27;[90m# starter.stepdefinitions.ManageVaccinationBookingsSteps.iSelectDose()&amp#27;[0m
12:57:55.119 [Forwarding screenshot on session 7f755e99d242af6e4f5b319085b81ac5 to remote] DEBUG org.asynchttpclient.netty.request.NettyRequestSender - Using pooled Channel '[id: 0xe2f0e0f1, L:/127.0.0.1:55499 - R:localhost/127.0.0.1:63016]' for 'GET' to 'http://localhost:63016/session/7f755e99d242af6e4f5b319085b81ac5/screenshot'
12:57:55.119 [Forwarding screenshot on session 7f755e99d242af6e4f5b319085b81ac5 to remote] DEBUG org.asynchttpclient.netty.request.NettyRequestSender - Using open Channel [id: 0xe2f0e0f1, L:/127.0.0.1:55499 - R:localhost/127.0.0.1:63016] for GET '/session/7f755e99d242af6e4f5b319085b81ac5/screenshot'
12:57:55.272 [AsyncHttpClient-1-1] DEBUG org.asynchttpclient.netty.channel.DefaultChannelPool - Entry count for : http://localhost:55500 : 1
12:57:55.274 [AsyncHttpClient-1-29] DEBUG org.asynchttpclient.netty.handler.HttpHandler - 

Request DefaultFullHttpRequest(decodeResult: success, version: HTTP/1.1, content: EmptyByteBufBE)
GET /session/7f755e99d242af6e4f5b319085b81ac5/screenshot HTTP/1.1
User-Agent: selenium/4.1.2 (java windows)
Cache-Control: no-cache
Content-Type: application/json; charset=utf-8
host: localhost:63016
accept: */*

Response DefaultHttpResponse(decodeResult: success, version: HTTP/1.1)
HTTP/1.1 200 OK
Content-Type: application/json; charset=utf-8
cache-control: no-cache
content-length: 128264

12:57:55.276 [AsyncHttpClient-1-29] DEBUG org.asynchttpclient.netty.channel.ChannelManager - Adding key: http://localhost:63016 for channel [id: 0xe2f0e0f1, L:/127.0.0.1:55499 - R:localhost/127.0.0.1:63016]
12:57:55.282 [main] DEBUG net.serenitybdd.core.photography.Darkroom - Send negative for processing for target\site\serenity\c5b61c1f121f496030802d21be868e24acd44ba9b325b8094e3587af982150cb.png
12:57:55.284 [Darkroom Processing Line] DEBUG net.serenitybdd.core.photography.DarkroomProcessingLine - Processing screenshot image in /var/screenshots/screenshot-2461684507494691595
12:57:55.284 [Darkroom Processing Line] DEBUG net.serenitybdd.core.photography.DarkroomProcessingLine - Saving screenshot to target\site\serenity\c5b61c1f121f496030802d21be868e24acd44ba9b325b8094e3587af982150cb.png
  &amp#27;[32mThen &amp#27;[0m&amp#27;[32mbookings will be sorted by dose&amp#27;[0m          &amp#27;[90m# starter.stepdefinitions.ManageVaccinationBookingsSteps.bookingsWillBeSortedByDose()&amp#27;[0m
12:57:55.305 [main] INFO  - 
  _____   ___   ___   _____     ___     _     ___   ___   ___   ___  
 |_   _| | __| / __| |_   _|   | _ \   /_\   / __| / __| | __| |   \ 
   | |   | _|  \__ \   | |     |  _/  / _ \  \__ \ \__ \ | _|  | |) |
   |_|   |___| |___/   |_|     |_|   /_/ \_\ |___/ |___/ |___| |___/ 

Sort vaccination bookings by dose
----------------------------------------------------------------------
12:57:55.307 [AsyncHttpClient-1-31] DEBUG org.asynchttpclient.netty.handler.WebSocketHandler - Channel Closed: [id: 0x5a005d90, L:/127.0.0.1:55507 ! R:localhost/127.0.0.1:55500] with attribute NettyResponseFuture{currentRetry=5,
	isDone=1,
	isCancelled=0,
	asyncHandler=org.asynchttpclient.ws.WebSocketUpgradeHandler@1f27e25d,
	nettyRequest=org.asynchttpclient.netty.request.NettyRequest@5a257fdd,
	future=java.util.concurrent.CompletableFuture@335a1355[Completed normally],
	uri=ws://localhost:55500/devtools/browser/8822c7d4-7e00-4b08-a874-37b0f1334815,
	keepAlive=true,
	redirectCount=0,
	timeoutsHolder=null,
	inAuth=0,
	touch=1671429471960}
12:57:55.307 [AsyncHttpClient-1-31] DEBUG org.asynchttpclient.netty.channel.ChannelManager - Closing Channel [id: 0x5a005d90, L:/127.0.0.1:55507 ! R:localhost/127.0.0.1:55500] 
12:57:55.307 [Driver Command Executor] DEBUG org.asynchttpclient.netty.request.NettyRequestSender - Using pooled Channel '[id: 0xe2f0e0f1, L:/127.0.0.1:55499 - R:localhost/127.0.0.1:63016]' for 'DELETE' to 'http://localhost:63016/session/7f755e99d242af6e4f5b319085b81ac5'
12:57:55.307 [Driver Command Executor] DEBUG org.asynchttpclient.netty.request.NettyRequestSender - Using open Channel [id: 0xe2f0e0f1, L:/127.0.0.1:55499 - R:localhost/127.0.0.1:63016] for DELETE '/session/7f755e99d242af6e4f5b319085b81ac5'
12:57:55.335 [AsyncHttpClient-1-30] DEBUG org.asynchttpclient.netty.handler.HttpHandler - Unexpected I/O exception on channel [id: 0xca821027, L:/127.0.0.1:55506 - R:localhost/127.0.0.1:55500]
java.io.IOException: An existing connection was forcibly closed by the remote host
	at java.base/sun.nio.ch.SocketDispatcher.read0(Native Method)
	at java.base/sun.nio.ch.SocketDispatcher.read(SocketDispatcher.java:43)
	at java.base/sun.nio.ch.IOUtil.readIntoNativeBuffer(IOUtil.java:276)
	at java.base/sun.nio.ch.IOUtil.read(IOUtil.java:233)
	at java.base/sun.nio.ch.IOUtil.read(IOUtil.java:223)
	at java.base/sun.nio.ch.SocketChannelImpl.read(SocketChannelImpl.java:358)
	at io.netty.buffer.PooledByteBuf.setBytes(PooledByteBuf.java:258)
	at io.netty.buffer.AbstractByteBuf.writeBytes(AbstractByteBuf.java:1132)
	at io.netty.channel.socket.nio.NioSocketChannel.doReadBytes(NioSocketChannel.java:350)
	at io.netty.channel.nio.AbstractNioByteChannel$NioByteUnsafe.read(AbstractNioByteChannel.java:151)
	at io.netty.channel.nio.NioEventLoop.processSelectedKey(NioEventLoop.java:722)
	at io.netty.channel.nio.NioEventLoop.processSelectedKeysOptimized(NioEventLoop.java:658)
	at io.netty.channel.nio.NioEventLoop.processSelectedKeys(NioEventLoop.java:584)
	at io.netty.channel.nio.NioEventLoop.run(NioEventLoop.java:496)
	at io.netty.util.concurrent.SingleThreadEventExecutor$4.run(SingleThreadEventExecutor.java:986)
	at io.netty.util.internal.ThreadExecutorMap$2.run(ThreadExecutorMap.java:74)
	at io.netty.util.concurrent.FastThreadLocalRunnable.run(FastThreadLocalRunnable.java:30)
	at java.base/java.lang.Thread.run(Thread.java:834)
12:57:55.335 [AsyncHttpClient-1-30] DEBUG org.asynchttpclient.netty.channel.ChannelManager - Closing Channel [id: 0xca821027, L:/127.0.0.1:55506 - R:localhost/127.0.0.1:55500] 
12:57:55.335 [AsyncHttpClient-1-30] DEBUG org.asynchttpclient.netty.handler.HttpHandler - Channel Closed: [id: 0xca821027, L:/127.0.0.1:55506 ! R:localhost/127.0.0.1:55500] with attribute DISCARD
12:57:55.364 [AsyncHttpClient-1-29] DEBUG org.asynchttpclient.netty.handler.HttpHandler - 

Request DefaultFullHttpRequest(decodeResult: success, version: HTTP/1.1, content: EmptyByteBufBE)
DELETE /session/7f755e99d242af6e4f5b319085b81ac5 HTTP/1.1
User-Agent: selenium/4.1.2 (java windows)
Content-Type: application/json; charset=utf-8
host: localhost:63016
accept: */*

Response DefaultHttpResponse(decodeResult: success, version: HTTP/1.1)
HTTP/1.1 200 OK
Content-Type: application/json; charset=utf-8
cache-control: no-cache
content-length: 14

12:57:55.365 [AsyncHttpClient-1-29] DEBUG org.asynchttpclient.netty.channel.ChannelManager - Adding key: http://localhost:63016 for channel [id: 0xe2f0e0f1, L:/127.0.0.1:55499 - R:localhost/127.0.0.1:63016]
12:57:55.409 [AsyncHttpClient-1-29] DEBUG org.asynchttpclient.netty.handler.HttpHandler - Channel Closed: [id: 0xe2f0e0f1, L:/127.0.0.1:55499 ! R:localhost/127.0.0.1:63016] with attribute DISCARD
]]></system-out>
    <system-err><![CDATA[Starting ChromeDriver 108.0.5359.71 (1e0e3868ee06e91ad636a874420e3ca3ae3756ac-refs/branch-heads/5359@{#1016}) on port 63016
Only local connections are allowed.
Please see https://chromedriver.chromium.org/security-considerations for suggestions on keeping ChromeDriver safe.
ChromeDriver was started successfully.
Dec 19, 2022 12:57:51 PM org.openqa.selenium.remote.ProtocolHandshake createSession
INFO: Detected dialect: W3C
Dec 19, 2022 12:57:51 PM org.openqa.selenium.devtools.CdpVersionFinder findNearestMatch
WARNING: Unable to find an exact match for CDP version 108, so returning the closest version found: a no-op implementation
Dec 19, 2022 12:57:51 PM org.openqa.selenium.devtools.CdpVersionFinder findNearestMatch
INFO: Unable to find CDP implementation matching 108.
Dec 19, 2022 12:57:51 PM org.openqa.selenium.chromium.ChromiumDriver lambda$new$3
WARNING: Unable to find version of CDP to use for . You may need to include a dependency on a specific version of the CDP using something similar to `org.seleniumhq.selenium:selenium-devtools-v86:4.1.2` where the version ("v86") matches the version of the chromium-based browser you're using and the version number of the artifact is the same as Selenium's.
]]></system-err>
  </testcase>
  <testcase name="(Vaccine names)" classname="Vaccine names" time="4.908">
    <system-out><![CDATA[12:57:55.488 [main] INFO io.cucumber.core.plugin.SerenityReporter - Running feature from file:///C:/Users/ASUSTUF/OneDrive/Documents/Capstone%20Project/Web%20Automation/src/test/resources/features/VaccineNames.feature
12:57:55.497 [main] DEBUG net.thucydides.core.steps.StepEventBus - Test suite started for story net.thucydides.core.model.Story@942a1b8b
12:57:55.498 [main] INFO  - Test Suite Started: Vaccine names

Scenario:                              &amp#27;[90m# src/test/resources/features/VaccineNames.feature:6&amp#27;[0m
12:57:55.518 [main] INFO io.cucumber.core.plugin.SerenityReporter - Running feature from file:///C:/Users/ASUSTUF/OneDrive/Documents/Capstone%20Project/Web%20Automation/src/test/resources/features/VaccineNames.feature
12:57:55.530 [main] INFO  - 
  _____   ___   ___   _____     ___   _____     _     ___   _____   ___   ___  
 |_   _| | __| / __| |_   _|   / __| |_   _|   /_\   | _ \ |_   _| | __| |   \ 
   | |   | _|  \__ \   | |     \__ \   | |    / _ \  |   /   | |   | _|  | |) |
   |_|   |___| |___/   |_|     |___/   |_|   /_/ \_\ |_|_\   |_|   |___| |___/ 

(vaccine-names;)
--------------------------------------------------------------------------------
12:57:55.581 [main] INFO net.serenitybdd.core.webdriver.driverproviders.ChromeDriverProvider - Using automatically driver download
12:57:55.672 [main] DEBUG io.github.bonigarcia.wdm.cache.ResolutionCache - Resolution chrome=108 in cache (valid until 13:44:30 19/12/2022 ICT)
12:57:55.675 [main] DEBUG io.github.bonigarcia.wdm.cache.ResolutionCache - Resolution chrome108=108.0.5359.71 in cache (valid until 12:44:30 20/12/2022 ICT)
12:57:55.678 [main] INFO io.github.bonigarcia.wdm.WebDriverManager - Using chromedriver 108.0.5359.71 (resolved driver for Chrome 108)
12:57:55.691 [main] DEBUG io.github.bonigarcia.wdm.WebDriverManager - Driver chromedriver 108.0.5359.71 found in cache
12:57:55.691 [main] INFO io.github.bonigarcia.wdm.WebDriverManager - Exporting webdriver.chrome.driver as C:\Users\ASUSTUF\.cache\selenium\chromedriver\win32\108.0.5359.71\chromedriver.exe
12:57:55.830 [main] DEBUG net.serenitybdd.core.webdriver.driverproviders.ProvideNewDriver - Instantiating driver
12:57:55.830 [main] DEBUG net.serenitybdd.core.webdriver.driverproviders.ProvideNewDriver - Driver capabilities: Capabilities {acceptInsecureCerts: false, base.url: https://vaksin-id.netlify.app/, browserName: chrome, chrome.driver: src/test/resources/webdrive..., driver: chrome, goog:chromeOptions: {args: [], extensions: []}}
12:57:56.229 [AsyncHttpClient-1-32] DEBUG org.asynchttpclient.netty.channel.NettyConnectListener - Using new Channel '[id: 0x882801e8, L:/127.0.0.1:55524 - R:localhost/127.0.0.1:58438]' for 'POST' to '/session'
12:57:56.372 [AsyncHttpClient-1-1] DEBUG org.asynchttpclient.netty.channel.DefaultChannelPool - Entry count for : http://localhost:63016 : 1
12:57:56.372 [AsyncHttpClient-1-1] DEBUG org.asynchttpclient.netty.channel.DefaultChannelPool - Entry count for : http://localhost:55500 : 1
12:57:56.372 [AsyncHttpClient-1-1] DEBUG org.asynchttpclient.netty.channel.DefaultChannelPool - Adding Candidate expired Channel [id: 0xe2f0e0f1, L:/127.0.0.1:55499 ! R:localhost/127.0.0.1:63016] isIdleTimeoutExpired=false isRemotelyClosed=true isTtlExpired=false
12:57:56.372 [AsyncHttpClient-1-1] DEBUG org.asynchttpclient.netty.channel.DefaultChannelPool - Closing Idle Channel [id: 0xe2f0e0f1, L:/127.0.0.1:55499 ! R:localhost/127.0.0.1:63016]
12:57:56.372 [AsyncHttpClient-1-1] DEBUG org.asynchttpclient.netty.channel.DefaultChannelPool - Adding Candidate expired Channel [id: 0xca821027, L:/127.0.0.1:55506 ! R:localhost/127.0.0.1:55500] isIdleTimeoutExpired=false isRemotelyClosed=true isTtlExpired=false
12:57:56.372 [AsyncHttpClient-1-1] DEBUG org.asynchttpclient.netty.channel.DefaultChannelPool - Closing Idle Channel [id: 0xca821027, L:/127.0.0.1:55506 ! R:localhost/127.0.0.1:55500]
12:57:56.372 [AsyncHttpClient-1-1] DEBUG org.asynchttpclient.netty.channel.DefaultChannelPool - Closed 2 connections out of 2 in 0 ms
12:57:56.921 [AsyncHttpClient-1-32] DEBUG org.asynchttpclient.netty.handler.HttpHandler - 

Request DefaultHttpRequest(decodeResult: success, version: HTTP/1.1)
POST /session HTTP/1.1
User-Agent: selenium/4.1.2 (java windows)
Content-Length: 616
Content-Type: application/json; charset=utf-8
host: localhost:58438
accept: */*

Response DefaultHttpResponse(decodeResult: success, version: HTTP/1.1)
HTTP/1.1 200 OK
Content-Type: application/json; charset=utf-8
cache-control: no-cache
content-length: 794

12:57:56.922 [AsyncHttpClient-1-32] DEBUG org.asynchttpclient.netty.channel.ChannelManager - Adding key: http://localhost:58438 for channel [id: 0x882801e8, L:/127.0.0.1:55524 - R:localhost/127.0.0.1:58438]
12:57:56.954 [AsyncHttpClient-1-33] DEBUG org.asynchttpclient.netty.channel.NettyConnectListener - Using new Channel '[id: 0x1e73a2da, L:/127.0.0.1:55531 - R:localhost/127.0.0.1:55525]' for 'GET' to '/json/version'
12:57:56.957 [AsyncHttpClient-1-33] DEBUG org.asynchttpclient.netty.handler.HttpHandler - 

Request DefaultFullHttpRequest(decodeResult: success, version: HTTP/1.1, content: EmptyByteBufBE)
GET /json/version HTTP/1.1
User-Agent: selenium/4.1.2 (java windows)
host: localhost:55525
accept: */*

Response DefaultHttpResponse(decodeResult: success, version: HTTP/1.1)
HTTP/1.1 200 OK
Content-Type: application/json; charset=UTF-8
content-length: 424

12:57:56.958 [AsyncHttpClient-1-33] DEBUG org.asynchttpclient.netty.channel.ChannelManager - Adding key: http://localhost:55525 for channel [id: 0x1e73a2da, L:/127.0.0.1:55531 - R:localhost/127.0.0.1:55525]
12:57:56.966 [AsyncHttpClient-1-2] DEBUG org.asynchttpclient.netty.channel.NettyConnectListener - Using new Channel '[id: 0xdc8f7f18, L:/127.0.0.1:55532 - R:localhost/127.0.0.1:55525]' for 'GET' to '/devtools/browser/d2291e04-e93e-46ab-82dd-fae3ee7f9131'
12:57:56.969 [AsyncHttpClient-1-2] DEBUG org.asynchttpclient.netty.handler.WebSocketHandler - 

Request DefaultFullHttpRequest(decodeResult: success, version: HTTP/1.1, content: EmptyByteBufBE)
GET /devtools/browser/d2291e04-e93e-46ab-82dd-fae3ee7f9131 HTTP/1.1
upgrade: websocket
connection: upgrade
sec-websocket-key: Rmq9vZvdBno3esKyONoHfA==
sec-websocket-version: 13
origin: http://localhost:55525
host: localhost:55525
accept: */*
user-agent: AHC/2.1

Response DefaultHttpResponse(decodeResult: success, version: HTTP/1.1)
HTTP/1.1 101 WebSocket Protocol Handshake
Upgrade: WebSocket
Connection: Upgrade
Sec-WebSocket-Accept: lWHQ+f/e0VF1OHhHlyX64xOLimg=

12:57:56.987 [Forwarding get on session 3d88e30e30bf6a28957c9b6b1a12850d to remote] DEBUG org.asynchttpclient.netty.request.NettyRequestSender - Using pooled Channel '[id: 0x882801e8, L:/127.0.0.1:55524 - R:localhost/127.0.0.1:58438]' for 'POST' to 'http://localhost:58438/session/3d88e30e30bf6a28957c9b6b1a12850d/url'
12:57:56.987 [Forwarding get on session 3d88e30e30bf6a28957c9b6b1a12850d to remote] DEBUG org.asynchttpclient.netty.request.NettyRequestSender - Using open Channel [id: 0x882801e8, L:/127.0.0.1:55524 - R:localhost/127.0.0.1:58438] for POST '/session/3d88e30e30bf6a28957c9b6b1a12850d/url'
12:57:57.471 [AsyncHttpClient-1-1] DEBUG org.asynchttpclient.netty.channel.DefaultChannelPool - Entry count for : http://localhost:55525 : 1
12:57:57.779 [AsyncHttpClient-1-32] DEBUG org.asynchttpclient.netty.handler.HttpHandler - 

Request DefaultHttpRequest(decodeResult: success, version: HTTP/1.1)
POST /session/3d88e30e30bf6a28957c9b6b1a12850d/url HTTP/1.1
User-Agent: selenium/4.1.2 (java windows)
Content-Length: 60
Content-Type: application/json; charset=utf-8
host: localhost:58438
accept: */*

Response DefaultHttpResponse(decodeResult: success, version: HTTP/1.1)
HTTP/1.1 200 OK
Content-Type: application/json; charset=utf-8
cache-control: no-cache
content-length: 14

12:57:57.779 [AsyncHttpClient-1-32] DEBUG org.asynchttpclient.netty.channel.ChannelManager - Adding key: http://localhost:58438 for channel [id: 0x882801e8, L:/127.0.0.1:55524 - R:localhost/127.0.0.1:58438]
12:57:57.783 [Forwarding setTimeout on session 3d88e30e30bf6a28957c9b6b1a12850d to remote] DEBUG org.asynchttpclient.netty.request.NettyRequestSender - Using pooled Channel '[id: 0x882801e8, L:/127.0.0.1:55524 - R:localhost/127.0.0.1:58438]' for 'POST' to 'http://localhost:58438/session/3d88e30e30bf6a28957c9b6b1a12850d/timeouts'
12:57:57.783 [Forwarding setTimeout on session 3d88e30e30bf6a28957c9b6b1a12850d to remote] DEBUG org.asynchttpclient.netty.request.NettyRequestSender - Using open Channel [id: 0x882801e8, L:/127.0.0.1:55524 - R:localhost/127.0.0.1:58438] for POST '/session/3d88e30e30bf6a28957c9b6b1a12850d/timeouts'
12:57:57.787 [AsyncHttpClient-1-32] DEBUG org.asynchttpclient.netty.handler.HttpHandler - 

Request DefaultHttpRequest(decodeResult: success, version: HTTP/1.1)
POST /session/3d88e30e30bf6a28957c9b6b1a12850d/timeouts HTTP/1.1
User-Agent: selenium/4.1.2 (java windows)
Content-Length: 22
Content-Type: application/json; charset=utf-8
host: localhost:58438
accept: */*

Response DefaultHttpResponse(decodeResult: success, version: HTTP/1.1)
HTTP/1.1 200 OK
Content-Type: application/json; charset=utf-8
cache-control: no-cache
content-length: 14

12:57:57.787 [AsyncHttpClient-1-32] DEBUG org.asynchttpclient.netty.channel.ChannelManager - Adding key: http://localhost:58438 for channel [id: 0x882801e8, L:/127.0.0.1:55524 - R:localhost/127.0.0.1:58438]
12:57:57.792 [Forwarding getCurrentUrl on session 3d88e30e30bf6a28957c9b6b1a12850d to remote] DEBUG org.asynchttpclient.netty.request.NettyRequestSender - Using pooled Channel '[id: 0x882801e8, L:/127.0.0.1:55524 - R:localhost/127.0.0.1:58438]' for 'GET' to 'http://localhost:58438/session/3d88e30e30bf6a28957c9b6b1a12850d/url'
12:57:57.792 [Forwarding getCurrentUrl on session 3d88e30e30bf6a28957c9b6b1a12850d to remote] DEBUG org.asynchttpclient.netty.request.NettyRequestSender - Using open Channel [id: 0x882801e8, L:/127.0.0.1:55524 - R:localhost/127.0.0.1:58438] for GET '/session/3d88e30e30bf6a28957c9b6b1a12850d/url'
12:57:57.802 [AsyncHttpClient-1-32] DEBUG org.asynchttpclient.netty.handler.HttpHandler - 

Request DefaultFullHttpRequest(decodeResult: success, version: HTTP/1.1, content: EmptyByteBufBE)
GET /session/3d88e30e30bf6a28957c9b6b1a12850d/url HTTP/1.1
User-Agent: selenium/4.1.2 (java windows)
Cache-Control: no-cache
Content-Type: application/json; charset=utf-8
host: localhost:58438
accept: */*

Response DefaultHttpResponse(decodeResult: success, version: HTTP/1.1)
HTTP/1.1 200 OK
Content-Type: application/json; charset=utf-8
cache-control: no-cache
content-length: 42

12:57:57.802 [AsyncHttpClient-1-32] DEBUG org.asynchttpclient.netty.channel.ChannelManager - Adding key: http://localhost:58438 for channel [id: 0x882801e8, L:/127.0.0.1:55524 - R:localhost/127.0.0.1:58438]
  &amp#27;[32mGiven &amp#27;[0m&amp#27;[32mI am on landing page&amp#27;[0m           &amp#27;[90m# starter.stepdefinitions.ManageVaccinationBookingsSteps.iAmOnLandingPage()&amp#27;[0m
12:57:57.806 [main] DEBUG net.serenitybdd.core.photography.Darkroom - Opening darkroom
12:57:57.807 [Darkroom Processing Line] DEBUG net.serenitybdd.core.photography.DarkroomProcessingLine - Darkroom processing line starting up
12:57:57.808 [Forwarding screenshot on session 3d88e30e30bf6a28957c9b6b1a12850d to remote] DEBUG org.asynchttpclient.netty.request.NettyRequestSender - Using pooled Channel '[id: 0x882801e8, L:/127.0.0.1:55524 - R:localhost/127.0.0.1:58438]' for 'GET' to 'http://localhost:58438/session/3d88e30e30bf6a28957c9b6b1a12850d/screenshot'
12:57:57.808 [Forwarding screenshot on session 3d88e30e30bf6a28957c9b6b1a12850d to remote] DEBUG org.asynchttpclient.netty.request.NettyRequestSender - Using open Channel [id: 0x882801e8, L:/127.0.0.1:55524 - R:localhost/127.0.0.1:58438] for GET '/session/3d88e30e30bf6a28957c9b6b1a12850d/screenshot'
12:57:58.385 [AsyncHttpClient-1-32] DEBUG org.asynchttpclient.netty.handler.HttpHandler - 

Request DefaultFullHttpRequest(decodeResult: success, version: HTTP/1.1, content: EmptyByteBufBE)
GET /session/3d88e30e30bf6a28957c9b6b1a12850d/screenshot HTTP/1.1
User-Agent: selenium/4.1.2 (java windows)
Cache-Control: no-cache
Content-Type: application/json; charset=utf-8
host: localhost:58438
accept: */*

Response DefaultHttpResponse(decodeResult: success, version: HTTP/1.1)
HTTP/1.1 200 OK
Content-Type: application/json; charset=utf-8
cache-control: no-cache
content-length: 529148

12:57:58.386 [AsyncHttpClient-1-32] DEBUG org.asynchttpclient.netty.channel.ChannelManager - Adding key: http://localhost:58438 for channel [id: 0x882801e8, L:/127.0.0.1:55524 - R:localhost/127.0.0.1:58438]
12:57:58.403 [main] DEBUG net.serenitybdd.core.photography.Darkroom - Send negative for processing for target\site\serenity\28501500d1e23ec2abf7c2124ce49f12b904c2db3bc299442f66a59dfa54c1ff.png
12:57:58.403 [Darkroom Processing Line] DEBUG net.serenitybdd.core.photography.DarkroomProcessingLine - Processing screenshot image in /var/screenshots/screenshot-10885682689456529924
12:57:58.403 [Darkroom Processing Line] DEBUG net.serenitybdd.core.photography.DarkroomProcessingLine - Saving screenshot to target\site\serenity\28501500d1e23ec2abf7c2124ce49f12b904c2db3bc299442f66a59dfa54c1ff.png
12:57:58.410 [Forwarding findElement on session 3d88e30e30bf6a28957c9b6b1a12850d to remote] DEBUG org.asynchttpclient.netty.request.NettyRequestSender - Using pooled Channel '[id: 0x882801e8, L:/127.0.0.1:55524 - R:localhost/127.0.0.1:58438]' for 'POST' to 'http://localhost:58438/session/3d88e30e30bf6a28957c9b6b1a12850d/element'
12:57:58.410 [Forwarding findElement on session 3d88e30e30bf6a28957c9b6b1a12850d to remote] DEBUG org.asynchttpclient.netty.request.NettyRequestSender - Using open Channel [id: 0x882801e8, L:/127.0.0.1:55524 - R:localhost/127.0.0.1:58438] for POST '/session/3d88e30e30bf6a28957c9b6b1a12850d/element'
12:57:58.429 [AsyncHttpClient-1-32] DEBUG org.asynchttpclient.netty.handler.HttpHandler - 

Request DefaultHttpRequest(decodeResult: success, version: HTTP/1.1)
POST /session/3d88e30e30bf6a28957c9b6b1a12850d/element HTTP/1.1
User-Agent: selenium/4.1.2 (java windows)
Content-Length: 315
Content-Type: application/json; charset=utf-8
host: localhost:58438
accept: */*

Response DefaultHttpResponse(decodeResult: success, version: HTTP/1.1)
HTTP/1.1 200 OK
Content-Type: application/json; charset=utf-8
cache-control: no-cache
content-length: 88

12:57:58.429 [AsyncHttpClient-1-32] DEBUG org.asynchttpclient.netty.channel.ChannelManager - Adding key: http://localhost:58438 for channel [id: 0x882801e8, L:/127.0.0.1:55524 - R:localhost/127.0.0.1:58438]
12:57:58.430 [Forwarding getElementTagName on session 3d88e30e30bf6a28957c9b6b1a12850d to remote] DEBUG org.asynchttpclient.netty.request.NettyRequestSender - Using pooled Channel '[id: 0x882801e8, L:/127.0.0.1:55524 - R:localhost/127.0.0.1:58438]' for 'GET' to 'http://localhost:58438/session/3d88e30e30bf6a28957c9b6b1a12850d/element/7f21991e-d829-4500-9dd7-fcf4d321841b/name'
12:57:58.430 [Forwarding getElementTagName on session 3d88e30e30bf6a28957c9b6b1a12850d to remote] DEBUG org.asynchttpclient.netty.request.NettyRequestSender - Using open Channel [id: 0x882801e8, L:/127.0.0.1:55524 - R:localhost/127.0.0.1:58438] for GET '/session/3d88e30e30bf6a28957c9b6b1a12850d/element/7f21991e-d829-4500-9dd7-fcf4d321841b/name'
12:57:58.435 [AsyncHttpClient-1-32] DEBUG org.asynchttpclient.netty.handler.HttpHandler - 

Request DefaultFullHttpRequest(decodeResult: success, version: HTTP/1.1, content: EmptyByteBufBE)
GET /session/3d88e30e30bf6a28957c9b6b1a12850d/element/7f21991e-d829-4500-9dd7-fcf4d321841b/name HTTP/1.1
User-Agent: selenium/4.1.2 (java windows)
Cache-Control: no-cache
Content-Type: application/json; charset=utf-8
host: localhost:58438
accept: */*

Response DefaultHttpResponse(decodeResult: success, version: HTTP/1.1)
HTTP/1.1 200 OK
Content-Type: application/json; charset=utf-8
cache-control: no-cache
content-length: 18

12:57:58.435 [AsyncHttpClient-1-32] DEBUG org.asynchttpclient.netty.channel.ChannelManager - Adding key: http://localhost:58438 for channel [id: 0x882801e8, L:/127.0.0.1:55524 - R:localhost/127.0.0.1:58438]
12:57:58.436 [Forwarding getElementTagName on session 3d88e30e30bf6a28957c9b6b1a12850d to remote] DEBUG org.asynchttpclient.netty.request.NettyRequestSender - Using pooled Channel '[id: 0x882801e8, L:/127.0.0.1:55524 - R:localhost/127.0.0.1:58438]' for 'GET' to 'http://localhost:58438/session/3d88e30e30bf6a28957c9b6b1a12850d/element/7f21991e-d829-4500-9dd7-fcf4d321841b/name'
12:57:58.436 [Forwarding getElementTagName on session 3d88e30e30bf6a28957c9b6b1a12850d to remote] DEBUG org.asynchttpclient.netty.request.NettyRequestSender - Using open Channel [id: 0x882801e8, L:/127.0.0.1:55524 - R:localhost/127.0.0.1:58438] for GET '/session/3d88e30e30bf6a28957c9b6b1a12850d/element/7f21991e-d829-4500-9dd7-fcf4d321841b/name'
12:57:58.438 [AsyncHttpClient-1-32] DEBUG org.asynchttpclient.netty.handler.HttpHandler - 

Request DefaultFullHttpRequest(decodeResult: success, version: HTTP/1.1, content: EmptyByteBufBE)
GET /session/3d88e30e30bf6a28957c9b6b1a12850d/element/7f21991e-d829-4500-9dd7-fcf4d321841b/name HTTP/1.1
User-Agent: selenium/4.1.2 (java windows)
Cache-Control: no-cache
Content-Type: application/json; charset=utf-8
host: localhost:58438
accept: */*

Response DefaultHttpResponse(decodeResult: success, version: HTTP/1.1)
HTTP/1.1 200 OK
Content-Type: application/json; charset=utf-8
cache-control: no-cache
content-length: 18

12:57:58.438 [AsyncHttpClient-1-32] DEBUG org.asynchttpclient.netty.channel.ChannelManager - Adding key: http://localhost:58438 for channel [id: 0x882801e8, L:/127.0.0.1:55524 - R:localhost/127.0.0.1:58438]
12:57:58.440 [Forwarding isElementEnabled on session 3d88e30e30bf6a28957c9b6b1a12850d to remote] DEBUG org.asynchttpclient.netty.request.NettyRequestSender - Using pooled Channel '[id: 0x882801e8, L:/127.0.0.1:55524 - R:localhost/127.0.0.1:58438]' for 'GET' to 'http://localhost:58438/session/3d88e30e30bf6a28957c9b6b1a12850d/element/7f21991e-d829-4500-9dd7-fcf4d321841b/enabled'
12:57:58.441 [Forwarding isElementEnabled on session 3d88e30e30bf6a28957c9b6b1a12850d to remote] DEBUG org.asynchttpclient.netty.request.NettyRequestSender - Using open Channel [id: 0x882801e8, L:/127.0.0.1:55524 - R:localhost/127.0.0.1:58438] for GET '/session/3d88e30e30bf6a28957c9b6b1a12850d/element/7f21991e-d829-4500-9dd7-fcf4d321841b/enabled'
12:57:58.449 [AsyncHttpClient-1-32] DEBUG org.asynchttpclient.netty.handler.HttpHandler - 

Request DefaultFullHttpRequest(decodeResult: success, version: HTTP/1.1, content: EmptyByteBufBE)
GET /session/3d88e30e30bf6a28957c9b6b1a12850d/element/7f21991e-d829-4500-9dd7-fcf4d321841b/enabled HTTP/1.1
User-Agent: selenium/4.1.2 (java windows)
Cache-Control: no-cache
Content-Type: application/json; charset=utf-8
host: localhost:58438
accept: */*

Response DefaultHttpResponse(decodeResult: success, version: HTTP/1.1)
HTTP/1.1 200 OK
Content-Type: application/json; charset=utf-8
cache-control: no-cache
content-length: 14

12:57:58.449 [AsyncHttpClient-1-32] DEBUG org.asynchttpclient.netty.channel.ChannelManager - Adding key: http://localhost:58438 for channel [id: 0x882801e8, L:/127.0.0.1:55524 - R:localhost/127.0.0.1:58438]
12:57:58.450 [Forwarding isElementEnabled on session 3d88e30e30bf6a28957c9b6b1a12850d to remote] DEBUG org.asynchttpclient.netty.request.NettyRequestSender - Using pooled Channel '[id: 0x882801e8, L:/127.0.0.1:55524 - R:localhost/127.0.0.1:58438]' for 'GET' to 'http://localhost:58438/session/3d88e30e30bf6a28957c9b6b1a12850d/element/7f21991e-d829-4500-9dd7-fcf4d321841b/enabled'
12:57:58.450 [Forwarding isElementEnabled on session 3d88e30e30bf6a28957c9b6b1a12850d to remote] DEBUG org.asynchttpclient.netty.request.NettyRequestSender - Using open Channel [id: 0x882801e8, L:/127.0.0.1:55524 - R:localhost/127.0.0.1:58438] for GET '/session/3d88e30e30bf6a28957c9b6b1a12850d/element/7f21991e-d829-4500-9dd7-fcf4d321841b/enabled'
12:57:58.456 [AsyncHttpClient-1-32] DEBUG org.asynchttpclient.netty.handler.HttpHandler - 

Request DefaultFullHttpRequest(decodeResult: success, version: HTTP/1.1, content: EmptyByteBufBE)
GET /session/3d88e30e30bf6a28957c9b6b1a12850d/element/7f21991e-d829-4500-9dd7-fcf4d321841b/enabled HTTP/1.1
User-Agent: selenium/4.1.2 (java windows)
Cache-Control: no-cache
Content-Type: application/json; charset=utf-8
host: localhost:58438
accept: */*

Response DefaultHttpResponse(decodeResult: success, version: HTTP/1.1)
HTTP/1.1 200 OK
Content-Type: application/json; charset=utf-8
cache-control: no-cache
content-length: 14

12:57:58.456 [AsyncHttpClient-1-32] DEBUG org.asynchttpclient.netty.channel.ChannelManager - Adding key: http://localhost:58438 for channel [id: 0x882801e8, L:/127.0.0.1:55524 - R:localhost/127.0.0.1:58438]
12:57:58.458 [Forwarding findElement on session 3d88e30e30bf6a28957c9b6b1a12850d to remote] DEBUG org.asynchttpclient.netty.request.NettyRequestSender - Using pooled Channel '[id: 0x882801e8, L:/127.0.0.1:55524 - R:localhost/127.0.0.1:58438]' for 'POST' to 'http://localhost:58438/session/3d88e30e30bf6a28957c9b6b1a12850d/element'
12:57:58.458 [Forwarding findElement on session 3d88e30e30bf6a28957c9b6b1a12850d to remote] DEBUG org.asynchttpclient.netty.request.NettyRequestSender - Using open Channel [id: 0x882801e8, L:/127.0.0.1:55524 - R:localhost/127.0.0.1:58438] for POST '/session/3d88e30e30bf6a28957c9b6b1a12850d/element'
12:57:58.463 [AsyncHttpClient-1-32] DEBUG org.asynchttpclient.netty.handler.HttpHandler - 

Request DefaultHttpRequest(decodeResult: success, version: HTTP/1.1)
POST /session/3d88e30e30bf6a28957c9b6b1a12850d/element HTTP/1.1
User-Agent: selenium/4.1.2 (java windows)
Content-Length: 315
Content-Type: application/json; charset=utf-8
host: localhost:58438
accept: */*

Response DefaultHttpResponse(decodeResult: success, version: HTTP/1.1)
HTTP/1.1 200 OK
Content-Type: application/json; charset=utf-8
cache-control: no-cache
content-length: 88

12:57:58.463 [AsyncHttpClient-1-32] DEBUG org.asynchttpclient.netty.channel.ChannelManager - Adding key: http://localhost:58438 for channel [id: 0x882801e8, L:/127.0.0.1:55524 - R:localhost/127.0.0.1:58438]
12:57:58.465 [Forwarding clickElement on session 3d88e30e30bf6a28957c9b6b1a12850d to remote] DEBUG org.asynchttpclient.netty.request.NettyRequestSender - Using pooled Channel '[id: 0x882801e8, L:/127.0.0.1:55524 - R:localhost/127.0.0.1:58438]' for 'POST' to 'http://localhost:58438/session/3d88e30e30bf6a28957c9b6b1a12850d/element/7f21991e-d829-4500-9dd7-fcf4d321841b/click'
12:57:58.465 [Forwarding clickElement on session 3d88e30e30bf6a28957c9b6b1a12850d to remote] DEBUG org.asynchttpclient.netty.request.NettyRequestSender - Using open Channel [id: 0x882801e8, L:/127.0.0.1:55524 - R:localhost/127.0.0.1:58438] for POST '/session/3d88e30e30bf6a28957c9b6b1a12850d/element/7f21991e-d829-4500-9dd7-fcf4d321841b/click'
12:57:58.546 [AsyncHttpClient-1-32] DEBUG org.asynchttpclient.netty.handler.HttpHandler - 

Request DefaultHttpRequest(decodeResult: success, version: HTTP/1.1)
POST /session/3d88e30e30bf6a28957c9b6b1a12850d/element/7f21991e-d829-4500-9dd7-fcf4d321841b/click HTTP/1.1
User-Agent: selenium/4.1.2 (java windows)
Content-Length: 50
Content-Type: application/json; charset=utf-8
host: localhost:58438
accept: */*

Response DefaultHttpResponse(decodeResult: success, version: HTTP/1.1)
HTTP/1.1 200 OK
Content-Type: application/json; charset=utf-8
cache-control: no-cache
content-length: 14

12:57:58.546 [AsyncHttpClient-1-32] DEBUG org.asynchttpclient.netty.channel.ChannelManager - Adding key: http://localhost:58438 for channel [id: 0x882801e8, L:/127.0.0.1:55524 - R:localhost/127.0.0.1:58438]
12:57:58.553 [Forwarding findElement on session 3d88e30e30bf6a28957c9b6b1a12850d to remote] DEBUG org.asynchttpclient.netty.request.NettyRequestSender - Using pooled Channel '[id: 0x882801e8, L:/127.0.0.1:55524 - R:localhost/127.0.0.1:58438]' for 'POST' to 'http://localhost:58438/session/3d88e30e30bf6a28957c9b6b1a12850d/element'
12:57:58.553 [Forwarding findElement on session 3d88e30e30bf6a28957c9b6b1a12850d to remote] DEBUG org.asynchttpclient.netty.request.NettyRequestSender - Using open Channel [id: 0x882801e8, L:/127.0.0.1:55524 - R:localhost/127.0.0.1:58438] for POST '/session/3d88e30e30bf6a28957c9b6b1a12850d/element'
12:57:58.562 [AsyncHttpClient-1-32] DEBUG org.asynchttpclient.netty.handler.HttpHandler - 

Request DefaultHttpRequest(decodeResult: success, version: HTTP/1.1)
POST /session/3d88e30e30bf6a28957c9b6b1a12850d/element HTTP/1.1
User-Agent: selenium/4.1.2 (java windows)
Content-Length: 69
Content-Type: application/json; charset=utf-8
host: localhost:58438
accept: */*

Response DefaultHttpResponse(decodeResult: success, version: HTTP/1.1)
HTTP/1.1 200 OK
Content-Type: application/json; charset=utf-8
cache-control: no-cache
content-length: 88

12:57:58.562 [AsyncHttpClient-1-32] DEBUG org.asynchttpclient.netty.channel.ChannelManager - Adding key: http://localhost:58438 for channel [id: 0x882801e8, L:/127.0.0.1:55524 - R:localhost/127.0.0.1:58438]
12:57:58.563 [Forwarding clearElement on session 3d88e30e30bf6a28957c9b6b1a12850d to remote] DEBUG org.asynchttpclient.netty.request.NettyRequestSender - Using pooled Channel '[id: 0x882801e8, L:/127.0.0.1:55524 - R:localhost/127.0.0.1:58438]' for 'POST' to 'http://localhost:58438/session/3d88e30e30bf6a28957c9b6b1a12850d/element/489fd43f-c6cf-4e0f-837f-a917ed3f7511/clear'
12:57:58.563 [Forwarding clearElement on session 3d88e30e30bf6a28957c9b6b1a12850d to remote] DEBUG org.asynchttpclient.netty.request.NettyRequestSender - Using open Channel [id: 0x882801e8, L:/127.0.0.1:55524 - R:localhost/127.0.0.1:58438] for POST '/session/3d88e30e30bf6a28957c9b6b1a12850d/element/489fd43f-c6cf-4e0f-837f-a917ed3f7511/clear'
12:57:58.572 [AsyncHttpClient-1-1] DEBUG org.asynchttpclient.netty.channel.DefaultChannelPool - Entry count for : http://localhost:55525 : 1
12:57:58.595 [AsyncHttpClient-1-32] DEBUG org.asynchttpclient.netty.handler.HttpHandler - 

Request DefaultHttpRequest(decodeResult: success, version: HTTP/1.1)
POST /session/3d88e30e30bf6a28957c9b6b1a12850d/element/489fd43f-c6cf-4e0f-837f-a917ed3f7511/clear HTTP/1.1
User-Agent: selenium/4.1.2 (java windows)
Content-Length: 50
Content-Type: application/json; charset=utf-8
host: localhost:58438
accept: */*

Response DefaultHttpResponse(decodeResult: success, version: HTTP/1.1)
HTTP/1.1 200 OK
Content-Type: application/json; charset=utf-8
cache-control: no-cache
content-length: 14

12:57:58.595 [AsyncHttpClient-1-32] DEBUG org.asynchttpclient.netty.channel.ChannelManager - Adding key: http://localhost:58438 for channel [id: 0x882801e8, L:/127.0.0.1:55524 - R:localhost/127.0.0.1:58438]
12:57:58.600 [Forwarding sendKeysToElement on session 3d88e30e30bf6a28957c9b6b1a12850d to remote] DEBUG org.asynchttpclient.netty.request.NettyRequestSender - Using pooled Channel '[id: 0x882801e8, L:/127.0.0.1:55524 - R:localhost/127.0.0.1:58438]' for 'POST' to 'http://localhost:58438/session/3d88e30e30bf6a28957c9b6b1a12850d/element/489fd43f-c6cf-4e0f-837f-a917ed3f7511/value'
12:57:58.600 [Forwarding sendKeysToElement on session 3d88e30e30bf6a28957c9b6b1a12850d to remote] DEBUG org.asynchttpclient.netty.request.NettyRequestSender - Using open Channel [id: 0x882801e8, L:/127.0.0.1:55524 - R:localhost/127.0.0.1:58438] for POST '/session/3d88e30e30bf6a28957c9b6b1a12850d/element/489fd43f-c6cf-4e0f-837f-a917ed3f7511/value'
12:57:58.783 [AsyncHttpClient-1-32] DEBUG org.asynchttpclient.netty.handler.HttpHandler - 

Request DefaultHttpRequest(decodeResult: success, version: HTTP/1.1)
POST /session/3d88e30e30bf6a28957c9b6b1a12850d/element/489fd43f-c6cf-4e0f-837f-a917ed3f7511/value HTTP/1.1
User-Agent: selenium/4.1.2 (java windows)
Content-Length: 411
Content-Type: application/json; charset=utf-8
host: localhost:58438
accept: */*

Response DefaultHttpResponse(decodeResult: success, version: HTTP/1.1)
HTTP/1.1 200 OK
Content-Type: application/json; charset=utf-8
cache-control: no-cache
content-length: 14

12:57:58.783 [AsyncHttpClient-1-32] DEBUG org.asynchttpclient.netty.channel.ChannelManager - Adding key: http://localhost:58438 for channel [id: 0x882801e8, L:/127.0.0.1:55524 - R:localhost/127.0.0.1:58438]
12:57:58.786 [Forwarding findElement on session 3d88e30e30bf6a28957c9b6b1a12850d to remote] DEBUG org.asynchttpclient.netty.request.NettyRequestSender - Using pooled Channel '[id: 0x882801e8, L:/127.0.0.1:55524 - R:localhost/127.0.0.1:58438]' for 'POST' to 'http://localhost:58438/session/3d88e30e30bf6a28957c9b6b1a12850d/element'
12:57:58.786 [Forwarding findElement on session 3d88e30e30bf6a28957c9b6b1a12850d to remote] DEBUG org.asynchttpclient.netty.request.NettyRequestSender - Using open Channel [id: 0x882801e8, L:/127.0.0.1:55524 - R:localhost/127.0.0.1:58438] for POST '/session/3d88e30e30bf6a28957c9b6b1a12850d/element'
12:57:58.797 [AsyncHttpClient-1-32] DEBUG org.asynchttpclient.netty.handler.HttpHandler - 

Request DefaultHttpRequest(decodeResult: success, version: HTTP/1.1)
POST /session/3d88e30e30bf6a28957c9b6b1a12850d/element HTTP/1.1
User-Agent: selenium/4.1.2 (java windows)
Content-Length: 72
Content-Type: application/json; charset=utf-8
host: localhost:58438
accept: */*

Response DefaultHttpResponse(decodeResult: success, version: HTTP/1.1)
HTTP/1.1 200 OK
Content-Type: application/json; charset=utf-8
cache-control: no-cache
content-length: 88

12:57:58.797 [AsyncHttpClient-1-32] DEBUG org.asynchttpclient.netty.channel.ChannelManager - Adding key: http://localhost:58438 for channel [id: 0x882801e8, L:/127.0.0.1:55524 - R:localhost/127.0.0.1:58438]
12:57:58.798 [Forwarding clearElement on session 3d88e30e30bf6a28957c9b6b1a12850d to remote] DEBUG org.asynchttpclient.netty.request.NettyRequestSender - Using pooled Channel '[id: 0x882801e8, L:/127.0.0.1:55524 - R:localhost/127.0.0.1:58438]' for 'POST' to 'http://localhost:58438/session/3d88e30e30bf6a28957c9b6b1a12850d/element/5ed6e7e0-e30f-4d73-93fb-b0224edd9be7/clear'
12:57:58.798 [Forwarding clearElement on session 3d88e30e30bf6a28957c9b6b1a12850d to remote] DEBUG org.asynchttpclient.netty.request.NettyRequestSender - Using open Channel [id: 0x882801e8, L:/127.0.0.1:55524 - R:localhost/127.0.0.1:58438] for POST '/session/3d88e30e30bf6a28957c9b6b1a12850d/element/5ed6e7e0-e30f-4d73-93fb-b0224edd9be7/clear'
12:57:58.840 [AsyncHttpClient-1-32] DEBUG org.asynchttpclient.netty.handler.HttpHandler - 

Request DefaultHttpRequest(decodeResult: success, version: HTTP/1.1)
POST /session/3d88e30e30bf6a28957c9b6b1a12850d/element/5ed6e7e0-e30f-4d73-93fb-b0224edd9be7/clear HTTP/1.1
User-Agent: selenium/4.1.2 (java windows)
Content-Length: 50
Content-Type: application/json; charset=utf-8
host: localhost:58438
accept: */*

Response DefaultHttpResponse(decodeResult: success, version: HTTP/1.1)
HTTP/1.1 200 OK
Content-Type: application/json; charset=utf-8
cache-control: no-cache
content-length: 14

12:57:58.841 [AsyncHttpClient-1-32] DEBUG org.asynchttpclient.netty.channel.ChannelManager - Adding key: http://localhost:58438 for channel [id: 0x882801e8, L:/127.0.0.1:55524 - R:localhost/127.0.0.1:58438]
12:57:58.846 [Forwarding sendKeysToElement on session 3d88e30e30bf6a28957c9b6b1a12850d to remote] DEBUG org.asynchttpclient.netty.request.NettyRequestSender - Using pooled Channel '[id: 0x882801e8, L:/127.0.0.1:55524 - R:localhost/127.0.0.1:58438]' for 'POST' to 'http://localhost:58438/session/3d88e30e30bf6a28957c9b6b1a12850d/element/5ed6e7e0-e30f-4d73-93fb-b0224edd9be7/value'
12:57:58.846 [Forwarding sendKeysToElement on session 3d88e30e30bf6a28957c9b6b1a12850d to remote] DEBUG org.asynchttpclient.netty.request.NettyRequestSender - Using open Channel [id: 0x882801e8, L:/127.0.0.1:55524 - R:localhost/127.0.0.1:58438] for POST '/session/3d88e30e30bf6a28957c9b6b1a12850d/element/5ed6e7e0-e30f-4d73-93fb-b0224edd9be7/value'
12:57:58.955 [AsyncHttpClient-1-32] DEBUG org.asynchttpclient.netty.handler.HttpHandler - 

Request DefaultHttpRequest(decodeResult: success, version: HTTP/1.1)
POST /session/3d88e30e30bf6a28957c9b6b1a12850d/element/5ed6e7e0-e30f-4d73-93fb-b0224edd9be7/value HTTP/1.1
User-Agent: selenium/4.1.2 (java windows)
Content-Length: 241
Content-Type: application/json; charset=utf-8
host: localhost:58438
accept: */*

Response DefaultHttpResponse(decodeResult: success, version: HTTP/1.1)
HTTP/1.1 200 OK
Content-Type: application/json; charset=utf-8
cache-control: no-cache
content-length: 14

12:57:58.955 [AsyncHttpClient-1-32] DEBUG org.asynchttpclient.netty.channel.ChannelManager - Adding key: http://localhost:58438 for channel [id: 0x882801e8, L:/127.0.0.1:55524 - R:localhost/127.0.0.1:58438]
12:57:58.960 [Forwarding findElement on session 3d88e30e30bf6a28957c9b6b1a12850d to remote] DEBUG org.asynchttpclient.netty.request.NettyRequestSender - Using pooled Channel '[id: 0x882801e8, L:/127.0.0.1:55524 - R:localhost/127.0.0.1:58438]' for 'POST' to 'http://localhost:58438/session/3d88e30e30bf6a28957c9b6b1a12850d/element'
12:57:58.960 [Forwarding findElement on session 3d88e30e30bf6a28957c9b6b1a12850d to remote] DEBUG org.asynchttpclient.netty.request.NettyRequestSender - Using open Channel [id: 0x882801e8, L:/127.0.0.1:55524 - R:localhost/127.0.0.1:58438] for POST '/session/3d88e30e30bf6a28957c9b6b1a12850d/element'
12:57:58.971 [AsyncHttpClient-1-32] DEBUG org.asynchttpclient.netty.handler.HttpHandler - 

Request DefaultHttpRequest(decodeResult: success, version: HTTP/1.1)
POST /session/3d88e30e30bf6a28957c9b6b1a12850d/element HTTP/1.1
User-Agent: selenium/4.1.2 (java windows)
Content-Length: 321
Content-Type: application/json; charset=utf-8
host: localhost:58438
accept: */*

Response DefaultHttpResponse(decodeResult: success, version: HTTP/1.1)
HTTP/1.1 200 OK
Content-Type: application/json; charset=utf-8
cache-control: no-cache
content-length: 88

12:57:58.971 [AsyncHttpClient-1-32] DEBUG org.asynchttpclient.netty.channel.ChannelManager - Adding key: http://localhost:58438 for channel [id: 0x882801e8, L:/127.0.0.1:55524 - R:localhost/127.0.0.1:58438]
12:57:58.972 [Forwarding getElementTagName on session 3d88e30e30bf6a28957c9b6b1a12850d to remote] DEBUG org.asynchttpclient.netty.request.NettyRequestSender - Using pooled Channel '[id: 0x882801e8, L:/127.0.0.1:55524 - R:localhost/127.0.0.1:58438]' for 'GET' to 'http://localhost:58438/session/3d88e30e30bf6a28957c9b6b1a12850d/element/ca85e84c-2731-4a77-88bf-f3cba4a59a9f/name'
12:57:58.972 [Forwarding getElementTagName on session 3d88e30e30bf6a28957c9b6b1a12850d to remote] DEBUG org.asynchttpclient.netty.request.NettyRequestSender - Using open Channel [id: 0x882801e8, L:/127.0.0.1:55524 - R:localhost/127.0.0.1:58438] for GET '/session/3d88e30e30bf6a28957c9b6b1a12850d/element/ca85e84c-2731-4a77-88bf-f3cba4a59a9f/name'
12:57:58.978 [AsyncHttpClient-1-32] DEBUG org.asynchttpclient.netty.handler.HttpHandler - 

Request DefaultFullHttpRequest(decodeResult: success, version: HTTP/1.1, content: EmptyByteBufBE)
GET /session/3d88e30e30bf6a28957c9b6b1a12850d/element/ca85e84c-2731-4a77-88bf-f3cba4a59a9f/name HTTP/1.1
User-Agent: selenium/4.1.2 (java windows)
Cache-Control: no-cache
Content-Type: application/json; charset=utf-8
host: localhost:58438
accept: */*

Response DefaultHttpResponse(decodeResult: success, version: HTTP/1.1)
HTTP/1.1 200 OK
Content-Type: application/json; charset=utf-8
cache-control: no-cache
content-length: 18

12:57:58.978 [AsyncHttpClient-1-32] DEBUG org.asynchttpclient.netty.channel.ChannelManager - Adding key: http://localhost:58438 for channel [id: 0x882801e8, L:/127.0.0.1:55524 - R:localhost/127.0.0.1:58438]
12:57:58.979 [Forwarding getElementTagName on session 3d88e30e30bf6a28957c9b6b1a12850d to remote] DEBUG org.asynchttpclient.netty.request.NettyRequestSender - Using pooled Channel '[id: 0x882801e8, L:/127.0.0.1:55524 - R:localhost/127.0.0.1:58438]' for 'GET' to 'http://localhost:58438/session/3d88e30e30bf6a28957c9b6b1a12850d/element/ca85e84c-2731-4a77-88bf-f3cba4a59a9f/name'
12:57:58.979 [Forwarding getElementTagName on session 3d88e30e30bf6a28957c9b6b1a12850d to remote] DEBUG org.asynchttpclient.netty.request.NettyRequestSender - Using open Channel [id: 0x882801e8, L:/127.0.0.1:55524 - R:localhost/127.0.0.1:58438] for GET '/session/3d88e30e30bf6a28957c9b6b1a12850d/element/ca85e84c-2731-4a77-88bf-f3cba4a59a9f/name'
12:57:58.984 [AsyncHttpClient-1-32] DEBUG org.asynchttpclient.netty.handler.HttpHandler - 

Request DefaultFullHttpRequest(decodeResult: success, version: HTTP/1.1, content: EmptyByteBufBE)
GET /session/3d88e30e30bf6a28957c9b6b1a12850d/element/ca85e84c-2731-4a77-88bf-f3cba4a59a9f/name HTTP/1.1
User-Agent: selenium/4.1.2 (java windows)
Cache-Control: no-cache
Content-Type: application/json; charset=utf-8
host: localhost:58438
accept: */*

Response DefaultHttpResponse(decodeResult: success, version: HTTP/1.1)
HTTP/1.1 200 OK
Content-Type: application/json; charset=utf-8
cache-control: no-cache
content-length: 18

12:57:58.984 [AsyncHttpClient-1-32] DEBUG org.asynchttpclient.netty.channel.ChannelManager - Adding key: http://localhost:58438 for channel [id: 0x882801e8, L:/127.0.0.1:55524 - R:localhost/127.0.0.1:58438]
12:57:58.985 [Forwarding isElementEnabled on session 3d88e30e30bf6a28957c9b6b1a12850d to remote] DEBUG org.asynchttpclient.netty.request.NettyRequestSender - Using pooled Channel '[id: 0x882801e8, L:/127.0.0.1:55524 - R:localhost/127.0.0.1:58438]' for 'GET' to 'http://localhost:58438/session/3d88e30e30bf6a28957c9b6b1a12850d/element/ca85e84c-2731-4a77-88bf-f3cba4a59a9f/enabled'
12:57:58.985 [Forwarding isElementEnabled on session 3d88e30e30bf6a28957c9b6b1a12850d to remote] DEBUG org.asynchttpclient.netty.request.NettyRequestSender - Using open Channel [id: 0x882801e8, L:/127.0.0.1:55524 - R:localhost/127.0.0.1:58438] for GET '/session/3d88e30e30bf6a28957c9b6b1a12850d/element/ca85e84c-2731-4a77-88bf-f3cba4a59a9f/enabled'
12:57:58.995 [AsyncHttpClient-1-32] DEBUG org.asynchttpclient.netty.handler.HttpHandler - 

Request DefaultFullHttpRequest(decodeResult: success, version: HTTP/1.1, content: EmptyByteBufBE)
GET /session/3d88e30e30bf6a28957c9b6b1a12850d/element/ca85e84c-2731-4a77-88bf-f3cba4a59a9f/enabled HTTP/1.1
User-Agent: selenium/4.1.2 (java windows)
Cache-Control: no-cache
Content-Type: application/json; charset=utf-8
host: localhost:58438
accept: */*

Response DefaultHttpResponse(decodeResult: success, version: HTTP/1.1)
HTTP/1.1 200 OK
Content-Type: application/json; charset=utf-8
cache-control: no-cache
content-length: 14

12:57:58.996 [AsyncHttpClient-1-32] DEBUG org.asynchttpclient.netty.channel.ChannelManager - Adding key: http://localhost:58438 for channel [id: 0x882801e8, L:/127.0.0.1:55524 - R:localhost/127.0.0.1:58438]
12:57:58.998 [Forwarding isElementEnabled on session 3d88e30e30bf6a28957c9b6b1a12850d to remote] DEBUG org.asynchttpclient.netty.request.NettyRequestSender - Using pooled Channel '[id: 0x882801e8, L:/127.0.0.1:55524 - R:localhost/127.0.0.1:58438]' for 'GET' to 'http://localhost:58438/session/3d88e30e30bf6a28957c9b6b1a12850d/element/ca85e84c-2731-4a77-88bf-f3cba4a59a9f/enabled'
12:57:58.998 [Forwarding isElementEnabled on session 3d88e30e30bf6a28957c9b6b1a12850d to remote] DEBUG org.asynchttpclient.netty.request.NettyRequestSender - Using open Channel [id: 0x882801e8, L:/127.0.0.1:55524 - R:localhost/127.0.0.1:58438] for GET '/session/3d88e30e30bf6a28957c9b6b1a12850d/element/ca85e84c-2731-4a77-88bf-f3cba4a59a9f/enabled'
12:57:59.004 [AsyncHttpClient-1-32] DEBUG org.asynchttpclient.netty.handler.HttpHandler - 

Request DefaultFullHttpRequest(decodeResult: success, version: HTTP/1.1, content: EmptyByteBufBE)
GET /session/3d88e30e30bf6a28957c9b6b1a12850d/element/ca85e84c-2731-4a77-88bf-f3cba4a59a9f/enabled HTTP/1.1
User-Agent: selenium/4.1.2 (java windows)
Cache-Control: no-cache
Content-Type: application/json; charset=utf-8
host: localhost:58438
accept: */*

Response DefaultHttpResponse(decodeResult: success, version: HTTP/1.1)
HTTP/1.1 200 OK
Content-Type: application/json; charset=utf-8
cache-control: no-cache
content-length: 14

12:57:59.004 [AsyncHttpClient-1-32] DEBUG org.asynchttpclient.netty.channel.ChannelManager - Adding key: http://localhost:58438 for channel [id: 0x882801e8, L:/127.0.0.1:55524 - R:localhost/127.0.0.1:58438]
12:57:59.005 [Forwarding findElement on session 3d88e30e30bf6a28957c9b6b1a12850d to remote] DEBUG org.asynchttpclient.netty.request.NettyRequestSender - Using pooled Channel '[id: 0x882801e8, L:/127.0.0.1:55524 - R:localhost/127.0.0.1:58438]' for 'POST' to 'http://localhost:58438/session/3d88e30e30bf6a28957c9b6b1a12850d/element'
12:57:59.005 [Forwarding findElement on session 3d88e30e30bf6a28957c9b6b1a12850d to remote] DEBUG org.asynchttpclient.netty.request.NettyRequestSender - Using open Channel [id: 0x882801e8, L:/127.0.0.1:55524 - R:localhost/127.0.0.1:58438] for POST '/session/3d88e30e30bf6a28957c9b6b1a12850d/element'
12:57:59.014 [AsyncHttpClient-1-32] DEBUG org.asynchttpclient.netty.handler.HttpHandler - 

Request DefaultHttpRequest(decodeResult: success, version: HTTP/1.1)
POST /session/3d88e30e30bf6a28957c9b6b1a12850d/element HTTP/1.1
User-Agent: selenium/4.1.2 (java windows)
Content-Length: 321
Content-Type: application/json; charset=utf-8
host: localhost:58438
accept: */*

Response DefaultHttpResponse(decodeResult: success, version: HTTP/1.1)
HTTP/1.1 200 OK
Content-Type: application/json; charset=utf-8
cache-control: no-cache
content-length: 88

12:57:59.014 [AsyncHttpClient-1-32] DEBUG org.asynchttpclient.netty.channel.ChannelManager - Adding key: http://localhost:58438 for channel [id: 0x882801e8, L:/127.0.0.1:55524 - R:localhost/127.0.0.1:58438]
12:57:59.015 [Forwarding clickElement on session 3d88e30e30bf6a28957c9b6b1a12850d to remote] DEBUG org.asynchttpclient.netty.request.NettyRequestSender - Using pooled Channel '[id: 0x882801e8, L:/127.0.0.1:55524 - R:localhost/127.0.0.1:58438]' for 'POST' to 'http://localhost:58438/session/3d88e30e30bf6a28957c9b6b1a12850d/element/ca85e84c-2731-4a77-88bf-f3cba4a59a9f/click'
12:57:59.015 [Forwarding clickElement on session 3d88e30e30bf6a28957c9b6b1a12850d to remote] DEBUG org.asynchttpclient.netty.request.NettyRequestSender - Using open Channel [id: 0x882801e8, L:/127.0.0.1:55524 - R:localhost/127.0.0.1:58438] for POST '/session/3d88e30e30bf6a28957c9b6b1a12850d/element/ca85e84c-2731-4a77-88bf-f3cba4a59a9f/click'
12:57:59.057 [AsyncHttpClient-1-32] DEBUG org.asynchttpclient.netty.handler.HttpHandler - 

Request DefaultHttpRequest(decodeResult: success, version: HTTP/1.1)
POST /session/3d88e30e30bf6a28957c9b6b1a12850d/element/ca85e84c-2731-4a77-88bf-f3cba4a59a9f/click HTTP/1.1
User-Agent: selenium/4.1.2 (java windows)
Content-Length: 50
Content-Type: application/json; charset=utf-8
host: localhost:58438
accept: */*

Response DefaultHttpResponse(decodeResult: success, version: HTTP/1.1)
HTTP/1.1 200 OK
Content-Type: application/json; charset=utf-8
cache-control: no-cache
content-length: 14

12:57:59.058 [AsyncHttpClient-1-32] DEBUG org.asynchttpclient.netty.channel.ChannelManager - Adding key: http://localhost:58438 for channel [id: 0x882801e8, L:/127.0.0.1:55524 - R:localhost/127.0.0.1:58438]
  &amp#27;[32mAnd &amp#27;[0m&amp#27;[32mI have logged in&amp#27;[0m                 &amp#27;[90m# starter.stepdefinitions.ManageVaccinationBookingsSteps.iHaveLoggedIn()&amp#27;[0m
12:57:59.064 [Forwarding screenshot on session 3d88e30e30bf6a28957c9b6b1a12850d to remote] DEBUG org.asynchttpclient.netty.request.NettyRequestSender - Using pooled Channel '[id: 0x882801e8, L:/127.0.0.1:55524 - R:localhost/127.0.0.1:58438]' for 'GET' to 'http://localhost:58438/session/3d88e30e30bf6a28957c9b6b1a12850d/screenshot'
12:57:59.064 [Forwarding screenshot on session 3d88e30e30bf6a28957c9b6b1a12850d to remote] DEBUG org.asynchttpclient.netty.request.NettyRequestSender - Using open Channel [id: 0x882801e8, L:/127.0.0.1:55524 - R:localhost/127.0.0.1:58438] for GET '/session/3d88e30e30bf6a28957c9b6b1a12850d/screenshot'
12:57:59.202 [AsyncHttpClient-1-32] DEBUG org.asynchttpclient.netty.handler.HttpHandler - 

Request DefaultFullHttpRequest(decodeResult: success, version: HTTP/1.1, content: EmptyByteBufBE)
GET /session/3d88e30e30bf6a28957c9b6b1a12850d/screenshot HTTP/1.1
User-Agent: selenium/4.1.2 (java windows)
Cache-Control: no-cache
Content-Type: application/json; charset=utf-8
host: localhost:58438
accept: */*

Response DefaultHttpResponse(decodeResult: success, version: HTTP/1.1)
HTTP/1.1 200 OK
Content-Type: application/json; charset=utf-8
cache-control: no-cache
content-length: 116180

12:57:59.204 [AsyncHttpClient-1-32] DEBUG org.asynchttpclient.netty.channel.ChannelManager - Adding key: http://localhost:58438 for channel [id: 0x882801e8, L:/127.0.0.1:55524 - R:localhost/127.0.0.1:58438]
12:57:59.208 [main] DEBUG net.serenitybdd.core.photography.Darkroom - Send negative for processing for target\site\serenity\f6ad0b5b5322ba23dea60d312603fd149ec2b241255314d35371f7e70bb451af.png
12:57:59.208 [Darkroom Processing Line] DEBUG net.serenitybdd.core.photography.DarkroomProcessingLine - Processing screenshot image in /var/screenshots/screenshot-10954643593109840035
12:57:59.208 [Darkroom Processing Line] DEBUG net.serenitybdd.core.photography.DarkroomProcessingLine - Saving screenshot to target\site\serenity\f6ad0b5b5322ba23dea60d312603fd149ec2b241255314d35371f7e70bb451af.png
12:57:59.354 [Forwarding findElement on session 3d88e30e30bf6a28957c9b6b1a12850d to remote] DEBUG org.asynchttpclient.netty.request.NettyRequestSender - Using pooled Channel '[id: 0x882801e8, L:/127.0.0.1:55524 - R:localhost/127.0.0.1:58438]' for 'POST' to 'http://localhost:58438/session/3d88e30e30bf6a28957c9b6b1a12850d/element'
12:57:59.354 [Forwarding findElement on session 3d88e30e30bf6a28957c9b6b1a12850d to remote] DEBUG org.asynchttpclient.netty.request.NettyRequestSender - Using open Channel [id: 0x882801e8, L:/127.0.0.1:55524 - R:localhost/127.0.0.1:58438] for POST '/session/3d88e30e30bf6a28957c9b6b1a12850d/element'
12:57:59.547 [AsyncHttpClient-1-32] DEBUG org.asynchttpclient.netty.handler.HttpHandler - 

Request DefaultHttpRequest(decodeResult: success, version: HTTP/1.1)
POST /session/3d88e30e30bf6a28957c9b6b1a12850d/element HTTP/1.1
User-Agent: selenium/4.1.2 (java windows)
Content-Length: 78
Content-Type: application/json; charset=utf-8
host: localhost:58438
accept: */*

Response DefaultHttpResponse(decodeResult: success, version: HTTP/1.1)
HTTP/1.1 200 OK
Content-Type: application/json; charset=utf-8
cache-control: no-cache
content-length: 88

12:57:59.548 [AsyncHttpClient-1-32] DEBUG org.asynchttpclient.netty.channel.ChannelManager - Adding key: http://localhost:58438 for channel [id: 0x882801e8, L:/127.0.0.1:55524 - R:localhost/127.0.0.1:58438]
12:57:59.550 [Forwarding getElementTagName on session 3d88e30e30bf6a28957c9b6b1a12850d to remote] DEBUG org.asynchttpclient.netty.request.NettyRequestSender - Using pooled Channel '[id: 0x882801e8, L:/127.0.0.1:55524 - R:localhost/127.0.0.1:58438]' for 'GET' to 'http://localhost:58438/session/3d88e30e30bf6a28957c9b6b1a12850d/element/48a7ba0e-d1df-4f35-95f6-1dec83ab0be6/name'
12:57:59.550 [Forwarding getElementTagName on session 3d88e30e30bf6a28957c9b6b1a12850d to remote] DEBUG org.asynchttpclient.netty.request.NettyRequestSender - Using open Channel [id: 0x882801e8, L:/127.0.0.1:55524 - R:localhost/127.0.0.1:58438] for GET '/session/3d88e30e30bf6a28957c9b6b1a12850d/element/48a7ba0e-d1df-4f35-95f6-1dec83ab0be6/name'
12:57:59.555 [AsyncHttpClient-1-32] DEBUG org.asynchttpclient.netty.handler.HttpHandler - 

Request DefaultFullHttpRequest(decodeResult: success, version: HTTP/1.1, content: EmptyByteBufBE)
GET /session/3d88e30e30bf6a28957c9b6b1a12850d/element/48a7ba0e-d1df-4f35-95f6-1dec83ab0be6/name HTTP/1.1
User-Agent: selenium/4.1.2 (java windows)
Cache-Control: no-cache
Content-Type: application/json; charset=utf-8
host: localhost:58438
accept: */*

Response DefaultHttpResponse(decodeResult: success, version: HTTP/1.1)
HTTP/1.1 200 OK
Content-Type: application/json; charset=utf-8
cache-control: no-cache
content-length: 13

12:57:59.555 [AsyncHttpClient-1-32] DEBUG org.asynchttpclient.netty.channel.ChannelManager - Adding key: http://localhost:58438 for channel [id: 0x882801e8, L:/127.0.0.1:55524 - R:localhost/127.0.0.1:58438]
12:57:59.556 [Forwarding getElementTagName on session 3d88e30e30bf6a28957c9b6b1a12850d to remote] DEBUG org.asynchttpclient.netty.request.NettyRequestSender - Using pooled Channel '[id: 0x882801e8, L:/127.0.0.1:55524 - R:localhost/127.0.0.1:58438]' for 'GET' to 'http://localhost:58438/session/3d88e30e30bf6a28957c9b6b1a12850d/element/48a7ba0e-d1df-4f35-95f6-1dec83ab0be6/name'
12:57:59.556 [Forwarding getElementTagName on session 3d88e30e30bf6a28957c9b6b1a12850d to remote] DEBUG org.asynchttpclient.netty.request.NettyRequestSender - Using open Channel [id: 0x882801e8, L:/127.0.0.1:55524 - R:localhost/127.0.0.1:58438] for GET '/session/3d88e30e30bf6a28957c9b6b1a12850d/element/48a7ba0e-d1df-4f35-95f6-1dec83ab0be6/name'
12:57:59.558 [AsyncHttpClient-1-32] DEBUG org.asynchttpclient.netty.handler.HttpHandler - 

Request DefaultFullHttpRequest(decodeResult: success, version: HTTP/1.1, content: EmptyByteBufBE)
GET /session/3d88e30e30bf6a28957c9b6b1a12850d/element/48a7ba0e-d1df-4f35-95f6-1dec83ab0be6/name HTTP/1.1
User-Agent: selenium/4.1.2 (java windows)
Cache-Control: no-cache
Content-Type: application/json; charset=utf-8
host: localhost:58438
accept: */*

Response DefaultHttpResponse(decodeResult: success, version: HTTP/1.1)
HTTP/1.1 200 OK
Content-Type: application/json; charset=utf-8
cache-control: no-cache
content-length: 13

12:57:59.559 [AsyncHttpClient-1-32] DEBUG org.asynchttpclient.netty.channel.ChannelManager - Adding key: http://localhost:58438 for channel [id: 0x882801e8, L:/127.0.0.1:55524 - R:localhost/127.0.0.1:58438]
12:57:59.560 [Forwarding findElement on session 3d88e30e30bf6a28957c9b6b1a12850d to remote] DEBUG org.asynchttpclient.netty.request.NettyRequestSender - Using pooled Channel '[id: 0x882801e8, L:/127.0.0.1:55524 - R:localhost/127.0.0.1:58438]' for 'POST' to 'http://localhost:58438/session/3d88e30e30bf6a28957c9b6b1a12850d/element'
12:57:59.560 [Forwarding findElement on session 3d88e30e30bf6a28957c9b6b1a12850d to remote] DEBUG org.asynchttpclient.netty.request.NettyRequestSender - Using open Channel [id: 0x882801e8, L:/127.0.0.1:55524 - R:localhost/127.0.0.1:58438] for POST '/session/3d88e30e30bf6a28957c9b6b1a12850d/element'
12:57:59.567 [AsyncHttpClient-1-32] DEBUG org.asynchttpclient.netty.handler.HttpHandler - 

Request DefaultHttpRequest(decodeResult: success, version: HTTP/1.1)
POST /session/3d88e30e30bf6a28957c9b6b1a12850d/element HTTP/1.1
User-Agent: selenium/4.1.2 (java windows)
Content-Length: 78
Content-Type: application/json; charset=utf-8
host: localhost:58438
accept: */*

Response DefaultHttpResponse(decodeResult: success, version: HTTP/1.1)
HTTP/1.1 200 OK
Content-Type: application/json; charset=utf-8
cache-control: no-cache
content-length: 88

12:57:59.567 [AsyncHttpClient-1-32] DEBUG org.asynchttpclient.netty.channel.ChannelManager - Adding key: http://localhost:58438 for channel [id: 0x882801e8, L:/127.0.0.1:55524 - R:localhost/127.0.0.1:58438]
12:57:59.567 [Forwarding clickElement on session 3d88e30e30bf6a28957c9b6b1a12850d to remote] DEBUG org.asynchttpclient.netty.request.NettyRequestSender - Using pooled Channel '[id: 0x882801e8, L:/127.0.0.1:55524 - R:localhost/127.0.0.1:58438]' for 'POST' to 'http://localhost:58438/session/3d88e30e30bf6a28957c9b6b1a12850d/element/48a7ba0e-d1df-4f35-95f6-1dec83ab0be6/click'
12:57:59.568 [Forwarding clickElement on session 3d88e30e30bf6a28957c9b6b1a12850d to remote] DEBUG org.asynchttpclient.netty.request.NettyRequestSender - Using open Channel [id: 0x882801e8, L:/127.0.0.1:55524 - R:localhost/127.0.0.1:58438] for POST '/session/3d88e30e30bf6a28957c9b6b1a12850d/element/48a7ba0e-d1df-4f35-95f6-1dec83ab0be6/click'
12:57:59.666 [AsyncHttpClient-1-32] DEBUG org.asynchttpclient.netty.handler.HttpHandler - 

Request DefaultHttpRequest(decodeResult: success, version: HTTP/1.1)
POST /session/3d88e30e30bf6a28957c9b6b1a12850d/element/48a7ba0e-d1df-4f35-95f6-1dec83ab0be6/click HTTP/1.1
User-Agent: selenium/4.1.2 (java windows)
Content-Length: 50
Content-Type: application/json; charset=utf-8
host: localhost:58438
accept: */*

Response DefaultHttpResponse(decodeResult: success, version: HTTP/1.1)
HTTP/1.1 200 OK
Content-Type: application/json; charset=utf-8
cache-control: no-cache
content-length: 14

12:57:59.666 [AsyncHttpClient-1-32] DEBUG org.asynchttpclient.netty.channel.ChannelManager - Adding key: http://localhost:58438 for channel [id: 0x882801e8, L:/127.0.0.1:55524 - R:localhost/127.0.0.1:58438]
  &amp#27;[32mWhen &amp#27;[0m&amp#27;[32mI go to Daftar Vaksin page&amp#27;[0m      &amp#27;[90m# starter.stepdefinitions.VaccineNamesSteps.iGoToDaftarVaksinPage()&amp#27;[0m
12:57:59.672 [AsyncHttpClient-1-1] DEBUG org.asynchttpclient.netty.channel.DefaultChannelPool - Entry count for : http://localhost:55525 : 1
12:57:59.672 [AsyncHttpClient-1-1] DEBUG org.asynchttpclient.netty.channel.DefaultChannelPool - Entry count for : http://localhost:58438 : 1
12:57:59.673 [Forwarding screenshot on session 3d88e30e30bf6a28957c9b6b1a12850d to remote] DEBUG org.asynchttpclient.netty.request.NettyRequestSender - Using pooled Channel '[id: 0x882801e8, L:/127.0.0.1:55524 - R:localhost/127.0.0.1:58438]' for 'GET' to 'http://localhost:58438/session/3d88e30e30bf6a28957c9b6b1a12850d/screenshot'
12:57:59.673 [Forwarding screenshot on session 3d88e30e30bf6a28957c9b6b1a12850d to remote] DEBUG org.asynchttpclient.netty.request.NettyRequestSender - Using open Channel [id: 0x882801e8, L:/127.0.0.1:55524 - R:localhost/127.0.0.1:58438] for GET '/session/3d88e30e30bf6a28957c9b6b1a12850d/screenshot'
12:57:59.982 [AsyncHttpClient-1-32] DEBUG org.asynchttpclient.netty.handler.HttpHandler - 

Request DefaultFullHttpRequest(decodeResult: success, version: HTTP/1.1, content: EmptyByteBufBE)
GET /session/3d88e30e30bf6a28957c9b6b1a12850d/screenshot HTTP/1.1
User-Agent: selenium/4.1.2 (java windows)
Cache-Control: no-cache
Content-Type: application/json; charset=utf-8
host: localhost:58438
accept: */*

Response DefaultHttpResponse(decodeResult: success, version: HTTP/1.1)
HTTP/1.1 200 OK
Content-Type: application/json; charset=utf-8
cache-control: no-cache
content-length: 140756

12:57:59.985 [AsyncHttpClient-1-32] DEBUG org.asynchttpclient.netty.channel.ChannelManager - Adding key: http://localhost:58438 for channel [id: 0x882801e8, L:/127.0.0.1:55524 - R:localhost/127.0.0.1:58438]
12:57:59.993 [main] DEBUG net.serenitybdd.core.photography.Darkroom - Send negative for processing for target\site\serenity\5ef16d192d28d060d6fb0c2175bb8c9eef8dc9bff0f498e3990b2048499bc5a2.png
12:57:59.993 [Darkroom Processing Line] DEBUG net.serenitybdd.core.photography.DarkroomProcessingLine - Processing screenshot image in /var/screenshots/screenshot-1905002147883168010
12:57:59.993 [Darkroom Processing Line] DEBUG net.serenitybdd.core.photography.DarkroomProcessingLine - Saving screenshot to target\site\serenity\5ef16d192d28d060d6fb0c2175bb8c9eef8dc9bff0f498e3990b2048499bc5a2.png
12:58:00.020 [Forwarding findElement on session 3d88e30e30bf6a28957c9b6b1a12850d to remote] DEBUG org.asynchttpclient.netty.request.NettyRequestSender - Using pooled Channel '[id: 0x882801e8, L:/127.0.0.1:55524 - R:localhost/127.0.0.1:58438]' for 'POST' to 'http://localhost:58438/session/3d88e30e30bf6a28957c9b6b1a12850d/element'
12:58:00.020 [Forwarding findElement on session 3d88e30e30bf6a28957c9b6b1a12850d to remote] DEBUG org.asynchttpclient.netty.request.NettyRequestSender - Using open Channel [id: 0x882801e8, L:/127.0.0.1:55524 - R:localhost/127.0.0.1:58438] for POST '/session/3d88e30e30bf6a28957c9b6b1a12850d/element'
12:58:00.048 [AsyncHttpClient-1-32] DEBUG org.asynchttpclient.netty.handler.HttpHandler - 

Request DefaultHttpRequest(decodeResult: success, version: HTTP/1.1)
POST /session/3d88e30e30bf6a28957c9b6b1a12850d/element HTTP/1.1
User-Agent: selenium/4.1.2 (java windows)
Content-Length: 78
Content-Type: application/json; charset=utf-8
host: localhost:58438
accept: */*

Response DefaultHttpResponse(decodeResult: success, version: HTTP/1.1)
HTTP/1.1 200 OK
Content-Type: application/json; charset=utf-8
cache-control: no-cache
content-length: 88

12:58:00.048 [AsyncHttpClient-1-32] DEBUG org.asynchttpclient.netty.channel.ChannelManager - Adding key: http://localhost:58438 for channel [id: 0x882801e8, L:/127.0.0.1:55524 - R:localhost/127.0.0.1:58438]
12:58:00.061 [Forwarding isElementDisplayed on session 3d88e30e30bf6a28957c9b6b1a12850d to remote] DEBUG org.asynchttpclient.netty.request.NettyRequestSender - Using pooled Channel '[id: 0x882801e8, L:/127.0.0.1:55524 - R:localhost/127.0.0.1:58438]' for 'POST' to 'http://localhost:58438/session/3d88e30e30bf6a28957c9b6b1a12850d/execute/sync'
12:58:00.062 [Forwarding isElementDisplayed on session 3d88e30e30bf6a28957c9b6b1a12850d to remote] DEBUG org.asynchttpclient.netty.request.NettyRequestSender - Using open Channel [id: 0x882801e8, L:/127.0.0.1:55524 - R:localhost/127.0.0.1:58438] for POST '/session/3d88e30e30bf6a28957c9b6b1a12850d/execute/sync'
12:58:00.100 [AsyncHttpClient-1-32] DEBUG org.asynchttpclient.netty.handler.HttpHandler - 

Request DefaultHttpRequest(decodeResult: success, version: HTTP/1.1)
POST /session/3d88e30e30bf6a28957c9b6b1a12850d/execute/sync HTTP/1.1
User-Agent: selenium/4.1.2 (java windows)
Content-Length: 48780
Content-Type: application/json; charset=utf-8
host: localhost:58438
accept: */*

Response DefaultHttpResponse(decodeResult: success, version: HTTP/1.1)
HTTP/1.1 200 OK
Content-Type: application/json; charset=utf-8
cache-control: no-cache
content-length: 14

12:58:00.101 [AsyncHttpClient-1-32] DEBUG org.asynchttpclient.netty.channel.ChannelManager - Adding key: http://localhost:58438 for channel [id: 0x882801e8, L:/127.0.0.1:55524 - R:localhost/127.0.0.1:58438]
  &amp#27;[32mThen &amp#27;[0m&amp#27;[32mvaccine names will be displayed&amp#27;[0m &amp#27;[90m# starter.stepdefinitions.VaccineNamesSteps.vaccineNamesWillBeDisplayed()&amp#27;[0m
12:58:00.110 [Forwarding screenshot on session 3d88e30e30bf6a28957c9b6b1a12850d to remote] DEBUG org.asynchttpclient.netty.request.NettyRequestSender - Using pooled Channel '[id: 0x882801e8, L:/127.0.0.1:55524 - R:localhost/127.0.0.1:58438]' for 'GET' to 'http://localhost:58438/session/3d88e30e30bf6a28957c9b6b1a12850d/screenshot'
12:58:00.110 [Forwarding screenshot on session 3d88e30e30bf6a28957c9b6b1a12850d to remote] DEBUG org.asynchttpclient.netty.request.NettyRequestSender - Using open Channel [id: 0x882801e8, L:/127.0.0.1:55524 - R:localhost/127.0.0.1:58438] for GET '/session/3d88e30e30bf6a28957c9b6b1a12850d/screenshot'
12:58:00.254 [AsyncHttpClient-1-32] DEBUG org.asynchttpclient.netty.handler.HttpHandler - 

Request DefaultFullHttpRequest(decodeResult: success, version: HTTP/1.1, content: EmptyByteBufBE)
GET /session/3d88e30e30bf6a28957c9b6b1a12850d/screenshot HTTP/1.1
User-Agent: selenium/4.1.2 (java windows)
Cache-Control: no-cache
Content-Type: application/json; charset=utf-8
host: localhost:58438
accept: */*

Response DefaultHttpResponse(decodeResult: success, version: HTTP/1.1)
HTTP/1.1 200 OK
Content-Type: application/json; charset=utf-8
cache-control: no-cache
content-length: 158368

12:58:00.255 [AsyncHttpClient-1-32] DEBUG org.asynchttpclient.netty.channel.ChannelManager - Adding key: http://localhost:58438 for channel [id: 0x882801e8, L:/127.0.0.1:55524 - R:localhost/127.0.0.1:58438]
12:58:00.259 [main] DEBUG net.serenitybdd.core.photography.Darkroom - Send negative for processing for target\site\serenity\d23380668cafbc752c806cec9346fbcd1fff517985ad1d5b460d5575084dd5a7.png
12:58:00.261 [Darkroom Processing Line] DEBUG net.serenitybdd.core.photography.DarkroomProcessingLine - Processing screenshot image in /var/screenshots/screenshot-10909880514305368032
12:58:00.261 [Darkroom Processing Line] DEBUG net.serenitybdd.core.photography.DarkroomProcessingLine - Saving screenshot to target\site\serenity\d23380668cafbc752c806cec9346fbcd1fff517985ad1d5b460d5575084dd5a7.png
12:58:00.263 [main] INFO  - 
  _____   ___   ___   _____     ___     _     ___   ___   ___   ___  
 |_   _| | __| / __| |_   _|   | _ \   /_\   / __| / __| | __| |   \ 
   | |   | _|  \__ \   | |     |  _/  / _ \  \__ \ \__ \ | _|  | |) |
   |_|   |___| |___/   |_|     |_|   /_/ \_\ |___/ |___/ |___| |___/ 


----------------------------------------------------------------------
12:58:00.264 [AsyncHttpClient-1-2] DEBUG org.asynchttpclient.netty.handler.WebSocketHandler - Channel Closed: [id: 0xdc8f7f18, L:/127.0.0.1:55532 ! R:localhost/127.0.0.1:55525] with attribute NettyResponseFuture{currentRetry=5,
	isDone=1,
	isCancelled=0,
	asyncHandler=org.asynchttpclient.ws.WebSocketUpgradeHandler@442733a9,
	nettyRequest=org.asynchttpclient.netty.request.NettyRequest@3bbdf4c9,
	future=java.util.concurrent.CompletableFuture@379df8dd[Completed normally],
	uri=ws://localhost:55525/devtools/browser/d2291e04-e93e-46ab-82dd-fae3ee7f9131,
	keepAlive=true,
	redirectCount=0,
	timeoutsHolder=null,
	inAuth=0,
	touch=1671429476971}
12:58:00.265 [AsyncHttpClient-1-2] DEBUG org.asynchttpclient.netty.channel.ChannelManager - Closing Channel [id: 0xdc8f7f18, L:/127.0.0.1:55532 ! R:localhost/127.0.0.1:55525] 
12:58:00.265 [Driver Command Executor] DEBUG org.asynchttpclient.netty.request.NettyRequestSender - Using pooled Channel '[id: 0x882801e8, L:/127.0.0.1:55524 - R:localhost/127.0.0.1:58438]' for 'DELETE' to 'http://localhost:58438/session/3d88e30e30bf6a28957c9b6b1a12850d'
12:58:00.265 [Driver Command Executor] DEBUG org.asynchttpclient.netty.request.NettyRequestSender - Using open Channel [id: 0x882801e8, L:/127.0.0.1:55524 - R:localhost/127.0.0.1:58438] for DELETE '/session/3d88e30e30bf6a28957c9b6b1a12850d'
12:58:00.284 [AsyncHttpClient-1-33] DEBUG org.asynchttpclient.netty.handler.HttpHandler - Unexpected I/O exception on channel [id: 0x1e73a2da, L:/127.0.0.1:55531 - R:localhost/127.0.0.1:55525]
java.io.IOException: An existing connection was forcibly closed by the remote host
	at java.base/sun.nio.ch.SocketDispatcher.read0(Native Method)
	at java.base/sun.nio.ch.SocketDispatcher.read(SocketDispatcher.java:43)
	at java.base/sun.nio.ch.IOUtil.readIntoNativeBuffer(IOUtil.java:276)
	at java.base/sun.nio.ch.IOUtil.read(IOUtil.java:233)
	at java.base/sun.nio.ch.IOUtil.read(IOUtil.java:223)
	at java.base/sun.nio.ch.SocketChannelImpl.read(SocketChannelImpl.java:358)
	at io.netty.buffer.PooledByteBuf.setBytes(PooledByteBuf.java:258)
	at io.netty.buffer.AbstractByteBuf.writeBytes(AbstractByteBuf.java:1132)
	at io.netty.channel.socket.nio.NioSocketChannel.doReadBytes(NioSocketChannel.java:350)
	at io.netty.channel.nio.AbstractNioByteChannel$NioByteUnsafe.read(AbstractNioByteChannel.java:151)
	at io.netty.channel.nio.NioEventLoop.processSelectedKey(NioEventLoop.java:722)
	at io.netty.channel.nio.NioEventLoop.processSelectedKeysOptimized(NioEventLoop.java:658)
	at io.netty.channel.nio.NioEventLoop.processSelectedKeys(NioEventLoop.java:584)
	at io.netty.channel.nio.NioEventLoop.run(NioEventLoop.java:496)
	at io.netty.util.concurrent.SingleThreadEventExecutor$4.run(SingleThreadEventExecutor.java:986)
	at io.netty.util.internal.ThreadExecutorMap$2.run(ThreadExecutorMap.java:74)
	at io.netty.util.concurrent.FastThreadLocalRunnable.run(FastThreadLocalRunnable.java:30)
	at java.base/java.lang.Thread.run(Thread.java:834)
12:58:00.284 [AsyncHttpClient-1-33] DEBUG org.asynchttpclient.netty.channel.ChannelManager - Closing Channel [id: 0x1e73a2da, L:/127.0.0.1:55531 - R:localhost/127.0.0.1:55525] 
12:58:00.285 [AsyncHttpClient-1-33] DEBUG org.asynchttpclient.netty.handler.HttpHandler - Channel Closed: [id: 0x1e73a2da, L:/127.0.0.1:55531 ! R:localhost/127.0.0.1:55525] with attribute DISCARD
12:58:00.305 [AsyncHttpClient-1-32] DEBUG org.asynchttpclient.netty.handler.HttpHandler - 

Request DefaultFullHttpRequest(decodeResult: success, version: HTTP/1.1, content: EmptyByteBufBE)
DELETE /session/3d88e30e30bf6a28957c9b6b1a12850d HTTP/1.1
User-Agent: selenium/4.1.2 (java windows)
Content-Type: application/json; charset=utf-8
host: localhost:58438
accept: */*

Response DefaultHttpResponse(decodeResult: success, version: HTTP/1.1)
HTTP/1.1 200 OK
Content-Type: application/json; charset=utf-8
cache-control: no-cache
content-length: 14

12:58:00.305 [AsyncHttpClient-1-32] DEBUG org.asynchttpclient.netty.channel.ChannelManager - Adding key: http://localhost:58438 for channel [id: 0x882801e8, L:/127.0.0.1:55524 - R:localhost/127.0.0.1:58438]
12:58:00.358 [AsyncHttpClient-1-32] DEBUG org.asynchttpclient.netty.handler.HttpHandler - Channel Closed: [id: 0x882801e8, L:/127.0.0.1:55524 ! R:localhost/127.0.0.1:58438] with attribute DISCARD
]]></system-out>
    <system-err><![CDATA[Starting ChromeDriver 108.0.5359.71 (1e0e3868ee06e91ad636a874420e3ca3ae3756ac-refs/branch-heads/5359@{#1016}) on port 58438
Only local connections are allowed.
Please see https://chromedriver.chromium.org/security-considerations for suggestions on keeping ChromeDriver safe.
ChromeDriver was started successfully.
Dec 19, 2022 12:57:56 PM org.openqa.selenium.remote.ProtocolHandshake createSession
INFO: Detected dialect: W3C
Dec 19, 2022 12:57:56 PM org.openqa.selenium.devtools.CdpVersionFinder findNearestMatch
WARNING: Unable to find an exact match for CDP version 108, so returning the closest version found: a no-op implementation
Dec 19, 2022 12:57:56 PM org.openqa.selenium.devtools.CdpVersionFinder findNearestMatch
INFO: Unable to find CDP implementation matching 108.
Dec 19, 2022 12:57:56 PM org.openqa.selenium.chromium.ChromiumDriver lambda$new$3
WARNING: Unable to find version of CDP to use for . You may need to include a dependency on a specific version of the CDP using something similar to `org.seleniumhq.selenium:selenium-devtools-v86:4.1.2` where the version ("v86") matches the version of the chromium-based browser you're using and the version number of the artifact is the same as Selenium's.
]]></system-err>
  </testcase>
</testsuite>