<?xml version="1.0" encoding="UTF-8"?>
<testsuite xmlns:xsi="http://www.w3.org/2001/XMLSchema-instance" xsi:noNamespaceSchemaLocation="https://maven.apache.org/surefire/maven-failsafe-plugin/xsd/failsafe-test-report-3.0.xsd" version="3.0" name="CucumberTestSuite" time="83.257" tests="5" errors="4" skipped="0" failures="0">
  <properties>
    <property name="sun.desktop" value="windows"/>
    <property name="awt.toolkit" value="sun.awt.windows.WToolkit"/>
    <property name="java.specification.version" value="11"/>
    <property name="webdriver.chrome.driver" value="C:\Users\ASUSTUF\OneDrive\Documents\Capstone Project\Web Automation\src\test\resources\webdriver\chromedriver.exe"/>
    <property name="sun.cpu.isalist" value="amd64"/>
    <property name="sun.jnu.encoding" value="Cp1252"/>
    <property name="java.class.path" value="C:\Users\ASUSTUF\OneDrive\Documents\Capstone Project\Web Automation\target\test-classes;C:\Users\ASUSTUF\.m2\repository\net\serenity-bdd\serenity-core\3.2.1\serenity-core-3.2.1.jar;C:\Users\ASUSTUF\.m2\repository\net\serenity-bdd\serenity-model\3.2.1\serenity-model-3.2.1.jar;C:\Users\ASUSTUF\.m2\repository\org\apache\commons\commons-text\1.9\commons-text-1.9.jar;C:\Users\ASUSTUF\.m2\repository\commons-net\commons-net\3.8.0\commons-net-3.8.0.jar;C:\Users\ASUSTUF\.m2\repository\com\google\guava\guava\31.1-jre\guava-31.1-jre.jar;C:\Users\ASUSTUF\.m2\repository\com\google\guava\failureaccess\1.0.1\failureaccess-1.0.1.jar;C:\Users\ASUSTUF\.m2\repository\com\google\guava\listenablefuture\9999.0-empty-to-avoid-conflict-with-guava\listenablefuture-9999.0-empty-to-avoid-conflict-with-guava.jar;C:\Users\ASUSTUF\.m2\repository\com\google\code\findbugs\jsr305\3.0.2\jsr305-3.0.2.jar;C:\Users\ASUSTUF\.m2\repository\org\checkerframework\checker-qual\3.12.0\checker-qual-3.12.0.jar;C:\Users\ASUSTUF\.m2\repository\com\google\errorprone\error_prone_annotations\2.11.0\error_prone_annotations-2.11.0.jar;C:\Users\ASUSTUF\.m2\repository\com\google\j2objc\j2objc-annotations\1.3\j2objc-annotations-1.3.jar;C:\Users\ASUSTUF\.m2\repository\com\google\inject\guice\5.1.0\guice-5.1.0.jar;C:\Users\ASUSTUF\.m2\repository\javax\inject\javax.inject\1\javax.inject-1.jar;C:\Users\ASUSTUF\.m2\repository\aopalliance\aopalliance\1.0\aopalliance-1.0.jar;C:\Users\ASUSTUF\.m2\repository\org\jsoup\jsoup\1.14.3\jsoup-1.14.3.jar;C:\Users\ASUSTUF\.m2\repository\com\thoughtworks\xstream\xstream\1.4.19\xstream-1.4.19.jar;C:\Users\ASUSTUF\.m2\repository\io\github\x-stream\mxparser\1.2.2\mxparser-1.2.2.jar;C:\Users\ASUSTUF\.m2\repository\xmlpull\xmlpull\1.1.3.1\xmlpull-1.1.3.1.jar;C:\Users\ASUSTUF\.m2\repository\io\cucumber\cucumber-java\7.2.3\cucumber-java-7.2.3.jar;C:\Users\ASUSTUF\.m2\repository\com\typesafe\config\1.4.2\config-1.4.2.jar;C:\Users\ASUSTUF\.m2\repository\org\imgscalr\imgscalr-lib\4.2\imgscalr-lib-4.2.jar;C:\Users\ASUSTUF\.m2\repository\org\awaitility\awaitility\4.2.0\awaitility-4.2.0.jar;C:\Users\ASUSTUF\.m2\repository\org\freemarker\freemarker\2.3.31\freemarker-2.3.31.jar;C:\Users\ASUSTUF\.m2\repository\io\github\classgraph\classgraph\4.8.138\classgraph-4.8.138.jar;C:\Users\ASUSTUF\.m2\repository\net\sourceforge\jexcelapi\jxl\2.6.12\jxl-2.6.12.jar;C:\Users\ASUSTUF\.m2\repository\net\bytebuddy\byte-buddy\1.12.8\byte-buddy-1.12.8.jar;C:\Users\ASUSTUF\.m2\repository\net\bytebuddy\byte-buddy-agent\1.12.8\byte-buddy-agent-1.12.8.jar;C:\Users\ASUSTUF\.m2\repository\org\objenesis\objenesis\3.1\objenesis-3.1.jar;C:\Users\ASUSTUF\.m2\repository\net\serenity-bdd\serenity-reports\3.2.1\serenity-reports-3.2.1.jar;C:\Users\ASUSTUF\.m2\repository\net\serenity-bdd\serenity-stats\3.2.1\serenity-stats-3.2.1.jar;C:\Users\ASUSTUF\.m2\repository\net\serenity-bdd\serenity-reports-configuration\3.2.1\serenity-reports-configuration-3.2.1.jar;C:\Users\ASUSTUF\.m2\repository\com\vladsch\flexmark\flexmark-all\0.34.30\flexmark-all-0.34.30.jar;C:\Users\ASUSTUF\.m2\repository\com\vladsch\flexmark\flexmark\0.34.30\flexmark-0.34.30.jar;C:\Users\ASUSTUF\.m2\repository\com\vladsch\flexmark\flexmark-ext-abbreviation\0.34.30\flexmark-ext-abbreviation-0.34.30.jar;C:\Users\ASUSTUF\.m2\repository\com\vladsch\flexmark\flexmark-ext-admonition\0.34.30\flexmark-ext-admonition-0.34.30.jar;C:\Users\ASUSTUF\.m2\repository\com\vladsch\flexmark\flexmark-ext-anchorlink\0.34.30\flexmark-ext-anchorlink-0.34.30.jar;C:\Users\ASUSTUF\.m2\repository\com\vladsch\flexmark\flexmark-ext-aside\0.34.30\flexmark-ext-aside-0.34.30.jar;C:\Users\ASUSTUF\.m2\repository\com\vladsch\flexmark\flexmark-ext-attributes\0.34.30\flexmark-ext-attributes-0.34.30.jar;C:\Users\ASUSTUF\.m2\repository\com\vladsch\flexmark\flexmark-ext-autolink\0.34.30\flexmark-ext-autolink-0.34.30.jar;C:\Users\ASUSTUF\.m2\repository\org\nibor\autolink\autolink\0.6.0\autolink-0.6.0.jar;C:\Users\ASUSTUF\.m2\repository\com\vladsch\flexmark\flexmark-ext-definition\0.34.30\flexmark-ext-definition-0.34.30.jar;C:\Users\ASUSTUF\.m2\repository\com\vladsch\flexmark\flexmark-ext-emoji\0.34.30\flexmark-ext-emoji-0.34.30.jar;C:\Users\ASUSTUF\.m2\repository\com\vladsch\flexmark\flexmark-ext-enumerated-reference\0.34.30\flexmark-ext-enumerated-reference-0.34.30.jar;C:\Users\ASUSTUF\.m2\repository\com\vladsch\flexmark\flexmark-ext-escaped-character\0.34.30\flexmark-ext-escaped-character-0.34.30.jar;C:\Users\ASUSTUF\.m2\repository\com\vladsch\flexmark\flexmark-ext-footnotes\0.34.30\flexmark-ext-footnotes-0.34.30.jar;C:\Users\ASUSTUF\.m2\repository\com\vladsch\flexmark\flexmark-ext-gfm-issues\0.34.30\flexmark-ext-gfm-issues-0.34.30.jar;C:\Users\ASUSTUF\.m2\repository\com\vladsch\flexmark\flexmark-ext-gfm-strikethrough\0.34.30\flexmark-ext-gfm-strikethrough-0.34.30.jar;C:\Users\ASUSTUF\.m2\repository\com\vladsch\flexmark\flexmark-ext-gfm-tables\0.34.30\flexmark-ext-gfm-tables-0.34.30.jar;C:\Users\ASUSTUF\.m2\repository\com\vladsch\flexmark\flexmark-ext-gfm-tasklist\0.34.30\flexmark-ext-gfm-tasklist-0.34.30.jar;C:\Users\ASUSTUF\.m2\repository\com\vladsch\flexmark\flexmark-ext-gfm-users\0.34.30\flexmark-ext-gfm-users-0.34.30.jar;C:\Users\ASUSTUF\.m2\repository\com\vladsch\flexmark\flexmark-ext-gitlab\0.34.30\flexmark-ext-gitlab-0.34.30.jar;C:\Users\ASUSTUF\.m2\repository\com\vladsch\flexmark\flexmark-ext-jekyll-front-matter\0.34.30\flexmark-ext-jekyll-front-matter-0.34.30.jar;C:\Users\ASUSTUF\.m2\repository\com\vladsch\flexmark\flexmark-ext-jekyll-tag\0.34.30\flexmark-ext-jekyll-tag-0.34.30.jar;C:\Users\ASUSTUF\.m2\repository\com\vladsch\flexmark\flexmark-ext-media-tags\0.34.30\flexmark-ext-media-tags-0.34.30.jar;C:\Users\ASUSTUF\.m2\repository\com\vladsch\flexmark\flexmark-test-util\0.34.30\flexmark-test-util-0.34.30.jar;C:\Users\ASUSTUF\.m2\repository\com\vladsch\flexmark\flexmark-ext-ins\0.34.30\flexmark-ext-ins-0.34.30.jar;C:\Users\ASUSTUF\.m2\repository\com\vladsch\flexmark\flexmark-ext-xwiki-macros\0.34.30\flexmark-ext-xwiki-macros-0.34.30.jar;C:\Users\ASUSTUF\.m2\repository\com\vladsch\flexmark\flexmark-ext-superscript\0.34.30\flexmark-ext-superscript-0.34.30.jar;C:\Users\ASUSTUF\.m2\repository\com\vladsch\flexmark\flexmark-ext-tables\0.34.30\flexmark-ext-tables-0.34.30.jar;C:\Users\ASUSTUF\.m2\repository\com\vladsch\flexmark\flexmark-ext-toc\0.34.30\flexmark-ext-toc-0.34.30.jar;C:\Users\ASUSTUF\.m2\repository\com\vladsch\flexmark\flexmark-ext-typographic\0.34.30\flexmark-ext-typographic-0.34.30.jar;C:\Users\ASUSTUF\.m2\repository\com\vladsch\flexmark\flexmark-ext-wikilink\0.34.30\flexmark-ext-wikilink-0.34.30.jar;C:\Users\ASUSTUF\.m2\repository\com\vladsch\flexmark\flexmark-ext-yaml-front-matter\0.34.30\flexmark-ext-yaml-front-matter-0.34.30.jar;C:\Users\ASUSTUF\.m2\repository\com\vladsch\flexmark\flexmark-ext-youtube-embedded\0.34.30\flexmark-ext-youtube-embedded-0.34.30.jar;C:\Users\ASUSTUF\.m2\repository\com\vladsch\flexmark\flexmark-formatter\0.34.30\flexmark-formatter-0.34.30.jar;C:\Users\ASUSTUF\.m2\repository\com\vladsch\flexmark\flexmark-html-parser\0.34.30\flexmark-html-parser-0.34.30.jar;C:\Users\ASUSTUF\.m2\repository\com\vladsch\flexmark\flexmark-jira-converter\0.34.30\flexmark-jira-converter-0.34.30.jar;C:\Users\ASUSTUF\.m2\repository\com\vladsch\flexmark\flexmark-pdf-converter\0.34.30\flexmark-pdf-converter-0.34.30.jar;C:\Users\ASUSTUF\.m2\repository\com\openhtmltopdf\openhtmltopdf-core\0.0.1-RC13\openhtmltopdf-core-0.0.1-RC13.jar;C:\Users\ASUSTUF\.m2\repository\com\openhtmltopdf\openhtmltopdf-pdfbox\0.0.1-RC13\openhtmltopdf-pdfbox-0.0.1-RC13.jar;C:\Users\ASUSTUF\.m2\repository\org\apache\pdfbox\pdfbox\2.0.8\pdfbox-2.0.8.jar;C:\Users\ASUSTUF\.m2\repository\org\apache\pdfbox\fontbox\2.0.8\fontbox-2.0.8.jar;C:\Users\ASUSTUF\.m2\repository\commons-logging\commons-logging\1.2\commons-logging-1.2.jar;C:\Users\ASUSTUF\.m2\repository\org\apache\pdfbox\xmpbox\2.0.8\xmpbox-2.0.8.jar;C:\Users\ASUSTUF\.m2\repository\de\rototor\pdfbox\graphics2d\0.12\graphics2d-0.12.jar;C:\Users\ASUSTUF\.m2\repository\com\openhtmltopdf\openhtmltopdf-rtl-support\0.0.1-RC13\openhtmltopdf-rtl-support-0.0.1-RC13.jar;C:\Users\ASUSTUF\.m2\repository\com\ibm\icu\icu4j\59.1\icu4j-59.1.jar;C:\Users\ASUSTUF\.m2\repository\com\openhtmltopdf\openhtmltopdf-jsoup-dom-converter\0.0.1-RC13\openhtmltopdf-jsoup-dom-converter-0.0.1-RC13.jar;C:\Users\ASUSTUF\.m2\repository\com\vladsch\flexmark\flexmark-profile-pegdown\0.34.30\flexmark-profile-pegdown-0.34.30.jar;C:\Users\ASUSTUF\.m2\repository\com\vladsch\flexmark\flexmark-util\0.34.30\flexmark-util-0.34.30.jar;C:\Users\ASUSTUF\.m2\repository\com\vladsch\flexmark\flexmark-youtrack-converter\0.34.30\flexmark-youtrack-converter-0.34.30.jar;C:\Users\ASUSTUF\.m2\repository\es\nitaur\markdown\txtmark\0.16\txtmark-0.16.jar;C:\Users\ASUSTUF\.m2\repository\net\serenity-bdd\serenity-report-resources\3.2.1\serenity-report-resources-3.2.1.jar;C:\Users\ASUSTUF\.m2\repository\com\google\code\gson\gson\2.9.0\gson-2.9.0.jar;C:\Users\ASUSTUF\.m2\repository\com\fasterxml\jackson\core\jackson-core\2.13.2\jackson-core-2.13.2.jar;C:\Users\ASUSTUF\.m2\repository\com\fasterxml\jackson\core\jackson-databind\2.13.2\jackson-databind-2.13.2.jar;C:\Users\ASUSTUF\.m2\repository\com\fasterxml\jackson\core\jackson-annotations\2.13.2\jackson-annotations-2.13.2.jar;C:\Users\ASUSTUF\.m2\repository\commons-codec\commons-codec\1.15\commons-codec-1.15.jar;C:\Users\ASUSTUF\.m2\repository\commons-io\commons-io\2.11.0\commons-io-2.11.0.jar;C:\Users\ASUSTUF\.m2\repository\org\seleniumhq\selenium\selenium-java\4.1.2\selenium-java-4.1.2.jar;C:\Users\ASUSTUF\.m2\repository\org\seleniumhq\selenium\selenium-devtools-v85\4.1.2\selenium-devtools-v85-4.1.2.jar;C:\Users\ASUSTUF\.m2\repository\org\seleniumhq\selenium\selenium-devtools-v95\4.1.2\selenium-devtools-v95-4.1.2.jar;C:\Users\ASUSTUF\.m2\repository\org\seleniumhq\selenium\selenium-devtools-v96\4.1.2\selenium-devtools-v96-4.1.2.jar;C:\Users\ASUSTUF\.m2\repository\org\seleniumhq\selenium\selenium-devtools-v97\4.1.2\selenium-devtools-v97-4.1.2.jar;C:\Users\ASUSTUF\.m2\repository\org\seleniumhq\selenium\selenium-firefox-xpi-driver\4.1.2\selenium-firefox-xpi-driver-4.1.2.jar;C:\Users\ASUSTUF\.m2\repository\org\seleniumhq\selenium\selenium-opera-driver\4.1.2\selenium-opera-driver-4.1.2.jar;C:\Users\ASUSTUF\.m2\repository\org\seleniumhq\selenium\selenium-remote-driver\4.1.2\selenium-remote-driver-4.1.2.jar;C:\Users\ASUSTUF\.m2\repository\com\beust\jcommander\1.82\jcommander-1.82.jar;C:\Users\ASUSTUF\.m2\repository\io\netty\netty-buffer\4.1.73.Final\netty-buffer-4.1.73.Final.jar;C:\Users\ASUSTUF\.m2\repository\io\netty\netty-codec-http\4.1.73.Final\netty-codec-http-4.1.73.Final.jar;C:\Users\ASUSTUF\.m2\repository\io\netty\netty-codec\4.1.73.Final\netty-codec-4.1.73.Final.jar;C:\Users\ASUSTUF\.m2\repository\io\netty\netty-handler\4.1.73.Final\netty-handler-4.1.73.Final.jar;C:\Users\ASUSTUF\.m2\repository\io\netty\netty-tcnative-classes\2.0.46.Final\netty-tcnative-classes-2.0.46.Final.jar;C:\Users\ASUSTUF\.m2\repository\io\netty\netty-common\4.1.73.Final\netty-common-4.1.73.Final.jar;C:\Users\ASUSTUF\.m2\repository\io\netty\netty-transport-classes-epoll\4.1.73.Final\netty-transport-classes-epoll-4.1.73.Final.jar;C:\Users\ASUSTUF\.m2\repository\io\netty\netty-transport-classes-kqueue\4.1.73.Final\netty-transport-classes-kqueue-4.1.73.Final.jar;C:\Users\ASUSTUF\.m2\repository\io\netty\netty-transport-native-epoll\4.1.73.Final\netty-transport-native-epoll-4.1.73.Final.jar;C:\Users\ASUSTUF\.m2\repository\io\netty\netty-transport-native-kqueue\4.1.73.Final\netty-transport-native-kqueue-4.1.73.Final.jar;C:\Users\ASUSTUF\.m2\repository\io\netty\netty-transport-native-unix-common\4.1.73.Final\netty-transport-native-unix-common-4.1.73.Final.jar;C:\Users\ASUSTUF\.m2\repository\io\netty\netty-transport\4.1.73.Final\netty-transport-4.1.73.Final.jar;C:\Users\ASUSTUF\.m2\repository\io\netty\netty-resolver\4.1.73.Final\netty-resolver-4.1.73.Final.jar;C:\Users\ASUSTUF\.m2\repository\io\opentelemetry\opentelemetry-api\1.10.1\opentelemetry-api-1.10.1.jar;C:\Users\ASUSTUF\.m2\repository\io\opentelemetry\opentelemetry-context\1.10.1\opentelemetry-context-1.10.1.jar;C:\Users\ASUSTUF\.m2\repository\io\opentelemetry\opentelemetry-exporter-logging\1.10.1\opentelemetry-exporter-logging-1.10.1.jar;C:\Users\ASUSTUF\.m2\repository\io\opentelemetry\opentelemetry-sdk-metrics\1.10.1-alpha\opentelemetry-sdk-metrics-1.10.1-alpha.jar;C:\Users\ASUSTUF\.m2\repository\io\opentelemetry\opentelemetry-sdk-logs\1.10.1-alpha\opentelemetry-sdk-logs-1.10.1-alpha.jar;C:\Users\ASUSTUF\.m2\repository\io\opentelemetry\opentelemetry-sdk-common\1.10.1\opentelemetry-sdk-common-1.10.1.jar;C:\Users\ASUSTUF\.m2\repository\io\opentelemetry\opentelemetry-sdk-extension-autoconfigure-spi\1.10.1\opentelemetry-sdk-extension-autoconfigure-spi-1.10.1.jar;C:\Users\ASUSTUF\.m2\repository\io\opentelemetry\opentelemetry-sdk-extension-autoconfigure\1.10.1-alpha\opentelemetry-sdk-extension-autoconfigure-1.10.1-alpha.jar;C:\Users\ASUSTUF\.m2\repository\io\opentelemetry\opentelemetry-sdk-trace\1.10.1\opentelemetry-sdk-trace-1.10.1.jar;C:\Users\ASUSTUF\.m2\repository\io\opentelemetry\opentelemetry-sdk\1.10.1\opentelemetry-sdk-1.10.1.jar;C:\Users\ASUSTUF\.m2\repository\io\opentelemetry\opentelemetry-semconv\1.10.1-alpha\opentelemetry-semconv-1.10.1-alpha.jar;C:\Users\ASUSTUF\.m2\repository\io\ous\jtoml\2.0.0\jtoml-2.0.0.jar;C:\Users\ASUSTUF\.m2\repository\org\apache\commons\commons-exec\1.3\commons-exec-1.3.jar;C:\Users\ASUSTUF\.m2\repository\org\asynchttpclient\async-http-client\2.12.3\async-http-client-2.12.3.jar;C:\Users\ASUSTUF\.m2\repository\org\asynchttpclient\async-http-client-netty-utils\2.12.3\async-http-client-netty-utils-2.12.3.jar;C:\Users\ASUSTUF\.m2\repository\io\netty\netty-codec-socks\4.1.60.Final\netty-codec-socks-4.1.60.Final.jar;C:\Users\ASUSTUF\.m2\repository\io\netty\netty-handler-proxy\4.1.60.Final\netty-handler-proxy-4.1.60.Final.jar;C:\Users\ASUSTUF\.m2\repository\io\netty\netty-transport-native-epoll\4.1.60.Final\netty-transport-native-epoll-4.1.60.Final-linux-x86_64.jar;C:\Users\ASUSTUF\.m2\repository\io\netty\netty-transport-native-kqueue\4.1.60.Final\netty-transport-native-kqueue-4.1.60.Final-osx-x86_64.jar;C:\Users\ASUSTUF\.m2\repository\org\reactivestreams\reactive-streams\1.0.3\reactive-streams-1.0.3.jar;C:\Users\ASUSTUF\.m2\repository\com\typesafe\netty\netty-reactive-streams\2.0.4\netty-reactive-streams-2.0.4.jar;C:\Users\ASUSTUF\.m2\repository\org\seleniumhq\selenium\selenium-http\4.1.2\selenium-http-4.1.2.jar;C:\Users\ASUSTUF\.m2\repository\net\jodah\failsafe\2.4.4\failsafe-2.4.4.jar;C:\Users\ASUSTUF\.m2\repository\org\seleniumhq\selenium\selenium-safari-driver\4.1.2\selenium-safari-driver-4.1.2.jar;C:\Users\ASUSTUF\.m2\repository\org\seleniumhq\selenium\selenium-api\4.1.2\selenium-api-4.1.2.jar;C:\Users\ASUSTUF\.m2\repository\org\seleniumhq\selenium\selenium-support\4.1.2\selenium-support-4.1.2.jar;C:\Users\ASUSTUF\.m2\repository\com\google\auto\service\auto-service-annotations\1.0.1\auto-service-annotations-1.0.1.jar;C:\Users\ASUSTUF\.m2\repository\com\google\auto\service\auto-service\1.0.1\auto-service-1.0.1.jar;C:\Users\ASUSTUF\.m2\repository\com\google\auto\auto-common\1.2\auto-common-1.2.jar;C:\Users\ASUSTUF\.m2\repository\org\seleniumhq\selenium\selenium-json\4.1.2\selenium-json-4.1.2.jar;C:\Users\ASUSTUF\.m2\repository\org\seleniumhq\selenium\selenium-chrome-driver\4.1.2\selenium-chrome-driver-4.1.2.jar;C:\Users\ASUSTUF\.m2\repository\org\seleniumhq\selenium\selenium-chromium-driver\4.1.2\selenium-chromium-driver-4.1.2.jar;C:\Users\ASUSTUF\.m2\repository\org\seleniumhq\selenium\selenium-firefox-driver\4.1.2\selenium-firefox-driver-4.1.2.jar;C:\Users\ASUSTUF\.m2\repository\org\seleniumhq\selenium\selenium-edge-driver\4.1.2\selenium-edge-driver-4.1.2.jar;C:\Users\ASUSTUF\.m2\repository\org\seleniumhq\selenium\selenium-ie-driver\4.1.2\selenium-ie-driver-4.1.2.jar;C:\Users\ASUSTUF\.m2\repository\org\projectlombok\lombok\1.18.20\lombok-1.18.20.jar;C:\Users\ASUSTUF\.m2\repository\io\appium\java-client\8.0.0\java-client-8.0.0.jar;C:\Users\ASUSTUF\.m2\repository\commons-validator\commons-validator\1.7\commons-validator-1.7.jar;C:\Users\ASUSTUF\.m2\repository\commons-digester\commons-digester\2.1\commons-digester-2.1.jar;C:\Users\ASUSTUF\.m2\repository\org\aspectj\aspectjweaver\1.9.8\aspectjweaver-1.9.8.jar;C:\Users\ASUSTUF\.m2\repository\org\codehaus\groovy\groovy\3.0.10\groovy-3.0.10.jar;C:\Users\ASUSTUF\.m2\repository\net\sf\opencsv\opencsv\2.0\opencsv-2.0.jar;C:\Users\ASUSTUF\.m2\repository\commons-beanutils\commons-beanutils\1.9.4\commons-beanutils-1.9.4.jar;C:\Users\ASUSTUF\.m2\repository\org\apache\commons\commons-lang3\3.12.0\commons-lang3-3.12.0.jar;C:\Users\ASUSTUF\.m2\repository\commons-collections\commons-collections\3.2.2\commons-collections-3.2.2.jar;C:\Users\ASUSTUF\.m2\repository\org\fluentlenium\fluentlenium-core\0.10.2\fluentlenium-core-0.10.2.jar;C:\Users\ASUSTUF\.m2\repository\io\github\bonigarcia\webdrivermanager\5.1.0\webdrivermanager-5.1.0.jar;C:\Users\ASUSTUF\.m2\repository\com\github\docker-java\docker-java\3.2.13\docker-java-3.2.13.jar;C:\Users\ASUSTUF\.m2\repository\com\github\docker-java\docker-java-core\3.2.13\docker-java-core-3.2.13.jar;C:\Users\ASUSTUF\.m2\repository\com\github\docker-java\docker-java-api\3.2.13\docker-java-api-3.2.13.jar;C:\Users\ASUSTUF\.m2\repository\org\apache\commons\commons-compress\1.21\commons-compress-1.21.jar;C:\Users\ASUSTUF\.m2\repository\org\bouncycastle\bcpkix-jdk15on\1.64\bcpkix-jdk15on-1.64.jar;C:\Users\ASUSTUF\.m2\repository\org\bouncycastle\bcprov-jdk15on\1.64\bcprov-jdk15on-1.64.jar;C:\Users\ASUSTUF\.m2\repository\org\slf4j\jcl-over-slf4j\1.7.30\jcl-over-slf4j-1.7.30.jar;C:\Users\ASUSTUF\.m2\repository\com\github\docker-java\docker-java-transport-httpclient5\3.2.13\docker-java-transport-httpclient5-3.2.13.jar;C:\Users\ASUSTUF\.m2\repository\com\github\docker-java\docker-java-transport\3.2.13\docker-java-transport-3.2.13.jar;C:\Users\ASUSTUF\.m2\repository\org\apache\httpcomponents\client5\httpclient5\5.0.3\httpclient5-5.0.3.jar;C:\Users\ASUSTUF\.m2\repository\org\apache\httpcomponents\core5\httpcore5\5.0.2\httpcore5-5.0.2.jar;C:\Users\ASUSTUF\.m2\repository\net\java\dev\jna\jna\5.8.0\jna-5.8.0.jar;C:\Users\ASUSTUF\.m2\repository\org\brotli\dec\0.1.2\dec-0.1.2.jar;C:\Users\ASUSTUF\.m2\repository\com\jhlabs\filters\2.0.235\filters-2.0.235.jar;C:\Users\ASUSTUF\.m2\repository\com\paulhammant\ngwebdriver\1.1.6\ngwebdriver-1.1.6.jar;C:\Users\ASUSTUF\.m2\repository\joda-time\joda-time\2.8.2\joda-time-2.8.2.jar;C:\Users\ASUSTUF\.m2\repository\org\hamcrest\hamcrest\2.2\hamcrest-2.2.jar;C:\Users\ASUSTUF\.m2\repository\com\google\jimfs\jimfs\1.2\jimfs-1.2.jar;C:\Users\ASUSTUF\.m2\repository\org\mockito\mockito-core\3.3.3\mockito-core-3.3.3.jar;C:\Users\ASUSTUF\.m2\repository\javax\xml\bind\jaxb-api\2.3.1\jaxb-api-2.3.1.jar;C:\Users\ASUSTUF\.m2\repository\javax\activation\javax.activation-api\1.2.0\javax.activation-api-1.2.0.jar;C:\Users\ASUSTUF\.m2\repository\com\sun\xml\bind\jaxb-core\2.3.0.1\jaxb-core-2.3.0.1.jar;C:\Users\ASUSTUF\.m2\repository\com\sun\xml\bind\jaxb-impl\2.3.3\jaxb-impl-2.3.3.jar;C:\Users\ASUSTUF\.m2\repository\jakarta\xml\bind\jakarta.xml.bind-api\2.3.3\jakarta.xml.bind-api-2.3.3.jar;C:\Users\ASUSTUF\.m2\repository\com\sun\activation\jakarta.activation\1.2.2\jakarta.activation-1.2.2.jar;C:\Users\ASUSTUF\.m2\repository\javax\activation\activation\1.1.1\activation-1.1.1.jar;C:\Users\ASUSTUF\.m2\repository\net\serenity-bdd\serenity-cucumber\3.2.1\serenity-cucumber-3.2.1.jar;C:\Users\ASUSTUF\.m2\repository\io\cucumber\cucumber-core\7.2.3\cucumber-core-7.2.3.jar;C:\Users\ASUSTUF\.m2\repository\io\cucumber\cucumber-gherkin\7.2.3\cucumber-gherkin-7.2.3.jar;C:\Users\ASUSTUF\.m2\repository\io\cucumber\cucumber-gherkin-messages\7.2.3\cucumber-gherkin-messages-7.2.3.jar;C:\Users\ASUSTUF\.m2\repository\io\cucumber\messages\17.1.1\messages-17.1.1.jar;C:\Users\ASUSTUF\.m2\repository\io\cucumber\tag-expressions\4.1.0\tag-expressions-4.1.0.jar;C:\Users\ASUSTUF\.m2\repository\io\cucumber\cucumber-expressions\15.0.1\cucumber-expressions-15.0.1.jar;C:\Users\ASUSTUF\.m2\repository\io\cucumber\datatable\7.2.3\datatable-7.2.3.jar;C:\Users\ASUSTUF\.m2\repository\io\cucumber\cucumber-plugin\7.2.3\cucumber-plugin-7.2.3.jar;C:\Users\ASUSTUF\.m2\repository\io\cucumber\docstring\7.2.3\docstring-7.2.3.jar;C:\Users\ASUSTUF\.m2\repository\io\cucumber\html-formatter\17.0.0\html-formatter-17.0.0.jar;C:\Users\ASUSTUF\.m2\repository\io\cucumber\ci-environment\8.1.0\ci-environment-8.1.0.jar;C:\Users\ASUSTUF\.m2\repository\io\cucumber\cucumber-junit\7.2.3\cucumber-junit-7.2.3.jar;C:\Users\ASUSTUF\.m2\repository\org\apache\commons\commons-csv\1.5\commons-csv-1.5.jar;C:\Users\ASUSTUF\.m2\repository\net\serenity-bdd\serenity-screenplay\3.2.1\serenity-screenplay-3.2.1.jar;C:\Users\ASUSTUF\.m2\repository\net\serenity-bdd\serenity-screenplay-webdriver\3.2.1\serenity-screenplay-webdriver-3.2.1.jar;C:\Users\ASUSTUF\.m2\repository\net\serenity-bdd\serenity-ensure\3.2.1\serenity-ensure-3.2.1.jar;C:\Users\ASUSTUF\.m2\repository\net\serenity-bdd\serenity-junit\3.2.1\serenity-junit-3.2.1.jar;C:\Users\ASUSTUF\.m2\repository\org\jetbrains\kotlin\kotlin-stdlib\1.6.0\kotlin-stdlib-1.6.0.jar;C:\Users\ASUSTUF\.m2\repository\org\jetbrains\annotations\13.0\annotations-13.0.jar;C:\Users\ASUSTUF\.m2\repository\org\jetbrains\kotlin\kotlin-stdlib-common\1.6.0\kotlin-stdlib-common-1.6.0.jar;C:\Users\ASUSTUF\.m2\repository\org\junit\platform\junit-platform-launcher\1.8.1\junit-platform-launcher-1.8.1.jar;C:\Users\ASUSTUF\.m2\repository\org\junit\platform\junit-platform-engine\1.8.1\junit-platform-engine-1.8.1.jar;C:\Users\ASUSTUF\.m2\repository\org\opentest4j\opentest4j\1.2.0\opentest4j-1.2.0.jar;C:\Users\ASUSTUF\.m2\repository\org\junit\platform\junit-platform-commons\1.8.1\junit-platform-commons-1.8.1.jar;C:\Users\ASUSTUF\.m2\repository\org\apiguardian\apiguardian-api\1.1.2\apiguardian-api-1.1.2.jar;C:\Users\ASUSTUF\.m2\repository\org\junit\jupiter\junit-jupiter-engine\5.8.2\junit-jupiter-engine-5.8.2.jar;C:\Users\ASUSTUF\.m2\repository\org\junit\jupiter\junit-jupiter-api\5.8.2\junit-jupiter-api-5.8.2.jar;C:\Users\ASUSTUF\.m2\repository\org\junit\vintage\junit-vintage-engine\5.8.2\junit-vintage-engine-5.8.2.jar;C:\Users\ASUSTUF\.m2\repository\junit\junit\4.13.2\junit-4.13.2.jar;C:\Users\ASUSTUF\.m2\repository\org\hamcrest\hamcrest-core\1.3\hamcrest-core-1.3.jar;C:\Users\ASUSTUF\.m2\repository\ch\qos\logback\logback-classic\1.2.10\logback-classic-1.2.10.jar;C:\Users\ASUSTUF\.m2\repository\ch\qos\logback\logback-core\1.2.10\logback-core-1.2.10.jar;C:\Users\ASUSTUF\.m2\repository\org\slf4j\slf4j-api\1.7.32\slf4j-api-1.7.32.jar;C:\Users\ASUSTUF\.m2\repository\org\assertj\assertj-core\3.6.2\assertj-core-3.6.2.jar;"/>
    <property name="java.vm.vendor" value="Oracle Corporation"/>
    <property name="sun.arch.data.model" value="64"/>
    <property name="user.variant" value=""/>
    <property name="java.vendor.url" value="https://openjdk.java.net/"/>
    <property name="user.timezone" value="Asia/Bangkok"/>
    <property name="log4j2.formatMsgNoLookups" value="true"/>
    <property name="java.vm.specification.version" value="11"/>
    <property name="os.name" value="Windows 11"/>
    <property name="sun.java.launcher" value="SUN_STANDARD"/>
    <property name="user.country" value="US"/>
    <property name="sun.boot.library.path" value="C:\Program Files\Java\jdk-11.0.16\bin"/>
    <property name="sun.java.command" value="org.apache.maven.surefire.booter.ForkedBooter C:\Users\ASUSTUF\AppData\Local\Temp\surefire16148047289502543783 2022-12-21T13-40-35_963-jvmRun1 surefire12975533047673716376tmp surefire_08760318298473208946tmp"/>
    <property name="jdk.debug" value="release"/>
    <property name="surefire.test.class.path" value="C:\Users\ASUSTUF\OneDrive\Documents\Capstone Project\Web Automation\target\test-classes;C:\Users\ASUSTUF\.m2\repository\net\serenity-bdd\serenity-core\3.2.1\serenity-core-3.2.1.jar;C:\Users\ASUSTUF\.m2\repository\net\serenity-bdd\serenity-model\3.2.1\serenity-model-3.2.1.jar;C:\Users\ASUSTUF\.m2\repository\org\apache\commons\commons-text\1.9\commons-text-1.9.jar;C:\Users\ASUSTUF\.m2\repository\commons-net\commons-net\3.8.0\commons-net-3.8.0.jar;C:\Users\ASUSTUF\.m2\repository\com\google\guava\guava\31.1-jre\guava-31.1-jre.jar;C:\Users\ASUSTUF\.m2\repository\com\google\guava\failureaccess\1.0.1\failureaccess-1.0.1.jar;C:\Users\ASUSTUF\.m2\repository\com\google\guava\listenablefuture\9999.0-empty-to-avoid-conflict-with-guava\listenablefuture-9999.0-empty-to-avoid-conflict-with-guava.jar;C:\Users\ASUSTUF\.m2\repository\com\google\code\findbugs\jsr305\3.0.2\jsr305-3.0.2.jar;C:\Users\ASUSTUF\.m2\repository\org\checkerframework\checker-qual\3.12.0\checker-qual-3.12.0.jar;C:\Users\ASUSTUF\.m2\repository\com\google\errorprone\error_prone_annotations\2.11.0\error_prone_annotations-2.11.0.jar;C:\Users\ASUSTUF\.m2\repository\com\google\j2objc\j2objc-annotations\1.3\j2objc-annotations-1.3.jar;C:\Users\ASUSTUF\.m2\repository\com\google\inject\guice\5.1.0\guice-5.1.0.jar;C:\Users\ASUSTUF\.m2\repository\javax\inject\javax.inject\1\javax.inject-1.jar;C:\Users\ASUSTUF\.m2\repository\aopalliance\aopalliance\1.0\aopalliance-1.0.jar;C:\Users\ASUSTUF\.m2\repository\org\jsoup\jsoup\1.14.3\jsoup-1.14.3.jar;C:\Users\ASUSTUF\.m2\repository\com\thoughtworks\xstream\xstream\1.4.19\xstream-1.4.19.jar;C:\Users\ASUSTUF\.m2\repository\io\github\x-stream\mxparser\1.2.2\mxparser-1.2.2.jar;C:\Users\ASUSTUF\.m2\repository\xmlpull\xmlpull\1.1.3.1\xmlpull-1.1.3.1.jar;C:\Users\ASUSTUF\.m2\repository\io\cucumber\cucumber-java\7.2.3\cucumber-java-7.2.3.jar;C:\Users\ASUSTUF\.m2\repository\com\typesafe\config\1.4.2\config-1.4.2.jar;C:\Users\ASUSTUF\.m2\repository\org\imgscalr\imgscalr-lib\4.2\imgscalr-lib-4.2.jar;C:\Users\ASUSTUF\.m2\repository\org\awaitility\awaitility\4.2.0\awaitility-4.2.0.jar;C:\Users\ASUSTUF\.m2\repository\org\freemarker\freemarker\2.3.31\freemarker-2.3.31.jar;C:\Users\ASUSTUF\.m2\repository\io\github\classgraph\classgraph\4.8.138\classgraph-4.8.138.jar;C:\Users\ASUSTUF\.m2\repository\net\sourceforge\jexcelapi\jxl\2.6.12\jxl-2.6.12.jar;C:\Users\ASUSTUF\.m2\repository\net\bytebuddy\byte-buddy\1.12.8\byte-buddy-1.12.8.jar;C:\Users\ASUSTUF\.m2\repository\net\bytebuddy\byte-buddy-agent\1.12.8\byte-buddy-agent-1.12.8.jar;C:\Users\ASUSTUF\.m2\repository\org\objenesis\objenesis\3.1\objenesis-3.1.jar;C:\Users\ASUSTUF\.m2\repository\net\serenity-bdd\serenity-reports\3.2.1\serenity-reports-3.2.1.jar;C:\Users\ASUSTUF\.m2\repository\net\serenity-bdd\serenity-stats\3.2.1\serenity-stats-3.2.1.jar;C:\Users\ASUSTUF\.m2\repository\net\serenity-bdd\serenity-reports-configuration\3.2.1\serenity-reports-configuration-3.2.1.jar;C:\Users\ASUSTUF\.m2\repository\com\vladsch\flexmark\flexmark-all\0.34.30\flexmark-all-0.34.30.jar;C:\Users\ASUSTUF\.m2\repository\com\vladsch\flexmark\flexmark\0.34.30\flexmark-0.34.30.jar;C:\Users\ASUSTUF\.m2\repository\com\vladsch\flexmark\flexmark-ext-abbreviation\0.34.30\flexmark-ext-abbreviation-0.34.30.jar;C:\Users\ASUSTUF\.m2\repository\com\vladsch\flexmark\flexmark-ext-admonition\0.34.30\flexmark-ext-admonition-0.34.30.jar;C:\Users\ASUSTUF\.m2\repository\com\vladsch\flexmark\flexmark-ext-anchorlink\0.34.30\flexmark-ext-anchorlink-0.34.30.jar;C:\Users\ASUSTUF\.m2\repository\com\vladsch\flexmark\flexmark-ext-aside\0.34.30\flexmark-ext-aside-0.34.30.jar;C:\Users\ASUSTUF\.m2\repository\com\vladsch\flexmark\flexmark-ext-attributes\0.34.30\flexmark-ext-attributes-0.34.30.jar;C:\Users\ASUSTUF\.m2\repository\com\vladsch\flexmark\flexmark-ext-autolink\0.34.30\flexmark-ext-autolink-0.34.30.jar;C:\Users\ASUSTUF\.m2\repository\org\nibor\autolink\autolink\0.6.0\autolink-0.6.0.jar;C:\Users\ASUSTUF\.m2\repository\com\vladsch\flexmark\flexmark-ext-definition\0.34.30\flexmark-ext-definition-0.34.30.jar;C:\Users\ASUSTUF\.m2\repository\com\vladsch\flexmark\flexmark-ext-emoji\0.34.30\flexmark-ext-emoji-0.34.30.jar;C:\Users\ASUSTUF\.m2\repository\com\vladsch\flexmark\flexmark-ext-enumerated-reference\0.34.30\flexmark-ext-enumerated-reference-0.34.30.jar;C:\Users\ASUSTUF\.m2\repository\com\vladsch\flexmark\flexmark-ext-escaped-character\0.34.30\flexmark-ext-escaped-character-0.34.30.jar;C:\Users\ASUSTUF\.m2\repository\com\vladsch\flexmark\flexmark-ext-footnotes\0.34.30\flexmark-ext-footnotes-0.34.30.jar;C:\Users\ASUSTUF\.m2\repository\com\vladsch\flexmark\flexmark-ext-gfm-issues\0.34.30\flexmark-ext-gfm-issues-0.34.30.jar;C:\Users\ASUSTUF\.m2\repository\com\vladsch\flexmark\flexmark-ext-gfm-strikethrough\0.34.30\flexmark-ext-gfm-strikethrough-0.34.30.jar;C:\Users\ASUSTUF\.m2\repository\com\vladsch\flexmark\flexmark-ext-gfm-tables\0.34.30\flexmark-ext-gfm-tables-0.34.30.jar;C:\Users\ASUSTUF\.m2\repository\com\vladsch\flexmark\flexmark-ext-gfm-tasklist\0.34.30\flexmark-ext-gfm-tasklist-0.34.30.jar;C:\Users\ASUSTUF\.m2\repository\com\vladsch\flexmark\flexmark-ext-gfm-users\0.34.30\flexmark-ext-gfm-users-0.34.30.jar;C:\Users\ASUSTUF\.m2\repository\com\vladsch\flexmark\flexmark-ext-gitlab\0.34.30\flexmark-ext-gitlab-0.34.30.jar;C:\Users\ASUSTUF\.m2\repository\com\vladsch\flexmark\flexmark-ext-jekyll-front-matter\0.34.30\flexmark-ext-jekyll-front-matter-0.34.30.jar;C:\Users\ASUSTUF\.m2\repository\com\vladsch\flexmark\flexmark-ext-jekyll-tag\0.34.30\flexmark-ext-jekyll-tag-0.34.30.jar;C:\Users\ASUSTUF\.m2\repository\com\vladsch\flexmark\flexmark-ext-media-tags\0.34.30\flexmark-ext-media-tags-0.34.30.jar;C:\Users\ASUSTUF\.m2\repository\com\vladsch\flexmark\flexmark-test-util\0.34.30\flexmark-test-util-0.34.30.jar;C:\Users\ASUSTUF\.m2\repository\com\vladsch\flexmark\flexmark-ext-ins\0.34.30\flexmark-ext-ins-0.34.30.jar;C:\Users\ASUSTUF\.m2\repository\com\vladsch\flexmark\flexmark-ext-xwiki-macros\0.34.30\flexmark-ext-xwiki-macros-0.34.30.jar;C:\Users\ASUSTUF\.m2\repository\com\vladsch\flexmark\flexmark-ext-superscript\0.34.30\flexmark-ext-superscript-0.34.30.jar;C:\Users\ASUSTUF\.m2\repository\com\vladsch\flexmark\flexmark-ext-tables\0.34.30\flexmark-ext-tables-0.34.30.jar;C:\Users\ASUSTUF\.m2\repository\com\vladsch\flexmark\flexmark-ext-toc\0.34.30\flexmark-ext-toc-0.34.30.jar;C:\Users\ASUSTUF\.m2\repository\com\vladsch\flexmark\flexmark-ext-typographic\0.34.30\flexmark-ext-typographic-0.34.30.jar;C:\Users\ASUSTUF\.m2\repository\com\vladsch\flexmark\flexmark-ext-wikilink\0.34.30\flexmark-ext-wikilink-0.34.30.jar;C:\Users\ASUSTUF\.m2\repository\com\vladsch\flexmark\flexmark-ext-yaml-front-matter\0.34.30\flexmark-ext-yaml-front-matter-0.34.30.jar;C:\Users\ASUSTUF\.m2\repository\com\vladsch\flexmark\flexmark-ext-youtube-embedded\0.34.30\flexmark-ext-youtube-embedded-0.34.30.jar;C:\Users\ASUSTUF\.m2\repository\com\vladsch\flexmark\flexmark-formatter\0.34.30\flexmark-formatter-0.34.30.jar;C:\Users\ASUSTUF\.m2\repository\com\vladsch\flexmark\flexmark-html-parser\0.34.30\flexmark-html-parser-0.34.30.jar;C:\Users\ASUSTUF\.m2\repository\com\vladsch\flexmark\flexmark-jira-converter\0.34.30\flexmark-jira-converter-0.34.30.jar;C:\Users\ASUSTUF\.m2\repository\com\vladsch\flexmark\flexmark-pdf-converter\0.34.30\flexmark-pdf-converter-0.34.30.jar;C:\Users\ASUSTUF\.m2\repository\com\openhtmltopdf\openhtmltopdf-core\0.0.1-RC13\openhtmltopdf-core-0.0.1-RC13.jar;C:\Users\ASUSTUF\.m2\repository\com\openhtmltopdf\openhtmltopdf-pdfbox\0.0.1-RC13\openhtmltopdf-pdfbox-0.0.1-RC13.jar;C:\Users\ASUSTUF\.m2\repository\org\apache\pdfbox\pdfbox\2.0.8\pdfbox-2.0.8.jar;C:\Users\ASUSTUF\.m2\repository\org\apache\pdfbox\fontbox\2.0.8\fontbox-2.0.8.jar;C:\Users\ASUSTUF\.m2\repository\commons-logging\commons-logging\1.2\commons-logging-1.2.jar;C:\Users\ASUSTUF\.m2\repository\org\apache\pdfbox\xmpbox\2.0.8\xmpbox-2.0.8.jar;C:\Users\ASUSTUF\.m2\repository\de\rototor\pdfbox\graphics2d\0.12\graphics2d-0.12.jar;C:\Users\ASUSTUF\.m2\repository\com\openhtmltopdf\openhtmltopdf-rtl-support\0.0.1-RC13\openhtmltopdf-rtl-support-0.0.1-RC13.jar;C:\Users\ASUSTUF\.m2\repository\com\ibm\icu\icu4j\59.1\icu4j-59.1.jar;C:\Users\ASUSTUF\.m2\repository\com\openhtmltopdf\openhtmltopdf-jsoup-dom-converter\0.0.1-RC13\openhtmltopdf-jsoup-dom-converter-0.0.1-RC13.jar;C:\Users\ASUSTUF\.m2\repository\com\vladsch\flexmark\flexmark-profile-pegdown\0.34.30\flexmark-profile-pegdown-0.34.30.jar;C:\Users\ASUSTUF\.m2\repository\com\vladsch\flexmark\flexmark-util\0.34.30\flexmark-util-0.34.30.jar;C:\Users\ASUSTUF\.m2\repository\com\vladsch\flexmark\flexmark-youtrack-converter\0.34.30\flexmark-youtrack-converter-0.34.30.jar;C:\Users\ASUSTUF\.m2\repository\es\nitaur\markdown\txtmark\0.16\txtmark-0.16.jar;C:\Users\ASUSTUF\.m2\repository\net\serenity-bdd\serenity-report-resources\3.2.1\serenity-report-resources-3.2.1.jar;C:\Users\ASUSTUF\.m2\repository\com\google\code\gson\gson\2.9.0\gson-2.9.0.jar;C:\Users\ASUSTUF\.m2\repository\com\fasterxml\jackson\core\jackson-core\2.13.2\jackson-core-2.13.2.jar;C:\Users\ASUSTUF\.m2\repository\com\fasterxml\jackson\core\jackson-databind\2.13.2\jackson-databind-2.13.2.jar;C:\Users\ASUSTUF\.m2\repository\com\fasterxml\jackson\core\jackson-annotations\2.13.2\jackson-annotations-2.13.2.jar;C:\Users\ASUSTUF\.m2\repository\commons-codec\commons-codec\1.15\commons-codec-1.15.jar;C:\Users\ASUSTUF\.m2\repository\commons-io\commons-io\2.11.0\commons-io-2.11.0.jar;C:\Users\ASUSTUF\.m2\repository\org\seleniumhq\selenium\selenium-java\4.1.2\selenium-java-4.1.2.jar;C:\Users\ASUSTUF\.m2\repository\org\seleniumhq\selenium\selenium-devtools-v85\4.1.2\selenium-devtools-v85-4.1.2.jar;C:\Users\ASUSTUF\.m2\repository\org\seleniumhq\selenium\selenium-devtools-v95\4.1.2\selenium-devtools-v95-4.1.2.jar;C:\Users\ASUSTUF\.m2\repository\org\seleniumhq\selenium\selenium-devtools-v96\4.1.2\selenium-devtools-v96-4.1.2.jar;C:\Users\ASUSTUF\.m2\repository\org\seleniumhq\selenium\selenium-devtools-v97\4.1.2\selenium-devtools-v97-4.1.2.jar;C:\Users\ASUSTUF\.m2\repository\org\seleniumhq\selenium\selenium-firefox-xpi-driver\4.1.2\selenium-firefox-xpi-driver-4.1.2.jar;C:\Users\ASUSTUF\.m2\repository\org\seleniumhq\selenium\selenium-opera-driver\4.1.2\selenium-opera-driver-4.1.2.jar;C:\Users\ASUSTUF\.m2\repository\org\seleniumhq\selenium\selenium-remote-driver\4.1.2\selenium-remote-driver-4.1.2.jar;C:\Users\ASUSTUF\.m2\repository\com\beust\jcommander\1.82\jcommander-1.82.jar;C:\Users\ASUSTUF\.m2\repository\io\netty\netty-buffer\4.1.73.Final\netty-buffer-4.1.73.Final.jar;C:\Users\ASUSTUF\.m2\repository\io\netty\netty-codec-http\4.1.73.Final\netty-codec-http-4.1.73.Final.jar;C:\Users\ASUSTUF\.m2\repository\io\netty\netty-codec\4.1.73.Final\netty-codec-4.1.73.Final.jar;C:\Users\ASUSTUF\.m2\repository\io\netty\netty-handler\4.1.73.Final\netty-handler-4.1.73.Final.jar;C:\Users\ASUSTUF\.m2\repository\io\netty\netty-tcnative-classes\2.0.46.Final\netty-tcnative-classes-2.0.46.Final.jar;C:\Users\ASUSTUF\.m2\repository\io\netty\netty-common\4.1.73.Final\netty-common-4.1.73.Final.jar;C:\Users\ASUSTUF\.m2\repository\io\netty\netty-transport-classes-epoll\4.1.73.Final\netty-transport-classes-epoll-4.1.73.Final.jar;C:\Users\ASUSTUF\.m2\repository\io\netty\netty-transport-classes-kqueue\4.1.73.Final\netty-transport-classes-kqueue-4.1.73.Final.jar;C:\Users\ASUSTUF\.m2\repository\io\netty\netty-transport-native-epoll\4.1.73.Final\netty-transport-native-epoll-4.1.73.Final.jar;C:\Users\ASUSTUF\.m2\repository\io\netty\netty-transport-native-kqueue\4.1.73.Final\netty-transport-native-kqueue-4.1.73.Final.jar;C:\Users\ASUSTUF\.m2\repository\io\netty\netty-transport-native-unix-common\4.1.73.Final\netty-transport-native-unix-common-4.1.73.Final.jar;C:\Users\ASUSTUF\.m2\repository\io\netty\netty-transport\4.1.73.Final\netty-transport-4.1.73.Final.jar;C:\Users\ASUSTUF\.m2\repository\io\netty\netty-resolver\4.1.73.Final\netty-resolver-4.1.73.Final.jar;C:\Users\ASUSTUF\.m2\repository\io\opentelemetry\opentelemetry-api\1.10.1\opentelemetry-api-1.10.1.jar;C:\Users\ASUSTUF\.m2\repository\io\opentelemetry\opentelemetry-context\1.10.1\opentelemetry-context-1.10.1.jar;C:\Users\ASUSTUF\.m2\repository\io\opentelemetry\opentelemetry-exporter-logging\1.10.1\opentelemetry-exporter-logging-1.10.1.jar;C:\Users\ASUSTUF\.m2\repository\io\opentelemetry\opentelemetry-sdk-metrics\1.10.1-alpha\opentelemetry-sdk-metrics-1.10.1-alpha.jar;C:\Users\ASUSTUF\.m2\repository\io\opentelemetry\opentelemetry-sdk-logs\1.10.1-alpha\opentelemetry-sdk-logs-1.10.1-alpha.jar;C:\Users\ASUSTUF\.m2\repository\io\opentelemetry\opentelemetry-sdk-common\1.10.1\opentelemetry-sdk-common-1.10.1.jar;C:\Users\ASUSTUF\.m2\repository\io\opentelemetry\opentelemetry-sdk-extension-autoconfigure-spi\1.10.1\opentelemetry-sdk-extension-autoconfigure-spi-1.10.1.jar;C:\Users\ASUSTUF\.m2\repository\io\opentelemetry\opentelemetry-sdk-extension-autoconfigure\1.10.1-alpha\opentelemetry-sdk-extension-autoconfigure-1.10.1-alpha.jar;C:\Users\ASUSTUF\.m2\repository\io\opentelemetry\opentelemetry-sdk-trace\1.10.1\opentelemetry-sdk-trace-1.10.1.jar;C:\Users\ASUSTUF\.m2\repository\io\opentelemetry\opentelemetry-sdk\1.10.1\opentelemetry-sdk-1.10.1.jar;C:\Users\ASUSTUF\.m2\repository\io\opentelemetry\opentelemetry-semconv\1.10.1-alpha\opentelemetry-semconv-1.10.1-alpha.jar;C:\Users\ASUSTUF\.m2\repository\io\ous\jtoml\2.0.0\jtoml-2.0.0.jar;C:\Users\ASUSTUF\.m2\repository\org\apache\commons\commons-exec\1.3\commons-exec-1.3.jar;C:\Users\ASUSTUF\.m2\repository\org\asynchttpclient\async-http-client\2.12.3\async-http-client-2.12.3.jar;C:\Users\ASUSTUF\.m2\repository\org\asynchttpclient\async-http-client-netty-utils\2.12.3\async-http-client-netty-utils-2.12.3.jar;C:\Users\ASUSTUF\.m2\repository\io\netty\netty-codec-socks\4.1.60.Final\netty-codec-socks-4.1.60.Final.jar;C:\Users\ASUSTUF\.m2\repository\io\netty\netty-handler-proxy\4.1.60.Final\netty-handler-proxy-4.1.60.Final.jar;C:\Users\ASUSTUF\.m2\repository\io\netty\netty-transport-native-epoll\4.1.60.Final\netty-transport-native-epoll-4.1.60.Final-linux-x86_64.jar;C:\Users\ASUSTUF\.m2\repository\io\netty\netty-transport-native-kqueue\4.1.60.Final\netty-transport-native-kqueue-4.1.60.Final-osx-x86_64.jar;C:\Users\ASUSTUF\.m2\repository\org\reactivestreams\reactive-streams\1.0.3\reactive-streams-1.0.3.jar;C:\Users\ASUSTUF\.m2\repository\com\typesafe\netty\netty-reactive-streams\2.0.4\netty-reactive-streams-2.0.4.jar;C:\Users\ASUSTUF\.m2\repository\org\seleniumhq\selenium\selenium-http\4.1.2\selenium-http-4.1.2.jar;C:\Users\ASUSTUF\.m2\repository\net\jodah\failsafe\2.4.4\failsafe-2.4.4.jar;C:\Users\ASUSTUF\.m2\repository\org\seleniumhq\selenium\selenium-safari-driver\4.1.2\selenium-safari-driver-4.1.2.jar;C:\Users\ASUSTUF\.m2\repository\org\seleniumhq\selenium\selenium-api\4.1.2\selenium-api-4.1.2.jar;C:\Users\ASUSTUF\.m2\repository\org\seleniumhq\selenium\selenium-support\4.1.2\selenium-support-4.1.2.jar;C:\Users\ASUSTUF\.m2\repository\com\google\auto\service\auto-service-annotations\1.0.1\auto-service-annotations-1.0.1.jar;C:\Users\ASUSTUF\.m2\repository\com\google\auto\service\auto-service\1.0.1\auto-service-1.0.1.jar;C:\Users\ASUSTUF\.m2\repository\com\google\auto\auto-common\1.2\auto-common-1.2.jar;C:\Users\ASUSTUF\.m2\repository\org\seleniumhq\selenium\selenium-json\4.1.2\selenium-json-4.1.2.jar;C:\Users\ASUSTUF\.m2\repository\org\seleniumhq\selenium\selenium-chrome-driver\4.1.2\selenium-chrome-driver-4.1.2.jar;C:\Users\ASUSTUF\.m2\repository\org\seleniumhq\selenium\selenium-chromium-driver\4.1.2\selenium-chromium-driver-4.1.2.jar;C:\Users\ASUSTUF\.m2\repository\org\seleniumhq\selenium\selenium-firefox-driver\4.1.2\selenium-firefox-driver-4.1.2.jar;C:\Users\ASUSTUF\.m2\repository\org\seleniumhq\selenium\selenium-edge-driver\4.1.2\selenium-edge-driver-4.1.2.jar;C:\Users\ASUSTUF\.m2\repository\org\seleniumhq\selenium\selenium-ie-driver\4.1.2\selenium-ie-driver-4.1.2.jar;C:\Users\ASUSTUF\.m2\repository\org\projectlombok\lombok\1.18.20\lombok-1.18.20.jar;C:\Users\ASUSTUF\.m2\repository\io\appium\java-client\8.0.0\java-client-8.0.0.jar;C:\Users\ASUSTUF\.m2\repository\commons-validator\commons-validator\1.7\commons-validator-1.7.jar;C:\Users\ASUSTUF\.m2\repository\commons-digester\commons-digester\2.1\commons-digester-2.1.jar;C:\Users\ASUSTUF\.m2\repository\org\aspectj\aspectjweaver\1.9.8\aspectjweaver-1.9.8.jar;C:\Users\ASUSTUF\.m2\repository\org\codehaus\groovy\groovy\3.0.10\groovy-3.0.10.jar;C:\Users\ASUSTUF\.m2\repository\net\sf\opencsv\opencsv\2.0\opencsv-2.0.jar;C:\Users\ASUSTUF\.m2\repository\commons-beanutils\commons-beanutils\1.9.4\commons-beanutils-1.9.4.jar;C:\Users\ASUSTUF\.m2\repository\org\apache\commons\commons-lang3\3.12.0\commons-lang3-3.12.0.jar;C:\Users\ASUSTUF\.m2\repository\commons-collections\commons-collections\3.2.2\commons-collections-3.2.2.jar;C:\Users\ASUSTUF\.m2\repository\org\fluentlenium\fluentlenium-core\0.10.2\fluentlenium-core-0.10.2.jar;C:\Users\ASUSTUF\.m2\repository\io\github\bonigarcia\webdrivermanager\5.1.0\webdrivermanager-5.1.0.jar;C:\Users\ASUSTUF\.m2\repository\com\github\docker-java\docker-java\3.2.13\docker-java-3.2.13.jar;C:\Users\ASUSTUF\.m2\repository\com\github\docker-java\docker-java-core\3.2.13\docker-java-core-3.2.13.jar;C:\Users\ASUSTUF\.m2\repository\com\github\docker-java\docker-java-api\3.2.13\docker-java-api-3.2.13.jar;C:\Users\ASUSTUF\.m2\repository\org\apache\commons\commons-compress\1.21\commons-compress-1.21.jar;C:\Users\ASUSTUF\.m2\repository\org\bouncycastle\bcpkix-jdk15on\1.64\bcpkix-jdk15on-1.64.jar;C:\Users\ASUSTUF\.m2\repository\org\bouncycastle\bcprov-jdk15on\1.64\bcprov-jdk15on-1.64.jar;C:\Users\ASUSTUF\.m2\repository\org\slf4j\jcl-over-slf4j\1.7.30\jcl-over-slf4j-1.7.30.jar;C:\Users\ASUSTUF\.m2\repository\com\github\docker-java\docker-java-transport-httpclient5\3.2.13\docker-java-transport-httpclient5-3.2.13.jar;C:\Users\ASUSTUF\.m2\repository\com\github\docker-java\docker-java-transport\3.2.13\docker-java-transport-3.2.13.jar;C:\Users\ASUSTUF\.m2\repository\org\apache\httpcomponents\client5\httpclient5\5.0.3\httpclient5-5.0.3.jar;C:\Users\ASUSTUF\.m2\repository\org\apache\httpcomponents\core5\httpcore5\5.0.2\httpcore5-5.0.2.jar;C:\Users\ASUSTUF\.m2\repository\net\java\dev\jna\jna\5.8.0\jna-5.8.0.jar;C:\Users\ASUSTUF\.m2\repository\org\brotli\dec\0.1.2\dec-0.1.2.jar;C:\Users\ASUSTUF\.m2\repository\com\jhlabs\filters\2.0.235\filters-2.0.235.jar;C:\Users\ASUSTUF\.m2\repository\com\paulhammant\ngwebdriver\1.1.6\ngwebdriver-1.1.6.jar;C:\Users\ASUSTUF\.m2\repository\joda-time\joda-time\2.8.2\joda-time-2.8.2.jar;C:\Users\ASUSTUF\.m2\repository\org\hamcrest\hamcrest\2.2\hamcrest-2.2.jar;C:\Users\ASUSTUF\.m2\repository\com\google\jimfs\jimfs\1.2\jimfs-1.2.jar;C:\Users\ASUSTUF\.m2\repository\org\mockito\mockito-core\3.3.3\mockito-core-3.3.3.jar;C:\Users\ASUSTUF\.m2\repository\javax\xml\bind\jaxb-api\2.3.1\jaxb-api-2.3.1.jar;C:\Users\ASUSTUF\.m2\repository\javax\activation\javax.activation-api\1.2.0\javax.activation-api-1.2.0.jar;C:\Users\ASUSTUF\.m2\repository\com\sun\xml\bind\jaxb-core\2.3.0.1\jaxb-core-2.3.0.1.jar;C:\Users\ASUSTUF\.m2\repository\com\sun\xml\bind\jaxb-impl\2.3.3\jaxb-impl-2.3.3.jar;C:\Users\ASUSTUF\.m2\repository\jakarta\xml\bind\jakarta.xml.bind-api\2.3.3\jakarta.xml.bind-api-2.3.3.jar;C:\Users\ASUSTUF\.m2\repository\com\sun\activation\jakarta.activation\1.2.2\jakarta.activation-1.2.2.jar;C:\Users\ASUSTUF\.m2\repository\javax\activation\activation\1.1.1\activation-1.1.1.jar;C:\Users\ASUSTUF\.m2\repository\net\serenity-bdd\serenity-cucumber\3.2.1\serenity-cucumber-3.2.1.jar;C:\Users\ASUSTUF\.m2\repository\io\cucumber\cucumber-core\7.2.3\cucumber-core-7.2.3.jar;C:\Users\ASUSTUF\.m2\repository\io\cucumber\cucumber-gherkin\7.2.3\cucumber-gherkin-7.2.3.jar;C:\Users\ASUSTUF\.m2\repository\io\cucumber\cucumber-gherkin-messages\7.2.3\cucumber-gherkin-messages-7.2.3.jar;C:\Users\ASUSTUF\.m2\repository\io\cucumber\messages\17.1.1\messages-17.1.1.jar;C:\Users\ASUSTUF\.m2\repository\io\cucumber\tag-expressions\4.1.0\tag-expressions-4.1.0.jar;C:\Users\ASUSTUF\.m2\repository\io\cucumber\cucumber-expressions\15.0.1\cucumber-expressions-15.0.1.jar;C:\Users\ASUSTUF\.m2\repository\io\cucumber\datatable\7.2.3\datatable-7.2.3.jar;C:\Users\ASUSTUF\.m2\repository\io\cucumber\cucumber-plugin\7.2.3\cucumber-plugin-7.2.3.jar;C:\Users\ASUSTUF\.m2\repository\io\cucumber\docstring\7.2.3\docstring-7.2.3.jar;C:\Users\ASUSTUF\.m2\repository\io\cucumber\html-formatter\17.0.0\html-formatter-17.0.0.jar;C:\Users\ASUSTUF\.m2\repository\io\cucumber\ci-environment\8.1.0\ci-environment-8.1.0.jar;C:\Users\ASUSTUF\.m2\repository\io\cucumber\cucumber-junit\7.2.3\cucumber-junit-7.2.3.jar;C:\Users\ASUSTUF\.m2\repository\org\apache\commons\commons-csv\1.5\commons-csv-1.5.jar;C:\Users\ASUSTUF\.m2\repository\net\serenity-bdd\serenity-screenplay\3.2.1\serenity-screenplay-3.2.1.jar;C:\Users\ASUSTUF\.m2\repository\net\serenity-bdd\serenity-screenplay-webdriver\3.2.1\serenity-screenplay-webdriver-3.2.1.jar;C:\Users\ASUSTUF\.m2\repository\net\serenity-bdd\serenity-ensure\3.2.1\serenity-ensure-3.2.1.jar;C:\Users\ASUSTUF\.m2\repository\net\serenity-bdd\serenity-junit\3.2.1\serenity-junit-3.2.1.jar;C:\Users\ASUSTUF\.m2\repository\org\jetbrains\kotlin\kotlin-stdlib\1.6.0\kotlin-stdlib-1.6.0.jar;C:\Users\ASUSTUF\.m2\repository\org\jetbrains\annotations\13.0\annotations-13.0.jar;C:\Users\ASUSTUF\.m2\repository\org\jetbrains\kotlin\kotlin-stdlib-common\1.6.0\kotlin-stdlib-common-1.6.0.jar;C:\Users\ASUSTUF\.m2\repository\org\junit\platform\junit-platform-launcher\1.8.1\junit-platform-launcher-1.8.1.jar;C:\Users\ASUSTUF\.m2\repository\org\junit\platform\junit-platform-engine\1.8.1\junit-platform-engine-1.8.1.jar;C:\Users\ASUSTUF\.m2\repository\org\opentest4j\opentest4j\1.2.0\opentest4j-1.2.0.jar;C:\Users\ASUSTUF\.m2\repository\org\junit\platform\junit-platform-commons\1.8.1\junit-platform-commons-1.8.1.jar;C:\Users\ASUSTUF\.m2\repository\org\apiguardian\apiguardian-api\1.1.2\apiguardian-api-1.1.2.jar;C:\Users\ASUSTUF\.m2\repository\org\junit\jupiter\junit-jupiter-engine\5.8.2\junit-jupiter-engine-5.8.2.jar;C:\Users\ASUSTUF\.m2\repository\org\junit\jupiter\junit-jupiter-api\5.8.2\junit-jupiter-api-5.8.2.jar;C:\Users\ASUSTUF\.m2\repository\org\junit\vintage\junit-vintage-engine\5.8.2\junit-vintage-engine-5.8.2.jar;C:\Users\ASUSTUF\.m2\repository\junit\junit\4.13.2\junit-4.13.2.jar;C:\Users\ASUSTUF\.m2\repository\org\hamcrest\hamcrest-core\1.3\hamcrest-core-1.3.jar;C:\Users\ASUSTUF\.m2\repository\ch\qos\logback\logback-classic\1.2.10\logback-classic-1.2.10.jar;C:\Users\ASUSTUF\.m2\repository\ch\qos\logback\logback-core\1.2.10\logback-core-1.2.10.jar;C:\Users\ASUSTUF\.m2\repository\org\slf4j\slf4j-api\1.7.32\slf4j-api-1.7.32.jar;C:\Users\ASUSTUF\.m2\repository\org\assertj\assertj-core\3.6.2\assertj-core-3.6.2.jar;"/>
    <property name="sun.cpu.endian" value="little"/>
    <property name="user.home" value="C:\Users\ASUSTUF"/>
    <property name="user.language" value="en"/>
    <property name="java.specification.vendor" value="Oracle Corporation"/>
    <property name="jdk.module.path" value="C:\Users\ASUSTUF\OneDrive\Documents\Capstone Project\Web Automation\target\Automation-1.0-SNAPSHOT.jar"/>
    <property name="java.version.date" value="2022-07-19"/>
    <property name="java.home" value="C:\Program Files\Java\jdk-11.0.16"/>
    <property name="file.separator" value="\"/>
    <property name="basedir" value="C:\Users\ASUSTUF\OneDrive\Documents\Capstone Project\Web Automation"/>
    <property name="java.vm.compressedOopsMode" value="32-bit"/>
    <property name="line.separator" value="&#10;"/>
    <property name="java.specification.name" value="Java Platform API Specification"/>
    <property name="java.vm.specification.vendor" value="Oracle Corporation"/>
    <property name="java.awt.graphicsenv" value="sun.awt.Win32GraphicsEnvironment"/>
    <property name="surefire.real.class.path" value="C:\Users\ASUSTUF\.m2\repository\org\apache\maven\surefire\surefire-booter\3.0.0-M5\surefire-booter-3.0.0-M5.jar;C:\Users\ASUSTUF\.m2\repository\org\apache\maven\surefire\surefire-api\3.0.0-M5\surefire-api-3.0.0-M5.jar;C:\Users\ASUSTUF\.m2\repository\org\apache\maven\surefire\surefire-logger-api\3.0.0-M5\surefire-logger-api-3.0.0-M5.jar;C:\Users\ASUSTUF\.m2\repository\org\apache\maven\surefire\surefire-shared-utils\3.0.0-M4\surefire-shared-utils-3.0.0-M4.jar;C:\Users\ASUSTUF\.m2\repository\org\apache\maven\surefire\surefire-extensions-spi\3.0.0-M5\surefire-extensions-spi-3.0.0-M5.jar;C:\Users\ASUSTUF\OneDrive\Documents\Capstone Project\Web Automation\target\test-classes;C:\Users\ASUSTUF\.m2\repository\net\serenity-bdd\serenity-core\3.2.1\serenity-core-3.2.1.jar;C:\Users\ASUSTUF\.m2\repository\net\serenity-bdd\serenity-model\3.2.1\serenity-model-3.2.1.jar;C:\Users\ASUSTUF\.m2\repository\org\apache\commons\commons-text\1.9\commons-text-1.9.jar;C:\Users\ASUSTUF\.m2\repository\commons-net\commons-net\3.8.0\commons-net-3.8.0.jar;C:\Users\ASUSTUF\.m2\repository\com\google\guava\guava\31.1-jre\guava-31.1-jre.jar;C:\Users\ASUSTUF\.m2\repository\com\google\guava\failureaccess\1.0.1\failureaccess-1.0.1.jar;C:\Users\ASUSTUF\.m2\repository\com\google\guava\listenablefuture\9999.0-empty-to-avoid-conflict-with-guava\listenablefuture-9999.0-empty-to-avoid-conflict-with-guava.jar;C:\Users\ASUSTUF\.m2\repository\com\google\code\findbugs\jsr305\3.0.2\jsr305-3.0.2.jar;C:\Users\ASUSTUF\.m2\repository\org\checkerframework\checker-qual\3.12.0\checker-qual-3.12.0.jar;C:\Users\ASUSTUF\.m2\repository\com\google\errorprone\error_prone_annotations\2.11.0\error_prone_annotations-2.11.0.jar;C:\Users\ASUSTUF\.m2\repository\com\google\j2objc\j2objc-annotations\1.3\j2objc-annotations-1.3.jar;C:\Users\ASUSTUF\.m2\repository\com\google\inject\guice\5.1.0\guice-5.1.0.jar;C:\Users\ASUSTUF\.m2\repository\javax\inject\javax.inject\1\javax.inject-1.jar;C:\Users\ASUSTUF\.m2\repository\aopalliance\aopalliance\1.0\aopalliance-1.0.jar;C:\Users\ASUSTUF\.m2\repository\org\jsoup\jsoup\1.14.3\jsoup-1.14.3.jar;C:\Users\ASUSTUF\.m2\repository\com\thoughtworks\xstream\xstream\1.4.19\xstream-1.4.19.jar;C:\Users\ASUSTUF\.m2\repository\io\github\x-stream\mxparser\1.2.2\mxparser-1.2.2.jar;C:\Users\ASUSTUF\.m2\repository\xmlpull\xmlpull\1.1.3.1\xmlpull-1.1.3.1.jar;C:\Users\ASUSTUF\.m2\repository\io\cucumber\cucumber-java\7.2.3\cucumber-java-7.2.3.jar;C:\Users\ASUSTUF\.m2\repository\com\typesafe\config\1.4.2\config-1.4.2.jar;C:\Users\ASUSTUF\.m2\repository\org\imgscalr\imgscalr-lib\4.2\imgscalr-lib-4.2.jar;C:\Users\ASUSTUF\.m2\repository\org\awaitility\awaitility\4.2.0\awaitility-4.2.0.jar;C:\Users\ASUSTUF\.m2\repository\org\freemarker\freemarker\2.3.31\freemarker-2.3.31.jar;C:\Users\ASUSTUF\.m2\repository\io\github\classgraph\classgraph\4.8.138\classgraph-4.8.138.jar;C:\Users\ASUSTUF\.m2\repository\net\sourceforge\jexcelapi\jxl\2.6.12\jxl-2.6.12.jar;C:\Users\ASUSTUF\.m2\repository\net\bytebuddy\byte-buddy\1.12.8\byte-buddy-1.12.8.jar;C:\Users\ASUSTUF\.m2\repository\net\bytebuddy\byte-buddy-agent\1.12.8\byte-buddy-agent-1.12.8.jar;C:\Users\ASUSTUF\.m2\repository\org\objenesis\objenesis\3.1\objenesis-3.1.jar;C:\Users\ASUSTUF\.m2\repository\net\serenity-bdd\serenity-reports\3.2.1\serenity-reports-3.2.1.jar;C:\Users\ASUSTUF\.m2\repository\net\serenity-bdd\serenity-stats\3.2.1\serenity-stats-3.2.1.jar;C:\Users\ASUSTUF\.m2\repository\net\serenity-bdd\serenity-reports-configuration\3.2.1\serenity-reports-configuration-3.2.1.jar;C:\Users\ASUSTUF\.m2\repository\com\vladsch\flexmark\flexmark-all\0.34.30\flexmark-all-0.34.30.jar;C:\Users\ASUSTUF\.m2\repository\com\vladsch\flexmark\flexmark\0.34.30\flexmark-0.34.30.jar;C:\Users\ASUSTUF\.m2\repository\com\vladsch\flexmark\flexmark-ext-abbreviation\0.34.30\flexmark-ext-abbreviation-0.34.30.jar;C:\Users\ASUSTUF\.m2\repository\com\vladsch\flexmark\flexmark-ext-admonition\0.34.30\flexmark-ext-admonition-0.34.30.jar;C:\Users\ASUSTUF\.m2\repository\com\vladsch\flexmark\flexmark-ext-anchorlink\0.34.30\flexmark-ext-anchorlink-0.34.30.jar;C:\Users\ASUSTUF\.m2\repository\com\vladsch\flexmark\flexmark-ext-aside\0.34.30\flexmark-ext-aside-0.34.30.jar;C:\Users\ASUSTUF\.m2\repository\com\vladsch\flexmark\flexmark-ext-attributes\0.34.30\flexmark-ext-attributes-0.34.30.jar;C:\Users\ASUSTUF\.m2\repository\com\vladsch\flexmark\flexmark-ext-autolink\0.34.30\flexmark-ext-autolink-0.34.30.jar;C:\Users\ASUSTUF\.m2\repository\org\nibor\autolink\autolink\0.6.0\autolink-0.6.0.jar;C:\Users\ASUSTUF\.m2\repository\com\vladsch\flexmark\flexmark-ext-definition\0.34.30\flexmark-ext-definition-0.34.30.jar;C:\Users\ASUSTUF\.m2\repository\com\vladsch\flexmark\flexmark-ext-emoji\0.34.30\flexmark-ext-emoji-0.34.30.jar;C:\Users\ASUSTUF\.m2\repository\com\vladsch\flexmark\flexmark-ext-enumerated-reference\0.34.30\flexmark-ext-enumerated-reference-0.34.30.jar;C:\Users\ASUSTUF\.m2\repository\com\vladsch\flexmark\flexmark-ext-escaped-character\0.34.30\flexmark-ext-escaped-character-0.34.30.jar;C:\Users\ASUSTUF\.m2\repository\com\vladsch\flexmark\flexmark-ext-footnotes\0.34.30\flexmark-ext-footnotes-0.34.30.jar;C:\Users\ASUSTUF\.m2\repository\com\vladsch\flexmark\flexmark-ext-gfm-issues\0.34.30\flexmark-ext-gfm-issues-0.34.30.jar;C:\Users\ASUSTUF\.m2\repository\com\vladsch\flexmark\flexmark-ext-gfm-strikethrough\0.34.30\flexmark-ext-gfm-strikethrough-0.34.30.jar;C:\Users\ASUSTUF\.m2\repository\com\vladsch\flexmark\flexmark-ext-gfm-tables\0.34.30\flexmark-ext-gfm-tables-0.34.30.jar;C:\Users\ASUSTUF\.m2\repository\com\vladsch\flexmark\flexmark-ext-gfm-tasklist\0.34.30\flexmark-ext-gfm-tasklist-0.34.30.jar;C:\Users\ASUSTUF\.m2\repository\com\vladsch\flexmark\flexmark-ext-gfm-users\0.34.30\flexmark-ext-gfm-users-0.34.30.jar;C:\Users\ASUSTUF\.m2\repository\com\vladsch\flexmark\flexmark-ext-gitlab\0.34.30\flexmark-ext-gitlab-0.34.30.jar;C:\Users\ASUSTUF\.m2\repository\com\vladsch\flexmark\flexmark-ext-jekyll-front-matter\0.34.30\flexmark-ext-jekyll-front-matter-0.34.30.jar;C:\Users\ASUSTUF\.m2\repository\com\vladsch\flexmark\flexmark-ext-jekyll-tag\0.34.30\flexmark-ext-jekyll-tag-0.34.30.jar;C:\Users\ASUSTUF\.m2\repository\com\vladsch\flexmark\flexmark-ext-media-tags\0.34.30\flexmark-ext-media-tags-0.34.30.jar;C:\Users\ASUSTUF\.m2\repository\com\vladsch\flexmark\flexmark-test-util\0.34.30\flexmark-test-util-0.34.30.jar;C:\Users\ASUSTUF\.m2\repository\com\vladsch\flexmark\flexmark-ext-ins\0.34.30\flexmark-ext-ins-0.34.30.jar;C:\Users\ASUSTUF\.m2\repository\com\vladsch\flexmark\flexmark-ext-xwiki-macros\0.34.30\flexmark-ext-xwiki-macros-0.34.30.jar;C:\Users\ASUSTUF\.m2\repository\com\vladsch\flexmark\flexmark-ext-superscript\0.34.30\flexmark-ext-superscript-0.34.30.jar;C:\Users\ASUSTUF\.m2\repository\com\vladsch\flexmark\flexmark-ext-tables\0.34.30\flexmark-ext-tables-0.34.30.jar;C:\Users\ASUSTUF\.m2\repository\com\vladsch\flexmark\flexmark-ext-toc\0.34.30\flexmark-ext-toc-0.34.30.jar;C:\Users\ASUSTUF\.m2\repository\com\vladsch\flexmark\flexmark-ext-typographic\0.34.30\flexmark-ext-typographic-0.34.30.jar;C:\Users\ASUSTUF\.m2\repository\com\vladsch\flexmark\flexmark-ext-wikilink\0.34.30\flexmark-ext-wikilink-0.34.30.jar;C:\Users\ASUSTUF\.m2\repository\com\vladsch\flexmark\flexmark-ext-yaml-front-matter\0.34.30\flexmark-ext-yaml-front-matter-0.34.30.jar;C:\Users\ASUSTUF\.m2\repository\com\vladsch\flexmark\flexmark-ext-youtube-embedded\0.34.30\flexmark-ext-youtube-embedded-0.34.30.jar;C:\Users\ASUSTUF\.m2\repository\com\vladsch\flexmark\flexmark-formatter\0.34.30\flexmark-formatter-0.34.30.jar;C:\Users\ASUSTUF\.m2\repository\com\vladsch\flexmark\flexmark-html-parser\0.34.30\flexmark-html-parser-0.34.30.jar;C:\Users\ASUSTUF\.m2\repository\com\vladsch\flexmark\flexmark-jira-converter\0.34.30\flexmark-jira-converter-0.34.30.jar;C:\Users\ASUSTUF\.m2\repository\com\vladsch\flexmark\flexmark-pdf-converter\0.34.30\flexmark-pdf-converter-0.34.30.jar;C:\Users\ASUSTUF\.m2\repository\com\openhtmltopdf\openhtmltopdf-core\0.0.1-RC13\openhtmltopdf-core-0.0.1-RC13.jar;C:\Users\ASUSTUF\.m2\repository\com\openhtmltopdf\openhtmltopdf-pdfbox\0.0.1-RC13\openhtmltopdf-pdfbox-0.0.1-RC13.jar;C:\Users\ASUSTUF\.m2\repository\org\apache\pdfbox\pdfbox\2.0.8\pdfbox-2.0.8.jar;C:\Users\ASUSTUF\.m2\repository\org\apache\pdfbox\fontbox\2.0.8\fontbox-2.0.8.jar;C:\Users\ASUSTUF\.m2\repository\commons-logging\commons-logging\1.2\commons-logging-1.2.jar;C:\Users\ASUSTUF\.m2\repository\org\apache\pdfbox\xmpbox\2.0.8\xmpbox-2.0.8.jar;C:\Users\ASUSTUF\.m2\repository\de\rototor\pdfbox\graphics2d\0.12\graphics2d-0.12.jar;C:\Users\ASUSTUF\.m2\repository\com\openhtmltopdf\openhtmltopdf-rtl-support\0.0.1-RC13\openhtmltopdf-rtl-support-0.0.1-RC13.jar;C:\Users\ASUSTUF\.m2\repository\com\ibm\icu\icu4j\59.1\icu4j-59.1.jar;C:\Users\ASUSTUF\.m2\repository\com\openhtmltopdf\openhtmltopdf-jsoup-dom-converter\0.0.1-RC13\openhtmltopdf-jsoup-dom-converter-0.0.1-RC13.jar;C:\Users\ASUSTUF\.m2\repository\com\vladsch\flexmark\flexmark-profile-pegdown\0.34.30\flexmark-profile-pegdown-0.34.30.jar;C:\Users\ASUSTUF\.m2\repository\com\vladsch\flexmark\flexmark-util\0.34.30\flexmark-util-0.34.30.jar;C:\Users\ASUSTUF\.m2\repository\com\vladsch\flexmark\flexmark-youtrack-converter\0.34.30\flexmark-youtrack-converter-0.34.30.jar;C:\Users\ASUSTUF\.m2\repository\es\nitaur\markdown\txtmark\0.16\txtmark-0.16.jar;C:\Users\ASUSTUF\.m2\repository\net\serenity-bdd\serenity-report-resources\3.2.1\serenity-report-resources-3.2.1.jar;C:\Users\ASUSTUF\.m2\repository\com\google\code\gson\gson\2.9.0\gson-2.9.0.jar;C:\Users\ASUSTUF\.m2\repository\com\fasterxml\jackson\core\jackson-core\2.13.2\jackson-core-2.13.2.jar;C:\Users\ASUSTUF\.m2\repository\com\fasterxml\jackson\core\jackson-databind\2.13.2\jackson-databind-2.13.2.jar;C:\Users\ASUSTUF\.m2\repository\com\fasterxml\jackson\core\jackson-annotations\2.13.2\jackson-annotations-2.13.2.jar;C:\Users\ASUSTUF\.m2\repository\commons-codec\commons-codec\1.15\commons-codec-1.15.jar;C:\Users\ASUSTUF\.m2\repository\commons-io\commons-io\2.11.0\commons-io-2.11.0.jar;C:\Users\ASUSTUF\.m2\repository\org\seleniumhq\selenium\selenium-java\4.1.2\selenium-java-4.1.2.jar;C:\Users\ASUSTUF\.m2\repository\org\seleniumhq\selenium\selenium-devtools-v85\4.1.2\selenium-devtools-v85-4.1.2.jar;C:\Users\ASUSTUF\.m2\repository\org\seleniumhq\selenium\selenium-devtools-v95\4.1.2\selenium-devtools-v95-4.1.2.jar;C:\Users\ASUSTUF\.m2\repository\org\seleniumhq\selenium\selenium-devtools-v96\4.1.2\selenium-devtools-v96-4.1.2.jar;C:\Users\ASUSTUF\.m2\repository\org\seleniumhq\selenium\selenium-devtools-v97\4.1.2\selenium-devtools-v97-4.1.2.jar;C:\Users\ASUSTUF\.m2\repository\org\seleniumhq\selenium\selenium-firefox-xpi-driver\4.1.2\selenium-firefox-xpi-driver-4.1.2.jar;C:\Users\ASUSTUF\.m2\repository\org\seleniumhq\selenium\selenium-opera-driver\4.1.2\selenium-opera-driver-4.1.2.jar;C:\Users\ASUSTUF\.m2\repository\org\seleniumhq\selenium\selenium-remote-driver\4.1.2\selenium-remote-driver-4.1.2.jar;C:\Users\ASUSTUF\.m2\repository\com\beust\jcommander\1.82\jcommander-1.82.jar;C:\Users\ASUSTUF\.m2\repository\io\netty\netty-buffer\4.1.73.Final\netty-buffer-4.1.73.Final.jar;C:\Users\ASUSTUF\.m2\repository\io\netty\netty-codec-http\4.1.73.Final\netty-codec-http-4.1.73.Final.jar;C:\Users\ASUSTUF\.m2\repository\io\netty\netty-codec\4.1.73.Final\netty-codec-4.1.73.Final.jar;C:\Users\ASUSTUF\.m2\repository\io\netty\netty-handler\4.1.73.Final\netty-handler-4.1.73.Final.jar;C:\Users\ASUSTUF\.m2\repository\io\netty\netty-tcnative-classes\2.0.46.Final\netty-tcnative-classes-2.0.46.Final.jar;C:\Users\ASUSTUF\.m2\repository\io\netty\netty-common\4.1.73.Final\netty-common-4.1.73.Final.jar;C:\Users\ASUSTUF\.m2\repository\io\netty\netty-transport-classes-epoll\4.1.73.Final\netty-transport-classes-epoll-4.1.73.Final.jar;C:\Users\ASUSTUF\.m2\repository\io\netty\netty-transport-classes-kqueue\4.1.73.Final\netty-transport-classes-kqueue-4.1.73.Final.jar;C:\Users\ASUSTUF\.m2\repository\io\netty\netty-transport-native-epoll\4.1.73.Final\netty-transport-native-epoll-4.1.73.Final.jar;C:\Users\ASUSTUF\.m2\repository\io\netty\netty-transport-native-kqueue\4.1.73.Final\netty-transport-native-kqueue-4.1.73.Final.jar;C:\Users\ASUSTUF\.m2\repository\io\netty\netty-transport-native-unix-common\4.1.73.Final\netty-transport-native-unix-common-4.1.73.Final.jar;C:\Users\ASUSTUF\.m2\repository\io\netty\netty-transport\4.1.73.Final\netty-transport-4.1.73.Final.jar;C:\Users\ASUSTUF\.m2\repository\io\netty\netty-resolver\4.1.73.Final\netty-resolver-4.1.73.Final.jar;C:\Users\ASUSTUF\.m2\repository\io\opentelemetry\opentelemetry-api\1.10.1\opentelemetry-api-1.10.1.jar;C:\Users\ASUSTUF\.m2\repository\io\opentelemetry\opentelemetry-context\1.10.1\opentelemetry-context-1.10.1.jar;C:\Users\ASUSTUF\.m2\repository\io\opentelemetry\opentelemetry-exporter-logging\1.10.1\opentelemetry-exporter-logging-1.10.1.jar;C:\Users\ASUSTUF\.m2\repository\io\opentelemetry\opentelemetry-sdk-metrics\1.10.1-alpha\opentelemetry-sdk-metrics-1.10.1-alpha.jar;C:\Users\ASUSTUF\.m2\repository\io\opentelemetry\opentelemetry-sdk-logs\1.10.1-alpha\opentelemetry-sdk-logs-1.10.1-alpha.jar;C:\Users\ASUSTUF\.m2\repository\io\opentelemetry\opentelemetry-sdk-common\1.10.1\opentelemetry-sdk-common-1.10.1.jar;C:\Users\ASUSTUF\.m2\repository\io\opentelemetry\opentelemetry-sdk-extension-autoconfigure-spi\1.10.1\opentelemetry-sdk-extension-autoconfigure-spi-1.10.1.jar;C:\Users\ASUSTUF\.m2\repository\io\opentelemetry\opentelemetry-sdk-extension-autoconfigure\1.10.1-alpha\opentelemetry-sdk-extension-autoconfigure-1.10.1-alpha.jar;C:\Users\ASUSTUF\.m2\repository\io\opentelemetry\opentelemetry-sdk-trace\1.10.1\opentelemetry-sdk-trace-1.10.1.jar;C:\Users\ASUSTUF\.m2\repository\io\opentelemetry\opentelemetry-sdk\1.10.1\opentelemetry-sdk-1.10.1.jar;C:\Users\ASUSTUF\.m2\repository\io\opentelemetry\opentelemetry-semconv\1.10.1-alpha\opentelemetry-semconv-1.10.1-alpha.jar;C:\Users\ASUSTUF\.m2\repository\io\ous\jtoml\2.0.0\jtoml-2.0.0.jar;C:\Users\ASUSTUF\.m2\repository\org\apache\commons\commons-exec\1.3\commons-exec-1.3.jar;C:\Users\ASUSTUF\.m2\repository\org\asynchttpclient\async-http-client\2.12.3\async-http-client-2.12.3.jar;C:\Users\ASUSTUF\.m2\repository\org\asynchttpclient\async-http-client-netty-utils\2.12.3\async-http-client-netty-utils-2.12.3.jar;C:\Users\ASUSTUF\.m2\repository\io\netty\netty-codec-socks\4.1.60.Final\netty-codec-socks-4.1.60.Final.jar;C:\Users\ASUSTUF\.m2\repository\io\netty\netty-handler-proxy\4.1.60.Final\netty-handler-proxy-4.1.60.Final.jar;C:\Users\ASUSTUF\.m2\repository\io\netty\netty-transport-native-epoll\4.1.60.Final\netty-transport-native-epoll-4.1.60.Final-linux-x86_64.jar;C:\Users\ASUSTUF\.m2\repository\io\netty\netty-transport-native-kqueue\4.1.60.Final\netty-transport-native-kqueue-4.1.60.Final-osx-x86_64.jar;C:\Users\ASUSTUF\.m2\repository\org\reactivestreams\reactive-streams\1.0.3\reactive-streams-1.0.3.jar;C:\Users\ASUSTUF\.m2\repository\com\typesafe\netty\netty-reactive-streams\2.0.4\netty-reactive-streams-2.0.4.jar;C:\Users\ASUSTUF\.m2\repository\org\seleniumhq\selenium\selenium-http\4.1.2\selenium-http-4.1.2.jar;C:\Users\ASUSTUF\.m2\repository\net\jodah\failsafe\2.4.4\failsafe-2.4.4.jar;C:\Users\ASUSTUF\.m2\repository\org\seleniumhq\selenium\selenium-safari-driver\4.1.2\selenium-safari-driver-4.1.2.jar;C:\Users\ASUSTUF\.m2\repository\org\seleniumhq\selenium\selenium-api\4.1.2\selenium-api-4.1.2.jar;C:\Users\ASUSTUF\.m2\repository\org\seleniumhq\selenium\selenium-support\4.1.2\selenium-support-4.1.2.jar;C:\Users\ASUSTUF\.m2\repository\com\google\auto\service\auto-service-annotations\1.0.1\auto-service-annotations-1.0.1.jar;C:\Users\ASUSTUF\.m2\repository\com\google\auto\service\auto-service\1.0.1\auto-service-1.0.1.jar;C:\Users\ASUSTUF\.m2\repository\com\google\auto\auto-common\1.2\auto-common-1.2.jar;C:\Users\ASUSTUF\.m2\repository\org\seleniumhq\selenium\selenium-json\4.1.2\selenium-json-4.1.2.jar;C:\Users\ASUSTUF\.m2\repository\org\seleniumhq\selenium\selenium-chrome-driver\4.1.2\selenium-chrome-driver-4.1.2.jar;C:\Users\ASUSTUF\.m2\repository\org\seleniumhq\selenium\selenium-chromium-driver\4.1.2\selenium-chromium-driver-4.1.2.jar;C:\Users\ASUSTUF\.m2\repository\org\seleniumhq\selenium\selenium-firefox-driver\4.1.2\selenium-firefox-driver-4.1.2.jar;C:\Users\ASUSTUF\.m2\repository\org\seleniumhq\selenium\selenium-edge-driver\4.1.2\selenium-edge-driver-4.1.2.jar;C:\Users\ASUSTUF\.m2\repository\org\seleniumhq\selenium\selenium-ie-driver\4.1.2\selenium-ie-driver-4.1.2.jar;C:\Users\ASUSTUF\.m2\repository\org\projectlombok\lombok\1.18.20\lombok-1.18.20.jar;C:\Users\ASUSTUF\.m2\repository\io\appium\java-client\8.0.0\java-client-8.0.0.jar;C:\Users\ASUSTUF\.m2\repository\commons-validator\commons-validator\1.7\commons-validator-1.7.jar;C:\Users\ASUSTUF\.m2\repository\commons-digester\commons-digester\2.1\commons-digester-2.1.jar;C:\Users\ASUSTUF\.m2\repository\org\aspectj\aspectjweaver\1.9.8\aspectjweaver-1.9.8.jar;C:\Users\ASUSTUF\.m2\repository\org\codehaus\groovy\groovy\3.0.10\groovy-3.0.10.jar;C:\Users\ASUSTUF\.m2\repository\net\sf\opencsv\opencsv\2.0\opencsv-2.0.jar;C:\Users\ASUSTUF\.m2\repository\commons-beanutils\commons-beanutils\1.9.4\commons-beanutils-1.9.4.jar;C:\Users\ASUSTUF\.m2\repository\org\apache\commons\commons-lang3\3.12.0\commons-lang3-3.12.0.jar;C:\Users\ASUSTUF\.m2\repository\commons-collections\commons-collections\3.2.2\commons-collections-3.2.2.jar;C:\Users\ASUSTUF\.m2\repository\org\fluentlenium\fluentlenium-core\0.10.2\fluentlenium-core-0.10.2.jar;C:\Users\ASUSTUF\.m2\repository\io\github\bonigarcia\webdrivermanager\5.1.0\webdrivermanager-5.1.0.jar;C:\Users\ASUSTUF\.m2\repository\com\github\docker-java\docker-java\3.2.13\docker-java-3.2.13.jar;C:\Users\ASUSTUF\.m2\repository\com\github\docker-java\docker-java-core\3.2.13\docker-java-core-3.2.13.jar;C:\Users\ASUSTUF\.m2\repository\com\github\docker-java\docker-java-api\3.2.13\docker-java-api-3.2.13.jar;C:\Users\ASUSTUF\.m2\repository\org\apache\commons\commons-compress\1.21\commons-compress-1.21.jar;C:\Users\ASUSTUF\.m2\repository\org\bouncycastle\bcpkix-jdk15on\1.64\bcpkix-jdk15on-1.64.jar;C:\Users\ASUSTUF\.m2\repository\org\bouncycastle\bcprov-jdk15on\1.64\bcprov-jdk15on-1.64.jar;C:\Users\ASUSTUF\.m2\repository\org\slf4j\jcl-over-slf4j\1.7.30\jcl-over-slf4j-1.7.30.jar;C:\Users\ASUSTUF\.m2\repository\com\github\docker-java\docker-java-transport-httpclient5\3.2.13\docker-java-transport-httpclient5-3.2.13.jar;C:\Users\ASUSTUF\.m2\repository\com\github\docker-java\docker-java-transport\3.2.13\docker-java-transport-3.2.13.jar;C:\Users\ASUSTUF\.m2\repository\org\apache\httpcomponents\client5\httpclient5\5.0.3\httpclient5-5.0.3.jar;C:\Users\ASUSTUF\.m2\repository\org\apache\httpcomponents\core5\httpcore5\5.0.2\httpcore5-5.0.2.jar;C:\Users\ASUSTUF\.m2\repository\net\java\dev\jna\jna\5.8.0\jna-5.8.0.jar;C:\Users\ASUSTUF\.m2\repository\org\brotli\dec\0.1.2\dec-0.1.2.jar;C:\Users\ASUSTUF\.m2\repository\com\jhlabs\filters\2.0.235\filters-2.0.235.jar;C:\Users\ASUSTUF\.m2\repository\com\paulhammant\ngwebdriver\1.1.6\ngwebdriver-1.1.6.jar;C:\Users\ASUSTUF\.m2\repository\joda-time\joda-time\2.8.2\joda-time-2.8.2.jar;C:\Users\ASUSTUF\.m2\repository\org\hamcrest\hamcrest\2.2\hamcrest-2.2.jar;C:\Users\ASUSTUF\.m2\repository\com\google\jimfs\jimfs\1.2\jimfs-1.2.jar;C:\Users\ASUSTUF\.m2\repository\org\mockito\mockito-core\3.3.3\mockito-core-3.3.3.jar;C:\Users\ASUSTUF\.m2\repository\javax\xml\bind\jaxb-api\2.3.1\jaxb-api-2.3.1.jar;C:\Users\ASUSTUF\.m2\repository\javax\activation\javax.activation-api\1.2.0\javax.activation-api-1.2.0.jar;C:\Users\ASUSTUF\.m2\repository\com\sun\xml\bind\jaxb-core\2.3.0.1\jaxb-core-2.3.0.1.jar;C:\Users\ASUSTUF\.m2\repository\com\sun\xml\bind\jaxb-impl\2.3.3\jaxb-impl-2.3.3.jar;C:\Users\ASUSTUF\.m2\repository\jakarta\xml\bind\jakarta.xml.bind-api\2.3.3\jakarta.xml.bind-api-2.3.3.jar;C:\Users\ASUSTUF\.m2\repository\com\sun\activation\jakarta.activation\1.2.2\jakarta.activation-1.2.2.jar;C:\Users\ASUSTUF\.m2\repository\javax\activation\activation\1.1.1\activation-1.1.1.jar;C:\Users\ASUSTUF\.m2\repository\net\serenity-bdd\serenity-cucumber\3.2.1\serenity-cucumber-3.2.1.jar;C:\Users\ASUSTUF\.m2\repository\io\cucumber\cucumber-core\7.2.3\cucumber-core-7.2.3.jar;C:\Users\ASUSTUF\.m2\repository\io\cucumber\cucumber-gherkin\7.2.3\cucumber-gherkin-7.2.3.jar;C:\Users\ASUSTUF\.m2\repository\io\cucumber\cucumber-gherkin-messages\7.2.3\cucumber-gherkin-messages-7.2.3.jar;C:\Users\ASUSTUF\.m2\repository\io\cucumber\messages\17.1.1\messages-17.1.1.jar;C:\Users\ASUSTUF\.m2\repository\io\cucumber\tag-expressions\4.1.0\tag-expressions-4.1.0.jar;C:\Users\ASUSTUF\.m2\repository\io\cucumber\cucumber-expressions\15.0.1\cucumber-expressions-15.0.1.jar;C:\Users\ASUSTUF\.m2\repository\io\cucumber\datatable\7.2.3\datatable-7.2.3.jar;C:\Users\ASUSTUF\.m2\repository\io\cucumber\cucumber-plugin\7.2.3\cucumber-plugin-7.2.3.jar;C:\Users\ASUSTUF\.m2\repository\io\cucumber\docstring\7.2.3\docstring-7.2.3.jar;C:\Users\ASUSTUF\.m2\repository\io\cucumber\html-formatter\17.0.0\html-formatter-17.0.0.jar;C:\Users\ASUSTUF\.m2\repository\io\cucumber\ci-environment\8.1.0\ci-environment-8.1.0.jar;C:\Users\ASUSTUF\.m2\repository\io\cucumber\cucumber-junit\7.2.3\cucumber-junit-7.2.3.jar;C:\Users\ASUSTUF\.m2\repository\org\apache\commons\commons-csv\1.5\commons-csv-1.5.jar;C:\Users\ASUSTUF\.m2\repository\net\serenity-bdd\serenity-screenplay\3.2.1\serenity-screenplay-3.2.1.jar;C:\Users\ASUSTUF\.m2\repository\net\serenity-bdd\serenity-screenplay-webdriver\3.2.1\serenity-screenplay-webdriver-3.2.1.jar;C:\Users\ASUSTUF\.m2\repository\net\serenity-bdd\serenity-ensure\3.2.1\serenity-ensure-3.2.1.jar;C:\Users\ASUSTUF\.m2\repository\net\serenity-bdd\serenity-junit\3.2.1\serenity-junit-3.2.1.jar;C:\Users\ASUSTUF\.m2\repository\org\jetbrains\kotlin\kotlin-stdlib\1.6.0\kotlin-stdlib-1.6.0.jar;C:\Users\ASUSTUF\.m2\repository\org\jetbrains\annotations\13.0\annotations-13.0.jar;C:\Users\ASUSTUF\.m2\repository\org\jetbrains\kotlin\kotlin-stdlib-common\1.6.0\kotlin-stdlib-common-1.6.0.jar;C:\Users\ASUSTUF\.m2\repository\org\junit\platform\junit-platform-launcher\1.8.1\junit-platform-launcher-1.8.1.jar;C:\Users\ASUSTUF\.m2\repository\org\junit\platform\junit-platform-engine\1.8.1\junit-platform-engine-1.8.1.jar;C:\Users\ASUSTUF\.m2\repository\org\opentest4j\opentest4j\1.2.0\opentest4j-1.2.0.jar;C:\Users\ASUSTUF\.m2\repository\org\junit\platform\junit-platform-commons\1.8.1\junit-platform-commons-1.8.1.jar;C:\Users\ASUSTUF\.m2\repository\org\apiguardian\apiguardian-api\1.1.2\apiguardian-api-1.1.2.jar;C:\Users\ASUSTUF\.m2\repository\org\junit\jupiter\junit-jupiter-engine\5.8.2\junit-jupiter-engine-5.8.2.jar;C:\Users\ASUSTUF\.m2\repository\org\junit\jupiter\junit-jupiter-api\5.8.2\junit-jupiter-api-5.8.2.jar;C:\Users\ASUSTUF\.m2\repository\org\junit\vintage\junit-vintage-engine\5.8.2\junit-vintage-engine-5.8.2.jar;C:\Users\ASUSTUF\.m2\repository\junit\junit\4.13.2\junit-4.13.2.jar;C:\Users\ASUSTUF\.m2\repository\org\hamcrest\hamcrest-core\1.3\hamcrest-core-1.3.jar;C:\Users\ASUSTUF\.m2\repository\ch\qos\logback\logback-classic\1.2.10\logback-classic-1.2.10.jar;C:\Users\ASUSTUF\.m2\repository\ch\qos\logback\logback-core\1.2.10\logback-core-1.2.10.jar;C:\Users\ASUSTUF\.m2\repository\org\slf4j\slf4j-api\1.7.32\slf4j-api-1.7.32.jar;C:\Users\ASUSTUF\.m2\repository\org\assertj\assertj-core\3.6.2\assertj-core-3.6.2.jar;C:\Users\ASUSTUF\.m2\repository\org\apache\maven\surefire\surefire-junit-platform\3.0.0-M5\surefire-junit-platform-3.0.0-M5.jar;C:\Users\ASUSTUF\.m2\repository\org\apache\maven\surefire\common-java5\3.0.0-M5\common-java5-3.0.0-M5.jar"/>
    <property name="user.script" value=""/>
    <property name="java.protocol.handler.pkgs" value="com.google.common"/>
    <property name="sun.management.compiler" value="HotSpot 64-Bit Tiered Compilers"/>
    <property name="java.runtime.version" value="11.0.16+11-LTS-199"/>
    <property name="user.name" value="ASUSTUF"/>
    <property name="path.separator" value=";"/>
    <property name="os.version" value="10.0"/>
    <property name="java.runtime.name" value="Java(TM) SE Runtime Environment"/>
    <property name="file.encoding" value="Cp1252"/>
    <property name="webdriver.base.url" value=""/>
    <property name="java.vm.name" value="Java HotSpot(TM) 64-Bit Server VM"/>
    <property name="java.vendor.version" value="18.9"/>
    <property name="localRepository" value="C:\Users\ASUSTUF\.m2\repository"/>
    <property name="java.vendor.url.bug" value="https://bugreport.java.com/bugreport/"/>
    <property name="java.io.tmpdir" value="C:\Users\ASUSTUF\AppData\Local\Temp\"/>
    <property name="java.version" value="11.0.16"/>
    <property name="user.dir" value="C:\Users\ASUSTUF\OneDrive\Documents\Capstone Project\Web Automation"/>
    <property name="os.arch" value="amd64"/>
    <property name="java.vm.specification.name" value="Java Virtual Machine Specification"/>
    <property name="java.awt.printerjob" value="sun.awt.windows.WPrinterJob"/>
    <property name="sun.os.patch.level" value=""/>
    <property name="java.library.path" value="C:\Program Files\Java\jdk-11.0.16\bin;C:\WINDOWS\Sun\Java\bin;C:\WINDOWS\system32;C:\WINDOWS;C:\Program Files\Java\jdk-11.0.16\bin;C:\Program Files\Common Files\Oracle\Java\javapath;C:\Windows\system32;C:\Windows;C:\Windows\System32\Wbem;C:\Windows\System32\WindowsPowerShell\v1.0\;C:\Windows\System32\OpenSSH\;C:\Program Files (x86)\NVIDIA Corporation\PhysX\Common;C:\Program Files\NVIDIA Corporation\NVIDIA NvDLISR;C:\WINDOWS\system32;C:\WINDOWS;C:\WINDOWS\System32\Wbem;C:\WINDOWS\System32\WindowsPowerShell\v1.0\;C:\WINDOWS\System32\OpenSSH\;C:\Program Files\Git\cmd;C:\Program Files\Java\jdk-17.0.4\bin;C:\Program Files\apache-maven-3.8.6-bin\apache-maven-3.8.6\bin;C:\Users\ASUSTUF\AppData\Local\Android\Sdk\platform-tools;C:\Program Files\nodejs\;C:\Program Files\Java\jdk-11.0.16\bin;C:\Users\ASUSTUF\AppData\Local\Microsoft\WindowsApps;C:\Users\ASUSTUF\AppData\Local\GitHubDesktop\bin;C:\Users\ASUSTUF\AppData\Local\Programs\Microsoft VS Code\bin;C:\Users\ASUSTUF\AppData\Roaming\npm;;."/>
    <property name="java.vendor" value="Oracle Corporation"/>
    <property name="java.vm.info" value="mixed mode"/>
    <property name="java.vm.version" value="11.0.16+11-LTS-199"/>
    <property name="sun.io.unicode.encoding" value="UnicodeLittle"/>
    <property name="java.class.version" value="55.0"/>
  </properties>
  <testcase name="Approve a vaccination booking" classname="Manage vaccination bookings" time="28.733">
    <error type="net.thucydides.core.webdriver.exceptions.ElementShouldBeEnabledException"><![CDATA[net.thucydides.core.webdriver.exceptions.ElementShouldBeEnabledException: Expected enabled element was not enabled
Caused by: org.openqa.selenium.TimeoutException: Expected condition failed: waiting for By.xpath: //div[@class='MuiCardActions-root MuiCardActions-spacing css-1k3fh4f'] to be enabled (tried for 5 second(s) with 100 milliseconds interval)
Caused by: org.openqa.selenium.NoSuchElementException: 
no such element: Unable to locate element: {"method":"xpath","selector":"//div[@class='MuiCardActions-root MuiCardActions-spacing css-1k3fh4f']"}
  (Session info: chrome=108.0.5359.125)
For documentation on this error, please visit: https://selenium.dev/exceptions/#no_such_element
Build info: version: '4.1.2', revision: '9a5a329c5a'
System info: host: 'LAPTOP-CFD9EV6G', ip: '192.168.100.29', os.name: 'Windows 11', os.arch: 'amd64', os.version: '10.0', java.version: '11.0.16'
Driver info: org.openqa.selenium.chrome.ChromeDriver
Command: [73ab1fd017324c185a074344afd2d1b6, findElement {using=xpath, value=//div[@class='MuiCardActions-root MuiCardActions-spacing css-1k3fh4f']}]
Capabilities {acceptInsecureCerts: false, browserName: chrome, browserVersion: 108.0.5359.125, chrome: {chromedriverVersion: 108.0.5359.71 (1e0e3868ee06..., userDataDir: C:\Users\ASUSTUF\AppData\Lo...}, goog:chromeOptions: {debuggerAddress: localhost:60816}, javascriptEnabled: true, networkConnectionEnabled: false, pageLoadStrategy: normal, platform: WINDOWS, platformName: WINDOWS, proxy: Proxy(), se:cdp: ws://localhost:60816/devtoo..., se:cdpVersion: 108.0.5359.125, setWindowRect: true, strictFileInteractability: false, timeouts: {implicit: 0, pageLoad: 300000, script: 30000}, unhandledPromptBehavior: dismiss and notify, webauthn:extension:credBlob: true, webauthn:extension:largeBlob: true, webauthn:virtualAuthenticators: true}
Session ID: 73ab1fd017324c185a074344afd2d1b6
]]></error>
    <system-out><![CDATA[13:40:40.860 [main] INFO io.cucumber.core.plugin.SerenityReporter - Running feature from file:///C:/Users/ASUSTUF/OneDrive/Documents/Capstone%20Project/Web%20Automation/src/test/resources/features/ManageVaccinationBookings.feature
13:40:41.077 [main] INFO  - 

-------------------------------------------------------------------------------------
     _______. _______ .______       _______ .__   __.  __  .___________.____    ____ 
    /       ||   ____||   _  \     |   ____||  \ |  | |  | |           |\   \  /   / 
   |   (----`|  |__   |  |_)  |    |  |__   |   \|  | |  | `---|  |----` \   \/   /  
    \   \    |   __|  |      /     |   __|  |  . `  | |  |     |  |       \_    _/   
.----)   |   |  |____ |  |\  \----.|  |____ |  |\   | |  |     |  |         |  |     
|_______/    |_______|| _| `._____||_______||__| \__| |__|     |__|         |__|    
                                                                                     
 News and tutorials at http://www.serenity-bdd.info                                  
 Documentation at https://wakaleo.gitbooks.io/the-serenity-book/content/             
 Join the Serenity Community on Gitter: https://gitter.im/serenity-bdd/serenity-core 
 Serenity BDD Support and Training at http://serenity-bdd.info/#/trainingandsupport  
-------------------------------------------------------------------------------------

13:40:41.080 [main] DEBUG net.thucydides.core.steps.StepEventBus - Test suite started for story net.thucydides.core.model.Story@cce5c3f8
13:40:41.082 [main] INFO  - Test Suite Started: Manage vaccination bookings
13:40:41.111 [main] INFO io.cucumber.core.plugin.SerenityReporter - Running feature from file:///C:/Users/ASUSTUF/OneDrive/Documents/Capstone%20Project/Web%20Automation/src/test/resources/features/VaccineNames.feature
13:40:41.117 [main] DEBUG net.thucydides.core.steps.StepEventBus - Test suite started for story net.thucydides.core.model.Story@942a1b8b
13:40:41.117 [main] INFO  - Test Suite Started: Vaccine names
13:40:41.118 [main] INFO io.cucumber.core.plugin.SerenityReporter - Running feature from file:///C:/Users/ASUSTUF/OneDrive/Documents/Capstone%20Project/Web%20Automation/src/test/resources/features/ManageVaccinationBookings.feature
13:40:41.122 [main] DEBUG net.thucydides.core.steps.StepEventBus - Test suite started for story net.thucydides.core.model.Story@cce5c3f8
13:40:41.122 [main] INFO  - Test Suite Started: Manage vaccination bookings

Scenario: Approve a vaccination booking &amp#27;[90m# src/test/resources/features/ManageVaccinationBookings.feature:6&amp#27;[0m
13:40:41.263 [main] INFO io.cucumber.core.plugin.SerenityReporter - Running feature from file:///C:/Users/ASUSTUF/OneDrive/Documents/Capstone%20Project/Web%20Automation/src/test/resources/features/ManageVaccinationBookings.feature
13:40:41.416 [main] INFO  - 
  _____   ___   ___   _____     ___   _____     _     ___   _____   ___   ___  
 |_   _| | __| / __| |_   _|   / __| |_   _|   /_\   | _ \ |_   _| | __| |   \ 
   | |   | _|  \__ \   | |     \__ \   | |    / _ \  |   /   | |   | _|  | |) |
   |_|   |___| |___/   |_|     |___/   |_|   /_/ \_\ |_|_\   |_|   |___| |___/ 

Approve a vaccination booking(manage-vaccination-bookings;approve-a-vaccination-booking)
--------------------------------------------------------------------------------
13:40:42.425 [main] INFO net.serenitybdd.core.webdriver.driverproviders.ChromeDriverProvider - Using automatically driver download
13:40:43.538 [main] DEBUG io.github.bonigarcia.wdm.cache.ResolutionCache - Removing resolution chrome=108 from cache (expired on Mon Dec 19 18:33:56 ICT 2022)
13:40:43.572 [main] DEBUG org.apache.hc.client5.http.impl.classic.InternalHttpClient - ex-00000001: preparing request execution
13:40:43.579 [main] DEBUG org.apache.hc.client5.http.protocol.RequestAddCookies - Cookie spec selected: strict
13:40:43.589 [main] DEBUG org.apache.hc.client5.http.protocol.RequestAuthCache - Auth cache not set in the context
13:40:43.589 [main] DEBUG org.apache.hc.client5.http.impl.classic.ProtocolExec - ex-00000001: target auth state: UNCHALLENGED
13:40:43.590 [main] DEBUG org.apache.hc.client5.http.impl.classic.ProtocolExec - ex-00000001: proxy auth state: UNCHALLENGED
13:40:43.590 [main] DEBUG org.apache.hc.client5.http.impl.classic.ConnectExec - ex-00000001: acquiring connection with route {s}->https://raw.githubusercontent.com:443
13:40:43.590 [main] DEBUG org.apache.hc.client5.http.impl.classic.InternalHttpClient - ex-00000001: acquiring endpoint (3 MINUTES)
13:40:43.593 [main] DEBUG org.apache.hc.client5.http.impl.io.PoolingHttpClientConnectionManager - ex-00000001: endpoint lease request (3 MINUTES) [route: {s}->https://raw.githubusercontent.com:443][total available: 0; route allocated: 0 of 5; total allocated: 0 of 25]
13:40:43.598 [main] DEBUG org.apache.hc.client5.http.impl.io.PoolingHttpClientConnectionManager - ex-00000001: endpoint leased [route: {s}->https://raw.githubusercontent.com:443][total available: 0; route allocated: 1 of 5; total allocated: 1 of 25]
13:40:43.615 [main] DEBUG org.apache.hc.client5.http.impl.io.PoolingHttpClientConnectionManager - ex-00000001: acquired ep-00000000
13:40:43.616 [main] DEBUG org.apache.hc.client5.http.impl.classic.InternalHttpClient - ex-00000001: acquired endpoint ep-00000000
13:40:43.617 [main] DEBUG org.apache.hc.client5.http.impl.classic.ConnectExec - ex-00000001: opening connection {s}->https://raw.githubusercontent.com:443
13:40:43.618 [main] DEBUG org.apache.hc.client5.http.impl.classic.InternalHttpClient - ep-00000000: connecting endpoint (30 SECONDS)
13:40:43.618 [main] DEBUG org.apache.hc.client5.http.impl.io.PoolingHttpClientConnectionManager - ep-00000000: connecting endpoint to https://raw.githubusercontent.com:443 (30 SECONDS)
13:40:43.638 [main] DEBUG org.apache.hc.client5.http.impl.io.DefaultHttpClientConnectionOperator - http-outgoing-0: connecting to raw.githubusercontent.com/185.199.108.133:443
13:40:43.638 [main] DEBUG org.apache.hc.client5.http.ssl.SSLConnectionSocketFactory - Connecting socket to raw.githubusercontent.com/185.199.108.133:443 with timeout 30 SECONDS
13:40:43.722 [main] DEBUG org.apache.hc.client5.http.ssl.SSLConnectionSocketFactory - Enabled protocols: [TLSv1.3, TLSv1.2]
13:40:43.722 [main] DEBUG org.apache.hc.client5.http.ssl.SSLConnectionSocketFactory - Enabled cipher suites: [TLS_AES_256_GCM_SHA384, TLS_AES_128_GCM_SHA256, TLS_CHACHA20_POLY1305_SHA256, TLS_ECDHE_ECDSA_WITH_AES_256_GCM_SHA384, TLS_ECDHE_ECDSA_WITH_AES_128_GCM_SHA256, TLS_ECDHE_ECDSA_WITH_CHACHA20_POLY1305_SHA256, TLS_ECDHE_RSA_WITH_AES_256_GCM_SHA384, TLS_ECDHE_RSA_WITH_CHACHA20_POLY1305_SHA256, TLS_ECDHE_RSA_WITH_AES_128_GCM_SHA256, TLS_DHE_RSA_WITH_AES_256_GCM_SHA384, TLS_DHE_RSA_WITH_CHACHA20_POLY1305_SHA256, TLS_DHE_DSS_WITH_AES_256_GCM_SHA384, TLS_DHE_RSA_WITH_AES_128_GCM_SHA256, TLS_DHE_DSS_WITH_AES_128_GCM_SHA256, TLS_ECDHE_ECDSA_WITH_AES_256_CBC_SHA384, TLS_ECDHE_RSA_WITH_AES_256_CBC_SHA384, TLS_ECDHE_ECDSA_WITH_AES_128_CBC_SHA256, TLS_ECDHE_RSA_WITH_AES_128_CBC_SHA256, TLS_DHE_RSA_WITH_AES_256_CBC_SHA256, TLS_DHE_DSS_WITH_AES_256_CBC_SHA256, TLS_DHE_RSA_WITH_AES_128_CBC_SHA256, TLS_DHE_DSS_WITH_AES_128_CBC_SHA256, TLS_ECDH_ECDSA_WITH_AES_256_GCM_SHA384, TLS_ECDH_RSA_WITH_AES_256_GCM_SHA384, TLS_ECDH_ECDSA_WITH_AES_128_GCM_SHA256, TLS_ECDH_RSA_WITH_AES_128_GCM_SHA256, TLS_ECDH_ECDSA_WITH_AES_256_CBC_SHA384, TLS_ECDH_RSA_WITH_AES_256_CBC_SHA384, TLS_ECDH_ECDSA_WITH_AES_128_CBC_SHA256, TLS_ECDH_RSA_WITH_AES_128_CBC_SHA256, TLS_ECDHE_ECDSA_WITH_AES_256_CBC_SHA, TLS_ECDHE_RSA_WITH_AES_256_CBC_SHA, TLS_ECDHE_ECDSA_WITH_AES_128_CBC_SHA, TLS_ECDHE_RSA_WITH_AES_128_CBC_SHA, TLS_DHE_RSA_WITH_AES_256_CBC_SHA, TLS_DHE_DSS_WITH_AES_256_CBC_SHA, TLS_DHE_RSA_WITH_AES_128_CBC_SHA, TLS_DHE_DSS_WITH_AES_128_CBC_SHA, TLS_ECDH_ECDSA_WITH_AES_256_CBC_SHA, TLS_ECDH_RSA_WITH_AES_256_CBC_SHA, TLS_ECDH_ECDSA_WITH_AES_128_CBC_SHA, TLS_ECDH_RSA_WITH_AES_128_CBC_SHA, TLS_RSA_WITH_AES_256_GCM_SHA384, TLS_RSA_WITH_AES_128_GCM_SHA256, TLS_RSA_WITH_AES_256_CBC_SHA256, TLS_RSA_WITH_AES_128_CBC_SHA256, TLS_RSA_WITH_AES_256_CBC_SHA, TLS_RSA_WITH_AES_128_CBC_SHA, TLS_EMPTY_RENEGOTIATION_INFO_SCSV]
13:40:43.723 [main] DEBUG org.apache.hc.client5.http.ssl.SSLConnectionSocketFactory - Starting handshake
13:40:43.897 [main] DEBUG org.apache.hc.client5.http.ssl.SSLConnectionSocketFactory - Secure session established
13:40:43.898 [main] DEBUG org.apache.hc.client5.http.ssl.SSLConnectionSocketFactory -  negotiated protocol: TLSv1.3
13:40:43.898 [main] DEBUG org.apache.hc.client5.http.ssl.SSLConnectionSocketFactory -  negotiated cipher suite: TLS_AES_256_GCM_SHA384
13:40:43.898 [main] DEBUG org.apache.hc.client5.http.ssl.SSLConnectionSocketFactory -  peer principal: CN=*.github.io, O="GitHub, Inc.", L=San Francisco, ST=California, C=US
13:40:43.900 [main] DEBUG org.apache.hc.client5.http.ssl.SSLConnectionSocketFactory -  peer alternative names: [*.github.io, github.com, *.github.com, www.github.com, github.io, githubusercontent.com, *.githubusercontent.com]
13:40:43.901 [main] DEBUG org.apache.hc.client5.http.ssl.SSLConnectionSocketFactory -  issuer principal: CN=DigiCert TLS RSA SHA256 2020 CA1, O=DigiCert Inc, C=US
13:40:43.901 [main] DEBUG org.apache.hc.client5.http.impl.io.DefaultHttpClientConnectionOperator - http-outgoing-0: connection established 192.168.100.29:60740<->185.199.108.133:443
13:40:43.902 [main] DEBUG org.apache.hc.client5.http.impl.io.PoolingHttpClientConnectionManager - ep-00000000: connected http-outgoing-0
13:40:43.902 [main] DEBUG org.apache.hc.client5.http.impl.classic.InternalHttpClient - ep-00000000: endpoint connected
13:40:43.902 [main] DEBUG org.apache.hc.client5.http.impl.classic.MainClientExec - ex-00000001: executing GET /bonigarcia/webdrivermanager/master/src/main/resources/commands.properties HTTP/1.1
13:40:43.903 [main] DEBUG org.apache.hc.client5.http.impl.classic.InternalHttpClient - ep-00000000: start execution ex-00000001
13:40:43.903 [main] DEBUG org.apache.hc.client5.http.impl.io.PoolingHttpClientConnectionManager - ep-00000000: executing exchange ex-00000001 over http-outgoing-0
13:40:43.903 [main] DEBUG org.apache.hc.client5.http.headers - http-outgoing-0 >> GET /bonigarcia/webdrivermanager/master/src/main/resources/commands.properties HTTP/1.1
13:40:43.903 [main] DEBUG org.apache.hc.client5.http.headers - http-outgoing-0 >> user-agent: Apache-HttpClient/5.0
13:40:43.904 [main] DEBUG org.apache.hc.client5.http.headers - http-outgoing-0 >> accept-encoding: gzip, deflate, br
13:40:43.904 [main] DEBUG org.apache.hc.client5.http.headers - http-outgoing-0 >> cache-control: max-age=0
13:40:43.904 [main] DEBUG org.apache.hc.client5.http.headers - http-outgoing-0 >> connection: keep-alive
13:40:43.904 [main] DEBUG org.apache.hc.client5.http.headers - http-outgoing-0 >> Host: raw.githubusercontent.com
13:40:43.904 [main] DEBUG org.apache.hc.client5.http.wire - http-outgoing-0 >> "GET /bonigarcia/webdrivermanager/master/src/main/resources/commands.properties HTTP/1.1[\r][\n]"
13:40:43.904 [main] DEBUG org.apache.hc.client5.http.wire - http-outgoing-0 >> "user-agent: Apache-HttpClient/5.0[\r][\n]"
13:40:43.904 [main] DEBUG org.apache.hc.client5.http.wire - http-outgoing-0 >> "accept-encoding: gzip, deflate, br[\r][\n]"
13:40:43.904 [main] DEBUG org.apache.hc.client5.http.wire - http-outgoing-0 >> "cache-control: max-age=0[\r][\n]"
13:40:43.904 [main] DEBUG org.apache.hc.client5.http.wire - http-outgoing-0 >> "connection: keep-alive[\r][\n]"
13:40:43.904 [main] DEBUG org.apache.hc.client5.http.wire - http-outgoing-0 >> "Host: raw.githubusercontent.com[\r][\n]"
13:40:43.904 [main] DEBUG org.apache.hc.client5.http.wire - http-outgoing-0 >> "[\r][\n]"
13:40:44.176 [main] DEBUG org.apache.hc.client5.http.wire - http-outgoing-0 << "HTTP/1.1 200 OK[\r][\n]"
13:40:44.176 [main] DEBUG org.apache.hc.client5.http.wire - http-outgoing-0 << "Connection: keep-alive[\r][\n]"
13:40:44.176 [main] DEBUG org.apache.hc.client5.http.wire - http-outgoing-0 << "Content-Length: 723[\r][\n]"
13:40:44.176 [main] DEBUG org.apache.hc.client5.http.wire - http-outgoing-0 << "Cache-Control: max-age=300[\r][\n]"
13:40:44.176 [main] DEBUG org.apache.hc.client5.http.wire - http-outgoing-0 << "Content-Security-Policy: default-src 'none'; style-src 'unsafe-inline'; sandbox[\r][\n]"
13:40:44.177 [main] DEBUG org.apache.hc.client5.http.wire - http-outgoing-0 << "Content-Type: text/plain; charset=utf-8[\r][\n]"
13:40:44.177 [main] DEBUG org.apache.hc.client5.http.wire - http-outgoing-0 << "ETag: W/"e82b438271e9e8680c688b0b680efd0bdd22faa6d6f0a32fc1fd8accc486b67e"[\r][\n]"
13:40:44.177 [main] DEBUG org.apache.hc.client5.http.wire - http-outgoing-0 << "Strict-Transport-Security: max-age=31536000[\r][\n]"
13:40:44.177 [main] DEBUG org.apache.hc.client5.http.wire - http-outgoing-0 << "X-Content-Type-Options: nosniff[\r][\n]"
13:40:44.177 [main] DEBUG org.apache.hc.client5.http.wire - http-outgoing-0 << "X-Frame-Options: deny[\r][\n]"
13:40:44.177 [main] DEBUG org.apache.hc.client5.http.wire - http-outgoing-0 << "X-XSS-Protection: 1; mode=block[\r][\n]"
13:40:44.177 [main] DEBUG org.apache.hc.client5.http.wire - http-outgoing-0 << "X-GitHub-Request-Id: 57EA:2E58:ECADB:15578B:639D742D[\r][\n]"
13:40:44.177 [main] DEBUG org.apache.hc.client5.http.wire - http-outgoing-0 << "Content-Encoding: gzip[\r][\n]"
13:40:44.177 [main] DEBUG org.apache.hc.client5.http.wire - http-outgoing-0 << "Accept-Ranges: bytes[\r][\n]"
13:40:44.177 [main] DEBUG org.apache.hc.client5.http.wire - http-outgoing-0 << "Date: Wed, 21 Dec 2022 06:40:44 GMT[\r][\n]"
13:40:44.177 [main] DEBUG org.apache.hc.client5.http.wire - http-outgoing-0 << "Via: 1.1 varnish[\r][\n]"
13:40:44.177 [main] DEBUG org.apache.hc.client5.http.wire - http-outgoing-0 << "X-Served-By: cache-qpg1273-QPG[\r][\n]"
13:40:44.177 [main] DEBUG org.apache.hc.client5.http.wire - http-outgoing-0 << "X-Cache: HIT[\r][\n]"
13:40:44.177 [main] DEBUG org.apache.hc.client5.http.wire - http-outgoing-0 << "X-Cache-Hits: 1[\r][\n]"
13:40:44.177 [main] DEBUG org.apache.hc.client5.http.wire - http-outgoing-0 << "X-Timer: S1671604844.898439,VS0,VE165[\r][\n]"
13:40:44.177 [main] DEBUG org.apache.hc.client5.http.wire - http-outgoing-0 << "Vary: Authorization,Accept-Encoding,Origin[\r][\n]"
13:40:44.177 [main] DEBUG org.apache.hc.client5.http.wire - http-outgoing-0 << "Access-Control-Allow-Origin: *[\r][\n]"
13:40:44.177 [main] DEBUG org.apache.hc.client5.http.wire - http-outgoing-0 << "X-Fastly-Request-ID: 8e2dcb6ba6d8a9f9d78c79a83c9f699717124927[\r][\n]"
13:40:44.177 [main] DEBUG org.apache.hc.client5.http.wire - http-outgoing-0 << "Expires: Wed, 21 Dec 2022 06:45:44 GMT[\r][\n]"
13:40:44.178 [main] DEBUG org.apache.hc.client5.http.wire - http-outgoing-0 << "Source-Age: 114[\r][\n]"
13:40:44.178 [main] DEBUG org.apache.hc.client5.http.wire - http-outgoing-0 << "[\r][\n]"
13:40:44.182 [main] DEBUG org.apache.hc.client5.http.headers - http-outgoing-0 << HTTP/1.1 200 OK
13:40:44.182 [main] DEBUG org.apache.hc.client5.http.headers - http-outgoing-0 << Connection: keep-alive
13:40:44.182 [main] DEBUG org.apache.hc.client5.http.headers - http-outgoing-0 << Content-Length: 723
13:40:44.182 [main] DEBUG org.apache.hc.client5.http.headers - http-outgoing-0 << Cache-Control: max-age=300
13:40:44.182 [main] DEBUG org.apache.hc.client5.http.headers - http-outgoing-0 << Content-Security-Policy: default-src 'none'; style-src 'unsafe-inline'; sandbox
13:40:44.182 [main] DEBUG org.apache.hc.client5.http.headers - http-outgoing-0 << Content-Type: text/plain; charset=utf-8
13:40:44.182 [main] DEBUG org.apache.hc.client5.http.headers - http-outgoing-0 << ETag: W/"e82b438271e9e8680c688b0b680efd0bdd22faa6d6f0a32fc1fd8accc486b67e"
13:40:44.182 [main] DEBUG org.apache.hc.client5.http.headers - http-outgoing-0 << Strict-Transport-Security: max-age=31536000
13:40:44.182 [main] DEBUG org.apache.hc.client5.http.headers - http-outgoing-0 << X-Content-Type-Options: nosniff
13:40:44.182 [main] DEBUG org.apache.hc.client5.http.headers - http-outgoing-0 << X-Frame-Options: deny
13:40:44.182 [main] DEBUG org.apache.hc.client5.http.headers - http-outgoing-0 << X-XSS-Protection: 1; mode=block
13:40:44.183 [main] DEBUG org.apache.hc.client5.http.headers - http-outgoing-0 << X-GitHub-Request-Id: 57EA:2E58:ECADB:15578B:639D742D
13:40:44.183 [main] DEBUG org.apache.hc.client5.http.headers - http-outgoing-0 << Content-Encoding: gzip
13:40:44.183 [main] DEBUG org.apache.hc.client5.http.headers - http-outgoing-0 << Accept-Ranges: bytes
13:40:44.183 [main] DEBUG org.apache.hc.client5.http.headers - http-outgoing-0 << Date: Wed, 21 Dec 2022 06:40:44 GMT
13:40:44.183 [main] DEBUG org.apache.hc.client5.http.headers - http-outgoing-0 << Via: 1.1 varnish
13:40:44.183 [main] DEBUG org.apache.hc.client5.http.headers - http-outgoing-0 << X-Served-By: cache-qpg1273-QPG
13:40:44.183 [main] DEBUG org.apache.hc.client5.http.headers - http-outgoing-0 << X-Cache: HIT
13:40:44.183 [main] DEBUG org.apache.hc.client5.http.headers - http-outgoing-0 << X-Cache-Hits: 1
13:40:44.183 [main] DEBUG org.apache.hc.client5.http.headers - http-outgoing-0 << X-Timer: S1671604844.898439,VS0,VE165
13:40:44.183 [main] DEBUG org.apache.hc.client5.http.headers - http-outgoing-0 << Vary: Authorization,Accept-Encoding,Origin
13:40:44.183 [main] DEBUG org.apache.hc.client5.http.headers - http-outgoing-0 << Access-Control-Allow-Origin: *
13:40:44.183 [main] DEBUG org.apache.hc.client5.http.headers - http-outgoing-0 << X-Fastly-Request-ID: 8e2dcb6ba6d8a9f9d78c79a83c9f699717124927
13:40:44.183 [main] DEBUG org.apache.hc.client5.http.headers - http-outgoing-0 << Expires: Wed, 21 Dec 2022 06:45:44 GMT
13:40:44.183 [main] DEBUG org.apache.hc.client5.http.headers - http-outgoing-0 << Source-Age: 114
13:40:44.186 [main] DEBUG org.apache.hc.client5.http.impl.classic.MainClientExec - ex-00000001: connection can be kept alive for 3 MINUTES
13:40:44.191 [main] DEBUG org.apache.hc.client5.http.wire - http-outgoing-0 << "[0x1f][0xffffff8b][0x8][0x0][0x0][0x0][0x0][0x0][0x0][0x3][0xffffffb5]V]o[0xffffffda]0[0x14]}[0xffffffe7]W\[0xffffff81]*[0xffffffb5][0x12][0x1f][[M[0xffffffd3]$[0x1e]hF[0xffffffbb]i [0x18][0xffffffb4][0xffffffdd]&[0xfffffff9][0xffffffc5]$7[0xffffffc1]R[0x12]#;[0xffffff94]v[0xffffffbf]~[0xffffffb6][0xfffffff3]1[0xffffff92][0xffffff9a][0xffffffc1][0x1a]x[0xffffffcb][0xffffffb5][0xffffffaf][0xffffffcf]9[0xffffffbe][0xfffffff7]8v[0xb][0x1c][0x1e]E4[0xfffffff6]$x4[0xffffffa1][0xb]*[0xffffffb1][0xffffffd1][0xffffff82][0xfffffffb]%[0xffffff93][0xffffffe0][0xffffffb3][0x10][0xffffffc1][0xffffffe5]qBY,!Y[0xffffffea] KM8,[0x10][0xfffffff0][0x19][0xffffffdd]u[0xffffff82][0x1e][0xffffffb0][0xffffffd8]L[0xffffffcb]%[0xffffff86][0xffffffa1][0xe][0xffffffb8][0xfffffff0]P[0xffffffe8]$[0xf][0x13]t[0x13]3[0xfffffff9][0xffffff84]B2[0xffffffae][0xffffffe6]|@[0xfffffff5][0x1d][0x8][0xffffffc4][0x18][0x16][0xffffff82]o[0xffffffa4][0xffffff9a]P[0xffffff94][0xffffffe7][0xffffffce]R[0xfffffff0][0x8][0xffffffdb]p[0xffffffcb][0x4][0xfffffffa][0xfffffffc][0xffffffb9][\r][0xffffff93][0x15][\n]"
13:40:44.191 [main] DEBUG org.apache.hc.client5.http.wire - http-outgoing-0 << "[0xffffffda][0xffffff86][0xffffffa1][0x17][0xffffffa8]Q3[0xffffffcb][0xffffffd6][0xffffffd1][0xffffff85][0xffffffc6][0xfffffff7][0xffffff98][0xffffffef][0xffffffa3][0xffffffc0]8[0x1][0xffffffae]s[0x12][0x16][0x7] _d[0xffffff82][0xffffff91][0xffffff84][0xfffffff3][0x1f],[0xfffffff6][0x14]j[0x1b]F,^+[0xffffff98]1ua2[0xffffffbf]h([0xffffff8e][0xffffff94][0xffffffa2][0xffffff91]m[0xffffffa3][0xffffffeb][0xffffff9a][0xffffffb0][0xffffffbb]I[0x17]t[0xffffffdf][0xffffffbd][0xffffffef][0xffffffbb][0xffffff91][0xffffffd7]U[0xffffffbb][0xffffff82][0xffffff9e][0x3][0xffffff9b][0xffffff88][0xffffffb9][0xffffffa6]$[0xffffffa6][0xc][0xffffff9b][0xffffffa5][0xffffffe2][0xffffff83][0xffffff98]F[0xffffffd8]o[0xffffff9e]Mg[0xffffff93][0xffffffbb][0xffffffd9]`|[0xfffffffb]u4[0xffffff9c][0x7f]"}B[0xffffffce][0x8][0xffffffb9][0xffffffe3]<[0x8][0xffffff91][0xffffff90][0xffffff94][0xffffff82][0xffffff90][0xffffffc1]j[0x15]2WI[0xffffffe3]1![0x19][0xffffff91]BnB[0xffffff80][0x9]<f[0xffffffb5][0xffffffe8]=[0xffffffd1]p[0xffffffbd][[0xffffffcf][0xffffffe5][0x1b][0xfffffff4][0xffffff9c][0xffffffff][0xfffffffc][0xfffffff8][0xffffffe1][0xffffffe2][0xffffff94][0xffffffa2][0xffffffae][0xe][0x14]5[0xffffff9a]8[0xffffff83][0xffffffd1]`:[0xfffffffd]<[0xffffffb8][0x1f][0xffffff9c]R[0xffffffcf]u[0x7f]6[0xffffffbc][0xffffff83][0xffffffef][0xf][0xffffffc3][0xffffffd9]/[0xfffffff8][0xfffffff2][0xffffffcd]y s[0xffffffee]'[0x1b]*0g[0xffffffcb][0xffffffc8]nF7H][0xffffff83][0xffffff97]{[0xffffffb1]Q[0x5][\r][0xffffffb5]c[0xffffffb4][0xf][0x2][0xffffffb3][0xffffffb4][0xffffff93][0xe]C[0xffffffa7][0xffffffb3]kAD][0xffffff9d][0xffffffde][0xffffffdb][0xffffffda][0xffffff88][0xffffffec][0xffffffa5][0xffffffbc][0xffffff99][0xffffffd9][0xffffffba]t[0xffffffb5][0xffffffea]9[0xffffffea][0x10])[0xffffffb7][0xffffffca][0xffffff9e][0xfffffff2][0xffffffe2]d^N[0xffffffd8]FW[0x16][0xffffffcd][0xffffffdc]_[0x10][0xfffffff9]i|[0x1c][0xffffff93][0xffffff8e][0xfffffff9]o[0x16][0xffffff86]4'!$G[0xffffffdf]W[0xfffffff4]W*j[[0xfffffff3]xR[0xffffffae][0xffffffb6][0xc][0xffffffd0],; #[0xffffffa9][0xffffff92]5[0xffffffb5][0x7][0xffffff9c][0xffffffb5][0xffffffd0][0x7f][0xffffff90][0xffffffc7]jgs[0xfffffffc][0xffffffc2][0xb][0xffffffd9][0x0]t[0xffffff9e]^'Y[0xfffffffb][0xffffff9f][0xffffffb1][0xffffffd8]:[0xffffffbf][0xffffff8d][0xffffffa5][0xffffff9a][0xffffffad][0x7f]m[0x5]&[0xffffffaa][0xffffffa0]^[0xffffff9b][0xffffffcb][0x5]f[0xffffffae][0xffffffe0]RU[0xffffff82][0x10]MS9l[0xffffff91]4t[0xfffffffb][0xffffff8a]][0xffffffd6][0xfffffff4][0xffffff96][0xffffffa6][0xffffff9f]P[0xffffffce][0xffffffd5][0xffffffce][0xffffff93][0xffffffff][0xffffff97][0xffffffcc]p[0xfffffffd][0xfffffff3][0xffffffe8][0x1b][0xffffffcc][0xffffffa2][0xffffffd9]Q[0xffffffbe][0xffffffb2][0xffffffa3][0xffffffc7]m'[0xffffffdf][0xffffffe4][[0xfffffffb]^[0xffffffb0][0xffffff9a][0xffffffbe][0xffffffda][0xffffffda]_[0xffffffce][0xffffff80][0xffffffd2][0xffffffc1]7[0xffffffb7]][0xffffffc1]b[0xffffffee][0xffffffb5][0xffffffff]w[0xffffff83][0xffffffed][0xffffffa7];[0x15]<[0x10]4[0xffffff92][0xffffff84][0x18][\n]"
13:40:44.192 [main] DEBUG org.apache.hc.client5.http.wire - http-outgoing-0 << "BB[0xffffffba][0xffffff8e]][0xffffffb5]jo[0xffffffb9]+"[0xffffffea][0xffffffb4][0xffffffff]h"[0xffffffea]\?5[0xffffffa9][0xffffffaf]k[0xffffffec][0xffffffff]P[0xffffffea][\n]"
13:40:44.192 [main] DEBUG org.apache.hc.client5.http.wire - http-outgoing-0 << "w[0xffffffe1]K[0x13][0xffffffda][0xffffffec][0xffffff98][0xffffffe6]Y[0xfffffffd]h8m6[0xffffff9c]T[0xffffffc1][0xfffffff2][0xffffffa7][0xffffff91]z_[0xffffff95]o85p[0x1c][0x13][0xffffffe6][0xfffffff0]5[0xffffffee][0xfffffffc][0xffffff92][0xffffff96][0xffffffda][0xfffffff7][0xffffffcf][0xffffffb1][0x5][0x1d][0xffffffea]K[0xffffff9b]9[0xffffff8e][0xffffffad]e[0xfffffff7][0xffffff93][0xffffffa8]`[0xffffffda][0xffffffff][0x1a][0xffffffd2][0xffffff88][0xffffff85][0xfffffffd][0xfffffff2][0xffffff91]N[0xfffffff6]`[0xffffffdf]2[0xffffffcf][0xffffffae]E[0xffffff97][0xffffffc5][0xffffffa2][0xffffff9d][0xffffffef]'[0xffffff9d]mun.[0xffffffd3]f^[0xffffffc7][0xffffff82][0xffffffda][0xffffff82]9[0xfffffff5][0xffffffa9]`[0x5][0xffffffbc]4[0xffffffa1][0x1d]<M[0xffffffb5]A[0xffffffa7]3[[0xffffffc0][0x7f][0x0][0xffffffc1][0xffffffd0]$[0xffffff85][0x1d][\r][0x0][0x0]"
13:40:44.194 [main] DEBUG org.apache.hc.client5.http.impl.classic.InternalHttpClient - ep-00000000: releasing valid endpoint
13:40:44.194 [main] DEBUG org.apache.hc.client5.http.impl.io.PoolingHttpClientConnectionManager - ep-00000000: releasing endpoint
13:40:44.194 [main] DEBUG org.apache.hc.client5.http.impl.io.PoolingHttpClientConnectionManager - ep-00000000: connection http-outgoing-0 can be kept alive for 3 MINUTES
13:40:44.195 [main] DEBUG org.apache.hc.client5.http.impl.io.PoolingHttpClientConnectionManager - ep-00000000: connection released [route: {s}->https://raw.githubusercontent.com:443][total available: 1; route allocated: 1 of 5; total allocated: 1 of 25]
13:40:44.195 [main] DEBUG io.github.bonigarcia.wdm.versions.VersionDetector - Detecting chrome version using online commands.properties
13:40:44.198 [main] DEBUG io.github.bonigarcia.wdm.versions.Shell - Running command on the shell: [cmd.exe, /C, wmic, datafile, where, name="%PROGRAMFILES:\=\\%\\Google\\Chrome\\Application\\chrome.exe", get, Version, /value]
13:40:44.516 [main] DEBUG io.github.bonigarcia.wdm.versions.Shell - Result: 
13:40:44.518 [main] DEBUG io.github.bonigarcia.wdm.versions.Shell - Running command on the shell: [cmd.exe, /C, wmic, datafile, where, name="%PROGRAMFILES(X86):\=\\%\\Google\\Chrome\\Application\\chrome.exe", get, Version, /value]
13:40:44.694 [main] DEBUG io.github.bonigarcia.wdm.versions.Shell - Result: 
13:40:44.695 [main] DEBUG io.github.bonigarcia.wdm.versions.Shell - Running command on the shell: [cmd.exe, /C, wmic, datafile, where, name="%LOCALAPPDATA:\=\\%\\Google\\Chrome\\Application\\chrome.exe", get, Version, /value]
13:40:44.897 [main] DEBUG io.github.bonigarcia.wdm.versions.Shell - Result: Version=108.0.5359.125
13:40:44.904 [main] DEBUG io.github.bonigarcia.wdm.cache.ResolutionCache - Removing resolution chrome108=108.0.5359.71 from cache (expired on Tue Dec 20 12:44:30 ICT 2022)
13:40:44.911 [main] DEBUG org.apache.hc.client5.http.impl.classic.InternalHttpClient - ex-00000002: preparing request execution
13:40:44.912 [main] DEBUG org.apache.hc.client5.http.protocol.RequestAddCookies - Cookie spec selected: strict
13:40:44.912 [main] DEBUG org.apache.hc.client5.http.protocol.RequestAuthCache - Auth cache not set in the context
13:40:44.912 [main] DEBUG org.apache.hc.client5.http.impl.classic.ProtocolExec - ex-00000002: target auth state: UNCHALLENGED
13:40:44.912 [main] DEBUG org.apache.hc.client5.http.impl.classic.ProtocolExec - ex-00000002: proxy auth state: UNCHALLENGED
13:40:44.912 [main] DEBUG org.apache.hc.client5.http.impl.classic.ConnectExec - ex-00000002: acquiring connection with route {s}->https://chromedriver.storage.googleapis.com:443
13:40:44.912 [main] DEBUG org.apache.hc.client5.http.impl.classic.InternalHttpClient - ex-00000002: acquiring endpoint (3 MINUTES)
13:40:44.913 [main] DEBUG org.apache.hc.client5.http.impl.io.PoolingHttpClientConnectionManager - ex-00000002: endpoint lease request (3 MINUTES) [route: {s}->https://chromedriver.storage.googleapis.com:443][total available: 1; route allocated: 0 of 5; total allocated: 1 of 25]
13:40:44.913 [main] DEBUG org.apache.hc.client5.http.impl.io.PoolingHttpClientConnectionManager - ex-00000002: endpoint leased [route: {s}->https://chromedriver.storage.googleapis.com:443][total available: 1; route allocated: 1 of 5; total allocated: 2 of 25]
13:40:44.913 [main] DEBUG org.apache.hc.client5.http.impl.io.PoolingHttpClientConnectionManager - ex-00000002: acquired ep-00000001
13:40:44.914 [main] DEBUG org.apache.hc.client5.http.impl.classic.InternalHttpClient - ex-00000002: acquired endpoint ep-00000001
13:40:44.914 [main] DEBUG org.apache.hc.client5.http.impl.classic.ConnectExec - ex-00000002: opening connection {s}->https://chromedriver.storage.googleapis.com:443
13:40:44.914 [main] DEBUG org.apache.hc.client5.http.impl.classic.InternalHttpClient - ep-00000001: connecting endpoint (30 SECONDS)
13:40:44.914 [main] DEBUG org.apache.hc.client5.http.impl.io.PoolingHttpClientConnectionManager - ep-00000001: connecting endpoint to https://chromedriver.storage.googleapis.com:443 (30 SECONDS)
13:40:45.025 [main] DEBUG org.apache.hc.client5.http.impl.io.DefaultHttpClientConnectionOperator - http-outgoing-1: connecting to chromedriver.storage.googleapis.com/74.125.68.128:443
13:40:45.025 [main] DEBUG org.apache.hc.client5.http.ssl.SSLConnectionSocketFactory - Connecting socket to chromedriver.storage.googleapis.com/74.125.68.128:443 with timeout 30 SECONDS
13:40:45.046 [main] DEBUG org.apache.hc.client5.http.ssl.SSLConnectionSocketFactory - Enabled protocols: [TLSv1.3, TLSv1.2]
13:40:45.046 [main] DEBUG org.apache.hc.client5.http.ssl.SSLConnectionSocketFactory - Enabled cipher suites: [TLS_AES_256_GCM_SHA384, TLS_AES_128_GCM_SHA256, TLS_CHACHA20_POLY1305_SHA256, TLS_ECDHE_ECDSA_WITH_AES_256_GCM_SHA384, TLS_ECDHE_ECDSA_WITH_AES_128_GCM_SHA256, TLS_ECDHE_ECDSA_WITH_CHACHA20_POLY1305_SHA256, TLS_ECDHE_RSA_WITH_AES_256_GCM_SHA384, TLS_ECDHE_RSA_WITH_CHACHA20_POLY1305_SHA256, TLS_ECDHE_RSA_WITH_AES_128_GCM_SHA256, TLS_DHE_RSA_WITH_AES_256_GCM_SHA384, TLS_DHE_RSA_WITH_CHACHA20_POLY1305_SHA256, TLS_DHE_DSS_WITH_AES_256_GCM_SHA384, TLS_DHE_RSA_WITH_AES_128_GCM_SHA256, TLS_DHE_DSS_WITH_AES_128_GCM_SHA256, TLS_ECDHE_ECDSA_WITH_AES_256_CBC_SHA384, TLS_ECDHE_RSA_WITH_AES_256_CBC_SHA384, TLS_ECDHE_ECDSA_WITH_AES_128_CBC_SHA256, TLS_ECDHE_RSA_WITH_AES_128_CBC_SHA256, TLS_DHE_RSA_WITH_AES_256_CBC_SHA256, TLS_DHE_DSS_WITH_AES_256_CBC_SHA256, TLS_DHE_RSA_WITH_AES_128_CBC_SHA256, TLS_DHE_DSS_WITH_AES_128_CBC_SHA256, TLS_ECDH_ECDSA_WITH_AES_256_GCM_SHA384, TLS_ECDH_RSA_WITH_AES_256_GCM_SHA384, TLS_ECDH_ECDSA_WITH_AES_128_GCM_SHA256, TLS_ECDH_RSA_WITH_AES_128_GCM_SHA256, TLS_ECDH_ECDSA_WITH_AES_256_CBC_SHA384, TLS_ECDH_RSA_WITH_AES_256_CBC_SHA384, TLS_ECDH_ECDSA_WITH_AES_128_CBC_SHA256, TLS_ECDH_RSA_WITH_AES_128_CBC_SHA256, TLS_ECDHE_ECDSA_WITH_AES_256_CBC_SHA, TLS_ECDHE_RSA_WITH_AES_256_CBC_SHA, TLS_ECDHE_ECDSA_WITH_AES_128_CBC_SHA, TLS_ECDHE_RSA_WITH_AES_128_CBC_SHA, TLS_DHE_RSA_WITH_AES_256_CBC_SHA, TLS_DHE_DSS_WITH_AES_256_CBC_SHA, TLS_DHE_RSA_WITH_AES_128_CBC_SHA, TLS_DHE_DSS_WITH_AES_128_CBC_SHA, TLS_ECDH_ECDSA_WITH_AES_256_CBC_SHA, TLS_ECDH_RSA_WITH_AES_256_CBC_SHA, TLS_ECDH_ECDSA_WITH_AES_128_CBC_SHA, TLS_ECDH_RSA_WITH_AES_128_CBC_SHA, TLS_RSA_WITH_AES_256_GCM_SHA384, TLS_RSA_WITH_AES_128_GCM_SHA256, TLS_RSA_WITH_AES_256_CBC_SHA256, TLS_RSA_WITH_AES_128_CBC_SHA256, TLS_RSA_WITH_AES_256_CBC_SHA, TLS_RSA_WITH_AES_128_CBC_SHA, TLS_EMPTY_RENEGOTIATION_INFO_SCSV]
13:40:45.046 [main] DEBUG org.apache.hc.client5.http.ssl.SSLConnectionSocketFactory - Starting handshake
13:40:45.087 [main] DEBUG org.apache.hc.client5.http.ssl.SSLConnectionSocketFactory - Secure session established
13:40:45.087 [main] DEBUG org.apache.hc.client5.http.ssl.SSLConnectionSocketFactory -  negotiated protocol: TLSv1.3
13:40:45.087 [main] DEBUG org.apache.hc.client5.http.ssl.SSLConnectionSocketFactory -  negotiated cipher suite: TLS_AES_256_GCM_SHA384
13:40:45.088 [main] DEBUG org.apache.hc.client5.http.ssl.SSLConnectionSocketFactory -  peer principal: CN=*.storage.googleapis.com
13:40:45.088 [main] DEBUG org.apache.hc.client5.http.ssl.SSLConnectionSocketFactory -  peer alternative names: [*.storage.googleapis.com, *.googleapis.com, commondatastorage.googleapis.com, *.commondatastorage.googleapis.com, storage.googleapis.com, storage.mtls.googleapis.com, *.appspot.com.storage.googleapis.com, *.content-storage.googleapis.com, *.content-storage-p2.googleapis.com, *.content-storage-upload.googleapis.com, *.content-storage-download.googleapis.com, *.storage-upload.googleapis.com, *.storage-download.googleapis.com]
13:40:45.088 [main] DEBUG org.apache.hc.client5.http.ssl.SSLConnectionSocketFactory -  issuer principal: CN=GTS CA 1C3, O=Google Trust Services LLC, C=US
13:40:45.088 [main] DEBUG org.apache.hc.client5.http.impl.io.DefaultHttpClientConnectionOperator - http-outgoing-1: connection established 192.168.100.29:60741<->74.125.68.128:443
13:40:45.088 [main] DEBUG org.apache.hc.client5.http.impl.io.PoolingHttpClientConnectionManager - ep-00000001: connected http-outgoing-1
13:40:45.088 [main] DEBUG org.apache.hc.client5.http.impl.classic.InternalHttpClient - ep-00000001: endpoint connected
13:40:45.088 [main] DEBUG org.apache.hc.client5.http.impl.classic.MainClientExec - ex-00000002: executing GET /LATEST_RELEASE_108 HTTP/1.1
13:40:45.088 [main] DEBUG org.apache.hc.client5.http.impl.classic.InternalHttpClient - ep-00000001: start execution ex-00000002
13:40:45.088 [main] DEBUG org.apache.hc.client5.http.impl.io.PoolingHttpClientConnectionManager - ep-00000001: executing exchange ex-00000002 over http-outgoing-1
13:40:45.088 [main] DEBUG org.apache.hc.client5.http.headers - http-outgoing-1 >> GET /LATEST_RELEASE_108 HTTP/1.1
13:40:45.088 [main] DEBUG org.apache.hc.client5.http.headers - http-outgoing-1 >> user-agent: Apache-HttpClient/5.0
13:40:45.088 [main] DEBUG org.apache.hc.client5.http.headers - http-outgoing-1 >> accept-encoding: gzip, deflate, br
13:40:45.089 [main] DEBUG org.apache.hc.client5.http.headers - http-outgoing-1 >> cache-control: max-age=0
13:40:45.089 [main] DEBUG org.apache.hc.client5.http.headers - http-outgoing-1 >> connection: keep-alive
13:40:45.089 [main] DEBUG org.apache.hc.client5.http.headers - http-outgoing-1 >> Host: chromedriver.storage.googleapis.com
13:40:45.089 [main] DEBUG org.apache.hc.client5.http.wire - http-outgoing-1 >> "GET /LATEST_RELEASE_108 HTTP/1.1[\r][\n]"
13:40:45.089 [main] DEBUG org.apache.hc.client5.http.wire - http-outgoing-1 >> "user-agent: Apache-HttpClient/5.0[\r][\n]"
13:40:45.089 [main] DEBUG org.apache.hc.client5.http.wire - http-outgoing-1 >> "accept-encoding: gzip, deflate, br[\r][\n]"
13:40:45.089 [main] DEBUG org.apache.hc.client5.http.wire - http-outgoing-1 >> "cache-control: max-age=0[\r][\n]"
13:40:45.089 [main] DEBUG org.apache.hc.client5.http.wire - http-outgoing-1 >> "connection: keep-alive[\r][\n]"
13:40:45.089 [main] DEBUG org.apache.hc.client5.http.wire - http-outgoing-1 >> "Host: chromedriver.storage.googleapis.com[\r][\n]"
13:40:45.089 [main] DEBUG org.apache.hc.client5.http.wire - http-outgoing-1 >> "[\r][\n]"
13:40:45.112 [main] DEBUG org.apache.hc.client5.http.wire - http-outgoing-1 << "HTTP/1.1 200 OK[\r][\n]"
13:40:45.112 [main] DEBUG org.apache.hc.client5.http.wire - http-outgoing-1 << "X-GUploader-UploadID: ADPycdvz6e02pkqQBHYiDVyPto4JD-YdylGqf0_sBgEZsyIl7vLIGr0c8dXGhfkCAELdxAyIJG7UitVY6gt2vX39_GCulf0QmnlI[\r][\n]"
13:40:45.112 [main] DEBUG org.apache.hc.client5.http.wire - http-outgoing-1 << "x-goog-generation: 1669980223740338[\r][\n]"
13:40:45.112 [main] DEBUG org.apache.hc.client5.http.wire - http-outgoing-1 << "x-goog-metageneration: 1[\r][\n]"
13:40:45.112 [main] DEBUG org.apache.hc.client5.http.wire - http-outgoing-1 << "x-goog-stored-content-encoding: identity[\r][\n]"
13:40:45.112 [main] DEBUG org.apache.hc.client5.http.wire - http-outgoing-1 << "x-goog-stored-content-length: 13[\r][\n]"
13:40:45.112 [main] DEBUG org.apache.hc.client5.http.wire - http-outgoing-1 << "Content-Language: en[\r][\n]"
13:40:45.112 [main] DEBUG org.apache.hc.client5.http.wire - http-outgoing-1 << "x-goog-hash: crc32c=10EuVQ==[\r][\n]"
13:40:45.112 [main] DEBUG org.apache.hc.client5.http.wire - http-outgoing-1 << "x-goog-hash: md5=vrJ0xvbY/8NzN2X7bI3y8g==[\r][\n]"
13:40:45.112 [main] DEBUG org.apache.hc.client5.http.wire - http-outgoing-1 << "x-goog-storage-class: STANDARD[\r][\n]"
13:40:45.112 [main] DEBUG org.apache.hc.client5.http.wire - http-outgoing-1 << "Accept-Ranges: bytes[\r][\n]"
13:40:45.112 [main] DEBUG org.apache.hc.client5.http.wire - http-outgoing-1 << "Content-Length: 13[\r][\n]"
13:40:45.112 [main] DEBUG org.apache.hc.client5.http.wire - http-outgoing-1 << "Server: UploadServer[\r][\n]"
13:40:45.112 [main] DEBUG org.apache.hc.client5.http.wire - http-outgoing-1 << "Date: Wed, 21 Dec 2022 06:40:29 GMT[\r][\n]"
13:40:45.113 [main] DEBUG org.apache.hc.client5.http.wire - http-outgoing-1 << "Expires: Wed, 21 Dec 2022 07:40:29 GMT[\r][\n]"
13:40:45.113 [main] DEBUG org.apache.hc.client5.http.wire - http-outgoing-1 << "Cache-Control: public, max-age=3600[\r][\n]"
13:40:45.113 [main] DEBUG org.apache.hc.client5.http.wire - http-outgoing-1 << "Age: 16[\r][\n]"
13:40:45.113 [main] DEBUG org.apache.hc.client5.http.wire - http-outgoing-1 << "Last-Modified: Fri, 02 Dec 2022 11:23:43 GMT[\r][\n]"
13:40:45.113 [main] DEBUG org.apache.hc.client5.http.wire - http-outgoing-1 << "ETag: "beb274c6f6d8ffc3733765fb6c8df2f2"[\r][\n]"
13:40:45.113 [main] DEBUG org.apache.hc.client5.http.wire - http-outgoing-1 << "Content-Type: text/plain[\r][\n]"
13:40:45.113 [main] DEBUG org.apache.hc.client5.http.wire - http-outgoing-1 << "Alt-Svc: h3=":443"; ma=2592000,h3-29=":443"; ma=2592000,h3-Q050=":443"; ma=2592000,h3-Q046=":443"; ma=2592000,h3-Q043=":443"; ma=2592000,quic=":443"; ma=2592000; v="46,43"[\r][\n]"
13:40:45.113 [main] DEBUG org.apache.hc.client5.http.wire - http-outgoing-1 << "[\r][\n]"
13:40:45.113 [main] DEBUG org.apache.hc.client5.http.wire - http-outgoing-1 << "108.0.5359.71"
13:40:45.113 [main] DEBUG org.apache.hc.client5.http.headers - http-outgoing-1 << HTTP/1.1 200 OK
13:40:45.113 [main] DEBUG org.apache.hc.client5.http.headers - http-outgoing-1 << X-GUploader-UploadID: ADPycdvz6e02pkqQBHYiDVyPto4JD-YdylGqf0_sBgEZsyIl7vLIGr0c8dXGhfkCAELdxAyIJG7UitVY6gt2vX39_GCulf0QmnlI
13:40:45.113 [main] DEBUG org.apache.hc.client5.http.headers - http-outgoing-1 << x-goog-generation: 1669980223740338
13:40:45.113 [main] DEBUG org.apache.hc.client5.http.headers - http-outgoing-1 << x-goog-metageneration: 1
13:40:45.113 [main] DEBUG org.apache.hc.client5.http.headers - http-outgoing-1 << x-goog-stored-content-encoding: identity
13:40:45.113 [main] DEBUG org.apache.hc.client5.http.headers - http-outgoing-1 << x-goog-stored-content-length: 13
13:40:45.113 [main] DEBUG org.apache.hc.client5.http.headers - http-outgoing-1 << Content-Language: en
13:40:45.113 [main] DEBUG org.apache.hc.client5.http.headers - http-outgoing-1 << x-goog-hash: crc32c=10EuVQ==
13:40:45.113 [main] DEBUG org.apache.hc.client5.http.headers - http-outgoing-1 << x-goog-hash: md5=vrJ0xvbY/8NzN2X7bI3y8g==
13:40:45.113 [main] DEBUG org.apache.hc.client5.http.headers - http-outgoing-1 << x-goog-storage-class: STANDARD
13:40:45.114 [main] DEBUG org.apache.hc.client5.http.headers - http-outgoing-1 << Accept-Ranges: bytes
13:40:45.114 [main] DEBUG org.apache.hc.client5.http.headers - http-outgoing-1 << Content-Length: 13
13:40:45.114 [main] DEBUG org.apache.hc.client5.http.headers - http-outgoing-1 << Server: UploadServer
13:40:45.114 [main] DEBUG org.apache.hc.client5.http.headers - http-outgoing-1 << Date: Wed, 21 Dec 2022 06:40:29 GMT
13:40:45.114 [main] DEBUG org.apache.hc.client5.http.headers - http-outgoing-1 << Expires: Wed, 21 Dec 2022 07:40:29 GMT
13:40:45.114 [main] DEBUG org.apache.hc.client5.http.headers - http-outgoing-1 << Cache-Control: public, max-age=3600
13:40:45.114 [main] DEBUG org.apache.hc.client5.http.headers - http-outgoing-1 << Age: 16
13:40:45.114 [main] DEBUG org.apache.hc.client5.http.headers - http-outgoing-1 << Last-Modified: Fri, 02 Dec 2022 11:23:43 GMT
13:40:45.114 [main] DEBUG org.apache.hc.client5.http.headers - http-outgoing-1 << ETag: "beb274c6f6d8ffc3733765fb6c8df2f2"
13:40:45.114 [main] DEBUG org.apache.hc.client5.http.headers - http-outgoing-1 << Content-Type: text/plain
13:40:45.114 [main] DEBUG org.apache.hc.client5.http.headers - http-outgoing-1 << Alt-Svc: h3=":443"; ma=2592000,h3-29=":443"; ma=2592000,h3-Q050=":443"; ma=2592000,h3-Q046=":443"; ma=2592000,h3-Q043=":443"; ma=2592000,quic=":443"; ma=2592000; v="46,43"
13:40:45.115 [main] DEBUG org.apache.hc.client5.http.impl.classic.MainClientExec - ex-00000002: connection can be kept alive for 3 MINUTES
13:40:45.115 [main] DEBUG org.apache.hc.client5.http.impl.classic.InternalHttpClient - ep-00000001: releasing valid endpoint
13:40:45.115 [main] DEBUG org.apache.hc.client5.http.impl.io.PoolingHttpClientConnectionManager - ep-00000001: releasing endpoint
13:40:45.115 [main] DEBUG org.apache.hc.client5.http.impl.io.PoolingHttpClientConnectionManager - ep-00000001: connection http-outgoing-1 can be kept alive for 3 MINUTES
13:40:45.115 [main] DEBUG org.apache.hc.client5.http.impl.io.PoolingHttpClientConnectionManager - ep-00000001: connection released [route: {s}->https://chromedriver.storage.googleapis.com:443][total available: 2; route allocated: 1 of 5; total allocated: 2 of 25]
13:40:45.115 [main] DEBUG io.github.bonigarcia.wdm.versions.VersionDetector - Latest version of chromedriver according to https://chromedriver.storage.googleapis.com/LATEST_RELEASE_108 is 108.0.5359.71
13:40:45.116 [main] INFO io.github.bonigarcia.wdm.WebDriverManager - Using chromedriver 108.0.5359.71 (resolved driver for Chrome 108)
13:40:45.122 [main] DEBUG io.github.bonigarcia.wdm.cache.ResolutionCache - Storing resolution chrome=108 in cache (valid until 14:40:45 21/12/2022 ICT)
13:40:45.126 [main] DEBUG io.github.bonigarcia.wdm.cache.ResolutionCache - Storing resolution chrome108=108.0.5359.71 in cache (valid until 13:40:45 22/12/2022 ICT)
13:40:45.141 [main] DEBUG io.github.bonigarcia.wdm.WebDriverManager - Driver chromedriver 108.0.5359.71 found in cache
13:40:45.142 [main] INFO io.github.bonigarcia.wdm.WebDriverManager - Exporting webdriver.chrome.driver as C:\Users\ASUSTUF\.cache\selenium\chromedriver\win32\108.0.5359.71\chromedriver.exe
13:40:46.022 [main] DEBUG net.thucydides.core.reflection.ClassFinder - Could not load class .CucumberTestSuite
13:40:46.022 [main] DEBUG net.thucydides.core.reflection.ClassFinder - Could not load class .starter.pages.ManageVaccinationBookingsPage
13:40:46.022 [main] DEBUG net.thucydides.core.reflection.ClassFinder - Could not load class .starter.pages.VaccineNamesPage
13:40:46.022 [main] DEBUG net.thucydides.core.reflection.ClassFinder - Could not load class .starter.stepdefinitions.ManageVaccinationBookingsSteps
13:40:46.022 [main] DEBUG net.thucydides.core.reflection.ClassFinder - Could not load class .starter.stepdefinitions.VaccineNamesSteps
13:40:46.023 [main] DEBUG net.thucydides.core.reflection.ClassFinder - Could not load class META-INF.versions.9.com.sun.istack.logging.StackHelper
13:40:46.023 [main] DEBUG net.thucydides.core.reflection.ClassFinder - Could not load class META-INF.versions.9.com.sun.xml.bind.v2.runtime.reflect.opt.AccessorInjector
13:40:46.024 [main] DEBUG net.thucydides.core.reflection.ClassFinder - Could not load class META-INF.versions.9.com.sun.xml.bind.v2.runtime.reflect.opt.Injector
13:40:46.025 [main] DEBUG net.thucydides.core.reflection.ClassFinder - Could not load class META-INF.versions.9.com.sun.xml.bind.v2.runtime.reflect.opt.OptimizedAccessorFactory
13:40:46.026 [main] DEBUG net.thucydides.core.reflection.ClassFinder - Could not load class META-INF.versions.9.com.sun.xml.bind.v2.runtime.reflect.opt.OptimizedTransducedAccessorFactory
13:40:46.027 [main] DEBUG net.thucydides.core.reflection.ClassFinder - Could not load class META-INF.versions.9.io.opentelemetry.sdk.internal.CurrentJavaVersionSpecific
13:40:46.028 [main] DEBUG net.thucydides.core.reflection.ClassFinder - Could not load class META-INF.versions.9.io.opentelemetry.sdk.internal.Java9VersionSpecific
13:40:46.030 [main] DEBUG net.thucydides.core.reflection.ClassFinder - Could not load class META-INF.versions.9.javax.xml.bind.ModuleUtil
13:40:46.030 [main] DEBUG net.thucydides.core.reflection.ClassFinder - Could not load class META-INF.versions.9.module-info
13:40:46.032 [main] DEBUG net.thucydides.core.reflection.ClassFinder - Could not load class META-INF.versions.9.org.junit.platform.commons.util.ModuleUtils
13:40:46.570 [main] DEBUG net.thucydides.core.reflection.ClassFinder - Could not load class com.google.gson.internal.
13:40:46.809 [main] DEBUG net.thucydides.core.reflection.ClassFinder - Could not load class com.sun.xml.bind.v2.runtime.output.FastInfosetStreamWriterOutput
13:40:47.399 [main] DEBUG net.thucydides.core.reflection.ClassFinder - Could not load class module-info
13:40:51.145 [main] DEBUG io.netty.util.internal.logging.InternalLoggerFactory - Using SLF4J as the default logging framework
13:40:51.150 [main] DEBUG io.netty.util.ResourceLeakDetector - -Dio.netty.leakDetection.level: simple
13:40:51.151 [main] DEBUG io.netty.util.ResourceLeakDetector - -Dio.netty.leakDetection.targetRecords: 4
13:40:51.155 [main] DEBUG io.netty.util.ResourceLeakDetectorFactory - Loaded default ResourceLeakDetector: io.netty.util.ResourceLeakDetector@4fdf83bb
13:40:51.189 [main] DEBUG io.netty.util.internal.PlatformDependent0 - -Dio.netty.noUnsafe: false
13:40:51.189 [main] DEBUG io.netty.util.internal.PlatformDependent0 - Java version: 11
13:40:51.192 [main] DEBUG io.netty.util.internal.PlatformDependent0 - sun.misc.Unsafe.theUnsafe: available
13:40:51.193 [main] DEBUG io.netty.util.internal.PlatformDependent0 - sun.misc.Unsafe.copyMemory: available
13:40:51.194 [main] DEBUG io.netty.util.internal.PlatformDependent0 - java.nio.Buffer.address: available
13:40:51.196 [main] DEBUG io.netty.util.internal.PlatformDependent0 - direct buffer constructor: unavailable: Reflective setAccessible(true) disabled
13:40:51.197 [main] DEBUG io.netty.util.internal.PlatformDependent0 - java.nio.Bits.unaligned: available, true
13:40:51.198 [main] DEBUG io.netty.util.internal.PlatformDependent0 - jdk.internal.misc.Unsafe.allocateUninitializedArray(int): unavailable: class io.netty.util.internal.PlatformDependent0$6 cannot access class jdk.internal.misc.Unsafe (in module java.base) because module java.base does not export jdk.internal.misc to unnamed module @b93aad
13:40:51.201 [main] DEBUG io.netty.util.internal.PlatformDependent0 - java.nio.DirectByteBuffer.<init>(long, int): unavailable
13:40:51.201 [main] DEBUG io.netty.util.internal.PlatformDependent - sun.misc.Unsafe: available
13:40:51.204 [main] DEBUG io.netty.util.internal.PlatformDependent - maxDirectMemory: 2105540608 bytes (maybe)
13:40:51.204 [main] DEBUG io.netty.util.internal.PlatformDependent - -Dio.netty.tmpdir: C:\Users\ASUSTUF\AppData\Local\Temp (java.io.tmpdir)
13:40:51.204 [main] DEBUG io.netty.util.internal.PlatformDependent - -Dio.netty.bitMode: 64 (sun.arch.data.model)
13:40:51.204 [main] DEBUG io.netty.util.internal.PlatformDependent - Platform: Windows
13:40:51.205 [main] DEBUG io.netty.util.internal.PlatformDependent - -Dio.netty.maxDirectMemory: -1 bytes
13:40:51.205 [main] DEBUG io.netty.util.internal.PlatformDependent - -Dio.netty.uninitializedArrayAllocationThreshold: -1
13:40:51.206 [main] DEBUG io.netty.util.internal.CleanerJava9 - java.nio.ByteBuffer.cleaner(): available
13:40:51.206 [main] DEBUG io.netty.util.internal.PlatformDependent - -Dio.netty.noPreferDirect: false
13:40:51.221 [main] DEBUG io.netty.util.internal.PlatformDependent - org.jctools-core.MpscChunkedArrayQueue: available
13:40:51.263 [main] DEBUG io.netty.util.internal.InternalThreadLocalMap - -Dio.netty.threadLocalMap.stringBuilder.initialSize: 1024
13:40:51.264 [main] DEBUG io.netty.util.internal.InternalThreadLocalMap - -Dio.netty.threadLocalMap.stringBuilder.maxSize: 4096
13:40:51.296 [main] DEBUG io.netty.handler.ssl.JdkSslContext - Default protocols (JDK): [TLSv1.3, TLSv1.2] 
13:40:51.297 [main] DEBUG io.netty.handler.ssl.JdkSslContext - Default cipher suites (JDK): [TLS_ECDHE_ECDSA_WITH_AES_256_GCM_SHA384, TLS_ECDHE_ECDSA_WITH_AES_128_GCM_SHA256, TLS_ECDHE_RSA_WITH_AES_128_GCM_SHA256, TLS_ECDHE_RSA_WITH_AES_256_GCM_SHA384, TLS_ECDHE_RSA_WITH_AES_128_CBC_SHA, TLS_ECDHE_RSA_WITH_AES_256_CBC_SHA, TLS_RSA_WITH_AES_128_GCM_SHA256, TLS_RSA_WITH_AES_128_CBC_SHA, TLS_RSA_WITH_AES_256_CBC_SHA, TLS_AES_128_GCM_SHA256, TLS_AES_256_GCM_SHA384]
13:40:51.345 [main] DEBUG io.netty.channel.MultithreadEventLoopGroup - -Dio.netty.eventLoopThreads: 32
13:40:51.362 [main] DEBUG io.netty.channel.nio.NioEventLoop - -Dio.netty.noKeySetOptimization: false
13:40:51.362 [main] DEBUG io.netty.channel.nio.NioEventLoop - -Dio.netty.selectorAutoRebuildThreshold: 512
13:40:51.447 [main] DEBUG io.netty.buffer.PooledByteBufAllocator - -Dio.netty.allocator.numHeapArenas: 20
13:40:51.447 [main] DEBUG io.netty.buffer.PooledByteBufAllocator - -Dio.netty.allocator.numDirectArenas: 20
13:40:51.447 [main] DEBUG io.netty.buffer.PooledByteBufAllocator - -Dio.netty.allocator.pageSize: 8192
13:40:51.447 [main] DEBUG io.netty.buffer.PooledByteBufAllocator - -Dio.netty.allocator.maxOrder: 11
13:40:51.447 [main] DEBUG io.netty.buffer.PooledByteBufAllocator - -Dio.netty.allocator.chunkSize: 16777216
13:40:51.447 [main] DEBUG io.netty.buffer.PooledByteBufAllocator - -Dio.netty.allocator.smallCacheSize: 256
13:40:51.447 [main] DEBUG io.netty.buffer.PooledByteBufAllocator - -Dio.netty.allocator.normalCacheSize: 64
13:40:51.447 [main] DEBUG io.netty.buffer.PooledByteBufAllocator - -Dio.netty.allocator.maxCachedBufferCapacity: 32768
13:40:51.447 [main] DEBUG io.netty.buffer.PooledByteBufAllocator - -Dio.netty.allocator.cacheTrimInterval: 8192
13:40:51.447 [main] DEBUG io.netty.buffer.PooledByteBufAllocator - -Dio.netty.allocator.cacheTrimIntervalMillis: 0
13:40:51.447 [main] DEBUG io.netty.buffer.PooledByteBufAllocator - -Dio.netty.allocator.useCacheForAllThreads: true
13:40:51.447 [main] DEBUG io.netty.buffer.PooledByteBufAllocator - -Dio.netty.allocator.maxCachedByteBuffersPerChunk: 1023
13:40:51.466 [main] DEBUG io.netty.buffer.ByteBufUtil - -Dio.netty.allocator.type: pooled
13:40:51.466 [main] DEBUG io.netty.buffer.ByteBufUtil - -Dio.netty.threadLocalDirectBufferSize: 0
13:40:51.466 [main] DEBUG io.netty.buffer.ByteBufUtil - -Dio.netty.maxThreadLocalCharBufferSize: 16384
13:40:51.748 [main] DEBUG net.serenitybdd.core.webdriver.driverproviders.ProvideNewDriver - Instantiating driver
13:40:51.748 [main] DEBUG net.serenitybdd.core.webdriver.driverproviders.ProvideNewDriver - Driver capabilities: Capabilities {acceptInsecureCerts: false, base.url: https://vaksin-id.netlify.app/, browserName: chrome, chrome.driver: src/test/resources/webdrive..., driver: chrome, goog:chromeOptions: {args: [], extensions: []}}
13:40:52.453 [Forwarding newSession on session null to remote] DEBUG io.netty.channel.DefaultChannelId - -Dio.netty.processId: 8488 (auto-detected)
13:40:52.456 [Forwarding newSession on session null to remote] DEBUG io.netty.util.NetUtil - -Djava.net.preferIPv4Stack: false
13:40:52.456 [Forwarding newSession on session null to remote] DEBUG io.netty.util.NetUtil - -Djava.net.preferIPv6Addresses: false
13:40:52.679 [Forwarding newSession on session null to remote] DEBUG io.netty.util.NetUtilInitializations - Loopback interface: lo (Software Loopback Interface 1, 127.0.0.1)
13:40:52.681 [Forwarding newSession on session null to remote] DEBUG io.netty.util.NetUtil - Failed to get SOMAXCONN from sysctl and file \proc\sys\net\core\somaxconn. Default: 200
13:40:52.918 [Forwarding newSession on session null to remote] DEBUG io.netty.channel.DefaultChannelId - -Dio.netty.machineId: 78:2b:46:ff:fe:49:0d:9f (auto-detected)
13:40:52.992 [AsyncHttpClient-1-2] DEBUG io.netty.buffer.AbstractByteBuf - -Dio.netty.buffer.checkAccessible: true
13:40:52.993 [AsyncHttpClient-1-2] DEBUG io.netty.buffer.AbstractByteBuf - -Dio.netty.buffer.checkBounds: true
13:40:52.993 [AsyncHttpClient-1-2] DEBUG io.netty.util.ResourceLeakDetectorFactory - Loaded default ResourceLeakDetector: io.netty.util.ResourceLeakDetector@779f36ac
13:40:53.010 [AsyncHttpClient-1-2] DEBUG org.asynchttpclient.netty.channel.NettyConnectListener - Using new Channel '[id: 0xf58a2e96, L:/127.0.0.1:60815 - R:localhost/127.0.0.1:63897]' for 'POST' to '/session'
13:40:53.035 [AsyncHttpClient-1-2] DEBUG io.netty.util.Recycler - -Dio.netty.recycler.maxCapacityPerThread: 4096
13:40:53.036 [AsyncHttpClient-1-2] DEBUG io.netty.util.Recycler - -Dio.netty.recycler.ratio: 8
13:40:53.036 [AsyncHttpClient-1-2] DEBUG io.netty.util.Recycler - -Dio.netty.recycler.chunkSize: 32
13:40:53.036 [AsyncHttpClient-1-2] DEBUG io.netty.util.Recycler - -Dio.netty.recycler.blocking: false
13:40:54.446 [AsyncHttpClient-1-2] DEBUG io.netty.handler.codec.compression.Brotli - brotli4j not in the classpath; Brotli support will be unavailable.
13:40:54.447 [AsyncHttpClient-1-2] DEBUG org.asynchttpclient.netty.handler.HttpHandler - 

Request DefaultHttpRequest(decodeResult: success, version: HTTP/1.1)
POST /session HTTP/1.1
User-Agent: selenium/4.1.2 (java windows)
Content-Length: 616
Content-Type: application/json; charset=utf-8
host: localhost:63897
accept: */*

Response DefaultHttpResponse(decodeResult: success, version: HTTP/1.1)
HTTP/1.1 200 OK
Content-Type: application/json; charset=utf-8
cache-control: no-cache
content-length: 794

13:40:54.457 [AsyncHttpClient-1-2] DEBUG org.asynchttpclient.netty.channel.ChannelManager - Adding key: http://localhost:63897 for channel [id: 0xf58a2e96, L:/127.0.0.1:60815 - R:localhost/127.0.0.1:63897]
13:40:54.537 [AsyncHttpClient-1-1] DEBUG org.asynchttpclient.netty.channel.DefaultChannelPool - Entry count for : http://localhost:63897 : 1
13:40:54.618 [AsyncHttpClient-1-3] DEBUG org.asynchttpclient.netty.channel.NettyConnectListener - Using new Channel '[id: 0xde58859c, L:/127.0.0.1:60827 - R:localhost/127.0.0.1:60816]' for 'GET' to '/json/version'
13:40:54.633 [AsyncHttpClient-1-3] DEBUG org.asynchttpclient.netty.handler.HttpHandler - 

Request DefaultFullHttpRequest(decodeResult: success, version: HTTP/1.1, content: EmptyByteBufBE)
GET /json/version HTTP/1.1
User-Agent: selenium/4.1.2 (java windows)
host: localhost:60816
accept: */*

Response DefaultHttpResponse(decodeResult: success, version: HTTP/1.1)
HTTP/1.1 200 OK
Content-Type: application/json; charset=UTF-8
content-length: 424

13:40:54.634 [AsyncHttpClient-1-3] DEBUG org.asynchttpclient.netty.channel.ChannelManager - Adding key: http://localhost:60816 for channel [id: 0xde58859c, L:/127.0.0.1:60827 - R:localhost/127.0.0.1:60816]
13:40:54.653 [main] DEBUG io.netty.util.internal.ThreadLocalRandom - -Dio.netty.initialSeedUniquifier: 0x83e48f58739bf373
13:40:54.671 [AsyncHttpClient-1-4] DEBUG org.asynchttpclient.netty.channel.NettyConnectListener - Using new Channel '[id: 0x7953fe14, L:/127.0.0.1:60828 - R:localhost/127.0.0.1:60816]' for 'GET' to '/devtools/browser/83f9f433-3740-4db1-ba37-9ea8241f8b9c'
13:40:54.689 [AsyncHttpClient-1-4] DEBUG org.asynchttpclient.netty.handler.WebSocketHandler - 

Request DefaultFullHttpRequest(decodeResult: success, version: HTTP/1.1, content: EmptyByteBufBE)
GET /devtools/browser/83f9f433-3740-4db1-ba37-9ea8241f8b9c HTTP/1.1
upgrade: websocket
connection: upgrade
sec-websocket-key: 94FkkNAdl1JOWV5AV20uUg==
sec-websocket-version: 13
origin: http://localhost:60816
host: localhost:60816
accept: */*
user-agent: AHC/2.1

Response DefaultHttpResponse(decodeResult: success, version: HTTP/1.1)
HTTP/1.1 101 WebSocket Protocol Handshake
Upgrade: WebSocket
Connection: Upgrade
Sec-WebSocket-Accept: /hsh5q/4q1H060tIynb+x9EtdPU=

13:40:55.640 [AsyncHttpClient-1-1] DEBUG org.asynchttpclient.netty.channel.DefaultChannelPool - Entry count for : http://localhost:60816 : 1
13:40:55.640 [AsyncHttpClient-1-1] DEBUG org.asynchttpclient.netty.channel.DefaultChannelPool - Entry count for : http://localhost:63897 : 1
13:40:55.685 [main] DEBUG net.thucydides.core.reflection.ClassFinder - Could not load class .CucumberTestSuite
13:40:55.685 [main] DEBUG net.thucydides.core.reflection.ClassFinder - Could not load class .starter.pages.ManageVaccinationBookingsPage
13:40:55.685 [main] DEBUG net.thucydides.core.reflection.ClassFinder - Could not load class .starter.pages.VaccineNamesPage
13:40:55.685 [main] DEBUG net.thucydides.core.reflection.ClassFinder - Could not load class .starter.stepdefinitions.ManageVaccinationBookingsSteps
13:40:55.685 [main] DEBUG net.thucydides.core.reflection.ClassFinder - Could not load class .starter.stepdefinitions.VaccineNamesSteps
13:40:55.687 [main] DEBUG net.thucydides.core.reflection.ClassFinder - Could not load class META-INF.versions.9.com.sun.istack.logging.StackHelper
13:40:55.687 [main] DEBUG net.thucydides.core.reflection.ClassFinder - Could not load class META-INF.versions.9.com.sun.xml.bind.v2.runtime.reflect.opt.AccessorInjector
13:40:55.687 [main] DEBUG net.thucydides.core.reflection.ClassFinder - Could not load class META-INF.versions.9.com.sun.xml.bind.v2.runtime.reflect.opt.Injector
13:40:55.688 [main] DEBUG net.thucydides.core.reflection.ClassFinder - Could not load class META-INF.versions.9.com.sun.xml.bind.v2.runtime.reflect.opt.OptimizedAccessorFactory
13:40:55.688 [main] DEBUG net.thucydides.core.reflection.ClassFinder - Could not load class META-INF.versions.9.com.sun.xml.bind.v2.runtime.reflect.opt.OptimizedTransducedAccessorFactory
13:40:55.688 [main] DEBUG net.thucydides.core.reflection.ClassFinder - Could not load class META-INF.versions.9.io.opentelemetry.sdk.internal.CurrentJavaVersionSpecific
13:40:55.688 [main] DEBUG net.thucydides.core.reflection.ClassFinder - Could not load class META-INF.versions.9.io.opentelemetry.sdk.internal.Java9VersionSpecific
13:40:55.689 [main] DEBUG net.thucydides.core.reflection.ClassFinder - Could not load class META-INF.versions.9.javax.xml.bind.ModuleUtil
13:40:55.689 [main] DEBUG net.thucydides.core.reflection.ClassFinder - Could not load class META-INF.versions.9.module-info
13:40:55.690 [main] DEBUG net.thucydides.core.reflection.ClassFinder - Could not load class META-INF.versions.9.org.junit.platform.commons.util.ModuleUtils
13:40:55.693 [main] DEBUG net.thucydides.core.reflection.ClassFinder - Could not load class com.google.gson.internal.
13:40:55.695 [main] DEBUG net.thucydides.core.reflection.ClassFinder - Could not load class com.sun.xml.bind.v2.runtime.output.FastInfosetStreamWriterOutput
13:40:55.697 [main] DEBUG net.thucydides.core.reflection.ClassFinder - Could not load class module-info
13:40:55.722 [Forwarding get on session 73ab1fd017324c185a074344afd2d1b6 to remote] DEBUG org.asynchttpclient.netty.request.NettyRequestSender - Using pooled Channel '[id: 0xf58a2e96, L:/127.0.0.1:60815 - R:localhost/127.0.0.1:63897]' for 'POST' to 'http://localhost:63897/session/73ab1fd017324c185a074344afd2d1b6/url'
13:40:55.722 [Forwarding get on session 73ab1fd017324c185a074344afd2d1b6 to remote] DEBUG org.asynchttpclient.netty.request.NettyRequestSender - Using open Channel [id: 0xf58a2e96, L:/127.0.0.1:60815 - R:localhost/127.0.0.1:63897] for POST '/session/73ab1fd017324c185a074344afd2d1b6/url'
13:40:56.729 [AsyncHttpClient-1-1] DEBUG org.asynchttpclient.netty.channel.DefaultChannelPool - Entry count for : http://localhost:60816 : 1
13:40:57.829 [AsyncHttpClient-1-1] DEBUG org.asynchttpclient.netty.channel.DefaultChannelPool - Entry count for : http://localhost:60816 : 1
13:40:57.844 [AsyncHttpClient-1-2] DEBUG org.asynchttpclient.netty.handler.HttpHandler - 

Request DefaultHttpRequest(decodeResult: success, version: HTTP/1.1)
POST /session/73ab1fd017324c185a074344afd2d1b6/url HTTP/1.1
User-Agent: selenium/4.1.2 (java windows)
Content-Length: 60
Content-Type: application/json; charset=utf-8
host: localhost:63897
accept: */*

Response DefaultHttpResponse(decodeResult: success, version: HTTP/1.1)
HTTP/1.1 200 OK
Content-Type: application/json; charset=utf-8
cache-control: no-cache
content-length: 14

13:40:57.845 [AsyncHttpClient-1-2] DEBUG org.asynchttpclient.netty.channel.ChannelManager - Adding key: http://localhost:63897 for channel [id: 0xf58a2e96, L:/127.0.0.1:60815 - R:localhost/127.0.0.1:63897]
13:40:57.855 [Forwarding setTimeout on session 73ab1fd017324c185a074344afd2d1b6 to remote] DEBUG org.asynchttpclient.netty.request.NettyRequestSender - Using pooled Channel '[id: 0xf58a2e96, L:/127.0.0.1:60815 - R:localhost/127.0.0.1:63897]' for 'POST' to 'http://localhost:63897/session/73ab1fd017324c185a074344afd2d1b6/timeouts'
13:40:57.855 [Forwarding setTimeout on session 73ab1fd017324c185a074344afd2d1b6 to remote] DEBUG org.asynchttpclient.netty.request.NettyRequestSender - Using open Channel [id: 0xf58a2e96, L:/127.0.0.1:60815 - R:localhost/127.0.0.1:63897] for POST '/session/73ab1fd017324c185a074344afd2d1b6/timeouts'
13:40:57.860 [AsyncHttpClient-1-2] DEBUG org.asynchttpclient.netty.handler.HttpHandler - 

Request DefaultHttpRequest(decodeResult: success, version: HTTP/1.1)
POST /session/73ab1fd017324c185a074344afd2d1b6/timeouts HTTP/1.1
User-Agent: selenium/4.1.2 (java windows)
Content-Length: 22
Content-Type: application/json; charset=utf-8
host: localhost:63897
accept: */*

Response DefaultHttpResponse(decodeResult: success, version: HTTP/1.1)
HTTP/1.1 200 OK
Content-Type: application/json; charset=utf-8
cache-control: no-cache
content-length: 14

13:40:57.861 [AsyncHttpClient-1-2] DEBUG org.asynchttpclient.netty.channel.ChannelManager - Adding key: http://localhost:63897 for channel [id: 0xf58a2e96, L:/127.0.0.1:60815 - R:localhost/127.0.0.1:63897]
13:40:57.875 [Forwarding getCurrentUrl on session 73ab1fd017324c185a074344afd2d1b6 to remote] DEBUG org.asynchttpclient.netty.request.NettyRequestSender - Using pooled Channel '[id: 0xf58a2e96, L:/127.0.0.1:60815 - R:localhost/127.0.0.1:63897]' for 'GET' to 'http://localhost:63897/session/73ab1fd017324c185a074344afd2d1b6/url'
13:40:57.875 [Forwarding getCurrentUrl on session 73ab1fd017324c185a074344afd2d1b6 to remote] DEBUG org.asynchttpclient.netty.request.NettyRequestSender - Using open Channel [id: 0xf58a2e96, L:/127.0.0.1:60815 - R:localhost/127.0.0.1:63897] for GET '/session/73ab1fd017324c185a074344afd2d1b6/url'
13:40:57.900 [AsyncHttpClient-1-2] DEBUG org.asynchttpclient.netty.handler.HttpHandler - 

Request DefaultFullHttpRequest(decodeResult: success, version: HTTP/1.1, content: EmptyByteBufBE)
GET /session/73ab1fd017324c185a074344afd2d1b6/url HTTP/1.1
User-Agent: selenium/4.1.2 (java windows)
Cache-Control: no-cache
Content-Type: application/json; charset=utf-8
host: localhost:63897
accept: */*

Response DefaultHttpResponse(decodeResult: success, version: HTTP/1.1)
HTTP/1.1 200 OK
Content-Type: application/json; charset=utf-8
cache-control: no-cache
content-length: 42

13:40:57.901 [AsyncHttpClient-1-2] DEBUG org.asynchttpclient.netty.channel.ChannelManager - Adding key: http://localhost:63897 for channel [id: 0xf58a2e96, L:/127.0.0.1:60815 - R:localhost/127.0.0.1:63897]
  &amp#27;[32mGiven &amp#27;[0m&amp#27;[32mI am on landing page&amp#27;[0m            &amp#27;[90m# starter.stepdefinitions.ManageVaccinationBookingsSteps.iAmOnLandingPage()&amp#27;[0m
13:40:57.941 [main] DEBUG net.serenitybdd.core.photography.Darkroom - Opening darkroom
13:40:57.943 [Darkroom Processing Line] DEBUG net.serenitybdd.core.photography.DarkroomProcessingLine - Darkroom processing line starting up
13:40:57.945 [Forwarding screenshot on session 73ab1fd017324c185a074344afd2d1b6 to remote] DEBUG org.asynchttpclient.netty.request.NettyRequestSender - Using pooled Channel '[id: 0xf58a2e96, L:/127.0.0.1:60815 - R:localhost/127.0.0.1:63897]' for 'GET' to 'http://localhost:63897/session/73ab1fd017324c185a074344afd2d1b6/screenshot'
13:40:57.945 [Forwarding screenshot on session 73ab1fd017324c185a074344afd2d1b6 to remote] DEBUG org.asynchttpclient.netty.request.NettyRequestSender - Using open Channel [id: 0xf58a2e96, L:/127.0.0.1:60815 - R:localhost/127.0.0.1:63897] for GET '/session/73ab1fd017324c185a074344afd2d1b6/screenshot'
13:40:58.934 [AsyncHttpClient-1-1] DEBUG org.asynchttpclient.netty.channel.DefaultChannelPool - Entry count for : http://localhost:60816 : 1
13:40:59.024 [AsyncHttpClient-1-2] DEBUG org.asynchttpclient.netty.handler.HttpHandler - 

Request DefaultFullHttpRequest(decodeResult: success, version: HTTP/1.1, content: EmptyByteBufBE)
GET /session/73ab1fd017324c185a074344afd2d1b6/screenshot HTTP/1.1
User-Agent: selenium/4.1.2 (java windows)
Cache-Control: no-cache
Content-Type: application/json; charset=utf-8
host: localhost:63897
accept: */*

Response DefaultHttpResponse(decodeResult: success, version: HTTP/1.1)
HTTP/1.1 200 OK
Content-Type: application/json; charset=utf-8
cache-control: no-cache
content-length: 847132

13:40:59.061 [AsyncHttpClient-1-2] DEBUG org.asynchttpclient.netty.channel.ChannelManager - Adding key: http://localhost:63897 for channel [id: 0xf58a2e96, L:/127.0.0.1:60815 - R:localhost/127.0.0.1:63897]
13:40:59.240 [main] DEBUG net.serenitybdd.core.photography.Darkroom - Send negative for processing for target\site\serenity\ff3b83dd42f508d91c0c8488aed412149de34b436c7528a8caa8428592644731.png
13:40:59.243 [Darkroom Processing Line] DEBUG net.serenitybdd.core.photography.DarkroomProcessingLine - Processing screenshot image in /var/screenshots/screenshot-14760647401238183580
13:40:59.243 [Darkroom Processing Line] DEBUG net.serenitybdd.core.photography.DarkroomProcessingLine - Saving screenshot to target\site\serenity\ff3b83dd42f508d91c0c8488aed412149de34b436c7528a8caa8428592644731.png
13:40:59.274 [Forwarding findElement on session 73ab1fd017324c185a074344afd2d1b6 to remote] DEBUG org.asynchttpclient.netty.request.NettyRequestSender - Using pooled Channel '[id: 0xf58a2e96, L:/127.0.0.1:60815 - R:localhost/127.0.0.1:63897]' for 'POST' to 'http://localhost:63897/session/73ab1fd017324c185a074344afd2d1b6/element'
13:40:59.275 [Forwarding findElement on session 73ab1fd017324c185a074344afd2d1b6 to remote] DEBUG org.asynchttpclient.netty.request.NettyRequestSender - Using open Channel [id: 0xf58a2e96, L:/127.0.0.1:60815 - R:localhost/127.0.0.1:63897] for POST '/session/73ab1fd017324c185a074344afd2d1b6/element'
13:40:59.304 [AsyncHttpClient-1-2] DEBUG org.asynchttpclient.netty.handler.HttpHandler - 

Request DefaultHttpRequest(decodeResult: success, version: HTTP/1.1)
POST /session/73ab1fd017324c185a074344afd2d1b6/element HTTP/1.1
User-Agent: selenium/4.1.2 (java windows)
Content-Length: 315
Content-Type: application/json; charset=utf-8
host: localhost:63897
accept: */*

Response DefaultHttpResponse(decodeResult: success, version: HTTP/1.1)
HTTP/1.1 200 OK
Content-Type: application/json; charset=utf-8
cache-control: no-cache
content-length: 88

13:40:59.304 [AsyncHttpClient-1-2] DEBUG org.asynchttpclient.netty.channel.ChannelManager - Adding key: http://localhost:63897 for channel [id: 0xf58a2e96, L:/127.0.0.1:60815 - R:localhost/127.0.0.1:63897]
13:40:59.310 [Forwarding getElementTagName on session 73ab1fd017324c185a074344afd2d1b6 to remote] DEBUG org.asynchttpclient.netty.request.NettyRequestSender - Using pooled Channel '[id: 0xf58a2e96, L:/127.0.0.1:60815 - R:localhost/127.0.0.1:63897]' for 'GET' to 'http://localhost:63897/session/73ab1fd017324c185a074344afd2d1b6/element/e68a4029-14dc-44d9-a62b-0504af288522/name'
13:40:59.310 [Forwarding getElementTagName on session 73ab1fd017324c185a074344afd2d1b6 to remote] DEBUG org.asynchttpclient.netty.request.NettyRequestSender - Using open Channel [id: 0xf58a2e96, L:/127.0.0.1:60815 - R:localhost/127.0.0.1:63897] for GET '/session/73ab1fd017324c185a074344afd2d1b6/element/e68a4029-14dc-44d9-a62b-0504af288522/name'
13:40:59.317 [AsyncHttpClient-1-2] DEBUG org.asynchttpclient.netty.handler.HttpHandler - 

Request DefaultFullHttpRequest(decodeResult: success, version: HTTP/1.1, content: EmptyByteBufBE)
GET /session/73ab1fd017324c185a074344afd2d1b6/element/e68a4029-14dc-44d9-a62b-0504af288522/name HTTP/1.1
User-Agent: selenium/4.1.2 (java windows)
Cache-Control: no-cache
Content-Type: application/json; charset=utf-8
host: localhost:63897
accept: */*

Response DefaultHttpResponse(decodeResult: success, version: HTTP/1.1)
HTTP/1.1 200 OK
Content-Type: application/json; charset=utf-8
cache-control: no-cache
content-length: 18

13:40:59.317 [AsyncHttpClient-1-2] DEBUG org.asynchttpclient.netty.channel.ChannelManager - Adding key: http://localhost:63897 for channel [id: 0xf58a2e96, L:/127.0.0.1:60815 - R:localhost/127.0.0.1:63897]
13:40:59.320 [Forwarding getElementTagName on session 73ab1fd017324c185a074344afd2d1b6 to remote] DEBUG org.asynchttpclient.netty.request.NettyRequestSender - Using pooled Channel '[id: 0xf58a2e96, L:/127.0.0.1:60815 - R:localhost/127.0.0.1:63897]' for 'GET' to 'http://localhost:63897/session/73ab1fd017324c185a074344afd2d1b6/element/e68a4029-14dc-44d9-a62b-0504af288522/name'
13:40:59.320 [Forwarding getElementTagName on session 73ab1fd017324c185a074344afd2d1b6 to remote] DEBUG org.asynchttpclient.netty.request.NettyRequestSender - Using open Channel [id: 0xf58a2e96, L:/127.0.0.1:60815 - R:localhost/127.0.0.1:63897] for GET '/session/73ab1fd017324c185a074344afd2d1b6/element/e68a4029-14dc-44d9-a62b-0504af288522/name'
13:40:59.329 [AsyncHttpClient-1-2] DEBUG org.asynchttpclient.netty.handler.HttpHandler - 

Request DefaultFullHttpRequest(decodeResult: success, version: HTTP/1.1, content: EmptyByteBufBE)
GET /session/73ab1fd017324c185a074344afd2d1b6/element/e68a4029-14dc-44d9-a62b-0504af288522/name HTTP/1.1
User-Agent: selenium/4.1.2 (java windows)
Cache-Control: no-cache
Content-Type: application/json; charset=utf-8
host: localhost:63897
accept: */*

Response DefaultHttpResponse(decodeResult: success, version: HTTP/1.1)
HTTP/1.1 200 OK
Content-Type: application/json; charset=utf-8
cache-control: no-cache
content-length: 18

13:40:59.329 [AsyncHttpClient-1-2] DEBUG org.asynchttpclient.netty.channel.ChannelManager - Adding key: http://localhost:63897 for channel [id: 0xf58a2e96, L:/127.0.0.1:60815 - R:localhost/127.0.0.1:63897]
13:40:59.335 [Forwarding isElementEnabled on session 73ab1fd017324c185a074344afd2d1b6 to remote] DEBUG org.asynchttpclient.netty.request.NettyRequestSender - Using pooled Channel '[id: 0xf58a2e96, L:/127.0.0.1:60815 - R:localhost/127.0.0.1:63897]' for 'GET' to 'http://localhost:63897/session/73ab1fd017324c185a074344afd2d1b6/element/e68a4029-14dc-44d9-a62b-0504af288522/enabled'
13:40:59.335 [Forwarding isElementEnabled on session 73ab1fd017324c185a074344afd2d1b6 to remote] DEBUG org.asynchttpclient.netty.request.NettyRequestSender - Using open Channel [id: 0xf58a2e96, L:/127.0.0.1:60815 - R:localhost/127.0.0.1:63897] for GET '/session/73ab1fd017324c185a074344afd2d1b6/element/e68a4029-14dc-44d9-a62b-0504af288522/enabled'
13:40:59.353 [AsyncHttpClient-1-2] DEBUG org.asynchttpclient.netty.handler.HttpHandler - 

Request DefaultFullHttpRequest(decodeResult: success, version: HTTP/1.1, content: EmptyByteBufBE)
GET /session/73ab1fd017324c185a074344afd2d1b6/element/e68a4029-14dc-44d9-a62b-0504af288522/enabled HTTP/1.1
User-Agent: selenium/4.1.2 (java windows)
Cache-Control: no-cache
Content-Type: application/json; charset=utf-8
host: localhost:63897
accept: */*

Response DefaultHttpResponse(decodeResult: success, version: HTTP/1.1)
HTTP/1.1 200 OK
Content-Type: application/json; charset=utf-8
cache-control: no-cache
content-length: 14

13:40:59.353 [AsyncHttpClient-1-2] DEBUG org.asynchttpclient.netty.channel.ChannelManager - Adding key: http://localhost:63897 for channel [id: 0xf58a2e96, L:/127.0.0.1:60815 - R:localhost/127.0.0.1:63897]
13:40:59.357 [Forwarding isElementEnabled on session 73ab1fd017324c185a074344afd2d1b6 to remote] DEBUG org.asynchttpclient.netty.request.NettyRequestSender - Using pooled Channel '[id: 0xf58a2e96, L:/127.0.0.1:60815 - R:localhost/127.0.0.1:63897]' for 'GET' to 'http://localhost:63897/session/73ab1fd017324c185a074344afd2d1b6/element/e68a4029-14dc-44d9-a62b-0504af288522/enabled'
13:40:59.357 [Forwarding isElementEnabled on session 73ab1fd017324c185a074344afd2d1b6 to remote] DEBUG org.asynchttpclient.netty.request.NettyRequestSender - Using open Channel [id: 0xf58a2e96, L:/127.0.0.1:60815 - R:localhost/127.0.0.1:63897] for GET '/session/73ab1fd017324c185a074344afd2d1b6/element/e68a4029-14dc-44d9-a62b-0504af288522/enabled'
13:40:59.370 [AsyncHttpClient-1-2] DEBUG org.asynchttpclient.netty.handler.HttpHandler - 

Request DefaultFullHttpRequest(decodeResult: success, version: HTTP/1.1, content: EmptyByteBufBE)
GET /session/73ab1fd017324c185a074344afd2d1b6/element/e68a4029-14dc-44d9-a62b-0504af288522/enabled HTTP/1.1
User-Agent: selenium/4.1.2 (java windows)
Cache-Control: no-cache
Content-Type: application/json; charset=utf-8
host: localhost:63897
accept: */*

Response DefaultHttpResponse(decodeResult: success, version: HTTP/1.1)
HTTP/1.1 200 OK
Content-Type: application/json; charset=utf-8
cache-control: no-cache
content-length: 14

13:40:59.370 [AsyncHttpClient-1-2] DEBUG org.asynchttpclient.netty.channel.ChannelManager - Adding key: http://localhost:63897 for channel [id: 0xf58a2e96, L:/127.0.0.1:60815 - R:localhost/127.0.0.1:63897]
13:40:59.375 [Forwarding findElement on session 73ab1fd017324c185a074344afd2d1b6 to remote] DEBUG org.asynchttpclient.netty.request.NettyRequestSender - Using pooled Channel '[id: 0xf58a2e96, L:/127.0.0.1:60815 - R:localhost/127.0.0.1:63897]' for 'POST' to 'http://localhost:63897/session/73ab1fd017324c185a074344afd2d1b6/element'
13:40:59.375 [Forwarding findElement on session 73ab1fd017324c185a074344afd2d1b6 to remote] DEBUG org.asynchttpclient.netty.request.NettyRequestSender - Using open Channel [id: 0xf58a2e96, L:/127.0.0.1:60815 - R:localhost/127.0.0.1:63897] for POST '/session/73ab1fd017324c185a074344afd2d1b6/element'
13:40:59.387 [AsyncHttpClient-1-2] DEBUG org.asynchttpclient.netty.handler.HttpHandler - 

Request DefaultHttpRequest(decodeResult: success, version: HTTP/1.1)
POST /session/73ab1fd017324c185a074344afd2d1b6/element HTTP/1.1
User-Agent: selenium/4.1.2 (java windows)
Content-Length: 315
Content-Type: application/json; charset=utf-8
host: localhost:63897
accept: */*

Response DefaultHttpResponse(decodeResult: success, version: HTTP/1.1)
HTTP/1.1 200 OK
Content-Type: application/json; charset=utf-8
cache-control: no-cache
content-length: 88

13:40:59.388 [AsyncHttpClient-1-2] DEBUG org.asynchttpclient.netty.channel.ChannelManager - Adding key: http://localhost:63897 for channel [id: 0xf58a2e96, L:/127.0.0.1:60815 - R:localhost/127.0.0.1:63897]
13:40:59.391 [Forwarding clickElement on session 73ab1fd017324c185a074344afd2d1b6 to remote] DEBUG org.asynchttpclient.netty.request.NettyRequestSender - Using pooled Channel '[id: 0xf58a2e96, L:/127.0.0.1:60815 - R:localhost/127.0.0.1:63897]' for 'POST' to 'http://localhost:63897/session/73ab1fd017324c185a074344afd2d1b6/element/e68a4029-14dc-44d9-a62b-0504af288522/click'
13:40:59.392 [Forwarding clickElement on session 73ab1fd017324c185a074344afd2d1b6 to remote] DEBUG org.asynchttpclient.netty.request.NettyRequestSender - Using open Channel [id: 0xf58a2e96, L:/127.0.0.1:60815 - R:localhost/127.0.0.1:63897] for POST '/session/73ab1fd017324c185a074344afd2d1b6/element/e68a4029-14dc-44d9-a62b-0504af288522/click'
13:40:59.544 [AsyncHttpClient-1-2] DEBUG org.asynchttpclient.netty.handler.HttpHandler - 

Request DefaultHttpRequest(decodeResult: success, version: HTTP/1.1)
POST /session/73ab1fd017324c185a074344afd2d1b6/element/e68a4029-14dc-44d9-a62b-0504af288522/click HTTP/1.1
User-Agent: selenium/4.1.2 (java windows)
Content-Length: 50
Content-Type: application/json; charset=utf-8
host: localhost:63897
accept: */*

Response DefaultHttpResponse(decodeResult: success, version: HTTP/1.1)
HTTP/1.1 200 OK
Content-Type: application/json; charset=utf-8
cache-control: no-cache
content-length: 14

13:40:59.544 [AsyncHttpClient-1-2] DEBUG org.asynchttpclient.netty.channel.ChannelManager - Adding key: http://localhost:63897 for channel [id: 0xf58a2e96, L:/127.0.0.1:60815 - R:localhost/127.0.0.1:63897]
13:40:59.558 [Forwarding findElement on session 73ab1fd017324c185a074344afd2d1b6 to remote] DEBUG org.asynchttpclient.netty.request.NettyRequestSender - Using pooled Channel '[id: 0xf58a2e96, L:/127.0.0.1:60815 - R:localhost/127.0.0.1:63897]' for 'POST' to 'http://localhost:63897/session/73ab1fd017324c185a074344afd2d1b6/element'
13:40:59.558 [Forwarding findElement on session 73ab1fd017324c185a074344afd2d1b6 to remote] DEBUG org.asynchttpclient.netty.request.NettyRequestSender - Using open Channel [id: 0xf58a2e96, L:/127.0.0.1:60815 - R:localhost/127.0.0.1:63897] for POST '/session/73ab1fd017324c185a074344afd2d1b6/element'
13:40:59.584 [AsyncHttpClient-1-2] DEBUG org.asynchttpclient.netty.handler.HttpHandler - 

Request DefaultHttpRequest(decodeResult: success, version: HTTP/1.1)
POST /session/73ab1fd017324c185a074344afd2d1b6/element HTTP/1.1
User-Agent: selenium/4.1.2 (java windows)
Content-Length: 69
Content-Type: application/json; charset=utf-8
host: localhost:63897
accept: */*

Response DefaultHttpResponse(decodeResult: success, version: HTTP/1.1)
HTTP/1.1 200 OK
Content-Type: application/json; charset=utf-8
cache-control: no-cache
content-length: 88

13:40:59.585 [AsyncHttpClient-1-2] DEBUG org.asynchttpclient.netty.channel.ChannelManager - Adding key: http://localhost:63897 for channel [id: 0xf58a2e96, L:/127.0.0.1:60815 - R:localhost/127.0.0.1:63897]
13:40:59.587 [Forwarding clearElement on session 73ab1fd017324c185a074344afd2d1b6 to remote] DEBUG org.asynchttpclient.netty.request.NettyRequestSender - Using pooled Channel '[id: 0xf58a2e96, L:/127.0.0.1:60815 - R:localhost/127.0.0.1:63897]' for 'POST' to 'http://localhost:63897/session/73ab1fd017324c185a074344afd2d1b6/element/94855f35-82af-4f2f-bbfb-e31a707dedde/clear'
13:40:59.587 [Forwarding clearElement on session 73ab1fd017324c185a074344afd2d1b6 to remote] DEBUG org.asynchttpclient.netty.request.NettyRequestSender - Using open Channel [id: 0xf58a2e96, L:/127.0.0.1:60815 - R:localhost/127.0.0.1:63897] for POST '/session/73ab1fd017324c185a074344afd2d1b6/element/94855f35-82af-4f2f-bbfb-e31a707dedde/clear'
13:40:59.641 [AsyncHttpClient-1-2] DEBUG org.asynchttpclient.netty.handler.HttpHandler - 

Request DefaultHttpRequest(decodeResult: success, version: HTTP/1.1)
POST /session/73ab1fd017324c185a074344afd2d1b6/element/94855f35-82af-4f2f-bbfb-e31a707dedde/clear HTTP/1.1
User-Agent: selenium/4.1.2 (java windows)
Content-Length: 50
Content-Type: application/json; charset=utf-8
host: localhost:63897
accept: */*

Response DefaultHttpResponse(decodeResult: success, version: HTTP/1.1)
HTTP/1.1 200 OK
Content-Type: application/json; charset=utf-8
cache-control: no-cache
content-length: 14

13:40:59.642 [AsyncHttpClient-1-2] DEBUG org.asynchttpclient.netty.channel.ChannelManager - Adding key: http://localhost:63897 for channel [id: 0xf58a2e96, L:/127.0.0.1:60815 - R:localhost/127.0.0.1:63897]
13:40:59.650 [Forwarding sendKeysToElement on session 73ab1fd017324c185a074344afd2d1b6 to remote] DEBUG org.asynchttpclient.netty.request.NettyRequestSender - Using pooled Channel '[id: 0xf58a2e96, L:/127.0.0.1:60815 - R:localhost/127.0.0.1:63897]' for 'POST' to 'http://localhost:63897/session/73ab1fd017324c185a074344afd2d1b6/element/94855f35-82af-4f2f-bbfb-e31a707dedde/value'
13:40:59.651 [Forwarding sendKeysToElement on session 73ab1fd017324c185a074344afd2d1b6 to remote] DEBUG org.asynchttpclient.netty.request.NettyRequestSender - Using open Channel [id: 0xf58a2e96, L:/127.0.0.1:60815 - R:localhost/127.0.0.1:63897] for POST '/session/73ab1fd017324c185a074344afd2d1b6/element/94855f35-82af-4f2f-bbfb-e31a707dedde/value'
13:41:00.023 [AsyncHttpClient-1-2] DEBUG org.asynchttpclient.netty.handler.HttpHandler - 

Request DefaultHttpRequest(decodeResult: success, version: HTTP/1.1)
POST /session/73ab1fd017324c185a074344afd2d1b6/element/94855f35-82af-4f2f-bbfb-e31a707dedde/value HTTP/1.1
User-Agent: selenium/4.1.2 (java windows)
Content-Length: 411
Content-Type: application/json; charset=utf-8
host: localhost:63897
accept: */*

Response DefaultHttpResponse(decodeResult: success, version: HTTP/1.1)
HTTP/1.1 200 OK
Content-Type: application/json; charset=utf-8
cache-control: no-cache
content-length: 14

13:41:00.023 [AsyncHttpClient-1-2] DEBUG org.asynchttpclient.netty.channel.ChannelManager - Adding key: http://localhost:63897 for channel [id: 0xf58a2e96, L:/127.0.0.1:60815 - R:localhost/127.0.0.1:63897]
13:41:00.029 [AsyncHttpClient-1-1] DEBUG org.asynchttpclient.netty.channel.DefaultChannelPool - Entry count for : http://localhost:60816 : 1
13:41:00.029 [AsyncHttpClient-1-1] DEBUG org.asynchttpclient.netty.channel.DefaultChannelPool - Entry count for : http://localhost:63897 : 1
13:41:00.036 [Forwarding findElement on session 73ab1fd017324c185a074344afd2d1b6 to remote] DEBUG org.asynchttpclient.netty.request.NettyRequestSender - Using pooled Channel '[id: 0xf58a2e96, L:/127.0.0.1:60815 - R:localhost/127.0.0.1:63897]' for 'POST' to 'http://localhost:63897/session/73ab1fd017324c185a074344afd2d1b6/element'
13:41:00.036 [Forwarding findElement on session 73ab1fd017324c185a074344afd2d1b6 to remote] DEBUG org.asynchttpclient.netty.request.NettyRequestSender - Using open Channel [id: 0xf58a2e96, L:/127.0.0.1:60815 - R:localhost/127.0.0.1:63897] for POST '/session/73ab1fd017324c185a074344afd2d1b6/element'
13:41:00.058 [AsyncHttpClient-1-2] DEBUG org.asynchttpclient.netty.handler.HttpHandler - 

Request DefaultHttpRequest(decodeResult: success, version: HTTP/1.1)
POST /session/73ab1fd017324c185a074344afd2d1b6/element HTTP/1.1
User-Agent: selenium/4.1.2 (java windows)
Content-Length: 72
Content-Type: application/json; charset=utf-8
host: localhost:63897
accept: */*

Response DefaultHttpResponse(decodeResult: success, version: HTTP/1.1)
HTTP/1.1 200 OK
Content-Type: application/json; charset=utf-8
cache-control: no-cache
content-length: 88

13:41:00.059 [AsyncHttpClient-1-2] DEBUG org.asynchttpclient.netty.channel.ChannelManager - Adding key: http://localhost:63897 for channel [id: 0xf58a2e96, L:/127.0.0.1:60815 - R:localhost/127.0.0.1:63897]
13:41:00.062 [Forwarding clearElement on session 73ab1fd017324c185a074344afd2d1b6 to remote] DEBUG org.asynchttpclient.netty.request.NettyRequestSender - Using pooled Channel '[id: 0xf58a2e96, L:/127.0.0.1:60815 - R:localhost/127.0.0.1:63897]' for 'POST' to 'http://localhost:63897/session/73ab1fd017324c185a074344afd2d1b6/element/9ce4505c-eb84-4999-a30e-2fe235020a0a/clear'
13:41:00.062 [Forwarding clearElement on session 73ab1fd017324c185a074344afd2d1b6 to remote] DEBUG org.asynchttpclient.netty.request.NettyRequestSender - Using open Channel [id: 0xf58a2e96, L:/127.0.0.1:60815 - R:localhost/127.0.0.1:63897] for POST '/session/73ab1fd017324c185a074344afd2d1b6/element/9ce4505c-eb84-4999-a30e-2fe235020a0a/clear'
13:41:00.105 [AsyncHttpClient-1-2] DEBUG org.asynchttpclient.netty.handler.HttpHandler - 

Request DefaultHttpRequest(decodeResult: success, version: HTTP/1.1)
POST /session/73ab1fd017324c185a074344afd2d1b6/element/9ce4505c-eb84-4999-a30e-2fe235020a0a/clear HTTP/1.1
User-Agent: selenium/4.1.2 (java windows)
Content-Length: 50
Content-Type: application/json; charset=utf-8
host: localhost:63897
accept: */*

Response DefaultHttpResponse(decodeResult: success, version: HTTP/1.1)
HTTP/1.1 200 OK
Content-Type: application/json; charset=utf-8
cache-control: no-cache
content-length: 14

13:41:00.105 [AsyncHttpClient-1-2] DEBUG org.asynchttpclient.netty.channel.ChannelManager - Adding key: http://localhost:63897 for channel [id: 0xf58a2e96, L:/127.0.0.1:60815 - R:localhost/127.0.0.1:63897]
13:41:00.111 [Forwarding sendKeysToElement on session 73ab1fd017324c185a074344afd2d1b6 to remote] DEBUG org.asynchttpclient.netty.request.NettyRequestSender - Using pooled Channel '[id: 0xf58a2e96, L:/127.0.0.1:60815 - R:localhost/127.0.0.1:63897]' for 'POST' to 'http://localhost:63897/session/73ab1fd017324c185a074344afd2d1b6/element/9ce4505c-eb84-4999-a30e-2fe235020a0a/value'
13:41:00.112 [Forwarding sendKeysToElement on session 73ab1fd017324c185a074344afd2d1b6 to remote] DEBUG org.asynchttpclient.netty.request.NettyRequestSender - Using open Channel [id: 0xf58a2e96, L:/127.0.0.1:60815 - R:localhost/127.0.0.1:63897] for POST '/session/73ab1fd017324c185a074344afd2d1b6/element/9ce4505c-eb84-4999-a30e-2fe235020a0a/value'
13:41:00.286 [AsyncHttpClient-1-2] DEBUG org.asynchttpclient.netty.handler.HttpHandler - 

Request DefaultHttpRequest(decodeResult: success, version: HTTP/1.1)
POST /session/73ab1fd017324c185a074344afd2d1b6/element/9ce4505c-eb84-4999-a30e-2fe235020a0a/value HTTP/1.1
User-Agent: selenium/4.1.2 (java windows)
Content-Length: 241
Content-Type: application/json; charset=utf-8
host: localhost:63897
accept: */*

Response DefaultHttpResponse(decodeResult: success, version: HTTP/1.1)
HTTP/1.1 200 OK
Content-Type: application/json; charset=utf-8
cache-control: no-cache
content-length: 14

13:41:00.287 [AsyncHttpClient-1-2] DEBUG org.asynchttpclient.netty.channel.ChannelManager - Adding key: http://localhost:63897 for channel [id: 0xf58a2e96, L:/127.0.0.1:60815 - R:localhost/127.0.0.1:63897]
13:41:00.297 [Forwarding findElement on session 73ab1fd017324c185a074344afd2d1b6 to remote] DEBUG org.asynchttpclient.netty.request.NettyRequestSender - Using pooled Channel '[id: 0xf58a2e96, L:/127.0.0.1:60815 - R:localhost/127.0.0.1:63897]' for 'POST' to 'http://localhost:63897/session/73ab1fd017324c185a074344afd2d1b6/element'
13:41:00.297 [Forwarding findElement on session 73ab1fd017324c185a074344afd2d1b6 to remote] DEBUG org.asynchttpclient.netty.request.NettyRequestSender - Using open Channel [id: 0xf58a2e96, L:/127.0.0.1:60815 - R:localhost/127.0.0.1:63897] for POST '/session/73ab1fd017324c185a074344afd2d1b6/element'
13:41:00.314 [AsyncHttpClient-1-2] DEBUG org.asynchttpclient.netty.handler.HttpHandler - 

Request DefaultHttpRequest(decodeResult: success, version: HTTP/1.1)
POST /session/73ab1fd017324c185a074344afd2d1b6/element HTTP/1.1
User-Agent: selenium/4.1.2 (java windows)
Content-Length: 321
Content-Type: application/json; charset=utf-8
host: localhost:63897
accept: */*

Response DefaultHttpResponse(decodeResult: success, version: HTTP/1.1)
HTTP/1.1 200 OK
Content-Type: application/json; charset=utf-8
cache-control: no-cache
content-length: 88

13:41:00.315 [AsyncHttpClient-1-2] DEBUG org.asynchttpclient.netty.channel.ChannelManager - Adding key: http://localhost:63897 for channel [id: 0xf58a2e96, L:/127.0.0.1:60815 - R:localhost/127.0.0.1:63897]
13:41:00.317 [Forwarding getElementTagName on session 73ab1fd017324c185a074344afd2d1b6 to remote] DEBUG org.asynchttpclient.netty.request.NettyRequestSender - Using pooled Channel '[id: 0xf58a2e96, L:/127.0.0.1:60815 - R:localhost/127.0.0.1:63897]' for 'GET' to 'http://localhost:63897/session/73ab1fd017324c185a074344afd2d1b6/element/65383575-f3e6-4e60-b2c3-3b6d84d6c73f/name'
13:41:00.317 [Forwarding getElementTagName on session 73ab1fd017324c185a074344afd2d1b6 to remote] DEBUG org.asynchttpclient.netty.request.NettyRequestSender - Using open Channel [id: 0xf58a2e96, L:/127.0.0.1:60815 - R:localhost/127.0.0.1:63897] for GET '/session/73ab1fd017324c185a074344afd2d1b6/element/65383575-f3e6-4e60-b2c3-3b6d84d6c73f/name'
13:41:00.325 [AsyncHttpClient-1-2] DEBUG org.asynchttpclient.netty.handler.HttpHandler - 

Request DefaultFullHttpRequest(decodeResult: success, version: HTTP/1.1, content: EmptyByteBufBE)
GET /session/73ab1fd017324c185a074344afd2d1b6/element/65383575-f3e6-4e60-b2c3-3b6d84d6c73f/name HTTP/1.1
User-Agent: selenium/4.1.2 (java windows)
Cache-Control: no-cache
Content-Type: application/json; charset=utf-8
host: localhost:63897
accept: */*

Response DefaultHttpResponse(decodeResult: success, version: HTTP/1.1)
HTTP/1.1 200 OK
Content-Type: application/json; charset=utf-8
cache-control: no-cache
content-length: 18

13:41:00.326 [AsyncHttpClient-1-2] DEBUG org.asynchttpclient.netty.channel.ChannelManager - Adding key: http://localhost:63897 for channel [id: 0xf58a2e96, L:/127.0.0.1:60815 - R:localhost/127.0.0.1:63897]
13:41:00.329 [Forwarding getElementTagName on session 73ab1fd017324c185a074344afd2d1b6 to remote] DEBUG org.asynchttpclient.netty.request.NettyRequestSender - Using pooled Channel '[id: 0xf58a2e96, L:/127.0.0.1:60815 - R:localhost/127.0.0.1:63897]' for 'GET' to 'http://localhost:63897/session/73ab1fd017324c185a074344afd2d1b6/element/65383575-f3e6-4e60-b2c3-3b6d84d6c73f/name'
13:41:00.329 [Forwarding getElementTagName on session 73ab1fd017324c185a074344afd2d1b6 to remote] DEBUG org.asynchttpclient.netty.request.NettyRequestSender - Using open Channel [id: 0xf58a2e96, L:/127.0.0.1:60815 - R:localhost/127.0.0.1:63897] for GET '/session/73ab1fd017324c185a074344afd2d1b6/element/65383575-f3e6-4e60-b2c3-3b6d84d6c73f/name'
13:41:00.337 [AsyncHttpClient-1-2] DEBUG org.asynchttpclient.netty.handler.HttpHandler - 

Request DefaultFullHttpRequest(decodeResult: success, version: HTTP/1.1, content: EmptyByteBufBE)
GET /session/73ab1fd017324c185a074344afd2d1b6/element/65383575-f3e6-4e60-b2c3-3b6d84d6c73f/name HTTP/1.1
User-Agent: selenium/4.1.2 (java windows)
Cache-Control: no-cache
Content-Type: application/json; charset=utf-8
host: localhost:63897
accept: */*

Response DefaultHttpResponse(decodeResult: success, version: HTTP/1.1)
HTTP/1.1 200 OK
Content-Type: application/json; charset=utf-8
cache-control: no-cache
content-length: 18

13:41:00.337 [AsyncHttpClient-1-2] DEBUG org.asynchttpclient.netty.channel.ChannelManager - Adding key: http://localhost:63897 for channel [id: 0xf58a2e96, L:/127.0.0.1:60815 - R:localhost/127.0.0.1:63897]
13:41:00.344 [Forwarding isElementEnabled on session 73ab1fd017324c185a074344afd2d1b6 to remote] DEBUG org.asynchttpclient.netty.request.NettyRequestSender - Using pooled Channel '[id: 0xf58a2e96, L:/127.0.0.1:60815 - R:localhost/127.0.0.1:63897]' for 'GET' to 'http://localhost:63897/session/73ab1fd017324c185a074344afd2d1b6/element/65383575-f3e6-4e60-b2c3-3b6d84d6c73f/enabled'
13:41:00.344 [Forwarding isElementEnabled on session 73ab1fd017324c185a074344afd2d1b6 to remote] DEBUG org.asynchttpclient.netty.request.NettyRequestSender - Using open Channel [id: 0xf58a2e96, L:/127.0.0.1:60815 - R:localhost/127.0.0.1:63897] for GET '/session/73ab1fd017324c185a074344afd2d1b6/element/65383575-f3e6-4e60-b2c3-3b6d84d6c73f/enabled'
13:41:00.358 [AsyncHttpClient-1-2] DEBUG org.asynchttpclient.netty.handler.HttpHandler - 

Request DefaultFullHttpRequest(decodeResult: success, version: HTTP/1.1, content: EmptyByteBufBE)
GET /session/73ab1fd017324c185a074344afd2d1b6/element/65383575-f3e6-4e60-b2c3-3b6d84d6c73f/enabled HTTP/1.1
User-Agent: selenium/4.1.2 (java windows)
Cache-Control: no-cache
Content-Type: application/json; charset=utf-8
host: localhost:63897
accept: */*

Response DefaultHttpResponse(decodeResult: success, version: HTTP/1.1)
HTTP/1.1 200 OK
Content-Type: application/json; charset=utf-8
cache-control: no-cache
content-length: 14

13:41:00.359 [AsyncHttpClient-1-2] DEBUG org.asynchttpclient.netty.channel.ChannelManager - Adding key: http://localhost:63897 for channel [id: 0xf58a2e96, L:/127.0.0.1:60815 - R:localhost/127.0.0.1:63897]
13:41:00.362 [Forwarding isElementEnabled on session 73ab1fd017324c185a074344afd2d1b6 to remote] DEBUG org.asynchttpclient.netty.request.NettyRequestSender - Using pooled Channel '[id: 0xf58a2e96, L:/127.0.0.1:60815 - R:localhost/127.0.0.1:63897]' for 'GET' to 'http://localhost:63897/session/73ab1fd017324c185a074344afd2d1b6/element/65383575-f3e6-4e60-b2c3-3b6d84d6c73f/enabled'
13:41:00.363 [Forwarding isElementEnabled on session 73ab1fd017324c185a074344afd2d1b6 to remote] DEBUG org.asynchttpclient.netty.request.NettyRequestSender - Using open Channel [id: 0xf58a2e96, L:/127.0.0.1:60815 - R:localhost/127.0.0.1:63897] for GET '/session/73ab1fd017324c185a074344afd2d1b6/element/65383575-f3e6-4e60-b2c3-3b6d84d6c73f/enabled'
13:41:00.374 [AsyncHttpClient-1-2] DEBUG org.asynchttpclient.netty.handler.HttpHandler - 

Request DefaultFullHttpRequest(decodeResult: success, version: HTTP/1.1, content: EmptyByteBufBE)
GET /session/73ab1fd017324c185a074344afd2d1b6/element/65383575-f3e6-4e60-b2c3-3b6d84d6c73f/enabled HTTP/1.1
User-Agent: selenium/4.1.2 (java windows)
Cache-Control: no-cache
Content-Type: application/json; charset=utf-8
host: localhost:63897
accept: */*

Response DefaultHttpResponse(decodeResult: success, version: HTTP/1.1)
HTTP/1.1 200 OK
Content-Type: application/json; charset=utf-8
cache-control: no-cache
content-length: 14

13:41:00.375 [AsyncHttpClient-1-2] DEBUG org.asynchttpclient.netty.channel.ChannelManager - Adding key: http://localhost:63897 for channel [id: 0xf58a2e96, L:/127.0.0.1:60815 - R:localhost/127.0.0.1:63897]
13:41:00.383 [Forwarding findElement on session 73ab1fd017324c185a074344afd2d1b6 to remote] DEBUG org.asynchttpclient.netty.request.NettyRequestSender - Using pooled Channel '[id: 0xf58a2e96, L:/127.0.0.1:60815 - R:localhost/127.0.0.1:63897]' for 'POST' to 'http://localhost:63897/session/73ab1fd017324c185a074344afd2d1b6/element'
13:41:00.383 [Forwarding findElement on session 73ab1fd017324c185a074344afd2d1b6 to remote] DEBUG org.asynchttpclient.netty.request.NettyRequestSender - Using open Channel [id: 0xf58a2e96, L:/127.0.0.1:60815 - R:localhost/127.0.0.1:63897] for POST '/session/73ab1fd017324c185a074344afd2d1b6/element'
13:41:00.397 [AsyncHttpClient-1-2] DEBUG org.asynchttpclient.netty.handler.HttpHandler - 

Request DefaultHttpRequest(decodeResult: success, version: HTTP/1.1)
POST /session/73ab1fd017324c185a074344afd2d1b6/element HTTP/1.1
User-Agent: selenium/4.1.2 (java windows)
Content-Length: 321
Content-Type: application/json; charset=utf-8
host: localhost:63897
accept: */*

Response DefaultHttpResponse(decodeResult: success, version: HTTP/1.1)
HTTP/1.1 200 OK
Content-Type: application/json; charset=utf-8
cache-control: no-cache
content-length: 88

13:41:00.397 [AsyncHttpClient-1-2] DEBUG org.asynchttpclient.netty.channel.ChannelManager - Adding key: http://localhost:63897 for channel [id: 0xf58a2e96, L:/127.0.0.1:60815 - R:localhost/127.0.0.1:63897]
13:41:00.399 [Forwarding clickElement on session 73ab1fd017324c185a074344afd2d1b6 to remote] DEBUG org.asynchttpclient.netty.request.NettyRequestSender - Using pooled Channel '[id: 0xf58a2e96, L:/127.0.0.1:60815 - R:localhost/127.0.0.1:63897]' for 'POST' to 'http://localhost:63897/session/73ab1fd017324c185a074344afd2d1b6/element/65383575-f3e6-4e60-b2c3-3b6d84d6c73f/click'
13:41:00.399 [Forwarding clickElement on session 73ab1fd017324c185a074344afd2d1b6 to remote] DEBUG org.asynchttpclient.netty.request.NettyRequestSender - Using open Channel [id: 0xf58a2e96, L:/127.0.0.1:60815 - R:localhost/127.0.0.1:63897] for POST '/session/73ab1fd017324c185a074344afd2d1b6/element/65383575-f3e6-4e60-b2c3-3b6d84d6c73f/click'
13:41:00.468 [AsyncHttpClient-1-2] DEBUG org.asynchttpclient.netty.handler.HttpHandler - 

Request DefaultHttpRequest(decodeResult: success, version: HTTP/1.1)
POST /session/73ab1fd017324c185a074344afd2d1b6/element/65383575-f3e6-4e60-b2c3-3b6d84d6c73f/click HTTP/1.1
User-Agent: selenium/4.1.2 (java windows)
Content-Length: 50
Content-Type: application/json; charset=utf-8
host: localhost:63897
accept: */*

Response DefaultHttpResponse(decodeResult: success, version: HTTP/1.1)
HTTP/1.1 200 OK
Content-Type: application/json; charset=utf-8
cache-control: no-cache
content-length: 14

13:41:00.468 [AsyncHttpClient-1-2] DEBUG org.asynchttpclient.netty.channel.ChannelManager - Adding key: http://localhost:63897 for channel [id: 0xf58a2e96, L:/127.0.0.1:60815 - R:localhost/127.0.0.1:63897]
  &amp#27;[32mAnd &amp#27;[0m&amp#27;[32mI have logged in&amp#27;[0m                  &amp#27;[90m# starter.stepdefinitions.ManageVaccinationBookingsSteps.iHaveLoggedIn()&amp#27;[0m
13:41:00.482 [Forwarding screenshot on session 73ab1fd017324c185a074344afd2d1b6 to remote] DEBUG org.asynchttpclient.netty.request.NettyRequestSender - Using pooled Channel '[id: 0xf58a2e96, L:/127.0.0.1:60815 - R:localhost/127.0.0.1:63897]' for 'GET' to 'http://localhost:63897/session/73ab1fd017324c185a074344afd2d1b6/screenshot'
13:41:00.482 [Forwarding screenshot on session 73ab1fd017324c185a074344afd2d1b6 to remote] DEBUG org.asynchttpclient.netty.request.NettyRequestSender - Using open Channel [id: 0xf58a2e96, L:/127.0.0.1:60815 - R:localhost/127.0.0.1:63897] for GET '/session/73ab1fd017324c185a074344afd2d1b6/screenshot'
13:41:00.802 [AsyncHttpClient-1-2] DEBUG org.asynchttpclient.netty.handler.HttpHandler - 

Request DefaultFullHttpRequest(decodeResult: success, version: HTTP/1.1, content: EmptyByteBufBE)
GET /session/73ab1fd017324c185a074344afd2d1b6/screenshot HTTP/1.1
User-Agent: selenium/4.1.2 (java windows)
Cache-Control: no-cache
Content-Type: application/json; charset=utf-8
host: localhost:63897
accept: */*

Response DefaultHttpResponse(decodeResult: success, version: HTTP/1.1)
HTTP/1.1 200 OK
Content-Type: application/json; charset=utf-8
cache-control: no-cache
content-length: 115944

13:41:00.804 [AsyncHttpClient-1-2] DEBUG org.asynchttpclient.netty.channel.ChannelManager - Adding key: http://localhost:63897 for channel [id: 0xf58a2e96, L:/127.0.0.1:60815 - R:localhost/127.0.0.1:63897]
13:41:00.815 [main] DEBUG net.serenitybdd.core.photography.Darkroom - Send negative for processing for target\site\serenity\9332cdc9cb498447caff1e41ed28d36ff1a59b69c8c50fd91f399e85bb7ec8cf.png
13:41:00.815 [Darkroom Processing Line] DEBUG net.serenitybdd.core.photography.DarkroomProcessingLine - Processing screenshot image in /var/screenshots/screenshot-15117940559647509503
13:41:00.815 [Darkroom Processing Line] DEBUG net.serenitybdd.core.photography.DarkroomProcessingLine - Saving screenshot to target\site\serenity\9332cdc9cb498447caff1e41ed28d36ff1a59b69c8c50fd91f399e85bb7ec8cf.png
13:41:00.827 [Forwarding findElement on session 73ab1fd017324c185a074344afd2d1b6 to remote] DEBUG org.asynchttpclient.netty.request.NettyRequestSender - Using pooled Channel '[id: 0xf58a2e96, L:/127.0.0.1:60815 - R:localhost/127.0.0.1:63897]' for 'POST' to 'http://localhost:63897/session/73ab1fd017324c185a074344afd2d1b6/element'
13:41:00.827 [Forwarding findElement on session 73ab1fd017324c185a074344afd2d1b6 to remote] DEBUG org.asynchttpclient.netty.request.NettyRequestSender - Using open Channel [id: 0xf58a2e96, L:/127.0.0.1:60815 - R:localhost/127.0.0.1:63897] for POST '/session/73ab1fd017324c185a074344afd2d1b6/element'
13:41:01.130 [AsyncHttpClient-1-1] DEBUG org.asynchttpclient.netty.channel.DefaultChannelPool - Entry count for : http://localhost:60816 : 1
13:41:01.813 [AsyncHttpClient-1-2] DEBUG org.asynchttpclient.netty.handler.HttpHandler - 

Request DefaultHttpRequest(decodeResult: success, version: HTTP/1.1)
POST /session/73ab1fd017324c185a074344afd2d1b6/element HTTP/1.1
User-Agent: selenium/4.1.2 (java windows)
Content-Length: 80
Content-Type: application/json; charset=utf-8
host: localhost:63897
accept: */*

Response DefaultHttpResponse(decodeResult: success, version: HTTP/1.1)
HTTP/1.1 200 OK
Content-Type: application/json; charset=utf-8
cache-control: no-cache
content-length: 88

13:41:01.814 [AsyncHttpClient-1-2] DEBUG org.asynchttpclient.netty.channel.ChannelManager - Adding key: http://localhost:63897 for channel [id: 0xf58a2e96, L:/127.0.0.1:60815 - R:localhost/127.0.0.1:63897]
13:41:01.817 [Forwarding getElementTagName on session 73ab1fd017324c185a074344afd2d1b6 to remote] DEBUG org.asynchttpclient.netty.request.NettyRequestSender - Using pooled Channel '[id: 0xf58a2e96, L:/127.0.0.1:60815 - R:localhost/127.0.0.1:63897]' for 'GET' to 'http://localhost:63897/session/73ab1fd017324c185a074344afd2d1b6/element/69c68038-3a4c-4542-bc6c-b9f19700b634/name'
13:41:01.817 [Forwarding getElementTagName on session 73ab1fd017324c185a074344afd2d1b6 to remote] DEBUG org.asynchttpclient.netty.request.NettyRequestSender - Using open Channel [id: 0xf58a2e96, L:/127.0.0.1:60815 - R:localhost/127.0.0.1:63897] for GET '/session/73ab1fd017324c185a074344afd2d1b6/element/69c68038-3a4c-4542-bc6c-b9f19700b634/name'
13:41:01.847 [AsyncHttpClient-1-2] DEBUG org.asynchttpclient.netty.handler.HttpHandler - 

Request DefaultFullHttpRequest(decodeResult: success, version: HTTP/1.1, content: EmptyByteBufBE)
GET /session/73ab1fd017324c185a074344afd2d1b6/element/69c68038-3a4c-4542-bc6c-b9f19700b634/name HTTP/1.1
User-Agent: selenium/4.1.2 (java windows)
Cache-Control: no-cache
Content-Type: application/json; charset=utf-8
host: localhost:63897
accept: */*

Response DefaultHttpResponse(decodeResult: success, version: HTTP/1.1)
HTTP/1.1 200 OK
Content-Type: application/json; charset=utf-8
cache-control: no-cache
content-length: 13

13:41:01.847 [AsyncHttpClient-1-2] DEBUG org.asynchttpclient.netty.channel.ChannelManager - Adding key: http://localhost:63897 for channel [id: 0xf58a2e96, L:/127.0.0.1:60815 - R:localhost/127.0.0.1:63897]
13:41:01.849 [Forwarding getElementTagName on session 73ab1fd017324c185a074344afd2d1b6 to remote] DEBUG org.asynchttpclient.netty.request.NettyRequestSender - Using pooled Channel '[id: 0xf58a2e96, L:/127.0.0.1:60815 - R:localhost/127.0.0.1:63897]' for 'GET' to 'http://localhost:63897/session/73ab1fd017324c185a074344afd2d1b6/element/69c68038-3a4c-4542-bc6c-b9f19700b634/name'
13:41:01.849 [Forwarding getElementTagName on session 73ab1fd017324c185a074344afd2d1b6 to remote] DEBUG org.asynchttpclient.netty.request.NettyRequestSender - Using open Channel [id: 0xf58a2e96, L:/127.0.0.1:60815 - R:localhost/127.0.0.1:63897] for GET '/session/73ab1fd017324c185a074344afd2d1b6/element/69c68038-3a4c-4542-bc6c-b9f19700b634/name'
13:41:01.855 [AsyncHttpClient-1-2] DEBUG org.asynchttpclient.netty.handler.HttpHandler - 

Request DefaultFullHttpRequest(decodeResult: success, version: HTTP/1.1, content: EmptyByteBufBE)
GET /session/73ab1fd017324c185a074344afd2d1b6/element/69c68038-3a4c-4542-bc6c-b9f19700b634/name HTTP/1.1
User-Agent: selenium/4.1.2 (java windows)
Cache-Control: no-cache
Content-Type: application/json; charset=utf-8
host: localhost:63897
accept: */*

Response DefaultHttpResponse(decodeResult: success, version: HTTP/1.1)
HTTP/1.1 200 OK
Content-Type: application/json; charset=utf-8
cache-control: no-cache
content-length: 13

13:41:01.856 [AsyncHttpClient-1-2] DEBUG org.asynchttpclient.netty.channel.ChannelManager - Adding key: http://localhost:63897 for channel [id: 0xf58a2e96, L:/127.0.0.1:60815 - R:localhost/127.0.0.1:63897]
13:41:01.861 [Forwarding findElement on session 73ab1fd017324c185a074344afd2d1b6 to remote] DEBUG org.asynchttpclient.netty.request.NettyRequestSender - Using pooled Channel '[id: 0xf58a2e96, L:/127.0.0.1:60815 - R:localhost/127.0.0.1:63897]' for 'POST' to 'http://localhost:63897/session/73ab1fd017324c185a074344afd2d1b6/element'
13:41:01.861 [Forwarding findElement on session 73ab1fd017324c185a074344afd2d1b6 to remote] DEBUG org.asynchttpclient.netty.request.NettyRequestSender - Using open Channel [id: 0xf58a2e96, L:/127.0.0.1:60815 - R:localhost/127.0.0.1:63897] for POST '/session/73ab1fd017324c185a074344afd2d1b6/element'
13:41:01.872 [AsyncHttpClient-1-2] DEBUG org.asynchttpclient.netty.handler.HttpHandler - 

Request DefaultHttpRequest(decodeResult: success, version: HTTP/1.1)
POST /session/73ab1fd017324c185a074344afd2d1b6/element HTTP/1.1
User-Agent: selenium/4.1.2 (java windows)
Content-Length: 80
Content-Type: application/json; charset=utf-8
host: localhost:63897
accept: */*

Response DefaultHttpResponse(decodeResult: success, version: HTTP/1.1)
HTTP/1.1 200 OK
Content-Type: application/json; charset=utf-8
cache-control: no-cache
content-length: 88

13:41:01.873 [AsyncHttpClient-1-2] DEBUG org.asynchttpclient.netty.channel.ChannelManager - Adding key: http://localhost:63897 for channel [id: 0xf58a2e96, L:/127.0.0.1:60815 - R:localhost/127.0.0.1:63897]
13:41:01.878 [Forwarding clickElement on session 73ab1fd017324c185a074344afd2d1b6 to remote] DEBUG org.asynchttpclient.netty.request.NettyRequestSender - Using pooled Channel '[id: 0xf58a2e96, L:/127.0.0.1:60815 - R:localhost/127.0.0.1:63897]' for 'POST' to 'http://localhost:63897/session/73ab1fd017324c185a074344afd2d1b6/element/69c68038-3a4c-4542-bc6c-b9f19700b634/click'
13:41:01.878 [Forwarding clickElement on session 73ab1fd017324c185a074344afd2d1b6 to remote] DEBUG org.asynchttpclient.netty.request.NettyRequestSender - Using open Channel [id: 0xf58a2e96, L:/127.0.0.1:60815 - R:localhost/127.0.0.1:63897] for POST '/session/73ab1fd017324c185a074344afd2d1b6/element/69c68038-3a4c-4542-bc6c-b9f19700b634/click'
13:41:02.106 [AsyncHttpClient-1-2] DEBUG org.asynchttpclient.netty.handler.HttpHandler - 

Request DefaultHttpRequest(decodeResult: success, version: HTTP/1.1)
POST /session/73ab1fd017324c185a074344afd2d1b6/element/69c68038-3a4c-4542-bc6c-b9f19700b634/click HTTP/1.1
User-Agent: selenium/4.1.2 (java windows)
Content-Length: 50
Content-Type: application/json; charset=utf-8
host: localhost:63897
accept: */*

Response DefaultHttpResponse(decodeResult: success, version: HTTP/1.1)
HTTP/1.1 200 OK
Content-Type: application/json; charset=utf-8
cache-control: no-cache
content-length: 14

13:41:02.106 [AsyncHttpClient-1-2] DEBUG org.asynchttpclient.netty.channel.ChannelManager - Adding key: http://localhost:63897 for channel [id: 0xf58a2e96, L:/127.0.0.1:60815 - R:localhost/127.0.0.1:63897]
  &amp#27;[32mWhen &amp#27;[0m&amp#27;[32mI go to Book Vaksinasi page&amp#27;[0m      &amp#27;[90m# starter.stepdefinitions.ManageVaccinationBookingsSteps.iGoToBookVaksinasiPage()&amp#27;[0m
13:41:02.123 [Forwarding screenshot on session 73ab1fd017324c185a074344afd2d1b6 to remote] DEBUG org.asynchttpclient.netty.request.NettyRequestSender - Using pooled Channel '[id: 0xf58a2e96, L:/127.0.0.1:60815 - R:localhost/127.0.0.1:63897]' for 'GET' to 'http://localhost:63897/session/73ab1fd017324c185a074344afd2d1b6/screenshot'
13:41:02.124 [Forwarding screenshot on session 73ab1fd017324c185a074344afd2d1b6 to remote] DEBUG org.asynchttpclient.netty.request.NettyRequestSender - Using open Channel [id: 0xf58a2e96, L:/127.0.0.1:60815 - R:localhost/127.0.0.1:63897] for GET '/session/73ab1fd017324c185a074344afd2d1b6/screenshot'
13:41:02.230 [AsyncHttpClient-1-1] DEBUG org.asynchttpclient.netty.channel.DefaultChannelPool - Entry count for : http://localhost:60816 : 1
13:41:02.483 [AsyncHttpClient-1-2] DEBUG org.asynchttpclient.netty.handler.HttpHandler - 

Request DefaultFullHttpRequest(decodeResult: success, version: HTTP/1.1, content: EmptyByteBufBE)
GET /session/73ab1fd017324c185a074344afd2d1b6/screenshot HTTP/1.1
User-Agent: selenium/4.1.2 (java windows)
Cache-Control: no-cache
Content-Type: application/json; charset=utf-8
host: localhost:63897
accept: */*

Response DefaultHttpResponse(decodeResult: success, version: HTTP/1.1)
HTTP/1.1 200 OK
Content-Type: application/json; charset=utf-8
cache-control: no-cache
content-length: 101528

13:41:02.484 [AsyncHttpClient-1-2] DEBUG org.asynchttpclient.netty.channel.ChannelManager - Adding key: http://localhost:63897 for channel [id: 0xf58a2e96, L:/127.0.0.1:60815 - R:localhost/127.0.0.1:63897]
13:41:02.489 [main] DEBUG net.serenitybdd.core.photography.Darkroom - Send negative for processing for target\site\serenity\1ca31956ee4681a1ca933dde47d9e218b4fd9f8b4fbb8688fe12c43d161eba67.png
13:41:02.490 [Darkroom Processing Line] DEBUG net.serenitybdd.core.photography.DarkroomProcessingLine - Processing screenshot image in /var/screenshots/screenshot-16132819027953457350
13:41:02.490 [Darkroom Processing Line] DEBUG net.serenitybdd.core.photography.DarkroomProcessingLine - Saving screenshot to target\site\serenity\1ca31956ee4681a1ca933dde47d9e218b4fd9f8b4fbb8688fe12c43d161eba67.png
13:41:02.511 [Forwarding findElement on session 73ab1fd017324c185a074344afd2d1b6 to remote] DEBUG org.asynchttpclient.netty.request.NettyRequestSender - Using pooled Channel '[id: 0xf58a2e96, L:/127.0.0.1:60815 - R:localhost/127.0.0.1:63897]' for 'POST' to 'http://localhost:63897/session/73ab1fd017324c185a074344afd2d1b6/element'
13:41:02.511 [Forwarding findElement on session 73ab1fd017324c185a074344afd2d1b6 to remote] DEBUG org.asynchttpclient.netty.request.NettyRequestSender - Using open Channel [id: 0xf58a2e96, L:/127.0.0.1:60815 - R:localhost/127.0.0.1:63897] for POST '/session/73ab1fd017324c185a074344afd2d1b6/element'
13:41:03.331 [AsyncHttpClient-1-1] DEBUG org.asynchttpclient.netty.channel.DefaultChannelPool - Entry count for : http://localhost:60816 : 1
13:41:04.431 [AsyncHttpClient-1-1] DEBUG org.asynchttpclient.netty.channel.DefaultChannelPool - Entry count for : http://localhost:60816 : 1
13:41:04.518 [AsyncHttpClient-1-2] DEBUG org.asynchttpclient.netty.handler.HttpHandler - 

Request DefaultHttpRequest(decodeResult: success, version: HTTP/1.1)
POST /session/73ab1fd017324c185a074344afd2d1b6/element HTTP/1.1
User-Agent: selenium/4.1.2 (java windows)
Content-Length: 117
Content-Type: application/json; charset=utf-8
host: localhost:63897
accept: */*

Response DefaultHttpResponse(decodeResult: success, version: HTTP/1.1)
HTTP/1.1 404 Not Found
Content-Type: application/json; charset=utf-8
cache-control: no-cache
content-length: 985

13:41:04.518 [AsyncHttpClient-1-2] DEBUG org.asynchttpclient.netty.channel.ChannelManager - Adding key: http://localhost:63897 for channel [id: 0xf58a2e96, L:/127.0.0.1:60815 - R:localhost/127.0.0.1:63897]
13:41:04.663 [Forwarding findElement on session 73ab1fd017324c185a074344afd2d1b6 to remote] DEBUG org.asynchttpclient.netty.request.NettyRequestSender - Using pooled Channel '[id: 0xf58a2e96, L:/127.0.0.1:60815 - R:localhost/127.0.0.1:63897]' for 'POST' to 'http://localhost:63897/session/73ab1fd017324c185a074344afd2d1b6/element'
13:41:04.663 [Forwarding findElement on session 73ab1fd017324c185a074344afd2d1b6 to remote] DEBUG org.asynchttpclient.netty.request.NettyRequestSender - Using open Channel [id: 0xf58a2e96, L:/127.0.0.1:60815 - R:localhost/127.0.0.1:63897] for POST '/session/73ab1fd017324c185a074344afd2d1b6/element'
13:41:05.529 [AsyncHttpClient-1-1] DEBUG org.asynchttpclient.netty.channel.DefaultChannelPool - Entry count for : http://localhost:60816 : 1
13:41:06.630 [AsyncHttpClient-1-1] DEBUG org.asynchttpclient.netty.channel.DefaultChannelPool - Entry count for : http://localhost:60816 : 1
13:41:06.706 [AsyncHttpClient-1-2] DEBUG org.asynchttpclient.netty.handler.HttpHandler - 

Request DefaultHttpRequest(decodeResult: success, version: HTTP/1.1)
POST /session/73ab1fd017324c185a074344afd2d1b6/element HTTP/1.1
User-Agent: selenium/4.1.2 (java windows)
Content-Length: 117
Content-Type: application/json; charset=utf-8
host: localhost:63897
accept: */*

Response DefaultHttpResponse(decodeResult: success, version: HTTP/1.1)
HTTP/1.1 404 Not Found
Content-Type: application/json; charset=utf-8
cache-control: no-cache
content-length: 985

13:41:06.706 [AsyncHttpClient-1-2] DEBUG org.asynchttpclient.netty.channel.ChannelManager - Adding key: http://localhost:63897 for channel [id: 0xf58a2e96, L:/127.0.0.1:60815 - R:localhost/127.0.0.1:63897]
13:41:06.827 [Forwarding findElement on session 73ab1fd017324c185a074344afd2d1b6 to remote] DEBUG org.asynchttpclient.netty.request.NettyRequestSender - Using pooled Channel '[id: 0xf58a2e96, L:/127.0.0.1:60815 - R:localhost/127.0.0.1:63897]' for 'POST' to 'http://localhost:63897/session/73ab1fd017324c185a074344afd2d1b6/element'
13:41:06.827 [Forwarding findElement on session 73ab1fd017324c185a074344afd2d1b6 to remote] DEBUG org.asynchttpclient.netty.request.NettyRequestSender - Using open Channel [id: 0xf58a2e96, L:/127.0.0.1:60815 - R:localhost/127.0.0.1:63897] for POST '/session/73ab1fd017324c185a074344afd2d1b6/element'
13:41:07.734 [AsyncHttpClient-1-1] DEBUG org.asynchttpclient.netty.channel.DefaultChannelPool - Entry count for : http://localhost:60816 : 1
13:41:08.831 [AsyncHttpClient-1-1] DEBUG org.asynchttpclient.netty.channel.DefaultChannelPool - Entry count for : http://localhost:60816 : 1
13:41:08.883 [AsyncHttpClient-1-2] DEBUG org.asynchttpclient.netty.handler.HttpHandler - 

Request DefaultHttpRequest(decodeResult: success, version: HTTP/1.1)
POST /session/73ab1fd017324c185a074344afd2d1b6/element HTTP/1.1
User-Agent: selenium/4.1.2 (java windows)
Content-Length: 117
Content-Type: application/json; charset=utf-8
host: localhost:63897
accept: */*

Response DefaultHttpResponse(decodeResult: success, version: HTTP/1.1)
HTTP/1.1 404 Not Found
Content-Type: application/json; charset=utf-8
cache-control: no-cache
content-length: 985

13:41:08.884 [AsyncHttpClient-1-2] DEBUG org.asynchttpclient.netty.channel.ChannelManager - Adding key: http://localhost:63897 for channel [id: 0xf58a2e96, L:/127.0.0.1:60815 - R:localhost/127.0.0.1:63897]
13:41:08.909 [Forwarding screenshot on session 73ab1fd017324c185a074344afd2d1b6 to remote] DEBUG org.asynchttpclient.netty.request.NettyRequestSender - Using pooled Channel '[id: 0xf58a2e96, L:/127.0.0.1:60815 - R:localhost/127.0.0.1:63897]' for 'GET' to 'http://localhost:63897/session/73ab1fd017324c185a074344afd2d1b6/screenshot'
13:41:08.909 [Forwarding screenshot on session 73ab1fd017324c185a074344afd2d1b6 to remote] DEBUG org.asynchttpclient.netty.request.NettyRequestSender - Using open Channel [id: 0xf58a2e96, L:/127.0.0.1:60815 - R:localhost/127.0.0.1:63897] for GET '/session/73ab1fd017324c185a074344afd2d1b6/screenshot'
13:41:09.067 [AsyncHttpClient-1-2] DEBUG org.asynchttpclient.netty.handler.HttpHandler - 

Request DefaultFullHttpRequest(decodeResult: success, version: HTTP/1.1, content: EmptyByteBufBE)
GET /session/73ab1fd017324c185a074344afd2d1b6/screenshot HTTP/1.1
User-Agent: selenium/4.1.2 (java windows)
Cache-Control: no-cache
Content-Type: application/json; charset=utf-8
host: localhost:63897
accept: */*

Response DefaultHttpResponse(decodeResult: success, version: HTTP/1.1)
HTTP/1.1 200 OK
Content-Type: application/json; charset=utf-8
cache-control: no-cache
content-length: 167640

13:41:09.069 [AsyncHttpClient-1-2] DEBUG org.asynchttpclient.netty.channel.ChannelManager - Adding key: http://localhost:63897 for channel [id: 0xf58a2e96, L:/127.0.0.1:60815 - R:localhost/127.0.0.1:63897]
13:41:09.078 [main] DEBUG net.serenitybdd.core.photography.Darkroom - Send negative for processing for target\site\serenity\18f583b60854d944cf88979a3965faec9249006e02a01037a0b9da72a3598c4f.png
13:41:09.078 [Darkroom Processing Line] DEBUG net.serenitybdd.core.photography.DarkroomProcessingLine - Processing screenshot image in /var/screenshots/screenshot-12207128084539045340
13:41:09.079 [Darkroom Processing Line] DEBUG net.serenitybdd.core.photography.DarkroomProcessingLine - Saving screenshot to target\site\serenity\18f583b60854d944cf88979a3965faec9249006e02a01037a0b9da72a3598c4f.png
13:41:09.101 [Forwarding getPageSource on session 73ab1fd017324c185a074344afd2d1b6 to remote] DEBUG org.asynchttpclient.netty.request.NettyRequestSender - Using pooled Channel '[id: 0xf58a2e96, L:/127.0.0.1:60815 - R:localhost/127.0.0.1:63897]' for 'POST' to 'http://localhost:63897/session/73ab1fd017324c185a074344afd2d1b6/execute/sync'
13:41:09.101 [Forwarding getPageSource on session 73ab1fd017324c185a074344afd2d1b6 to remote] DEBUG org.asynchttpclient.netty.request.NettyRequestSender - Using open Channel [id: 0xf58a2e96, L:/127.0.0.1:60815 - R:localhost/127.0.0.1:63897] for POST '/session/73ab1fd017324c185a074344afd2d1b6/execute/sync'
13:41:09.116 [AsyncHttpClient-1-2] DEBUG org.asynchttpclient.netty.handler.HttpHandler - 

Request DefaultHttpRequest(decodeResult: success, version: HTTP/1.1)
POST /session/73ab1fd017324c185a074344afd2d1b6/execute/sync HTTP/1.1
User-Agent: selenium/4.1.2 (java windows)
Content-Length: 176
Content-Type: application/json; charset=utf-8
host: localhost:63897
accept: */*

Response DefaultHttpResponse(decodeResult: success, version: HTTP/1.1)
HTTP/1.1 200 OK
Content-Type: application/json; charset=utf-8
cache-control: no-cache
content-length: 33746

13:41:09.117 [AsyncHttpClient-1-2] DEBUG org.asynchttpclient.netty.channel.ChannelManager - Adding key: http://localhost:63897 for channel [id: 0xf58a2e96, L:/127.0.0.1:60815 - R:localhost/127.0.0.1:63897]
13:41:09.284 [Forwarding getCurrentUrl on session 73ab1fd017324c185a074344afd2d1b6 to remote] DEBUG org.asynchttpclient.netty.request.NettyRequestSender - Using pooled Channel '[id: 0xf58a2e96, L:/127.0.0.1:60815 - R:localhost/127.0.0.1:63897]' for 'GET' to 'http://localhost:63897/session/73ab1fd017324c185a074344afd2d1b6/url'
13:41:09.285 [Forwarding getCurrentUrl on session 73ab1fd017324c185a074344afd2d1b6 to remote] DEBUG org.asynchttpclient.netty.request.NettyRequestSender - Using open Channel [id: 0xf58a2e96, L:/127.0.0.1:60815 - R:localhost/127.0.0.1:63897] for GET '/session/73ab1fd017324c185a074344afd2d1b6/url'
13:41:09.293 [AsyncHttpClient-1-2] DEBUG org.asynchttpclient.netty.handler.HttpHandler - 

Request DefaultFullHttpRequest(decodeResult: success, version: HTTP/1.1, content: EmptyByteBufBE)
GET /session/73ab1fd017324c185a074344afd2d1b6/url HTTP/1.1
User-Agent: selenium/4.1.2 (java windows)
Cache-Control: no-cache
Content-Type: application/json; charset=utf-8
host: localhost:63897
accept: */*

Response DefaultHttpResponse(decodeResult: success, version: HTTP/1.1)
HTTP/1.1 200 OK
Content-Type: application/json; charset=utf-8
cache-control: no-cache
content-length: 56

13:41:09.293 [AsyncHttpClient-1-2] DEBUG org.asynchttpclient.netty.channel.ChannelManager - Adding key: http://localhost:63897 for channel [id: 0xf58a2e96, L:/127.0.0.1:60815 - R:localhost/127.0.0.1:63897]
  &amp#27;[31mAnd &amp#27;[0m&amp#27;[31mI select a session&amp#27;[0m                &amp#27;[90m# starter.stepdefinitions.ManageVaccinationBookingsSteps.iSelectASession()&amp#27;[0m
      &amp#27;[31mnet.thucydides.core.webdriver.exceptions.ElementShouldBeEnabledException: Expected enabled element was not enabled
	at net.serenitybdd.core.pages.WebElementFacadeImpl.waitUntilEnabled(WebElementFacadeImpl.java:1100)
	at net.serenitybdd.core.pages.WebElementFacadeImpl.waitUntilElementAvailable(WebElementFacadeImpl.java:888)
	at net.serenitybdd.core.pages.WebElementFacadeImpl.click(WebElementFacadeImpl.java:1182)
	at net.serenitybdd.core.pages.WebElementFacadeImpl.click(WebElementFacadeImpl.java:1201)
	at Automation@1.0-SNAPSHOT/starter.pages.ManageVaccinationBookingsPage.selectUnconfirmedSession(ManageVaccinationBookingsPage.java:68)
	at Automation@1.0-SNAPSHOT/starter.pages.ManageVaccinationBookingsPage$ByteBuddy$QF1Ad3eh.selectUnconfirmedSession$accessor$TnA1qNTv(Unknown Source)
	at java.base/jdk.internal.reflect.NativeMethodAccessorImpl.invoke0(Native Method)
	at java.base/jdk.internal.reflect.NativeMethodAccessorImpl.invoke(NativeMethodAccessorImpl.java:62)
	at java.base/jdk.internal.reflect.DelegatingMethodAccessorImpl.invoke(DelegatingMethodAccessorImpl.java:43)
	at java.base/java.lang.reflect.Method.invoke(Method.java:566)
	at net.thucydides.core.steps.BaseMethodRunner.invokeMethod(BaseMethodRunner.java:18)
	at net.thucydides.core.steps.NormalMethodRunner.invokeMethodAndNotifyFailures(NormalMethodRunner.java:18)
	at net.thucydides.core.steps.StepInterceptor.runNormalMethod(StepInterceptor.java:406)
	at net.thucydides.core.steps.StepInterceptor.testStepResult(StepInterceptor.java:191)
	at net.thucydides.core.steps.StepInterceptor.intercept(StepInterceptor.java:84)
	at net.thucydides.core.steps.ProxyConfiguration$InterceptorDispatcher.intercept(ProxyConfiguration.java:51)
	at Automation@1.0-SNAPSHOT/starter.pages.ManageVaccinationBookingsPage$ByteBuddy$QF1Ad3eh.selectUnconfirmedSession(Unknown Source)
	at Automation@1.0-SNAPSHOT/starter.stepdefinitions.ManageVaccinationBookingsSteps.iSelectASession(ManageVaccinationBookingsSteps.java:34)
	at âœ½.I select a session(file:///C:/Users/ASUSTUF/OneDrive/Documents/Capstone%20Project/Web%20Automation/src/test/resources/features/ManageVaccinationBookings.feature:10)
Caused by: org.openqa.selenium.TimeoutException: Expected condition failed: waiting for By.xpath: //div[@class='MuiCardActions-root MuiCardActions-spacing css-1k3fh4f'] to be enabled (tried for 5 second(s) with 100 milliseconds interval)
	at org.openqa.selenium.support.ui.FluentWait.timeoutException(FluentWait.java:263)
	at org.openqa.selenium.support.ui.FluentWait.until(FluentWait.java:231)
	at net.serenitybdd.core.pages.WebElementFacadeImpl.waitUntilEnabled(WebElementFacadeImpl.java:1097)
	at net.serenitybdd.core.pages.WebElementFacadeImpl.waitUntilElementAvailable(WebElementFacadeImpl.java:888)
	at net.serenitybdd.core.pages.WebElementFacadeImpl.click(WebElementFacadeImpl.java:1182)
	at net.serenitybdd.core.pages.WebElementFacadeImpl.click(WebElementFacadeImpl.java:1201)
	at Automation@1.0-SNAPSHOT/starter.pages.ManageVaccinationBookingsPage.selectUnconfirmedSession(ManageVaccinationBookingsPage.java:68)
	at Automation@1.0-SNAPSHOT/starter.pages.ManageVaccinationBookingsPage$ByteBuddy$QF1Ad3eh.selectUnconfirmedSession$accessor$TnA1qNTv(Unknown Source)
	at java.base/jdk.internal.reflect.NativeMethodAccessorImpl.invoke0(Native Method)
	at java.base/jdk.internal.reflect.NativeMethodAccessorImpl.invoke(NativeMethodAccessorImpl.java:62)
	at java.base/jdk.internal.reflect.DelegatingMethodAccessorImpl.invoke(DelegatingMethodAccessorImpl.java:43)
	at java.base/java.lang.reflect.Method.invoke(Method.java:566)
	at net.thucydides.core.steps.BaseMethodRunner.invokeMethod(BaseMethodRunner.java:18)
	at net.thucydides.core.steps.NormalMethodRunner.invokeMethodAndNotifyFailures(NormalMethodRunner.java:18)
	at net.thucydides.core.steps.StepInterceptor.runNormalMethod(StepInterceptor.java:406)
	at net.thucydides.core.steps.StepInterceptor.testStepResult(StepInterceptor.java:191)
	at net.thucydides.core.steps.StepInterceptor.intercept(StepInterceptor.java:84)
	at net.thucydides.core.steps.ProxyConfiguration$InterceptorDispatcher.intercept(ProxyConfiguration.java:51)
	at Automation@1.0-SNAPSHOT/starter.pages.ManageVaccinationBookingsPage$ByteBuddy$QF1Ad3eh.selectUnconfirmedSession(Unknown Source)
	at Automation@1.0-SNAPSHOT/starter.stepdefinitions.ManageVaccinationBookingsSteps.iSelectASession(ManageVaccinationBookingsSteps.java:34)
	at java.base/jdk.internal.reflect.NativeMethodAccessorImpl.invoke0(Native Method)
	at java.base/jdk.internal.reflect.NativeMethodAccessorImpl.invoke(NativeMethodAccessorImpl.java:62)
	at java.base/jdk.internal.reflect.DelegatingMethodAccessorImpl.invoke(DelegatingMethodAccessorImpl.java:43)
	at java.base/java.lang.reflect.Method.invoke(Method.java:566)
	at io.cucumber.java.Invoker.doInvoke(Invoker.java:66)
	at io.cucumber.java.Invoker.invoke(Invoker.java:24)
	at io.cucumber.java.AbstractGlueDefinition.invokeMethod(AbstractGlueDefinition.java:47)
	at io.cucumber.java.JavaStepDefinition.execute(JavaStepDefinition.java:29)
	at io.cucumber.core.runner.CoreStepDefinition.execute(CoreStepDefinition.java:66)
	at io.cucumber.core.runner.PickleStepDefinitionMatch.runStep(PickleStepDefinitionMatch.java:63)
	at io.cucumber.core.runner.ExecutionMode$1.execute(ExecutionMode.java:10)
	at io.cucumber.core.runner.TestStep.executeStep(TestStep.java:86)
	at io.cucumber.core.runner.TestStep.run(TestStep.java:57)
	at io.cucumber.core.runner.PickleStepTestStep.run(PickleStepTestStep.java:51)
	at io.cucumber.core.runner.TestCase.run(TestCase.java:95)
	at io.cucumber.core.runner.Runner.runPickle(Runner.java:75)
	at io.cucumber.junit.PickleRunners$NoStepDescriptions.lambda$run$0(PickleRunners.java:151)
	at io.cucumber.core.runtime.CucumberExecutionContext.lambda$runTestCase$3(CucumberExecutionContext.java:151)
	at io.cucumber.core.runtime.RethrowingThrowableCollector.executeAndThrow(RethrowingThrowableCollector.java:23)
	at io.cucumber.core.runtime.CucumberExecutionContext.runTestCase(CucumberExecutionContext.java:151)
	at io.cucumber.junit.PickleRunners$NoStepDescriptions.run(PickleRunners.java:148)
	at io.cucumber.junit.FeatureRunner.runChild(FeatureRunner.java:144)
	at io.cucumber.junit.FeatureRunner.runChild(FeatureRunner.java:28)
	at org.junit.runners.ParentRunner$4.run(ParentRunner.java:331)
	at org.junit.runners.ParentRunner$1.schedule(ParentRunner.java:79)
	at org.junit.runners.ParentRunner.runChildren(ParentRunner.java:329)
	at org.junit.runners.ParentRunner.access$100(ParentRunner.java:66)
	at org.junit.runners.ParentRunner$2.evaluate(ParentRunner.java:293)
	at org.junit.runners.ParentRunner$3.evaluate(ParentRunner.java:306)
	at org.junit.runners.ParentRunner.run(ParentRunner.java:413)
	at io.cucumber.junit.FeatureRunner.run(FeatureRunner.java:137)
	at io.cucumber.junit.CucumberSerenityRunner.runChild(CucumberSerenityRunner.java:258)
	at io.cucumber.junit.CucumberSerenityRunner.runChild(CucumberSerenityRunner.java:58)
	at org.junit.runners.ParentRunner$4.run(ParentRunner.java:331)
	at org.junit.runners.ParentRunner$1.schedule(ParentRunner.java:79)
	at org.junit.runners.ParentRunner.runChildren(ParentRunner.java:329)
	at org.junit.runners.ParentRunner.access$100(ParentRunner.java:66)
	at org.junit.runners.ParentRunner$2.evaluate(ParentRunner.java:293)
	at io.cucumber.junit.CucumberSerenityRunner$RunCucumber.evaluate(CucumberSerenityRunner.java:287)
	at org.junit.runners.ParentRunner$3.evaluate(ParentRunner.java:306)
	at org.junit.runners.ParentRunner.run(ParentRunner.java:413)
	at org.junit.runner.JUnitCore.run(JUnitCore.java:137)
	at org.junit.runner.JUnitCore.run(JUnitCore.java:115)
	at org.junit.vintage.engine.execution.RunnerExecutor.execute(RunnerExecutor.java:42)
	at org.junit.vintage.engine.VintageTestEngine.executeAllChildren(VintageTestEngine.java:80)
	at org.junit.vintage.engine.VintageTestEngine.execute(VintageTestEngine.java:72)
	at org.junit.platform.launcher.core.EngineExecutionOrchestrator.execute(EngineExecutionOrchestrator.java:107)
	at org.junit.platform.launcher.core.EngineExecutionOrchestrator.execute(EngineExecutionOrchestrator.java:88)
	at org.junit.platform.launcher.core.EngineExecutionOrchestrator.lambda$execute$0(EngineExecutionOrchestrator.java:54)
	at org.junit.platform.launcher.core.EngineExecutionOrchestrator.withInterceptedStreams(EngineExecutionOrchestrator.java:67)
	at org.junit.platform.launcher.core.EngineExecutionOrchestrator.execute(EngineExecutionOrchestrator.java:52)
	at org.junit.platform.launcher.core.DefaultLauncher.execute(DefaultLauncher.java:114)
	at org.junit.platform.launcher.core.DefaultLauncher.execute(DefaultLauncher.java:86)
	at org.junit.platform.launcher.core.DefaultLauncherSession$DelegatingLauncher.execute(DefaultLauncherSession.java:86)
	at org.junit.platform.launcher.core.SessionPerRequestLauncher.execute(SessionPerRequestLauncher.java:53)
	at org.apache.maven.surefire.junitplatform.JUnitPlatformProvider.execute(JUnitPlatformProvider.java:188)
	at org.apache.maven.surefire.junitplatform.JUnitPlatformProvider.invokeAllTests(JUnitPlatformProvider.java:154)
	at org.apache.maven.surefire.junitplatform.JUnitPlatformProvider.invoke(JUnitPlatformProvider.java:128)
	at org.apache.maven.surefire.booter.ForkedBooter.runSuitesInProcess(ForkedBooter.java:428)
	at org.apache.maven.surefire.booter.ForkedBooter.execute(ForkedBooter.java:162)
	at org.apache.maven.surefire.booter.ForkedBooter.run(ForkedBooter.java:562)
	at org.apache.maven.surefire.booter.ForkedBooter.main(ForkedBooter.java:548)
Caused by: org.openqa.selenium.NoSuchElementException: no such element: Unable to locate element: {"method":"xpath","selector":"//div[@class='MuiCardActions-root MuiCardActions-spacing css-1k3fh4f']"}
  (Session info: chrome=108.0.5359.125)
For documentation on this error, please visit: https://selenium.dev/exceptions/#no_such_element
Build info: version: '4.1.2', revision: '9a5a329c5a'
System info: host: 'LAPTOP-CFD9EV6G', ip: '192.168.100.29', os.name: 'Windows 11', os.arch: 'amd64', os.version: '10.0', java.version: '11.0.16'
Driver info: org.openqa.selenium.chrome.ChromeDriver
Command: [73ab1fd017324c185a074344afd2d1b6, findElement {using=xpath, value=//div[@class='MuiCardActions-root MuiCardActions-spacing css-1k3fh4f']}]
Capabilities {acceptInsecureCerts: false, browserName: chrome, browserVersion: 108.0.5359.125, chrome: {chromedriverVersion: 108.0.5359.71 (1e0e3868ee06..., userDataDir: C:\Users\ASUSTUF\AppData\Lo...}, goog:chromeOptions: {debuggerAddress: localhost:60816}, javascriptEnabled: true, networkConnectionEnabled: false, pageLoadStrategy: normal, platform: WINDOWS, platformName: WINDOWS, proxy: Proxy(), se:cdp: ws://localhost:60816/devtoo..., se:cdpVersion: 108.0.5359.125, setWindowRect: true, strictFileInteractability: false, timeouts: {implicit: 0, pageLoad: 300000, script: 30000}, unhandledPromptBehavior: dismiss and notify, webauthn:extension:credBlob: true, webauthn:extension:largeBlob: true, webauthn:virtualAuthenticators: true}
Session ID: 73ab1fd017324c185a074344afd2d1b6
	at java.base/jdk.internal.reflect.NativeConstructorAccessorImpl.newInstance0(Native Method)
	at java.base/jdk.internal.reflect.NativeConstructorAccessorImpl.newInstance(NativeConstructorAccessorImpl.java:62)
	at java.base/jdk.internal.reflect.DelegatingConstructorAccessorImpl.newInstance(DelegatingConstructorAccessorImpl.java:45)
	at java.base/java.lang.reflect.Constructor.newInstance(Constructor.java:490)
	at org.openqa.selenium.remote.codec.w3c.W3CHttpResponseCodec.createException(W3CHttpResponseCodec.java:200)
	at org.openqa.selenium.remote.codec.w3c.W3CHttpResponseCodec.decode(W3CHttpResponseCodec.java:133)
	at org.openqa.selenium.remote.codec.w3c.W3CHttpResponseCodec.decode(W3CHttpResponseCodec.java:53)
	at org.openqa.selenium.remote.HttpCommandExecutor.execute(HttpCommandExecutor.java:184)
	at org.openqa.selenium.remote.service.DriverCommandExecutor.invokeExecute(DriverCommandExecutor.java:167)
	at org.openqa.selenium.remote.service.DriverCommandExecutor.execute(DriverCommandExecutor.java:142)
	at org.openqa.selenium.remote.RemoteWebDriver.execute(RemoteWebDriver.java:558)
	at org.openqa.selenium.remote.ElementLocation$ElementFinder$2.findElement(ElementLocation.java:162)
	at org.openqa.selenium.remote.ElementLocation.findElement(ElementLocation.java:60)
	at org.openqa.selenium.remote.RemoteWebDriver.findElement(RemoteWebDriver.java:382)
	at org.openqa.selenium.remote.RemoteWebDriver.findElement(RemoteWebDriver.java:374)
	at net.thucydides.core.webdriver.WebDriverFacade.findElement(WebDriverFacade.java:224)
	at net.serenitybdd.core.pages.WebElementResolverByLocator.resolveForDriver(WebElementResolverByLocator.java:25)
	at net.serenitybdd.core.pages.WebElementFacadeImpl.getResolvedElement(WebElementFacadeImpl.java:191)
	at net.serenitybdd.core.pages.WebElementFacadeImpl.getElement(WebElementFacadeImpl.java:186)
	at net.serenitybdd.core.pages.WebElementExpectations$3.apply(WebElementExpectations.java:63)
	at net.serenitybdd.core.pages.WebElementExpectations$3.apply(WebElementExpectations.java:55)
	at org.openqa.selenium.support.ui.FluentWait.until(FluentWait.java:208)
	... 80 more
&amp#27;[0m
  &amp#27;[36mAnd &amp#27;[0m&amp#27;[36mI click check button&amp#27;[0m              &amp#27;[90m# starter.stepdefinitions.ManageVaccinationBookingsSteps.iClickCheckButton()&amp#27;[0m
  &amp#27;[36mThen &amp#27;[0m&amp#27;[36mthe booking will be approved&amp#27;[0m     &amp#27;[90m# starter.stepdefinitions.ManageVaccinationBookingsSteps.theBookingWillBeApproved()&amp#27;[0m
13:41:09.383 [main] ERROR  - 
  _____   ___   ___   _____     ___     _     ___   _      ___   ___  
 |_   _| | __| / __| |_   _|   | __|   /_\   |_ _| | |    | __| |   \ 
   | |   | _|  \__ \   | |     | _|   / _ \   | |  | |__  | _|  | |) |
   |_|   |___| |___/   |_|     |_|   /_/ \_\ |___| |____| |___| |___/ 

Approve a vaccination booking
-----------------------------------------------------------------------
13:41:09.386 [main] DEBUG  - RELATED ISSUES: 
13:41:09.387 [main] ERROR  -     Test failed at step: Select unconfirmed session
13:41:09.388 [main] ERROR  -     Expected enabled element was not enabled
13:41:09.590 [Driver Command Executor] DEBUG org.asynchttpclient.netty.request.NettyRequestSender - Using pooled Channel '[id: 0xf58a2e96, L:/127.0.0.1:60815 - R:localhost/127.0.0.1:63897]' for 'DELETE' to 'http://localhost:63897/session/73ab1fd017324c185a074344afd2d1b6'
13:41:09.591 [Driver Command Executor] DEBUG org.asynchttpclient.netty.request.NettyRequestSender - Using open Channel [id: 0xf58a2e96, L:/127.0.0.1:60815 - R:localhost/127.0.0.1:63897] for DELETE '/session/73ab1fd017324c185a074344afd2d1b6'
13:41:09.594 [AsyncHttpClient-1-4] DEBUG org.asynchttpclient.netty.handler.WebSocketHandler - Channel Closed: [id: 0x7953fe14, L:/127.0.0.1:60828 ! R:localhost/127.0.0.1:60816] with attribute NettyResponseFuture{currentRetry=5,
	isDone=1,
	isCancelled=0,
	asyncHandler=org.asynchttpclient.ws.WebSocketUpgradeHandler@5ba633f4,
	nettyRequest=org.asynchttpclient.netty.request.NettyRequest@26ab5e39,
	future=java.util.concurrent.CompletableFuture@5c775daf[Completed normally],
	uri=ws://localhost:60816/devtools/browser/83f9f433-3740-4db1-ba37-9ea8241f8b9c,
	keepAlive=true,
	redirectCount=0,
	timeoutsHolder=null,
	inAuth=0,
	touch=1671604854722}
13:41:09.595 [AsyncHttpClient-1-4] DEBUG org.asynchttpclient.netty.channel.ChannelManager - Closing Channel [id: 0x7953fe14, L:/127.0.0.1:60828 ! R:localhost/127.0.0.1:60816] 
13:41:09.632 [AsyncHttpClient-1-3] DEBUG org.asynchttpclient.netty.handler.HttpHandler - Unexpected I/O exception on channel [id: 0xde58859c, L:/127.0.0.1:60827 - R:localhost/127.0.0.1:60816]
java.io.IOException: An existing connection was forcibly closed by the remote host
	at java.base/sun.nio.ch.SocketDispatcher.read0(Native Method)
	at java.base/sun.nio.ch.SocketDispatcher.read(SocketDispatcher.java:43)
	at java.base/sun.nio.ch.IOUtil.readIntoNativeBuffer(IOUtil.java:276)
	at java.base/sun.nio.ch.IOUtil.read(IOUtil.java:233)
	at java.base/sun.nio.ch.IOUtil.read(IOUtil.java:223)
	at java.base/sun.nio.ch.SocketChannelImpl.read(SocketChannelImpl.java:358)
	at io.netty.buffer.PooledByteBuf.setBytes(PooledByteBuf.java:258)
	at io.netty.buffer.AbstractByteBuf.writeBytes(AbstractByteBuf.java:1132)
	at io.netty.channel.socket.nio.NioSocketChannel.doReadBytes(NioSocketChannel.java:350)
	at io.netty.channel.nio.AbstractNioByteChannel$NioByteUnsafe.read(AbstractNioByteChannel.java:151)
	at io.netty.channel.nio.NioEventLoop.processSelectedKey(NioEventLoop.java:722)
	at io.netty.channel.nio.NioEventLoop.processSelectedKeysOptimized(NioEventLoop.java:658)
	at io.netty.channel.nio.NioEventLoop.processSelectedKeys(NioEventLoop.java:584)
	at io.netty.channel.nio.NioEventLoop.run(NioEventLoop.java:496)
	at io.netty.util.concurrent.SingleThreadEventExecutor$4.run(SingleThreadEventExecutor.java:986)
	at io.netty.util.internal.ThreadExecutorMap$2.run(ThreadExecutorMap.java:74)
	at io.netty.util.concurrent.FastThreadLocalRunnable.run(FastThreadLocalRunnable.java:30)
	at java.base/java.lang.Thread.run(Thread.java:834)
13:41:09.633 [AsyncHttpClient-1-3] DEBUG org.asynchttpclient.netty.channel.ChannelManager - Closing Channel [id: 0xde58859c, L:/127.0.0.1:60827 - R:localhost/127.0.0.1:60816] 
13:41:09.635 [AsyncHttpClient-1-3] DEBUG org.asynchttpclient.netty.handler.HttpHandler - Channel Closed: [id: 0xde58859c, L:/127.0.0.1:60827 ! R:localhost/127.0.0.1:60816] with attribute DISCARD
13:41:09.674 [AsyncHttpClient-1-2] DEBUG org.asynchttpclient.netty.handler.HttpHandler - 

Request DefaultFullHttpRequest(decodeResult: success, version: HTTP/1.1, content: EmptyByteBufBE)
DELETE /session/73ab1fd017324c185a074344afd2d1b6 HTTP/1.1
User-Agent: selenium/4.1.2 (java windows)
Content-Type: application/json; charset=utf-8
host: localhost:63897
accept: */*

Response DefaultHttpResponse(decodeResult: success, version: HTTP/1.1)
HTTP/1.1 200 OK
Content-Type: application/json; charset=utf-8
cache-control: no-cache
content-length: 14

13:41:09.675 [AsyncHttpClient-1-2] DEBUG org.asynchttpclient.netty.channel.ChannelManager - Adding key: http://localhost:63897 for channel [id: 0xf58a2e96, L:/127.0.0.1:60815 - R:localhost/127.0.0.1:63897]
13:41:09.772 [AsyncHttpClient-1-2] DEBUG org.asynchttpclient.netty.handler.HttpHandler - Channel Closed: [id: 0xf58a2e96, L:/127.0.0.1:60815 ! R:localhost/127.0.0.1:63897] with attribute DISCARD
]]></system-out>
    <system-err><![CDATA[Starting ChromeDriver 108.0.5359.71 (1e0e3868ee06e91ad636a874420e3ca3ae3756ac-refs/branch-heads/5359@{#1016}) on port 63897
Only local connections are allowed.
Please see https://chromedriver.chromium.org/security-considerations for suggestions on keeping ChromeDriver safe.
ChromeDriver was started successfully.
Dec 21, 2022 1:40:54 PM org.openqa.selenium.remote.ProtocolHandshake createSession
INFO: Detected dialect: W3C
Dec 21, 2022 1:40:54 PM org.openqa.selenium.devtools.CdpVersionFinder findNearestMatch
WARNING: Unable to find an exact match for CDP version 108, so returning the closest version found: a no-op implementation
Dec 21, 2022 1:40:54 PM org.openqa.selenium.devtools.CdpVersionFinder findNearestMatch
INFO: Unable to find CDP implementation matching 108.
Dec 21, 2022 1:40:54 PM org.openqa.selenium.chromium.ChromiumDriver lambda$new$3
WARNING: Unable to find version of CDP to use for . You may need to include a dependency on a specific version of the CDP using something similar to `org.seleniumhq.selenium:selenium-devtools-v86:4.1.2` where the version ("v86") matches the version of the chromium-based browser you're using and the version number of the artifact is the same as Selenium's.
]]></system-err>
  </testcase>
  <testcase name="Approve all vaccination bookings" classname="Manage vaccination bookings" time="13.68">
    <error type="net.thucydides.core.webdriver.exceptions.ElementShouldBeEnabledException"><![CDATA[net.thucydides.core.webdriver.exceptions.ElementShouldBeEnabledException: Expected enabled element was not enabled
Caused by: org.openqa.selenium.TimeoutException: Expected condition failed: waiting for By.xpath: //div[@class='MuiCardActions-root MuiCardActions-spacing css-1k3fh4f'] to be enabled (tried for 5 second(s) with 100 milliseconds interval)
Caused by: org.openqa.selenium.NoSuchElementException: 
no such element: Unable to locate element: {"method":"xpath","selector":"//div[@class='MuiCardActions-root MuiCardActions-spacing css-1k3fh4f']"}
  (Session info: chrome=108.0.5359.125)
For documentation on this error, please visit: https://selenium.dev/exceptions/#no_such_element
Build info: version: '4.1.2', revision: '9a5a329c5a'
System info: host: 'LAPTOP-CFD9EV6G', ip: '192.168.100.29', os.name: 'Windows 11', os.arch: 'amd64', os.version: '10.0', java.version: '11.0.16'
Driver info: org.openqa.selenium.chrome.ChromeDriver
Command: [65321554d74459f143b5def69466c138, findElement {using=xpath, value=//div[@class='MuiCardActions-root MuiCardActions-spacing css-1k3fh4f']}]
Capabilities {acceptInsecureCerts: false, browserName: chrome, browserVersion: 108.0.5359.125, chrome: {chromedriverVersion: 108.0.5359.71 (1e0e3868ee06..., userDataDir: C:\Users\ASUSTUF\AppData\Lo...}, goog:chromeOptions: {debuggerAddress: localhost:60854}, javascriptEnabled: true, networkConnectionEnabled: false, pageLoadStrategy: normal, platform: WINDOWS, platformName: WINDOWS, proxy: Proxy(), se:cdp: ws://localhost:60854/devtoo..., se:cdpVersion: 108.0.5359.125, setWindowRect: true, strictFileInteractability: false, timeouts: {implicit: 0, pageLoad: 300000, script: 30000}, unhandledPromptBehavior: dismiss and notify, webauthn:extension:credBlob: true, webauthn:extension:largeBlob: true, webauthn:virtualAuthenticators: true}
Session ID: 65321554d74459f143b5def69466c138
]]></error>
    <system-out><![CDATA[
Scenario: Approve all vaccination bookings &amp#27;[90m# src/test/resources/features/ManageVaccinationBookings.feature:14&amp#27;[0m
13:41:09.895 [main] INFO io.cucumber.core.plugin.SerenityReporter - Running feature from file:///C:/Users/ASUSTUF/OneDrive/Documents/Capstone%20Project/Web%20Automation/src/test/resources/features/ManageVaccinationBookings.feature
13:41:09.902 [main] INFO  - 
  _____   ___   ___   _____     ___   _____     _     ___   _____   ___   ___  
 |_   _| | __| / __| |_   _|   / __| |_   _|   /_\   | _ \ |_   _| | __| |   \ 
   | |   | _|  \__ \   | |     \__ \   | |    / _ \  |   /   | |   | _|  | |) |
   |_|   |___| |___/   |_|     |___/   |_|   /_/ \_\ |_|_\   |_|   |___| |___/ 

Approve all vaccination bookings(manage-vaccination-bookings;approve-all-vaccination-bookings)
--------------------------------------------------------------------------------
13:41:09.930 [AsyncHttpClient-1-1] DEBUG org.asynchttpclient.netty.channel.DefaultChannelPool - Entry count for : http://localhost:60816 : 1
13:41:09.930 [AsyncHttpClient-1-1] DEBUG org.asynchttpclient.netty.channel.DefaultChannelPool - Entry count for : http://localhost:63897 : 1
13:41:09.930 [AsyncHttpClient-1-1] DEBUG org.asynchttpclient.netty.channel.DefaultChannelPool - Adding Candidate expired Channel [id: 0xde58859c, L:/127.0.0.1:60827 ! R:localhost/127.0.0.1:60816] isIdleTimeoutExpired=false isRemotelyClosed=true isTtlExpired=false
13:41:09.930 [AsyncHttpClient-1-1] DEBUG org.asynchttpclient.netty.channel.DefaultChannelPool - Closing Idle Channel [id: 0xde58859c, L:/127.0.0.1:60827 ! R:localhost/127.0.0.1:60816]
13:41:09.932 [AsyncHttpClient-1-1] DEBUG org.asynchttpclient.netty.channel.DefaultChannelPool - Adding Candidate expired Channel [id: 0xf58a2e96, L:/127.0.0.1:60815 ! R:localhost/127.0.0.1:63897] isIdleTimeoutExpired=false isRemotelyClosed=true isTtlExpired=false
13:41:09.932 [AsyncHttpClient-1-1] DEBUG org.asynchttpclient.netty.channel.DefaultChannelPool - Closing Idle Channel [id: 0xf58a2e96, L:/127.0.0.1:60815 ! R:localhost/127.0.0.1:63897]
13:41:09.932 [AsyncHttpClient-1-1] DEBUG org.asynchttpclient.netty.channel.DefaultChannelPool - Closed 2 connections out of 2 in 2 ms
13:41:09.946 [main] INFO net.serenitybdd.core.webdriver.driverproviders.ChromeDriverProvider - Using automatically driver download
13:41:10.179 [main] DEBUG io.github.bonigarcia.wdm.cache.ResolutionCache - Resolution chrome=108 in cache (valid until 14:40:45 21/12/2022 ICT)
13:41:10.195 [main] DEBUG io.github.bonigarcia.wdm.cache.ResolutionCache - Resolution chrome108=108.0.5359.71 in cache (valid until 13:40:45 22/12/2022 ICT)
13:41:10.201 [main] INFO io.github.bonigarcia.wdm.WebDriverManager - Using chromedriver 108.0.5359.71 (resolved driver for Chrome 108)
13:41:10.247 [main] DEBUG io.github.bonigarcia.wdm.WebDriverManager - Driver chromedriver 108.0.5359.71 found in cache
13:41:10.250 [main] INFO io.github.bonigarcia.wdm.WebDriverManager - Exporting webdriver.chrome.driver as C:\Users\ASUSTUF\.cache\selenium\chromedriver\win32\108.0.5359.71\chromedriver.exe
13:41:10.474 [main] DEBUG net.serenitybdd.core.webdriver.driverproviders.ProvideNewDriver - Instantiating driver
13:41:10.474 [main] DEBUG net.serenitybdd.core.webdriver.driverproviders.ProvideNewDriver - Driver capabilities: Capabilities {acceptInsecureCerts: false, base.url: https://vaksin-id.netlify.app/, browserName: chrome, chrome.driver: src/test/resources/webdrive..., driver: chrome, goog:chromeOptions: {args: [], extensions: []}}
13:41:10.896 [AsyncHttpClient-1-5] DEBUG org.asynchttpclient.netty.channel.NettyConnectListener - Using new Channel '[id: 0x8a9c5bbf, L:/127.0.0.1:60853 - R:localhost/127.0.0.1:57846]' for 'POST' to '/session'
13:41:11.830 [AsyncHttpClient-1-5] DEBUG org.asynchttpclient.netty.handler.HttpHandler - 

Request DefaultHttpRequest(decodeResult: success, version: HTTP/1.1)
POST /session HTTP/1.1
User-Agent: selenium/4.1.2 (java windows)
Content-Length: 616
Content-Type: application/json; charset=utf-8
host: localhost:57846
accept: */*

Response DefaultHttpResponse(decodeResult: success, version: HTTP/1.1)
HTTP/1.1 200 OK
Content-Type: application/json; charset=utf-8
cache-control: no-cache
content-length: 794

13:41:11.831 [AsyncHttpClient-1-5] DEBUG org.asynchttpclient.netty.channel.ChannelManager - Adding key: http://localhost:57846 for channel [id: 0x8a9c5bbf, L:/127.0.0.1:60853 - R:localhost/127.0.0.1:57846]
13:41:11.855 [AsyncHttpClient-1-6] DEBUG org.asynchttpclient.netty.channel.NettyConnectListener - Using new Channel '[id: 0xeb9b9526, L:/127.0.0.1:60860 - R:localhost/127.0.0.1:60854]' for 'GET' to '/json/version'
13:41:11.872 [AsyncHttpClient-1-6] DEBUG org.asynchttpclient.netty.handler.HttpHandler - 

Request DefaultFullHttpRequest(decodeResult: success, version: HTTP/1.1, content: EmptyByteBufBE)
GET /json/version HTTP/1.1
User-Agent: selenium/4.1.2 (java windows)
host: localhost:60854
accept: */*

Response DefaultHttpResponse(decodeResult: success, version: HTTP/1.1)
HTTP/1.1 200 OK
Content-Type: application/json; charset=UTF-8
content-length: 424

13:41:11.873 [AsyncHttpClient-1-6] DEBUG org.asynchttpclient.netty.channel.ChannelManager - Adding key: http://localhost:60854 for channel [id: 0xeb9b9526, L:/127.0.0.1:60860 - R:localhost/127.0.0.1:60854]
13:41:11.884 [AsyncHttpClient-1-7] DEBUG org.asynchttpclient.netty.channel.NettyConnectListener - Using new Channel '[id: 0xfd0cc534, L:/127.0.0.1:60861 - R:localhost/127.0.0.1:60854]' for 'GET' to '/devtools/browser/7ed5caeb-f357-4c20-b544-eccfc57a2788'
13:41:11.901 [AsyncHttpClient-1-7] DEBUG org.asynchttpclient.netty.handler.WebSocketHandler - 

Request DefaultFullHttpRequest(decodeResult: success, version: HTTP/1.1, content: EmptyByteBufBE)
GET /devtools/browser/7ed5caeb-f357-4c20-b544-eccfc57a2788 HTTP/1.1
upgrade: websocket
connection: upgrade
sec-websocket-key: iTwGqT+Wsk0EUuX8nFSh2w==
sec-websocket-version: 13
origin: http://localhost:60854
host: localhost:60854
accept: */*
user-agent: AHC/2.1

Response DefaultHttpResponse(decodeResult: success, version: HTTP/1.1)
HTTP/1.1 101 WebSocket Protocol Handshake
Upgrade: WebSocket
Connection: Upgrade
Sec-WebSocket-Accept: 7N4Jb42fzS4qOWZXttpJ3YH+hOs=

13:41:11.915 [Forwarding get on session 65321554d74459f143b5def69466c138 to remote] DEBUG org.asynchttpclient.netty.request.NettyRequestSender - Using pooled Channel '[id: 0x8a9c5bbf, L:/127.0.0.1:60853 - R:localhost/127.0.0.1:57846]' for 'POST' to 'http://localhost:57846/session/65321554d74459f143b5def69466c138/url'
13:41:11.915 [Forwarding get on session 65321554d74459f143b5def69466c138 to remote] DEBUG org.asynchttpclient.netty.request.NettyRequestSender - Using open Channel [id: 0x8a9c5bbf, L:/127.0.0.1:60853 - R:localhost/127.0.0.1:57846] for POST '/session/65321554d74459f143b5def69466c138/url'
13:41:12.131 [AsyncHttpClient-1-1] DEBUG org.asynchttpclient.netty.channel.DefaultChannelPool - Entry count for : http://localhost:60854 : 1
13:41:12.797 [AsyncHttpClient-1-5] DEBUG org.asynchttpclient.netty.handler.HttpHandler - 

Request DefaultHttpRequest(decodeResult: success, version: HTTP/1.1)
POST /session/65321554d74459f143b5def69466c138/url HTTP/1.1
User-Agent: selenium/4.1.2 (java windows)
Content-Length: 60
Content-Type: application/json; charset=utf-8
host: localhost:57846
accept: */*

Response DefaultHttpResponse(decodeResult: success, version: HTTP/1.1)
HTTP/1.1 200 OK
Content-Type: application/json; charset=utf-8
cache-control: no-cache
content-length: 14

13:41:12.797 [AsyncHttpClient-1-5] DEBUG org.asynchttpclient.netty.channel.ChannelManager - Adding key: http://localhost:57846 for channel [id: 0x8a9c5bbf, L:/127.0.0.1:60853 - R:localhost/127.0.0.1:57846]
13:41:12.801 [Forwarding setTimeout on session 65321554d74459f143b5def69466c138 to remote] DEBUG org.asynchttpclient.netty.request.NettyRequestSender - Using pooled Channel '[id: 0x8a9c5bbf, L:/127.0.0.1:60853 - R:localhost/127.0.0.1:57846]' for 'POST' to 'http://localhost:57846/session/65321554d74459f143b5def69466c138/timeouts'
13:41:12.801 [Forwarding setTimeout on session 65321554d74459f143b5def69466c138 to remote] DEBUG org.asynchttpclient.netty.request.NettyRequestSender - Using open Channel [id: 0x8a9c5bbf, L:/127.0.0.1:60853 - R:localhost/127.0.0.1:57846] for POST '/session/65321554d74459f143b5def69466c138/timeouts'
13:41:12.803 [AsyncHttpClient-1-5] DEBUG org.asynchttpclient.netty.handler.HttpHandler - 

Request DefaultHttpRequest(decodeResult: success, version: HTTP/1.1)
POST /session/65321554d74459f143b5def69466c138/timeouts HTTP/1.1
User-Agent: selenium/4.1.2 (java windows)
Content-Length: 22
Content-Type: application/json; charset=utf-8
host: localhost:57846
accept: */*

Response DefaultHttpResponse(decodeResult: success, version: HTTP/1.1)
HTTP/1.1 200 OK
Content-Type: application/json; charset=utf-8
cache-control: no-cache
content-length: 14

13:41:12.804 [AsyncHttpClient-1-5] DEBUG org.asynchttpclient.netty.channel.ChannelManager - Adding key: http://localhost:57846 for channel [id: 0x8a9c5bbf, L:/127.0.0.1:60853 - R:localhost/127.0.0.1:57846]
13:41:12.811 [Forwarding getCurrentUrl on session 65321554d74459f143b5def69466c138 to remote] DEBUG org.asynchttpclient.netty.request.NettyRequestSender - Using pooled Channel '[id: 0x8a9c5bbf, L:/127.0.0.1:60853 - R:localhost/127.0.0.1:57846]' for 'GET' to 'http://localhost:57846/session/65321554d74459f143b5def69466c138/url'
13:41:12.811 [Forwarding getCurrentUrl on session 65321554d74459f143b5def69466c138 to remote] DEBUG org.asynchttpclient.netty.request.NettyRequestSender - Using open Channel [id: 0x8a9c5bbf, L:/127.0.0.1:60853 - R:localhost/127.0.0.1:57846] for GET '/session/65321554d74459f143b5def69466c138/url'
13:41:12.818 [AsyncHttpClient-1-5] DEBUG org.asynchttpclient.netty.handler.HttpHandler - 

Request DefaultFullHttpRequest(decodeResult: success, version: HTTP/1.1, content: EmptyByteBufBE)
GET /session/65321554d74459f143b5def69466c138/url HTTP/1.1
User-Agent: selenium/4.1.2 (java windows)
Cache-Control: no-cache
Content-Type: application/json; charset=utf-8
host: localhost:57846
accept: */*

Response DefaultHttpResponse(decodeResult: success, version: HTTP/1.1)
HTTP/1.1 200 OK
Content-Type: application/json; charset=utf-8
cache-control: no-cache
content-length: 42

13:41:12.818 [AsyncHttpClient-1-5] DEBUG org.asynchttpclient.netty.channel.ChannelManager - Adding key: http://localhost:57846 for channel [id: 0x8a9c5bbf, L:/127.0.0.1:60853 - R:localhost/127.0.0.1:57846]
  &amp#27;[32mGiven &amp#27;[0m&amp#27;[32mI am on landing page&amp#27;[0m               &amp#27;[90m# starter.stepdefinitions.ManageVaccinationBookingsSteps.iAmOnLandingPage()&amp#27;[0m
13:41:12.832 [Forwarding screenshot on session 65321554d74459f143b5def69466c138 to remote] DEBUG org.asynchttpclient.netty.request.NettyRequestSender - Using pooled Channel '[id: 0x8a9c5bbf, L:/127.0.0.1:60853 - R:localhost/127.0.0.1:57846]' for 'GET' to 'http://localhost:57846/session/65321554d74459f143b5def69466c138/screenshot'
13:41:12.833 [Forwarding screenshot on session 65321554d74459f143b5def69466c138 to remote] DEBUG org.asynchttpclient.netty.request.NettyRequestSender - Using open Channel [id: 0x8a9c5bbf, L:/127.0.0.1:60853 - R:localhost/127.0.0.1:57846] for GET '/session/65321554d74459f143b5def69466c138/screenshot'
13:41:13.230 [AsyncHttpClient-1-1] DEBUG org.asynchttpclient.netty.channel.DefaultChannelPool - Entry count for : http://localhost:60854 : 1
13:41:13.886 [AsyncHttpClient-1-5] DEBUG org.asynchttpclient.netty.handler.HttpHandler - 

Request DefaultFullHttpRequest(decodeResult: success, version: HTTP/1.1, content: EmptyByteBufBE)
GET /session/65321554d74459f143b5def69466c138/screenshot HTTP/1.1
User-Agent: selenium/4.1.2 (java windows)
Cache-Control: no-cache
Content-Type: application/json; charset=utf-8
host: localhost:57846
accept: */*

Response DefaultHttpResponse(decodeResult: success, version: HTTP/1.1)
HTTP/1.1 200 OK
Content-Type: application/json; charset=utf-8
cache-control: no-cache
content-length: 847132

13:41:13.913 [AsyncHttpClient-1-5] DEBUG org.asynchttpclient.netty.channel.ChannelManager - Adding key: http://localhost:57846 for channel [id: 0x8a9c5bbf, L:/127.0.0.1:60853 - R:localhost/127.0.0.1:57846]
13:41:13.945 [main] DEBUG net.serenitybdd.core.photography.Darkroom - Send negative for processing for target\site\serenity\ff3b83dd42f508d91c0c8488aed412149de34b436c7528a8caa8428592644731.png
13:41:13.953 [Forwarding findElement on session 65321554d74459f143b5def69466c138 to remote] DEBUG org.asynchttpclient.netty.request.NettyRequestSender - Using pooled Channel '[id: 0x8a9c5bbf, L:/127.0.0.1:60853 - R:localhost/127.0.0.1:57846]' for 'POST' to 'http://localhost:57846/session/65321554d74459f143b5def69466c138/element'
13:41:13.953 [Forwarding findElement on session 65321554d74459f143b5def69466c138 to remote] DEBUG org.asynchttpclient.netty.request.NettyRequestSender - Using open Channel [id: 0x8a9c5bbf, L:/127.0.0.1:60853 - R:localhost/127.0.0.1:57846] for POST '/session/65321554d74459f143b5def69466c138/element'
13:41:13.971 [AsyncHttpClient-1-5] DEBUG org.asynchttpclient.netty.handler.HttpHandler - 

Request DefaultHttpRequest(decodeResult: success, version: HTTP/1.1)
POST /session/65321554d74459f143b5def69466c138/element HTTP/1.1
User-Agent: selenium/4.1.2 (java windows)
Content-Length: 315
Content-Type: application/json; charset=utf-8
host: localhost:57846
accept: */*

Response DefaultHttpResponse(decodeResult: success, version: HTTP/1.1)
HTTP/1.1 200 OK
Content-Type: application/json; charset=utf-8
cache-control: no-cache
content-length: 88

13:41:13.971 [AsyncHttpClient-1-5] DEBUG org.asynchttpclient.netty.channel.ChannelManager - Adding key: http://localhost:57846 for channel [id: 0x8a9c5bbf, L:/127.0.0.1:60853 - R:localhost/127.0.0.1:57846]
13:41:13.986 [Forwarding getElementTagName on session 65321554d74459f143b5def69466c138 to remote] DEBUG org.asynchttpclient.netty.request.NettyRequestSender - Using pooled Channel '[id: 0x8a9c5bbf, L:/127.0.0.1:60853 - R:localhost/127.0.0.1:57846]' for 'GET' to 'http://localhost:57846/session/65321554d74459f143b5def69466c138/element/dc870a3a-679c-4249-941f-5b72c169c1aa/name'
13:41:13.986 [Forwarding getElementTagName on session 65321554d74459f143b5def69466c138 to remote] DEBUG org.asynchttpclient.netty.request.NettyRequestSender - Using open Channel [id: 0x8a9c5bbf, L:/127.0.0.1:60853 - R:localhost/127.0.0.1:57846] for GET '/session/65321554d74459f143b5def69466c138/element/dc870a3a-679c-4249-941f-5b72c169c1aa/name'
13:41:13.997 [AsyncHttpClient-1-5] DEBUG org.asynchttpclient.netty.handler.HttpHandler - 

Request DefaultFullHttpRequest(decodeResult: success, version: HTTP/1.1, content: EmptyByteBufBE)
GET /session/65321554d74459f143b5def69466c138/element/dc870a3a-679c-4249-941f-5b72c169c1aa/name HTTP/1.1
User-Agent: selenium/4.1.2 (java windows)
Cache-Control: no-cache
Content-Type: application/json; charset=utf-8
host: localhost:57846
accept: */*

Response DefaultHttpResponse(decodeResult: success, version: HTTP/1.1)
HTTP/1.1 200 OK
Content-Type: application/json; charset=utf-8
cache-control: no-cache
content-length: 18

13:41:13.997 [AsyncHttpClient-1-5] DEBUG org.asynchttpclient.netty.channel.ChannelManager - Adding key: http://localhost:57846 for channel [id: 0x8a9c5bbf, L:/127.0.0.1:60853 - R:localhost/127.0.0.1:57846]
13:41:14.018 [Forwarding getElementTagName on session 65321554d74459f143b5def69466c138 to remote] DEBUG org.asynchttpclient.netty.request.NettyRequestSender - Using pooled Channel '[id: 0x8a9c5bbf, L:/127.0.0.1:60853 - R:localhost/127.0.0.1:57846]' for 'GET' to 'http://localhost:57846/session/65321554d74459f143b5def69466c138/element/dc870a3a-679c-4249-941f-5b72c169c1aa/name'
13:41:14.020 [Forwarding getElementTagName on session 65321554d74459f143b5def69466c138 to remote] DEBUG org.asynchttpclient.netty.request.NettyRequestSender - Using open Channel [id: 0x8a9c5bbf, L:/127.0.0.1:60853 - R:localhost/127.0.0.1:57846] for GET '/session/65321554d74459f143b5def69466c138/element/dc870a3a-679c-4249-941f-5b72c169c1aa/name'
13:41:14.027 [AsyncHttpClient-1-5] DEBUG org.asynchttpclient.netty.handler.HttpHandler - 

Request DefaultFullHttpRequest(decodeResult: success, version: HTTP/1.1, content: EmptyByteBufBE)
GET /session/65321554d74459f143b5def69466c138/element/dc870a3a-679c-4249-941f-5b72c169c1aa/name HTTP/1.1
User-Agent: selenium/4.1.2 (java windows)
Cache-Control: no-cache
Content-Type: application/json; charset=utf-8
host: localhost:57846
accept: */*

Response DefaultHttpResponse(decodeResult: success, version: HTTP/1.1)
HTTP/1.1 200 OK
Content-Type: application/json; charset=utf-8
cache-control: no-cache
content-length: 18

13:41:14.027 [AsyncHttpClient-1-5] DEBUG org.asynchttpclient.netty.channel.ChannelManager - Adding key: http://localhost:57846 for channel [id: 0x8a9c5bbf, L:/127.0.0.1:60853 - R:localhost/127.0.0.1:57846]
13:41:14.030 [Forwarding isElementEnabled on session 65321554d74459f143b5def69466c138 to remote] DEBUG org.asynchttpclient.netty.request.NettyRequestSender - Using pooled Channel '[id: 0x8a9c5bbf, L:/127.0.0.1:60853 - R:localhost/127.0.0.1:57846]' for 'GET' to 'http://localhost:57846/session/65321554d74459f143b5def69466c138/element/dc870a3a-679c-4249-941f-5b72c169c1aa/enabled'
13:41:14.030 [Forwarding isElementEnabled on session 65321554d74459f143b5def69466c138 to remote] DEBUG org.asynchttpclient.netty.request.NettyRequestSender - Using open Channel [id: 0x8a9c5bbf, L:/127.0.0.1:60853 - R:localhost/127.0.0.1:57846] for GET '/session/65321554d74459f143b5def69466c138/element/dc870a3a-679c-4249-941f-5b72c169c1aa/enabled'
13:41:14.044 [AsyncHttpClient-1-5] DEBUG org.asynchttpclient.netty.handler.HttpHandler - 

Request DefaultFullHttpRequest(decodeResult: success, version: HTTP/1.1, content: EmptyByteBufBE)
GET /session/65321554d74459f143b5def69466c138/element/dc870a3a-679c-4249-941f-5b72c169c1aa/enabled HTTP/1.1
User-Agent: selenium/4.1.2 (java windows)
Cache-Control: no-cache
Content-Type: application/json; charset=utf-8
host: localhost:57846
accept: */*

Response DefaultHttpResponse(decodeResult: success, version: HTTP/1.1)
HTTP/1.1 200 OK
Content-Type: application/json; charset=utf-8
cache-control: no-cache
content-length: 14

13:41:14.045 [AsyncHttpClient-1-5] DEBUG org.asynchttpclient.netty.channel.ChannelManager - Adding key: http://localhost:57846 for channel [id: 0x8a9c5bbf, L:/127.0.0.1:60853 - R:localhost/127.0.0.1:57846]
13:41:14.048 [Forwarding isElementEnabled on session 65321554d74459f143b5def69466c138 to remote] DEBUG org.asynchttpclient.netty.request.NettyRequestSender - Using pooled Channel '[id: 0x8a9c5bbf, L:/127.0.0.1:60853 - R:localhost/127.0.0.1:57846]' for 'GET' to 'http://localhost:57846/session/65321554d74459f143b5def69466c138/element/dc870a3a-679c-4249-941f-5b72c169c1aa/enabled'
13:41:14.048 [Forwarding isElementEnabled on session 65321554d74459f143b5def69466c138 to remote] DEBUG org.asynchttpclient.netty.request.NettyRequestSender - Using open Channel [id: 0x8a9c5bbf, L:/127.0.0.1:60853 - R:localhost/127.0.0.1:57846] for GET '/session/65321554d74459f143b5def69466c138/element/dc870a3a-679c-4249-941f-5b72c169c1aa/enabled'
13:41:14.057 [AsyncHttpClient-1-5] DEBUG org.asynchttpclient.netty.handler.HttpHandler - 

Request DefaultFullHttpRequest(decodeResult: success, version: HTTP/1.1, content: EmptyByteBufBE)
GET /session/65321554d74459f143b5def69466c138/element/dc870a3a-679c-4249-941f-5b72c169c1aa/enabled HTTP/1.1
User-Agent: selenium/4.1.2 (java windows)
Cache-Control: no-cache
Content-Type: application/json; charset=utf-8
host: localhost:57846
accept: */*

Response DefaultHttpResponse(decodeResult: success, version: HTTP/1.1)
HTTP/1.1 200 OK
Content-Type: application/json; charset=utf-8
cache-control: no-cache
content-length: 14

13:41:14.058 [AsyncHttpClient-1-5] DEBUG org.asynchttpclient.netty.channel.ChannelManager - Adding key: http://localhost:57846 for channel [id: 0x8a9c5bbf, L:/127.0.0.1:60853 - R:localhost/127.0.0.1:57846]
13:41:14.061 [Forwarding findElement on session 65321554d74459f143b5def69466c138 to remote] DEBUG org.asynchttpclient.netty.request.NettyRequestSender - Using pooled Channel '[id: 0x8a9c5bbf, L:/127.0.0.1:60853 - R:localhost/127.0.0.1:57846]' for 'POST' to 'http://localhost:57846/session/65321554d74459f143b5def69466c138/element'
13:41:14.061 [Forwarding findElement on session 65321554d74459f143b5def69466c138 to remote] DEBUG org.asynchttpclient.netty.request.NettyRequestSender - Using open Channel [id: 0x8a9c5bbf, L:/127.0.0.1:60853 - R:localhost/127.0.0.1:57846] for POST '/session/65321554d74459f143b5def69466c138/element'
13:41:14.069 [AsyncHttpClient-1-5] DEBUG org.asynchttpclient.netty.handler.HttpHandler - 

Request DefaultHttpRequest(decodeResult: success, version: HTTP/1.1)
POST /session/65321554d74459f143b5def69466c138/element HTTP/1.1
User-Agent: selenium/4.1.2 (java windows)
Content-Length: 315
Content-Type: application/json; charset=utf-8
host: localhost:57846
accept: */*

Response DefaultHttpResponse(decodeResult: success, version: HTTP/1.1)
HTTP/1.1 200 OK
Content-Type: application/json; charset=utf-8
cache-control: no-cache
content-length: 88

13:41:14.070 [AsyncHttpClient-1-5] DEBUG org.asynchttpclient.netty.channel.ChannelManager - Adding key: http://localhost:57846 for channel [id: 0x8a9c5bbf, L:/127.0.0.1:60853 - R:localhost/127.0.0.1:57846]
13:41:14.071 [Forwarding clickElement on session 65321554d74459f143b5def69466c138 to remote] DEBUG org.asynchttpclient.netty.request.NettyRequestSender - Using pooled Channel '[id: 0x8a9c5bbf, L:/127.0.0.1:60853 - R:localhost/127.0.0.1:57846]' for 'POST' to 'http://localhost:57846/session/65321554d74459f143b5def69466c138/element/dc870a3a-679c-4249-941f-5b72c169c1aa/click'
13:41:14.071 [Forwarding clickElement on session 65321554d74459f143b5def69466c138 to remote] DEBUG org.asynchttpclient.netty.request.NettyRequestSender - Using open Channel [id: 0x8a9c5bbf, L:/127.0.0.1:60853 - R:localhost/127.0.0.1:57846] for POST '/session/65321554d74459f143b5def69466c138/element/dc870a3a-679c-4249-941f-5b72c169c1aa/click'
13:41:14.181 [AsyncHttpClient-1-5] DEBUG org.asynchttpclient.netty.handler.HttpHandler - 

Request DefaultHttpRequest(decodeResult: success, version: HTTP/1.1)
POST /session/65321554d74459f143b5def69466c138/element/dc870a3a-679c-4249-941f-5b72c169c1aa/click HTTP/1.1
User-Agent: selenium/4.1.2 (java windows)
Content-Length: 50
Content-Type: application/json; charset=utf-8
host: localhost:57846
accept: */*

Response DefaultHttpResponse(decodeResult: success, version: HTTP/1.1)
HTTP/1.1 200 OK
Content-Type: application/json; charset=utf-8
cache-control: no-cache
content-length: 14

13:41:14.181 [AsyncHttpClient-1-5] DEBUG org.asynchttpclient.netty.channel.ChannelManager - Adding key: http://localhost:57846 for channel [id: 0x8a9c5bbf, L:/127.0.0.1:60853 - R:localhost/127.0.0.1:57846]
13:41:14.188 [Forwarding findElement on session 65321554d74459f143b5def69466c138 to remote] DEBUG org.asynchttpclient.netty.request.NettyRequestSender - Using pooled Channel '[id: 0x8a9c5bbf, L:/127.0.0.1:60853 - R:localhost/127.0.0.1:57846]' for 'POST' to 'http://localhost:57846/session/65321554d74459f143b5def69466c138/element'
13:41:14.188 [Forwarding findElement on session 65321554d74459f143b5def69466c138 to remote] DEBUG org.asynchttpclient.netty.request.NettyRequestSender - Using open Channel [id: 0x8a9c5bbf, L:/127.0.0.1:60853 - R:localhost/127.0.0.1:57846] for POST '/session/65321554d74459f143b5def69466c138/element'
13:41:14.206 [AsyncHttpClient-1-5] DEBUG org.asynchttpclient.netty.handler.HttpHandler - 

Request DefaultHttpRequest(decodeResult: success, version: HTTP/1.1)
POST /session/65321554d74459f143b5def69466c138/element HTTP/1.1
User-Agent: selenium/4.1.2 (java windows)
Content-Length: 69
Content-Type: application/json; charset=utf-8
host: localhost:57846
accept: */*

Response DefaultHttpResponse(decodeResult: success, version: HTTP/1.1)
HTTP/1.1 200 OK
Content-Type: application/json; charset=utf-8
cache-control: no-cache
content-length: 88

13:41:14.206 [AsyncHttpClient-1-5] DEBUG org.asynchttpclient.netty.channel.ChannelManager - Adding key: http://localhost:57846 for channel [id: 0x8a9c5bbf, L:/127.0.0.1:60853 - R:localhost/127.0.0.1:57846]
13:41:14.211 [Forwarding clearElement on session 65321554d74459f143b5def69466c138 to remote] DEBUG org.asynchttpclient.netty.request.NettyRequestSender - Using pooled Channel '[id: 0x8a9c5bbf, L:/127.0.0.1:60853 - R:localhost/127.0.0.1:57846]' for 'POST' to 'http://localhost:57846/session/65321554d74459f143b5def69466c138/element/022cce53-5828-4166-85e4-d15113f9d816/clear'
13:41:14.211 [Forwarding clearElement on session 65321554d74459f143b5def69466c138 to remote] DEBUG org.asynchttpclient.netty.request.NettyRequestSender - Using open Channel [id: 0x8a9c5bbf, L:/127.0.0.1:60853 - R:localhost/127.0.0.1:57846] for POST '/session/65321554d74459f143b5def69466c138/element/022cce53-5828-4166-85e4-d15113f9d816/clear'
13:41:14.272 [AsyncHttpClient-1-5] DEBUG org.asynchttpclient.netty.handler.HttpHandler - 

Request DefaultHttpRequest(decodeResult: success, version: HTTP/1.1)
POST /session/65321554d74459f143b5def69466c138/element/022cce53-5828-4166-85e4-d15113f9d816/clear HTTP/1.1
User-Agent: selenium/4.1.2 (java windows)
Content-Length: 50
Content-Type: application/json; charset=utf-8
host: localhost:57846
accept: */*

Response DefaultHttpResponse(decodeResult: success, version: HTTP/1.1)
HTTP/1.1 200 OK
Content-Type: application/json; charset=utf-8
cache-control: no-cache
content-length: 14

13:41:14.273 [AsyncHttpClient-1-5] DEBUG org.asynchttpclient.netty.channel.ChannelManager - Adding key: http://localhost:57846 for channel [id: 0x8a9c5bbf, L:/127.0.0.1:60853 - R:localhost/127.0.0.1:57846]
13:41:14.279 [Forwarding sendKeysToElement on session 65321554d74459f143b5def69466c138 to remote] DEBUG org.asynchttpclient.netty.request.NettyRequestSender - Using pooled Channel '[id: 0x8a9c5bbf, L:/127.0.0.1:60853 - R:localhost/127.0.0.1:57846]' for 'POST' to 'http://localhost:57846/session/65321554d74459f143b5def69466c138/element/022cce53-5828-4166-85e4-d15113f9d816/value'
13:41:14.280 [Forwarding sendKeysToElement on session 65321554d74459f143b5def69466c138 to remote] DEBUG org.asynchttpclient.netty.request.NettyRequestSender - Using open Channel [id: 0x8a9c5bbf, L:/127.0.0.1:60853 - R:localhost/127.0.0.1:57846] for POST '/session/65321554d74459f143b5def69466c138/element/022cce53-5828-4166-85e4-d15113f9d816/value'
13:41:14.331 [AsyncHttpClient-1-1] DEBUG org.asynchttpclient.netty.channel.DefaultChannelPool - Entry count for : http://localhost:60854 : 1
13:41:14.587 [AsyncHttpClient-1-5] DEBUG org.asynchttpclient.netty.handler.HttpHandler - 

Request DefaultHttpRequest(decodeResult: success, version: HTTP/1.1)
POST /session/65321554d74459f143b5def69466c138/element/022cce53-5828-4166-85e4-d15113f9d816/value HTTP/1.1
User-Agent: selenium/4.1.2 (java windows)
Content-Length: 411
Content-Type: application/json; charset=utf-8
host: localhost:57846
accept: */*

Response DefaultHttpResponse(decodeResult: success, version: HTTP/1.1)
HTTP/1.1 200 OK
Content-Type: application/json; charset=utf-8
cache-control: no-cache
content-length: 14

13:41:14.587 [AsyncHttpClient-1-5] DEBUG org.asynchttpclient.netty.channel.ChannelManager - Adding key: http://localhost:57846 for channel [id: 0x8a9c5bbf, L:/127.0.0.1:60853 - R:localhost/127.0.0.1:57846]
13:41:14.599 [Forwarding findElement on session 65321554d74459f143b5def69466c138 to remote] DEBUG org.asynchttpclient.netty.request.NettyRequestSender - Using pooled Channel '[id: 0x8a9c5bbf, L:/127.0.0.1:60853 - R:localhost/127.0.0.1:57846]' for 'POST' to 'http://localhost:57846/session/65321554d74459f143b5def69466c138/element'
13:41:14.599 [Forwarding findElement on session 65321554d74459f143b5def69466c138 to remote] DEBUG org.asynchttpclient.netty.request.NettyRequestSender - Using open Channel [id: 0x8a9c5bbf, L:/127.0.0.1:60853 - R:localhost/127.0.0.1:57846] for POST '/session/65321554d74459f143b5def69466c138/element'
13:41:14.619 [AsyncHttpClient-1-5] DEBUG org.asynchttpclient.netty.handler.HttpHandler - 

Request DefaultHttpRequest(decodeResult: success, version: HTTP/1.1)
POST /session/65321554d74459f143b5def69466c138/element HTTP/1.1
User-Agent: selenium/4.1.2 (java windows)
Content-Length: 72
Content-Type: application/json; charset=utf-8
host: localhost:57846
accept: */*

Response DefaultHttpResponse(decodeResult: success, version: HTTP/1.1)
HTTP/1.1 200 OK
Content-Type: application/json; charset=utf-8
cache-control: no-cache
content-length: 88

13:41:14.619 [AsyncHttpClient-1-5] DEBUG org.asynchttpclient.netty.channel.ChannelManager - Adding key: http://localhost:57846 for channel [id: 0x8a9c5bbf, L:/127.0.0.1:60853 - R:localhost/127.0.0.1:57846]
13:41:14.622 [Forwarding clearElement on session 65321554d74459f143b5def69466c138 to remote] DEBUG org.asynchttpclient.netty.request.NettyRequestSender - Using pooled Channel '[id: 0x8a9c5bbf, L:/127.0.0.1:60853 - R:localhost/127.0.0.1:57846]' for 'POST' to 'http://localhost:57846/session/65321554d74459f143b5def69466c138/element/0f56ad38-0638-45f9-a80f-97522c158e00/clear'
13:41:14.622 [Forwarding clearElement on session 65321554d74459f143b5def69466c138 to remote] DEBUG org.asynchttpclient.netty.request.NettyRequestSender - Using open Channel [id: 0x8a9c5bbf, L:/127.0.0.1:60853 - R:localhost/127.0.0.1:57846] for POST '/session/65321554d74459f143b5def69466c138/element/0f56ad38-0638-45f9-a80f-97522c158e00/clear'
13:41:14.698 [AsyncHttpClient-1-5] DEBUG org.asynchttpclient.netty.handler.HttpHandler - 

Request DefaultHttpRequest(decodeResult: success, version: HTTP/1.1)
POST /session/65321554d74459f143b5def69466c138/element/0f56ad38-0638-45f9-a80f-97522c158e00/clear HTTP/1.1
User-Agent: selenium/4.1.2 (java windows)
Content-Length: 50
Content-Type: application/json; charset=utf-8
host: localhost:57846
accept: */*

Response DefaultHttpResponse(decodeResult: success, version: HTTP/1.1)
HTTP/1.1 200 OK
Content-Type: application/json; charset=utf-8
cache-control: no-cache
content-length: 14

13:41:14.699 [AsyncHttpClient-1-5] DEBUG org.asynchttpclient.netty.channel.ChannelManager - Adding key: http://localhost:57846 for channel [id: 0x8a9c5bbf, L:/127.0.0.1:60853 - R:localhost/127.0.0.1:57846]
13:41:14.703 [Forwarding sendKeysToElement on session 65321554d74459f143b5def69466c138 to remote] DEBUG org.asynchttpclient.netty.request.NettyRequestSender - Using pooled Channel '[id: 0x8a9c5bbf, L:/127.0.0.1:60853 - R:localhost/127.0.0.1:57846]' for 'POST' to 'http://localhost:57846/session/65321554d74459f143b5def69466c138/element/0f56ad38-0638-45f9-a80f-97522c158e00/value'
13:41:14.704 [Forwarding sendKeysToElement on session 65321554d74459f143b5def69466c138 to remote] DEBUG org.asynchttpclient.netty.request.NettyRequestSender - Using open Channel [id: 0x8a9c5bbf, L:/127.0.0.1:60853 - R:localhost/127.0.0.1:57846] for POST '/session/65321554d74459f143b5def69466c138/element/0f56ad38-0638-45f9-a80f-97522c158e00/value'
13:41:14.926 [AsyncHttpClient-1-5] DEBUG org.asynchttpclient.netty.handler.HttpHandler - 

Request DefaultHttpRequest(decodeResult: success, version: HTTP/1.1)
POST /session/65321554d74459f143b5def69466c138/element/0f56ad38-0638-45f9-a80f-97522c158e00/value HTTP/1.1
User-Agent: selenium/4.1.2 (java windows)
Content-Length: 241
Content-Type: application/json; charset=utf-8
host: localhost:57846
accept: */*

Response DefaultHttpResponse(decodeResult: success, version: HTTP/1.1)
HTTP/1.1 200 OK
Content-Type: application/json; charset=utf-8
cache-control: no-cache
content-length: 14

13:41:14.926 [AsyncHttpClient-1-5] DEBUG org.asynchttpclient.netty.channel.ChannelManager - Adding key: http://localhost:57846 for channel [id: 0x8a9c5bbf, L:/127.0.0.1:60853 - R:localhost/127.0.0.1:57846]
13:41:14.934 [Forwarding findElement on session 65321554d74459f143b5def69466c138 to remote] DEBUG org.asynchttpclient.netty.request.NettyRequestSender - Using pooled Channel '[id: 0x8a9c5bbf, L:/127.0.0.1:60853 - R:localhost/127.0.0.1:57846]' for 'POST' to 'http://localhost:57846/session/65321554d74459f143b5def69466c138/element'
13:41:14.935 [Forwarding findElement on session 65321554d74459f143b5def69466c138 to remote] DEBUG org.asynchttpclient.netty.request.NettyRequestSender - Using open Channel [id: 0x8a9c5bbf, L:/127.0.0.1:60853 - R:localhost/127.0.0.1:57846] for POST '/session/65321554d74459f143b5def69466c138/element'
13:41:14.960 [AsyncHttpClient-1-5] DEBUG org.asynchttpclient.netty.handler.HttpHandler - 

Request DefaultHttpRequest(decodeResult: success, version: HTTP/1.1)
POST /session/65321554d74459f143b5def69466c138/element HTTP/1.1
User-Agent: selenium/4.1.2 (java windows)
Content-Length: 321
Content-Type: application/json; charset=utf-8
host: localhost:57846
accept: */*

Response DefaultHttpResponse(decodeResult: success, version: HTTP/1.1)
HTTP/1.1 200 OK
Content-Type: application/json; charset=utf-8
cache-control: no-cache
content-length: 88

13:41:14.960 [AsyncHttpClient-1-5] DEBUG org.asynchttpclient.netty.channel.ChannelManager - Adding key: http://localhost:57846 for channel [id: 0x8a9c5bbf, L:/127.0.0.1:60853 - R:localhost/127.0.0.1:57846]
13:41:14.962 [Forwarding getElementTagName on session 65321554d74459f143b5def69466c138 to remote] DEBUG org.asynchttpclient.netty.request.NettyRequestSender - Using pooled Channel '[id: 0x8a9c5bbf, L:/127.0.0.1:60853 - R:localhost/127.0.0.1:57846]' for 'GET' to 'http://localhost:57846/session/65321554d74459f143b5def69466c138/element/124ec7be-6682-4935-b803-5210ce46bf98/name'
13:41:14.962 [Forwarding getElementTagName on session 65321554d74459f143b5def69466c138 to remote] DEBUG org.asynchttpclient.netty.request.NettyRequestSender - Using open Channel [id: 0x8a9c5bbf, L:/127.0.0.1:60853 - R:localhost/127.0.0.1:57846] for GET '/session/65321554d74459f143b5def69466c138/element/124ec7be-6682-4935-b803-5210ce46bf98/name'
13:41:14.971 [AsyncHttpClient-1-5] DEBUG org.asynchttpclient.netty.handler.HttpHandler - 

Request DefaultFullHttpRequest(decodeResult: success, version: HTTP/1.1, content: EmptyByteBufBE)
GET /session/65321554d74459f143b5def69466c138/element/124ec7be-6682-4935-b803-5210ce46bf98/name HTTP/1.1
User-Agent: selenium/4.1.2 (java windows)
Cache-Control: no-cache
Content-Type: application/json; charset=utf-8
host: localhost:57846
accept: */*

Response DefaultHttpResponse(decodeResult: success, version: HTTP/1.1)
HTTP/1.1 200 OK
Content-Type: application/json; charset=utf-8
cache-control: no-cache
content-length: 18

13:41:14.971 [AsyncHttpClient-1-5] DEBUG org.asynchttpclient.netty.channel.ChannelManager - Adding key: http://localhost:57846 for channel [id: 0x8a9c5bbf, L:/127.0.0.1:60853 - R:localhost/127.0.0.1:57846]
13:41:14.973 [Forwarding getElementTagName on session 65321554d74459f143b5def69466c138 to remote] DEBUG org.asynchttpclient.netty.request.NettyRequestSender - Using pooled Channel '[id: 0x8a9c5bbf, L:/127.0.0.1:60853 - R:localhost/127.0.0.1:57846]' for 'GET' to 'http://localhost:57846/session/65321554d74459f143b5def69466c138/element/124ec7be-6682-4935-b803-5210ce46bf98/name'
13:41:14.974 [Forwarding getElementTagName on session 65321554d74459f143b5def69466c138 to remote] DEBUG org.asynchttpclient.netty.request.NettyRequestSender - Using open Channel [id: 0x8a9c5bbf, L:/127.0.0.1:60853 - R:localhost/127.0.0.1:57846] for GET '/session/65321554d74459f143b5def69466c138/element/124ec7be-6682-4935-b803-5210ce46bf98/name'
13:41:14.983 [AsyncHttpClient-1-5] DEBUG org.asynchttpclient.netty.handler.HttpHandler - 

Request DefaultFullHttpRequest(decodeResult: success, version: HTTP/1.1, content: EmptyByteBufBE)
GET /session/65321554d74459f143b5def69466c138/element/124ec7be-6682-4935-b803-5210ce46bf98/name HTTP/1.1
User-Agent: selenium/4.1.2 (java windows)
Cache-Control: no-cache
Content-Type: application/json; charset=utf-8
host: localhost:57846
accept: */*

Response DefaultHttpResponse(decodeResult: success, version: HTTP/1.1)
HTTP/1.1 200 OK
Content-Type: application/json; charset=utf-8
cache-control: no-cache
content-length: 18

13:41:14.983 [AsyncHttpClient-1-5] DEBUG org.asynchttpclient.netty.channel.ChannelManager - Adding key: http://localhost:57846 for channel [id: 0x8a9c5bbf, L:/127.0.0.1:60853 - R:localhost/127.0.0.1:57846]
13:41:14.987 [Forwarding isElementEnabled on session 65321554d74459f143b5def69466c138 to remote] DEBUG org.asynchttpclient.netty.request.NettyRequestSender - Using pooled Channel '[id: 0x8a9c5bbf, L:/127.0.0.1:60853 - R:localhost/127.0.0.1:57846]' for 'GET' to 'http://localhost:57846/session/65321554d74459f143b5def69466c138/element/124ec7be-6682-4935-b803-5210ce46bf98/enabled'
13:41:14.988 [Forwarding isElementEnabled on session 65321554d74459f143b5def69466c138 to remote] DEBUG org.asynchttpclient.netty.request.NettyRequestSender - Using open Channel [id: 0x8a9c5bbf, L:/127.0.0.1:60853 - R:localhost/127.0.0.1:57846] for GET '/session/65321554d74459f143b5def69466c138/element/124ec7be-6682-4935-b803-5210ce46bf98/enabled'
13:41:15.002 [AsyncHttpClient-1-5] DEBUG org.asynchttpclient.netty.handler.HttpHandler - 

Request DefaultFullHttpRequest(decodeResult: success, version: HTTP/1.1, content: EmptyByteBufBE)
GET /session/65321554d74459f143b5def69466c138/element/124ec7be-6682-4935-b803-5210ce46bf98/enabled HTTP/1.1
User-Agent: selenium/4.1.2 (java windows)
Cache-Control: no-cache
Content-Type: application/json; charset=utf-8
host: localhost:57846
accept: */*

Response DefaultHttpResponse(decodeResult: success, version: HTTP/1.1)
HTTP/1.1 200 OK
Content-Type: application/json; charset=utf-8
cache-control: no-cache
content-length: 14

13:41:15.003 [AsyncHttpClient-1-5] DEBUG org.asynchttpclient.netty.channel.ChannelManager - Adding key: http://localhost:57846 for channel [id: 0x8a9c5bbf, L:/127.0.0.1:60853 - R:localhost/127.0.0.1:57846]
13:41:15.005 [Forwarding isElementEnabled on session 65321554d74459f143b5def69466c138 to remote] DEBUG org.asynchttpclient.netty.request.NettyRequestSender - Using pooled Channel '[id: 0x8a9c5bbf, L:/127.0.0.1:60853 - R:localhost/127.0.0.1:57846]' for 'GET' to 'http://localhost:57846/session/65321554d74459f143b5def69466c138/element/124ec7be-6682-4935-b803-5210ce46bf98/enabled'
13:41:15.005 [Forwarding isElementEnabled on session 65321554d74459f143b5def69466c138 to remote] DEBUG org.asynchttpclient.netty.request.NettyRequestSender - Using open Channel [id: 0x8a9c5bbf, L:/127.0.0.1:60853 - R:localhost/127.0.0.1:57846] for GET '/session/65321554d74459f143b5def69466c138/element/124ec7be-6682-4935-b803-5210ce46bf98/enabled'
13:41:15.017 [AsyncHttpClient-1-5] DEBUG org.asynchttpclient.netty.handler.HttpHandler - 

Request DefaultFullHttpRequest(decodeResult: success, version: HTTP/1.1, content: EmptyByteBufBE)
GET /session/65321554d74459f143b5def69466c138/element/124ec7be-6682-4935-b803-5210ce46bf98/enabled HTTP/1.1
User-Agent: selenium/4.1.2 (java windows)
Cache-Control: no-cache
Content-Type: application/json; charset=utf-8
host: localhost:57846
accept: */*

Response DefaultHttpResponse(decodeResult: success, version: HTTP/1.1)
HTTP/1.1 200 OK
Content-Type: application/json; charset=utf-8
cache-control: no-cache
content-length: 14

13:41:15.018 [AsyncHttpClient-1-5] DEBUG org.asynchttpclient.netty.channel.ChannelManager - Adding key: http://localhost:57846 for channel [id: 0x8a9c5bbf, L:/127.0.0.1:60853 - R:localhost/127.0.0.1:57846]
13:41:15.020 [Forwarding findElement on session 65321554d74459f143b5def69466c138 to remote] DEBUG org.asynchttpclient.netty.request.NettyRequestSender - Using pooled Channel '[id: 0x8a9c5bbf, L:/127.0.0.1:60853 - R:localhost/127.0.0.1:57846]' for 'POST' to 'http://localhost:57846/session/65321554d74459f143b5def69466c138/element'
13:41:15.020 [Forwarding findElement on session 65321554d74459f143b5def69466c138 to remote] DEBUG org.asynchttpclient.netty.request.NettyRequestSender - Using open Channel [id: 0x8a9c5bbf, L:/127.0.0.1:60853 - R:localhost/127.0.0.1:57846] for POST '/session/65321554d74459f143b5def69466c138/element'
13:41:15.034 [AsyncHttpClient-1-5] DEBUG org.asynchttpclient.netty.handler.HttpHandler - 

Request DefaultHttpRequest(decodeResult: success, version: HTTP/1.1)
POST /session/65321554d74459f143b5def69466c138/element HTTP/1.1
User-Agent: selenium/4.1.2 (java windows)
Content-Length: 321
Content-Type: application/json; charset=utf-8
host: localhost:57846
accept: */*

Response DefaultHttpResponse(decodeResult: success, version: HTTP/1.1)
HTTP/1.1 200 OK
Content-Type: application/json; charset=utf-8
cache-control: no-cache
content-length: 88

13:41:15.034 [AsyncHttpClient-1-5] DEBUG org.asynchttpclient.netty.channel.ChannelManager - Adding key: http://localhost:57846 for channel [id: 0x8a9c5bbf, L:/127.0.0.1:60853 - R:localhost/127.0.0.1:57846]
13:41:15.035 [Forwarding clickElement on session 65321554d74459f143b5def69466c138 to remote] DEBUG org.asynchttpclient.netty.request.NettyRequestSender - Using pooled Channel '[id: 0x8a9c5bbf, L:/127.0.0.1:60853 - R:localhost/127.0.0.1:57846]' for 'POST' to 'http://localhost:57846/session/65321554d74459f143b5def69466c138/element/124ec7be-6682-4935-b803-5210ce46bf98/click'
13:41:15.035 [Forwarding clickElement on session 65321554d74459f143b5def69466c138 to remote] DEBUG org.asynchttpclient.netty.request.NettyRequestSender - Using open Channel [id: 0x8a9c5bbf, L:/127.0.0.1:60853 - R:localhost/127.0.0.1:57846] for POST '/session/65321554d74459f143b5def69466c138/element/124ec7be-6682-4935-b803-5210ce46bf98/click'
13:41:15.112 [AsyncHttpClient-1-5] DEBUG org.asynchttpclient.netty.handler.HttpHandler - 

Request DefaultHttpRequest(decodeResult: success, version: HTTP/1.1)
POST /session/65321554d74459f143b5def69466c138/element/124ec7be-6682-4935-b803-5210ce46bf98/click HTTP/1.1
User-Agent: selenium/4.1.2 (java windows)
Content-Length: 50
Content-Type: application/json; charset=utf-8
host: localhost:57846
accept: */*

Response DefaultHttpResponse(decodeResult: success, version: HTTP/1.1)
HTTP/1.1 200 OK
Content-Type: application/json; charset=utf-8
cache-control: no-cache
content-length: 14

13:41:15.112 [AsyncHttpClient-1-5] DEBUG org.asynchttpclient.netty.channel.ChannelManager - Adding key: http://localhost:57846 for channel [id: 0x8a9c5bbf, L:/127.0.0.1:60853 - R:localhost/127.0.0.1:57846]
  &amp#27;[32mAnd &amp#27;[0m&amp#27;[32mI have logged in&amp#27;[0m                     &amp#27;[90m# starter.stepdefinitions.ManageVaccinationBookingsSteps.iHaveLoggedIn()&amp#27;[0m
13:41:15.126 [Forwarding screenshot on session 65321554d74459f143b5def69466c138 to remote] DEBUG org.asynchttpclient.netty.request.NettyRequestSender - Using pooled Channel '[id: 0x8a9c5bbf, L:/127.0.0.1:60853 - R:localhost/127.0.0.1:57846]' for 'GET' to 'http://localhost:57846/session/65321554d74459f143b5def69466c138/screenshot'
13:41:15.126 [Forwarding screenshot on session 65321554d74459f143b5def69466c138 to remote] DEBUG org.asynchttpclient.netty.request.NettyRequestSender - Using open Channel [id: 0x8a9c5bbf, L:/127.0.0.1:60853 - R:localhost/127.0.0.1:57846] for GET '/session/65321554d74459f143b5def69466c138/screenshot'
13:41:15.431 [AsyncHttpClient-1-1] DEBUG org.asynchttpclient.netty.channel.DefaultChannelPool - Entry count for : http://localhost:60854 : 1
13:41:15.438 [AsyncHttpClient-1-5] DEBUG org.asynchttpclient.netty.handler.HttpHandler - 

Request DefaultFullHttpRequest(decodeResult: success, version: HTTP/1.1, content: EmptyByteBufBE)
GET /session/65321554d74459f143b5def69466c138/screenshot HTTP/1.1
User-Agent: selenium/4.1.2 (java windows)
Cache-Control: no-cache
Content-Type: application/json; charset=utf-8
host: localhost:57846
accept: */*

Response DefaultHttpResponse(decodeResult: success, version: HTTP/1.1)
HTTP/1.1 200 OK
Content-Type: application/json; charset=utf-8
cache-control: no-cache
content-length: 115940

13:41:15.439 [AsyncHttpClient-1-5] DEBUG org.asynchttpclient.netty.channel.ChannelManager - Adding key: http://localhost:57846 for channel [id: 0x8a9c5bbf, L:/127.0.0.1:60853 - R:localhost/127.0.0.1:57846]
13:41:15.447 [main] DEBUG net.serenitybdd.core.photography.Darkroom - Send negative for processing for target\site\serenity\85f89946674e2d0d098693f0de58e0ced99c9c446ba636a19cc6ddbe29c833ff.png
13:41:15.447 [Darkroom Processing Line] DEBUG net.serenitybdd.core.photography.DarkroomProcessingLine - Processing screenshot image in /var/screenshots/screenshot-12693381172547661675
13:41:15.447 [Darkroom Processing Line] DEBUG net.serenitybdd.core.photography.DarkroomProcessingLine - Saving screenshot to target\site\serenity\85f89946674e2d0d098693f0de58e0ced99c9c446ba636a19cc6ddbe29c833ff.png
13:41:15.456 [Forwarding findElement on session 65321554d74459f143b5def69466c138 to remote] DEBUG org.asynchttpclient.netty.request.NettyRequestSender - Using pooled Channel '[id: 0x8a9c5bbf, L:/127.0.0.1:60853 - R:localhost/127.0.0.1:57846]' for 'POST' to 'http://localhost:57846/session/65321554d74459f143b5def69466c138/element'
13:41:15.456 [Forwarding findElement on session 65321554d74459f143b5def69466c138 to remote] DEBUG org.asynchttpclient.netty.request.NettyRequestSender - Using open Channel [id: 0x8a9c5bbf, L:/127.0.0.1:60853 - R:localhost/127.0.0.1:57846] for POST '/session/65321554d74459f143b5def69466c138/element'
13:41:15.950 [AsyncHttpClient-1-5] DEBUG org.asynchttpclient.netty.handler.HttpHandler - 

Request DefaultHttpRequest(decodeResult: success, version: HTTP/1.1)
POST /session/65321554d74459f143b5def69466c138/element HTTP/1.1
User-Agent: selenium/4.1.2 (java windows)
Content-Length: 80
Content-Type: application/json; charset=utf-8
host: localhost:57846
accept: */*

Response DefaultHttpResponse(decodeResult: success, version: HTTP/1.1)
HTTP/1.1 200 OK
Content-Type: application/json; charset=utf-8
cache-control: no-cache
content-length: 88

13:41:15.950 [AsyncHttpClient-1-5] DEBUG org.asynchttpclient.netty.channel.ChannelManager - Adding key: http://localhost:57846 for channel [id: 0x8a9c5bbf, L:/127.0.0.1:60853 - R:localhost/127.0.0.1:57846]
13:41:15.952 [Forwarding getElementTagName on session 65321554d74459f143b5def69466c138 to remote] DEBUG org.asynchttpclient.netty.request.NettyRequestSender - Using pooled Channel '[id: 0x8a9c5bbf, L:/127.0.0.1:60853 - R:localhost/127.0.0.1:57846]' for 'GET' to 'http://localhost:57846/session/65321554d74459f143b5def69466c138/element/f6bc45e4-ba8c-40b9-8e87-f512b2b32312/name'
13:41:15.952 [Forwarding getElementTagName on session 65321554d74459f143b5def69466c138 to remote] DEBUG org.asynchttpclient.netty.request.NettyRequestSender - Using open Channel [id: 0x8a9c5bbf, L:/127.0.0.1:60853 - R:localhost/127.0.0.1:57846] for GET '/session/65321554d74459f143b5def69466c138/element/f6bc45e4-ba8c-40b9-8e87-f512b2b32312/name'
13:41:15.979 [AsyncHttpClient-1-5] DEBUG org.asynchttpclient.netty.handler.HttpHandler - 

Request DefaultFullHttpRequest(decodeResult: success, version: HTTP/1.1, content: EmptyByteBufBE)
GET /session/65321554d74459f143b5def69466c138/element/f6bc45e4-ba8c-40b9-8e87-f512b2b32312/name HTTP/1.1
User-Agent: selenium/4.1.2 (java windows)
Cache-Control: no-cache
Content-Type: application/json; charset=utf-8
host: localhost:57846
accept: */*

Response DefaultHttpResponse(decodeResult: success, version: HTTP/1.1)
HTTP/1.1 200 OK
Content-Type: application/json; charset=utf-8
cache-control: no-cache
content-length: 13

13:41:15.979 [AsyncHttpClient-1-5] DEBUG org.asynchttpclient.netty.channel.ChannelManager - Adding key: http://localhost:57846 for channel [id: 0x8a9c5bbf, L:/127.0.0.1:60853 - R:localhost/127.0.0.1:57846]
13:41:15.981 [Forwarding getElementTagName on session 65321554d74459f143b5def69466c138 to remote] DEBUG org.asynchttpclient.netty.request.NettyRequestSender - Using pooled Channel '[id: 0x8a9c5bbf, L:/127.0.0.1:60853 - R:localhost/127.0.0.1:57846]' for 'GET' to 'http://localhost:57846/session/65321554d74459f143b5def69466c138/element/f6bc45e4-ba8c-40b9-8e87-f512b2b32312/name'
13:41:15.981 [Forwarding getElementTagName on session 65321554d74459f143b5def69466c138 to remote] DEBUG org.asynchttpclient.netty.request.NettyRequestSender - Using open Channel [id: 0x8a9c5bbf, L:/127.0.0.1:60853 - R:localhost/127.0.0.1:57846] for GET '/session/65321554d74459f143b5def69466c138/element/f6bc45e4-ba8c-40b9-8e87-f512b2b32312/name'
13:41:15.986 [AsyncHttpClient-1-5] DEBUG org.asynchttpclient.netty.handler.HttpHandler - 

Request DefaultFullHttpRequest(decodeResult: success, version: HTTP/1.1, content: EmptyByteBufBE)
GET /session/65321554d74459f143b5def69466c138/element/f6bc45e4-ba8c-40b9-8e87-f512b2b32312/name HTTP/1.1
User-Agent: selenium/4.1.2 (java windows)
Cache-Control: no-cache
Content-Type: application/json; charset=utf-8
host: localhost:57846
accept: */*

Response DefaultHttpResponse(decodeResult: success, version: HTTP/1.1)
HTTP/1.1 200 OK
Content-Type: application/json; charset=utf-8
cache-control: no-cache
content-length: 13

13:41:15.986 [AsyncHttpClient-1-5] DEBUG org.asynchttpclient.netty.channel.ChannelManager - Adding key: http://localhost:57846 for channel [id: 0x8a9c5bbf, L:/127.0.0.1:60853 - R:localhost/127.0.0.1:57846]
13:41:15.989 [Forwarding findElement on session 65321554d74459f143b5def69466c138 to remote] DEBUG org.asynchttpclient.netty.request.NettyRequestSender - Using pooled Channel '[id: 0x8a9c5bbf, L:/127.0.0.1:60853 - R:localhost/127.0.0.1:57846]' for 'POST' to 'http://localhost:57846/session/65321554d74459f143b5def69466c138/element'
13:41:15.989 [Forwarding findElement on session 65321554d74459f143b5def69466c138 to remote] DEBUG org.asynchttpclient.netty.request.NettyRequestSender - Using open Channel [id: 0x8a9c5bbf, L:/127.0.0.1:60853 - R:localhost/127.0.0.1:57846] for POST '/session/65321554d74459f143b5def69466c138/element'
13:41:16.002 [AsyncHttpClient-1-5] DEBUG org.asynchttpclient.netty.handler.HttpHandler - 

Request DefaultHttpRequest(decodeResult: success, version: HTTP/1.1)
POST /session/65321554d74459f143b5def69466c138/element HTTP/1.1
User-Agent: selenium/4.1.2 (java windows)
Content-Length: 80
Content-Type: application/json; charset=utf-8
host: localhost:57846
accept: */*

Response DefaultHttpResponse(decodeResult: success, version: HTTP/1.1)
HTTP/1.1 200 OK
Content-Type: application/json; charset=utf-8
cache-control: no-cache
content-length: 88

13:41:16.002 [AsyncHttpClient-1-5] DEBUG org.asynchttpclient.netty.channel.ChannelManager - Adding key: http://localhost:57846 for channel [id: 0x8a9c5bbf, L:/127.0.0.1:60853 - R:localhost/127.0.0.1:57846]
13:41:16.004 [Forwarding clickElement on session 65321554d74459f143b5def69466c138 to remote] DEBUG org.asynchttpclient.netty.request.NettyRequestSender - Using pooled Channel '[id: 0x8a9c5bbf, L:/127.0.0.1:60853 - R:localhost/127.0.0.1:57846]' for 'POST' to 'http://localhost:57846/session/65321554d74459f143b5def69466c138/element/f6bc45e4-ba8c-40b9-8e87-f512b2b32312/click'
13:41:16.004 [Forwarding clickElement on session 65321554d74459f143b5def69466c138 to remote] DEBUG org.asynchttpclient.netty.request.NettyRequestSender - Using open Channel [id: 0x8a9c5bbf, L:/127.0.0.1:60853 - R:localhost/127.0.0.1:57846] for POST '/session/65321554d74459f143b5def69466c138/element/f6bc45e4-ba8c-40b9-8e87-f512b2b32312/click'
13:41:16.235 [AsyncHttpClient-1-5] DEBUG org.asynchttpclient.netty.handler.HttpHandler - 

Request DefaultHttpRequest(decodeResult: success, version: HTTP/1.1)
POST /session/65321554d74459f143b5def69466c138/element/f6bc45e4-ba8c-40b9-8e87-f512b2b32312/click HTTP/1.1
User-Agent: selenium/4.1.2 (java windows)
Content-Length: 50
Content-Type: application/json; charset=utf-8
host: localhost:57846
accept: */*

Response DefaultHttpResponse(decodeResult: success, version: HTTP/1.1)
HTTP/1.1 200 OK
Content-Type: application/json; charset=utf-8
cache-control: no-cache
content-length: 14

13:41:16.235 [AsyncHttpClient-1-5] DEBUG org.asynchttpclient.netty.channel.ChannelManager - Adding key: http://localhost:57846 for channel [id: 0x8a9c5bbf, L:/127.0.0.1:60853 - R:localhost/127.0.0.1:57846]
  &amp#27;[32mWhen &amp#27;[0m&amp#27;[32mI go to Book Vaksinasi page&amp#27;[0m         &amp#27;[90m# starter.stepdefinitions.ManageVaccinationBookingsSteps.iGoToBookVaksinasiPage()&amp#27;[0m
13:41:16.250 [Forwarding screenshot on session 65321554d74459f143b5def69466c138 to remote] DEBUG org.asynchttpclient.netty.request.NettyRequestSender - Using pooled Channel '[id: 0x8a9c5bbf, L:/127.0.0.1:60853 - R:localhost/127.0.0.1:57846]' for 'GET' to 'http://localhost:57846/session/65321554d74459f143b5def69466c138/screenshot'
13:41:16.250 [Forwarding screenshot on session 65321554d74459f143b5def69466c138 to remote] DEBUG org.asynchttpclient.netty.request.NettyRequestSender - Using open Channel [id: 0x8a9c5bbf, L:/127.0.0.1:60853 - R:localhost/127.0.0.1:57846] for GET '/session/65321554d74459f143b5def69466c138/screenshot'
13:41:16.531 [AsyncHttpClient-1-1] DEBUG org.asynchttpclient.netty.channel.DefaultChannelPool - Entry count for : http://localhost:60854 : 1
13:41:16.569 [AsyncHttpClient-1-5] DEBUG org.asynchttpclient.netty.handler.HttpHandler - 

Request DefaultFullHttpRequest(decodeResult: success, version: HTTP/1.1, content: EmptyByteBufBE)
GET /session/65321554d74459f143b5def69466c138/screenshot HTTP/1.1
User-Agent: selenium/4.1.2 (java windows)
Cache-Control: no-cache
Content-Type: application/json; charset=utf-8
host: localhost:57846
accept: */*

Response DefaultHttpResponse(decodeResult: success, version: HTTP/1.1)
HTTP/1.1 200 OK
Content-Type: application/json; charset=utf-8
cache-control: no-cache
content-length: 141028

13:41:16.570 [AsyncHttpClient-1-5] DEBUG org.asynchttpclient.netty.channel.ChannelManager - Adding key: http://localhost:57846 for channel [id: 0x8a9c5bbf, L:/127.0.0.1:60853 - R:localhost/127.0.0.1:57846]
13:41:16.577 [main] DEBUG net.serenitybdd.core.photography.Darkroom - Send negative for processing for target\site\serenity\a8d720a763ad4b2032097b6dd552225f321e6d38537e5d34aeb55869be842e07.png
13:41:16.578 [Darkroom Processing Line] DEBUG net.serenitybdd.core.photography.DarkroomProcessingLine - Processing screenshot image in /var/screenshots/screenshot-8467373752721464569
13:41:16.578 [Darkroom Processing Line] DEBUG net.serenitybdd.core.photography.DarkroomProcessingLine - Saving screenshot to target\site\serenity\a8d720a763ad4b2032097b6dd552225f321e6d38537e5d34aeb55869be842e07.png
13:41:16.588 [Forwarding findElement on session 65321554d74459f143b5def69466c138 to remote] DEBUG org.asynchttpclient.netty.request.NettyRequestSender - Using pooled Channel '[id: 0x8a9c5bbf, L:/127.0.0.1:60853 - R:localhost/127.0.0.1:57846]' for 'POST' to 'http://localhost:57846/session/65321554d74459f143b5def69466c138/element'
13:41:16.588 [Forwarding findElement on session 65321554d74459f143b5def69466c138 to remote] DEBUG org.asynchttpclient.netty.request.NettyRequestSender - Using open Channel [id: 0x8a9c5bbf, L:/127.0.0.1:60853 - R:localhost/127.0.0.1:57846] for POST '/session/65321554d74459f143b5def69466c138/element'
13:41:17.632 [AsyncHttpClient-1-1] DEBUG org.asynchttpclient.netty.channel.DefaultChannelPool - Entry count for : http://localhost:60854 : 1
13:41:18.608 [AsyncHttpClient-1-5] DEBUG org.asynchttpclient.netty.handler.HttpHandler - 

Request DefaultHttpRequest(decodeResult: success, version: HTTP/1.1)
POST /session/65321554d74459f143b5def69466c138/element HTTP/1.1
User-Agent: selenium/4.1.2 (java windows)
Content-Length: 117
Content-Type: application/json; charset=utf-8
host: localhost:57846
accept: */*

Response DefaultHttpResponse(decodeResult: success, version: HTTP/1.1)
HTTP/1.1 404 Not Found
Content-Type: application/json; charset=utf-8
cache-control: no-cache
content-length: 985

13:41:18.609 [AsyncHttpClient-1-5] DEBUG org.asynchttpclient.netty.channel.ChannelManager - Adding key: http://localhost:57846 for channel [id: 0x8a9c5bbf, L:/127.0.0.1:60853 - R:localhost/127.0.0.1:57846]
13:41:18.725 [Forwarding findElement on session 65321554d74459f143b5def69466c138 to remote] DEBUG org.asynchttpclient.netty.request.NettyRequestSender - Using pooled Channel '[id: 0x8a9c5bbf, L:/127.0.0.1:60853 - R:localhost/127.0.0.1:57846]' for 'POST' to 'http://localhost:57846/session/65321554d74459f143b5def69466c138/element'
13:41:18.725 [Forwarding findElement on session 65321554d74459f143b5def69466c138 to remote] DEBUG org.asynchttpclient.netty.request.NettyRequestSender - Using open Channel [id: 0x8a9c5bbf, L:/127.0.0.1:60853 - R:localhost/127.0.0.1:57846] for POST '/session/65321554d74459f143b5def69466c138/element'
13:41:18.738 [AsyncHttpClient-1-1] DEBUG org.asynchttpclient.netty.channel.DefaultChannelPool - Entry count for : http://localhost:60854 : 1
13:41:19.832 [AsyncHttpClient-1-1] DEBUG org.asynchttpclient.netty.channel.DefaultChannelPool - Entry count for : http://localhost:60854 : 1
13:41:20.766 [AsyncHttpClient-1-5] DEBUG org.asynchttpclient.netty.handler.HttpHandler - 

Request DefaultHttpRequest(decodeResult: success, version: HTTP/1.1)
POST /session/65321554d74459f143b5def69466c138/element HTTP/1.1
User-Agent: selenium/4.1.2 (java windows)
Content-Length: 117
Content-Type: application/json; charset=utf-8
host: localhost:57846
accept: */*

Response DefaultHttpResponse(decodeResult: success, version: HTTP/1.1)
HTTP/1.1 404 Not Found
Content-Type: application/json; charset=utf-8
cache-control: no-cache
content-length: 985

13:41:20.766 [AsyncHttpClient-1-5] DEBUG org.asynchttpclient.netty.channel.ChannelManager - Adding key: http://localhost:57846 for channel [id: 0x8a9c5bbf, L:/127.0.0.1:60853 - R:localhost/127.0.0.1:57846]
13:41:20.886 [Forwarding findElement on session 65321554d74459f143b5def69466c138 to remote] DEBUG org.asynchttpclient.netty.request.NettyRequestSender - Using pooled Channel '[id: 0x8a9c5bbf, L:/127.0.0.1:60853 - R:localhost/127.0.0.1:57846]' for 'POST' to 'http://localhost:57846/session/65321554d74459f143b5def69466c138/element'
13:41:20.886 [Forwarding findElement on session 65321554d74459f143b5def69466c138 to remote] DEBUG org.asynchttpclient.netty.request.NettyRequestSender - Using open Channel [id: 0x8a9c5bbf, L:/127.0.0.1:60853 - R:localhost/127.0.0.1:57846] for POST '/session/65321554d74459f143b5def69466c138/element'
13:41:20.931 [AsyncHttpClient-1-1] DEBUG org.asynchttpclient.netty.channel.DefaultChannelPool - Entry count for : http://localhost:60854 : 1
13:41:22.036 [AsyncHttpClient-1-1] DEBUG org.asynchttpclient.netty.channel.DefaultChannelPool - Entry count for : http://localhost:60854 : 1
13:41:22.946 [AsyncHttpClient-1-5] DEBUG org.asynchttpclient.netty.handler.HttpHandler - 

Request DefaultHttpRequest(decodeResult: success, version: HTTP/1.1)
POST /session/65321554d74459f143b5def69466c138/element HTTP/1.1
User-Agent: selenium/4.1.2 (java windows)
Content-Length: 117
Content-Type: application/json; charset=utf-8
host: localhost:57846
accept: */*

Response DefaultHttpResponse(decodeResult: success, version: HTTP/1.1)
HTTP/1.1 404 Not Found
Content-Type: application/json; charset=utf-8
cache-control: no-cache
content-length: 985

13:41:22.947 [AsyncHttpClient-1-5] DEBUG org.asynchttpclient.netty.channel.ChannelManager - Adding key: http://localhost:57846 for channel [id: 0x8a9c5bbf, L:/127.0.0.1:60853 - R:localhost/127.0.0.1:57846]
13:41:22.956 [Forwarding screenshot on session 65321554d74459f143b5def69466c138 to remote] DEBUG org.asynchttpclient.netty.request.NettyRequestSender - Using pooled Channel '[id: 0x8a9c5bbf, L:/127.0.0.1:60853 - R:localhost/127.0.0.1:57846]' for 'GET' to 'http://localhost:57846/session/65321554d74459f143b5def69466c138/screenshot'
13:41:22.956 [Forwarding screenshot on session 65321554d74459f143b5def69466c138 to remote] DEBUG org.asynchttpclient.netty.request.NettyRequestSender - Using open Channel [id: 0x8a9c5bbf, L:/127.0.0.1:60853 - R:localhost/127.0.0.1:57846] for GET '/session/65321554d74459f143b5def69466c138/screenshot'
13:41:23.102 [AsyncHttpClient-1-5] DEBUG org.asynchttpclient.netty.handler.HttpHandler - 

Request DefaultFullHttpRequest(decodeResult: success, version: HTTP/1.1, content: EmptyByteBufBE)
GET /session/65321554d74459f143b5def69466c138/screenshot HTTP/1.1
User-Agent: selenium/4.1.2 (java windows)
Cache-Control: no-cache
Content-Type: application/json; charset=utf-8
host: localhost:57846
accept: */*

Response DefaultHttpResponse(decodeResult: success, version: HTTP/1.1)
HTTP/1.1 200 OK
Content-Type: application/json; charset=utf-8
cache-control: no-cache
content-length: 167640

13:41:23.103 [AsyncHttpClient-1-5] DEBUG org.asynchttpclient.netty.channel.ChannelManager - Adding key: http://localhost:57846 for channel [id: 0x8a9c5bbf, L:/127.0.0.1:60853 - R:localhost/127.0.0.1:57846]
13:41:23.110 [main] DEBUG net.serenitybdd.core.photography.Darkroom - Send negative for processing for target\site\serenity\18f583b60854d944cf88979a3965faec9249006e02a01037a0b9da72a3598c4f.png
13:41:23.117 [Forwarding getPageSource on session 65321554d74459f143b5def69466c138 to remote] DEBUG org.asynchttpclient.netty.request.NettyRequestSender - Using pooled Channel '[id: 0x8a9c5bbf, L:/127.0.0.1:60853 - R:localhost/127.0.0.1:57846]' for 'POST' to 'http://localhost:57846/session/65321554d74459f143b5def69466c138/execute/sync'
13:41:23.117 [Forwarding getPageSource on session 65321554d74459f143b5def69466c138 to remote] DEBUG org.asynchttpclient.netty.request.NettyRequestSender - Using open Channel [id: 0x8a9c5bbf, L:/127.0.0.1:60853 - R:localhost/127.0.0.1:57846] for POST '/session/65321554d74459f143b5def69466c138/execute/sync'
13:41:23.130 [AsyncHttpClient-1-1] DEBUG org.asynchttpclient.netty.channel.DefaultChannelPool - Entry count for : http://localhost:60854 : 1
13:41:23.130 [AsyncHttpClient-1-5] DEBUG org.asynchttpclient.netty.handler.HttpHandler - 

Request DefaultHttpRequest(decodeResult: success, version: HTTP/1.1)
POST /session/65321554d74459f143b5def69466c138/execute/sync HTTP/1.1
User-Agent: selenium/4.1.2 (java windows)
Content-Length: 176
Content-Type: application/json; charset=utf-8
host: localhost:57846
accept: */*

Response DefaultHttpResponse(decodeResult: success, version: HTTP/1.1)
HTTP/1.1 200 OK
Content-Type: application/json; charset=utf-8
cache-control: no-cache
content-length: 33746

13:41:23.130 [AsyncHttpClient-1-5] DEBUG org.asynchttpclient.netty.channel.ChannelManager - Adding key: http://localhost:57846 for channel [id: 0x8a9c5bbf, L:/127.0.0.1:60853 - R:localhost/127.0.0.1:57846]
13:41:23.150 [Forwarding getCurrentUrl on session 65321554d74459f143b5def69466c138 to remote] DEBUG org.asynchttpclient.netty.request.NettyRequestSender - Using pooled Channel '[id: 0x8a9c5bbf, L:/127.0.0.1:60853 - R:localhost/127.0.0.1:57846]' for 'GET' to 'http://localhost:57846/session/65321554d74459f143b5def69466c138/url'
13:41:23.150 [Forwarding getCurrentUrl on session 65321554d74459f143b5def69466c138 to remote] DEBUG org.asynchttpclient.netty.request.NettyRequestSender - Using open Channel [id: 0x8a9c5bbf, L:/127.0.0.1:60853 - R:localhost/127.0.0.1:57846] for GET '/session/65321554d74459f143b5def69466c138/url'
13:41:23.157 [AsyncHttpClient-1-5] DEBUG org.asynchttpclient.netty.handler.HttpHandler - 

Request DefaultFullHttpRequest(decodeResult: success, version: HTTP/1.1, content: EmptyByteBufBE)
GET /session/65321554d74459f143b5def69466c138/url HTTP/1.1
User-Agent: selenium/4.1.2 (java windows)
Cache-Control: no-cache
Content-Type: application/json; charset=utf-8
host: localhost:57846
accept: */*

Response DefaultHttpResponse(decodeResult: success, version: HTTP/1.1)
HTTP/1.1 200 OK
Content-Type: application/json; charset=utf-8
cache-control: no-cache
content-length: 56

13:41:23.158 [AsyncHttpClient-1-5] DEBUG org.asynchttpclient.netty.channel.ChannelManager - Adding key: http://localhost:57846 for channel [id: 0x8a9c5bbf, L:/127.0.0.1:60853 - R:localhost/127.0.0.1:57846]
  &amp#27;[31mAnd &amp#27;[0m&amp#27;[31mI select a session&amp#27;[0m                   &amp#27;[90m# starter.stepdefinitions.ManageVaccinationBookingsSteps.iSelectASession()&amp#27;[0m
      &amp#27;[31mnet.thucydides.core.webdriver.exceptions.ElementShouldBeEnabledException: Expected enabled element was not enabled
	at net.serenitybdd.core.pages.WebElementFacadeImpl.waitUntilEnabled(WebElementFacadeImpl.java:1100)
	at net.serenitybdd.core.pages.WebElementFacadeImpl.waitUntilElementAvailable(WebElementFacadeImpl.java:888)
	at net.serenitybdd.core.pages.WebElementFacadeImpl.click(WebElementFacadeImpl.java:1182)
	at net.serenitybdd.core.pages.WebElementFacadeImpl.click(WebElementFacadeImpl.java:1201)
	at Automation@1.0-SNAPSHOT/starter.pages.ManageVaccinationBookingsPage.selectUnconfirmedSession(ManageVaccinationBookingsPage.java:68)
	at Automation@1.0-SNAPSHOT/starter.pages.ManageVaccinationBookingsPage$ByteBuddy$QF1Ad3eh.selectUnconfirmedSession$accessor$TnA1qNTv(Unknown Source)
	at java.base/jdk.internal.reflect.NativeMethodAccessorImpl.invoke0(Native Method)
	at java.base/jdk.internal.reflect.NativeMethodAccessorImpl.invoke(NativeMethodAccessorImpl.java:62)
	at java.base/jdk.internal.reflect.DelegatingMethodAccessorImpl.invoke(DelegatingMethodAccessorImpl.java:43)
	at java.base/java.lang.reflect.Method.invoke(Method.java:566)
	at net.thucydides.core.steps.BaseMethodRunner.invokeMethod(BaseMethodRunner.java:18)
	at net.thucydides.core.steps.NormalMethodRunner.invokeMethodAndNotifyFailures(NormalMethodRunner.java:18)
	at net.thucydides.core.steps.StepInterceptor.runNormalMethod(StepInterceptor.java:406)
	at net.thucydides.core.steps.StepInterceptor.testStepResult(StepInterceptor.java:191)
	at net.thucydides.core.steps.StepInterceptor.intercept(StepInterceptor.java:84)
	at net.thucydides.core.steps.ProxyConfiguration$InterceptorDispatcher.intercept(ProxyConfiguration.java:51)
	at Automation@1.0-SNAPSHOT/starter.pages.ManageVaccinationBookingsPage$ByteBuddy$QF1Ad3eh.selectUnconfirmedSession(Unknown Source)
	at Automation@1.0-SNAPSHOT/starter.stepdefinitions.ManageVaccinationBookingsSteps.iSelectASession(ManageVaccinationBookingsSteps.java:34)
	at âœ½.I select a session(file:///C:/Users/ASUSTUF/OneDrive/Documents/Capstone%20Project/Web%20Automation/src/test/resources/features/ManageVaccinationBookings.feature:18)
Caused by: org.openqa.selenium.TimeoutException: Expected condition failed: waiting for By.xpath: //div[@class='MuiCardActions-root MuiCardActions-spacing css-1k3fh4f'] to be enabled (tried for 5 second(s) with 100 milliseconds interval)
	at org.openqa.selenium.support.ui.FluentWait.timeoutException(FluentWait.java:263)
	at org.openqa.selenium.support.ui.FluentWait.until(FluentWait.java:231)
	at net.serenitybdd.core.pages.WebElementFacadeImpl.waitUntilEnabled(WebElementFacadeImpl.java:1097)
	at net.serenitybdd.core.pages.WebElementFacadeImpl.waitUntilElementAvailable(WebElementFacadeImpl.java:888)
	at net.serenitybdd.core.pages.WebElementFacadeImpl.click(WebElementFacadeImpl.java:1182)
	at net.serenitybdd.core.pages.WebElementFacadeImpl.click(WebElementFacadeImpl.java:1201)
	at Automation@1.0-SNAPSHOT/starter.pages.ManageVaccinationBookingsPage.selectUnconfirmedSession(ManageVaccinationBookingsPage.java:68)
	at Automation@1.0-SNAPSHOT/starter.pages.ManageVaccinationBookingsPage$ByteBuddy$QF1Ad3eh.selectUnconfirmedSession$accessor$TnA1qNTv(Unknown Source)
	at java.base/jdk.internal.reflect.NativeMethodAccessorImpl.invoke0(Native Method)
	at java.base/jdk.internal.reflect.NativeMethodAccessorImpl.invoke(NativeMethodAccessorImpl.java:62)
	at java.base/jdk.internal.reflect.DelegatingMethodAccessorImpl.invoke(DelegatingMethodAccessorImpl.java:43)
	at java.base/java.lang.reflect.Method.invoke(Method.java:566)
	at net.thucydides.core.steps.BaseMethodRunner.invokeMethod(BaseMethodRunner.java:18)
	at net.thucydides.core.steps.NormalMethodRunner.invokeMethodAndNotifyFailures(NormalMethodRunner.java:18)
	at net.thucydides.core.steps.StepInterceptor.runNormalMethod(StepInterceptor.java:406)
	at net.thucydides.core.steps.StepInterceptor.testStepResult(StepInterceptor.java:191)
	at net.thucydides.core.steps.StepInterceptor.intercept(StepInterceptor.java:84)
	at net.thucydides.core.steps.ProxyConfiguration$InterceptorDispatcher.intercept(ProxyConfiguration.java:51)
	at Automation@1.0-SNAPSHOT/starter.pages.ManageVaccinationBookingsPage$ByteBuddy$QF1Ad3eh.selectUnconfirmedSession(Unknown Source)
	at Automation@1.0-SNAPSHOT/starter.stepdefinitions.ManageVaccinationBookingsSteps.iSelectASession(ManageVaccinationBookingsSteps.java:34)
	at java.base/jdk.internal.reflect.NativeMethodAccessorImpl.invoke0(Native Method)
	at java.base/jdk.internal.reflect.NativeMethodAccessorImpl.invoke(NativeMethodAccessorImpl.java:62)
	at java.base/jdk.internal.reflect.DelegatingMethodAccessorImpl.invoke(DelegatingMethodAccessorImpl.java:43)
	at java.base/java.lang.reflect.Method.invoke(Method.java:566)
	at io.cucumber.java.Invoker.doInvoke(Invoker.java:66)
	at io.cucumber.java.Invoker.invoke(Invoker.java:24)
	at io.cucumber.java.AbstractGlueDefinition.invokeMethod(AbstractGlueDefinition.java:47)
	at io.cucumber.java.JavaStepDefinition.execute(JavaStepDefinition.java:29)
	at io.cucumber.core.runner.CoreStepDefinition.execute(CoreStepDefinition.java:66)
	at io.cucumber.core.runner.PickleStepDefinitionMatch.runStep(PickleStepDefinitionMatch.java:63)
	at io.cucumber.core.runner.ExecutionMode$1.execute(ExecutionMode.java:10)
	at io.cucumber.core.runner.TestStep.executeStep(TestStep.java:86)
	at io.cucumber.core.runner.TestStep.run(TestStep.java:57)
	at io.cucumber.core.runner.PickleStepTestStep.run(PickleStepTestStep.java:51)
	at io.cucumber.core.runner.TestCase.run(TestCase.java:95)
	at io.cucumber.core.runner.Runner.runPickle(Runner.java:75)
	at io.cucumber.junit.PickleRunners$NoStepDescriptions.lambda$run$0(PickleRunners.java:151)
	at io.cucumber.core.runtime.CucumberExecutionContext.lambda$runTestCase$3(CucumberExecutionContext.java:151)
	at io.cucumber.core.runtime.RethrowingThrowableCollector.executeAndThrow(RethrowingThrowableCollector.java:23)
	at io.cucumber.core.runtime.CucumberExecutionContext.runTestCase(CucumberExecutionContext.java:151)
	at io.cucumber.junit.PickleRunners$NoStepDescriptions.run(PickleRunners.java:148)
	at io.cucumber.junit.FeatureRunner.runChild(FeatureRunner.java:144)
	at io.cucumber.junit.FeatureRunner.runChild(FeatureRunner.java:28)
	at org.junit.runners.ParentRunner$4.run(ParentRunner.java:331)
	at org.junit.runners.ParentRunner$1.schedule(ParentRunner.java:79)
	at org.junit.runners.ParentRunner.runChildren(ParentRunner.java:329)
	at org.junit.runners.ParentRunner.access$100(ParentRunner.java:66)
	at org.junit.runners.ParentRunner$2.evaluate(ParentRunner.java:293)
	at org.junit.runners.ParentRunner$3.evaluate(ParentRunner.java:306)
	at org.junit.runners.ParentRunner.run(ParentRunner.java:413)
	at io.cucumber.junit.FeatureRunner.run(FeatureRunner.java:137)
	at io.cucumber.junit.CucumberSerenityRunner.runChild(CucumberSerenityRunner.java:258)
	at io.cucumber.junit.CucumberSerenityRunner.runChild(CucumberSerenityRunner.java:58)
	at org.junit.runners.ParentRunner$4.run(ParentRunner.java:331)
	at org.junit.runners.ParentRunner$1.schedule(ParentRunner.java:79)
	at org.junit.runners.ParentRunner.runChildren(ParentRunner.java:329)
	at org.junit.runners.ParentRunner.access$100(ParentRunner.java:66)
	at org.junit.runners.ParentRunner$2.evaluate(ParentRunner.java:293)
	at io.cucumber.junit.CucumberSerenityRunner$RunCucumber.evaluate(CucumberSerenityRunner.java:287)
	at org.junit.runners.ParentRunner$3.evaluate(ParentRunner.java:306)
	at org.junit.runners.ParentRunner.run(ParentRunner.java:413)
	at org.junit.runner.JUnitCore.run(JUnitCore.java:137)
	at org.junit.runner.JUnitCore.run(JUnitCore.java:115)
	at org.junit.vintage.engine.execution.RunnerExecutor.execute(RunnerExecutor.java:42)
	at org.junit.vintage.engine.VintageTestEngine.executeAllChildren(VintageTestEngine.java:80)
	at org.junit.vintage.engine.VintageTestEngine.execute(VintageTestEngine.java:72)
	at org.junit.platform.launcher.core.EngineExecutionOrchestrator.execute(EngineExecutionOrchestrator.java:107)
	at org.junit.platform.launcher.core.EngineExecutionOrchestrator.execute(EngineExecutionOrchestrator.java:88)
	at org.junit.platform.launcher.core.EngineExecutionOrchestrator.lambda$execute$0(EngineExecutionOrchestrator.java:54)
	at org.junit.platform.launcher.core.EngineExecutionOrchestrator.withInterceptedStreams(EngineExecutionOrchestrator.java:67)
	at org.junit.platform.launcher.core.EngineExecutionOrchestrator.execute(EngineExecutionOrchestrator.java:52)
	at org.junit.platform.launcher.core.DefaultLauncher.execute(DefaultLauncher.java:114)
	at org.junit.platform.launcher.core.DefaultLauncher.execute(DefaultLauncher.java:86)
	at org.junit.platform.launcher.core.DefaultLauncherSession$DelegatingLauncher.execute(DefaultLauncherSession.java:86)
	at org.junit.platform.launcher.core.SessionPerRequestLauncher.execute(SessionPerRequestLauncher.java:53)
	at org.apache.maven.surefire.junitplatform.JUnitPlatformProvider.execute(JUnitPlatformProvider.java:188)
	at org.apache.maven.surefire.junitplatform.JUnitPlatformProvider.invokeAllTests(JUnitPlatformProvider.java:154)
	at org.apache.maven.surefire.junitplatform.JUnitPlatformProvider.invoke(JUnitPlatformProvider.java:128)
	at org.apache.maven.surefire.booter.ForkedBooter.runSuitesInProcess(ForkedBooter.java:428)
	at org.apache.maven.surefire.booter.ForkedBooter.execute(ForkedBooter.java:162)
	at org.apache.maven.surefire.booter.ForkedBooter.run(ForkedBooter.java:562)
	at org.apache.maven.surefire.booter.ForkedBooter.main(ForkedBooter.java:548)
Caused by: org.openqa.selenium.NoSuchElementException: no such element: Unable to locate element: {"method":"xpath","selector":"//div[@class='MuiCardActions-root MuiCardActions-spacing css-1k3fh4f']"}
  (Session info: chrome=108.0.5359.125)
For documentation on this error, please visit: https://selenium.dev/exceptions/#no_such_element
Build info: version: '4.1.2', revision: '9a5a329c5a'
System info: host: 'LAPTOP-CFD9EV6G', ip: '192.168.100.29', os.name: 'Windows 11', os.arch: 'amd64', os.version: '10.0', java.version: '11.0.16'
Driver info: org.openqa.selenium.chrome.ChromeDriver
Command: [65321554d74459f143b5def69466c138, findElement {using=xpath, value=//div[@class='MuiCardActions-root MuiCardActions-spacing css-1k3fh4f']}]
Capabilities {acceptInsecureCerts: false, browserName: chrome, browserVersion: 108.0.5359.125, chrome: {chromedriverVersion: 108.0.5359.71 (1e0e3868ee06..., userDataDir: C:\Users\ASUSTUF\AppData\Lo...}, goog:chromeOptions: {debuggerAddress: localhost:60854}, javascriptEnabled: true, networkConnectionEnabled: false, pageLoadStrategy: normal, platform: WINDOWS, platformName: WINDOWS, proxy: Proxy(), se:cdp: ws://localhost:60854/devtoo..., se:cdpVersion: 108.0.5359.125, setWindowRect: true, strictFileInteractability: false, timeouts: {implicit: 0, pageLoad: 300000, script: 30000}, unhandledPromptBehavior: dismiss and notify, webauthn:extension:credBlob: true, webauthn:extension:largeBlob: true, webauthn:virtualAuthenticators: true}
Session ID: 65321554d74459f143b5def69466c138
	at java.base/jdk.internal.reflect.NativeConstructorAccessorImpl.newInstance0(Native Method)
	at java.base/jdk.internal.reflect.NativeConstructorAccessorImpl.newInstance(NativeConstructorAccessorImpl.java:62)
	at java.base/jdk.internal.reflect.DelegatingConstructorAccessorImpl.newInstance(DelegatingConstructorAccessorImpl.java:45)
	at java.base/java.lang.reflect.Constructor.newInstance(Constructor.java:490)
	at org.openqa.selenium.remote.codec.w3c.W3CHttpResponseCodec.createException(W3CHttpResponseCodec.java:200)
	at org.openqa.selenium.remote.codec.w3c.W3CHttpResponseCodec.decode(W3CHttpResponseCodec.java:133)
	at org.openqa.selenium.remote.codec.w3c.W3CHttpResponseCodec.decode(W3CHttpResponseCodec.java:53)
	at org.openqa.selenium.remote.HttpCommandExecutor.execute(HttpCommandExecutor.java:184)
	at org.openqa.selenium.remote.service.DriverCommandExecutor.invokeExecute(DriverCommandExecutor.java:167)
	at org.openqa.selenium.remote.service.DriverCommandExecutor.execute(DriverCommandExecutor.java:142)
	at org.openqa.selenium.remote.RemoteWebDriver.execute(RemoteWebDriver.java:558)
	at org.openqa.selenium.remote.ElementLocation$ElementFinder$2.findElement(ElementLocation.java:162)
	at org.openqa.selenium.remote.ElementLocation.findElement(ElementLocation.java:60)
	at org.openqa.selenium.remote.RemoteWebDriver.findElement(RemoteWebDriver.java:382)
	at org.openqa.selenium.remote.RemoteWebDriver.findElement(RemoteWebDriver.java:374)
	at net.thucydides.core.webdriver.WebDriverFacade.findElement(WebDriverFacade.java:224)
	at net.serenitybdd.core.pages.WebElementResolverByLocator.resolveForDriver(WebElementResolverByLocator.java:25)
	at net.serenitybdd.core.pages.WebElementFacadeImpl.getResolvedElement(WebElementFacadeImpl.java:191)
	at net.serenitybdd.core.pages.WebElementFacadeImpl.getElement(WebElementFacadeImpl.java:186)
	at net.serenitybdd.core.pages.WebElementExpectations$3.apply(WebElementExpectations.java:63)
	at net.serenitybdd.core.pages.WebElementExpectations$3.apply(WebElementExpectations.java:55)
	at org.openqa.selenium.support.ui.FluentWait.until(FluentWait.java:208)
	... 80 more
&amp#27;[0m
  &amp#27;[36mAnd &amp#27;[0m&amp#27;[36mI select all bookings&amp#27;[0m                &amp#27;[90m# starter.stepdefinitions.ManageVaccinationBookingsSteps.iSelectAllBookings()&amp#27;[0m
  &amp#27;[36mAnd &amp#27;[0m&amp#27;[36mI click Terima Semua button&amp#27;[0m          &amp#27;[90m# starter.stepdefinitions.ManageVaccinationBookingsSteps.iClickTerimaSemuaButton()&amp#27;[0m
  &amp#27;[36mThen &amp#27;[0m&amp#27;[36mthe booking will be approved&amp#27;[0m        &amp#27;[90m# starter.stepdefinitions.ManageVaccinationBookingsSteps.theBookingWillBeApproved()&amp#27;[0m
13:41:23.218 [main] ERROR  - 
  _____   ___   ___   _____     ___     _     ___   _      ___   ___  
 |_   _| | __| / __| |_   _|   | __|   /_\   |_ _| | |    | __| |   \ 
   | |   | _|  \__ \   | |     | _|   / _ \   | |  | |__  | _|  | |) |
   |_|   |___| |___/   |_|     |_|   /_/ \_\ |___| |____| |___| |___/ 

Approve all vaccination bookings
-----------------------------------------------------------------------
13:41:23.218 [main] DEBUG  - RELATED ISSUES: 
13:41:23.219 [main] ERROR  -     Test failed at step: Select unconfirmed session
13:41:23.219 [main] ERROR  -     Expected enabled element was not enabled
13:41:23.224 [AsyncHttpClient-1-7] DEBUG org.asynchttpclient.netty.handler.WebSocketHandler - Channel Closed: [id: 0xfd0cc534, L:/127.0.0.1:60861 ! R:localhost/127.0.0.1:60854] with attribute NettyResponseFuture{currentRetry=5,
	isDone=1,
	isCancelled=0,
	asyncHandler=org.asynchttpclient.ws.WebSocketUpgradeHandler@11c21989,
	nettyRequest=org.asynchttpclient.netty.request.NettyRequest@54c085d5,
	future=java.util.concurrent.CompletableFuture@1ca5880e[Completed normally],
	uri=ws://localhost:60854/devtools/browser/7ed5caeb-f357-4c20-b544-eccfc57a2788,
	keepAlive=true,
	redirectCount=0,
	timeoutsHolder=null,
	inAuth=0,
	touch=1671604871902}
13:41:23.224 [AsyncHttpClient-1-7] DEBUG org.asynchttpclient.netty.channel.ChannelManager - Closing Channel [id: 0xfd0cc534, L:/127.0.0.1:60861 ! R:localhost/127.0.0.1:60854] 
13:41:23.225 [Driver Command Executor] DEBUG org.asynchttpclient.netty.request.NettyRequestSender - Using pooled Channel '[id: 0x8a9c5bbf, L:/127.0.0.1:60853 - R:localhost/127.0.0.1:57846]' for 'DELETE' to 'http://localhost:57846/session/65321554d74459f143b5def69466c138'
13:41:23.225 [Driver Command Executor] DEBUG org.asynchttpclient.netty.request.NettyRequestSender - Using open Channel [id: 0x8a9c5bbf, L:/127.0.0.1:60853 - R:localhost/127.0.0.1:57846] for DELETE '/session/65321554d74459f143b5def69466c138'
13:41:23.264 [AsyncHttpClient-1-6] DEBUG org.asynchttpclient.netty.handler.HttpHandler - Unexpected I/O exception on channel [id: 0xeb9b9526, L:/127.0.0.1:60860 - R:localhost/127.0.0.1:60854]
java.io.IOException: An existing connection was forcibly closed by the remote host
	at java.base/sun.nio.ch.SocketDispatcher.read0(Native Method)
	at java.base/sun.nio.ch.SocketDispatcher.read(SocketDispatcher.java:43)
	at java.base/sun.nio.ch.IOUtil.readIntoNativeBuffer(IOUtil.java:276)
	at java.base/sun.nio.ch.IOUtil.read(IOUtil.java:233)
	at java.base/sun.nio.ch.IOUtil.read(IOUtil.java:223)
	at java.base/sun.nio.ch.SocketChannelImpl.read(SocketChannelImpl.java:358)
	at io.netty.buffer.PooledByteBuf.setBytes(PooledByteBuf.java:258)
	at io.netty.buffer.AbstractByteBuf.writeBytes(AbstractByteBuf.java:1132)
	at io.netty.channel.socket.nio.NioSocketChannel.doReadBytes(NioSocketChannel.java:350)
	at io.netty.channel.nio.AbstractNioByteChannel$NioByteUnsafe.read(AbstractNioByteChannel.java:151)
	at io.netty.channel.nio.NioEventLoop.processSelectedKey(NioEventLoop.java:722)
	at io.netty.channel.nio.NioEventLoop.processSelectedKeysOptimized(NioEventLoop.java:658)
	at io.netty.channel.nio.NioEventLoop.processSelectedKeys(NioEventLoop.java:584)
	at io.netty.channel.nio.NioEventLoop.run(NioEventLoop.java:496)
	at io.netty.util.concurrent.SingleThreadEventExecutor$4.run(SingleThreadEventExecutor.java:986)
	at io.netty.util.internal.ThreadExecutorMap$2.run(ThreadExecutorMap.java:74)
	at io.netty.util.concurrent.FastThreadLocalRunnable.run(FastThreadLocalRunnable.java:30)
	at java.base/java.lang.Thread.run(Thread.java:834)
13:41:23.264 [AsyncHttpClient-1-6] DEBUG org.asynchttpclient.netty.channel.ChannelManager - Closing Channel [id: 0xeb9b9526, L:/127.0.0.1:60860 - R:localhost/127.0.0.1:60854] 
13:41:23.265 [AsyncHttpClient-1-6] DEBUG org.asynchttpclient.netty.handler.HttpHandler - Channel Closed: [id: 0xeb9b9526, L:/127.0.0.1:60860 ! R:localhost/127.0.0.1:60854] with attribute DISCARD
13:41:23.356 [AsyncHttpClient-1-5] DEBUG org.asynchttpclient.netty.handler.HttpHandler - 

Request DefaultFullHttpRequest(decodeResult: success, version: HTTP/1.1, content: EmptyByteBufBE)
DELETE /session/65321554d74459f143b5def69466c138 HTTP/1.1
User-Agent: selenium/4.1.2 (java windows)
Content-Type: application/json; charset=utf-8
host: localhost:57846
accept: */*

Response DefaultHttpResponse(decodeResult: success, version: HTTP/1.1)
HTTP/1.1 200 OK
Content-Type: application/json; charset=utf-8
cache-control: no-cache
content-length: 14

13:41:23.357 [AsyncHttpClient-1-5] DEBUG org.asynchttpclient.netty.channel.ChannelManager - Adding key: http://localhost:57846 for channel [id: 0x8a9c5bbf, L:/127.0.0.1:60853 - R:localhost/127.0.0.1:57846]
13:41:23.472 [AsyncHttpClient-1-5] DEBUG org.asynchttpclient.netty.handler.HttpHandler - Channel Closed: [id: 0x8a9c5bbf, L:/127.0.0.1:60853 ! R:localhost/127.0.0.1:57846] with attribute DISCARD
]]></system-out>
    <system-err><![CDATA[Starting ChromeDriver 108.0.5359.71 (1e0e3868ee06e91ad636a874420e3ca3ae3756ac-refs/branch-heads/5359@{#1016}) on port 57846
Only local connections are allowed.
Please see https://chromedriver.chromium.org/security-considerations for suggestions on keeping ChromeDriver safe.
ChromeDriver was started successfully.
Dec 21, 2022 1:41:11 PM org.openqa.selenium.remote.ProtocolHandshake createSession
INFO: Detected dialect: W3C
Dec 21, 2022 1:41:11 PM org.openqa.selenium.devtools.CdpVersionFinder findNearestMatch
WARNING: Unable to find an exact match for CDP version 108, so returning the closest version found: a no-op implementation
Dec 21, 2022 1:41:11 PM org.openqa.selenium.devtools.CdpVersionFinder findNearestMatch
INFO: Unable to find CDP implementation matching 108.
Dec 21, 2022 1:41:11 PM org.openqa.selenium.chromium.ChromiumDriver lambda$new$3
WARNING: Unable to find version of CDP to use for . You may need to include a dependency on a specific version of the CDP using something similar to `org.seleniumhq.selenium:selenium-devtools-v86:4.1.2` where the version ("v86") matches the version of the chromium-based browser you're using and the version number of the artifact is the same as Selenium's.
]]></system-err>
  </testcase>
  <testcase name="Reject a vaccination booking" classname="Manage vaccination bookings" time="13.802">
    <error type="net.thucydides.core.webdriver.exceptions.ElementShouldBeEnabledException"><![CDATA[net.thucydides.core.webdriver.exceptions.ElementShouldBeEnabledException: Expected enabled element was not enabled
Caused by: org.openqa.selenium.TimeoutException: Expected condition failed: waiting for By.xpath: //div[@class='MuiCardActions-root MuiCardActions-spacing css-1k3fh4f'] to be enabled (tried for 5 second(s) with 100 milliseconds interval)
Caused by: org.openqa.selenium.NoSuchElementException: 
no such element: Unable to locate element: {"method":"xpath","selector":"//div[@class='MuiCardActions-root MuiCardActions-spacing css-1k3fh4f']"}
  (Session info: chrome=108.0.5359.125)
For documentation on this error, please visit: https://selenium.dev/exceptions/#no_such_element
Build info: version: '4.1.2', revision: '9a5a329c5a'
System info: host: 'LAPTOP-CFD9EV6G', ip: '192.168.100.29', os.name: 'Windows 11', os.arch: 'amd64', os.version: '10.0', java.version: '11.0.16'
Driver info: org.openqa.selenium.chrome.ChromeDriver
Command: [0a03005dd44338bdb455bada3e0572db, findElement {using=xpath, value=//div[@class='MuiCardActions-root MuiCardActions-spacing css-1k3fh4f']}]
Capabilities {acceptInsecureCerts: false, browserName: chrome, browserVersion: 108.0.5359.125, chrome: {chromedriverVersion: 108.0.5359.71 (1e0e3868ee06..., userDataDir: C:\Users\ASUSTUF\AppData\Lo...}, goog:chromeOptions: {debuggerAddress: localhost:60887}, javascriptEnabled: true, networkConnectionEnabled: false, pageLoadStrategy: normal, platform: WINDOWS, platformName: WINDOWS, proxy: Proxy(), se:cdp: ws://localhost:60887/devtoo..., se:cdpVersion: 108.0.5359.125, setWindowRect: true, strictFileInteractability: false, timeouts: {implicit: 0, pageLoad: 300000, script: 30000}, unhandledPromptBehavior: dismiss and notify, webauthn:extension:credBlob: true, webauthn:extension:largeBlob: true, webauthn:virtualAuthenticators: true}
Session ID: 0a03005dd44338bdb455bada3e0572db
]]></error>
    <system-out><![CDATA[
Scenario: Reject a vaccination booking &amp#27;[90m# src/test/resources/features/ManageVaccinationBookings.feature:23&amp#27;[0m
13:41:23.568 [main] INFO io.cucumber.core.plugin.SerenityReporter - Running feature from file:///C:/Users/ASUSTUF/OneDrive/Documents/Capstone%20Project/Web%20Automation/src/test/resources/features/ManageVaccinationBookings.feature
13:41:23.571 [main] INFO  - 
  _____   ___   ___   _____     ___   _____     _     ___   _____   ___   ___  
 |_   _| | __| / __| |_   _|   / __| |_   _|   /_\   | _ \ |_   _| | __| |   \ 
   | |   | _|  \__ \   | |     \__ \   | |    / _ \  |   /   | |   | _|  | |) |
   |_|   |___| |___/   |_|     |___/   |_|   /_/ \_\ |_|_\   |_|   |___| |___/ 

Reject a vaccination booking(manage-vaccination-bookings;reject-a-vaccination-booking)
--------------------------------------------------------------------------------
13:41:23.603 [main] INFO net.serenitybdd.core.webdriver.driverproviders.ChromeDriverProvider - Using automatically driver download
13:41:23.784 [main] DEBUG io.github.bonigarcia.wdm.cache.ResolutionCache - Resolution chrome=108 in cache (valid until 14:40:45 21/12/2022 ICT)
13:41:23.788 [main] DEBUG io.github.bonigarcia.wdm.cache.ResolutionCache - Resolution chrome108=108.0.5359.71 in cache (valid until 13:40:45 22/12/2022 ICT)
13:41:23.791 [main] INFO io.github.bonigarcia.wdm.WebDriverManager - Using chromedriver 108.0.5359.71 (resolved driver for Chrome 108)
13:41:23.808 [main] DEBUG io.github.bonigarcia.wdm.WebDriverManager - Driver chromedriver 108.0.5359.71 found in cache
13:41:23.809 [main] INFO io.github.bonigarcia.wdm.WebDriverManager - Exporting webdriver.chrome.driver as C:\Users\ASUSTUF\.cache\selenium\chromedriver\win32\108.0.5359.71\chromedriver.exe
13:41:23.985 [main] DEBUG net.serenitybdd.core.webdriver.driverproviders.ProvideNewDriver - Instantiating driver
13:41:23.985 [main] DEBUG net.serenitybdd.core.webdriver.driverproviders.ProvideNewDriver - Driver capabilities: Capabilities {acceptInsecureCerts: false, base.url: https://vaksin-id.netlify.app/, browserName: chrome, chrome.driver: src/test/resources/webdrive..., driver: chrome, goog:chromeOptions: {args: [], extensions: []}}
13:41:24.230 [AsyncHttpClient-1-1] DEBUG org.asynchttpclient.netty.channel.DefaultChannelPool - Entry count for : http://localhost:60854 : 1
13:41:24.230 [AsyncHttpClient-1-1] DEBUG org.asynchttpclient.netty.channel.DefaultChannelPool - Entry count for : http://localhost:57846 : 1
13:41:24.230 [AsyncHttpClient-1-1] DEBUG org.asynchttpclient.netty.channel.DefaultChannelPool - Adding Candidate expired Channel [id: 0xeb9b9526, L:/127.0.0.1:60860 ! R:localhost/127.0.0.1:60854] isIdleTimeoutExpired=false isRemotelyClosed=true isTtlExpired=false
13:41:24.230 [AsyncHttpClient-1-1] DEBUG org.asynchttpclient.netty.channel.DefaultChannelPool - Closing Idle Channel [id: 0xeb9b9526, L:/127.0.0.1:60860 ! R:localhost/127.0.0.1:60854]
13:41:24.230 [AsyncHttpClient-1-1] DEBUG org.asynchttpclient.netty.channel.DefaultChannelPool - Adding Candidate expired Channel [id: 0x8a9c5bbf, L:/127.0.0.1:60853 ! R:localhost/127.0.0.1:57846] isIdleTimeoutExpired=false isRemotelyClosed=true isTtlExpired=false
13:41:24.230 [AsyncHttpClient-1-1] DEBUG org.asynchttpclient.netty.channel.DefaultChannelPool - Closing Idle Channel [id: 0x8a9c5bbf, L:/127.0.0.1:60853 ! R:localhost/127.0.0.1:57846]
13:41:24.231 [AsyncHttpClient-1-1] DEBUG org.asynchttpclient.netty.channel.DefaultChannelPool - Closed 2 connections out of 2 in 1 ms
13:41:24.383 [AsyncHttpClient-1-8] DEBUG org.asynchttpclient.netty.channel.NettyConnectListener - Using new Channel '[id: 0x30928695, L:/127.0.0.1:60886 - R:localhost/127.0.0.1:53783]' for 'POST' to '/session'
13:41:25.137 [AsyncHttpClient-1-8] DEBUG org.asynchttpclient.netty.handler.HttpHandler - 

Request DefaultHttpRequest(decodeResult: success, version: HTTP/1.1)
POST /session HTTP/1.1
User-Agent: selenium/4.1.2 (java windows)
Content-Length: 616
Content-Type: application/json; charset=utf-8
host: localhost:53783
accept: */*

Response DefaultHttpResponse(decodeResult: success, version: HTTP/1.1)
HTTP/1.1 200 OK
Content-Type: application/json; charset=utf-8
cache-control: no-cache
content-length: 794

13:41:25.137 [AsyncHttpClient-1-8] DEBUG org.asynchttpclient.netty.channel.ChannelManager - Adding key: http://localhost:53783 for channel [id: 0x30928695, L:/127.0.0.1:60886 - R:localhost/127.0.0.1:53783]
13:41:25.169 [AsyncHttpClient-1-9] DEBUG org.asynchttpclient.netty.channel.NettyConnectListener - Using new Channel '[id: 0xce49651a, L:/127.0.0.1:60893 - R:localhost/127.0.0.1:60887]' for 'GET' to '/json/version'
13:41:25.180 [AsyncHttpClient-1-9] DEBUG org.asynchttpclient.netty.handler.HttpHandler - 

Request DefaultFullHttpRequest(decodeResult: success, version: HTTP/1.1, content: EmptyByteBufBE)
GET /json/version HTTP/1.1
User-Agent: selenium/4.1.2 (java windows)
host: localhost:60887
accept: */*

Response DefaultHttpResponse(decodeResult: success, version: HTTP/1.1)
HTTP/1.1 200 OK
Content-Type: application/json; charset=UTF-8
content-length: 424

13:41:25.182 [AsyncHttpClient-1-9] DEBUG org.asynchttpclient.netty.channel.ChannelManager - Adding key: http://localhost:60887 for channel [id: 0xce49651a, L:/127.0.0.1:60893 - R:localhost/127.0.0.1:60887]
13:41:25.193 [AsyncHttpClient-1-10] DEBUG org.asynchttpclient.netty.channel.NettyConnectListener - Using new Channel '[id: 0x6d63b77c, L:/127.0.0.1:60894 - R:localhost/127.0.0.1:60887]' for 'GET' to '/devtools/browser/1d1c4883-f616-4fb5-bee7-c8a276b80c8a'
13:41:25.220 [AsyncHttpClient-1-10] DEBUG org.asynchttpclient.netty.handler.WebSocketHandler - 

Request DefaultFullHttpRequest(decodeResult: success, version: HTTP/1.1, content: EmptyByteBufBE)
GET /devtools/browser/1d1c4883-f616-4fb5-bee7-c8a276b80c8a HTTP/1.1
upgrade: websocket
connection: upgrade
sec-websocket-key: R4+rdmeg5KCs+q8rZGX3+A==
sec-websocket-version: 13
origin: http://localhost:60887
host: localhost:60887
accept: */*
user-agent: AHC/2.1

Response DefaultHttpResponse(decodeResult: success, version: HTTP/1.1)
HTTP/1.1 101 WebSocket Protocol Handshake
Upgrade: WebSocket
Connection: Upgrade
Sec-WebSocket-Accept: OpQhmjElxcQz/2kZpl1mwSZWaMI=

13:41:25.234 [Forwarding get on session 0a03005dd44338bdb455bada3e0572db to remote] DEBUG org.asynchttpclient.netty.request.NettyRequestSender - Using pooled Channel '[id: 0x30928695, L:/127.0.0.1:60886 - R:localhost/127.0.0.1:53783]' for 'POST' to 'http://localhost:53783/session/0a03005dd44338bdb455bada3e0572db/url'
13:41:25.234 [Forwarding get on session 0a03005dd44338bdb455bada3e0572db to remote] DEBUG org.asynchttpclient.netty.request.NettyRequestSender - Using open Channel [id: 0x30928695, L:/127.0.0.1:60886 - R:localhost/127.0.0.1:53783] for POST '/session/0a03005dd44338bdb455bada3e0572db/url'
13:41:25.332 [AsyncHttpClient-1-1] DEBUG org.asynchttpclient.netty.channel.DefaultChannelPool - Entry count for : http://localhost:60887 : 1
13:41:26.430 [AsyncHttpClient-1-1] DEBUG org.asynchttpclient.netty.channel.DefaultChannelPool - Entry count for : http://localhost:60887 : 1
13:41:26.688 [AsyncHttpClient-1-8] DEBUG org.asynchttpclient.netty.handler.HttpHandler - 

Request DefaultHttpRequest(decodeResult: success, version: HTTP/1.1)
POST /session/0a03005dd44338bdb455bada3e0572db/url HTTP/1.1
User-Agent: selenium/4.1.2 (java windows)
Content-Length: 60
Content-Type: application/json; charset=utf-8
host: localhost:53783
accept: */*

Response DefaultHttpResponse(decodeResult: success, version: HTTP/1.1)
HTTP/1.1 200 OK
Content-Type: application/json; charset=utf-8
cache-control: no-cache
content-length: 14

13:41:26.689 [AsyncHttpClient-1-8] DEBUG org.asynchttpclient.netty.channel.ChannelManager - Adding key: http://localhost:53783 for channel [id: 0x30928695, L:/127.0.0.1:60886 - R:localhost/127.0.0.1:53783]
13:41:26.692 [Forwarding setTimeout on session 0a03005dd44338bdb455bada3e0572db to remote] DEBUG org.asynchttpclient.netty.request.NettyRequestSender - Using pooled Channel '[id: 0x30928695, L:/127.0.0.1:60886 - R:localhost/127.0.0.1:53783]' for 'POST' to 'http://localhost:53783/session/0a03005dd44338bdb455bada3e0572db/timeouts'
13:41:26.692 [Forwarding setTimeout on session 0a03005dd44338bdb455bada3e0572db to remote] DEBUG org.asynchttpclient.netty.request.NettyRequestSender - Using open Channel [id: 0x30928695, L:/127.0.0.1:60886 - R:localhost/127.0.0.1:53783] for POST '/session/0a03005dd44338bdb455bada3e0572db/timeouts'
13:41:26.693 [AsyncHttpClient-1-8] DEBUG org.asynchttpclient.netty.handler.HttpHandler - 

Request DefaultHttpRequest(decodeResult: success, version: HTTP/1.1)
POST /session/0a03005dd44338bdb455bada3e0572db/timeouts HTTP/1.1
User-Agent: selenium/4.1.2 (java windows)
Content-Length: 22
Content-Type: application/json; charset=utf-8
host: localhost:53783
accept: */*

Response DefaultHttpResponse(decodeResult: success, version: HTTP/1.1)
HTTP/1.1 200 OK
Content-Type: application/json; charset=utf-8
cache-control: no-cache
content-length: 14

13:41:26.693 [AsyncHttpClient-1-8] DEBUG org.asynchttpclient.netty.channel.ChannelManager - Adding key: http://localhost:53783 for channel [id: 0x30928695, L:/127.0.0.1:60886 - R:localhost/127.0.0.1:53783]
13:41:26.697 [Forwarding getCurrentUrl on session 0a03005dd44338bdb455bada3e0572db to remote] DEBUG org.asynchttpclient.netty.request.NettyRequestSender - Using pooled Channel '[id: 0x30928695, L:/127.0.0.1:60886 - R:localhost/127.0.0.1:53783]' for 'GET' to 'http://localhost:53783/session/0a03005dd44338bdb455bada3e0572db/url'
13:41:26.697 [Forwarding getCurrentUrl on session 0a03005dd44338bdb455bada3e0572db to remote] DEBUG org.asynchttpclient.netty.request.NettyRequestSender - Using open Channel [id: 0x30928695, L:/127.0.0.1:60886 - R:localhost/127.0.0.1:53783] for GET '/session/0a03005dd44338bdb455bada3e0572db/url'
13:41:26.718 [AsyncHttpClient-1-8] DEBUG org.asynchttpclient.netty.handler.HttpHandler - 

Request DefaultFullHttpRequest(decodeResult: success, version: HTTP/1.1, content: EmptyByteBufBE)
GET /session/0a03005dd44338bdb455bada3e0572db/url HTTP/1.1
User-Agent: selenium/4.1.2 (java windows)
Cache-Control: no-cache
Content-Type: application/json; charset=utf-8
host: localhost:53783
accept: */*

Response DefaultHttpResponse(decodeResult: success, version: HTTP/1.1)
HTTP/1.1 200 OK
Content-Type: application/json; charset=utf-8
cache-control: no-cache
content-length: 42

13:41:26.718 [AsyncHttpClient-1-8] DEBUG org.asynchttpclient.netty.channel.ChannelManager - Adding key: http://localhost:53783 for channel [id: 0x30928695, L:/127.0.0.1:60886 - R:localhost/127.0.0.1:53783]
  &amp#27;[32mGiven &amp#27;[0m&amp#27;[32mI am on landing page&amp#27;[0m           &amp#27;[90m# starter.stepdefinitions.ManageVaccinationBookingsSteps.iAmOnLandingPage()&amp#27;[0m
13:41:26.726 [Forwarding screenshot on session 0a03005dd44338bdb455bada3e0572db to remote] DEBUG org.asynchttpclient.netty.request.NettyRequestSender - Using pooled Channel '[id: 0x30928695, L:/127.0.0.1:60886 - R:localhost/127.0.0.1:53783]' for 'GET' to 'http://localhost:53783/session/0a03005dd44338bdb455bada3e0572db/screenshot'
13:41:26.727 [Forwarding screenshot on session 0a03005dd44338bdb455bada3e0572db to remote] DEBUG org.asynchttpclient.netty.request.NettyRequestSender - Using open Channel [id: 0x30928695, L:/127.0.0.1:60886 - R:localhost/127.0.0.1:53783] for GET '/session/0a03005dd44338bdb455bada3e0572db/screenshot'
13:41:27.529 [AsyncHttpClient-1-1] DEBUG org.asynchttpclient.netty.channel.DefaultChannelPool - Entry count for : http://localhost:60887 : 1
13:41:27.769 [AsyncHttpClient-1-8] DEBUG org.asynchttpclient.netty.handler.HttpHandler - 

Request DefaultFullHttpRequest(decodeResult: success, version: HTTP/1.1, content: EmptyByteBufBE)
GET /session/0a03005dd44338bdb455bada3e0572db/screenshot HTTP/1.1
User-Agent: selenium/4.1.2 (java windows)
Cache-Control: no-cache
Content-Type: application/json; charset=utf-8
host: localhost:53783
accept: */*

Response DefaultHttpResponse(decodeResult: success, version: HTTP/1.1)
HTTP/1.1 200 OK
Content-Type: application/json; charset=utf-8
cache-control: no-cache
content-length: 847132

13:41:27.793 [AsyncHttpClient-1-8] DEBUG org.asynchttpclient.netty.channel.ChannelManager - Adding key: http://localhost:53783 for channel [id: 0x30928695, L:/127.0.0.1:60886 - R:localhost/127.0.0.1:53783]
13:41:27.848 [main] DEBUG net.serenitybdd.core.photography.Darkroom - Send negative for processing for target\site\serenity\ff3b83dd42f508d91c0c8488aed412149de34b436c7528a8caa8428592644731.png
13:41:27.871 [Forwarding findElement on session 0a03005dd44338bdb455bada3e0572db to remote] DEBUG org.asynchttpclient.netty.request.NettyRequestSender - Using pooled Channel '[id: 0x30928695, L:/127.0.0.1:60886 - R:localhost/127.0.0.1:53783]' for 'POST' to 'http://localhost:53783/session/0a03005dd44338bdb455bada3e0572db/element'
13:41:27.871 [Forwarding findElement on session 0a03005dd44338bdb455bada3e0572db to remote] DEBUG org.asynchttpclient.netty.request.NettyRequestSender - Using open Channel [id: 0x30928695, L:/127.0.0.1:60886 - R:localhost/127.0.0.1:53783] for POST '/session/0a03005dd44338bdb455bada3e0572db/element'
13:41:27.888 [AsyncHttpClient-1-8] DEBUG org.asynchttpclient.netty.handler.HttpHandler - 

Request DefaultHttpRequest(decodeResult: success, version: HTTP/1.1)
POST /session/0a03005dd44338bdb455bada3e0572db/element HTTP/1.1
User-Agent: selenium/4.1.2 (java windows)
Content-Length: 315
Content-Type: application/json; charset=utf-8
host: localhost:53783
accept: */*

Response DefaultHttpResponse(decodeResult: success, version: HTTP/1.1)
HTTP/1.1 200 OK
Content-Type: application/json; charset=utf-8
cache-control: no-cache
content-length: 88

13:41:27.888 [AsyncHttpClient-1-8] DEBUG org.asynchttpclient.netty.channel.ChannelManager - Adding key: http://localhost:53783 for channel [id: 0x30928695, L:/127.0.0.1:60886 - R:localhost/127.0.0.1:53783]
13:41:27.891 [Forwarding getElementTagName on session 0a03005dd44338bdb455bada3e0572db to remote] DEBUG org.asynchttpclient.netty.request.NettyRequestSender - Using pooled Channel '[id: 0x30928695, L:/127.0.0.1:60886 - R:localhost/127.0.0.1:53783]' for 'GET' to 'http://localhost:53783/session/0a03005dd44338bdb455bada3e0572db/element/94e28f66-6e43-44a8-9f25-83e2c89bf51c/name'
13:41:27.891 [Forwarding getElementTagName on session 0a03005dd44338bdb455bada3e0572db to remote] DEBUG org.asynchttpclient.netty.request.NettyRequestSender - Using open Channel [id: 0x30928695, L:/127.0.0.1:60886 - R:localhost/127.0.0.1:53783] for GET '/session/0a03005dd44338bdb455bada3e0572db/element/94e28f66-6e43-44a8-9f25-83e2c89bf51c/name'
13:41:27.896 [AsyncHttpClient-1-8] DEBUG org.asynchttpclient.netty.handler.HttpHandler - 

Request DefaultFullHttpRequest(decodeResult: success, version: HTTP/1.1, content: EmptyByteBufBE)
GET /session/0a03005dd44338bdb455bada3e0572db/element/94e28f66-6e43-44a8-9f25-83e2c89bf51c/name HTTP/1.1
User-Agent: selenium/4.1.2 (java windows)
Cache-Control: no-cache
Content-Type: application/json; charset=utf-8
host: localhost:53783
accept: */*

Response DefaultHttpResponse(decodeResult: success, version: HTTP/1.1)
HTTP/1.1 200 OK
Content-Type: application/json; charset=utf-8
cache-control: no-cache
content-length: 18

13:41:27.896 [AsyncHttpClient-1-8] DEBUG org.asynchttpclient.netty.channel.ChannelManager - Adding key: http://localhost:53783 for channel [id: 0x30928695, L:/127.0.0.1:60886 - R:localhost/127.0.0.1:53783]
13:41:27.898 [Forwarding getElementTagName on session 0a03005dd44338bdb455bada3e0572db to remote] DEBUG org.asynchttpclient.netty.request.NettyRequestSender - Using pooled Channel '[id: 0x30928695, L:/127.0.0.1:60886 - R:localhost/127.0.0.1:53783]' for 'GET' to 'http://localhost:53783/session/0a03005dd44338bdb455bada3e0572db/element/94e28f66-6e43-44a8-9f25-83e2c89bf51c/name'
13:41:27.898 [Forwarding getElementTagName on session 0a03005dd44338bdb455bada3e0572db to remote] DEBUG org.asynchttpclient.netty.request.NettyRequestSender - Using open Channel [id: 0x30928695, L:/127.0.0.1:60886 - R:localhost/127.0.0.1:53783] for GET '/session/0a03005dd44338bdb455bada3e0572db/element/94e28f66-6e43-44a8-9f25-83e2c89bf51c/name'
13:41:27.904 [AsyncHttpClient-1-8] DEBUG org.asynchttpclient.netty.handler.HttpHandler - 

Request DefaultFullHttpRequest(decodeResult: success, version: HTTP/1.1, content: EmptyByteBufBE)
GET /session/0a03005dd44338bdb455bada3e0572db/element/94e28f66-6e43-44a8-9f25-83e2c89bf51c/name HTTP/1.1
User-Agent: selenium/4.1.2 (java windows)
Cache-Control: no-cache
Content-Type: application/json; charset=utf-8
host: localhost:53783
accept: */*

Response DefaultHttpResponse(decodeResult: success, version: HTTP/1.1)
HTTP/1.1 200 OK
Content-Type: application/json; charset=utf-8
cache-control: no-cache
content-length: 18

13:41:27.904 [AsyncHttpClient-1-8] DEBUG org.asynchttpclient.netty.channel.ChannelManager - Adding key: http://localhost:53783 for channel [id: 0x30928695, L:/127.0.0.1:60886 - R:localhost/127.0.0.1:53783]
13:41:27.908 [Forwarding isElementEnabled on session 0a03005dd44338bdb455bada3e0572db to remote] DEBUG org.asynchttpclient.netty.request.NettyRequestSender - Using pooled Channel '[id: 0x30928695, L:/127.0.0.1:60886 - R:localhost/127.0.0.1:53783]' for 'GET' to 'http://localhost:53783/session/0a03005dd44338bdb455bada3e0572db/element/94e28f66-6e43-44a8-9f25-83e2c89bf51c/enabled'
13:41:27.908 [Forwarding isElementEnabled on session 0a03005dd44338bdb455bada3e0572db to remote] DEBUG org.asynchttpclient.netty.request.NettyRequestSender - Using open Channel [id: 0x30928695, L:/127.0.0.1:60886 - R:localhost/127.0.0.1:53783] for GET '/session/0a03005dd44338bdb455bada3e0572db/element/94e28f66-6e43-44a8-9f25-83e2c89bf51c/enabled'
13:41:27.920 [AsyncHttpClient-1-8] DEBUG org.asynchttpclient.netty.handler.HttpHandler - 

Request DefaultFullHttpRequest(decodeResult: success, version: HTTP/1.1, content: EmptyByteBufBE)
GET /session/0a03005dd44338bdb455bada3e0572db/element/94e28f66-6e43-44a8-9f25-83e2c89bf51c/enabled HTTP/1.1
User-Agent: selenium/4.1.2 (java windows)
Cache-Control: no-cache
Content-Type: application/json; charset=utf-8
host: localhost:53783
accept: */*

Response DefaultHttpResponse(decodeResult: success, version: HTTP/1.1)
HTTP/1.1 200 OK
Content-Type: application/json; charset=utf-8
cache-control: no-cache
content-length: 14

13:41:27.920 [AsyncHttpClient-1-8] DEBUG org.asynchttpclient.netty.channel.ChannelManager - Adding key: http://localhost:53783 for channel [id: 0x30928695, L:/127.0.0.1:60886 - R:localhost/127.0.0.1:53783]
13:41:27.922 [Forwarding isElementEnabled on session 0a03005dd44338bdb455bada3e0572db to remote] DEBUG org.asynchttpclient.netty.request.NettyRequestSender - Using pooled Channel '[id: 0x30928695, L:/127.0.0.1:60886 - R:localhost/127.0.0.1:53783]' for 'GET' to 'http://localhost:53783/session/0a03005dd44338bdb455bada3e0572db/element/94e28f66-6e43-44a8-9f25-83e2c89bf51c/enabled'
13:41:27.922 [Forwarding isElementEnabled on session 0a03005dd44338bdb455bada3e0572db to remote] DEBUG org.asynchttpclient.netty.request.NettyRequestSender - Using open Channel [id: 0x30928695, L:/127.0.0.1:60886 - R:localhost/127.0.0.1:53783] for GET '/session/0a03005dd44338bdb455bada3e0572db/element/94e28f66-6e43-44a8-9f25-83e2c89bf51c/enabled'
13:41:27.932 [AsyncHttpClient-1-8] DEBUG org.asynchttpclient.netty.handler.HttpHandler - 

Request DefaultFullHttpRequest(decodeResult: success, version: HTTP/1.1, content: EmptyByteBufBE)
GET /session/0a03005dd44338bdb455bada3e0572db/element/94e28f66-6e43-44a8-9f25-83e2c89bf51c/enabled HTTP/1.1
User-Agent: selenium/4.1.2 (java windows)
Cache-Control: no-cache
Content-Type: application/json; charset=utf-8
host: localhost:53783
accept: */*

Response DefaultHttpResponse(decodeResult: success, version: HTTP/1.1)
HTTP/1.1 200 OK
Content-Type: application/json; charset=utf-8
cache-control: no-cache
content-length: 14

13:41:27.932 [AsyncHttpClient-1-8] DEBUG org.asynchttpclient.netty.channel.ChannelManager - Adding key: http://localhost:53783 for channel [id: 0x30928695, L:/127.0.0.1:60886 - R:localhost/127.0.0.1:53783]
13:41:27.936 [Forwarding findElement on session 0a03005dd44338bdb455bada3e0572db to remote] DEBUG org.asynchttpclient.netty.request.NettyRequestSender - Using pooled Channel '[id: 0x30928695, L:/127.0.0.1:60886 - R:localhost/127.0.0.1:53783]' for 'POST' to 'http://localhost:53783/session/0a03005dd44338bdb455bada3e0572db/element'
13:41:27.936 [Forwarding findElement on session 0a03005dd44338bdb455bada3e0572db to remote] DEBUG org.asynchttpclient.netty.request.NettyRequestSender - Using open Channel [id: 0x30928695, L:/127.0.0.1:60886 - R:localhost/127.0.0.1:53783] for POST '/session/0a03005dd44338bdb455bada3e0572db/element'
13:41:27.945 [AsyncHttpClient-1-8] DEBUG org.asynchttpclient.netty.handler.HttpHandler - 

Request DefaultHttpRequest(decodeResult: success, version: HTTP/1.1)
POST /session/0a03005dd44338bdb455bada3e0572db/element HTTP/1.1
User-Agent: selenium/4.1.2 (java windows)
Content-Length: 315
Content-Type: application/json; charset=utf-8
host: localhost:53783
accept: */*

Response DefaultHttpResponse(decodeResult: success, version: HTTP/1.1)
HTTP/1.1 200 OK
Content-Type: application/json; charset=utf-8
cache-control: no-cache
content-length: 88

13:41:27.945 [AsyncHttpClient-1-8] DEBUG org.asynchttpclient.netty.channel.ChannelManager - Adding key: http://localhost:53783 for channel [id: 0x30928695, L:/127.0.0.1:60886 - R:localhost/127.0.0.1:53783]
13:41:27.946 [Forwarding clickElement on session 0a03005dd44338bdb455bada3e0572db to remote] DEBUG org.asynchttpclient.netty.request.NettyRequestSender - Using pooled Channel '[id: 0x30928695, L:/127.0.0.1:60886 - R:localhost/127.0.0.1:53783]' for 'POST' to 'http://localhost:53783/session/0a03005dd44338bdb455bada3e0572db/element/94e28f66-6e43-44a8-9f25-83e2c89bf51c/click'
13:41:27.946 [Forwarding clickElement on session 0a03005dd44338bdb455bada3e0572db to remote] DEBUG org.asynchttpclient.netty.request.NettyRequestSender - Using open Channel [id: 0x30928695, L:/127.0.0.1:60886 - R:localhost/127.0.0.1:53783] for POST '/session/0a03005dd44338bdb455bada3e0572db/element/94e28f66-6e43-44a8-9f25-83e2c89bf51c/click'
13:41:28.066 [AsyncHttpClient-1-8] DEBUG org.asynchttpclient.netty.handler.HttpHandler - 

Request DefaultHttpRequest(decodeResult: success, version: HTTP/1.1)
POST /session/0a03005dd44338bdb455bada3e0572db/element/94e28f66-6e43-44a8-9f25-83e2c89bf51c/click HTTP/1.1
User-Agent: selenium/4.1.2 (java windows)
Content-Length: 50
Content-Type: application/json; charset=utf-8
host: localhost:53783
accept: */*

Response DefaultHttpResponse(decodeResult: success, version: HTTP/1.1)
HTTP/1.1 200 OK
Content-Type: application/json; charset=utf-8
cache-control: no-cache
content-length: 14

13:41:28.067 [AsyncHttpClient-1-8] DEBUG org.asynchttpclient.netty.channel.ChannelManager - Adding key: http://localhost:53783 for channel [id: 0x30928695, L:/127.0.0.1:60886 - R:localhost/127.0.0.1:53783]
13:41:28.072 [Forwarding findElement on session 0a03005dd44338bdb455bada3e0572db to remote] DEBUG org.asynchttpclient.netty.request.NettyRequestSender - Using pooled Channel '[id: 0x30928695, L:/127.0.0.1:60886 - R:localhost/127.0.0.1:53783]' for 'POST' to 'http://localhost:53783/session/0a03005dd44338bdb455bada3e0572db/element'
13:41:28.072 [Forwarding findElement on session 0a03005dd44338bdb455bada3e0572db to remote] DEBUG org.asynchttpclient.netty.request.NettyRequestSender - Using open Channel [id: 0x30928695, L:/127.0.0.1:60886 - R:localhost/127.0.0.1:53783] for POST '/session/0a03005dd44338bdb455bada3e0572db/element'
13:41:28.087 [AsyncHttpClient-1-8] DEBUG org.asynchttpclient.netty.handler.HttpHandler - 

Request DefaultHttpRequest(decodeResult: success, version: HTTP/1.1)
POST /session/0a03005dd44338bdb455bada3e0572db/element HTTP/1.1
User-Agent: selenium/4.1.2 (java windows)
Content-Length: 69
Content-Type: application/json; charset=utf-8
host: localhost:53783
accept: */*

Response DefaultHttpResponse(decodeResult: success, version: HTTP/1.1)
HTTP/1.1 200 OK
Content-Type: application/json; charset=utf-8
cache-control: no-cache
content-length: 88

13:41:28.087 [AsyncHttpClient-1-8] DEBUG org.asynchttpclient.netty.channel.ChannelManager - Adding key: http://localhost:53783 for channel [id: 0x30928695, L:/127.0.0.1:60886 - R:localhost/127.0.0.1:53783]
13:41:28.092 [Forwarding clearElement on session 0a03005dd44338bdb455bada3e0572db to remote] DEBUG org.asynchttpclient.netty.request.NettyRequestSender - Using pooled Channel '[id: 0x30928695, L:/127.0.0.1:60886 - R:localhost/127.0.0.1:53783]' for 'POST' to 'http://localhost:53783/session/0a03005dd44338bdb455bada3e0572db/element/03aab9b7-eaa8-469e-aec9-7811755a6770/clear'
13:41:28.092 [Forwarding clearElement on session 0a03005dd44338bdb455bada3e0572db to remote] DEBUG org.asynchttpclient.netty.request.NettyRequestSender - Using open Channel [id: 0x30928695, L:/127.0.0.1:60886 - R:localhost/127.0.0.1:53783] for POST '/session/0a03005dd44338bdb455bada3e0572db/element/03aab9b7-eaa8-469e-aec9-7811755a6770/clear'
13:41:28.142 [AsyncHttpClient-1-8] DEBUG org.asynchttpclient.netty.handler.HttpHandler - 

Request DefaultHttpRequest(decodeResult: success, version: HTTP/1.1)
POST /session/0a03005dd44338bdb455bada3e0572db/element/03aab9b7-eaa8-469e-aec9-7811755a6770/clear HTTP/1.1
User-Agent: selenium/4.1.2 (java windows)
Content-Length: 50
Content-Type: application/json; charset=utf-8
host: localhost:53783
accept: */*

Response DefaultHttpResponse(decodeResult: success, version: HTTP/1.1)
HTTP/1.1 200 OK
Content-Type: application/json; charset=utf-8
cache-control: no-cache
content-length: 14

13:41:28.142 [AsyncHttpClient-1-8] DEBUG org.asynchttpclient.netty.channel.ChannelManager - Adding key: http://localhost:53783 for channel [id: 0x30928695, L:/127.0.0.1:60886 - R:localhost/127.0.0.1:53783]
13:41:28.145 [Forwarding sendKeysToElement on session 0a03005dd44338bdb455bada3e0572db to remote] DEBUG org.asynchttpclient.netty.request.NettyRequestSender - Using pooled Channel '[id: 0x30928695, L:/127.0.0.1:60886 - R:localhost/127.0.0.1:53783]' for 'POST' to 'http://localhost:53783/session/0a03005dd44338bdb455bada3e0572db/element/03aab9b7-eaa8-469e-aec9-7811755a6770/value'
13:41:28.145 [Forwarding sendKeysToElement on session 0a03005dd44338bdb455bada3e0572db to remote] DEBUG org.asynchttpclient.netty.request.NettyRequestSender - Using open Channel [id: 0x30928695, L:/127.0.0.1:60886 - R:localhost/127.0.0.1:53783] for POST '/session/0a03005dd44338bdb455bada3e0572db/element/03aab9b7-eaa8-469e-aec9-7811755a6770/value'
13:41:28.467 [AsyncHttpClient-1-8] DEBUG org.asynchttpclient.netty.handler.HttpHandler - 

Request DefaultHttpRequest(decodeResult: success, version: HTTP/1.1)
POST /session/0a03005dd44338bdb455bada3e0572db/element/03aab9b7-eaa8-469e-aec9-7811755a6770/value HTTP/1.1
User-Agent: selenium/4.1.2 (java windows)
Content-Length: 411
Content-Type: application/json; charset=utf-8
host: localhost:53783
accept: */*

Response DefaultHttpResponse(decodeResult: success, version: HTTP/1.1)
HTTP/1.1 200 OK
Content-Type: application/json; charset=utf-8
cache-control: no-cache
content-length: 14

13:41:28.468 [AsyncHttpClient-1-8] DEBUG org.asynchttpclient.netty.channel.ChannelManager - Adding key: http://localhost:53783 for channel [id: 0x30928695, L:/127.0.0.1:60886 - R:localhost/127.0.0.1:53783]
13:41:28.475 [Forwarding findElement on session 0a03005dd44338bdb455bada3e0572db to remote] DEBUG org.asynchttpclient.netty.request.NettyRequestSender - Using pooled Channel '[id: 0x30928695, L:/127.0.0.1:60886 - R:localhost/127.0.0.1:53783]' for 'POST' to 'http://localhost:53783/session/0a03005dd44338bdb455bada3e0572db/element'
13:41:28.476 [Forwarding findElement on session 0a03005dd44338bdb455bada3e0572db to remote] DEBUG org.asynchttpclient.netty.request.NettyRequestSender - Using open Channel [id: 0x30928695, L:/127.0.0.1:60886 - R:localhost/127.0.0.1:53783] for POST '/session/0a03005dd44338bdb455bada3e0572db/element'
13:41:28.503 [AsyncHttpClient-1-8] DEBUG org.asynchttpclient.netty.handler.HttpHandler - 

Request DefaultHttpRequest(decodeResult: success, version: HTTP/1.1)
POST /session/0a03005dd44338bdb455bada3e0572db/element HTTP/1.1
User-Agent: selenium/4.1.2 (java windows)
Content-Length: 72
Content-Type: application/json; charset=utf-8
host: localhost:53783
accept: */*

Response DefaultHttpResponse(decodeResult: success, version: HTTP/1.1)
HTTP/1.1 200 OK
Content-Type: application/json; charset=utf-8
cache-control: no-cache
content-length: 88

13:41:28.504 [AsyncHttpClient-1-8] DEBUG org.asynchttpclient.netty.channel.ChannelManager - Adding key: http://localhost:53783 for channel [id: 0x30928695, L:/127.0.0.1:60886 - R:localhost/127.0.0.1:53783]
13:41:28.505 [Forwarding clearElement on session 0a03005dd44338bdb455bada3e0572db to remote] DEBUG org.asynchttpclient.netty.request.NettyRequestSender - Using pooled Channel '[id: 0x30928695, L:/127.0.0.1:60886 - R:localhost/127.0.0.1:53783]' for 'POST' to 'http://localhost:53783/session/0a03005dd44338bdb455bada3e0572db/element/d206695c-98df-4441-8937-eb2be7456dc8/clear'
13:41:28.505 [Forwarding clearElement on session 0a03005dd44338bdb455bada3e0572db to remote] DEBUG org.asynchttpclient.netty.request.NettyRequestSender - Using open Channel [id: 0x30928695, L:/127.0.0.1:60886 - R:localhost/127.0.0.1:53783] for POST '/session/0a03005dd44338bdb455bada3e0572db/element/d206695c-98df-4441-8937-eb2be7456dc8/clear'
13:41:28.573 [AsyncHttpClient-1-8] DEBUG org.asynchttpclient.netty.handler.HttpHandler - 

Request DefaultHttpRequest(decodeResult: success, version: HTTP/1.1)
POST /session/0a03005dd44338bdb455bada3e0572db/element/d206695c-98df-4441-8937-eb2be7456dc8/clear HTTP/1.1
User-Agent: selenium/4.1.2 (java windows)
Content-Length: 50
Content-Type: application/json; charset=utf-8
host: localhost:53783
accept: */*

Response DefaultHttpResponse(decodeResult: success, version: HTTP/1.1)
HTTP/1.1 200 OK
Content-Type: application/json; charset=utf-8
cache-control: no-cache
content-length: 14

13:41:28.574 [AsyncHttpClient-1-8] DEBUG org.asynchttpclient.netty.channel.ChannelManager - Adding key: http://localhost:53783 for channel [id: 0x30928695, L:/127.0.0.1:60886 - R:localhost/127.0.0.1:53783]
13:41:28.579 [Forwarding sendKeysToElement on session 0a03005dd44338bdb455bada3e0572db to remote] DEBUG org.asynchttpclient.netty.request.NettyRequestSender - Using pooled Channel '[id: 0x30928695, L:/127.0.0.1:60886 - R:localhost/127.0.0.1:53783]' for 'POST' to 'http://localhost:53783/session/0a03005dd44338bdb455bada3e0572db/element/d206695c-98df-4441-8937-eb2be7456dc8/value'
13:41:28.579 [Forwarding sendKeysToElement on session 0a03005dd44338bdb455bada3e0572db to remote] DEBUG org.asynchttpclient.netty.request.NettyRequestSender - Using open Channel [id: 0x30928695, L:/127.0.0.1:60886 - R:localhost/127.0.0.1:53783] for POST '/session/0a03005dd44338bdb455bada3e0572db/element/d206695c-98df-4441-8937-eb2be7456dc8/value'
13:41:28.630 [AsyncHttpClient-1-1] DEBUG org.asynchttpclient.netty.channel.DefaultChannelPool - Entry count for : http://localhost:60887 : 1
13:41:28.778 [AsyncHttpClient-1-8] DEBUG org.asynchttpclient.netty.handler.HttpHandler - 

Request DefaultHttpRequest(decodeResult: success, version: HTTP/1.1)
POST /session/0a03005dd44338bdb455bada3e0572db/element/d206695c-98df-4441-8937-eb2be7456dc8/value HTTP/1.1
User-Agent: selenium/4.1.2 (java windows)
Content-Length: 241
Content-Type: application/json; charset=utf-8
host: localhost:53783
accept: */*

Response DefaultHttpResponse(decodeResult: success, version: HTTP/1.1)
HTTP/1.1 200 OK
Content-Type: application/json; charset=utf-8
cache-control: no-cache
content-length: 14

13:41:28.779 [AsyncHttpClient-1-8] DEBUG org.asynchttpclient.netty.channel.ChannelManager - Adding key: http://localhost:53783 for channel [id: 0x30928695, L:/127.0.0.1:60886 - R:localhost/127.0.0.1:53783]
13:41:28.787 [Forwarding findElement on session 0a03005dd44338bdb455bada3e0572db to remote] DEBUG org.asynchttpclient.netty.request.NettyRequestSender - Using pooled Channel '[id: 0x30928695, L:/127.0.0.1:60886 - R:localhost/127.0.0.1:53783]' for 'POST' to 'http://localhost:53783/session/0a03005dd44338bdb455bada3e0572db/element'
13:41:28.787 [Forwarding findElement on session 0a03005dd44338bdb455bada3e0572db to remote] DEBUG org.asynchttpclient.netty.request.NettyRequestSender - Using open Channel [id: 0x30928695, L:/127.0.0.1:60886 - R:localhost/127.0.0.1:53783] for POST '/session/0a03005dd44338bdb455bada3e0572db/element'
13:41:28.803 [AsyncHttpClient-1-8] DEBUG org.asynchttpclient.netty.handler.HttpHandler - 

Request DefaultHttpRequest(decodeResult: success, version: HTTP/1.1)
POST /session/0a03005dd44338bdb455bada3e0572db/element HTTP/1.1
User-Agent: selenium/4.1.2 (java windows)
Content-Length: 321
Content-Type: application/json; charset=utf-8
host: localhost:53783
accept: */*

Response DefaultHttpResponse(decodeResult: success, version: HTTP/1.1)
HTTP/1.1 200 OK
Content-Type: application/json; charset=utf-8
cache-control: no-cache
content-length: 88

13:41:28.803 [AsyncHttpClient-1-8] DEBUG org.asynchttpclient.netty.channel.ChannelManager - Adding key: http://localhost:53783 for channel [id: 0x30928695, L:/127.0.0.1:60886 - R:localhost/127.0.0.1:53783]
13:41:28.805 [Forwarding getElementTagName on session 0a03005dd44338bdb455bada3e0572db to remote] DEBUG org.asynchttpclient.netty.request.NettyRequestSender - Using pooled Channel '[id: 0x30928695, L:/127.0.0.1:60886 - R:localhost/127.0.0.1:53783]' for 'GET' to 'http://localhost:53783/session/0a03005dd44338bdb455bada3e0572db/element/bb0a97b4-4385-4481-9b5f-b7d621a78396/name'
13:41:28.805 [Forwarding getElementTagName on session 0a03005dd44338bdb455bada3e0572db to remote] DEBUG org.asynchttpclient.netty.request.NettyRequestSender - Using open Channel [id: 0x30928695, L:/127.0.0.1:60886 - R:localhost/127.0.0.1:53783] for GET '/session/0a03005dd44338bdb455bada3e0572db/element/bb0a97b4-4385-4481-9b5f-b7d621a78396/name'
13:41:28.816 [AsyncHttpClient-1-8] DEBUG org.asynchttpclient.netty.handler.HttpHandler - 

Request DefaultFullHttpRequest(decodeResult: success, version: HTTP/1.1, content: EmptyByteBufBE)
GET /session/0a03005dd44338bdb455bada3e0572db/element/bb0a97b4-4385-4481-9b5f-b7d621a78396/name HTTP/1.1
User-Agent: selenium/4.1.2 (java windows)
Cache-Control: no-cache
Content-Type: application/json; charset=utf-8
host: localhost:53783
accept: */*

Response DefaultHttpResponse(decodeResult: success, version: HTTP/1.1)
HTTP/1.1 200 OK
Content-Type: application/json; charset=utf-8
cache-control: no-cache
content-length: 18

13:41:28.816 [AsyncHttpClient-1-8] DEBUG org.asynchttpclient.netty.channel.ChannelManager - Adding key: http://localhost:53783 for channel [id: 0x30928695, L:/127.0.0.1:60886 - R:localhost/127.0.0.1:53783]
13:41:28.818 [Forwarding getElementTagName on session 0a03005dd44338bdb455bada3e0572db to remote] DEBUG org.asynchttpclient.netty.request.NettyRequestSender - Using pooled Channel '[id: 0x30928695, L:/127.0.0.1:60886 - R:localhost/127.0.0.1:53783]' for 'GET' to 'http://localhost:53783/session/0a03005dd44338bdb455bada3e0572db/element/bb0a97b4-4385-4481-9b5f-b7d621a78396/name'
13:41:28.818 [Forwarding getElementTagName on session 0a03005dd44338bdb455bada3e0572db to remote] DEBUG org.asynchttpclient.netty.request.NettyRequestSender - Using open Channel [id: 0x30928695, L:/127.0.0.1:60886 - R:localhost/127.0.0.1:53783] for GET '/session/0a03005dd44338bdb455bada3e0572db/element/bb0a97b4-4385-4481-9b5f-b7d621a78396/name'
13:41:28.823 [AsyncHttpClient-1-8] DEBUG org.asynchttpclient.netty.handler.HttpHandler - 

Request DefaultFullHttpRequest(decodeResult: success, version: HTTP/1.1, content: EmptyByteBufBE)
GET /session/0a03005dd44338bdb455bada3e0572db/element/bb0a97b4-4385-4481-9b5f-b7d621a78396/name HTTP/1.1
User-Agent: selenium/4.1.2 (java windows)
Cache-Control: no-cache
Content-Type: application/json; charset=utf-8
host: localhost:53783
accept: */*

Response DefaultHttpResponse(decodeResult: success, version: HTTP/1.1)
HTTP/1.1 200 OK
Content-Type: application/json; charset=utf-8
cache-control: no-cache
content-length: 18

13:41:28.825 [AsyncHttpClient-1-8] DEBUG org.asynchttpclient.netty.channel.ChannelManager - Adding key: http://localhost:53783 for channel [id: 0x30928695, L:/127.0.0.1:60886 - R:localhost/127.0.0.1:53783]
13:41:28.829 [Forwarding isElementEnabled on session 0a03005dd44338bdb455bada3e0572db to remote] DEBUG org.asynchttpclient.netty.request.NettyRequestSender - Using pooled Channel '[id: 0x30928695, L:/127.0.0.1:60886 - R:localhost/127.0.0.1:53783]' for 'GET' to 'http://localhost:53783/session/0a03005dd44338bdb455bada3e0572db/element/bb0a97b4-4385-4481-9b5f-b7d621a78396/enabled'
13:41:28.829 [Forwarding isElementEnabled on session 0a03005dd44338bdb455bada3e0572db to remote] DEBUG org.asynchttpclient.netty.request.NettyRequestSender - Using open Channel [id: 0x30928695, L:/127.0.0.1:60886 - R:localhost/127.0.0.1:53783] for GET '/session/0a03005dd44338bdb455bada3e0572db/element/bb0a97b4-4385-4481-9b5f-b7d621a78396/enabled'
13:41:28.844 [AsyncHttpClient-1-8] DEBUG org.asynchttpclient.netty.handler.HttpHandler - 

Request DefaultFullHttpRequest(decodeResult: success, version: HTTP/1.1, content: EmptyByteBufBE)
GET /session/0a03005dd44338bdb455bada3e0572db/element/bb0a97b4-4385-4481-9b5f-b7d621a78396/enabled HTTP/1.1
User-Agent: selenium/4.1.2 (java windows)
Cache-Control: no-cache
Content-Type: application/json; charset=utf-8
host: localhost:53783
accept: */*

Response DefaultHttpResponse(decodeResult: success, version: HTTP/1.1)
HTTP/1.1 200 OK
Content-Type: application/json; charset=utf-8
cache-control: no-cache
content-length: 14

13:41:28.844 [AsyncHttpClient-1-8] DEBUG org.asynchttpclient.netty.channel.ChannelManager - Adding key: http://localhost:53783 for channel [id: 0x30928695, L:/127.0.0.1:60886 - R:localhost/127.0.0.1:53783]
13:41:28.846 [Forwarding isElementEnabled on session 0a03005dd44338bdb455bada3e0572db to remote] DEBUG org.asynchttpclient.netty.request.NettyRequestSender - Using pooled Channel '[id: 0x30928695, L:/127.0.0.1:60886 - R:localhost/127.0.0.1:53783]' for 'GET' to 'http://localhost:53783/session/0a03005dd44338bdb455bada3e0572db/element/bb0a97b4-4385-4481-9b5f-b7d621a78396/enabled'
13:41:28.846 [Forwarding isElementEnabled on session 0a03005dd44338bdb455bada3e0572db to remote] DEBUG org.asynchttpclient.netty.request.NettyRequestSender - Using open Channel [id: 0x30928695, L:/127.0.0.1:60886 - R:localhost/127.0.0.1:53783] for GET '/session/0a03005dd44338bdb455bada3e0572db/element/bb0a97b4-4385-4481-9b5f-b7d621a78396/enabled'
13:41:28.856 [AsyncHttpClient-1-8] DEBUG org.asynchttpclient.netty.handler.HttpHandler - 

Request DefaultFullHttpRequest(decodeResult: success, version: HTTP/1.1, content: EmptyByteBufBE)
GET /session/0a03005dd44338bdb455bada3e0572db/element/bb0a97b4-4385-4481-9b5f-b7d621a78396/enabled HTTP/1.1
User-Agent: selenium/4.1.2 (java windows)
Cache-Control: no-cache
Content-Type: application/json; charset=utf-8
host: localhost:53783
accept: */*

Response DefaultHttpResponse(decodeResult: success, version: HTTP/1.1)
HTTP/1.1 200 OK
Content-Type: application/json; charset=utf-8
cache-control: no-cache
content-length: 14

13:41:28.857 [AsyncHttpClient-1-8] DEBUG org.asynchttpclient.netty.channel.ChannelManager - Adding key: http://localhost:53783 for channel [id: 0x30928695, L:/127.0.0.1:60886 - R:localhost/127.0.0.1:53783]
13:41:28.862 [Forwarding findElement on session 0a03005dd44338bdb455bada3e0572db to remote] DEBUG org.asynchttpclient.netty.request.NettyRequestSender - Using pooled Channel '[id: 0x30928695, L:/127.0.0.1:60886 - R:localhost/127.0.0.1:53783]' for 'POST' to 'http://localhost:53783/session/0a03005dd44338bdb455bada3e0572db/element'
13:41:28.862 [Forwarding findElement on session 0a03005dd44338bdb455bada3e0572db to remote] DEBUG org.asynchttpclient.netty.request.NettyRequestSender - Using open Channel [id: 0x30928695, L:/127.0.0.1:60886 - R:localhost/127.0.0.1:53783] for POST '/session/0a03005dd44338bdb455bada3e0572db/element'
13:41:28.875 [AsyncHttpClient-1-8] DEBUG org.asynchttpclient.netty.handler.HttpHandler - 

Request DefaultHttpRequest(decodeResult: success, version: HTTP/1.1)
POST /session/0a03005dd44338bdb455bada3e0572db/element HTTP/1.1
User-Agent: selenium/4.1.2 (java windows)
Content-Length: 321
Content-Type: application/json; charset=utf-8
host: localhost:53783
accept: */*

Response DefaultHttpResponse(decodeResult: success, version: HTTP/1.1)
HTTP/1.1 200 OK
Content-Type: application/json; charset=utf-8
cache-control: no-cache
content-length: 88

13:41:28.875 [AsyncHttpClient-1-8] DEBUG org.asynchttpclient.netty.channel.ChannelManager - Adding key: http://localhost:53783 for channel [id: 0x30928695, L:/127.0.0.1:60886 - R:localhost/127.0.0.1:53783]
13:41:28.878 [Forwarding clickElement on session 0a03005dd44338bdb455bada3e0572db to remote] DEBUG org.asynchttpclient.netty.request.NettyRequestSender - Using pooled Channel '[id: 0x30928695, L:/127.0.0.1:60886 - R:localhost/127.0.0.1:53783]' for 'POST' to 'http://localhost:53783/session/0a03005dd44338bdb455bada3e0572db/element/bb0a97b4-4385-4481-9b5f-b7d621a78396/click'
13:41:28.878 [Forwarding clickElement on session 0a03005dd44338bdb455bada3e0572db to remote] DEBUG org.asynchttpclient.netty.request.NettyRequestSender - Using open Channel [id: 0x30928695, L:/127.0.0.1:60886 - R:localhost/127.0.0.1:53783] for POST '/session/0a03005dd44338bdb455bada3e0572db/element/bb0a97b4-4385-4481-9b5f-b7d621a78396/click'
13:41:28.954 [AsyncHttpClient-1-8] DEBUG org.asynchttpclient.netty.handler.HttpHandler - 

Request DefaultHttpRequest(decodeResult: success, version: HTTP/1.1)
POST /session/0a03005dd44338bdb455bada3e0572db/element/bb0a97b4-4385-4481-9b5f-b7d621a78396/click HTTP/1.1
User-Agent: selenium/4.1.2 (java windows)
Content-Length: 50
Content-Type: application/json; charset=utf-8
host: localhost:53783
accept: */*

Response DefaultHttpResponse(decodeResult: success, version: HTTP/1.1)
HTTP/1.1 200 OK
Content-Type: application/json; charset=utf-8
cache-control: no-cache
content-length: 14

13:41:28.954 [AsyncHttpClient-1-8] DEBUG org.asynchttpclient.netty.channel.ChannelManager - Adding key: http://localhost:53783 for channel [id: 0x30928695, L:/127.0.0.1:60886 - R:localhost/127.0.0.1:53783]
  &amp#27;[32mAnd &amp#27;[0m&amp#27;[32mI have logged in&amp#27;[0m                 &amp#27;[90m# starter.stepdefinitions.ManageVaccinationBookingsSteps.iHaveLoggedIn()&amp#27;[0m
13:41:28.965 [Forwarding screenshot on session 0a03005dd44338bdb455bada3e0572db to remote] DEBUG org.asynchttpclient.netty.request.NettyRequestSender - Using pooled Channel '[id: 0x30928695, L:/127.0.0.1:60886 - R:localhost/127.0.0.1:53783]' for 'GET' to 'http://localhost:53783/session/0a03005dd44338bdb455bada3e0572db/screenshot'
13:41:28.965 [Forwarding screenshot on session 0a03005dd44338bdb455bada3e0572db to remote] DEBUG org.asynchttpclient.netty.request.NettyRequestSender - Using open Channel [id: 0x30928695, L:/127.0.0.1:60886 - R:localhost/127.0.0.1:53783] for GET '/session/0a03005dd44338bdb455bada3e0572db/screenshot'
13:41:29.269 [AsyncHttpClient-1-8] DEBUG org.asynchttpclient.netty.handler.HttpHandler - 

Request DefaultFullHttpRequest(decodeResult: success, version: HTTP/1.1, content: EmptyByteBufBE)
GET /session/0a03005dd44338bdb455bada3e0572db/screenshot HTTP/1.1
User-Agent: selenium/4.1.2 (java windows)
Cache-Control: no-cache
Content-Type: application/json; charset=utf-8
host: localhost:53783
accept: */*

Response DefaultHttpResponse(decodeResult: success, version: HTTP/1.1)
HTTP/1.1 200 OK
Content-Type: application/json; charset=utf-8
cache-control: no-cache
content-length: 115856

13:41:29.270 [AsyncHttpClient-1-8] DEBUG org.asynchttpclient.netty.channel.ChannelManager - Adding key: http://localhost:53783 for channel [id: 0x30928695, L:/127.0.0.1:60886 - R:localhost/127.0.0.1:53783]
13:41:29.275 [main] DEBUG net.serenitybdd.core.photography.Darkroom - Send negative for processing for target\site\serenity\c95d70c6018d47ff24505d37eeb88ee1cb21eafdc3417464717af1aab2885e04.png
13:41:29.276 [Darkroom Processing Line] DEBUG net.serenitybdd.core.photography.DarkroomProcessingLine - Processing screenshot image in /var/screenshots/screenshot-12106924952239486670
13:41:29.277 [Darkroom Processing Line] DEBUG net.serenitybdd.core.photography.DarkroomProcessingLine - Saving screenshot to target\site\serenity\c95d70c6018d47ff24505d37eeb88ee1cb21eafdc3417464717af1aab2885e04.png
13:41:29.294 [Forwarding findElement on session 0a03005dd44338bdb455bada3e0572db to remote] DEBUG org.asynchttpclient.netty.request.NettyRequestSender - Using pooled Channel '[id: 0x30928695, L:/127.0.0.1:60886 - R:localhost/127.0.0.1:53783]' for 'POST' to 'http://localhost:53783/session/0a03005dd44338bdb455bada3e0572db/element'
13:41:29.294 [Forwarding findElement on session 0a03005dd44338bdb455bada3e0572db to remote] DEBUG org.asynchttpclient.netty.request.NettyRequestSender - Using open Channel [id: 0x30928695, L:/127.0.0.1:60886 - R:localhost/127.0.0.1:53783] for POST '/session/0a03005dd44338bdb455bada3e0572db/element'
13:41:29.730 [AsyncHttpClient-1-1] DEBUG org.asynchttpclient.netty.channel.DefaultChannelPool - Entry count for : http://localhost:60887 : 1
13:41:29.802 [AsyncHttpClient-1-8] DEBUG org.asynchttpclient.netty.handler.HttpHandler - 

Request DefaultHttpRequest(decodeResult: success, version: HTTP/1.1)
POST /session/0a03005dd44338bdb455bada3e0572db/element HTTP/1.1
User-Agent: selenium/4.1.2 (java windows)
Content-Length: 80
Content-Type: application/json; charset=utf-8
host: localhost:53783
accept: */*

Response DefaultHttpResponse(decodeResult: success, version: HTTP/1.1)
HTTP/1.1 200 OK
Content-Type: application/json; charset=utf-8
cache-control: no-cache
content-length: 88

13:41:29.802 [AsyncHttpClient-1-8] DEBUG org.asynchttpclient.netty.channel.ChannelManager - Adding key: http://localhost:53783 for channel [id: 0x30928695, L:/127.0.0.1:60886 - R:localhost/127.0.0.1:53783]
13:41:29.806 [Forwarding getElementTagName on session 0a03005dd44338bdb455bada3e0572db to remote] DEBUG org.asynchttpclient.netty.request.NettyRequestSender - Using pooled Channel '[id: 0x30928695, L:/127.0.0.1:60886 - R:localhost/127.0.0.1:53783]' for 'GET' to 'http://localhost:53783/session/0a03005dd44338bdb455bada3e0572db/element/34b23924-fdca-47af-9cff-ae443da407bf/name'
13:41:29.806 [Forwarding getElementTagName on session 0a03005dd44338bdb455bada3e0572db to remote] DEBUG org.asynchttpclient.netty.request.NettyRequestSender - Using open Channel [id: 0x30928695, L:/127.0.0.1:60886 - R:localhost/127.0.0.1:53783] for GET '/session/0a03005dd44338bdb455bada3e0572db/element/34b23924-fdca-47af-9cff-ae443da407bf/name'
13:41:29.829 [AsyncHttpClient-1-8] DEBUG org.asynchttpclient.netty.handler.HttpHandler - 

Request DefaultFullHttpRequest(decodeResult: success, version: HTTP/1.1, content: EmptyByteBufBE)
GET /session/0a03005dd44338bdb455bada3e0572db/element/34b23924-fdca-47af-9cff-ae443da407bf/name HTTP/1.1
User-Agent: selenium/4.1.2 (java windows)
Cache-Control: no-cache
Content-Type: application/json; charset=utf-8
host: localhost:53783
accept: */*

Response DefaultHttpResponse(decodeResult: success, version: HTTP/1.1)
HTTP/1.1 200 OK
Content-Type: application/json; charset=utf-8
cache-control: no-cache
content-length: 13

13:41:29.830 [AsyncHttpClient-1-8] DEBUG org.asynchttpclient.netty.channel.ChannelManager - Adding key: http://localhost:53783 for channel [id: 0x30928695, L:/127.0.0.1:60886 - R:localhost/127.0.0.1:53783]
13:41:29.831 [Forwarding getElementTagName on session 0a03005dd44338bdb455bada3e0572db to remote] DEBUG org.asynchttpclient.netty.request.NettyRequestSender - Using pooled Channel '[id: 0x30928695, L:/127.0.0.1:60886 - R:localhost/127.0.0.1:53783]' for 'GET' to 'http://localhost:53783/session/0a03005dd44338bdb455bada3e0572db/element/34b23924-fdca-47af-9cff-ae443da407bf/name'
13:41:29.831 [Forwarding getElementTagName on session 0a03005dd44338bdb455bada3e0572db to remote] DEBUG org.asynchttpclient.netty.request.NettyRequestSender - Using open Channel [id: 0x30928695, L:/127.0.0.1:60886 - R:localhost/127.0.0.1:53783] for GET '/session/0a03005dd44338bdb455bada3e0572db/element/34b23924-fdca-47af-9cff-ae443da407bf/name'
13:41:29.837 [AsyncHttpClient-1-8] DEBUG org.asynchttpclient.netty.handler.HttpHandler - 

Request DefaultFullHttpRequest(decodeResult: success, version: HTTP/1.1, content: EmptyByteBufBE)
GET /session/0a03005dd44338bdb455bada3e0572db/element/34b23924-fdca-47af-9cff-ae443da407bf/name HTTP/1.1
User-Agent: selenium/4.1.2 (java windows)
Cache-Control: no-cache
Content-Type: application/json; charset=utf-8
host: localhost:53783
accept: */*

Response DefaultHttpResponse(decodeResult: success, version: HTTP/1.1)
HTTP/1.1 200 OK
Content-Type: application/json; charset=utf-8
cache-control: no-cache
content-length: 13

13:41:29.837 [AsyncHttpClient-1-8] DEBUG org.asynchttpclient.netty.channel.ChannelManager - Adding key: http://localhost:53783 for channel [id: 0x30928695, L:/127.0.0.1:60886 - R:localhost/127.0.0.1:53783]
13:41:29.840 [Forwarding findElement on session 0a03005dd44338bdb455bada3e0572db to remote] DEBUG org.asynchttpclient.netty.request.NettyRequestSender - Using pooled Channel '[id: 0x30928695, L:/127.0.0.1:60886 - R:localhost/127.0.0.1:53783]' for 'POST' to 'http://localhost:53783/session/0a03005dd44338bdb455bada3e0572db/element'
13:41:29.840 [Forwarding findElement on session 0a03005dd44338bdb455bada3e0572db to remote] DEBUG org.asynchttpclient.netty.request.NettyRequestSender - Using open Channel [id: 0x30928695, L:/127.0.0.1:60886 - R:localhost/127.0.0.1:53783] for POST '/session/0a03005dd44338bdb455bada3e0572db/element'
13:41:29.853 [AsyncHttpClient-1-8] DEBUG org.asynchttpclient.netty.handler.HttpHandler - 

Request DefaultHttpRequest(decodeResult: success, version: HTTP/1.1)
POST /session/0a03005dd44338bdb455bada3e0572db/element HTTP/1.1
User-Agent: selenium/4.1.2 (java windows)
Content-Length: 80
Content-Type: application/json; charset=utf-8
host: localhost:53783
accept: */*

Response DefaultHttpResponse(decodeResult: success, version: HTTP/1.1)
HTTP/1.1 200 OK
Content-Type: application/json; charset=utf-8
cache-control: no-cache
content-length: 88

13:41:29.853 [AsyncHttpClient-1-8] DEBUG org.asynchttpclient.netty.channel.ChannelManager - Adding key: http://localhost:53783 for channel [id: 0x30928695, L:/127.0.0.1:60886 - R:localhost/127.0.0.1:53783]
13:41:29.854 [Forwarding clickElement on session 0a03005dd44338bdb455bada3e0572db to remote] DEBUG org.asynchttpclient.netty.request.NettyRequestSender - Using pooled Channel '[id: 0x30928695, L:/127.0.0.1:60886 - R:localhost/127.0.0.1:53783]' for 'POST' to 'http://localhost:53783/session/0a03005dd44338bdb455bada3e0572db/element/34b23924-fdca-47af-9cff-ae443da407bf/click'
13:41:29.854 [Forwarding clickElement on session 0a03005dd44338bdb455bada3e0572db to remote] DEBUG org.asynchttpclient.netty.request.NettyRequestSender - Using open Channel [id: 0x30928695, L:/127.0.0.1:60886 - R:localhost/127.0.0.1:53783] for POST '/session/0a03005dd44338bdb455bada3e0572db/element/34b23924-fdca-47af-9cff-ae443da407bf/click'
13:41:30.066 [AsyncHttpClient-1-8] DEBUG org.asynchttpclient.netty.handler.HttpHandler - 

Request DefaultHttpRequest(decodeResult: success, version: HTTP/1.1)
POST /session/0a03005dd44338bdb455bada3e0572db/element/34b23924-fdca-47af-9cff-ae443da407bf/click HTTP/1.1
User-Agent: selenium/4.1.2 (java windows)
Content-Length: 50
Content-Type: application/json; charset=utf-8
host: localhost:53783
accept: */*

Response DefaultHttpResponse(decodeResult: success, version: HTTP/1.1)
HTTP/1.1 200 OK
Content-Type: application/json; charset=utf-8
cache-control: no-cache
content-length: 14

13:41:30.067 [AsyncHttpClient-1-8] DEBUG org.asynchttpclient.netty.channel.ChannelManager - Adding key: http://localhost:53783 for channel [id: 0x30928695, L:/127.0.0.1:60886 - R:localhost/127.0.0.1:53783]
  &amp#27;[32mWhen &amp#27;[0m&amp#27;[32mI go to Book Vaksinasi page&amp#27;[0m     &amp#27;[90m# starter.stepdefinitions.ManageVaccinationBookingsSteps.iGoToBookVaksinasiPage()&amp#27;[0m
13:41:30.078 [Forwarding screenshot on session 0a03005dd44338bdb455bada3e0572db to remote] DEBUG org.asynchttpclient.netty.request.NettyRequestSender - Using pooled Channel '[id: 0x30928695, L:/127.0.0.1:60886 - R:localhost/127.0.0.1:53783]' for 'GET' to 'http://localhost:53783/session/0a03005dd44338bdb455bada3e0572db/screenshot'
13:41:30.078 [Forwarding screenshot on session 0a03005dd44338bdb455bada3e0572db to remote] DEBUG org.asynchttpclient.netty.request.NettyRequestSender - Using open Channel [id: 0x30928695, L:/127.0.0.1:60886 - R:localhost/127.0.0.1:53783] for GET '/session/0a03005dd44338bdb455bada3e0572db/screenshot'
13:41:30.404 [AsyncHttpClient-1-8] DEBUG org.asynchttpclient.netty.handler.HttpHandler - 

Request DefaultFullHttpRequest(decodeResult: success, version: HTTP/1.1, content: EmptyByteBufBE)
GET /session/0a03005dd44338bdb455bada3e0572db/screenshot HTTP/1.1
User-Agent: selenium/4.1.2 (java windows)
Cache-Control: no-cache
Content-Type: application/json; charset=utf-8
host: localhost:53783
accept: */*

Response DefaultHttpResponse(decodeResult: success, version: HTTP/1.1)
HTTP/1.1 200 OK
Content-Type: application/json; charset=utf-8
cache-control: no-cache
content-length: 104460

13:41:30.405 [AsyncHttpClient-1-8] DEBUG org.asynchttpclient.netty.channel.ChannelManager - Adding key: http://localhost:53783 for channel [id: 0x30928695, L:/127.0.0.1:60886 - R:localhost/127.0.0.1:53783]
13:41:30.410 [main] DEBUG net.serenitybdd.core.photography.Darkroom - Send negative for processing for target\site\serenity\d86a13aee2cbdd594077465ecd3895a8bda32ac372e0333f50b86ae9710d3051.png
13:41:30.411 [Darkroom Processing Line] DEBUG net.serenitybdd.core.photography.DarkroomProcessingLine - Processing screenshot image in /var/screenshots/screenshot-7470698576472429909
13:41:30.411 [Darkroom Processing Line] DEBUG net.serenitybdd.core.photography.DarkroomProcessingLine - Saving screenshot to target\site\serenity\d86a13aee2cbdd594077465ecd3895a8bda32ac372e0333f50b86ae9710d3051.png
13:41:30.421 [Forwarding findElement on session 0a03005dd44338bdb455bada3e0572db to remote] DEBUG org.asynchttpclient.netty.request.NettyRequestSender - Using pooled Channel '[id: 0x30928695, L:/127.0.0.1:60886 - R:localhost/127.0.0.1:53783]' for 'POST' to 'http://localhost:53783/session/0a03005dd44338bdb455bada3e0572db/element'
13:41:30.421 [Forwarding findElement on session 0a03005dd44338bdb455bada3e0572db to remote] DEBUG org.asynchttpclient.netty.request.NettyRequestSender - Using open Channel [id: 0x30928695, L:/127.0.0.1:60886 - R:localhost/127.0.0.1:53783] for POST '/session/0a03005dd44338bdb455bada3e0572db/element'
13:41:30.833 [AsyncHttpClient-1-1] DEBUG org.asynchttpclient.netty.channel.DefaultChannelPool - Entry count for : http://localhost:60887 : 1
13:41:31.931 [AsyncHttpClient-1-1] DEBUG org.asynchttpclient.netty.channel.DefaultChannelPool - Entry count for : http://localhost:60887 : 1
13:41:32.478 [AsyncHttpClient-1-8] DEBUG org.asynchttpclient.netty.handler.HttpHandler - 

Request DefaultHttpRequest(decodeResult: success, version: HTTP/1.1)
POST /session/0a03005dd44338bdb455bada3e0572db/element HTTP/1.1
User-Agent: selenium/4.1.2 (java windows)
Content-Length: 117
Content-Type: application/json; charset=utf-8
host: localhost:53783
accept: */*

Response DefaultHttpResponse(decodeResult: success, version: HTTP/1.1)
HTTP/1.1 404 Not Found
Content-Type: application/json; charset=utf-8
cache-control: no-cache
content-length: 985

13:41:32.478 [AsyncHttpClient-1-8] DEBUG org.asynchttpclient.netty.channel.ChannelManager - Adding key: http://localhost:53783 for channel [id: 0x30928695, L:/127.0.0.1:60886 - R:localhost/127.0.0.1:53783]
13:41:32.593 [Forwarding findElement on session 0a03005dd44338bdb455bada3e0572db to remote] DEBUG org.asynchttpclient.netty.request.NettyRequestSender - Using pooled Channel '[id: 0x30928695, L:/127.0.0.1:60886 - R:localhost/127.0.0.1:53783]' for 'POST' to 'http://localhost:53783/session/0a03005dd44338bdb455bada3e0572db/element'
13:41:32.593 [Forwarding findElement on session 0a03005dd44338bdb455bada3e0572db to remote] DEBUG org.asynchttpclient.netty.request.NettyRequestSender - Using open Channel [id: 0x30928695, L:/127.0.0.1:60886 - R:localhost/127.0.0.1:53783] for POST '/session/0a03005dd44338bdb455bada3e0572db/element'
13:41:33.035 [AsyncHttpClient-1-1] DEBUG org.asynchttpclient.netty.channel.DefaultChannelPool - Entry count for : http://localhost:60887 : 1
13:41:34.131 [AsyncHttpClient-1-1] DEBUG org.asynchttpclient.netty.channel.DefaultChannelPool - Entry count for : http://localhost:60887 : 1
13:41:34.625 [AsyncHttpClient-1-8] DEBUG org.asynchttpclient.netty.handler.HttpHandler - 

Request DefaultHttpRequest(decodeResult: success, version: HTTP/1.1)
POST /session/0a03005dd44338bdb455bada3e0572db/element HTTP/1.1
User-Agent: selenium/4.1.2 (java windows)
Content-Length: 117
Content-Type: application/json; charset=utf-8
host: localhost:53783
accept: */*

Response DefaultHttpResponse(decodeResult: success, version: HTTP/1.1)
HTTP/1.1 404 Not Found
Content-Type: application/json; charset=utf-8
cache-control: no-cache
content-length: 985

13:41:34.625 [AsyncHttpClient-1-8] DEBUG org.asynchttpclient.netty.channel.ChannelManager - Adding key: http://localhost:53783 for channel [id: 0x30928695, L:/127.0.0.1:60886 - R:localhost/127.0.0.1:53783]
13:41:34.743 [Forwarding findElement on session 0a03005dd44338bdb455bada3e0572db to remote] DEBUG org.asynchttpclient.netty.request.NettyRequestSender - Using pooled Channel '[id: 0x30928695, L:/127.0.0.1:60886 - R:localhost/127.0.0.1:53783]' for 'POST' to 'http://localhost:53783/session/0a03005dd44338bdb455bada3e0572db/element'
13:41:34.743 [Forwarding findElement on session 0a03005dd44338bdb455bada3e0572db to remote] DEBUG org.asynchttpclient.netty.request.NettyRequestSender - Using open Channel [id: 0x30928695, L:/127.0.0.1:60886 - R:localhost/127.0.0.1:53783] for POST '/session/0a03005dd44338bdb455bada3e0572db/element'
13:41:35.230 [AsyncHttpClient-1-1] DEBUG org.asynchttpclient.netty.channel.DefaultChannelPool - Entry count for : http://localhost:60887 : 1
13:41:36.332 [AsyncHttpClient-1-1] DEBUG org.asynchttpclient.netty.channel.DefaultChannelPool - Entry count for : http://localhost:60887 : 1
13:41:36.795 [AsyncHttpClient-1-8] DEBUG org.asynchttpclient.netty.handler.HttpHandler - 

Request DefaultHttpRequest(decodeResult: success, version: HTTP/1.1)
POST /session/0a03005dd44338bdb455bada3e0572db/element HTTP/1.1
User-Agent: selenium/4.1.2 (java windows)
Content-Length: 117
Content-Type: application/json; charset=utf-8
host: localhost:53783
accept: */*

Response DefaultHttpResponse(decodeResult: success, version: HTTP/1.1)
HTTP/1.1 404 Not Found
Content-Type: application/json; charset=utf-8
cache-control: no-cache
content-length: 985

13:41:36.795 [AsyncHttpClient-1-8] DEBUG org.asynchttpclient.netty.channel.ChannelManager - Adding key: http://localhost:53783 for channel [id: 0x30928695, L:/127.0.0.1:60886 - R:localhost/127.0.0.1:53783]
13:41:36.805 [Forwarding screenshot on session 0a03005dd44338bdb455bada3e0572db to remote] DEBUG org.asynchttpclient.netty.request.NettyRequestSender - Using pooled Channel '[id: 0x30928695, L:/127.0.0.1:60886 - R:localhost/127.0.0.1:53783]' for 'GET' to 'http://localhost:53783/session/0a03005dd44338bdb455bada3e0572db/screenshot'
13:41:36.806 [Forwarding screenshot on session 0a03005dd44338bdb455bada3e0572db to remote] DEBUG org.asynchttpclient.netty.request.NettyRequestSender - Using open Channel [id: 0x30928695, L:/127.0.0.1:60886 - R:localhost/127.0.0.1:53783] for GET '/session/0a03005dd44338bdb455bada3e0572db/screenshot'
13:41:36.985 [AsyncHttpClient-1-8] DEBUG org.asynchttpclient.netty.handler.HttpHandler - 

Request DefaultFullHttpRequest(decodeResult: success, version: HTTP/1.1, content: EmptyByteBufBE)
GET /session/0a03005dd44338bdb455bada3e0572db/screenshot HTTP/1.1
User-Agent: selenium/4.1.2 (java windows)
Cache-Control: no-cache
Content-Type: application/json; charset=utf-8
host: localhost:53783
accept: */*

Response DefaultHttpResponse(decodeResult: success, version: HTTP/1.1)
HTTP/1.1 200 OK
Content-Type: application/json; charset=utf-8
cache-control: no-cache
content-length: 167640

13:41:36.986 [AsyncHttpClient-1-8] DEBUG org.asynchttpclient.netty.channel.ChannelManager - Adding key: http://localhost:53783 for channel [id: 0x30928695, L:/127.0.0.1:60886 - R:localhost/127.0.0.1:53783]
13:41:36.997 [main] DEBUG net.serenitybdd.core.photography.Darkroom - Send negative for processing for target\site\serenity\18f583b60854d944cf88979a3965faec9249006e02a01037a0b9da72a3598c4f.png
13:41:37.005 [Forwarding getPageSource on session 0a03005dd44338bdb455bada3e0572db to remote] DEBUG org.asynchttpclient.netty.request.NettyRequestSender - Using pooled Channel '[id: 0x30928695, L:/127.0.0.1:60886 - R:localhost/127.0.0.1:53783]' for 'POST' to 'http://localhost:53783/session/0a03005dd44338bdb455bada3e0572db/execute/sync'
13:41:37.005 [Forwarding getPageSource on session 0a03005dd44338bdb455bada3e0572db to remote] DEBUG org.asynchttpclient.netty.request.NettyRequestSender - Using open Channel [id: 0x30928695, L:/127.0.0.1:60886 - R:localhost/127.0.0.1:53783] for POST '/session/0a03005dd44338bdb455bada3e0572db/execute/sync'
13:41:37.015 [AsyncHttpClient-1-8] DEBUG org.asynchttpclient.netty.handler.HttpHandler - 

Request DefaultHttpRequest(decodeResult: success, version: HTTP/1.1)
POST /session/0a03005dd44338bdb455bada3e0572db/execute/sync HTTP/1.1
User-Agent: selenium/4.1.2 (java windows)
Content-Length: 176
Content-Type: application/json; charset=utf-8
host: localhost:53783
accept: */*

Response DefaultHttpResponse(decodeResult: success, version: HTTP/1.1)
HTTP/1.1 200 OK
Content-Type: application/json; charset=utf-8
cache-control: no-cache
content-length: 33746

13:41:37.016 [AsyncHttpClient-1-8] DEBUG org.asynchttpclient.netty.channel.ChannelManager - Adding key: http://localhost:53783 for channel [id: 0x30928695, L:/127.0.0.1:60886 - R:localhost/127.0.0.1:53783]
13:41:37.028 [Forwarding getCurrentUrl on session 0a03005dd44338bdb455bada3e0572db to remote] DEBUG org.asynchttpclient.netty.request.NettyRequestSender - Using pooled Channel '[id: 0x30928695, L:/127.0.0.1:60886 - R:localhost/127.0.0.1:53783]' for 'GET' to 'http://localhost:53783/session/0a03005dd44338bdb455bada3e0572db/url'
13:41:37.028 [Forwarding getCurrentUrl on session 0a03005dd44338bdb455bada3e0572db to remote] DEBUG org.asynchttpclient.netty.request.NettyRequestSender - Using open Channel [id: 0x30928695, L:/127.0.0.1:60886 - R:localhost/127.0.0.1:53783] for GET '/session/0a03005dd44338bdb455bada3e0572db/url'
13:41:37.033 [AsyncHttpClient-1-8] DEBUG org.asynchttpclient.netty.handler.HttpHandler - 

Request DefaultFullHttpRequest(decodeResult: success, version: HTTP/1.1, content: EmptyByteBufBE)
GET /session/0a03005dd44338bdb455bada3e0572db/url HTTP/1.1
User-Agent: selenium/4.1.2 (java windows)
Cache-Control: no-cache
Content-Type: application/json; charset=utf-8
host: localhost:53783
accept: */*

Response DefaultHttpResponse(decodeResult: success, version: HTTP/1.1)
HTTP/1.1 200 OK
Content-Type: application/json; charset=utf-8
cache-control: no-cache
content-length: 56

13:41:37.034 [AsyncHttpClient-1-8] DEBUG org.asynchttpclient.netty.channel.ChannelManager - Adding key: http://localhost:53783 for channel [id: 0x30928695, L:/127.0.0.1:60886 - R:localhost/127.0.0.1:53783]
  &amp#27;[31mAnd &amp#27;[0m&amp#27;[31mI select a session&amp#27;[0m               &amp#27;[90m# starter.stepdefinitions.ManageVaccinationBookingsSteps.iSelectASession()&amp#27;[0m
      &amp#27;[31mnet.thucydides.core.webdriver.exceptions.ElementShouldBeEnabledException: Expected enabled element was not enabled
	at net.serenitybdd.core.pages.WebElementFacadeImpl.waitUntilEnabled(WebElementFacadeImpl.java:1100)
	at net.serenitybdd.core.pages.WebElementFacadeImpl.waitUntilElementAvailable(WebElementFacadeImpl.java:888)
	at net.serenitybdd.core.pages.WebElementFacadeImpl.click(WebElementFacadeImpl.java:1182)
	at net.serenitybdd.core.pages.WebElementFacadeImpl.click(WebElementFacadeImpl.java:1201)
	at Automation@1.0-SNAPSHOT/starter.pages.ManageVaccinationBookingsPage.selectUnconfirmedSession(ManageVaccinationBookingsPage.java:68)
	at Automation@1.0-SNAPSHOT/starter.pages.ManageVaccinationBookingsPage$ByteBuddy$QF1Ad3eh.selectUnconfirmedSession$accessor$TnA1qNTv(Unknown Source)
	at java.base/jdk.internal.reflect.NativeMethodAccessorImpl.invoke0(Native Method)
	at java.base/jdk.internal.reflect.NativeMethodAccessorImpl.invoke(NativeMethodAccessorImpl.java:62)
	at java.base/jdk.internal.reflect.DelegatingMethodAccessorImpl.invoke(DelegatingMethodAccessorImpl.java:43)
	at java.base/java.lang.reflect.Method.invoke(Method.java:566)
	at net.thucydides.core.steps.BaseMethodRunner.invokeMethod(BaseMethodRunner.java:18)
	at net.thucydides.core.steps.NormalMethodRunner.invokeMethodAndNotifyFailures(NormalMethodRunner.java:18)
	at net.thucydides.core.steps.StepInterceptor.runNormalMethod(StepInterceptor.java:406)
	at net.thucydides.core.steps.StepInterceptor.testStepResult(StepInterceptor.java:191)
	at net.thucydides.core.steps.StepInterceptor.intercept(StepInterceptor.java:84)
	at net.thucydides.core.steps.ProxyConfiguration$InterceptorDispatcher.intercept(ProxyConfiguration.java:51)
	at Automation@1.0-SNAPSHOT/starter.pages.ManageVaccinationBookingsPage$ByteBuddy$QF1Ad3eh.selectUnconfirmedSession(Unknown Source)
	at Automation@1.0-SNAPSHOT/starter.stepdefinitions.ManageVaccinationBookingsSteps.iSelectASession(ManageVaccinationBookingsSteps.java:34)
	at âœ½.I select a session(file:///C:/Users/ASUSTUF/OneDrive/Documents/Capstone%20Project/Web%20Automation/src/test/resources/features/ManageVaccinationBookings.feature:27)
Caused by: org.openqa.selenium.TimeoutException: Expected condition failed: waiting for By.xpath: //div[@class='MuiCardActions-root MuiCardActions-spacing css-1k3fh4f'] to be enabled (tried for 5 second(s) with 100 milliseconds interval)
	at org.openqa.selenium.support.ui.FluentWait.timeoutException(FluentWait.java:263)
	at org.openqa.selenium.support.ui.FluentWait.until(FluentWait.java:231)
	at net.serenitybdd.core.pages.WebElementFacadeImpl.waitUntilEnabled(WebElementFacadeImpl.java:1097)
	at net.serenitybdd.core.pages.WebElementFacadeImpl.waitUntilElementAvailable(WebElementFacadeImpl.java:888)
	at net.serenitybdd.core.pages.WebElementFacadeImpl.click(WebElementFacadeImpl.java:1182)
	at net.serenitybdd.core.pages.WebElementFacadeImpl.click(WebElementFacadeImpl.java:1201)
	at Automation@1.0-SNAPSHOT/starter.pages.ManageVaccinationBookingsPage.selectUnconfirmedSession(ManageVaccinationBookingsPage.java:68)
	at Automation@1.0-SNAPSHOT/starter.pages.ManageVaccinationBookingsPage$ByteBuddy$QF1Ad3eh.selectUnconfirmedSession$accessor$TnA1qNTv(Unknown Source)
	at java.base/jdk.internal.reflect.NativeMethodAccessorImpl.invoke0(Native Method)
	at java.base/jdk.internal.reflect.NativeMethodAccessorImpl.invoke(NativeMethodAccessorImpl.java:62)
	at java.base/jdk.internal.reflect.DelegatingMethodAccessorImpl.invoke(DelegatingMethodAccessorImpl.java:43)
	at java.base/java.lang.reflect.Method.invoke(Method.java:566)
	at net.thucydides.core.steps.BaseMethodRunner.invokeMethod(BaseMethodRunner.java:18)
	at net.thucydides.core.steps.NormalMethodRunner.invokeMethodAndNotifyFailures(NormalMethodRunner.java:18)
	at net.thucydides.core.steps.StepInterceptor.runNormalMethod(StepInterceptor.java:406)
	at net.thucydides.core.steps.StepInterceptor.testStepResult(StepInterceptor.java:191)
	at net.thucydides.core.steps.StepInterceptor.intercept(StepInterceptor.java:84)
	at net.thucydides.core.steps.ProxyConfiguration$InterceptorDispatcher.intercept(ProxyConfiguration.java:51)
	at Automation@1.0-SNAPSHOT/starter.pages.ManageVaccinationBookingsPage$ByteBuddy$QF1Ad3eh.selectUnconfirmedSession(Unknown Source)
	at Automation@1.0-SNAPSHOT/starter.stepdefinitions.ManageVaccinationBookingsSteps.iSelectASession(ManageVaccinationBookingsSteps.java:34)
	at java.base/jdk.internal.reflect.NativeMethodAccessorImpl.invoke0(Native Method)
	at java.base/jdk.internal.reflect.NativeMethodAccessorImpl.invoke(NativeMethodAccessorImpl.java:62)
	at java.base/jdk.internal.reflect.DelegatingMethodAccessorImpl.invoke(DelegatingMethodAccessorImpl.java:43)
	at java.base/java.lang.reflect.Method.invoke(Method.java:566)
	at io.cucumber.java.Invoker.doInvoke(Invoker.java:66)
	at io.cucumber.java.Invoker.invoke(Invoker.java:24)
	at io.cucumber.java.AbstractGlueDefinition.invokeMethod(AbstractGlueDefinition.java:47)
	at io.cucumber.java.JavaStepDefinition.execute(JavaStepDefinition.java:29)
	at io.cucumber.core.runner.CoreStepDefinition.execute(CoreStepDefinition.java:66)
	at io.cucumber.core.runner.PickleStepDefinitionMatch.runStep(PickleStepDefinitionMatch.java:63)
	at io.cucumber.core.runner.ExecutionMode$1.execute(ExecutionMode.java:10)
	at io.cucumber.core.runner.TestStep.executeStep(TestStep.java:86)
	at io.cucumber.core.runner.TestStep.run(TestStep.java:57)
	at io.cucumber.core.runner.PickleStepTestStep.run(PickleStepTestStep.java:51)
	at io.cucumber.core.runner.TestCase.run(TestCase.java:95)
	at io.cucumber.core.runner.Runner.runPickle(Runner.java:75)
	at io.cucumber.junit.PickleRunners$NoStepDescriptions.lambda$run$0(PickleRunners.java:151)
	at io.cucumber.core.runtime.CucumberExecutionContext.lambda$runTestCase$3(CucumberExecutionContext.java:151)
	at io.cucumber.core.runtime.RethrowingThrowableCollector.executeAndThrow(RethrowingThrowableCollector.java:23)
	at io.cucumber.core.runtime.CucumberExecutionContext.runTestCase(CucumberExecutionContext.java:151)
	at io.cucumber.junit.PickleRunners$NoStepDescriptions.run(PickleRunners.java:148)
	at io.cucumber.junit.FeatureRunner.runChild(FeatureRunner.java:144)
	at io.cucumber.junit.FeatureRunner.runChild(FeatureRunner.java:28)
	at org.junit.runners.ParentRunner$4.run(ParentRunner.java:331)
	at org.junit.runners.ParentRunner$1.schedule(ParentRunner.java:79)
	at org.junit.runners.ParentRunner.runChildren(ParentRunner.java:329)
	at org.junit.runners.ParentRunner.access$100(ParentRunner.java:66)
	at org.junit.runners.ParentRunner$2.evaluate(ParentRunner.java:293)
	at org.junit.runners.ParentRunner$3.evaluate(ParentRunner.java:306)
	at org.junit.runners.ParentRunner.run(ParentRunner.java:413)
	at io.cucumber.junit.FeatureRunner.run(FeatureRunner.java:137)
	at io.cucumber.junit.CucumberSerenityRunner.runChild(CucumberSerenityRunner.java:258)
	at io.cucumber.junit.CucumberSerenityRunner.runChild(CucumberSerenityRunner.java:58)
	at org.junit.runners.ParentRunner$4.run(ParentRunner.java:331)
	at org.junit.runners.ParentRunner$1.schedule(ParentRunner.java:79)
	at org.junit.runners.ParentRunner.runChildren(ParentRunner.java:329)
	at org.junit.runners.ParentRunner.access$100(ParentRunner.java:66)
	at org.junit.runners.ParentRunner$2.evaluate(ParentRunner.java:293)
	at io.cucumber.junit.CucumberSerenityRunner$RunCucumber.evaluate(CucumberSerenityRunner.java:287)
	at org.junit.runners.ParentRunner$3.evaluate(ParentRunner.java:306)
	at org.junit.runners.ParentRunner.run(ParentRunner.java:413)
	at org.junit.runner.JUnitCore.run(JUnitCore.java:137)
	at org.junit.runner.JUnitCore.run(JUnitCore.java:115)
	at org.junit.vintage.engine.execution.RunnerExecutor.execute(RunnerExecutor.java:42)
	at org.junit.vintage.engine.VintageTestEngine.executeAllChildren(VintageTestEngine.java:80)
	at org.junit.vintage.engine.VintageTestEngine.execute(VintageTestEngine.java:72)
	at org.junit.platform.launcher.core.EngineExecutionOrchestrator.execute(EngineExecutionOrchestrator.java:107)
	at org.junit.platform.launcher.core.EngineExecutionOrchestrator.execute(EngineExecutionOrchestrator.java:88)
	at org.junit.platform.launcher.core.EngineExecutionOrchestrator.lambda$execute$0(EngineExecutionOrchestrator.java:54)
	at org.junit.platform.launcher.core.EngineExecutionOrchestrator.withInterceptedStreams(EngineExecutionOrchestrator.java:67)
	at org.junit.platform.launcher.core.EngineExecutionOrchestrator.execute(EngineExecutionOrchestrator.java:52)
	at org.junit.platform.launcher.core.DefaultLauncher.execute(DefaultLauncher.java:114)
	at org.junit.platform.launcher.core.DefaultLauncher.execute(DefaultLauncher.java:86)
	at org.junit.platform.launcher.core.DefaultLauncherSession$DelegatingLauncher.execute(DefaultLauncherSession.java:86)
	at org.junit.platform.launcher.core.SessionPerRequestLauncher.execute(SessionPerRequestLauncher.java:53)
	at org.apache.maven.surefire.junitplatform.JUnitPlatformProvider.execute(JUnitPlatformProvider.java:188)
	at org.apache.maven.surefire.junitplatform.JUnitPlatformProvider.invokeAllTests(JUnitPlatformProvider.java:154)
	at org.apache.maven.surefire.junitplatform.JUnitPlatformProvider.invoke(JUnitPlatformProvider.java:128)
	at org.apache.maven.surefire.booter.ForkedBooter.runSuitesInProcess(ForkedBooter.java:428)
	at org.apache.maven.surefire.booter.ForkedBooter.execute(ForkedBooter.java:162)
	at org.apache.maven.surefire.booter.ForkedBooter.run(ForkedBooter.java:562)
	at org.apache.maven.surefire.booter.ForkedBooter.main(ForkedBooter.java:548)
Caused by: org.openqa.selenium.NoSuchElementException: no such element: Unable to locate element: {"method":"xpath","selector":"//div[@class='MuiCardActions-root MuiCardActions-spacing css-1k3fh4f']"}
  (Session info: chrome=108.0.5359.125)
For documentation on this error, please visit: https://selenium.dev/exceptions/#no_such_element
Build info: version: '4.1.2', revision: '9a5a329c5a'
System info: host: 'LAPTOP-CFD9EV6G', ip: '192.168.100.29', os.name: 'Windows 11', os.arch: 'amd64', os.version: '10.0', java.version: '11.0.16'
Driver info: org.openqa.selenium.chrome.ChromeDriver
Command: [0a03005dd44338bdb455bada3e0572db, findElement {using=xpath, value=//div[@class='MuiCardActions-root MuiCardActions-spacing css-1k3fh4f']}]
Capabilities {acceptInsecureCerts: false, browserName: chrome, browserVersion: 108.0.5359.125, chrome: {chromedriverVersion: 108.0.5359.71 (1e0e3868ee06..., userDataDir: C:\Users\ASUSTUF\AppData\Lo...}, goog:chromeOptions: {debuggerAddress: localhost:60887}, javascriptEnabled: true, networkConnectionEnabled: false, pageLoadStrategy: normal, platform: WINDOWS, platformName: WINDOWS, proxy: Proxy(), se:cdp: ws://localhost:60887/devtoo..., se:cdpVersion: 108.0.5359.125, setWindowRect: true, strictFileInteractability: false, timeouts: {implicit: 0, pageLoad: 300000, script: 30000}, unhandledPromptBehavior: dismiss and notify, webauthn:extension:credBlob: true, webauthn:extension:largeBlob: true, webauthn:virtualAuthenticators: true}
Session ID: 0a03005dd44338bdb455bada3e0572db
	at java.base/jdk.internal.reflect.NativeConstructorAccessorImpl.newInstance0(Native Method)
	at java.base/jdk.internal.reflect.NativeConstructorAccessorImpl.newInstance(NativeConstructorAccessorImpl.java:62)
	at java.base/jdk.internal.reflect.DelegatingConstructorAccessorImpl.newInstance(DelegatingConstructorAccessorImpl.java:45)
	at java.base/java.lang.reflect.Constructor.newInstance(Constructor.java:490)
	at org.openqa.selenium.remote.codec.w3c.W3CHttpResponseCodec.createException(W3CHttpResponseCodec.java:200)
	at org.openqa.selenium.remote.codec.w3c.W3CHttpResponseCodec.decode(W3CHttpResponseCodec.java:133)
	at org.openqa.selenium.remote.codec.w3c.W3CHttpResponseCodec.decode(W3CHttpResponseCodec.java:53)
	at org.openqa.selenium.remote.HttpCommandExecutor.execute(HttpCommandExecutor.java:184)
	at org.openqa.selenium.remote.service.DriverCommandExecutor.invokeExecute(DriverCommandExecutor.java:167)
	at org.openqa.selenium.remote.service.DriverCommandExecutor.execute(DriverCommandExecutor.java:142)
	at org.openqa.selenium.remote.RemoteWebDriver.execute(RemoteWebDriver.java:558)
	at org.openqa.selenium.remote.ElementLocation$ElementFinder$2.findElement(ElementLocation.java:162)
	at org.openqa.selenium.remote.ElementLocation.findElement(ElementLocation.java:60)
	at org.openqa.selenium.remote.RemoteWebDriver.findElement(RemoteWebDriver.java:382)
	at org.openqa.selenium.remote.RemoteWebDriver.findElement(RemoteWebDriver.java:374)
	at net.thucydides.core.webdriver.WebDriverFacade.findElement(WebDriverFacade.java:224)
	at net.serenitybdd.core.pages.WebElementResolverByLocator.resolveForDriver(WebElementResolverByLocator.java:25)
	at net.serenitybdd.core.pages.WebElementFacadeImpl.getResolvedElement(WebElementFacadeImpl.java:191)
	at net.serenitybdd.core.pages.WebElementFacadeImpl.getElement(WebElementFacadeImpl.java:186)
	at net.serenitybdd.core.pages.WebElementExpectations$3.apply(WebElementExpectations.java:63)
	at net.serenitybdd.core.pages.WebElementExpectations$3.apply(WebElementExpectations.java:55)
	at org.openqa.selenium.support.ui.FluentWait.until(FluentWait.java:208)
	... 80 more
&amp#27;[0m
  &amp#27;[36mAnd &amp#27;[0m&amp#27;[36mI click X button&amp#27;[0m                 &amp#27;[90m# starter.stepdefinitions.ManageVaccinationBookingsSteps.iClickXButton()&amp#27;[0m
  &amp#27;[36mThen &amp#27;[0m&amp#27;[36mthe booking will be rejected&amp#27;[0m    &amp#27;[90m# starter.stepdefinitions.ManageVaccinationBookingsSteps.theBookingWillBeRejected()&amp#27;[0m
13:41:37.084 [main] ERROR  - 
  _____   ___   ___   _____     ___     _     ___   _      ___   ___  
 |_   _| | __| / __| |_   _|   | __|   /_\   |_ _| | |    | __| |   \ 
   | |   | _|  \__ \   | |     | _|   / _ \   | |  | |__  | _|  | |) |
   |_|   |___| |___/   |_|     |_|   /_/ \_\ |___| |____| |___| |___/ 

Reject a vaccination booking
-----------------------------------------------------------------------
13:41:37.084 [main] DEBUG  - RELATED ISSUES: 
13:41:37.085 [main] ERROR  -     Test failed at step: Select unconfirmed session
13:41:37.085 [main] ERROR  -     Expected enabled element was not enabled
13:41:37.089 [AsyncHttpClient-1-10] DEBUG org.asynchttpclient.netty.handler.WebSocketHandler - Channel Closed: [id: 0x6d63b77c, L:/127.0.0.1:60894 ! R:localhost/127.0.0.1:60887] with attribute NettyResponseFuture{currentRetry=5,
	isDone=1,
	isCancelled=0,
	asyncHandler=org.asynchttpclient.ws.WebSocketUpgradeHandler@4d3d0ff7,
	nettyRequest=org.asynchttpclient.netty.request.NettyRequest@83f9834,
	future=java.util.concurrent.CompletableFuture@64b234e8[Completed normally],
	uri=ws://localhost:60887/devtools/browser/1d1c4883-f616-4fb5-bee7-c8a276b80c8a,
	keepAlive=true,
	redirectCount=0,
	timeoutsHolder=null,
	inAuth=0,
	touch=1671604885221}
13:41:37.089 [Driver Command Executor] DEBUG org.asynchttpclient.netty.request.NettyRequestSender - Using pooled Channel '[id: 0x30928695, L:/127.0.0.1:60886 - R:localhost/127.0.0.1:53783]' for 'DELETE' to 'http://localhost:53783/session/0a03005dd44338bdb455bada3e0572db'
13:41:37.089 [AsyncHttpClient-1-10] DEBUG org.asynchttpclient.netty.channel.ChannelManager - Closing Channel [id: 0x6d63b77c, L:/127.0.0.1:60894 ! R:localhost/127.0.0.1:60887] 
13:41:37.089 [Driver Command Executor] DEBUG org.asynchttpclient.netty.request.NettyRequestSender - Using open Channel [id: 0x30928695, L:/127.0.0.1:60886 - R:localhost/127.0.0.1:53783] for DELETE '/session/0a03005dd44338bdb455bada3e0572db'
13:41:37.133 [AsyncHttpClient-1-9] DEBUG org.asynchttpclient.netty.handler.HttpHandler - Unexpected I/O exception on channel [id: 0xce49651a, L:/127.0.0.1:60893 - R:localhost/127.0.0.1:60887]
java.io.IOException: An existing connection was forcibly closed by the remote host
	at java.base/sun.nio.ch.SocketDispatcher.read0(Native Method)
	at java.base/sun.nio.ch.SocketDispatcher.read(SocketDispatcher.java:43)
	at java.base/sun.nio.ch.IOUtil.readIntoNativeBuffer(IOUtil.java:276)
	at java.base/sun.nio.ch.IOUtil.read(IOUtil.java:233)
	at java.base/sun.nio.ch.IOUtil.read(IOUtil.java:223)
	at java.base/sun.nio.ch.SocketChannelImpl.read(SocketChannelImpl.java:358)
	at io.netty.buffer.PooledByteBuf.setBytes(PooledByteBuf.java:258)
	at io.netty.buffer.AbstractByteBuf.writeBytes(AbstractByteBuf.java:1132)
	at io.netty.channel.socket.nio.NioSocketChannel.doReadBytes(NioSocketChannel.java:350)
	at io.netty.channel.nio.AbstractNioByteChannel$NioByteUnsafe.read(AbstractNioByteChannel.java:151)
	at io.netty.channel.nio.NioEventLoop.processSelectedKey(NioEventLoop.java:722)
	at io.netty.channel.nio.NioEventLoop.processSelectedKeysOptimized(NioEventLoop.java:658)
	at io.netty.channel.nio.NioEventLoop.processSelectedKeys(NioEventLoop.java:584)
	at io.netty.channel.nio.NioEventLoop.run(NioEventLoop.java:496)
	at io.netty.util.concurrent.SingleThreadEventExecutor$4.run(SingleThreadEventExecutor.java:986)
	at io.netty.util.internal.ThreadExecutorMap$2.run(ThreadExecutorMap.java:74)
	at io.netty.util.concurrent.FastThreadLocalRunnable.run(FastThreadLocalRunnable.java:30)
	at java.base/java.lang.Thread.run(Thread.java:834)
13:41:37.134 [AsyncHttpClient-1-9] DEBUG org.asynchttpclient.netty.channel.ChannelManager - Closing Channel [id: 0xce49651a, L:/127.0.0.1:60893 - R:localhost/127.0.0.1:60887] 
13:41:37.134 [AsyncHttpClient-1-9] DEBUG org.asynchttpclient.netty.handler.HttpHandler - Channel Closed: [id: 0xce49651a, L:/127.0.0.1:60893 ! R:localhost/127.0.0.1:60887] with attribute DISCARD
13:41:37.162 [AsyncHttpClient-1-8] DEBUG org.asynchttpclient.netty.handler.HttpHandler - 

Request DefaultFullHttpRequest(decodeResult: success, version: HTTP/1.1, content: EmptyByteBufBE)
DELETE /session/0a03005dd44338bdb455bada3e0572db HTTP/1.1
User-Agent: selenium/4.1.2 (java windows)
Content-Type: application/json; charset=utf-8
host: localhost:53783
accept: */*

Response DefaultHttpResponse(decodeResult: success, version: HTTP/1.1)
HTTP/1.1 200 OK
Content-Type: application/json; charset=utf-8
cache-control: no-cache
content-length: 14

13:41:37.163 [AsyncHttpClient-1-8] DEBUG org.asynchttpclient.netty.channel.ChannelManager - Adding key: http://localhost:53783 for channel [id: 0x30928695, L:/127.0.0.1:60886 - R:localhost/127.0.0.1:53783]
13:41:37.280 [AsyncHttpClient-1-8] DEBUG org.asynchttpclient.netty.handler.HttpHandler - Channel Closed: [id: 0x30928695, L:/127.0.0.1:60886 ! R:localhost/127.0.0.1:53783] with attribute DISCARD
]]></system-out>
    <system-err><![CDATA[Starting ChromeDriver 108.0.5359.71 (1e0e3868ee06e91ad636a874420e3ca3ae3756ac-refs/branch-heads/5359@{#1016}) on port 53783
Only local connections are allowed.
Please see https://chromedriver.chromium.org/security-considerations for suggestions on keeping ChromeDriver safe.
ChromeDriver was started successfully.
Dec 21, 2022 1:41:25 PM org.openqa.selenium.remote.ProtocolHandshake createSession
INFO: Detected dialect: W3C
Dec 21, 2022 1:41:25 PM org.openqa.selenium.devtools.CdpVersionFinder findNearestMatch
WARNING: Unable to find an exact match for CDP version 108, so returning the closest version found: a no-op implementation
Dec 21, 2022 1:41:25 PM org.openqa.selenium.devtools.CdpVersionFinder findNearestMatch
INFO: Unable to find CDP implementation matching 108.
Dec 21, 2022 1:41:25 PM org.openqa.selenium.chromium.ChromiumDriver lambda$new$3
WARNING: Unable to find version of CDP to use for . You may need to include a dependency on a specific version of the CDP using something similar to `org.seleniumhq.selenium:selenium-devtools-v86:4.1.2` where the version ("v86") matches the version of the chromium-based browser you're using and the version number of the artifact is the same as Selenium's.
]]></system-err>
  </testcase>
  <testcase name="Reject all vaccination bookings" classname="Manage vaccination bookings" time="13.169">
    <error type="net.thucydides.core.webdriver.exceptions.ElementShouldBeEnabledException"><![CDATA[net.thucydides.core.webdriver.exceptions.ElementShouldBeEnabledException: Expected enabled element was not enabled
Caused by: org.openqa.selenium.TimeoutException: Expected condition failed: waiting for By.xpath: //div[@class='MuiCardActions-root MuiCardActions-spacing css-1k3fh4f'] to be enabled (tried for 5 second(s) with 100 milliseconds interval)
Caused by: org.openqa.selenium.NoSuchElementException: 
no such element: Unable to locate element: {"method":"xpath","selector":"//div[@class='MuiCardActions-root MuiCardActions-spacing css-1k3fh4f']"}
  (Session info: chrome=108.0.5359.125)
For documentation on this error, please visit: https://selenium.dev/exceptions/#no_such_element
Build info: version: '4.1.2', revision: '9a5a329c5a'
System info: host: 'LAPTOP-CFD9EV6G', ip: '192.168.100.29', os.name: 'Windows 11', os.arch: 'amd64', os.version: '10.0', java.version: '11.0.16'
Driver info: org.openqa.selenium.chrome.ChromeDriver
Command: [61151846b4a3c3d40eee7979fc3d9c3e, findElement {using=xpath, value=//div[@class='MuiCardActions-root MuiCardActions-spacing css-1k3fh4f']}]
Capabilities {acceptInsecureCerts: false, browserName: chrome, browserVersion: 108.0.5359.125, chrome: {chromedriverVersion: 108.0.5359.71 (1e0e3868ee06..., userDataDir: C:\Users\ASUSTUF\AppData\Lo...}, goog:chromeOptions: {debuggerAddress: localhost:60918}, javascriptEnabled: true, networkConnectionEnabled: false, pageLoadStrategy: normal, platform: WINDOWS, platformName: WINDOWS, proxy: Proxy(), se:cdp: ws://localhost:60918/devtoo..., se:cdpVersion: 108.0.5359.125, setWindowRect: true, strictFileInteractability: false, timeouts: {implicit: 0, pageLoad: 300000, script: 30000}, unhandledPromptBehavior: dismiss and notify, webauthn:extension:credBlob: true, webauthn:extension:largeBlob: true, webauthn:virtualAuthenticators: true}
Session ID: 61151846b4a3c3d40eee7979fc3d9c3e
]]></error>
    <system-out><![CDATA[
Scenario: Reject all vaccination bookings &amp#27;[90m# src/test/resources/features/ManageVaccinationBookings.feature:31&amp#27;[0m
13:41:37.378 [main] INFO io.cucumber.core.plugin.SerenityReporter - Running feature from file:///C:/Users/ASUSTUF/OneDrive/Documents/Capstone%20Project/Web%20Automation/src/test/resources/features/ManageVaccinationBookings.feature
13:41:37.383 [main] INFO  - 
  _____   ___   ___   _____     ___   _____     _     ___   _____   ___   ___  
 |_   _| | __| / __| |_   _|   / __| |_   _|   /_\   | _ \ |_   _| | __| |   \ 
   | |   | _|  \__ \   | |     \__ \   | |    / _ \  |   /   | |   | _|  | |) |
   |_|   |___| |___/   |_|     |___/   |_|   /_/ \_\ |_|_\   |_|   |___| |___/ 

Reject all vaccination bookings(manage-vaccination-bookings;reject-all-vaccination-bookings)
--------------------------------------------------------------------------------
13:41:37.422 [main] INFO net.serenitybdd.core.webdriver.driverproviders.ChromeDriverProvider - Using automatically driver download
13:41:37.430 [AsyncHttpClient-1-1] DEBUG org.asynchttpclient.netty.channel.DefaultChannelPool - Entry count for : http://localhost:53783 : 1
13:41:37.430 [AsyncHttpClient-1-1] DEBUG org.asynchttpclient.netty.channel.DefaultChannelPool - Entry count for : http://localhost:60887 : 1
13:41:37.430 [AsyncHttpClient-1-1] DEBUG org.asynchttpclient.netty.channel.DefaultChannelPool - Adding Candidate expired Channel [id: 0x30928695, L:/127.0.0.1:60886 ! R:localhost/127.0.0.1:53783] isIdleTimeoutExpired=false isRemotelyClosed=true isTtlExpired=false
13:41:37.430 [AsyncHttpClient-1-1] DEBUG org.asynchttpclient.netty.channel.DefaultChannelPool - Closing Idle Channel [id: 0x30928695, L:/127.0.0.1:60886 ! R:localhost/127.0.0.1:53783]
13:41:37.430 [AsyncHttpClient-1-1] DEBUG org.asynchttpclient.netty.channel.DefaultChannelPool - Adding Candidate expired Channel [id: 0xce49651a, L:/127.0.0.1:60893 ! R:localhost/127.0.0.1:60887] isIdleTimeoutExpired=false isRemotelyClosed=true isTtlExpired=false
13:41:37.430 [AsyncHttpClient-1-1] DEBUG org.asynchttpclient.netty.channel.DefaultChannelPool - Closing Idle Channel [id: 0xce49651a, L:/127.0.0.1:60893 ! R:localhost/127.0.0.1:60887]
13:41:37.430 [AsyncHttpClient-1-1] DEBUG org.asynchttpclient.netty.channel.DefaultChannelPool - Closed 2 connections out of 2 in 0 ms
13:41:37.609 [main] DEBUG io.github.bonigarcia.wdm.cache.ResolutionCache - Resolution chrome=108 in cache (valid until 14:40:45 21/12/2022 ICT)
13:41:37.614 [main] DEBUG io.github.bonigarcia.wdm.cache.ResolutionCache - Resolution chrome108=108.0.5359.71 in cache (valid until 13:40:45 22/12/2022 ICT)
13:41:37.616 [main] INFO io.github.bonigarcia.wdm.WebDriverManager - Using chromedriver 108.0.5359.71 (resolved driver for Chrome 108)
13:41:37.639 [main] DEBUG io.github.bonigarcia.wdm.WebDriverManager - Driver chromedriver 108.0.5359.71 found in cache
13:41:37.641 [main] INFO io.github.bonigarcia.wdm.WebDriverManager - Exporting webdriver.chrome.driver as C:\Users\ASUSTUF\.cache\selenium\chromedriver\win32\108.0.5359.71\chromedriver.exe
13:41:37.816 [main] DEBUG net.serenitybdd.core.webdriver.driverproviders.ProvideNewDriver - Instantiating driver
13:41:37.816 [main] DEBUG net.serenitybdd.core.webdriver.driverproviders.ProvideNewDriver - Driver capabilities: Capabilities {acceptInsecureCerts: false, base.url: https://vaksin-id.netlify.app/, browserName: chrome, chrome.driver: src/test/resources/webdrive..., driver: chrome, goog:chromeOptions: {args: [], extensions: []}}
13:41:38.247 [AsyncHttpClient-1-11] DEBUG org.asynchttpclient.netty.channel.NettyConnectListener - Using new Channel '[id: 0xb6a68ca1, L:/127.0.0.1:60917 - R:localhost/127.0.0.1:59147]' for 'POST' to '/session'
13:41:39.051 [AsyncHttpClient-1-11] DEBUG org.asynchttpclient.netty.handler.HttpHandler - 

Request DefaultHttpRequest(decodeResult: success, version: HTTP/1.1)
POST /session HTTP/1.1
User-Agent: selenium/4.1.2 (java windows)
Content-Length: 616
Content-Type: application/json; charset=utf-8
host: localhost:59147
accept: */*

Response DefaultHttpResponse(decodeResult: success, version: HTTP/1.1)
HTTP/1.1 200 OK
Content-Type: application/json; charset=utf-8
cache-control: no-cache
content-length: 794

13:41:39.052 [AsyncHttpClient-1-11] DEBUG org.asynchttpclient.netty.channel.ChannelManager - Adding key: http://localhost:59147 for channel [id: 0xb6a68ca1, L:/127.0.0.1:60917 - R:localhost/127.0.0.1:59147]
13:41:39.072 [AsyncHttpClient-1-12] DEBUG org.asynchttpclient.netty.channel.NettyConnectListener - Using new Channel '[id: 0x2780d3bd, L:/127.0.0.1:60924 - R:localhost/127.0.0.1:60918]' for 'GET' to '/json/version'
13:41:39.085 [AsyncHttpClient-1-12] DEBUG org.asynchttpclient.netty.handler.HttpHandler - 

Request DefaultFullHttpRequest(decodeResult: success, version: HTTP/1.1, content: EmptyByteBufBE)
GET /json/version HTTP/1.1
User-Agent: selenium/4.1.2 (java windows)
host: localhost:60918
accept: */*

Response DefaultHttpResponse(decodeResult: success, version: HTTP/1.1)
HTTP/1.1 200 OK
Content-Type: application/json; charset=UTF-8
content-length: 424

13:41:39.086 [AsyncHttpClient-1-12] DEBUG org.asynchttpclient.netty.channel.ChannelManager - Adding key: http://localhost:60918 for channel [id: 0x2780d3bd, L:/127.0.0.1:60924 - R:localhost/127.0.0.1:60918]
13:41:39.091 [AsyncHttpClient-1-13] DEBUG org.asynchttpclient.netty.channel.NettyConnectListener - Using new Channel '[id: 0x51312306, L:/127.0.0.1:60925 - R:localhost/127.0.0.1:60918]' for 'GET' to '/devtools/browser/67c22028-47df-41ac-9fc9-d364f7df46d8'
13:41:39.103 [AsyncHttpClient-1-13] DEBUG org.asynchttpclient.netty.handler.WebSocketHandler - 

Request DefaultFullHttpRequest(decodeResult: success, version: HTTP/1.1, content: EmptyByteBufBE)
GET /devtools/browser/67c22028-47df-41ac-9fc9-d364f7df46d8 HTTP/1.1
upgrade: websocket
connection: upgrade
sec-websocket-key: KA+Te2xx4asKES5O2zpqAA==
sec-websocket-version: 13
origin: http://localhost:60918
host: localhost:60918
accept: */*
user-agent: AHC/2.1

Response DefaultHttpResponse(decodeResult: success, version: HTTP/1.1)
HTTP/1.1 101 WebSocket Protocol Handshake
Upgrade: WebSocket
Connection: Upgrade
Sec-WebSocket-Accept: jaFdvMm59SOlpeUJc6yTZ0gluVI=

13:41:39.113 [Forwarding get on session 61151846b4a3c3d40eee7979fc3d9c3e to remote] DEBUG org.asynchttpclient.netty.request.NettyRequestSender - Using pooled Channel '[id: 0xb6a68ca1, L:/127.0.0.1:60917 - R:localhost/127.0.0.1:59147]' for 'POST' to 'http://localhost:59147/session/61151846b4a3c3d40eee7979fc3d9c3e/url'
13:41:39.114 [Forwarding get on session 61151846b4a3c3d40eee7979fc3d9c3e to remote] DEBUG org.asynchttpclient.netty.request.NettyRequestSender - Using open Channel [id: 0xb6a68ca1, L:/127.0.0.1:60917 - R:localhost/127.0.0.1:59147] for POST '/session/61151846b4a3c3d40eee7979fc3d9c3e/url'
13:41:39.631 [AsyncHttpClient-1-1] DEBUG org.asynchttpclient.netty.channel.DefaultChannelPool - Entry count for : http://localhost:60918 : 1
13:41:40.073 [AsyncHttpClient-1-11] DEBUG org.asynchttpclient.netty.handler.HttpHandler - 

Request DefaultHttpRequest(decodeResult: success, version: HTTP/1.1)
POST /session/61151846b4a3c3d40eee7979fc3d9c3e/url HTTP/1.1
User-Agent: selenium/4.1.2 (java windows)
Content-Length: 60
Content-Type: application/json; charset=utf-8
host: localhost:59147
accept: */*

Response DefaultHttpResponse(decodeResult: success, version: HTTP/1.1)
HTTP/1.1 200 OK
Content-Type: application/json; charset=utf-8
cache-control: no-cache
content-length: 14

13:41:40.074 [AsyncHttpClient-1-11] DEBUG org.asynchttpclient.netty.channel.ChannelManager - Adding key: http://localhost:59147 for channel [id: 0xb6a68ca1, L:/127.0.0.1:60917 - R:localhost/127.0.0.1:59147]
13:41:40.075 [Forwarding setTimeout on session 61151846b4a3c3d40eee7979fc3d9c3e to remote] DEBUG org.asynchttpclient.netty.request.NettyRequestSender - Using pooled Channel '[id: 0xb6a68ca1, L:/127.0.0.1:60917 - R:localhost/127.0.0.1:59147]' for 'POST' to 'http://localhost:59147/session/61151846b4a3c3d40eee7979fc3d9c3e/timeouts'
13:41:40.075 [Forwarding setTimeout on session 61151846b4a3c3d40eee7979fc3d9c3e to remote] DEBUG org.asynchttpclient.netty.request.NettyRequestSender - Using open Channel [id: 0xb6a68ca1, L:/127.0.0.1:60917 - R:localhost/127.0.0.1:59147] for POST '/session/61151846b4a3c3d40eee7979fc3d9c3e/timeouts'
13:41:40.077 [AsyncHttpClient-1-11] DEBUG org.asynchttpclient.netty.handler.HttpHandler - 

Request DefaultHttpRequest(decodeResult: success, version: HTTP/1.1)
POST /session/61151846b4a3c3d40eee7979fc3d9c3e/timeouts HTTP/1.1
User-Agent: selenium/4.1.2 (java windows)
Content-Length: 22
Content-Type: application/json; charset=utf-8
host: localhost:59147
accept: */*

Response DefaultHttpResponse(decodeResult: success, version: HTTP/1.1)
HTTP/1.1 200 OK
Content-Type: application/json; charset=utf-8
cache-control: no-cache
content-length: 14

13:41:40.077 [AsyncHttpClient-1-11] DEBUG org.asynchttpclient.netty.channel.ChannelManager - Adding key: http://localhost:59147 for channel [id: 0xb6a68ca1, L:/127.0.0.1:60917 - R:localhost/127.0.0.1:59147]
13:41:40.081 [Forwarding getCurrentUrl on session 61151846b4a3c3d40eee7979fc3d9c3e to remote] DEBUG org.asynchttpclient.netty.request.NettyRequestSender - Using pooled Channel '[id: 0xb6a68ca1, L:/127.0.0.1:60917 - R:localhost/127.0.0.1:59147]' for 'GET' to 'http://localhost:59147/session/61151846b4a3c3d40eee7979fc3d9c3e/url'
13:41:40.081 [Forwarding getCurrentUrl on session 61151846b4a3c3d40eee7979fc3d9c3e to remote] DEBUG org.asynchttpclient.netty.request.NettyRequestSender - Using open Channel [id: 0xb6a68ca1, L:/127.0.0.1:60917 - R:localhost/127.0.0.1:59147] for GET '/session/61151846b4a3c3d40eee7979fc3d9c3e/url'
13:41:40.136 [AsyncHttpClient-1-11] DEBUG org.asynchttpclient.netty.handler.HttpHandler - 

Request DefaultFullHttpRequest(decodeResult: success, version: HTTP/1.1, content: EmptyByteBufBE)
GET /session/61151846b4a3c3d40eee7979fc3d9c3e/url HTTP/1.1
User-Agent: selenium/4.1.2 (java windows)
Cache-Control: no-cache
Content-Type: application/json; charset=utf-8
host: localhost:59147
accept: */*

Response DefaultHttpResponse(decodeResult: success, version: HTTP/1.1)
HTTP/1.1 200 OK
Content-Type: application/json; charset=utf-8
cache-control: no-cache
content-length: 42

13:41:40.136 [AsyncHttpClient-1-11] DEBUG org.asynchttpclient.netty.channel.ChannelManager - Adding key: http://localhost:59147 for channel [id: 0xb6a68ca1, L:/127.0.0.1:60917 - R:localhost/127.0.0.1:59147]
  &amp#27;[32mGiven &amp#27;[0m&amp#27;[32mI am on landing page&amp#27;[0m              &amp#27;[90m# starter.stepdefinitions.ManageVaccinationBookingsSteps.iAmOnLandingPage()&amp#27;[0m
13:41:40.146 [Forwarding screenshot on session 61151846b4a3c3d40eee7979fc3d9c3e to remote] DEBUG org.asynchttpclient.netty.request.NettyRequestSender - Using pooled Channel '[id: 0xb6a68ca1, L:/127.0.0.1:60917 - R:localhost/127.0.0.1:59147]' for 'GET' to 'http://localhost:59147/session/61151846b4a3c3d40eee7979fc3d9c3e/screenshot'
13:41:40.146 [Forwarding screenshot on session 61151846b4a3c3d40eee7979fc3d9c3e to remote] DEBUG org.asynchttpclient.netty.request.NettyRequestSender - Using open Channel [id: 0xb6a68ca1, L:/127.0.0.1:60917 - R:localhost/127.0.0.1:59147] for GET '/session/61151846b4a3c3d40eee7979fc3d9c3e/screenshot'
13:41:40.730 [AsyncHttpClient-1-1] DEBUG org.asynchttpclient.netty.channel.DefaultChannelPool - Entry count for : http://localhost:60918 : 1
13:41:41.276 [AsyncHttpClient-1-11] DEBUG org.asynchttpclient.netty.handler.HttpHandler - 

Request DefaultFullHttpRequest(decodeResult: success, version: HTTP/1.1, content: EmptyByteBufBE)
GET /session/61151846b4a3c3d40eee7979fc3d9c3e/screenshot HTTP/1.1
User-Agent: selenium/4.1.2 (java windows)
Cache-Control: no-cache
Content-Type: application/json; charset=utf-8
host: localhost:59147
accept: */*

Response DefaultHttpResponse(decodeResult: success, version: HTTP/1.1)
HTTP/1.1 200 OK
Content-Type: application/json; charset=utf-8
cache-control: no-cache
content-length: 847132

13:41:41.299 [AsyncHttpClient-1-11] DEBUG org.asynchttpclient.netty.channel.ChannelManager - Adding key: http://localhost:59147 for channel [id: 0xb6a68ca1, L:/127.0.0.1:60917 - R:localhost/127.0.0.1:59147]
13:41:41.334 [main] DEBUG net.serenitybdd.core.photography.Darkroom - Send negative for processing for target\site\serenity\ff3b83dd42f508d91c0c8488aed412149de34b436c7528a8caa8428592644731.png
13:41:41.359 [Forwarding findElement on session 61151846b4a3c3d40eee7979fc3d9c3e to remote] DEBUG org.asynchttpclient.netty.request.NettyRequestSender - Using pooled Channel '[id: 0xb6a68ca1, L:/127.0.0.1:60917 - R:localhost/127.0.0.1:59147]' for 'POST' to 'http://localhost:59147/session/61151846b4a3c3d40eee7979fc3d9c3e/element'
13:41:41.360 [Forwarding findElement on session 61151846b4a3c3d40eee7979fc3d9c3e to remote] DEBUG org.asynchttpclient.netty.request.NettyRequestSender - Using open Channel [id: 0xb6a68ca1, L:/127.0.0.1:60917 - R:localhost/127.0.0.1:59147] for POST '/session/61151846b4a3c3d40eee7979fc3d9c3e/element'
13:41:41.384 [AsyncHttpClient-1-11] DEBUG org.asynchttpclient.netty.handler.HttpHandler - 

Request DefaultHttpRequest(decodeResult: success, version: HTTP/1.1)
POST /session/61151846b4a3c3d40eee7979fc3d9c3e/element HTTP/1.1
User-Agent: selenium/4.1.2 (java windows)
Content-Length: 315
Content-Type: application/json; charset=utf-8
host: localhost:59147
accept: */*

Response DefaultHttpResponse(decodeResult: success, version: HTTP/1.1)
HTTP/1.1 200 OK
Content-Type: application/json; charset=utf-8
cache-control: no-cache
content-length: 88

13:41:41.384 [AsyncHttpClient-1-11] DEBUG org.asynchttpclient.netty.channel.ChannelManager - Adding key: http://localhost:59147 for channel [id: 0xb6a68ca1, L:/127.0.0.1:60917 - R:localhost/127.0.0.1:59147]
13:41:41.386 [Forwarding getElementTagName on session 61151846b4a3c3d40eee7979fc3d9c3e to remote] DEBUG org.asynchttpclient.netty.request.NettyRequestSender - Using pooled Channel '[id: 0xb6a68ca1, L:/127.0.0.1:60917 - R:localhost/127.0.0.1:59147]' for 'GET' to 'http://localhost:59147/session/61151846b4a3c3d40eee7979fc3d9c3e/element/32887381-4260-4244-ade9-b49c61586fbd/name'
13:41:41.386 [Forwarding getElementTagName on session 61151846b4a3c3d40eee7979fc3d9c3e to remote] DEBUG org.asynchttpclient.netty.request.NettyRequestSender - Using open Channel [id: 0xb6a68ca1, L:/127.0.0.1:60917 - R:localhost/127.0.0.1:59147] for GET '/session/61151846b4a3c3d40eee7979fc3d9c3e/element/32887381-4260-4244-ade9-b49c61586fbd/name'
13:41:41.393 [AsyncHttpClient-1-11] DEBUG org.asynchttpclient.netty.handler.HttpHandler - 

Request DefaultFullHttpRequest(decodeResult: success, version: HTTP/1.1, content: EmptyByteBufBE)
GET /session/61151846b4a3c3d40eee7979fc3d9c3e/element/32887381-4260-4244-ade9-b49c61586fbd/name HTTP/1.1
User-Agent: selenium/4.1.2 (java windows)
Cache-Control: no-cache
Content-Type: application/json; charset=utf-8
host: localhost:59147
accept: */*

Response DefaultHttpResponse(decodeResult: success, version: HTTP/1.1)
HTTP/1.1 200 OK
Content-Type: application/json; charset=utf-8
cache-control: no-cache
content-length: 18

13:41:41.394 [AsyncHttpClient-1-11] DEBUG org.asynchttpclient.netty.channel.ChannelManager - Adding key: http://localhost:59147 for channel [id: 0xb6a68ca1, L:/127.0.0.1:60917 - R:localhost/127.0.0.1:59147]
13:41:41.396 [Forwarding getElementTagName on session 61151846b4a3c3d40eee7979fc3d9c3e to remote] DEBUG org.asynchttpclient.netty.request.NettyRequestSender - Using pooled Channel '[id: 0xb6a68ca1, L:/127.0.0.1:60917 - R:localhost/127.0.0.1:59147]' for 'GET' to 'http://localhost:59147/session/61151846b4a3c3d40eee7979fc3d9c3e/element/32887381-4260-4244-ade9-b49c61586fbd/name'
13:41:41.396 [Forwarding getElementTagName on session 61151846b4a3c3d40eee7979fc3d9c3e to remote] DEBUG org.asynchttpclient.netty.request.NettyRequestSender - Using open Channel [id: 0xb6a68ca1, L:/127.0.0.1:60917 - R:localhost/127.0.0.1:59147] for GET '/session/61151846b4a3c3d40eee7979fc3d9c3e/element/32887381-4260-4244-ade9-b49c61586fbd/name'
13:41:41.403 [AsyncHttpClient-1-11] DEBUG org.asynchttpclient.netty.handler.HttpHandler - 

Request DefaultFullHttpRequest(decodeResult: success, version: HTTP/1.1, content: EmptyByteBufBE)
GET /session/61151846b4a3c3d40eee7979fc3d9c3e/element/32887381-4260-4244-ade9-b49c61586fbd/name HTTP/1.1
User-Agent: selenium/4.1.2 (java windows)
Cache-Control: no-cache
Content-Type: application/json; charset=utf-8
host: localhost:59147
accept: */*

Response DefaultHttpResponse(decodeResult: success, version: HTTP/1.1)
HTTP/1.1 200 OK
Content-Type: application/json; charset=utf-8
cache-control: no-cache
content-length: 18

13:41:41.403 [AsyncHttpClient-1-11] DEBUG org.asynchttpclient.netty.channel.ChannelManager - Adding key: http://localhost:59147 for channel [id: 0xb6a68ca1, L:/127.0.0.1:60917 - R:localhost/127.0.0.1:59147]
13:41:41.406 [Forwarding isElementEnabled on session 61151846b4a3c3d40eee7979fc3d9c3e to remote] DEBUG org.asynchttpclient.netty.request.NettyRequestSender - Using pooled Channel '[id: 0xb6a68ca1, L:/127.0.0.1:60917 - R:localhost/127.0.0.1:59147]' for 'GET' to 'http://localhost:59147/session/61151846b4a3c3d40eee7979fc3d9c3e/element/32887381-4260-4244-ade9-b49c61586fbd/enabled'
13:41:41.406 [Forwarding isElementEnabled on session 61151846b4a3c3d40eee7979fc3d9c3e to remote] DEBUG org.asynchttpclient.netty.request.NettyRequestSender - Using open Channel [id: 0xb6a68ca1, L:/127.0.0.1:60917 - R:localhost/127.0.0.1:59147] for GET '/session/61151846b4a3c3d40eee7979fc3d9c3e/element/32887381-4260-4244-ade9-b49c61586fbd/enabled'
13:41:41.419 [AsyncHttpClient-1-11] DEBUG org.asynchttpclient.netty.handler.HttpHandler - 

Request DefaultFullHttpRequest(decodeResult: success, version: HTTP/1.1, content: EmptyByteBufBE)
GET /session/61151846b4a3c3d40eee7979fc3d9c3e/element/32887381-4260-4244-ade9-b49c61586fbd/enabled HTTP/1.1
User-Agent: selenium/4.1.2 (java windows)
Cache-Control: no-cache
Content-Type: application/json; charset=utf-8
host: localhost:59147
accept: */*

Response DefaultHttpResponse(decodeResult: success, version: HTTP/1.1)
HTTP/1.1 200 OK
Content-Type: application/json; charset=utf-8
cache-control: no-cache
content-length: 14

13:41:41.420 [AsyncHttpClient-1-11] DEBUG org.asynchttpclient.netty.channel.ChannelManager - Adding key: http://localhost:59147 for channel [id: 0xb6a68ca1, L:/127.0.0.1:60917 - R:localhost/127.0.0.1:59147]
13:41:41.421 [Forwarding isElementEnabled on session 61151846b4a3c3d40eee7979fc3d9c3e to remote] DEBUG org.asynchttpclient.netty.request.NettyRequestSender - Using pooled Channel '[id: 0xb6a68ca1, L:/127.0.0.1:60917 - R:localhost/127.0.0.1:59147]' for 'GET' to 'http://localhost:59147/session/61151846b4a3c3d40eee7979fc3d9c3e/element/32887381-4260-4244-ade9-b49c61586fbd/enabled'
13:41:41.421 [Forwarding isElementEnabled on session 61151846b4a3c3d40eee7979fc3d9c3e to remote] DEBUG org.asynchttpclient.netty.request.NettyRequestSender - Using open Channel [id: 0xb6a68ca1, L:/127.0.0.1:60917 - R:localhost/127.0.0.1:59147] for GET '/session/61151846b4a3c3d40eee7979fc3d9c3e/element/32887381-4260-4244-ade9-b49c61586fbd/enabled'
13:41:41.431 [AsyncHttpClient-1-11] DEBUG org.asynchttpclient.netty.handler.HttpHandler - 

Request DefaultFullHttpRequest(decodeResult: success, version: HTTP/1.1, content: EmptyByteBufBE)
GET /session/61151846b4a3c3d40eee7979fc3d9c3e/element/32887381-4260-4244-ade9-b49c61586fbd/enabled HTTP/1.1
User-Agent: selenium/4.1.2 (java windows)
Cache-Control: no-cache
Content-Type: application/json; charset=utf-8
host: localhost:59147
accept: */*

Response DefaultHttpResponse(decodeResult: success, version: HTTP/1.1)
HTTP/1.1 200 OK
Content-Type: application/json; charset=utf-8
cache-control: no-cache
content-length: 14

13:41:41.431 [AsyncHttpClient-1-11] DEBUG org.asynchttpclient.netty.channel.ChannelManager - Adding key: http://localhost:59147 for channel [id: 0xb6a68ca1, L:/127.0.0.1:60917 - R:localhost/127.0.0.1:59147]
13:41:41.433 [Forwarding findElement on session 61151846b4a3c3d40eee7979fc3d9c3e to remote] DEBUG org.asynchttpclient.netty.request.NettyRequestSender - Using pooled Channel '[id: 0xb6a68ca1, L:/127.0.0.1:60917 - R:localhost/127.0.0.1:59147]' for 'POST' to 'http://localhost:59147/session/61151846b4a3c3d40eee7979fc3d9c3e/element'
13:41:41.433 [Forwarding findElement on session 61151846b4a3c3d40eee7979fc3d9c3e to remote] DEBUG org.asynchttpclient.netty.request.NettyRequestSender - Using open Channel [id: 0xb6a68ca1, L:/127.0.0.1:60917 - R:localhost/127.0.0.1:59147] for POST '/session/61151846b4a3c3d40eee7979fc3d9c3e/element'
13:41:41.441 [AsyncHttpClient-1-11] DEBUG org.asynchttpclient.netty.handler.HttpHandler - 

Request DefaultHttpRequest(decodeResult: success, version: HTTP/1.1)
POST /session/61151846b4a3c3d40eee7979fc3d9c3e/element HTTP/1.1
User-Agent: selenium/4.1.2 (java windows)
Content-Length: 315
Content-Type: application/json; charset=utf-8
host: localhost:59147
accept: */*

Response DefaultHttpResponse(decodeResult: success, version: HTTP/1.1)
HTTP/1.1 200 OK
Content-Type: application/json; charset=utf-8
cache-control: no-cache
content-length: 88

13:41:41.441 [AsyncHttpClient-1-11] DEBUG org.asynchttpclient.netty.channel.ChannelManager - Adding key: http://localhost:59147 for channel [id: 0xb6a68ca1, L:/127.0.0.1:60917 - R:localhost/127.0.0.1:59147]
13:41:41.443 [Forwarding clickElement on session 61151846b4a3c3d40eee7979fc3d9c3e to remote] DEBUG org.asynchttpclient.netty.request.NettyRequestSender - Using pooled Channel '[id: 0xb6a68ca1, L:/127.0.0.1:60917 - R:localhost/127.0.0.1:59147]' for 'POST' to 'http://localhost:59147/session/61151846b4a3c3d40eee7979fc3d9c3e/element/32887381-4260-4244-ade9-b49c61586fbd/click'
13:41:41.443 [Forwarding clickElement on session 61151846b4a3c3d40eee7979fc3d9c3e to remote] DEBUG org.asynchttpclient.netty.request.NettyRequestSender - Using open Channel [id: 0xb6a68ca1, L:/127.0.0.1:60917 - R:localhost/127.0.0.1:59147] for POST '/session/61151846b4a3c3d40eee7979fc3d9c3e/element/32887381-4260-4244-ade9-b49c61586fbd/click'
13:41:41.554 [AsyncHttpClient-1-11] DEBUG org.asynchttpclient.netty.handler.HttpHandler - 

Request DefaultHttpRequest(decodeResult: success, version: HTTP/1.1)
POST /session/61151846b4a3c3d40eee7979fc3d9c3e/element/32887381-4260-4244-ade9-b49c61586fbd/click HTTP/1.1
User-Agent: selenium/4.1.2 (java windows)
Content-Length: 50
Content-Type: application/json; charset=utf-8
host: localhost:59147
accept: */*

Response DefaultHttpResponse(decodeResult: success, version: HTTP/1.1)
HTTP/1.1 200 OK
Content-Type: application/json; charset=utf-8
cache-control: no-cache
content-length: 14

13:41:41.554 [AsyncHttpClient-1-11] DEBUG org.asynchttpclient.netty.channel.ChannelManager - Adding key: http://localhost:59147 for channel [id: 0xb6a68ca1, L:/127.0.0.1:60917 - R:localhost/127.0.0.1:59147]
13:41:41.562 [Forwarding findElement on session 61151846b4a3c3d40eee7979fc3d9c3e to remote] DEBUG org.asynchttpclient.netty.request.NettyRequestSender - Using pooled Channel '[id: 0xb6a68ca1, L:/127.0.0.1:60917 - R:localhost/127.0.0.1:59147]' for 'POST' to 'http://localhost:59147/session/61151846b4a3c3d40eee7979fc3d9c3e/element'
13:41:41.562 [Forwarding findElement on session 61151846b4a3c3d40eee7979fc3d9c3e to remote] DEBUG org.asynchttpclient.netty.request.NettyRequestSender - Using open Channel [id: 0xb6a68ca1, L:/127.0.0.1:60917 - R:localhost/127.0.0.1:59147] for POST '/session/61151846b4a3c3d40eee7979fc3d9c3e/element'
13:41:41.579 [AsyncHttpClient-1-11] DEBUG org.asynchttpclient.netty.handler.HttpHandler - 

Request DefaultHttpRequest(decodeResult: success, version: HTTP/1.1)
POST /session/61151846b4a3c3d40eee7979fc3d9c3e/element HTTP/1.1
User-Agent: selenium/4.1.2 (java windows)
Content-Length: 69
Content-Type: application/json; charset=utf-8
host: localhost:59147
accept: */*

Response DefaultHttpResponse(decodeResult: success, version: HTTP/1.1)
HTTP/1.1 200 OK
Content-Type: application/json; charset=utf-8
cache-control: no-cache
content-length: 88

13:41:41.579 [AsyncHttpClient-1-11] DEBUG org.asynchttpclient.netty.channel.ChannelManager - Adding key: http://localhost:59147 for channel [id: 0xb6a68ca1, L:/127.0.0.1:60917 - R:localhost/127.0.0.1:59147]
13:41:41.581 [Forwarding clearElement on session 61151846b4a3c3d40eee7979fc3d9c3e to remote] DEBUG org.asynchttpclient.netty.request.NettyRequestSender - Using pooled Channel '[id: 0xb6a68ca1, L:/127.0.0.1:60917 - R:localhost/127.0.0.1:59147]' for 'POST' to 'http://localhost:59147/session/61151846b4a3c3d40eee7979fc3d9c3e/element/292cd76a-6774-494b-9ea7-e67125ce3067/clear'
13:41:41.581 [Forwarding clearElement on session 61151846b4a3c3d40eee7979fc3d9c3e to remote] DEBUG org.asynchttpclient.netty.request.NettyRequestSender - Using open Channel [id: 0xb6a68ca1, L:/127.0.0.1:60917 - R:localhost/127.0.0.1:59147] for POST '/session/61151846b4a3c3d40eee7979fc3d9c3e/element/292cd76a-6774-494b-9ea7-e67125ce3067/clear'
13:41:41.636 [AsyncHttpClient-1-11] DEBUG org.asynchttpclient.netty.handler.HttpHandler - 

Request DefaultHttpRequest(decodeResult: success, version: HTTP/1.1)
POST /session/61151846b4a3c3d40eee7979fc3d9c3e/element/292cd76a-6774-494b-9ea7-e67125ce3067/clear HTTP/1.1
User-Agent: selenium/4.1.2 (java windows)
Content-Length: 50
Content-Type: application/json; charset=utf-8
host: localhost:59147
accept: */*

Response DefaultHttpResponse(decodeResult: success, version: HTTP/1.1)
HTTP/1.1 200 OK
Content-Type: application/json; charset=utf-8
cache-control: no-cache
content-length: 14

13:41:41.636 [AsyncHttpClient-1-11] DEBUG org.asynchttpclient.netty.channel.ChannelManager - Adding key: http://localhost:59147 for channel [id: 0xb6a68ca1, L:/127.0.0.1:60917 - R:localhost/127.0.0.1:59147]
13:41:41.638 [Forwarding sendKeysToElement on session 61151846b4a3c3d40eee7979fc3d9c3e to remote] DEBUG org.asynchttpclient.netty.request.NettyRequestSender - Using pooled Channel '[id: 0xb6a68ca1, L:/127.0.0.1:60917 - R:localhost/127.0.0.1:59147]' for 'POST' to 'http://localhost:59147/session/61151846b4a3c3d40eee7979fc3d9c3e/element/292cd76a-6774-494b-9ea7-e67125ce3067/value'
13:41:41.638 [Forwarding sendKeysToElement on session 61151846b4a3c3d40eee7979fc3d9c3e to remote] DEBUG org.asynchttpclient.netty.request.NettyRequestSender - Using open Channel [id: 0xb6a68ca1, L:/127.0.0.1:60917 - R:localhost/127.0.0.1:59147] for POST '/session/61151846b4a3c3d40eee7979fc3d9c3e/element/292cd76a-6774-494b-9ea7-e67125ce3067/value'
13:41:41.833 [AsyncHttpClient-1-1] DEBUG org.asynchttpclient.netty.channel.DefaultChannelPool - Entry count for : http://localhost:60918 : 1
13:41:41.977 [AsyncHttpClient-1-11] DEBUG org.asynchttpclient.netty.handler.HttpHandler - 

Request DefaultHttpRequest(decodeResult: success, version: HTTP/1.1)
POST /session/61151846b4a3c3d40eee7979fc3d9c3e/element/292cd76a-6774-494b-9ea7-e67125ce3067/value HTTP/1.1
User-Agent: selenium/4.1.2 (java windows)
Content-Length: 411
Content-Type: application/json; charset=utf-8
host: localhost:59147
accept: */*

Response DefaultHttpResponse(decodeResult: success, version: HTTP/1.1)
HTTP/1.1 200 OK
Content-Type: application/json; charset=utf-8
cache-control: no-cache
content-length: 14

13:41:41.977 [AsyncHttpClient-1-11] DEBUG org.asynchttpclient.netty.channel.ChannelManager - Adding key: http://localhost:59147 for channel [id: 0xb6a68ca1, L:/127.0.0.1:60917 - R:localhost/127.0.0.1:59147]
13:41:41.982 [Forwarding findElement on session 61151846b4a3c3d40eee7979fc3d9c3e to remote] DEBUG org.asynchttpclient.netty.request.NettyRequestSender - Using pooled Channel '[id: 0xb6a68ca1, L:/127.0.0.1:60917 - R:localhost/127.0.0.1:59147]' for 'POST' to 'http://localhost:59147/session/61151846b4a3c3d40eee7979fc3d9c3e/element'
13:41:41.982 [Forwarding findElement on session 61151846b4a3c3d40eee7979fc3d9c3e to remote] DEBUG org.asynchttpclient.netty.request.NettyRequestSender - Using open Channel [id: 0xb6a68ca1, L:/127.0.0.1:60917 - R:localhost/127.0.0.1:59147] for POST '/session/61151846b4a3c3d40eee7979fc3d9c3e/element'
13:41:41.999 [AsyncHttpClient-1-11] DEBUG org.asynchttpclient.netty.handler.HttpHandler - 

Request DefaultHttpRequest(decodeResult: success, version: HTTP/1.1)
POST /session/61151846b4a3c3d40eee7979fc3d9c3e/element HTTP/1.1
User-Agent: selenium/4.1.2 (java windows)
Content-Length: 72
Content-Type: application/json; charset=utf-8
host: localhost:59147
accept: */*

Response DefaultHttpResponse(decodeResult: success, version: HTTP/1.1)
HTTP/1.1 200 OK
Content-Type: application/json; charset=utf-8
cache-control: no-cache
content-length: 88

13:41:41.999 [AsyncHttpClient-1-11] DEBUG org.asynchttpclient.netty.channel.ChannelManager - Adding key: http://localhost:59147 for channel [id: 0xb6a68ca1, L:/127.0.0.1:60917 - R:localhost/127.0.0.1:59147]
13:41:42.001 [Forwarding clearElement on session 61151846b4a3c3d40eee7979fc3d9c3e to remote] DEBUG org.asynchttpclient.netty.request.NettyRequestSender - Using pooled Channel '[id: 0xb6a68ca1, L:/127.0.0.1:60917 - R:localhost/127.0.0.1:59147]' for 'POST' to 'http://localhost:59147/session/61151846b4a3c3d40eee7979fc3d9c3e/element/eaf26b72-710a-4bbe-b985-0af46437a286/clear'
13:41:42.001 [Forwarding clearElement on session 61151846b4a3c3d40eee7979fc3d9c3e to remote] DEBUG org.asynchttpclient.netty.request.NettyRequestSender - Using open Channel [id: 0xb6a68ca1, L:/127.0.0.1:60917 - R:localhost/127.0.0.1:59147] for POST '/session/61151846b4a3c3d40eee7979fc3d9c3e/element/eaf26b72-710a-4bbe-b985-0af46437a286/clear'
13:41:42.065 [AsyncHttpClient-1-11] DEBUG org.asynchttpclient.netty.handler.HttpHandler - 

Request DefaultHttpRequest(decodeResult: success, version: HTTP/1.1)
POST /session/61151846b4a3c3d40eee7979fc3d9c3e/element/eaf26b72-710a-4bbe-b985-0af46437a286/clear HTTP/1.1
User-Agent: selenium/4.1.2 (java windows)
Content-Length: 50
Content-Type: application/json; charset=utf-8
host: localhost:59147
accept: */*

Response DefaultHttpResponse(decodeResult: success, version: HTTP/1.1)
HTTP/1.1 200 OK
Content-Type: application/json; charset=utf-8
cache-control: no-cache
content-length: 14

13:41:42.065 [AsyncHttpClient-1-11] DEBUG org.asynchttpclient.netty.channel.ChannelManager - Adding key: http://localhost:59147 for channel [id: 0xb6a68ca1, L:/127.0.0.1:60917 - R:localhost/127.0.0.1:59147]
13:41:42.068 [Forwarding sendKeysToElement on session 61151846b4a3c3d40eee7979fc3d9c3e to remote] DEBUG org.asynchttpclient.netty.request.NettyRequestSender - Using pooled Channel '[id: 0xb6a68ca1, L:/127.0.0.1:60917 - R:localhost/127.0.0.1:59147]' for 'POST' to 'http://localhost:59147/session/61151846b4a3c3d40eee7979fc3d9c3e/element/eaf26b72-710a-4bbe-b985-0af46437a286/value'
13:41:42.068 [Forwarding sendKeysToElement on session 61151846b4a3c3d40eee7979fc3d9c3e to remote] DEBUG org.asynchttpclient.netty.request.NettyRequestSender - Using open Channel [id: 0xb6a68ca1, L:/127.0.0.1:60917 - R:localhost/127.0.0.1:59147] for POST '/session/61151846b4a3c3d40eee7979fc3d9c3e/element/eaf26b72-710a-4bbe-b985-0af46437a286/value'
13:41:42.259 [AsyncHttpClient-1-11] DEBUG org.asynchttpclient.netty.handler.HttpHandler - 

Request DefaultHttpRequest(decodeResult: success, version: HTTP/1.1)
POST /session/61151846b4a3c3d40eee7979fc3d9c3e/element/eaf26b72-710a-4bbe-b985-0af46437a286/value HTTP/1.1
User-Agent: selenium/4.1.2 (java windows)
Content-Length: 241
Content-Type: application/json; charset=utf-8
host: localhost:59147
accept: */*

Response DefaultHttpResponse(decodeResult: success, version: HTTP/1.1)
HTTP/1.1 200 OK
Content-Type: application/json; charset=utf-8
cache-control: no-cache
content-length: 14

13:41:42.259 [AsyncHttpClient-1-11] DEBUG org.asynchttpclient.netty.channel.ChannelManager - Adding key: http://localhost:59147 for channel [id: 0xb6a68ca1, L:/127.0.0.1:60917 - R:localhost/127.0.0.1:59147]
13:41:42.264 [Forwarding findElement on session 61151846b4a3c3d40eee7979fc3d9c3e to remote] DEBUG org.asynchttpclient.netty.request.NettyRequestSender - Using pooled Channel '[id: 0xb6a68ca1, L:/127.0.0.1:60917 - R:localhost/127.0.0.1:59147]' for 'POST' to 'http://localhost:59147/session/61151846b4a3c3d40eee7979fc3d9c3e/element'
13:41:42.264 [Forwarding findElement on session 61151846b4a3c3d40eee7979fc3d9c3e to remote] DEBUG org.asynchttpclient.netty.request.NettyRequestSender - Using open Channel [id: 0xb6a68ca1, L:/127.0.0.1:60917 - R:localhost/127.0.0.1:59147] for POST '/session/61151846b4a3c3d40eee7979fc3d9c3e/element'
13:41:42.280 [AsyncHttpClient-1-11] DEBUG org.asynchttpclient.netty.handler.HttpHandler - 

Request DefaultHttpRequest(decodeResult: success, version: HTTP/1.1)
POST /session/61151846b4a3c3d40eee7979fc3d9c3e/element HTTP/1.1
User-Agent: selenium/4.1.2 (java windows)
Content-Length: 321
Content-Type: application/json; charset=utf-8
host: localhost:59147
accept: */*

Response DefaultHttpResponse(decodeResult: success, version: HTTP/1.1)
HTTP/1.1 200 OK
Content-Type: application/json; charset=utf-8
cache-control: no-cache
content-length: 88

13:41:42.280 [AsyncHttpClient-1-11] DEBUG org.asynchttpclient.netty.channel.ChannelManager - Adding key: http://localhost:59147 for channel [id: 0xb6a68ca1, L:/127.0.0.1:60917 - R:localhost/127.0.0.1:59147]
13:41:42.283 [Forwarding getElementTagName on session 61151846b4a3c3d40eee7979fc3d9c3e to remote] DEBUG org.asynchttpclient.netty.request.NettyRequestSender - Using pooled Channel '[id: 0xb6a68ca1, L:/127.0.0.1:60917 - R:localhost/127.0.0.1:59147]' for 'GET' to 'http://localhost:59147/session/61151846b4a3c3d40eee7979fc3d9c3e/element/50e576e2-5e94-47dd-bdc8-0c4a1c777d3c/name'
13:41:42.283 [Forwarding getElementTagName on session 61151846b4a3c3d40eee7979fc3d9c3e to remote] DEBUG org.asynchttpclient.netty.request.NettyRequestSender - Using open Channel [id: 0xb6a68ca1, L:/127.0.0.1:60917 - R:localhost/127.0.0.1:59147] for GET '/session/61151846b4a3c3d40eee7979fc3d9c3e/element/50e576e2-5e94-47dd-bdc8-0c4a1c777d3c/name'
13:41:42.292 [AsyncHttpClient-1-11] DEBUG org.asynchttpclient.netty.handler.HttpHandler - 

Request DefaultFullHttpRequest(decodeResult: success, version: HTTP/1.1, content: EmptyByteBufBE)
GET /session/61151846b4a3c3d40eee7979fc3d9c3e/element/50e576e2-5e94-47dd-bdc8-0c4a1c777d3c/name HTTP/1.1
User-Agent: selenium/4.1.2 (java windows)
Cache-Control: no-cache
Content-Type: application/json; charset=utf-8
host: localhost:59147
accept: */*

Response DefaultHttpResponse(decodeResult: success, version: HTTP/1.1)
HTTP/1.1 200 OK
Content-Type: application/json; charset=utf-8
cache-control: no-cache
content-length: 18

13:41:42.292 [AsyncHttpClient-1-11] DEBUG org.asynchttpclient.netty.channel.ChannelManager - Adding key: http://localhost:59147 for channel [id: 0xb6a68ca1, L:/127.0.0.1:60917 - R:localhost/127.0.0.1:59147]
13:41:42.293 [Forwarding getElementTagName on session 61151846b4a3c3d40eee7979fc3d9c3e to remote] DEBUG org.asynchttpclient.netty.request.NettyRequestSender - Using pooled Channel '[id: 0xb6a68ca1, L:/127.0.0.1:60917 - R:localhost/127.0.0.1:59147]' for 'GET' to 'http://localhost:59147/session/61151846b4a3c3d40eee7979fc3d9c3e/element/50e576e2-5e94-47dd-bdc8-0c4a1c777d3c/name'
13:41:42.293 [Forwarding getElementTagName on session 61151846b4a3c3d40eee7979fc3d9c3e to remote] DEBUG org.asynchttpclient.netty.request.NettyRequestSender - Using open Channel [id: 0xb6a68ca1, L:/127.0.0.1:60917 - R:localhost/127.0.0.1:59147] for GET '/session/61151846b4a3c3d40eee7979fc3d9c3e/element/50e576e2-5e94-47dd-bdc8-0c4a1c777d3c/name'
13:41:42.298 [AsyncHttpClient-1-11] DEBUG org.asynchttpclient.netty.handler.HttpHandler - 

Request DefaultFullHttpRequest(decodeResult: success, version: HTTP/1.1, content: EmptyByteBufBE)
GET /session/61151846b4a3c3d40eee7979fc3d9c3e/element/50e576e2-5e94-47dd-bdc8-0c4a1c777d3c/name HTTP/1.1
User-Agent: selenium/4.1.2 (java windows)
Cache-Control: no-cache
Content-Type: application/json; charset=utf-8
host: localhost:59147
accept: */*

Response DefaultHttpResponse(decodeResult: success, version: HTTP/1.1)
HTTP/1.1 200 OK
Content-Type: application/json; charset=utf-8
cache-control: no-cache
content-length: 18

13:41:42.298 [AsyncHttpClient-1-11] DEBUG org.asynchttpclient.netty.channel.ChannelManager - Adding key: http://localhost:59147 for channel [id: 0xb6a68ca1, L:/127.0.0.1:60917 - R:localhost/127.0.0.1:59147]
13:41:42.300 [Forwarding isElementEnabled on session 61151846b4a3c3d40eee7979fc3d9c3e to remote] DEBUG org.asynchttpclient.netty.request.NettyRequestSender - Using pooled Channel '[id: 0xb6a68ca1, L:/127.0.0.1:60917 - R:localhost/127.0.0.1:59147]' for 'GET' to 'http://localhost:59147/session/61151846b4a3c3d40eee7979fc3d9c3e/element/50e576e2-5e94-47dd-bdc8-0c4a1c777d3c/enabled'
13:41:42.301 [Forwarding isElementEnabled on session 61151846b4a3c3d40eee7979fc3d9c3e to remote] DEBUG org.asynchttpclient.netty.request.NettyRequestSender - Using open Channel [id: 0xb6a68ca1, L:/127.0.0.1:60917 - R:localhost/127.0.0.1:59147] for GET '/session/61151846b4a3c3d40eee7979fc3d9c3e/element/50e576e2-5e94-47dd-bdc8-0c4a1c777d3c/enabled'
13:41:42.314 [AsyncHttpClient-1-11] DEBUG org.asynchttpclient.netty.handler.HttpHandler - 

Request DefaultFullHttpRequest(decodeResult: success, version: HTTP/1.1, content: EmptyByteBufBE)
GET /session/61151846b4a3c3d40eee7979fc3d9c3e/element/50e576e2-5e94-47dd-bdc8-0c4a1c777d3c/enabled HTTP/1.1
User-Agent: selenium/4.1.2 (java windows)
Cache-Control: no-cache
Content-Type: application/json; charset=utf-8
host: localhost:59147
accept: */*

Response DefaultHttpResponse(decodeResult: success, version: HTTP/1.1)
HTTP/1.1 200 OK
Content-Type: application/json; charset=utf-8
cache-control: no-cache
content-length: 14

13:41:42.314 [AsyncHttpClient-1-11] DEBUG org.asynchttpclient.netty.channel.ChannelManager - Adding key: http://localhost:59147 for channel [id: 0xb6a68ca1, L:/127.0.0.1:60917 - R:localhost/127.0.0.1:59147]
13:41:42.315 [Forwarding isElementEnabled on session 61151846b4a3c3d40eee7979fc3d9c3e to remote] DEBUG org.asynchttpclient.netty.request.NettyRequestSender - Using pooled Channel '[id: 0xb6a68ca1, L:/127.0.0.1:60917 - R:localhost/127.0.0.1:59147]' for 'GET' to 'http://localhost:59147/session/61151846b4a3c3d40eee7979fc3d9c3e/element/50e576e2-5e94-47dd-bdc8-0c4a1c777d3c/enabled'
13:41:42.315 [Forwarding isElementEnabled on session 61151846b4a3c3d40eee7979fc3d9c3e to remote] DEBUG org.asynchttpclient.netty.request.NettyRequestSender - Using open Channel [id: 0xb6a68ca1, L:/127.0.0.1:60917 - R:localhost/127.0.0.1:59147] for GET '/session/61151846b4a3c3d40eee7979fc3d9c3e/element/50e576e2-5e94-47dd-bdc8-0c4a1c777d3c/enabled'
13:41:42.327 [AsyncHttpClient-1-11] DEBUG org.asynchttpclient.netty.handler.HttpHandler - 

Request DefaultFullHttpRequest(decodeResult: success, version: HTTP/1.1, content: EmptyByteBufBE)
GET /session/61151846b4a3c3d40eee7979fc3d9c3e/element/50e576e2-5e94-47dd-bdc8-0c4a1c777d3c/enabled HTTP/1.1
User-Agent: selenium/4.1.2 (java windows)
Cache-Control: no-cache
Content-Type: application/json; charset=utf-8
host: localhost:59147
accept: */*

Response DefaultHttpResponse(decodeResult: success, version: HTTP/1.1)
HTTP/1.1 200 OK
Content-Type: application/json; charset=utf-8
cache-control: no-cache
content-length: 14

13:41:42.327 [AsyncHttpClient-1-11] DEBUG org.asynchttpclient.netty.channel.ChannelManager - Adding key: http://localhost:59147 for channel [id: 0xb6a68ca1, L:/127.0.0.1:60917 - R:localhost/127.0.0.1:59147]
13:41:42.330 [Forwarding findElement on session 61151846b4a3c3d40eee7979fc3d9c3e to remote] DEBUG org.asynchttpclient.netty.request.NettyRequestSender - Using pooled Channel '[id: 0xb6a68ca1, L:/127.0.0.1:60917 - R:localhost/127.0.0.1:59147]' for 'POST' to 'http://localhost:59147/session/61151846b4a3c3d40eee7979fc3d9c3e/element'
13:41:42.330 [Forwarding findElement on session 61151846b4a3c3d40eee7979fc3d9c3e to remote] DEBUG org.asynchttpclient.netty.request.NettyRequestSender - Using open Channel [id: 0xb6a68ca1, L:/127.0.0.1:60917 - R:localhost/127.0.0.1:59147] for POST '/session/61151846b4a3c3d40eee7979fc3d9c3e/element'
13:41:42.342 [AsyncHttpClient-1-11] DEBUG org.asynchttpclient.netty.handler.HttpHandler - 

Request DefaultHttpRequest(decodeResult: success, version: HTTP/1.1)
POST /session/61151846b4a3c3d40eee7979fc3d9c3e/element HTTP/1.1
User-Agent: selenium/4.1.2 (java windows)
Content-Length: 321
Content-Type: application/json; charset=utf-8
host: localhost:59147
accept: */*

Response DefaultHttpResponse(decodeResult: success, version: HTTP/1.1)
HTTP/1.1 200 OK
Content-Type: application/json; charset=utf-8
cache-control: no-cache
content-length: 88

13:41:42.342 [AsyncHttpClient-1-11] DEBUG org.asynchttpclient.netty.channel.ChannelManager - Adding key: http://localhost:59147 for channel [id: 0xb6a68ca1, L:/127.0.0.1:60917 - R:localhost/127.0.0.1:59147]
13:41:42.344 [Forwarding clickElement on session 61151846b4a3c3d40eee7979fc3d9c3e to remote] DEBUG org.asynchttpclient.netty.request.NettyRequestSender - Using pooled Channel '[id: 0xb6a68ca1, L:/127.0.0.1:60917 - R:localhost/127.0.0.1:59147]' for 'POST' to 'http://localhost:59147/session/61151846b4a3c3d40eee7979fc3d9c3e/element/50e576e2-5e94-47dd-bdc8-0c4a1c777d3c/click'
13:41:42.344 [Forwarding clickElement on session 61151846b4a3c3d40eee7979fc3d9c3e to remote] DEBUG org.asynchttpclient.netty.request.NettyRequestSender - Using open Channel [id: 0xb6a68ca1, L:/127.0.0.1:60917 - R:localhost/127.0.0.1:59147] for POST '/session/61151846b4a3c3d40eee7979fc3d9c3e/element/50e576e2-5e94-47dd-bdc8-0c4a1c777d3c/click'
13:41:42.411 [AsyncHttpClient-1-11] DEBUG org.asynchttpclient.netty.handler.HttpHandler - 

Request DefaultHttpRequest(decodeResult: success, version: HTTP/1.1)
POST /session/61151846b4a3c3d40eee7979fc3d9c3e/element/50e576e2-5e94-47dd-bdc8-0c4a1c777d3c/click HTTP/1.1
User-Agent: selenium/4.1.2 (java windows)
Content-Length: 50
Content-Type: application/json; charset=utf-8
host: localhost:59147
accept: */*

Response DefaultHttpResponse(decodeResult: success, version: HTTP/1.1)
HTTP/1.1 200 OK
Content-Type: application/json; charset=utf-8
cache-control: no-cache
content-length: 14

13:41:42.411 [AsyncHttpClient-1-11] DEBUG org.asynchttpclient.netty.channel.ChannelManager - Adding key: http://localhost:59147 for channel [id: 0xb6a68ca1, L:/127.0.0.1:60917 - R:localhost/127.0.0.1:59147]
  &amp#27;[32mAnd &amp#27;[0m&amp#27;[32mI have logged in&amp#27;[0m                    &amp#27;[90m# starter.stepdefinitions.ManageVaccinationBookingsSteps.iHaveLoggedIn()&amp#27;[0m
13:41:42.417 [Forwarding screenshot on session 61151846b4a3c3d40eee7979fc3d9c3e to remote] DEBUG org.asynchttpclient.netty.request.NettyRequestSender - Using pooled Channel '[id: 0xb6a68ca1, L:/127.0.0.1:60917 - R:localhost/127.0.0.1:59147]' for 'GET' to 'http://localhost:59147/session/61151846b4a3c3d40eee7979fc3d9c3e/screenshot'
13:41:42.417 [Forwarding screenshot on session 61151846b4a3c3d40eee7979fc3d9c3e to remote] DEBUG org.asynchttpclient.netty.request.NettyRequestSender - Using open Channel [id: 0xb6a68ca1, L:/127.0.0.1:60917 - R:localhost/127.0.0.1:59147] for GET '/session/61151846b4a3c3d40eee7979fc3d9c3e/screenshot'
13:41:42.697 [AsyncHttpClient-1-11] DEBUG org.asynchttpclient.netty.handler.HttpHandler - 

Request DefaultFullHttpRequest(decodeResult: success, version: HTTP/1.1, content: EmptyByteBufBE)
GET /session/61151846b4a3c3d40eee7979fc3d9c3e/screenshot HTTP/1.1
User-Agent: selenium/4.1.2 (java windows)
Cache-Control: no-cache
Content-Type: application/json; charset=utf-8
host: localhost:59147
accept: */*

Response DefaultHttpResponse(decodeResult: success, version: HTTP/1.1)
HTTP/1.1 200 OK
Content-Type: application/json; charset=utf-8
cache-control: no-cache
content-length: 116608

13:41:42.698 [AsyncHttpClient-1-11] DEBUG org.asynchttpclient.netty.channel.ChannelManager - Adding key: http://localhost:59147 for channel [id: 0xb6a68ca1, L:/127.0.0.1:60917 - R:localhost/127.0.0.1:59147]
13:41:42.702 [main] DEBUG net.serenitybdd.core.photography.Darkroom - Send negative for processing for target\site\serenity\3f4265fdff0568f3bc2459f555d312cd6f54f637b4f0a444d66e250700a3e309.png
13:41:42.702 [Darkroom Processing Line] DEBUG net.serenitybdd.core.photography.DarkroomProcessingLine - Processing screenshot image in /var/screenshots/screenshot-14331097063574942262
13:41:42.702 [Darkroom Processing Line] DEBUG net.serenitybdd.core.photography.DarkroomProcessingLine - Saving screenshot to target\site\serenity\3f4265fdff0568f3bc2459f555d312cd6f54f637b4f0a444d66e250700a3e309.png
13:41:42.713 [Forwarding findElement on session 61151846b4a3c3d40eee7979fc3d9c3e to remote] DEBUG org.asynchttpclient.netty.request.NettyRequestSender - Using pooled Channel '[id: 0xb6a68ca1, L:/127.0.0.1:60917 - R:localhost/127.0.0.1:59147]' for 'POST' to 'http://localhost:59147/session/61151846b4a3c3d40eee7979fc3d9c3e/element'
13:41:42.713 [Forwarding findElement on session 61151846b4a3c3d40eee7979fc3d9c3e to remote] DEBUG org.asynchttpclient.netty.request.NettyRequestSender - Using open Channel [id: 0xb6a68ca1, L:/127.0.0.1:60917 - R:localhost/127.0.0.1:59147] for POST '/session/61151846b4a3c3d40eee7979fc3d9c3e/element'
13:41:42.930 [AsyncHttpClient-1-1] DEBUG org.asynchttpclient.netty.channel.DefaultChannelPool - Entry count for : http://localhost:60918 : 1
13:41:42.994 [AsyncHttpClient-1-11] DEBUG org.asynchttpclient.netty.handler.HttpHandler - 

Request DefaultHttpRequest(decodeResult: success, version: HTTP/1.1)
POST /session/61151846b4a3c3d40eee7979fc3d9c3e/element HTTP/1.1
User-Agent: selenium/4.1.2 (java windows)
Content-Length: 80
Content-Type: application/json; charset=utf-8
host: localhost:59147
accept: */*

Response DefaultHttpResponse(decodeResult: success, version: HTTP/1.1)
HTTP/1.1 200 OK
Content-Type: application/json; charset=utf-8
cache-control: no-cache
content-length: 88

13:41:42.994 [AsyncHttpClient-1-11] DEBUG org.asynchttpclient.netty.channel.ChannelManager - Adding key: http://localhost:59147 for channel [id: 0xb6a68ca1, L:/127.0.0.1:60917 - R:localhost/127.0.0.1:59147]
13:41:42.997 [Forwarding getElementTagName on session 61151846b4a3c3d40eee7979fc3d9c3e to remote] DEBUG org.asynchttpclient.netty.request.NettyRequestSender - Using pooled Channel '[id: 0xb6a68ca1, L:/127.0.0.1:60917 - R:localhost/127.0.0.1:59147]' for 'GET' to 'http://localhost:59147/session/61151846b4a3c3d40eee7979fc3d9c3e/element/3380563f-1277-4d44-b0bf-6d4ffd2aeed0/name'
13:41:42.997 [Forwarding getElementTagName on session 61151846b4a3c3d40eee7979fc3d9c3e to remote] DEBUG org.asynchttpclient.netty.request.NettyRequestSender - Using open Channel [id: 0xb6a68ca1, L:/127.0.0.1:60917 - R:localhost/127.0.0.1:59147] for GET '/session/61151846b4a3c3d40eee7979fc3d9c3e/element/3380563f-1277-4d44-b0bf-6d4ffd2aeed0/name'
13:41:43.026 [AsyncHttpClient-1-11] DEBUG org.asynchttpclient.netty.handler.HttpHandler - 

Request DefaultFullHttpRequest(decodeResult: success, version: HTTP/1.1, content: EmptyByteBufBE)
GET /session/61151846b4a3c3d40eee7979fc3d9c3e/element/3380563f-1277-4d44-b0bf-6d4ffd2aeed0/name HTTP/1.1
User-Agent: selenium/4.1.2 (java windows)
Cache-Control: no-cache
Content-Type: application/json; charset=utf-8
host: localhost:59147
accept: */*

Response DefaultHttpResponse(decodeResult: success, version: HTTP/1.1)
HTTP/1.1 200 OK
Content-Type: application/json; charset=utf-8
cache-control: no-cache
content-length: 13

13:41:43.026 [AsyncHttpClient-1-11] DEBUG org.asynchttpclient.netty.channel.ChannelManager - Adding key: http://localhost:59147 for channel [id: 0xb6a68ca1, L:/127.0.0.1:60917 - R:localhost/127.0.0.1:59147]
13:41:43.028 [Forwarding getElementTagName on session 61151846b4a3c3d40eee7979fc3d9c3e to remote] DEBUG org.asynchttpclient.netty.request.NettyRequestSender - Using pooled Channel '[id: 0xb6a68ca1, L:/127.0.0.1:60917 - R:localhost/127.0.0.1:59147]' for 'GET' to 'http://localhost:59147/session/61151846b4a3c3d40eee7979fc3d9c3e/element/3380563f-1277-4d44-b0bf-6d4ffd2aeed0/name'
13:41:43.028 [Forwarding getElementTagName on session 61151846b4a3c3d40eee7979fc3d9c3e to remote] DEBUG org.asynchttpclient.netty.request.NettyRequestSender - Using open Channel [id: 0xb6a68ca1, L:/127.0.0.1:60917 - R:localhost/127.0.0.1:59147] for GET '/session/61151846b4a3c3d40eee7979fc3d9c3e/element/3380563f-1277-4d44-b0bf-6d4ffd2aeed0/name'
13:41:43.033 [AsyncHttpClient-1-11] DEBUG org.asynchttpclient.netty.handler.HttpHandler - 

Request DefaultFullHttpRequest(decodeResult: success, version: HTTP/1.1, content: EmptyByteBufBE)
GET /session/61151846b4a3c3d40eee7979fc3d9c3e/element/3380563f-1277-4d44-b0bf-6d4ffd2aeed0/name HTTP/1.1
User-Agent: selenium/4.1.2 (java windows)
Cache-Control: no-cache
Content-Type: application/json; charset=utf-8
host: localhost:59147
accept: */*

Response DefaultHttpResponse(decodeResult: success, version: HTTP/1.1)
HTTP/1.1 200 OK
Content-Type: application/json; charset=utf-8
cache-control: no-cache
content-length: 13

13:41:43.033 [AsyncHttpClient-1-11] DEBUG org.asynchttpclient.netty.channel.ChannelManager - Adding key: http://localhost:59147 for channel [id: 0xb6a68ca1, L:/127.0.0.1:60917 - R:localhost/127.0.0.1:59147]
13:41:43.035 [Forwarding findElement on session 61151846b4a3c3d40eee7979fc3d9c3e to remote] DEBUG org.asynchttpclient.netty.request.NettyRequestSender - Using pooled Channel '[id: 0xb6a68ca1, L:/127.0.0.1:60917 - R:localhost/127.0.0.1:59147]' for 'POST' to 'http://localhost:59147/session/61151846b4a3c3d40eee7979fc3d9c3e/element'
13:41:43.035 [Forwarding findElement on session 61151846b4a3c3d40eee7979fc3d9c3e to remote] DEBUG org.asynchttpclient.netty.request.NettyRequestSender - Using open Channel [id: 0xb6a68ca1, L:/127.0.0.1:60917 - R:localhost/127.0.0.1:59147] for POST '/session/61151846b4a3c3d40eee7979fc3d9c3e/element'
13:41:43.045 [AsyncHttpClient-1-11] DEBUG org.asynchttpclient.netty.handler.HttpHandler - 

Request DefaultHttpRequest(decodeResult: success, version: HTTP/1.1)
POST /session/61151846b4a3c3d40eee7979fc3d9c3e/element HTTP/1.1
User-Agent: selenium/4.1.2 (java windows)
Content-Length: 80
Content-Type: application/json; charset=utf-8
host: localhost:59147
accept: */*

Response DefaultHttpResponse(decodeResult: success, version: HTTP/1.1)
HTTP/1.1 200 OK
Content-Type: application/json; charset=utf-8
cache-control: no-cache
content-length: 88

13:41:43.045 [AsyncHttpClient-1-11] DEBUG org.asynchttpclient.netty.channel.ChannelManager - Adding key: http://localhost:59147 for channel [id: 0xb6a68ca1, L:/127.0.0.1:60917 - R:localhost/127.0.0.1:59147]
13:41:43.046 [Forwarding clickElement on session 61151846b4a3c3d40eee7979fc3d9c3e to remote] DEBUG org.asynchttpclient.netty.request.NettyRequestSender - Using pooled Channel '[id: 0xb6a68ca1, L:/127.0.0.1:60917 - R:localhost/127.0.0.1:59147]' for 'POST' to 'http://localhost:59147/session/61151846b4a3c3d40eee7979fc3d9c3e/element/3380563f-1277-4d44-b0bf-6d4ffd2aeed0/click'
13:41:43.046 [Forwarding clickElement on session 61151846b4a3c3d40eee7979fc3d9c3e to remote] DEBUG org.asynchttpclient.netty.request.NettyRequestSender - Using open Channel [id: 0xb6a68ca1, L:/127.0.0.1:60917 - R:localhost/127.0.0.1:59147] for POST '/session/61151846b4a3c3d40eee7979fc3d9c3e/element/3380563f-1277-4d44-b0bf-6d4ffd2aeed0/click'
13:41:43.302 [AsyncHttpClient-1-11] DEBUG org.asynchttpclient.netty.handler.HttpHandler - 

Request DefaultHttpRequest(decodeResult: success, version: HTTP/1.1)
POST /session/61151846b4a3c3d40eee7979fc3d9c3e/element/3380563f-1277-4d44-b0bf-6d4ffd2aeed0/click HTTP/1.1
User-Agent: selenium/4.1.2 (java windows)
Content-Length: 50
Content-Type: application/json; charset=utf-8
host: localhost:59147
accept: */*

Response DefaultHttpResponse(decodeResult: success, version: HTTP/1.1)
HTTP/1.1 200 OK
Content-Type: application/json; charset=utf-8
cache-control: no-cache
content-length: 14

13:41:43.302 [AsyncHttpClient-1-11] DEBUG org.asynchttpclient.netty.channel.ChannelManager - Adding key: http://localhost:59147 for channel [id: 0xb6a68ca1, L:/127.0.0.1:60917 - R:localhost/127.0.0.1:59147]
  &amp#27;[32mWhen &amp#27;[0m&amp#27;[32mI go to Book Vaksinasi page&amp#27;[0m        &amp#27;[90m# starter.stepdefinitions.ManageVaccinationBookingsSteps.iGoToBookVaksinasiPage()&amp#27;[0m
13:41:43.316 [Forwarding screenshot on session 61151846b4a3c3d40eee7979fc3d9c3e to remote] DEBUG org.asynchttpclient.netty.request.NettyRequestSender - Using pooled Channel '[id: 0xb6a68ca1, L:/127.0.0.1:60917 - R:localhost/127.0.0.1:59147]' for 'GET' to 'http://localhost:59147/session/61151846b4a3c3d40eee7979fc3d9c3e/screenshot'
13:41:43.316 [Forwarding screenshot on session 61151846b4a3c3d40eee7979fc3d9c3e to remote] DEBUG org.asynchttpclient.netty.request.NettyRequestSender - Using open Channel [id: 0xb6a68ca1, L:/127.0.0.1:60917 - R:localhost/127.0.0.1:59147] for GET '/session/61151846b4a3c3d40eee7979fc3d9c3e/screenshot'
13:41:43.606 [AsyncHttpClient-1-11] DEBUG org.asynchttpclient.netty.handler.HttpHandler - 

Request DefaultFullHttpRequest(decodeResult: success, version: HTTP/1.1, content: EmptyByteBufBE)
GET /session/61151846b4a3c3d40eee7979fc3d9c3e/screenshot HTTP/1.1
User-Agent: selenium/4.1.2 (java windows)
Cache-Control: no-cache
Content-Type: application/json; charset=utf-8
host: localhost:59147
accept: */*

Response DefaultHttpResponse(decodeResult: success, version: HTTP/1.1)
HTTP/1.1 200 OK
Content-Type: application/json; charset=utf-8
cache-control: no-cache
content-length: 101808

13:41:43.608 [AsyncHttpClient-1-11] DEBUG org.asynchttpclient.netty.channel.ChannelManager - Adding key: http://localhost:59147 for channel [id: 0xb6a68ca1, L:/127.0.0.1:60917 - R:localhost/127.0.0.1:59147]
13:41:43.613 [main] DEBUG net.serenitybdd.core.photography.Darkroom - Send negative for processing for target\site\serenity\36fa28eba7899cb53b3a5d9a0c43ecaca1458cb462d4abc644d46021d811ace6.png
13:41:43.613 [Darkroom Processing Line] DEBUG net.serenitybdd.core.photography.DarkroomProcessingLine - Processing screenshot image in /var/screenshots/screenshot-12524391082478545876
13:41:43.614 [Darkroom Processing Line] DEBUG net.serenitybdd.core.photography.DarkroomProcessingLine - Saving screenshot to target\site\serenity\36fa28eba7899cb53b3a5d9a0c43ecaca1458cb462d4abc644d46021d811ace6.png
13:41:43.625 [Forwarding findElement on session 61151846b4a3c3d40eee7979fc3d9c3e to remote] DEBUG org.asynchttpclient.netty.request.NettyRequestSender - Using pooled Channel '[id: 0xb6a68ca1, L:/127.0.0.1:60917 - R:localhost/127.0.0.1:59147]' for 'POST' to 'http://localhost:59147/session/61151846b4a3c3d40eee7979fc3d9c3e/element'
13:41:43.625 [Forwarding findElement on session 61151846b4a3c3d40eee7979fc3d9c3e to remote] DEBUG org.asynchttpclient.netty.request.NettyRequestSender - Using open Channel [id: 0xb6a68ca1, L:/127.0.0.1:60917 - R:localhost/127.0.0.1:59147] for POST '/session/61151846b4a3c3d40eee7979fc3d9c3e/element'
13:41:44.031 [AsyncHttpClient-1-1] DEBUG org.asynchttpclient.netty.channel.DefaultChannelPool - Entry count for : http://localhost:60918 : 1
13:41:45.129 [AsyncHttpClient-1-1] DEBUG org.asynchttpclient.netty.channel.DefaultChannelPool - Entry count for : http://localhost:60918 : 1
13:41:45.693 [AsyncHttpClient-1-11] DEBUG org.asynchttpclient.netty.handler.HttpHandler - 

Request DefaultHttpRequest(decodeResult: success, version: HTTP/1.1)
POST /session/61151846b4a3c3d40eee7979fc3d9c3e/element HTTP/1.1
User-Agent: selenium/4.1.2 (java windows)
Content-Length: 117
Content-Type: application/json; charset=utf-8
host: localhost:59147
accept: */*

Response DefaultHttpResponse(decodeResult: success, version: HTTP/1.1)
HTTP/1.1 404 Not Found
Content-Type: application/json; charset=utf-8
cache-control: no-cache
content-length: 985

13:41:45.693 [AsyncHttpClient-1-11] DEBUG org.asynchttpclient.netty.channel.ChannelManager - Adding key: http://localhost:59147 for channel [id: 0xb6a68ca1, L:/127.0.0.1:60917 - R:localhost/127.0.0.1:59147]
13:41:45.810 [Forwarding findElement on session 61151846b4a3c3d40eee7979fc3d9c3e to remote] DEBUG org.asynchttpclient.netty.request.NettyRequestSender - Using pooled Channel '[id: 0xb6a68ca1, L:/127.0.0.1:60917 - R:localhost/127.0.0.1:59147]' for 'POST' to 'http://localhost:59147/session/61151846b4a3c3d40eee7979fc3d9c3e/element'
13:41:45.810 [Forwarding findElement on session 61151846b4a3c3d40eee7979fc3d9c3e to remote] DEBUG org.asynchttpclient.netty.request.NettyRequestSender - Using open Channel [id: 0xb6a68ca1, L:/127.0.0.1:60917 - R:localhost/127.0.0.1:59147] for POST '/session/61151846b4a3c3d40eee7979fc3d9c3e/element'
13:41:46.230 [AsyncHttpClient-1-1] DEBUG org.asynchttpclient.netty.channel.DefaultChannelPool - Entry count for : http://localhost:60918 : 1
13:41:47.330 [AsyncHttpClient-1-1] DEBUG org.asynchttpclient.netty.channel.DefaultChannelPool - Entry count for : http://localhost:60918 : 1
13:41:47.862 [AsyncHttpClient-1-11] DEBUG org.asynchttpclient.netty.handler.HttpHandler - 

Request DefaultHttpRequest(decodeResult: success, version: HTTP/1.1)
POST /session/61151846b4a3c3d40eee7979fc3d9c3e/element HTTP/1.1
User-Agent: selenium/4.1.2 (java windows)
Content-Length: 117
Content-Type: application/json; charset=utf-8
host: localhost:59147
accept: */*

Response DefaultHttpResponse(decodeResult: success, version: HTTP/1.1)
HTTP/1.1 404 Not Found
Content-Type: application/json; charset=utf-8
cache-control: no-cache
content-length: 985

13:41:47.862 [AsyncHttpClient-1-11] DEBUG org.asynchttpclient.netty.channel.ChannelManager - Adding key: http://localhost:59147 for channel [id: 0xb6a68ca1, L:/127.0.0.1:60917 - R:localhost/127.0.0.1:59147]
13:41:47.979 [Forwarding findElement on session 61151846b4a3c3d40eee7979fc3d9c3e to remote] DEBUG org.asynchttpclient.netty.request.NettyRequestSender - Using pooled Channel '[id: 0xb6a68ca1, L:/127.0.0.1:60917 - R:localhost/127.0.0.1:59147]' for 'POST' to 'http://localhost:59147/session/61151846b4a3c3d40eee7979fc3d9c3e/element'
13:41:47.979 [Forwarding findElement on session 61151846b4a3c3d40eee7979fc3d9c3e to remote] DEBUG org.asynchttpclient.netty.request.NettyRequestSender - Using open Channel [id: 0xb6a68ca1, L:/127.0.0.1:60917 - R:localhost/127.0.0.1:59147] for POST '/session/61151846b4a3c3d40eee7979fc3d9c3e/element'
13:41:48.429 [AsyncHttpClient-1-1] DEBUG org.asynchttpclient.netty.channel.DefaultChannelPool - Entry count for : http://localhost:60918 : 1
13:41:49.531 [AsyncHttpClient-1-1] DEBUG org.asynchttpclient.netty.channel.DefaultChannelPool - Entry count for : http://localhost:60918 : 1
13:41:50.023 [AsyncHttpClient-1-11] DEBUG org.asynchttpclient.netty.handler.HttpHandler - 

Request DefaultHttpRequest(decodeResult: success, version: HTTP/1.1)
POST /session/61151846b4a3c3d40eee7979fc3d9c3e/element HTTP/1.1
User-Agent: selenium/4.1.2 (java windows)
Content-Length: 117
Content-Type: application/json; charset=utf-8
host: localhost:59147
accept: */*

Response DefaultHttpResponse(decodeResult: success, version: HTTP/1.1)
HTTP/1.1 404 Not Found
Content-Type: application/json; charset=utf-8
cache-control: no-cache
content-length: 985

13:41:50.024 [AsyncHttpClient-1-11] DEBUG org.asynchttpclient.netty.channel.ChannelManager - Adding key: http://localhost:59147 for channel [id: 0xb6a68ca1, L:/127.0.0.1:60917 - R:localhost/127.0.0.1:59147]
13:41:50.031 [Forwarding screenshot on session 61151846b4a3c3d40eee7979fc3d9c3e to remote] DEBUG org.asynchttpclient.netty.request.NettyRequestSender - Using pooled Channel '[id: 0xb6a68ca1, L:/127.0.0.1:60917 - R:localhost/127.0.0.1:59147]' for 'GET' to 'http://localhost:59147/session/61151846b4a3c3d40eee7979fc3d9c3e/screenshot'
13:41:50.031 [Forwarding screenshot on session 61151846b4a3c3d40eee7979fc3d9c3e to remote] DEBUG org.asynchttpclient.netty.request.NettyRequestSender - Using open Channel [id: 0xb6a68ca1, L:/127.0.0.1:60917 - R:localhost/127.0.0.1:59147] for GET '/session/61151846b4a3c3d40eee7979fc3d9c3e/screenshot'
13:41:50.168 [AsyncHttpClient-1-11] DEBUG org.asynchttpclient.netty.handler.HttpHandler - 

Request DefaultFullHttpRequest(decodeResult: success, version: HTTP/1.1, content: EmptyByteBufBE)
GET /session/61151846b4a3c3d40eee7979fc3d9c3e/screenshot HTTP/1.1
User-Agent: selenium/4.1.2 (java windows)
Cache-Control: no-cache
Content-Type: application/json; charset=utf-8
host: localhost:59147
accept: */*

Response DefaultHttpResponse(decodeResult: success, version: HTTP/1.1)
HTTP/1.1 200 OK
Content-Type: application/json; charset=utf-8
cache-control: no-cache
content-length: 167640

13:41:50.169 [AsyncHttpClient-1-11] DEBUG org.asynchttpclient.netty.channel.ChannelManager - Adding key: http://localhost:59147 for channel [id: 0xb6a68ca1, L:/127.0.0.1:60917 - R:localhost/127.0.0.1:59147]
13:41:50.177 [main] DEBUG net.serenitybdd.core.photography.Darkroom - Send negative for processing for target\site\serenity\18f583b60854d944cf88979a3965faec9249006e02a01037a0b9da72a3598c4f.png
13:41:50.182 [Forwarding getPageSource on session 61151846b4a3c3d40eee7979fc3d9c3e to remote] DEBUG org.asynchttpclient.netty.request.NettyRequestSender - Using pooled Channel '[id: 0xb6a68ca1, L:/127.0.0.1:60917 - R:localhost/127.0.0.1:59147]' for 'POST' to 'http://localhost:59147/session/61151846b4a3c3d40eee7979fc3d9c3e/execute/sync'
13:41:50.182 [Forwarding getPageSource on session 61151846b4a3c3d40eee7979fc3d9c3e to remote] DEBUG org.asynchttpclient.netty.request.NettyRequestSender - Using open Channel [id: 0xb6a68ca1, L:/127.0.0.1:60917 - R:localhost/127.0.0.1:59147] for POST '/session/61151846b4a3c3d40eee7979fc3d9c3e/execute/sync'
13:41:50.197 [AsyncHttpClient-1-11] DEBUG org.asynchttpclient.netty.handler.HttpHandler - 

Request DefaultHttpRequest(decodeResult: success, version: HTTP/1.1)
POST /session/61151846b4a3c3d40eee7979fc3d9c3e/execute/sync HTTP/1.1
User-Agent: selenium/4.1.2 (java windows)
Content-Length: 176
Content-Type: application/json; charset=utf-8
host: localhost:59147
accept: */*

Response DefaultHttpResponse(decodeResult: success, version: HTTP/1.1)
HTTP/1.1 200 OK
Content-Type: application/json; charset=utf-8
cache-control: no-cache
content-length: 33746

13:41:50.197 [AsyncHttpClient-1-11] DEBUG org.asynchttpclient.netty.channel.ChannelManager - Adding key: http://localhost:59147 for channel [id: 0xb6a68ca1, L:/127.0.0.1:60917 - R:localhost/127.0.0.1:59147]
13:41:50.204 [Forwarding getCurrentUrl on session 61151846b4a3c3d40eee7979fc3d9c3e to remote] DEBUG org.asynchttpclient.netty.request.NettyRequestSender - Using pooled Channel '[id: 0xb6a68ca1, L:/127.0.0.1:60917 - R:localhost/127.0.0.1:59147]' for 'GET' to 'http://localhost:59147/session/61151846b4a3c3d40eee7979fc3d9c3e/url'
13:41:50.204 [Forwarding getCurrentUrl on session 61151846b4a3c3d40eee7979fc3d9c3e to remote] DEBUG org.asynchttpclient.netty.request.NettyRequestSender - Using open Channel [id: 0xb6a68ca1, L:/127.0.0.1:60917 - R:localhost/127.0.0.1:59147] for GET '/session/61151846b4a3c3d40eee7979fc3d9c3e/url'
13:41:50.212 [AsyncHttpClient-1-11] DEBUG org.asynchttpclient.netty.handler.HttpHandler - 

Request DefaultFullHttpRequest(decodeResult: success, version: HTTP/1.1, content: EmptyByteBufBE)
GET /session/61151846b4a3c3d40eee7979fc3d9c3e/url HTTP/1.1
User-Agent: selenium/4.1.2 (java windows)
Cache-Control: no-cache
Content-Type: application/json; charset=utf-8
host: localhost:59147
accept: */*

Response DefaultHttpResponse(decodeResult: success, version: HTTP/1.1)
HTTP/1.1 200 OK
Content-Type: application/json; charset=utf-8
cache-control: no-cache
content-length: 56

13:41:50.213 [AsyncHttpClient-1-11] DEBUG org.asynchttpclient.netty.channel.ChannelManager - Adding key: http://localhost:59147 for channel [id: 0xb6a68ca1, L:/127.0.0.1:60917 - R:localhost/127.0.0.1:59147]
  &amp#27;[31mAnd &amp#27;[0m&amp#27;[31mI select a session&amp#27;[0m                  &amp#27;[90m# starter.stepdefinitions.ManageVaccinationBookingsSteps.iSelectASession()&amp#27;[0m
      &amp#27;[31mnet.thucydides.core.webdriver.exceptions.ElementShouldBeEnabledException: Expected enabled element was not enabled
	at net.serenitybdd.core.pages.WebElementFacadeImpl.waitUntilEnabled(WebElementFacadeImpl.java:1100)
	at net.serenitybdd.core.pages.WebElementFacadeImpl.waitUntilElementAvailable(WebElementFacadeImpl.java:888)
	at net.serenitybdd.core.pages.WebElementFacadeImpl.click(WebElementFacadeImpl.java:1182)
	at net.serenitybdd.core.pages.WebElementFacadeImpl.click(WebElementFacadeImpl.java:1201)
	at Automation@1.0-SNAPSHOT/starter.pages.ManageVaccinationBookingsPage.selectUnconfirmedSession(ManageVaccinationBookingsPage.java:68)
	at Automation@1.0-SNAPSHOT/starter.pages.ManageVaccinationBookingsPage$ByteBuddy$QF1Ad3eh.selectUnconfirmedSession$accessor$TnA1qNTv(Unknown Source)
	at java.base/jdk.internal.reflect.NativeMethodAccessorImpl.invoke0(Native Method)
	at java.base/jdk.internal.reflect.NativeMethodAccessorImpl.invoke(NativeMethodAccessorImpl.java:62)
	at java.base/jdk.internal.reflect.DelegatingMethodAccessorImpl.invoke(DelegatingMethodAccessorImpl.java:43)
	at java.base/java.lang.reflect.Method.invoke(Method.java:566)
	at net.thucydides.core.steps.BaseMethodRunner.invokeMethod(BaseMethodRunner.java:18)
	at net.thucydides.core.steps.NormalMethodRunner.invokeMethodAndNotifyFailures(NormalMethodRunner.java:18)
	at net.thucydides.core.steps.StepInterceptor.runNormalMethod(StepInterceptor.java:406)
	at net.thucydides.core.steps.StepInterceptor.testStepResult(StepInterceptor.java:191)
	at net.thucydides.core.steps.StepInterceptor.intercept(StepInterceptor.java:84)
	at net.thucydides.core.steps.ProxyConfiguration$InterceptorDispatcher.intercept(ProxyConfiguration.java:51)
	at Automation@1.0-SNAPSHOT/starter.pages.ManageVaccinationBookingsPage$ByteBuddy$QF1Ad3eh.selectUnconfirmedSession(Unknown Source)
	at Automation@1.0-SNAPSHOT/starter.stepdefinitions.ManageVaccinationBookingsSteps.iSelectASession(ManageVaccinationBookingsSteps.java:34)
	at âœ½.I select a session(file:///C:/Users/ASUSTUF/OneDrive/Documents/Capstone%20Project/Web%20Automation/src/test/resources/features/ManageVaccinationBookings.feature:35)
Caused by: org.openqa.selenium.TimeoutException: Expected condition failed: waiting for By.xpath: //div[@class='MuiCardActions-root MuiCardActions-spacing css-1k3fh4f'] to be enabled (tried for 5 second(s) with 100 milliseconds interval)
	at org.openqa.selenium.support.ui.FluentWait.timeoutException(FluentWait.java:263)
	at org.openqa.selenium.support.ui.FluentWait.until(FluentWait.java:231)
	at net.serenitybdd.core.pages.WebElementFacadeImpl.waitUntilEnabled(WebElementFacadeImpl.java:1097)
	at net.serenitybdd.core.pages.WebElementFacadeImpl.waitUntilElementAvailable(WebElementFacadeImpl.java:888)
	at net.serenitybdd.core.pages.WebElementFacadeImpl.click(WebElementFacadeImpl.java:1182)
	at net.serenitybdd.core.pages.WebElementFacadeImpl.click(WebElementFacadeImpl.java:1201)
	at Automation@1.0-SNAPSHOT/starter.pages.ManageVaccinationBookingsPage.selectUnconfirmedSession(ManageVaccinationBookingsPage.java:68)
	at Automation@1.0-SNAPSHOT/starter.pages.ManageVaccinationBookingsPage$ByteBuddy$QF1Ad3eh.selectUnconfirmedSession$accessor$TnA1qNTv(Unknown Source)
	at java.base/jdk.internal.reflect.NativeMethodAccessorImpl.invoke0(Native Method)
	at java.base/jdk.internal.reflect.NativeMethodAccessorImpl.invoke(NativeMethodAccessorImpl.java:62)
	at java.base/jdk.internal.reflect.DelegatingMethodAccessorImpl.invoke(DelegatingMethodAccessorImpl.java:43)
	at java.base/java.lang.reflect.Method.invoke(Method.java:566)
	at net.thucydides.core.steps.BaseMethodRunner.invokeMethod(BaseMethodRunner.java:18)
	at net.thucydides.core.steps.NormalMethodRunner.invokeMethodAndNotifyFailures(NormalMethodRunner.java:18)
	at net.thucydides.core.steps.StepInterceptor.runNormalMethod(StepInterceptor.java:406)
	at net.thucydides.core.steps.StepInterceptor.testStepResult(StepInterceptor.java:191)
	at net.thucydides.core.steps.StepInterceptor.intercept(StepInterceptor.java:84)
	at net.thucydides.core.steps.ProxyConfiguration$InterceptorDispatcher.intercept(ProxyConfiguration.java:51)
	at Automation@1.0-SNAPSHOT/starter.pages.ManageVaccinationBookingsPage$ByteBuddy$QF1Ad3eh.selectUnconfirmedSession(Unknown Source)
	at Automation@1.0-SNAPSHOT/starter.stepdefinitions.ManageVaccinationBookingsSteps.iSelectASession(ManageVaccinationBookingsSteps.java:34)
	at java.base/jdk.internal.reflect.NativeMethodAccessorImpl.invoke0(Native Method)
	at java.base/jdk.internal.reflect.NativeMethodAccessorImpl.invoke(NativeMethodAccessorImpl.java:62)
	at java.base/jdk.internal.reflect.DelegatingMethodAccessorImpl.invoke(DelegatingMethodAccessorImpl.java:43)
	at java.base/java.lang.reflect.Method.invoke(Method.java:566)
	at io.cucumber.java.Invoker.doInvoke(Invoker.java:66)
	at io.cucumber.java.Invoker.invoke(Invoker.java:24)
	at io.cucumber.java.AbstractGlueDefinition.invokeMethod(AbstractGlueDefinition.java:47)
	at io.cucumber.java.JavaStepDefinition.execute(JavaStepDefinition.java:29)
	at io.cucumber.core.runner.CoreStepDefinition.execute(CoreStepDefinition.java:66)
	at io.cucumber.core.runner.PickleStepDefinitionMatch.runStep(PickleStepDefinitionMatch.java:63)
	at io.cucumber.core.runner.ExecutionMode$1.execute(ExecutionMode.java:10)
	at io.cucumber.core.runner.TestStep.executeStep(TestStep.java:86)
	at io.cucumber.core.runner.TestStep.run(TestStep.java:57)
	at io.cucumber.core.runner.PickleStepTestStep.run(PickleStepTestStep.java:51)
	at io.cucumber.core.runner.TestCase.run(TestCase.java:95)
	at io.cucumber.core.runner.Runner.runPickle(Runner.java:75)
	at io.cucumber.junit.PickleRunners$NoStepDescriptions.lambda$run$0(PickleRunners.java:151)
	at io.cucumber.core.runtime.CucumberExecutionContext.lambda$runTestCase$3(CucumberExecutionContext.java:151)
	at io.cucumber.core.runtime.RethrowingThrowableCollector.executeAndThrow(RethrowingThrowableCollector.java:23)
	at io.cucumber.core.runtime.CucumberExecutionContext.runTestCase(CucumberExecutionContext.java:151)
	at io.cucumber.junit.PickleRunners$NoStepDescriptions.run(PickleRunners.java:148)
	at io.cucumber.junit.FeatureRunner.runChild(FeatureRunner.java:144)
	at io.cucumber.junit.FeatureRunner.runChild(FeatureRunner.java:28)
	at org.junit.runners.ParentRunner$4.run(ParentRunner.java:331)
	at org.junit.runners.ParentRunner$1.schedule(ParentRunner.java:79)
	at org.junit.runners.ParentRunner.runChildren(ParentRunner.java:329)
	at org.junit.runners.ParentRunner.access$100(ParentRunner.java:66)
	at org.junit.runners.ParentRunner$2.evaluate(ParentRunner.java:293)
	at org.junit.runners.ParentRunner$3.evaluate(ParentRunner.java:306)
	at org.junit.runners.ParentRunner.run(ParentRunner.java:413)
	at io.cucumber.junit.FeatureRunner.run(FeatureRunner.java:137)
	at io.cucumber.junit.CucumberSerenityRunner.runChild(CucumberSerenityRunner.java:258)
	at io.cucumber.junit.CucumberSerenityRunner.runChild(CucumberSerenityRunner.java:58)
	at org.junit.runners.ParentRunner$4.run(ParentRunner.java:331)
	at org.junit.runners.ParentRunner$1.schedule(ParentRunner.java:79)
	at org.junit.runners.ParentRunner.runChildren(ParentRunner.java:329)
	at org.junit.runners.ParentRunner.access$100(ParentRunner.java:66)
	at org.junit.runners.ParentRunner$2.evaluate(ParentRunner.java:293)
	at io.cucumber.junit.CucumberSerenityRunner$RunCucumber.evaluate(CucumberSerenityRunner.java:287)
	at org.junit.runners.ParentRunner$3.evaluate(ParentRunner.java:306)
	at org.junit.runners.ParentRunner.run(ParentRunner.java:413)
	at org.junit.runner.JUnitCore.run(JUnitCore.java:137)
	at org.junit.runner.JUnitCore.run(JUnitCore.java:115)
	at org.junit.vintage.engine.execution.RunnerExecutor.execute(RunnerExecutor.java:42)
	at org.junit.vintage.engine.VintageTestEngine.executeAllChildren(VintageTestEngine.java:80)
	at org.junit.vintage.engine.VintageTestEngine.execute(VintageTestEngine.java:72)
	at org.junit.platform.launcher.core.EngineExecutionOrchestrator.execute(EngineExecutionOrchestrator.java:107)
	at org.junit.platform.launcher.core.EngineExecutionOrchestrator.execute(EngineExecutionOrchestrator.java:88)
	at org.junit.platform.launcher.core.EngineExecutionOrchestrator.lambda$execute$0(EngineExecutionOrchestrator.java:54)
	at org.junit.platform.launcher.core.EngineExecutionOrchestrator.withInterceptedStreams(EngineExecutionOrchestrator.java:67)
	at org.junit.platform.launcher.core.EngineExecutionOrchestrator.execute(EngineExecutionOrchestrator.java:52)
	at org.junit.platform.launcher.core.DefaultLauncher.execute(DefaultLauncher.java:114)
	at org.junit.platform.launcher.core.DefaultLauncher.execute(DefaultLauncher.java:86)
	at org.junit.platform.launcher.core.DefaultLauncherSession$DelegatingLauncher.execute(DefaultLauncherSession.java:86)
	at org.junit.platform.launcher.core.SessionPerRequestLauncher.execute(SessionPerRequestLauncher.java:53)
	at org.apache.maven.surefire.junitplatform.JUnitPlatformProvider.execute(JUnitPlatformProvider.java:188)
	at org.apache.maven.surefire.junitplatform.JUnitPlatformProvider.invokeAllTests(JUnitPlatformProvider.java:154)
	at org.apache.maven.surefire.junitplatform.JUnitPlatformProvider.invoke(JUnitPlatformProvider.java:128)
	at org.apache.maven.surefire.booter.ForkedBooter.runSuitesInProcess(ForkedBooter.java:428)
	at org.apache.maven.surefire.booter.ForkedBooter.execute(ForkedBooter.java:162)
	at org.apache.maven.surefire.booter.ForkedBooter.run(ForkedBooter.java:562)
	at org.apache.maven.surefire.booter.ForkedBooter.main(ForkedBooter.java:548)
Caused by: org.openqa.selenium.NoSuchElementException: no such element: Unable to locate element: {"method":"xpath","selector":"//div[@class='MuiCardActions-root MuiCardActions-spacing css-1k3fh4f']"}
  (Session info: chrome=108.0.5359.125)
For documentation on this error, please visit: https://selenium.dev/exceptions/#no_such_element
Build info: version: '4.1.2', revision: '9a5a329c5a'
System info: host: 'LAPTOP-CFD9EV6G', ip: '192.168.100.29', os.name: 'Windows 11', os.arch: 'amd64', os.version: '10.0', java.version: '11.0.16'
Driver info: org.openqa.selenium.chrome.ChromeDriver
Command: [61151846b4a3c3d40eee7979fc3d9c3e, findElement {using=xpath, value=//div[@class='MuiCardActions-root MuiCardActions-spacing css-1k3fh4f']}]
Capabilities {acceptInsecureCerts: false, browserName: chrome, browserVersion: 108.0.5359.125, chrome: {chromedriverVersion: 108.0.5359.71 (1e0e3868ee06..., userDataDir: C:\Users\ASUSTUF\AppData\Lo...}, goog:chromeOptions: {debuggerAddress: localhost:60918}, javascriptEnabled: true, networkConnectionEnabled: false, pageLoadStrategy: normal, platform: WINDOWS, platformName: WINDOWS, proxy: Proxy(), se:cdp: ws://localhost:60918/devtoo..., se:cdpVersion: 108.0.5359.125, setWindowRect: true, strictFileInteractability: false, timeouts: {implicit: 0, pageLoad: 300000, script: 30000}, unhandledPromptBehavior: dismiss and notify, webauthn:extension:credBlob: true, webauthn:extension:largeBlob: true, webauthn:virtualAuthenticators: true}
Session ID: 61151846b4a3c3d40eee7979fc3d9c3e
	at java.base/jdk.internal.reflect.NativeConstructorAccessorImpl.newInstance0(Native Method)
	at java.base/jdk.internal.reflect.NativeConstructorAccessorImpl.newInstance(NativeConstructorAccessorImpl.java:62)
	at java.base/jdk.internal.reflect.DelegatingConstructorAccessorImpl.newInstance(DelegatingConstructorAccessorImpl.java:45)
	at java.base/java.lang.reflect.Constructor.newInstance(Constructor.java:490)
	at org.openqa.selenium.remote.codec.w3c.W3CHttpResponseCodec.createException(W3CHttpResponseCodec.java:200)
	at org.openqa.selenium.remote.codec.w3c.W3CHttpResponseCodec.decode(W3CHttpResponseCodec.java:133)
	at org.openqa.selenium.remote.codec.w3c.W3CHttpResponseCodec.decode(W3CHttpResponseCodec.java:53)
	at org.openqa.selenium.remote.HttpCommandExecutor.execute(HttpCommandExecutor.java:184)
	at org.openqa.selenium.remote.service.DriverCommandExecutor.invokeExecute(DriverCommandExecutor.java:167)
	at org.openqa.selenium.remote.service.DriverCommandExecutor.execute(DriverCommandExecutor.java:142)
	at org.openqa.selenium.remote.RemoteWebDriver.execute(RemoteWebDriver.java:558)
	at org.openqa.selenium.remote.ElementLocation$ElementFinder$2.findElement(ElementLocation.java:162)
	at org.openqa.selenium.remote.ElementLocation.findElement(ElementLocation.java:60)
	at org.openqa.selenium.remote.RemoteWebDriver.findElement(RemoteWebDriver.java:382)
	at org.openqa.selenium.remote.RemoteWebDriver.findElement(RemoteWebDriver.java:374)
	at net.thucydides.core.webdriver.WebDriverFacade.findElement(WebDriverFacade.java:224)
	at net.serenitybdd.core.pages.WebElementResolverByLocator.resolveForDriver(WebElementResolverByLocator.java:25)
	at net.serenitybdd.core.pages.WebElementFacadeImpl.getResolvedElement(WebElementFacadeImpl.java:191)
	at net.serenitybdd.core.pages.WebElementFacadeImpl.getElement(WebElementFacadeImpl.java:186)
	at net.serenitybdd.core.pages.WebElementExpectations$3.apply(WebElementExpectations.java:63)
	at net.serenitybdd.core.pages.WebElementExpectations$3.apply(WebElementExpectations.java:55)
	at org.openqa.selenium.support.ui.FluentWait.until(FluentWait.java:208)
	... 80 more
&amp#27;[0m
  &amp#27;[36mAnd &amp#27;[0m&amp#27;[36mI select all bookings&amp#27;[0m               &amp#27;[90m# starter.stepdefinitions.ManageVaccinationBookingsSteps.iSelectAllBookings()&amp#27;[0m
  &amp#27;[36mAnd &amp#27;[0m&amp#27;[36mI click Tolak Semua button&amp#27;[0m          &amp#27;[90m# starter.stepdefinitions.ManageVaccinationBookingsSteps.iClickTolakSemuaButton()&amp#27;[0m
  &amp#27;[36mThen &amp#27;[0m&amp#27;[36mthe booking will be rejected&amp#27;[0m       &amp#27;[90m# starter.stepdefinitions.ManageVaccinationBookingsSteps.theBookingWillBeRejected()&amp#27;[0m
13:41:50.263 [main] ERROR  - 
  _____   ___   ___   _____     ___     _     ___   _      ___   ___  
 |_   _| | __| / __| |_   _|   | __|   /_\   |_ _| | |    | __| |   \ 
   | |   | _|  \__ \   | |     | _|   / _ \   | |  | |__  | _|  | |) |
   |_|   |___| |___/   |_|     |_|   /_/ \_\ |___| |____| |___| |___/ 

Reject all vaccination bookings
-----------------------------------------------------------------------
13:41:50.264 [main] DEBUG  - RELATED ISSUES: 
13:41:50.264 [main] ERROR  -     Test failed at step: Select unconfirmed session
13:41:50.265 [main] ERROR  -     Expected enabled element was not enabled
13:41:50.268 [AsyncHttpClient-1-13] DEBUG org.asynchttpclient.netty.handler.WebSocketHandler - Channel Closed: [id: 0x51312306, L:/127.0.0.1:60925 ! R:localhost/127.0.0.1:60918] with attribute NettyResponseFuture{currentRetry=5,
	isDone=1,
	isCancelled=0,
	asyncHandler=org.asynchttpclient.ws.WebSocketUpgradeHandler@208ac6fc,
	nettyRequest=org.asynchttpclient.netty.request.NettyRequest@65885c89,
	future=java.util.concurrent.CompletableFuture@5a299379[Completed normally],
	uri=ws://localhost:60918/devtools/browser/67c22028-47df-41ac-9fc9-d364f7df46d8,
	keepAlive=true,
	redirectCount=0,
	timeoutsHolder=null,
	inAuth=0,
	touch=1671604899104}
13:41:50.268 [Driver Command Executor] DEBUG org.asynchttpclient.netty.request.NettyRequestSender - Using pooled Channel '[id: 0xb6a68ca1, L:/127.0.0.1:60917 - R:localhost/127.0.0.1:59147]' for 'DELETE' to 'http://localhost:59147/session/61151846b4a3c3d40eee7979fc3d9c3e'
13:41:50.268 [AsyncHttpClient-1-13] DEBUG org.asynchttpclient.netty.channel.ChannelManager - Closing Channel [id: 0x51312306, L:/127.0.0.1:60925 ! R:localhost/127.0.0.1:60918] 
13:41:50.268 [Driver Command Executor] DEBUG org.asynchttpclient.netty.request.NettyRequestSender - Using open Channel [id: 0xb6a68ca1, L:/127.0.0.1:60917 - R:localhost/127.0.0.1:59147] for DELETE '/session/61151846b4a3c3d40eee7979fc3d9c3e'
13:41:50.304 [AsyncHttpClient-1-12] DEBUG org.asynchttpclient.netty.handler.HttpHandler - Unexpected I/O exception on channel [id: 0x2780d3bd, L:/127.0.0.1:60924 - R:localhost/127.0.0.1:60918]
java.io.IOException: An existing connection was forcibly closed by the remote host
	at java.base/sun.nio.ch.SocketDispatcher.read0(Native Method)
	at java.base/sun.nio.ch.SocketDispatcher.read(SocketDispatcher.java:43)
	at java.base/sun.nio.ch.IOUtil.readIntoNativeBuffer(IOUtil.java:276)
	at java.base/sun.nio.ch.IOUtil.read(IOUtil.java:233)
	at java.base/sun.nio.ch.IOUtil.read(IOUtil.java:223)
	at java.base/sun.nio.ch.SocketChannelImpl.read(SocketChannelImpl.java:358)
	at io.netty.buffer.PooledByteBuf.setBytes(PooledByteBuf.java:258)
	at io.netty.buffer.AbstractByteBuf.writeBytes(AbstractByteBuf.java:1132)
	at io.netty.channel.socket.nio.NioSocketChannel.doReadBytes(NioSocketChannel.java:350)
	at io.netty.channel.nio.AbstractNioByteChannel$NioByteUnsafe.read(AbstractNioByteChannel.java:151)
	at io.netty.channel.nio.NioEventLoop.processSelectedKey(NioEventLoop.java:722)
	at io.netty.channel.nio.NioEventLoop.processSelectedKeysOptimized(NioEventLoop.java:658)
	at io.netty.channel.nio.NioEventLoop.processSelectedKeys(NioEventLoop.java:584)
	at io.netty.channel.nio.NioEventLoop.run(NioEventLoop.java:496)
	at io.netty.util.concurrent.SingleThreadEventExecutor$4.run(SingleThreadEventExecutor.java:986)
	at io.netty.util.internal.ThreadExecutorMap$2.run(ThreadExecutorMap.java:74)
	at io.netty.util.concurrent.FastThreadLocalRunnable.run(FastThreadLocalRunnable.java:30)
	at java.base/java.lang.Thread.run(Thread.java:834)
13:41:50.305 [AsyncHttpClient-1-12] DEBUG org.asynchttpclient.netty.channel.ChannelManager - Closing Channel [id: 0x2780d3bd, L:/127.0.0.1:60924 - R:localhost/127.0.0.1:60918] 
13:41:50.305 [AsyncHttpClient-1-12] DEBUG org.asynchttpclient.netty.handler.HttpHandler - Channel Closed: [id: 0x2780d3bd, L:/127.0.0.1:60924 ! R:localhost/127.0.0.1:60918] with attribute DISCARD
13:41:50.333 [AsyncHttpClient-1-11] DEBUG org.asynchttpclient.netty.handler.HttpHandler - 

Request DefaultFullHttpRequest(decodeResult: success, version: HTTP/1.1, content: EmptyByteBufBE)
DELETE /session/61151846b4a3c3d40eee7979fc3d9c3e HTTP/1.1
User-Agent: selenium/4.1.2 (java windows)
Content-Type: application/json; charset=utf-8
host: localhost:59147
accept: */*

Response DefaultHttpResponse(decodeResult: success, version: HTTP/1.1)
HTTP/1.1 200 OK
Content-Type: application/json; charset=utf-8
cache-control: no-cache
content-length: 14

13:41:50.334 [AsyncHttpClient-1-11] DEBUG org.asynchttpclient.netty.channel.ChannelManager - Adding key: http://localhost:59147 for channel [id: 0xb6a68ca1, L:/127.0.0.1:60917 - R:localhost/127.0.0.1:59147]
13:41:50.445 [AsyncHttpClient-1-11] DEBUG org.asynchttpclient.netty.handler.HttpHandler - Channel Closed: [id: 0xb6a68ca1, L:/127.0.0.1:60917 ! R:localhost/127.0.0.1:59147] with attribute DISCARD
]]></system-out>
    <system-err><![CDATA[Starting ChromeDriver 108.0.5359.71 (1e0e3868ee06e91ad636a874420e3ca3ae3756ac-refs/branch-heads/5359@{#1016}) on port 59147
Only local connections are allowed.
Please see https://chromedriver.chromium.org/security-considerations for suggestions on keeping ChromeDriver safe.
ChromeDriver was started successfully.
Dec 21, 2022 1:41:39 PM org.openqa.selenium.remote.ProtocolHandshake createSession
INFO: Detected dialect: W3C
Dec 21, 2022 1:41:39 PM org.openqa.selenium.devtools.CdpVersionFinder findNearestMatch
WARNING: Unable to find an exact match for CDP version 108, so returning the closest version found: a no-op implementation
Dec 21, 2022 1:41:39 PM org.openqa.selenium.devtools.CdpVersionFinder findNearestMatch
INFO: Unable to find CDP implementation matching 108.
Dec 21, 2022 1:41:39 PM org.openqa.selenium.chromium.ChromiumDriver lambda$new$3
WARNING: Unable to find version of CDP to use for . You may need to include a dependency on a specific version of the CDP using something similar to `org.seleniumhq.selenium:selenium-devtools-v86:4.1.2` where the version ("v86") matches the version of the chromium-based browser you're using and the version number of the artifact is the same as Selenium's.
]]></system-err>
  </testcase>
  <testcase name="(Vaccine names)" classname="Vaccine names" time="7.129">
    <system-out><![CDATA[13:41:50.535 [main] INFO io.cucumber.core.plugin.SerenityReporter - Running feature from file:///C:/Users/ASUSTUF/OneDrive/Documents/Capstone%20Project/Web%20Automation/src/test/resources/features/VaccineNames.feature
13:41:50.541 [main] DEBUG net.thucydides.core.steps.StepEventBus - Test suite started for story net.thucydides.core.model.Story@942a1b8b
13:41:50.541 [main] INFO  - Test Suite Started: Vaccine names

Scenario:                              &amp#27;[90m# src/test/resources/features/VaccineNames.feature:6&amp#27;[0m
13:41:50.553 [main] INFO io.cucumber.core.plugin.SerenityReporter - Running feature from file:///C:/Users/ASUSTUF/OneDrive/Documents/Capstone%20Project/Web%20Automation/src/test/resources/features/VaccineNames.feature
13:41:50.558 [main] INFO  - 
  _____   ___   ___   _____     ___   _____     _     ___   _____   ___   ___  
 |_   _| | __| / __| |_   _|   / __| |_   _|   /_\   | _ \ |_   _| | __| |   \ 
   | |   | _|  \__ \   | |     \__ \   | |    / _ \  |   /   | |   | _|  | |) |
   |_|   |___| |___/   |_|     |___/   |_|   /_/ \_\ |_|_\   |_|   |___| |___/ 

(vaccine-names;)
--------------------------------------------------------------------------------
13:41:50.588 [main] INFO net.serenitybdd.core.webdriver.driverproviders.ChromeDriverProvider - Using automatically driver download
13:41:50.633 [AsyncHttpClient-1-1] DEBUG org.asynchttpclient.netty.channel.DefaultChannelPool - Entry count for : http://localhost:59147 : 1
13:41:50.633 [AsyncHttpClient-1-1] DEBUG org.asynchttpclient.netty.channel.DefaultChannelPool - Entry count for : http://localhost:60918 : 1
13:41:50.633 [AsyncHttpClient-1-1] DEBUG org.asynchttpclient.netty.channel.DefaultChannelPool - Adding Candidate expired Channel [id: 0xb6a68ca1, L:/127.0.0.1:60917 ! R:localhost/127.0.0.1:59147] isIdleTimeoutExpired=false isRemotelyClosed=true isTtlExpired=false
13:41:50.633 [AsyncHttpClient-1-1] DEBUG org.asynchttpclient.netty.channel.DefaultChannelPool - Closing Idle Channel [id: 0xb6a68ca1, L:/127.0.0.1:60917 ! R:localhost/127.0.0.1:59147]
13:41:50.633 [AsyncHttpClient-1-1] DEBUG org.asynchttpclient.netty.channel.DefaultChannelPool - Adding Candidate expired Channel [id: 0x2780d3bd, L:/127.0.0.1:60924 ! R:localhost/127.0.0.1:60918] isIdleTimeoutExpired=false isRemotelyClosed=true isTtlExpired=false
13:41:50.633 [AsyncHttpClient-1-1] DEBUG org.asynchttpclient.netty.channel.DefaultChannelPool - Closing Idle Channel [id: 0x2780d3bd, L:/127.0.0.1:60924 ! R:localhost/127.0.0.1:60918]
13:41:50.633 [AsyncHttpClient-1-1] DEBUG org.asynchttpclient.netty.channel.DefaultChannelPool - Closed 2 connections out of 2 in 0 ms
13:41:50.765 [main] DEBUG io.github.bonigarcia.wdm.cache.ResolutionCache - Resolution chrome=108 in cache (valid until 14:40:45 21/12/2022 ICT)
13:41:50.769 [main] DEBUG io.github.bonigarcia.wdm.cache.ResolutionCache - Resolution chrome108=108.0.5359.71 in cache (valid until 13:40:45 22/12/2022 ICT)
13:41:50.771 [main] INFO io.github.bonigarcia.wdm.WebDriverManager - Using chromedriver 108.0.5359.71 (resolved driver for Chrome 108)
13:41:50.787 [main] DEBUG io.github.bonigarcia.wdm.WebDriverManager - Driver chromedriver 108.0.5359.71 found in cache
13:41:50.787 [main] INFO io.github.bonigarcia.wdm.WebDriverManager - Exporting webdriver.chrome.driver as C:\Users\ASUSTUF\.cache\selenium\chromedriver\win32\108.0.5359.71\chromedriver.exe
13:41:50.961 [main] DEBUG net.serenitybdd.core.webdriver.driverproviders.ProvideNewDriver - Instantiating driver
13:41:50.961 [main] DEBUG net.serenitybdd.core.webdriver.driverproviders.ProvideNewDriver - Driver capabilities: Capabilities {acceptInsecureCerts: false, base.url: https://vaksin-id.netlify.app/, browserName: chrome, chrome.driver: src/test/resources/webdrive..., driver: chrome, goog:chromeOptions: {args: [], extensions: []}}
13:41:51.402 [AsyncHttpClient-1-14] DEBUG org.asynchttpclient.netty.channel.NettyConnectListener - Using new Channel '[id: 0x7fb1982e, L:/127.0.0.1:60944 - R:localhost/127.0.0.1:55951]' for 'POST' to '/session'
13:41:52.237 [AsyncHttpClient-1-14] DEBUG org.asynchttpclient.netty.handler.HttpHandler - 

Request DefaultHttpRequest(decodeResult: success, version: HTTP/1.1)
POST /session HTTP/1.1
User-Agent: selenium/4.1.2 (java windows)
Content-Length: 616
Content-Type: application/json; charset=utf-8
host: localhost:55951
accept: */*

Response DefaultHttpResponse(decodeResult: success, version: HTTP/1.1)
HTTP/1.1 200 OK
Content-Type: application/json; charset=utf-8
cache-control: no-cache
content-length: 794

13:41:52.237 [AsyncHttpClient-1-14] DEBUG org.asynchttpclient.netty.channel.ChannelManager - Adding key: http://localhost:55951 for channel [id: 0x7fb1982e, L:/127.0.0.1:60944 - R:localhost/127.0.0.1:55951]
13:41:52.259 [AsyncHttpClient-1-15] DEBUG org.asynchttpclient.netty.channel.NettyConnectListener - Using new Channel '[id: 0x9e6e4a2d, L:/127.0.0.1:60952 - R:localhost/127.0.0.1:60946]' for 'GET' to '/json/version'
13:41:52.270 [AsyncHttpClient-1-15] DEBUG org.asynchttpclient.netty.handler.HttpHandler - 

Request DefaultFullHttpRequest(decodeResult: success, version: HTTP/1.1, content: EmptyByteBufBE)
GET /json/version HTTP/1.1
User-Agent: selenium/4.1.2 (java windows)
host: localhost:60946
accept: */*

Response DefaultHttpResponse(decodeResult: success, version: HTTP/1.1)
HTTP/1.1 200 OK
Content-Type: application/json; charset=UTF-8
content-length: 424

13:41:52.270 [AsyncHttpClient-1-15] DEBUG org.asynchttpclient.netty.channel.ChannelManager - Adding key: http://localhost:60946 for channel [id: 0x9e6e4a2d, L:/127.0.0.1:60952 - R:localhost/127.0.0.1:60946]
13:41:52.280 [AsyncHttpClient-1-16] DEBUG org.asynchttpclient.netty.channel.NettyConnectListener - Using new Channel '[id: 0xf9ff1a66, L:/127.0.0.1:60953 - R:localhost/127.0.0.1:60946]' for 'GET' to '/devtools/browser/845ac0b1-2427-4bd1-b39b-f4234f44f43a'
13:41:52.292 [AsyncHttpClient-1-16] DEBUG org.asynchttpclient.netty.handler.WebSocketHandler - 

Request DefaultFullHttpRequest(decodeResult: success, version: HTTP/1.1, content: EmptyByteBufBE)
GET /devtools/browser/845ac0b1-2427-4bd1-b39b-f4234f44f43a HTTP/1.1
upgrade: websocket
connection: upgrade
sec-websocket-key: 9wzWGSO6SIoKk7RB5NMMPw==
sec-websocket-version: 13
origin: http://localhost:60946
host: localhost:60946
accept: */*
user-agent: AHC/2.1

Response DefaultHttpResponse(decodeResult: success, version: HTTP/1.1)
HTTP/1.1 101 WebSocket Protocol Handshake
Upgrade: WebSocket
Connection: Upgrade
Sec-WebSocket-Accept: 6xxrL6FW3zjxDZi5liOjHeiZCeo=

13:41:52.298 [Forwarding get on session 51f13cfd40a4b83f87a11143b763fe6b to remote] DEBUG org.asynchttpclient.netty.request.NettyRequestSender - Using pooled Channel '[id: 0x7fb1982e, L:/127.0.0.1:60944 - R:localhost/127.0.0.1:55951]' for 'POST' to 'http://localhost:55951/session/51f13cfd40a4b83f87a11143b763fe6b/url'
13:41:52.299 [Forwarding get on session 51f13cfd40a4b83f87a11143b763fe6b to remote] DEBUG org.asynchttpclient.netty.request.NettyRequestSender - Using open Channel [id: 0x7fb1982e, L:/127.0.0.1:60944 - R:localhost/127.0.0.1:55951] for POST '/session/51f13cfd40a4b83f87a11143b763fe6b/url'
13:41:52.831 [AsyncHttpClient-1-1] DEBUG org.asynchttpclient.netty.channel.DefaultChannelPool - Entry count for : http://localhost:60946 : 1
13:41:53.644 [AsyncHttpClient-1-14] DEBUG org.asynchttpclient.netty.handler.HttpHandler - 

Request DefaultHttpRequest(decodeResult: success, version: HTTP/1.1)
POST /session/51f13cfd40a4b83f87a11143b763fe6b/url HTTP/1.1
User-Agent: selenium/4.1.2 (java windows)
Content-Length: 60
Content-Type: application/json; charset=utf-8
host: localhost:55951
accept: */*

Response DefaultHttpResponse(decodeResult: success, version: HTTP/1.1)
HTTP/1.1 200 OK
Content-Type: application/json; charset=utf-8
cache-control: no-cache
content-length: 14

13:41:53.644 [AsyncHttpClient-1-14] DEBUG org.asynchttpclient.netty.channel.ChannelManager - Adding key: http://localhost:55951 for channel [id: 0x7fb1982e, L:/127.0.0.1:60944 - R:localhost/127.0.0.1:55951]
13:41:53.646 [Forwarding setTimeout on session 51f13cfd40a4b83f87a11143b763fe6b to remote] DEBUG org.asynchttpclient.netty.request.NettyRequestSender - Using pooled Channel '[id: 0x7fb1982e, L:/127.0.0.1:60944 - R:localhost/127.0.0.1:55951]' for 'POST' to 'http://localhost:55951/session/51f13cfd40a4b83f87a11143b763fe6b/timeouts'
13:41:53.646 [Forwarding setTimeout on session 51f13cfd40a4b83f87a11143b763fe6b to remote] DEBUG org.asynchttpclient.netty.request.NettyRequestSender - Using open Channel [id: 0x7fb1982e, L:/127.0.0.1:60944 - R:localhost/127.0.0.1:55951] for POST '/session/51f13cfd40a4b83f87a11143b763fe6b/timeouts'
13:41:53.647 [AsyncHttpClient-1-14] DEBUG org.asynchttpclient.netty.handler.HttpHandler - 

Request DefaultHttpRequest(decodeResult: success, version: HTTP/1.1)
POST /session/51f13cfd40a4b83f87a11143b763fe6b/timeouts HTTP/1.1
User-Agent: selenium/4.1.2 (java windows)
Content-Length: 22
Content-Type: application/json; charset=utf-8
host: localhost:55951
accept: */*

Response DefaultHttpResponse(decodeResult: success, version: HTTP/1.1)
HTTP/1.1 200 OK
Content-Type: application/json; charset=utf-8
cache-control: no-cache
content-length: 14

13:41:53.647 [AsyncHttpClient-1-14] DEBUG org.asynchttpclient.netty.channel.ChannelManager - Adding key: http://localhost:55951 for channel [id: 0x7fb1982e, L:/127.0.0.1:60944 - R:localhost/127.0.0.1:55951]
13:41:53.651 [Forwarding getCurrentUrl on session 51f13cfd40a4b83f87a11143b763fe6b to remote] DEBUG org.asynchttpclient.netty.request.NettyRequestSender - Using pooled Channel '[id: 0x7fb1982e, L:/127.0.0.1:60944 - R:localhost/127.0.0.1:55951]' for 'GET' to 'http://localhost:55951/session/51f13cfd40a4b83f87a11143b763fe6b/url'
13:41:53.651 [Forwarding getCurrentUrl on session 51f13cfd40a4b83f87a11143b763fe6b to remote] DEBUG org.asynchttpclient.netty.request.NettyRequestSender - Using open Channel [id: 0x7fb1982e, L:/127.0.0.1:60944 - R:localhost/127.0.0.1:55951] for GET '/session/51f13cfd40a4b83f87a11143b763fe6b/url'
13:41:53.660 [AsyncHttpClient-1-14] DEBUG org.asynchttpclient.netty.handler.HttpHandler - 

Request DefaultFullHttpRequest(decodeResult: success, version: HTTP/1.1, content: EmptyByteBufBE)
GET /session/51f13cfd40a4b83f87a11143b763fe6b/url HTTP/1.1
User-Agent: selenium/4.1.2 (java windows)
Cache-Control: no-cache
Content-Type: application/json; charset=utf-8
host: localhost:55951
accept: */*

Response DefaultHttpResponse(decodeResult: success, version: HTTP/1.1)
HTTP/1.1 200 OK
Content-Type: application/json; charset=utf-8
cache-control: no-cache
content-length: 42

13:41:53.661 [AsyncHttpClient-1-14] DEBUG org.asynchttpclient.netty.channel.ChannelManager - Adding key: http://localhost:55951 for channel [id: 0x7fb1982e, L:/127.0.0.1:60944 - R:localhost/127.0.0.1:55951]
  &amp#27;[32mGiven &amp#27;[0m&amp#27;[32mI am on landing page&amp#27;[0m           &amp#27;[90m# starter.stepdefinitions.ManageVaccinationBookingsSteps.iAmOnLandingPage()&amp#27;[0m
13:41:53.666 [main] DEBUG net.serenitybdd.core.photography.Darkroom - Opening darkroom
13:41:53.667 [Darkroom Processing Line] DEBUG net.serenitybdd.core.photography.DarkroomProcessingLine - Darkroom processing line starting up
13:41:53.667 [Forwarding screenshot on session 51f13cfd40a4b83f87a11143b763fe6b to remote] DEBUG org.asynchttpclient.netty.request.NettyRequestSender - Using pooled Channel '[id: 0x7fb1982e, L:/127.0.0.1:60944 - R:localhost/127.0.0.1:55951]' for 'GET' to 'http://localhost:55951/session/51f13cfd40a4b83f87a11143b763fe6b/screenshot'
13:41:53.667 [Forwarding screenshot on session 51f13cfd40a4b83f87a11143b763fe6b to remote] DEBUG org.asynchttpclient.netty.request.NettyRequestSender - Using open Channel [id: 0x7fb1982e, L:/127.0.0.1:60944 - R:localhost/127.0.0.1:55951] for GET '/session/51f13cfd40a4b83f87a11143b763fe6b/screenshot'
13:41:53.942 [AsyncHttpClient-1-1] DEBUG org.asynchttpclient.netty.channel.DefaultChannelPool - Entry count for : http://localhost:60946 : 1
13:41:54.752 [AsyncHttpClient-1-14] DEBUG org.asynchttpclient.netty.handler.HttpHandler - 

Request DefaultFullHttpRequest(decodeResult: success, version: HTTP/1.1, content: EmptyByteBufBE)
GET /session/51f13cfd40a4b83f87a11143b763fe6b/screenshot HTTP/1.1
User-Agent: selenium/4.1.2 (java windows)
Cache-Control: no-cache
Content-Type: application/json; charset=utf-8
host: localhost:55951
accept: */*

Response DefaultHttpResponse(decodeResult: success, version: HTTP/1.1)
HTTP/1.1 200 OK
Content-Type: application/json; charset=utf-8
cache-control: no-cache
content-length: 847132

13:41:54.756 [AsyncHttpClient-1-14] DEBUG org.asynchttpclient.netty.channel.ChannelManager - Adding key: http://localhost:55951 for channel [id: 0x7fb1982e, L:/127.0.0.1:60944 - R:localhost/127.0.0.1:55951]
13:41:54.803 [main] DEBUG net.serenitybdd.core.photography.Darkroom - Send negative for processing for target\site\serenity\ff3b83dd42f508d91c0c8488aed412149de34b436c7528a8caa8428592644731.png
13:41:54.815 [Forwarding findElement on session 51f13cfd40a4b83f87a11143b763fe6b to remote] DEBUG org.asynchttpclient.netty.request.NettyRequestSender - Using pooled Channel '[id: 0x7fb1982e, L:/127.0.0.1:60944 - R:localhost/127.0.0.1:55951]' for 'POST' to 'http://localhost:55951/session/51f13cfd40a4b83f87a11143b763fe6b/element'
13:41:54.815 [Forwarding findElement on session 51f13cfd40a4b83f87a11143b763fe6b to remote] DEBUG org.asynchttpclient.netty.request.NettyRequestSender - Using open Channel [id: 0x7fb1982e, L:/127.0.0.1:60944 - R:localhost/127.0.0.1:55951] for POST '/session/51f13cfd40a4b83f87a11143b763fe6b/element'
13:41:54.831 [AsyncHttpClient-1-14] DEBUG org.asynchttpclient.netty.handler.HttpHandler - 

Request DefaultHttpRequest(decodeResult: success, version: HTTP/1.1)
POST /session/51f13cfd40a4b83f87a11143b763fe6b/element HTTP/1.1
User-Agent: selenium/4.1.2 (java windows)
Content-Length: 315
Content-Type: application/json; charset=utf-8
host: localhost:55951
accept: */*

Response DefaultHttpResponse(decodeResult: success, version: HTTP/1.1)
HTTP/1.1 200 OK
Content-Type: application/json; charset=utf-8
cache-control: no-cache
content-length: 88

13:41:54.832 [AsyncHttpClient-1-14] DEBUG org.asynchttpclient.netty.channel.ChannelManager - Adding key: http://localhost:55951 for channel [id: 0x7fb1982e, L:/127.0.0.1:60944 - R:localhost/127.0.0.1:55951]
13:41:54.833 [Forwarding getElementTagName on session 51f13cfd40a4b83f87a11143b763fe6b to remote] DEBUG org.asynchttpclient.netty.request.NettyRequestSender - Using pooled Channel '[id: 0x7fb1982e, L:/127.0.0.1:60944 - R:localhost/127.0.0.1:55951]' for 'GET' to 'http://localhost:55951/session/51f13cfd40a4b83f87a11143b763fe6b/element/99b0b6c2-fac3-4938-84a6-7219dd9f3616/name'
13:41:54.833 [Forwarding getElementTagName on session 51f13cfd40a4b83f87a11143b763fe6b to remote] DEBUG org.asynchttpclient.netty.request.NettyRequestSender - Using open Channel [id: 0x7fb1982e, L:/127.0.0.1:60944 - R:localhost/127.0.0.1:55951] for GET '/session/51f13cfd40a4b83f87a11143b763fe6b/element/99b0b6c2-fac3-4938-84a6-7219dd9f3616/name'
13:41:54.842 [AsyncHttpClient-1-14] DEBUG org.asynchttpclient.netty.handler.HttpHandler - 

Request DefaultFullHttpRequest(decodeResult: success, version: HTTP/1.1, content: EmptyByteBufBE)
GET /session/51f13cfd40a4b83f87a11143b763fe6b/element/99b0b6c2-fac3-4938-84a6-7219dd9f3616/name HTTP/1.1
User-Agent: selenium/4.1.2 (java windows)
Cache-Control: no-cache
Content-Type: application/json; charset=utf-8
host: localhost:55951
accept: */*

Response DefaultHttpResponse(decodeResult: success, version: HTTP/1.1)
HTTP/1.1 200 OK
Content-Type: application/json; charset=utf-8
cache-control: no-cache
content-length: 18

13:41:54.842 [AsyncHttpClient-1-14] DEBUG org.asynchttpclient.netty.channel.ChannelManager - Adding key: http://localhost:55951 for channel [id: 0x7fb1982e, L:/127.0.0.1:60944 - R:localhost/127.0.0.1:55951]
13:41:54.844 [Forwarding getElementTagName on session 51f13cfd40a4b83f87a11143b763fe6b to remote] DEBUG org.asynchttpclient.netty.request.NettyRequestSender - Using pooled Channel '[id: 0x7fb1982e, L:/127.0.0.1:60944 - R:localhost/127.0.0.1:55951]' for 'GET' to 'http://localhost:55951/session/51f13cfd40a4b83f87a11143b763fe6b/element/99b0b6c2-fac3-4938-84a6-7219dd9f3616/name'
13:41:54.844 [Forwarding getElementTagName on session 51f13cfd40a4b83f87a11143b763fe6b to remote] DEBUG org.asynchttpclient.netty.request.NettyRequestSender - Using open Channel [id: 0x7fb1982e, L:/127.0.0.1:60944 - R:localhost/127.0.0.1:55951] for GET '/session/51f13cfd40a4b83f87a11143b763fe6b/element/99b0b6c2-fac3-4938-84a6-7219dd9f3616/name'
13:41:54.850 [AsyncHttpClient-1-14] DEBUG org.asynchttpclient.netty.handler.HttpHandler - 

Request DefaultFullHttpRequest(decodeResult: success, version: HTTP/1.1, content: EmptyByteBufBE)
GET /session/51f13cfd40a4b83f87a11143b763fe6b/element/99b0b6c2-fac3-4938-84a6-7219dd9f3616/name HTTP/1.1
User-Agent: selenium/4.1.2 (java windows)
Cache-Control: no-cache
Content-Type: application/json; charset=utf-8
host: localhost:55951
accept: */*

Response DefaultHttpResponse(decodeResult: success, version: HTTP/1.1)
HTTP/1.1 200 OK
Content-Type: application/json; charset=utf-8
cache-control: no-cache
content-length: 18

13:41:54.850 [AsyncHttpClient-1-14] DEBUG org.asynchttpclient.netty.channel.ChannelManager - Adding key: http://localhost:55951 for channel [id: 0x7fb1982e, L:/127.0.0.1:60944 - R:localhost/127.0.0.1:55951]
13:41:54.852 [Forwarding isElementEnabled on session 51f13cfd40a4b83f87a11143b763fe6b to remote] DEBUG org.asynchttpclient.netty.request.NettyRequestSender - Using pooled Channel '[id: 0x7fb1982e, L:/127.0.0.1:60944 - R:localhost/127.0.0.1:55951]' for 'GET' to 'http://localhost:55951/session/51f13cfd40a4b83f87a11143b763fe6b/element/99b0b6c2-fac3-4938-84a6-7219dd9f3616/enabled'
13:41:54.852 [Forwarding isElementEnabled on session 51f13cfd40a4b83f87a11143b763fe6b to remote] DEBUG org.asynchttpclient.netty.request.NettyRequestSender - Using open Channel [id: 0x7fb1982e, L:/127.0.0.1:60944 - R:localhost/127.0.0.1:55951] for GET '/session/51f13cfd40a4b83f87a11143b763fe6b/element/99b0b6c2-fac3-4938-84a6-7219dd9f3616/enabled'
13:41:54.863 [AsyncHttpClient-1-14] DEBUG org.asynchttpclient.netty.handler.HttpHandler - 

Request DefaultFullHttpRequest(decodeResult: success, version: HTTP/1.1, content: EmptyByteBufBE)
GET /session/51f13cfd40a4b83f87a11143b763fe6b/element/99b0b6c2-fac3-4938-84a6-7219dd9f3616/enabled HTTP/1.1
User-Agent: selenium/4.1.2 (java windows)
Cache-Control: no-cache
Content-Type: application/json; charset=utf-8
host: localhost:55951
accept: */*

Response DefaultHttpResponse(decodeResult: success, version: HTTP/1.1)
HTTP/1.1 200 OK
Content-Type: application/json; charset=utf-8
cache-control: no-cache
content-length: 14

13:41:54.863 [AsyncHttpClient-1-14] DEBUG org.asynchttpclient.netty.channel.ChannelManager - Adding key: http://localhost:55951 for channel [id: 0x7fb1982e, L:/127.0.0.1:60944 - R:localhost/127.0.0.1:55951]
13:41:54.864 [Forwarding isElementEnabled on session 51f13cfd40a4b83f87a11143b763fe6b to remote] DEBUG org.asynchttpclient.netty.request.NettyRequestSender - Using pooled Channel '[id: 0x7fb1982e, L:/127.0.0.1:60944 - R:localhost/127.0.0.1:55951]' for 'GET' to 'http://localhost:55951/session/51f13cfd40a4b83f87a11143b763fe6b/element/99b0b6c2-fac3-4938-84a6-7219dd9f3616/enabled'
13:41:54.864 [Forwarding isElementEnabled on session 51f13cfd40a4b83f87a11143b763fe6b to remote] DEBUG org.asynchttpclient.netty.request.NettyRequestSender - Using open Channel [id: 0x7fb1982e, L:/127.0.0.1:60944 - R:localhost/127.0.0.1:55951] for GET '/session/51f13cfd40a4b83f87a11143b763fe6b/element/99b0b6c2-fac3-4938-84a6-7219dd9f3616/enabled'
13:41:54.874 [AsyncHttpClient-1-14] DEBUG org.asynchttpclient.netty.handler.HttpHandler - 

Request DefaultFullHttpRequest(decodeResult: success, version: HTTP/1.1, content: EmptyByteBufBE)
GET /session/51f13cfd40a4b83f87a11143b763fe6b/element/99b0b6c2-fac3-4938-84a6-7219dd9f3616/enabled HTTP/1.1
User-Agent: selenium/4.1.2 (java windows)
Cache-Control: no-cache
Content-Type: application/json; charset=utf-8
host: localhost:55951
accept: */*

Response DefaultHttpResponse(decodeResult: success, version: HTTP/1.1)
HTTP/1.1 200 OK
Content-Type: application/json; charset=utf-8
cache-control: no-cache
content-length: 14

13:41:54.874 [AsyncHttpClient-1-14] DEBUG org.asynchttpclient.netty.channel.ChannelManager - Adding key: http://localhost:55951 for channel [id: 0x7fb1982e, L:/127.0.0.1:60944 - R:localhost/127.0.0.1:55951]
13:41:54.876 [Forwarding findElement on session 51f13cfd40a4b83f87a11143b763fe6b to remote] DEBUG org.asynchttpclient.netty.request.NettyRequestSender - Using pooled Channel '[id: 0x7fb1982e, L:/127.0.0.1:60944 - R:localhost/127.0.0.1:55951]' for 'POST' to 'http://localhost:55951/session/51f13cfd40a4b83f87a11143b763fe6b/element'
13:41:54.876 [Forwarding findElement on session 51f13cfd40a4b83f87a11143b763fe6b to remote] DEBUG org.asynchttpclient.netty.request.NettyRequestSender - Using open Channel [id: 0x7fb1982e, L:/127.0.0.1:60944 - R:localhost/127.0.0.1:55951] for POST '/session/51f13cfd40a4b83f87a11143b763fe6b/element'
13:41:54.885 [AsyncHttpClient-1-14] DEBUG org.asynchttpclient.netty.handler.HttpHandler - 

Request DefaultHttpRequest(decodeResult: success, version: HTTP/1.1)
POST /session/51f13cfd40a4b83f87a11143b763fe6b/element HTTP/1.1
User-Agent: selenium/4.1.2 (java windows)
Content-Length: 315
Content-Type: application/json; charset=utf-8
host: localhost:55951
accept: */*

Response DefaultHttpResponse(decodeResult: success, version: HTTP/1.1)
HTTP/1.1 200 OK
Content-Type: application/json; charset=utf-8
cache-control: no-cache
content-length: 88

13:41:54.885 [AsyncHttpClient-1-14] DEBUG org.asynchttpclient.netty.channel.ChannelManager - Adding key: http://localhost:55951 for channel [id: 0x7fb1982e, L:/127.0.0.1:60944 - R:localhost/127.0.0.1:55951]
13:41:54.886 [Forwarding clickElement on session 51f13cfd40a4b83f87a11143b763fe6b to remote] DEBUG org.asynchttpclient.netty.request.NettyRequestSender - Using pooled Channel '[id: 0x7fb1982e, L:/127.0.0.1:60944 - R:localhost/127.0.0.1:55951]' for 'POST' to 'http://localhost:55951/session/51f13cfd40a4b83f87a11143b763fe6b/element/99b0b6c2-fac3-4938-84a6-7219dd9f3616/click'
13:41:54.886 [Forwarding clickElement on session 51f13cfd40a4b83f87a11143b763fe6b to remote] DEBUG org.asynchttpclient.netty.request.NettyRequestSender - Using open Channel [id: 0x7fb1982e, L:/127.0.0.1:60944 - R:localhost/127.0.0.1:55951] for POST '/session/51f13cfd40a4b83f87a11143b763fe6b/element/99b0b6c2-fac3-4938-84a6-7219dd9f3616/click'
13:41:54.998 [AsyncHttpClient-1-14] DEBUG org.asynchttpclient.netty.handler.HttpHandler - 

Request DefaultHttpRequest(decodeResult: success, version: HTTP/1.1)
POST /session/51f13cfd40a4b83f87a11143b763fe6b/element/99b0b6c2-fac3-4938-84a6-7219dd9f3616/click HTTP/1.1
User-Agent: selenium/4.1.2 (java windows)
Content-Length: 50
Content-Type: application/json; charset=utf-8
host: localhost:55951
accept: */*

Response DefaultHttpResponse(decodeResult: success, version: HTTP/1.1)
HTTP/1.1 200 OK
Content-Type: application/json; charset=utf-8
cache-control: no-cache
content-length: 14

13:41:54.998 [AsyncHttpClient-1-14] DEBUG org.asynchttpclient.netty.channel.ChannelManager - Adding key: http://localhost:55951 for channel [id: 0x7fb1982e, L:/127.0.0.1:60944 - R:localhost/127.0.0.1:55951]
13:41:55.005 [Forwarding findElement on session 51f13cfd40a4b83f87a11143b763fe6b to remote] DEBUG org.asynchttpclient.netty.request.NettyRequestSender - Using pooled Channel '[id: 0x7fb1982e, L:/127.0.0.1:60944 - R:localhost/127.0.0.1:55951]' for 'POST' to 'http://localhost:55951/session/51f13cfd40a4b83f87a11143b763fe6b/element'
13:41:55.005 [Forwarding findElement on session 51f13cfd40a4b83f87a11143b763fe6b to remote] DEBUG org.asynchttpclient.netty.request.NettyRequestSender - Using open Channel [id: 0x7fb1982e, L:/127.0.0.1:60944 - R:localhost/127.0.0.1:55951] for POST '/session/51f13cfd40a4b83f87a11143b763fe6b/element'
13:41:55.024 [AsyncHttpClient-1-14] DEBUG org.asynchttpclient.netty.handler.HttpHandler - 

Request DefaultHttpRequest(decodeResult: success, version: HTTP/1.1)
POST /session/51f13cfd40a4b83f87a11143b763fe6b/element HTTP/1.1
User-Agent: selenium/4.1.2 (java windows)
Content-Length: 69
Content-Type: application/json; charset=utf-8
host: localhost:55951
accept: */*

Response DefaultHttpResponse(decodeResult: success, version: HTTP/1.1)
HTTP/1.1 200 OK
Content-Type: application/json; charset=utf-8
cache-control: no-cache
content-length: 88

13:41:55.024 [AsyncHttpClient-1-14] DEBUG org.asynchttpclient.netty.channel.ChannelManager - Adding key: http://localhost:55951 for channel [id: 0x7fb1982e, L:/127.0.0.1:60944 - R:localhost/127.0.0.1:55951]
13:41:55.025 [Forwarding clearElement on session 51f13cfd40a4b83f87a11143b763fe6b to remote] DEBUG org.asynchttpclient.netty.request.NettyRequestSender - Using pooled Channel '[id: 0x7fb1982e, L:/127.0.0.1:60944 - R:localhost/127.0.0.1:55951]' for 'POST' to 'http://localhost:55951/session/51f13cfd40a4b83f87a11143b763fe6b/element/3a8ccc8a-711e-45a1-a134-c5c2c5b8881d/clear'
13:41:55.025 [Forwarding clearElement on session 51f13cfd40a4b83f87a11143b763fe6b to remote] DEBUG org.asynchttpclient.netty.request.NettyRequestSender - Using open Channel [id: 0x7fb1982e, L:/127.0.0.1:60944 - R:localhost/127.0.0.1:55951] for POST '/session/51f13cfd40a4b83f87a11143b763fe6b/element/3a8ccc8a-711e-45a1-a134-c5c2c5b8881d/clear'
13:41:55.031 [AsyncHttpClient-1-1] DEBUG org.asynchttpclient.netty.channel.DefaultChannelPool - Entry count for : http://localhost:60946 : 1
13:41:55.078 [AsyncHttpClient-1-14] DEBUG org.asynchttpclient.netty.handler.HttpHandler - 

Request DefaultHttpRequest(decodeResult: success, version: HTTP/1.1)
POST /session/51f13cfd40a4b83f87a11143b763fe6b/element/3a8ccc8a-711e-45a1-a134-c5c2c5b8881d/clear HTTP/1.1
User-Agent: selenium/4.1.2 (java windows)
Content-Length: 50
Content-Type: application/json; charset=utf-8
host: localhost:55951
accept: */*

Response DefaultHttpResponse(decodeResult: success, version: HTTP/1.1)
HTTP/1.1 200 OK
Content-Type: application/json; charset=utf-8
cache-control: no-cache
content-length: 14

13:41:55.079 [AsyncHttpClient-1-14] DEBUG org.asynchttpclient.netty.channel.ChannelManager - Adding key: http://localhost:55951 for channel [id: 0x7fb1982e, L:/127.0.0.1:60944 - R:localhost/127.0.0.1:55951]
13:41:55.081 [Forwarding sendKeysToElement on session 51f13cfd40a4b83f87a11143b763fe6b to remote] DEBUG org.asynchttpclient.netty.request.NettyRequestSender - Using pooled Channel '[id: 0x7fb1982e, L:/127.0.0.1:60944 - R:localhost/127.0.0.1:55951]' for 'POST' to 'http://localhost:55951/session/51f13cfd40a4b83f87a11143b763fe6b/element/3a8ccc8a-711e-45a1-a134-c5c2c5b8881d/value'
13:41:55.081 [Forwarding sendKeysToElement on session 51f13cfd40a4b83f87a11143b763fe6b to remote] DEBUG org.asynchttpclient.netty.request.NettyRequestSender - Using open Channel [id: 0x7fb1982e, L:/127.0.0.1:60944 - R:localhost/127.0.0.1:55951] for POST '/session/51f13cfd40a4b83f87a11143b763fe6b/element/3a8ccc8a-711e-45a1-a134-c5c2c5b8881d/value'
13:41:55.400 [AsyncHttpClient-1-14] DEBUG org.asynchttpclient.netty.handler.HttpHandler - 

Request DefaultHttpRequest(decodeResult: success, version: HTTP/1.1)
POST /session/51f13cfd40a4b83f87a11143b763fe6b/element/3a8ccc8a-711e-45a1-a134-c5c2c5b8881d/value HTTP/1.1
User-Agent: selenium/4.1.2 (java windows)
Content-Length: 411
Content-Type: application/json; charset=utf-8
host: localhost:55951
accept: */*

Response DefaultHttpResponse(decodeResult: success, version: HTTP/1.1)
HTTP/1.1 200 OK
Content-Type: application/json; charset=utf-8
cache-control: no-cache
content-length: 14

13:41:55.400 [AsyncHttpClient-1-14] DEBUG org.asynchttpclient.netty.channel.ChannelManager - Adding key: http://localhost:55951 for channel [id: 0x7fb1982e, L:/127.0.0.1:60944 - R:localhost/127.0.0.1:55951]
13:41:55.404 [Forwarding findElement on session 51f13cfd40a4b83f87a11143b763fe6b to remote] DEBUG org.asynchttpclient.netty.request.NettyRequestSender - Using pooled Channel '[id: 0x7fb1982e, L:/127.0.0.1:60944 - R:localhost/127.0.0.1:55951]' for 'POST' to 'http://localhost:55951/session/51f13cfd40a4b83f87a11143b763fe6b/element'
13:41:55.404 [Forwarding findElement on session 51f13cfd40a4b83f87a11143b763fe6b to remote] DEBUG org.asynchttpclient.netty.request.NettyRequestSender - Using open Channel [id: 0x7fb1982e, L:/127.0.0.1:60944 - R:localhost/127.0.0.1:55951] for POST '/session/51f13cfd40a4b83f87a11143b763fe6b/element'
13:41:55.432 [AsyncHttpClient-1-14] DEBUG org.asynchttpclient.netty.handler.HttpHandler - 

Request DefaultHttpRequest(decodeResult: success, version: HTTP/1.1)
POST /session/51f13cfd40a4b83f87a11143b763fe6b/element HTTP/1.1
User-Agent: selenium/4.1.2 (java windows)
Content-Length: 72
Content-Type: application/json; charset=utf-8
host: localhost:55951
accept: */*

Response DefaultHttpResponse(decodeResult: success, version: HTTP/1.1)
HTTP/1.1 200 OK
Content-Type: application/json; charset=utf-8
cache-control: no-cache
content-length: 88

13:41:55.432 [AsyncHttpClient-1-14] DEBUG org.asynchttpclient.netty.channel.ChannelManager - Adding key: http://localhost:55951 for channel [id: 0x7fb1982e, L:/127.0.0.1:60944 - R:localhost/127.0.0.1:55951]
13:41:55.433 [Forwarding clearElement on session 51f13cfd40a4b83f87a11143b763fe6b to remote] DEBUG org.asynchttpclient.netty.request.NettyRequestSender - Using pooled Channel '[id: 0x7fb1982e, L:/127.0.0.1:60944 - R:localhost/127.0.0.1:55951]' for 'POST' to 'http://localhost:55951/session/51f13cfd40a4b83f87a11143b763fe6b/element/c8404c8e-7421-4b49-8d7c-02f42764c1ab/clear'
13:41:55.434 [Forwarding clearElement on session 51f13cfd40a4b83f87a11143b763fe6b to remote] DEBUG org.asynchttpclient.netty.request.NettyRequestSender - Using open Channel [id: 0x7fb1982e, L:/127.0.0.1:60944 - R:localhost/127.0.0.1:55951] for POST '/session/51f13cfd40a4b83f87a11143b763fe6b/element/c8404c8e-7421-4b49-8d7c-02f42764c1ab/clear'
13:41:55.493 [AsyncHttpClient-1-14] DEBUG org.asynchttpclient.netty.handler.HttpHandler - 

Request DefaultHttpRequest(decodeResult: success, version: HTTP/1.1)
POST /session/51f13cfd40a4b83f87a11143b763fe6b/element/c8404c8e-7421-4b49-8d7c-02f42764c1ab/clear HTTP/1.1
User-Agent: selenium/4.1.2 (java windows)
Content-Length: 50
Content-Type: application/json; charset=utf-8
host: localhost:55951
accept: */*

Response DefaultHttpResponse(decodeResult: success, version: HTTP/1.1)
HTTP/1.1 200 OK
Content-Type: application/json; charset=utf-8
cache-control: no-cache
content-length: 14

13:41:55.494 [AsyncHttpClient-1-14] DEBUG org.asynchttpclient.netty.channel.ChannelManager - Adding key: http://localhost:55951 for channel [id: 0x7fb1982e, L:/127.0.0.1:60944 - R:localhost/127.0.0.1:55951]
13:41:55.497 [Forwarding sendKeysToElement on session 51f13cfd40a4b83f87a11143b763fe6b to remote] DEBUG org.asynchttpclient.netty.request.NettyRequestSender - Using pooled Channel '[id: 0x7fb1982e, L:/127.0.0.1:60944 - R:localhost/127.0.0.1:55951]' for 'POST' to 'http://localhost:55951/session/51f13cfd40a4b83f87a11143b763fe6b/element/c8404c8e-7421-4b49-8d7c-02f42764c1ab/value'
13:41:55.497 [Forwarding sendKeysToElement on session 51f13cfd40a4b83f87a11143b763fe6b to remote] DEBUG org.asynchttpclient.netty.request.NettyRequestSender - Using open Channel [id: 0x7fb1982e, L:/127.0.0.1:60944 - R:localhost/127.0.0.1:55951] for POST '/session/51f13cfd40a4b83f87a11143b763fe6b/element/c8404c8e-7421-4b49-8d7c-02f42764c1ab/value'
13:41:55.691 [AsyncHttpClient-1-14] DEBUG org.asynchttpclient.netty.handler.HttpHandler - 

Request DefaultHttpRequest(decodeResult: success, version: HTTP/1.1)
POST /session/51f13cfd40a4b83f87a11143b763fe6b/element/c8404c8e-7421-4b49-8d7c-02f42764c1ab/value HTTP/1.1
User-Agent: selenium/4.1.2 (java windows)
Content-Length: 241
Content-Type: application/json; charset=utf-8
host: localhost:55951
accept: */*

Response DefaultHttpResponse(decodeResult: success, version: HTTP/1.1)
HTTP/1.1 200 OK
Content-Type: application/json; charset=utf-8
cache-control: no-cache
content-length: 14

13:41:55.692 [AsyncHttpClient-1-14] DEBUG org.asynchttpclient.netty.channel.ChannelManager - Adding key: http://localhost:55951 for channel [id: 0x7fb1982e, L:/127.0.0.1:60944 - R:localhost/127.0.0.1:55951]
13:41:55.701 [Forwarding findElement on session 51f13cfd40a4b83f87a11143b763fe6b to remote] DEBUG org.asynchttpclient.netty.request.NettyRequestSender - Using pooled Channel '[id: 0x7fb1982e, L:/127.0.0.1:60944 - R:localhost/127.0.0.1:55951]' for 'POST' to 'http://localhost:55951/session/51f13cfd40a4b83f87a11143b763fe6b/element'
13:41:55.701 [Forwarding findElement on session 51f13cfd40a4b83f87a11143b763fe6b to remote] DEBUG org.asynchttpclient.netty.request.NettyRequestSender - Using open Channel [id: 0x7fb1982e, L:/127.0.0.1:60944 - R:localhost/127.0.0.1:55951] for POST '/session/51f13cfd40a4b83f87a11143b763fe6b/element'
13:41:55.719 [AsyncHttpClient-1-14] DEBUG org.asynchttpclient.netty.handler.HttpHandler - 

Request DefaultHttpRequest(decodeResult: success, version: HTTP/1.1)
POST /session/51f13cfd40a4b83f87a11143b763fe6b/element HTTP/1.1
User-Agent: selenium/4.1.2 (java windows)
Content-Length: 321
Content-Type: application/json; charset=utf-8
host: localhost:55951
accept: */*

Response DefaultHttpResponse(decodeResult: success, version: HTTP/1.1)
HTTP/1.1 200 OK
Content-Type: application/json; charset=utf-8
cache-control: no-cache
content-length: 88

13:41:55.720 [AsyncHttpClient-1-14] DEBUG org.asynchttpclient.netty.channel.ChannelManager - Adding key: http://localhost:55951 for channel [id: 0x7fb1982e, L:/127.0.0.1:60944 - R:localhost/127.0.0.1:55951]
13:41:55.721 [Forwarding getElementTagName on session 51f13cfd40a4b83f87a11143b763fe6b to remote] DEBUG org.asynchttpclient.netty.request.NettyRequestSender - Using pooled Channel '[id: 0x7fb1982e, L:/127.0.0.1:60944 - R:localhost/127.0.0.1:55951]' for 'GET' to 'http://localhost:55951/session/51f13cfd40a4b83f87a11143b763fe6b/element/74b141e9-5a5b-49ac-8fa2-3b487cc7d5d3/name'
13:41:55.721 [Forwarding getElementTagName on session 51f13cfd40a4b83f87a11143b763fe6b to remote] DEBUG org.asynchttpclient.netty.request.NettyRequestSender - Using open Channel [id: 0x7fb1982e, L:/127.0.0.1:60944 - R:localhost/127.0.0.1:55951] for GET '/session/51f13cfd40a4b83f87a11143b763fe6b/element/74b141e9-5a5b-49ac-8fa2-3b487cc7d5d3/name'
13:41:55.731 [AsyncHttpClient-1-14] DEBUG org.asynchttpclient.netty.handler.HttpHandler - 

Request DefaultFullHttpRequest(decodeResult: success, version: HTTP/1.1, content: EmptyByteBufBE)
GET /session/51f13cfd40a4b83f87a11143b763fe6b/element/74b141e9-5a5b-49ac-8fa2-3b487cc7d5d3/name HTTP/1.1
User-Agent: selenium/4.1.2 (java windows)
Cache-Control: no-cache
Content-Type: application/json; charset=utf-8
host: localhost:55951
accept: */*

Response DefaultHttpResponse(decodeResult: success, version: HTTP/1.1)
HTTP/1.1 200 OK
Content-Type: application/json; charset=utf-8
cache-control: no-cache
content-length: 18

13:41:55.731 [AsyncHttpClient-1-14] DEBUG org.asynchttpclient.netty.channel.ChannelManager - Adding key: http://localhost:55951 for channel [id: 0x7fb1982e, L:/127.0.0.1:60944 - R:localhost/127.0.0.1:55951]
13:41:55.733 [Forwarding getElementTagName on session 51f13cfd40a4b83f87a11143b763fe6b to remote] DEBUG org.asynchttpclient.netty.request.NettyRequestSender - Using pooled Channel '[id: 0x7fb1982e, L:/127.0.0.1:60944 - R:localhost/127.0.0.1:55951]' for 'GET' to 'http://localhost:55951/session/51f13cfd40a4b83f87a11143b763fe6b/element/74b141e9-5a5b-49ac-8fa2-3b487cc7d5d3/name'
13:41:55.733 [Forwarding getElementTagName on session 51f13cfd40a4b83f87a11143b763fe6b to remote] DEBUG org.asynchttpclient.netty.request.NettyRequestSender - Using open Channel [id: 0x7fb1982e, L:/127.0.0.1:60944 - R:localhost/127.0.0.1:55951] for GET '/session/51f13cfd40a4b83f87a11143b763fe6b/element/74b141e9-5a5b-49ac-8fa2-3b487cc7d5d3/name'
13:41:55.738 [AsyncHttpClient-1-14] DEBUG org.asynchttpclient.netty.handler.HttpHandler - 

Request DefaultFullHttpRequest(decodeResult: success, version: HTTP/1.1, content: EmptyByteBufBE)
GET /session/51f13cfd40a4b83f87a11143b763fe6b/element/74b141e9-5a5b-49ac-8fa2-3b487cc7d5d3/name HTTP/1.1
User-Agent: selenium/4.1.2 (java windows)
Cache-Control: no-cache
Content-Type: application/json; charset=utf-8
host: localhost:55951
accept: */*

Response DefaultHttpResponse(decodeResult: success, version: HTTP/1.1)
HTTP/1.1 200 OK
Content-Type: application/json; charset=utf-8
cache-control: no-cache
content-length: 18

13:41:55.739 [AsyncHttpClient-1-14] DEBUG org.asynchttpclient.netty.channel.ChannelManager - Adding key: http://localhost:55951 for channel [id: 0x7fb1982e, L:/127.0.0.1:60944 - R:localhost/127.0.0.1:55951]
13:41:55.744 [Forwarding isElementEnabled on session 51f13cfd40a4b83f87a11143b763fe6b to remote] DEBUG org.asynchttpclient.netty.request.NettyRequestSender - Using pooled Channel '[id: 0x7fb1982e, L:/127.0.0.1:60944 - R:localhost/127.0.0.1:55951]' for 'GET' to 'http://localhost:55951/session/51f13cfd40a4b83f87a11143b763fe6b/element/74b141e9-5a5b-49ac-8fa2-3b487cc7d5d3/enabled'
13:41:55.744 [Forwarding isElementEnabled on session 51f13cfd40a4b83f87a11143b763fe6b to remote] DEBUG org.asynchttpclient.netty.request.NettyRequestSender - Using open Channel [id: 0x7fb1982e, L:/127.0.0.1:60944 - R:localhost/127.0.0.1:55951] for GET '/session/51f13cfd40a4b83f87a11143b763fe6b/element/74b141e9-5a5b-49ac-8fa2-3b487cc7d5d3/enabled'
13:41:55.759 [AsyncHttpClient-1-14] DEBUG org.asynchttpclient.netty.handler.HttpHandler - 

Request DefaultFullHttpRequest(decodeResult: success, version: HTTP/1.1, content: EmptyByteBufBE)
GET /session/51f13cfd40a4b83f87a11143b763fe6b/element/74b141e9-5a5b-49ac-8fa2-3b487cc7d5d3/enabled HTTP/1.1
User-Agent: selenium/4.1.2 (java windows)
Cache-Control: no-cache
Content-Type: application/json; charset=utf-8
host: localhost:55951
accept: */*

Response DefaultHttpResponse(decodeResult: success, version: HTTP/1.1)
HTTP/1.1 200 OK
Content-Type: application/json; charset=utf-8
cache-control: no-cache
content-length: 14

13:41:55.759 [AsyncHttpClient-1-14] DEBUG org.asynchttpclient.netty.channel.ChannelManager - Adding key: http://localhost:55951 for channel [id: 0x7fb1982e, L:/127.0.0.1:60944 - R:localhost/127.0.0.1:55951]
13:41:55.760 [Forwarding isElementEnabled on session 51f13cfd40a4b83f87a11143b763fe6b to remote] DEBUG org.asynchttpclient.netty.request.NettyRequestSender - Using pooled Channel '[id: 0x7fb1982e, L:/127.0.0.1:60944 - R:localhost/127.0.0.1:55951]' for 'GET' to 'http://localhost:55951/session/51f13cfd40a4b83f87a11143b763fe6b/element/74b141e9-5a5b-49ac-8fa2-3b487cc7d5d3/enabled'
13:41:55.761 [Forwarding isElementEnabled on session 51f13cfd40a4b83f87a11143b763fe6b to remote] DEBUG org.asynchttpclient.netty.request.NettyRequestSender - Using open Channel [id: 0x7fb1982e, L:/127.0.0.1:60944 - R:localhost/127.0.0.1:55951] for GET '/session/51f13cfd40a4b83f87a11143b763fe6b/element/74b141e9-5a5b-49ac-8fa2-3b487cc7d5d3/enabled'
13:41:55.771 [AsyncHttpClient-1-14] DEBUG org.asynchttpclient.netty.handler.HttpHandler - 

Request DefaultFullHttpRequest(decodeResult: success, version: HTTP/1.1, content: EmptyByteBufBE)
GET /session/51f13cfd40a4b83f87a11143b763fe6b/element/74b141e9-5a5b-49ac-8fa2-3b487cc7d5d3/enabled HTTP/1.1
User-Agent: selenium/4.1.2 (java windows)
Cache-Control: no-cache
Content-Type: application/json; charset=utf-8
host: localhost:55951
accept: */*

Response DefaultHttpResponse(decodeResult: success, version: HTTP/1.1)
HTTP/1.1 200 OK
Content-Type: application/json; charset=utf-8
cache-control: no-cache
content-length: 14

13:41:55.771 [AsyncHttpClient-1-14] DEBUG org.asynchttpclient.netty.channel.ChannelManager - Adding key: http://localhost:55951 for channel [id: 0x7fb1982e, L:/127.0.0.1:60944 - R:localhost/127.0.0.1:55951]
13:41:55.776 [Forwarding findElement on session 51f13cfd40a4b83f87a11143b763fe6b to remote] DEBUG org.asynchttpclient.netty.request.NettyRequestSender - Using pooled Channel '[id: 0x7fb1982e, L:/127.0.0.1:60944 - R:localhost/127.0.0.1:55951]' for 'POST' to 'http://localhost:55951/session/51f13cfd40a4b83f87a11143b763fe6b/element'
13:41:55.776 [Forwarding findElement on session 51f13cfd40a4b83f87a11143b763fe6b to remote] DEBUG org.asynchttpclient.netty.request.NettyRequestSender - Using open Channel [id: 0x7fb1982e, L:/127.0.0.1:60944 - R:localhost/127.0.0.1:55951] for POST '/session/51f13cfd40a4b83f87a11143b763fe6b/element'
13:41:55.786 [AsyncHttpClient-1-14] DEBUG org.asynchttpclient.netty.handler.HttpHandler - 

Request DefaultHttpRequest(decodeResult: success, version: HTTP/1.1)
POST /session/51f13cfd40a4b83f87a11143b763fe6b/element HTTP/1.1
User-Agent: selenium/4.1.2 (java windows)
Content-Length: 321
Content-Type: application/json; charset=utf-8
host: localhost:55951
accept: */*

Response DefaultHttpResponse(decodeResult: success, version: HTTP/1.1)
HTTP/1.1 200 OK
Content-Type: application/json; charset=utf-8
cache-control: no-cache
content-length: 88

13:41:55.786 [AsyncHttpClient-1-14] DEBUG org.asynchttpclient.netty.channel.ChannelManager - Adding key: http://localhost:55951 for channel [id: 0x7fb1982e, L:/127.0.0.1:60944 - R:localhost/127.0.0.1:55951]
13:41:55.787 [Forwarding clickElement on session 51f13cfd40a4b83f87a11143b763fe6b to remote] DEBUG org.asynchttpclient.netty.request.NettyRequestSender - Using pooled Channel '[id: 0x7fb1982e, L:/127.0.0.1:60944 - R:localhost/127.0.0.1:55951]' for 'POST' to 'http://localhost:55951/session/51f13cfd40a4b83f87a11143b763fe6b/element/74b141e9-5a5b-49ac-8fa2-3b487cc7d5d3/click'
13:41:55.787 [Forwarding clickElement on session 51f13cfd40a4b83f87a11143b763fe6b to remote] DEBUG org.asynchttpclient.netty.request.NettyRequestSender - Using open Channel [id: 0x7fb1982e, L:/127.0.0.1:60944 - R:localhost/127.0.0.1:55951] for POST '/session/51f13cfd40a4b83f87a11143b763fe6b/element/74b141e9-5a5b-49ac-8fa2-3b487cc7d5d3/click'
13:41:55.860 [AsyncHttpClient-1-14] DEBUG org.asynchttpclient.netty.handler.HttpHandler - 

Request DefaultHttpRequest(decodeResult: success, version: HTTP/1.1)
POST /session/51f13cfd40a4b83f87a11143b763fe6b/element/74b141e9-5a5b-49ac-8fa2-3b487cc7d5d3/click HTTP/1.1
User-Agent: selenium/4.1.2 (java windows)
Content-Length: 50
Content-Type: application/json; charset=utf-8
host: localhost:55951
accept: */*

Response DefaultHttpResponse(decodeResult: success, version: HTTP/1.1)
HTTP/1.1 200 OK
Content-Type: application/json; charset=utf-8
cache-control: no-cache
content-length: 14

13:41:55.861 [AsyncHttpClient-1-14] DEBUG org.asynchttpclient.netty.channel.ChannelManager - Adding key: http://localhost:55951 for channel [id: 0x7fb1982e, L:/127.0.0.1:60944 - R:localhost/127.0.0.1:55951]
  &amp#27;[32mAnd &amp#27;[0m&amp#27;[32mI have logged in&amp#27;[0m                 &amp#27;[90m# starter.stepdefinitions.ManageVaccinationBookingsSteps.iHaveLoggedIn()&amp#27;[0m
13:41:55.869 [Forwarding screenshot on session 51f13cfd40a4b83f87a11143b763fe6b to remote] DEBUG org.asynchttpclient.netty.request.NettyRequestSender - Using pooled Channel '[id: 0x7fb1982e, L:/127.0.0.1:60944 - R:localhost/127.0.0.1:55951]' for 'GET' to 'http://localhost:55951/session/51f13cfd40a4b83f87a11143b763fe6b/screenshot'
13:41:55.869 [Forwarding screenshot on session 51f13cfd40a4b83f87a11143b763fe6b to remote] DEBUG org.asynchttpclient.netty.request.NettyRequestSender - Using open Channel [id: 0x7fb1982e, L:/127.0.0.1:60944 - R:localhost/127.0.0.1:55951] for GET '/session/51f13cfd40a4b83f87a11143b763fe6b/screenshot'
13:41:56.138 [AsyncHttpClient-1-1] DEBUG org.asynchttpclient.netty.channel.DefaultChannelPool - Entry count for : http://localhost:60946 : 1
13:41:56.177 [AsyncHttpClient-1-14] DEBUG org.asynchttpclient.netty.handler.HttpHandler - 

Request DefaultFullHttpRequest(decodeResult: success, version: HTTP/1.1, content: EmptyByteBufBE)
GET /session/51f13cfd40a4b83f87a11143b763fe6b/screenshot HTTP/1.1
User-Agent: selenium/4.1.2 (java windows)
Cache-Control: no-cache
Content-Type: application/json; charset=utf-8
host: localhost:55951
accept: */*

Response DefaultHttpResponse(decodeResult: success, version: HTTP/1.1)
HTTP/1.1 200 OK
Content-Type: application/json; charset=utf-8
cache-control: no-cache
content-length: 115924

13:41:56.178 [AsyncHttpClient-1-14] DEBUG org.asynchttpclient.netty.channel.ChannelManager - Adding key: http://localhost:55951 for channel [id: 0x7fb1982e, L:/127.0.0.1:60944 - R:localhost/127.0.0.1:55951]
13:41:56.182 [main] DEBUG net.serenitybdd.core.photography.Darkroom - Send negative for processing for target\site\serenity\a0362a962c01d1c9b8dee914004aa7ae44948b6ca5f3af6bf311094247bcd25e.png
13:41:56.182 [Darkroom Processing Line] DEBUG net.serenitybdd.core.photography.DarkroomProcessingLine - Processing screenshot image in /var/screenshots/screenshot-16104235349464795142
13:41:56.182 [Darkroom Processing Line] DEBUG net.serenitybdd.core.photography.DarkroomProcessingLine - Saving screenshot to target\site\serenity\a0362a962c01d1c9b8dee914004aa7ae44948b6ca5f3af6bf311094247bcd25e.png
13:41:56.320 [Forwarding findElement on session 51f13cfd40a4b83f87a11143b763fe6b to remote] DEBUG org.asynchttpclient.netty.request.NettyRequestSender - Using pooled Channel '[id: 0x7fb1982e, L:/127.0.0.1:60944 - R:localhost/127.0.0.1:55951]' for 'POST' to 'http://localhost:55951/session/51f13cfd40a4b83f87a11143b763fe6b/element'
13:41:56.320 [Forwarding findElement on session 51f13cfd40a4b83f87a11143b763fe6b to remote] DEBUG org.asynchttpclient.netty.request.NettyRequestSender - Using open Channel [id: 0x7fb1982e, L:/127.0.0.1:60944 - R:localhost/127.0.0.1:55951] for POST '/session/51f13cfd40a4b83f87a11143b763fe6b/element'
13:41:56.479 [AsyncHttpClient-1-14] DEBUG org.asynchttpclient.netty.handler.HttpHandler - 

Request DefaultHttpRequest(decodeResult: success, version: HTTP/1.1)
POST /session/51f13cfd40a4b83f87a11143b763fe6b/element HTTP/1.1
User-Agent: selenium/4.1.2 (java windows)
Content-Length: 78
Content-Type: application/json; charset=utf-8
host: localhost:55951
accept: */*

Response DefaultHttpResponse(decodeResult: success, version: HTTP/1.1)
HTTP/1.1 200 OK
Content-Type: application/json; charset=utf-8
cache-control: no-cache
content-length: 88

13:41:56.480 [AsyncHttpClient-1-14] DEBUG org.asynchttpclient.netty.channel.ChannelManager - Adding key: http://localhost:55951 for channel [id: 0x7fb1982e, L:/127.0.0.1:60944 - R:localhost/127.0.0.1:55951]
13:41:56.481 [Forwarding getElementTagName on session 51f13cfd40a4b83f87a11143b763fe6b to remote] DEBUG org.asynchttpclient.netty.request.NettyRequestSender - Using pooled Channel '[id: 0x7fb1982e, L:/127.0.0.1:60944 - R:localhost/127.0.0.1:55951]' for 'GET' to 'http://localhost:55951/session/51f13cfd40a4b83f87a11143b763fe6b/element/39d5079f-d559-46ba-9b8b-fb4a3aa4e746/name'
13:41:56.481 [Forwarding getElementTagName on session 51f13cfd40a4b83f87a11143b763fe6b to remote] DEBUG org.asynchttpclient.netty.request.NettyRequestSender - Using open Channel [id: 0x7fb1982e, L:/127.0.0.1:60944 - R:localhost/127.0.0.1:55951] for GET '/session/51f13cfd40a4b83f87a11143b763fe6b/element/39d5079f-d559-46ba-9b8b-fb4a3aa4e746/name'
13:41:56.507 [AsyncHttpClient-1-14] DEBUG org.asynchttpclient.netty.handler.HttpHandler - 

Request DefaultFullHttpRequest(decodeResult: success, version: HTTP/1.1, content: EmptyByteBufBE)
GET /session/51f13cfd40a4b83f87a11143b763fe6b/element/39d5079f-d559-46ba-9b8b-fb4a3aa4e746/name HTTP/1.1
User-Agent: selenium/4.1.2 (java windows)
Cache-Control: no-cache
Content-Type: application/json; charset=utf-8
host: localhost:55951
accept: */*

Response DefaultHttpResponse(decodeResult: success, version: HTTP/1.1)
HTTP/1.1 200 OK
Content-Type: application/json; charset=utf-8
cache-control: no-cache
content-length: 13

13:41:56.508 [AsyncHttpClient-1-14] DEBUG org.asynchttpclient.netty.channel.ChannelManager - Adding key: http://localhost:55951 for channel [id: 0x7fb1982e, L:/127.0.0.1:60944 - R:localhost/127.0.0.1:55951]
13:41:56.510 [Forwarding getElementTagName on session 51f13cfd40a4b83f87a11143b763fe6b to remote] DEBUG org.asynchttpclient.netty.request.NettyRequestSender - Using pooled Channel '[id: 0x7fb1982e, L:/127.0.0.1:60944 - R:localhost/127.0.0.1:55951]' for 'GET' to 'http://localhost:55951/session/51f13cfd40a4b83f87a11143b763fe6b/element/39d5079f-d559-46ba-9b8b-fb4a3aa4e746/name'
13:41:56.510 [Forwarding getElementTagName on session 51f13cfd40a4b83f87a11143b763fe6b to remote] DEBUG org.asynchttpclient.netty.request.NettyRequestSender - Using open Channel [id: 0x7fb1982e, L:/127.0.0.1:60944 - R:localhost/127.0.0.1:55951] for GET '/session/51f13cfd40a4b83f87a11143b763fe6b/element/39d5079f-d559-46ba-9b8b-fb4a3aa4e746/name'
13:41:56.515 [AsyncHttpClient-1-14] DEBUG org.asynchttpclient.netty.handler.HttpHandler - 

Request DefaultFullHttpRequest(decodeResult: success, version: HTTP/1.1, content: EmptyByteBufBE)
GET /session/51f13cfd40a4b83f87a11143b763fe6b/element/39d5079f-d559-46ba-9b8b-fb4a3aa4e746/name HTTP/1.1
User-Agent: selenium/4.1.2 (java windows)
Cache-Control: no-cache
Content-Type: application/json; charset=utf-8
host: localhost:55951
accept: */*

Response DefaultHttpResponse(decodeResult: success, version: HTTP/1.1)
HTTP/1.1 200 OK
Content-Type: application/json; charset=utf-8
cache-control: no-cache
content-length: 13

13:41:56.516 [AsyncHttpClient-1-14] DEBUG org.asynchttpclient.netty.channel.ChannelManager - Adding key: http://localhost:55951 for channel [id: 0x7fb1982e, L:/127.0.0.1:60944 - R:localhost/127.0.0.1:55951]
13:41:56.518 [Forwarding findElement on session 51f13cfd40a4b83f87a11143b763fe6b to remote] DEBUG org.asynchttpclient.netty.request.NettyRequestSender - Using pooled Channel '[id: 0x7fb1982e, L:/127.0.0.1:60944 - R:localhost/127.0.0.1:55951]' for 'POST' to 'http://localhost:55951/session/51f13cfd40a4b83f87a11143b763fe6b/element'
13:41:56.518 [Forwarding findElement on session 51f13cfd40a4b83f87a11143b763fe6b to remote] DEBUG org.asynchttpclient.netty.request.NettyRequestSender - Using open Channel [id: 0x7fb1982e, L:/127.0.0.1:60944 - R:localhost/127.0.0.1:55951] for POST '/session/51f13cfd40a4b83f87a11143b763fe6b/element'
13:41:56.529 [AsyncHttpClient-1-14] DEBUG org.asynchttpclient.netty.handler.HttpHandler - 

Request DefaultHttpRequest(decodeResult: success, version: HTTP/1.1)
POST /session/51f13cfd40a4b83f87a11143b763fe6b/element HTTP/1.1
User-Agent: selenium/4.1.2 (java windows)
Content-Length: 78
Content-Type: application/json; charset=utf-8
host: localhost:55951
accept: */*

Response DefaultHttpResponse(decodeResult: success, version: HTTP/1.1)
HTTP/1.1 200 OK
Content-Type: application/json; charset=utf-8
cache-control: no-cache
content-length: 88

13:41:56.529 [AsyncHttpClient-1-14] DEBUG org.asynchttpclient.netty.channel.ChannelManager - Adding key: http://localhost:55951 for channel [id: 0x7fb1982e, L:/127.0.0.1:60944 - R:localhost/127.0.0.1:55951]
13:41:56.530 [Forwarding clickElement on session 51f13cfd40a4b83f87a11143b763fe6b to remote] DEBUG org.asynchttpclient.netty.request.NettyRequestSender - Using pooled Channel '[id: 0x7fb1982e, L:/127.0.0.1:60944 - R:localhost/127.0.0.1:55951]' for 'POST' to 'http://localhost:55951/session/51f13cfd40a4b83f87a11143b763fe6b/element/39d5079f-d559-46ba-9b8b-fb4a3aa4e746/click'
13:41:56.530 [Forwarding clickElement on session 51f13cfd40a4b83f87a11143b763fe6b to remote] DEBUG org.asynchttpclient.netty.request.NettyRequestSender - Using open Channel [id: 0x7fb1982e, L:/127.0.0.1:60944 - R:localhost/127.0.0.1:55951] for POST '/session/51f13cfd40a4b83f87a11143b763fe6b/element/39d5079f-d559-46ba-9b8b-fb4a3aa4e746/click'
13:41:56.749 [AsyncHttpClient-1-14] DEBUG org.asynchttpclient.netty.handler.HttpHandler - 

Request DefaultHttpRequest(decodeResult: success, version: HTTP/1.1)
POST /session/51f13cfd40a4b83f87a11143b763fe6b/element/39d5079f-d559-46ba-9b8b-fb4a3aa4e746/click HTTP/1.1
User-Agent: selenium/4.1.2 (java windows)
Content-Length: 50
Content-Type: application/json; charset=utf-8
host: localhost:55951
accept: */*

Response DefaultHttpResponse(decodeResult: success, version: HTTP/1.1)
HTTP/1.1 200 OK
Content-Type: application/json; charset=utf-8
cache-control: no-cache
content-length: 14

13:41:56.750 [AsyncHttpClient-1-14] DEBUG org.asynchttpclient.netty.channel.ChannelManager - Adding key: http://localhost:55951 for channel [id: 0x7fb1982e, L:/127.0.0.1:60944 - R:localhost/127.0.0.1:55951]
  &amp#27;[32mWhen &amp#27;[0m&amp#27;[32mI go to Daftar Vaksin page&amp#27;[0m      &amp#27;[90m# starter.stepdefinitions.VaccineNamesSteps.iGoToDaftarVaksinPage()&amp#27;[0m
13:41:56.759 [Forwarding screenshot on session 51f13cfd40a4b83f87a11143b763fe6b to remote] DEBUG org.asynchttpclient.netty.request.NettyRequestSender - Using pooled Channel '[id: 0x7fb1982e, L:/127.0.0.1:60944 - R:localhost/127.0.0.1:55951]' for 'GET' to 'http://localhost:55951/session/51f13cfd40a4b83f87a11143b763fe6b/screenshot'
13:41:56.759 [Forwarding screenshot on session 51f13cfd40a4b83f87a11143b763fe6b to remote] DEBUG org.asynchttpclient.netty.request.NettyRequestSender - Using open Channel [id: 0x7fb1982e, L:/127.0.0.1:60944 - R:localhost/127.0.0.1:55951] for GET '/session/51f13cfd40a4b83f87a11143b763fe6b/screenshot'
13:41:57.165 [AsyncHttpClient-1-14] DEBUG org.asynchttpclient.netty.handler.HttpHandler - 

Request DefaultFullHttpRequest(decodeResult: success, version: HTTP/1.1, content: EmptyByteBufBE)
GET /session/51f13cfd40a4b83f87a11143b763fe6b/screenshot HTTP/1.1
User-Agent: selenium/4.1.2 (java windows)
Cache-Control: no-cache
Content-Type: application/json; charset=utf-8
host: localhost:55951
accept: */*

Response DefaultHttpResponse(decodeResult: success, version: HTTP/1.1)
HTTP/1.1 200 OK
Content-Type: application/json; charset=utf-8
cache-control: no-cache
content-length: 139076

13:41:57.165 [AsyncHttpClient-1-14] DEBUG org.asynchttpclient.netty.channel.ChannelManager - Adding key: http://localhost:55951 for channel [id: 0x7fb1982e, L:/127.0.0.1:60944 - R:localhost/127.0.0.1:55951]
13:41:57.170 [main] DEBUG net.serenitybdd.core.photography.Darkroom - Send negative for processing for target\site\serenity\3a048dd68a96eeb9db29fb382ff7343569eb59ba04ad610d62a38939146ac870.png
13:41:57.171 [Darkroom Processing Line] DEBUG net.serenitybdd.core.photography.DarkroomProcessingLine - Processing screenshot image in /var/screenshots/screenshot-10180723265235344579
13:41:57.171 [Darkroom Processing Line] DEBUG net.serenitybdd.core.photography.DarkroomProcessingLine - Saving screenshot to target\site\serenity\3a048dd68a96eeb9db29fb382ff7343569eb59ba04ad610d62a38939146ac870.png
13:41:57.182 [Forwarding findElement on session 51f13cfd40a4b83f87a11143b763fe6b to remote] DEBUG org.asynchttpclient.netty.request.NettyRequestSender - Using pooled Channel '[id: 0x7fb1982e, L:/127.0.0.1:60944 - R:localhost/127.0.0.1:55951]' for 'POST' to 'http://localhost:55951/session/51f13cfd40a4b83f87a11143b763fe6b/element'
13:41:57.182 [Forwarding findElement on session 51f13cfd40a4b83f87a11143b763fe6b to remote] DEBUG org.asynchttpclient.netty.request.NettyRequestSender - Using open Channel [id: 0x7fb1982e, L:/127.0.0.1:60944 - R:localhost/127.0.0.1:55951] for POST '/session/51f13cfd40a4b83f87a11143b763fe6b/element'
13:41:57.199 [AsyncHttpClient-1-14] DEBUG org.asynchttpclient.netty.handler.HttpHandler - 

Request DefaultHttpRequest(decodeResult: success, version: HTTP/1.1)
POST /session/51f13cfd40a4b83f87a11143b763fe6b/element HTTP/1.1
User-Agent: selenium/4.1.2 (java windows)
Content-Length: 78
Content-Type: application/json; charset=utf-8
host: localhost:55951
accept: */*

Response DefaultHttpResponse(decodeResult: success, version: HTTP/1.1)
HTTP/1.1 200 OK
Content-Type: application/json; charset=utf-8
cache-control: no-cache
content-length: 88

13:41:57.199 [AsyncHttpClient-1-14] DEBUG org.asynchttpclient.netty.channel.ChannelManager - Adding key: http://localhost:55951 for channel [id: 0x7fb1982e, L:/127.0.0.1:60944 - R:localhost/127.0.0.1:55951]
13:41:57.205 [Forwarding isElementDisplayed on session 51f13cfd40a4b83f87a11143b763fe6b to remote] DEBUG org.asynchttpclient.netty.request.NettyRequestSender - Using pooled Channel '[id: 0x7fb1982e, L:/127.0.0.1:60944 - R:localhost/127.0.0.1:55951]' for 'POST' to 'http://localhost:55951/session/51f13cfd40a4b83f87a11143b763fe6b/execute/sync'
13:41:57.205 [Forwarding isElementDisplayed on session 51f13cfd40a4b83f87a11143b763fe6b to remote] DEBUG org.asynchttpclient.netty.request.NettyRequestSender - Using open Channel [id: 0x7fb1982e, L:/127.0.0.1:60944 - R:localhost/127.0.0.1:55951] for POST '/session/51f13cfd40a4b83f87a11143b763fe6b/execute/sync'
13:41:57.229 [AsyncHttpClient-1-14] DEBUG org.asynchttpclient.netty.handler.HttpHandler - 

Request DefaultHttpRequest(decodeResult: success, version: HTTP/1.1)
POST /session/51f13cfd40a4b83f87a11143b763fe6b/execute/sync HTTP/1.1
User-Agent: selenium/4.1.2 (java windows)
Content-Length: 48780
Content-Type: application/json; charset=utf-8
host: localhost:55951
accept: */*

Response DefaultHttpResponse(decodeResult: success, version: HTTP/1.1)
HTTP/1.1 200 OK
Content-Type: application/json; charset=utf-8
cache-control: no-cache
content-length: 14

13:41:57.229 [AsyncHttpClient-1-14] DEBUG org.asynchttpclient.netty.channel.ChannelManager - Adding key: http://localhost:55951 for channel [id: 0x7fb1982e, L:/127.0.0.1:60944 - R:localhost/127.0.0.1:55951]
  &amp#27;[32mThen &amp#27;[0m&amp#27;[32mvaccine names will be displayed&amp#27;[0m &amp#27;[90m# starter.stepdefinitions.VaccineNamesSteps.vaccineNamesWillBeDisplayed()&amp#27;[0m
13:41:57.233 [AsyncHttpClient-1-1] DEBUG org.asynchttpclient.netty.channel.DefaultChannelPool - Entry count for : http://localhost:60946 : 1
13:41:57.233 [AsyncHttpClient-1-1] DEBUG org.asynchttpclient.netty.channel.DefaultChannelPool - Entry count for : http://localhost:55951 : 1
13:41:57.233 [Forwarding screenshot on session 51f13cfd40a4b83f87a11143b763fe6b to remote] DEBUG org.asynchttpclient.netty.request.NettyRequestSender - Using pooled Channel '[id: 0x7fb1982e, L:/127.0.0.1:60944 - R:localhost/127.0.0.1:55951]' for 'GET' to 'http://localhost:55951/session/51f13cfd40a4b83f87a11143b763fe6b/screenshot'
13:41:57.233 [Forwarding screenshot on session 51f13cfd40a4b83f87a11143b763fe6b to remote] DEBUG org.asynchttpclient.netty.request.NettyRequestSender - Using open Channel [id: 0x7fb1982e, L:/127.0.0.1:60944 - R:localhost/127.0.0.1:55951] for GET '/session/51f13cfd40a4b83f87a11143b763fe6b/screenshot'
13:41:57.470 [AsyncHttpClient-1-14] DEBUG org.asynchttpclient.netty.handler.HttpHandler - 

Request DefaultFullHttpRequest(decodeResult: success, version: HTTP/1.1, content: EmptyByteBufBE)
GET /session/51f13cfd40a4b83f87a11143b763fe6b/screenshot HTTP/1.1
User-Agent: selenium/4.1.2 (java windows)
Cache-Control: no-cache
Content-Type: application/json; charset=utf-8
host: localhost:55951
accept: */*

Response DefaultHttpResponse(decodeResult: success, version: HTTP/1.1)
HTTP/1.1 200 OK
Content-Type: application/json; charset=utf-8
cache-control: no-cache
content-length: 157588

13:41:57.471 [AsyncHttpClient-1-14] DEBUG org.asynchttpclient.netty.channel.ChannelManager - Adding key: http://localhost:55951 for channel [id: 0x7fb1982e, L:/127.0.0.1:60944 - R:localhost/127.0.0.1:55951]
13:41:57.477 [main] DEBUG net.serenitybdd.core.photography.Darkroom - Send negative for processing for target\site\serenity\a3f6e1f3750f30a34dd1b10b22b922e08e90aacd4048d4bb1d823564e8aa2a89.png
13:41:57.478 [Darkroom Processing Line] DEBUG net.serenitybdd.core.photography.DarkroomProcessingLine - Processing screenshot image in /var/screenshots/screenshot-11422224876621007260
13:41:57.478 [Darkroom Processing Line] DEBUG net.serenitybdd.core.photography.DarkroomProcessingLine - Saving screenshot to target\site\serenity\a3f6e1f3750f30a34dd1b10b22b922e08e90aacd4048d4bb1d823564e8aa2a89.png
13:41:57.479 [main] INFO  - 
  _____   ___   ___   _____     ___     _     ___   ___   ___   ___  
 |_   _| | __| / __| |_   _|   | _ \   /_\   / __| / __| | __| |   \ 
   | |   | _|  \__ \   | |     |  _/  / _ \  \__ \ \__ \ | _|  | |) |
   |_|   |___| |___/   |_|     |_|   /_/ \_\ |___/ |___/ |___| |___/ 


----------------------------------------------------------------------
13:41:57.482 [AsyncHttpClient-1-16] DEBUG org.asynchttpclient.netty.handler.WebSocketHandler - Channel Closed: [id: 0xf9ff1a66, L:/127.0.0.1:60953 ! R:localhost/127.0.0.1:60946] with attribute NettyResponseFuture{currentRetry=5,
	isDone=1,
	isCancelled=0,
	asyncHandler=org.asynchttpclient.ws.WebSocketUpgradeHandler@364fb9e,
	nettyRequest=org.asynchttpclient.netty.request.NettyRequest@46666596,
	future=java.util.concurrent.CompletableFuture@2b908654[Completed normally],
	uri=ws://localhost:60946/devtools/browser/845ac0b1-2427-4bd1-b39b-f4234f44f43a,
	keepAlive=true,
	redirectCount=0,
	timeoutsHolder=null,
	inAuth=0,
	touch=1671604912293}
13:41:57.482 [AsyncHttpClient-1-16] DEBUG org.asynchttpclient.netty.channel.ChannelManager - Closing Channel [id: 0xf9ff1a66, L:/127.0.0.1:60953 ! R:localhost/127.0.0.1:60946] 
13:41:57.482 [Driver Command Executor] DEBUG org.asynchttpclient.netty.request.NettyRequestSender - Using pooled Channel '[id: 0x7fb1982e, L:/127.0.0.1:60944 - R:localhost/127.0.0.1:55951]' for 'DELETE' to 'http://localhost:55951/session/51f13cfd40a4b83f87a11143b763fe6b'
13:41:57.482 [Driver Command Executor] DEBUG org.asynchttpclient.netty.request.NettyRequestSender - Using open Channel [id: 0x7fb1982e, L:/127.0.0.1:60944 - R:localhost/127.0.0.1:55951] for DELETE '/session/51f13cfd40a4b83f87a11143b763fe6b'
13:41:57.516 [AsyncHttpClient-1-15] DEBUG org.asynchttpclient.netty.handler.HttpHandler - Unexpected I/O exception on channel [id: 0x9e6e4a2d, L:/127.0.0.1:60952 - R:localhost/127.0.0.1:60946]
java.io.IOException: An existing connection was forcibly closed by the remote host
	at java.base/sun.nio.ch.SocketDispatcher.read0(Native Method)
	at java.base/sun.nio.ch.SocketDispatcher.read(SocketDispatcher.java:43)
	at java.base/sun.nio.ch.IOUtil.readIntoNativeBuffer(IOUtil.java:276)
	at java.base/sun.nio.ch.IOUtil.read(IOUtil.java:233)
	at java.base/sun.nio.ch.IOUtil.read(IOUtil.java:223)
	at java.base/sun.nio.ch.SocketChannelImpl.read(SocketChannelImpl.java:358)
	at io.netty.buffer.PooledByteBuf.setBytes(PooledByteBuf.java:258)
	at io.netty.buffer.AbstractByteBuf.writeBytes(AbstractByteBuf.java:1132)
	at io.netty.channel.socket.nio.NioSocketChannel.doReadBytes(NioSocketChannel.java:350)
	at io.netty.channel.nio.AbstractNioByteChannel$NioByteUnsafe.read(AbstractNioByteChannel.java:151)
	at io.netty.channel.nio.NioEventLoop.processSelectedKey(NioEventLoop.java:722)
	at io.netty.channel.nio.NioEventLoop.processSelectedKeysOptimized(NioEventLoop.java:658)
	at io.netty.channel.nio.NioEventLoop.processSelectedKeys(NioEventLoop.java:584)
	at io.netty.channel.nio.NioEventLoop.run(NioEventLoop.java:496)
	at io.netty.util.concurrent.SingleThreadEventExecutor$4.run(SingleThreadEventExecutor.java:986)
	at io.netty.util.internal.ThreadExecutorMap$2.run(ThreadExecutorMap.java:74)
	at io.netty.util.concurrent.FastThreadLocalRunnable.run(FastThreadLocalRunnable.java:30)
	at java.base/java.lang.Thread.run(Thread.java:834)
13:41:57.516 [AsyncHttpClient-1-15] DEBUG org.asynchttpclient.netty.channel.ChannelManager - Closing Channel [id: 0x9e6e4a2d, L:/127.0.0.1:60952 - R:localhost/127.0.0.1:60946] 
13:41:57.516 [AsyncHttpClient-1-15] DEBUG org.asynchttpclient.netty.handler.HttpHandler - Channel Closed: [id: 0x9e6e4a2d, L:/127.0.0.1:60952 ! R:localhost/127.0.0.1:60946] with attribute DISCARD
13:41:57.543 [AsyncHttpClient-1-14] DEBUG org.asynchttpclient.netty.handler.HttpHandler - 

Request DefaultFullHttpRequest(decodeResult: success, version: HTTP/1.1, content: EmptyByteBufBE)
DELETE /session/51f13cfd40a4b83f87a11143b763fe6b HTTP/1.1
User-Agent: selenium/4.1.2 (java windows)
Content-Type: application/json; charset=utf-8
host: localhost:55951
accept: */*

Response DefaultHttpResponse(decodeResult: success, version: HTTP/1.1)
HTTP/1.1 200 OK
Content-Type: application/json; charset=utf-8
cache-control: no-cache
content-length: 14

13:41:57.544 [AsyncHttpClient-1-14] DEBUG org.asynchttpclient.netty.channel.ChannelManager - Adding key: http://localhost:55951 for channel [id: 0x7fb1982e, L:/127.0.0.1:60944 - R:localhost/127.0.0.1:55951]
13:41:57.619 [AsyncHttpClient-1-14] DEBUG org.asynchttpclient.netty.handler.HttpHandler - Channel Closed: [id: 0x7fb1982e, L:/127.0.0.1:60944 ! R:localhost/127.0.0.1:55951] with attribute DISCARD
]]></system-out>
    <system-err><![CDATA[Starting ChromeDriver 108.0.5359.71 (1e0e3868ee06e91ad636a874420e3ca3ae3756ac-refs/branch-heads/5359@{#1016}) on port 55951
Only local connections are allowed.
Please see https://chromedriver.chromium.org/security-considerations for suggestions on keeping ChromeDriver safe.
ChromeDriver was started successfully.
Dec 21, 2022 1:41:52 PM org.openqa.selenium.remote.ProtocolHandshake createSession
INFO: Detected dialect: W3C
Dec 21, 2022 1:41:52 PM org.openqa.selenium.devtools.CdpVersionFinder findNearestMatch
WARNING: Unable to find an exact match for CDP version 108, so returning the closest version found: a no-op implementation
Dec 21, 2022 1:41:52 PM org.openqa.selenium.devtools.CdpVersionFinder findNearestMatch
INFO: Unable to find CDP implementation matching 108.
Dec 21, 2022 1:41:52 PM org.openqa.selenium.chromium.ChromiumDriver lambda$new$3
WARNING: Unable to find version of CDP to use for . You may need to include a dependency on a specific version of the CDP using something similar to `org.seleniumhq.selenium:selenium-devtools-v86:4.1.2` where the version ("v86") matches the version of the chromium-based browser you're using and the version number of the artifact is the same as Selenium's.
]]></system-err>
  </testcase>
</testsuite>