<?xml version="1.0" encoding="UTF-8"?>
<testsuite xmlns:xsi="http://www.w3.org/2001/XMLSchema-instance" xsi:noNamespaceSchemaLocation="https://maven.apache.org/surefire/maven-failsafe-plugin/xsd/failsafe-test-report-3.0.xsd" version="3.0" name="CucumberTestSuite" time="50.232" tests="5" errors="1" skipped="0" failures="0">
  <properties>
    <property name="sun.desktop" value="windows"/>
    <property name="awt.toolkit" value="sun.awt.windows.WToolkit"/>
    <property name="java.specification.version" value="11"/>
    <property name="webdriver.chrome.driver" value="C:\Users\ASUSTUF\OneDrive\Documents\Capstone Project\Web Automation\src\test\resources\webdriver\chromedriver.exe"/>
    <property name="sun.cpu.isalist" value="amd64"/>
    <property name="sun.jnu.encoding" value="Cp1252"/>
    <property name="java.class.path" value="C:\Users\ASUSTUF\OneDrive\Documents\Capstone Project\Web Automation\target\test-classes;C:\Users\ASUSTUF\.m2\repository\net\serenity-bdd\serenity-core\3.2.1\serenity-core-3.2.1.jar;C:\Users\ASUSTUF\.m2\repository\net\serenity-bdd\serenity-model\3.2.1\serenity-model-3.2.1.jar;C:\Users\ASUSTUF\.m2\repository\org\apache\commons\commons-text\1.9\commons-text-1.9.jar;C:\Users\ASUSTUF\.m2\repository\commons-net\commons-net\3.8.0\commons-net-3.8.0.jar;C:\Users\ASUSTUF\.m2\repository\com\google\guava\guava\31.1-jre\guava-31.1-jre.jar;C:\Users\ASUSTUF\.m2\repository\com\google\guava\failureaccess\1.0.1\failureaccess-1.0.1.jar;C:\Users\ASUSTUF\.m2\repository\com\google\guava\listenablefuture\9999.0-empty-to-avoid-conflict-with-guava\listenablefuture-9999.0-empty-to-avoid-conflict-with-guava.jar;C:\Users\ASUSTUF\.m2\repository\com\google\code\findbugs\jsr305\3.0.2\jsr305-3.0.2.jar;C:\Users\ASUSTUF\.m2\repository\org\checkerframework\checker-qual\3.12.0\checker-qual-3.12.0.jar;C:\Users\ASUSTUF\.m2\repository\com\google\errorprone\error_prone_annotations\2.11.0\error_prone_annotations-2.11.0.jar;C:\Users\ASUSTUF\.m2\repository\com\google\j2objc\j2objc-annotations\1.3\j2objc-annotations-1.3.jar;C:\Users\ASUSTUF\.m2\repository\com\google\inject\guice\5.1.0\guice-5.1.0.jar;C:\Users\ASUSTUF\.m2\repository\javax\inject\javax.inject\1\javax.inject-1.jar;C:\Users\ASUSTUF\.m2\repository\aopalliance\aopalliance\1.0\aopalliance-1.0.jar;C:\Users\ASUSTUF\.m2\repository\org\jsoup\jsoup\1.14.3\jsoup-1.14.3.jar;C:\Users\ASUSTUF\.m2\repository\com\thoughtworks\xstream\xstream\1.4.19\xstream-1.4.19.jar;C:\Users\ASUSTUF\.m2\repository\io\github\x-stream\mxparser\1.2.2\mxparser-1.2.2.jar;C:\Users\ASUSTUF\.m2\repository\xmlpull\xmlpull\1.1.3.1\xmlpull-1.1.3.1.jar;C:\Users\ASUSTUF\.m2\repository\io\cucumber\cucumber-java\7.2.3\cucumber-java-7.2.3.jar;C:\Users\ASUSTUF\.m2\repository\com\typesafe\config\1.4.2\config-1.4.2.jar;C:\Users\ASUSTUF\.m2\repository\org\imgscalr\imgscalr-lib\4.2\imgscalr-lib-4.2.jar;C:\Users\ASUSTUF\.m2\repository\org\awaitility\awaitility\4.2.0\awaitility-4.2.0.jar;C:\Users\ASUSTUF\.m2\repository\org\freemarker\freemarker\2.3.31\freemarker-2.3.31.jar;C:\Users\ASUSTUF\.m2\repository\io\github\classgraph\classgraph\4.8.138\classgraph-4.8.138.jar;C:\Users\ASUSTUF\.m2\repository\net\sourceforge\jexcelapi\jxl\2.6.12\jxl-2.6.12.jar;C:\Users\ASUSTUF\.m2\repository\net\bytebuddy\byte-buddy\1.12.8\byte-buddy-1.12.8.jar;C:\Users\ASUSTUF\.m2\repository\net\bytebuddy\byte-buddy-agent\1.12.8\byte-buddy-agent-1.12.8.jar;C:\Users\ASUSTUF\.m2\repository\org\objenesis\objenesis\3.1\objenesis-3.1.jar;C:\Users\ASUSTUF\.m2\repository\net\serenity-bdd\serenity-reports\3.2.1\serenity-reports-3.2.1.jar;C:\Users\ASUSTUF\.m2\repository\net\serenity-bdd\serenity-stats\3.2.1\serenity-stats-3.2.1.jar;C:\Users\ASUSTUF\.m2\repository\net\serenity-bdd\serenity-reports-configuration\3.2.1\serenity-reports-configuration-3.2.1.jar;C:\Users\ASUSTUF\.m2\repository\com\vladsch\flexmark\flexmark-all\0.34.30\flexmark-all-0.34.30.jar;C:\Users\ASUSTUF\.m2\repository\com\vladsch\flexmark\flexmark\0.34.30\flexmark-0.34.30.jar;C:\Users\ASUSTUF\.m2\repository\com\vladsch\flexmark\flexmark-ext-abbreviation\0.34.30\flexmark-ext-abbreviation-0.34.30.jar;C:\Users\ASUSTUF\.m2\repository\com\vladsch\flexmark\flexmark-ext-admonition\0.34.30\flexmark-ext-admonition-0.34.30.jar;C:\Users\ASUSTUF\.m2\repository\com\vladsch\flexmark\flexmark-ext-anchorlink\0.34.30\flexmark-ext-anchorlink-0.34.30.jar;C:\Users\ASUSTUF\.m2\repository\com\vladsch\flexmark\flexmark-ext-aside\0.34.30\flexmark-ext-aside-0.34.30.jar;C:\Users\ASUSTUF\.m2\repository\com\vladsch\flexmark\flexmark-ext-attributes\0.34.30\flexmark-ext-attributes-0.34.30.jar;C:\Users\ASUSTUF\.m2\repository\com\vladsch\flexmark\flexmark-ext-autolink\0.34.30\flexmark-ext-autolink-0.34.30.jar;C:\Users\ASUSTUF\.m2\repository\org\nibor\autolink\autolink\0.6.0\autolink-0.6.0.jar;C:\Users\ASUSTUF\.m2\repository\com\vladsch\flexmark\flexmark-ext-definition\0.34.30\flexmark-ext-definition-0.34.30.jar;C:\Users\ASUSTUF\.m2\repository\com\vladsch\flexmark\flexmark-ext-emoji\0.34.30\flexmark-ext-emoji-0.34.30.jar;C:\Users\ASUSTUF\.m2\repository\com\vladsch\flexmark\flexmark-ext-enumerated-reference\0.34.30\flexmark-ext-enumerated-reference-0.34.30.jar;C:\Users\ASUSTUF\.m2\repository\com\vladsch\flexmark\flexmark-ext-escaped-character\0.34.30\flexmark-ext-escaped-character-0.34.30.jar;C:\Users\ASUSTUF\.m2\repository\com\vladsch\flexmark\flexmark-ext-footnotes\0.34.30\flexmark-ext-footnotes-0.34.30.jar;C:\Users\ASUSTUF\.m2\repository\com\vladsch\flexmark\flexmark-ext-gfm-issues\0.34.30\flexmark-ext-gfm-issues-0.34.30.jar;C:\Users\ASUSTUF\.m2\repository\com\vladsch\flexmark\flexmark-ext-gfm-strikethrough\0.34.30\flexmark-ext-gfm-strikethrough-0.34.30.jar;C:\Users\ASUSTUF\.m2\repository\com\vladsch\flexmark\flexmark-ext-gfm-tables\0.34.30\flexmark-ext-gfm-tables-0.34.30.jar;C:\Users\ASUSTUF\.m2\repository\com\vladsch\flexmark\flexmark-ext-gfm-tasklist\0.34.30\flexmark-ext-gfm-tasklist-0.34.30.jar;C:\Users\ASUSTUF\.m2\repository\com\vladsch\flexmark\flexmark-ext-gfm-users\0.34.30\flexmark-ext-gfm-users-0.34.30.jar;C:\Users\ASUSTUF\.m2\repository\com\vladsch\flexmark\flexmark-ext-gitlab\0.34.30\flexmark-ext-gitlab-0.34.30.jar;C:\Users\ASUSTUF\.m2\repository\com\vladsch\flexmark\flexmark-ext-jekyll-front-matter\0.34.30\flexmark-ext-jekyll-front-matter-0.34.30.jar;C:\Users\ASUSTUF\.m2\repository\com\vladsch\flexmark\flexmark-ext-jekyll-tag\0.34.30\flexmark-ext-jekyll-tag-0.34.30.jar;C:\Users\ASUSTUF\.m2\repository\com\vladsch\flexmark\flexmark-ext-media-tags\0.34.30\flexmark-ext-media-tags-0.34.30.jar;C:\Users\ASUSTUF\.m2\repository\com\vladsch\flexmark\flexmark-test-util\0.34.30\flexmark-test-util-0.34.30.jar;C:\Users\ASUSTUF\.m2\repository\com\vladsch\flexmark\flexmark-ext-ins\0.34.30\flexmark-ext-ins-0.34.30.jar;C:\Users\ASUSTUF\.m2\repository\com\vladsch\flexmark\flexmark-ext-xwiki-macros\0.34.30\flexmark-ext-xwiki-macros-0.34.30.jar;C:\Users\ASUSTUF\.m2\repository\com\vladsch\flexmark\flexmark-ext-superscript\0.34.30\flexmark-ext-superscript-0.34.30.jar;C:\Users\ASUSTUF\.m2\repository\com\vladsch\flexmark\flexmark-ext-tables\0.34.30\flexmark-ext-tables-0.34.30.jar;C:\Users\ASUSTUF\.m2\repository\com\vladsch\flexmark\flexmark-ext-toc\0.34.30\flexmark-ext-toc-0.34.30.jar;C:\Users\ASUSTUF\.m2\repository\com\vladsch\flexmark\flexmark-ext-typographic\0.34.30\flexmark-ext-typographic-0.34.30.jar;C:\Users\ASUSTUF\.m2\repository\com\vladsch\flexmark\flexmark-ext-wikilink\0.34.30\flexmark-ext-wikilink-0.34.30.jar;C:\Users\ASUSTUF\.m2\repository\com\vladsch\flexmark\flexmark-ext-yaml-front-matter\0.34.30\flexmark-ext-yaml-front-matter-0.34.30.jar;C:\Users\ASUSTUF\.m2\repository\com\vladsch\flexmark\flexmark-ext-youtube-embedded\0.34.30\flexmark-ext-youtube-embedded-0.34.30.jar;C:\Users\ASUSTUF\.m2\repository\com\vladsch\flexmark\flexmark-formatter\0.34.30\flexmark-formatter-0.34.30.jar;C:\Users\ASUSTUF\.m2\repository\com\vladsch\flexmark\flexmark-html-parser\0.34.30\flexmark-html-parser-0.34.30.jar;C:\Users\ASUSTUF\.m2\repository\com\vladsch\flexmark\flexmark-jira-converter\0.34.30\flexmark-jira-converter-0.34.30.jar;C:\Users\ASUSTUF\.m2\repository\com\vladsch\flexmark\flexmark-pdf-converter\0.34.30\flexmark-pdf-converter-0.34.30.jar;C:\Users\ASUSTUF\.m2\repository\com\openhtmltopdf\openhtmltopdf-core\0.0.1-RC13\openhtmltopdf-core-0.0.1-RC13.jar;C:\Users\ASUSTUF\.m2\repository\com\openhtmltopdf\openhtmltopdf-pdfbox\0.0.1-RC13\openhtmltopdf-pdfbox-0.0.1-RC13.jar;C:\Users\ASUSTUF\.m2\repository\org\apache\pdfbox\pdfbox\2.0.8\pdfbox-2.0.8.jar;C:\Users\ASUSTUF\.m2\repository\org\apache\pdfbox\fontbox\2.0.8\fontbox-2.0.8.jar;C:\Users\ASUSTUF\.m2\repository\commons-logging\commons-logging\1.2\commons-logging-1.2.jar;C:\Users\ASUSTUF\.m2\repository\org\apache\pdfbox\xmpbox\2.0.8\xmpbox-2.0.8.jar;C:\Users\ASUSTUF\.m2\repository\de\rototor\pdfbox\graphics2d\0.12\graphics2d-0.12.jar;C:\Users\ASUSTUF\.m2\repository\com\openhtmltopdf\openhtmltopdf-rtl-support\0.0.1-RC13\openhtmltopdf-rtl-support-0.0.1-RC13.jar;C:\Users\ASUSTUF\.m2\repository\com\ibm\icu\icu4j\59.1\icu4j-59.1.jar;C:\Users\ASUSTUF\.m2\repository\com\openhtmltopdf\openhtmltopdf-jsoup-dom-converter\0.0.1-RC13\openhtmltopdf-jsoup-dom-converter-0.0.1-RC13.jar;C:\Users\ASUSTUF\.m2\repository\com\vladsch\flexmark\flexmark-profile-pegdown\0.34.30\flexmark-profile-pegdown-0.34.30.jar;C:\Users\ASUSTUF\.m2\repository\com\vladsch\flexmark\flexmark-util\0.34.30\flexmark-util-0.34.30.jar;C:\Users\ASUSTUF\.m2\repository\com\vladsch\flexmark\flexmark-youtrack-converter\0.34.30\flexmark-youtrack-converter-0.34.30.jar;C:\Users\ASUSTUF\.m2\repository\es\nitaur\markdown\txtmark\0.16\txtmark-0.16.jar;C:\Users\ASUSTUF\.m2\repository\net\serenity-bdd\serenity-report-resources\3.2.1\serenity-report-resources-3.2.1.jar;C:\Users\ASUSTUF\.m2\repository\com\google\code\gson\gson\2.9.0\gson-2.9.0.jar;C:\Users\ASUSTUF\.m2\repository\com\fasterxml\jackson\core\jackson-core\2.13.2\jackson-core-2.13.2.jar;C:\Users\ASUSTUF\.m2\repository\com\fasterxml\jackson\core\jackson-databind\2.13.2\jackson-databind-2.13.2.jar;C:\Users\ASUSTUF\.m2\repository\com\fasterxml\jackson\core\jackson-annotations\2.13.2\jackson-annotations-2.13.2.jar;C:\Users\ASUSTUF\.m2\repository\commons-codec\commons-codec\1.15\commons-codec-1.15.jar;C:\Users\ASUSTUF\.m2\repository\commons-io\commons-io\2.11.0\commons-io-2.11.0.jar;C:\Users\ASUSTUF\.m2\repository\org\seleniumhq\selenium\selenium-java\4.1.2\selenium-java-4.1.2.jar;C:\Users\ASUSTUF\.m2\repository\org\seleniumhq\selenium\selenium-devtools-v85\4.1.2\selenium-devtools-v85-4.1.2.jar;C:\Users\ASUSTUF\.m2\repository\org\seleniumhq\selenium\selenium-devtools-v95\4.1.2\selenium-devtools-v95-4.1.2.jar;C:\Users\ASUSTUF\.m2\repository\org\seleniumhq\selenium\selenium-devtools-v96\4.1.2\selenium-devtools-v96-4.1.2.jar;C:\Users\ASUSTUF\.m2\repository\org\seleniumhq\selenium\selenium-devtools-v97\4.1.2\selenium-devtools-v97-4.1.2.jar;C:\Users\ASUSTUF\.m2\repository\org\seleniumhq\selenium\selenium-firefox-xpi-driver\4.1.2\selenium-firefox-xpi-driver-4.1.2.jar;C:\Users\ASUSTUF\.m2\repository\org\seleniumhq\selenium\selenium-opera-driver\4.1.2\selenium-opera-driver-4.1.2.jar;C:\Users\ASUSTUF\.m2\repository\org\seleniumhq\selenium\selenium-remote-driver\4.1.2\selenium-remote-driver-4.1.2.jar;C:\Users\ASUSTUF\.m2\repository\com\beust\jcommander\1.82\jcommander-1.82.jar;C:\Users\ASUSTUF\.m2\repository\io\netty\netty-buffer\4.1.73.Final\netty-buffer-4.1.73.Final.jar;C:\Users\ASUSTUF\.m2\repository\io\netty\netty-codec-http\4.1.73.Final\netty-codec-http-4.1.73.Final.jar;C:\Users\ASUSTUF\.m2\repository\io\netty\netty-codec\4.1.73.Final\netty-codec-4.1.73.Final.jar;C:\Users\ASUSTUF\.m2\repository\io\netty\netty-handler\4.1.73.Final\netty-handler-4.1.73.Final.jar;C:\Users\ASUSTUF\.m2\repository\io\netty\netty-tcnative-classes\2.0.46.Final\netty-tcnative-classes-2.0.46.Final.jar;C:\Users\ASUSTUF\.m2\repository\io\netty\netty-common\4.1.73.Final\netty-common-4.1.73.Final.jar;C:\Users\ASUSTUF\.m2\repository\io\netty\netty-transport-classes-epoll\4.1.73.Final\netty-transport-classes-epoll-4.1.73.Final.jar;C:\Users\ASUSTUF\.m2\repository\io\netty\netty-transport-classes-kqueue\4.1.73.Final\netty-transport-classes-kqueue-4.1.73.Final.jar;C:\Users\ASUSTUF\.m2\repository\io\netty\netty-transport-native-epoll\4.1.73.Final\netty-transport-native-epoll-4.1.73.Final.jar;C:\Users\ASUSTUF\.m2\repository\io\netty\netty-transport-native-kqueue\4.1.73.Final\netty-transport-native-kqueue-4.1.73.Final.jar;C:\Users\ASUSTUF\.m2\repository\io\netty\netty-transport-native-unix-common\4.1.73.Final\netty-transport-native-unix-common-4.1.73.Final.jar;C:\Users\ASUSTUF\.m2\repository\io\netty\netty-transport\4.1.73.Final\netty-transport-4.1.73.Final.jar;C:\Users\ASUSTUF\.m2\repository\io\netty\netty-resolver\4.1.73.Final\netty-resolver-4.1.73.Final.jar;C:\Users\ASUSTUF\.m2\repository\io\opentelemetry\opentelemetry-api\1.10.1\opentelemetry-api-1.10.1.jar;C:\Users\ASUSTUF\.m2\repository\io\opentelemetry\opentelemetry-context\1.10.1\opentelemetry-context-1.10.1.jar;C:\Users\ASUSTUF\.m2\repository\io\opentelemetry\opentelemetry-exporter-logging\1.10.1\opentelemetry-exporter-logging-1.10.1.jar;C:\Users\ASUSTUF\.m2\repository\io\opentelemetry\opentelemetry-sdk-metrics\1.10.1-alpha\opentelemetry-sdk-metrics-1.10.1-alpha.jar;C:\Users\ASUSTUF\.m2\repository\io\opentelemetry\opentelemetry-sdk-logs\1.10.1-alpha\opentelemetry-sdk-logs-1.10.1-alpha.jar;C:\Users\ASUSTUF\.m2\repository\io\opentelemetry\opentelemetry-sdk-common\1.10.1\opentelemetry-sdk-common-1.10.1.jar;C:\Users\ASUSTUF\.m2\repository\io\opentelemetry\opentelemetry-sdk-extension-autoconfigure-spi\1.10.1\opentelemetry-sdk-extension-autoconfigure-spi-1.10.1.jar;C:\Users\ASUSTUF\.m2\repository\io\opentelemetry\opentelemetry-sdk-extension-autoconfigure\1.10.1-alpha\opentelemetry-sdk-extension-autoconfigure-1.10.1-alpha.jar;C:\Users\ASUSTUF\.m2\repository\io\opentelemetry\opentelemetry-sdk-trace\1.10.1\opentelemetry-sdk-trace-1.10.1.jar;C:\Users\ASUSTUF\.m2\repository\io\opentelemetry\opentelemetry-sdk\1.10.1\opentelemetry-sdk-1.10.1.jar;C:\Users\ASUSTUF\.m2\repository\io\opentelemetry\opentelemetry-semconv\1.10.1-alpha\opentelemetry-semconv-1.10.1-alpha.jar;C:\Users\ASUSTUF\.m2\repository\io\ous\jtoml\2.0.0\jtoml-2.0.0.jar;C:\Users\ASUSTUF\.m2\repository\org\apache\commons\commons-exec\1.3\commons-exec-1.3.jar;C:\Users\ASUSTUF\.m2\repository\org\asynchttpclient\async-http-client\2.12.3\async-http-client-2.12.3.jar;C:\Users\ASUSTUF\.m2\repository\org\asynchttpclient\async-http-client-netty-utils\2.12.3\async-http-client-netty-utils-2.12.3.jar;C:\Users\ASUSTUF\.m2\repository\io\netty\netty-codec-socks\4.1.60.Final\netty-codec-socks-4.1.60.Final.jar;C:\Users\ASUSTUF\.m2\repository\io\netty\netty-handler-proxy\4.1.60.Final\netty-handler-proxy-4.1.60.Final.jar;C:\Users\ASUSTUF\.m2\repository\io\netty\netty-transport-native-epoll\4.1.60.Final\netty-transport-native-epoll-4.1.60.Final-linux-x86_64.jar;C:\Users\ASUSTUF\.m2\repository\io\netty\netty-transport-native-kqueue\4.1.60.Final\netty-transport-native-kqueue-4.1.60.Final-osx-x86_64.jar;C:\Users\ASUSTUF\.m2\repository\org\reactivestreams\reactive-streams\1.0.3\reactive-streams-1.0.3.jar;C:\Users\ASUSTUF\.m2\repository\com\typesafe\netty\netty-reactive-streams\2.0.4\netty-reactive-streams-2.0.4.jar;C:\Users\ASUSTUF\.m2\repository\org\seleniumhq\selenium\selenium-http\4.1.2\selenium-http-4.1.2.jar;C:\Users\ASUSTUF\.m2\repository\net\jodah\failsafe\2.4.4\failsafe-2.4.4.jar;C:\Users\ASUSTUF\.m2\repository\org\seleniumhq\selenium\selenium-safari-driver\4.1.2\selenium-safari-driver-4.1.2.jar;C:\Users\ASUSTUF\.m2\repository\org\seleniumhq\selenium\selenium-api\4.1.2\selenium-api-4.1.2.jar;C:\Users\ASUSTUF\.m2\repository\org\seleniumhq\selenium\selenium-support\4.1.2\selenium-support-4.1.2.jar;C:\Users\ASUSTUF\.m2\repository\com\google\auto\service\auto-service-annotations\1.0.1\auto-service-annotations-1.0.1.jar;C:\Users\ASUSTUF\.m2\repository\com\google\auto\service\auto-service\1.0.1\auto-service-1.0.1.jar;C:\Users\ASUSTUF\.m2\repository\com\google\auto\auto-common\1.2\auto-common-1.2.jar;C:\Users\ASUSTUF\.m2\repository\org\seleniumhq\selenium\selenium-json\4.1.2\selenium-json-4.1.2.jar;C:\Users\ASUSTUF\.m2\repository\org\seleniumhq\selenium\selenium-chrome-driver\4.1.2\selenium-chrome-driver-4.1.2.jar;C:\Users\ASUSTUF\.m2\repository\org\seleniumhq\selenium\selenium-chromium-driver\4.1.2\selenium-chromium-driver-4.1.2.jar;C:\Users\ASUSTUF\.m2\repository\org\seleniumhq\selenium\selenium-firefox-driver\4.1.2\selenium-firefox-driver-4.1.2.jar;C:\Users\ASUSTUF\.m2\repository\org\seleniumhq\selenium\selenium-edge-driver\4.1.2\selenium-edge-driver-4.1.2.jar;C:\Users\ASUSTUF\.m2\repository\org\seleniumhq\selenium\selenium-ie-driver\4.1.2\selenium-ie-driver-4.1.2.jar;C:\Users\ASUSTUF\.m2\repository\org\projectlombok\lombok\1.18.20\lombok-1.18.20.jar;C:\Users\ASUSTUF\.m2\repository\io\appium\java-client\8.0.0\java-client-8.0.0.jar;C:\Users\ASUSTUF\.m2\repository\commons-validator\commons-validator\1.7\commons-validator-1.7.jar;C:\Users\ASUSTUF\.m2\repository\commons-digester\commons-digester\2.1\commons-digester-2.1.jar;C:\Users\ASUSTUF\.m2\repository\org\aspectj\aspectjweaver\1.9.8\aspectjweaver-1.9.8.jar;C:\Users\ASUSTUF\.m2\repository\org\codehaus\groovy\groovy\3.0.10\groovy-3.0.10.jar;C:\Users\ASUSTUF\.m2\repository\net\sf\opencsv\opencsv\2.0\opencsv-2.0.jar;C:\Users\ASUSTUF\.m2\repository\commons-beanutils\commons-beanutils\1.9.4\commons-beanutils-1.9.4.jar;C:\Users\ASUSTUF\.m2\repository\org\apache\commons\commons-lang3\3.12.0\commons-lang3-3.12.0.jar;C:\Users\ASUSTUF\.m2\repository\commons-collections\commons-collections\3.2.2\commons-collections-3.2.2.jar;C:\Users\ASUSTUF\.m2\repository\org\fluentlenium\fluentlenium-core\0.10.2\fluentlenium-core-0.10.2.jar;C:\Users\ASUSTUF\.m2\repository\io\github\bonigarcia\webdrivermanager\5.1.0\webdrivermanager-5.1.0.jar;C:\Users\ASUSTUF\.m2\repository\com\github\docker-java\docker-java\3.2.13\docker-java-3.2.13.jar;C:\Users\ASUSTUF\.m2\repository\com\github\docker-java\docker-java-core\3.2.13\docker-java-core-3.2.13.jar;C:\Users\ASUSTUF\.m2\repository\com\github\docker-java\docker-java-api\3.2.13\docker-java-api-3.2.13.jar;C:\Users\ASUSTUF\.m2\repository\org\apache\commons\commons-compress\1.21\commons-compress-1.21.jar;C:\Users\ASUSTUF\.m2\repository\org\bouncycastle\bcpkix-jdk15on\1.64\bcpkix-jdk15on-1.64.jar;C:\Users\ASUSTUF\.m2\repository\org\bouncycastle\bcprov-jdk15on\1.64\bcprov-jdk15on-1.64.jar;C:\Users\ASUSTUF\.m2\repository\org\slf4j\jcl-over-slf4j\1.7.30\jcl-over-slf4j-1.7.30.jar;C:\Users\ASUSTUF\.m2\repository\com\github\docker-java\docker-java-transport-httpclient5\3.2.13\docker-java-transport-httpclient5-3.2.13.jar;C:\Users\ASUSTUF\.m2\repository\com\github\docker-java\docker-java-transport\3.2.13\docker-java-transport-3.2.13.jar;C:\Users\ASUSTUF\.m2\repository\org\apache\httpcomponents\client5\httpclient5\5.0.3\httpclient5-5.0.3.jar;C:\Users\ASUSTUF\.m2\repository\org\apache\httpcomponents\core5\httpcore5\5.0.2\httpcore5-5.0.2.jar;C:\Users\ASUSTUF\.m2\repository\net\java\dev\jna\jna\5.8.0\jna-5.8.0.jar;C:\Users\ASUSTUF\.m2\repository\org\brotli\dec\0.1.2\dec-0.1.2.jar;C:\Users\ASUSTUF\.m2\repository\com\jhlabs\filters\2.0.235\filters-2.0.235.jar;C:\Users\ASUSTUF\.m2\repository\com\paulhammant\ngwebdriver\1.1.6\ngwebdriver-1.1.6.jar;C:\Users\ASUSTUF\.m2\repository\joda-time\joda-time\2.8.2\joda-time-2.8.2.jar;C:\Users\ASUSTUF\.m2\repository\org\hamcrest\hamcrest\2.2\hamcrest-2.2.jar;C:\Users\ASUSTUF\.m2\repository\com\google\jimfs\jimfs\1.2\jimfs-1.2.jar;C:\Users\ASUSTUF\.m2\repository\org\mockito\mockito-core\3.3.3\mockito-core-3.3.3.jar;C:\Users\ASUSTUF\.m2\repository\javax\xml\bind\jaxb-api\2.3.1\jaxb-api-2.3.1.jar;C:\Users\ASUSTUF\.m2\repository\javax\activation\javax.activation-api\1.2.0\javax.activation-api-1.2.0.jar;C:\Users\ASUSTUF\.m2\repository\com\sun\xml\bind\jaxb-core\2.3.0.1\jaxb-core-2.3.0.1.jar;C:\Users\ASUSTUF\.m2\repository\com\sun\xml\bind\jaxb-impl\2.3.3\jaxb-impl-2.3.3.jar;C:\Users\ASUSTUF\.m2\repository\jakarta\xml\bind\jakarta.xml.bind-api\2.3.3\jakarta.xml.bind-api-2.3.3.jar;C:\Users\ASUSTUF\.m2\repository\com\sun\activation\jakarta.activation\1.2.2\jakarta.activation-1.2.2.jar;C:\Users\ASUSTUF\.m2\repository\javax\activation\activation\1.1.1\activation-1.1.1.jar;C:\Users\ASUSTUF\.m2\repository\net\serenity-bdd\serenity-cucumber\3.2.1\serenity-cucumber-3.2.1.jar;C:\Users\ASUSTUF\.m2\repository\io\cucumber\cucumber-core\7.2.3\cucumber-core-7.2.3.jar;C:\Users\ASUSTUF\.m2\repository\io\cucumber\cucumber-gherkin\7.2.3\cucumber-gherkin-7.2.3.jar;C:\Users\ASUSTUF\.m2\repository\io\cucumber\cucumber-gherkin-messages\7.2.3\cucumber-gherkin-messages-7.2.3.jar;C:\Users\ASUSTUF\.m2\repository\io\cucumber\messages\17.1.1\messages-17.1.1.jar;C:\Users\ASUSTUF\.m2\repository\io\cucumber\tag-expressions\4.1.0\tag-expressions-4.1.0.jar;C:\Users\ASUSTUF\.m2\repository\io\cucumber\cucumber-expressions\15.0.1\cucumber-expressions-15.0.1.jar;C:\Users\ASUSTUF\.m2\repository\io\cucumber\datatable\7.2.3\datatable-7.2.3.jar;C:\Users\ASUSTUF\.m2\repository\io\cucumber\cucumber-plugin\7.2.3\cucumber-plugin-7.2.3.jar;C:\Users\ASUSTUF\.m2\repository\io\cucumber\docstring\7.2.3\docstring-7.2.3.jar;C:\Users\ASUSTUF\.m2\repository\io\cucumber\html-formatter\17.0.0\html-formatter-17.0.0.jar;C:\Users\ASUSTUF\.m2\repository\io\cucumber\ci-environment\8.1.0\ci-environment-8.1.0.jar;C:\Users\ASUSTUF\.m2\repository\io\cucumber\cucumber-junit\7.2.3\cucumber-junit-7.2.3.jar;C:\Users\ASUSTUF\.m2\repository\org\apache\commons\commons-csv\1.5\commons-csv-1.5.jar;C:\Users\ASUSTUF\.m2\repository\net\serenity-bdd\serenity-screenplay\3.2.1\serenity-screenplay-3.2.1.jar;C:\Users\ASUSTUF\.m2\repository\net\serenity-bdd\serenity-screenplay-webdriver\3.2.1\serenity-screenplay-webdriver-3.2.1.jar;C:\Users\ASUSTUF\.m2\repository\net\serenity-bdd\serenity-ensure\3.2.1\serenity-ensure-3.2.1.jar;C:\Users\ASUSTUF\.m2\repository\net\serenity-bdd\serenity-junit\3.2.1\serenity-junit-3.2.1.jar;C:\Users\ASUSTUF\.m2\repository\org\jetbrains\kotlin\kotlin-stdlib\1.6.0\kotlin-stdlib-1.6.0.jar;C:\Users\ASUSTUF\.m2\repository\org\jetbrains\annotations\13.0\annotations-13.0.jar;C:\Users\ASUSTUF\.m2\repository\org\jetbrains\kotlin\kotlin-stdlib-common\1.6.0\kotlin-stdlib-common-1.6.0.jar;C:\Users\ASUSTUF\.m2\repository\org\junit\platform\junit-platform-launcher\1.8.1\junit-platform-launcher-1.8.1.jar;C:\Users\ASUSTUF\.m2\repository\org\junit\platform\junit-platform-engine\1.8.1\junit-platform-engine-1.8.1.jar;C:\Users\ASUSTUF\.m2\repository\org\opentest4j\opentest4j\1.2.0\opentest4j-1.2.0.jar;C:\Users\ASUSTUF\.m2\repository\org\junit\platform\junit-platform-commons\1.8.1\junit-platform-commons-1.8.1.jar;C:\Users\ASUSTUF\.m2\repository\org\apiguardian\apiguardian-api\1.1.2\apiguardian-api-1.1.2.jar;C:\Users\ASUSTUF\.m2\repository\org\junit\jupiter\junit-jupiter-engine\5.8.2\junit-jupiter-engine-5.8.2.jar;C:\Users\ASUSTUF\.m2\repository\org\junit\jupiter\junit-jupiter-api\5.8.2\junit-jupiter-api-5.8.2.jar;C:\Users\ASUSTUF\.m2\repository\org\junit\vintage\junit-vintage-engine\5.8.2\junit-vintage-engine-5.8.2.jar;C:\Users\ASUSTUF\.m2\repository\junit\junit\4.13.2\junit-4.13.2.jar;C:\Users\ASUSTUF\.m2\repository\org\hamcrest\hamcrest-core\1.3\hamcrest-core-1.3.jar;C:\Users\ASUSTUF\.m2\repository\ch\qos\logback\logback-classic\1.2.10\logback-classic-1.2.10.jar;C:\Users\ASUSTUF\.m2\repository\ch\qos\logback\logback-core\1.2.10\logback-core-1.2.10.jar;C:\Users\ASUSTUF\.m2\repository\org\slf4j\slf4j-api\1.7.32\slf4j-api-1.7.32.jar;C:\Users\ASUSTUF\.m2\repository\org\assertj\assertj-core\3.6.2\assertj-core-3.6.2.jar;"/>
    <property name="java.vm.vendor" value="Oracle Corporation"/>
    <property name="sun.arch.data.model" value="64"/>
    <property name="user.variant" value=""/>
    <property name="java.vendor.url" value="https://openjdk.java.net/"/>
    <property name="user.timezone" value="Asia/Bangkok"/>
    <property name="log4j2.formatMsgNoLookups" value="true"/>
    <property name="java.vm.specification.version" value="11"/>
    <property name="os.name" value="Windows 11"/>
    <property name="sun.java.launcher" value="SUN_STANDARD"/>
    <property name="user.country" value="US"/>
    <property name="sun.boot.library.path" value="C:\Program Files\Java\jdk-11.0.16\bin"/>
    <property name="sun.java.command" value="org.apache.maven.surefire.booter.ForkedBooter C:\Users\ASUSTUF\AppData\Local\Temp\surefire1843916302153722364 2022-12-21T15-22-06_154-jvmRun1 surefire7601680781327744977tmp surefire_015793969257341282804tmp"/>
    <property name="jdk.debug" value="release"/>
    <property name="surefire.test.class.path" value="C:\Users\ASUSTUF\OneDrive\Documents\Capstone Project\Web Automation\target\test-classes;C:\Users\ASUSTUF\.m2\repository\net\serenity-bdd\serenity-core\3.2.1\serenity-core-3.2.1.jar;C:\Users\ASUSTUF\.m2\repository\net\serenity-bdd\serenity-model\3.2.1\serenity-model-3.2.1.jar;C:\Users\ASUSTUF\.m2\repository\org\apache\commons\commons-text\1.9\commons-text-1.9.jar;C:\Users\ASUSTUF\.m2\repository\commons-net\commons-net\3.8.0\commons-net-3.8.0.jar;C:\Users\ASUSTUF\.m2\repository\com\google\guava\guava\31.1-jre\guava-31.1-jre.jar;C:\Users\ASUSTUF\.m2\repository\com\google\guava\failureaccess\1.0.1\failureaccess-1.0.1.jar;C:\Users\ASUSTUF\.m2\repository\com\google\guava\listenablefuture\9999.0-empty-to-avoid-conflict-with-guava\listenablefuture-9999.0-empty-to-avoid-conflict-with-guava.jar;C:\Users\ASUSTUF\.m2\repository\com\google\code\findbugs\jsr305\3.0.2\jsr305-3.0.2.jar;C:\Users\ASUSTUF\.m2\repository\org\checkerframework\checker-qual\3.12.0\checker-qual-3.12.0.jar;C:\Users\ASUSTUF\.m2\repository\com\google\errorprone\error_prone_annotations\2.11.0\error_prone_annotations-2.11.0.jar;C:\Users\ASUSTUF\.m2\repository\com\google\j2objc\j2objc-annotations\1.3\j2objc-annotations-1.3.jar;C:\Users\ASUSTUF\.m2\repository\com\google\inject\guice\5.1.0\guice-5.1.0.jar;C:\Users\ASUSTUF\.m2\repository\javax\inject\javax.inject\1\javax.inject-1.jar;C:\Users\ASUSTUF\.m2\repository\aopalliance\aopalliance\1.0\aopalliance-1.0.jar;C:\Users\ASUSTUF\.m2\repository\org\jsoup\jsoup\1.14.3\jsoup-1.14.3.jar;C:\Users\ASUSTUF\.m2\repository\com\thoughtworks\xstream\xstream\1.4.19\xstream-1.4.19.jar;C:\Users\ASUSTUF\.m2\repository\io\github\x-stream\mxparser\1.2.2\mxparser-1.2.2.jar;C:\Users\ASUSTUF\.m2\repository\xmlpull\xmlpull\1.1.3.1\xmlpull-1.1.3.1.jar;C:\Users\ASUSTUF\.m2\repository\io\cucumber\cucumber-java\7.2.3\cucumber-java-7.2.3.jar;C:\Users\ASUSTUF\.m2\repository\com\typesafe\config\1.4.2\config-1.4.2.jar;C:\Users\ASUSTUF\.m2\repository\org\imgscalr\imgscalr-lib\4.2\imgscalr-lib-4.2.jar;C:\Users\ASUSTUF\.m2\repository\org\awaitility\awaitility\4.2.0\awaitility-4.2.0.jar;C:\Users\ASUSTUF\.m2\repository\org\freemarker\freemarker\2.3.31\freemarker-2.3.31.jar;C:\Users\ASUSTUF\.m2\repository\io\github\classgraph\classgraph\4.8.138\classgraph-4.8.138.jar;C:\Users\ASUSTUF\.m2\repository\net\sourceforge\jexcelapi\jxl\2.6.12\jxl-2.6.12.jar;C:\Users\ASUSTUF\.m2\repository\net\bytebuddy\byte-buddy\1.12.8\byte-buddy-1.12.8.jar;C:\Users\ASUSTUF\.m2\repository\net\bytebuddy\byte-buddy-agent\1.12.8\byte-buddy-agent-1.12.8.jar;C:\Users\ASUSTUF\.m2\repository\org\objenesis\objenesis\3.1\objenesis-3.1.jar;C:\Users\ASUSTUF\.m2\repository\net\serenity-bdd\serenity-reports\3.2.1\serenity-reports-3.2.1.jar;C:\Users\ASUSTUF\.m2\repository\net\serenity-bdd\serenity-stats\3.2.1\serenity-stats-3.2.1.jar;C:\Users\ASUSTUF\.m2\repository\net\serenity-bdd\serenity-reports-configuration\3.2.1\serenity-reports-configuration-3.2.1.jar;C:\Users\ASUSTUF\.m2\repository\com\vladsch\flexmark\flexmark-all\0.34.30\flexmark-all-0.34.30.jar;C:\Users\ASUSTUF\.m2\repository\com\vladsch\flexmark\flexmark\0.34.30\flexmark-0.34.30.jar;C:\Users\ASUSTUF\.m2\repository\com\vladsch\flexmark\flexmark-ext-abbreviation\0.34.30\flexmark-ext-abbreviation-0.34.30.jar;C:\Users\ASUSTUF\.m2\repository\com\vladsch\flexmark\flexmark-ext-admonition\0.34.30\flexmark-ext-admonition-0.34.30.jar;C:\Users\ASUSTUF\.m2\repository\com\vladsch\flexmark\flexmark-ext-anchorlink\0.34.30\flexmark-ext-anchorlink-0.34.30.jar;C:\Users\ASUSTUF\.m2\repository\com\vladsch\flexmark\flexmark-ext-aside\0.34.30\flexmark-ext-aside-0.34.30.jar;C:\Users\ASUSTUF\.m2\repository\com\vladsch\flexmark\flexmark-ext-attributes\0.34.30\flexmark-ext-attributes-0.34.30.jar;C:\Users\ASUSTUF\.m2\repository\com\vladsch\flexmark\flexmark-ext-autolink\0.34.30\flexmark-ext-autolink-0.34.30.jar;C:\Users\ASUSTUF\.m2\repository\org\nibor\autolink\autolink\0.6.0\autolink-0.6.0.jar;C:\Users\ASUSTUF\.m2\repository\com\vladsch\flexmark\flexmark-ext-definition\0.34.30\flexmark-ext-definition-0.34.30.jar;C:\Users\ASUSTUF\.m2\repository\com\vladsch\flexmark\flexmark-ext-emoji\0.34.30\flexmark-ext-emoji-0.34.30.jar;C:\Users\ASUSTUF\.m2\repository\com\vladsch\flexmark\flexmark-ext-enumerated-reference\0.34.30\flexmark-ext-enumerated-reference-0.34.30.jar;C:\Users\ASUSTUF\.m2\repository\com\vladsch\flexmark\flexmark-ext-escaped-character\0.34.30\flexmark-ext-escaped-character-0.34.30.jar;C:\Users\ASUSTUF\.m2\repository\com\vladsch\flexmark\flexmark-ext-footnotes\0.34.30\flexmark-ext-footnotes-0.34.30.jar;C:\Users\ASUSTUF\.m2\repository\com\vladsch\flexmark\flexmark-ext-gfm-issues\0.34.30\flexmark-ext-gfm-issues-0.34.30.jar;C:\Users\ASUSTUF\.m2\repository\com\vladsch\flexmark\flexmark-ext-gfm-strikethrough\0.34.30\flexmark-ext-gfm-strikethrough-0.34.30.jar;C:\Users\ASUSTUF\.m2\repository\com\vladsch\flexmark\flexmark-ext-gfm-tables\0.34.30\flexmark-ext-gfm-tables-0.34.30.jar;C:\Users\ASUSTUF\.m2\repository\com\vladsch\flexmark\flexmark-ext-gfm-tasklist\0.34.30\flexmark-ext-gfm-tasklist-0.34.30.jar;C:\Users\ASUSTUF\.m2\repository\com\vladsch\flexmark\flexmark-ext-gfm-users\0.34.30\flexmark-ext-gfm-users-0.34.30.jar;C:\Users\ASUSTUF\.m2\repository\com\vladsch\flexmark\flexmark-ext-gitlab\0.34.30\flexmark-ext-gitlab-0.34.30.jar;C:\Users\ASUSTUF\.m2\repository\com\vladsch\flexmark\flexmark-ext-jekyll-front-matter\0.34.30\flexmark-ext-jekyll-front-matter-0.34.30.jar;C:\Users\ASUSTUF\.m2\repository\com\vladsch\flexmark\flexmark-ext-jekyll-tag\0.34.30\flexmark-ext-jekyll-tag-0.34.30.jar;C:\Users\ASUSTUF\.m2\repository\com\vladsch\flexmark\flexmark-ext-media-tags\0.34.30\flexmark-ext-media-tags-0.34.30.jar;C:\Users\ASUSTUF\.m2\repository\com\vladsch\flexmark\flexmark-test-util\0.34.30\flexmark-test-util-0.34.30.jar;C:\Users\ASUSTUF\.m2\repository\com\vladsch\flexmark\flexmark-ext-ins\0.34.30\flexmark-ext-ins-0.34.30.jar;C:\Users\ASUSTUF\.m2\repository\com\vladsch\flexmark\flexmark-ext-xwiki-macros\0.34.30\flexmark-ext-xwiki-macros-0.34.30.jar;C:\Users\ASUSTUF\.m2\repository\com\vladsch\flexmark\flexmark-ext-superscript\0.34.30\flexmark-ext-superscript-0.34.30.jar;C:\Users\ASUSTUF\.m2\repository\com\vladsch\flexmark\flexmark-ext-tables\0.34.30\flexmark-ext-tables-0.34.30.jar;C:\Users\ASUSTUF\.m2\repository\com\vladsch\flexmark\flexmark-ext-toc\0.34.30\flexmark-ext-toc-0.34.30.jar;C:\Users\ASUSTUF\.m2\repository\com\vladsch\flexmark\flexmark-ext-typographic\0.34.30\flexmark-ext-typographic-0.34.30.jar;C:\Users\ASUSTUF\.m2\repository\com\vladsch\flexmark\flexmark-ext-wikilink\0.34.30\flexmark-ext-wikilink-0.34.30.jar;C:\Users\ASUSTUF\.m2\repository\com\vladsch\flexmark\flexmark-ext-yaml-front-matter\0.34.30\flexmark-ext-yaml-front-matter-0.34.30.jar;C:\Users\ASUSTUF\.m2\repository\com\vladsch\flexmark\flexmark-ext-youtube-embedded\0.34.30\flexmark-ext-youtube-embedded-0.34.30.jar;C:\Users\ASUSTUF\.m2\repository\com\vladsch\flexmark\flexmark-formatter\0.34.30\flexmark-formatter-0.34.30.jar;C:\Users\ASUSTUF\.m2\repository\com\vladsch\flexmark\flexmark-html-parser\0.34.30\flexmark-html-parser-0.34.30.jar;C:\Users\ASUSTUF\.m2\repository\com\vladsch\flexmark\flexmark-jira-converter\0.34.30\flexmark-jira-converter-0.34.30.jar;C:\Users\ASUSTUF\.m2\repository\com\vladsch\flexmark\flexmark-pdf-converter\0.34.30\flexmark-pdf-converter-0.34.30.jar;C:\Users\ASUSTUF\.m2\repository\com\openhtmltopdf\openhtmltopdf-core\0.0.1-RC13\openhtmltopdf-core-0.0.1-RC13.jar;C:\Users\ASUSTUF\.m2\repository\com\openhtmltopdf\openhtmltopdf-pdfbox\0.0.1-RC13\openhtmltopdf-pdfbox-0.0.1-RC13.jar;C:\Users\ASUSTUF\.m2\repository\org\apache\pdfbox\pdfbox\2.0.8\pdfbox-2.0.8.jar;C:\Users\ASUSTUF\.m2\repository\org\apache\pdfbox\fontbox\2.0.8\fontbox-2.0.8.jar;C:\Users\ASUSTUF\.m2\repository\commons-logging\commons-logging\1.2\commons-logging-1.2.jar;C:\Users\ASUSTUF\.m2\repository\org\apache\pdfbox\xmpbox\2.0.8\xmpbox-2.0.8.jar;C:\Users\ASUSTUF\.m2\repository\de\rototor\pdfbox\graphics2d\0.12\graphics2d-0.12.jar;C:\Users\ASUSTUF\.m2\repository\com\openhtmltopdf\openhtmltopdf-rtl-support\0.0.1-RC13\openhtmltopdf-rtl-support-0.0.1-RC13.jar;C:\Users\ASUSTUF\.m2\repository\com\ibm\icu\icu4j\59.1\icu4j-59.1.jar;C:\Users\ASUSTUF\.m2\repository\com\openhtmltopdf\openhtmltopdf-jsoup-dom-converter\0.0.1-RC13\openhtmltopdf-jsoup-dom-converter-0.0.1-RC13.jar;C:\Users\ASUSTUF\.m2\repository\com\vladsch\flexmark\flexmark-profile-pegdown\0.34.30\flexmark-profile-pegdown-0.34.30.jar;C:\Users\ASUSTUF\.m2\repository\com\vladsch\flexmark\flexmark-util\0.34.30\flexmark-util-0.34.30.jar;C:\Users\ASUSTUF\.m2\repository\com\vladsch\flexmark\flexmark-youtrack-converter\0.34.30\flexmark-youtrack-converter-0.34.30.jar;C:\Users\ASUSTUF\.m2\repository\es\nitaur\markdown\txtmark\0.16\txtmark-0.16.jar;C:\Users\ASUSTUF\.m2\repository\net\serenity-bdd\serenity-report-resources\3.2.1\serenity-report-resources-3.2.1.jar;C:\Users\ASUSTUF\.m2\repository\com\google\code\gson\gson\2.9.0\gson-2.9.0.jar;C:\Users\ASUSTUF\.m2\repository\com\fasterxml\jackson\core\jackson-core\2.13.2\jackson-core-2.13.2.jar;C:\Users\ASUSTUF\.m2\repository\com\fasterxml\jackson\core\jackson-databind\2.13.2\jackson-databind-2.13.2.jar;C:\Users\ASUSTUF\.m2\repository\com\fasterxml\jackson\core\jackson-annotations\2.13.2\jackson-annotations-2.13.2.jar;C:\Users\ASUSTUF\.m2\repository\commons-codec\commons-codec\1.15\commons-codec-1.15.jar;C:\Users\ASUSTUF\.m2\repository\commons-io\commons-io\2.11.0\commons-io-2.11.0.jar;C:\Users\ASUSTUF\.m2\repository\org\seleniumhq\selenium\selenium-java\4.1.2\selenium-java-4.1.2.jar;C:\Users\ASUSTUF\.m2\repository\org\seleniumhq\selenium\selenium-devtools-v85\4.1.2\selenium-devtools-v85-4.1.2.jar;C:\Users\ASUSTUF\.m2\repository\org\seleniumhq\selenium\selenium-devtools-v95\4.1.2\selenium-devtools-v95-4.1.2.jar;C:\Users\ASUSTUF\.m2\repository\org\seleniumhq\selenium\selenium-devtools-v96\4.1.2\selenium-devtools-v96-4.1.2.jar;C:\Users\ASUSTUF\.m2\repository\org\seleniumhq\selenium\selenium-devtools-v97\4.1.2\selenium-devtools-v97-4.1.2.jar;C:\Users\ASUSTUF\.m2\repository\org\seleniumhq\selenium\selenium-firefox-xpi-driver\4.1.2\selenium-firefox-xpi-driver-4.1.2.jar;C:\Users\ASUSTUF\.m2\repository\org\seleniumhq\selenium\selenium-opera-driver\4.1.2\selenium-opera-driver-4.1.2.jar;C:\Users\ASUSTUF\.m2\repository\org\seleniumhq\selenium\selenium-remote-driver\4.1.2\selenium-remote-driver-4.1.2.jar;C:\Users\ASUSTUF\.m2\repository\com\beust\jcommander\1.82\jcommander-1.82.jar;C:\Users\ASUSTUF\.m2\repository\io\netty\netty-buffer\4.1.73.Final\netty-buffer-4.1.73.Final.jar;C:\Users\ASUSTUF\.m2\repository\io\netty\netty-codec-http\4.1.73.Final\netty-codec-http-4.1.73.Final.jar;C:\Users\ASUSTUF\.m2\repository\io\netty\netty-codec\4.1.73.Final\netty-codec-4.1.73.Final.jar;C:\Users\ASUSTUF\.m2\repository\io\netty\netty-handler\4.1.73.Final\netty-handler-4.1.73.Final.jar;C:\Users\ASUSTUF\.m2\repository\io\netty\netty-tcnative-classes\2.0.46.Final\netty-tcnative-classes-2.0.46.Final.jar;C:\Users\ASUSTUF\.m2\repository\io\netty\netty-common\4.1.73.Final\netty-common-4.1.73.Final.jar;C:\Users\ASUSTUF\.m2\repository\io\netty\netty-transport-classes-epoll\4.1.73.Final\netty-transport-classes-epoll-4.1.73.Final.jar;C:\Users\ASUSTUF\.m2\repository\io\netty\netty-transport-classes-kqueue\4.1.73.Final\netty-transport-classes-kqueue-4.1.73.Final.jar;C:\Users\ASUSTUF\.m2\repository\io\netty\netty-transport-native-epoll\4.1.73.Final\netty-transport-native-epoll-4.1.73.Final.jar;C:\Users\ASUSTUF\.m2\repository\io\netty\netty-transport-native-kqueue\4.1.73.Final\netty-transport-native-kqueue-4.1.73.Final.jar;C:\Users\ASUSTUF\.m2\repository\io\netty\netty-transport-native-unix-common\4.1.73.Final\netty-transport-native-unix-common-4.1.73.Final.jar;C:\Users\ASUSTUF\.m2\repository\io\netty\netty-transport\4.1.73.Final\netty-transport-4.1.73.Final.jar;C:\Users\ASUSTUF\.m2\repository\io\netty\netty-resolver\4.1.73.Final\netty-resolver-4.1.73.Final.jar;C:\Users\ASUSTUF\.m2\repository\io\opentelemetry\opentelemetry-api\1.10.1\opentelemetry-api-1.10.1.jar;C:\Users\ASUSTUF\.m2\repository\io\opentelemetry\opentelemetry-context\1.10.1\opentelemetry-context-1.10.1.jar;C:\Users\ASUSTUF\.m2\repository\io\opentelemetry\opentelemetry-exporter-logging\1.10.1\opentelemetry-exporter-logging-1.10.1.jar;C:\Users\ASUSTUF\.m2\repository\io\opentelemetry\opentelemetry-sdk-metrics\1.10.1-alpha\opentelemetry-sdk-metrics-1.10.1-alpha.jar;C:\Users\ASUSTUF\.m2\repository\io\opentelemetry\opentelemetry-sdk-logs\1.10.1-alpha\opentelemetry-sdk-logs-1.10.1-alpha.jar;C:\Users\ASUSTUF\.m2\repository\io\opentelemetry\opentelemetry-sdk-common\1.10.1\opentelemetry-sdk-common-1.10.1.jar;C:\Users\ASUSTUF\.m2\repository\io\opentelemetry\opentelemetry-sdk-extension-autoconfigure-spi\1.10.1\opentelemetry-sdk-extension-autoconfigure-spi-1.10.1.jar;C:\Users\ASUSTUF\.m2\repository\io\opentelemetry\opentelemetry-sdk-extension-autoconfigure\1.10.1-alpha\opentelemetry-sdk-extension-autoconfigure-1.10.1-alpha.jar;C:\Users\ASUSTUF\.m2\repository\io\opentelemetry\opentelemetry-sdk-trace\1.10.1\opentelemetry-sdk-trace-1.10.1.jar;C:\Users\ASUSTUF\.m2\repository\io\opentelemetry\opentelemetry-sdk\1.10.1\opentelemetry-sdk-1.10.1.jar;C:\Users\ASUSTUF\.m2\repository\io\opentelemetry\opentelemetry-semconv\1.10.1-alpha\opentelemetry-semconv-1.10.1-alpha.jar;C:\Users\ASUSTUF\.m2\repository\io\ous\jtoml\2.0.0\jtoml-2.0.0.jar;C:\Users\ASUSTUF\.m2\repository\org\apache\commons\commons-exec\1.3\commons-exec-1.3.jar;C:\Users\ASUSTUF\.m2\repository\org\asynchttpclient\async-http-client\2.12.3\async-http-client-2.12.3.jar;C:\Users\ASUSTUF\.m2\repository\org\asynchttpclient\async-http-client-netty-utils\2.12.3\async-http-client-netty-utils-2.12.3.jar;C:\Users\ASUSTUF\.m2\repository\io\netty\netty-codec-socks\4.1.60.Final\netty-codec-socks-4.1.60.Final.jar;C:\Users\ASUSTUF\.m2\repository\io\netty\netty-handler-proxy\4.1.60.Final\netty-handler-proxy-4.1.60.Final.jar;C:\Users\ASUSTUF\.m2\repository\io\netty\netty-transport-native-epoll\4.1.60.Final\netty-transport-native-epoll-4.1.60.Final-linux-x86_64.jar;C:\Users\ASUSTUF\.m2\repository\io\netty\netty-transport-native-kqueue\4.1.60.Final\netty-transport-native-kqueue-4.1.60.Final-osx-x86_64.jar;C:\Users\ASUSTUF\.m2\repository\org\reactivestreams\reactive-streams\1.0.3\reactive-streams-1.0.3.jar;C:\Users\ASUSTUF\.m2\repository\com\typesafe\netty\netty-reactive-streams\2.0.4\netty-reactive-streams-2.0.4.jar;C:\Users\ASUSTUF\.m2\repository\org\seleniumhq\selenium\selenium-http\4.1.2\selenium-http-4.1.2.jar;C:\Users\ASUSTUF\.m2\repository\net\jodah\failsafe\2.4.4\failsafe-2.4.4.jar;C:\Users\ASUSTUF\.m2\repository\org\seleniumhq\selenium\selenium-safari-driver\4.1.2\selenium-safari-driver-4.1.2.jar;C:\Users\ASUSTUF\.m2\repository\org\seleniumhq\selenium\selenium-api\4.1.2\selenium-api-4.1.2.jar;C:\Users\ASUSTUF\.m2\repository\org\seleniumhq\selenium\selenium-support\4.1.2\selenium-support-4.1.2.jar;C:\Users\ASUSTUF\.m2\repository\com\google\auto\service\auto-service-annotations\1.0.1\auto-service-annotations-1.0.1.jar;C:\Users\ASUSTUF\.m2\repository\com\google\auto\service\auto-service\1.0.1\auto-service-1.0.1.jar;C:\Users\ASUSTUF\.m2\repository\com\google\auto\auto-common\1.2\auto-common-1.2.jar;C:\Users\ASUSTUF\.m2\repository\org\seleniumhq\selenium\selenium-json\4.1.2\selenium-json-4.1.2.jar;C:\Users\ASUSTUF\.m2\repository\org\seleniumhq\selenium\selenium-chrome-driver\4.1.2\selenium-chrome-driver-4.1.2.jar;C:\Users\ASUSTUF\.m2\repository\org\seleniumhq\selenium\selenium-chromium-driver\4.1.2\selenium-chromium-driver-4.1.2.jar;C:\Users\ASUSTUF\.m2\repository\org\seleniumhq\selenium\selenium-firefox-driver\4.1.2\selenium-firefox-driver-4.1.2.jar;C:\Users\ASUSTUF\.m2\repository\org\seleniumhq\selenium\selenium-edge-driver\4.1.2\selenium-edge-driver-4.1.2.jar;C:\Users\ASUSTUF\.m2\repository\org\seleniumhq\selenium\selenium-ie-driver\4.1.2\selenium-ie-driver-4.1.2.jar;C:\Users\ASUSTUF\.m2\repository\org\projectlombok\lombok\1.18.20\lombok-1.18.20.jar;C:\Users\ASUSTUF\.m2\repository\io\appium\java-client\8.0.0\java-client-8.0.0.jar;C:\Users\ASUSTUF\.m2\repository\commons-validator\commons-validator\1.7\commons-validator-1.7.jar;C:\Users\ASUSTUF\.m2\repository\commons-digester\commons-digester\2.1\commons-digester-2.1.jar;C:\Users\ASUSTUF\.m2\repository\org\aspectj\aspectjweaver\1.9.8\aspectjweaver-1.9.8.jar;C:\Users\ASUSTUF\.m2\repository\org\codehaus\groovy\groovy\3.0.10\groovy-3.0.10.jar;C:\Users\ASUSTUF\.m2\repository\net\sf\opencsv\opencsv\2.0\opencsv-2.0.jar;C:\Users\ASUSTUF\.m2\repository\commons-beanutils\commons-beanutils\1.9.4\commons-beanutils-1.9.4.jar;C:\Users\ASUSTUF\.m2\repository\org\apache\commons\commons-lang3\3.12.0\commons-lang3-3.12.0.jar;C:\Users\ASUSTUF\.m2\repository\commons-collections\commons-collections\3.2.2\commons-collections-3.2.2.jar;C:\Users\ASUSTUF\.m2\repository\org\fluentlenium\fluentlenium-core\0.10.2\fluentlenium-core-0.10.2.jar;C:\Users\ASUSTUF\.m2\repository\io\github\bonigarcia\webdrivermanager\5.1.0\webdrivermanager-5.1.0.jar;C:\Users\ASUSTUF\.m2\repository\com\github\docker-java\docker-java\3.2.13\docker-java-3.2.13.jar;C:\Users\ASUSTUF\.m2\repository\com\github\docker-java\docker-java-core\3.2.13\docker-java-core-3.2.13.jar;C:\Users\ASUSTUF\.m2\repository\com\github\docker-java\docker-java-api\3.2.13\docker-java-api-3.2.13.jar;C:\Users\ASUSTUF\.m2\repository\org\apache\commons\commons-compress\1.21\commons-compress-1.21.jar;C:\Users\ASUSTUF\.m2\repository\org\bouncycastle\bcpkix-jdk15on\1.64\bcpkix-jdk15on-1.64.jar;C:\Users\ASUSTUF\.m2\repository\org\bouncycastle\bcprov-jdk15on\1.64\bcprov-jdk15on-1.64.jar;C:\Users\ASUSTUF\.m2\repository\org\slf4j\jcl-over-slf4j\1.7.30\jcl-over-slf4j-1.7.30.jar;C:\Users\ASUSTUF\.m2\repository\com\github\docker-java\docker-java-transport-httpclient5\3.2.13\docker-java-transport-httpclient5-3.2.13.jar;C:\Users\ASUSTUF\.m2\repository\com\github\docker-java\docker-java-transport\3.2.13\docker-java-transport-3.2.13.jar;C:\Users\ASUSTUF\.m2\repository\org\apache\httpcomponents\client5\httpclient5\5.0.3\httpclient5-5.0.3.jar;C:\Users\ASUSTUF\.m2\repository\org\apache\httpcomponents\core5\httpcore5\5.0.2\httpcore5-5.0.2.jar;C:\Users\ASUSTUF\.m2\repository\net\java\dev\jna\jna\5.8.0\jna-5.8.0.jar;C:\Users\ASUSTUF\.m2\repository\org\brotli\dec\0.1.2\dec-0.1.2.jar;C:\Users\ASUSTUF\.m2\repository\com\jhlabs\filters\2.0.235\filters-2.0.235.jar;C:\Users\ASUSTUF\.m2\repository\com\paulhammant\ngwebdriver\1.1.6\ngwebdriver-1.1.6.jar;C:\Users\ASUSTUF\.m2\repository\joda-time\joda-time\2.8.2\joda-time-2.8.2.jar;C:\Users\ASUSTUF\.m2\repository\org\hamcrest\hamcrest\2.2\hamcrest-2.2.jar;C:\Users\ASUSTUF\.m2\repository\com\google\jimfs\jimfs\1.2\jimfs-1.2.jar;C:\Users\ASUSTUF\.m2\repository\org\mockito\mockito-core\3.3.3\mockito-core-3.3.3.jar;C:\Users\ASUSTUF\.m2\repository\javax\xml\bind\jaxb-api\2.3.1\jaxb-api-2.3.1.jar;C:\Users\ASUSTUF\.m2\repository\javax\activation\javax.activation-api\1.2.0\javax.activation-api-1.2.0.jar;C:\Users\ASUSTUF\.m2\repository\com\sun\xml\bind\jaxb-core\2.3.0.1\jaxb-core-2.3.0.1.jar;C:\Users\ASUSTUF\.m2\repository\com\sun\xml\bind\jaxb-impl\2.3.3\jaxb-impl-2.3.3.jar;C:\Users\ASUSTUF\.m2\repository\jakarta\xml\bind\jakarta.xml.bind-api\2.3.3\jakarta.xml.bind-api-2.3.3.jar;C:\Users\ASUSTUF\.m2\repository\com\sun\activation\jakarta.activation\1.2.2\jakarta.activation-1.2.2.jar;C:\Users\ASUSTUF\.m2\repository\javax\activation\activation\1.1.1\activation-1.1.1.jar;C:\Users\ASUSTUF\.m2\repository\net\serenity-bdd\serenity-cucumber\3.2.1\serenity-cucumber-3.2.1.jar;C:\Users\ASUSTUF\.m2\repository\io\cucumber\cucumber-core\7.2.3\cucumber-core-7.2.3.jar;C:\Users\ASUSTUF\.m2\repository\io\cucumber\cucumber-gherkin\7.2.3\cucumber-gherkin-7.2.3.jar;C:\Users\ASUSTUF\.m2\repository\io\cucumber\cucumber-gherkin-messages\7.2.3\cucumber-gherkin-messages-7.2.3.jar;C:\Users\ASUSTUF\.m2\repository\io\cucumber\messages\17.1.1\messages-17.1.1.jar;C:\Users\ASUSTUF\.m2\repository\io\cucumber\tag-expressions\4.1.0\tag-expressions-4.1.0.jar;C:\Users\ASUSTUF\.m2\repository\io\cucumber\cucumber-expressions\15.0.1\cucumber-expressions-15.0.1.jar;C:\Users\ASUSTUF\.m2\repository\io\cucumber\datatable\7.2.3\datatable-7.2.3.jar;C:\Users\ASUSTUF\.m2\repository\io\cucumber\cucumber-plugin\7.2.3\cucumber-plugin-7.2.3.jar;C:\Users\ASUSTUF\.m2\repository\io\cucumber\docstring\7.2.3\docstring-7.2.3.jar;C:\Users\ASUSTUF\.m2\repository\io\cucumber\html-formatter\17.0.0\html-formatter-17.0.0.jar;C:\Users\ASUSTUF\.m2\repository\io\cucumber\ci-environment\8.1.0\ci-environment-8.1.0.jar;C:\Users\ASUSTUF\.m2\repository\io\cucumber\cucumber-junit\7.2.3\cucumber-junit-7.2.3.jar;C:\Users\ASUSTUF\.m2\repository\org\apache\commons\commons-csv\1.5\commons-csv-1.5.jar;C:\Users\ASUSTUF\.m2\repository\net\serenity-bdd\serenity-screenplay\3.2.1\serenity-screenplay-3.2.1.jar;C:\Users\ASUSTUF\.m2\repository\net\serenity-bdd\serenity-screenplay-webdriver\3.2.1\serenity-screenplay-webdriver-3.2.1.jar;C:\Users\ASUSTUF\.m2\repository\net\serenity-bdd\serenity-ensure\3.2.1\serenity-ensure-3.2.1.jar;C:\Users\ASUSTUF\.m2\repository\net\serenity-bdd\serenity-junit\3.2.1\serenity-junit-3.2.1.jar;C:\Users\ASUSTUF\.m2\repository\org\jetbrains\kotlin\kotlin-stdlib\1.6.0\kotlin-stdlib-1.6.0.jar;C:\Users\ASUSTUF\.m2\repository\org\jetbrains\annotations\13.0\annotations-13.0.jar;C:\Users\ASUSTUF\.m2\repository\org\jetbrains\kotlin\kotlin-stdlib-common\1.6.0\kotlin-stdlib-common-1.6.0.jar;C:\Users\ASUSTUF\.m2\repository\org\junit\platform\junit-platform-launcher\1.8.1\junit-platform-launcher-1.8.1.jar;C:\Users\ASUSTUF\.m2\repository\org\junit\platform\junit-platform-engine\1.8.1\junit-platform-engine-1.8.1.jar;C:\Users\ASUSTUF\.m2\repository\org\opentest4j\opentest4j\1.2.0\opentest4j-1.2.0.jar;C:\Users\ASUSTUF\.m2\repository\org\junit\platform\junit-platform-commons\1.8.1\junit-platform-commons-1.8.1.jar;C:\Users\ASUSTUF\.m2\repository\org\apiguardian\apiguardian-api\1.1.2\apiguardian-api-1.1.2.jar;C:\Users\ASUSTUF\.m2\repository\org\junit\jupiter\junit-jupiter-engine\5.8.2\junit-jupiter-engine-5.8.2.jar;C:\Users\ASUSTUF\.m2\repository\org\junit\jupiter\junit-jupiter-api\5.8.2\junit-jupiter-api-5.8.2.jar;C:\Users\ASUSTUF\.m2\repository\org\junit\vintage\junit-vintage-engine\5.8.2\junit-vintage-engine-5.8.2.jar;C:\Users\ASUSTUF\.m2\repository\junit\junit\4.13.2\junit-4.13.2.jar;C:\Users\ASUSTUF\.m2\repository\org\hamcrest\hamcrest-core\1.3\hamcrest-core-1.3.jar;C:\Users\ASUSTUF\.m2\repository\ch\qos\logback\logback-classic\1.2.10\logback-classic-1.2.10.jar;C:\Users\ASUSTUF\.m2\repository\ch\qos\logback\logback-core\1.2.10\logback-core-1.2.10.jar;C:\Users\ASUSTUF\.m2\repository\org\slf4j\slf4j-api\1.7.32\slf4j-api-1.7.32.jar;C:\Users\ASUSTUF\.m2\repository\org\assertj\assertj-core\3.6.2\assertj-core-3.6.2.jar;"/>
    <property name="sun.cpu.endian" value="little"/>
    <property name="user.home" value="C:\Users\ASUSTUF"/>
    <property name="user.language" value="en"/>
    <property name="java.specification.vendor" value="Oracle Corporation"/>
    <property name="jdk.module.path" value="C:\Users\ASUSTUF\OneDrive\Documents\Capstone Project\Web Automation\target\Automation-1.0-SNAPSHOT.jar"/>
    <property name="java.version.date" value="2022-07-19"/>
    <property name="java.home" value="C:\Program Files\Java\jdk-11.0.16"/>
    <property name="file.separator" value="\"/>
    <property name="basedir" value="C:\Users\ASUSTUF\OneDrive\Documents\Capstone Project\Web Automation"/>
    <property name="java.vm.compressedOopsMode" value="32-bit"/>
    <property name="line.separator" value="&#10;"/>
    <property name="java.specification.name" value="Java Platform API Specification"/>
    <property name="java.vm.specification.vendor" value="Oracle Corporation"/>
    <property name="java.awt.graphicsenv" value="sun.awt.Win32GraphicsEnvironment"/>
    <property name="surefire.real.class.path" value="C:\Users\ASUSTUF\.m2\repository\org\apache\maven\surefire\surefire-booter\3.0.0-M5\surefire-booter-3.0.0-M5.jar;C:\Users\ASUSTUF\.m2\repository\org\apache\maven\surefire\surefire-api\3.0.0-M5\surefire-api-3.0.0-M5.jar;C:\Users\ASUSTUF\.m2\repository\org\apache\maven\surefire\surefire-logger-api\3.0.0-M5\surefire-logger-api-3.0.0-M5.jar;C:\Users\ASUSTUF\.m2\repository\org\apache\maven\surefire\surefire-shared-utils\3.0.0-M4\surefire-shared-utils-3.0.0-M4.jar;C:\Users\ASUSTUF\.m2\repository\org\apache\maven\surefire\surefire-extensions-spi\3.0.0-M5\surefire-extensions-spi-3.0.0-M5.jar;C:\Users\ASUSTUF\OneDrive\Documents\Capstone Project\Web Automation\target\test-classes;C:\Users\ASUSTUF\.m2\repository\net\serenity-bdd\serenity-core\3.2.1\serenity-core-3.2.1.jar;C:\Users\ASUSTUF\.m2\repository\net\serenity-bdd\serenity-model\3.2.1\serenity-model-3.2.1.jar;C:\Users\ASUSTUF\.m2\repository\org\apache\commons\commons-text\1.9\commons-text-1.9.jar;C:\Users\ASUSTUF\.m2\repository\commons-net\commons-net\3.8.0\commons-net-3.8.0.jar;C:\Users\ASUSTUF\.m2\repository\com\google\guava\guava\31.1-jre\guava-31.1-jre.jar;C:\Users\ASUSTUF\.m2\repository\com\google\guava\failureaccess\1.0.1\failureaccess-1.0.1.jar;C:\Users\ASUSTUF\.m2\repository\com\google\guava\listenablefuture\9999.0-empty-to-avoid-conflict-with-guava\listenablefuture-9999.0-empty-to-avoid-conflict-with-guava.jar;C:\Users\ASUSTUF\.m2\repository\com\google\code\findbugs\jsr305\3.0.2\jsr305-3.0.2.jar;C:\Users\ASUSTUF\.m2\repository\org\checkerframework\checker-qual\3.12.0\checker-qual-3.12.0.jar;C:\Users\ASUSTUF\.m2\repository\com\google\errorprone\error_prone_annotations\2.11.0\error_prone_annotations-2.11.0.jar;C:\Users\ASUSTUF\.m2\repository\com\google\j2objc\j2objc-annotations\1.3\j2objc-annotations-1.3.jar;C:\Users\ASUSTUF\.m2\repository\com\google\inject\guice\5.1.0\guice-5.1.0.jar;C:\Users\ASUSTUF\.m2\repository\javax\inject\javax.inject\1\javax.inject-1.jar;C:\Users\ASUSTUF\.m2\repository\aopalliance\aopalliance\1.0\aopalliance-1.0.jar;C:\Users\ASUSTUF\.m2\repository\org\jsoup\jsoup\1.14.3\jsoup-1.14.3.jar;C:\Users\ASUSTUF\.m2\repository\com\thoughtworks\xstream\xstream\1.4.19\xstream-1.4.19.jar;C:\Users\ASUSTUF\.m2\repository\io\github\x-stream\mxparser\1.2.2\mxparser-1.2.2.jar;C:\Users\ASUSTUF\.m2\repository\xmlpull\xmlpull\1.1.3.1\xmlpull-1.1.3.1.jar;C:\Users\ASUSTUF\.m2\repository\io\cucumber\cucumber-java\7.2.3\cucumber-java-7.2.3.jar;C:\Users\ASUSTUF\.m2\repository\com\typesafe\config\1.4.2\config-1.4.2.jar;C:\Users\ASUSTUF\.m2\repository\org\imgscalr\imgscalr-lib\4.2\imgscalr-lib-4.2.jar;C:\Users\ASUSTUF\.m2\repository\org\awaitility\awaitility\4.2.0\awaitility-4.2.0.jar;C:\Users\ASUSTUF\.m2\repository\org\freemarker\freemarker\2.3.31\freemarker-2.3.31.jar;C:\Users\ASUSTUF\.m2\repository\io\github\classgraph\classgraph\4.8.138\classgraph-4.8.138.jar;C:\Users\ASUSTUF\.m2\repository\net\sourceforge\jexcelapi\jxl\2.6.12\jxl-2.6.12.jar;C:\Users\ASUSTUF\.m2\repository\net\bytebuddy\byte-buddy\1.12.8\byte-buddy-1.12.8.jar;C:\Users\ASUSTUF\.m2\repository\net\bytebuddy\byte-buddy-agent\1.12.8\byte-buddy-agent-1.12.8.jar;C:\Users\ASUSTUF\.m2\repository\org\objenesis\objenesis\3.1\objenesis-3.1.jar;C:\Users\ASUSTUF\.m2\repository\net\serenity-bdd\serenity-reports\3.2.1\serenity-reports-3.2.1.jar;C:\Users\ASUSTUF\.m2\repository\net\serenity-bdd\serenity-stats\3.2.1\serenity-stats-3.2.1.jar;C:\Users\ASUSTUF\.m2\repository\net\serenity-bdd\serenity-reports-configuration\3.2.1\serenity-reports-configuration-3.2.1.jar;C:\Users\ASUSTUF\.m2\repository\com\vladsch\flexmark\flexmark-all\0.34.30\flexmark-all-0.34.30.jar;C:\Users\ASUSTUF\.m2\repository\com\vladsch\flexmark\flexmark\0.34.30\flexmark-0.34.30.jar;C:\Users\ASUSTUF\.m2\repository\com\vladsch\flexmark\flexmark-ext-abbreviation\0.34.30\flexmark-ext-abbreviation-0.34.30.jar;C:\Users\ASUSTUF\.m2\repository\com\vladsch\flexmark\flexmark-ext-admonition\0.34.30\flexmark-ext-admonition-0.34.30.jar;C:\Users\ASUSTUF\.m2\repository\com\vladsch\flexmark\flexmark-ext-anchorlink\0.34.30\flexmark-ext-anchorlink-0.34.30.jar;C:\Users\ASUSTUF\.m2\repository\com\vladsch\flexmark\flexmark-ext-aside\0.34.30\flexmark-ext-aside-0.34.30.jar;C:\Users\ASUSTUF\.m2\repository\com\vladsch\flexmark\flexmark-ext-attributes\0.34.30\flexmark-ext-attributes-0.34.30.jar;C:\Users\ASUSTUF\.m2\repository\com\vladsch\flexmark\flexmark-ext-autolink\0.34.30\flexmark-ext-autolink-0.34.30.jar;C:\Users\ASUSTUF\.m2\repository\org\nibor\autolink\autolink\0.6.0\autolink-0.6.0.jar;C:\Users\ASUSTUF\.m2\repository\com\vladsch\flexmark\flexmark-ext-definition\0.34.30\flexmark-ext-definition-0.34.30.jar;C:\Users\ASUSTUF\.m2\repository\com\vladsch\flexmark\flexmark-ext-emoji\0.34.30\flexmark-ext-emoji-0.34.30.jar;C:\Users\ASUSTUF\.m2\repository\com\vladsch\flexmark\flexmark-ext-enumerated-reference\0.34.30\flexmark-ext-enumerated-reference-0.34.30.jar;C:\Users\ASUSTUF\.m2\repository\com\vladsch\flexmark\flexmark-ext-escaped-character\0.34.30\flexmark-ext-escaped-character-0.34.30.jar;C:\Users\ASUSTUF\.m2\repository\com\vladsch\flexmark\flexmark-ext-footnotes\0.34.30\flexmark-ext-footnotes-0.34.30.jar;C:\Users\ASUSTUF\.m2\repository\com\vladsch\flexmark\flexmark-ext-gfm-issues\0.34.30\flexmark-ext-gfm-issues-0.34.30.jar;C:\Users\ASUSTUF\.m2\repository\com\vladsch\flexmark\flexmark-ext-gfm-strikethrough\0.34.30\flexmark-ext-gfm-strikethrough-0.34.30.jar;C:\Users\ASUSTUF\.m2\repository\com\vladsch\flexmark\flexmark-ext-gfm-tables\0.34.30\flexmark-ext-gfm-tables-0.34.30.jar;C:\Users\ASUSTUF\.m2\repository\com\vladsch\flexmark\flexmark-ext-gfm-tasklist\0.34.30\flexmark-ext-gfm-tasklist-0.34.30.jar;C:\Users\ASUSTUF\.m2\repository\com\vladsch\flexmark\flexmark-ext-gfm-users\0.34.30\flexmark-ext-gfm-users-0.34.30.jar;C:\Users\ASUSTUF\.m2\repository\com\vladsch\flexmark\flexmark-ext-gitlab\0.34.30\flexmark-ext-gitlab-0.34.30.jar;C:\Users\ASUSTUF\.m2\repository\com\vladsch\flexmark\flexmark-ext-jekyll-front-matter\0.34.30\flexmark-ext-jekyll-front-matter-0.34.30.jar;C:\Users\ASUSTUF\.m2\repository\com\vladsch\flexmark\flexmark-ext-jekyll-tag\0.34.30\flexmark-ext-jekyll-tag-0.34.30.jar;C:\Users\ASUSTUF\.m2\repository\com\vladsch\flexmark\flexmark-ext-media-tags\0.34.30\flexmark-ext-media-tags-0.34.30.jar;C:\Users\ASUSTUF\.m2\repository\com\vladsch\flexmark\flexmark-test-util\0.34.30\flexmark-test-util-0.34.30.jar;C:\Users\ASUSTUF\.m2\repository\com\vladsch\flexmark\flexmark-ext-ins\0.34.30\flexmark-ext-ins-0.34.30.jar;C:\Users\ASUSTUF\.m2\repository\com\vladsch\flexmark\flexmark-ext-xwiki-macros\0.34.30\flexmark-ext-xwiki-macros-0.34.30.jar;C:\Users\ASUSTUF\.m2\repository\com\vladsch\flexmark\flexmark-ext-superscript\0.34.30\flexmark-ext-superscript-0.34.30.jar;C:\Users\ASUSTUF\.m2\repository\com\vladsch\flexmark\flexmark-ext-tables\0.34.30\flexmark-ext-tables-0.34.30.jar;C:\Users\ASUSTUF\.m2\repository\com\vladsch\flexmark\flexmark-ext-toc\0.34.30\flexmark-ext-toc-0.34.30.jar;C:\Users\ASUSTUF\.m2\repository\com\vladsch\flexmark\flexmark-ext-typographic\0.34.30\flexmark-ext-typographic-0.34.30.jar;C:\Users\ASUSTUF\.m2\repository\com\vladsch\flexmark\flexmark-ext-wikilink\0.34.30\flexmark-ext-wikilink-0.34.30.jar;C:\Users\ASUSTUF\.m2\repository\com\vladsch\flexmark\flexmark-ext-yaml-front-matter\0.34.30\flexmark-ext-yaml-front-matter-0.34.30.jar;C:\Users\ASUSTUF\.m2\repository\com\vladsch\flexmark\flexmark-ext-youtube-embedded\0.34.30\flexmark-ext-youtube-embedded-0.34.30.jar;C:\Users\ASUSTUF\.m2\repository\com\vladsch\flexmark\flexmark-formatter\0.34.30\flexmark-formatter-0.34.30.jar;C:\Users\ASUSTUF\.m2\repository\com\vladsch\flexmark\flexmark-html-parser\0.34.30\flexmark-html-parser-0.34.30.jar;C:\Users\ASUSTUF\.m2\repository\com\vladsch\flexmark\flexmark-jira-converter\0.34.30\flexmark-jira-converter-0.34.30.jar;C:\Users\ASUSTUF\.m2\repository\com\vladsch\flexmark\flexmark-pdf-converter\0.34.30\flexmark-pdf-converter-0.34.30.jar;C:\Users\ASUSTUF\.m2\repository\com\openhtmltopdf\openhtmltopdf-core\0.0.1-RC13\openhtmltopdf-core-0.0.1-RC13.jar;C:\Users\ASUSTUF\.m2\repository\com\openhtmltopdf\openhtmltopdf-pdfbox\0.0.1-RC13\openhtmltopdf-pdfbox-0.0.1-RC13.jar;C:\Users\ASUSTUF\.m2\repository\org\apache\pdfbox\pdfbox\2.0.8\pdfbox-2.0.8.jar;C:\Users\ASUSTUF\.m2\repository\org\apache\pdfbox\fontbox\2.0.8\fontbox-2.0.8.jar;C:\Users\ASUSTUF\.m2\repository\commons-logging\commons-logging\1.2\commons-logging-1.2.jar;C:\Users\ASUSTUF\.m2\repository\org\apache\pdfbox\xmpbox\2.0.8\xmpbox-2.0.8.jar;C:\Users\ASUSTUF\.m2\repository\de\rototor\pdfbox\graphics2d\0.12\graphics2d-0.12.jar;C:\Users\ASUSTUF\.m2\repository\com\openhtmltopdf\openhtmltopdf-rtl-support\0.0.1-RC13\openhtmltopdf-rtl-support-0.0.1-RC13.jar;C:\Users\ASUSTUF\.m2\repository\com\ibm\icu\icu4j\59.1\icu4j-59.1.jar;C:\Users\ASUSTUF\.m2\repository\com\openhtmltopdf\openhtmltopdf-jsoup-dom-converter\0.0.1-RC13\openhtmltopdf-jsoup-dom-converter-0.0.1-RC13.jar;C:\Users\ASUSTUF\.m2\repository\com\vladsch\flexmark\flexmark-profile-pegdown\0.34.30\flexmark-profile-pegdown-0.34.30.jar;C:\Users\ASUSTUF\.m2\repository\com\vladsch\flexmark\flexmark-util\0.34.30\flexmark-util-0.34.30.jar;C:\Users\ASUSTUF\.m2\repository\com\vladsch\flexmark\flexmark-youtrack-converter\0.34.30\flexmark-youtrack-converter-0.34.30.jar;C:\Users\ASUSTUF\.m2\repository\es\nitaur\markdown\txtmark\0.16\txtmark-0.16.jar;C:\Users\ASUSTUF\.m2\repository\net\serenity-bdd\serenity-report-resources\3.2.1\serenity-report-resources-3.2.1.jar;C:\Users\ASUSTUF\.m2\repository\com\google\code\gson\gson\2.9.0\gson-2.9.0.jar;C:\Users\ASUSTUF\.m2\repository\com\fasterxml\jackson\core\jackson-core\2.13.2\jackson-core-2.13.2.jar;C:\Users\ASUSTUF\.m2\repository\com\fasterxml\jackson\core\jackson-databind\2.13.2\jackson-databind-2.13.2.jar;C:\Users\ASUSTUF\.m2\repository\com\fasterxml\jackson\core\jackson-annotations\2.13.2\jackson-annotations-2.13.2.jar;C:\Users\ASUSTUF\.m2\repository\commons-codec\commons-codec\1.15\commons-codec-1.15.jar;C:\Users\ASUSTUF\.m2\repository\commons-io\commons-io\2.11.0\commons-io-2.11.0.jar;C:\Users\ASUSTUF\.m2\repository\org\seleniumhq\selenium\selenium-java\4.1.2\selenium-java-4.1.2.jar;C:\Users\ASUSTUF\.m2\repository\org\seleniumhq\selenium\selenium-devtools-v85\4.1.2\selenium-devtools-v85-4.1.2.jar;C:\Users\ASUSTUF\.m2\repository\org\seleniumhq\selenium\selenium-devtools-v95\4.1.2\selenium-devtools-v95-4.1.2.jar;C:\Users\ASUSTUF\.m2\repository\org\seleniumhq\selenium\selenium-devtools-v96\4.1.2\selenium-devtools-v96-4.1.2.jar;C:\Users\ASUSTUF\.m2\repository\org\seleniumhq\selenium\selenium-devtools-v97\4.1.2\selenium-devtools-v97-4.1.2.jar;C:\Users\ASUSTUF\.m2\repository\org\seleniumhq\selenium\selenium-firefox-xpi-driver\4.1.2\selenium-firefox-xpi-driver-4.1.2.jar;C:\Users\ASUSTUF\.m2\repository\org\seleniumhq\selenium\selenium-opera-driver\4.1.2\selenium-opera-driver-4.1.2.jar;C:\Users\ASUSTUF\.m2\repository\org\seleniumhq\selenium\selenium-remote-driver\4.1.2\selenium-remote-driver-4.1.2.jar;C:\Users\ASUSTUF\.m2\repository\com\beust\jcommander\1.82\jcommander-1.82.jar;C:\Users\ASUSTUF\.m2\repository\io\netty\netty-buffer\4.1.73.Final\netty-buffer-4.1.73.Final.jar;C:\Users\ASUSTUF\.m2\repository\io\netty\netty-codec-http\4.1.73.Final\netty-codec-http-4.1.73.Final.jar;C:\Users\ASUSTUF\.m2\repository\io\netty\netty-codec\4.1.73.Final\netty-codec-4.1.73.Final.jar;C:\Users\ASUSTUF\.m2\repository\io\netty\netty-handler\4.1.73.Final\netty-handler-4.1.73.Final.jar;C:\Users\ASUSTUF\.m2\repository\io\netty\netty-tcnative-classes\2.0.46.Final\netty-tcnative-classes-2.0.46.Final.jar;C:\Users\ASUSTUF\.m2\repository\io\netty\netty-common\4.1.73.Final\netty-common-4.1.73.Final.jar;C:\Users\ASUSTUF\.m2\repository\io\netty\netty-transport-classes-epoll\4.1.73.Final\netty-transport-classes-epoll-4.1.73.Final.jar;C:\Users\ASUSTUF\.m2\repository\io\netty\netty-transport-classes-kqueue\4.1.73.Final\netty-transport-classes-kqueue-4.1.73.Final.jar;C:\Users\ASUSTUF\.m2\repository\io\netty\netty-transport-native-epoll\4.1.73.Final\netty-transport-native-epoll-4.1.73.Final.jar;C:\Users\ASUSTUF\.m2\repository\io\netty\netty-transport-native-kqueue\4.1.73.Final\netty-transport-native-kqueue-4.1.73.Final.jar;C:\Users\ASUSTUF\.m2\repository\io\netty\netty-transport-native-unix-common\4.1.73.Final\netty-transport-native-unix-common-4.1.73.Final.jar;C:\Users\ASUSTUF\.m2\repository\io\netty\netty-transport\4.1.73.Final\netty-transport-4.1.73.Final.jar;C:\Users\ASUSTUF\.m2\repository\io\netty\netty-resolver\4.1.73.Final\netty-resolver-4.1.73.Final.jar;C:\Users\ASUSTUF\.m2\repository\io\opentelemetry\opentelemetry-api\1.10.1\opentelemetry-api-1.10.1.jar;C:\Users\ASUSTUF\.m2\repository\io\opentelemetry\opentelemetry-context\1.10.1\opentelemetry-context-1.10.1.jar;C:\Users\ASUSTUF\.m2\repository\io\opentelemetry\opentelemetry-exporter-logging\1.10.1\opentelemetry-exporter-logging-1.10.1.jar;C:\Users\ASUSTUF\.m2\repository\io\opentelemetry\opentelemetry-sdk-metrics\1.10.1-alpha\opentelemetry-sdk-metrics-1.10.1-alpha.jar;C:\Users\ASUSTUF\.m2\repository\io\opentelemetry\opentelemetry-sdk-logs\1.10.1-alpha\opentelemetry-sdk-logs-1.10.1-alpha.jar;C:\Users\ASUSTUF\.m2\repository\io\opentelemetry\opentelemetry-sdk-common\1.10.1\opentelemetry-sdk-common-1.10.1.jar;C:\Users\ASUSTUF\.m2\repository\io\opentelemetry\opentelemetry-sdk-extension-autoconfigure-spi\1.10.1\opentelemetry-sdk-extension-autoconfigure-spi-1.10.1.jar;C:\Users\ASUSTUF\.m2\repository\io\opentelemetry\opentelemetry-sdk-extension-autoconfigure\1.10.1-alpha\opentelemetry-sdk-extension-autoconfigure-1.10.1-alpha.jar;C:\Users\ASUSTUF\.m2\repository\io\opentelemetry\opentelemetry-sdk-trace\1.10.1\opentelemetry-sdk-trace-1.10.1.jar;C:\Users\ASUSTUF\.m2\repository\io\opentelemetry\opentelemetry-sdk\1.10.1\opentelemetry-sdk-1.10.1.jar;C:\Users\ASUSTUF\.m2\repository\io\opentelemetry\opentelemetry-semconv\1.10.1-alpha\opentelemetry-semconv-1.10.1-alpha.jar;C:\Users\ASUSTUF\.m2\repository\io\ous\jtoml\2.0.0\jtoml-2.0.0.jar;C:\Users\ASUSTUF\.m2\repository\org\apache\commons\commons-exec\1.3\commons-exec-1.3.jar;C:\Users\ASUSTUF\.m2\repository\org\asynchttpclient\async-http-client\2.12.3\async-http-client-2.12.3.jar;C:\Users\ASUSTUF\.m2\repository\org\asynchttpclient\async-http-client-netty-utils\2.12.3\async-http-client-netty-utils-2.12.3.jar;C:\Users\ASUSTUF\.m2\repository\io\netty\netty-codec-socks\4.1.60.Final\netty-codec-socks-4.1.60.Final.jar;C:\Users\ASUSTUF\.m2\repository\io\netty\netty-handler-proxy\4.1.60.Final\netty-handler-proxy-4.1.60.Final.jar;C:\Users\ASUSTUF\.m2\repository\io\netty\netty-transport-native-epoll\4.1.60.Final\netty-transport-native-epoll-4.1.60.Final-linux-x86_64.jar;C:\Users\ASUSTUF\.m2\repository\io\netty\netty-transport-native-kqueue\4.1.60.Final\netty-transport-native-kqueue-4.1.60.Final-osx-x86_64.jar;C:\Users\ASUSTUF\.m2\repository\org\reactivestreams\reactive-streams\1.0.3\reactive-streams-1.0.3.jar;C:\Users\ASUSTUF\.m2\repository\com\typesafe\netty\netty-reactive-streams\2.0.4\netty-reactive-streams-2.0.4.jar;C:\Users\ASUSTUF\.m2\repository\org\seleniumhq\selenium\selenium-http\4.1.2\selenium-http-4.1.2.jar;C:\Users\ASUSTUF\.m2\repository\net\jodah\failsafe\2.4.4\failsafe-2.4.4.jar;C:\Users\ASUSTUF\.m2\repository\org\seleniumhq\selenium\selenium-safari-driver\4.1.2\selenium-safari-driver-4.1.2.jar;C:\Users\ASUSTUF\.m2\repository\org\seleniumhq\selenium\selenium-api\4.1.2\selenium-api-4.1.2.jar;C:\Users\ASUSTUF\.m2\repository\org\seleniumhq\selenium\selenium-support\4.1.2\selenium-support-4.1.2.jar;C:\Users\ASUSTUF\.m2\repository\com\google\auto\service\auto-service-annotations\1.0.1\auto-service-annotations-1.0.1.jar;C:\Users\ASUSTUF\.m2\repository\com\google\auto\service\auto-service\1.0.1\auto-service-1.0.1.jar;C:\Users\ASUSTUF\.m2\repository\com\google\auto\auto-common\1.2\auto-common-1.2.jar;C:\Users\ASUSTUF\.m2\repository\org\seleniumhq\selenium\selenium-json\4.1.2\selenium-json-4.1.2.jar;C:\Users\ASUSTUF\.m2\repository\org\seleniumhq\selenium\selenium-chrome-driver\4.1.2\selenium-chrome-driver-4.1.2.jar;C:\Users\ASUSTUF\.m2\repository\org\seleniumhq\selenium\selenium-chromium-driver\4.1.2\selenium-chromium-driver-4.1.2.jar;C:\Users\ASUSTUF\.m2\repository\org\seleniumhq\selenium\selenium-firefox-driver\4.1.2\selenium-firefox-driver-4.1.2.jar;C:\Users\ASUSTUF\.m2\repository\org\seleniumhq\selenium\selenium-edge-driver\4.1.2\selenium-edge-driver-4.1.2.jar;C:\Users\ASUSTUF\.m2\repository\org\seleniumhq\selenium\selenium-ie-driver\4.1.2\selenium-ie-driver-4.1.2.jar;C:\Users\ASUSTUF\.m2\repository\org\projectlombok\lombok\1.18.20\lombok-1.18.20.jar;C:\Users\ASUSTUF\.m2\repository\io\appium\java-client\8.0.0\java-client-8.0.0.jar;C:\Users\ASUSTUF\.m2\repository\commons-validator\commons-validator\1.7\commons-validator-1.7.jar;C:\Users\ASUSTUF\.m2\repository\commons-digester\commons-digester\2.1\commons-digester-2.1.jar;C:\Users\ASUSTUF\.m2\repository\org\aspectj\aspectjweaver\1.9.8\aspectjweaver-1.9.8.jar;C:\Users\ASUSTUF\.m2\repository\org\codehaus\groovy\groovy\3.0.10\groovy-3.0.10.jar;C:\Users\ASUSTUF\.m2\repository\net\sf\opencsv\opencsv\2.0\opencsv-2.0.jar;C:\Users\ASUSTUF\.m2\repository\commons-beanutils\commons-beanutils\1.9.4\commons-beanutils-1.9.4.jar;C:\Users\ASUSTUF\.m2\repository\org\apache\commons\commons-lang3\3.12.0\commons-lang3-3.12.0.jar;C:\Users\ASUSTUF\.m2\repository\commons-collections\commons-collections\3.2.2\commons-collections-3.2.2.jar;C:\Users\ASUSTUF\.m2\repository\org\fluentlenium\fluentlenium-core\0.10.2\fluentlenium-core-0.10.2.jar;C:\Users\ASUSTUF\.m2\repository\io\github\bonigarcia\webdrivermanager\5.1.0\webdrivermanager-5.1.0.jar;C:\Users\ASUSTUF\.m2\repository\com\github\docker-java\docker-java\3.2.13\docker-java-3.2.13.jar;C:\Users\ASUSTUF\.m2\repository\com\github\docker-java\docker-java-core\3.2.13\docker-java-core-3.2.13.jar;C:\Users\ASUSTUF\.m2\repository\com\github\docker-java\docker-java-api\3.2.13\docker-java-api-3.2.13.jar;C:\Users\ASUSTUF\.m2\repository\org\apache\commons\commons-compress\1.21\commons-compress-1.21.jar;C:\Users\ASUSTUF\.m2\repository\org\bouncycastle\bcpkix-jdk15on\1.64\bcpkix-jdk15on-1.64.jar;C:\Users\ASUSTUF\.m2\repository\org\bouncycastle\bcprov-jdk15on\1.64\bcprov-jdk15on-1.64.jar;C:\Users\ASUSTUF\.m2\repository\org\slf4j\jcl-over-slf4j\1.7.30\jcl-over-slf4j-1.7.30.jar;C:\Users\ASUSTUF\.m2\repository\com\github\docker-java\docker-java-transport-httpclient5\3.2.13\docker-java-transport-httpclient5-3.2.13.jar;C:\Users\ASUSTUF\.m2\repository\com\github\docker-java\docker-java-transport\3.2.13\docker-java-transport-3.2.13.jar;C:\Users\ASUSTUF\.m2\repository\org\apache\httpcomponents\client5\httpclient5\5.0.3\httpclient5-5.0.3.jar;C:\Users\ASUSTUF\.m2\repository\org\apache\httpcomponents\core5\httpcore5\5.0.2\httpcore5-5.0.2.jar;C:\Users\ASUSTUF\.m2\repository\net\java\dev\jna\jna\5.8.0\jna-5.8.0.jar;C:\Users\ASUSTUF\.m2\repository\org\brotli\dec\0.1.2\dec-0.1.2.jar;C:\Users\ASUSTUF\.m2\repository\com\jhlabs\filters\2.0.235\filters-2.0.235.jar;C:\Users\ASUSTUF\.m2\repository\com\paulhammant\ngwebdriver\1.1.6\ngwebdriver-1.1.6.jar;C:\Users\ASUSTUF\.m2\repository\joda-time\joda-time\2.8.2\joda-time-2.8.2.jar;C:\Users\ASUSTUF\.m2\repository\org\hamcrest\hamcrest\2.2\hamcrest-2.2.jar;C:\Users\ASUSTUF\.m2\repository\com\google\jimfs\jimfs\1.2\jimfs-1.2.jar;C:\Users\ASUSTUF\.m2\repository\org\mockito\mockito-core\3.3.3\mockito-core-3.3.3.jar;C:\Users\ASUSTUF\.m2\repository\javax\xml\bind\jaxb-api\2.3.1\jaxb-api-2.3.1.jar;C:\Users\ASUSTUF\.m2\repository\javax\activation\javax.activation-api\1.2.0\javax.activation-api-1.2.0.jar;C:\Users\ASUSTUF\.m2\repository\com\sun\xml\bind\jaxb-core\2.3.0.1\jaxb-core-2.3.0.1.jar;C:\Users\ASUSTUF\.m2\repository\com\sun\xml\bind\jaxb-impl\2.3.3\jaxb-impl-2.3.3.jar;C:\Users\ASUSTUF\.m2\repository\jakarta\xml\bind\jakarta.xml.bind-api\2.3.3\jakarta.xml.bind-api-2.3.3.jar;C:\Users\ASUSTUF\.m2\repository\com\sun\activation\jakarta.activation\1.2.2\jakarta.activation-1.2.2.jar;C:\Users\ASUSTUF\.m2\repository\javax\activation\activation\1.1.1\activation-1.1.1.jar;C:\Users\ASUSTUF\.m2\repository\net\serenity-bdd\serenity-cucumber\3.2.1\serenity-cucumber-3.2.1.jar;C:\Users\ASUSTUF\.m2\repository\io\cucumber\cucumber-core\7.2.3\cucumber-core-7.2.3.jar;C:\Users\ASUSTUF\.m2\repository\io\cucumber\cucumber-gherkin\7.2.3\cucumber-gherkin-7.2.3.jar;C:\Users\ASUSTUF\.m2\repository\io\cucumber\cucumber-gherkin-messages\7.2.3\cucumber-gherkin-messages-7.2.3.jar;C:\Users\ASUSTUF\.m2\repository\io\cucumber\messages\17.1.1\messages-17.1.1.jar;C:\Users\ASUSTUF\.m2\repository\io\cucumber\tag-expressions\4.1.0\tag-expressions-4.1.0.jar;C:\Users\ASUSTUF\.m2\repository\io\cucumber\cucumber-expressions\15.0.1\cucumber-expressions-15.0.1.jar;C:\Users\ASUSTUF\.m2\repository\io\cucumber\datatable\7.2.3\datatable-7.2.3.jar;C:\Users\ASUSTUF\.m2\repository\io\cucumber\cucumber-plugin\7.2.3\cucumber-plugin-7.2.3.jar;C:\Users\ASUSTUF\.m2\repository\io\cucumber\docstring\7.2.3\docstring-7.2.3.jar;C:\Users\ASUSTUF\.m2\repository\io\cucumber\html-formatter\17.0.0\html-formatter-17.0.0.jar;C:\Users\ASUSTUF\.m2\repository\io\cucumber\ci-environment\8.1.0\ci-environment-8.1.0.jar;C:\Users\ASUSTUF\.m2\repository\io\cucumber\cucumber-junit\7.2.3\cucumber-junit-7.2.3.jar;C:\Users\ASUSTUF\.m2\repository\org\apache\commons\commons-csv\1.5\commons-csv-1.5.jar;C:\Users\ASUSTUF\.m2\repository\net\serenity-bdd\serenity-screenplay\3.2.1\serenity-screenplay-3.2.1.jar;C:\Users\ASUSTUF\.m2\repository\net\serenity-bdd\serenity-screenplay-webdriver\3.2.1\serenity-screenplay-webdriver-3.2.1.jar;C:\Users\ASUSTUF\.m2\repository\net\serenity-bdd\serenity-ensure\3.2.1\serenity-ensure-3.2.1.jar;C:\Users\ASUSTUF\.m2\repository\net\serenity-bdd\serenity-junit\3.2.1\serenity-junit-3.2.1.jar;C:\Users\ASUSTUF\.m2\repository\org\jetbrains\kotlin\kotlin-stdlib\1.6.0\kotlin-stdlib-1.6.0.jar;C:\Users\ASUSTUF\.m2\repository\org\jetbrains\annotations\13.0\annotations-13.0.jar;C:\Users\ASUSTUF\.m2\repository\org\jetbrains\kotlin\kotlin-stdlib-common\1.6.0\kotlin-stdlib-common-1.6.0.jar;C:\Users\ASUSTUF\.m2\repository\org\junit\platform\junit-platform-launcher\1.8.1\junit-platform-launcher-1.8.1.jar;C:\Users\ASUSTUF\.m2\repository\org\junit\platform\junit-platform-engine\1.8.1\junit-platform-engine-1.8.1.jar;C:\Users\ASUSTUF\.m2\repository\org\opentest4j\opentest4j\1.2.0\opentest4j-1.2.0.jar;C:\Users\ASUSTUF\.m2\repository\org\junit\platform\junit-platform-commons\1.8.1\junit-platform-commons-1.8.1.jar;C:\Users\ASUSTUF\.m2\repository\org\apiguardian\apiguardian-api\1.1.2\apiguardian-api-1.1.2.jar;C:\Users\ASUSTUF\.m2\repository\org\junit\jupiter\junit-jupiter-engine\5.8.2\junit-jupiter-engine-5.8.2.jar;C:\Users\ASUSTUF\.m2\repository\org\junit\jupiter\junit-jupiter-api\5.8.2\junit-jupiter-api-5.8.2.jar;C:\Users\ASUSTUF\.m2\repository\org\junit\vintage\junit-vintage-engine\5.8.2\junit-vintage-engine-5.8.2.jar;C:\Users\ASUSTUF\.m2\repository\junit\junit\4.13.2\junit-4.13.2.jar;C:\Users\ASUSTUF\.m2\repository\org\hamcrest\hamcrest-core\1.3\hamcrest-core-1.3.jar;C:\Users\ASUSTUF\.m2\repository\ch\qos\logback\logback-classic\1.2.10\logback-classic-1.2.10.jar;C:\Users\ASUSTUF\.m2\repository\ch\qos\logback\logback-core\1.2.10\logback-core-1.2.10.jar;C:\Users\ASUSTUF\.m2\repository\org\slf4j\slf4j-api\1.7.32\slf4j-api-1.7.32.jar;C:\Users\ASUSTUF\.m2\repository\org\assertj\assertj-core\3.6.2\assertj-core-3.6.2.jar;C:\Users\ASUSTUF\.m2\repository\org\apache\maven\surefire\surefire-junit-platform\3.0.0-M5\surefire-junit-platform-3.0.0-M5.jar;C:\Users\ASUSTUF\.m2\repository\org\apache\maven\surefire\common-java5\3.0.0-M5\common-java5-3.0.0-M5.jar"/>
    <property name="user.script" value=""/>
    <property name="java.protocol.handler.pkgs" value="com.google.common"/>
    <property name="sun.management.compiler" value="HotSpot 64-Bit Tiered Compilers"/>
    <property name="java.runtime.version" value="11.0.16+11-LTS-199"/>
    <property name="user.name" value="ASUSTUF"/>
    <property name="path.separator" value=";"/>
    <property name="os.version" value="10.0"/>
    <property name="java.runtime.name" value="Java(TM) SE Runtime Environment"/>
    <property name="file.encoding" value="Cp1252"/>
    <property name="webdriver.base.url" value=""/>
    <property name="java.vm.name" value="Java HotSpot(TM) 64-Bit Server VM"/>
    <property name="java.vendor.version" value="18.9"/>
    <property name="localRepository" value="C:\Users\ASUSTUF\.m2\repository"/>
    <property name="java.vendor.url.bug" value="https://bugreport.java.com/bugreport/"/>
    <property name="java.io.tmpdir" value="C:\Users\ASUSTUF\AppData\Local\Temp\"/>
    <property name="java.version" value="11.0.16"/>
    <property name="user.dir" value="C:\Users\ASUSTUF\OneDrive\Documents\Capstone Project\Web Automation"/>
    <property name="os.arch" value="amd64"/>
    <property name="java.vm.specification.name" value="Java Virtual Machine Specification"/>
    <property name="java.awt.printerjob" value="sun.awt.windows.WPrinterJob"/>
    <property name="sun.os.patch.level" value=""/>
    <property name="java.library.path" value="C:\Program Files\Java\jdk-11.0.16\bin;C:\WINDOWS\Sun\Java\bin;C:\WINDOWS\system32;C:\WINDOWS;C:\Program Files\Java\jdk-11.0.16\bin;C:\Program Files\Common Files\Oracle\Java\javapath;C:\Windows\system32;C:\Windows;C:\Windows\System32\Wbem;C:\Windows\System32\WindowsPowerShell\v1.0\;C:\Windows\System32\OpenSSH\;C:\Program Files (x86)\NVIDIA Corporation\PhysX\Common;C:\Program Files\NVIDIA Corporation\NVIDIA NvDLISR;C:\WINDOWS\system32;C:\WINDOWS;C:\WINDOWS\System32\Wbem;C:\WINDOWS\System32\WindowsPowerShell\v1.0\;C:\WINDOWS\System32\OpenSSH\;C:\Program Files\Git\cmd;C:\Program Files\Java\jdk-17.0.4\bin;C:\Program Files\apache-maven-3.8.6-bin\apache-maven-3.8.6\bin;C:\Users\ASUSTUF\AppData\Local\Android\Sdk\platform-tools;C:\Program Files\nodejs\;C:\Program Files\Java\jdk-11.0.16\bin;C:\Users\ASUSTUF\AppData\Local\Microsoft\WindowsApps;C:\Users\ASUSTUF\AppData\Local\GitHubDesktop\bin;C:\Users\ASUSTUF\AppData\Local\Programs\Microsoft VS Code\bin;C:\Users\ASUSTUF\AppData\Roaming\npm;;."/>
    <property name="java.vendor" value="Oracle Corporation"/>
    <property name="java.vm.info" value="mixed mode"/>
    <property name="java.vm.version" value="11.0.16+11-LTS-199"/>
    <property name="sun.io.unicode.encoding" value="UnicodeLittle"/>
    <property name="java.class.version" value="55.0"/>
  </properties>
  <testcase name="Approve a vaccination booking" classname="Manage vaccination bookings" time="15.19">
    <system-out><![CDATA[15:22:09.333 [main] INFO io.cucumber.core.plugin.SerenityReporter - Running feature from file:///C:/Users/ASUSTUF/OneDrive/Documents/Capstone%20Project/Web%20Automation/src/test/resources/features/ManageVaccinationBookings.feature
15:22:09.481 [main] INFO  - 

-------------------------------------------------------------------------------------
     _______. _______ .______       _______ .__   __.  __  .___________.____    ____ 
    /       ||   ____||   _  \     |   ____||  \ |  | |  | |           |\   \  /   / 
   |   (----`|  |__   |  |_)  |    |  |__   |   \|  | |  | `---|  |----` \   \/   /  
    \   \    |   __|  |      /     |   __|  |  . `  | |  |     |  |       \_    _/   
.----)   |   |  |____ |  |\  \----.|  |____ |  |\   | |  |     |  |         |  |     
|_______/    |_______|| _| `._____||_______||__| \__| |__|     |__|         |__|    
                                                                                     
 News and tutorials at http://www.serenity-bdd.info                                  
 Documentation at https://wakaleo.gitbooks.io/the-serenity-book/content/             
 Join the Serenity Community on Gitter: https://gitter.im/serenity-bdd/serenity-core 
 Serenity BDD Support and Training at http://serenity-bdd.info/#/trainingandsupport  
-------------------------------------------------------------------------------------

15:22:09.484 [main] DEBUG net.thucydides.core.steps.StepEventBus - Test suite started for story net.thucydides.core.model.Story@cce5c3f8
15:22:09.486 [main] INFO  - Test Suite Started: Manage vaccination bookings
15:22:09.501 [main] INFO io.cucumber.core.plugin.SerenityReporter - Running feature from file:///C:/Users/ASUSTUF/OneDrive/Documents/Capstone%20Project/Web%20Automation/src/test/resources/features/VaccineNames.feature
15:22:09.504 [main] DEBUG net.thucydides.core.steps.StepEventBus - Test suite started for story net.thucydides.core.model.Story@942a1b8b
15:22:09.505 [main] INFO  - Test Suite Started: Vaccine names
15:22:09.507 [main] INFO io.cucumber.core.plugin.SerenityReporter - Running feature from file:///C:/Users/ASUSTUF/OneDrive/Documents/Capstone%20Project/Web%20Automation/src/test/resources/features/ManageVaccinationBookings.feature
15:22:09.516 [main] DEBUG net.thucydides.core.steps.StepEventBus - Test suite started for story net.thucydides.core.model.Story@cce5c3f8
15:22:09.516 [main] INFO  - Test Suite Started: Manage vaccination bookings

Scenario: Approve a vaccination booking &amp#27;[90m# src/test/resources/features/ManageVaccinationBookings.feature:6&amp#27;[0m
15:22:09.600 [main] INFO io.cucumber.core.plugin.SerenityReporter - Running feature from file:///C:/Users/ASUSTUF/OneDrive/Documents/Capstone%20Project/Web%20Automation/src/test/resources/features/ManageVaccinationBookings.feature
15:22:09.702 [main] INFO  - 
  _____   ___   ___   _____     ___   _____     _     ___   _____   ___   ___  
 |_   _| | __| / __| |_   _|   / __| |_   _|   /_\   | _ \ |_   _| | __| |   \ 
   | |   | _|  \__ \   | |     \__ \   | |    / _ \  |   /   | |   | _|  | |) |
   |_|   |___| |___/   |_|     |___/   |_|   /_/ \_\ |_|_\   |_|   |___| |___/ 

Approve a vaccination booking(manage-vaccination-bookings;approve-a-vaccination-booking)
--------------------------------------------------------------------------------
15:22:10.367 [main] INFO net.serenitybdd.core.webdriver.driverproviders.ChromeDriverProvider - Using automatically driver download
15:22:11.035 [main] DEBUG io.github.bonigarcia.wdm.cache.ResolutionCache - Removing resolution chrome=108 from cache (expired on Wed Dec 21 14:40:45 ICT 2022)
15:22:11.054 [main] DEBUG org.apache.hc.client5.http.impl.classic.InternalHttpClient - ex-00000001: preparing request execution
15:22:11.058 [main] DEBUG org.apache.hc.client5.http.protocol.RequestAddCookies - Cookie spec selected: strict
15:22:11.064 [main] DEBUG org.apache.hc.client5.http.protocol.RequestAuthCache - Auth cache not set in the context
15:22:11.064 [main] DEBUG org.apache.hc.client5.http.impl.classic.ProtocolExec - ex-00000001: target auth state: UNCHALLENGED
15:22:11.064 [main] DEBUG org.apache.hc.client5.http.impl.classic.ProtocolExec - ex-00000001: proxy auth state: UNCHALLENGED
15:22:11.064 [main] DEBUG org.apache.hc.client5.http.impl.classic.ConnectExec - ex-00000001: acquiring connection with route {s}->https://raw.githubusercontent.com:443
15:22:11.064 [main] DEBUG org.apache.hc.client5.http.impl.classic.InternalHttpClient - ex-00000001: acquiring endpoint (3 MINUTES)
15:22:11.067 [main] DEBUG org.apache.hc.client5.http.impl.io.PoolingHttpClientConnectionManager - ex-00000001: endpoint lease request (3 MINUTES) [route: {s}->https://raw.githubusercontent.com:443][total available: 0; route allocated: 0 of 5; total allocated: 0 of 25]
15:22:11.071 [main] DEBUG org.apache.hc.client5.http.impl.io.PoolingHttpClientConnectionManager - ex-00000001: endpoint leased [route: {s}->https://raw.githubusercontent.com:443][total available: 0; route allocated: 1 of 5; total allocated: 1 of 25]
15:22:11.082 [main] DEBUG org.apache.hc.client5.http.impl.io.PoolingHttpClientConnectionManager - ex-00000001: acquired ep-00000000
15:22:11.083 [main] DEBUG org.apache.hc.client5.http.impl.classic.InternalHttpClient - ex-00000001: acquired endpoint ep-00000000
15:22:11.083 [main] DEBUG org.apache.hc.client5.http.impl.classic.ConnectExec - ex-00000001: opening connection {s}->https://raw.githubusercontent.com:443
15:22:11.083 [main] DEBUG org.apache.hc.client5.http.impl.classic.InternalHttpClient - ep-00000000: connecting endpoint (30 SECONDS)
15:22:11.083 [main] DEBUG org.apache.hc.client5.http.impl.io.PoolingHttpClientConnectionManager - ep-00000000: connecting endpoint to https://raw.githubusercontent.com:443 (30 SECONDS)
15:22:11.096 [main] DEBUG org.apache.hc.client5.http.impl.io.DefaultHttpClientConnectionOperator - http-outgoing-0: connecting to raw.githubusercontent.com/185.199.108.133:443
15:22:11.096 [main] DEBUG org.apache.hc.client5.http.ssl.SSLConnectionSocketFactory - Connecting socket to raw.githubusercontent.com/185.199.108.133:443 with timeout 30 SECONDS
15:22:11.167 [main] DEBUG org.apache.hc.client5.http.ssl.SSLConnectionSocketFactory - Enabled protocols: [TLSv1.3, TLSv1.2]
15:22:11.167 [main] DEBUG org.apache.hc.client5.http.ssl.SSLConnectionSocketFactory - Enabled cipher suites: [TLS_AES_256_GCM_SHA384, TLS_AES_128_GCM_SHA256, TLS_CHACHA20_POLY1305_SHA256, TLS_ECDHE_ECDSA_WITH_AES_256_GCM_SHA384, TLS_ECDHE_ECDSA_WITH_AES_128_GCM_SHA256, TLS_ECDHE_ECDSA_WITH_CHACHA20_POLY1305_SHA256, TLS_ECDHE_RSA_WITH_AES_256_GCM_SHA384, TLS_ECDHE_RSA_WITH_CHACHA20_POLY1305_SHA256, TLS_ECDHE_RSA_WITH_AES_128_GCM_SHA256, TLS_DHE_RSA_WITH_AES_256_GCM_SHA384, TLS_DHE_RSA_WITH_CHACHA20_POLY1305_SHA256, TLS_DHE_DSS_WITH_AES_256_GCM_SHA384, TLS_DHE_RSA_WITH_AES_128_GCM_SHA256, TLS_DHE_DSS_WITH_AES_128_GCM_SHA256, TLS_ECDHE_ECDSA_WITH_AES_256_CBC_SHA384, TLS_ECDHE_RSA_WITH_AES_256_CBC_SHA384, TLS_ECDHE_ECDSA_WITH_AES_128_CBC_SHA256, TLS_ECDHE_RSA_WITH_AES_128_CBC_SHA256, TLS_DHE_RSA_WITH_AES_256_CBC_SHA256, TLS_DHE_DSS_WITH_AES_256_CBC_SHA256, TLS_DHE_RSA_WITH_AES_128_CBC_SHA256, TLS_DHE_DSS_WITH_AES_128_CBC_SHA256, TLS_ECDH_ECDSA_WITH_AES_256_GCM_SHA384, TLS_ECDH_RSA_WITH_AES_256_GCM_SHA384, TLS_ECDH_ECDSA_WITH_AES_128_GCM_SHA256, TLS_ECDH_RSA_WITH_AES_128_GCM_SHA256, TLS_ECDH_ECDSA_WITH_AES_256_CBC_SHA384, TLS_ECDH_RSA_WITH_AES_256_CBC_SHA384, TLS_ECDH_ECDSA_WITH_AES_128_CBC_SHA256, TLS_ECDH_RSA_WITH_AES_128_CBC_SHA256, TLS_ECDHE_ECDSA_WITH_AES_256_CBC_SHA, TLS_ECDHE_RSA_WITH_AES_256_CBC_SHA, TLS_ECDHE_ECDSA_WITH_AES_128_CBC_SHA, TLS_ECDHE_RSA_WITH_AES_128_CBC_SHA, TLS_DHE_RSA_WITH_AES_256_CBC_SHA, TLS_DHE_DSS_WITH_AES_256_CBC_SHA, TLS_DHE_RSA_WITH_AES_128_CBC_SHA, TLS_DHE_DSS_WITH_AES_128_CBC_SHA, TLS_ECDH_ECDSA_WITH_AES_256_CBC_SHA, TLS_ECDH_RSA_WITH_AES_256_CBC_SHA, TLS_ECDH_ECDSA_WITH_AES_128_CBC_SHA, TLS_ECDH_RSA_WITH_AES_128_CBC_SHA, TLS_RSA_WITH_AES_256_GCM_SHA384, TLS_RSA_WITH_AES_128_GCM_SHA256, TLS_RSA_WITH_AES_256_CBC_SHA256, TLS_RSA_WITH_AES_128_CBC_SHA256, TLS_RSA_WITH_AES_256_CBC_SHA, TLS_RSA_WITH_AES_128_CBC_SHA, TLS_EMPTY_RENEGOTIATION_INFO_SCSV]
15:22:11.168 [main] DEBUG org.apache.hc.client5.http.ssl.SSLConnectionSocketFactory - Starting handshake
15:22:11.293 [main] DEBUG org.apache.hc.client5.http.ssl.SSLConnectionSocketFactory - Secure session established
15:22:11.293 [main] DEBUG org.apache.hc.client5.http.ssl.SSLConnectionSocketFactory -  negotiated protocol: TLSv1.3
15:22:11.293 [main] DEBUG org.apache.hc.client5.http.ssl.SSLConnectionSocketFactory -  negotiated cipher suite: TLS_AES_256_GCM_SHA384
15:22:11.293 [main] DEBUG org.apache.hc.client5.http.ssl.SSLConnectionSocketFactory -  peer principal: CN=*.github.io, O="GitHub, Inc.", L=San Francisco, ST=California, C=US
15:22:11.295 [main] DEBUG org.apache.hc.client5.http.ssl.SSLConnectionSocketFactory -  peer alternative names: [*.github.io, github.com, *.github.com, www.github.com, github.io, githubusercontent.com, *.githubusercontent.com]
15:22:11.295 [main] DEBUG org.apache.hc.client5.http.ssl.SSLConnectionSocketFactory -  issuer principal: CN=DigiCert TLS RSA SHA256 2020 CA1, O=DigiCert Inc, C=US
15:22:11.296 [main] DEBUG org.apache.hc.client5.http.impl.io.DefaultHttpClientConnectionOperator - http-outgoing-0: connection established 192.168.100.29:62178<->185.199.108.133:443
15:22:11.298 [main] DEBUG org.apache.hc.client5.http.impl.io.PoolingHttpClientConnectionManager - ep-00000000: connected http-outgoing-0
15:22:11.298 [main] DEBUG org.apache.hc.client5.http.impl.classic.InternalHttpClient - ep-00000000: endpoint connected
15:22:11.299 [main] DEBUG org.apache.hc.client5.http.impl.classic.MainClientExec - ex-00000001: executing GET /bonigarcia/webdrivermanager/master/src/main/resources/commands.properties HTTP/1.1
15:22:11.299 [main] DEBUG org.apache.hc.client5.http.impl.classic.InternalHttpClient - ep-00000000: start execution ex-00000001
15:22:11.299 [main] DEBUG org.apache.hc.client5.http.impl.io.PoolingHttpClientConnectionManager - ep-00000000: executing exchange ex-00000001 over http-outgoing-0
15:22:11.300 [main] DEBUG org.apache.hc.client5.http.headers - http-outgoing-0 >> GET /bonigarcia/webdrivermanager/master/src/main/resources/commands.properties HTTP/1.1
15:22:11.300 [main] DEBUG org.apache.hc.client5.http.headers - http-outgoing-0 >> user-agent: Apache-HttpClient/5.0
15:22:11.300 [main] DEBUG org.apache.hc.client5.http.headers - http-outgoing-0 >> accept-encoding: gzip, deflate, br
15:22:11.300 [main] DEBUG org.apache.hc.client5.http.headers - http-outgoing-0 >> cache-control: max-age=0
15:22:11.300 [main] DEBUG org.apache.hc.client5.http.headers - http-outgoing-0 >> connection: keep-alive
15:22:11.300 [main] DEBUG org.apache.hc.client5.http.headers - http-outgoing-0 >> Host: raw.githubusercontent.com
15:22:11.300 [main] DEBUG org.apache.hc.client5.http.wire - http-outgoing-0 >> "GET /bonigarcia/webdrivermanager/master/src/main/resources/commands.properties HTTP/1.1[\r][\n]"
15:22:11.300 [main] DEBUG org.apache.hc.client5.http.wire - http-outgoing-0 >> "user-agent: Apache-HttpClient/5.0[\r][\n]"
15:22:11.300 [main] DEBUG org.apache.hc.client5.http.wire - http-outgoing-0 >> "accept-encoding: gzip, deflate, br[\r][\n]"
15:22:11.300 [main] DEBUG org.apache.hc.client5.http.wire - http-outgoing-0 >> "cache-control: max-age=0[\r][\n]"
15:22:11.300 [main] DEBUG org.apache.hc.client5.http.wire - http-outgoing-0 >> "connection: keep-alive[\r][\n]"
15:22:11.300 [main] DEBUG org.apache.hc.client5.http.wire - http-outgoing-0 >> "Host: raw.githubusercontent.com[\r][\n]"
15:22:11.300 [main] DEBUG org.apache.hc.client5.http.wire - http-outgoing-0 >> "[\r][\n]"
15:22:11.317 [main] DEBUG org.apache.hc.client5.http.wire - http-outgoing-0 << "HTTP/1.1 200 OK[\r][\n]"
15:22:11.317 [main] DEBUG org.apache.hc.client5.http.wire - http-outgoing-0 << "Connection: keep-alive[\r][\n]"
15:22:11.317 [main] DEBUG org.apache.hc.client5.http.wire - http-outgoing-0 << "Content-Length: 723[\r][\n]"
15:22:11.317 [main] DEBUG org.apache.hc.client5.http.wire - http-outgoing-0 << "Cache-Control: max-age=300[\r][\n]"
15:22:11.317 [main] DEBUG org.apache.hc.client5.http.wire - http-outgoing-0 << "Content-Security-Policy: default-src 'none'; style-src 'unsafe-inline'; sandbox[\r][\n]"
15:22:11.317 [main] DEBUG org.apache.hc.client5.http.wire - http-outgoing-0 << "Content-Type: text/plain; charset=utf-8[\r][\n]"
15:22:11.317 [main] DEBUG org.apache.hc.client5.http.wire - http-outgoing-0 << "ETag: W/"e82b438271e9e8680c688b0b680efd0bdd22faa6d6f0a32fc1fd8accc486b67e"[\r][\n]"
15:22:11.317 [main] DEBUG org.apache.hc.client5.http.wire - http-outgoing-0 << "Strict-Transport-Security: max-age=31536000[\r][\n]"
15:22:11.317 [main] DEBUG org.apache.hc.client5.http.wire - http-outgoing-0 << "X-Content-Type-Options: nosniff[\r][\n]"
15:22:11.317 [main] DEBUG org.apache.hc.client5.http.wire - http-outgoing-0 << "X-Frame-Options: deny[\r][\n]"
15:22:11.318 [main] DEBUG org.apache.hc.client5.http.wire - http-outgoing-0 << "X-XSS-Protection: 1; mode=block[\r][\n]"
15:22:11.318 [main] DEBUG org.apache.hc.client5.http.wire - http-outgoing-0 << "X-GitHub-Request-Id: 57EA:2E58:ECADB:15578B:639D742D[\r][\n]"
15:22:11.318 [main] DEBUG org.apache.hc.client5.http.wire - http-outgoing-0 << "Content-Encoding: gzip[\r][\n]"
15:22:11.318 [main] DEBUG org.apache.hc.client5.http.wire - http-outgoing-0 << "Accept-Ranges: bytes[\r][\n]"
15:22:11.318 [main] DEBUG org.apache.hc.client5.http.wire - http-outgoing-0 << "Date: Wed, 21 Dec 2022 08:22:11 GMT[\r][\n]"
15:22:11.318 [main] DEBUG org.apache.hc.client5.http.wire - http-outgoing-0 << "Via: 1.1 varnish[\r][\n]"
15:22:11.318 [main] DEBUG org.apache.hc.client5.http.wire - http-outgoing-0 << "X-Served-By: cache-qpg1253-QPG[\r][\n]"
15:22:11.318 [main] DEBUG org.apache.hc.client5.http.wire - http-outgoing-0 << "X-Cache: HIT[\r][\n]"
15:22:11.318 [main] DEBUG org.apache.hc.client5.http.wire - http-outgoing-0 << "X-Cache-Hits: 1[\r][\n]"
15:22:11.318 [main] DEBUG org.apache.hc.client5.http.wire - http-outgoing-0 << "X-Timer: S1671610931.464584,VS0,VE1[\r][\n]"
15:22:11.318 [main] DEBUG org.apache.hc.client5.http.wire - http-outgoing-0 << "Vary: Authorization,Accept-Encoding,Origin[\r][\n]"
15:22:11.318 [main] DEBUG org.apache.hc.client5.http.wire - http-outgoing-0 << "Access-Control-Allow-Origin: *[\r][\n]"
15:22:11.318 [main] DEBUG org.apache.hc.client5.http.wire - http-outgoing-0 << "X-Fastly-Request-ID: d1500ac801bc866edfc9efc84fa1e0c0ce9e6765[\r][\n]"
15:22:11.318 [main] DEBUG org.apache.hc.client5.http.wire - http-outgoing-0 << "Expires: Wed, 21 Dec 2022 08:27:11 GMT[\r][\n]"
15:22:11.318 [main] DEBUG org.apache.hc.client5.http.wire - http-outgoing-0 << "Source-Age: 61[\r][\n]"
15:22:11.318 [main] DEBUG org.apache.hc.client5.http.wire - http-outgoing-0 << "[\r][\n]"
15:22:11.320 [main] DEBUG org.apache.hc.client5.http.headers - http-outgoing-0 << HTTP/1.1 200 OK
15:22:11.320 [main] DEBUG org.apache.hc.client5.http.headers - http-outgoing-0 << Connection: keep-alive
15:22:11.320 [main] DEBUG org.apache.hc.client5.http.headers - http-outgoing-0 << Content-Length: 723
15:22:11.320 [main] DEBUG org.apache.hc.client5.http.headers - http-outgoing-0 << Cache-Control: max-age=300
15:22:11.320 [main] DEBUG org.apache.hc.client5.http.headers - http-outgoing-0 << Content-Security-Policy: default-src 'none'; style-src 'unsafe-inline'; sandbox
15:22:11.320 [main] DEBUG org.apache.hc.client5.http.headers - http-outgoing-0 << Content-Type: text/plain; charset=utf-8
15:22:11.320 [main] DEBUG org.apache.hc.client5.http.headers - http-outgoing-0 << ETag: W/"e82b438271e9e8680c688b0b680efd0bdd22faa6d6f0a32fc1fd8accc486b67e"
15:22:11.320 [main] DEBUG org.apache.hc.client5.http.headers - http-outgoing-0 << Strict-Transport-Security: max-age=31536000
15:22:11.320 [main] DEBUG org.apache.hc.client5.http.headers - http-outgoing-0 << X-Content-Type-Options: nosniff
15:22:11.320 [main] DEBUG org.apache.hc.client5.http.headers - http-outgoing-0 << X-Frame-Options: deny
15:22:11.320 [main] DEBUG org.apache.hc.client5.http.headers - http-outgoing-0 << X-XSS-Protection: 1; mode=block
15:22:11.320 [main] DEBUG org.apache.hc.client5.http.headers - http-outgoing-0 << X-GitHub-Request-Id: 57EA:2E58:ECADB:15578B:639D742D
15:22:11.320 [main] DEBUG org.apache.hc.client5.http.headers - http-outgoing-0 << Content-Encoding: gzip
15:22:11.320 [main] DEBUG org.apache.hc.client5.http.headers - http-outgoing-0 << Accept-Ranges: bytes
15:22:11.320 [main] DEBUG org.apache.hc.client5.http.headers - http-outgoing-0 << Date: Wed, 21 Dec 2022 08:22:11 GMT
15:22:11.320 [main] DEBUG org.apache.hc.client5.http.headers - http-outgoing-0 << Via: 1.1 varnish
15:22:11.320 [main] DEBUG org.apache.hc.client5.http.headers - http-outgoing-0 << X-Served-By: cache-qpg1253-QPG
15:22:11.320 [main] DEBUG org.apache.hc.client5.http.headers - http-outgoing-0 << X-Cache: HIT
15:22:11.320 [main] DEBUG org.apache.hc.client5.http.headers - http-outgoing-0 << X-Cache-Hits: 1
15:22:11.320 [main] DEBUG org.apache.hc.client5.http.headers - http-outgoing-0 << X-Timer: S1671610931.464584,VS0,VE1
15:22:11.320 [main] DEBUG org.apache.hc.client5.http.headers - http-outgoing-0 << Vary: Authorization,Accept-Encoding,Origin
15:22:11.320 [main] DEBUG org.apache.hc.client5.http.headers - http-outgoing-0 << Access-Control-Allow-Origin: *
15:22:11.320 [main] DEBUG org.apache.hc.client5.http.headers - http-outgoing-0 << X-Fastly-Request-ID: d1500ac801bc866edfc9efc84fa1e0c0ce9e6765
15:22:11.320 [main] DEBUG org.apache.hc.client5.http.headers - http-outgoing-0 << Expires: Wed, 21 Dec 2022 08:27:11 GMT
15:22:11.320 [main] DEBUG org.apache.hc.client5.http.headers - http-outgoing-0 << Source-Age: 61
15:22:11.323 [main] DEBUG org.apache.hc.client5.http.impl.classic.MainClientExec - ex-00000001: connection can be kept alive for 3 MINUTES
15:22:11.327 [main] DEBUG org.apache.hc.client5.http.wire - http-outgoing-0 << "[0x1f][0xffffff8b][0x8][0x0][0x0][0x0][0x0][0x0][0x0][0x3][0xffffffb5]V]o[0xffffffda]0[0x14]}[0xffffffe7]W\[0xffffff81]*[0xffffffb5][0x12][0x1f][[M[0xffffffd3]$[0x1e]hF[0xffffffbb]i [0x18][0xffffffb4][0xffffffdd]&[0xfffffff9][0xffffffc5]$7[0xffffffc1]R[0x12]#;[0xffffff94]v[0xffffffbf]~[0xffffffb6][0xfffffff3]1[0xffffff92][0xffffff9a][0xffffffc1][0x1a]x[0xffffffcb][0xffffffb5][0xffffffaf][0xffffffcf]9[0xffffffbe][0xfffffff7]8v[0xb][0x1c][0x1e]E4[0xfffffff6]$x4[0xffffffa1][0xb]*[0xffffffb1][0xffffffd1][0xffffff82][0xfffffffb]%[0xffffff93][0xffffffe0][0xffffffb3][0x10][0xffffffc1][0xffffffe5]qBY,!Y[0xffffffea] KM8,[0x10][0xfffffff0][0x19][0xffffffdd]u[0xffffff82][0x1e][0xffffffb0][0xffffffd8]L[0xffffffcb]%[0xffffff86][0xffffffa1][0xe][0xffffffb8][0xfffffff0]P[0xffffffe8]$[0xf][0x13]t[0x13]3[0xfffffff9][0xffffff84]B2[0xffffffae][0xffffffe6]|@[0xfffffff5][0x1d][0x8][0xffffffc4][0x18][0x16][0xffffff82]o[0xffffffa4][0xffffff9a]P[0xffffff94][0xffffffe7][0xffffffce]R[0xfffffff0][0x8][0xffffffdb]p[0xffffffcb][0x4][0xfffffffa][0xfffffffc][0xffffffb9][\r][0xffffff93][0x15][\n]"
15:22:11.328 [main] DEBUG org.apache.hc.client5.http.wire - http-outgoing-0 << "[0xffffffda][0xffffff86][0xffffffa1][0x17][0xffffffa8]Q3[0xffffffcb][0xffffffd6][0xffffffd1][0xffffff85][0xffffffc6][0xfffffff7][0xffffff98][0xffffffef][0xffffffa3][0xffffffc0]8[0x1][0xffffffae]s[0x12][0x16][0x7] _d[0xffffff82][0xffffff91][0xffffff84][0xfffffff3][0x1f],[0xfffffff6][0x14]j[0x1b]F,^+[0xffffff98]1ua2[0xffffffbf]h([0xffffff8e][0xffffff94][0xffffffa2][0xffffff91]m[0xffffffa3][0xffffffeb][0xffffff9a][0xffffffb0][0xffffffbb]I[0x17]t[0xffffffdf][0xffffffbd][0xffffffef][0xffffffbb][0xffffff91][0xffffffd7]U[0xffffffbb][0xffffff82][0xffffff9e][0x3][0xffffff9b][0xffffff88][0xffffffb9][0xffffffa6]$[0xffffffa6][0xc][0xffffff9b][0xffffffa5][0xffffffe2][0xffffff83][0xffffff98]F[0xffffffd8]o[0xffffff9e]Mg[0xffffff93][0xffffffbb][0xffffffd9]`|[0xfffffffb]u4[0xffffff9c][0x7f]"}B[0xffffffce][0x8][0xffffffb9][0xffffffe3]<[0x8][0xffffff91][0xffffff90][0xffffff94][0xffffff82][0xffffff90][0xffffffc1]j[0x15]2WI[0xffffffe3]1![0x19][0xffffff91]BnB[0xffffff80][0x9]<f[0xffffffb5][0xffffffe8]=[0xffffffd1]p[0xffffffbd][[0xffffffcf][0xffffffe5][0x1b][0xfffffff4][0xffffff9c][0xffffffff][0xfffffffc][0xfffffff8][0xffffffe1][0xffffffe2][0xffffff94][0xffffffa2][0xffffffae][0xe][0x14]5[0xffffff9a]8[0xffffff83][0xffffffd1]`:[0xfffffffd]<[0xffffffb8][0x1f][0xffffff9c]R[0xffffffcf]u[0x7f]6[0xffffffbc][0xffffff83][0xffffffef][0xf][0xffffffc3][0xffffffd9]/[0xfffffff8][0xfffffff2][0xffffffcd]y s[0xffffffee]'[0x1b]*0g[0xffffffcb][0xffffffc8]nF7H][0xffffff83][0xffffff97]{[0xffffffb1]Q[0x5][\r][0xffffffb5]c[0xffffffb4][0xf][0x2][0xffffffb3][0xffffffb4][0xffffff93][0xe]C[0xffffffa7][0xffffffb3]kAD][0xffffff9d][0xffffffde][0xffffffdb][0xffffffda][0xffffff88][0xffffffec][0xffffffa5][0xffffffbc][0xffffff99][0xffffffd9][0xffffffba]t[0xffffffb5][0xffffffea]9[0xffffffea][0x10])[0xffffffb7][0xffffffca][0xffffff9e][0xfffffff2][0xffffffe2]d^N[0xffffffd8]FW[0x16][0xffffffcd][0xffffffdc]_[0x10][0xfffffff9]i|[0x1c][0xffffff93][0xffffff8e][0xfffffff9]o[0x16][0xffffff86]4'!$G[0xffffffdf]W[0xfffffff4]W*j[[0xfffffff3]xR[0xffffffae][0xffffffb6][0xc][0xffffffd0],; #[0xffffffa9][0xffffff92]5[0xffffffb5][0x7][0xffffff9c][0xffffffb5][0xffffffd0][0x7f][0xffffff90][0xffffffc7]jgs[0xfffffffc][0xffffffc2][0xb][0xffffffd9][0x0]t[0xffffff9e]^'Y[0xfffffffb][0xffffff9f][0xffffffb1][0xffffffd8]:[0xffffffbf][0xffffff8d][0xffffffa5][0xffffff9a][0xffffffad][0x7f]m[0x5]&[0xffffffaa][0xffffffa0]^[0xffffff9b][0xffffffcb][0x5]f[0xffffffae][0xffffffe0]RU[0xffffff82][0x10]MS9l[0xffffff91]4t[0xfffffffb][0xffffff8a]][0xffffffd6][0xfffffff4][0xffffff96][0xffffffa6][0xffffff9f]P[0xffffffce][0xffffffd5][0xffffffce][0xffffff93][0xffffffff][0xffffff97][0xffffffcc]p[0xfffffffd][0xfffffff3][0xffffffe8][0x1b][0xffffffcc][0xffffffa2][0xffffffd9]Q[0xffffffbe][0xffffffb2][0xffffffa3][0xffffffc7]m'[0xffffffdf][0xffffffe4][[0xfffffffb]^[0xffffffb0][0xffffff9a][0xffffffbe][0xffffffda][0xffffffda]_[0xffffffce][0xffffff80][0xffffffd2][0xffffffc1]7[0xffffffb7]][0xffffffc1]b[0xffffffee][0xffffffb5][0xffffffff]w[0xffffff83][0xffffffed][0xffffffa7];[0x15]<[0x10]4[0xffffff92][0xffffff84][0x18][\n]"
15:22:11.328 [main] DEBUG org.apache.hc.client5.http.wire - http-outgoing-0 << "BB[0xffffffba][0xffffff8e]][0xffffffb5]jo[0xffffffb9]+"[0xffffffea][0xffffffb4][0xffffffff]h"[0xffffffea]\?5[0xffffffa9][0xffffffaf]k[0xffffffec][0xffffffff]P[0xffffffea][\n]"
15:22:11.328 [main] DEBUG org.apache.hc.client5.http.wire - http-outgoing-0 << "w[0xffffffe1]K[0x13][0xffffffda][0xffffffec][0xffffff98][0xffffffe6]Y[0xfffffffd]h8m6[0xffffff9c]T[0xffffffc1][0xfffffff2][0xffffffa7][0xffffff91]z_[0xffffff95]o85p[0x1c][0x13][0xffffffe6][0xfffffff0]5[0xffffffee][0xfffffffc][0xffffff92][0xffffff96][0xffffffda][0xfffffff7][0xffffffcf][0xffffffb1][0x5][0x1d][0xffffffea]K[0xffffff9b]9[0xffffff8e][0xffffffad]e[0xfffffff7][0xffffff93][0xffffffa8]`[0xffffffda][0xffffffff][0x1a][0xffffffd2][0xffffff88][0xffffff85][0xfffffffd][0xfffffff2][0xffffff91]N[0xfffffff6]`[0xffffffdf]2[0xffffffcf][0xffffffae]E[0xffffff97][0xffffffc5][0xffffffa2][0xffffff9d][0xffffffef]'[0xffffff9d]mun.[0xffffffd3]f^[0xffffffc7][0xffffff82][0xffffffda][0xffffff82]9[0xfffffff5][0xffffffa9]`[0x5][0xffffffbc]4[0xffffffa1][0x1d]<M[0xffffffb5]A[0xffffffa7]3[[0xffffffc0][0x7f][0x0][0xffffffc1][0xffffffd0]$[0xffffff85][0x1d][\r][0x0][0x0]"
15:22:11.328 [main] DEBUG org.apache.hc.client5.http.impl.classic.InternalHttpClient - ep-00000000: releasing valid endpoint
15:22:11.328 [main] DEBUG org.apache.hc.client5.http.impl.io.PoolingHttpClientConnectionManager - ep-00000000: releasing endpoint
15:22:11.328 [main] DEBUG org.apache.hc.client5.http.impl.io.PoolingHttpClientConnectionManager - ep-00000000: connection http-outgoing-0 can be kept alive for 3 MINUTES
15:22:11.329 [main] DEBUG org.apache.hc.client5.http.impl.io.PoolingHttpClientConnectionManager - ep-00000000: connection released [route: {s}->https://raw.githubusercontent.com:443][total available: 1; route allocated: 1 of 5; total allocated: 1 of 25]
15:22:11.329 [main] DEBUG io.github.bonigarcia.wdm.versions.VersionDetector - Detecting chrome version using online commands.properties
15:22:11.331 [main] DEBUG io.github.bonigarcia.wdm.versions.Shell - Running command on the shell: [cmd.exe, /C, wmic, datafile, where, name="%PROGRAMFILES:\=\\%\\Google\\Chrome\\Application\\chrome.exe", get, Version, /value]
15:22:11.502 [main] DEBUG io.github.bonigarcia.wdm.versions.Shell - Result: 
15:22:11.503 [main] DEBUG io.github.bonigarcia.wdm.versions.Shell - Running command on the shell: [cmd.exe, /C, wmic, datafile, where, name="%PROGRAMFILES(X86):\=\\%\\Google\\Chrome\\Application\\chrome.exe", get, Version, /value]
15:22:11.611 [main] DEBUG io.github.bonigarcia.wdm.versions.Shell - Result: 
15:22:11.611 [main] DEBUG io.github.bonigarcia.wdm.versions.Shell - Running command on the shell: [cmd.exe, /C, wmic, datafile, where, name="%LOCALAPPDATA:\=\\%\\Google\\Chrome\\Application\\chrome.exe", get, Version, /value]
15:22:11.735 [main] DEBUG io.github.bonigarcia.wdm.versions.Shell - Result: Version=108.0.5359.125
15:22:11.739 [main] DEBUG io.github.bonigarcia.wdm.cache.ResolutionCache - Resolution chrome108=108.0.5359.71 in cache (valid until 13:40:45 22/12/2022 ICT)
15:22:11.741 [main] INFO io.github.bonigarcia.wdm.WebDriverManager - Using chromedriver 108.0.5359.71 (resolved driver for Chrome 108)
15:22:11.746 [main] DEBUG io.github.bonigarcia.wdm.cache.ResolutionCache - Storing resolution chrome=108 in cache (valid until 16:22:11 21/12/2022 ICT)
15:22:11.761 [main] DEBUG io.github.bonigarcia.wdm.WebDriverManager - Driver chromedriver 108.0.5359.71 found in cache
15:22:11.763 [main] INFO io.github.bonigarcia.wdm.WebDriverManager - Exporting webdriver.chrome.driver as C:\Users\ASUSTUF\.cache\selenium\chromedriver\win32\108.0.5359.71\chromedriver.exe
15:22:12.294 [main] DEBUG net.thucydides.core.reflection.ClassFinder - Could not load class .CucumberTestSuite
15:22:12.294 [main] DEBUG net.thucydides.core.reflection.ClassFinder - Could not load class .starter.pages.ManageVaccinationBookingsPage
15:22:12.295 [main] DEBUG net.thucydides.core.reflection.ClassFinder - Could not load class .starter.pages.VaccineNamesPage
15:22:12.295 [main] DEBUG net.thucydides.core.reflection.ClassFinder - Could not load class .starter.stepdefinitions.ManageVaccinationBookingsSteps
15:22:12.295 [main] DEBUG net.thucydides.core.reflection.ClassFinder - Could not load class .starter.stepdefinitions.VaccineNamesSteps
15:22:12.297 [main] DEBUG net.thucydides.core.reflection.ClassFinder - Could not load class META-INF.versions.9.com.sun.istack.logging.StackHelper
15:22:12.297 [main] DEBUG net.thucydides.core.reflection.ClassFinder - Could not load class META-INF.versions.9.com.sun.xml.bind.v2.runtime.reflect.opt.AccessorInjector
15:22:12.298 [main] DEBUG net.thucydides.core.reflection.ClassFinder - Could not load class META-INF.versions.9.com.sun.xml.bind.v2.runtime.reflect.opt.Injector
15:22:12.298 [main] DEBUG net.thucydides.core.reflection.ClassFinder - Could not load class META-INF.versions.9.com.sun.xml.bind.v2.runtime.reflect.opt.OptimizedAccessorFactory
15:22:12.298 [main] DEBUG net.thucydides.core.reflection.ClassFinder - Could not load class META-INF.versions.9.com.sun.xml.bind.v2.runtime.reflect.opt.OptimizedTransducedAccessorFactory
15:22:12.298 [main] DEBUG net.thucydides.core.reflection.ClassFinder - Could not load class META-INF.versions.9.io.opentelemetry.sdk.internal.CurrentJavaVersionSpecific
15:22:12.299 [main] DEBUG net.thucydides.core.reflection.ClassFinder - Could not load class META-INF.versions.9.io.opentelemetry.sdk.internal.Java9VersionSpecific
15:22:12.299 [main] DEBUG net.thucydides.core.reflection.ClassFinder - Could not load class META-INF.versions.9.javax.xml.bind.ModuleUtil
15:22:12.299 [main] DEBUG net.thucydides.core.reflection.ClassFinder - Could not load class META-INF.versions.9.module-info
15:22:12.300 [main] DEBUG net.thucydides.core.reflection.ClassFinder - Could not load class META-INF.versions.9.org.junit.platform.commons.util.ModuleUtils
15:22:12.598 [main] DEBUG net.thucydides.core.reflection.ClassFinder - Could not load class com.google.gson.internal.
15:22:12.745 [main] DEBUG net.thucydides.core.reflection.ClassFinder - Could not load class com.sun.xml.bind.v2.runtime.output.FastInfosetStreamWriterOutput
15:22:13.138 [main] DEBUG net.thucydides.core.reflection.ClassFinder - Could not load class module-info
15:22:15.465 [main] DEBUG io.netty.util.internal.logging.InternalLoggerFactory - Using SLF4J as the default logging framework
15:22:15.470 [main] DEBUG io.netty.util.ResourceLeakDetector - -Dio.netty.leakDetection.level: simple
15:22:15.470 [main] DEBUG io.netty.util.ResourceLeakDetector - -Dio.netty.leakDetection.targetRecords: 4
15:22:15.475 [main] DEBUG io.netty.util.ResourceLeakDetectorFactory - Loaded default ResourceLeakDetector: io.netty.util.ResourceLeakDetector@4589bc66
15:22:15.497 [main] DEBUG io.netty.util.internal.PlatformDependent0 - -Dio.netty.noUnsafe: false
15:22:15.498 [main] DEBUG io.netty.util.internal.PlatformDependent0 - Java version: 11
15:22:15.499 [main] DEBUG io.netty.util.internal.PlatformDependent0 - sun.misc.Unsafe.theUnsafe: available
15:22:15.500 [main] DEBUG io.netty.util.internal.PlatformDependent0 - sun.misc.Unsafe.copyMemory: available
15:22:15.501 [main] DEBUG io.netty.util.internal.PlatformDependent0 - java.nio.Buffer.address: available
15:22:15.501 [main] DEBUG io.netty.util.internal.PlatformDependent0 - direct buffer constructor: unavailable: Reflective setAccessible(true) disabled
15:22:15.501 [main] DEBUG io.netty.util.internal.PlatformDependent0 - java.nio.Bits.unaligned: available, true
15:22:15.502 [main] DEBUG io.netty.util.internal.PlatformDependent0 - jdk.internal.misc.Unsafe.allocateUninitializedArray(int): unavailable: class io.netty.util.internal.PlatformDependent0$6 cannot access class jdk.internal.misc.Unsafe (in module java.base) because module java.base does not export jdk.internal.misc to unnamed module @b93aad
15:22:15.505 [main] DEBUG io.netty.util.internal.PlatformDependent0 - java.nio.DirectByteBuffer.<init>(long, int): unavailable
15:22:15.505 [main] DEBUG io.netty.util.internal.PlatformDependent - sun.misc.Unsafe: available
15:22:15.508 [main] DEBUG io.netty.util.internal.PlatformDependent - maxDirectMemory: 2105540608 bytes (maybe)
15:22:15.508 [main] DEBUG io.netty.util.internal.PlatformDependent - -Dio.netty.tmpdir: C:\Users\ASUSTUF\AppData\Local\Temp (java.io.tmpdir)
15:22:15.509 [main] DEBUG io.netty.util.internal.PlatformDependent - -Dio.netty.bitMode: 64 (sun.arch.data.model)
15:22:15.509 [main] DEBUG io.netty.util.internal.PlatformDependent - Platform: Windows
15:22:15.509 [main] DEBUG io.netty.util.internal.PlatformDependent - -Dio.netty.maxDirectMemory: -1 bytes
15:22:15.509 [main] DEBUG io.netty.util.internal.PlatformDependent - -Dio.netty.uninitializedArrayAllocationThreshold: -1
15:22:15.510 [main] DEBUG io.netty.util.internal.CleanerJava9 - java.nio.ByteBuffer.cleaner(): available
15:22:15.510 [main] DEBUG io.netty.util.internal.PlatformDependent - -Dio.netty.noPreferDirect: false
15:22:15.520 [main] DEBUG io.netty.util.internal.PlatformDependent - org.jctools-core.MpscChunkedArrayQueue: available
15:22:15.541 [main] DEBUG io.netty.util.internal.InternalThreadLocalMap - -Dio.netty.threadLocalMap.stringBuilder.initialSize: 1024
15:22:15.541 [main] DEBUG io.netty.util.internal.InternalThreadLocalMap - -Dio.netty.threadLocalMap.stringBuilder.maxSize: 4096
15:22:15.560 [main] DEBUG io.netty.handler.ssl.JdkSslContext - Default protocols (JDK): [TLSv1.3, TLSv1.2] 
15:22:15.561 [main] DEBUG io.netty.handler.ssl.JdkSslContext - Default cipher suites (JDK): [TLS_ECDHE_ECDSA_WITH_AES_256_GCM_SHA384, TLS_ECDHE_ECDSA_WITH_AES_128_GCM_SHA256, TLS_ECDHE_RSA_WITH_AES_128_GCM_SHA256, TLS_ECDHE_RSA_WITH_AES_256_GCM_SHA384, TLS_ECDHE_RSA_WITH_AES_128_CBC_SHA, TLS_ECDHE_RSA_WITH_AES_256_CBC_SHA, TLS_RSA_WITH_AES_128_GCM_SHA256, TLS_RSA_WITH_AES_128_CBC_SHA, TLS_RSA_WITH_AES_256_CBC_SHA, TLS_AES_128_GCM_SHA256, TLS_AES_256_GCM_SHA384]
15:22:15.590 [main] DEBUG io.netty.channel.MultithreadEventLoopGroup - -Dio.netty.eventLoopThreads: 32
15:22:15.600 [main] DEBUG io.netty.channel.nio.NioEventLoop - -Dio.netty.noKeySetOptimization: false
15:22:15.601 [main] DEBUG io.netty.channel.nio.NioEventLoop - -Dio.netty.selectorAutoRebuildThreshold: 512
15:22:15.652 [main] DEBUG io.netty.buffer.PooledByteBufAllocator - -Dio.netty.allocator.numHeapArenas: 20
15:22:15.652 [main] DEBUG io.netty.buffer.PooledByteBufAllocator - -Dio.netty.allocator.numDirectArenas: 20
15:22:15.652 [main] DEBUG io.netty.buffer.PooledByteBufAllocator - -Dio.netty.allocator.pageSize: 8192
15:22:15.652 [main] DEBUG io.netty.buffer.PooledByteBufAllocator - -Dio.netty.allocator.maxOrder: 11
15:22:15.652 [main] DEBUG io.netty.buffer.PooledByteBufAllocator - -Dio.netty.allocator.chunkSize: 16777216
15:22:15.652 [main] DEBUG io.netty.buffer.PooledByteBufAllocator - -Dio.netty.allocator.smallCacheSize: 256
15:22:15.652 [main] DEBUG io.netty.buffer.PooledByteBufAllocator - -Dio.netty.allocator.normalCacheSize: 64
15:22:15.652 [main] DEBUG io.netty.buffer.PooledByteBufAllocator - -Dio.netty.allocator.maxCachedBufferCapacity: 32768
15:22:15.652 [main] DEBUG io.netty.buffer.PooledByteBufAllocator - -Dio.netty.allocator.cacheTrimInterval: 8192
15:22:15.652 [main] DEBUG io.netty.buffer.PooledByteBufAllocator - -Dio.netty.allocator.cacheTrimIntervalMillis: 0
15:22:15.652 [main] DEBUG io.netty.buffer.PooledByteBufAllocator - -Dio.netty.allocator.useCacheForAllThreads: true
15:22:15.652 [main] DEBUG io.netty.buffer.PooledByteBufAllocator - -Dio.netty.allocator.maxCachedByteBuffersPerChunk: 1023
15:22:15.662 [main] DEBUG io.netty.buffer.ByteBufUtil - -Dio.netty.allocator.type: pooled
15:22:15.662 [main] DEBUG io.netty.buffer.ByteBufUtil - -Dio.netty.threadLocalDirectBufferSize: 0
15:22:15.662 [main] DEBUG io.netty.buffer.ByteBufUtil - -Dio.netty.maxThreadLocalCharBufferSize: 16384
15:22:15.846 [main] DEBUG net.serenitybdd.core.webdriver.driverproviders.ProvideNewDriver - Instantiating driver
15:22:15.846 [main] DEBUG net.serenitybdd.core.webdriver.driverproviders.ProvideNewDriver - Driver capabilities: Capabilities {acceptInsecureCerts: false, base.url: https://vaksin-id.netlify.app/, browserName: chrome, chrome.driver: src/test/resources/webdrive..., driver: chrome, goog:chromeOptions: {args: [], extensions: []}}
15:22:16.381 [Forwarding newSession on session null to remote] DEBUG io.netty.channel.DefaultChannelId - -Dio.netty.processId: 24936 (auto-detected)
15:22:16.383 [Forwarding newSession on session null to remote] DEBUG io.netty.util.NetUtil - -Djava.net.preferIPv4Stack: false
15:22:16.383 [Forwarding newSession on session null to remote] DEBUG io.netty.util.NetUtil - -Djava.net.preferIPv6Addresses: false
15:22:16.506 [Forwarding newSession on session null to remote] DEBUG io.netty.util.NetUtilInitializations - Loopback interface: lo (Software Loopback Interface 1, 127.0.0.1)
15:22:16.506 [Forwarding newSession on session null to remote] DEBUG io.netty.util.NetUtil - Failed to get SOMAXCONN from sysctl and file \proc\sys\net\core\somaxconn. Default: 200
15:22:16.631 [Forwarding newSession on session null to remote] DEBUG io.netty.channel.DefaultChannelId - -Dio.netty.machineId: 78:2b:46:ff:fe:49:0d:9f (auto-detected)
15:22:16.677 [AsyncHttpClient-1-2] DEBUG io.netty.buffer.AbstractByteBuf - -Dio.netty.buffer.checkAccessible: true
15:22:16.677 [AsyncHttpClient-1-2] DEBUG io.netty.buffer.AbstractByteBuf - -Dio.netty.buffer.checkBounds: true
15:22:16.677 [AsyncHttpClient-1-2] DEBUG io.netty.util.ResourceLeakDetectorFactory - Loaded default ResourceLeakDetector: io.netty.util.ResourceLeakDetector@56542f28
15:22:16.688 [AsyncHttpClient-1-2] DEBUG org.asynchttpclient.netty.channel.NettyConnectListener - Using new Channel '[id: 0xebe216c7, L:/127.0.0.1:62249 - R:localhost/127.0.0.1:49265]' for 'POST' to '/session'
15:22:16.703 [AsyncHttpClient-1-2] DEBUG io.netty.util.Recycler - -Dio.netty.recycler.maxCapacityPerThread: 4096
15:22:16.704 [AsyncHttpClient-1-2] DEBUG io.netty.util.Recycler - -Dio.netty.recycler.ratio: 8
15:22:16.704 [AsyncHttpClient-1-2] DEBUG io.netty.util.Recycler - -Dio.netty.recycler.chunkSize: 32
15:22:16.704 [AsyncHttpClient-1-2] DEBUG io.netty.util.Recycler - -Dio.netty.recycler.blocking: false
15:22:18.091 [AsyncHttpClient-1-2] DEBUG io.netty.handler.codec.compression.Brotli - brotli4j not in the classpath; Brotli support will be unavailable.
15:22:18.091 [AsyncHttpClient-1-2] DEBUG org.asynchttpclient.netty.handler.HttpHandler - 

Request DefaultHttpRequest(decodeResult: success, version: HTTP/1.1)
POST /session HTTP/1.1
User-Agent: selenium/4.1.2 (java windows)
Content-Length: 616
Content-Type: application/json; charset=utf-8
host: localhost:49265
accept: */*

Response DefaultHttpResponse(decodeResult: success, version: HTTP/1.1)
HTTP/1.1 200 OK
Content-Type: application/json; charset=utf-8
cache-control: no-cache
content-length: 793

15:22:18.106 [AsyncHttpClient-1-2] DEBUG org.asynchttpclient.netty.channel.ChannelManager - Adding key: http://localhost:49265 for channel [id: 0xebe216c7, L:/127.0.0.1:62249 - R:localhost/127.0.0.1:49265]
15:22:18.209 [AsyncHttpClient-1-3] DEBUG org.asynchttpclient.netty.channel.NettyConnectListener - Using new Channel '[id: 0x96a36a9a, L:/127.0.0.1:62257 - R:localhost/127.0.0.1:62250]' for 'GET' to '/json/version'
15:22:18.232 [AsyncHttpClient-1-3] DEBUG org.asynchttpclient.netty.handler.HttpHandler - 

Request DefaultFullHttpRequest(decodeResult: success, version: HTTP/1.1, content: EmptyByteBufBE)
GET /json/version HTTP/1.1
User-Agent: selenium/4.1.2 (java windows)
host: localhost:62250
accept: */*

Response DefaultHttpResponse(decodeResult: success, version: HTTP/1.1)
HTTP/1.1 200 OK
Content-Type: application/json; charset=UTF-8
content-length: 424

15:22:18.232 [AsyncHttpClient-1-3] DEBUG org.asynchttpclient.netty.channel.ChannelManager - Adding key: http://localhost:62250 for channel [id: 0x96a36a9a, L:/127.0.0.1:62257 - R:localhost/127.0.0.1:62250]
15:22:18.242 [main] DEBUG io.netty.util.internal.ThreadLocalRandom - -Dio.netty.initialSeedUniquifier: 0x4af1f7e1eee56858
15:22:18.251 [AsyncHttpClient-1-4] DEBUG org.asynchttpclient.netty.channel.NettyConnectListener - Using new Channel '[id: 0x11bc514e, L:/127.0.0.1:62258 - R:localhost/127.0.0.1:62250]' for 'GET' to '/devtools/browser/d4ec6e1e-428a-465e-8ebb-af92fb11c477'
15:22:18.271 [AsyncHttpClient-1-4] DEBUG org.asynchttpclient.netty.handler.WebSocketHandler - 

Request DefaultFullHttpRequest(decodeResult: success, version: HTTP/1.1, content: EmptyByteBufBE)
GET /devtools/browser/d4ec6e1e-428a-465e-8ebb-af92fb11c477 HTTP/1.1
upgrade: websocket
connection: upgrade
sec-websocket-key: msZRUgKBKcpg9vVxMllm1Q==
sec-websocket-version: 13
origin: http://localhost:62250
host: localhost:62250
accept: */*
user-agent: AHC/2.1

Response DefaultHttpResponse(decodeResult: success, version: HTTP/1.1)
HTTP/1.1 101 WebSocket Protocol Handshake
Upgrade: WebSocket
Connection: Upgrade
Sec-WebSocket-Accept: 0UgdV74DKelBNbEf3mh4bBhOKYY=

15:22:18.825 [AsyncHttpClient-1-1] DEBUG org.asynchttpclient.netty.channel.DefaultChannelPool - Entry count for : http://localhost:49265 : 1
15:22:18.825 [AsyncHttpClient-1-1] DEBUG org.asynchttpclient.netty.channel.DefaultChannelPool - Entry count for : http://localhost:62250 : 1
15:22:19.007 [main] DEBUG net.thucydides.core.reflection.ClassFinder - Could not load class .CucumberTestSuite
15:22:19.007 [main] DEBUG net.thucydides.core.reflection.ClassFinder - Could not load class .starter.pages.ManageVaccinationBookingsPage
15:22:19.007 [main] DEBUG net.thucydides.core.reflection.ClassFinder - Could not load class .starter.pages.VaccineNamesPage
15:22:19.007 [main] DEBUG net.thucydides.core.reflection.ClassFinder - Could not load class .starter.stepdefinitions.ManageVaccinationBookingsSteps
15:22:19.007 [main] DEBUG net.thucydides.core.reflection.ClassFinder - Could not load class .starter.stepdefinitions.VaccineNamesSteps
15:22:19.008 [main] DEBUG net.thucydides.core.reflection.ClassFinder - Could not load class META-INF.versions.9.com.sun.istack.logging.StackHelper
15:22:19.008 [main] DEBUG net.thucydides.core.reflection.ClassFinder - Could not load class META-INF.versions.9.com.sun.xml.bind.v2.runtime.reflect.opt.AccessorInjector
15:22:19.008 [main] DEBUG net.thucydides.core.reflection.ClassFinder - Could not load class META-INF.versions.9.com.sun.xml.bind.v2.runtime.reflect.opt.Injector
15:22:19.009 [main] DEBUG net.thucydides.core.reflection.ClassFinder - Could not load class META-INF.versions.9.com.sun.xml.bind.v2.runtime.reflect.opt.OptimizedAccessorFactory
15:22:19.009 [main] DEBUG net.thucydides.core.reflection.ClassFinder - Could not load class META-INF.versions.9.com.sun.xml.bind.v2.runtime.reflect.opt.OptimizedTransducedAccessorFactory
15:22:19.009 [main] DEBUG net.thucydides.core.reflection.ClassFinder - Could not load class META-INF.versions.9.io.opentelemetry.sdk.internal.CurrentJavaVersionSpecific
15:22:19.009 [main] DEBUG net.thucydides.core.reflection.ClassFinder - Could not load class META-INF.versions.9.io.opentelemetry.sdk.internal.Java9VersionSpecific
15:22:19.010 [main] DEBUG net.thucydides.core.reflection.ClassFinder - Could not load class META-INF.versions.9.javax.xml.bind.ModuleUtil
15:22:19.010 [main] DEBUG net.thucydides.core.reflection.ClassFinder - Could not load class META-INF.versions.9.module-info
15:22:19.010 [main] DEBUG net.thucydides.core.reflection.ClassFinder - Could not load class META-INF.versions.9.org.junit.platform.commons.util.ModuleUtils
15:22:19.013 [main] DEBUG net.thucydides.core.reflection.ClassFinder - Could not load class com.google.gson.internal.
15:22:19.014 [main] DEBUG net.thucydides.core.reflection.ClassFinder - Could not load class com.sun.xml.bind.v2.runtime.output.FastInfosetStreamWriterOutput
15:22:19.015 [main] DEBUG net.thucydides.core.reflection.ClassFinder - Could not load class module-info
15:22:19.042 [Forwarding get on session a584e9040e1b288f6280fb32f00d13d1 to remote] DEBUG org.asynchttpclient.netty.request.NettyRequestSender - Using pooled Channel '[id: 0xebe216c7, L:/127.0.0.1:62249 - R:localhost/127.0.0.1:49265]' for 'POST' to 'http://localhost:49265/session/a584e9040e1b288f6280fb32f00d13d1/url'
15:22:19.042 [Forwarding get on session a584e9040e1b288f6280fb32f00d13d1 to remote] DEBUG org.asynchttpclient.netty.request.NettyRequestSender - Using open Channel [id: 0xebe216c7, L:/127.0.0.1:62249 - R:localhost/127.0.0.1:49265] for POST '/session/a584e9040e1b288f6280fb32f00d13d1/url'
15:22:19.753 [AsyncHttpClient-1-2] DEBUG org.asynchttpclient.netty.handler.HttpHandler - 

Request DefaultHttpRequest(decodeResult: success, version: HTTP/1.1)
POST /session/a584e9040e1b288f6280fb32f00d13d1/url HTTP/1.1
User-Agent: selenium/4.1.2 (java windows)
Content-Length: 60
Content-Type: application/json; charset=utf-8
host: localhost:49265
accept: */*

Response DefaultHttpResponse(decodeResult: success, version: HTTP/1.1)
HTTP/1.1 200 OK
Content-Type: application/json; charset=utf-8
cache-control: no-cache
content-length: 14

15:22:19.754 [AsyncHttpClient-1-2] DEBUG org.asynchttpclient.netty.channel.ChannelManager - Adding key: http://localhost:49265 for channel [id: 0xebe216c7, L:/127.0.0.1:62249 - R:localhost/127.0.0.1:49265]
15:22:19.767 [Forwarding setTimeout on session a584e9040e1b288f6280fb32f00d13d1 to remote] DEBUG org.asynchttpclient.netty.request.NettyRequestSender - Using pooled Channel '[id: 0xebe216c7, L:/127.0.0.1:62249 - R:localhost/127.0.0.1:49265]' for 'POST' to 'http://localhost:49265/session/a584e9040e1b288f6280fb32f00d13d1/timeouts'
15:22:19.767 [Forwarding setTimeout on session a584e9040e1b288f6280fb32f00d13d1 to remote] DEBUG org.asynchttpclient.netty.request.NettyRequestSender - Using open Channel [id: 0xebe216c7, L:/127.0.0.1:62249 - R:localhost/127.0.0.1:49265] for POST '/session/a584e9040e1b288f6280fb32f00d13d1/timeouts'
15:22:19.771 [AsyncHttpClient-1-2] DEBUG org.asynchttpclient.netty.handler.HttpHandler - 

Request DefaultHttpRequest(decodeResult: success, version: HTTP/1.1)
POST /session/a584e9040e1b288f6280fb32f00d13d1/timeouts HTTP/1.1
User-Agent: selenium/4.1.2 (java windows)
Content-Length: 22
Content-Type: application/json; charset=utf-8
host: localhost:49265
accept: */*

Response DefaultHttpResponse(decodeResult: success, version: HTTP/1.1)
HTTP/1.1 200 OK
Content-Type: application/json; charset=utf-8
cache-control: no-cache
content-length: 14

15:22:19.771 [AsyncHttpClient-1-2] DEBUG org.asynchttpclient.netty.channel.ChannelManager - Adding key: http://localhost:49265 for channel [id: 0xebe216c7, L:/127.0.0.1:62249 - R:localhost/127.0.0.1:49265]
15:22:19.780 [Forwarding getCurrentUrl on session a584e9040e1b288f6280fb32f00d13d1 to remote] DEBUG org.asynchttpclient.netty.request.NettyRequestSender - Using pooled Channel '[id: 0xebe216c7, L:/127.0.0.1:62249 - R:localhost/127.0.0.1:49265]' for 'GET' to 'http://localhost:49265/session/a584e9040e1b288f6280fb32f00d13d1/url'
15:22:19.780 [Forwarding getCurrentUrl on session a584e9040e1b288f6280fb32f00d13d1 to remote] DEBUG org.asynchttpclient.netty.request.NettyRequestSender - Using open Channel [id: 0xebe216c7, L:/127.0.0.1:62249 - R:localhost/127.0.0.1:49265] for GET '/session/a584e9040e1b288f6280fb32f00d13d1/url'
15:22:19.791 [AsyncHttpClient-1-2] DEBUG org.asynchttpclient.netty.handler.HttpHandler - 

Request DefaultFullHttpRequest(decodeResult: success, version: HTTP/1.1, content: EmptyByteBufBE)
GET /session/a584e9040e1b288f6280fb32f00d13d1/url HTTP/1.1
User-Agent: selenium/4.1.2 (java windows)
Cache-Control: no-cache
Content-Type: application/json; charset=utf-8
host: localhost:49265
accept: */*

Response DefaultHttpResponse(decodeResult: success, version: HTTP/1.1)
HTTP/1.1 200 OK
Content-Type: application/json; charset=utf-8
cache-control: no-cache
content-length: 42

15:22:19.791 [AsyncHttpClient-1-2] DEBUG org.asynchttpclient.netty.channel.ChannelManager - Adding key: http://localhost:49265 for channel [id: 0xebe216c7, L:/127.0.0.1:62249 - R:localhost/127.0.0.1:49265]
  &amp#27;[32mGiven &amp#27;[0m&amp#27;[32mI am on landing page&amp#27;[0m            &amp#27;[90m# starter.stepdefinitions.ManageVaccinationBookingsSteps.iAmOnLandingPage()&amp#27;[0m
15:22:19.819 [main] DEBUG net.serenitybdd.core.photography.Darkroom - Opening darkroom
15:22:19.820 [Darkroom Processing Line] DEBUG net.serenitybdd.core.photography.DarkroomProcessingLine - Darkroom processing line starting up
15:22:19.821 [Forwarding screenshot on session a584e9040e1b288f6280fb32f00d13d1 to remote] DEBUG org.asynchttpclient.netty.request.NettyRequestSender - Using pooled Channel '[id: 0xebe216c7, L:/127.0.0.1:62249 - R:localhost/127.0.0.1:49265]' for 'GET' to 'http://localhost:49265/session/a584e9040e1b288f6280fb32f00d13d1/screenshot'
15:22:19.822 [Forwarding screenshot on session a584e9040e1b288f6280fb32f00d13d1 to remote] DEBUG org.asynchttpclient.netty.request.NettyRequestSender - Using open Channel [id: 0xebe216c7, L:/127.0.0.1:62249 - R:localhost/127.0.0.1:49265] for GET '/session/a584e9040e1b288f6280fb32f00d13d1/screenshot'
15:22:19.925 [AsyncHttpClient-1-1] DEBUG org.asynchttpclient.netty.channel.DefaultChannelPool - Entry count for : http://localhost:62250 : 1
15:22:20.513 [AsyncHttpClient-1-2] DEBUG org.asynchttpclient.netty.handler.HttpHandler - 

Request DefaultFullHttpRequest(decodeResult: success, version: HTTP/1.1, content: EmptyByteBufBE)
GET /session/a584e9040e1b288f6280fb32f00d13d1/screenshot HTTP/1.1
User-Agent: selenium/4.1.2 (java windows)
Cache-Control: no-cache
Content-Type: application/json; charset=utf-8
host: localhost:49265
accept: */*

Response DefaultHttpResponse(decodeResult: success, version: HTTP/1.1)
HTTP/1.1 200 OK
Content-Type: application/json; charset=utf-8
cache-control: no-cache
content-length: 847132

15:22:20.530 [AsyncHttpClient-1-2] DEBUG org.asynchttpclient.netty.channel.ChannelManager - Adding key: http://localhost:49265 for channel [id: 0xebe216c7, L:/127.0.0.1:62249 - R:localhost/127.0.0.1:49265]
15:22:20.649 [main] DEBUG net.serenitybdd.core.photography.Darkroom - Send negative for processing for target\site\serenity\ff3b83dd42f508d91c0c8488aed412149de34b436c7528a8caa8428592644731.png
15:22:20.651 [Darkroom Processing Line] DEBUG net.serenitybdd.core.photography.DarkroomProcessingLine - Processing screenshot image in /var/screenshots/screenshot-3530398475799614944
15:22:20.651 [Darkroom Processing Line] DEBUG net.serenitybdd.core.photography.DarkroomProcessingLine - Saving screenshot to target\site\serenity\ff3b83dd42f508d91c0c8488aed412149de34b436c7528a8caa8428592644731.png
15:22:20.676 [Forwarding findElement on session a584e9040e1b288f6280fb32f00d13d1 to remote] DEBUG org.asynchttpclient.netty.request.NettyRequestSender - Using pooled Channel '[id: 0xebe216c7, L:/127.0.0.1:62249 - R:localhost/127.0.0.1:49265]' for 'POST' to 'http://localhost:49265/session/a584e9040e1b288f6280fb32f00d13d1/element'
15:22:20.676 [Forwarding findElement on session a584e9040e1b288f6280fb32f00d13d1 to remote] DEBUG org.asynchttpclient.netty.request.NettyRequestSender - Using open Channel [id: 0xebe216c7, L:/127.0.0.1:62249 - R:localhost/127.0.0.1:49265] for POST '/session/a584e9040e1b288f6280fb32f00d13d1/element'
15:22:20.695 [AsyncHttpClient-1-2] DEBUG org.asynchttpclient.netty.handler.HttpHandler - 

Request DefaultHttpRequest(decodeResult: success, version: HTTP/1.1)
POST /session/a584e9040e1b288f6280fb32f00d13d1/element HTTP/1.1
User-Agent: selenium/4.1.2 (java windows)
Content-Length: 315
Content-Type: application/json; charset=utf-8
host: localhost:49265
accept: */*

Response DefaultHttpResponse(decodeResult: success, version: HTTP/1.1)
HTTP/1.1 200 OK
Content-Type: application/json; charset=utf-8
cache-control: no-cache
content-length: 88

15:22:20.696 [AsyncHttpClient-1-2] DEBUG org.asynchttpclient.netty.channel.ChannelManager - Adding key: http://localhost:49265 for channel [id: 0xebe216c7, L:/127.0.0.1:62249 - R:localhost/127.0.0.1:49265]
15:22:20.699 [Forwarding getElementTagName on session a584e9040e1b288f6280fb32f00d13d1 to remote] DEBUG org.asynchttpclient.netty.request.NettyRequestSender - Using pooled Channel '[id: 0xebe216c7, L:/127.0.0.1:62249 - R:localhost/127.0.0.1:49265]' for 'GET' to 'http://localhost:49265/session/a584e9040e1b288f6280fb32f00d13d1/element/00c92789-014d-43d0-ad90-aa5e2661d64c/name'
15:22:20.700 [Forwarding getElementTagName on session a584e9040e1b288f6280fb32f00d13d1 to remote] DEBUG org.asynchttpclient.netty.request.NettyRequestSender - Using open Channel [id: 0xebe216c7, L:/127.0.0.1:62249 - R:localhost/127.0.0.1:49265] for GET '/session/a584e9040e1b288f6280fb32f00d13d1/element/00c92789-014d-43d0-ad90-aa5e2661d64c/name'
15:22:20.704 [AsyncHttpClient-1-2] DEBUG org.asynchttpclient.netty.handler.HttpHandler - 

Request DefaultFullHttpRequest(decodeResult: success, version: HTTP/1.1, content: EmptyByteBufBE)
GET /session/a584e9040e1b288f6280fb32f00d13d1/element/00c92789-014d-43d0-ad90-aa5e2661d64c/name HTTP/1.1
User-Agent: selenium/4.1.2 (java windows)
Cache-Control: no-cache
Content-Type: application/json; charset=utf-8
host: localhost:49265
accept: */*

Response DefaultHttpResponse(decodeResult: success, version: HTTP/1.1)
HTTP/1.1 200 OK
Content-Type: application/json; charset=utf-8
cache-control: no-cache
content-length: 18

15:22:20.705 [AsyncHttpClient-1-2] DEBUG org.asynchttpclient.netty.channel.ChannelManager - Adding key: http://localhost:49265 for channel [id: 0xebe216c7, L:/127.0.0.1:62249 - R:localhost/127.0.0.1:49265]
15:22:20.708 [Forwarding getElementTagName on session a584e9040e1b288f6280fb32f00d13d1 to remote] DEBUG org.asynchttpclient.netty.request.NettyRequestSender - Using pooled Channel '[id: 0xebe216c7, L:/127.0.0.1:62249 - R:localhost/127.0.0.1:49265]' for 'GET' to 'http://localhost:49265/session/a584e9040e1b288f6280fb32f00d13d1/element/00c92789-014d-43d0-ad90-aa5e2661d64c/name'
15:22:20.708 [Forwarding getElementTagName on session a584e9040e1b288f6280fb32f00d13d1 to remote] DEBUG org.asynchttpclient.netty.request.NettyRequestSender - Using open Channel [id: 0xebe216c7, L:/127.0.0.1:62249 - R:localhost/127.0.0.1:49265] for GET '/session/a584e9040e1b288f6280fb32f00d13d1/element/00c92789-014d-43d0-ad90-aa5e2661d64c/name'
15:22:20.711 [AsyncHttpClient-1-2] DEBUG org.asynchttpclient.netty.handler.HttpHandler - 

Request DefaultFullHttpRequest(decodeResult: success, version: HTTP/1.1, content: EmptyByteBufBE)
GET /session/a584e9040e1b288f6280fb32f00d13d1/element/00c92789-014d-43d0-ad90-aa5e2661d64c/name HTTP/1.1
User-Agent: selenium/4.1.2 (java windows)
Cache-Control: no-cache
Content-Type: application/json; charset=utf-8
host: localhost:49265
accept: */*

Response DefaultHttpResponse(decodeResult: success, version: HTTP/1.1)
HTTP/1.1 200 OK
Content-Type: application/json; charset=utf-8
cache-control: no-cache
content-length: 18

15:22:20.711 [AsyncHttpClient-1-2] DEBUG org.asynchttpclient.netty.channel.ChannelManager - Adding key: http://localhost:49265 for channel [id: 0xebe216c7, L:/127.0.0.1:62249 - R:localhost/127.0.0.1:49265]
15:22:20.717 [Forwarding isElementEnabled on session a584e9040e1b288f6280fb32f00d13d1 to remote] DEBUG org.asynchttpclient.netty.request.NettyRequestSender - Using pooled Channel '[id: 0xebe216c7, L:/127.0.0.1:62249 - R:localhost/127.0.0.1:49265]' for 'GET' to 'http://localhost:49265/session/a584e9040e1b288f6280fb32f00d13d1/element/00c92789-014d-43d0-ad90-aa5e2661d64c/enabled'
15:22:20.717 [Forwarding isElementEnabled on session a584e9040e1b288f6280fb32f00d13d1 to remote] DEBUG org.asynchttpclient.netty.request.NettyRequestSender - Using open Channel [id: 0xebe216c7, L:/127.0.0.1:62249 - R:localhost/127.0.0.1:49265] for GET '/session/a584e9040e1b288f6280fb32f00d13d1/element/00c92789-014d-43d0-ad90-aa5e2661d64c/enabled'
15:22:20.728 [AsyncHttpClient-1-2] DEBUG org.asynchttpclient.netty.handler.HttpHandler - 

Request DefaultFullHttpRequest(decodeResult: success, version: HTTP/1.1, content: EmptyByteBufBE)
GET /session/a584e9040e1b288f6280fb32f00d13d1/element/00c92789-014d-43d0-ad90-aa5e2661d64c/enabled HTTP/1.1
User-Agent: selenium/4.1.2 (java windows)
Cache-Control: no-cache
Content-Type: application/json; charset=utf-8
host: localhost:49265
accept: */*

Response DefaultHttpResponse(decodeResult: success, version: HTTP/1.1)
HTTP/1.1 200 OK
Content-Type: application/json; charset=utf-8
cache-control: no-cache
content-length: 14

15:22:20.729 [AsyncHttpClient-1-2] DEBUG org.asynchttpclient.netty.channel.ChannelManager - Adding key: http://localhost:49265 for channel [id: 0xebe216c7, L:/127.0.0.1:62249 - R:localhost/127.0.0.1:49265]
15:22:20.730 [Forwarding isElementEnabled on session a584e9040e1b288f6280fb32f00d13d1 to remote] DEBUG org.asynchttpclient.netty.request.NettyRequestSender - Using pooled Channel '[id: 0xebe216c7, L:/127.0.0.1:62249 - R:localhost/127.0.0.1:49265]' for 'GET' to 'http://localhost:49265/session/a584e9040e1b288f6280fb32f00d13d1/element/00c92789-014d-43d0-ad90-aa5e2661d64c/enabled'
15:22:20.731 [Forwarding isElementEnabled on session a584e9040e1b288f6280fb32f00d13d1 to remote] DEBUG org.asynchttpclient.netty.request.NettyRequestSender - Using open Channel [id: 0xebe216c7, L:/127.0.0.1:62249 - R:localhost/127.0.0.1:49265] for GET '/session/a584e9040e1b288f6280fb32f00d13d1/element/00c92789-014d-43d0-ad90-aa5e2661d64c/enabled'
15:22:20.736 [AsyncHttpClient-1-2] DEBUG org.asynchttpclient.netty.handler.HttpHandler - 

Request DefaultFullHttpRequest(decodeResult: success, version: HTTP/1.1, content: EmptyByteBufBE)
GET /session/a584e9040e1b288f6280fb32f00d13d1/element/00c92789-014d-43d0-ad90-aa5e2661d64c/enabled HTTP/1.1
User-Agent: selenium/4.1.2 (java windows)
Cache-Control: no-cache
Content-Type: application/json; charset=utf-8
host: localhost:49265
accept: */*

Response DefaultHttpResponse(decodeResult: success, version: HTTP/1.1)
HTTP/1.1 200 OK
Content-Type: application/json; charset=utf-8
cache-control: no-cache
content-length: 14

15:22:20.737 [AsyncHttpClient-1-2] DEBUG org.asynchttpclient.netty.channel.ChannelManager - Adding key: http://localhost:49265 for channel [id: 0xebe216c7, L:/127.0.0.1:62249 - R:localhost/127.0.0.1:49265]
15:22:20.740 [Forwarding findElement on session a584e9040e1b288f6280fb32f00d13d1 to remote] DEBUG org.asynchttpclient.netty.request.NettyRequestSender - Using pooled Channel '[id: 0xebe216c7, L:/127.0.0.1:62249 - R:localhost/127.0.0.1:49265]' for 'POST' to 'http://localhost:49265/session/a584e9040e1b288f6280fb32f00d13d1/element'
15:22:20.740 [Forwarding findElement on session a584e9040e1b288f6280fb32f00d13d1 to remote] DEBUG org.asynchttpclient.netty.request.NettyRequestSender - Using open Channel [id: 0xebe216c7, L:/127.0.0.1:62249 - R:localhost/127.0.0.1:49265] for POST '/session/a584e9040e1b288f6280fb32f00d13d1/element'
15:22:20.746 [AsyncHttpClient-1-2] DEBUG org.asynchttpclient.netty.handler.HttpHandler - 

Request DefaultHttpRequest(decodeResult: success, version: HTTP/1.1)
POST /session/a584e9040e1b288f6280fb32f00d13d1/element HTTP/1.1
User-Agent: selenium/4.1.2 (java windows)
Content-Length: 315
Content-Type: application/json; charset=utf-8
host: localhost:49265
accept: */*

Response DefaultHttpResponse(decodeResult: success, version: HTTP/1.1)
HTTP/1.1 200 OK
Content-Type: application/json; charset=utf-8
cache-control: no-cache
content-length: 88

15:22:20.746 [AsyncHttpClient-1-2] DEBUG org.asynchttpclient.netty.channel.ChannelManager - Adding key: http://localhost:49265 for channel [id: 0xebe216c7, L:/127.0.0.1:62249 - R:localhost/127.0.0.1:49265]
15:22:20.750 [Forwarding clickElement on session a584e9040e1b288f6280fb32f00d13d1 to remote] DEBUG org.asynchttpclient.netty.request.NettyRequestSender - Using pooled Channel '[id: 0xebe216c7, L:/127.0.0.1:62249 - R:localhost/127.0.0.1:49265]' for 'POST' to 'http://localhost:49265/session/a584e9040e1b288f6280fb32f00d13d1/element/00c92789-014d-43d0-ad90-aa5e2661d64c/click'
15:22:20.750 [Forwarding clickElement on session a584e9040e1b288f6280fb32f00d13d1 to remote] DEBUG org.asynchttpclient.netty.request.NettyRequestSender - Using open Channel [id: 0xebe216c7, L:/127.0.0.1:62249 - R:localhost/127.0.0.1:49265] for POST '/session/a584e9040e1b288f6280fb32f00d13d1/element/00c92789-014d-43d0-ad90-aa5e2661d64c/click'
15:22:20.828 [AsyncHttpClient-1-2] DEBUG org.asynchttpclient.netty.handler.HttpHandler - 

Request DefaultHttpRequest(decodeResult: success, version: HTTP/1.1)
POST /session/a584e9040e1b288f6280fb32f00d13d1/element/00c92789-014d-43d0-ad90-aa5e2661d64c/click HTTP/1.1
User-Agent: selenium/4.1.2 (java windows)
Content-Length: 50
Content-Type: application/json; charset=utf-8
host: localhost:49265
accept: */*

Response DefaultHttpResponse(decodeResult: success, version: HTTP/1.1)
HTTP/1.1 200 OK
Content-Type: application/json; charset=utf-8
cache-control: no-cache
content-length: 14

15:22:20.828 [AsyncHttpClient-1-2] DEBUG org.asynchttpclient.netty.channel.ChannelManager - Adding key: http://localhost:49265 for channel [id: 0xebe216c7, L:/127.0.0.1:62249 - R:localhost/127.0.0.1:49265]
15:22:20.836 [Forwarding findElement on session a584e9040e1b288f6280fb32f00d13d1 to remote] DEBUG org.asynchttpclient.netty.request.NettyRequestSender - Using pooled Channel '[id: 0xebe216c7, L:/127.0.0.1:62249 - R:localhost/127.0.0.1:49265]' for 'POST' to 'http://localhost:49265/session/a584e9040e1b288f6280fb32f00d13d1/element'
15:22:20.836 [Forwarding findElement on session a584e9040e1b288f6280fb32f00d13d1 to remote] DEBUG org.asynchttpclient.netty.request.NettyRequestSender - Using open Channel [id: 0xebe216c7, L:/127.0.0.1:62249 - R:localhost/127.0.0.1:49265] for POST '/session/a584e9040e1b288f6280fb32f00d13d1/element'
15:22:20.846 [AsyncHttpClient-1-2] DEBUG org.asynchttpclient.netty.handler.HttpHandler - 

Request DefaultHttpRequest(decodeResult: success, version: HTTP/1.1)
POST /session/a584e9040e1b288f6280fb32f00d13d1/element HTTP/1.1
User-Agent: selenium/4.1.2 (java windows)
Content-Length: 69
Content-Type: application/json; charset=utf-8
host: localhost:49265
accept: */*

Response DefaultHttpResponse(decodeResult: success, version: HTTP/1.1)
HTTP/1.1 200 OK
Content-Type: application/json; charset=utf-8
cache-control: no-cache
content-length: 88

15:22:20.846 [AsyncHttpClient-1-2] DEBUG org.asynchttpclient.netty.channel.ChannelManager - Adding key: http://localhost:49265 for channel [id: 0xebe216c7, L:/127.0.0.1:62249 - R:localhost/127.0.0.1:49265]
15:22:20.848 [Forwarding clearElement on session a584e9040e1b288f6280fb32f00d13d1 to remote] DEBUG org.asynchttpclient.netty.request.NettyRequestSender - Using pooled Channel '[id: 0xebe216c7, L:/127.0.0.1:62249 - R:localhost/127.0.0.1:49265]' for 'POST' to 'http://localhost:49265/session/a584e9040e1b288f6280fb32f00d13d1/element/53fc9f16-0216-4768-82ec-28571321aa03/clear'
15:22:20.849 [Forwarding clearElement on session a584e9040e1b288f6280fb32f00d13d1 to remote] DEBUG org.asynchttpclient.netty.request.NettyRequestSender - Using open Channel [id: 0xebe216c7, L:/127.0.0.1:62249 - R:localhost/127.0.0.1:49265] for POST '/session/a584e9040e1b288f6280fb32f00d13d1/element/53fc9f16-0216-4768-82ec-28571321aa03/clear'
15:22:20.891 [AsyncHttpClient-1-2] DEBUG org.asynchttpclient.netty.handler.HttpHandler - 

Request DefaultHttpRequest(decodeResult: success, version: HTTP/1.1)
POST /session/a584e9040e1b288f6280fb32f00d13d1/element/53fc9f16-0216-4768-82ec-28571321aa03/clear HTTP/1.1
User-Agent: selenium/4.1.2 (java windows)
Content-Length: 50
Content-Type: application/json; charset=utf-8
host: localhost:49265
accept: */*

Response DefaultHttpResponse(decodeResult: success, version: HTTP/1.1)
HTTP/1.1 200 OK
Content-Type: application/json; charset=utf-8
cache-control: no-cache
content-length: 14

15:22:20.892 [AsyncHttpClient-1-2] DEBUG org.asynchttpclient.netty.channel.ChannelManager - Adding key: http://localhost:49265 for channel [id: 0xebe216c7, L:/127.0.0.1:62249 - R:localhost/127.0.0.1:49265]
15:22:20.902 [Forwarding sendKeysToElement on session a584e9040e1b288f6280fb32f00d13d1 to remote] DEBUG org.asynchttpclient.netty.request.NettyRequestSender - Using pooled Channel '[id: 0xebe216c7, L:/127.0.0.1:62249 - R:localhost/127.0.0.1:49265]' for 'POST' to 'http://localhost:49265/session/a584e9040e1b288f6280fb32f00d13d1/element/53fc9f16-0216-4768-82ec-28571321aa03/value'
15:22:20.902 [Forwarding sendKeysToElement on session a584e9040e1b288f6280fb32f00d13d1 to remote] DEBUG org.asynchttpclient.netty.request.NettyRequestSender - Using open Channel [id: 0xebe216c7, L:/127.0.0.1:62249 - R:localhost/127.0.0.1:49265] for POST '/session/a584e9040e1b288f6280fb32f00d13d1/element/53fc9f16-0216-4768-82ec-28571321aa03/value'
15:22:21.024 [AsyncHttpClient-1-1] DEBUG org.asynchttpclient.netty.channel.DefaultChannelPool - Entry count for : http://localhost:62250 : 1
15:22:21.071 [AsyncHttpClient-1-2] DEBUG org.asynchttpclient.netty.handler.HttpHandler - 

Request DefaultHttpRequest(decodeResult: success, version: HTTP/1.1)
POST /session/a584e9040e1b288f6280fb32f00d13d1/element/53fc9f16-0216-4768-82ec-28571321aa03/value HTTP/1.1
User-Agent: selenium/4.1.2 (java windows)
Content-Length: 371
Content-Type: application/json; charset=utf-8
host: localhost:49265
accept: */*

Response DefaultHttpResponse(decodeResult: success, version: HTTP/1.1)
HTTP/1.1 200 OK
Content-Type: application/json; charset=utf-8
cache-control: no-cache
content-length: 14

15:22:21.072 [AsyncHttpClient-1-2] DEBUG org.asynchttpclient.netty.channel.ChannelManager - Adding key: http://localhost:49265 for channel [id: 0xebe216c7, L:/127.0.0.1:62249 - R:localhost/127.0.0.1:49265]
15:22:21.078 [Forwarding findElement on session a584e9040e1b288f6280fb32f00d13d1 to remote] DEBUG org.asynchttpclient.netty.request.NettyRequestSender - Using pooled Channel '[id: 0xebe216c7, L:/127.0.0.1:62249 - R:localhost/127.0.0.1:49265]' for 'POST' to 'http://localhost:49265/session/a584e9040e1b288f6280fb32f00d13d1/element'
15:22:21.078 [Forwarding findElement on session a584e9040e1b288f6280fb32f00d13d1 to remote] DEBUG org.asynchttpclient.netty.request.NettyRequestSender - Using open Channel [id: 0xebe216c7, L:/127.0.0.1:62249 - R:localhost/127.0.0.1:49265] for POST '/session/a584e9040e1b288f6280fb32f00d13d1/element'
15:22:21.091 [AsyncHttpClient-1-2] DEBUG org.asynchttpclient.netty.handler.HttpHandler - 

Request DefaultHttpRequest(decodeResult: success, version: HTTP/1.1)
POST /session/a584e9040e1b288f6280fb32f00d13d1/element HTTP/1.1
User-Agent: selenium/4.1.2 (java windows)
Content-Length: 72
Content-Type: application/json; charset=utf-8
host: localhost:49265
accept: */*

Response DefaultHttpResponse(decodeResult: success, version: HTTP/1.1)
HTTP/1.1 200 OK
Content-Type: application/json; charset=utf-8
cache-control: no-cache
content-length: 88

15:22:21.091 [AsyncHttpClient-1-2] DEBUG org.asynchttpclient.netty.channel.ChannelManager - Adding key: http://localhost:49265 for channel [id: 0xebe216c7, L:/127.0.0.1:62249 - R:localhost/127.0.0.1:49265]
15:22:21.092 [Forwarding clearElement on session a584e9040e1b288f6280fb32f00d13d1 to remote] DEBUG org.asynchttpclient.netty.request.NettyRequestSender - Using pooled Channel '[id: 0xebe216c7, L:/127.0.0.1:62249 - R:localhost/127.0.0.1:49265]' for 'POST' to 'http://localhost:49265/session/a584e9040e1b288f6280fb32f00d13d1/element/88e88607-3e44-4ae0-8982-d508a2ce2dc3/clear'
15:22:21.093 [Forwarding clearElement on session a584e9040e1b288f6280fb32f00d13d1 to remote] DEBUG org.asynchttpclient.netty.request.NettyRequestSender - Using open Channel [id: 0xebe216c7, L:/127.0.0.1:62249 - R:localhost/127.0.0.1:49265] for POST '/session/a584e9040e1b288f6280fb32f00d13d1/element/88e88607-3e44-4ae0-8982-d508a2ce2dc3/clear'
15:22:21.119 [AsyncHttpClient-1-2] DEBUG org.asynchttpclient.netty.handler.HttpHandler - 

Request DefaultHttpRequest(decodeResult: success, version: HTTP/1.1)
POST /session/a584e9040e1b288f6280fb32f00d13d1/element/88e88607-3e44-4ae0-8982-d508a2ce2dc3/clear HTTP/1.1
User-Agent: selenium/4.1.2 (java windows)
Content-Length: 50
Content-Type: application/json; charset=utf-8
host: localhost:49265
accept: */*

Response DefaultHttpResponse(decodeResult: success, version: HTTP/1.1)
HTTP/1.1 200 OK
Content-Type: application/json; charset=utf-8
cache-control: no-cache
content-length: 14

15:22:21.119 [AsyncHttpClient-1-2] DEBUG org.asynchttpclient.netty.channel.ChannelManager - Adding key: http://localhost:49265 for channel [id: 0xebe216c7, L:/127.0.0.1:62249 - R:localhost/127.0.0.1:49265]
15:22:21.121 [Forwarding sendKeysToElement on session a584e9040e1b288f6280fb32f00d13d1 to remote] DEBUG org.asynchttpclient.netty.request.NettyRequestSender - Using pooled Channel '[id: 0xebe216c7, L:/127.0.0.1:62249 - R:localhost/127.0.0.1:49265]' for 'POST' to 'http://localhost:49265/session/a584e9040e1b288f6280fb32f00d13d1/element/88e88607-3e44-4ae0-8982-d508a2ce2dc3/value'
15:22:21.121 [Forwarding sendKeysToElement on session a584e9040e1b288f6280fb32f00d13d1 to remote] DEBUG org.asynchttpclient.netty.request.NettyRequestSender - Using open Channel [id: 0xebe216c7, L:/127.0.0.1:62249 - R:localhost/127.0.0.1:49265] for POST '/session/a584e9040e1b288f6280fb32f00d13d1/element/88e88607-3e44-4ae0-8982-d508a2ce2dc3/value'
15:22:21.225 [AsyncHttpClient-1-2] DEBUG org.asynchttpclient.netty.handler.HttpHandler - 

Request DefaultHttpRequest(decodeResult: success, version: HTTP/1.1)
POST /session/a584e9040e1b288f6280fb32f00d13d1/element/88e88607-3e44-4ae0-8982-d508a2ce2dc3/value HTTP/1.1
User-Agent: selenium/4.1.2 (java windows)
Content-Length: 251
Content-Type: application/json; charset=utf-8
host: localhost:49265
accept: */*

Response DefaultHttpResponse(decodeResult: success, version: HTTP/1.1)
HTTP/1.1 200 OK
Content-Type: application/json; charset=utf-8
cache-control: no-cache
content-length: 14

15:22:21.226 [AsyncHttpClient-1-2] DEBUG org.asynchttpclient.netty.channel.ChannelManager - Adding key: http://localhost:49265 for channel [id: 0xebe216c7, L:/127.0.0.1:62249 - R:localhost/127.0.0.1:49265]
15:22:21.236 [Forwarding findElement on session a584e9040e1b288f6280fb32f00d13d1 to remote] DEBUG org.asynchttpclient.netty.request.NettyRequestSender - Using pooled Channel '[id: 0xebe216c7, L:/127.0.0.1:62249 - R:localhost/127.0.0.1:49265]' for 'POST' to 'http://localhost:49265/session/a584e9040e1b288f6280fb32f00d13d1/element'
15:22:21.236 [Forwarding findElement on session a584e9040e1b288f6280fb32f00d13d1 to remote] DEBUG org.asynchttpclient.netty.request.NettyRequestSender - Using open Channel [id: 0xebe216c7, L:/127.0.0.1:62249 - R:localhost/127.0.0.1:49265] for POST '/session/a584e9040e1b288f6280fb32f00d13d1/element'
15:22:21.252 [AsyncHttpClient-1-2] DEBUG org.asynchttpclient.netty.handler.HttpHandler - 

Request DefaultHttpRequest(decodeResult: success, version: HTTP/1.1)
POST /session/a584e9040e1b288f6280fb32f00d13d1/element HTTP/1.1
User-Agent: selenium/4.1.2 (java windows)
Content-Length: 321
Content-Type: application/json; charset=utf-8
host: localhost:49265
accept: */*

Response DefaultHttpResponse(decodeResult: success, version: HTTP/1.1)
HTTP/1.1 200 OK
Content-Type: application/json; charset=utf-8
cache-control: no-cache
content-length: 88

15:22:21.252 [AsyncHttpClient-1-2] DEBUG org.asynchttpclient.netty.channel.ChannelManager - Adding key: http://localhost:49265 for channel [id: 0xebe216c7, L:/127.0.0.1:62249 - R:localhost/127.0.0.1:49265]
15:22:21.257 [Forwarding getElementTagName on session a584e9040e1b288f6280fb32f00d13d1 to remote] DEBUG org.asynchttpclient.netty.request.NettyRequestSender - Using pooled Channel '[id: 0xebe216c7, L:/127.0.0.1:62249 - R:localhost/127.0.0.1:49265]' for 'GET' to 'http://localhost:49265/session/a584e9040e1b288f6280fb32f00d13d1/element/332b16a7-f4aa-46f6-b55e-49f5af22781b/name'
15:22:21.257 [Forwarding getElementTagName on session a584e9040e1b288f6280fb32f00d13d1 to remote] DEBUG org.asynchttpclient.netty.request.NettyRequestSender - Using open Channel [id: 0xebe216c7, L:/127.0.0.1:62249 - R:localhost/127.0.0.1:49265] for GET '/session/a584e9040e1b288f6280fb32f00d13d1/element/332b16a7-f4aa-46f6-b55e-49f5af22781b/name'
15:22:21.261 [AsyncHttpClient-1-2] DEBUG org.asynchttpclient.netty.handler.HttpHandler - 

Request DefaultFullHttpRequest(decodeResult: success, version: HTTP/1.1, content: EmptyByteBufBE)
GET /session/a584e9040e1b288f6280fb32f00d13d1/element/332b16a7-f4aa-46f6-b55e-49f5af22781b/name HTTP/1.1
User-Agent: selenium/4.1.2 (java windows)
Cache-Control: no-cache
Content-Type: application/json; charset=utf-8
host: localhost:49265
accept: */*

Response DefaultHttpResponse(decodeResult: success, version: HTTP/1.1)
HTTP/1.1 200 OK
Content-Type: application/json; charset=utf-8
cache-control: no-cache
content-length: 18

15:22:21.262 [AsyncHttpClient-1-2] DEBUG org.asynchttpclient.netty.channel.ChannelManager - Adding key: http://localhost:49265 for channel [id: 0xebe216c7, L:/127.0.0.1:62249 - R:localhost/127.0.0.1:49265]
15:22:21.265 [Forwarding getElementTagName on session a584e9040e1b288f6280fb32f00d13d1 to remote] DEBUG org.asynchttpclient.netty.request.NettyRequestSender - Using pooled Channel '[id: 0xebe216c7, L:/127.0.0.1:62249 - R:localhost/127.0.0.1:49265]' for 'GET' to 'http://localhost:49265/session/a584e9040e1b288f6280fb32f00d13d1/element/332b16a7-f4aa-46f6-b55e-49f5af22781b/name'
15:22:21.265 [Forwarding getElementTagName on session a584e9040e1b288f6280fb32f00d13d1 to remote] DEBUG org.asynchttpclient.netty.request.NettyRequestSender - Using open Channel [id: 0xebe216c7, L:/127.0.0.1:62249 - R:localhost/127.0.0.1:49265] for GET '/session/a584e9040e1b288f6280fb32f00d13d1/element/332b16a7-f4aa-46f6-b55e-49f5af22781b/name'
15:22:21.270 [AsyncHttpClient-1-2] DEBUG org.asynchttpclient.netty.handler.HttpHandler - 

Request DefaultFullHttpRequest(decodeResult: success, version: HTTP/1.1, content: EmptyByteBufBE)
GET /session/a584e9040e1b288f6280fb32f00d13d1/element/332b16a7-f4aa-46f6-b55e-49f5af22781b/name HTTP/1.1
User-Agent: selenium/4.1.2 (java windows)
Cache-Control: no-cache
Content-Type: application/json; charset=utf-8
host: localhost:49265
accept: */*

Response DefaultHttpResponse(decodeResult: success, version: HTTP/1.1)
HTTP/1.1 200 OK
Content-Type: application/json; charset=utf-8
cache-control: no-cache
content-length: 18

15:22:21.271 [AsyncHttpClient-1-2] DEBUG org.asynchttpclient.netty.channel.ChannelManager - Adding key: http://localhost:49265 for channel [id: 0xebe216c7, L:/127.0.0.1:62249 - R:localhost/127.0.0.1:49265]
15:22:21.274 [Forwarding isElementEnabled on session a584e9040e1b288f6280fb32f00d13d1 to remote] DEBUG org.asynchttpclient.netty.request.NettyRequestSender - Using pooled Channel '[id: 0xebe216c7, L:/127.0.0.1:62249 - R:localhost/127.0.0.1:49265]' for 'GET' to 'http://localhost:49265/session/a584e9040e1b288f6280fb32f00d13d1/element/332b16a7-f4aa-46f6-b55e-49f5af22781b/enabled'
15:22:21.274 [Forwarding isElementEnabled on session a584e9040e1b288f6280fb32f00d13d1 to remote] DEBUG org.asynchttpclient.netty.request.NettyRequestSender - Using open Channel [id: 0xebe216c7, L:/127.0.0.1:62249 - R:localhost/127.0.0.1:49265] for GET '/session/a584e9040e1b288f6280fb32f00d13d1/element/332b16a7-f4aa-46f6-b55e-49f5af22781b/enabled'
15:22:21.292 [AsyncHttpClient-1-2] DEBUG org.asynchttpclient.netty.handler.HttpHandler - 

Request DefaultFullHttpRequest(decodeResult: success, version: HTTP/1.1, content: EmptyByteBufBE)
GET /session/a584e9040e1b288f6280fb32f00d13d1/element/332b16a7-f4aa-46f6-b55e-49f5af22781b/enabled HTTP/1.1
User-Agent: selenium/4.1.2 (java windows)
Cache-Control: no-cache
Content-Type: application/json; charset=utf-8
host: localhost:49265
accept: */*

Response DefaultHttpResponse(decodeResult: success, version: HTTP/1.1)
HTTP/1.1 200 OK
Content-Type: application/json; charset=utf-8
cache-control: no-cache
content-length: 14

15:22:21.293 [AsyncHttpClient-1-2] DEBUG org.asynchttpclient.netty.channel.ChannelManager - Adding key: http://localhost:49265 for channel [id: 0xebe216c7, L:/127.0.0.1:62249 - R:localhost/127.0.0.1:49265]
15:22:21.305 [Forwarding isElementEnabled on session a584e9040e1b288f6280fb32f00d13d1 to remote] DEBUG org.asynchttpclient.netty.request.NettyRequestSender - Using pooled Channel '[id: 0xebe216c7, L:/127.0.0.1:62249 - R:localhost/127.0.0.1:49265]' for 'GET' to 'http://localhost:49265/session/a584e9040e1b288f6280fb32f00d13d1/element/332b16a7-f4aa-46f6-b55e-49f5af22781b/enabled'
15:22:21.306 [Forwarding isElementEnabled on session a584e9040e1b288f6280fb32f00d13d1 to remote] DEBUG org.asynchttpclient.netty.request.NettyRequestSender - Using open Channel [id: 0xebe216c7, L:/127.0.0.1:62249 - R:localhost/127.0.0.1:49265] for GET '/session/a584e9040e1b288f6280fb32f00d13d1/element/332b16a7-f4aa-46f6-b55e-49f5af22781b/enabled'
15:22:21.328 [AsyncHttpClient-1-2] DEBUG org.asynchttpclient.netty.handler.HttpHandler - 

Request DefaultFullHttpRequest(decodeResult: success, version: HTTP/1.1, content: EmptyByteBufBE)
GET /session/a584e9040e1b288f6280fb32f00d13d1/element/332b16a7-f4aa-46f6-b55e-49f5af22781b/enabled HTTP/1.1
User-Agent: selenium/4.1.2 (java windows)
Cache-Control: no-cache
Content-Type: application/json; charset=utf-8
host: localhost:49265
accept: */*

Response DefaultHttpResponse(decodeResult: success, version: HTTP/1.1)
HTTP/1.1 200 OK
Content-Type: application/json; charset=utf-8
cache-control: no-cache
content-length: 14

15:22:21.329 [AsyncHttpClient-1-2] DEBUG org.asynchttpclient.netty.channel.ChannelManager - Adding key: http://localhost:49265 for channel [id: 0xebe216c7, L:/127.0.0.1:62249 - R:localhost/127.0.0.1:49265]
15:22:21.344 [Forwarding findElement on session a584e9040e1b288f6280fb32f00d13d1 to remote] DEBUG org.asynchttpclient.netty.request.NettyRequestSender - Using pooled Channel '[id: 0xebe216c7, L:/127.0.0.1:62249 - R:localhost/127.0.0.1:49265]' for 'POST' to 'http://localhost:49265/session/a584e9040e1b288f6280fb32f00d13d1/element'
15:22:21.344 [Forwarding findElement on session a584e9040e1b288f6280fb32f00d13d1 to remote] DEBUG org.asynchttpclient.netty.request.NettyRequestSender - Using open Channel [id: 0xebe216c7, L:/127.0.0.1:62249 - R:localhost/127.0.0.1:49265] for POST '/session/a584e9040e1b288f6280fb32f00d13d1/element'
15:22:21.362 [AsyncHttpClient-1-2] DEBUG org.asynchttpclient.netty.handler.HttpHandler - 

Request DefaultHttpRequest(decodeResult: success, version: HTTP/1.1)
POST /session/a584e9040e1b288f6280fb32f00d13d1/element HTTP/1.1
User-Agent: selenium/4.1.2 (java windows)
Content-Length: 321
Content-Type: application/json; charset=utf-8
host: localhost:49265
accept: */*

Response DefaultHttpResponse(decodeResult: success, version: HTTP/1.1)
HTTP/1.1 200 OK
Content-Type: application/json; charset=utf-8
cache-control: no-cache
content-length: 88

15:22:21.363 [AsyncHttpClient-1-2] DEBUG org.asynchttpclient.netty.channel.ChannelManager - Adding key: http://localhost:49265 for channel [id: 0xebe216c7, L:/127.0.0.1:62249 - R:localhost/127.0.0.1:49265]
15:22:21.375 [Forwarding clickElement on session a584e9040e1b288f6280fb32f00d13d1 to remote] DEBUG org.asynchttpclient.netty.request.NettyRequestSender - Using pooled Channel '[id: 0xebe216c7, L:/127.0.0.1:62249 - R:localhost/127.0.0.1:49265]' for 'POST' to 'http://localhost:49265/session/a584e9040e1b288f6280fb32f00d13d1/element/332b16a7-f4aa-46f6-b55e-49f5af22781b/click'
15:22:21.376 [Forwarding clickElement on session a584e9040e1b288f6280fb32f00d13d1 to remote] DEBUG org.asynchttpclient.netty.request.NettyRequestSender - Using open Channel [id: 0xebe216c7, L:/127.0.0.1:62249 - R:localhost/127.0.0.1:49265] for POST '/session/a584e9040e1b288f6280fb32f00d13d1/element/332b16a7-f4aa-46f6-b55e-49f5af22781b/click'
15:22:21.519 [AsyncHttpClient-1-2] DEBUG org.asynchttpclient.netty.handler.HttpHandler - 

Request DefaultHttpRequest(decodeResult: success, version: HTTP/1.1)
POST /session/a584e9040e1b288f6280fb32f00d13d1/element/332b16a7-f4aa-46f6-b55e-49f5af22781b/click HTTP/1.1
User-Agent: selenium/4.1.2 (java windows)
Content-Length: 50
Content-Type: application/json; charset=utf-8
host: localhost:49265
accept: */*

Response DefaultHttpResponse(decodeResult: success, version: HTTP/1.1)
HTTP/1.1 200 OK
Content-Type: application/json; charset=utf-8
cache-control: no-cache
content-length: 14

15:22:21.520 [AsyncHttpClient-1-2] DEBUG org.asynchttpclient.netty.channel.ChannelManager - Adding key: http://localhost:49265 for channel [id: 0xebe216c7, L:/127.0.0.1:62249 - R:localhost/127.0.0.1:49265]
  &amp#27;[32mAnd &amp#27;[0m&amp#27;[32mI have logged in&amp#27;[0m                  &amp#27;[90m# starter.stepdefinitions.ManageVaccinationBookingsSteps.iHaveLoggedIn()&amp#27;[0m
15:22:21.550 [Forwarding screenshot on session a584e9040e1b288f6280fb32f00d13d1 to remote] DEBUG org.asynchttpclient.netty.request.NettyRequestSender - Using pooled Channel '[id: 0xebe216c7, L:/127.0.0.1:62249 - R:localhost/127.0.0.1:49265]' for 'GET' to 'http://localhost:49265/session/a584e9040e1b288f6280fb32f00d13d1/screenshot'
15:22:21.551 [Forwarding screenshot on session a584e9040e1b288f6280fb32f00d13d1 to remote] DEBUG org.asynchttpclient.netty.request.NettyRequestSender - Using open Channel [id: 0xebe216c7, L:/127.0.0.1:62249 - R:localhost/127.0.0.1:49265] for GET '/session/a584e9040e1b288f6280fb32f00d13d1/screenshot'
15:22:21.752 [AsyncHttpClient-1-2] DEBUG org.asynchttpclient.netty.handler.HttpHandler - 

Request DefaultFullHttpRequest(decodeResult: success, version: HTTP/1.1, content: EmptyByteBufBE)
GET /session/a584e9040e1b288f6280fb32f00d13d1/screenshot HTTP/1.1
User-Agent: selenium/4.1.2 (java windows)
Cache-Control: no-cache
Content-Type: application/json; charset=utf-8
host: localhost:49265
accept: */*

Response DefaultHttpResponse(decodeResult: success, version: HTTP/1.1)
HTTP/1.1 200 OK
Content-Type: application/json; charset=utf-8
cache-control: no-cache
content-length: 116520

15:22:21.756 [AsyncHttpClient-1-2] DEBUG org.asynchttpclient.netty.channel.ChannelManager - Adding key: http://localhost:49265 for channel [id: 0xebe216c7, L:/127.0.0.1:62249 - R:localhost/127.0.0.1:49265]
15:22:21.773 [main] DEBUG net.serenitybdd.core.photography.Darkroom - Send negative for processing for target\site\serenity\cfbbdd02ea2cc205cc740e6830297392761bd53a195274545fdee2e04de42784.png
15:22:21.773 [Darkroom Processing Line] DEBUG net.serenitybdd.core.photography.DarkroomProcessingLine - Processing screenshot image in /var/screenshots/screenshot-10193010370270038548
15:22:21.774 [Darkroom Processing Line] DEBUG net.serenitybdd.core.photography.DarkroomProcessingLine - Saving screenshot to target\site\serenity\cfbbdd02ea2cc205cc740e6830297392761bd53a195274545fdee2e04de42784.png
15:22:21.805 [Forwarding findElement on session a584e9040e1b288f6280fb32f00d13d1 to remote] DEBUG org.asynchttpclient.netty.request.NettyRequestSender - Using pooled Channel '[id: 0xebe216c7, L:/127.0.0.1:62249 - R:localhost/127.0.0.1:49265]' for 'POST' to 'http://localhost:49265/session/a584e9040e1b288f6280fb32f00d13d1/element'
15:22:21.806 [Forwarding findElement on session a584e9040e1b288f6280fb32f00d13d1 to remote] DEBUG org.asynchttpclient.netty.request.NettyRequestSender - Using open Channel [id: 0xebe216c7, L:/127.0.0.1:62249 - R:localhost/127.0.0.1:49265] for POST '/session/a584e9040e1b288f6280fb32f00d13d1/element'
15:22:22.124 [AsyncHttpClient-1-1] DEBUG org.asynchttpclient.netty.channel.DefaultChannelPool - Entry count for : http://localhost:62250 : 1
15:22:22.500 [AsyncHttpClient-1-2] DEBUG org.asynchttpclient.netty.handler.HttpHandler - 

Request DefaultHttpRequest(decodeResult: success, version: HTTP/1.1)
POST /session/a584e9040e1b288f6280fb32f00d13d1/element HTTP/1.1
User-Agent: selenium/4.1.2 (java windows)
Content-Length: 80
Content-Type: application/json; charset=utf-8
host: localhost:49265
accept: */*

Response DefaultHttpResponse(decodeResult: success, version: HTTP/1.1)
HTTP/1.1 200 OK
Content-Type: application/json; charset=utf-8
cache-control: no-cache
content-length: 88

15:22:22.501 [AsyncHttpClient-1-2] DEBUG org.asynchttpclient.netty.channel.ChannelManager - Adding key: http://localhost:49265 for channel [id: 0xebe216c7, L:/127.0.0.1:62249 - R:localhost/127.0.0.1:49265]
15:22:22.502 [Forwarding getElementTagName on session a584e9040e1b288f6280fb32f00d13d1 to remote] DEBUG org.asynchttpclient.netty.request.NettyRequestSender - Using pooled Channel '[id: 0xebe216c7, L:/127.0.0.1:62249 - R:localhost/127.0.0.1:49265]' for 'GET' to 'http://localhost:49265/session/a584e9040e1b288f6280fb32f00d13d1/element/6a160052-282f-473e-a90f-b5f76871b232/name'
15:22:22.502 [Forwarding getElementTagName on session a584e9040e1b288f6280fb32f00d13d1 to remote] DEBUG org.asynchttpclient.netty.request.NettyRequestSender - Using open Channel [id: 0xebe216c7, L:/127.0.0.1:62249 - R:localhost/127.0.0.1:49265] for GET '/session/a584e9040e1b288f6280fb32f00d13d1/element/6a160052-282f-473e-a90f-b5f76871b232/name'
15:22:22.507 [AsyncHttpClient-1-2] DEBUG org.asynchttpclient.netty.handler.HttpHandler - 

Request DefaultFullHttpRequest(decodeResult: success, version: HTTP/1.1, content: EmptyByteBufBE)
GET /session/a584e9040e1b288f6280fb32f00d13d1/element/6a160052-282f-473e-a90f-b5f76871b232/name HTTP/1.1
User-Agent: selenium/4.1.2 (java windows)
Cache-Control: no-cache
Content-Type: application/json; charset=utf-8
host: localhost:49265
accept: */*

Response DefaultHttpResponse(decodeResult: success, version: HTTP/1.1)
HTTP/1.1 200 OK
Content-Type: application/json; charset=utf-8
cache-control: no-cache
content-length: 13

15:22:22.507 [AsyncHttpClient-1-2] DEBUG org.asynchttpclient.netty.channel.ChannelManager - Adding key: http://localhost:49265 for channel [id: 0xebe216c7, L:/127.0.0.1:62249 - R:localhost/127.0.0.1:49265]
15:22:22.508 [Forwarding getElementTagName on session a584e9040e1b288f6280fb32f00d13d1 to remote] DEBUG org.asynchttpclient.netty.request.NettyRequestSender - Using pooled Channel '[id: 0xebe216c7, L:/127.0.0.1:62249 - R:localhost/127.0.0.1:49265]' for 'GET' to 'http://localhost:49265/session/a584e9040e1b288f6280fb32f00d13d1/element/6a160052-282f-473e-a90f-b5f76871b232/name'
15:22:22.508 [Forwarding getElementTagName on session a584e9040e1b288f6280fb32f00d13d1 to remote] DEBUG org.asynchttpclient.netty.request.NettyRequestSender - Using open Channel [id: 0xebe216c7, L:/127.0.0.1:62249 - R:localhost/127.0.0.1:49265] for GET '/session/a584e9040e1b288f6280fb32f00d13d1/element/6a160052-282f-473e-a90f-b5f76871b232/name'
15:22:22.510 [AsyncHttpClient-1-2] DEBUG org.asynchttpclient.netty.handler.HttpHandler - 

Request DefaultFullHttpRequest(decodeResult: success, version: HTTP/1.1, content: EmptyByteBufBE)
GET /session/a584e9040e1b288f6280fb32f00d13d1/element/6a160052-282f-473e-a90f-b5f76871b232/name HTTP/1.1
User-Agent: selenium/4.1.2 (java windows)
Cache-Control: no-cache
Content-Type: application/json; charset=utf-8
host: localhost:49265
accept: */*

Response DefaultHttpResponse(decodeResult: success, version: HTTP/1.1)
HTTP/1.1 200 OK
Content-Type: application/json; charset=utf-8
cache-control: no-cache
content-length: 13

15:22:22.511 [AsyncHttpClient-1-2] DEBUG org.asynchttpclient.netty.channel.ChannelManager - Adding key: http://localhost:49265 for channel [id: 0xebe216c7, L:/127.0.0.1:62249 - R:localhost/127.0.0.1:49265]
15:22:22.514 [Forwarding findElement on session a584e9040e1b288f6280fb32f00d13d1 to remote] DEBUG org.asynchttpclient.netty.request.NettyRequestSender - Using pooled Channel '[id: 0xebe216c7, L:/127.0.0.1:62249 - R:localhost/127.0.0.1:49265]' for 'POST' to 'http://localhost:49265/session/a584e9040e1b288f6280fb32f00d13d1/element'
15:22:22.514 [Forwarding findElement on session a584e9040e1b288f6280fb32f00d13d1 to remote] DEBUG org.asynchttpclient.netty.request.NettyRequestSender - Using open Channel [id: 0xebe216c7, L:/127.0.0.1:62249 - R:localhost/127.0.0.1:49265] for POST '/session/a584e9040e1b288f6280fb32f00d13d1/element'
15:22:22.519 [AsyncHttpClient-1-2] DEBUG org.asynchttpclient.netty.handler.HttpHandler - 

Request DefaultHttpRequest(decodeResult: success, version: HTTP/1.1)
POST /session/a584e9040e1b288f6280fb32f00d13d1/element HTTP/1.1
User-Agent: selenium/4.1.2 (java windows)
Content-Length: 80
Content-Type: application/json; charset=utf-8
host: localhost:49265
accept: */*

Response DefaultHttpResponse(decodeResult: success, version: HTTP/1.1)
HTTP/1.1 200 OK
Content-Type: application/json; charset=utf-8
cache-control: no-cache
content-length: 88

15:22:22.520 [AsyncHttpClient-1-2] DEBUG org.asynchttpclient.netty.channel.ChannelManager - Adding key: http://localhost:49265 for channel [id: 0xebe216c7, L:/127.0.0.1:62249 - R:localhost/127.0.0.1:49265]
15:22:22.523 [Forwarding clickElement on session a584e9040e1b288f6280fb32f00d13d1 to remote] DEBUG org.asynchttpclient.netty.request.NettyRequestSender - Using pooled Channel '[id: 0xebe216c7, L:/127.0.0.1:62249 - R:localhost/127.0.0.1:49265]' for 'POST' to 'http://localhost:49265/session/a584e9040e1b288f6280fb32f00d13d1/element/6a160052-282f-473e-a90f-b5f76871b232/click'
15:22:22.523 [Forwarding clickElement on session a584e9040e1b288f6280fb32f00d13d1 to remote] DEBUG org.asynchttpclient.netty.request.NettyRequestSender - Using open Channel [id: 0xebe216c7, L:/127.0.0.1:62249 - R:localhost/127.0.0.1:49265] for POST '/session/a584e9040e1b288f6280fb32f00d13d1/element/6a160052-282f-473e-a90f-b5f76871b232/click'
15:22:22.691 [AsyncHttpClient-1-2] DEBUG org.asynchttpclient.netty.handler.HttpHandler - 

Request DefaultHttpRequest(decodeResult: success, version: HTTP/1.1)
POST /session/a584e9040e1b288f6280fb32f00d13d1/element/6a160052-282f-473e-a90f-b5f76871b232/click HTTP/1.1
User-Agent: selenium/4.1.2 (java windows)
Content-Length: 50
Content-Type: application/json; charset=utf-8
host: localhost:49265
accept: */*

Response DefaultHttpResponse(decodeResult: success, version: HTTP/1.1)
HTTP/1.1 200 OK
Content-Type: application/json; charset=utf-8
cache-control: no-cache
content-length: 14

15:22:22.692 [AsyncHttpClient-1-2] DEBUG org.asynchttpclient.netty.channel.ChannelManager - Adding key: http://localhost:49265 for channel [id: 0xebe216c7, L:/127.0.0.1:62249 - R:localhost/127.0.0.1:49265]
  &amp#27;[32mWhen &amp#27;[0m&amp#27;[32mI go to Book Vaksinasi page&amp#27;[0m      &amp#27;[90m# starter.stepdefinitions.ManageVaccinationBookingsSteps.iGoToBookVaksinasiPage()&amp#27;[0m
15:22:22.705 [Forwarding screenshot on session a584e9040e1b288f6280fb32f00d13d1 to remote] DEBUG org.asynchttpclient.netty.request.NettyRequestSender - Using pooled Channel '[id: 0xebe216c7, L:/127.0.0.1:62249 - R:localhost/127.0.0.1:49265]' for 'GET' to 'http://localhost:49265/session/a584e9040e1b288f6280fb32f00d13d1/screenshot'
15:22:22.706 [Forwarding screenshot on session a584e9040e1b288f6280fb32f00d13d1 to remote] DEBUG org.asynchttpclient.netty.request.NettyRequestSender - Using open Channel [id: 0xebe216c7, L:/127.0.0.1:62249 - R:localhost/127.0.0.1:49265] for GET '/session/a584e9040e1b288f6280fb32f00d13d1/screenshot'
15:22:22.867 [AsyncHttpClient-1-2] DEBUG org.asynchttpclient.netty.handler.HttpHandler - 

Request DefaultFullHttpRequest(decodeResult: success, version: HTTP/1.1, content: EmptyByteBufBE)
GET /session/a584e9040e1b288f6280fb32f00d13d1/screenshot HTTP/1.1
User-Agent: selenium/4.1.2 (java windows)
Cache-Control: no-cache
Content-Type: application/json; charset=utf-8
host: localhost:49265
accept: */*

Response DefaultHttpResponse(decodeResult: success, version: HTTP/1.1)
HTTP/1.1 200 OK
Content-Type: application/json; charset=utf-8
cache-control: no-cache
content-length: 103272

15:22:22.868 [AsyncHttpClient-1-2] DEBUG org.asynchttpclient.netty.channel.ChannelManager - Adding key: http://localhost:49265 for channel [id: 0xebe216c7, L:/127.0.0.1:62249 - R:localhost/127.0.0.1:49265]
15:22:22.874 [main] DEBUG net.serenitybdd.core.photography.Darkroom - Send negative for processing for target\site\serenity\55351cbeace4cac449a899fd93caf3f91aa60728be3a4efaeabbc7e38864a4cc.png
15:22:22.875 [Darkroom Processing Line] DEBUG net.serenitybdd.core.photography.DarkroomProcessingLine - Processing screenshot image in /var/screenshots/screenshot-1777472367429036062
15:22:22.875 [Darkroom Processing Line] DEBUG net.serenitybdd.core.photography.DarkroomProcessingLine - Saving screenshot to target\site\serenity\55351cbeace4cac449a899fd93caf3f91aa60728be3a4efaeabbc7e38864a4cc.png
15:22:22.894 [Forwarding findElement on session a584e9040e1b288f6280fb32f00d13d1 to remote] DEBUG org.asynchttpclient.netty.request.NettyRequestSender - Using pooled Channel '[id: 0xebe216c7, L:/127.0.0.1:62249 - R:localhost/127.0.0.1:49265]' for 'POST' to 'http://localhost:49265/session/a584e9040e1b288f6280fb32f00d13d1/element'
15:22:22.894 [Forwarding findElement on session a584e9040e1b288f6280fb32f00d13d1 to remote] DEBUG org.asynchttpclient.netty.request.NettyRequestSender - Using open Channel [id: 0xebe216c7, L:/127.0.0.1:62249 - R:localhost/127.0.0.1:49265] for POST '/session/a584e9040e1b288f6280fb32f00d13d1/element'
15:22:23.126 [AsyncHttpClient-1-2] DEBUG org.asynchttpclient.netty.handler.HttpHandler - 

Request DefaultHttpRequest(decodeResult: success, version: HTTP/1.1)
POST /session/a584e9040e1b288f6280fb32f00d13d1/element HTTP/1.1
User-Agent: selenium/4.1.2 (java windows)
Content-Length: 117
Content-Type: application/json; charset=utf-8
host: localhost:49265
accept: */*

Response DefaultHttpResponse(decodeResult: success, version: HTTP/1.1)
HTTP/1.1 200 OK
Content-Type: application/json; charset=utf-8
cache-control: no-cache
content-length: 88

15:22:23.126 [AsyncHttpClient-1-2] DEBUG org.asynchttpclient.netty.channel.ChannelManager - Adding key: http://localhost:49265 for channel [id: 0xebe216c7, L:/127.0.0.1:62249 - R:localhost/127.0.0.1:49265]
15:22:23.129 [Forwarding getElementTagName on session a584e9040e1b288f6280fb32f00d13d1 to remote] DEBUG org.asynchttpclient.netty.request.NettyRequestSender - Using pooled Channel '[id: 0xebe216c7, L:/127.0.0.1:62249 - R:localhost/127.0.0.1:49265]' for 'GET' to 'http://localhost:49265/session/a584e9040e1b288f6280fb32f00d13d1/element/f7a458df-b351-4a93-98bc-63f352e2e739/name'
15:22:23.129 [Forwarding getElementTagName on session a584e9040e1b288f6280fb32f00d13d1 to remote] DEBUG org.asynchttpclient.netty.request.NettyRequestSender - Using open Channel [id: 0xebe216c7, L:/127.0.0.1:62249 - R:localhost/127.0.0.1:49265] for GET '/session/a584e9040e1b288f6280fb32f00d13d1/element/f7a458df-b351-4a93-98bc-63f352e2e739/name'
15:22:23.138 [AsyncHttpClient-1-2] DEBUG org.asynchttpclient.netty.handler.HttpHandler - 

Request DefaultFullHttpRequest(decodeResult: success, version: HTTP/1.1, content: EmptyByteBufBE)
GET /session/a584e9040e1b288f6280fb32f00d13d1/element/f7a458df-b351-4a93-98bc-63f352e2e739/name HTTP/1.1
User-Agent: selenium/4.1.2 (java windows)
Cache-Control: no-cache
Content-Type: application/json; charset=utf-8
host: localhost:49265
accept: */*

Response DefaultHttpResponse(decodeResult: success, version: HTTP/1.1)
HTTP/1.1 200 OK
Content-Type: application/json; charset=utf-8
cache-control: no-cache
content-length: 15

15:22:23.138 [AsyncHttpClient-1-2] DEBUG org.asynchttpclient.netty.channel.ChannelManager - Adding key: http://localhost:49265 for channel [id: 0xebe216c7, L:/127.0.0.1:62249 - R:localhost/127.0.0.1:49265]
15:22:23.150 [Forwarding getElementTagName on session a584e9040e1b288f6280fb32f00d13d1 to remote] DEBUG org.asynchttpclient.netty.request.NettyRequestSender - Using pooled Channel '[id: 0xebe216c7, L:/127.0.0.1:62249 - R:localhost/127.0.0.1:49265]' for 'GET' to 'http://localhost:49265/session/a584e9040e1b288f6280fb32f00d13d1/element/f7a458df-b351-4a93-98bc-63f352e2e739/name'
15:22:23.151 [Forwarding getElementTagName on session a584e9040e1b288f6280fb32f00d13d1 to remote] DEBUG org.asynchttpclient.netty.request.NettyRequestSender - Using open Channel [id: 0xebe216c7, L:/127.0.0.1:62249 - R:localhost/127.0.0.1:49265] for GET '/session/a584e9040e1b288f6280fb32f00d13d1/element/f7a458df-b351-4a93-98bc-63f352e2e739/name'
15:22:23.158 [AsyncHttpClient-1-2] DEBUG org.asynchttpclient.netty.handler.HttpHandler - 

Request DefaultFullHttpRequest(decodeResult: success, version: HTTP/1.1, content: EmptyByteBufBE)
GET /session/a584e9040e1b288f6280fb32f00d13d1/element/f7a458df-b351-4a93-98bc-63f352e2e739/name HTTP/1.1
User-Agent: selenium/4.1.2 (java windows)
Cache-Control: no-cache
Content-Type: application/json; charset=utf-8
host: localhost:49265
accept: */*

Response DefaultHttpResponse(decodeResult: success, version: HTTP/1.1)
HTTP/1.1 200 OK
Content-Type: application/json; charset=utf-8
cache-control: no-cache
content-length: 15

15:22:23.159 [AsyncHttpClient-1-2] DEBUG org.asynchttpclient.netty.channel.ChannelManager - Adding key: http://localhost:49265 for channel [id: 0xebe216c7, L:/127.0.0.1:62249 - R:localhost/127.0.0.1:49265]
15:22:23.166 [Forwarding findElement on session a584e9040e1b288f6280fb32f00d13d1 to remote] DEBUG org.asynchttpclient.netty.request.NettyRequestSender - Using pooled Channel '[id: 0xebe216c7, L:/127.0.0.1:62249 - R:localhost/127.0.0.1:49265]' for 'POST' to 'http://localhost:49265/session/a584e9040e1b288f6280fb32f00d13d1/element'
15:22:23.166 [Forwarding findElement on session a584e9040e1b288f6280fb32f00d13d1 to remote] DEBUG org.asynchttpclient.netty.request.NettyRequestSender - Using open Channel [id: 0xebe216c7, L:/127.0.0.1:62249 - R:localhost/127.0.0.1:49265] for POST '/session/a584e9040e1b288f6280fb32f00d13d1/element'
15:22:23.184 [AsyncHttpClient-1-2] DEBUG org.asynchttpclient.netty.handler.HttpHandler - 

Request DefaultHttpRequest(decodeResult: success, version: HTTP/1.1)
POST /session/a584e9040e1b288f6280fb32f00d13d1/element HTTP/1.1
User-Agent: selenium/4.1.2 (java windows)
Content-Length: 117
Content-Type: application/json; charset=utf-8
host: localhost:49265
accept: */*

Response DefaultHttpResponse(decodeResult: success, version: HTTP/1.1)
HTTP/1.1 200 OK
Content-Type: application/json; charset=utf-8
cache-control: no-cache
content-length: 88

15:22:23.184 [AsyncHttpClient-1-2] DEBUG org.asynchttpclient.netty.channel.ChannelManager - Adding key: http://localhost:49265 for channel [id: 0xebe216c7, L:/127.0.0.1:62249 - R:localhost/127.0.0.1:49265]
15:22:23.188 [Forwarding clickElement on session a584e9040e1b288f6280fb32f00d13d1 to remote] DEBUG org.asynchttpclient.netty.request.NettyRequestSender - Using pooled Channel '[id: 0xebe216c7, L:/127.0.0.1:62249 - R:localhost/127.0.0.1:49265]' for 'POST' to 'http://localhost:49265/session/a584e9040e1b288f6280fb32f00d13d1/element/f7a458df-b351-4a93-98bc-63f352e2e739/click'
15:22:23.188 [Forwarding clickElement on session a584e9040e1b288f6280fb32f00d13d1 to remote] DEBUG org.asynchttpclient.netty.request.NettyRequestSender - Using open Channel [id: 0xebe216c7, L:/127.0.0.1:62249 - R:localhost/127.0.0.1:49265] for POST '/session/a584e9040e1b288f6280fb32f00d13d1/element/f7a458df-b351-4a93-98bc-63f352e2e739/click'
15:22:23.225 [AsyncHttpClient-1-1] DEBUG org.asynchttpclient.netty.channel.DefaultChannelPool - Entry count for : http://localhost:62250 : 1
15:22:23.333 [AsyncHttpClient-1-2] DEBUG org.asynchttpclient.netty.handler.HttpHandler - 

Request DefaultHttpRequest(decodeResult: success, version: HTTP/1.1)
POST /session/a584e9040e1b288f6280fb32f00d13d1/element/f7a458df-b351-4a93-98bc-63f352e2e739/click HTTP/1.1
User-Agent: selenium/4.1.2 (java windows)
Content-Length: 50
Content-Type: application/json; charset=utf-8
host: localhost:49265
accept: */*

Response DefaultHttpResponse(decodeResult: success, version: HTTP/1.1)
HTTP/1.1 200 OK
Content-Type: application/json; charset=utf-8
cache-control: no-cache
content-length: 14

15:22:23.334 [AsyncHttpClient-1-2] DEBUG org.asynchttpclient.netty.channel.ChannelManager - Adding key: http://localhost:49265 for channel [id: 0xebe216c7, L:/127.0.0.1:62249 - R:localhost/127.0.0.1:49265]
  &amp#27;[32mAnd &amp#27;[0m&amp#27;[32mI select a session&amp#27;[0m                &amp#27;[90m# starter.stepdefinitions.ManageVaccinationBookingsSteps.iSelectASession()&amp#27;[0m
15:22:23.357 [Forwarding screenshot on session a584e9040e1b288f6280fb32f00d13d1 to remote] DEBUG org.asynchttpclient.netty.request.NettyRequestSender - Using pooled Channel '[id: 0xebe216c7, L:/127.0.0.1:62249 - R:localhost/127.0.0.1:49265]' for 'GET' to 'http://localhost:49265/session/a584e9040e1b288f6280fb32f00d13d1/screenshot'
15:22:23.357 [Forwarding screenshot on session a584e9040e1b288f6280fb32f00d13d1 to remote] DEBUG org.asynchttpclient.netty.request.NettyRequestSender - Using open Channel [id: 0xebe216c7, L:/127.0.0.1:62249 - R:localhost/127.0.0.1:49265] for GET '/session/a584e9040e1b288f6280fb32f00d13d1/screenshot'
15:22:23.627 [AsyncHttpClient-1-2] DEBUG org.asynchttpclient.netty.handler.HttpHandler - 

Request DefaultFullHttpRequest(decodeResult: success, version: HTTP/1.1, content: EmptyByteBufBE)
GET /session/a584e9040e1b288f6280fb32f00d13d1/screenshot HTTP/1.1
User-Agent: selenium/4.1.2 (java windows)
Cache-Control: no-cache
Content-Type: application/json; charset=utf-8
host: localhost:49265
accept: */*

Response DefaultHttpResponse(decodeResult: success, version: HTTP/1.1)
HTTP/1.1 200 OK
Content-Type: application/json; charset=utf-8
cache-control: no-cache
content-length: 144620

15:22:23.628 [AsyncHttpClient-1-2] DEBUG org.asynchttpclient.netty.channel.ChannelManager - Adding key: http://localhost:49265 for channel [id: 0xebe216c7, L:/127.0.0.1:62249 - R:localhost/127.0.0.1:49265]
15:22:23.633 [main] DEBUG net.serenitybdd.core.photography.Darkroom - Send negative for processing for target\site\serenity\42b6773937ea4c592cb11cfdd1e415240fcc2dd65ea314f67f7f0af60f27b259.png
15:22:23.634 [Darkroom Processing Line] DEBUG net.serenitybdd.core.photography.DarkroomProcessingLine - Processing screenshot image in /var/screenshots/screenshot-11722723663669733042
15:22:23.634 [Darkroom Processing Line] DEBUG net.serenitybdd.core.photography.DarkroomProcessingLine - Saving screenshot to target\site\serenity\42b6773937ea4c592cb11cfdd1e415240fcc2dd65ea314f67f7f0af60f27b259.png
15:22:23.651 [Forwarding findElement on session a584e9040e1b288f6280fb32f00d13d1 to remote] DEBUG org.asynchttpclient.netty.request.NettyRequestSender - Using pooled Channel '[id: 0xebe216c7, L:/127.0.0.1:62249 - R:localhost/127.0.0.1:49265]' for 'POST' to 'http://localhost:49265/session/a584e9040e1b288f6280fb32f00d13d1/element'
15:22:23.652 [Forwarding findElement on session a584e9040e1b288f6280fb32f00d13d1 to remote] DEBUG org.asynchttpclient.netty.request.NettyRequestSender - Using open Channel [id: 0xebe216c7, L:/127.0.0.1:62249 - R:localhost/127.0.0.1:49265] for POST '/session/a584e9040e1b288f6280fb32f00d13d1/element'
15:22:23.671 [AsyncHttpClient-1-2] DEBUG org.asynchttpclient.netty.handler.HttpHandler - 

Request DefaultHttpRequest(decodeResult: success, version: HTTP/1.1)
POST /session/a584e9040e1b288f6280fb32f00d13d1/element HTTP/1.1
User-Agent: selenium/4.1.2 (java windows)
Content-Length: 166
Content-Type: application/json; charset=utf-8
host: localhost:49265
accept: */*

Response DefaultHttpResponse(decodeResult: success, version: HTTP/1.1)
HTTP/1.1 200 OK
Content-Type: application/json; charset=utf-8
cache-control: no-cache
content-length: 88

15:22:23.672 [AsyncHttpClient-1-2] DEBUG org.asynchttpclient.netty.channel.ChannelManager - Adding key: http://localhost:49265 for channel [id: 0xebe216c7, L:/127.0.0.1:62249 - R:localhost/127.0.0.1:49265]
15:22:23.678 [Forwarding getElementTagName on session a584e9040e1b288f6280fb32f00d13d1 to remote] DEBUG org.asynchttpclient.netty.request.NettyRequestSender - Using pooled Channel '[id: 0xebe216c7, L:/127.0.0.1:62249 - R:localhost/127.0.0.1:49265]' for 'GET' to 'http://localhost:49265/session/a584e9040e1b288f6280fb32f00d13d1/element/d8747c07-0e27-4afc-a0cd-95b80af4954b/name'
15:22:23.678 [Forwarding getElementTagName on session a584e9040e1b288f6280fb32f00d13d1 to remote] DEBUG org.asynchttpclient.netty.request.NettyRequestSender - Using open Channel [id: 0xebe216c7, L:/127.0.0.1:62249 - R:localhost/127.0.0.1:49265] for GET '/session/a584e9040e1b288f6280fb32f00d13d1/element/d8747c07-0e27-4afc-a0cd-95b80af4954b/name'
15:22:23.683 [AsyncHttpClient-1-2] DEBUG org.asynchttpclient.netty.handler.HttpHandler - 

Request DefaultFullHttpRequest(decodeResult: success, version: HTTP/1.1, content: EmptyByteBufBE)
GET /session/a584e9040e1b288f6280fb32f00d13d1/element/d8747c07-0e27-4afc-a0cd-95b80af4954b/name HTTP/1.1
User-Agent: selenium/4.1.2 (java windows)
Cache-Control: no-cache
Content-Type: application/json; charset=utf-8
host: localhost:49265
accept: */*

Response DefaultHttpResponse(decodeResult: success, version: HTTP/1.1)
HTTP/1.1 200 OK
Content-Type: application/json; charset=utf-8
cache-control: no-cache
content-length: 18

15:22:23.683 [AsyncHttpClient-1-2] DEBUG org.asynchttpclient.netty.channel.ChannelManager - Adding key: http://localhost:49265 for channel [id: 0xebe216c7, L:/127.0.0.1:62249 - R:localhost/127.0.0.1:49265]
15:22:23.687 [Forwarding getElementTagName on session a584e9040e1b288f6280fb32f00d13d1 to remote] DEBUG org.asynchttpclient.netty.request.NettyRequestSender - Using pooled Channel '[id: 0xebe216c7, L:/127.0.0.1:62249 - R:localhost/127.0.0.1:49265]' for 'GET' to 'http://localhost:49265/session/a584e9040e1b288f6280fb32f00d13d1/element/d8747c07-0e27-4afc-a0cd-95b80af4954b/name'
15:22:23.687 [Forwarding getElementTagName on session a584e9040e1b288f6280fb32f00d13d1 to remote] DEBUG org.asynchttpclient.netty.request.NettyRequestSender - Using open Channel [id: 0xebe216c7, L:/127.0.0.1:62249 - R:localhost/127.0.0.1:49265] for GET '/session/a584e9040e1b288f6280fb32f00d13d1/element/d8747c07-0e27-4afc-a0cd-95b80af4954b/name'
15:22:23.690 [AsyncHttpClient-1-2] DEBUG org.asynchttpclient.netty.handler.HttpHandler - 

Request DefaultFullHttpRequest(decodeResult: success, version: HTTP/1.1, content: EmptyByteBufBE)
GET /session/a584e9040e1b288f6280fb32f00d13d1/element/d8747c07-0e27-4afc-a0cd-95b80af4954b/name HTTP/1.1
User-Agent: selenium/4.1.2 (java windows)
Cache-Control: no-cache
Content-Type: application/json; charset=utf-8
host: localhost:49265
accept: */*

Response DefaultHttpResponse(decodeResult: success, version: HTTP/1.1)
HTTP/1.1 200 OK
Content-Type: application/json; charset=utf-8
cache-control: no-cache
content-length: 18

15:22:23.691 [AsyncHttpClient-1-2] DEBUG org.asynchttpclient.netty.channel.ChannelManager - Adding key: http://localhost:49265 for channel [id: 0xebe216c7, L:/127.0.0.1:62249 - R:localhost/127.0.0.1:49265]
15:22:23.697 [Forwarding isElementEnabled on session a584e9040e1b288f6280fb32f00d13d1 to remote] DEBUG org.asynchttpclient.netty.request.NettyRequestSender - Using pooled Channel '[id: 0xebe216c7, L:/127.0.0.1:62249 - R:localhost/127.0.0.1:49265]' for 'GET' to 'http://localhost:49265/session/a584e9040e1b288f6280fb32f00d13d1/element/d8747c07-0e27-4afc-a0cd-95b80af4954b/enabled'
15:22:23.697 [Forwarding isElementEnabled on session a584e9040e1b288f6280fb32f00d13d1 to remote] DEBUG org.asynchttpclient.netty.request.NettyRequestSender - Using open Channel [id: 0xebe216c7, L:/127.0.0.1:62249 - R:localhost/127.0.0.1:49265] for GET '/session/a584e9040e1b288f6280fb32f00d13d1/element/d8747c07-0e27-4afc-a0cd-95b80af4954b/enabled'
15:22:23.707 [AsyncHttpClient-1-2] DEBUG org.asynchttpclient.netty.handler.HttpHandler - 

Request DefaultFullHttpRequest(decodeResult: success, version: HTTP/1.1, content: EmptyByteBufBE)
GET /session/a584e9040e1b288f6280fb32f00d13d1/element/d8747c07-0e27-4afc-a0cd-95b80af4954b/enabled HTTP/1.1
User-Agent: selenium/4.1.2 (java windows)
Cache-Control: no-cache
Content-Type: application/json; charset=utf-8
host: localhost:49265
accept: */*

Response DefaultHttpResponse(decodeResult: success, version: HTTP/1.1)
HTTP/1.1 200 OK
Content-Type: application/json; charset=utf-8
cache-control: no-cache
content-length: 14

15:22:23.708 [AsyncHttpClient-1-2] DEBUG org.asynchttpclient.netty.channel.ChannelManager - Adding key: http://localhost:49265 for channel [id: 0xebe216c7, L:/127.0.0.1:62249 - R:localhost/127.0.0.1:49265]
15:22:23.710 [Forwarding isElementEnabled on session a584e9040e1b288f6280fb32f00d13d1 to remote] DEBUG org.asynchttpclient.netty.request.NettyRequestSender - Using pooled Channel '[id: 0xebe216c7, L:/127.0.0.1:62249 - R:localhost/127.0.0.1:49265]' for 'GET' to 'http://localhost:49265/session/a584e9040e1b288f6280fb32f00d13d1/element/d8747c07-0e27-4afc-a0cd-95b80af4954b/enabled'
15:22:23.711 [Forwarding isElementEnabled on session a584e9040e1b288f6280fb32f00d13d1 to remote] DEBUG org.asynchttpclient.netty.request.NettyRequestSender - Using open Channel [id: 0xebe216c7, L:/127.0.0.1:62249 - R:localhost/127.0.0.1:49265] for GET '/session/a584e9040e1b288f6280fb32f00d13d1/element/d8747c07-0e27-4afc-a0cd-95b80af4954b/enabled'
15:22:23.716 [AsyncHttpClient-1-2] DEBUG org.asynchttpclient.netty.handler.HttpHandler - 

Request DefaultFullHttpRequest(decodeResult: success, version: HTTP/1.1, content: EmptyByteBufBE)
GET /session/a584e9040e1b288f6280fb32f00d13d1/element/d8747c07-0e27-4afc-a0cd-95b80af4954b/enabled HTTP/1.1
User-Agent: selenium/4.1.2 (java windows)
Cache-Control: no-cache
Content-Type: application/json; charset=utf-8
host: localhost:49265
accept: */*

Response DefaultHttpResponse(decodeResult: success, version: HTTP/1.1)
HTTP/1.1 200 OK
Content-Type: application/json; charset=utf-8
cache-control: no-cache
content-length: 14

15:22:23.717 [AsyncHttpClient-1-2] DEBUG org.asynchttpclient.netty.channel.ChannelManager - Adding key: http://localhost:49265 for channel [id: 0xebe216c7, L:/127.0.0.1:62249 - R:localhost/127.0.0.1:49265]
15:22:23.719 [Forwarding findElement on session a584e9040e1b288f6280fb32f00d13d1 to remote] DEBUG org.asynchttpclient.netty.request.NettyRequestSender - Using pooled Channel '[id: 0xebe216c7, L:/127.0.0.1:62249 - R:localhost/127.0.0.1:49265]' for 'POST' to 'http://localhost:49265/session/a584e9040e1b288f6280fb32f00d13d1/element'
15:22:23.719 [Forwarding findElement on session a584e9040e1b288f6280fb32f00d13d1 to remote] DEBUG org.asynchttpclient.netty.request.NettyRequestSender - Using open Channel [id: 0xebe216c7, L:/127.0.0.1:62249 - R:localhost/127.0.0.1:49265] for POST '/session/a584e9040e1b288f6280fb32f00d13d1/element'
15:22:23.729 [AsyncHttpClient-1-2] DEBUG org.asynchttpclient.netty.handler.HttpHandler - 

Request DefaultHttpRequest(decodeResult: success, version: HTTP/1.1)
POST /session/a584e9040e1b288f6280fb32f00d13d1/element HTTP/1.1
User-Agent: selenium/4.1.2 (java windows)
Content-Length: 166
Content-Type: application/json; charset=utf-8
host: localhost:49265
accept: */*

Response DefaultHttpResponse(decodeResult: success, version: HTTP/1.1)
HTTP/1.1 200 OK
Content-Type: application/json; charset=utf-8
cache-control: no-cache
content-length: 88

15:22:23.730 [AsyncHttpClient-1-2] DEBUG org.asynchttpclient.netty.channel.ChannelManager - Adding key: http://localhost:49265 for channel [id: 0xebe216c7, L:/127.0.0.1:62249 - R:localhost/127.0.0.1:49265]
15:22:23.731 [Forwarding clickElement on session a584e9040e1b288f6280fb32f00d13d1 to remote] DEBUG org.asynchttpclient.netty.request.NettyRequestSender - Using pooled Channel '[id: 0xebe216c7, L:/127.0.0.1:62249 - R:localhost/127.0.0.1:49265]' for 'POST' to 'http://localhost:49265/session/a584e9040e1b288f6280fb32f00d13d1/element/d8747c07-0e27-4afc-a0cd-95b80af4954b/click'
15:22:23.731 [Forwarding clickElement on session a584e9040e1b288f6280fb32f00d13d1 to remote] DEBUG org.asynchttpclient.netty.request.NettyRequestSender - Using open Channel [id: 0xebe216c7, L:/127.0.0.1:62249 - R:localhost/127.0.0.1:49265] for POST '/session/a584e9040e1b288f6280fb32f00d13d1/element/d8747c07-0e27-4afc-a0cd-95b80af4954b/click'
15:22:23.813 [AsyncHttpClient-1-2] DEBUG org.asynchttpclient.netty.handler.HttpHandler - 

Request DefaultHttpRequest(decodeResult: success, version: HTTP/1.1)
POST /session/a584e9040e1b288f6280fb32f00d13d1/element/d8747c07-0e27-4afc-a0cd-95b80af4954b/click HTTP/1.1
User-Agent: selenium/4.1.2 (java windows)
Content-Length: 50
Content-Type: application/json; charset=utf-8
host: localhost:49265
accept: */*

Response DefaultHttpResponse(decodeResult: success, version: HTTP/1.1)
HTTP/1.1 200 OK
Content-Type: application/json; charset=utf-8
cache-control: no-cache
content-length: 14

15:22:23.814 [AsyncHttpClient-1-2] DEBUG org.asynchttpclient.netty.channel.ChannelManager - Adding key: http://localhost:49265 for channel [id: 0xebe216c7, L:/127.0.0.1:62249 - R:localhost/127.0.0.1:49265]
  &amp#27;[32mAnd &amp#27;[0m&amp#27;[32mI click check button&amp#27;[0m              &amp#27;[90m# starter.stepdefinitions.ManageVaccinationBookingsSteps.iClickCheckButton()&amp#27;[0m
15:22:23.835 [Forwarding screenshot on session a584e9040e1b288f6280fb32f00d13d1 to remote] DEBUG org.asynchttpclient.netty.request.NettyRequestSender - Using pooled Channel '[id: 0xebe216c7, L:/127.0.0.1:62249 - R:localhost/127.0.0.1:49265]' for 'GET' to 'http://localhost:49265/session/a584e9040e1b288f6280fb32f00d13d1/screenshot'
15:22:23.836 [Forwarding screenshot on session a584e9040e1b288f6280fb32f00d13d1 to remote] DEBUG org.asynchttpclient.netty.request.NettyRequestSender - Using open Channel [id: 0xebe216c7, L:/127.0.0.1:62249 - R:localhost/127.0.0.1:49265] for GET '/session/a584e9040e1b288f6280fb32f00d13d1/screenshot'
15:22:24.101 [AsyncHttpClient-1-2] DEBUG org.asynchttpclient.netty.handler.HttpHandler - 

Request DefaultFullHttpRequest(decodeResult: success, version: HTTP/1.1, content: EmptyByteBufBE)
GET /session/a584e9040e1b288f6280fb32f00d13d1/screenshot HTTP/1.1
User-Agent: selenium/4.1.2 (java windows)
Cache-Control: no-cache
Content-Type: application/json; charset=utf-8
host: localhost:49265
accept: */*

Response DefaultHttpResponse(decodeResult: success, version: HTTP/1.1)
HTTP/1.1 200 OK
Content-Type: application/json; charset=utf-8
cache-control: no-cache
content-length: 170440

15:22:24.104 [AsyncHttpClient-1-2] DEBUG org.asynchttpclient.netty.channel.ChannelManager - Adding key: http://localhost:49265 for channel [id: 0xebe216c7, L:/127.0.0.1:62249 - R:localhost/127.0.0.1:49265]
15:22:24.110 [main] DEBUG net.serenitybdd.core.photography.Darkroom - Send negative for processing for target\site\serenity\5efcae2d0e6690f693bde95550cf6db413a53e3431d83463eb5afed4345da75f.png
15:22:24.112 [Darkroom Processing Line] DEBUG net.serenitybdd.core.photography.DarkroomProcessingLine - Processing screenshot image in /var/screenshots/screenshot-5873071815796672048
15:22:24.112 [Darkroom Processing Line] DEBUG net.serenitybdd.core.photography.DarkroomProcessingLine - Saving screenshot to target\site\serenity\5efcae2d0e6690f693bde95550cf6db413a53e3431d83463eb5afed4345da75f.png
15:22:24.126 [Forwarding findElement on session a584e9040e1b288f6280fb32f00d13d1 to remote] DEBUG org.asynchttpclient.netty.request.NettyRequestSender - Using pooled Channel '[id: 0xebe216c7, L:/127.0.0.1:62249 - R:localhost/127.0.0.1:49265]' for 'POST' to 'http://localhost:49265/session/a584e9040e1b288f6280fb32f00d13d1/element'
15:22:24.126 [Forwarding findElement on session a584e9040e1b288f6280fb32f00d13d1 to remote] DEBUG org.asynchttpclient.netty.request.NettyRequestSender - Using open Channel [id: 0xebe216c7, L:/127.0.0.1:62249 - R:localhost/127.0.0.1:49265] for POST '/session/a584e9040e1b288f6280fb32f00d13d1/element'
15:22:24.139 [AsyncHttpClient-1-2] DEBUG org.asynchttpclient.netty.handler.HttpHandler - 

Request DefaultHttpRequest(decodeResult: success, version: HTTP/1.1)
POST /session/a584e9040e1b288f6280fb32f00d13d1/element HTTP/1.1
User-Agent: selenium/4.1.2 (java windows)
Content-Length: 172
Content-Type: application/json; charset=utf-8
host: localhost:49265
accept: */*

Response DefaultHttpResponse(decodeResult: success, version: HTTP/1.1)
HTTP/1.1 200 OK
Content-Type: application/json; charset=utf-8
cache-control: no-cache
content-length: 88

15:22:24.139 [AsyncHttpClient-1-2] DEBUG org.asynchttpclient.netty.channel.ChannelManager - Adding key: http://localhost:49265 for channel [id: 0xebe216c7, L:/127.0.0.1:62249 - R:localhost/127.0.0.1:49265]
15:22:24.146 [Forwarding isElementDisplayed on session a584e9040e1b288f6280fb32f00d13d1 to remote] DEBUG org.asynchttpclient.netty.request.NettyRequestSender - Using pooled Channel '[id: 0xebe216c7, L:/127.0.0.1:62249 - R:localhost/127.0.0.1:49265]' for 'POST' to 'http://localhost:49265/session/a584e9040e1b288f6280fb32f00d13d1/execute/sync'
15:22:24.146 [Forwarding isElementDisplayed on session a584e9040e1b288f6280fb32f00d13d1 to remote] DEBUG org.asynchttpclient.netty.request.NettyRequestSender - Using open Channel [id: 0xebe216c7, L:/127.0.0.1:62249 - R:localhost/127.0.0.1:49265] for POST '/session/a584e9040e1b288f6280fb32f00d13d1/execute/sync'
15:22:24.176 [AsyncHttpClient-1-2] DEBUG org.asynchttpclient.netty.handler.HttpHandler - 

Request DefaultHttpRequest(decodeResult: success, version: HTTP/1.1)
POST /session/a584e9040e1b288f6280fb32f00d13d1/execute/sync HTTP/1.1
User-Agent: selenium/4.1.2 (java windows)
Content-Length: 48780
Content-Type: application/json; charset=utf-8
host: localhost:49265
accept: */*

Response DefaultHttpResponse(decodeResult: success, version: HTTP/1.1)
HTTP/1.1 200 OK
Content-Type: application/json; charset=utf-8
cache-control: no-cache
content-length: 14

15:22:24.176 [AsyncHttpClient-1-2] DEBUG org.asynchttpclient.netty.channel.ChannelManager - Adding key: http://localhost:49265 for channel [id: 0xebe216c7, L:/127.0.0.1:62249 - R:localhost/127.0.0.1:49265]
  &amp#27;[32mThen &amp#27;[0m&amp#27;[32mthe booking will be approved&amp#27;[0m     &amp#27;[90m# starter.stepdefinitions.ManageVaccinationBookingsSteps.theBookingWillBeApproved()&amp#27;[0m
15:22:24.200 [Forwarding screenshot on session a584e9040e1b288f6280fb32f00d13d1 to remote] DEBUG org.asynchttpclient.netty.request.NettyRequestSender - Using pooled Channel '[id: 0xebe216c7, L:/127.0.0.1:62249 - R:localhost/127.0.0.1:49265]' for 'GET' to 'http://localhost:49265/session/a584e9040e1b288f6280fb32f00d13d1/screenshot'
15:22:24.201 [Forwarding screenshot on session a584e9040e1b288f6280fb32f00d13d1 to remote] DEBUG org.asynchttpclient.netty.request.NettyRequestSender - Using open Channel [id: 0xebe216c7, L:/127.0.0.1:62249 - R:localhost/127.0.0.1:49265] for GET '/session/a584e9040e1b288f6280fb32f00d13d1/screenshot'
15:22:24.329 [AsyncHttpClient-1-1] DEBUG org.asynchttpclient.netty.channel.DefaultChannelPool - Entry count for : http://localhost:62250 : 1
15:22:24.355 [AsyncHttpClient-1-2] DEBUG org.asynchttpclient.netty.handler.HttpHandler - 

Request DefaultFullHttpRequest(decodeResult: success, version: HTTP/1.1, content: EmptyByteBufBE)
GET /session/a584e9040e1b288f6280fb32f00d13d1/screenshot HTTP/1.1
User-Agent: selenium/4.1.2 (java windows)
Cache-Control: no-cache
Content-Type: application/json; charset=utf-8
host: localhost:49265
accept: */*

Response DefaultHttpResponse(decodeResult: success, version: HTTP/1.1)
HTTP/1.1 200 OK
Content-Type: application/json; charset=utf-8
cache-control: no-cache
content-length: 186884

15:22:24.356 [AsyncHttpClient-1-2] DEBUG org.asynchttpclient.netty.channel.ChannelManager - Adding key: http://localhost:49265 for channel [id: 0xebe216c7, L:/127.0.0.1:62249 - R:localhost/127.0.0.1:49265]
15:22:24.362 [main] DEBUG net.serenitybdd.core.photography.Darkroom - Send negative for processing for target\site\serenity\909629c53bee03896efbec53152a1045d2223648bff1b275fcf9c5e98610f10a.png
15:22:24.362 [Darkroom Processing Line] DEBUG net.serenitybdd.core.photography.DarkroomProcessingLine - Processing screenshot image in /var/screenshots/screenshot-5953594251756048029
15:22:24.362 [Darkroom Processing Line] DEBUG net.serenitybdd.core.photography.DarkroomProcessingLine - Saving screenshot to target\site\serenity\909629c53bee03896efbec53152a1045d2223648bff1b275fcf9c5e98610f10a.png
15:22:24.369 [main] INFO  - 
  _____   ___   ___   _____     ___     _     ___   ___   ___   ___  
 |_   _| | __| / __| |_   _|   | _ \   /_\   / __| / __| | __| |   \ 
   | |   | _|  \__ \   | |     |  _/  / _ \  \__ \ \__ \ | _|  | |) |
   |_|   |___| |___/   |_|     |_|   /_/ \_\ |___/ |___/ |___| |___/ 

Approve a vaccination booking
----------------------------------------------------------------------
15:22:24.462 [Driver Command Executor] DEBUG org.asynchttpclient.netty.request.NettyRequestSender - Using pooled Channel '[id: 0xebe216c7, L:/127.0.0.1:62249 - R:localhost/127.0.0.1:49265]' for 'DELETE' to 'http://localhost:49265/session/a584e9040e1b288f6280fb32f00d13d1'
15:22:24.463 [Driver Command Executor] DEBUG org.asynchttpclient.netty.request.NettyRequestSender - Using open Channel [id: 0xebe216c7, L:/127.0.0.1:62249 - R:localhost/127.0.0.1:49265] for DELETE '/session/a584e9040e1b288f6280fb32f00d13d1'
15:22:24.467 [AsyncHttpClient-1-4] DEBUG org.asynchttpclient.netty.handler.WebSocketHandler - Channel Closed: [id: 0x11bc514e, L:/127.0.0.1:62258 ! R:localhost/127.0.0.1:62250] with attribute NettyResponseFuture{currentRetry=5,
	isDone=1,
	isCancelled=0,
	asyncHandler=org.asynchttpclient.ws.WebSocketUpgradeHandler@49aeb81f,
	nettyRequest=org.asynchttpclient.netty.request.NettyRequest@2c316cbe,
	future=java.util.concurrent.CompletableFuture@6d2c524f[Completed normally],
	uri=ws://localhost:62250/devtools/browser/d4ec6e1e-428a-465e-8ebb-af92fb11c477,
	keepAlive=true,
	redirectCount=0,
	timeoutsHolder=null,
	inAuth=0,
	touch=1671610938292}
15:22:24.468 [AsyncHttpClient-1-4] DEBUG org.asynchttpclient.netty.channel.ChannelManager - Closing Channel [id: 0x11bc514e, L:/127.0.0.1:62258 ! R:localhost/127.0.0.1:62250] 
15:22:24.508 [AsyncHttpClient-1-3] DEBUG org.asynchttpclient.netty.handler.HttpHandler - Unexpected I/O exception on channel [id: 0x96a36a9a, L:/127.0.0.1:62257 - R:localhost/127.0.0.1:62250]
java.io.IOException: An existing connection was forcibly closed by the remote host
	at java.base/sun.nio.ch.SocketDispatcher.read0(Native Method)
	at java.base/sun.nio.ch.SocketDispatcher.read(SocketDispatcher.java:43)
	at java.base/sun.nio.ch.IOUtil.readIntoNativeBuffer(IOUtil.java:276)
	at java.base/sun.nio.ch.IOUtil.read(IOUtil.java:233)
	at java.base/sun.nio.ch.IOUtil.read(IOUtil.java:223)
	at java.base/sun.nio.ch.SocketChannelImpl.read(SocketChannelImpl.java:358)
	at io.netty.buffer.PooledByteBuf.setBytes(PooledByteBuf.java:258)
	at io.netty.buffer.AbstractByteBuf.writeBytes(AbstractByteBuf.java:1132)
	at io.netty.channel.socket.nio.NioSocketChannel.doReadBytes(NioSocketChannel.java:350)
	at io.netty.channel.nio.AbstractNioByteChannel$NioByteUnsafe.read(AbstractNioByteChannel.java:151)
	at io.netty.channel.nio.NioEventLoop.processSelectedKey(NioEventLoop.java:722)
	at io.netty.channel.nio.NioEventLoop.processSelectedKeysOptimized(NioEventLoop.java:658)
	at io.netty.channel.nio.NioEventLoop.processSelectedKeys(NioEventLoop.java:584)
	at io.netty.channel.nio.NioEventLoop.run(NioEventLoop.java:496)
	at io.netty.util.concurrent.SingleThreadEventExecutor$4.run(SingleThreadEventExecutor.java:986)
	at io.netty.util.internal.ThreadExecutorMap$2.run(ThreadExecutorMap.java:74)
	at io.netty.util.concurrent.FastThreadLocalRunnable.run(FastThreadLocalRunnable.java:30)
	at java.base/java.lang.Thread.run(Thread.java:834)
15:22:24.510 [AsyncHttpClient-1-3] DEBUG org.asynchttpclient.netty.channel.ChannelManager - Closing Channel [id: 0x96a36a9a, L:/127.0.0.1:62257 - R:localhost/127.0.0.1:62250] 
15:22:24.516 [AsyncHttpClient-1-3] DEBUG org.asynchttpclient.netty.handler.HttpHandler - Channel Closed: [id: 0x96a36a9a, L:/127.0.0.1:62257 ! R:localhost/127.0.0.1:62250] with attribute DISCARD
15:22:24.528 [AsyncHttpClient-1-2] DEBUG org.asynchttpclient.netty.handler.HttpHandler - 

Request DefaultFullHttpRequest(decodeResult: success, version: HTTP/1.1, content: EmptyByteBufBE)
DELETE /session/a584e9040e1b288f6280fb32f00d13d1 HTTP/1.1
User-Agent: selenium/4.1.2 (java windows)
Content-Type: application/json; charset=utf-8
host: localhost:49265
accept: */*

Response DefaultHttpResponse(decodeResult: success, version: HTTP/1.1)
HTTP/1.1 200 OK
Content-Type: application/json; charset=utf-8
cache-control: no-cache
content-length: 14

15:22:24.529 [AsyncHttpClient-1-2] DEBUG org.asynchttpclient.netty.channel.ChannelManager - Adding key: http://localhost:49265 for channel [id: 0xebe216c7, L:/127.0.0.1:62249 - R:localhost/127.0.0.1:49265]
15:22:24.608 [AsyncHttpClient-1-2] DEBUG org.asynchttpclient.netty.handler.HttpHandler - Channel Closed: [id: 0xebe216c7, L:/127.0.0.1:62249 ! R:localhost/127.0.0.1:49265] with attribute DISCARD
]]></system-out>
    <system-err><![CDATA[Starting ChromeDriver 108.0.5359.71 (1e0e3868ee06e91ad636a874420e3ca3ae3756ac-refs/branch-heads/5359@{#1016}) on port 49265
Only local connections are allowed.
Please see https://chromedriver.chromium.org/security-considerations for suggestions on keeping ChromeDriver safe.
ChromeDriver was started successfully.
Dec 21, 2022 3:22:18 PM org.openqa.selenium.remote.ProtocolHandshake createSession
INFO: Detected dialect: W3C
Dec 21, 2022 3:22:18 PM org.openqa.selenium.devtools.CdpVersionFinder findNearestMatch
WARNING: Unable to find an exact match for CDP version 108, so returning the closest version found: a no-op implementation
Dec 21, 2022 3:22:18 PM org.openqa.selenium.devtools.CdpVersionFinder findNearestMatch
INFO: Unable to find CDP implementation matching 108.
Dec 21, 2022 3:22:18 PM org.openqa.selenium.chromium.ChromiumDriver lambda$new$3
WARNING: Unable to find version of CDP to use for . You may need to include a dependency on a specific version of the CDP using something similar to `org.seleniumhq.selenium:selenium-devtools-v86:4.1.2` where the version ("v86") matches the version of the chromium-based browser you're using and the version number of the artifact is the same as Selenium's.
]]></system-err>
  </testcase>
  <testcase name="Approve all vaccination bookings" classname="Manage vaccination bookings" time="6.361">
    <system-out><![CDATA[
Scenario: Approve all vaccination bookings &amp#27;[90m# src/test/resources/features/ManageVaccinationBookings.feature:14&amp#27;[0m
15:22:24.731 [main] INFO io.cucumber.core.plugin.SerenityReporter - Running feature from file:///C:/Users/ASUSTUF/OneDrive/Documents/Capstone%20Project/Web%20Automation/src/test/resources/features/ManageVaccinationBookings.feature
15:22:24.736 [main] INFO  - 
  _____   ___   ___   _____     ___   _____     _     ___   _____   ___   ___  
 |_   _| | __| / __| |_   _|   / __| |_   _|   /_\   | _ \ |_   _| | __| |   \ 
   | |   | _|  \__ \   | |     \__ \   | |    / _ \  |   /   | |   | _|  | |) |
   |_|   |___| |___/   |_|     |___/   |_|   /_/ \_\ |_|_\   |_|   |___| |___/ 

Approve all vaccination bookings(manage-vaccination-bookings;approve-all-vaccination-bookings)
--------------------------------------------------------------------------------
15:22:24.767 [main] INFO net.serenitybdd.core.webdriver.driverproviders.ChromeDriverProvider - Using automatically driver download
15:22:24.931 [main] DEBUG io.github.bonigarcia.wdm.cache.ResolutionCache - Resolution chrome=108 in cache (valid until 16:22:11 21/12/2022 ICT)
15:22:24.937 [main] DEBUG io.github.bonigarcia.wdm.cache.ResolutionCache - Resolution chrome108=108.0.5359.71 in cache (valid until 13:40:45 22/12/2022 ICT)
15:22:24.940 [main] INFO io.github.bonigarcia.wdm.WebDriverManager - Using chromedriver 108.0.5359.71 (resolved driver for Chrome 108)
15:22:24.963 [main] DEBUG io.github.bonigarcia.wdm.WebDriverManager - Driver chromedriver 108.0.5359.71 found in cache
15:22:24.965 [main] INFO io.github.bonigarcia.wdm.WebDriverManager - Exporting webdriver.chrome.driver as C:\Users\ASUSTUF\.cache\selenium\chromedriver\win32\108.0.5359.71\chromedriver.exe
15:22:25.076 [main] DEBUG net.serenitybdd.core.webdriver.driverproviders.ProvideNewDriver - Instantiating driver
15:22:25.076 [main] DEBUG net.serenitybdd.core.webdriver.driverproviders.ProvideNewDriver - Driver capabilities: Capabilities {acceptInsecureCerts: false, base.url: https://vaksin-id.netlify.app/, browserName: chrome, chrome.driver: src/test/resources/webdrive..., driver: chrome, goog:chromeOptions: {args: [], extensions: []}}
15:22:25.431 [AsyncHttpClient-1-1] DEBUG org.asynchttpclient.netty.channel.DefaultChannelPool - Entry count for : http://localhost:49265 : 1
15:22:25.431 [AsyncHttpClient-1-1] DEBUG org.asynchttpclient.netty.channel.DefaultChannelPool - Entry count for : http://localhost:62250 : 1
15:22:25.431 [AsyncHttpClient-1-1] DEBUG org.asynchttpclient.netty.channel.DefaultChannelPool - Adding Candidate expired Channel [id: 0xebe216c7, L:/127.0.0.1:62249 ! R:localhost/127.0.0.1:49265] isIdleTimeoutExpired=false isRemotelyClosed=true isTtlExpired=false
15:22:25.431 [AsyncHttpClient-1-1] DEBUG org.asynchttpclient.netty.channel.DefaultChannelPool - Closing Idle Channel [id: 0xebe216c7, L:/127.0.0.1:62249 ! R:localhost/127.0.0.1:49265]
15:22:25.432 [AsyncHttpClient-1-1] DEBUG org.asynchttpclient.netty.channel.DefaultChannelPool - Adding Candidate expired Channel [id: 0x96a36a9a, L:/127.0.0.1:62257 ! R:localhost/127.0.0.1:62250] isIdleTimeoutExpired=false isRemotelyClosed=true isTtlExpired=false
15:22:25.432 [AsyncHttpClient-1-1] DEBUG org.asynchttpclient.netty.channel.DefaultChannelPool - Closing Idle Channel [id: 0x96a36a9a, L:/127.0.0.1:62257 ! R:localhost/127.0.0.1:62250]
15:22:25.432 [AsyncHttpClient-1-1] DEBUG org.asynchttpclient.netty.channel.DefaultChannelPool - Closed 2 connections out of 2 in 1 ms
15:22:25.474 [AsyncHttpClient-1-5] DEBUG org.asynchttpclient.netty.channel.NettyConnectListener - Using new Channel '[id: 0xb92d4a56, L:/127.0.0.1:62283 - R:localhost/127.0.0.1:51711]' for 'POST' to '/session'
15:22:26.139 [AsyncHttpClient-1-5] DEBUG org.asynchttpclient.netty.handler.HttpHandler - 

Request DefaultHttpRequest(decodeResult: success, version: HTTP/1.1)
POST /session HTTP/1.1
User-Agent: selenium/4.1.2 (java windows)
Content-Length: 616
Content-Type: application/json; charset=utf-8
host: localhost:51711
accept: */*

Response DefaultHttpResponse(decodeResult: success, version: HTTP/1.1)
HTTP/1.1 200 OK
Content-Type: application/json; charset=utf-8
cache-control: no-cache
content-length: 792

15:22:26.139 [AsyncHttpClient-1-5] DEBUG org.asynchttpclient.netty.channel.ChannelManager - Adding key: http://localhost:51711 for channel [id: 0xb92d4a56, L:/127.0.0.1:62283 - R:localhost/127.0.0.1:51711]
15:22:26.159 [AsyncHttpClient-1-6] DEBUG org.asynchttpclient.netty.channel.NettyConnectListener - Using new Channel '[id: 0x140ac295, L:/127.0.0.1:62290 - R:localhost/127.0.0.1:62284]' for 'GET' to '/json/version'
15:22:26.170 [AsyncHttpClient-1-6] DEBUG org.asynchttpclient.netty.handler.HttpHandler - 

Request DefaultFullHttpRequest(decodeResult: success, version: HTTP/1.1, content: EmptyByteBufBE)
GET /json/version HTTP/1.1
User-Agent: selenium/4.1.2 (java windows)
host: localhost:62284
accept: */*

Response DefaultHttpResponse(decodeResult: success, version: HTTP/1.1)
HTTP/1.1 200 OK
Content-Type: application/json; charset=UTF-8
content-length: 424

15:22:26.170 [AsyncHttpClient-1-6] DEBUG org.asynchttpclient.netty.channel.ChannelManager - Adding key: http://localhost:62284 for channel [id: 0x140ac295, L:/127.0.0.1:62290 - R:localhost/127.0.0.1:62284]
15:22:26.182 [AsyncHttpClient-1-7] DEBUG org.asynchttpclient.netty.channel.NettyConnectListener - Using new Channel '[id: 0x629ac0c0, L:/127.0.0.1:62291 - R:localhost/127.0.0.1:62284]' for 'GET' to '/devtools/browser/8921c876-65ab-4753-ba06-d7c135229b29'
15:22:26.195 [AsyncHttpClient-1-7] DEBUG org.asynchttpclient.netty.handler.WebSocketHandler - 

Request DefaultFullHttpRequest(decodeResult: success, version: HTTP/1.1, content: EmptyByteBufBE)
GET /devtools/browser/8921c876-65ab-4753-ba06-d7c135229b29 HTTP/1.1
upgrade: websocket
connection: upgrade
sec-websocket-key: AfVd+uZU84s0Y38BHRL5LQ==
sec-websocket-version: 13
origin: http://localhost:62284
host: localhost:62284
accept: */*
user-agent: AHC/2.1

Response DefaultHttpResponse(decodeResult: success, version: HTTP/1.1)
HTTP/1.1 101 WebSocket Protocol Handshake
Upgrade: WebSocket
Connection: Upgrade
Sec-WebSocket-Accept: US+QN8ciUSIsXzp3vTTNpea77iA=

15:22:26.202 [Forwarding get on session 851b766693bb727519121be8efa271d1 to remote] DEBUG org.asynchttpclient.netty.request.NettyRequestSender - Using pooled Channel '[id: 0xb92d4a56, L:/127.0.0.1:62283 - R:localhost/127.0.0.1:51711]' for 'POST' to 'http://localhost:51711/session/851b766693bb727519121be8efa271d1/url'
15:22:26.203 [Forwarding get on session 851b766693bb727519121be8efa271d1 to remote] DEBUG org.asynchttpclient.netty.request.NettyRequestSender - Using open Channel [id: 0xb92d4a56, L:/127.0.0.1:62283 - R:localhost/127.0.0.1:51711] for POST '/session/851b766693bb727519121be8efa271d1/url'
15:22:26.526 [AsyncHttpClient-1-1] DEBUG org.asynchttpclient.netty.channel.DefaultChannelPool - Entry count for : http://localhost:62284 : 1
15:22:26.838 [AsyncHttpClient-1-5] DEBUG org.asynchttpclient.netty.handler.HttpHandler - 

Request DefaultHttpRequest(decodeResult: success, version: HTTP/1.1)
POST /session/851b766693bb727519121be8efa271d1/url HTTP/1.1
User-Agent: selenium/4.1.2 (java windows)
Content-Length: 60
Content-Type: application/json; charset=utf-8
host: localhost:51711
accept: */*

Response DefaultHttpResponse(decodeResult: success, version: HTTP/1.1)
HTTP/1.1 200 OK
Content-Type: application/json; charset=utf-8
cache-control: no-cache
content-length: 14

15:22:26.840 [AsyncHttpClient-1-5] DEBUG org.asynchttpclient.netty.channel.ChannelManager - Adding key: http://localhost:51711 for channel [id: 0xb92d4a56, L:/127.0.0.1:62283 - R:localhost/127.0.0.1:51711]
15:22:26.846 [Forwarding setTimeout on session 851b766693bb727519121be8efa271d1 to remote] DEBUG org.asynchttpclient.netty.request.NettyRequestSender - Using pooled Channel '[id: 0xb92d4a56, L:/127.0.0.1:62283 - R:localhost/127.0.0.1:51711]' for 'POST' to 'http://localhost:51711/session/851b766693bb727519121be8efa271d1/timeouts'
15:22:26.846 [Forwarding setTimeout on session 851b766693bb727519121be8efa271d1 to remote] DEBUG org.asynchttpclient.netty.request.NettyRequestSender - Using open Channel [id: 0xb92d4a56, L:/127.0.0.1:62283 - R:localhost/127.0.0.1:51711] for POST '/session/851b766693bb727519121be8efa271d1/timeouts'
15:22:26.850 [AsyncHttpClient-1-5] DEBUG org.asynchttpclient.netty.handler.HttpHandler - 

Request DefaultHttpRequest(decodeResult: success, version: HTTP/1.1)
POST /session/851b766693bb727519121be8efa271d1/timeouts HTTP/1.1
User-Agent: selenium/4.1.2 (java windows)
Content-Length: 22
Content-Type: application/json; charset=utf-8
host: localhost:51711
accept: */*

Response DefaultHttpResponse(decodeResult: success, version: HTTP/1.1)
HTTP/1.1 200 OK
Content-Type: application/json; charset=utf-8
cache-control: no-cache
content-length: 14

15:22:26.851 [AsyncHttpClient-1-5] DEBUG org.asynchttpclient.netty.channel.ChannelManager - Adding key: http://localhost:51711 for channel [id: 0xb92d4a56, L:/127.0.0.1:62283 - R:localhost/127.0.0.1:51711]
15:22:26.859 [Forwarding getCurrentUrl on session 851b766693bb727519121be8efa271d1 to remote] DEBUG org.asynchttpclient.netty.request.NettyRequestSender - Using pooled Channel '[id: 0xb92d4a56, L:/127.0.0.1:62283 - R:localhost/127.0.0.1:51711]' for 'GET' to 'http://localhost:51711/session/851b766693bb727519121be8efa271d1/url'
15:22:26.859 [Forwarding getCurrentUrl on session 851b766693bb727519121be8efa271d1 to remote] DEBUG org.asynchttpclient.netty.request.NettyRequestSender - Using open Channel [id: 0xb92d4a56, L:/127.0.0.1:62283 - R:localhost/127.0.0.1:51711] for GET '/session/851b766693bb727519121be8efa271d1/url'
15:22:26.878 [AsyncHttpClient-1-5] DEBUG org.asynchttpclient.netty.handler.HttpHandler - 

Request DefaultFullHttpRequest(decodeResult: success, version: HTTP/1.1, content: EmptyByteBufBE)
GET /session/851b766693bb727519121be8efa271d1/url HTTP/1.1
User-Agent: selenium/4.1.2 (java windows)
Cache-Control: no-cache
Content-Type: application/json; charset=utf-8
host: localhost:51711
accept: */*

Response DefaultHttpResponse(decodeResult: success, version: HTTP/1.1)
HTTP/1.1 200 OK
Content-Type: application/json; charset=utf-8
cache-control: no-cache
content-length: 42

15:22:26.879 [AsyncHttpClient-1-5] DEBUG org.asynchttpclient.netty.channel.ChannelManager - Adding key: http://localhost:51711 for channel [id: 0xb92d4a56, L:/127.0.0.1:62283 - R:localhost/127.0.0.1:51711]
  &amp#27;[32mGiven &amp#27;[0m&amp#27;[32mI am on landing page&amp#27;[0m               &amp#27;[90m# starter.stepdefinitions.ManageVaccinationBookingsSteps.iAmOnLandingPage()&amp#27;[0m
15:22:26.890 [Forwarding screenshot on session 851b766693bb727519121be8efa271d1 to remote] DEBUG org.asynchttpclient.netty.request.NettyRequestSender - Using pooled Channel '[id: 0xb92d4a56, L:/127.0.0.1:62283 - R:localhost/127.0.0.1:51711]' for 'GET' to 'http://localhost:51711/session/851b766693bb727519121be8efa271d1/screenshot'
15:22:26.890 [Forwarding screenshot on session 851b766693bb727519121be8efa271d1 to remote] DEBUG org.asynchttpclient.netty.request.NettyRequestSender - Using open Channel [id: 0xb92d4a56, L:/127.0.0.1:62283 - R:localhost/127.0.0.1:51711] for GET '/session/851b766693bb727519121be8efa271d1/screenshot'
15:22:27.559 [AsyncHttpClient-1-5] DEBUG org.asynchttpclient.netty.handler.HttpHandler - 

Request DefaultFullHttpRequest(decodeResult: success, version: HTTP/1.1, content: EmptyByteBufBE)
GET /session/851b766693bb727519121be8efa271d1/screenshot HTTP/1.1
User-Agent: selenium/4.1.2 (java windows)
Cache-Control: no-cache
Content-Type: application/json; charset=utf-8
host: localhost:51711
accept: */*

Response DefaultHttpResponse(decodeResult: success, version: HTTP/1.1)
HTTP/1.1 200 OK
Content-Type: application/json; charset=utf-8
cache-control: no-cache
content-length: 847132

15:22:27.576 [AsyncHttpClient-1-5] DEBUG org.asynchttpclient.netty.channel.ChannelManager - Adding key: http://localhost:51711 for channel [id: 0xb92d4a56, L:/127.0.0.1:62283 - R:localhost/127.0.0.1:51711]
15:22:27.591 [main] DEBUG net.serenitybdd.core.photography.Darkroom - Send negative for processing for target\site\serenity\ff3b83dd42f508d91c0c8488aed412149de34b436c7528a8caa8428592644731.png
15:22:27.597 [Forwarding findElement on session 851b766693bb727519121be8efa271d1 to remote] DEBUG org.asynchttpclient.netty.request.NettyRequestSender - Using pooled Channel '[id: 0xb92d4a56, L:/127.0.0.1:62283 - R:localhost/127.0.0.1:51711]' for 'POST' to 'http://localhost:51711/session/851b766693bb727519121be8efa271d1/element'
15:22:27.597 [Forwarding findElement on session 851b766693bb727519121be8efa271d1 to remote] DEBUG org.asynchttpclient.netty.request.NettyRequestSender - Using open Channel [id: 0xb92d4a56, L:/127.0.0.1:62283 - R:localhost/127.0.0.1:51711] for POST '/session/851b766693bb727519121be8efa271d1/element'
15:22:27.606 [AsyncHttpClient-1-5] DEBUG org.asynchttpclient.netty.handler.HttpHandler - 

Request DefaultHttpRequest(decodeResult: success, version: HTTP/1.1)
POST /session/851b766693bb727519121be8efa271d1/element HTTP/1.1
User-Agent: selenium/4.1.2 (java windows)
Content-Length: 315
Content-Type: application/json; charset=utf-8
host: localhost:51711
accept: */*

Response DefaultHttpResponse(decodeResult: success, version: HTTP/1.1)
HTTP/1.1 200 OK
Content-Type: application/json; charset=utf-8
cache-control: no-cache
content-length: 88

15:22:27.606 [AsyncHttpClient-1-5] DEBUG org.asynchttpclient.netty.channel.ChannelManager - Adding key: http://localhost:51711 for channel [id: 0xb92d4a56, L:/127.0.0.1:62283 - R:localhost/127.0.0.1:51711]
15:22:27.609 [Forwarding getElementTagName on session 851b766693bb727519121be8efa271d1 to remote] DEBUG org.asynchttpclient.netty.request.NettyRequestSender - Using pooled Channel '[id: 0xb92d4a56, L:/127.0.0.1:62283 - R:localhost/127.0.0.1:51711]' for 'GET' to 'http://localhost:51711/session/851b766693bb727519121be8efa271d1/element/f30a117e-18a0-4b8c-a04b-cb4e2345b5a7/name'
15:22:27.609 [Forwarding getElementTagName on session 851b766693bb727519121be8efa271d1 to remote] DEBUG org.asynchttpclient.netty.request.NettyRequestSender - Using open Channel [id: 0xb92d4a56, L:/127.0.0.1:62283 - R:localhost/127.0.0.1:51711] for GET '/session/851b766693bb727519121be8efa271d1/element/f30a117e-18a0-4b8c-a04b-cb4e2345b5a7/name'
15:22:27.612 [AsyncHttpClient-1-5] DEBUG org.asynchttpclient.netty.handler.HttpHandler - 

Request DefaultFullHttpRequest(decodeResult: success, version: HTTP/1.1, content: EmptyByteBufBE)
GET /session/851b766693bb727519121be8efa271d1/element/f30a117e-18a0-4b8c-a04b-cb4e2345b5a7/name HTTP/1.1
User-Agent: selenium/4.1.2 (java windows)
Cache-Control: no-cache
Content-Type: application/json; charset=utf-8
host: localhost:51711
accept: */*

Response DefaultHttpResponse(decodeResult: success, version: HTTP/1.1)
HTTP/1.1 200 OK
Content-Type: application/json; charset=utf-8
cache-control: no-cache
content-length: 18

15:22:27.612 [AsyncHttpClient-1-5] DEBUG org.asynchttpclient.netty.channel.ChannelManager - Adding key: http://localhost:51711 for channel [id: 0xb92d4a56, L:/127.0.0.1:62283 - R:localhost/127.0.0.1:51711]
15:22:27.613 [Forwarding getElementTagName on session 851b766693bb727519121be8efa271d1 to remote] DEBUG org.asynchttpclient.netty.request.NettyRequestSender - Using pooled Channel '[id: 0xb92d4a56, L:/127.0.0.1:62283 - R:localhost/127.0.0.1:51711]' for 'GET' to 'http://localhost:51711/session/851b766693bb727519121be8efa271d1/element/f30a117e-18a0-4b8c-a04b-cb4e2345b5a7/name'
15:22:27.613 [Forwarding getElementTagName on session 851b766693bb727519121be8efa271d1 to remote] DEBUG org.asynchttpclient.netty.request.NettyRequestSender - Using open Channel [id: 0xb92d4a56, L:/127.0.0.1:62283 - R:localhost/127.0.0.1:51711] for GET '/session/851b766693bb727519121be8efa271d1/element/f30a117e-18a0-4b8c-a04b-cb4e2345b5a7/name'
15:22:27.617 [AsyncHttpClient-1-5] DEBUG org.asynchttpclient.netty.handler.HttpHandler - 

Request DefaultFullHttpRequest(decodeResult: success, version: HTTP/1.1, content: EmptyByteBufBE)
GET /session/851b766693bb727519121be8efa271d1/element/f30a117e-18a0-4b8c-a04b-cb4e2345b5a7/name HTTP/1.1
User-Agent: selenium/4.1.2 (java windows)
Cache-Control: no-cache
Content-Type: application/json; charset=utf-8
host: localhost:51711
accept: */*

Response DefaultHttpResponse(decodeResult: success, version: HTTP/1.1)
HTTP/1.1 200 OK
Content-Type: application/json; charset=utf-8
cache-control: no-cache
content-length: 18

15:22:27.617 [AsyncHttpClient-1-5] DEBUG org.asynchttpclient.netty.channel.ChannelManager - Adding key: http://localhost:51711 for channel [id: 0xb92d4a56, L:/127.0.0.1:62283 - R:localhost/127.0.0.1:51711]
15:22:27.621 [Forwarding isElementEnabled on session 851b766693bb727519121be8efa271d1 to remote] DEBUG org.asynchttpclient.netty.request.NettyRequestSender - Using pooled Channel '[id: 0xb92d4a56, L:/127.0.0.1:62283 - R:localhost/127.0.0.1:51711]' for 'GET' to 'http://localhost:51711/session/851b766693bb727519121be8efa271d1/element/f30a117e-18a0-4b8c-a04b-cb4e2345b5a7/enabled'
15:22:27.621 [Forwarding isElementEnabled on session 851b766693bb727519121be8efa271d1 to remote] DEBUG org.asynchttpclient.netty.request.NettyRequestSender - Using open Channel [id: 0xb92d4a56, L:/127.0.0.1:62283 - R:localhost/127.0.0.1:51711] for GET '/session/851b766693bb727519121be8efa271d1/element/f30a117e-18a0-4b8c-a04b-cb4e2345b5a7/enabled'
15:22:27.625 [AsyncHttpClient-1-1] DEBUG org.asynchttpclient.netty.channel.DefaultChannelPool - Entry count for : http://localhost:62284 : 1
15:22:27.628 [AsyncHttpClient-1-5] DEBUG org.asynchttpclient.netty.handler.HttpHandler - 

Request DefaultFullHttpRequest(decodeResult: success, version: HTTP/1.1, content: EmptyByteBufBE)
GET /session/851b766693bb727519121be8efa271d1/element/f30a117e-18a0-4b8c-a04b-cb4e2345b5a7/enabled HTTP/1.1
User-Agent: selenium/4.1.2 (java windows)
Cache-Control: no-cache
Content-Type: application/json; charset=utf-8
host: localhost:51711
accept: */*

Response DefaultHttpResponse(decodeResult: success, version: HTTP/1.1)
HTTP/1.1 200 OK
Content-Type: application/json; charset=utf-8
cache-control: no-cache
content-length: 14

15:22:27.629 [AsyncHttpClient-1-5] DEBUG org.asynchttpclient.netty.channel.ChannelManager - Adding key: http://localhost:51711 for channel [id: 0xb92d4a56, L:/127.0.0.1:62283 - R:localhost/127.0.0.1:51711]
15:22:27.632 [Forwarding isElementEnabled on session 851b766693bb727519121be8efa271d1 to remote] DEBUG org.asynchttpclient.netty.request.NettyRequestSender - Using pooled Channel '[id: 0xb92d4a56, L:/127.0.0.1:62283 - R:localhost/127.0.0.1:51711]' for 'GET' to 'http://localhost:51711/session/851b766693bb727519121be8efa271d1/element/f30a117e-18a0-4b8c-a04b-cb4e2345b5a7/enabled'
15:22:27.632 [Forwarding isElementEnabled on session 851b766693bb727519121be8efa271d1 to remote] DEBUG org.asynchttpclient.netty.request.NettyRequestSender - Using open Channel [id: 0xb92d4a56, L:/127.0.0.1:62283 - R:localhost/127.0.0.1:51711] for GET '/session/851b766693bb727519121be8efa271d1/element/f30a117e-18a0-4b8c-a04b-cb4e2345b5a7/enabled'
15:22:27.635 [AsyncHttpClient-1-5] DEBUG org.asynchttpclient.netty.handler.HttpHandler - 

Request DefaultFullHttpRequest(decodeResult: success, version: HTTP/1.1, content: EmptyByteBufBE)
GET /session/851b766693bb727519121be8efa271d1/element/f30a117e-18a0-4b8c-a04b-cb4e2345b5a7/enabled HTTP/1.1
User-Agent: selenium/4.1.2 (java windows)
Cache-Control: no-cache
Content-Type: application/json; charset=utf-8
host: localhost:51711
accept: */*

Response DefaultHttpResponse(decodeResult: success, version: HTTP/1.1)
HTTP/1.1 200 OK
Content-Type: application/json; charset=utf-8
cache-control: no-cache
content-length: 14

15:22:27.635 [AsyncHttpClient-1-5] DEBUG org.asynchttpclient.netty.channel.ChannelManager - Adding key: http://localhost:51711 for channel [id: 0xb92d4a56, L:/127.0.0.1:62283 - R:localhost/127.0.0.1:51711]
15:22:27.638 [Forwarding findElement on session 851b766693bb727519121be8efa271d1 to remote] DEBUG org.asynchttpclient.netty.request.NettyRequestSender - Using pooled Channel '[id: 0xb92d4a56, L:/127.0.0.1:62283 - R:localhost/127.0.0.1:51711]' for 'POST' to 'http://localhost:51711/session/851b766693bb727519121be8efa271d1/element'
15:22:27.639 [Forwarding findElement on session 851b766693bb727519121be8efa271d1 to remote] DEBUG org.asynchttpclient.netty.request.NettyRequestSender - Using open Channel [id: 0xb92d4a56, L:/127.0.0.1:62283 - R:localhost/127.0.0.1:51711] for POST '/session/851b766693bb727519121be8efa271d1/element'
15:22:27.644 [AsyncHttpClient-1-5] DEBUG org.asynchttpclient.netty.handler.HttpHandler - 

Request DefaultHttpRequest(decodeResult: success, version: HTTP/1.1)
POST /session/851b766693bb727519121be8efa271d1/element HTTP/1.1
User-Agent: selenium/4.1.2 (java windows)
Content-Length: 315
Content-Type: application/json; charset=utf-8
host: localhost:51711
accept: */*

Response DefaultHttpResponse(decodeResult: success, version: HTTP/1.1)
HTTP/1.1 200 OK
Content-Type: application/json; charset=utf-8
cache-control: no-cache
content-length: 88

15:22:27.644 [AsyncHttpClient-1-5] DEBUG org.asynchttpclient.netty.channel.ChannelManager - Adding key: http://localhost:51711 for channel [id: 0xb92d4a56, L:/127.0.0.1:62283 - R:localhost/127.0.0.1:51711]
15:22:27.646 [Forwarding clickElement on session 851b766693bb727519121be8efa271d1 to remote] DEBUG org.asynchttpclient.netty.request.NettyRequestSender - Using pooled Channel '[id: 0xb92d4a56, L:/127.0.0.1:62283 - R:localhost/127.0.0.1:51711]' for 'POST' to 'http://localhost:51711/session/851b766693bb727519121be8efa271d1/element/f30a117e-18a0-4b8c-a04b-cb4e2345b5a7/click'
15:22:27.646 [Forwarding clickElement on session 851b766693bb727519121be8efa271d1 to remote] DEBUG org.asynchttpclient.netty.request.NettyRequestSender - Using open Channel [id: 0xb92d4a56, L:/127.0.0.1:62283 - R:localhost/127.0.0.1:51711] for POST '/session/851b766693bb727519121be8efa271d1/element/f30a117e-18a0-4b8c-a04b-cb4e2345b5a7/click'
15:22:27.716 [AsyncHttpClient-1-5] DEBUG org.asynchttpclient.netty.handler.HttpHandler - 

Request DefaultHttpRequest(decodeResult: success, version: HTTP/1.1)
POST /session/851b766693bb727519121be8efa271d1/element/f30a117e-18a0-4b8c-a04b-cb4e2345b5a7/click HTTP/1.1
User-Agent: selenium/4.1.2 (java windows)
Content-Length: 50
Content-Type: application/json; charset=utf-8
host: localhost:51711
accept: */*

Response DefaultHttpResponse(decodeResult: success, version: HTTP/1.1)
HTTP/1.1 200 OK
Content-Type: application/json; charset=utf-8
cache-control: no-cache
content-length: 14

15:22:27.717 [AsyncHttpClient-1-5] DEBUG org.asynchttpclient.netty.channel.ChannelManager - Adding key: http://localhost:51711 for channel [id: 0xb92d4a56, L:/127.0.0.1:62283 - R:localhost/127.0.0.1:51711]
15:22:27.724 [Forwarding findElement on session 851b766693bb727519121be8efa271d1 to remote] DEBUG org.asynchttpclient.netty.request.NettyRequestSender - Using pooled Channel '[id: 0xb92d4a56, L:/127.0.0.1:62283 - R:localhost/127.0.0.1:51711]' for 'POST' to 'http://localhost:51711/session/851b766693bb727519121be8efa271d1/element'
15:22:27.724 [Forwarding findElement on session 851b766693bb727519121be8efa271d1 to remote] DEBUG org.asynchttpclient.netty.request.NettyRequestSender - Using open Channel [id: 0xb92d4a56, L:/127.0.0.1:62283 - R:localhost/127.0.0.1:51711] for POST '/session/851b766693bb727519121be8efa271d1/element'
15:22:27.735 [AsyncHttpClient-1-5] DEBUG org.asynchttpclient.netty.handler.HttpHandler - 

Request DefaultHttpRequest(decodeResult: success, version: HTTP/1.1)
POST /session/851b766693bb727519121be8efa271d1/element HTTP/1.1
User-Agent: selenium/4.1.2 (java windows)
Content-Length: 69
Content-Type: application/json; charset=utf-8
host: localhost:51711
accept: */*

Response DefaultHttpResponse(decodeResult: success, version: HTTP/1.1)
HTTP/1.1 200 OK
Content-Type: application/json; charset=utf-8
cache-control: no-cache
content-length: 88

15:22:27.735 [AsyncHttpClient-1-5] DEBUG org.asynchttpclient.netty.channel.ChannelManager - Adding key: http://localhost:51711 for channel [id: 0xb92d4a56, L:/127.0.0.1:62283 - R:localhost/127.0.0.1:51711]
15:22:27.736 [Forwarding clearElement on session 851b766693bb727519121be8efa271d1 to remote] DEBUG org.asynchttpclient.netty.request.NettyRequestSender - Using pooled Channel '[id: 0xb92d4a56, L:/127.0.0.1:62283 - R:localhost/127.0.0.1:51711]' for 'POST' to 'http://localhost:51711/session/851b766693bb727519121be8efa271d1/element/3e9609e9-ffe4-4d54-b375-07e7d440ac26/clear'
15:22:27.736 [Forwarding clearElement on session 851b766693bb727519121be8efa271d1 to remote] DEBUG org.asynchttpclient.netty.request.NettyRequestSender - Using open Channel [id: 0xb92d4a56, L:/127.0.0.1:62283 - R:localhost/127.0.0.1:51711] for POST '/session/851b766693bb727519121be8efa271d1/element/3e9609e9-ffe4-4d54-b375-07e7d440ac26/clear'
15:22:27.766 [AsyncHttpClient-1-5] DEBUG org.asynchttpclient.netty.handler.HttpHandler - 

Request DefaultHttpRequest(decodeResult: success, version: HTTP/1.1)
POST /session/851b766693bb727519121be8efa271d1/element/3e9609e9-ffe4-4d54-b375-07e7d440ac26/clear HTTP/1.1
User-Agent: selenium/4.1.2 (java windows)
Content-Length: 50
Content-Type: application/json; charset=utf-8
host: localhost:51711
accept: */*

Response DefaultHttpResponse(decodeResult: success, version: HTTP/1.1)
HTTP/1.1 200 OK
Content-Type: application/json; charset=utf-8
cache-control: no-cache
content-length: 14

15:22:27.766 [AsyncHttpClient-1-5] DEBUG org.asynchttpclient.netty.channel.ChannelManager - Adding key: http://localhost:51711 for channel [id: 0xb92d4a56, L:/127.0.0.1:62283 - R:localhost/127.0.0.1:51711]
15:22:27.768 [Forwarding sendKeysToElement on session 851b766693bb727519121be8efa271d1 to remote] DEBUG org.asynchttpclient.netty.request.NettyRequestSender - Using pooled Channel '[id: 0xb92d4a56, L:/127.0.0.1:62283 - R:localhost/127.0.0.1:51711]' for 'POST' to 'http://localhost:51711/session/851b766693bb727519121be8efa271d1/element/3e9609e9-ffe4-4d54-b375-07e7d440ac26/value'
15:22:27.769 [Forwarding sendKeysToElement on session 851b766693bb727519121be8efa271d1 to remote] DEBUG org.asynchttpclient.netty.request.NettyRequestSender - Using open Channel [id: 0xb92d4a56, L:/127.0.0.1:62283 - R:localhost/127.0.0.1:51711] for POST '/session/851b766693bb727519121be8efa271d1/element/3e9609e9-ffe4-4d54-b375-07e7d440ac26/value'
15:22:27.920 [AsyncHttpClient-1-5] DEBUG org.asynchttpclient.netty.handler.HttpHandler - 

Request DefaultHttpRequest(decodeResult: success, version: HTTP/1.1)
POST /session/851b766693bb727519121be8efa271d1/element/3e9609e9-ffe4-4d54-b375-07e7d440ac26/value HTTP/1.1
User-Agent: selenium/4.1.2 (java windows)
Content-Length: 371
Content-Type: application/json; charset=utf-8
host: localhost:51711
accept: */*

Response DefaultHttpResponse(decodeResult: success, version: HTTP/1.1)
HTTP/1.1 200 OK
Content-Type: application/json; charset=utf-8
cache-control: no-cache
content-length: 14

15:22:27.920 [AsyncHttpClient-1-5] DEBUG org.asynchttpclient.netty.channel.ChannelManager - Adding key: http://localhost:51711 for channel [id: 0xb92d4a56, L:/127.0.0.1:62283 - R:localhost/127.0.0.1:51711]
15:22:27.930 [Forwarding findElement on session 851b766693bb727519121be8efa271d1 to remote] DEBUG org.asynchttpclient.netty.request.NettyRequestSender - Using pooled Channel '[id: 0xb92d4a56, L:/127.0.0.1:62283 - R:localhost/127.0.0.1:51711]' for 'POST' to 'http://localhost:51711/session/851b766693bb727519121be8efa271d1/element'
15:22:27.930 [Forwarding findElement on session 851b766693bb727519121be8efa271d1 to remote] DEBUG org.asynchttpclient.netty.request.NettyRequestSender - Using open Channel [id: 0xb92d4a56, L:/127.0.0.1:62283 - R:localhost/127.0.0.1:51711] for POST '/session/851b766693bb727519121be8efa271d1/element'
15:22:27.945 [AsyncHttpClient-1-5] DEBUG org.asynchttpclient.netty.handler.HttpHandler - 

Request DefaultHttpRequest(decodeResult: success, version: HTTP/1.1)
POST /session/851b766693bb727519121be8efa271d1/element HTTP/1.1
User-Agent: selenium/4.1.2 (java windows)
Content-Length: 72
Content-Type: application/json; charset=utf-8
host: localhost:51711
accept: */*

Response DefaultHttpResponse(decodeResult: success, version: HTTP/1.1)
HTTP/1.1 200 OK
Content-Type: application/json; charset=utf-8
cache-control: no-cache
content-length: 88

15:22:27.945 [AsyncHttpClient-1-5] DEBUG org.asynchttpclient.netty.channel.ChannelManager - Adding key: http://localhost:51711 for channel [id: 0xb92d4a56, L:/127.0.0.1:62283 - R:localhost/127.0.0.1:51711]
15:22:27.946 [Forwarding clearElement on session 851b766693bb727519121be8efa271d1 to remote] DEBUG org.asynchttpclient.netty.request.NettyRequestSender - Using pooled Channel '[id: 0xb92d4a56, L:/127.0.0.1:62283 - R:localhost/127.0.0.1:51711]' for 'POST' to 'http://localhost:51711/session/851b766693bb727519121be8efa271d1/element/d8413d03-b527-4b03-b44a-27483dcb0c23/clear'
15:22:27.946 [Forwarding clearElement on session 851b766693bb727519121be8efa271d1 to remote] DEBUG org.asynchttpclient.netty.request.NettyRequestSender - Using open Channel [id: 0xb92d4a56, L:/127.0.0.1:62283 - R:localhost/127.0.0.1:51711] for POST '/session/851b766693bb727519121be8efa271d1/element/d8413d03-b527-4b03-b44a-27483dcb0c23/clear'
15:22:27.979 [AsyncHttpClient-1-5] DEBUG org.asynchttpclient.netty.handler.HttpHandler - 

Request DefaultHttpRequest(decodeResult: success, version: HTTP/1.1)
POST /session/851b766693bb727519121be8efa271d1/element/d8413d03-b527-4b03-b44a-27483dcb0c23/clear HTTP/1.1
User-Agent: selenium/4.1.2 (java windows)
Content-Length: 50
Content-Type: application/json; charset=utf-8
host: localhost:51711
accept: */*

Response DefaultHttpResponse(decodeResult: success, version: HTTP/1.1)
HTTP/1.1 200 OK
Content-Type: application/json; charset=utf-8
cache-control: no-cache
content-length: 14

15:22:27.979 [AsyncHttpClient-1-5] DEBUG org.asynchttpclient.netty.channel.ChannelManager - Adding key: http://localhost:51711 for channel [id: 0xb92d4a56, L:/127.0.0.1:62283 - R:localhost/127.0.0.1:51711]
15:22:27.982 [Forwarding sendKeysToElement on session 851b766693bb727519121be8efa271d1 to remote] DEBUG org.asynchttpclient.netty.request.NettyRequestSender - Using pooled Channel '[id: 0xb92d4a56, L:/127.0.0.1:62283 - R:localhost/127.0.0.1:51711]' for 'POST' to 'http://localhost:51711/session/851b766693bb727519121be8efa271d1/element/d8413d03-b527-4b03-b44a-27483dcb0c23/value'
15:22:27.982 [Forwarding sendKeysToElement on session 851b766693bb727519121be8efa271d1 to remote] DEBUG org.asynchttpclient.netty.request.NettyRequestSender - Using open Channel [id: 0xb92d4a56, L:/127.0.0.1:62283 - R:localhost/127.0.0.1:51711] for POST '/session/851b766693bb727519121be8efa271d1/element/d8413d03-b527-4b03-b44a-27483dcb0c23/value'
15:22:28.159 [AsyncHttpClient-1-5] DEBUG org.asynchttpclient.netty.handler.HttpHandler - 

Request DefaultHttpRequest(decodeResult: success, version: HTTP/1.1)
POST /session/851b766693bb727519121be8efa271d1/element/d8413d03-b527-4b03-b44a-27483dcb0c23/value HTTP/1.1
User-Agent: selenium/4.1.2 (java windows)
Content-Length: 251
Content-Type: application/json; charset=utf-8
host: localhost:51711
accept: */*

Response DefaultHttpResponse(decodeResult: success, version: HTTP/1.1)
HTTP/1.1 200 OK
Content-Type: application/json; charset=utf-8
cache-control: no-cache
content-length: 14

15:22:28.159 [AsyncHttpClient-1-5] DEBUG org.asynchttpclient.netty.channel.ChannelManager - Adding key: http://localhost:51711 for channel [id: 0xb92d4a56, L:/127.0.0.1:62283 - R:localhost/127.0.0.1:51711]
15:22:28.168 [Forwarding findElement on session 851b766693bb727519121be8efa271d1 to remote] DEBUG org.asynchttpclient.netty.request.NettyRequestSender - Using pooled Channel '[id: 0xb92d4a56, L:/127.0.0.1:62283 - R:localhost/127.0.0.1:51711]' for 'POST' to 'http://localhost:51711/session/851b766693bb727519121be8efa271d1/element'
15:22:28.168 [Forwarding findElement on session 851b766693bb727519121be8efa271d1 to remote] DEBUG org.asynchttpclient.netty.request.NettyRequestSender - Using open Channel [id: 0xb92d4a56, L:/127.0.0.1:62283 - R:localhost/127.0.0.1:51711] for POST '/session/851b766693bb727519121be8efa271d1/element'
15:22:28.190 [AsyncHttpClient-1-5] DEBUG org.asynchttpclient.netty.handler.HttpHandler - 

Request DefaultHttpRequest(decodeResult: success, version: HTTP/1.1)
POST /session/851b766693bb727519121be8efa271d1/element HTTP/1.1
User-Agent: selenium/4.1.2 (java windows)
Content-Length: 321
Content-Type: application/json; charset=utf-8
host: localhost:51711
accept: */*

Response DefaultHttpResponse(decodeResult: success, version: HTTP/1.1)
HTTP/1.1 200 OK
Content-Type: application/json; charset=utf-8
cache-control: no-cache
content-length: 88

15:22:28.190 [AsyncHttpClient-1-5] DEBUG org.asynchttpclient.netty.channel.ChannelManager - Adding key: http://localhost:51711 for channel [id: 0xb92d4a56, L:/127.0.0.1:62283 - R:localhost/127.0.0.1:51711]
15:22:28.193 [Forwarding getElementTagName on session 851b766693bb727519121be8efa271d1 to remote] DEBUG org.asynchttpclient.netty.request.NettyRequestSender - Using pooled Channel '[id: 0xb92d4a56, L:/127.0.0.1:62283 - R:localhost/127.0.0.1:51711]' for 'GET' to 'http://localhost:51711/session/851b766693bb727519121be8efa271d1/element/d04032e8-cf80-4495-995f-048898c211f6/name'
15:22:28.193 [Forwarding getElementTagName on session 851b766693bb727519121be8efa271d1 to remote] DEBUG org.asynchttpclient.netty.request.NettyRequestSender - Using open Channel [id: 0xb92d4a56, L:/127.0.0.1:62283 - R:localhost/127.0.0.1:51711] for GET '/session/851b766693bb727519121be8efa271d1/element/d04032e8-cf80-4495-995f-048898c211f6/name'
15:22:28.198 [AsyncHttpClient-1-5] DEBUG org.asynchttpclient.netty.handler.HttpHandler - 

Request DefaultFullHttpRequest(decodeResult: success, version: HTTP/1.1, content: EmptyByteBufBE)
GET /session/851b766693bb727519121be8efa271d1/element/d04032e8-cf80-4495-995f-048898c211f6/name HTTP/1.1
User-Agent: selenium/4.1.2 (java windows)
Cache-Control: no-cache
Content-Type: application/json; charset=utf-8
host: localhost:51711
accept: */*

Response DefaultHttpResponse(decodeResult: success, version: HTTP/1.1)
HTTP/1.1 200 OK
Content-Type: application/json; charset=utf-8
cache-control: no-cache
content-length: 18

15:22:28.198 [AsyncHttpClient-1-5] DEBUG org.asynchttpclient.netty.channel.ChannelManager - Adding key: http://localhost:51711 for channel [id: 0xb92d4a56, L:/127.0.0.1:62283 - R:localhost/127.0.0.1:51711]
15:22:28.201 [Forwarding getElementTagName on session 851b766693bb727519121be8efa271d1 to remote] DEBUG org.asynchttpclient.netty.request.NettyRequestSender - Using pooled Channel '[id: 0xb92d4a56, L:/127.0.0.1:62283 - R:localhost/127.0.0.1:51711]' for 'GET' to 'http://localhost:51711/session/851b766693bb727519121be8efa271d1/element/d04032e8-cf80-4495-995f-048898c211f6/name'
15:22:28.201 [Forwarding getElementTagName on session 851b766693bb727519121be8efa271d1 to remote] DEBUG org.asynchttpclient.netty.request.NettyRequestSender - Using open Channel [id: 0xb92d4a56, L:/127.0.0.1:62283 - R:localhost/127.0.0.1:51711] for GET '/session/851b766693bb727519121be8efa271d1/element/d04032e8-cf80-4495-995f-048898c211f6/name'
15:22:28.204 [AsyncHttpClient-1-5] DEBUG org.asynchttpclient.netty.handler.HttpHandler - 

Request DefaultFullHttpRequest(decodeResult: success, version: HTTP/1.1, content: EmptyByteBufBE)
GET /session/851b766693bb727519121be8efa271d1/element/d04032e8-cf80-4495-995f-048898c211f6/name HTTP/1.1
User-Agent: selenium/4.1.2 (java windows)
Cache-Control: no-cache
Content-Type: application/json; charset=utf-8
host: localhost:51711
accept: */*

Response DefaultHttpResponse(decodeResult: success, version: HTTP/1.1)
HTTP/1.1 200 OK
Content-Type: application/json; charset=utf-8
cache-control: no-cache
content-length: 18

15:22:28.204 [AsyncHttpClient-1-5] DEBUG org.asynchttpclient.netty.channel.ChannelManager - Adding key: http://localhost:51711 for channel [id: 0xb92d4a56, L:/127.0.0.1:62283 - R:localhost/127.0.0.1:51711]
15:22:28.207 [Forwarding isElementEnabled on session 851b766693bb727519121be8efa271d1 to remote] DEBUG org.asynchttpclient.netty.request.NettyRequestSender - Using pooled Channel '[id: 0xb92d4a56, L:/127.0.0.1:62283 - R:localhost/127.0.0.1:51711]' for 'GET' to 'http://localhost:51711/session/851b766693bb727519121be8efa271d1/element/d04032e8-cf80-4495-995f-048898c211f6/enabled'
15:22:28.207 [Forwarding isElementEnabled on session 851b766693bb727519121be8efa271d1 to remote] DEBUG org.asynchttpclient.netty.request.NettyRequestSender - Using open Channel [id: 0xb92d4a56, L:/127.0.0.1:62283 - R:localhost/127.0.0.1:51711] for GET '/session/851b766693bb727519121be8efa271d1/element/d04032e8-cf80-4495-995f-048898c211f6/enabled'
15:22:28.215 [AsyncHttpClient-1-5] DEBUG org.asynchttpclient.netty.handler.HttpHandler - 

Request DefaultFullHttpRequest(decodeResult: success, version: HTTP/1.1, content: EmptyByteBufBE)
GET /session/851b766693bb727519121be8efa271d1/element/d04032e8-cf80-4495-995f-048898c211f6/enabled HTTP/1.1
User-Agent: selenium/4.1.2 (java windows)
Cache-Control: no-cache
Content-Type: application/json; charset=utf-8
host: localhost:51711
accept: */*

Response DefaultHttpResponse(decodeResult: success, version: HTTP/1.1)
HTTP/1.1 200 OK
Content-Type: application/json; charset=utf-8
cache-control: no-cache
content-length: 14

15:22:28.215 [AsyncHttpClient-1-5] DEBUG org.asynchttpclient.netty.channel.ChannelManager - Adding key: http://localhost:51711 for channel [id: 0xb92d4a56, L:/127.0.0.1:62283 - R:localhost/127.0.0.1:51711]
15:22:28.217 [Forwarding isElementEnabled on session 851b766693bb727519121be8efa271d1 to remote] DEBUG org.asynchttpclient.netty.request.NettyRequestSender - Using pooled Channel '[id: 0xb92d4a56, L:/127.0.0.1:62283 - R:localhost/127.0.0.1:51711]' for 'GET' to 'http://localhost:51711/session/851b766693bb727519121be8efa271d1/element/d04032e8-cf80-4495-995f-048898c211f6/enabled'
15:22:28.217 [Forwarding isElementEnabled on session 851b766693bb727519121be8efa271d1 to remote] DEBUG org.asynchttpclient.netty.request.NettyRequestSender - Using open Channel [id: 0xb92d4a56, L:/127.0.0.1:62283 - R:localhost/127.0.0.1:51711] for GET '/session/851b766693bb727519121be8efa271d1/element/d04032e8-cf80-4495-995f-048898c211f6/enabled'
15:22:28.226 [AsyncHttpClient-1-5] DEBUG org.asynchttpclient.netty.handler.HttpHandler - 

Request DefaultFullHttpRequest(decodeResult: success, version: HTTP/1.1, content: EmptyByteBufBE)
GET /session/851b766693bb727519121be8efa271d1/element/d04032e8-cf80-4495-995f-048898c211f6/enabled HTTP/1.1
User-Agent: selenium/4.1.2 (java windows)
Cache-Control: no-cache
Content-Type: application/json; charset=utf-8
host: localhost:51711
accept: */*

Response DefaultHttpResponse(decodeResult: success, version: HTTP/1.1)
HTTP/1.1 200 OK
Content-Type: application/json; charset=utf-8
cache-control: no-cache
content-length: 14

15:22:28.226 [AsyncHttpClient-1-5] DEBUG org.asynchttpclient.netty.channel.ChannelManager - Adding key: http://localhost:51711 for channel [id: 0xb92d4a56, L:/127.0.0.1:62283 - R:localhost/127.0.0.1:51711]
15:22:28.232 [Forwarding findElement on session 851b766693bb727519121be8efa271d1 to remote] DEBUG org.asynchttpclient.netty.request.NettyRequestSender - Using pooled Channel '[id: 0xb92d4a56, L:/127.0.0.1:62283 - R:localhost/127.0.0.1:51711]' for 'POST' to 'http://localhost:51711/session/851b766693bb727519121be8efa271d1/element'
15:22:28.232 [Forwarding findElement on session 851b766693bb727519121be8efa271d1 to remote] DEBUG org.asynchttpclient.netty.request.NettyRequestSender - Using open Channel [id: 0xb92d4a56, L:/127.0.0.1:62283 - R:localhost/127.0.0.1:51711] for POST '/session/851b766693bb727519121be8efa271d1/element'
15:22:28.240 [AsyncHttpClient-1-5] DEBUG org.asynchttpclient.netty.handler.HttpHandler - 

Request DefaultHttpRequest(decodeResult: success, version: HTTP/1.1)
POST /session/851b766693bb727519121be8efa271d1/element HTTP/1.1
User-Agent: selenium/4.1.2 (java windows)
Content-Length: 321
Content-Type: application/json; charset=utf-8
host: localhost:51711
accept: */*

Response DefaultHttpResponse(decodeResult: success, version: HTTP/1.1)
HTTP/1.1 200 OK
Content-Type: application/json; charset=utf-8
cache-control: no-cache
content-length: 88

15:22:28.242 [AsyncHttpClient-1-5] DEBUG org.asynchttpclient.netty.channel.ChannelManager - Adding key: http://localhost:51711 for channel [id: 0xb92d4a56, L:/127.0.0.1:62283 - R:localhost/127.0.0.1:51711]
15:22:28.244 [Forwarding clickElement on session 851b766693bb727519121be8efa271d1 to remote] DEBUG org.asynchttpclient.netty.request.NettyRequestSender - Using pooled Channel '[id: 0xb92d4a56, L:/127.0.0.1:62283 - R:localhost/127.0.0.1:51711]' for 'POST' to 'http://localhost:51711/session/851b766693bb727519121be8efa271d1/element/d04032e8-cf80-4495-995f-048898c211f6/click'
15:22:28.244 [Forwarding clickElement on session 851b766693bb727519121be8efa271d1 to remote] DEBUG org.asynchttpclient.netty.request.NettyRequestSender - Using open Channel [id: 0xb92d4a56, L:/127.0.0.1:62283 - R:localhost/127.0.0.1:51711] for POST '/session/851b766693bb727519121be8efa271d1/element/d04032e8-cf80-4495-995f-048898c211f6/click'
15:22:28.293 [AsyncHttpClient-1-5] DEBUG org.asynchttpclient.netty.handler.HttpHandler - 

Request DefaultHttpRequest(decodeResult: success, version: HTTP/1.1)
POST /session/851b766693bb727519121be8efa271d1/element/d04032e8-cf80-4495-995f-048898c211f6/click HTTP/1.1
User-Agent: selenium/4.1.2 (java windows)
Content-Length: 50
Content-Type: application/json; charset=utf-8
host: localhost:51711
accept: */*

Response DefaultHttpResponse(decodeResult: success, version: HTTP/1.1)
HTTP/1.1 200 OK
Content-Type: application/json; charset=utf-8
cache-control: no-cache
content-length: 14

15:22:28.293 [AsyncHttpClient-1-5] DEBUG org.asynchttpclient.netty.channel.ChannelManager - Adding key: http://localhost:51711 for channel [id: 0xb92d4a56, L:/127.0.0.1:62283 - R:localhost/127.0.0.1:51711]
  &amp#27;[32mAnd &amp#27;[0m&amp#27;[32mI have logged in&amp#27;[0m                     &amp#27;[90m# starter.stepdefinitions.ManageVaccinationBookingsSteps.iHaveLoggedIn()&amp#27;[0m
15:22:28.304 [Forwarding screenshot on session 851b766693bb727519121be8efa271d1 to remote] DEBUG org.asynchttpclient.netty.request.NettyRequestSender - Using pooled Channel '[id: 0xb92d4a56, L:/127.0.0.1:62283 - R:localhost/127.0.0.1:51711]' for 'GET' to 'http://localhost:51711/session/851b766693bb727519121be8efa271d1/screenshot'
15:22:28.304 [Forwarding screenshot on session 851b766693bb727519121be8efa271d1 to remote] DEBUG org.asynchttpclient.netty.request.NettyRequestSender - Using open Channel [id: 0xb92d4a56, L:/127.0.0.1:62283 - R:localhost/127.0.0.1:51711] for GET '/session/851b766693bb727519121be8efa271d1/screenshot'
15:22:28.479 [AsyncHttpClient-1-5] DEBUG org.asynchttpclient.netty.handler.HttpHandler - 

Request DefaultFullHttpRequest(decodeResult: success, version: HTTP/1.1, content: EmptyByteBufBE)
GET /session/851b766693bb727519121be8efa271d1/screenshot HTTP/1.1
User-Agent: selenium/4.1.2 (java windows)
Cache-Control: no-cache
Content-Type: application/json; charset=utf-8
host: localhost:51711
accept: */*

Response DefaultHttpResponse(decodeResult: success, version: HTTP/1.1)
HTTP/1.1 200 OK
Content-Type: application/json; charset=utf-8
cache-control: no-cache
content-length: 115836

15:22:28.481 [AsyncHttpClient-1-5] DEBUG org.asynchttpclient.netty.channel.ChannelManager - Adding key: http://localhost:51711 for channel [id: 0xb92d4a56, L:/127.0.0.1:62283 - R:localhost/127.0.0.1:51711]
15:22:28.484 [main] DEBUG net.serenitybdd.core.photography.Darkroom - Send negative for processing for target\site\serenity\ef1c50c87870a12e2b273c32e59e86c036316144f663d48196dc4d82e43ee0dd.png
15:22:28.486 [Darkroom Processing Line] DEBUG net.serenitybdd.core.photography.DarkroomProcessingLine - Processing screenshot image in /var/screenshots/screenshot-8248456612482039345
15:22:28.486 [Darkroom Processing Line] DEBUG net.serenitybdd.core.photography.DarkroomProcessingLine - Saving screenshot to target\site\serenity\ef1c50c87870a12e2b273c32e59e86c036316144f663d48196dc4d82e43ee0dd.png
15:22:28.496 [Forwarding findElement on session 851b766693bb727519121be8efa271d1 to remote] DEBUG org.asynchttpclient.netty.request.NettyRequestSender - Using pooled Channel '[id: 0xb92d4a56, L:/127.0.0.1:62283 - R:localhost/127.0.0.1:51711]' for 'POST' to 'http://localhost:51711/session/851b766693bb727519121be8efa271d1/element'
15:22:28.496 [Forwarding findElement on session 851b766693bb727519121be8efa271d1 to remote] DEBUG org.asynchttpclient.netty.request.NettyRequestSender - Using open Channel [id: 0xb92d4a56, L:/127.0.0.1:62283 - R:localhost/127.0.0.1:51711] for POST '/session/851b766693bb727519121be8efa271d1/element'
15:22:28.725 [AsyncHttpClient-1-1] DEBUG org.asynchttpclient.netty.channel.DefaultChannelPool - Entry count for : http://localhost:62284 : 1
15:22:28.794 [AsyncHttpClient-1-5] DEBUG org.asynchttpclient.netty.handler.HttpHandler - 

Request DefaultHttpRequest(decodeResult: success, version: HTTP/1.1)
POST /session/851b766693bb727519121be8efa271d1/element HTTP/1.1
User-Agent: selenium/4.1.2 (java windows)
Content-Length: 80
Content-Type: application/json; charset=utf-8
host: localhost:51711
accept: */*

Response DefaultHttpResponse(decodeResult: success, version: HTTP/1.1)
HTTP/1.1 200 OK
Content-Type: application/json; charset=utf-8
cache-control: no-cache
content-length: 88

15:22:28.794 [AsyncHttpClient-1-5] DEBUG org.asynchttpclient.netty.channel.ChannelManager - Adding key: http://localhost:51711 for channel [id: 0xb92d4a56, L:/127.0.0.1:62283 - R:localhost/127.0.0.1:51711]
15:22:28.797 [Forwarding getElementTagName on session 851b766693bb727519121be8efa271d1 to remote] DEBUG org.asynchttpclient.netty.request.NettyRequestSender - Using pooled Channel '[id: 0xb92d4a56, L:/127.0.0.1:62283 - R:localhost/127.0.0.1:51711]' for 'GET' to 'http://localhost:51711/session/851b766693bb727519121be8efa271d1/element/7e52f0fc-525d-4e27-83b5-201b21356a40/name'
15:22:28.797 [Forwarding getElementTagName on session 851b766693bb727519121be8efa271d1 to remote] DEBUG org.asynchttpclient.netty.request.NettyRequestSender - Using open Channel [id: 0xb92d4a56, L:/127.0.0.1:62283 - R:localhost/127.0.0.1:51711] for GET '/session/851b766693bb727519121be8efa271d1/element/7e52f0fc-525d-4e27-83b5-201b21356a40/name'
15:22:28.800 [AsyncHttpClient-1-5] DEBUG org.asynchttpclient.netty.handler.HttpHandler - 

Request DefaultFullHttpRequest(decodeResult: success, version: HTTP/1.1, content: EmptyByteBufBE)
GET /session/851b766693bb727519121be8efa271d1/element/7e52f0fc-525d-4e27-83b5-201b21356a40/name HTTP/1.1
User-Agent: selenium/4.1.2 (java windows)
Cache-Control: no-cache
Content-Type: application/json; charset=utf-8
host: localhost:51711
accept: */*

Response DefaultHttpResponse(decodeResult: success, version: HTTP/1.1)
HTTP/1.1 200 OK
Content-Type: application/json; charset=utf-8
cache-control: no-cache
content-length: 13

15:22:28.800 [AsyncHttpClient-1-5] DEBUG org.asynchttpclient.netty.channel.ChannelManager - Adding key: http://localhost:51711 for channel [id: 0xb92d4a56, L:/127.0.0.1:62283 - R:localhost/127.0.0.1:51711]
15:22:28.801 [Forwarding getElementTagName on session 851b766693bb727519121be8efa271d1 to remote] DEBUG org.asynchttpclient.netty.request.NettyRequestSender - Using pooled Channel '[id: 0xb92d4a56, L:/127.0.0.1:62283 - R:localhost/127.0.0.1:51711]' for 'GET' to 'http://localhost:51711/session/851b766693bb727519121be8efa271d1/element/7e52f0fc-525d-4e27-83b5-201b21356a40/name'
15:22:28.801 [Forwarding getElementTagName on session 851b766693bb727519121be8efa271d1 to remote] DEBUG org.asynchttpclient.netty.request.NettyRequestSender - Using open Channel [id: 0xb92d4a56, L:/127.0.0.1:62283 - R:localhost/127.0.0.1:51711] for GET '/session/851b766693bb727519121be8efa271d1/element/7e52f0fc-525d-4e27-83b5-201b21356a40/name'
15:22:28.805 [AsyncHttpClient-1-5] DEBUG org.asynchttpclient.netty.handler.HttpHandler - 

Request DefaultFullHttpRequest(decodeResult: success, version: HTTP/1.1, content: EmptyByteBufBE)
GET /session/851b766693bb727519121be8efa271d1/element/7e52f0fc-525d-4e27-83b5-201b21356a40/name HTTP/1.1
User-Agent: selenium/4.1.2 (java windows)
Cache-Control: no-cache
Content-Type: application/json; charset=utf-8
host: localhost:51711
accept: */*

Response DefaultHttpResponse(decodeResult: success, version: HTTP/1.1)
HTTP/1.1 200 OK
Content-Type: application/json; charset=utf-8
cache-control: no-cache
content-length: 13

15:22:28.805 [AsyncHttpClient-1-5] DEBUG org.asynchttpclient.netty.channel.ChannelManager - Adding key: http://localhost:51711 for channel [id: 0xb92d4a56, L:/127.0.0.1:62283 - R:localhost/127.0.0.1:51711]
15:22:28.806 [Forwarding findElement on session 851b766693bb727519121be8efa271d1 to remote] DEBUG org.asynchttpclient.netty.request.NettyRequestSender - Using pooled Channel '[id: 0xb92d4a56, L:/127.0.0.1:62283 - R:localhost/127.0.0.1:51711]' for 'POST' to 'http://localhost:51711/session/851b766693bb727519121be8efa271d1/element'
15:22:28.806 [Forwarding findElement on session 851b766693bb727519121be8efa271d1 to remote] DEBUG org.asynchttpclient.netty.request.NettyRequestSender - Using open Channel [id: 0xb92d4a56, L:/127.0.0.1:62283 - R:localhost/127.0.0.1:51711] for POST '/session/851b766693bb727519121be8efa271d1/element'
15:22:28.812 [AsyncHttpClient-1-5] DEBUG org.asynchttpclient.netty.handler.HttpHandler - 

Request DefaultHttpRequest(decodeResult: success, version: HTTP/1.1)
POST /session/851b766693bb727519121be8efa271d1/element HTTP/1.1
User-Agent: selenium/4.1.2 (java windows)
Content-Length: 80
Content-Type: application/json; charset=utf-8
host: localhost:51711
accept: */*

Response DefaultHttpResponse(decodeResult: success, version: HTTP/1.1)
HTTP/1.1 200 OK
Content-Type: application/json; charset=utf-8
cache-control: no-cache
content-length: 88

15:22:28.812 [AsyncHttpClient-1-5] DEBUG org.asynchttpclient.netty.channel.ChannelManager - Adding key: http://localhost:51711 for channel [id: 0xb92d4a56, L:/127.0.0.1:62283 - R:localhost/127.0.0.1:51711]
15:22:28.813 [Forwarding clickElement on session 851b766693bb727519121be8efa271d1 to remote] DEBUG org.asynchttpclient.netty.request.NettyRequestSender - Using pooled Channel '[id: 0xb92d4a56, L:/127.0.0.1:62283 - R:localhost/127.0.0.1:51711]' for 'POST' to 'http://localhost:51711/session/851b766693bb727519121be8efa271d1/element/7e52f0fc-525d-4e27-83b5-201b21356a40/click'
15:22:28.813 [Forwarding clickElement on session 851b766693bb727519121be8efa271d1 to remote] DEBUG org.asynchttpclient.netty.request.NettyRequestSender - Using open Channel [id: 0xb92d4a56, L:/127.0.0.1:62283 - R:localhost/127.0.0.1:51711] for POST '/session/851b766693bb727519121be8efa271d1/element/7e52f0fc-525d-4e27-83b5-201b21356a40/click'
15:22:28.986 [AsyncHttpClient-1-5] DEBUG org.asynchttpclient.netty.handler.HttpHandler - 

Request DefaultHttpRequest(decodeResult: success, version: HTTP/1.1)
POST /session/851b766693bb727519121be8efa271d1/element/7e52f0fc-525d-4e27-83b5-201b21356a40/click HTTP/1.1
User-Agent: selenium/4.1.2 (java windows)
Content-Length: 50
Content-Type: application/json; charset=utf-8
host: localhost:51711
accept: */*

Response DefaultHttpResponse(decodeResult: success, version: HTTP/1.1)
HTTP/1.1 200 OK
Content-Type: application/json; charset=utf-8
cache-control: no-cache
content-length: 14

15:22:28.986 [AsyncHttpClient-1-5] DEBUG org.asynchttpclient.netty.channel.ChannelManager - Adding key: http://localhost:51711 for channel [id: 0xb92d4a56, L:/127.0.0.1:62283 - R:localhost/127.0.0.1:51711]
  &amp#27;[32mWhen &amp#27;[0m&amp#27;[32mI go to Book Vaksinasi page&amp#27;[0m         &amp#27;[90m# starter.stepdefinitions.ManageVaccinationBookingsSteps.iGoToBookVaksinasiPage()&amp#27;[0m
15:22:28.994 [Forwarding screenshot on session 851b766693bb727519121be8efa271d1 to remote] DEBUG org.asynchttpclient.netty.request.NettyRequestSender - Using pooled Channel '[id: 0xb92d4a56, L:/127.0.0.1:62283 - R:localhost/127.0.0.1:51711]' for 'GET' to 'http://localhost:51711/session/851b766693bb727519121be8efa271d1/screenshot'
15:22:28.994 [Forwarding screenshot on session 851b766693bb727519121be8efa271d1 to remote] DEBUG org.asynchttpclient.netty.request.NettyRequestSender - Using open Channel [id: 0xb92d4a56, L:/127.0.0.1:62283 - R:localhost/127.0.0.1:51711] for GET '/session/851b766693bb727519121be8efa271d1/screenshot'
15:22:29.151 [AsyncHttpClient-1-5] DEBUG org.asynchttpclient.netty.handler.HttpHandler - 

Request DefaultFullHttpRequest(decodeResult: success, version: HTTP/1.1, content: EmptyByteBufBE)
GET /session/851b766693bb727519121be8efa271d1/screenshot HTTP/1.1
User-Agent: selenium/4.1.2 (java windows)
Cache-Control: no-cache
Content-Type: application/json; charset=utf-8
host: localhost:51711
accept: */*

Response DefaultHttpResponse(decodeResult: success, version: HTTP/1.1)
HTTP/1.1 200 OK
Content-Type: application/json; charset=utf-8
cache-control: no-cache
content-length: 109588

15:22:29.152 [AsyncHttpClient-1-5] DEBUG org.asynchttpclient.netty.channel.ChannelManager - Adding key: http://localhost:51711 for channel [id: 0xb92d4a56, L:/127.0.0.1:62283 - R:localhost/127.0.0.1:51711]
15:22:29.154 [main] DEBUG net.serenitybdd.core.photography.Darkroom - Send negative for processing for target\site\serenity\dda7b7688205770a5225306c713da97c9f3d291fa30eb8fc6f9e21e4c8962072.png
15:22:29.155 [Darkroom Processing Line] DEBUG net.serenitybdd.core.photography.DarkroomProcessingLine - Processing screenshot image in /var/screenshots/screenshot-6597153199165987779
15:22:29.155 [Darkroom Processing Line] DEBUG net.serenitybdd.core.photography.DarkroomProcessingLine - Saving screenshot to target\site\serenity\dda7b7688205770a5225306c713da97c9f3d291fa30eb8fc6f9e21e4c8962072.png
15:22:29.165 [Forwarding findElement on session 851b766693bb727519121be8efa271d1 to remote] DEBUG org.asynchttpclient.netty.request.NettyRequestSender - Using pooled Channel '[id: 0xb92d4a56, L:/127.0.0.1:62283 - R:localhost/127.0.0.1:51711]' for 'POST' to 'http://localhost:51711/session/851b766693bb727519121be8efa271d1/element'
15:22:29.166 [Forwarding findElement on session 851b766693bb727519121be8efa271d1 to remote] DEBUG org.asynchttpclient.netty.request.NettyRequestSender - Using open Channel [id: 0xb92d4a56, L:/127.0.0.1:62283 - R:localhost/127.0.0.1:51711] for POST '/session/851b766693bb727519121be8efa271d1/element'
15:22:29.329 [AsyncHttpClient-1-5] DEBUG org.asynchttpclient.netty.handler.HttpHandler - 

Request DefaultHttpRequest(decodeResult: success, version: HTTP/1.1)
POST /session/851b766693bb727519121be8efa271d1/element HTTP/1.1
User-Agent: selenium/4.1.2 (java windows)
Content-Length: 117
Content-Type: application/json; charset=utf-8
host: localhost:51711
accept: */*

Response DefaultHttpResponse(decodeResult: success, version: HTTP/1.1)
HTTP/1.1 200 OK
Content-Type: application/json; charset=utf-8
cache-control: no-cache
content-length: 88

15:22:29.329 [AsyncHttpClient-1-5] DEBUG org.asynchttpclient.netty.channel.ChannelManager - Adding key: http://localhost:51711 for channel [id: 0xb92d4a56, L:/127.0.0.1:62283 - R:localhost/127.0.0.1:51711]
15:22:29.336 [Forwarding getElementTagName on session 851b766693bb727519121be8efa271d1 to remote] DEBUG org.asynchttpclient.netty.request.NettyRequestSender - Using pooled Channel '[id: 0xb92d4a56, L:/127.0.0.1:62283 - R:localhost/127.0.0.1:51711]' for 'GET' to 'http://localhost:51711/session/851b766693bb727519121be8efa271d1/element/89109b9e-13b3-4543-8cb0-0fa0c1fae36f/name'
15:22:29.336 [Forwarding getElementTagName on session 851b766693bb727519121be8efa271d1 to remote] DEBUG org.asynchttpclient.netty.request.NettyRequestSender - Using open Channel [id: 0xb92d4a56, L:/127.0.0.1:62283 - R:localhost/127.0.0.1:51711] for GET '/session/851b766693bb727519121be8efa271d1/element/89109b9e-13b3-4543-8cb0-0fa0c1fae36f/name'
15:22:29.348 [AsyncHttpClient-1-5] DEBUG org.asynchttpclient.netty.handler.HttpHandler - 

Request DefaultFullHttpRequest(decodeResult: success, version: HTTP/1.1, content: EmptyByteBufBE)
GET /session/851b766693bb727519121be8efa271d1/element/89109b9e-13b3-4543-8cb0-0fa0c1fae36f/name HTTP/1.1
User-Agent: selenium/4.1.2 (java windows)
Cache-Control: no-cache
Content-Type: application/json; charset=utf-8
host: localhost:51711
accept: */*

Response DefaultHttpResponse(decodeResult: success, version: HTTP/1.1)
HTTP/1.1 200 OK
Content-Type: application/json; charset=utf-8
cache-control: no-cache
content-length: 15

15:22:29.348 [AsyncHttpClient-1-5] DEBUG org.asynchttpclient.netty.channel.ChannelManager - Adding key: http://localhost:51711 for channel [id: 0xb92d4a56, L:/127.0.0.1:62283 - R:localhost/127.0.0.1:51711]
15:22:29.351 [Forwarding getElementTagName on session 851b766693bb727519121be8efa271d1 to remote] DEBUG org.asynchttpclient.netty.request.NettyRequestSender - Using pooled Channel '[id: 0xb92d4a56, L:/127.0.0.1:62283 - R:localhost/127.0.0.1:51711]' for 'GET' to 'http://localhost:51711/session/851b766693bb727519121be8efa271d1/element/89109b9e-13b3-4543-8cb0-0fa0c1fae36f/name'
15:22:29.351 [Forwarding getElementTagName on session 851b766693bb727519121be8efa271d1 to remote] DEBUG org.asynchttpclient.netty.request.NettyRequestSender - Using open Channel [id: 0xb92d4a56, L:/127.0.0.1:62283 - R:localhost/127.0.0.1:51711] for GET '/session/851b766693bb727519121be8efa271d1/element/89109b9e-13b3-4543-8cb0-0fa0c1fae36f/name'
15:22:29.357 [AsyncHttpClient-1-5] DEBUG org.asynchttpclient.netty.handler.HttpHandler - 

Request DefaultFullHttpRequest(decodeResult: success, version: HTTP/1.1, content: EmptyByteBufBE)
GET /session/851b766693bb727519121be8efa271d1/element/89109b9e-13b3-4543-8cb0-0fa0c1fae36f/name HTTP/1.1
User-Agent: selenium/4.1.2 (java windows)
Cache-Control: no-cache
Content-Type: application/json; charset=utf-8
host: localhost:51711
accept: */*

Response DefaultHttpResponse(decodeResult: success, version: HTTP/1.1)
HTTP/1.1 200 OK
Content-Type: application/json; charset=utf-8
cache-control: no-cache
content-length: 15

15:22:29.357 [AsyncHttpClient-1-5] DEBUG org.asynchttpclient.netty.channel.ChannelManager - Adding key: http://localhost:51711 for channel [id: 0xb92d4a56, L:/127.0.0.1:62283 - R:localhost/127.0.0.1:51711]
15:22:29.361 [Forwarding findElement on session 851b766693bb727519121be8efa271d1 to remote] DEBUG org.asynchttpclient.netty.request.NettyRequestSender - Using pooled Channel '[id: 0xb92d4a56, L:/127.0.0.1:62283 - R:localhost/127.0.0.1:51711]' for 'POST' to 'http://localhost:51711/session/851b766693bb727519121be8efa271d1/element'
15:22:29.361 [Forwarding findElement on session 851b766693bb727519121be8efa271d1 to remote] DEBUG org.asynchttpclient.netty.request.NettyRequestSender - Using open Channel [id: 0xb92d4a56, L:/127.0.0.1:62283 - R:localhost/127.0.0.1:51711] for POST '/session/851b766693bb727519121be8efa271d1/element'
15:22:29.369 [AsyncHttpClient-1-5] DEBUG org.asynchttpclient.netty.handler.HttpHandler - 

Request DefaultHttpRequest(decodeResult: success, version: HTTP/1.1)
POST /session/851b766693bb727519121be8efa271d1/element HTTP/1.1
User-Agent: selenium/4.1.2 (java windows)
Content-Length: 117
Content-Type: application/json; charset=utf-8
host: localhost:51711
accept: */*

Response DefaultHttpResponse(decodeResult: success, version: HTTP/1.1)
HTTP/1.1 200 OK
Content-Type: application/json; charset=utf-8
cache-control: no-cache
content-length: 88

15:22:29.369 [AsyncHttpClient-1-5] DEBUG org.asynchttpclient.netty.channel.ChannelManager - Adding key: http://localhost:51711 for channel [id: 0xb92d4a56, L:/127.0.0.1:62283 - R:localhost/127.0.0.1:51711]
15:22:29.370 [Forwarding clickElement on session 851b766693bb727519121be8efa271d1 to remote] DEBUG org.asynchttpclient.netty.request.NettyRequestSender - Using pooled Channel '[id: 0xb92d4a56, L:/127.0.0.1:62283 - R:localhost/127.0.0.1:51711]' for 'POST' to 'http://localhost:51711/session/851b766693bb727519121be8efa271d1/element/89109b9e-13b3-4543-8cb0-0fa0c1fae36f/click'
15:22:29.371 [Forwarding clickElement on session 851b766693bb727519121be8efa271d1 to remote] DEBUG org.asynchttpclient.netty.request.NettyRequestSender - Using open Channel [id: 0xb92d4a56, L:/127.0.0.1:62283 - R:localhost/127.0.0.1:51711] for POST '/session/851b766693bb727519121be8efa271d1/element/89109b9e-13b3-4543-8cb0-0fa0c1fae36f/click'
15:22:29.557 [AsyncHttpClient-1-5] DEBUG org.asynchttpclient.netty.handler.HttpHandler - 

Request DefaultHttpRequest(decodeResult: success, version: HTTP/1.1)
POST /session/851b766693bb727519121be8efa271d1/element/89109b9e-13b3-4543-8cb0-0fa0c1fae36f/click HTTP/1.1
User-Agent: selenium/4.1.2 (java windows)
Content-Length: 50
Content-Type: application/json; charset=utf-8
host: localhost:51711
accept: */*

Response DefaultHttpResponse(decodeResult: success, version: HTTP/1.1)
HTTP/1.1 200 OK
Content-Type: application/json; charset=utf-8
cache-control: no-cache
content-length: 14

15:22:29.558 [AsyncHttpClient-1-5] DEBUG org.asynchttpclient.netty.channel.ChannelManager - Adding key: http://localhost:51711 for channel [id: 0xb92d4a56, L:/127.0.0.1:62283 - R:localhost/127.0.0.1:51711]
  &amp#27;[32mAnd &amp#27;[0m&amp#27;[32mI select a session&amp#27;[0m                   &amp#27;[90m# starter.stepdefinitions.ManageVaccinationBookingsSteps.iSelectASession()&amp#27;[0m
15:22:29.579 [Forwarding screenshot on session 851b766693bb727519121be8efa271d1 to remote] DEBUG org.asynchttpclient.netty.request.NettyRequestSender - Using pooled Channel '[id: 0xb92d4a56, L:/127.0.0.1:62283 - R:localhost/127.0.0.1:51711]' for 'GET' to 'http://localhost:51711/session/851b766693bb727519121be8efa271d1/screenshot'
15:22:29.579 [Forwarding screenshot on session 851b766693bb727519121be8efa271d1 to remote] DEBUG org.asynchttpclient.netty.request.NettyRequestSender - Using open Channel [id: 0xb92d4a56, L:/127.0.0.1:62283 - R:localhost/127.0.0.1:51711] for GET '/session/851b766693bb727519121be8efa271d1/screenshot'
15:22:29.810 [AsyncHttpClient-1-5] DEBUG org.asynchttpclient.netty.handler.HttpHandler - 

Request DefaultFullHttpRequest(decodeResult: success, version: HTTP/1.1, content: EmptyByteBufBE)
GET /session/851b766693bb727519121be8efa271d1/screenshot HTTP/1.1
User-Agent: selenium/4.1.2 (java windows)
Cache-Control: no-cache
Content-Type: application/json; charset=utf-8
host: localhost:51711
accept: */*

Response DefaultHttpResponse(decodeResult: success, version: HTTP/1.1)
HTTP/1.1 200 OK
Content-Type: application/json; charset=utf-8
cache-control: no-cache
content-length: 129616

15:22:29.812 [AsyncHttpClient-1-5] DEBUG org.asynchttpclient.netty.channel.ChannelManager - Adding key: http://localhost:51711 for channel [id: 0xb92d4a56, L:/127.0.0.1:62283 - R:localhost/127.0.0.1:51711]
15:22:29.821 [main] DEBUG net.serenitybdd.core.photography.Darkroom - Send negative for processing for target\site\serenity\a8c910992590609478408a5450b44243e57a411d0804ff6f30cff7822f9257c5.png
15:22:29.822 [Darkroom Processing Line] DEBUG net.serenitybdd.core.photography.DarkroomProcessingLine - Processing screenshot image in /var/screenshots/screenshot-12662292522974914805
15:22:29.822 [Darkroom Processing Line] DEBUG net.serenitybdd.core.photography.DarkroomProcessingLine - Saving screenshot to target\site\serenity\a8c910992590609478408a5450b44243e57a411d0804ff6f30cff7822f9257c5.png
15:22:29.826 [AsyncHttpClient-1-1] DEBUG org.asynchttpclient.netty.channel.DefaultChannelPool - Entry count for : http://localhost:51711 : 1
15:22:29.826 [AsyncHttpClient-1-1] DEBUG org.asynchttpclient.netty.channel.DefaultChannelPool - Entry count for : http://localhost:62284 : 1
15:22:29.833 [Forwarding findElement on session 851b766693bb727519121be8efa271d1 to remote] DEBUG org.asynchttpclient.netty.request.NettyRequestSender - Using pooled Channel '[id: 0xb92d4a56, L:/127.0.0.1:62283 - R:localhost/127.0.0.1:51711]' for 'POST' to 'http://localhost:51711/session/851b766693bb727519121be8efa271d1/element'
15:22:29.833 [Forwarding findElement on session 851b766693bb727519121be8efa271d1 to remote] DEBUG org.asynchttpclient.netty.request.NettyRequestSender - Using open Channel [id: 0xb92d4a56, L:/127.0.0.1:62283 - R:localhost/127.0.0.1:51711] for POST '/session/851b766693bb727519121be8efa271d1/element'
15:22:29.868 [AsyncHttpClient-1-5] DEBUG org.asynchttpclient.netty.handler.HttpHandler - 

Request DefaultHttpRequest(decodeResult: success, version: HTTP/1.1)
POST /session/851b766693bb727519121be8efa271d1/element HTTP/1.1
User-Agent: selenium/4.1.2 (java windows)
Content-Length: 85
Content-Type: application/json; charset=utf-8
host: localhost:51711
accept: */*

Response DefaultHttpResponse(decodeResult: success, version: HTTP/1.1)
HTTP/1.1 200 OK
Content-Type: application/json; charset=utf-8
cache-control: no-cache
content-length: 88

15:22:29.869 [AsyncHttpClient-1-5] DEBUG org.asynchttpclient.netty.channel.ChannelManager - Adding key: http://localhost:51711 for channel [id: 0xb92d4a56, L:/127.0.0.1:62283 - R:localhost/127.0.0.1:51711]
15:22:29.870 [Forwarding getElementTagName on session 851b766693bb727519121be8efa271d1 to remote] DEBUG org.asynchttpclient.netty.request.NettyRequestSender - Using pooled Channel '[id: 0xb92d4a56, L:/127.0.0.1:62283 - R:localhost/127.0.0.1:51711]' for 'GET' to 'http://localhost:51711/session/851b766693bb727519121be8efa271d1/element/09a6a0c6-7cc5-4883-bc20-10e8eee1be2e/name'
15:22:29.871 [Forwarding getElementTagName on session 851b766693bb727519121be8efa271d1 to remote] DEBUG org.asynchttpclient.netty.request.NettyRequestSender - Using open Channel [id: 0xb92d4a56, L:/127.0.0.1:62283 - R:localhost/127.0.0.1:51711] for GET '/session/851b766693bb727519121be8efa271d1/element/09a6a0c6-7cc5-4883-bc20-10e8eee1be2e/name'
15:22:29.878 [AsyncHttpClient-1-5] DEBUG org.asynchttpclient.netty.handler.HttpHandler - 

Request DefaultFullHttpRequest(decodeResult: success, version: HTTP/1.1, content: EmptyByteBufBE)
GET /session/851b766693bb727519121be8efa271d1/element/09a6a0c6-7cc5-4883-bc20-10e8eee1be2e/name HTTP/1.1
User-Agent: selenium/4.1.2 (java windows)
Cache-Control: no-cache
Content-Type: application/json; charset=utf-8
host: localhost:51711
accept: */*

Response DefaultHttpResponse(decodeResult: success, version: HTTP/1.1)
HTTP/1.1 200 OK
Content-Type: application/json; charset=utf-8
cache-control: no-cache
content-length: 17

15:22:29.878 [AsyncHttpClient-1-5] DEBUG org.asynchttpclient.netty.channel.ChannelManager - Adding key: http://localhost:51711 for channel [id: 0xb92d4a56, L:/127.0.0.1:62283 - R:localhost/127.0.0.1:51711]
15:22:29.880 [Forwarding getElementTagName on session 851b766693bb727519121be8efa271d1 to remote] DEBUG org.asynchttpclient.netty.request.NettyRequestSender - Using pooled Channel '[id: 0xb92d4a56, L:/127.0.0.1:62283 - R:localhost/127.0.0.1:51711]' for 'GET' to 'http://localhost:51711/session/851b766693bb727519121be8efa271d1/element/09a6a0c6-7cc5-4883-bc20-10e8eee1be2e/name'
15:22:29.881 [Forwarding getElementTagName on session 851b766693bb727519121be8efa271d1 to remote] DEBUG org.asynchttpclient.netty.request.NettyRequestSender - Using open Channel [id: 0xb92d4a56, L:/127.0.0.1:62283 - R:localhost/127.0.0.1:51711] for GET '/session/851b766693bb727519121be8efa271d1/element/09a6a0c6-7cc5-4883-bc20-10e8eee1be2e/name'
15:22:29.884 [AsyncHttpClient-1-5] DEBUG org.asynchttpclient.netty.handler.HttpHandler - 

Request DefaultFullHttpRequest(decodeResult: success, version: HTTP/1.1, content: EmptyByteBufBE)
GET /session/851b766693bb727519121be8efa271d1/element/09a6a0c6-7cc5-4883-bc20-10e8eee1be2e/name HTTP/1.1
User-Agent: selenium/4.1.2 (java windows)
Cache-Control: no-cache
Content-Type: application/json; charset=utf-8
host: localhost:51711
accept: */*

Response DefaultHttpResponse(decodeResult: success, version: HTTP/1.1)
HTTP/1.1 200 OK
Content-Type: application/json; charset=utf-8
cache-control: no-cache
content-length: 17

15:22:29.884 [AsyncHttpClient-1-5] DEBUG org.asynchttpclient.netty.channel.ChannelManager - Adding key: http://localhost:51711 for channel [id: 0xb92d4a56, L:/127.0.0.1:62283 - R:localhost/127.0.0.1:51711]
15:22:29.885 [Forwarding isElementEnabled on session 851b766693bb727519121be8efa271d1 to remote] DEBUG org.asynchttpclient.netty.request.NettyRequestSender - Using pooled Channel '[id: 0xb92d4a56, L:/127.0.0.1:62283 - R:localhost/127.0.0.1:51711]' for 'GET' to 'http://localhost:51711/session/851b766693bb727519121be8efa271d1/element/09a6a0c6-7cc5-4883-bc20-10e8eee1be2e/enabled'
15:22:29.885 [Forwarding isElementEnabled on session 851b766693bb727519121be8efa271d1 to remote] DEBUG org.asynchttpclient.netty.request.NettyRequestSender - Using open Channel [id: 0xb92d4a56, L:/127.0.0.1:62283 - R:localhost/127.0.0.1:51711] for GET '/session/851b766693bb727519121be8efa271d1/element/09a6a0c6-7cc5-4883-bc20-10e8eee1be2e/enabled'
15:22:29.891 [AsyncHttpClient-1-5] DEBUG org.asynchttpclient.netty.handler.HttpHandler - 

Request DefaultFullHttpRequest(decodeResult: success, version: HTTP/1.1, content: EmptyByteBufBE)
GET /session/851b766693bb727519121be8efa271d1/element/09a6a0c6-7cc5-4883-bc20-10e8eee1be2e/enabled HTTP/1.1
User-Agent: selenium/4.1.2 (java windows)
Cache-Control: no-cache
Content-Type: application/json; charset=utf-8
host: localhost:51711
accept: */*

Response DefaultHttpResponse(decodeResult: success, version: HTTP/1.1)
HTTP/1.1 200 OK
Content-Type: application/json; charset=utf-8
cache-control: no-cache
content-length: 14

15:22:29.891 [AsyncHttpClient-1-5] DEBUG org.asynchttpclient.netty.channel.ChannelManager - Adding key: http://localhost:51711 for channel [id: 0xb92d4a56, L:/127.0.0.1:62283 - R:localhost/127.0.0.1:51711]
15:22:29.895 [Forwarding isElementEnabled on session 851b766693bb727519121be8efa271d1 to remote] DEBUG org.asynchttpclient.netty.request.NettyRequestSender - Using pooled Channel '[id: 0xb92d4a56, L:/127.0.0.1:62283 - R:localhost/127.0.0.1:51711]' for 'GET' to 'http://localhost:51711/session/851b766693bb727519121be8efa271d1/element/09a6a0c6-7cc5-4883-bc20-10e8eee1be2e/enabled'
15:22:29.895 [Forwarding isElementEnabled on session 851b766693bb727519121be8efa271d1 to remote] DEBUG org.asynchttpclient.netty.request.NettyRequestSender - Using open Channel [id: 0xb92d4a56, L:/127.0.0.1:62283 - R:localhost/127.0.0.1:51711] for GET '/session/851b766693bb727519121be8efa271d1/element/09a6a0c6-7cc5-4883-bc20-10e8eee1be2e/enabled'
15:22:29.898 [AsyncHttpClient-1-5] DEBUG org.asynchttpclient.netty.handler.HttpHandler - 

Request DefaultFullHttpRequest(decodeResult: success, version: HTTP/1.1, content: EmptyByteBufBE)
GET /session/851b766693bb727519121be8efa271d1/element/09a6a0c6-7cc5-4883-bc20-10e8eee1be2e/enabled HTTP/1.1
User-Agent: selenium/4.1.2 (java windows)
Cache-Control: no-cache
Content-Type: application/json; charset=utf-8
host: localhost:51711
accept: */*

Response DefaultHttpResponse(decodeResult: success, version: HTTP/1.1)
HTTP/1.1 200 OK
Content-Type: application/json; charset=utf-8
cache-control: no-cache
content-length: 14

15:22:29.898 [AsyncHttpClient-1-5] DEBUG org.asynchttpclient.netty.channel.ChannelManager - Adding key: http://localhost:51711 for channel [id: 0xb92d4a56, L:/127.0.0.1:62283 - R:localhost/127.0.0.1:51711]
15:22:29.902 [Forwarding findElement on session 851b766693bb727519121be8efa271d1 to remote] DEBUG org.asynchttpclient.netty.request.NettyRequestSender - Using pooled Channel '[id: 0xb92d4a56, L:/127.0.0.1:62283 - R:localhost/127.0.0.1:51711]' for 'POST' to 'http://localhost:51711/session/851b766693bb727519121be8efa271d1/element'
15:22:29.903 [Forwarding findElement on session 851b766693bb727519121be8efa271d1 to remote] DEBUG org.asynchttpclient.netty.request.NettyRequestSender - Using open Channel [id: 0xb92d4a56, L:/127.0.0.1:62283 - R:localhost/127.0.0.1:51711] for POST '/session/851b766693bb727519121be8efa271d1/element'
15:22:29.910 [AsyncHttpClient-1-5] DEBUG org.asynchttpclient.netty.handler.HttpHandler - 

Request DefaultHttpRequest(decodeResult: success, version: HTTP/1.1)
POST /session/851b766693bb727519121be8efa271d1/element HTTP/1.1
User-Agent: selenium/4.1.2 (java windows)
Content-Length: 85
Content-Type: application/json; charset=utf-8
host: localhost:51711
accept: */*

Response DefaultHttpResponse(decodeResult: success, version: HTTP/1.1)
HTTP/1.1 200 OK
Content-Type: application/json; charset=utf-8
cache-control: no-cache
content-length: 88

15:22:29.910 [AsyncHttpClient-1-5] DEBUG org.asynchttpclient.netty.channel.ChannelManager - Adding key: http://localhost:51711 for channel [id: 0xb92d4a56, L:/127.0.0.1:62283 - R:localhost/127.0.0.1:51711]
15:22:29.911 [Forwarding clickElement on session 851b766693bb727519121be8efa271d1 to remote] DEBUG org.asynchttpclient.netty.request.NettyRequestSender - Using pooled Channel '[id: 0xb92d4a56, L:/127.0.0.1:62283 - R:localhost/127.0.0.1:51711]' for 'POST' to 'http://localhost:51711/session/851b766693bb727519121be8efa271d1/element/09a6a0c6-7cc5-4883-bc20-10e8eee1be2e/click'
15:22:29.911 [Forwarding clickElement on session 851b766693bb727519121be8efa271d1 to remote] DEBUG org.asynchttpclient.netty.request.NettyRequestSender - Using open Channel [id: 0xb92d4a56, L:/127.0.0.1:62283 - R:localhost/127.0.0.1:51711] for POST '/session/851b766693bb727519121be8efa271d1/element/09a6a0c6-7cc5-4883-bc20-10e8eee1be2e/click'
15:22:30.078 [AsyncHttpClient-1-5] DEBUG org.asynchttpclient.netty.handler.HttpHandler - 

Request DefaultHttpRequest(decodeResult: success, version: HTTP/1.1)
POST /session/851b766693bb727519121be8efa271d1/element/09a6a0c6-7cc5-4883-bc20-10e8eee1be2e/click HTTP/1.1
User-Agent: selenium/4.1.2 (java windows)
Content-Length: 50
Content-Type: application/json; charset=utf-8
host: localhost:51711
accept: */*

Response DefaultHttpResponse(decodeResult: success, version: HTTP/1.1)
HTTP/1.1 200 OK
Content-Type: application/json; charset=utf-8
cache-control: no-cache
content-length: 14

15:22:30.078 [AsyncHttpClient-1-5] DEBUG org.asynchttpclient.netty.channel.ChannelManager - Adding key: http://localhost:51711 for channel [id: 0xb92d4a56, L:/127.0.0.1:62283 - R:localhost/127.0.0.1:51711]
  &amp#27;[32mAnd &amp#27;[0m&amp#27;[32mI select all bookings&amp#27;[0m                &amp#27;[90m# starter.stepdefinitions.ManageVaccinationBookingsSteps.iSelectAllBookings()&amp#27;[0m
15:22:30.097 [Forwarding screenshot on session 851b766693bb727519121be8efa271d1 to remote] DEBUG org.asynchttpclient.netty.request.NettyRequestSender - Using pooled Channel '[id: 0xb92d4a56, L:/127.0.0.1:62283 - R:localhost/127.0.0.1:51711]' for 'GET' to 'http://localhost:51711/session/851b766693bb727519121be8efa271d1/screenshot'
15:22:30.097 [Forwarding screenshot on session 851b766693bb727519121be8efa271d1 to remote] DEBUG org.asynchttpclient.netty.request.NettyRequestSender - Using open Channel [id: 0xb92d4a56, L:/127.0.0.1:62283 - R:localhost/127.0.0.1:51711] for GET '/session/851b766693bb727519121be8efa271d1/screenshot'
15:22:30.239 [AsyncHttpClient-1-5] DEBUG org.asynchttpclient.netty.handler.HttpHandler - 

Request DefaultFullHttpRequest(decodeResult: success, version: HTTP/1.1, content: EmptyByteBufBE)
GET /session/851b766693bb727519121be8efa271d1/screenshot HTTP/1.1
User-Agent: selenium/4.1.2 (java windows)
Cache-Control: no-cache
Content-Type: application/json; charset=utf-8
host: localhost:51711
accept: */*

Response DefaultHttpResponse(decodeResult: success, version: HTTP/1.1)
HTTP/1.1 200 OK
Content-Type: application/json; charset=utf-8
cache-control: no-cache
content-length: 186556

15:22:30.241 [AsyncHttpClient-1-5] DEBUG org.asynchttpclient.netty.channel.ChannelManager - Adding key: http://localhost:51711 for channel [id: 0xb92d4a56, L:/127.0.0.1:62283 - R:localhost/127.0.0.1:51711]
15:22:30.247 [main] DEBUG net.serenitybdd.core.photography.Darkroom - Send negative for processing for target\site\serenity\9f9b77675d5632f39152cd0f7a5172c6c46b402d65c2a367c584bc572df06007.png
15:22:30.247 [Darkroom Processing Line] DEBUG net.serenitybdd.core.photography.DarkroomProcessingLine - Processing screenshot image in /var/screenshots/screenshot-6669649778064833863
15:22:30.247 [Darkroom Processing Line] DEBUG net.serenitybdd.core.photography.DarkroomProcessingLine - Saving screenshot to target\site\serenity\9f9b77675d5632f39152cd0f7a5172c6c46b402d65c2a367c584bc572df06007.png
15:22:30.260 [Forwarding findElement on session 851b766693bb727519121be8efa271d1 to remote] DEBUG org.asynchttpclient.netty.request.NettyRequestSender - Using pooled Channel '[id: 0xb92d4a56, L:/127.0.0.1:62283 - R:localhost/127.0.0.1:51711]' for 'POST' to 'http://localhost:51711/session/851b766693bb727519121be8efa271d1/element'
15:22:30.260 [Forwarding findElement on session 851b766693bb727519121be8efa271d1 to remote] DEBUG org.asynchttpclient.netty.request.NettyRequestSender - Using open Channel [id: 0xb92d4a56, L:/127.0.0.1:62283 - R:localhost/127.0.0.1:51711] for POST '/session/851b766693bb727519121be8efa271d1/element'
15:22:30.272 [AsyncHttpClient-1-5] DEBUG org.asynchttpclient.netty.handler.HttpHandler - 

Request DefaultHttpRequest(decodeResult: success, version: HTTP/1.1)
POST /session/851b766693bb727519121be8efa271d1/element HTTP/1.1
User-Agent: selenium/4.1.2 (java windows)
Content-Length: 315
Content-Type: application/json; charset=utf-8
host: localhost:51711
accept: */*

Response DefaultHttpResponse(decodeResult: success, version: HTTP/1.1)
HTTP/1.1 200 OK
Content-Type: application/json; charset=utf-8
cache-control: no-cache
content-length: 88

15:22:30.272 [AsyncHttpClient-1-5] DEBUG org.asynchttpclient.netty.channel.ChannelManager - Adding key: http://localhost:51711 for channel [id: 0xb92d4a56, L:/127.0.0.1:62283 - R:localhost/127.0.0.1:51711]
15:22:30.274 [Forwarding getElementTagName on session 851b766693bb727519121be8efa271d1 to remote] DEBUG org.asynchttpclient.netty.request.NettyRequestSender - Using pooled Channel '[id: 0xb92d4a56, L:/127.0.0.1:62283 - R:localhost/127.0.0.1:51711]' for 'GET' to 'http://localhost:51711/session/851b766693bb727519121be8efa271d1/element/f4a844a4-2189-44f2-973f-70511e48a69b/name'
15:22:30.274 [Forwarding getElementTagName on session 851b766693bb727519121be8efa271d1 to remote] DEBUG org.asynchttpclient.netty.request.NettyRequestSender - Using open Channel [id: 0xb92d4a56, L:/127.0.0.1:62283 - R:localhost/127.0.0.1:51711] for GET '/session/851b766693bb727519121be8efa271d1/element/f4a844a4-2189-44f2-973f-70511e48a69b/name'
15:22:30.280 [AsyncHttpClient-1-5] DEBUG org.asynchttpclient.netty.handler.HttpHandler - 

Request DefaultFullHttpRequest(decodeResult: success, version: HTTP/1.1, content: EmptyByteBufBE)
GET /session/851b766693bb727519121be8efa271d1/element/f4a844a4-2189-44f2-973f-70511e48a69b/name HTTP/1.1
User-Agent: selenium/4.1.2 (java windows)
Cache-Control: no-cache
Content-Type: application/json; charset=utf-8
host: localhost:51711
accept: */*

Response DefaultHttpResponse(decodeResult: success, version: HTTP/1.1)
HTTP/1.1 200 OK
Content-Type: application/json; charset=utf-8
cache-control: no-cache
content-length: 18

15:22:30.280 [AsyncHttpClient-1-5] DEBUG org.asynchttpclient.netty.channel.ChannelManager - Adding key: http://localhost:51711 for channel [id: 0xb92d4a56, L:/127.0.0.1:62283 - R:localhost/127.0.0.1:51711]
15:22:30.281 [Forwarding getElementTagName on session 851b766693bb727519121be8efa271d1 to remote] DEBUG org.asynchttpclient.netty.request.NettyRequestSender - Using pooled Channel '[id: 0xb92d4a56, L:/127.0.0.1:62283 - R:localhost/127.0.0.1:51711]' for 'GET' to 'http://localhost:51711/session/851b766693bb727519121be8efa271d1/element/f4a844a4-2189-44f2-973f-70511e48a69b/name'
15:22:30.281 [Forwarding getElementTagName on session 851b766693bb727519121be8efa271d1 to remote] DEBUG org.asynchttpclient.netty.request.NettyRequestSender - Using open Channel [id: 0xb92d4a56, L:/127.0.0.1:62283 - R:localhost/127.0.0.1:51711] for GET '/session/851b766693bb727519121be8efa271d1/element/f4a844a4-2189-44f2-973f-70511e48a69b/name'
15:22:30.286 [AsyncHttpClient-1-5] DEBUG org.asynchttpclient.netty.handler.HttpHandler - 

Request DefaultFullHttpRequest(decodeResult: success, version: HTTP/1.1, content: EmptyByteBufBE)
GET /session/851b766693bb727519121be8efa271d1/element/f4a844a4-2189-44f2-973f-70511e48a69b/name HTTP/1.1
User-Agent: selenium/4.1.2 (java windows)
Cache-Control: no-cache
Content-Type: application/json; charset=utf-8
host: localhost:51711
accept: */*

Response DefaultHttpResponse(decodeResult: success, version: HTTP/1.1)
HTTP/1.1 200 OK
Content-Type: application/json; charset=utf-8
cache-control: no-cache
content-length: 18

15:22:30.287 [AsyncHttpClient-1-5] DEBUG org.asynchttpclient.netty.channel.ChannelManager - Adding key: http://localhost:51711 for channel [id: 0xb92d4a56, L:/127.0.0.1:62283 - R:localhost/127.0.0.1:51711]
15:22:30.288 [Forwarding isElementEnabled on session 851b766693bb727519121be8efa271d1 to remote] DEBUG org.asynchttpclient.netty.request.NettyRequestSender - Using pooled Channel '[id: 0xb92d4a56, L:/127.0.0.1:62283 - R:localhost/127.0.0.1:51711]' for 'GET' to 'http://localhost:51711/session/851b766693bb727519121be8efa271d1/element/f4a844a4-2189-44f2-973f-70511e48a69b/enabled'
15:22:30.288 [Forwarding isElementEnabled on session 851b766693bb727519121be8efa271d1 to remote] DEBUG org.asynchttpclient.netty.request.NettyRequestSender - Using open Channel [id: 0xb92d4a56, L:/127.0.0.1:62283 - R:localhost/127.0.0.1:51711] for GET '/session/851b766693bb727519121be8efa271d1/element/f4a844a4-2189-44f2-973f-70511e48a69b/enabled'
15:22:30.295 [AsyncHttpClient-1-5] DEBUG org.asynchttpclient.netty.handler.HttpHandler - 

Request DefaultFullHttpRequest(decodeResult: success, version: HTTP/1.1, content: EmptyByteBufBE)
GET /session/851b766693bb727519121be8efa271d1/element/f4a844a4-2189-44f2-973f-70511e48a69b/enabled HTTP/1.1
User-Agent: selenium/4.1.2 (java windows)
Cache-Control: no-cache
Content-Type: application/json; charset=utf-8
host: localhost:51711
accept: */*

Response DefaultHttpResponse(decodeResult: success, version: HTTP/1.1)
HTTP/1.1 200 OK
Content-Type: application/json; charset=utf-8
cache-control: no-cache
content-length: 14

15:22:30.295 [AsyncHttpClient-1-5] DEBUG org.asynchttpclient.netty.channel.ChannelManager - Adding key: http://localhost:51711 for channel [id: 0xb92d4a56, L:/127.0.0.1:62283 - R:localhost/127.0.0.1:51711]
15:22:30.297 [Forwarding isElementEnabled on session 851b766693bb727519121be8efa271d1 to remote] DEBUG org.asynchttpclient.netty.request.NettyRequestSender - Using pooled Channel '[id: 0xb92d4a56, L:/127.0.0.1:62283 - R:localhost/127.0.0.1:51711]' for 'GET' to 'http://localhost:51711/session/851b766693bb727519121be8efa271d1/element/f4a844a4-2189-44f2-973f-70511e48a69b/enabled'
15:22:30.297 [Forwarding isElementEnabled on session 851b766693bb727519121be8efa271d1 to remote] DEBUG org.asynchttpclient.netty.request.NettyRequestSender - Using open Channel [id: 0xb92d4a56, L:/127.0.0.1:62283 - R:localhost/127.0.0.1:51711] for GET '/session/851b766693bb727519121be8efa271d1/element/f4a844a4-2189-44f2-973f-70511e48a69b/enabled'
15:22:30.302 [AsyncHttpClient-1-5] DEBUG org.asynchttpclient.netty.handler.HttpHandler - 

Request DefaultFullHttpRequest(decodeResult: success, version: HTTP/1.1, content: EmptyByteBufBE)
GET /session/851b766693bb727519121be8efa271d1/element/f4a844a4-2189-44f2-973f-70511e48a69b/enabled HTTP/1.1
User-Agent: selenium/4.1.2 (java windows)
Cache-Control: no-cache
Content-Type: application/json; charset=utf-8
host: localhost:51711
accept: */*

Response DefaultHttpResponse(decodeResult: success, version: HTTP/1.1)
HTTP/1.1 200 OK
Content-Type: application/json; charset=utf-8
cache-control: no-cache
content-length: 14

15:22:30.303 [AsyncHttpClient-1-5] DEBUG org.asynchttpclient.netty.channel.ChannelManager - Adding key: http://localhost:51711 for channel [id: 0xb92d4a56, L:/127.0.0.1:62283 - R:localhost/127.0.0.1:51711]
15:22:30.307 [Forwarding findElement on session 851b766693bb727519121be8efa271d1 to remote] DEBUG org.asynchttpclient.netty.request.NettyRequestSender - Using pooled Channel '[id: 0xb92d4a56, L:/127.0.0.1:62283 - R:localhost/127.0.0.1:51711]' for 'POST' to 'http://localhost:51711/session/851b766693bb727519121be8efa271d1/element'
15:22:30.307 [Forwarding findElement on session 851b766693bb727519121be8efa271d1 to remote] DEBUG org.asynchttpclient.netty.request.NettyRequestSender - Using open Channel [id: 0xb92d4a56, L:/127.0.0.1:62283 - R:localhost/127.0.0.1:51711] for POST '/session/851b766693bb727519121be8efa271d1/element'
15:22:30.315 [AsyncHttpClient-1-5] DEBUG org.asynchttpclient.netty.handler.HttpHandler - 

Request DefaultHttpRequest(decodeResult: success, version: HTTP/1.1)
POST /session/851b766693bb727519121be8efa271d1/element HTTP/1.1
User-Agent: selenium/4.1.2 (java windows)
Content-Length: 315
Content-Type: application/json; charset=utf-8
host: localhost:51711
accept: */*

Response DefaultHttpResponse(decodeResult: success, version: HTTP/1.1)
HTTP/1.1 200 OK
Content-Type: application/json; charset=utf-8
cache-control: no-cache
content-length: 88

15:22:30.315 [AsyncHttpClient-1-5] DEBUG org.asynchttpclient.netty.channel.ChannelManager - Adding key: http://localhost:51711 for channel [id: 0xb92d4a56, L:/127.0.0.1:62283 - R:localhost/127.0.0.1:51711]
15:22:30.316 [Forwarding clickElement on session 851b766693bb727519121be8efa271d1 to remote] DEBUG org.asynchttpclient.netty.request.NettyRequestSender - Using pooled Channel '[id: 0xb92d4a56, L:/127.0.0.1:62283 - R:localhost/127.0.0.1:51711]' for 'POST' to 'http://localhost:51711/session/851b766693bb727519121be8efa271d1/element/f4a844a4-2189-44f2-973f-70511e48a69b/click'
15:22:30.316 [Forwarding clickElement on session 851b766693bb727519121be8efa271d1 to remote] DEBUG org.asynchttpclient.netty.request.NettyRequestSender - Using open Channel [id: 0xb92d4a56, L:/127.0.0.1:62283 - R:localhost/127.0.0.1:51711] for POST '/session/851b766693bb727519121be8efa271d1/element/f4a844a4-2189-44f2-973f-70511e48a69b/click'
15:22:30.419 [AsyncHttpClient-1-5] DEBUG org.asynchttpclient.netty.handler.HttpHandler - 

Request DefaultHttpRequest(decodeResult: success, version: HTTP/1.1)
POST /session/851b766693bb727519121be8efa271d1/element/f4a844a4-2189-44f2-973f-70511e48a69b/click HTTP/1.1
User-Agent: selenium/4.1.2 (java windows)
Content-Length: 50
Content-Type: application/json; charset=utf-8
host: localhost:51711
accept: */*

Response DefaultHttpResponse(decodeResult: success, version: HTTP/1.1)
HTTP/1.1 200 OK
Content-Type: application/json; charset=utf-8
cache-control: no-cache
content-length: 14

15:22:30.419 [AsyncHttpClient-1-5] DEBUG org.asynchttpclient.netty.channel.ChannelManager - Adding key: http://localhost:51711 for channel [id: 0xb92d4a56, L:/127.0.0.1:62283 - R:localhost/127.0.0.1:51711]
  &amp#27;[32mAnd &amp#27;[0m&amp#27;[32mI click Terima Semua button&amp#27;[0m          &amp#27;[90m# starter.stepdefinitions.ManageVaccinationBookingsSteps.iClickTerimaSemuaButton()&amp#27;[0m
15:22:30.433 [Forwarding screenshot on session 851b766693bb727519121be8efa271d1 to remote] DEBUG org.asynchttpclient.netty.request.NettyRequestSender - Using pooled Channel '[id: 0xb92d4a56, L:/127.0.0.1:62283 - R:localhost/127.0.0.1:51711]' for 'GET' to 'http://localhost:51711/session/851b766693bb727519121be8efa271d1/screenshot'
15:22:30.434 [Forwarding screenshot on session 851b766693bb727519121be8efa271d1 to remote] DEBUG org.asynchttpclient.netty.request.NettyRequestSender - Using open Channel [id: 0xb92d4a56, L:/127.0.0.1:62283 - R:localhost/127.0.0.1:51711] for GET '/session/851b766693bb727519121be8efa271d1/screenshot'
15:22:30.669 [AsyncHttpClient-1-5] DEBUG org.asynchttpclient.netty.handler.HttpHandler - 

Request DefaultFullHttpRequest(decodeResult: success, version: HTTP/1.1, content: EmptyByteBufBE)
GET /session/851b766693bb727519121be8efa271d1/screenshot HTTP/1.1
User-Agent: selenium/4.1.2 (java windows)
Cache-Control: no-cache
Content-Type: application/json; charset=utf-8
host: localhost:51711
accept: */*

Response DefaultHttpResponse(decodeResult: success, version: HTTP/1.1)
HTTP/1.1 200 OK
Content-Type: application/json; charset=utf-8
cache-control: no-cache
content-length: 169996

15:22:30.670 [AsyncHttpClient-1-5] DEBUG org.asynchttpclient.netty.channel.ChannelManager - Adding key: http://localhost:51711 for channel [id: 0xb92d4a56, L:/127.0.0.1:62283 - R:localhost/127.0.0.1:51711]
15:22:30.682 [main] DEBUG net.serenitybdd.core.photography.Darkroom - Send negative for processing for target\site\serenity\fa43e5af322a5144497dc9c5fb9df209dbf665ecda2bdb1b3f0a519f2b12a7ac.png
15:22:30.683 [Darkroom Processing Line] DEBUG net.serenitybdd.core.photography.DarkroomProcessingLine - Processing screenshot image in /var/screenshots/screenshot-5903843731187593854
15:22:30.683 [Darkroom Processing Line] DEBUG net.serenitybdd.core.photography.DarkroomProcessingLine - Saving screenshot to target\site\serenity\fa43e5af322a5144497dc9c5fb9df209dbf665ecda2bdb1b3f0a519f2b12a7ac.png
15:22:30.700 [Forwarding findElement on session 851b766693bb727519121be8efa271d1 to remote] DEBUG org.asynchttpclient.netty.request.NettyRequestSender - Using pooled Channel '[id: 0xb92d4a56, L:/127.0.0.1:62283 - R:localhost/127.0.0.1:51711]' for 'POST' to 'http://localhost:51711/session/851b766693bb727519121be8efa271d1/element'
15:22:30.701 [Forwarding findElement on session 851b766693bb727519121be8efa271d1 to remote] DEBUG org.asynchttpclient.netty.request.NettyRequestSender - Using open Channel [id: 0xb92d4a56, L:/127.0.0.1:62283 - R:localhost/127.0.0.1:51711] for POST '/session/851b766693bb727519121be8efa271d1/element'
15:22:30.726 [AsyncHttpClient-1-5] DEBUG org.asynchttpclient.netty.handler.HttpHandler - 

Request DefaultHttpRequest(decodeResult: success, version: HTTP/1.1)
POST /session/851b766693bb727519121be8efa271d1/element HTTP/1.1
User-Agent: selenium/4.1.2 (java windows)
Content-Length: 172
Content-Type: application/json; charset=utf-8
host: localhost:51711
accept: */*

Response DefaultHttpResponse(decodeResult: success, version: HTTP/1.1)
HTTP/1.1 200 OK
Content-Type: application/json; charset=utf-8
cache-control: no-cache
content-length: 88

15:22:30.727 [AsyncHttpClient-1-5] DEBUG org.asynchttpclient.netty.channel.ChannelManager - Adding key: http://localhost:51711 for channel [id: 0xb92d4a56, L:/127.0.0.1:62283 - R:localhost/127.0.0.1:51711]
15:22:30.731 [Forwarding isElementDisplayed on session 851b766693bb727519121be8efa271d1 to remote] DEBUG org.asynchttpclient.netty.request.NettyRequestSender - Using pooled Channel '[id: 0xb92d4a56, L:/127.0.0.1:62283 - R:localhost/127.0.0.1:51711]' for 'POST' to 'http://localhost:51711/session/851b766693bb727519121be8efa271d1/execute/sync'
15:22:30.731 [Forwarding isElementDisplayed on session 851b766693bb727519121be8efa271d1 to remote] DEBUG org.asynchttpclient.netty.request.NettyRequestSender - Using open Channel [id: 0xb92d4a56, L:/127.0.0.1:62283 - R:localhost/127.0.0.1:51711] for POST '/session/851b766693bb727519121be8efa271d1/execute/sync'
15:22:30.746 [AsyncHttpClient-1-5] DEBUG org.asynchttpclient.netty.handler.HttpHandler - 

Request DefaultHttpRequest(decodeResult: success, version: HTTP/1.1)
POST /session/851b766693bb727519121be8efa271d1/execute/sync HTTP/1.1
User-Agent: selenium/4.1.2 (java windows)
Content-Length: 48780
Content-Type: application/json; charset=utf-8
host: localhost:51711
accept: */*

Response DefaultHttpResponse(decodeResult: success, version: HTTP/1.1)
HTTP/1.1 200 OK
Content-Type: application/json; charset=utf-8
cache-control: no-cache
content-length: 14

15:22:30.746 [AsyncHttpClient-1-5] DEBUG org.asynchttpclient.netty.channel.ChannelManager - Adding key: http://localhost:51711 for channel [id: 0xb92d4a56, L:/127.0.0.1:62283 - R:localhost/127.0.0.1:51711]
  &amp#27;[32mThen &amp#27;[0m&amp#27;[32mthe booking will be approved&amp#27;[0m        &amp#27;[90m# starter.stepdefinitions.ManageVaccinationBookingsSteps.theBookingWillBeApproved()&amp#27;[0m
15:22:30.752 [Forwarding screenshot on session 851b766693bb727519121be8efa271d1 to remote] DEBUG org.asynchttpclient.netty.request.NettyRequestSender - Using pooled Channel '[id: 0xb92d4a56, L:/127.0.0.1:62283 - R:localhost/127.0.0.1:51711]' for 'GET' to 'http://localhost:51711/session/851b766693bb727519121be8efa271d1/screenshot'
15:22:30.752 [Forwarding screenshot on session 851b766693bb727519121be8efa271d1 to remote] DEBUG org.asynchttpclient.netty.request.NettyRequestSender - Using open Channel [id: 0xb92d4a56, L:/127.0.0.1:62283 - R:localhost/127.0.0.1:51711] for GET '/session/851b766693bb727519121be8efa271d1/screenshot'
15:22:30.869 [AsyncHttpClient-1-5] DEBUG org.asynchttpclient.netty.handler.HttpHandler - 

Request DefaultFullHttpRequest(decodeResult: success, version: HTTP/1.1, content: EmptyByteBufBE)
GET /session/851b766693bb727519121be8efa271d1/screenshot HTTP/1.1
User-Agent: selenium/4.1.2 (java windows)
Cache-Control: no-cache
Content-Type: application/json; charset=utf-8
host: localhost:51711
accept: */*

Response DefaultHttpResponse(decodeResult: success, version: HTTP/1.1)
HTTP/1.1 200 OK
Content-Type: application/json; charset=utf-8
cache-control: no-cache
content-length: 185828

15:22:30.870 [AsyncHttpClient-1-5] DEBUG org.asynchttpclient.netty.channel.ChannelManager - Adding key: http://localhost:51711 for channel [id: 0xb92d4a56, L:/127.0.0.1:62283 - R:localhost/127.0.0.1:51711]
15:22:30.875 [main] DEBUG net.serenitybdd.core.photography.Darkroom - Send negative for processing for target\site\serenity\945eba5ae9a7b202ab5c4895027ea9dd68815e06b2fe51edb8fd37cee82978d3.png
15:22:30.875 [Darkroom Processing Line] DEBUG net.serenitybdd.core.photography.DarkroomProcessingLine - Processing screenshot image in /var/screenshots/screenshot-14817637521709846181
15:22:30.875 [Darkroom Processing Line] DEBUG net.serenitybdd.core.photography.DarkroomProcessingLine - Saving screenshot to target\site\serenity\945eba5ae9a7b202ab5c4895027ea9dd68815e06b2fe51edb8fd37cee82978d3.png
15:22:30.877 [main] INFO  - 
  _____   ___   ___   _____     ___     _     ___   ___   ___   ___  
 |_   _| | __| / __| |_   _|   | _ \   /_\   / __| / __| | __| |   \ 
   | |   | _|  \__ \   | |     |  _/  / _ \  \__ \ \__ \ | _|  | |) |
   |_|   |___| |___/   |_|     |_|   /_/ \_\ |___/ |___/ |___| |___/ 

Approve all vaccination bookings
----------------------------------------------------------------------
15:22:30.878 [AsyncHttpClient-1-7] DEBUG org.asynchttpclient.netty.handler.WebSocketHandler - Channel Closed: [id: 0x629ac0c0, L:/127.0.0.1:62291 ! R:localhost/127.0.0.1:62284] with attribute NettyResponseFuture{currentRetry=5,
	isDone=1,
	isCancelled=0,
	asyncHandler=org.asynchttpclient.ws.WebSocketUpgradeHandler@6f1dee06,
	nettyRequest=org.asynchttpclient.netty.request.NettyRequest@2a1f6d81,
	future=java.util.concurrent.CompletableFuture@63189381[Completed normally],
	uri=ws://localhost:62284/devtools/browser/8921c876-65ab-4753-ba06-d7c135229b29,
	keepAlive=true,
	redirectCount=0,
	timeoutsHolder=null,
	inAuth=0,
	touch=1671610946195}
15:22:30.878 [AsyncHttpClient-1-7] DEBUG org.asynchttpclient.netty.channel.ChannelManager - Closing Channel [id: 0x629ac0c0, L:/127.0.0.1:62291 ! R:localhost/127.0.0.1:62284] 
15:22:30.878 [Driver Command Executor] DEBUG org.asynchttpclient.netty.request.NettyRequestSender - Using pooled Channel '[id: 0xb92d4a56, L:/127.0.0.1:62283 - R:localhost/127.0.0.1:51711]' for 'DELETE' to 'http://localhost:51711/session/851b766693bb727519121be8efa271d1'
15:22:30.879 [Driver Command Executor] DEBUG org.asynchttpclient.netty.request.NettyRequestSender - Using open Channel [id: 0xb92d4a56, L:/127.0.0.1:62283 - R:localhost/127.0.0.1:51711] for DELETE '/session/851b766693bb727519121be8efa271d1'
15:22:30.899 [AsyncHttpClient-1-6] DEBUG org.asynchttpclient.netty.handler.HttpHandler - Unexpected I/O exception on channel [id: 0x140ac295, L:/127.0.0.1:62290 - R:localhost/127.0.0.1:62284]
java.io.IOException: An existing connection was forcibly closed by the remote host
	at java.base/sun.nio.ch.SocketDispatcher.read0(Native Method)
	at java.base/sun.nio.ch.SocketDispatcher.read(SocketDispatcher.java:43)
	at java.base/sun.nio.ch.IOUtil.readIntoNativeBuffer(IOUtil.java:276)
	at java.base/sun.nio.ch.IOUtil.read(IOUtil.java:233)
	at java.base/sun.nio.ch.IOUtil.read(IOUtil.java:223)
	at java.base/sun.nio.ch.SocketChannelImpl.read(SocketChannelImpl.java:358)
	at io.netty.buffer.PooledByteBuf.setBytes(PooledByteBuf.java:258)
	at io.netty.buffer.AbstractByteBuf.writeBytes(AbstractByteBuf.java:1132)
	at io.netty.channel.socket.nio.NioSocketChannel.doReadBytes(NioSocketChannel.java:350)
	at io.netty.channel.nio.AbstractNioByteChannel$NioByteUnsafe.read(AbstractNioByteChannel.java:151)
	at io.netty.channel.nio.NioEventLoop.processSelectedKey(NioEventLoop.java:722)
	at io.netty.channel.nio.NioEventLoop.processSelectedKeysOptimized(NioEventLoop.java:658)
	at io.netty.channel.nio.NioEventLoop.processSelectedKeys(NioEventLoop.java:584)
	at io.netty.channel.nio.NioEventLoop.run(NioEventLoop.java:496)
	at io.netty.util.concurrent.SingleThreadEventExecutor$4.run(SingleThreadEventExecutor.java:986)
	at io.netty.util.internal.ThreadExecutorMap$2.run(ThreadExecutorMap.java:74)
	at io.netty.util.concurrent.FastThreadLocalRunnable.run(FastThreadLocalRunnable.java:30)
	at java.base/java.lang.Thread.run(Thread.java:834)
15:22:30.899 [AsyncHttpClient-1-6] DEBUG org.asynchttpclient.netty.channel.ChannelManager - Closing Channel [id: 0x140ac295, L:/127.0.0.1:62290 - R:localhost/127.0.0.1:62284] 
15:22:30.900 [AsyncHttpClient-1-6] DEBUG org.asynchttpclient.netty.handler.HttpHandler - Channel Closed: [id: 0x140ac295, L:/127.0.0.1:62290 ! R:localhost/127.0.0.1:62284] with attribute DISCARD
15:22:30.929 [AsyncHttpClient-1-5] DEBUG org.asynchttpclient.netty.handler.HttpHandler - 

Request DefaultFullHttpRequest(decodeResult: success, version: HTTP/1.1, content: EmptyByteBufBE)
DELETE /session/851b766693bb727519121be8efa271d1 HTTP/1.1
User-Agent: selenium/4.1.2 (java windows)
Content-Type: application/json; charset=utf-8
host: localhost:51711
accept: */*

Response DefaultHttpResponse(decodeResult: success, version: HTTP/1.1)
HTTP/1.1 200 OK
Content-Type: application/json; charset=utf-8
cache-control: no-cache
content-length: 14

15:22:30.930 [AsyncHttpClient-1-5] DEBUG org.asynchttpclient.netty.channel.ChannelManager - Adding key: http://localhost:51711 for channel [id: 0xb92d4a56, L:/127.0.0.1:62283 - R:localhost/127.0.0.1:51711]
15:22:30.931 [AsyncHttpClient-1-1] DEBUG org.asynchttpclient.netty.channel.DefaultChannelPool - Entry count for : http://localhost:51711 : 1
15:22:30.931 [AsyncHttpClient-1-1] DEBUG org.asynchttpclient.netty.channel.DefaultChannelPool - Entry count for : http://localhost:62284 : 1
15:22:30.931 [AsyncHttpClient-1-1] DEBUG org.asynchttpclient.netty.channel.DefaultChannelPool - Adding Candidate expired Channel [id: 0x140ac295, L:/127.0.0.1:62290 ! R:localhost/127.0.0.1:62284] isIdleTimeoutExpired=false isRemotelyClosed=true isTtlExpired=false
15:22:30.931 [AsyncHttpClient-1-1] DEBUG org.asynchttpclient.netty.channel.DefaultChannelPool - Closing Idle Channel [id: 0x140ac295, L:/127.0.0.1:62290 ! R:localhost/127.0.0.1:62284]
15:22:30.932 [AsyncHttpClient-1-1] DEBUG org.asynchttpclient.netty.channel.DefaultChannelPool - Closed 1 connections out of 2 in 1 ms
15:22:30.993 [AsyncHttpClient-1-5] DEBUG org.asynchttpclient.netty.handler.HttpHandler - Channel Closed: [id: 0xb92d4a56, L:/127.0.0.1:62283 ! R:localhost/127.0.0.1:51711] with attribute DISCARD
]]></system-out>
    <system-err><![CDATA[Starting ChromeDriver 108.0.5359.71 (1e0e3868ee06e91ad636a874420e3ca3ae3756ac-refs/branch-heads/5359@{#1016}) on port 51711
Only local connections are allowed.
Please see https://chromedriver.chromium.org/security-considerations for suggestions on keeping ChromeDriver safe.
ChromeDriver was started successfully.
Dec 21, 2022 3:22:26 PM org.openqa.selenium.remote.ProtocolHandshake createSession
INFO: Detected dialect: W3C
Dec 21, 2022 3:22:26 PM org.openqa.selenium.devtools.CdpVersionFinder findNearestMatch
WARNING: Unable to find an exact match for CDP version 108, so returning the closest version found: a no-op implementation
Dec 21, 2022 3:22:26 PM org.openqa.selenium.devtools.CdpVersionFinder findNearestMatch
INFO: Unable to find CDP implementation matching 108.
Dec 21, 2022 3:22:26 PM org.openqa.selenium.chromium.ChromiumDriver lambda$new$3
WARNING: Unable to find version of CDP to use for . You may need to include a dependency on a specific version of the CDP using something similar to `org.seleniumhq.selenium:selenium-devtools-v86:4.1.2` where the version ("v86") matches the version of the chromium-based browser you're using and the version number of the artifact is the same as Selenium's.
]]></system-err>
  </testcase>
  <testcase name="Reject a vaccination booking" classname="Manage vaccination bookings" time="12.141">
    <error type="net.thucydides.core.webdriver.exceptions.ElementShouldBeEnabledException"><![CDATA[net.thucydides.core.webdriver.exceptions.ElementShouldBeEnabledException: Expected enabled element was not enabled
Caused by: org.openqa.selenium.TimeoutException: Expected condition failed: waiting for By.xpath: //button[@fdprocessedid='xn9icp'] to be enabled (tried for 5 second(s) with 100 milliseconds interval)
Caused by: org.openqa.selenium.NoSuchElementException: 
no such element: Unable to locate element: {"method":"xpath","selector":"//button[@fdprocessedid='xn9icp']"}
  (Session info: chrome=108.0.5359.125)
For documentation on this error, please visit: https://selenium.dev/exceptions/#no_such_element
Build info: version: '4.1.2', revision: '9a5a329c5a'
System info: host: 'LAPTOP-CFD9EV6G', ip: '192.168.100.29', os.name: 'Windows 11', os.arch: 'amd64', os.version: '10.0', java.version: '11.0.16'
Driver info: org.openqa.selenium.chrome.ChromeDriver
Command: [a4c9eedae1fe5149e0759be7b1a05b84, findElement {using=xpath, value=//button[@fdprocessedid='xn9icp']}]
Capabilities {acceptInsecureCerts: false, browserName: chrome, browserVersion: 108.0.5359.125, chrome: {chromedriverVersion: 108.0.5359.71 (1e0e3868ee06..., userDataDir: C:\Users\ASUSTUF\AppData\Lo...}, goog:chromeOptions: {debuggerAddress: localhost:62315}, javascriptEnabled: true, networkConnectionEnabled: false, pageLoadStrategy: normal, platform: WINDOWS, platformName: WINDOWS, proxy: Proxy(), se:cdp: ws://localhost:62315/devtoo..., se:cdpVersion: 108.0.5359.125, setWindowRect: true, strictFileInteractability: false, timeouts: {implicit: 0, pageLoad: 300000, script: 30000}, unhandledPromptBehavior: dismiss and notify, webauthn:extension:credBlob: true, webauthn:extension:largeBlob: true, webauthn:virtualAuthenticators: true}
Session ID: a4c9eedae1fe5149e0759be7b1a05b84
]]></error>
    <system-out><![CDATA[
Scenario: Reject a vaccination booking &amp#27;[90m# src/test/resources/features/ManageVaccinationBookings.feature:23&amp#27;[0m
15:22:31.091 [main] INFO io.cucumber.core.plugin.SerenityReporter - Running feature from file:///C:/Users/ASUSTUF/OneDrive/Documents/Capstone%20Project/Web%20Automation/src/test/resources/features/ManageVaccinationBookings.feature
15:22:31.094 [main] INFO  - 
  _____   ___   ___   _____     ___   _____     _     ___   _____   ___   ___  
 |_   _| | __| / __| |_   _|   / __| |_   _|   /_\   | _ \ |_   _| | __| |   \ 
   | |   | _|  \__ \   | |     \__ \   | |    / _ \  |   /   | |   | _|  | |) |
   |_|   |___| |___/   |_|     |___/   |_|   /_/ \_\ |_|_\   |_|   |___| |___/ 

Reject a vaccination booking(manage-vaccination-bookings;reject-a-vaccination-booking)
--------------------------------------------------------------------------------
15:22:31.143 [main] INFO net.serenitybdd.core.webdriver.driverproviders.ChromeDriverProvider - Using automatically driver download
15:22:31.246 [main] DEBUG io.github.bonigarcia.wdm.cache.ResolutionCache - Resolution chrome=108 in cache (valid until 16:22:11 21/12/2022 ICT)
15:22:31.249 [main] DEBUG io.github.bonigarcia.wdm.cache.ResolutionCache - Resolution chrome108=108.0.5359.71 in cache (valid until 13:40:45 22/12/2022 ICT)
15:22:31.250 [main] INFO io.github.bonigarcia.wdm.WebDriverManager - Using chromedriver 108.0.5359.71 (resolved driver for Chrome 108)
15:22:31.258 [main] DEBUG io.github.bonigarcia.wdm.WebDriverManager - Driver chromedriver 108.0.5359.71 found in cache
15:22:31.258 [main] INFO io.github.bonigarcia.wdm.WebDriverManager - Exporting webdriver.chrome.driver as C:\Users\ASUSTUF\.cache\selenium\chromedriver\win32\108.0.5359.71\chromedriver.exe
15:22:31.346 [main] DEBUG net.serenitybdd.core.webdriver.driverproviders.ProvideNewDriver - Instantiating driver
15:22:31.346 [main] DEBUG net.serenitybdd.core.webdriver.driverproviders.ProvideNewDriver - Driver capabilities: Capabilities {acceptInsecureCerts: false, base.url: https://vaksin-id.netlify.app/, browserName: chrome, chrome.driver: src/test/resources/webdrive..., driver: chrome, goog:chromeOptions: {args: [], extensions: []}}
15:22:31.725 [AsyncHttpClient-1-8] DEBUG org.asynchttpclient.netty.channel.NettyConnectListener - Using new Channel '[id: 0x4bd809b1, L:/127.0.0.1:62314 - R:localhost/127.0.0.1:62356]' for 'POST' to '/session'
15:22:32.024 [AsyncHttpClient-1-1] DEBUG org.asynchttpclient.netty.channel.DefaultChannelPool - Entry count for : http://localhost:51711 : 1
15:22:32.024 [AsyncHttpClient-1-1] DEBUG org.asynchttpclient.netty.channel.DefaultChannelPool - Adding Candidate expired Channel [id: 0xb92d4a56, L:/127.0.0.1:62283 ! R:localhost/127.0.0.1:51711] isIdleTimeoutExpired=false isRemotelyClosed=true isTtlExpired=false
15:22:32.024 [AsyncHttpClient-1-1] DEBUG org.asynchttpclient.netty.channel.DefaultChannelPool - Closing Idle Channel [id: 0xb92d4a56, L:/127.0.0.1:62283 ! R:localhost/127.0.0.1:51711]
15:22:32.024 [AsyncHttpClient-1-1] DEBUG org.asynchttpclient.netty.channel.DefaultChannelPool - Closed 1 connections out of 1 in 0 ms
15:22:32.350 [AsyncHttpClient-1-8] DEBUG org.asynchttpclient.netty.handler.HttpHandler - 

Request DefaultHttpRequest(decodeResult: success, version: HTTP/1.1)
POST /session HTTP/1.1
User-Agent: selenium/4.1.2 (java windows)
Content-Length: 616
Content-Type: application/json; charset=utf-8
host: localhost:62356
accept: */*

Response DefaultHttpResponse(decodeResult: success, version: HTTP/1.1)
HTTP/1.1 200 OK
Content-Type: application/json; charset=utf-8
cache-control: no-cache
content-length: 793

15:22:32.351 [AsyncHttpClient-1-8] DEBUG org.asynchttpclient.netty.channel.ChannelManager - Adding key: http://localhost:62356 for channel [id: 0x4bd809b1, L:/127.0.0.1:62314 - R:localhost/127.0.0.1:62356]
15:22:32.375 [AsyncHttpClient-1-9] DEBUG org.asynchttpclient.netty.channel.NettyConnectListener - Using new Channel '[id: 0x0c2312ae, L:/127.0.0.1:62322 - R:localhost/127.0.0.1:62315]' for 'GET' to '/json/version'
15:22:32.389 [AsyncHttpClient-1-9] DEBUG org.asynchttpclient.netty.handler.HttpHandler - 

Request DefaultFullHttpRequest(decodeResult: success, version: HTTP/1.1, content: EmptyByteBufBE)
GET /json/version HTTP/1.1
User-Agent: selenium/4.1.2 (java windows)
host: localhost:62315
accept: */*

Response DefaultHttpResponse(decodeResult: success, version: HTTP/1.1)
HTTP/1.1 200 OK
Content-Type: application/json; charset=UTF-8
content-length: 424

15:22:32.390 [AsyncHttpClient-1-9] DEBUG org.asynchttpclient.netty.channel.ChannelManager - Adding key: http://localhost:62315 for channel [id: 0x0c2312ae, L:/127.0.0.1:62322 - R:localhost/127.0.0.1:62315]
15:22:32.397 [AsyncHttpClient-1-10] DEBUG org.asynchttpclient.netty.channel.NettyConnectListener - Using new Channel '[id: 0xab1a2580, L:/127.0.0.1:62323 - R:localhost/127.0.0.1:62315]' for 'GET' to '/devtools/browser/4c0edd6f-7b3e-49ca-82ef-b1a063c30047'
15:22:32.414 [AsyncHttpClient-1-10] DEBUG org.asynchttpclient.netty.handler.WebSocketHandler - 

Request DefaultFullHttpRequest(decodeResult: success, version: HTTP/1.1, content: EmptyByteBufBE)
GET /devtools/browser/4c0edd6f-7b3e-49ca-82ef-b1a063c30047 HTTP/1.1
upgrade: websocket
connection: upgrade
sec-websocket-key: XjlVW0MOIO/1Gt0F1AEWIw==
sec-websocket-version: 13
origin: http://localhost:62315
host: localhost:62315
accept: */*
user-agent: AHC/2.1

Response DefaultHttpResponse(decodeResult: success, version: HTTP/1.1)
HTTP/1.1 101 WebSocket Protocol Handshake
Upgrade: WebSocket
Connection: Upgrade
Sec-WebSocket-Accept: YbqWd70MrLbL1qq4ofUv8R1Zveo=

15:22:32.424 [Forwarding get on session a4c9eedae1fe5149e0759be7b1a05b84 to remote] DEBUG org.asynchttpclient.netty.request.NettyRequestSender - Using pooled Channel '[id: 0x4bd809b1, L:/127.0.0.1:62314 - R:localhost/127.0.0.1:62356]' for 'POST' to 'http://localhost:62356/session/a4c9eedae1fe5149e0759be7b1a05b84/url'
15:22:32.424 [Forwarding get on session a4c9eedae1fe5149e0759be7b1a05b84 to remote] DEBUG org.asynchttpclient.netty.request.NettyRequestSender - Using open Channel [id: 0x4bd809b1, L:/127.0.0.1:62314 - R:localhost/127.0.0.1:62356] for POST '/session/a4c9eedae1fe5149e0759be7b1a05b84/url'
15:22:33.115 [AsyncHttpClient-1-8] DEBUG org.asynchttpclient.netty.handler.HttpHandler - 

Request DefaultHttpRequest(decodeResult: success, version: HTTP/1.1)
POST /session/a4c9eedae1fe5149e0759be7b1a05b84/url HTTP/1.1
User-Agent: selenium/4.1.2 (java windows)
Content-Length: 60
Content-Type: application/json; charset=utf-8
host: localhost:62356
accept: */*

Response DefaultHttpResponse(decodeResult: success, version: HTTP/1.1)
HTTP/1.1 200 OK
Content-Type: application/json; charset=utf-8
cache-control: no-cache
content-length: 14

15:22:33.117 [AsyncHttpClient-1-8] DEBUG org.asynchttpclient.netty.channel.ChannelManager - Adding key: http://localhost:62356 for channel [id: 0x4bd809b1, L:/127.0.0.1:62314 - R:localhost/127.0.0.1:62356]
15:22:33.124 [Forwarding setTimeout on session a4c9eedae1fe5149e0759be7b1a05b84 to remote] DEBUG org.asynchttpclient.netty.request.NettyRequestSender - Using pooled Channel '[id: 0x4bd809b1, L:/127.0.0.1:62314 - R:localhost/127.0.0.1:62356]' for 'POST' to 'http://localhost:62356/session/a4c9eedae1fe5149e0759be7b1a05b84/timeouts'
15:22:33.124 [Forwarding setTimeout on session a4c9eedae1fe5149e0759be7b1a05b84 to remote] DEBUG org.asynchttpclient.netty.request.NettyRequestSender - Using open Channel [id: 0x4bd809b1, L:/127.0.0.1:62314 - R:localhost/127.0.0.1:62356] for POST '/session/a4c9eedae1fe5149e0759be7b1a05b84/timeouts'
15:22:33.125 [AsyncHttpClient-1-1] DEBUG org.asynchttpclient.netty.channel.DefaultChannelPool - Entry count for : http://localhost:62315 : 1
15:22:33.126 [AsyncHttpClient-1-8] DEBUG org.asynchttpclient.netty.handler.HttpHandler - 

Request DefaultHttpRequest(decodeResult: success, version: HTTP/1.1)
POST /session/a4c9eedae1fe5149e0759be7b1a05b84/timeouts HTTP/1.1
User-Agent: selenium/4.1.2 (java windows)
Content-Length: 22
Content-Type: application/json; charset=utf-8
host: localhost:62356
accept: */*

Response DefaultHttpResponse(decodeResult: success, version: HTTP/1.1)
HTTP/1.1 200 OK
Content-Type: application/json; charset=utf-8
cache-control: no-cache
content-length: 14

15:22:33.127 [AsyncHttpClient-1-8] DEBUG org.asynchttpclient.netty.channel.ChannelManager - Adding key: http://localhost:62356 for channel [id: 0x4bd809b1, L:/127.0.0.1:62314 - R:localhost/127.0.0.1:62356]
15:22:33.135 [Forwarding getCurrentUrl on session a4c9eedae1fe5149e0759be7b1a05b84 to remote] DEBUG org.asynchttpclient.netty.request.NettyRequestSender - Using pooled Channel '[id: 0x4bd809b1, L:/127.0.0.1:62314 - R:localhost/127.0.0.1:62356]' for 'GET' to 'http://localhost:62356/session/a4c9eedae1fe5149e0759be7b1a05b84/url'
15:22:33.135 [Forwarding getCurrentUrl on session a4c9eedae1fe5149e0759be7b1a05b84 to remote] DEBUG org.asynchttpclient.netty.request.NettyRequestSender - Using open Channel [id: 0x4bd809b1, L:/127.0.0.1:62314 - R:localhost/127.0.0.1:62356] for GET '/session/a4c9eedae1fe5149e0759be7b1a05b84/url'
15:22:33.160 [AsyncHttpClient-1-8] DEBUG org.asynchttpclient.netty.handler.HttpHandler - 

Request DefaultFullHttpRequest(decodeResult: success, version: HTTP/1.1, content: EmptyByteBufBE)
GET /session/a4c9eedae1fe5149e0759be7b1a05b84/url HTTP/1.1
User-Agent: selenium/4.1.2 (java windows)
Cache-Control: no-cache
Content-Type: application/json; charset=utf-8
host: localhost:62356
accept: */*

Response DefaultHttpResponse(decodeResult: success, version: HTTP/1.1)
HTTP/1.1 200 OK
Content-Type: application/json; charset=utf-8
cache-control: no-cache
content-length: 42

15:22:33.161 [AsyncHttpClient-1-8] DEBUG org.asynchttpclient.netty.channel.ChannelManager - Adding key: http://localhost:62356 for channel [id: 0x4bd809b1, L:/127.0.0.1:62314 - R:localhost/127.0.0.1:62356]
  &amp#27;[32mGiven &amp#27;[0m&amp#27;[32mI am on landing page&amp#27;[0m           &amp#27;[90m# starter.stepdefinitions.ManageVaccinationBookingsSteps.iAmOnLandingPage()&amp#27;[0m
15:22:33.180 [Forwarding screenshot on session a4c9eedae1fe5149e0759be7b1a05b84 to remote] DEBUG org.asynchttpclient.netty.request.NettyRequestSender - Using pooled Channel '[id: 0x4bd809b1, L:/127.0.0.1:62314 - R:localhost/127.0.0.1:62356]' for 'GET' to 'http://localhost:62356/session/a4c9eedae1fe5149e0759be7b1a05b84/screenshot'
15:22:33.181 [Forwarding screenshot on session a4c9eedae1fe5149e0759be7b1a05b84 to remote] DEBUG org.asynchttpclient.netty.request.NettyRequestSender - Using open Channel [id: 0x4bd809b1, L:/127.0.0.1:62314 - R:localhost/127.0.0.1:62356] for GET '/session/a4c9eedae1fe5149e0759be7b1a05b84/screenshot'
15:22:33.917 [AsyncHttpClient-1-8] DEBUG org.asynchttpclient.netty.handler.HttpHandler - 

Request DefaultFullHttpRequest(decodeResult: success, version: HTTP/1.1, content: EmptyByteBufBE)
GET /session/a4c9eedae1fe5149e0759be7b1a05b84/screenshot HTTP/1.1
User-Agent: selenium/4.1.2 (java windows)
Cache-Control: no-cache
Content-Type: application/json; charset=utf-8
host: localhost:62356
accept: */*

Response DefaultHttpResponse(decodeResult: success, version: HTTP/1.1)
HTTP/1.1 200 OK
Content-Type: application/json; charset=utf-8
cache-control: no-cache
content-length: 847132

15:22:33.949 [AsyncHttpClient-1-8] DEBUG org.asynchttpclient.netty.channel.ChannelManager - Adding key: http://localhost:62356 for channel [id: 0x4bd809b1, L:/127.0.0.1:62314 - R:localhost/127.0.0.1:62356]
15:22:33.972 [main] DEBUG net.serenitybdd.core.photography.Darkroom - Send negative for processing for target\site\serenity\ff3b83dd42f508d91c0c8488aed412149de34b436c7528a8caa8428592644731.png
15:22:33.998 [Forwarding findElement on session a4c9eedae1fe5149e0759be7b1a05b84 to remote] DEBUG org.asynchttpclient.netty.request.NettyRequestSender - Using pooled Channel '[id: 0x4bd809b1, L:/127.0.0.1:62314 - R:localhost/127.0.0.1:62356]' for 'POST' to 'http://localhost:62356/session/a4c9eedae1fe5149e0759be7b1a05b84/element'
15:22:33.999 [Forwarding findElement on session a4c9eedae1fe5149e0759be7b1a05b84 to remote] DEBUG org.asynchttpclient.netty.request.NettyRequestSender - Using open Channel [id: 0x4bd809b1, L:/127.0.0.1:62314 - R:localhost/127.0.0.1:62356] for POST '/session/a4c9eedae1fe5149e0759be7b1a05b84/element'
15:22:34.012 [AsyncHttpClient-1-8] DEBUG org.asynchttpclient.netty.handler.HttpHandler - 

Request DefaultHttpRequest(decodeResult: success, version: HTTP/1.1)
POST /session/a4c9eedae1fe5149e0759be7b1a05b84/element HTTP/1.1
User-Agent: selenium/4.1.2 (java windows)
Content-Length: 315
Content-Type: application/json; charset=utf-8
host: localhost:62356
accept: */*

Response DefaultHttpResponse(decodeResult: success, version: HTTP/1.1)
HTTP/1.1 200 OK
Content-Type: application/json; charset=utf-8
cache-control: no-cache
content-length: 88

15:22:34.013 [AsyncHttpClient-1-8] DEBUG org.asynchttpclient.netty.channel.ChannelManager - Adding key: http://localhost:62356 for channel [id: 0x4bd809b1, L:/127.0.0.1:62314 - R:localhost/127.0.0.1:62356]
15:22:34.014 [Forwarding getElementTagName on session a4c9eedae1fe5149e0759be7b1a05b84 to remote] DEBUG org.asynchttpclient.netty.request.NettyRequestSender - Using pooled Channel '[id: 0x4bd809b1, L:/127.0.0.1:62314 - R:localhost/127.0.0.1:62356]' for 'GET' to 'http://localhost:62356/session/a4c9eedae1fe5149e0759be7b1a05b84/element/decc401f-c92b-4e6d-bc4e-7e21571f7c2a/name'
15:22:34.014 [Forwarding getElementTagName on session a4c9eedae1fe5149e0759be7b1a05b84 to remote] DEBUG org.asynchttpclient.netty.request.NettyRequestSender - Using open Channel [id: 0x4bd809b1, L:/127.0.0.1:62314 - R:localhost/127.0.0.1:62356] for GET '/session/a4c9eedae1fe5149e0759be7b1a05b84/element/decc401f-c92b-4e6d-bc4e-7e21571f7c2a/name'
15:22:34.018 [AsyncHttpClient-1-8] DEBUG org.asynchttpclient.netty.handler.HttpHandler - 

Request DefaultFullHttpRequest(decodeResult: success, version: HTTP/1.1, content: EmptyByteBufBE)
GET /session/a4c9eedae1fe5149e0759be7b1a05b84/element/decc401f-c92b-4e6d-bc4e-7e21571f7c2a/name HTTP/1.1
User-Agent: selenium/4.1.2 (java windows)
Cache-Control: no-cache
Content-Type: application/json; charset=utf-8
host: localhost:62356
accept: */*

Response DefaultHttpResponse(decodeResult: success, version: HTTP/1.1)
HTTP/1.1 200 OK
Content-Type: application/json; charset=utf-8
cache-control: no-cache
content-length: 18

15:22:34.018 [AsyncHttpClient-1-8] DEBUG org.asynchttpclient.netty.channel.ChannelManager - Adding key: http://localhost:62356 for channel [id: 0x4bd809b1, L:/127.0.0.1:62314 - R:localhost/127.0.0.1:62356]
15:22:34.020 [Forwarding getElementTagName on session a4c9eedae1fe5149e0759be7b1a05b84 to remote] DEBUG org.asynchttpclient.netty.request.NettyRequestSender - Using pooled Channel '[id: 0x4bd809b1, L:/127.0.0.1:62314 - R:localhost/127.0.0.1:62356]' for 'GET' to 'http://localhost:62356/session/a4c9eedae1fe5149e0759be7b1a05b84/element/decc401f-c92b-4e6d-bc4e-7e21571f7c2a/name'
15:22:34.020 [Forwarding getElementTagName on session a4c9eedae1fe5149e0759be7b1a05b84 to remote] DEBUG org.asynchttpclient.netty.request.NettyRequestSender - Using open Channel [id: 0x4bd809b1, L:/127.0.0.1:62314 - R:localhost/127.0.0.1:62356] for GET '/session/a4c9eedae1fe5149e0759be7b1a05b84/element/decc401f-c92b-4e6d-bc4e-7e21571f7c2a/name'
15:22:34.022 [AsyncHttpClient-1-8] DEBUG org.asynchttpclient.netty.handler.HttpHandler - 

Request DefaultFullHttpRequest(decodeResult: success, version: HTTP/1.1, content: EmptyByteBufBE)
GET /session/a4c9eedae1fe5149e0759be7b1a05b84/element/decc401f-c92b-4e6d-bc4e-7e21571f7c2a/name HTTP/1.1
User-Agent: selenium/4.1.2 (java windows)
Cache-Control: no-cache
Content-Type: application/json; charset=utf-8
host: localhost:62356
accept: */*

Response DefaultHttpResponse(decodeResult: success, version: HTTP/1.1)
HTTP/1.1 200 OK
Content-Type: application/json; charset=utf-8
cache-control: no-cache
content-length: 18

15:22:34.022 [AsyncHttpClient-1-8] DEBUG org.asynchttpclient.netty.channel.ChannelManager - Adding key: http://localhost:62356 for channel [id: 0x4bd809b1, L:/127.0.0.1:62314 - R:localhost/127.0.0.1:62356]
15:22:34.024 [Forwarding isElementEnabled on session a4c9eedae1fe5149e0759be7b1a05b84 to remote] DEBUG org.asynchttpclient.netty.request.NettyRequestSender - Using pooled Channel '[id: 0x4bd809b1, L:/127.0.0.1:62314 - R:localhost/127.0.0.1:62356]' for 'GET' to 'http://localhost:62356/session/a4c9eedae1fe5149e0759be7b1a05b84/element/decc401f-c92b-4e6d-bc4e-7e21571f7c2a/enabled'
15:22:34.024 [Forwarding isElementEnabled on session a4c9eedae1fe5149e0759be7b1a05b84 to remote] DEBUG org.asynchttpclient.netty.request.NettyRequestSender - Using open Channel [id: 0x4bd809b1, L:/127.0.0.1:62314 - R:localhost/127.0.0.1:62356] for GET '/session/a4c9eedae1fe5149e0759be7b1a05b84/element/decc401f-c92b-4e6d-bc4e-7e21571f7c2a/enabled'
15:22:34.030 [AsyncHttpClient-1-8] DEBUG org.asynchttpclient.netty.handler.HttpHandler - 

Request DefaultFullHttpRequest(decodeResult: success, version: HTTP/1.1, content: EmptyByteBufBE)
GET /session/a4c9eedae1fe5149e0759be7b1a05b84/element/decc401f-c92b-4e6d-bc4e-7e21571f7c2a/enabled HTTP/1.1
User-Agent: selenium/4.1.2 (java windows)
Cache-Control: no-cache
Content-Type: application/json; charset=utf-8
host: localhost:62356
accept: */*

Response DefaultHttpResponse(decodeResult: success, version: HTTP/1.1)
HTTP/1.1 200 OK
Content-Type: application/json; charset=utf-8
cache-control: no-cache
content-length: 14

15:22:34.030 [AsyncHttpClient-1-8] DEBUG org.asynchttpclient.netty.channel.ChannelManager - Adding key: http://localhost:62356 for channel [id: 0x4bd809b1, L:/127.0.0.1:62314 - R:localhost/127.0.0.1:62356]
15:22:34.031 [Forwarding isElementEnabled on session a4c9eedae1fe5149e0759be7b1a05b84 to remote] DEBUG org.asynchttpclient.netty.request.NettyRequestSender - Using pooled Channel '[id: 0x4bd809b1, L:/127.0.0.1:62314 - R:localhost/127.0.0.1:62356]' for 'GET' to 'http://localhost:62356/session/a4c9eedae1fe5149e0759be7b1a05b84/element/decc401f-c92b-4e6d-bc4e-7e21571f7c2a/enabled'
15:22:34.031 [Forwarding isElementEnabled on session a4c9eedae1fe5149e0759be7b1a05b84 to remote] DEBUG org.asynchttpclient.netty.request.NettyRequestSender - Using open Channel [id: 0x4bd809b1, L:/127.0.0.1:62314 - R:localhost/127.0.0.1:62356] for GET '/session/a4c9eedae1fe5149e0759be7b1a05b84/element/decc401f-c92b-4e6d-bc4e-7e21571f7c2a/enabled'
15:22:34.035 [AsyncHttpClient-1-8] DEBUG org.asynchttpclient.netty.handler.HttpHandler - 

Request DefaultFullHttpRequest(decodeResult: success, version: HTTP/1.1, content: EmptyByteBufBE)
GET /session/a4c9eedae1fe5149e0759be7b1a05b84/element/decc401f-c92b-4e6d-bc4e-7e21571f7c2a/enabled HTTP/1.1
User-Agent: selenium/4.1.2 (java windows)
Cache-Control: no-cache
Content-Type: application/json; charset=utf-8
host: localhost:62356
accept: */*

Response DefaultHttpResponse(decodeResult: success, version: HTTP/1.1)
HTTP/1.1 200 OK
Content-Type: application/json; charset=utf-8
cache-control: no-cache
content-length: 14

15:22:34.035 [AsyncHttpClient-1-8] DEBUG org.asynchttpclient.netty.channel.ChannelManager - Adding key: http://localhost:62356 for channel [id: 0x4bd809b1, L:/127.0.0.1:62314 - R:localhost/127.0.0.1:62356]
15:22:34.037 [Forwarding findElement on session a4c9eedae1fe5149e0759be7b1a05b84 to remote] DEBUG org.asynchttpclient.netty.request.NettyRequestSender - Using pooled Channel '[id: 0x4bd809b1, L:/127.0.0.1:62314 - R:localhost/127.0.0.1:62356]' for 'POST' to 'http://localhost:62356/session/a4c9eedae1fe5149e0759be7b1a05b84/element'
15:22:34.037 [Forwarding findElement on session a4c9eedae1fe5149e0759be7b1a05b84 to remote] DEBUG org.asynchttpclient.netty.request.NettyRequestSender - Using open Channel [id: 0x4bd809b1, L:/127.0.0.1:62314 - R:localhost/127.0.0.1:62356] for POST '/session/a4c9eedae1fe5149e0759be7b1a05b84/element'
15:22:34.043 [AsyncHttpClient-1-8] DEBUG org.asynchttpclient.netty.handler.HttpHandler - 

Request DefaultHttpRequest(decodeResult: success, version: HTTP/1.1)
POST /session/a4c9eedae1fe5149e0759be7b1a05b84/element HTTP/1.1
User-Agent: selenium/4.1.2 (java windows)
Content-Length: 315
Content-Type: application/json; charset=utf-8
host: localhost:62356
accept: */*

Response DefaultHttpResponse(decodeResult: success, version: HTTP/1.1)
HTTP/1.1 200 OK
Content-Type: application/json; charset=utf-8
cache-control: no-cache
content-length: 88

15:22:34.043 [AsyncHttpClient-1-8] DEBUG org.asynchttpclient.netty.channel.ChannelManager - Adding key: http://localhost:62356 for channel [id: 0x4bd809b1, L:/127.0.0.1:62314 - R:localhost/127.0.0.1:62356]
15:22:34.044 [Forwarding clickElement on session a4c9eedae1fe5149e0759be7b1a05b84 to remote] DEBUG org.asynchttpclient.netty.request.NettyRequestSender - Using pooled Channel '[id: 0x4bd809b1, L:/127.0.0.1:62314 - R:localhost/127.0.0.1:62356]' for 'POST' to 'http://localhost:62356/session/a4c9eedae1fe5149e0759be7b1a05b84/element/decc401f-c92b-4e6d-bc4e-7e21571f7c2a/click'
15:22:34.044 [Forwarding clickElement on session a4c9eedae1fe5149e0759be7b1a05b84 to remote] DEBUG org.asynchttpclient.netty.request.NettyRequestSender - Using open Channel [id: 0x4bd809b1, L:/127.0.0.1:62314 - R:localhost/127.0.0.1:62356] for POST '/session/a4c9eedae1fe5149e0759be7b1a05b84/element/decc401f-c92b-4e6d-bc4e-7e21571f7c2a/click'
15:22:34.111 [AsyncHttpClient-1-8] DEBUG org.asynchttpclient.netty.handler.HttpHandler - 

Request DefaultHttpRequest(decodeResult: success, version: HTTP/1.1)
POST /session/a4c9eedae1fe5149e0759be7b1a05b84/element/decc401f-c92b-4e6d-bc4e-7e21571f7c2a/click HTTP/1.1
User-Agent: selenium/4.1.2 (java windows)
Content-Length: 50
Content-Type: application/json; charset=utf-8
host: localhost:62356
accept: */*

Response DefaultHttpResponse(decodeResult: success, version: HTTP/1.1)
HTTP/1.1 200 OK
Content-Type: application/json; charset=utf-8
cache-control: no-cache
content-length: 14

15:22:34.111 [AsyncHttpClient-1-8] DEBUG org.asynchttpclient.netty.channel.ChannelManager - Adding key: http://localhost:62356 for channel [id: 0x4bd809b1, L:/127.0.0.1:62314 - R:localhost/127.0.0.1:62356]
15:22:34.115 [Forwarding findElement on session a4c9eedae1fe5149e0759be7b1a05b84 to remote] DEBUG org.asynchttpclient.netty.request.NettyRequestSender - Using pooled Channel '[id: 0x4bd809b1, L:/127.0.0.1:62314 - R:localhost/127.0.0.1:62356]' for 'POST' to 'http://localhost:62356/session/a4c9eedae1fe5149e0759be7b1a05b84/element'
15:22:34.116 [Forwarding findElement on session a4c9eedae1fe5149e0759be7b1a05b84 to remote] DEBUG org.asynchttpclient.netty.request.NettyRequestSender - Using open Channel [id: 0x4bd809b1, L:/127.0.0.1:62314 - R:localhost/127.0.0.1:62356] for POST '/session/a4c9eedae1fe5149e0759be7b1a05b84/element'
15:22:34.126 [AsyncHttpClient-1-8] DEBUG org.asynchttpclient.netty.handler.HttpHandler - 

Request DefaultHttpRequest(decodeResult: success, version: HTTP/1.1)
POST /session/a4c9eedae1fe5149e0759be7b1a05b84/element HTTP/1.1
User-Agent: selenium/4.1.2 (java windows)
Content-Length: 69
Content-Type: application/json; charset=utf-8
host: localhost:62356
accept: */*

Response DefaultHttpResponse(decodeResult: success, version: HTTP/1.1)
HTTP/1.1 200 OK
Content-Type: application/json; charset=utf-8
cache-control: no-cache
content-length: 88

15:22:34.126 [AsyncHttpClient-1-8] DEBUG org.asynchttpclient.netty.channel.ChannelManager - Adding key: http://localhost:62356 for channel [id: 0x4bd809b1, L:/127.0.0.1:62314 - R:localhost/127.0.0.1:62356]
15:22:34.127 [Forwarding clearElement on session a4c9eedae1fe5149e0759be7b1a05b84 to remote] DEBUG org.asynchttpclient.netty.request.NettyRequestSender - Using pooled Channel '[id: 0x4bd809b1, L:/127.0.0.1:62314 - R:localhost/127.0.0.1:62356]' for 'POST' to 'http://localhost:62356/session/a4c9eedae1fe5149e0759be7b1a05b84/element/fb05c296-5048-496c-908b-19f8bafe55c3/clear'
15:22:34.127 [Forwarding clearElement on session a4c9eedae1fe5149e0759be7b1a05b84 to remote] DEBUG org.asynchttpclient.netty.request.NettyRequestSender - Using open Channel [id: 0x4bd809b1, L:/127.0.0.1:62314 - R:localhost/127.0.0.1:62356] for POST '/session/a4c9eedae1fe5149e0759be7b1a05b84/element/fb05c296-5048-496c-908b-19f8bafe55c3/clear'
15:22:34.173 [AsyncHttpClient-1-8] DEBUG org.asynchttpclient.netty.handler.HttpHandler - 

Request DefaultHttpRequest(decodeResult: success, version: HTTP/1.1)
POST /session/a4c9eedae1fe5149e0759be7b1a05b84/element/fb05c296-5048-496c-908b-19f8bafe55c3/clear HTTP/1.1
User-Agent: selenium/4.1.2 (java windows)
Content-Length: 50
Content-Type: application/json; charset=utf-8
host: localhost:62356
accept: */*

Response DefaultHttpResponse(decodeResult: success, version: HTTP/1.1)
HTTP/1.1 200 OK
Content-Type: application/json; charset=utf-8
cache-control: no-cache
content-length: 14

15:22:34.174 [AsyncHttpClient-1-8] DEBUG org.asynchttpclient.netty.channel.ChannelManager - Adding key: http://localhost:62356 for channel [id: 0x4bd809b1, L:/127.0.0.1:62314 - R:localhost/127.0.0.1:62356]
15:22:34.178 [Forwarding sendKeysToElement on session a4c9eedae1fe5149e0759be7b1a05b84 to remote] DEBUG org.asynchttpclient.netty.request.NettyRequestSender - Using pooled Channel '[id: 0x4bd809b1, L:/127.0.0.1:62314 - R:localhost/127.0.0.1:62356]' for 'POST' to 'http://localhost:62356/session/a4c9eedae1fe5149e0759be7b1a05b84/element/fb05c296-5048-496c-908b-19f8bafe55c3/value'
15:22:34.178 [Forwarding sendKeysToElement on session a4c9eedae1fe5149e0759be7b1a05b84 to remote] DEBUG org.asynchttpclient.netty.request.NettyRequestSender - Using open Channel [id: 0x4bd809b1, L:/127.0.0.1:62314 - R:localhost/127.0.0.1:62356] for POST '/session/a4c9eedae1fe5149e0759be7b1a05b84/element/fb05c296-5048-496c-908b-19f8bafe55c3/value'
15:22:34.225 [AsyncHttpClient-1-1] DEBUG org.asynchttpclient.netty.channel.DefaultChannelPool - Entry count for : http://localhost:62315 : 1
15:22:34.336 [AsyncHttpClient-1-8] DEBUG org.asynchttpclient.netty.handler.HttpHandler - 

Request DefaultHttpRequest(decodeResult: success, version: HTTP/1.1)
POST /session/a4c9eedae1fe5149e0759be7b1a05b84/element/fb05c296-5048-496c-908b-19f8bafe55c3/value HTTP/1.1
User-Agent: selenium/4.1.2 (java windows)
Content-Length: 371
Content-Type: application/json; charset=utf-8
host: localhost:62356
accept: */*

Response DefaultHttpResponse(decodeResult: success, version: HTTP/1.1)
HTTP/1.1 200 OK
Content-Type: application/json; charset=utf-8
cache-control: no-cache
content-length: 14

15:22:34.336 [AsyncHttpClient-1-8] DEBUG org.asynchttpclient.netty.channel.ChannelManager - Adding key: http://localhost:62356 for channel [id: 0x4bd809b1, L:/127.0.0.1:62314 - R:localhost/127.0.0.1:62356]
15:22:34.343 [Forwarding findElement on session a4c9eedae1fe5149e0759be7b1a05b84 to remote] DEBUG org.asynchttpclient.netty.request.NettyRequestSender - Using pooled Channel '[id: 0x4bd809b1, L:/127.0.0.1:62314 - R:localhost/127.0.0.1:62356]' for 'POST' to 'http://localhost:62356/session/a4c9eedae1fe5149e0759be7b1a05b84/element'
15:22:34.343 [Forwarding findElement on session a4c9eedae1fe5149e0759be7b1a05b84 to remote] DEBUG org.asynchttpclient.netty.request.NettyRequestSender - Using open Channel [id: 0x4bd809b1, L:/127.0.0.1:62314 - R:localhost/127.0.0.1:62356] for POST '/session/a4c9eedae1fe5149e0759be7b1a05b84/element'
15:22:34.355 [AsyncHttpClient-1-8] DEBUG org.asynchttpclient.netty.handler.HttpHandler - 

Request DefaultHttpRequest(decodeResult: success, version: HTTP/1.1)
POST /session/a4c9eedae1fe5149e0759be7b1a05b84/element HTTP/1.1
User-Agent: selenium/4.1.2 (java windows)
Content-Length: 72
Content-Type: application/json; charset=utf-8
host: localhost:62356
accept: */*

Response DefaultHttpResponse(decodeResult: success, version: HTTP/1.1)
HTTP/1.1 200 OK
Content-Type: application/json; charset=utf-8
cache-control: no-cache
content-length: 88

15:22:34.355 [AsyncHttpClient-1-8] DEBUG org.asynchttpclient.netty.channel.ChannelManager - Adding key: http://localhost:62356 for channel [id: 0x4bd809b1, L:/127.0.0.1:62314 - R:localhost/127.0.0.1:62356]
15:22:34.356 [Forwarding clearElement on session a4c9eedae1fe5149e0759be7b1a05b84 to remote] DEBUG org.asynchttpclient.netty.request.NettyRequestSender - Using pooled Channel '[id: 0x4bd809b1, L:/127.0.0.1:62314 - R:localhost/127.0.0.1:62356]' for 'POST' to 'http://localhost:62356/session/a4c9eedae1fe5149e0759be7b1a05b84/element/bf33fe41-0625-4ab2-9a79-118aab50567f/clear'
15:22:34.356 [Forwarding clearElement on session a4c9eedae1fe5149e0759be7b1a05b84 to remote] DEBUG org.asynchttpclient.netty.request.NettyRequestSender - Using open Channel [id: 0x4bd809b1, L:/127.0.0.1:62314 - R:localhost/127.0.0.1:62356] for POST '/session/a4c9eedae1fe5149e0759be7b1a05b84/element/bf33fe41-0625-4ab2-9a79-118aab50567f/clear'
15:22:34.385 [AsyncHttpClient-1-8] DEBUG org.asynchttpclient.netty.handler.HttpHandler - 

Request DefaultHttpRequest(decodeResult: success, version: HTTP/1.1)
POST /session/a4c9eedae1fe5149e0759be7b1a05b84/element/bf33fe41-0625-4ab2-9a79-118aab50567f/clear HTTP/1.1
User-Agent: selenium/4.1.2 (java windows)
Content-Length: 50
Content-Type: application/json; charset=utf-8
host: localhost:62356
accept: */*

Response DefaultHttpResponse(decodeResult: success, version: HTTP/1.1)
HTTP/1.1 200 OK
Content-Type: application/json; charset=utf-8
cache-control: no-cache
content-length: 14

15:22:34.386 [AsyncHttpClient-1-8] DEBUG org.asynchttpclient.netty.channel.ChannelManager - Adding key: http://localhost:62356 for channel [id: 0x4bd809b1, L:/127.0.0.1:62314 - R:localhost/127.0.0.1:62356]
15:22:34.391 [Forwarding sendKeysToElement on session a4c9eedae1fe5149e0759be7b1a05b84 to remote] DEBUG org.asynchttpclient.netty.request.NettyRequestSender - Using pooled Channel '[id: 0x4bd809b1, L:/127.0.0.1:62314 - R:localhost/127.0.0.1:62356]' for 'POST' to 'http://localhost:62356/session/a4c9eedae1fe5149e0759be7b1a05b84/element/bf33fe41-0625-4ab2-9a79-118aab50567f/value'
15:22:34.392 [Forwarding sendKeysToElement on session a4c9eedae1fe5149e0759be7b1a05b84 to remote] DEBUG org.asynchttpclient.netty.request.NettyRequestSender - Using open Channel [id: 0x4bd809b1, L:/127.0.0.1:62314 - R:localhost/127.0.0.1:62356] for POST '/session/a4c9eedae1fe5149e0759be7b1a05b84/element/bf33fe41-0625-4ab2-9a79-118aab50567f/value'
15:22:34.564 [AsyncHttpClient-1-8] DEBUG org.asynchttpclient.netty.handler.HttpHandler - 

Request DefaultHttpRequest(decodeResult: success, version: HTTP/1.1)
POST /session/a4c9eedae1fe5149e0759be7b1a05b84/element/bf33fe41-0625-4ab2-9a79-118aab50567f/value HTTP/1.1
User-Agent: selenium/4.1.2 (java windows)
Content-Length: 251
Content-Type: application/json; charset=utf-8
host: localhost:62356
accept: */*

Response DefaultHttpResponse(decodeResult: success, version: HTTP/1.1)
HTTP/1.1 200 OK
Content-Type: application/json; charset=utf-8
cache-control: no-cache
content-length: 14

15:22:34.565 [AsyncHttpClient-1-8] DEBUG org.asynchttpclient.netty.channel.ChannelManager - Adding key: http://localhost:62356 for channel [id: 0x4bd809b1, L:/127.0.0.1:62314 - R:localhost/127.0.0.1:62356]
15:22:34.572 [Forwarding findElement on session a4c9eedae1fe5149e0759be7b1a05b84 to remote] DEBUG org.asynchttpclient.netty.request.NettyRequestSender - Using pooled Channel '[id: 0x4bd809b1, L:/127.0.0.1:62314 - R:localhost/127.0.0.1:62356]' for 'POST' to 'http://localhost:62356/session/a4c9eedae1fe5149e0759be7b1a05b84/element'
15:22:34.573 [Forwarding findElement on session a4c9eedae1fe5149e0759be7b1a05b84 to remote] DEBUG org.asynchttpclient.netty.request.NettyRequestSender - Using open Channel [id: 0x4bd809b1, L:/127.0.0.1:62314 - R:localhost/127.0.0.1:62356] for POST '/session/a4c9eedae1fe5149e0759be7b1a05b84/element'
15:22:34.586 [AsyncHttpClient-1-8] DEBUG org.asynchttpclient.netty.handler.HttpHandler - 

Request DefaultHttpRequest(decodeResult: success, version: HTTP/1.1)
POST /session/a4c9eedae1fe5149e0759be7b1a05b84/element HTTP/1.1
User-Agent: selenium/4.1.2 (java windows)
Content-Length: 321
Content-Type: application/json; charset=utf-8
host: localhost:62356
accept: */*

Response DefaultHttpResponse(decodeResult: success, version: HTTP/1.1)
HTTP/1.1 200 OK
Content-Type: application/json; charset=utf-8
cache-control: no-cache
content-length: 88

15:22:34.586 [AsyncHttpClient-1-8] DEBUG org.asynchttpclient.netty.channel.ChannelManager - Adding key: http://localhost:62356 for channel [id: 0x4bd809b1, L:/127.0.0.1:62314 - R:localhost/127.0.0.1:62356]
15:22:34.588 [Forwarding getElementTagName on session a4c9eedae1fe5149e0759be7b1a05b84 to remote] DEBUG org.asynchttpclient.netty.request.NettyRequestSender - Using pooled Channel '[id: 0x4bd809b1, L:/127.0.0.1:62314 - R:localhost/127.0.0.1:62356]' for 'GET' to 'http://localhost:62356/session/a4c9eedae1fe5149e0759be7b1a05b84/element/c9dae8e2-775a-4416-ad43-939cbbbb9348/name'
15:22:34.588 [Forwarding getElementTagName on session a4c9eedae1fe5149e0759be7b1a05b84 to remote] DEBUG org.asynchttpclient.netty.request.NettyRequestSender - Using open Channel [id: 0x4bd809b1, L:/127.0.0.1:62314 - R:localhost/127.0.0.1:62356] for GET '/session/a4c9eedae1fe5149e0759be7b1a05b84/element/c9dae8e2-775a-4416-ad43-939cbbbb9348/name'
15:22:34.593 [AsyncHttpClient-1-8] DEBUG org.asynchttpclient.netty.handler.HttpHandler - 

Request DefaultFullHttpRequest(decodeResult: success, version: HTTP/1.1, content: EmptyByteBufBE)
GET /session/a4c9eedae1fe5149e0759be7b1a05b84/element/c9dae8e2-775a-4416-ad43-939cbbbb9348/name HTTP/1.1
User-Agent: selenium/4.1.2 (java windows)
Cache-Control: no-cache
Content-Type: application/json; charset=utf-8
host: localhost:62356
accept: */*

Response DefaultHttpResponse(decodeResult: success, version: HTTP/1.1)
HTTP/1.1 200 OK
Content-Type: application/json; charset=utf-8
cache-control: no-cache
content-length: 18

15:22:34.593 [AsyncHttpClient-1-8] DEBUG org.asynchttpclient.netty.channel.ChannelManager - Adding key: http://localhost:62356 for channel [id: 0x4bd809b1, L:/127.0.0.1:62314 - R:localhost/127.0.0.1:62356]
15:22:34.594 [Forwarding getElementTagName on session a4c9eedae1fe5149e0759be7b1a05b84 to remote] DEBUG org.asynchttpclient.netty.request.NettyRequestSender - Using pooled Channel '[id: 0x4bd809b1, L:/127.0.0.1:62314 - R:localhost/127.0.0.1:62356]' for 'GET' to 'http://localhost:62356/session/a4c9eedae1fe5149e0759be7b1a05b84/element/c9dae8e2-775a-4416-ad43-939cbbbb9348/name'
15:22:34.594 [Forwarding getElementTagName on session a4c9eedae1fe5149e0759be7b1a05b84 to remote] DEBUG org.asynchttpclient.netty.request.NettyRequestSender - Using open Channel [id: 0x4bd809b1, L:/127.0.0.1:62314 - R:localhost/127.0.0.1:62356] for GET '/session/a4c9eedae1fe5149e0759be7b1a05b84/element/c9dae8e2-775a-4416-ad43-939cbbbb9348/name'
15:22:34.598 [AsyncHttpClient-1-8] DEBUG org.asynchttpclient.netty.handler.HttpHandler - 

Request DefaultFullHttpRequest(decodeResult: success, version: HTTP/1.1, content: EmptyByteBufBE)
GET /session/a4c9eedae1fe5149e0759be7b1a05b84/element/c9dae8e2-775a-4416-ad43-939cbbbb9348/name HTTP/1.1
User-Agent: selenium/4.1.2 (java windows)
Cache-Control: no-cache
Content-Type: application/json; charset=utf-8
host: localhost:62356
accept: */*

Response DefaultHttpResponse(decodeResult: success, version: HTTP/1.1)
HTTP/1.1 200 OK
Content-Type: application/json; charset=utf-8
cache-control: no-cache
content-length: 18

15:22:34.598 [AsyncHttpClient-1-8] DEBUG org.asynchttpclient.netty.channel.ChannelManager - Adding key: http://localhost:62356 for channel [id: 0x4bd809b1, L:/127.0.0.1:62314 - R:localhost/127.0.0.1:62356]
15:22:34.599 [Forwarding isElementEnabled on session a4c9eedae1fe5149e0759be7b1a05b84 to remote] DEBUG org.asynchttpclient.netty.request.NettyRequestSender - Using pooled Channel '[id: 0x4bd809b1, L:/127.0.0.1:62314 - R:localhost/127.0.0.1:62356]' for 'GET' to 'http://localhost:62356/session/a4c9eedae1fe5149e0759be7b1a05b84/element/c9dae8e2-775a-4416-ad43-939cbbbb9348/enabled'
15:22:34.599 [Forwarding isElementEnabled on session a4c9eedae1fe5149e0759be7b1a05b84 to remote] DEBUG org.asynchttpclient.netty.request.NettyRequestSender - Using open Channel [id: 0x4bd809b1, L:/127.0.0.1:62314 - R:localhost/127.0.0.1:62356] for GET '/session/a4c9eedae1fe5149e0759be7b1a05b84/element/c9dae8e2-775a-4416-ad43-939cbbbb9348/enabled'
15:22:34.604 [AsyncHttpClient-1-8] DEBUG org.asynchttpclient.netty.handler.HttpHandler - 

Request DefaultFullHttpRequest(decodeResult: success, version: HTTP/1.1, content: EmptyByteBufBE)
GET /session/a4c9eedae1fe5149e0759be7b1a05b84/element/c9dae8e2-775a-4416-ad43-939cbbbb9348/enabled HTTP/1.1
User-Agent: selenium/4.1.2 (java windows)
Cache-Control: no-cache
Content-Type: application/json; charset=utf-8
host: localhost:62356
accept: */*

Response DefaultHttpResponse(decodeResult: success, version: HTTP/1.1)
HTTP/1.1 200 OK
Content-Type: application/json; charset=utf-8
cache-control: no-cache
content-length: 14

15:22:34.604 [AsyncHttpClient-1-8] DEBUG org.asynchttpclient.netty.channel.ChannelManager - Adding key: http://localhost:62356 for channel [id: 0x4bd809b1, L:/127.0.0.1:62314 - R:localhost/127.0.0.1:62356]
15:22:34.605 [Forwarding isElementEnabled on session a4c9eedae1fe5149e0759be7b1a05b84 to remote] DEBUG org.asynchttpclient.netty.request.NettyRequestSender - Using pooled Channel '[id: 0x4bd809b1, L:/127.0.0.1:62314 - R:localhost/127.0.0.1:62356]' for 'GET' to 'http://localhost:62356/session/a4c9eedae1fe5149e0759be7b1a05b84/element/c9dae8e2-775a-4416-ad43-939cbbbb9348/enabled'
15:22:34.605 [Forwarding isElementEnabled on session a4c9eedae1fe5149e0759be7b1a05b84 to remote] DEBUG org.asynchttpclient.netty.request.NettyRequestSender - Using open Channel [id: 0x4bd809b1, L:/127.0.0.1:62314 - R:localhost/127.0.0.1:62356] for GET '/session/a4c9eedae1fe5149e0759be7b1a05b84/element/c9dae8e2-775a-4416-ad43-939cbbbb9348/enabled'
15:22:34.613 [AsyncHttpClient-1-8] DEBUG org.asynchttpclient.netty.handler.HttpHandler - 

Request DefaultFullHttpRequest(decodeResult: success, version: HTTP/1.1, content: EmptyByteBufBE)
GET /session/a4c9eedae1fe5149e0759be7b1a05b84/element/c9dae8e2-775a-4416-ad43-939cbbbb9348/enabled HTTP/1.1
User-Agent: selenium/4.1.2 (java windows)
Cache-Control: no-cache
Content-Type: application/json; charset=utf-8
host: localhost:62356
accept: */*

Response DefaultHttpResponse(decodeResult: success, version: HTTP/1.1)
HTTP/1.1 200 OK
Content-Type: application/json; charset=utf-8
cache-control: no-cache
content-length: 14

15:22:34.613 [AsyncHttpClient-1-8] DEBUG org.asynchttpclient.netty.channel.ChannelManager - Adding key: http://localhost:62356 for channel [id: 0x4bd809b1, L:/127.0.0.1:62314 - R:localhost/127.0.0.1:62356]
15:22:34.615 [Forwarding findElement on session a4c9eedae1fe5149e0759be7b1a05b84 to remote] DEBUG org.asynchttpclient.netty.request.NettyRequestSender - Using pooled Channel '[id: 0x4bd809b1, L:/127.0.0.1:62314 - R:localhost/127.0.0.1:62356]' for 'POST' to 'http://localhost:62356/session/a4c9eedae1fe5149e0759be7b1a05b84/element'
15:22:34.615 [Forwarding findElement on session a4c9eedae1fe5149e0759be7b1a05b84 to remote] DEBUG org.asynchttpclient.netty.request.NettyRequestSender - Using open Channel [id: 0x4bd809b1, L:/127.0.0.1:62314 - R:localhost/127.0.0.1:62356] for POST '/session/a4c9eedae1fe5149e0759be7b1a05b84/element'
15:22:34.623 [AsyncHttpClient-1-8] DEBUG org.asynchttpclient.netty.handler.HttpHandler - 

Request DefaultHttpRequest(decodeResult: success, version: HTTP/1.1)
POST /session/a4c9eedae1fe5149e0759be7b1a05b84/element HTTP/1.1
User-Agent: selenium/4.1.2 (java windows)
Content-Length: 321
Content-Type: application/json; charset=utf-8
host: localhost:62356
accept: */*

Response DefaultHttpResponse(decodeResult: success, version: HTTP/1.1)
HTTP/1.1 200 OK
Content-Type: application/json; charset=utf-8
cache-control: no-cache
content-length: 88

15:22:34.625 [AsyncHttpClient-1-8] DEBUG org.asynchttpclient.netty.channel.ChannelManager - Adding key: http://localhost:62356 for channel [id: 0x4bd809b1, L:/127.0.0.1:62314 - R:localhost/127.0.0.1:62356]
15:22:34.627 [Forwarding clickElement on session a4c9eedae1fe5149e0759be7b1a05b84 to remote] DEBUG org.asynchttpclient.netty.request.NettyRequestSender - Using pooled Channel '[id: 0x4bd809b1, L:/127.0.0.1:62314 - R:localhost/127.0.0.1:62356]' for 'POST' to 'http://localhost:62356/session/a4c9eedae1fe5149e0759be7b1a05b84/element/c9dae8e2-775a-4416-ad43-939cbbbb9348/click'
15:22:34.627 [Forwarding clickElement on session a4c9eedae1fe5149e0759be7b1a05b84 to remote] DEBUG org.asynchttpclient.netty.request.NettyRequestSender - Using open Channel [id: 0x4bd809b1, L:/127.0.0.1:62314 - R:localhost/127.0.0.1:62356] for POST '/session/a4c9eedae1fe5149e0759be7b1a05b84/element/c9dae8e2-775a-4416-ad43-939cbbbb9348/click'
15:22:34.670 [AsyncHttpClient-1-8] DEBUG org.asynchttpclient.netty.handler.HttpHandler - 

Request DefaultHttpRequest(decodeResult: success, version: HTTP/1.1)
POST /session/a4c9eedae1fe5149e0759be7b1a05b84/element/c9dae8e2-775a-4416-ad43-939cbbbb9348/click HTTP/1.1
User-Agent: selenium/4.1.2 (java windows)
Content-Length: 50
Content-Type: application/json; charset=utf-8
host: localhost:62356
accept: */*

Response DefaultHttpResponse(decodeResult: success, version: HTTP/1.1)
HTTP/1.1 200 OK
Content-Type: application/json; charset=utf-8
cache-control: no-cache
content-length: 14

15:22:34.670 [AsyncHttpClient-1-8] DEBUG org.asynchttpclient.netty.channel.ChannelManager - Adding key: http://localhost:62356 for channel [id: 0x4bd809b1, L:/127.0.0.1:62314 - R:localhost/127.0.0.1:62356]
  &amp#27;[32mAnd &amp#27;[0m&amp#27;[32mI have logged in&amp#27;[0m                 &amp#27;[90m# starter.stepdefinitions.ManageVaccinationBookingsSteps.iHaveLoggedIn()&amp#27;[0m
15:22:34.675 [Forwarding screenshot on session a4c9eedae1fe5149e0759be7b1a05b84 to remote] DEBUG org.asynchttpclient.netty.request.NettyRequestSender - Using pooled Channel '[id: 0x4bd809b1, L:/127.0.0.1:62314 - R:localhost/127.0.0.1:62356]' for 'GET' to 'http://localhost:62356/session/a4c9eedae1fe5149e0759be7b1a05b84/screenshot'
15:22:34.675 [Forwarding screenshot on session a4c9eedae1fe5149e0759be7b1a05b84 to remote] DEBUG org.asynchttpclient.netty.request.NettyRequestSender - Using open Channel [id: 0x4bd809b1, L:/127.0.0.1:62314 - R:localhost/127.0.0.1:62356] for GET '/session/a4c9eedae1fe5149e0759be7b1a05b84/screenshot'
15:22:34.816 [AsyncHttpClient-1-8] DEBUG org.asynchttpclient.netty.handler.HttpHandler - 

Request DefaultFullHttpRequest(decodeResult: success, version: HTTP/1.1, content: EmptyByteBufBE)
GET /session/a4c9eedae1fe5149e0759be7b1a05b84/screenshot HTTP/1.1
User-Agent: selenium/4.1.2 (java windows)
Cache-Control: no-cache
Content-Type: application/json; charset=utf-8
host: localhost:62356
accept: */*

Response DefaultHttpResponse(decodeResult: success, version: HTTP/1.1)
HTTP/1.1 200 OK
Content-Type: application/json; charset=utf-8
cache-control: no-cache
content-length: 116096

15:22:34.818 [AsyncHttpClient-1-8] DEBUG org.asynchttpclient.netty.channel.ChannelManager - Adding key: http://localhost:62356 for channel [id: 0x4bd809b1, L:/127.0.0.1:62314 - R:localhost/127.0.0.1:62356]
15:22:34.825 [main] DEBUG net.serenitybdd.core.photography.Darkroom - Send negative for processing for target\site\serenity\2d58746296a41744fa66fd951a5258ae4766bff15d97712be43e53201cbc2a12.png
15:22:34.826 [Darkroom Processing Line] DEBUG net.serenitybdd.core.photography.DarkroomProcessingLine - Processing screenshot image in /var/screenshots/screenshot-15539152131646383747
15:22:34.826 [Darkroom Processing Line] DEBUG net.serenitybdd.core.photography.DarkroomProcessingLine - Saving screenshot to target\site\serenity\2d58746296a41744fa66fd951a5258ae4766bff15d97712be43e53201cbc2a12.png
15:22:34.840 [Forwarding findElement on session a4c9eedae1fe5149e0759be7b1a05b84 to remote] DEBUG org.asynchttpclient.netty.request.NettyRequestSender - Using pooled Channel '[id: 0x4bd809b1, L:/127.0.0.1:62314 - R:localhost/127.0.0.1:62356]' for 'POST' to 'http://localhost:62356/session/a4c9eedae1fe5149e0759be7b1a05b84/element'
15:22:34.841 [Forwarding findElement on session a4c9eedae1fe5149e0759be7b1a05b84 to remote] DEBUG org.asynchttpclient.netty.request.NettyRequestSender - Using open Channel [id: 0x4bd809b1, L:/127.0.0.1:62314 - R:localhost/127.0.0.1:62356] for POST '/session/a4c9eedae1fe5149e0759be7b1a05b84/element'
15:22:35.175 [AsyncHttpClient-1-8] DEBUG org.asynchttpclient.netty.handler.HttpHandler - 

Request DefaultHttpRequest(decodeResult: success, version: HTTP/1.1)
POST /session/a4c9eedae1fe5149e0759be7b1a05b84/element HTTP/1.1
User-Agent: selenium/4.1.2 (java windows)
Content-Length: 80
Content-Type: application/json; charset=utf-8
host: localhost:62356
accept: */*

Response DefaultHttpResponse(decodeResult: success, version: HTTP/1.1)
HTTP/1.1 200 OK
Content-Type: application/json; charset=utf-8
cache-control: no-cache
content-length: 88

15:22:35.176 [AsyncHttpClient-1-8] DEBUG org.asynchttpclient.netty.channel.ChannelManager - Adding key: http://localhost:62356 for channel [id: 0x4bd809b1, L:/127.0.0.1:62314 - R:localhost/127.0.0.1:62356]
15:22:35.180 [Forwarding getElementTagName on session a4c9eedae1fe5149e0759be7b1a05b84 to remote] DEBUG org.asynchttpclient.netty.request.NettyRequestSender - Using pooled Channel '[id: 0x4bd809b1, L:/127.0.0.1:62314 - R:localhost/127.0.0.1:62356]' for 'GET' to 'http://localhost:62356/session/a4c9eedae1fe5149e0759be7b1a05b84/element/3919c696-54c1-42a8-b9d2-f44e3d5f341e/name'
15:22:35.181 [Forwarding getElementTagName on session a4c9eedae1fe5149e0759be7b1a05b84 to remote] DEBUG org.asynchttpclient.netty.request.NettyRequestSender - Using open Channel [id: 0x4bd809b1, L:/127.0.0.1:62314 - R:localhost/127.0.0.1:62356] for GET '/session/a4c9eedae1fe5149e0759be7b1a05b84/element/3919c696-54c1-42a8-b9d2-f44e3d5f341e/name'
15:22:35.196 [AsyncHttpClient-1-8] DEBUG org.asynchttpclient.netty.handler.HttpHandler - 

Request DefaultFullHttpRequest(decodeResult: success, version: HTTP/1.1, content: EmptyByteBufBE)
GET /session/a4c9eedae1fe5149e0759be7b1a05b84/element/3919c696-54c1-42a8-b9d2-f44e3d5f341e/name HTTP/1.1
User-Agent: selenium/4.1.2 (java windows)
Cache-Control: no-cache
Content-Type: application/json; charset=utf-8
host: localhost:62356
accept: */*

Response DefaultHttpResponse(decodeResult: success, version: HTTP/1.1)
HTTP/1.1 200 OK
Content-Type: application/json; charset=utf-8
cache-control: no-cache
content-length: 13

15:22:35.196 [AsyncHttpClient-1-8] DEBUG org.asynchttpclient.netty.channel.ChannelManager - Adding key: http://localhost:62356 for channel [id: 0x4bd809b1, L:/127.0.0.1:62314 - R:localhost/127.0.0.1:62356]
15:22:35.198 [Forwarding getElementTagName on session a4c9eedae1fe5149e0759be7b1a05b84 to remote] DEBUG org.asynchttpclient.netty.request.NettyRequestSender - Using pooled Channel '[id: 0x4bd809b1, L:/127.0.0.1:62314 - R:localhost/127.0.0.1:62356]' for 'GET' to 'http://localhost:62356/session/a4c9eedae1fe5149e0759be7b1a05b84/element/3919c696-54c1-42a8-b9d2-f44e3d5f341e/name'
15:22:35.198 [Forwarding getElementTagName on session a4c9eedae1fe5149e0759be7b1a05b84 to remote] DEBUG org.asynchttpclient.netty.request.NettyRequestSender - Using open Channel [id: 0x4bd809b1, L:/127.0.0.1:62314 - R:localhost/127.0.0.1:62356] for GET '/session/a4c9eedae1fe5149e0759be7b1a05b84/element/3919c696-54c1-42a8-b9d2-f44e3d5f341e/name'
15:22:35.203 [AsyncHttpClient-1-8] DEBUG org.asynchttpclient.netty.handler.HttpHandler - 

Request DefaultFullHttpRequest(decodeResult: success, version: HTTP/1.1, content: EmptyByteBufBE)
GET /session/a4c9eedae1fe5149e0759be7b1a05b84/element/3919c696-54c1-42a8-b9d2-f44e3d5f341e/name HTTP/1.1
User-Agent: selenium/4.1.2 (java windows)
Cache-Control: no-cache
Content-Type: application/json; charset=utf-8
host: localhost:62356
accept: */*

Response DefaultHttpResponse(decodeResult: success, version: HTTP/1.1)
HTTP/1.1 200 OK
Content-Type: application/json; charset=utf-8
cache-control: no-cache
content-length: 13

15:22:35.203 [AsyncHttpClient-1-8] DEBUG org.asynchttpclient.netty.channel.ChannelManager - Adding key: http://localhost:62356 for channel [id: 0x4bd809b1, L:/127.0.0.1:62314 - R:localhost/127.0.0.1:62356]
15:22:35.205 [Forwarding findElement on session a4c9eedae1fe5149e0759be7b1a05b84 to remote] DEBUG org.asynchttpclient.netty.request.NettyRequestSender - Using pooled Channel '[id: 0x4bd809b1, L:/127.0.0.1:62314 - R:localhost/127.0.0.1:62356]' for 'POST' to 'http://localhost:62356/session/a4c9eedae1fe5149e0759be7b1a05b84/element'
15:22:35.205 [Forwarding findElement on session a4c9eedae1fe5149e0759be7b1a05b84 to remote] DEBUG org.asynchttpclient.netty.request.NettyRequestSender - Using open Channel [id: 0x4bd809b1, L:/127.0.0.1:62314 - R:localhost/127.0.0.1:62356] for POST '/session/a4c9eedae1fe5149e0759be7b1a05b84/element'
15:22:35.211 [AsyncHttpClient-1-8] DEBUG org.asynchttpclient.netty.handler.HttpHandler - 

Request DefaultHttpRequest(decodeResult: success, version: HTTP/1.1)
POST /session/a4c9eedae1fe5149e0759be7b1a05b84/element HTTP/1.1
User-Agent: selenium/4.1.2 (java windows)
Content-Length: 80
Content-Type: application/json; charset=utf-8
host: localhost:62356
accept: */*

Response DefaultHttpResponse(decodeResult: success, version: HTTP/1.1)
HTTP/1.1 200 OK
Content-Type: application/json; charset=utf-8
cache-control: no-cache
content-length: 88

15:22:35.212 [AsyncHttpClient-1-8] DEBUG org.asynchttpclient.netty.channel.ChannelManager - Adding key: http://localhost:62356 for channel [id: 0x4bd809b1, L:/127.0.0.1:62314 - R:localhost/127.0.0.1:62356]
15:22:35.214 [Forwarding clickElement on session a4c9eedae1fe5149e0759be7b1a05b84 to remote] DEBUG org.asynchttpclient.netty.request.NettyRequestSender - Using pooled Channel '[id: 0x4bd809b1, L:/127.0.0.1:62314 - R:localhost/127.0.0.1:62356]' for 'POST' to 'http://localhost:62356/session/a4c9eedae1fe5149e0759be7b1a05b84/element/3919c696-54c1-42a8-b9d2-f44e3d5f341e/click'
15:22:35.214 [Forwarding clickElement on session a4c9eedae1fe5149e0759be7b1a05b84 to remote] DEBUG org.asynchttpclient.netty.request.NettyRequestSender - Using open Channel [id: 0x4bd809b1, L:/127.0.0.1:62314 - R:localhost/127.0.0.1:62356] for POST '/session/a4c9eedae1fe5149e0759be7b1a05b84/element/3919c696-54c1-42a8-b9d2-f44e3d5f341e/click'
15:22:35.328 [AsyncHttpClient-1-1] DEBUG org.asynchttpclient.netty.channel.DefaultChannelPool - Entry count for : http://localhost:62315 : 1
15:22:35.411 [AsyncHttpClient-1-8] DEBUG org.asynchttpclient.netty.handler.HttpHandler - 

Request DefaultHttpRequest(decodeResult: success, version: HTTP/1.1)
POST /session/a4c9eedae1fe5149e0759be7b1a05b84/element/3919c696-54c1-42a8-b9d2-f44e3d5f341e/click HTTP/1.1
User-Agent: selenium/4.1.2 (java windows)
Content-Length: 50
Content-Type: application/json; charset=utf-8
host: localhost:62356
accept: */*

Response DefaultHttpResponse(decodeResult: success, version: HTTP/1.1)
HTTP/1.1 200 OK
Content-Type: application/json; charset=utf-8
cache-control: no-cache
content-length: 14

15:22:35.411 [AsyncHttpClient-1-8] DEBUG org.asynchttpclient.netty.channel.ChannelManager - Adding key: http://localhost:62356 for channel [id: 0x4bd809b1, L:/127.0.0.1:62314 - R:localhost/127.0.0.1:62356]
  &amp#27;[32mWhen &amp#27;[0m&amp#27;[32mI go to Book Vaksinasi page&amp#27;[0m     &amp#27;[90m# starter.stepdefinitions.ManageVaccinationBookingsSteps.iGoToBookVaksinasiPage()&amp#27;[0m
15:22:35.423 [Forwarding screenshot on session a4c9eedae1fe5149e0759be7b1a05b84 to remote] DEBUG org.asynchttpclient.netty.request.NettyRequestSender - Using pooled Channel '[id: 0x4bd809b1, L:/127.0.0.1:62314 - R:localhost/127.0.0.1:62356]' for 'GET' to 'http://localhost:62356/session/a4c9eedae1fe5149e0759be7b1a05b84/screenshot'
15:22:35.423 [Forwarding screenshot on session a4c9eedae1fe5149e0759be7b1a05b84 to remote] DEBUG org.asynchttpclient.netty.request.NettyRequestSender - Using open Channel [id: 0x4bd809b1, L:/127.0.0.1:62314 - R:localhost/127.0.0.1:62356] for GET '/session/a4c9eedae1fe5149e0759be7b1a05b84/screenshot'
15:22:35.595 [AsyncHttpClient-1-8] DEBUG org.asynchttpclient.netty.handler.HttpHandler - 

Request DefaultFullHttpRequest(decodeResult: success, version: HTTP/1.1, content: EmptyByteBufBE)
GET /session/a4c9eedae1fe5149e0759be7b1a05b84/screenshot HTTP/1.1
User-Agent: selenium/4.1.2 (java windows)
Cache-Control: no-cache
Content-Type: application/json; charset=utf-8
host: localhost:62356
accept: */*

Response DefaultHttpResponse(decodeResult: success, version: HTTP/1.1)
HTTP/1.1 200 OK
Content-Type: application/json; charset=utf-8
cache-control: no-cache
content-length: 109752

15:22:35.596 [AsyncHttpClient-1-8] DEBUG org.asynchttpclient.netty.channel.ChannelManager - Adding key: http://localhost:62356 for channel [id: 0x4bd809b1, L:/127.0.0.1:62314 - R:localhost/127.0.0.1:62356]
15:22:35.600 [main] DEBUG net.serenitybdd.core.photography.Darkroom - Send negative for processing for target\site\serenity\24b751546abcd0aaf95383c3d714e5e4b274828d63320578a3945165521786f9.png
15:22:35.602 [Darkroom Processing Line] DEBUG net.serenitybdd.core.photography.DarkroomProcessingLine - Processing screenshot image in /var/screenshots/screenshot-6807664997091683320
15:22:35.603 [Darkroom Processing Line] DEBUG net.serenitybdd.core.photography.DarkroomProcessingLine - Saving screenshot to target\site\serenity\24b751546abcd0aaf95383c3d714e5e4b274828d63320578a3945165521786f9.png
15:22:35.615 [Forwarding findElement on session a4c9eedae1fe5149e0759be7b1a05b84 to remote] DEBUG org.asynchttpclient.netty.request.NettyRequestSender - Using pooled Channel '[id: 0x4bd809b1, L:/127.0.0.1:62314 - R:localhost/127.0.0.1:62356]' for 'POST' to 'http://localhost:62356/session/a4c9eedae1fe5149e0759be7b1a05b84/element'
15:22:35.615 [Forwarding findElement on session a4c9eedae1fe5149e0759be7b1a05b84 to remote] DEBUG org.asynchttpclient.netty.request.NettyRequestSender - Using open Channel [id: 0x4bd809b1, L:/127.0.0.1:62314 - R:localhost/127.0.0.1:62356] for POST '/session/a4c9eedae1fe5149e0759be7b1a05b84/element'
15:22:35.815 [AsyncHttpClient-1-8] DEBUG org.asynchttpclient.netty.handler.HttpHandler - 

Request DefaultHttpRequest(decodeResult: success, version: HTTP/1.1)
POST /session/a4c9eedae1fe5149e0759be7b1a05b84/element HTTP/1.1
User-Agent: selenium/4.1.2 (java windows)
Content-Length: 117
Content-Type: application/json; charset=utf-8
host: localhost:62356
accept: */*

Response DefaultHttpResponse(decodeResult: success, version: HTTP/1.1)
HTTP/1.1 200 OK
Content-Type: application/json; charset=utf-8
cache-control: no-cache
content-length: 88

15:22:35.816 [AsyncHttpClient-1-8] DEBUG org.asynchttpclient.netty.channel.ChannelManager - Adding key: http://localhost:62356 for channel [id: 0x4bd809b1, L:/127.0.0.1:62314 - R:localhost/127.0.0.1:62356]
15:22:35.821 [Forwarding getElementTagName on session a4c9eedae1fe5149e0759be7b1a05b84 to remote] DEBUG org.asynchttpclient.netty.request.NettyRequestSender - Using pooled Channel '[id: 0x4bd809b1, L:/127.0.0.1:62314 - R:localhost/127.0.0.1:62356]' for 'GET' to 'http://localhost:62356/session/a4c9eedae1fe5149e0759be7b1a05b84/element/1d136b49-1954-4f2e-a4b4-b0bd4e69c456/name'
15:22:35.821 [Forwarding getElementTagName on session a4c9eedae1fe5149e0759be7b1a05b84 to remote] DEBUG org.asynchttpclient.netty.request.NettyRequestSender - Using open Channel [id: 0x4bd809b1, L:/127.0.0.1:62314 - R:localhost/127.0.0.1:62356] for GET '/session/a4c9eedae1fe5149e0759be7b1a05b84/element/1d136b49-1954-4f2e-a4b4-b0bd4e69c456/name'
15:22:35.828 [AsyncHttpClient-1-8] DEBUG org.asynchttpclient.netty.handler.HttpHandler - 

Request DefaultFullHttpRequest(decodeResult: success, version: HTTP/1.1, content: EmptyByteBufBE)
GET /session/a4c9eedae1fe5149e0759be7b1a05b84/element/1d136b49-1954-4f2e-a4b4-b0bd4e69c456/name HTTP/1.1
User-Agent: selenium/4.1.2 (java windows)
Cache-Control: no-cache
Content-Type: application/json; charset=utf-8
host: localhost:62356
accept: */*

Response DefaultHttpResponse(decodeResult: success, version: HTTP/1.1)
HTTP/1.1 200 OK
Content-Type: application/json; charset=utf-8
cache-control: no-cache
content-length: 15

15:22:35.828 [AsyncHttpClient-1-8] DEBUG org.asynchttpclient.netty.channel.ChannelManager - Adding key: http://localhost:62356 for channel [id: 0x4bd809b1, L:/127.0.0.1:62314 - R:localhost/127.0.0.1:62356]
15:22:35.831 [Forwarding getElementTagName on session a4c9eedae1fe5149e0759be7b1a05b84 to remote] DEBUG org.asynchttpclient.netty.request.NettyRequestSender - Using pooled Channel '[id: 0x4bd809b1, L:/127.0.0.1:62314 - R:localhost/127.0.0.1:62356]' for 'GET' to 'http://localhost:62356/session/a4c9eedae1fe5149e0759be7b1a05b84/element/1d136b49-1954-4f2e-a4b4-b0bd4e69c456/name'
15:22:35.832 [Forwarding getElementTagName on session a4c9eedae1fe5149e0759be7b1a05b84 to remote] DEBUG org.asynchttpclient.netty.request.NettyRequestSender - Using open Channel [id: 0x4bd809b1, L:/127.0.0.1:62314 - R:localhost/127.0.0.1:62356] for GET '/session/a4c9eedae1fe5149e0759be7b1a05b84/element/1d136b49-1954-4f2e-a4b4-b0bd4e69c456/name'
15:22:35.838 [AsyncHttpClient-1-8] DEBUG org.asynchttpclient.netty.handler.HttpHandler - 

Request DefaultFullHttpRequest(decodeResult: success, version: HTTP/1.1, content: EmptyByteBufBE)
GET /session/a4c9eedae1fe5149e0759be7b1a05b84/element/1d136b49-1954-4f2e-a4b4-b0bd4e69c456/name HTTP/1.1
User-Agent: selenium/4.1.2 (java windows)
Cache-Control: no-cache
Content-Type: application/json; charset=utf-8
host: localhost:62356
accept: */*

Response DefaultHttpResponse(decodeResult: success, version: HTTP/1.1)
HTTP/1.1 200 OK
Content-Type: application/json; charset=utf-8
cache-control: no-cache
content-length: 15

15:22:35.839 [AsyncHttpClient-1-8] DEBUG org.asynchttpclient.netty.channel.ChannelManager - Adding key: http://localhost:62356 for channel [id: 0x4bd809b1, L:/127.0.0.1:62314 - R:localhost/127.0.0.1:62356]
15:22:35.842 [Forwarding findElement on session a4c9eedae1fe5149e0759be7b1a05b84 to remote] DEBUG org.asynchttpclient.netty.request.NettyRequestSender - Using pooled Channel '[id: 0x4bd809b1, L:/127.0.0.1:62314 - R:localhost/127.0.0.1:62356]' for 'POST' to 'http://localhost:62356/session/a4c9eedae1fe5149e0759be7b1a05b84/element'
15:22:35.842 [Forwarding findElement on session a4c9eedae1fe5149e0759be7b1a05b84 to remote] DEBUG org.asynchttpclient.netty.request.NettyRequestSender - Using open Channel [id: 0x4bd809b1, L:/127.0.0.1:62314 - R:localhost/127.0.0.1:62356] for POST '/session/a4c9eedae1fe5149e0759be7b1a05b84/element'
15:22:35.848 [AsyncHttpClient-1-8] DEBUG org.asynchttpclient.netty.handler.HttpHandler - 

Request DefaultHttpRequest(decodeResult: success, version: HTTP/1.1)
POST /session/a4c9eedae1fe5149e0759be7b1a05b84/element HTTP/1.1
User-Agent: selenium/4.1.2 (java windows)
Content-Length: 117
Content-Type: application/json; charset=utf-8
host: localhost:62356
accept: */*

Response DefaultHttpResponse(decodeResult: success, version: HTTP/1.1)
HTTP/1.1 200 OK
Content-Type: application/json; charset=utf-8
cache-control: no-cache
content-length: 88

15:22:35.849 [AsyncHttpClient-1-8] DEBUG org.asynchttpclient.netty.channel.ChannelManager - Adding key: http://localhost:62356 for channel [id: 0x4bd809b1, L:/127.0.0.1:62314 - R:localhost/127.0.0.1:62356]
15:22:35.850 [Forwarding clickElement on session a4c9eedae1fe5149e0759be7b1a05b84 to remote] DEBUG org.asynchttpclient.netty.request.NettyRequestSender - Using pooled Channel '[id: 0x4bd809b1, L:/127.0.0.1:62314 - R:localhost/127.0.0.1:62356]' for 'POST' to 'http://localhost:62356/session/a4c9eedae1fe5149e0759be7b1a05b84/element/1d136b49-1954-4f2e-a4b4-b0bd4e69c456/click'
15:22:35.851 [Forwarding clickElement on session a4c9eedae1fe5149e0759be7b1a05b84 to remote] DEBUG org.asynchttpclient.netty.request.NettyRequestSender - Using open Channel [id: 0x4bd809b1, L:/127.0.0.1:62314 - R:localhost/127.0.0.1:62356] for POST '/session/a4c9eedae1fe5149e0759be7b1a05b84/element/1d136b49-1954-4f2e-a4b4-b0bd4e69c456/click'
15:22:36.004 [AsyncHttpClient-1-8] DEBUG org.asynchttpclient.netty.handler.HttpHandler - 

Request DefaultHttpRequest(decodeResult: success, version: HTTP/1.1)
POST /session/a4c9eedae1fe5149e0759be7b1a05b84/element/1d136b49-1954-4f2e-a4b4-b0bd4e69c456/click HTTP/1.1
User-Agent: selenium/4.1.2 (java windows)
Content-Length: 50
Content-Type: application/json; charset=utf-8
host: localhost:62356
accept: */*

Response DefaultHttpResponse(decodeResult: success, version: HTTP/1.1)
HTTP/1.1 200 OK
Content-Type: application/json; charset=utf-8
cache-control: no-cache
content-length: 14

15:22:36.005 [AsyncHttpClient-1-8] DEBUG org.asynchttpclient.netty.channel.ChannelManager - Adding key: http://localhost:62356 for channel [id: 0x4bd809b1, L:/127.0.0.1:62314 - R:localhost/127.0.0.1:62356]
  &amp#27;[32mAnd &amp#27;[0m&amp#27;[32mI select a session&amp#27;[0m               &amp#27;[90m# starter.stepdefinitions.ManageVaccinationBookingsSteps.iSelectASession()&amp#27;[0m
15:22:36.035 [Forwarding screenshot on session a4c9eedae1fe5149e0759be7b1a05b84 to remote] DEBUG org.asynchttpclient.netty.request.NettyRequestSender - Using pooled Channel '[id: 0x4bd809b1, L:/127.0.0.1:62314 - R:localhost/127.0.0.1:62356]' for 'GET' to 'http://localhost:62356/session/a4c9eedae1fe5149e0759be7b1a05b84/screenshot'
15:22:36.036 [Forwarding screenshot on session a4c9eedae1fe5149e0759be7b1a05b84 to remote] DEBUG org.asynchttpclient.netty.request.NettyRequestSender - Using open Channel [id: 0x4bd809b1, L:/127.0.0.1:62314 - R:localhost/127.0.0.1:62356] for GET '/session/a4c9eedae1fe5149e0759be7b1a05b84/screenshot'
15:22:36.286 [AsyncHttpClient-1-8] DEBUG org.asynchttpclient.netty.handler.HttpHandler - 

Request DefaultFullHttpRequest(decodeResult: success, version: HTTP/1.1, content: EmptyByteBufBE)
GET /session/a4c9eedae1fe5149e0759be7b1a05b84/screenshot HTTP/1.1
User-Agent: selenium/4.1.2 (java windows)
Cache-Control: no-cache
Content-Type: application/json; charset=utf-8
host: localhost:62356
accept: */*

Response DefaultHttpResponse(decodeResult: success, version: HTTP/1.1)
HTTP/1.1 200 OK
Content-Type: application/json; charset=utf-8
cache-control: no-cache
content-length: 147036

15:22:36.288 [AsyncHttpClient-1-8] DEBUG org.asynchttpclient.netty.channel.ChannelManager - Adding key: http://localhost:62356 for channel [id: 0x4bd809b1, L:/127.0.0.1:62314 - R:localhost/127.0.0.1:62356]
15:22:36.298 [main] DEBUG net.serenitybdd.core.photography.Darkroom - Send negative for processing for target\site\serenity\dd12b82dfefdb2738c976012a1acfdf1f8869f265132b54489695361d30f1e69.png
15:22:36.299 [Darkroom Processing Line] DEBUG net.serenitybdd.core.photography.DarkroomProcessingLine - Processing screenshot image in /var/screenshots/screenshot-15469216503001208119
15:22:36.299 [Darkroom Processing Line] DEBUG net.serenitybdd.core.photography.DarkroomProcessingLine - Saving screenshot to target\site\serenity\dd12b82dfefdb2738c976012a1acfdf1f8869f265132b54489695361d30f1e69.png
15:22:36.315 [Forwarding findElement on session a4c9eedae1fe5149e0759be7b1a05b84 to remote] DEBUG org.asynchttpclient.netty.request.NettyRequestSender - Using pooled Channel '[id: 0x4bd809b1, L:/127.0.0.1:62314 - R:localhost/127.0.0.1:62356]' for 'POST' to 'http://localhost:62356/session/a4c9eedae1fe5149e0759be7b1a05b84/element'
15:22:36.315 [Forwarding findElement on session a4c9eedae1fe5149e0759be7b1a05b84 to remote] DEBUG org.asynchttpclient.netty.request.NettyRequestSender - Using open Channel [id: 0x4bd809b1, L:/127.0.0.1:62314 - R:localhost/127.0.0.1:62356] for POST '/session/a4c9eedae1fe5149e0759be7b1a05b84/element'
15:22:36.431 [AsyncHttpClient-1-1] DEBUG org.asynchttpclient.netty.channel.DefaultChannelPool - Entry count for : http://localhost:62315 : 1
15:22:37.525 [AsyncHttpClient-1-1] DEBUG org.asynchttpclient.netty.channel.DefaultChannelPool - Entry count for : http://localhost:62315 : 1
15:22:38.372 [AsyncHttpClient-1-8] DEBUG org.asynchttpclient.netty.handler.HttpHandler - 

Request DefaultHttpRequest(decodeResult: success, version: HTTP/1.1)
POST /session/a4c9eedae1fe5149e0759be7b1a05b84/element HTTP/1.1
User-Agent: selenium/4.1.2 (java windows)
Content-Length: 80
Content-Type: application/json; charset=utf-8
host: localhost:62356
accept: */*

Response DefaultHttpResponse(decodeResult: success, version: HTTP/1.1)
HTTP/1.1 404 Not Found
Content-Type: application/json; charset=utf-8
cache-control: no-cache
content-length: 948

15:22:38.372 [AsyncHttpClient-1-8] DEBUG org.asynchttpclient.netty.channel.ChannelManager - Adding key: http://localhost:62356 for channel [id: 0x4bd809b1, L:/127.0.0.1:62314 - R:localhost/127.0.0.1:62356]
15:22:38.494 [Forwarding findElement on session a4c9eedae1fe5149e0759be7b1a05b84 to remote] DEBUG org.asynchttpclient.netty.request.NettyRequestSender - Using pooled Channel '[id: 0x4bd809b1, L:/127.0.0.1:62314 - R:localhost/127.0.0.1:62356]' for 'POST' to 'http://localhost:62356/session/a4c9eedae1fe5149e0759be7b1a05b84/element'
15:22:38.494 [Forwarding findElement on session a4c9eedae1fe5149e0759be7b1a05b84 to remote] DEBUG org.asynchttpclient.netty.request.NettyRequestSender - Using open Channel [id: 0x4bd809b1, L:/127.0.0.1:62314 - R:localhost/127.0.0.1:62356] for POST '/session/a4c9eedae1fe5149e0759be7b1a05b84/element'
15:22:38.628 [AsyncHttpClient-1-1] DEBUG org.asynchttpclient.netty.channel.DefaultChannelPool - Entry count for : http://localhost:62315 : 1
15:22:39.724 [AsyncHttpClient-1-1] DEBUG org.asynchttpclient.netty.channel.DefaultChannelPool - Entry count for : http://localhost:62315 : 1
15:22:40.526 [AsyncHttpClient-1-8] DEBUG org.asynchttpclient.netty.handler.HttpHandler - 

Request DefaultHttpRequest(decodeResult: success, version: HTTP/1.1)
POST /session/a4c9eedae1fe5149e0759be7b1a05b84/element HTTP/1.1
User-Agent: selenium/4.1.2 (java windows)
Content-Length: 80
Content-Type: application/json; charset=utf-8
host: localhost:62356
accept: */*

Response DefaultHttpResponse(decodeResult: success, version: HTTP/1.1)
HTTP/1.1 404 Not Found
Content-Type: application/json; charset=utf-8
cache-control: no-cache
content-length: 948

15:22:40.527 [AsyncHttpClient-1-8] DEBUG org.asynchttpclient.netty.channel.ChannelManager - Adding key: http://localhost:62356 for channel [id: 0x4bd809b1, L:/127.0.0.1:62314 - R:localhost/127.0.0.1:62356]
15:22:40.646 [Forwarding findElement on session a4c9eedae1fe5149e0759be7b1a05b84 to remote] DEBUG org.asynchttpclient.netty.request.NettyRequestSender - Using pooled Channel '[id: 0x4bd809b1, L:/127.0.0.1:62314 - R:localhost/127.0.0.1:62356]' for 'POST' to 'http://localhost:62356/session/a4c9eedae1fe5149e0759be7b1a05b84/element'
15:22:40.646 [Forwarding findElement on session a4c9eedae1fe5149e0759be7b1a05b84 to remote] DEBUG org.asynchttpclient.netty.request.NettyRequestSender - Using open Channel [id: 0x4bd809b1, L:/127.0.0.1:62314 - R:localhost/127.0.0.1:62356] for POST '/session/a4c9eedae1fe5149e0759be7b1a05b84/element'
15:22:40.828 [AsyncHttpClient-1-1] DEBUG org.asynchttpclient.netty.channel.DefaultChannelPool - Entry count for : http://localhost:62315 : 1
15:22:41.924 [AsyncHttpClient-1-1] DEBUG org.asynchttpclient.netty.channel.DefaultChannelPool - Entry count for : http://localhost:62315 : 1
15:22:42.675 [AsyncHttpClient-1-8] DEBUG org.asynchttpclient.netty.handler.HttpHandler - 

Request DefaultHttpRequest(decodeResult: success, version: HTTP/1.1)
POST /session/a4c9eedae1fe5149e0759be7b1a05b84/element HTTP/1.1
User-Agent: selenium/4.1.2 (java windows)
Content-Length: 80
Content-Type: application/json; charset=utf-8
host: localhost:62356
accept: */*

Response DefaultHttpResponse(decodeResult: success, version: HTTP/1.1)
HTTP/1.1 404 Not Found
Content-Type: application/json; charset=utf-8
cache-control: no-cache
content-length: 948

15:22:42.675 [AsyncHttpClient-1-8] DEBUG org.asynchttpclient.netty.channel.ChannelManager - Adding key: http://localhost:62356 for channel [id: 0x4bd809b1, L:/127.0.0.1:62314 - R:localhost/127.0.0.1:62356]
15:22:42.690 [Forwarding screenshot on session a4c9eedae1fe5149e0759be7b1a05b84 to remote] DEBUG org.asynchttpclient.netty.request.NettyRequestSender - Using pooled Channel '[id: 0x4bd809b1, L:/127.0.0.1:62314 - R:localhost/127.0.0.1:62356]' for 'GET' to 'http://localhost:62356/session/a4c9eedae1fe5149e0759be7b1a05b84/screenshot'
15:22:42.690 [Forwarding screenshot on session a4c9eedae1fe5149e0759be7b1a05b84 to remote] DEBUG org.asynchttpclient.netty.request.NettyRequestSender - Using open Channel [id: 0x4bd809b1, L:/127.0.0.1:62314 - R:localhost/127.0.0.1:62356] for GET '/session/a4c9eedae1fe5149e0759be7b1a05b84/screenshot'
15:22:42.771 [AsyncHttpClient-1-8] DEBUG org.asynchttpclient.netty.handler.HttpHandler - 

Request DefaultFullHttpRequest(decodeResult: success, version: HTTP/1.1, content: EmptyByteBufBE)
GET /session/a4c9eedae1fe5149e0759be7b1a05b84/screenshot HTTP/1.1
User-Agent: selenium/4.1.2 (java windows)
Cache-Control: no-cache
Content-Type: application/json; charset=utf-8
host: localhost:62356
accept: */*

Response DefaultHttpResponse(decodeResult: success, version: HTTP/1.1)
HTTP/1.1 200 OK
Content-Type: application/json; charset=utf-8
cache-control: no-cache
content-length: 184104

15:22:42.772 [AsyncHttpClient-1-8] DEBUG org.asynchttpclient.netty.channel.ChannelManager - Adding key: http://localhost:62356 for channel [id: 0x4bd809b1, L:/127.0.0.1:62314 - R:localhost/127.0.0.1:62356]
15:22:42.775 [main] DEBUG net.serenitybdd.core.photography.Darkroom - Send negative for processing for target\site\serenity\3748120f5fa8773db84ebbd7fb0f4de808a1dccbb03fe8905af14aafa689c63b.png
15:22:42.776 [Darkroom Processing Line] DEBUG net.serenitybdd.core.photography.DarkroomProcessingLine - Processing screenshot image in /var/screenshots/screenshot-4038506981852567259
15:22:42.776 [Darkroom Processing Line] DEBUG net.serenitybdd.core.photography.DarkroomProcessingLine - Saving screenshot to target\site\serenity\3748120f5fa8773db84ebbd7fb0f4de808a1dccbb03fe8905af14aafa689c63b.png
15:22:42.784 [Forwarding getPageSource on session a4c9eedae1fe5149e0759be7b1a05b84 to remote] DEBUG org.asynchttpclient.netty.request.NettyRequestSender - Using pooled Channel '[id: 0x4bd809b1, L:/127.0.0.1:62314 - R:localhost/127.0.0.1:62356]' for 'POST' to 'http://localhost:62356/session/a4c9eedae1fe5149e0759be7b1a05b84/execute/sync'
15:22:42.784 [Forwarding getPageSource on session a4c9eedae1fe5149e0759be7b1a05b84 to remote] DEBUG org.asynchttpclient.netty.request.NettyRequestSender - Using open Channel [id: 0x4bd809b1, L:/127.0.0.1:62314 - R:localhost/127.0.0.1:62356] for POST '/session/a4c9eedae1fe5149e0759be7b1a05b84/execute/sync'
15:22:42.792 [AsyncHttpClient-1-8] DEBUG org.asynchttpclient.netty.handler.HttpHandler - 

Request DefaultHttpRequest(decodeResult: success, version: HTTP/1.1)
POST /session/a4c9eedae1fe5149e0759be7b1a05b84/execute/sync HTTP/1.1
User-Agent: selenium/4.1.2 (java windows)
Content-Length: 176
Content-Type: application/json; charset=utf-8
host: localhost:62356
accept: */*

Response DefaultHttpResponse(decodeResult: success, version: HTTP/1.1)
HTTP/1.1 200 OK
Content-Type: application/json; charset=utf-8
cache-control: no-cache
content-length: 49512

15:22:42.792 [AsyncHttpClient-1-8] DEBUG org.asynchttpclient.netty.channel.ChannelManager - Adding key: http://localhost:62356 for channel [id: 0x4bd809b1, L:/127.0.0.1:62314 - R:localhost/127.0.0.1:62356]
15:22:42.887 [Forwarding getCurrentUrl on session a4c9eedae1fe5149e0759be7b1a05b84 to remote] DEBUG org.asynchttpclient.netty.request.NettyRequestSender - Using pooled Channel '[id: 0x4bd809b1, L:/127.0.0.1:62314 - R:localhost/127.0.0.1:62356]' for 'GET' to 'http://localhost:62356/session/a4c9eedae1fe5149e0759be7b1a05b84/url'
15:22:42.887 [Forwarding getCurrentUrl on session a4c9eedae1fe5149e0759be7b1a05b84 to remote] DEBUG org.asynchttpclient.netty.request.NettyRequestSender - Using open Channel [id: 0x4bd809b1, L:/127.0.0.1:62314 - R:localhost/127.0.0.1:62356] for GET '/session/a4c9eedae1fe5149e0759be7b1a05b84/url'
15:22:42.890 [AsyncHttpClient-1-8] DEBUG org.asynchttpclient.netty.handler.HttpHandler - 

Request DefaultFullHttpRequest(decodeResult: success, version: HTTP/1.1, content: EmptyByteBufBE)
GET /session/a4c9eedae1fe5149e0759be7b1a05b84/url HTTP/1.1
User-Agent: selenium/4.1.2 (java windows)
Cache-Control: no-cache
Content-Type: application/json; charset=utf-8
host: localhost:62356
accept: */*

Response DefaultHttpResponse(decodeResult: success, version: HTTP/1.1)
HTTP/1.1 200 OK
Content-Type: application/json; charset=utf-8
cache-control: no-cache
content-length: 93

15:22:42.890 [AsyncHttpClient-1-8] DEBUG org.asynchttpclient.netty.channel.ChannelManager - Adding key: http://localhost:62356 for channel [id: 0x4bd809b1, L:/127.0.0.1:62314 - R:localhost/127.0.0.1:62356]
  &amp#27;[31mAnd &amp#27;[0m&amp#27;[31mI click X button&amp#27;[0m                 &amp#27;[90m# starter.stepdefinitions.ManageVaccinationBookingsSteps.iClickXButton()&amp#27;[0m
      &amp#27;[31mnet.thucydides.core.webdriver.exceptions.ElementShouldBeEnabledException: Expected enabled element was not enabled
	at net.serenitybdd.core.pages.WebElementFacadeImpl.waitUntilEnabled(WebElementFacadeImpl.java:1100)
	at net.serenitybdd.core.pages.WebElementFacadeImpl.waitUntilElementAvailable(WebElementFacadeImpl.java:888)
	at net.serenitybdd.core.pages.WebElementFacadeImpl.click(WebElementFacadeImpl.java:1182)
	at net.serenitybdd.core.pages.WebElementFacadeImpl.click(WebElementFacadeImpl.java:1201)
	at Automation@1.0-SNAPSHOT/starter.pages.ManageVaccinationBookingsPage.rejectBookingRequest(ManageVaccinationBookingsPage.java:74)
	at Automation@1.0-SNAPSHOT/starter.pages.ManageVaccinationBookingsPage$ByteBuddy$DdMkQXrH.rejectBookingRequest$accessor$tYNQwdRO(Unknown Source)
	at java.base/jdk.internal.reflect.NativeMethodAccessorImpl.invoke0(Native Method)
	at java.base/jdk.internal.reflect.NativeMethodAccessorImpl.invoke(NativeMethodAccessorImpl.java:62)
	at java.base/jdk.internal.reflect.DelegatingMethodAccessorImpl.invoke(DelegatingMethodAccessorImpl.java:43)
	at java.base/java.lang.reflect.Method.invoke(Method.java:566)
	at net.thucydides.core.steps.BaseMethodRunner.invokeMethod(BaseMethodRunner.java:18)
	at net.thucydides.core.steps.NormalMethodRunner.invokeMethodAndNotifyFailures(NormalMethodRunner.java:18)
	at net.thucydides.core.steps.StepInterceptor.runNormalMethod(StepInterceptor.java:406)
	at net.thucydides.core.steps.StepInterceptor.testStepResult(StepInterceptor.java:191)
	at net.thucydides.core.steps.StepInterceptor.intercept(StepInterceptor.java:84)
	at net.thucydides.core.steps.ProxyConfiguration$InterceptorDispatcher.intercept(ProxyConfiguration.java:51)
	at Automation@1.0-SNAPSHOT/starter.pages.ManageVaccinationBookingsPage$ByteBuddy$DdMkQXrH.rejectBookingRequest(Unknown Source)
	at Automation@1.0-SNAPSHOT/starter.stepdefinitions.ManageVaccinationBookingsSteps.iClickXButton(ManageVaccinationBookingsSteps.java:59)
	at âœ½.I click X button(file:///C:/Users/ASUSTUF/OneDrive/Documents/Capstone%20Project/Web%20Automation/src/test/resources/features/ManageVaccinationBookings.feature:28)
Caused by: org.openqa.selenium.TimeoutException: Expected condition failed: waiting for By.xpath: //button[@fdprocessedid='xn9icp'] to be enabled (tried for 5 second(s) with 100 milliseconds interval)
	at org.openqa.selenium.support.ui.FluentWait.timeoutException(FluentWait.java:263)
	at org.openqa.selenium.support.ui.FluentWait.until(FluentWait.java:231)
	at net.serenitybdd.core.pages.WebElementFacadeImpl.waitUntilEnabled(WebElementFacadeImpl.java:1097)
	at net.serenitybdd.core.pages.WebElementFacadeImpl.waitUntilElementAvailable(WebElementFacadeImpl.java:888)
	at net.serenitybdd.core.pages.WebElementFacadeImpl.click(WebElementFacadeImpl.java:1182)
	at net.serenitybdd.core.pages.WebElementFacadeImpl.click(WebElementFacadeImpl.java:1201)
	at Automation@1.0-SNAPSHOT/starter.pages.ManageVaccinationBookingsPage.rejectBookingRequest(ManageVaccinationBookingsPage.java:74)
	at Automation@1.0-SNAPSHOT/starter.pages.ManageVaccinationBookingsPage$ByteBuddy$DdMkQXrH.rejectBookingRequest$accessor$tYNQwdRO(Unknown Source)
	at java.base/jdk.internal.reflect.NativeMethodAccessorImpl.invoke0(Native Method)
	at java.base/jdk.internal.reflect.NativeMethodAccessorImpl.invoke(NativeMethodAccessorImpl.java:62)
	at java.base/jdk.internal.reflect.DelegatingMethodAccessorImpl.invoke(DelegatingMethodAccessorImpl.java:43)
	at java.base/java.lang.reflect.Method.invoke(Method.java:566)
	at net.thucydides.core.steps.BaseMethodRunner.invokeMethod(BaseMethodRunner.java:18)
	at net.thucydides.core.steps.NormalMethodRunner.invokeMethodAndNotifyFailures(NormalMethodRunner.java:18)
	at net.thucydides.core.steps.StepInterceptor.runNormalMethod(StepInterceptor.java:406)
	at net.thucydides.core.steps.StepInterceptor.testStepResult(StepInterceptor.java:191)
	at net.thucydides.core.steps.StepInterceptor.intercept(StepInterceptor.java:84)
	at net.thucydides.core.steps.ProxyConfiguration$InterceptorDispatcher.intercept(ProxyConfiguration.java:51)
	at Automation@1.0-SNAPSHOT/starter.pages.ManageVaccinationBookingsPage$ByteBuddy$DdMkQXrH.rejectBookingRequest(Unknown Source)
	at Automation@1.0-SNAPSHOT/starter.stepdefinitions.ManageVaccinationBookingsSteps.iClickXButton(ManageVaccinationBookingsSteps.java:59)
	at java.base/jdk.internal.reflect.NativeMethodAccessorImpl.invoke0(Native Method)
	at java.base/jdk.internal.reflect.NativeMethodAccessorImpl.invoke(NativeMethodAccessorImpl.java:62)
	at java.base/jdk.internal.reflect.DelegatingMethodAccessorImpl.invoke(DelegatingMethodAccessorImpl.java:43)
	at java.base/java.lang.reflect.Method.invoke(Method.java:566)
	at io.cucumber.java.Invoker.doInvoke(Invoker.java:66)
	at io.cucumber.java.Invoker.invoke(Invoker.java:24)
	at io.cucumber.java.AbstractGlueDefinition.invokeMethod(AbstractGlueDefinition.java:47)
	at io.cucumber.java.JavaStepDefinition.execute(JavaStepDefinition.java:29)
	at io.cucumber.core.runner.CoreStepDefinition.execute(CoreStepDefinition.java:66)
	at io.cucumber.core.runner.PickleStepDefinitionMatch.runStep(PickleStepDefinitionMatch.java:63)
	at io.cucumber.core.runner.ExecutionMode$1.execute(ExecutionMode.java:10)
	at io.cucumber.core.runner.TestStep.executeStep(TestStep.java:86)
	at io.cucumber.core.runner.TestStep.run(TestStep.java:57)
	at io.cucumber.core.runner.PickleStepTestStep.run(PickleStepTestStep.java:51)
	at io.cucumber.core.runner.TestCase.run(TestCase.java:95)
	at io.cucumber.core.runner.Runner.runPickle(Runner.java:75)
	at io.cucumber.junit.PickleRunners$NoStepDescriptions.lambda$run$0(PickleRunners.java:151)
	at io.cucumber.core.runtime.CucumberExecutionContext.lambda$runTestCase$3(CucumberExecutionContext.java:151)
	at io.cucumber.core.runtime.RethrowingThrowableCollector.executeAndThrow(RethrowingThrowableCollector.java:23)
	at io.cucumber.core.runtime.CucumberExecutionContext.runTestCase(CucumberExecutionContext.java:151)
	at io.cucumber.junit.PickleRunners$NoStepDescriptions.run(PickleRunners.java:148)
	at io.cucumber.junit.FeatureRunner.runChild(FeatureRunner.java:144)
	at io.cucumber.junit.FeatureRunner.runChild(FeatureRunner.java:28)
	at org.junit.runners.ParentRunner$4.run(ParentRunner.java:331)
	at org.junit.runners.ParentRunner$1.schedule(ParentRunner.java:79)
	at org.junit.runners.ParentRunner.runChildren(ParentRunner.java:329)
	at org.junit.runners.ParentRunner.access$100(ParentRunner.java:66)
	at org.junit.runners.ParentRunner$2.evaluate(ParentRunner.java:293)
	at org.junit.runners.ParentRunner$3.evaluate(ParentRunner.java:306)
	at org.junit.runners.ParentRunner.run(ParentRunner.java:413)
	at io.cucumber.junit.FeatureRunner.run(FeatureRunner.java:137)
	at io.cucumber.junit.CucumberSerenityRunner.runChild(CucumberSerenityRunner.java:258)
	at io.cucumber.junit.CucumberSerenityRunner.runChild(CucumberSerenityRunner.java:58)
	at org.junit.runners.ParentRunner$4.run(ParentRunner.java:331)
	at org.junit.runners.ParentRunner$1.schedule(ParentRunner.java:79)
	at org.junit.runners.ParentRunner.runChildren(ParentRunner.java:329)
	at org.junit.runners.ParentRunner.access$100(ParentRunner.java:66)
	at org.junit.runners.ParentRunner$2.evaluate(ParentRunner.java:293)
	at io.cucumber.junit.CucumberSerenityRunner$RunCucumber.evaluate(CucumberSerenityRunner.java:287)
	at org.junit.runners.ParentRunner$3.evaluate(ParentRunner.java:306)
	at org.junit.runners.ParentRunner.run(ParentRunner.java:413)
	at org.junit.runner.JUnitCore.run(JUnitCore.java:137)
	at org.junit.runner.JUnitCore.run(JUnitCore.java:115)
	at org.junit.vintage.engine.execution.RunnerExecutor.execute(RunnerExecutor.java:42)
	at org.junit.vintage.engine.VintageTestEngine.executeAllChildren(VintageTestEngine.java:80)
	at org.junit.vintage.engine.VintageTestEngine.execute(VintageTestEngine.java:72)
	at org.junit.platform.launcher.core.EngineExecutionOrchestrator.execute(EngineExecutionOrchestrator.java:107)
	at org.junit.platform.launcher.core.EngineExecutionOrchestrator.execute(EngineExecutionOrchestrator.java:88)
	at org.junit.platform.launcher.core.EngineExecutionOrchestrator.lambda$execute$0(EngineExecutionOrchestrator.java:54)
	at org.junit.platform.launcher.core.EngineExecutionOrchestrator.withInterceptedStreams(EngineExecutionOrchestrator.java:67)
	at org.junit.platform.launcher.core.EngineExecutionOrchestrator.execute(EngineExecutionOrchestrator.java:52)
	at org.junit.platform.launcher.core.DefaultLauncher.execute(DefaultLauncher.java:114)
	at org.junit.platform.launcher.core.DefaultLauncher.execute(DefaultLauncher.java:86)
	at org.junit.platform.launcher.core.DefaultLauncherSession$DelegatingLauncher.execute(DefaultLauncherSession.java:86)
	at org.junit.platform.launcher.core.SessionPerRequestLauncher.execute(SessionPerRequestLauncher.java:53)
	at org.apache.maven.surefire.junitplatform.JUnitPlatformProvider.execute(JUnitPlatformProvider.java:188)
	at org.apache.maven.surefire.junitplatform.JUnitPlatformProvider.invokeAllTests(JUnitPlatformProvider.java:154)
	at org.apache.maven.surefire.junitplatform.JUnitPlatformProvider.invoke(JUnitPlatformProvider.java:128)
	at org.apache.maven.surefire.booter.ForkedBooter.runSuitesInProcess(ForkedBooter.java:428)
	at org.apache.maven.surefire.booter.ForkedBooter.execute(ForkedBooter.java:162)
	at org.apache.maven.surefire.booter.ForkedBooter.run(ForkedBooter.java:562)
	at org.apache.maven.surefire.booter.ForkedBooter.main(ForkedBooter.java:548)
Caused by: org.openqa.selenium.NoSuchElementException: no such element: Unable to locate element: {"method":"xpath","selector":"//button[@fdprocessedid='xn9icp']"}
  (Session info: chrome=108.0.5359.125)
For documentation on this error, please visit: https://selenium.dev/exceptions/#no_such_element
Build info: version: '4.1.2', revision: '9a5a329c5a'
System info: host: 'LAPTOP-CFD9EV6G', ip: '192.168.100.29', os.name: 'Windows 11', os.arch: 'amd64', os.version: '10.0', java.version: '11.0.16'
Driver info: org.openqa.selenium.chrome.ChromeDriver
Command: [a4c9eedae1fe5149e0759be7b1a05b84, findElement {using=xpath, value=//button[@fdprocessedid='xn9icp']}]
Capabilities {acceptInsecureCerts: false, browserName: chrome, browserVersion: 108.0.5359.125, chrome: {chromedriverVersion: 108.0.5359.71 (1e0e3868ee06..., userDataDir: C:\Users\ASUSTUF\AppData\Lo...}, goog:chromeOptions: {debuggerAddress: localhost:62315}, javascriptEnabled: true, networkConnectionEnabled: false, pageLoadStrategy: normal, platform: WINDOWS, platformName: WINDOWS, proxy: Proxy(), se:cdp: ws://localhost:62315/devtoo..., se:cdpVersion: 108.0.5359.125, setWindowRect: true, strictFileInteractability: false, timeouts: {implicit: 0, pageLoad: 300000, script: 30000}, unhandledPromptBehavior: dismiss and notify, webauthn:extension:credBlob: true, webauthn:extension:largeBlob: true, webauthn:virtualAuthenticators: true}
Session ID: a4c9eedae1fe5149e0759be7b1a05b84
	at java.base/jdk.internal.reflect.NativeConstructorAccessorImpl.newInstance0(Native Method)
	at java.base/jdk.internal.reflect.NativeConstructorAccessorImpl.newInstance(NativeConstructorAccessorImpl.java:62)
	at java.base/jdk.internal.reflect.DelegatingConstructorAccessorImpl.newInstance(DelegatingConstructorAccessorImpl.java:45)
	at java.base/java.lang.reflect.Constructor.newInstance(Constructor.java:490)
	at org.openqa.selenium.remote.codec.w3c.W3CHttpResponseCodec.createException(W3CHttpResponseCodec.java:200)
	at org.openqa.selenium.remote.codec.w3c.W3CHttpResponseCodec.decode(W3CHttpResponseCodec.java:133)
	at org.openqa.selenium.remote.codec.w3c.W3CHttpResponseCodec.decode(W3CHttpResponseCodec.java:53)
	at org.openqa.selenium.remote.HttpCommandExecutor.execute(HttpCommandExecutor.java:184)
	at org.openqa.selenium.remote.service.DriverCommandExecutor.invokeExecute(DriverCommandExecutor.java:167)
	at org.openqa.selenium.remote.service.DriverCommandExecutor.execute(DriverCommandExecutor.java:142)
	at org.openqa.selenium.remote.RemoteWebDriver.execute(RemoteWebDriver.java:558)
	at org.openqa.selenium.remote.ElementLocation$ElementFinder$2.findElement(ElementLocation.java:162)
	at org.openqa.selenium.remote.ElementLocation.findElement(ElementLocation.java:60)
	at org.openqa.selenium.remote.RemoteWebDriver.findElement(RemoteWebDriver.java:382)
	at org.openqa.selenium.remote.RemoteWebDriver.findElement(RemoteWebDriver.java:374)
	at net.thucydides.core.webdriver.WebDriverFacade.findElement(WebDriverFacade.java:224)
	at net.serenitybdd.core.pages.WebElementResolverByLocator.resolveForDriver(WebElementResolverByLocator.java:25)
	at net.serenitybdd.core.pages.WebElementFacadeImpl.getResolvedElement(WebElementFacadeImpl.java:191)
	at net.serenitybdd.core.pages.WebElementFacadeImpl.getElement(WebElementFacadeImpl.java:186)
	at net.serenitybdd.core.pages.WebElementExpectations$3.apply(WebElementExpectations.java:63)
	at net.serenitybdd.core.pages.WebElementExpectations$3.apply(WebElementExpectations.java:55)
	at org.openqa.selenium.support.ui.FluentWait.until(FluentWait.java:208)
	... 80 more
&amp#27;[0m
  &amp#27;[36mThen &amp#27;[0m&amp#27;[36mthe booking will be rejected&amp#27;[0m    &amp#27;[90m# starter.stepdefinitions.ManageVaccinationBookingsSteps.theBookingWillBeRejected()&amp#27;[0m
15:22:42.966 [main] ERROR  - 
  _____   ___   ___   _____     ___     _     ___   _      ___   ___  
 |_   _| | __| / __| |_   _|   | __|   /_\   |_ _| | |    | __| |   \ 
   | |   | _|  \__ \   | |     | _|   / _ \   | |  | |__  | _|  | |) |
   |_|   |___| |___/   |_|     |_|   /_/ \_\ |___| |____| |___| |___/ 

Reject a vaccination booking
-----------------------------------------------------------------------
15:22:42.969 [main] DEBUG  - RELATED ISSUES: 
15:22:42.972 [main] ERROR  -     Test failed at step: Reject booking request
15:22:42.972 [main] ERROR  -     Expected enabled element was not enabled
15:22:42.978 [AsyncHttpClient-1-10] DEBUG org.asynchttpclient.netty.handler.WebSocketHandler - Channel Closed: [id: 0xab1a2580, L:/127.0.0.1:62323 ! R:localhost/127.0.0.1:62315] with attribute NettyResponseFuture{currentRetry=5,
	isDone=1,
	isCancelled=0,
	asyncHandler=org.asynchttpclient.ws.WebSocketUpgradeHandler@4b3cd2ff,
	nettyRequest=org.asynchttpclient.netty.request.NettyRequest@e3e55fc,
	future=java.util.concurrent.CompletableFuture@6ad29d75[Completed normally],
	uri=ws://localhost:62315/devtools/browser/4c0edd6f-7b3e-49ca-82ef-b1a063c30047,
	keepAlive=true,
	redirectCount=0,
	timeoutsHolder=null,
	inAuth=0,
	touch=1671610952415}
15:22:42.978 [AsyncHttpClient-1-10] DEBUG org.asynchttpclient.netty.channel.ChannelManager - Closing Channel [id: 0xab1a2580, L:/127.0.0.1:62323 ! R:localhost/127.0.0.1:62315] 
15:22:42.979 [Driver Command Executor] DEBUG org.asynchttpclient.netty.request.NettyRequestSender - Using pooled Channel '[id: 0x4bd809b1, L:/127.0.0.1:62314 - R:localhost/127.0.0.1:62356]' for 'DELETE' to 'http://localhost:62356/session/a4c9eedae1fe5149e0759be7b1a05b84'
15:22:42.979 [Driver Command Executor] DEBUG org.asynchttpclient.netty.request.NettyRequestSender - Using open Channel [id: 0x4bd809b1, L:/127.0.0.1:62314 - R:localhost/127.0.0.1:62356] for DELETE '/session/a4c9eedae1fe5149e0759be7b1a05b84'
15:22:43.010 [AsyncHttpClient-1-9] DEBUG org.asynchttpclient.netty.handler.HttpHandler - Unexpected I/O exception on channel [id: 0x0c2312ae, L:/127.0.0.1:62322 - R:localhost/127.0.0.1:62315]
java.io.IOException: An existing connection was forcibly closed by the remote host
	at java.base/sun.nio.ch.SocketDispatcher.read0(Native Method)
	at java.base/sun.nio.ch.SocketDispatcher.read(SocketDispatcher.java:43)
	at java.base/sun.nio.ch.IOUtil.readIntoNativeBuffer(IOUtil.java:276)
	at java.base/sun.nio.ch.IOUtil.read(IOUtil.java:233)
	at java.base/sun.nio.ch.IOUtil.read(IOUtil.java:223)
	at java.base/sun.nio.ch.SocketChannelImpl.read(SocketChannelImpl.java:358)
	at io.netty.buffer.PooledByteBuf.setBytes(PooledByteBuf.java:258)
	at io.netty.buffer.AbstractByteBuf.writeBytes(AbstractByteBuf.java:1132)
	at io.netty.channel.socket.nio.NioSocketChannel.doReadBytes(NioSocketChannel.java:350)
	at io.netty.channel.nio.AbstractNioByteChannel$NioByteUnsafe.read(AbstractNioByteChannel.java:151)
	at io.netty.channel.nio.NioEventLoop.processSelectedKey(NioEventLoop.java:722)
	at io.netty.channel.nio.NioEventLoop.processSelectedKeysOptimized(NioEventLoop.java:658)
	at io.netty.channel.nio.NioEventLoop.processSelectedKeys(NioEventLoop.java:584)
	at io.netty.channel.nio.NioEventLoop.run(NioEventLoop.java:496)
	at io.netty.util.concurrent.SingleThreadEventExecutor$4.run(SingleThreadEventExecutor.java:986)
	at io.netty.util.internal.ThreadExecutorMap$2.run(ThreadExecutorMap.java:74)
	at io.netty.util.concurrent.FastThreadLocalRunnable.run(FastThreadLocalRunnable.java:30)
	at java.base/java.lang.Thread.run(Thread.java:834)
15:22:43.011 [AsyncHttpClient-1-9] DEBUG org.asynchttpclient.netty.channel.ChannelManager - Closing Channel [id: 0x0c2312ae, L:/127.0.0.1:62322 - R:localhost/127.0.0.1:62315] 
15:22:43.011 [AsyncHttpClient-1-9] DEBUG org.asynchttpclient.netty.handler.HttpHandler - Channel Closed: [id: 0x0c2312ae, L:/127.0.0.1:62322 ! R:localhost/127.0.0.1:62315] with attribute DISCARD
15:22:43.025 [AsyncHttpClient-1-1] DEBUG org.asynchttpclient.netty.channel.DefaultChannelPool - Entry count for : http://localhost:62315 : 1
15:22:43.025 [AsyncHttpClient-1-1] DEBUG org.asynchttpclient.netty.channel.DefaultChannelPool - Adding Candidate expired Channel [id: 0x0c2312ae, L:/127.0.0.1:62322 ! R:localhost/127.0.0.1:62315] isIdleTimeoutExpired=false isRemotelyClosed=true isTtlExpired=false
15:22:43.025 [AsyncHttpClient-1-1] DEBUG org.asynchttpclient.netty.channel.DefaultChannelPool - Closing Idle Channel [id: 0x0c2312ae, L:/127.0.0.1:62322 ! R:localhost/127.0.0.1:62315]
15:22:43.025 [AsyncHttpClient-1-1] DEBUG org.asynchttpclient.netty.channel.DefaultChannelPool - Closed 1 connections out of 1 in 0 ms
15:22:43.056 [AsyncHttpClient-1-8] DEBUG org.asynchttpclient.netty.handler.HttpHandler - 

Request DefaultFullHttpRequest(decodeResult: success, version: HTTP/1.1, content: EmptyByteBufBE)
DELETE /session/a4c9eedae1fe5149e0759be7b1a05b84 HTTP/1.1
User-Agent: selenium/4.1.2 (java windows)
Content-Type: application/json; charset=utf-8
host: localhost:62356
accept: */*

Response DefaultHttpResponse(decodeResult: success, version: HTTP/1.1)
HTTP/1.1 200 OK
Content-Type: application/json; charset=utf-8
cache-control: no-cache
content-length: 14

15:22:43.057 [AsyncHttpClient-1-8] DEBUG org.asynchttpclient.netty.channel.ChannelManager - Adding key: http://localhost:62356 for channel [id: 0x4bd809b1, L:/127.0.0.1:62314 - R:localhost/127.0.0.1:62356]
15:22:43.130 [AsyncHttpClient-1-8] DEBUG org.asynchttpclient.netty.handler.HttpHandler - Channel Closed: [id: 0x4bd809b1, L:/127.0.0.1:62314 ! R:localhost/127.0.0.1:62356] with attribute DISCARD
]]></system-out>
    <system-err><![CDATA[Starting ChromeDriver 108.0.5359.71 (1e0e3868ee06e91ad636a874420e3ca3ae3756ac-refs/branch-heads/5359@{#1016}) on port 62356
Only local connections are allowed.
Please see https://chromedriver.chromium.org/security-considerations for suggestions on keeping ChromeDriver safe.
ChromeDriver was started successfully.
Dec 21, 2022 3:22:32 PM org.openqa.selenium.remote.ProtocolHandshake createSession
INFO: Detected dialect: W3C
Dec 21, 2022 3:22:32 PM org.openqa.selenium.devtools.CdpVersionFinder findNearestMatch
WARNING: Unable to find an exact match for CDP version 108, so returning the closest version found: a no-op implementation
Dec 21, 2022 3:22:32 PM org.openqa.selenium.devtools.CdpVersionFinder findNearestMatch
INFO: Unable to find CDP implementation matching 108.
Dec 21, 2022 3:22:32 PM org.openqa.selenium.chromium.ChromiumDriver lambda$new$3
WARNING: Unable to find version of CDP to use for . You may need to include a dependency on a specific version of the CDP using something similar to `org.seleniumhq.selenium:selenium-devtools-v86:4.1.2` where the version ("v86") matches the version of the chromium-based browser you're using and the version number of the artifact is the same as Selenium's.
]]></system-err>
  </testcase>
  <testcase name="Reject all vaccination bookings" classname="Manage vaccination bookings" time="7.16">
    <system-out><![CDATA[
Scenario: Reject all vaccination bookings &amp#27;[90m# src/test/resources/features/ManageVaccinationBookings.feature:31&amp#27;[0m
15:22:43.238 [main] INFO io.cucumber.core.plugin.SerenityReporter - Running feature from file:///C:/Users/ASUSTUF/OneDrive/Documents/Capstone%20Project/Web%20Automation/src/test/resources/features/ManageVaccinationBookings.feature
15:22:43.243 [main] INFO  - 
  _____   ___   ___   _____     ___   _____     _     ___   _____   ___   ___  
 |_   _| | __| / __| |_   _|   / __| |_   _|   /_\   | _ \ |_   _| | __| |   \ 
   | |   | _|  \__ \   | |     \__ \   | |    / _ \  |   /   | |   | _|  | |) |
   |_|   |___| |___/   |_|     |___/   |_|   /_/ \_\ |_|_\   |_|   |___| |___/ 

Reject all vaccination bookings(manage-vaccination-bookings;reject-all-vaccination-bookings)
--------------------------------------------------------------------------------
15:22:43.264 [main] INFO net.serenitybdd.core.webdriver.driverproviders.ChromeDriverProvider - Using automatically driver download
15:22:43.407 [main] DEBUG io.github.bonigarcia.wdm.cache.ResolutionCache - Resolution chrome=108 in cache (valid until 16:22:11 21/12/2022 ICT)
15:22:43.418 [main] DEBUG io.github.bonigarcia.wdm.cache.ResolutionCache - Resolution chrome108=108.0.5359.71 in cache (valid until 13:40:45 22/12/2022 ICT)
15:22:43.420 [main] INFO io.github.bonigarcia.wdm.WebDriverManager - Using chromedriver 108.0.5359.71 (resolved driver for Chrome 108)
15:22:43.456 [main] DEBUG io.github.bonigarcia.wdm.WebDriverManager - Driver chromedriver 108.0.5359.71 found in cache
15:22:43.459 [main] INFO io.github.bonigarcia.wdm.WebDriverManager - Exporting webdriver.chrome.driver as C:\Users\ASUSTUF\.cache\selenium\chromedriver\win32\108.0.5359.71\chromedriver.exe
15:22:43.612 [main] DEBUG net.serenitybdd.core.webdriver.driverproviders.ProvideNewDriver - Instantiating driver
15:22:43.613 [main] DEBUG net.serenitybdd.core.webdriver.driverproviders.ProvideNewDriver - Driver capabilities: Capabilities {acceptInsecureCerts: false, base.url: https://vaksin-id.netlify.app/, browserName: chrome, chrome.driver: src/test/resources/webdrive..., driver: chrome, goog:chromeOptions: {args: [], extensions: []}}
15:22:44.022 [AsyncHttpClient-1-11] DEBUG org.asynchttpclient.netty.channel.NettyConnectListener - Using new Channel '[id: 0xaf2c5172, L:/127.0.0.1:62349 - R:localhost/127.0.0.1:60943]' for 'POST' to '/session'
15:22:44.139 [AsyncHttpClient-1-1] DEBUG org.asynchttpclient.netty.channel.DefaultChannelPool - Entry count for : http://localhost:62356 : 1
15:22:44.139 [AsyncHttpClient-1-1] DEBUG org.asynchttpclient.netty.channel.DefaultChannelPool - Adding Candidate expired Channel [id: 0x4bd809b1, L:/127.0.0.1:62314 ! R:localhost/127.0.0.1:62356] isIdleTimeoutExpired=false isRemotelyClosed=true isTtlExpired=false
15:22:44.139 [AsyncHttpClient-1-1] DEBUG org.asynchttpclient.netty.channel.DefaultChannelPool - Closing Idle Channel [id: 0x4bd809b1, L:/127.0.0.1:62314 ! R:localhost/127.0.0.1:62356]
15:22:44.140 [AsyncHttpClient-1-1] DEBUG org.asynchttpclient.netty.channel.DefaultChannelPool - Closed 1 connections out of 1 in 1 ms
15:22:44.796 [AsyncHttpClient-1-11] DEBUG org.asynchttpclient.netty.handler.HttpHandler - 

Request DefaultHttpRequest(decodeResult: success, version: HTTP/1.1)
POST /session HTTP/1.1
User-Agent: selenium/4.1.2 (java windows)
Content-Length: 616
Content-Type: application/json; charset=utf-8
host: localhost:60943
accept: */*

Response DefaultHttpResponse(decodeResult: success, version: HTTP/1.1)
HTTP/1.1 200 OK
Content-Type: application/json; charset=utf-8
cache-control: no-cache
content-length: 793

15:22:44.797 [AsyncHttpClient-1-11] DEBUG org.asynchttpclient.netty.channel.ChannelManager - Adding key: http://localhost:60943 for channel [id: 0xaf2c5172, L:/127.0.0.1:62349 - R:localhost/127.0.0.1:60943]
15:22:44.813 [AsyncHttpClient-1-12] DEBUG org.asynchttpclient.netty.channel.NettyConnectListener - Using new Channel '[id: 0xe73d2649, L:/127.0.0.1:62357 - R:localhost/127.0.0.1:62350]' for 'GET' to '/json/version'
15:22:44.829 [AsyncHttpClient-1-12] DEBUG org.asynchttpclient.netty.handler.HttpHandler - 

Request DefaultFullHttpRequest(decodeResult: success, version: HTTP/1.1, content: EmptyByteBufBE)
GET /json/version HTTP/1.1
User-Agent: selenium/4.1.2 (java windows)
host: localhost:62350
accept: */*

Response DefaultHttpResponse(decodeResult: success, version: HTTP/1.1)
HTTP/1.1 200 OK
Content-Type: application/json; charset=UTF-8
content-length: 424

15:22:44.830 [AsyncHttpClient-1-12] DEBUG org.asynchttpclient.netty.channel.ChannelManager - Adding key: http://localhost:62350 for channel [id: 0xe73d2649, L:/127.0.0.1:62357 - R:localhost/127.0.0.1:62350]
15:22:44.838 [AsyncHttpClient-1-13] DEBUG org.asynchttpclient.netty.channel.NettyConnectListener - Using new Channel '[id: 0x861eefd8, L:/127.0.0.1:62358 - R:localhost/127.0.0.1:62350]' for 'GET' to '/devtools/browser/73105a7e-7835-416f-a2bc-4174673fa017'
15:22:44.853 [AsyncHttpClient-1-13] DEBUG org.asynchttpclient.netty.handler.WebSocketHandler - 

Request DefaultFullHttpRequest(decodeResult: success, version: HTTP/1.1, content: EmptyByteBufBE)
GET /devtools/browser/73105a7e-7835-416f-a2bc-4174673fa017 HTTP/1.1
upgrade: websocket
connection: upgrade
sec-websocket-key: 2WtwPIdDus1ALt6uXwI2Qw==
sec-websocket-version: 13
origin: http://localhost:62350
host: localhost:62350
accept: */*
user-agent: AHC/2.1

Response DefaultHttpResponse(decodeResult: success, version: HTTP/1.1)
HTTP/1.1 101 WebSocket Protocol Handshake
Upgrade: WebSocket
Connection: Upgrade
Sec-WebSocket-Accept: MBP54DavbGeMd4VscKXy+Jieyzc=

15:22:44.865 [Forwarding get on session 69f441ef45aed492379f91a624ed25c0 to remote] DEBUG org.asynchttpclient.netty.request.NettyRequestSender - Using pooled Channel '[id: 0xaf2c5172, L:/127.0.0.1:62349 - R:localhost/127.0.0.1:60943]' for 'POST' to 'http://localhost:60943/session/69f441ef45aed492379f91a624ed25c0/url'
15:22:44.865 [Forwarding get on session 69f441ef45aed492379f91a624ed25c0 to remote] DEBUG org.asynchttpclient.netty.request.NettyRequestSender - Using open Channel [id: 0xaf2c5172, L:/127.0.0.1:62349 - R:localhost/127.0.0.1:60943] for POST '/session/69f441ef45aed492379f91a624ed25c0/url'
15:22:45.225 [AsyncHttpClient-1-1] DEBUG org.asynchttpclient.netty.channel.DefaultChannelPool - Entry count for : http://localhost:62350 : 1
15:22:46.170 [AsyncHttpClient-1-11] DEBUG org.asynchttpclient.netty.handler.HttpHandler - 

Request DefaultHttpRequest(decodeResult: success, version: HTTP/1.1)
POST /session/69f441ef45aed492379f91a624ed25c0/url HTTP/1.1
User-Agent: selenium/4.1.2 (java windows)
Content-Length: 60
Content-Type: application/json; charset=utf-8
host: localhost:60943
accept: */*

Response DefaultHttpResponse(decodeResult: success, version: HTTP/1.1)
HTTP/1.1 200 OK
Content-Type: application/json; charset=utf-8
cache-control: no-cache
content-length: 14

15:22:46.170 [AsyncHttpClient-1-11] DEBUG org.asynchttpclient.netty.channel.ChannelManager - Adding key: http://localhost:60943 for channel [id: 0xaf2c5172, L:/127.0.0.1:62349 - R:localhost/127.0.0.1:60943]
15:22:46.174 [Forwarding setTimeout on session 69f441ef45aed492379f91a624ed25c0 to remote] DEBUG org.asynchttpclient.netty.request.NettyRequestSender - Using pooled Channel '[id: 0xaf2c5172, L:/127.0.0.1:62349 - R:localhost/127.0.0.1:60943]' for 'POST' to 'http://localhost:60943/session/69f441ef45aed492379f91a624ed25c0/timeouts'
15:22:46.175 [Forwarding setTimeout on session 69f441ef45aed492379f91a624ed25c0 to remote] DEBUG org.asynchttpclient.netty.request.NettyRequestSender - Using open Channel [id: 0xaf2c5172, L:/127.0.0.1:62349 - R:localhost/127.0.0.1:60943] for POST '/session/69f441ef45aed492379f91a624ed25c0/timeouts'
15:22:46.177 [AsyncHttpClient-1-11] DEBUG org.asynchttpclient.netty.handler.HttpHandler - 

Request DefaultHttpRequest(decodeResult: success, version: HTTP/1.1)
POST /session/69f441ef45aed492379f91a624ed25c0/timeouts HTTP/1.1
User-Agent: selenium/4.1.2 (java windows)
Content-Length: 22
Content-Type: application/json; charset=utf-8
host: localhost:60943
accept: */*

Response DefaultHttpResponse(decodeResult: success, version: HTTP/1.1)
HTTP/1.1 200 OK
Content-Type: application/json; charset=utf-8
cache-control: no-cache
content-length: 14

15:22:46.178 [AsyncHttpClient-1-11] DEBUG org.asynchttpclient.netty.channel.ChannelManager - Adding key: http://localhost:60943 for channel [id: 0xaf2c5172, L:/127.0.0.1:62349 - R:localhost/127.0.0.1:60943]
15:22:46.183 [Forwarding getCurrentUrl on session 69f441ef45aed492379f91a624ed25c0 to remote] DEBUG org.asynchttpclient.netty.request.NettyRequestSender - Using pooled Channel '[id: 0xaf2c5172, L:/127.0.0.1:62349 - R:localhost/127.0.0.1:60943]' for 'GET' to 'http://localhost:60943/session/69f441ef45aed492379f91a624ed25c0/url'
15:22:46.183 [Forwarding getCurrentUrl on session 69f441ef45aed492379f91a624ed25c0 to remote] DEBUG org.asynchttpclient.netty.request.NettyRequestSender - Using open Channel [id: 0xaf2c5172, L:/127.0.0.1:62349 - R:localhost/127.0.0.1:60943] for GET '/session/69f441ef45aed492379f91a624ed25c0/url'
15:22:46.188 [AsyncHttpClient-1-11] DEBUG org.asynchttpclient.netty.handler.HttpHandler - 

Request DefaultFullHttpRequest(decodeResult: success, version: HTTP/1.1, content: EmptyByteBufBE)
GET /session/69f441ef45aed492379f91a624ed25c0/url HTTP/1.1
User-Agent: selenium/4.1.2 (java windows)
Cache-Control: no-cache
Content-Type: application/json; charset=utf-8
host: localhost:60943
accept: */*

Response DefaultHttpResponse(decodeResult: success, version: HTTP/1.1)
HTTP/1.1 200 OK
Content-Type: application/json; charset=utf-8
cache-control: no-cache
content-length: 42

15:22:46.188 [AsyncHttpClient-1-11] DEBUG org.asynchttpclient.netty.channel.ChannelManager - Adding key: http://localhost:60943 for channel [id: 0xaf2c5172, L:/127.0.0.1:62349 - R:localhost/127.0.0.1:60943]
  &amp#27;[32mGiven &amp#27;[0m&amp#27;[32mI am on landing page&amp#27;[0m              &amp#27;[90m# starter.stepdefinitions.ManageVaccinationBookingsSteps.iAmOnLandingPage()&amp#27;[0m
15:22:46.194 [Forwarding screenshot on session 69f441ef45aed492379f91a624ed25c0 to remote] DEBUG org.asynchttpclient.netty.request.NettyRequestSender - Using pooled Channel '[id: 0xaf2c5172, L:/127.0.0.1:62349 - R:localhost/127.0.0.1:60943]' for 'GET' to 'http://localhost:60943/session/69f441ef45aed492379f91a624ed25c0/screenshot'
15:22:46.194 [Forwarding screenshot on session 69f441ef45aed492379f91a624ed25c0 to remote] DEBUG org.asynchttpclient.netty.request.NettyRequestSender - Using open Channel [id: 0xaf2c5172, L:/127.0.0.1:62349 - R:localhost/127.0.0.1:60943] for GET '/session/69f441ef45aed492379f91a624ed25c0/screenshot'
15:22:46.330 [AsyncHttpClient-1-1] DEBUG org.asynchttpclient.netty.channel.DefaultChannelPool - Entry count for : http://localhost:62350 : 1
15:22:46.828 [AsyncHttpClient-1-11] DEBUG org.asynchttpclient.netty.handler.HttpHandler - 

Request DefaultFullHttpRequest(decodeResult: success, version: HTTP/1.1, content: EmptyByteBufBE)
GET /session/69f441ef45aed492379f91a624ed25c0/screenshot HTTP/1.1
User-Agent: selenium/4.1.2 (java windows)
Cache-Control: no-cache
Content-Type: application/json; charset=utf-8
host: localhost:60943
accept: */*

Response DefaultHttpResponse(decodeResult: success, version: HTTP/1.1)
HTTP/1.1 200 OK
Content-Type: application/json; charset=utf-8
cache-control: no-cache
content-length: 802292

15:22:46.846 [AsyncHttpClient-1-11] DEBUG org.asynchttpclient.netty.channel.ChannelManager - Adding key: http://localhost:60943 for channel [id: 0xaf2c5172, L:/127.0.0.1:62349 - R:localhost/127.0.0.1:60943]
15:22:46.870 [main] DEBUG net.serenitybdd.core.photography.Darkroom - Send negative for processing for target\site\serenity\307e0aeda661846900e6fb8d16f52f62c99a3e448ee313196cee06920cb1a18e.png
15:22:46.871 [Darkroom Processing Line] DEBUG net.serenitybdd.core.photography.DarkroomProcessingLine - Processing screenshot image in /var/screenshots/screenshot-9989291261925529018
15:22:46.871 [Darkroom Processing Line] DEBUG net.serenitybdd.core.photography.DarkroomProcessingLine - Saving screenshot to target\site\serenity\307e0aeda661846900e6fb8d16f52f62c99a3e448ee313196cee06920cb1a18e.png
15:22:46.897 [Forwarding findElement on session 69f441ef45aed492379f91a624ed25c0 to remote] DEBUG org.asynchttpclient.netty.request.NettyRequestSender - Using pooled Channel '[id: 0xaf2c5172, L:/127.0.0.1:62349 - R:localhost/127.0.0.1:60943]' for 'POST' to 'http://localhost:60943/session/69f441ef45aed492379f91a624ed25c0/element'
15:22:46.897 [Forwarding findElement on session 69f441ef45aed492379f91a624ed25c0 to remote] DEBUG org.asynchttpclient.netty.request.NettyRequestSender - Using open Channel [id: 0xaf2c5172, L:/127.0.0.1:62349 - R:localhost/127.0.0.1:60943] for POST '/session/69f441ef45aed492379f91a624ed25c0/element'
15:22:46.909 [AsyncHttpClient-1-11] DEBUG org.asynchttpclient.netty.handler.HttpHandler - 

Request DefaultHttpRequest(decodeResult: success, version: HTTP/1.1)
POST /session/69f441ef45aed492379f91a624ed25c0/element HTTP/1.1
User-Agent: selenium/4.1.2 (java windows)
Content-Length: 315
Content-Type: application/json; charset=utf-8
host: localhost:60943
accept: */*

Response DefaultHttpResponse(decodeResult: success, version: HTTP/1.1)
HTTP/1.1 200 OK
Content-Type: application/json; charset=utf-8
cache-control: no-cache
content-length: 88

15:22:46.909 [AsyncHttpClient-1-11] DEBUG org.asynchttpclient.netty.channel.ChannelManager - Adding key: http://localhost:60943 for channel [id: 0xaf2c5172, L:/127.0.0.1:62349 - R:localhost/127.0.0.1:60943]
15:22:46.911 [Forwarding getElementTagName on session 69f441ef45aed492379f91a624ed25c0 to remote] DEBUG org.asynchttpclient.netty.request.NettyRequestSender - Using pooled Channel '[id: 0xaf2c5172, L:/127.0.0.1:62349 - R:localhost/127.0.0.1:60943]' for 'GET' to 'http://localhost:60943/session/69f441ef45aed492379f91a624ed25c0/element/76a4b8de-e1df-48a2-85d8-6b8d827494e6/name'
15:22:46.911 [Forwarding getElementTagName on session 69f441ef45aed492379f91a624ed25c0 to remote] DEBUG org.asynchttpclient.netty.request.NettyRequestSender - Using open Channel [id: 0xaf2c5172, L:/127.0.0.1:62349 - R:localhost/127.0.0.1:60943] for GET '/session/69f441ef45aed492379f91a624ed25c0/element/76a4b8de-e1df-48a2-85d8-6b8d827494e6/name'
15:22:46.915 [AsyncHttpClient-1-11] DEBUG org.asynchttpclient.netty.handler.HttpHandler - 

Request DefaultFullHttpRequest(decodeResult: success, version: HTTP/1.1, content: EmptyByteBufBE)
GET /session/69f441ef45aed492379f91a624ed25c0/element/76a4b8de-e1df-48a2-85d8-6b8d827494e6/name HTTP/1.1
User-Agent: selenium/4.1.2 (java windows)
Cache-Control: no-cache
Content-Type: application/json; charset=utf-8
host: localhost:60943
accept: */*

Response DefaultHttpResponse(decodeResult: success, version: HTTP/1.1)
HTTP/1.1 200 OK
Content-Type: application/json; charset=utf-8
cache-control: no-cache
content-length: 18

15:22:46.915 [AsyncHttpClient-1-11] DEBUG org.asynchttpclient.netty.channel.ChannelManager - Adding key: http://localhost:60943 for channel [id: 0xaf2c5172, L:/127.0.0.1:62349 - R:localhost/127.0.0.1:60943]
15:22:46.917 [Forwarding getElementTagName on session 69f441ef45aed492379f91a624ed25c0 to remote] DEBUG org.asynchttpclient.netty.request.NettyRequestSender - Using pooled Channel '[id: 0xaf2c5172, L:/127.0.0.1:62349 - R:localhost/127.0.0.1:60943]' for 'GET' to 'http://localhost:60943/session/69f441ef45aed492379f91a624ed25c0/element/76a4b8de-e1df-48a2-85d8-6b8d827494e6/name'
15:22:46.917 [Forwarding getElementTagName on session 69f441ef45aed492379f91a624ed25c0 to remote] DEBUG org.asynchttpclient.netty.request.NettyRequestSender - Using open Channel [id: 0xaf2c5172, L:/127.0.0.1:62349 - R:localhost/127.0.0.1:60943] for GET '/session/69f441ef45aed492379f91a624ed25c0/element/76a4b8de-e1df-48a2-85d8-6b8d827494e6/name'
15:22:46.919 [AsyncHttpClient-1-11] DEBUG org.asynchttpclient.netty.handler.HttpHandler - 

Request DefaultFullHttpRequest(decodeResult: success, version: HTTP/1.1, content: EmptyByteBufBE)
GET /session/69f441ef45aed492379f91a624ed25c0/element/76a4b8de-e1df-48a2-85d8-6b8d827494e6/name HTTP/1.1
User-Agent: selenium/4.1.2 (java windows)
Cache-Control: no-cache
Content-Type: application/json; charset=utf-8
host: localhost:60943
accept: */*

Response DefaultHttpResponse(decodeResult: success, version: HTTP/1.1)
HTTP/1.1 200 OK
Content-Type: application/json; charset=utf-8
cache-control: no-cache
content-length: 18

15:22:46.919 [AsyncHttpClient-1-11] DEBUG org.asynchttpclient.netty.channel.ChannelManager - Adding key: http://localhost:60943 for channel [id: 0xaf2c5172, L:/127.0.0.1:62349 - R:localhost/127.0.0.1:60943]
15:22:46.921 [Forwarding isElementEnabled on session 69f441ef45aed492379f91a624ed25c0 to remote] DEBUG org.asynchttpclient.netty.request.NettyRequestSender - Using pooled Channel '[id: 0xaf2c5172, L:/127.0.0.1:62349 - R:localhost/127.0.0.1:60943]' for 'GET' to 'http://localhost:60943/session/69f441ef45aed492379f91a624ed25c0/element/76a4b8de-e1df-48a2-85d8-6b8d827494e6/enabled'
15:22:46.921 [Forwarding isElementEnabled on session 69f441ef45aed492379f91a624ed25c0 to remote] DEBUG org.asynchttpclient.netty.request.NettyRequestSender - Using open Channel [id: 0xaf2c5172, L:/127.0.0.1:62349 - R:localhost/127.0.0.1:60943] for GET '/session/69f441ef45aed492379f91a624ed25c0/element/76a4b8de-e1df-48a2-85d8-6b8d827494e6/enabled'
15:22:46.929 [AsyncHttpClient-1-11] DEBUG org.asynchttpclient.netty.handler.HttpHandler - 

Request DefaultFullHttpRequest(decodeResult: success, version: HTTP/1.1, content: EmptyByteBufBE)
GET /session/69f441ef45aed492379f91a624ed25c0/element/76a4b8de-e1df-48a2-85d8-6b8d827494e6/enabled HTTP/1.1
User-Agent: selenium/4.1.2 (java windows)
Cache-Control: no-cache
Content-Type: application/json; charset=utf-8
host: localhost:60943
accept: */*

Response DefaultHttpResponse(decodeResult: success, version: HTTP/1.1)
HTTP/1.1 200 OK
Content-Type: application/json; charset=utf-8
cache-control: no-cache
content-length: 14

15:22:46.929 [AsyncHttpClient-1-11] DEBUG org.asynchttpclient.netty.channel.ChannelManager - Adding key: http://localhost:60943 for channel [id: 0xaf2c5172, L:/127.0.0.1:62349 - R:localhost/127.0.0.1:60943]
15:22:46.931 [Forwarding isElementEnabled on session 69f441ef45aed492379f91a624ed25c0 to remote] DEBUG org.asynchttpclient.netty.request.NettyRequestSender - Using pooled Channel '[id: 0xaf2c5172, L:/127.0.0.1:62349 - R:localhost/127.0.0.1:60943]' for 'GET' to 'http://localhost:60943/session/69f441ef45aed492379f91a624ed25c0/element/76a4b8de-e1df-48a2-85d8-6b8d827494e6/enabled'
15:22:46.931 [Forwarding isElementEnabled on session 69f441ef45aed492379f91a624ed25c0 to remote] DEBUG org.asynchttpclient.netty.request.NettyRequestSender - Using open Channel [id: 0xaf2c5172, L:/127.0.0.1:62349 - R:localhost/127.0.0.1:60943] for GET '/session/69f441ef45aed492379f91a624ed25c0/element/76a4b8de-e1df-48a2-85d8-6b8d827494e6/enabled'
15:22:46.936 [AsyncHttpClient-1-11] DEBUG org.asynchttpclient.netty.handler.HttpHandler - 

Request DefaultFullHttpRequest(decodeResult: success, version: HTTP/1.1, content: EmptyByteBufBE)
GET /session/69f441ef45aed492379f91a624ed25c0/element/76a4b8de-e1df-48a2-85d8-6b8d827494e6/enabled HTTP/1.1
User-Agent: selenium/4.1.2 (java windows)
Cache-Control: no-cache
Content-Type: application/json; charset=utf-8
host: localhost:60943
accept: */*

Response DefaultHttpResponse(decodeResult: success, version: HTTP/1.1)
HTTP/1.1 200 OK
Content-Type: application/json; charset=utf-8
cache-control: no-cache
content-length: 14

15:22:46.936 [AsyncHttpClient-1-11] DEBUG org.asynchttpclient.netty.channel.ChannelManager - Adding key: http://localhost:60943 for channel [id: 0xaf2c5172, L:/127.0.0.1:62349 - R:localhost/127.0.0.1:60943]
15:22:46.939 [Forwarding findElement on session 69f441ef45aed492379f91a624ed25c0 to remote] DEBUG org.asynchttpclient.netty.request.NettyRequestSender - Using pooled Channel '[id: 0xaf2c5172, L:/127.0.0.1:62349 - R:localhost/127.0.0.1:60943]' for 'POST' to 'http://localhost:60943/session/69f441ef45aed492379f91a624ed25c0/element'
15:22:46.939 [Forwarding findElement on session 69f441ef45aed492379f91a624ed25c0 to remote] DEBUG org.asynchttpclient.netty.request.NettyRequestSender - Using open Channel [id: 0xaf2c5172, L:/127.0.0.1:62349 - R:localhost/127.0.0.1:60943] for POST '/session/69f441ef45aed492379f91a624ed25c0/element'
15:22:46.945 [AsyncHttpClient-1-11] DEBUG org.asynchttpclient.netty.handler.HttpHandler - 

Request DefaultHttpRequest(decodeResult: success, version: HTTP/1.1)
POST /session/69f441ef45aed492379f91a624ed25c0/element HTTP/1.1
User-Agent: selenium/4.1.2 (java windows)
Content-Length: 315
Content-Type: application/json; charset=utf-8
host: localhost:60943
accept: */*

Response DefaultHttpResponse(decodeResult: success, version: HTTP/1.1)
HTTP/1.1 200 OK
Content-Type: application/json; charset=utf-8
cache-control: no-cache
content-length: 88

15:22:46.945 [AsyncHttpClient-1-11] DEBUG org.asynchttpclient.netty.channel.ChannelManager - Adding key: http://localhost:60943 for channel [id: 0xaf2c5172, L:/127.0.0.1:62349 - R:localhost/127.0.0.1:60943]
15:22:46.946 [Forwarding clickElement on session 69f441ef45aed492379f91a624ed25c0 to remote] DEBUG org.asynchttpclient.netty.request.NettyRequestSender - Using pooled Channel '[id: 0xaf2c5172, L:/127.0.0.1:62349 - R:localhost/127.0.0.1:60943]' for 'POST' to 'http://localhost:60943/session/69f441ef45aed492379f91a624ed25c0/element/76a4b8de-e1df-48a2-85d8-6b8d827494e6/click'
15:22:46.946 [Forwarding clickElement on session 69f441ef45aed492379f91a624ed25c0 to remote] DEBUG org.asynchttpclient.netty.request.NettyRequestSender - Using open Channel [id: 0xaf2c5172, L:/127.0.0.1:62349 - R:localhost/127.0.0.1:60943] for POST '/session/69f441ef45aed492379f91a624ed25c0/element/76a4b8de-e1df-48a2-85d8-6b8d827494e6/click'
15:22:47.018 [AsyncHttpClient-1-11] DEBUG org.asynchttpclient.netty.handler.HttpHandler - 

Request DefaultHttpRequest(decodeResult: success, version: HTTP/1.1)
POST /session/69f441ef45aed492379f91a624ed25c0/element/76a4b8de-e1df-48a2-85d8-6b8d827494e6/click HTTP/1.1
User-Agent: selenium/4.1.2 (java windows)
Content-Length: 50
Content-Type: application/json; charset=utf-8
host: localhost:60943
accept: */*

Response DefaultHttpResponse(decodeResult: success, version: HTTP/1.1)
HTTP/1.1 200 OK
Content-Type: application/json; charset=utf-8
cache-control: no-cache
content-length: 14

15:22:47.019 [AsyncHttpClient-1-11] DEBUG org.asynchttpclient.netty.channel.ChannelManager - Adding key: http://localhost:60943 for channel [id: 0xaf2c5172, L:/127.0.0.1:62349 - R:localhost/127.0.0.1:60943]
15:22:47.023 [Forwarding findElement on session 69f441ef45aed492379f91a624ed25c0 to remote] DEBUG org.asynchttpclient.netty.request.NettyRequestSender - Using pooled Channel '[id: 0xaf2c5172, L:/127.0.0.1:62349 - R:localhost/127.0.0.1:60943]' for 'POST' to 'http://localhost:60943/session/69f441ef45aed492379f91a624ed25c0/element'
15:22:47.023 [Forwarding findElement on session 69f441ef45aed492379f91a624ed25c0 to remote] DEBUG org.asynchttpclient.netty.request.NettyRequestSender - Using open Channel [id: 0xaf2c5172, L:/127.0.0.1:62349 - R:localhost/127.0.0.1:60943] for POST '/session/69f441ef45aed492379f91a624ed25c0/element'
15:22:47.034 [AsyncHttpClient-1-11] DEBUG org.asynchttpclient.netty.handler.HttpHandler - 

Request DefaultHttpRequest(decodeResult: success, version: HTTP/1.1)
POST /session/69f441ef45aed492379f91a624ed25c0/element HTTP/1.1
User-Agent: selenium/4.1.2 (java windows)
Content-Length: 69
Content-Type: application/json; charset=utf-8
host: localhost:60943
accept: */*

Response DefaultHttpResponse(decodeResult: success, version: HTTP/1.1)
HTTP/1.1 200 OK
Content-Type: application/json; charset=utf-8
cache-control: no-cache
content-length: 88

15:22:47.034 [AsyncHttpClient-1-11] DEBUG org.asynchttpclient.netty.channel.ChannelManager - Adding key: http://localhost:60943 for channel [id: 0xaf2c5172, L:/127.0.0.1:62349 - R:localhost/127.0.0.1:60943]
15:22:47.035 [Forwarding clearElement on session 69f441ef45aed492379f91a624ed25c0 to remote] DEBUG org.asynchttpclient.netty.request.NettyRequestSender - Using pooled Channel '[id: 0xaf2c5172, L:/127.0.0.1:62349 - R:localhost/127.0.0.1:60943]' for 'POST' to 'http://localhost:60943/session/69f441ef45aed492379f91a624ed25c0/element/df5d080e-ff77-40d3-ae32-ab260147d589/clear'
15:22:47.035 [Forwarding clearElement on session 69f441ef45aed492379f91a624ed25c0 to remote] DEBUG org.asynchttpclient.netty.request.NettyRequestSender - Using open Channel [id: 0xaf2c5172, L:/127.0.0.1:62349 - R:localhost/127.0.0.1:60943] for POST '/session/69f441ef45aed492379f91a624ed25c0/element/df5d080e-ff77-40d3-ae32-ab260147d589/clear'
15:22:47.064 [AsyncHttpClient-1-11] DEBUG org.asynchttpclient.netty.handler.HttpHandler - 

Request DefaultHttpRequest(decodeResult: success, version: HTTP/1.1)
POST /session/69f441ef45aed492379f91a624ed25c0/element/df5d080e-ff77-40d3-ae32-ab260147d589/clear HTTP/1.1
User-Agent: selenium/4.1.2 (java windows)
Content-Length: 50
Content-Type: application/json; charset=utf-8
host: localhost:60943
accept: */*

Response DefaultHttpResponse(decodeResult: success, version: HTTP/1.1)
HTTP/1.1 200 OK
Content-Type: application/json; charset=utf-8
cache-control: no-cache
content-length: 14

15:22:47.065 [AsyncHttpClient-1-11] DEBUG org.asynchttpclient.netty.channel.ChannelManager - Adding key: http://localhost:60943 for channel [id: 0xaf2c5172, L:/127.0.0.1:62349 - R:localhost/127.0.0.1:60943]
15:22:47.066 [Forwarding sendKeysToElement on session 69f441ef45aed492379f91a624ed25c0 to remote] DEBUG org.asynchttpclient.netty.request.NettyRequestSender - Using pooled Channel '[id: 0xaf2c5172, L:/127.0.0.1:62349 - R:localhost/127.0.0.1:60943]' for 'POST' to 'http://localhost:60943/session/69f441ef45aed492379f91a624ed25c0/element/df5d080e-ff77-40d3-ae32-ab260147d589/value'
15:22:47.066 [Forwarding sendKeysToElement on session 69f441ef45aed492379f91a624ed25c0 to remote] DEBUG org.asynchttpclient.netty.request.NettyRequestSender - Using open Channel [id: 0xaf2c5172, L:/127.0.0.1:62349 - R:localhost/127.0.0.1:60943] for POST '/session/69f441ef45aed492379f91a624ed25c0/element/df5d080e-ff77-40d3-ae32-ab260147d589/value'
15:22:47.210 [AsyncHttpClient-1-11] DEBUG org.asynchttpclient.netty.handler.HttpHandler - 

Request DefaultHttpRequest(decodeResult: success, version: HTTP/1.1)
POST /session/69f441ef45aed492379f91a624ed25c0/element/df5d080e-ff77-40d3-ae32-ab260147d589/value HTTP/1.1
User-Agent: selenium/4.1.2 (java windows)
Content-Length: 371
Content-Type: application/json; charset=utf-8
host: localhost:60943
accept: */*

Response DefaultHttpResponse(decodeResult: success, version: HTTP/1.1)
HTTP/1.1 200 OK
Content-Type: application/json; charset=utf-8
cache-control: no-cache
content-length: 14

15:22:47.210 [AsyncHttpClient-1-11] DEBUG org.asynchttpclient.netty.channel.ChannelManager - Adding key: http://localhost:60943 for channel [id: 0xaf2c5172, L:/127.0.0.1:62349 - R:localhost/127.0.0.1:60943]
15:22:47.216 [Forwarding findElement on session 69f441ef45aed492379f91a624ed25c0 to remote] DEBUG org.asynchttpclient.netty.request.NettyRequestSender - Using pooled Channel '[id: 0xaf2c5172, L:/127.0.0.1:62349 - R:localhost/127.0.0.1:60943]' for 'POST' to 'http://localhost:60943/session/69f441ef45aed492379f91a624ed25c0/element'
15:22:47.216 [Forwarding findElement on session 69f441ef45aed492379f91a624ed25c0 to remote] DEBUG org.asynchttpclient.netty.request.NettyRequestSender - Using open Channel [id: 0xaf2c5172, L:/127.0.0.1:62349 - R:localhost/127.0.0.1:60943] for POST '/session/69f441ef45aed492379f91a624ed25c0/element'
15:22:47.231 [AsyncHttpClient-1-11] DEBUG org.asynchttpclient.netty.handler.HttpHandler - 

Request DefaultHttpRequest(decodeResult: success, version: HTTP/1.1)
POST /session/69f441ef45aed492379f91a624ed25c0/element HTTP/1.1
User-Agent: selenium/4.1.2 (java windows)
Content-Length: 72
Content-Type: application/json; charset=utf-8
host: localhost:60943
accept: */*

Response DefaultHttpResponse(decodeResult: success, version: HTTP/1.1)
HTTP/1.1 200 OK
Content-Type: application/json; charset=utf-8
cache-control: no-cache
content-length: 88

15:22:47.231 [AsyncHttpClient-1-11] DEBUG org.asynchttpclient.netty.channel.ChannelManager - Adding key: http://localhost:60943 for channel [id: 0xaf2c5172, L:/127.0.0.1:62349 - R:localhost/127.0.0.1:60943]
15:22:47.232 [Forwarding clearElement on session 69f441ef45aed492379f91a624ed25c0 to remote] DEBUG org.asynchttpclient.netty.request.NettyRequestSender - Using pooled Channel '[id: 0xaf2c5172, L:/127.0.0.1:62349 - R:localhost/127.0.0.1:60943]' for 'POST' to 'http://localhost:60943/session/69f441ef45aed492379f91a624ed25c0/element/e5494ebe-a7fc-47be-860e-430fedd746a8/clear'
15:22:47.232 [Forwarding clearElement on session 69f441ef45aed492379f91a624ed25c0 to remote] DEBUG org.asynchttpclient.netty.request.NettyRequestSender - Using open Channel [id: 0xaf2c5172, L:/127.0.0.1:62349 - R:localhost/127.0.0.1:60943] for POST '/session/69f441ef45aed492379f91a624ed25c0/element/e5494ebe-a7fc-47be-860e-430fedd746a8/clear'
15:22:47.260 [AsyncHttpClient-1-11] DEBUG org.asynchttpclient.netty.handler.HttpHandler - 

Request DefaultHttpRequest(decodeResult: success, version: HTTP/1.1)
POST /session/69f441ef45aed492379f91a624ed25c0/element/e5494ebe-a7fc-47be-860e-430fedd746a8/clear HTTP/1.1
User-Agent: selenium/4.1.2 (java windows)
Content-Length: 50
Content-Type: application/json; charset=utf-8
host: localhost:60943
accept: */*

Response DefaultHttpResponse(decodeResult: success, version: HTTP/1.1)
HTTP/1.1 200 OK
Content-Type: application/json; charset=utf-8
cache-control: no-cache
content-length: 14

15:22:47.260 [AsyncHttpClient-1-11] DEBUG org.asynchttpclient.netty.channel.ChannelManager - Adding key: http://localhost:60943 for channel [id: 0xaf2c5172, L:/127.0.0.1:62349 - R:localhost/127.0.0.1:60943]
15:22:47.265 [Forwarding sendKeysToElement on session 69f441ef45aed492379f91a624ed25c0 to remote] DEBUG org.asynchttpclient.netty.request.NettyRequestSender - Using pooled Channel '[id: 0xaf2c5172, L:/127.0.0.1:62349 - R:localhost/127.0.0.1:60943]' for 'POST' to 'http://localhost:60943/session/69f441ef45aed492379f91a624ed25c0/element/e5494ebe-a7fc-47be-860e-430fedd746a8/value'
15:22:47.265 [Forwarding sendKeysToElement on session 69f441ef45aed492379f91a624ed25c0 to remote] DEBUG org.asynchttpclient.netty.request.NettyRequestSender - Using open Channel [id: 0xaf2c5172, L:/127.0.0.1:62349 - R:localhost/127.0.0.1:60943] for POST '/session/69f441ef45aed492379f91a624ed25c0/element/e5494ebe-a7fc-47be-860e-430fedd746a8/value'
15:22:47.426 [AsyncHttpClient-1-1] DEBUG org.asynchttpclient.netty.channel.DefaultChannelPool - Entry count for : http://localhost:62350 : 1
15:22:47.464 [AsyncHttpClient-1-11] DEBUG org.asynchttpclient.netty.handler.HttpHandler - 

Request DefaultHttpRequest(decodeResult: success, version: HTTP/1.1)
POST /session/69f441ef45aed492379f91a624ed25c0/element/e5494ebe-a7fc-47be-860e-430fedd746a8/value HTTP/1.1
User-Agent: selenium/4.1.2 (java windows)
Content-Length: 251
Content-Type: application/json; charset=utf-8
host: localhost:60943
accept: */*

Response DefaultHttpResponse(decodeResult: success, version: HTTP/1.1)
HTTP/1.1 200 OK
Content-Type: application/json; charset=utf-8
cache-control: no-cache
content-length: 14

15:22:47.464 [AsyncHttpClient-1-11] DEBUG org.asynchttpclient.netty.channel.ChannelManager - Adding key: http://localhost:60943 for channel [id: 0xaf2c5172, L:/127.0.0.1:62349 - R:localhost/127.0.0.1:60943]
15:22:47.482 [Forwarding findElement on session 69f441ef45aed492379f91a624ed25c0 to remote] DEBUG org.asynchttpclient.netty.request.NettyRequestSender - Using pooled Channel '[id: 0xaf2c5172, L:/127.0.0.1:62349 - R:localhost/127.0.0.1:60943]' for 'POST' to 'http://localhost:60943/session/69f441ef45aed492379f91a624ed25c0/element'
15:22:47.482 [Forwarding findElement on session 69f441ef45aed492379f91a624ed25c0 to remote] DEBUG org.asynchttpclient.netty.request.NettyRequestSender - Using open Channel [id: 0xaf2c5172, L:/127.0.0.1:62349 - R:localhost/127.0.0.1:60943] for POST '/session/69f441ef45aed492379f91a624ed25c0/element'
15:22:47.501 [AsyncHttpClient-1-11] DEBUG org.asynchttpclient.netty.handler.HttpHandler - 

Request DefaultHttpRequest(decodeResult: success, version: HTTP/1.1)
POST /session/69f441ef45aed492379f91a624ed25c0/element HTTP/1.1
User-Agent: selenium/4.1.2 (java windows)
Content-Length: 321
Content-Type: application/json; charset=utf-8
host: localhost:60943
accept: */*

Response DefaultHttpResponse(decodeResult: success, version: HTTP/1.1)
HTTP/1.1 200 OK
Content-Type: application/json; charset=utf-8
cache-control: no-cache
content-length: 88

15:22:47.501 [AsyncHttpClient-1-11] DEBUG org.asynchttpclient.netty.channel.ChannelManager - Adding key: http://localhost:60943 for channel [id: 0xaf2c5172, L:/127.0.0.1:62349 - R:localhost/127.0.0.1:60943]
15:22:47.502 [Forwarding getElementTagName on session 69f441ef45aed492379f91a624ed25c0 to remote] DEBUG org.asynchttpclient.netty.request.NettyRequestSender - Using pooled Channel '[id: 0xaf2c5172, L:/127.0.0.1:62349 - R:localhost/127.0.0.1:60943]' for 'GET' to 'http://localhost:60943/session/69f441ef45aed492379f91a624ed25c0/element/9b3bab95-8743-4249-83a1-6768b24fda84/name'
15:22:47.502 [Forwarding getElementTagName on session 69f441ef45aed492379f91a624ed25c0 to remote] DEBUG org.asynchttpclient.netty.request.NettyRequestSender - Using open Channel [id: 0xaf2c5172, L:/127.0.0.1:62349 - R:localhost/127.0.0.1:60943] for GET '/session/69f441ef45aed492379f91a624ed25c0/element/9b3bab95-8743-4249-83a1-6768b24fda84/name'
15:22:47.505 [AsyncHttpClient-1-11] DEBUG org.asynchttpclient.netty.handler.HttpHandler - 

Request DefaultFullHttpRequest(decodeResult: success, version: HTTP/1.1, content: EmptyByteBufBE)
GET /session/69f441ef45aed492379f91a624ed25c0/element/9b3bab95-8743-4249-83a1-6768b24fda84/name HTTP/1.1
User-Agent: selenium/4.1.2 (java windows)
Cache-Control: no-cache
Content-Type: application/json; charset=utf-8
host: localhost:60943
accept: */*

Response DefaultHttpResponse(decodeResult: success, version: HTTP/1.1)
HTTP/1.1 200 OK
Content-Type: application/json; charset=utf-8
cache-control: no-cache
content-length: 18

15:22:47.505 [AsyncHttpClient-1-11] DEBUG org.asynchttpclient.netty.channel.ChannelManager - Adding key: http://localhost:60943 for channel [id: 0xaf2c5172, L:/127.0.0.1:62349 - R:localhost/127.0.0.1:60943]
15:22:47.506 [Forwarding getElementTagName on session 69f441ef45aed492379f91a624ed25c0 to remote] DEBUG org.asynchttpclient.netty.request.NettyRequestSender - Using pooled Channel '[id: 0xaf2c5172, L:/127.0.0.1:62349 - R:localhost/127.0.0.1:60943]' for 'GET' to 'http://localhost:60943/session/69f441ef45aed492379f91a624ed25c0/element/9b3bab95-8743-4249-83a1-6768b24fda84/name'
15:22:47.506 [Forwarding getElementTagName on session 69f441ef45aed492379f91a624ed25c0 to remote] DEBUG org.asynchttpclient.netty.request.NettyRequestSender - Using open Channel [id: 0xaf2c5172, L:/127.0.0.1:62349 - R:localhost/127.0.0.1:60943] for GET '/session/69f441ef45aed492379f91a624ed25c0/element/9b3bab95-8743-4249-83a1-6768b24fda84/name'
15:22:47.508 [AsyncHttpClient-1-11] DEBUG org.asynchttpclient.netty.handler.HttpHandler - 

Request DefaultFullHttpRequest(decodeResult: success, version: HTTP/1.1, content: EmptyByteBufBE)
GET /session/69f441ef45aed492379f91a624ed25c0/element/9b3bab95-8743-4249-83a1-6768b24fda84/name HTTP/1.1
User-Agent: selenium/4.1.2 (java windows)
Cache-Control: no-cache
Content-Type: application/json; charset=utf-8
host: localhost:60943
accept: */*

Response DefaultHttpResponse(decodeResult: success, version: HTTP/1.1)
HTTP/1.1 200 OK
Content-Type: application/json; charset=utf-8
cache-control: no-cache
content-length: 18

15:22:47.508 [AsyncHttpClient-1-11] DEBUG org.asynchttpclient.netty.channel.ChannelManager - Adding key: http://localhost:60943 for channel [id: 0xaf2c5172, L:/127.0.0.1:62349 - R:localhost/127.0.0.1:60943]
15:22:47.509 [Forwarding isElementEnabled on session 69f441ef45aed492379f91a624ed25c0 to remote] DEBUG org.asynchttpclient.netty.request.NettyRequestSender - Using pooled Channel '[id: 0xaf2c5172, L:/127.0.0.1:62349 - R:localhost/127.0.0.1:60943]' for 'GET' to 'http://localhost:60943/session/69f441ef45aed492379f91a624ed25c0/element/9b3bab95-8743-4249-83a1-6768b24fda84/enabled'
15:22:47.509 [Forwarding isElementEnabled on session 69f441ef45aed492379f91a624ed25c0 to remote] DEBUG org.asynchttpclient.netty.request.NettyRequestSender - Using open Channel [id: 0xaf2c5172, L:/127.0.0.1:62349 - R:localhost/127.0.0.1:60943] for GET '/session/69f441ef45aed492379f91a624ed25c0/element/9b3bab95-8743-4249-83a1-6768b24fda84/enabled'
15:22:47.516 [AsyncHttpClient-1-11] DEBUG org.asynchttpclient.netty.handler.HttpHandler - 

Request DefaultFullHttpRequest(decodeResult: success, version: HTTP/1.1, content: EmptyByteBufBE)
GET /session/69f441ef45aed492379f91a624ed25c0/element/9b3bab95-8743-4249-83a1-6768b24fda84/enabled HTTP/1.1
User-Agent: selenium/4.1.2 (java windows)
Cache-Control: no-cache
Content-Type: application/json; charset=utf-8
host: localhost:60943
accept: */*

Response DefaultHttpResponse(decodeResult: success, version: HTTP/1.1)
HTTP/1.1 200 OK
Content-Type: application/json; charset=utf-8
cache-control: no-cache
content-length: 14

15:22:47.516 [AsyncHttpClient-1-11] DEBUG org.asynchttpclient.netty.channel.ChannelManager - Adding key: http://localhost:60943 for channel [id: 0xaf2c5172, L:/127.0.0.1:62349 - R:localhost/127.0.0.1:60943]
15:22:47.519 [Forwarding isElementEnabled on session 69f441ef45aed492379f91a624ed25c0 to remote] DEBUG org.asynchttpclient.netty.request.NettyRequestSender - Using pooled Channel '[id: 0xaf2c5172, L:/127.0.0.1:62349 - R:localhost/127.0.0.1:60943]' for 'GET' to 'http://localhost:60943/session/69f441ef45aed492379f91a624ed25c0/element/9b3bab95-8743-4249-83a1-6768b24fda84/enabled'
15:22:47.519 [Forwarding isElementEnabled on session 69f441ef45aed492379f91a624ed25c0 to remote] DEBUG org.asynchttpclient.netty.request.NettyRequestSender - Using open Channel [id: 0xaf2c5172, L:/127.0.0.1:62349 - R:localhost/127.0.0.1:60943] for GET '/session/69f441ef45aed492379f91a624ed25c0/element/9b3bab95-8743-4249-83a1-6768b24fda84/enabled'
15:22:47.525 [AsyncHttpClient-1-11] DEBUG org.asynchttpclient.netty.handler.HttpHandler - 

Request DefaultFullHttpRequest(decodeResult: success, version: HTTP/1.1, content: EmptyByteBufBE)
GET /session/69f441ef45aed492379f91a624ed25c0/element/9b3bab95-8743-4249-83a1-6768b24fda84/enabled HTTP/1.1
User-Agent: selenium/4.1.2 (java windows)
Cache-Control: no-cache
Content-Type: application/json; charset=utf-8
host: localhost:60943
accept: */*

Response DefaultHttpResponse(decodeResult: success, version: HTTP/1.1)
HTTP/1.1 200 OK
Content-Type: application/json; charset=utf-8
cache-control: no-cache
content-length: 14

15:22:47.526 [AsyncHttpClient-1-11] DEBUG org.asynchttpclient.netty.channel.ChannelManager - Adding key: http://localhost:60943 for channel [id: 0xaf2c5172, L:/127.0.0.1:62349 - R:localhost/127.0.0.1:60943]
15:22:47.530 [Forwarding findElement on session 69f441ef45aed492379f91a624ed25c0 to remote] DEBUG org.asynchttpclient.netty.request.NettyRequestSender - Using pooled Channel '[id: 0xaf2c5172, L:/127.0.0.1:62349 - R:localhost/127.0.0.1:60943]' for 'POST' to 'http://localhost:60943/session/69f441ef45aed492379f91a624ed25c0/element'
15:22:47.530 [Forwarding findElement on session 69f441ef45aed492379f91a624ed25c0 to remote] DEBUG org.asynchttpclient.netty.request.NettyRequestSender - Using open Channel [id: 0xaf2c5172, L:/127.0.0.1:62349 - R:localhost/127.0.0.1:60943] for POST '/session/69f441ef45aed492379f91a624ed25c0/element'
15:22:47.542 [AsyncHttpClient-1-11] DEBUG org.asynchttpclient.netty.handler.HttpHandler - 

Request DefaultHttpRequest(decodeResult: success, version: HTTP/1.1)
POST /session/69f441ef45aed492379f91a624ed25c0/element HTTP/1.1
User-Agent: selenium/4.1.2 (java windows)
Content-Length: 321
Content-Type: application/json; charset=utf-8
host: localhost:60943
accept: */*

Response DefaultHttpResponse(decodeResult: success, version: HTTP/1.1)
HTTP/1.1 200 OK
Content-Type: application/json; charset=utf-8
cache-control: no-cache
content-length: 88

15:22:47.543 [AsyncHttpClient-1-11] DEBUG org.asynchttpclient.netty.channel.ChannelManager - Adding key: http://localhost:60943 for channel [id: 0xaf2c5172, L:/127.0.0.1:62349 - R:localhost/127.0.0.1:60943]
15:22:47.545 [Forwarding clickElement on session 69f441ef45aed492379f91a624ed25c0 to remote] DEBUG org.asynchttpclient.netty.request.NettyRequestSender - Using pooled Channel '[id: 0xaf2c5172, L:/127.0.0.1:62349 - R:localhost/127.0.0.1:60943]' for 'POST' to 'http://localhost:60943/session/69f441ef45aed492379f91a624ed25c0/element/9b3bab95-8743-4249-83a1-6768b24fda84/click'
15:22:47.546 [Forwarding clickElement on session 69f441ef45aed492379f91a624ed25c0 to remote] DEBUG org.asynchttpclient.netty.request.NettyRequestSender - Using open Channel [id: 0xaf2c5172, L:/127.0.0.1:62349 - R:localhost/127.0.0.1:60943] for POST '/session/69f441ef45aed492379f91a624ed25c0/element/9b3bab95-8743-4249-83a1-6768b24fda84/click'
15:22:47.635 [AsyncHttpClient-1-11] DEBUG org.asynchttpclient.netty.handler.HttpHandler - 

Request DefaultHttpRequest(decodeResult: success, version: HTTP/1.1)
POST /session/69f441ef45aed492379f91a624ed25c0/element/9b3bab95-8743-4249-83a1-6768b24fda84/click HTTP/1.1
User-Agent: selenium/4.1.2 (java windows)
Content-Length: 50
Content-Type: application/json; charset=utf-8
host: localhost:60943
accept: */*

Response DefaultHttpResponse(decodeResult: success, version: HTTP/1.1)
HTTP/1.1 200 OK
Content-Type: application/json; charset=utf-8
cache-control: no-cache
content-length: 14

15:22:47.635 [AsyncHttpClient-1-11] DEBUG org.asynchttpclient.netty.channel.ChannelManager - Adding key: http://localhost:60943 for channel [id: 0xaf2c5172, L:/127.0.0.1:62349 - R:localhost/127.0.0.1:60943]
  &amp#27;[32mAnd &amp#27;[0m&amp#27;[32mI have logged in&amp#27;[0m                    &amp#27;[90m# starter.stepdefinitions.ManageVaccinationBookingsSteps.iHaveLoggedIn()&amp#27;[0m
15:22:47.654 [Forwarding screenshot on session 69f441ef45aed492379f91a624ed25c0 to remote] DEBUG org.asynchttpclient.netty.request.NettyRequestSender - Using pooled Channel '[id: 0xaf2c5172, L:/127.0.0.1:62349 - R:localhost/127.0.0.1:60943]' for 'GET' to 'http://localhost:60943/session/69f441ef45aed492379f91a624ed25c0/screenshot'
15:22:47.655 [Forwarding screenshot on session 69f441ef45aed492379f91a624ed25c0 to remote] DEBUG org.asynchttpclient.netty.request.NettyRequestSender - Using open Channel [id: 0xaf2c5172, L:/127.0.0.1:62349 - R:localhost/127.0.0.1:60943] for GET '/session/69f441ef45aed492379f91a624ed25c0/screenshot'
15:22:47.849 [AsyncHttpClient-1-11] DEBUG org.asynchttpclient.netty.handler.HttpHandler - 

Request DefaultFullHttpRequest(decodeResult: success, version: HTTP/1.1, content: EmptyByteBufBE)
GET /session/69f441ef45aed492379f91a624ed25c0/screenshot HTTP/1.1
User-Agent: selenium/4.1.2 (java windows)
Cache-Control: no-cache
Content-Type: application/json; charset=utf-8
host: localhost:60943
accept: */*

Response DefaultHttpResponse(decodeResult: success, version: HTTP/1.1)
HTTP/1.1 200 OK
Content-Type: application/json; charset=utf-8
cache-control: no-cache
content-length: 116144

15:22:47.849 [AsyncHttpClient-1-11] DEBUG org.asynchttpclient.netty.channel.ChannelManager - Adding key: http://localhost:60943 for channel [id: 0xaf2c5172, L:/127.0.0.1:62349 - R:localhost/127.0.0.1:60943]
15:22:47.854 [main] DEBUG net.serenitybdd.core.photography.Darkroom - Send negative for processing for target\site\serenity\01414d86404c5c649006368df9ef138d545a90ef2972ff05f5fbef5b03e5b2d1.png
15:22:47.855 [Darkroom Processing Line] DEBUG net.serenitybdd.core.photography.DarkroomProcessingLine - Processing screenshot image in /var/screenshots/screenshot-15269790303729295286
15:22:47.855 [Darkroom Processing Line] DEBUG net.serenitybdd.core.photography.DarkroomProcessingLine - Saving screenshot to target\site\serenity\01414d86404c5c649006368df9ef138d545a90ef2972ff05f5fbef5b03e5b2d1.png
15:22:47.865 [Forwarding findElement on session 69f441ef45aed492379f91a624ed25c0 to remote] DEBUG org.asynchttpclient.netty.request.NettyRequestSender - Using pooled Channel '[id: 0xaf2c5172, L:/127.0.0.1:62349 - R:localhost/127.0.0.1:60943]' for 'POST' to 'http://localhost:60943/session/69f441ef45aed492379f91a624ed25c0/element'
15:22:47.866 [Forwarding findElement on session 69f441ef45aed492379f91a624ed25c0 to remote] DEBUG org.asynchttpclient.netty.request.NettyRequestSender - Using open Channel [id: 0xaf2c5172, L:/127.0.0.1:62349 - R:localhost/127.0.0.1:60943] for POST '/session/69f441ef45aed492379f91a624ed25c0/element'
15:22:48.177 [AsyncHttpClient-1-11] DEBUG org.asynchttpclient.netty.handler.HttpHandler - 

Request DefaultHttpRequest(decodeResult: success, version: HTTP/1.1)
POST /session/69f441ef45aed492379f91a624ed25c0/element HTTP/1.1
User-Agent: selenium/4.1.2 (java windows)
Content-Length: 80
Content-Type: application/json; charset=utf-8
host: localhost:60943
accept: */*

Response DefaultHttpResponse(decodeResult: success, version: HTTP/1.1)
HTTP/1.1 200 OK
Content-Type: application/json; charset=utf-8
cache-control: no-cache
content-length: 88

15:22:48.177 [AsyncHttpClient-1-11] DEBUG org.asynchttpclient.netty.channel.ChannelManager - Adding key: http://localhost:60943 for channel [id: 0xaf2c5172, L:/127.0.0.1:62349 - R:localhost/127.0.0.1:60943]
15:22:48.180 [Forwarding getElementTagName on session 69f441ef45aed492379f91a624ed25c0 to remote] DEBUG org.asynchttpclient.netty.request.NettyRequestSender - Using pooled Channel '[id: 0xaf2c5172, L:/127.0.0.1:62349 - R:localhost/127.0.0.1:60943]' for 'GET' to 'http://localhost:60943/session/69f441ef45aed492379f91a624ed25c0/element/7895f905-1e3d-47ee-92da-7e38dd3200f4/name'
15:22:48.180 [Forwarding getElementTagName on session 69f441ef45aed492379f91a624ed25c0 to remote] DEBUG org.asynchttpclient.netty.request.NettyRequestSender - Using open Channel [id: 0xaf2c5172, L:/127.0.0.1:62349 - R:localhost/127.0.0.1:60943] for GET '/session/69f441ef45aed492379f91a624ed25c0/element/7895f905-1e3d-47ee-92da-7e38dd3200f4/name'
15:22:48.197 [AsyncHttpClient-1-11] DEBUG org.asynchttpclient.netty.handler.HttpHandler - 

Request DefaultFullHttpRequest(decodeResult: success, version: HTTP/1.1, content: EmptyByteBufBE)
GET /session/69f441ef45aed492379f91a624ed25c0/element/7895f905-1e3d-47ee-92da-7e38dd3200f4/name HTTP/1.1
User-Agent: selenium/4.1.2 (java windows)
Cache-Control: no-cache
Content-Type: application/json; charset=utf-8
host: localhost:60943
accept: */*

Response DefaultHttpResponse(decodeResult: success, version: HTTP/1.1)
HTTP/1.1 200 OK
Content-Type: application/json; charset=utf-8
cache-control: no-cache
content-length: 13

15:22:48.197 [AsyncHttpClient-1-11] DEBUG org.asynchttpclient.netty.channel.ChannelManager - Adding key: http://localhost:60943 for channel [id: 0xaf2c5172, L:/127.0.0.1:62349 - R:localhost/127.0.0.1:60943]
15:22:48.198 [Forwarding getElementTagName on session 69f441ef45aed492379f91a624ed25c0 to remote] DEBUG org.asynchttpclient.netty.request.NettyRequestSender - Using pooled Channel '[id: 0xaf2c5172, L:/127.0.0.1:62349 - R:localhost/127.0.0.1:60943]' for 'GET' to 'http://localhost:60943/session/69f441ef45aed492379f91a624ed25c0/element/7895f905-1e3d-47ee-92da-7e38dd3200f4/name'
15:22:48.198 [Forwarding getElementTagName on session 69f441ef45aed492379f91a624ed25c0 to remote] DEBUG org.asynchttpclient.netty.request.NettyRequestSender - Using open Channel [id: 0xaf2c5172, L:/127.0.0.1:62349 - R:localhost/127.0.0.1:60943] for GET '/session/69f441ef45aed492379f91a624ed25c0/element/7895f905-1e3d-47ee-92da-7e38dd3200f4/name'
15:22:48.201 [AsyncHttpClient-1-11] DEBUG org.asynchttpclient.netty.handler.HttpHandler - 

Request DefaultFullHttpRequest(decodeResult: success, version: HTTP/1.1, content: EmptyByteBufBE)
GET /session/69f441ef45aed492379f91a624ed25c0/element/7895f905-1e3d-47ee-92da-7e38dd3200f4/name HTTP/1.1
User-Agent: selenium/4.1.2 (java windows)
Cache-Control: no-cache
Content-Type: application/json; charset=utf-8
host: localhost:60943
accept: */*

Response DefaultHttpResponse(decodeResult: success, version: HTTP/1.1)
HTTP/1.1 200 OK
Content-Type: application/json; charset=utf-8
cache-control: no-cache
content-length: 13

15:22:48.201 [AsyncHttpClient-1-11] DEBUG org.asynchttpclient.netty.channel.ChannelManager - Adding key: http://localhost:60943 for channel [id: 0xaf2c5172, L:/127.0.0.1:62349 - R:localhost/127.0.0.1:60943]
15:22:48.202 [Forwarding findElement on session 69f441ef45aed492379f91a624ed25c0 to remote] DEBUG org.asynchttpclient.netty.request.NettyRequestSender - Using pooled Channel '[id: 0xaf2c5172, L:/127.0.0.1:62349 - R:localhost/127.0.0.1:60943]' for 'POST' to 'http://localhost:60943/session/69f441ef45aed492379f91a624ed25c0/element'
15:22:48.202 [Forwarding findElement on session 69f441ef45aed492379f91a624ed25c0 to remote] DEBUG org.asynchttpclient.netty.request.NettyRequestSender - Using open Channel [id: 0xaf2c5172, L:/127.0.0.1:62349 - R:localhost/127.0.0.1:60943] for POST '/session/69f441ef45aed492379f91a624ed25c0/element'
15:22:48.208 [AsyncHttpClient-1-11] DEBUG org.asynchttpclient.netty.handler.HttpHandler - 

Request DefaultHttpRequest(decodeResult: success, version: HTTP/1.1)
POST /session/69f441ef45aed492379f91a624ed25c0/element HTTP/1.1
User-Agent: selenium/4.1.2 (java windows)
Content-Length: 80
Content-Type: application/json; charset=utf-8
host: localhost:60943
accept: */*

Response DefaultHttpResponse(decodeResult: success, version: HTTP/1.1)
HTTP/1.1 200 OK
Content-Type: application/json; charset=utf-8
cache-control: no-cache
content-length: 88

15:22:48.208 [AsyncHttpClient-1-11] DEBUG org.asynchttpclient.netty.channel.ChannelManager - Adding key: http://localhost:60943 for channel [id: 0xaf2c5172, L:/127.0.0.1:62349 - R:localhost/127.0.0.1:60943]
15:22:48.209 [Forwarding clickElement on session 69f441ef45aed492379f91a624ed25c0 to remote] DEBUG org.asynchttpclient.netty.request.NettyRequestSender - Using pooled Channel '[id: 0xaf2c5172, L:/127.0.0.1:62349 - R:localhost/127.0.0.1:60943]' for 'POST' to 'http://localhost:60943/session/69f441ef45aed492379f91a624ed25c0/element/7895f905-1e3d-47ee-92da-7e38dd3200f4/click'
15:22:48.209 [Forwarding clickElement on session 69f441ef45aed492379f91a624ed25c0 to remote] DEBUG org.asynchttpclient.netty.request.NettyRequestSender - Using open Channel [id: 0xaf2c5172, L:/127.0.0.1:62349 - R:localhost/127.0.0.1:60943] for POST '/session/69f441ef45aed492379f91a624ed25c0/element/7895f905-1e3d-47ee-92da-7e38dd3200f4/click'
15:22:48.378 [AsyncHttpClient-1-11] DEBUG org.asynchttpclient.netty.handler.HttpHandler - 

Request DefaultHttpRequest(decodeResult: success, version: HTTP/1.1)
POST /session/69f441ef45aed492379f91a624ed25c0/element/7895f905-1e3d-47ee-92da-7e38dd3200f4/click HTTP/1.1
User-Agent: selenium/4.1.2 (java windows)
Content-Length: 50
Content-Type: application/json; charset=utf-8
host: localhost:60943
accept: */*

Response DefaultHttpResponse(decodeResult: success, version: HTTP/1.1)
HTTP/1.1 200 OK
Content-Type: application/json; charset=utf-8
cache-control: no-cache
content-length: 14

15:22:48.379 [AsyncHttpClient-1-11] DEBUG org.asynchttpclient.netty.channel.ChannelManager - Adding key: http://localhost:60943 for channel [id: 0xaf2c5172, L:/127.0.0.1:62349 - R:localhost/127.0.0.1:60943]
  &amp#27;[32mWhen &amp#27;[0m&amp#27;[32mI go to Book Vaksinasi page&amp#27;[0m        &amp#27;[90m# starter.stepdefinitions.ManageVaccinationBookingsSteps.iGoToBookVaksinasiPage()&amp#27;[0m
15:22:48.389 [Forwarding screenshot on session 69f441ef45aed492379f91a624ed25c0 to remote] DEBUG org.asynchttpclient.netty.request.NettyRequestSender - Using pooled Channel '[id: 0xaf2c5172, L:/127.0.0.1:62349 - R:localhost/127.0.0.1:60943]' for 'GET' to 'http://localhost:60943/session/69f441ef45aed492379f91a624ed25c0/screenshot'
15:22:48.389 [Forwarding screenshot on session 69f441ef45aed492379f91a624ed25c0 to remote] DEBUG org.asynchttpclient.netty.request.NettyRequestSender - Using open Channel [id: 0xaf2c5172, L:/127.0.0.1:62349 - R:localhost/127.0.0.1:60943] for GET '/session/69f441ef45aed492379f91a624ed25c0/screenshot'
15:22:48.527 [AsyncHttpClient-1-1] DEBUG org.asynchttpclient.netty.channel.DefaultChannelPool - Entry count for : http://localhost:62350 : 1
15:22:48.559 [AsyncHttpClient-1-11] DEBUG org.asynchttpclient.netty.handler.HttpHandler - 

Request DefaultFullHttpRequest(decodeResult: success, version: HTTP/1.1, content: EmptyByteBufBE)
GET /session/69f441ef45aed492379f91a624ed25c0/screenshot HTTP/1.1
User-Agent: selenium/4.1.2 (java windows)
Cache-Control: no-cache
Content-Type: application/json; charset=utf-8
host: localhost:60943
accept: */*

Response DefaultHttpResponse(decodeResult: success, version: HTTP/1.1)
HTTP/1.1 200 OK
Content-Type: application/json; charset=utf-8
cache-control: no-cache
content-length: 105024

15:22:48.559 [AsyncHttpClient-1-11] DEBUG org.asynchttpclient.netty.channel.ChannelManager - Adding key: http://localhost:60943 for channel [id: 0xaf2c5172, L:/127.0.0.1:62349 - R:localhost/127.0.0.1:60943]
15:22:48.562 [main] DEBUG net.serenitybdd.core.photography.Darkroom - Send negative for processing for target\site\serenity\394feab0fe81e09872b2668e34223c527f1b30e7f4d208a93b853bb47f0e290b.png
15:22:48.563 [Darkroom Processing Line] DEBUG net.serenitybdd.core.photography.DarkroomProcessingLine - Processing screenshot image in /var/screenshots/screenshot-9984078100323168365
15:22:48.563 [Darkroom Processing Line] DEBUG net.serenitybdd.core.photography.DarkroomProcessingLine - Saving screenshot to target\site\serenity\394feab0fe81e09872b2668e34223c527f1b30e7f4d208a93b853bb47f0e290b.png
15:22:48.571 [Forwarding findElement on session 69f441ef45aed492379f91a624ed25c0 to remote] DEBUG org.asynchttpclient.netty.request.NettyRequestSender - Using pooled Channel '[id: 0xaf2c5172, L:/127.0.0.1:62349 - R:localhost/127.0.0.1:60943]' for 'POST' to 'http://localhost:60943/session/69f441ef45aed492379f91a624ed25c0/element'
15:22:48.571 [Forwarding findElement on session 69f441ef45aed492379f91a624ed25c0 to remote] DEBUG org.asynchttpclient.netty.request.NettyRequestSender - Using open Channel [id: 0xaf2c5172, L:/127.0.0.1:62349 - R:localhost/127.0.0.1:60943] for POST '/session/69f441ef45aed492379f91a624ed25c0/element'
15:22:48.716 [AsyncHttpClient-1-11] DEBUG org.asynchttpclient.netty.handler.HttpHandler - 

Request DefaultHttpRequest(decodeResult: success, version: HTTP/1.1)
POST /session/69f441ef45aed492379f91a624ed25c0/element HTTP/1.1
User-Agent: selenium/4.1.2 (java windows)
Content-Length: 117
Content-Type: application/json; charset=utf-8
host: localhost:60943
accept: */*

Response DefaultHttpResponse(decodeResult: success, version: HTTP/1.1)
HTTP/1.1 200 OK
Content-Type: application/json; charset=utf-8
cache-control: no-cache
content-length: 88

15:22:48.716 [AsyncHttpClient-1-11] DEBUG org.asynchttpclient.netty.channel.ChannelManager - Adding key: http://localhost:60943 for channel [id: 0xaf2c5172, L:/127.0.0.1:62349 - R:localhost/127.0.0.1:60943]
15:22:48.718 [Forwarding getElementTagName on session 69f441ef45aed492379f91a624ed25c0 to remote] DEBUG org.asynchttpclient.netty.request.NettyRequestSender - Using pooled Channel '[id: 0xaf2c5172, L:/127.0.0.1:62349 - R:localhost/127.0.0.1:60943]' for 'GET' to 'http://localhost:60943/session/69f441ef45aed492379f91a624ed25c0/element/2457db40-8ba0-4231-a0bd-519355597be3/name'
15:22:48.718 [Forwarding getElementTagName on session 69f441ef45aed492379f91a624ed25c0 to remote] DEBUG org.asynchttpclient.netty.request.NettyRequestSender - Using open Channel [id: 0xaf2c5172, L:/127.0.0.1:62349 - R:localhost/127.0.0.1:60943] for GET '/session/69f441ef45aed492379f91a624ed25c0/element/2457db40-8ba0-4231-a0bd-519355597be3/name'
15:22:48.726 [AsyncHttpClient-1-11] DEBUG org.asynchttpclient.netty.handler.HttpHandler - 

Request DefaultFullHttpRequest(decodeResult: success, version: HTTP/1.1, content: EmptyByteBufBE)
GET /session/69f441ef45aed492379f91a624ed25c0/element/2457db40-8ba0-4231-a0bd-519355597be3/name HTTP/1.1
User-Agent: selenium/4.1.2 (java windows)
Cache-Control: no-cache
Content-Type: application/json; charset=utf-8
host: localhost:60943
accept: */*

Response DefaultHttpResponse(decodeResult: success, version: HTTP/1.1)
HTTP/1.1 200 OK
Content-Type: application/json; charset=utf-8
cache-control: no-cache
content-length: 15

15:22:48.726 [AsyncHttpClient-1-11] DEBUG org.asynchttpclient.netty.channel.ChannelManager - Adding key: http://localhost:60943 for channel [id: 0xaf2c5172, L:/127.0.0.1:62349 - R:localhost/127.0.0.1:60943]
15:22:48.731 [Forwarding getElementTagName on session 69f441ef45aed492379f91a624ed25c0 to remote] DEBUG org.asynchttpclient.netty.request.NettyRequestSender - Using pooled Channel '[id: 0xaf2c5172, L:/127.0.0.1:62349 - R:localhost/127.0.0.1:60943]' for 'GET' to 'http://localhost:60943/session/69f441ef45aed492379f91a624ed25c0/element/2457db40-8ba0-4231-a0bd-519355597be3/name'
15:22:48.731 [Forwarding getElementTagName on session 69f441ef45aed492379f91a624ed25c0 to remote] DEBUG org.asynchttpclient.netty.request.NettyRequestSender - Using open Channel [id: 0xaf2c5172, L:/127.0.0.1:62349 - R:localhost/127.0.0.1:60943] for GET '/session/69f441ef45aed492379f91a624ed25c0/element/2457db40-8ba0-4231-a0bd-519355597be3/name'
15:22:48.737 [AsyncHttpClient-1-11] DEBUG org.asynchttpclient.netty.handler.HttpHandler - 

Request DefaultFullHttpRequest(decodeResult: success, version: HTTP/1.1, content: EmptyByteBufBE)
GET /session/69f441ef45aed492379f91a624ed25c0/element/2457db40-8ba0-4231-a0bd-519355597be3/name HTTP/1.1
User-Agent: selenium/4.1.2 (java windows)
Cache-Control: no-cache
Content-Type: application/json; charset=utf-8
host: localhost:60943
accept: */*

Response DefaultHttpResponse(decodeResult: success, version: HTTP/1.1)
HTTP/1.1 200 OK
Content-Type: application/json; charset=utf-8
cache-control: no-cache
content-length: 15

15:22:48.738 [AsyncHttpClient-1-11] DEBUG org.asynchttpclient.netty.channel.ChannelManager - Adding key: http://localhost:60943 for channel [id: 0xaf2c5172, L:/127.0.0.1:62349 - R:localhost/127.0.0.1:60943]
15:22:48.745 [Forwarding findElement on session 69f441ef45aed492379f91a624ed25c0 to remote] DEBUG org.asynchttpclient.netty.request.NettyRequestSender - Using pooled Channel '[id: 0xaf2c5172, L:/127.0.0.1:62349 - R:localhost/127.0.0.1:60943]' for 'POST' to 'http://localhost:60943/session/69f441ef45aed492379f91a624ed25c0/element'
15:22:48.745 [Forwarding findElement on session 69f441ef45aed492379f91a624ed25c0 to remote] DEBUG org.asynchttpclient.netty.request.NettyRequestSender - Using open Channel [id: 0xaf2c5172, L:/127.0.0.1:62349 - R:localhost/127.0.0.1:60943] for POST '/session/69f441ef45aed492379f91a624ed25c0/element'
15:22:48.756 [AsyncHttpClient-1-11] DEBUG org.asynchttpclient.netty.handler.HttpHandler - 

Request DefaultHttpRequest(decodeResult: success, version: HTTP/1.1)
POST /session/69f441ef45aed492379f91a624ed25c0/element HTTP/1.1
User-Agent: selenium/4.1.2 (java windows)
Content-Length: 117
Content-Type: application/json; charset=utf-8
host: localhost:60943
accept: */*

Response DefaultHttpResponse(decodeResult: success, version: HTTP/1.1)
HTTP/1.1 200 OK
Content-Type: application/json; charset=utf-8
cache-control: no-cache
content-length: 88

15:22:48.757 [AsyncHttpClient-1-11] DEBUG org.asynchttpclient.netty.channel.ChannelManager - Adding key: http://localhost:60943 for channel [id: 0xaf2c5172, L:/127.0.0.1:62349 - R:localhost/127.0.0.1:60943]
15:22:48.760 [Forwarding clickElement on session 69f441ef45aed492379f91a624ed25c0 to remote] DEBUG org.asynchttpclient.netty.request.NettyRequestSender - Using pooled Channel '[id: 0xaf2c5172, L:/127.0.0.1:62349 - R:localhost/127.0.0.1:60943]' for 'POST' to 'http://localhost:60943/session/69f441ef45aed492379f91a624ed25c0/element/2457db40-8ba0-4231-a0bd-519355597be3/click'
15:22:48.760 [Forwarding clickElement on session 69f441ef45aed492379f91a624ed25c0 to remote] DEBUG org.asynchttpclient.netty.request.NettyRequestSender - Using open Channel [id: 0xaf2c5172, L:/127.0.0.1:62349 - R:localhost/127.0.0.1:60943] for POST '/session/69f441ef45aed492379f91a624ed25c0/element/2457db40-8ba0-4231-a0bd-519355597be3/click'
15:22:48.903 [AsyncHttpClient-1-11] DEBUG org.asynchttpclient.netty.handler.HttpHandler - 

Request DefaultHttpRequest(decodeResult: success, version: HTTP/1.1)
POST /session/69f441ef45aed492379f91a624ed25c0/element/2457db40-8ba0-4231-a0bd-519355597be3/click HTTP/1.1
User-Agent: selenium/4.1.2 (java windows)
Content-Length: 50
Content-Type: application/json; charset=utf-8
host: localhost:60943
accept: */*

Response DefaultHttpResponse(decodeResult: success, version: HTTP/1.1)
HTTP/1.1 200 OK
Content-Type: application/json; charset=utf-8
cache-control: no-cache
content-length: 14

15:22:48.904 [AsyncHttpClient-1-11] DEBUG org.asynchttpclient.netty.channel.ChannelManager - Adding key: http://localhost:60943 for channel [id: 0xaf2c5172, L:/127.0.0.1:62349 - R:localhost/127.0.0.1:60943]
  &amp#27;[32mAnd &amp#27;[0m&amp#27;[32mI select a session&amp#27;[0m                  &amp#27;[90m# starter.stepdefinitions.ManageVaccinationBookingsSteps.iSelectASession()&amp#27;[0m
15:22:48.920 [Forwarding screenshot on session 69f441ef45aed492379f91a624ed25c0 to remote] DEBUG org.asynchttpclient.netty.request.NettyRequestSender - Using pooled Channel '[id: 0xaf2c5172, L:/127.0.0.1:62349 - R:localhost/127.0.0.1:60943]' for 'GET' to 'http://localhost:60943/session/69f441ef45aed492379f91a624ed25c0/screenshot'
15:22:48.920 [Forwarding screenshot on session 69f441ef45aed492379f91a624ed25c0 to remote] DEBUG org.asynchttpclient.netty.request.NettyRequestSender - Using open Channel [id: 0xaf2c5172, L:/127.0.0.1:62349 - R:localhost/127.0.0.1:60943] for GET '/session/69f441ef45aed492379f91a624ed25c0/screenshot'
15:22:49.159 [AsyncHttpClient-1-11] DEBUG org.asynchttpclient.netty.handler.HttpHandler - 

Request DefaultFullHttpRequest(decodeResult: success, version: HTTP/1.1, content: EmptyByteBufBE)
GET /session/69f441ef45aed492379f91a624ed25c0/screenshot HTTP/1.1
User-Agent: selenium/4.1.2 (java windows)
Cache-Control: no-cache
Content-Type: application/json; charset=utf-8
host: localhost:60943
accept: */*

Response DefaultHttpResponse(decodeResult: success, version: HTTP/1.1)
HTTP/1.1 200 OK
Content-Type: application/json; charset=utf-8
cache-control: no-cache
content-length: 147028

15:22:49.161 [AsyncHttpClient-1-11] DEBUG org.asynchttpclient.netty.channel.ChannelManager - Adding key: http://localhost:60943 for channel [id: 0xaf2c5172, L:/127.0.0.1:62349 - R:localhost/127.0.0.1:60943]
15:22:49.166 [main] DEBUG net.serenitybdd.core.photography.Darkroom - Send negative for processing for target\site\serenity\132cb5b93482f4c0c0a911f75965ea493cee6b0a1f5aed4238140b12afac72b3.png
15:22:49.166 [Darkroom Processing Line] DEBUG net.serenitybdd.core.photography.DarkroomProcessingLine - Processing screenshot image in /var/screenshots/screenshot-14278533743451999770
15:22:49.166 [Darkroom Processing Line] DEBUG net.serenitybdd.core.photography.DarkroomProcessingLine - Saving screenshot to target\site\serenity\132cb5b93482f4c0c0a911f75965ea493cee6b0a1f5aed4238140b12afac72b3.png
15:22:49.179 [Forwarding findElement on session 69f441ef45aed492379f91a624ed25c0 to remote] DEBUG org.asynchttpclient.netty.request.NettyRequestSender - Using pooled Channel '[id: 0xaf2c5172, L:/127.0.0.1:62349 - R:localhost/127.0.0.1:60943]' for 'POST' to 'http://localhost:60943/session/69f441ef45aed492379f91a624ed25c0/element'
15:22:49.180 [Forwarding findElement on session 69f441ef45aed492379f91a624ed25c0 to remote] DEBUG org.asynchttpclient.netty.request.NettyRequestSender - Using open Channel [id: 0xaf2c5172, L:/127.0.0.1:62349 - R:localhost/127.0.0.1:60943] for POST '/session/69f441ef45aed492379f91a624ed25c0/element'
15:22:49.210 [AsyncHttpClient-1-11] DEBUG org.asynchttpclient.netty.handler.HttpHandler - 

Request DefaultHttpRequest(decodeResult: success, version: HTTP/1.1)
POST /session/69f441ef45aed492379f91a624ed25c0/element HTTP/1.1
User-Agent: selenium/4.1.2 (java windows)
Content-Length: 85
Content-Type: application/json; charset=utf-8
host: localhost:60943
accept: */*

Response DefaultHttpResponse(decodeResult: success, version: HTTP/1.1)
HTTP/1.1 200 OK
Content-Type: application/json; charset=utf-8
cache-control: no-cache
content-length: 88

15:22:49.210 [AsyncHttpClient-1-11] DEBUG org.asynchttpclient.netty.channel.ChannelManager - Adding key: http://localhost:60943 for channel [id: 0xaf2c5172, L:/127.0.0.1:62349 - R:localhost/127.0.0.1:60943]
15:22:49.211 [Forwarding getElementTagName on session 69f441ef45aed492379f91a624ed25c0 to remote] DEBUG org.asynchttpclient.netty.request.NettyRequestSender - Using pooled Channel '[id: 0xaf2c5172, L:/127.0.0.1:62349 - R:localhost/127.0.0.1:60943]' for 'GET' to 'http://localhost:60943/session/69f441ef45aed492379f91a624ed25c0/element/57418cf3-9933-4c5e-8454-d50d6508bafe/name'
15:22:49.211 [Forwarding getElementTagName on session 69f441ef45aed492379f91a624ed25c0 to remote] DEBUG org.asynchttpclient.netty.request.NettyRequestSender - Using open Channel [id: 0xaf2c5172, L:/127.0.0.1:62349 - R:localhost/127.0.0.1:60943] for GET '/session/69f441ef45aed492379f91a624ed25c0/element/57418cf3-9933-4c5e-8454-d50d6508bafe/name'
15:22:49.215 [AsyncHttpClient-1-11] DEBUG org.asynchttpclient.netty.handler.HttpHandler - 

Request DefaultFullHttpRequest(decodeResult: success, version: HTTP/1.1, content: EmptyByteBufBE)
GET /session/69f441ef45aed492379f91a624ed25c0/element/57418cf3-9933-4c5e-8454-d50d6508bafe/name HTTP/1.1
User-Agent: selenium/4.1.2 (java windows)
Cache-Control: no-cache
Content-Type: application/json; charset=utf-8
host: localhost:60943
accept: */*

Response DefaultHttpResponse(decodeResult: success, version: HTTP/1.1)
HTTP/1.1 200 OK
Content-Type: application/json; charset=utf-8
cache-control: no-cache
content-length: 17

15:22:49.215 [AsyncHttpClient-1-11] DEBUG org.asynchttpclient.netty.channel.ChannelManager - Adding key: http://localhost:60943 for channel [id: 0xaf2c5172, L:/127.0.0.1:62349 - R:localhost/127.0.0.1:60943]
15:22:49.217 [Forwarding getElementTagName on session 69f441ef45aed492379f91a624ed25c0 to remote] DEBUG org.asynchttpclient.netty.request.NettyRequestSender - Using pooled Channel '[id: 0xaf2c5172, L:/127.0.0.1:62349 - R:localhost/127.0.0.1:60943]' for 'GET' to 'http://localhost:60943/session/69f441ef45aed492379f91a624ed25c0/element/57418cf3-9933-4c5e-8454-d50d6508bafe/name'
15:22:49.217 [Forwarding getElementTagName on session 69f441ef45aed492379f91a624ed25c0 to remote] DEBUG org.asynchttpclient.netty.request.NettyRequestSender - Using open Channel [id: 0xaf2c5172, L:/127.0.0.1:62349 - R:localhost/127.0.0.1:60943] for GET '/session/69f441ef45aed492379f91a624ed25c0/element/57418cf3-9933-4c5e-8454-d50d6508bafe/name'
15:22:49.220 [AsyncHttpClient-1-11] DEBUG org.asynchttpclient.netty.handler.HttpHandler - 

Request DefaultFullHttpRequest(decodeResult: success, version: HTTP/1.1, content: EmptyByteBufBE)
GET /session/69f441ef45aed492379f91a624ed25c0/element/57418cf3-9933-4c5e-8454-d50d6508bafe/name HTTP/1.1
User-Agent: selenium/4.1.2 (java windows)
Cache-Control: no-cache
Content-Type: application/json; charset=utf-8
host: localhost:60943
accept: */*

Response DefaultHttpResponse(decodeResult: success, version: HTTP/1.1)
HTTP/1.1 200 OK
Content-Type: application/json; charset=utf-8
cache-control: no-cache
content-length: 17

15:22:49.221 [AsyncHttpClient-1-11] DEBUG org.asynchttpclient.netty.channel.ChannelManager - Adding key: http://localhost:60943 for channel [id: 0xaf2c5172, L:/127.0.0.1:62349 - R:localhost/127.0.0.1:60943]
15:22:49.223 [Forwarding isElementEnabled on session 69f441ef45aed492379f91a624ed25c0 to remote] DEBUG org.asynchttpclient.netty.request.NettyRequestSender - Using pooled Channel '[id: 0xaf2c5172, L:/127.0.0.1:62349 - R:localhost/127.0.0.1:60943]' for 'GET' to 'http://localhost:60943/session/69f441ef45aed492379f91a624ed25c0/element/57418cf3-9933-4c5e-8454-d50d6508bafe/enabled'
15:22:49.223 [Forwarding isElementEnabled on session 69f441ef45aed492379f91a624ed25c0 to remote] DEBUG org.asynchttpclient.netty.request.NettyRequestSender - Using open Channel [id: 0xaf2c5172, L:/127.0.0.1:62349 - R:localhost/127.0.0.1:60943] for GET '/session/69f441ef45aed492379f91a624ed25c0/element/57418cf3-9933-4c5e-8454-d50d6508bafe/enabled'
15:22:49.230 [AsyncHttpClient-1-11] DEBUG org.asynchttpclient.netty.handler.HttpHandler - 

Request DefaultFullHttpRequest(decodeResult: success, version: HTTP/1.1, content: EmptyByteBufBE)
GET /session/69f441ef45aed492379f91a624ed25c0/element/57418cf3-9933-4c5e-8454-d50d6508bafe/enabled HTTP/1.1
User-Agent: selenium/4.1.2 (java windows)
Cache-Control: no-cache
Content-Type: application/json; charset=utf-8
host: localhost:60943
accept: */*

Response DefaultHttpResponse(decodeResult: success, version: HTTP/1.1)
HTTP/1.1 200 OK
Content-Type: application/json; charset=utf-8
cache-control: no-cache
content-length: 14

15:22:49.231 [AsyncHttpClient-1-11] DEBUG org.asynchttpclient.netty.channel.ChannelManager - Adding key: http://localhost:60943 for channel [id: 0xaf2c5172, L:/127.0.0.1:62349 - R:localhost/127.0.0.1:60943]
15:22:49.232 [Forwarding isElementEnabled on session 69f441ef45aed492379f91a624ed25c0 to remote] DEBUG org.asynchttpclient.netty.request.NettyRequestSender - Using pooled Channel '[id: 0xaf2c5172, L:/127.0.0.1:62349 - R:localhost/127.0.0.1:60943]' for 'GET' to 'http://localhost:60943/session/69f441ef45aed492379f91a624ed25c0/element/57418cf3-9933-4c5e-8454-d50d6508bafe/enabled'
15:22:49.232 [Forwarding isElementEnabled on session 69f441ef45aed492379f91a624ed25c0 to remote] DEBUG org.asynchttpclient.netty.request.NettyRequestSender - Using open Channel [id: 0xaf2c5172, L:/127.0.0.1:62349 - R:localhost/127.0.0.1:60943] for GET '/session/69f441ef45aed492379f91a624ed25c0/element/57418cf3-9933-4c5e-8454-d50d6508bafe/enabled'
15:22:49.241 [AsyncHttpClient-1-11] DEBUG org.asynchttpclient.netty.handler.HttpHandler - 

Request DefaultFullHttpRequest(decodeResult: success, version: HTTP/1.1, content: EmptyByteBufBE)
GET /session/69f441ef45aed492379f91a624ed25c0/element/57418cf3-9933-4c5e-8454-d50d6508bafe/enabled HTTP/1.1
User-Agent: selenium/4.1.2 (java windows)
Cache-Control: no-cache
Content-Type: application/json; charset=utf-8
host: localhost:60943
accept: */*

Response DefaultHttpResponse(decodeResult: success, version: HTTP/1.1)
HTTP/1.1 200 OK
Content-Type: application/json; charset=utf-8
cache-control: no-cache
content-length: 14

15:22:49.242 [AsyncHttpClient-1-11] DEBUG org.asynchttpclient.netty.channel.ChannelManager - Adding key: http://localhost:60943 for channel [id: 0xaf2c5172, L:/127.0.0.1:62349 - R:localhost/127.0.0.1:60943]
15:22:49.243 [Forwarding findElement on session 69f441ef45aed492379f91a624ed25c0 to remote] DEBUG org.asynchttpclient.netty.request.NettyRequestSender - Using pooled Channel '[id: 0xaf2c5172, L:/127.0.0.1:62349 - R:localhost/127.0.0.1:60943]' for 'POST' to 'http://localhost:60943/session/69f441ef45aed492379f91a624ed25c0/element'
15:22:49.243 [Forwarding findElement on session 69f441ef45aed492379f91a624ed25c0 to remote] DEBUG org.asynchttpclient.netty.request.NettyRequestSender - Using open Channel [id: 0xaf2c5172, L:/127.0.0.1:62349 - R:localhost/127.0.0.1:60943] for POST '/session/69f441ef45aed492379f91a624ed25c0/element'
15:22:49.251 [AsyncHttpClient-1-11] DEBUG org.asynchttpclient.netty.handler.HttpHandler - 

Request DefaultHttpRequest(decodeResult: success, version: HTTP/1.1)
POST /session/69f441ef45aed492379f91a624ed25c0/element HTTP/1.1
User-Agent: selenium/4.1.2 (java windows)
Content-Length: 85
Content-Type: application/json; charset=utf-8
host: localhost:60943
accept: */*

Response DefaultHttpResponse(decodeResult: success, version: HTTP/1.1)
HTTP/1.1 200 OK
Content-Type: application/json; charset=utf-8
cache-control: no-cache
content-length: 88

15:22:49.251 [AsyncHttpClient-1-11] DEBUG org.asynchttpclient.netty.channel.ChannelManager - Adding key: http://localhost:60943 for channel [id: 0xaf2c5172, L:/127.0.0.1:62349 - R:localhost/127.0.0.1:60943]
15:22:49.252 [Forwarding clickElement on session 69f441ef45aed492379f91a624ed25c0 to remote] DEBUG org.asynchttpclient.netty.request.NettyRequestSender - Using pooled Channel '[id: 0xaf2c5172, L:/127.0.0.1:62349 - R:localhost/127.0.0.1:60943]' for 'POST' to 'http://localhost:60943/session/69f441ef45aed492379f91a624ed25c0/element/57418cf3-9933-4c5e-8454-d50d6508bafe/click'
15:22:49.252 [Forwarding clickElement on session 69f441ef45aed492379f91a624ed25c0 to remote] DEBUG org.asynchttpclient.netty.request.NettyRequestSender - Using open Channel [id: 0xaf2c5172, L:/127.0.0.1:62349 - R:localhost/127.0.0.1:60943] for POST '/session/69f441ef45aed492379f91a624ed25c0/element/57418cf3-9933-4c5e-8454-d50d6508bafe/click'
15:22:49.376 [AsyncHttpClient-1-11] DEBUG org.asynchttpclient.netty.handler.HttpHandler - 

Request DefaultHttpRequest(decodeResult: success, version: HTTP/1.1)
POST /session/69f441ef45aed492379f91a624ed25c0/element/57418cf3-9933-4c5e-8454-d50d6508bafe/click HTTP/1.1
User-Agent: selenium/4.1.2 (java windows)
Content-Length: 50
Content-Type: application/json; charset=utf-8
host: localhost:60943
accept: */*

Response DefaultHttpResponse(decodeResult: success, version: HTTP/1.1)
HTTP/1.1 200 OK
Content-Type: application/json; charset=utf-8
cache-control: no-cache
content-length: 14

15:22:49.376 [AsyncHttpClient-1-11] DEBUG org.asynchttpclient.netty.channel.ChannelManager - Adding key: http://localhost:60943 for channel [id: 0xaf2c5172, L:/127.0.0.1:62349 - R:localhost/127.0.0.1:60943]
  &amp#27;[32mAnd &amp#27;[0m&amp#27;[32mI select all bookings&amp#27;[0m               &amp#27;[90m# starter.stepdefinitions.ManageVaccinationBookingsSteps.iSelectAllBookings()&amp#27;[0m
15:22:49.392 [Forwarding screenshot on session 69f441ef45aed492379f91a624ed25c0 to remote] DEBUG org.asynchttpclient.netty.request.NettyRequestSender - Using pooled Channel '[id: 0xaf2c5172, L:/127.0.0.1:62349 - R:localhost/127.0.0.1:60943]' for 'GET' to 'http://localhost:60943/session/69f441ef45aed492379f91a624ed25c0/screenshot'
15:22:49.392 [Forwarding screenshot on session 69f441ef45aed492379f91a624ed25c0 to remote] DEBUG org.asynchttpclient.netty.request.NettyRequestSender - Using open Channel [id: 0xaf2c5172, L:/127.0.0.1:62349 - R:localhost/127.0.0.1:60943] for GET '/session/69f441ef45aed492379f91a624ed25c0/screenshot'
15:22:49.534 [AsyncHttpClient-1-11] DEBUG org.asynchttpclient.netty.handler.HttpHandler - 

Request DefaultFullHttpRequest(decodeResult: success, version: HTTP/1.1, content: EmptyByteBufBE)
GET /session/69f441ef45aed492379f91a624ed25c0/screenshot HTTP/1.1
User-Agent: selenium/4.1.2 (java windows)
Cache-Control: no-cache
Content-Type: application/json; charset=utf-8
host: localhost:60943
accept: */*

Response DefaultHttpResponse(decodeResult: success, version: HTTP/1.1)
HTTP/1.1 200 OK
Content-Type: application/json; charset=utf-8
cache-control: no-cache
content-length: 187032

15:22:49.535 [AsyncHttpClient-1-11] DEBUG org.asynchttpclient.netty.channel.ChannelManager - Adding key: http://localhost:60943 for channel [id: 0xaf2c5172, L:/127.0.0.1:62349 - R:localhost/127.0.0.1:60943]
15:22:49.542 [main] DEBUG net.serenitybdd.core.photography.Darkroom - Send negative for processing for target\site\serenity\0a811a628fa490f168695c53a6a73142611f29ac8d0b99e608824af5b5a02494.png
15:22:49.543 [Darkroom Processing Line] DEBUG net.serenitybdd.core.photography.DarkroomProcessingLine - Processing screenshot image in /var/screenshots/screenshot-10388889834174852276
15:22:49.543 [Darkroom Processing Line] DEBUG net.serenitybdd.core.photography.DarkroomProcessingLine - Saving screenshot to target\site\serenity\0a811a628fa490f168695c53a6a73142611f29ac8d0b99e608824af5b5a02494.png
15:22:49.556 [Forwarding findElement on session 69f441ef45aed492379f91a624ed25c0 to remote] DEBUG org.asynchttpclient.netty.request.NettyRequestSender - Using pooled Channel '[id: 0xaf2c5172, L:/127.0.0.1:62349 - R:localhost/127.0.0.1:60943]' for 'POST' to 'http://localhost:60943/session/69f441ef45aed492379f91a624ed25c0/element'
15:22:49.556 [Forwarding findElement on session 69f441ef45aed492379f91a624ed25c0 to remote] DEBUG org.asynchttpclient.netty.request.NettyRequestSender - Using open Channel [id: 0xaf2c5172, L:/127.0.0.1:62349 - R:localhost/127.0.0.1:60943] for POST '/session/69f441ef45aed492379f91a624ed25c0/element'
15:22:49.569 [AsyncHttpClient-1-11] DEBUG org.asynchttpclient.netty.handler.HttpHandler - 

Request DefaultHttpRequest(decodeResult: success, version: HTTP/1.1)
POST /session/69f441ef45aed492379f91a624ed25c0/element HTTP/1.1
User-Agent: selenium/4.1.2 (java windows)
Content-Length: 313
Content-Type: application/json; charset=utf-8
host: localhost:60943
accept: */*

Response DefaultHttpResponse(decodeResult: success, version: HTTP/1.1)
HTTP/1.1 200 OK
Content-Type: application/json; charset=utf-8
cache-control: no-cache
content-length: 88

15:22:49.569 [AsyncHttpClient-1-11] DEBUG org.asynchttpclient.netty.channel.ChannelManager - Adding key: http://localhost:60943 for channel [id: 0xaf2c5172, L:/127.0.0.1:62349 - R:localhost/127.0.0.1:60943]
15:22:49.570 [Forwarding getElementTagName on session 69f441ef45aed492379f91a624ed25c0 to remote] DEBUG org.asynchttpclient.netty.request.NettyRequestSender - Using pooled Channel '[id: 0xaf2c5172, L:/127.0.0.1:62349 - R:localhost/127.0.0.1:60943]' for 'GET' to 'http://localhost:60943/session/69f441ef45aed492379f91a624ed25c0/element/e7bf3f74-1b15-4d39-a30a-c3d822fe1bf7/name'
15:22:49.570 [Forwarding getElementTagName on session 69f441ef45aed492379f91a624ed25c0 to remote] DEBUG org.asynchttpclient.netty.request.NettyRequestSender - Using open Channel [id: 0xaf2c5172, L:/127.0.0.1:62349 - R:localhost/127.0.0.1:60943] for GET '/session/69f441ef45aed492379f91a624ed25c0/element/e7bf3f74-1b15-4d39-a30a-c3d822fe1bf7/name'
15:22:49.574 [AsyncHttpClient-1-11] DEBUG org.asynchttpclient.netty.handler.HttpHandler - 

Request DefaultFullHttpRequest(decodeResult: success, version: HTTP/1.1, content: EmptyByteBufBE)
GET /session/69f441ef45aed492379f91a624ed25c0/element/e7bf3f74-1b15-4d39-a30a-c3d822fe1bf7/name HTTP/1.1
User-Agent: selenium/4.1.2 (java windows)
Cache-Control: no-cache
Content-Type: application/json; charset=utf-8
host: localhost:60943
accept: */*

Response DefaultHttpResponse(decodeResult: success, version: HTTP/1.1)
HTTP/1.1 200 OK
Content-Type: application/json; charset=utf-8
cache-control: no-cache
content-length: 18

15:22:49.576 [AsyncHttpClient-1-11] DEBUG org.asynchttpclient.netty.channel.ChannelManager - Adding key: http://localhost:60943 for channel [id: 0xaf2c5172, L:/127.0.0.1:62349 - R:localhost/127.0.0.1:60943]
15:22:49.577 [Forwarding getElementTagName on session 69f441ef45aed492379f91a624ed25c0 to remote] DEBUG org.asynchttpclient.netty.request.NettyRequestSender - Using pooled Channel '[id: 0xaf2c5172, L:/127.0.0.1:62349 - R:localhost/127.0.0.1:60943]' for 'GET' to 'http://localhost:60943/session/69f441ef45aed492379f91a624ed25c0/element/e7bf3f74-1b15-4d39-a30a-c3d822fe1bf7/name'
15:22:49.577 [Forwarding getElementTagName on session 69f441ef45aed492379f91a624ed25c0 to remote] DEBUG org.asynchttpclient.netty.request.NettyRequestSender - Using open Channel [id: 0xaf2c5172, L:/127.0.0.1:62349 - R:localhost/127.0.0.1:60943] for GET '/session/69f441ef45aed492379f91a624ed25c0/element/e7bf3f74-1b15-4d39-a30a-c3d822fe1bf7/name'
15:22:49.579 [AsyncHttpClient-1-11] DEBUG org.asynchttpclient.netty.handler.HttpHandler - 

Request DefaultFullHttpRequest(decodeResult: success, version: HTTP/1.1, content: EmptyByteBufBE)
GET /session/69f441ef45aed492379f91a624ed25c0/element/e7bf3f74-1b15-4d39-a30a-c3d822fe1bf7/name HTTP/1.1
User-Agent: selenium/4.1.2 (java windows)
Cache-Control: no-cache
Content-Type: application/json; charset=utf-8
host: localhost:60943
accept: */*

Response DefaultHttpResponse(decodeResult: success, version: HTTP/1.1)
HTTP/1.1 200 OK
Content-Type: application/json; charset=utf-8
cache-control: no-cache
content-length: 18

15:22:49.580 [AsyncHttpClient-1-11] DEBUG org.asynchttpclient.netty.channel.ChannelManager - Adding key: http://localhost:60943 for channel [id: 0xaf2c5172, L:/127.0.0.1:62349 - R:localhost/127.0.0.1:60943]
15:22:49.585 [Forwarding isElementEnabled on session 69f441ef45aed492379f91a624ed25c0 to remote] DEBUG org.asynchttpclient.netty.request.NettyRequestSender - Using pooled Channel '[id: 0xaf2c5172, L:/127.0.0.1:62349 - R:localhost/127.0.0.1:60943]' for 'GET' to 'http://localhost:60943/session/69f441ef45aed492379f91a624ed25c0/element/e7bf3f74-1b15-4d39-a30a-c3d822fe1bf7/enabled'
15:22:49.586 [Forwarding isElementEnabled on session 69f441ef45aed492379f91a624ed25c0 to remote] DEBUG org.asynchttpclient.netty.request.NettyRequestSender - Using open Channel [id: 0xaf2c5172, L:/127.0.0.1:62349 - R:localhost/127.0.0.1:60943] for GET '/session/69f441ef45aed492379f91a624ed25c0/element/e7bf3f74-1b15-4d39-a30a-c3d822fe1bf7/enabled'
15:22:49.595 [AsyncHttpClient-1-11] DEBUG org.asynchttpclient.netty.handler.HttpHandler - 

Request DefaultFullHttpRequest(decodeResult: success, version: HTTP/1.1, content: EmptyByteBufBE)
GET /session/69f441ef45aed492379f91a624ed25c0/element/e7bf3f74-1b15-4d39-a30a-c3d822fe1bf7/enabled HTTP/1.1
User-Agent: selenium/4.1.2 (java windows)
Cache-Control: no-cache
Content-Type: application/json; charset=utf-8
host: localhost:60943
accept: */*

Response DefaultHttpResponse(decodeResult: success, version: HTTP/1.1)
HTTP/1.1 200 OK
Content-Type: application/json; charset=utf-8
cache-control: no-cache
content-length: 14

15:22:49.597 [AsyncHttpClient-1-11] DEBUG org.asynchttpclient.netty.channel.ChannelManager - Adding key: http://localhost:60943 for channel [id: 0xaf2c5172, L:/127.0.0.1:62349 - R:localhost/127.0.0.1:60943]
15:22:49.599 [Forwarding isElementEnabled on session 69f441ef45aed492379f91a624ed25c0 to remote] DEBUG org.asynchttpclient.netty.request.NettyRequestSender - Using pooled Channel '[id: 0xaf2c5172, L:/127.0.0.1:62349 - R:localhost/127.0.0.1:60943]' for 'GET' to 'http://localhost:60943/session/69f441ef45aed492379f91a624ed25c0/element/e7bf3f74-1b15-4d39-a30a-c3d822fe1bf7/enabled'
15:22:49.599 [Forwarding isElementEnabled on session 69f441ef45aed492379f91a624ed25c0 to remote] DEBUG org.asynchttpclient.netty.request.NettyRequestSender - Using open Channel [id: 0xaf2c5172, L:/127.0.0.1:62349 - R:localhost/127.0.0.1:60943] for GET '/session/69f441ef45aed492379f91a624ed25c0/element/e7bf3f74-1b15-4d39-a30a-c3d822fe1bf7/enabled'
15:22:49.605 [AsyncHttpClient-1-11] DEBUG org.asynchttpclient.netty.handler.HttpHandler - 

Request DefaultFullHttpRequest(decodeResult: success, version: HTTP/1.1, content: EmptyByteBufBE)
GET /session/69f441ef45aed492379f91a624ed25c0/element/e7bf3f74-1b15-4d39-a30a-c3d822fe1bf7/enabled HTTP/1.1
User-Agent: selenium/4.1.2 (java windows)
Cache-Control: no-cache
Content-Type: application/json; charset=utf-8
host: localhost:60943
accept: */*

Response DefaultHttpResponse(decodeResult: success, version: HTTP/1.1)
HTTP/1.1 200 OK
Content-Type: application/json; charset=utf-8
cache-control: no-cache
content-length: 14

15:22:49.605 [AsyncHttpClient-1-11] DEBUG org.asynchttpclient.netty.channel.ChannelManager - Adding key: http://localhost:60943 for channel [id: 0xaf2c5172, L:/127.0.0.1:62349 - R:localhost/127.0.0.1:60943]
15:22:49.607 [Forwarding findElement on session 69f441ef45aed492379f91a624ed25c0 to remote] DEBUG org.asynchttpclient.netty.request.NettyRequestSender - Using pooled Channel '[id: 0xaf2c5172, L:/127.0.0.1:62349 - R:localhost/127.0.0.1:60943]' for 'POST' to 'http://localhost:60943/session/69f441ef45aed492379f91a624ed25c0/element'
15:22:49.607 [Forwarding findElement on session 69f441ef45aed492379f91a624ed25c0 to remote] DEBUG org.asynchttpclient.netty.request.NettyRequestSender - Using open Channel [id: 0xaf2c5172, L:/127.0.0.1:62349 - R:localhost/127.0.0.1:60943] for POST '/session/69f441ef45aed492379f91a624ed25c0/element'
15:22:49.613 [AsyncHttpClient-1-11] DEBUG org.asynchttpclient.netty.handler.HttpHandler - 

Request DefaultHttpRequest(decodeResult: success, version: HTTP/1.1)
POST /session/69f441ef45aed492379f91a624ed25c0/element HTTP/1.1
User-Agent: selenium/4.1.2 (java windows)
Content-Length: 313
Content-Type: application/json; charset=utf-8
host: localhost:60943
accept: */*

Response DefaultHttpResponse(decodeResult: success, version: HTTP/1.1)
HTTP/1.1 200 OK
Content-Type: application/json; charset=utf-8
cache-control: no-cache
content-length: 88

15:22:49.613 [AsyncHttpClient-1-11] DEBUG org.asynchttpclient.netty.channel.ChannelManager - Adding key: http://localhost:60943 for channel [id: 0xaf2c5172, L:/127.0.0.1:62349 - R:localhost/127.0.0.1:60943]
15:22:49.614 [Forwarding clickElement on session 69f441ef45aed492379f91a624ed25c0 to remote] DEBUG org.asynchttpclient.netty.request.NettyRequestSender - Using pooled Channel '[id: 0xaf2c5172, L:/127.0.0.1:62349 - R:localhost/127.0.0.1:60943]' for 'POST' to 'http://localhost:60943/session/69f441ef45aed492379f91a624ed25c0/element/e7bf3f74-1b15-4d39-a30a-c3d822fe1bf7/click'
15:22:49.614 [Forwarding clickElement on session 69f441ef45aed492379f91a624ed25c0 to remote] DEBUG org.asynchttpclient.netty.request.NettyRequestSender - Using open Channel [id: 0xaf2c5172, L:/127.0.0.1:62349 - R:localhost/127.0.0.1:60943] for POST '/session/69f441ef45aed492379f91a624ed25c0/element/e7bf3f74-1b15-4d39-a30a-c3d822fe1bf7/click'
15:22:49.628 [AsyncHttpClient-1-1] DEBUG org.asynchttpclient.netty.channel.DefaultChannelPool - Entry count for : http://localhost:62350 : 1
15:22:49.701 [AsyncHttpClient-1-11] DEBUG org.asynchttpclient.netty.handler.HttpHandler - 

Request DefaultHttpRequest(decodeResult: success, version: HTTP/1.1)
POST /session/69f441ef45aed492379f91a624ed25c0/element/e7bf3f74-1b15-4d39-a30a-c3d822fe1bf7/click HTTP/1.1
User-Agent: selenium/4.1.2 (java windows)
Content-Length: 50
Content-Type: application/json; charset=utf-8
host: localhost:60943
accept: */*

Response DefaultHttpResponse(decodeResult: success, version: HTTP/1.1)
HTTP/1.1 200 OK
Content-Type: application/json; charset=utf-8
cache-control: no-cache
content-length: 14

15:22:49.703 [AsyncHttpClient-1-11] DEBUG org.asynchttpclient.netty.channel.ChannelManager - Adding key: http://localhost:60943 for channel [id: 0xaf2c5172, L:/127.0.0.1:62349 - R:localhost/127.0.0.1:60943]
  &amp#27;[32mAnd &amp#27;[0m&amp#27;[32mI click Tolak Semua button&amp#27;[0m          &amp#27;[90m# starter.stepdefinitions.ManageVaccinationBookingsSteps.iClickTolakSemuaButton()&amp#27;[0m
15:22:49.715 [Forwarding screenshot on session 69f441ef45aed492379f91a624ed25c0 to remote] DEBUG org.asynchttpclient.netty.request.NettyRequestSender - Using pooled Channel '[id: 0xaf2c5172, L:/127.0.0.1:62349 - R:localhost/127.0.0.1:60943]' for 'GET' to 'http://localhost:60943/session/69f441ef45aed492379f91a624ed25c0/screenshot'
15:22:49.716 [Forwarding screenshot on session 69f441ef45aed492379f91a624ed25c0 to remote] DEBUG org.asynchttpclient.netty.request.NettyRequestSender - Using open Channel [id: 0xaf2c5172, L:/127.0.0.1:62349 - R:localhost/127.0.0.1:60943] for GET '/session/69f441ef45aed492379f91a624ed25c0/screenshot'
15:22:49.932 [AsyncHttpClient-1-11] DEBUG org.asynchttpclient.netty.handler.HttpHandler - 

Request DefaultFullHttpRequest(decodeResult: success, version: HTTP/1.1, content: EmptyByteBufBE)
GET /session/69f441ef45aed492379f91a624ed25c0/screenshot HTTP/1.1
User-Agent: selenium/4.1.2 (java windows)
Cache-Control: no-cache
Content-Type: application/json; charset=utf-8
host: localhost:60943
accept: */*

Response DefaultHttpResponse(decodeResult: success, version: HTTP/1.1)
HTTP/1.1 200 OK
Content-Type: application/json; charset=utf-8
cache-control: no-cache
content-length: 169140

15:22:49.933 [AsyncHttpClient-1-11] DEBUG org.asynchttpclient.netty.channel.ChannelManager - Adding key: http://localhost:60943 for channel [id: 0xaf2c5172, L:/127.0.0.1:62349 - R:localhost/127.0.0.1:60943]
15:22:49.946 [main] DEBUG net.serenitybdd.core.photography.Darkroom - Send negative for processing for target\site\serenity\e0e7efb60b454259cce07815c208e7d9fcbf5d0b78cd43f86e8d7a4f23c2824f.png
15:22:49.947 [Darkroom Processing Line] DEBUG net.serenitybdd.core.photography.DarkroomProcessingLine - Processing screenshot image in /var/screenshots/screenshot-17696147873443262264
15:22:49.947 [Darkroom Processing Line] DEBUG net.serenitybdd.core.photography.DarkroomProcessingLine - Saving screenshot to target\site\serenity\e0e7efb60b454259cce07815c208e7d9fcbf5d0b78cd43f86e8d7a4f23c2824f.png
15:22:49.961 [Forwarding findElement on session 69f441ef45aed492379f91a624ed25c0 to remote] DEBUG org.asynchttpclient.netty.request.NettyRequestSender - Using pooled Channel '[id: 0xaf2c5172, L:/127.0.0.1:62349 - R:localhost/127.0.0.1:60943]' for 'POST' to 'http://localhost:60943/session/69f441ef45aed492379f91a624ed25c0/element'
15:22:49.961 [Forwarding findElement on session 69f441ef45aed492379f91a624ed25c0 to remote] DEBUG org.asynchttpclient.netty.request.NettyRequestSender - Using open Channel [id: 0xaf2c5172, L:/127.0.0.1:62349 - R:localhost/127.0.0.1:60943] for POST '/session/69f441ef45aed492379f91a624ed25c0/element'
15:22:50.017 [AsyncHttpClient-1-11] DEBUG org.asynchttpclient.netty.handler.HttpHandler - 

Request DefaultHttpRequest(decodeResult: success, version: HTTP/1.1)
POST /session/69f441ef45aed492379f91a624ed25c0/element HTTP/1.1
User-Agent: selenium/4.1.2 (java windows)
Content-Length: 169
Content-Type: application/json; charset=utf-8
host: localhost:60943
accept: */*

Response DefaultHttpResponse(decodeResult: success, version: HTTP/1.1)
HTTP/1.1 200 OK
Content-Type: application/json; charset=utf-8
cache-control: no-cache
content-length: 88

15:22:50.018 [AsyncHttpClient-1-11] DEBUG org.asynchttpclient.netty.channel.ChannelManager - Adding key: http://localhost:60943 for channel [id: 0xaf2c5172, L:/127.0.0.1:62349 - R:localhost/127.0.0.1:60943]
15:22:50.023 [Forwarding isElementDisplayed on session 69f441ef45aed492379f91a624ed25c0 to remote] DEBUG org.asynchttpclient.netty.request.NettyRequestSender - Using pooled Channel '[id: 0xaf2c5172, L:/127.0.0.1:62349 - R:localhost/127.0.0.1:60943]' for 'POST' to 'http://localhost:60943/session/69f441ef45aed492379f91a624ed25c0/execute/sync'
15:22:50.024 [Forwarding isElementDisplayed on session 69f441ef45aed492379f91a624ed25c0 to remote] DEBUG org.asynchttpclient.netty.request.NettyRequestSender - Using open Channel [id: 0xaf2c5172, L:/127.0.0.1:62349 - R:localhost/127.0.0.1:60943] for POST '/session/69f441ef45aed492379f91a624ed25c0/execute/sync'
15:22:50.039 [AsyncHttpClient-1-11] DEBUG org.asynchttpclient.netty.handler.HttpHandler - 

Request DefaultHttpRequest(decodeResult: success, version: HTTP/1.1)
POST /session/69f441ef45aed492379f91a624ed25c0/execute/sync HTTP/1.1
User-Agent: selenium/4.1.2 (java windows)
Content-Length: 48780
Content-Type: application/json; charset=utf-8
host: localhost:60943
accept: */*

Response DefaultHttpResponse(decodeResult: success, version: HTTP/1.1)
HTTP/1.1 200 OK
Content-Type: application/json; charset=utf-8
cache-control: no-cache
content-length: 14

15:22:50.040 [AsyncHttpClient-1-11] DEBUG org.asynchttpclient.netty.channel.ChannelManager - Adding key: http://localhost:60943 for channel [id: 0xaf2c5172, L:/127.0.0.1:62349 - R:localhost/127.0.0.1:60943]
  &amp#27;[32mThen &amp#27;[0m&amp#27;[32mthe booking will be rejected&amp#27;[0m       &amp#27;[90m# starter.stepdefinitions.ManageVaccinationBookingsSteps.theBookingWillBeRejected()&amp#27;[0m
15:22:50.044 [Forwarding screenshot on session 69f441ef45aed492379f91a624ed25c0 to remote] DEBUG org.asynchttpclient.netty.request.NettyRequestSender - Using pooled Channel '[id: 0xaf2c5172, L:/127.0.0.1:62349 - R:localhost/127.0.0.1:60943]' for 'GET' to 'http://localhost:60943/session/69f441ef45aed492379f91a624ed25c0/screenshot'
15:22:50.044 [Forwarding screenshot on session 69f441ef45aed492379f91a624ed25c0 to remote] DEBUG org.asynchttpclient.netty.request.NettyRequestSender - Using open Channel [id: 0xaf2c5172, L:/127.0.0.1:62349 - R:localhost/127.0.0.1:60943] for GET '/session/69f441ef45aed492379f91a624ed25c0/screenshot'
15:22:50.173 [AsyncHttpClient-1-11] DEBUG org.asynchttpclient.netty.handler.HttpHandler - 

Request DefaultFullHttpRequest(decodeResult: success, version: HTTP/1.1, content: EmptyByteBufBE)
GET /session/69f441ef45aed492379f91a624ed25c0/screenshot HTTP/1.1
User-Agent: selenium/4.1.2 (java windows)
Cache-Control: no-cache
Content-Type: application/json; charset=utf-8
host: localhost:60943
accept: */*

Response DefaultHttpResponse(decodeResult: success, version: HTTP/1.1)
HTTP/1.1 200 OK
Content-Type: application/json; charset=utf-8
cache-control: no-cache
content-length: 188360

15:22:50.173 [AsyncHttpClient-1-11] DEBUG org.asynchttpclient.netty.channel.ChannelManager - Adding key: http://localhost:60943 for channel [id: 0xaf2c5172, L:/127.0.0.1:62349 - R:localhost/127.0.0.1:60943]
15:22:50.177 [main] DEBUG net.serenitybdd.core.photography.Darkroom - Send negative for processing for target\site\serenity\56871eae6aac5585363ce1a4d246ff0cfd0b3fe2f9f389771b0ecb3b56b924b9.png
15:22:50.177 [Darkroom Processing Line] DEBUG net.serenitybdd.core.photography.DarkroomProcessingLine - Processing screenshot image in /var/screenshots/screenshot-16604022849985721106
15:22:50.177 [Darkroom Processing Line] DEBUG net.serenitybdd.core.photography.DarkroomProcessingLine - Saving screenshot to target\site\serenity\56871eae6aac5585363ce1a4d246ff0cfd0b3fe2f9f389771b0ecb3b56b924b9.png
15:22:50.181 [main] INFO  - 
  _____   ___   ___   _____     ___     _     ___   ___   ___   ___  
 |_   _| | __| / __| |_   _|   | _ \   /_\   / __| / __| | __| |   \ 
   | |   | _|  \__ \   | |     |  _/  / _ \  \__ \ \__ \ | _|  | |) |
   |_|   |___| |___/   |_|     |_|   /_/ \_\ |___/ |___/ |___| |___/ 

Reject all vaccination bookings
----------------------------------------------------------------------
15:22:50.183 [AsyncHttpClient-1-13] DEBUG org.asynchttpclient.netty.handler.WebSocketHandler - Channel Closed: [id: 0x861eefd8, L:/127.0.0.1:62358 ! R:localhost/127.0.0.1:62350] with attribute NettyResponseFuture{currentRetry=5,
	isDone=1,
	isCancelled=0,
	asyncHandler=org.asynchttpclient.ws.WebSocketUpgradeHandler@20d05ea8,
	nettyRequest=org.asynchttpclient.netty.request.NettyRequest@65d2c4d6,
	future=java.util.concurrent.CompletableFuture@e3fab41[Completed normally],
	uri=ws://localhost:62350/devtools/browser/73105a7e-7835-416f-a2bc-4174673fa017,
	keepAlive=true,
	redirectCount=0,
	timeoutsHolder=null,
	inAuth=0,
	touch=1671610964855}
15:22:50.183 [Driver Command Executor] DEBUG org.asynchttpclient.netty.request.NettyRequestSender - Using pooled Channel '[id: 0xaf2c5172, L:/127.0.0.1:62349 - R:localhost/127.0.0.1:60943]' for 'DELETE' to 'http://localhost:60943/session/69f441ef45aed492379f91a624ed25c0'
15:22:50.183 [AsyncHttpClient-1-13] DEBUG org.asynchttpclient.netty.channel.ChannelManager - Closing Channel [id: 0x861eefd8, L:/127.0.0.1:62358 ! R:localhost/127.0.0.1:62350] 
15:22:50.183 [Driver Command Executor] DEBUG org.asynchttpclient.netty.request.NettyRequestSender - Using open Channel [id: 0xaf2c5172, L:/127.0.0.1:62349 - R:localhost/127.0.0.1:60943] for DELETE '/session/69f441ef45aed492379f91a624ed25c0'
15:22:50.207 [AsyncHttpClient-1-12] DEBUG org.asynchttpclient.netty.handler.HttpHandler - Unexpected I/O exception on channel [id: 0xe73d2649, L:/127.0.0.1:62357 - R:localhost/127.0.0.1:62350]
java.io.IOException: An existing connection was forcibly closed by the remote host
	at java.base/sun.nio.ch.SocketDispatcher.read0(Native Method)
	at java.base/sun.nio.ch.SocketDispatcher.read(SocketDispatcher.java:43)
	at java.base/sun.nio.ch.IOUtil.readIntoNativeBuffer(IOUtil.java:276)
	at java.base/sun.nio.ch.IOUtil.read(IOUtil.java:233)
	at java.base/sun.nio.ch.IOUtil.read(IOUtil.java:223)
	at java.base/sun.nio.ch.SocketChannelImpl.read(SocketChannelImpl.java:358)
	at io.netty.buffer.PooledByteBuf.setBytes(PooledByteBuf.java:258)
	at io.netty.buffer.AbstractByteBuf.writeBytes(AbstractByteBuf.java:1132)
	at io.netty.channel.socket.nio.NioSocketChannel.doReadBytes(NioSocketChannel.java:350)
	at io.netty.channel.nio.AbstractNioByteChannel$NioByteUnsafe.read(AbstractNioByteChannel.java:151)
	at io.netty.channel.nio.NioEventLoop.processSelectedKey(NioEventLoop.java:722)
	at io.netty.channel.nio.NioEventLoop.processSelectedKeysOptimized(NioEventLoop.java:658)
	at io.netty.channel.nio.NioEventLoop.processSelectedKeys(NioEventLoop.java:584)
	at io.netty.channel.nio.NioEventLoop.run(NioEventLoop.java:496)
	at io.netty.util.concurrent.SingleThreadEventExecutor$4.run(SingleThreadEventExecutor.java:986)
	at io.netty.util.internal.ThreadExecutorMap$2.run(ThreadExecutorMap.java:74)
	at io.netty.util.concurrent.FastThreadLocalRunnable.run(FastThreadLocalRunnable.java:30)
	at java.base/java.lang.Thread.run(Thread.java:834)
15:22:50.208 [AsyncHttpClient-1-12] DEBUG org.asynchttpclient.netty.channel.ChannelManager - Closing Channel [id: 0xe73d2649, L:/127.0.0.1:62357 - R:localhost/127.0.0.1:62350] 
15:22:50.208 [AsyncHttpClient-1-12] DEBUG org.asynchttpclient.netty.handler.HttpHandler - Channel Closed: [id: 0xe73d2649, L:/127.0.0.1:62357 ! R:localhost/127.0.0.1:62350] with attribute DISCARD
15:22:50.237 [AsyncHttpClient-1-11] DEBUG org.asynchttpclient.netty.handler.HttpHandler - 

Request DefaultFullHttpRequest(decodeResult: success, version: HTTP/1.1, content: EmptyByteBufBE)
DELETE /session/69f441ef45aed492379f91a624ed25c0 HTTP/1.1
User-Agent: selenium/4.1.2 (java windows)
Content-Type: application/json; charset=utf-8
host: localhost:60943
accept: */*

Response DefaultHttpResponse(decodeResult: success, version: HTTP/1.1)
HTTP/1.1 200 OK
Content-Type: application/json; charset=utf-8
cache-control: no-cache
content-length: 14

15:22:50.238 [AsyncHttpClient-1-11] DEBUG org.asynchttpclient.netty.channel.ChannelManager - Adding key: http://localhost:60943 for channel [id: 0xaf2c5172, L:/127.0.0.1:62349 - R:localhost/127.0.0.1:60943]
15:22:50.302 [AsyncHttpClient-1-11] DEBUG org.asynchttpclient.netty.handler.HttpHandler - Channel Closed: [id: 0xaf2c5172, L:/127.0.0.1:62349 ! R:localhost/127.0.0.1:60943] with attribute DISCARD
]]></system-out>
    <system-err><![CDATA[Starting ChromeDriver 108.0.5359.71 (1e0e3868ee06e91ad636a874420e3ca3ae3756ac-refs/branch-heads/5359@{#1016}) on port 60943
Only local connections are allowed.
Please see https://chromedriver.chromium.org/security-considerations for suggestions on keeping ChromeDriver safe.
ChromeDriver was started successfully.
Dec 21, 2022 3:22:44 PM org.openqa.selenium.remote.ProtocolHandshake createSession
INFO: Detected dialect: W3C
Dec 21, 2022 3:22:44 PM org.openqa.selenium.devtools.CdpVersionFinder findNearestMatch
WARNING: Unable to find an exact match for CDP version 108, so returning the closest version found: a no-op implementation
Dec 21, 2022 3:22:44 PM org.openqa.selenium.devtools.CdpVersionFinder findNearestMatch
INFO: Unable to find CDP implementation matching 108.
Dec 21, 2022 3:22:44 PM org.openqa.selenium.chromium.ChromiumDriver lambda$new$3
WARNING: Unable to find version of CDP to use for . You may need to include a dependency on a specific version of the CDP using something similar to `org.seleniumhq.selenium:selenium-devtools-v86:4.1.2` where the version ("v86") matches the version of the chromium-based browser you're using and the version number of the artifact is the same as Selenium's.
]]></system-err>
  </testcase>
  <testcase name="(Vaccine names)" classname="Vaccine names" time="4.74">
    <system-out><![CDATA[15:22:50.390 [main] INFO io.cucumber.core.plugin.SerenityReporter - Running feature from file:///C:/Users/ASUSTUF/OneDrive/Documents/Capstone%20Project/Web%20Automation/src/test/resources/features/VaccineNames.feature
15:22:50.421 [main] DEBUG net.thucydides.core.steps.StepEventBus - Test suite started for story net.thucydides.core.model.Story@942a1b8b
15:22:50.423 [main] INFO  - Test Suite Started: Vaccine names

Scenario:                              &amp#27;[90m# src/test/resources/features/VaccineNames.feature:6&amp#27;[0m
15:22:50.445 [main] INFO io.cucumber.core.plugin.SerenityReporter - Running feature from file:///C:/Users/ASUSTUF/OneDrive/Documents/Capstone%20Project/Web%20Automation/src/test/resources/features/VaccineNames.feature
15:22:50.453 [main] INFO  - 
  _____   ___   ___   _____     ___   _____     _     ___   _____   ___   ___  
 |_   _| | __| / __| |_   _|   / __| |_   _|   /_\   | _ \ |_   _| | __| |   \ 
   | |   | _|  \__ \   | |     \__ \   | |    / _ \  |   /   | |   | _|  | |) |
   |_|   |___| |___/   |_|     |___/   |_|   /_/ \_\ |_|_\   |_|   |___| |___/ 

(vaccine-names;)
--------------------------------------------------------------------------------
15:22:50.498 [main] INFO net.serenitybdd.core.webdriver.driverproviders.ChromeDriverProvider - Using automatically driver download
15:22:50.593 [main] DEBUG io.github.bonigarcia.wdm.cache.ResolutionCache - Resolution chrome=108 in cache (valid until 16:22:11 21/12/2022 ICT)
15:22:50.595 [main] DEBUG io.github.bonigarcia.wdm.cache.ResolutionCache - Resolution chrome108=108.0.5359.71 in cache (valid until 13:40:45 22/12/2022 ICT)
15:22:50.596 [main] INFO io.github.bonigarcia.wdm.WebDriverManager - Using chromedriver 108.0.5359.71 (resolved driver for Chrome 108)
15:22:50.605 [main] DEBUG io.github.bonigarcia.wdm.WebDriverManager - Driver chromedriver 108.0.5359.71 found in cache
15:22:50.606 [main] INFO io.github.bonigarcia.wdm.WebDriverManager - Exporting webdriver.chrome.driver as C:\Users\ASUSTUF\.cache\selenium\chromedriver\win32\108.0.5359.71\chromedriver.exe
15:22:50.694 [main] DEBUG net.serenitybdd.core.webdriver.driverproviders.ProvideNewDriver - Instantiating driver
15:22:50.694 [main] DEBUG net.serenitybdd.core.webdriver.driverproviders.ProvideNewDriver - Driver capabilities: Capabilities {acceptInsecureCerts: false, base.url: https://vaksin-id.netlify.app/, browserName: chrome, chrome.driver: src/test/resources/webdrive..., driver: chrome, goog:chromeOptions: {args: [], extensions: []}}
15:22:50.727 [AsyncHttpClient-1-1] DEBUG org.asynchttpclient.netty.channel.DefaultChannelPool - Entry count for : http://localhost:62350 : 1
15:22:50.727 [AsyncHttpClient-1-1] DEBUG org.asynchttpclient.netty.channel.DefaultChannelPool - Entry count for : http://localhost:60943 : 1
15:22:50.727 [AsyncHttpClient-1-1] DEBUG org.asynchttpclient.netty.channel.DefaultChannelPool - Adding Candidate expired Channel [id: 0xe73d2649, L:/127.0.0.1:62357 ! R:localhost/127.0.0.1:62350] isIdleTimeoutExpired=false isRemotelyClosed=true isTtlExpired=false
15:22:50.727 [AsyncHttpClient-1-1] DEBUG org.asynchttpclient.netty.channel.DefaultChannelPool - Closing Idle Channel [id: 0xe73d2649, L:/127.0.0.1:62357 ! R:localhost/127.0.0.1:62350]
15:22:50.727 [AsyncHttpClient-1-1] DEBUG org.asynchttpclient.netty.channel.DefaultChannelPool - Adding Candidate expired Channel [id: 0xaf2c5172, L:/127.0.0.1:62349 ! R:localhost/127.0.0.1:60943] isIdleTimeoutExpired=false isRemotelyClosed=true isTtlExpired=false
15:22:50.727 [AsyncHttpClient-1-1] DEBUG org.asynchttpclient.netty.channel.DefaultChannelPool - Closing Idle Channel [id: 0xaf2c5172, L:/127.0.0.1:62349 ! R:localhost/127.0.0.1:60943]
15:22:50.727 [AsyncHttpClient-1-1] DEBUG org.asynchttpclient.netty.channel.DefaultChannelPool - Closed 2 connections out of 2 in 0 ms
15:22:51.071 [AsyncHttpClient-1-14] DEBUG org.asynchttpclient.netty.channel.NettyConnectListener - Using new Channel '[id: 0x6d061a5c, L:/127.0.0.1:62381 - R:localhost/127.0.0.1:57682]' for 'POST' to '/session'
15:22:51.610 [AsyncHttpClient-1-14] DEBUG org.asynchttpclient.netty.handler.HttpHandler - 

Request DefaultHttpRequest(decodeResult: success, version: HTTP/1.1)
POST /session HTTP/1.1
User-Agent: selenium/4.1.2 (java windows)
Content-Length: 616
Content-Type: application/json; charset=utf-8
host: localhost:57682
accept: */*

Response DefaultHttpResponse(decodeResult: success, version: HTTP/1.1)
HTTP/1.1 200 OK
Content-Type: application/json; charset=utf-8
cache-control: no-cache
content-length: 794

15:22:51.611 [AsyncHttpClient-1-14] DEBUG org.asynchttpclient.netty.channel.ChannelManager - Adding key: http://localhost:57682 for channel [id: 0x6d061a5c, L:/127.0.0.1:62381 - R:localhost/127.0.0.1:57682]
15:22:51.627 [AsyncHttpClient-1-15] DEBUG org.asynchttpclient.netty.channel.NettyConnectListener - Using new Channel '[id: 0xad245ab7, L:/127.0.0.1:62388 - R:localhost/127.0.0.1:62382]' for 'GET' to '/json/version'
15:22:51.644 [AsyncHttpClient-1-15] DEBUG org.asynchttpclient.netty.handler.HttpHandler - 

Request DefaultFullHttpRequest(decodeResult: success, version: HTTP/1.1, content: EmptyByteBufBE)
GET /json/version HTTP/1.1
User-Agent: selenium/4.1.2 (java windows)
host: localhost:62382
accept: */*

Response DefaultHttpResponse(decodeResult: success, version: HTTP/1.1)
HTTP/1.1 200 OK
Content-Type: application/json; charset=UTF-8
content-length: 424

15:22:51.645 [AsyncHttpClient-1-15] DEBUG org.asynchttpclient.netty.channel.ChannelManager - Adding key: http://localhost:62382 for channel [id: 0xad245ab7, L:/127.0.0.1:62388 - R:localhost/127.0.0.1:62382]
15:22:51.658 [AsyncHttpClient-1-16] DEBUG org.asynchttpclient.netty.channel.NettyConnectListener - Using new Channel '[id: 0x3883d127, L:/127.0.0.1:62389 - R:localhost/127.0.0.1:62382]' for 'GET' to '/devtools/browser/1ce62525-2e9d-4095-981b-f2f25155b0aa'
15:22:51.670 [AsyncHttpClient-1-16] DEBUG org.asynchttpclient.netty.handler.WebSocketHandler - 

Request DefaultFullHttpRequest(decodeResult: success, version: HTTP/1.1, content: EmptyByteBufBE)
GET /devtools/browser/1ce62525-2e9d-4095-981b-f2f25155b0aa HTTP/1.1
upgrade: websocket
connection: upgrade
sec-websocket-key: NYN9SlZDTSgZyuRv/++1fQ==
sec-websocket-version: 13
origin: http://localhost:62382
host: localhost:62382
accept: */*
user-agent: AHC/2.1

Response DefaultHttpResponse(decodeResult: success, version: HTTP/1.1)
HTTP/1.1 101 WebSocket Protocol Handshake
Upgrade: WebSocket
Connection: Upgrade
Sec-WebSocket-Accept: 0ERvdutVSgQrWxS7pM2d3Pjdgxw=

15:22:51.681 [Forwarding get on session f7386e42d1cf92cfbe0bf565977922c0 to remote] DEBUG org.asynchttpclient.netty.request.NettyRequestSender - Using pooled Channel '[id: 0x6d061a5c, L:/127.0.0.1:62381 - R:localhost/127.0.0.1:57682]' for 'POST' to 'http://localhost:57682/session/f7386e42d1cf92cfbe0bf565977922c0/url'
15:22:51.681 [Forwarding get on session f7386e42d1cf92cfbe0bf565977922c0 to remote] DEBUG org.asynchttpclient.netty.request.NettyRequestSender - Using open Channel [id: 0x6d061a5c, L:/127.0.0.1:62381 - R:localhost/127.0.0.1:57682] for POST '/session/f7386e42d1cf92cfbe0bf565977922c0/url'
15:22:51.830 [AsyncHttpClient-1-1] DEBUG org.asynchttpclient.netty.channel.DefaultChannelPool - Entry count for : http://localhost:62382 : 1
15:22:52.287 [AsyncHttpClient-1-14] DEBUG org.asynchttpclient.netty.handler.HttpHandler - 

Request DefaultHttpRequest(decodeResult: success, version: HTTP/1.1)
POST /session/f7386e42d1cf92cfbe0bf565977922c0/url HTTP/1.1
User-Agent: selenium/4.1.2 (java windows)
Content-Length: 60
Content-Type: application/json; charset=utf-8
host: localhost:57682
accept: */*

Response DefaultHttpResponse(decodeResult: success, version: HTTP/1.1)
HTTP/1.1 200 OK
Content-Type: application/json; charset=utf-8
cache-control: no-cache
content-length: 14

15:22:52.288 [AsyncHttpClient-1-14] DEBUG org.asynchttpclient.netty.channel.ChannelManager - Adding key: http://localhost:57682 for channel [id: 0x6d061a5c, L:/127.0.0.1:62381 - R:localhost/127.0.0.1:57682]
15:22:52.293 [Forwarding setTimeout on session f7386e42d1cf92cfbe0bf565977922c0 to remote] DEBUG org.asynchttpclient.netty.request.NettyRequestSender - Using pooled Channel '[id: 0x6d061a5c, L:/127.0.0.1:62381 - R:localhost/127.0.0.1:57682]' for 'POST' to 'http://localhost:57682/session/f7386e42d1cf92cfbe0bf565977922c0/timeouts'
15:22:52.293 [Forwarding setTimeout on session f7386e42d1cf92cfbe0bf565977922c0 to remote] DEBUG org.asynchttpclient.netty.request.NettyRequestSender - Using open Channel [id: 0x6d061a5c, L:/127.0.0.1:62381 - R:localhost/127.0.0.1:57682] for POST '/session/f7386e42d1cf92cfbe0bf565977922c0/timeouts'
15:22:52.294 [AsyncHttpClient-1-14] DEBUG org.asynchttpclient.netty.handler.HttpHandler - 

Request DefaultHttpRequest(decodeResult: success, version: HTTP/1.1)
POST /session/f7386e42d1cf92cfbe0bf565977922c0/timeouts HTTP/1.1
User-Agent: selenium/4.1.2 (java windows)
Content-Length: 22
Content-Type: application/json; charset=utf-8
host: localhost:57682
accept: */*

Response DefaultHttpResponse(decodeResult: success, version: HTTP/1.1)
HTTP/1.1 200 OK
Content-Type: application/json; charset=utf-8
cache-control: no-cache
content-length: 14

15:22:52.295 [AsyncHttpClient-1-14] DEBUG org.asynchttpclient.netty.channel.ChannelManager - Adding key: http://localhost:57682 for channel [id: 0x6d061a5c, L:/127.0.0.1:62381 - R:localhost/127.0.0.1:57682]
15:22:52.300 [Forwarding getCurrentUrl on session f7386e42d1cf92cfbe0bf565977922c0 to remote] DEBUG org.asynchttpclient.netty.request.NettyRequestSender - Using pooled Channel '[id: 0x6d061a5c, L:/127.0.0.1:62381 - R:localhost/127.0.0.1:57682]' for 'GET' to 'http://localhost:57682/session/f7386e42d1cf92cfbe0bf565977922c0/url'
15:22:52.300 [Forwarding getCurrentUrl on session f7386e42d1cf92cfbe0bf565977922c0 to remote] DEBUG org.asynchttpclient.netty.request.NettyRequestSender - Using open Channel [id: 0x6d061a5c, L:/127.0.0.1:62381 - R:localhost/127.0.0.1:57682] for GET '/session/f7386e42d1cf92cfbe0bf565977922c0/url'
15:22:52.307 [AsyncHttpClient-1-14] DEBUG org.asynchttpclient.netty.handler.HttpHandler - 

Request DefaultFullHttpRequest(decodeResult: success, version: HTTP/1.1, content: EmptyByteBufBE)
GET /session/f7386e42d1cf92cfbe0bf565977922c0/url HTTP/1.1
User-Agent: selenium/4.1.2 (java windows)
Cache-Control: no-cache
Content-Type: application/json; charset=utf-8
host: localhost:57682
accept: */*

Response DefaultHttpResponse(decodeResult: success, version: HTTP/1.1)
HTTP/1.1 200 OK
Content-Type: application/json; charset=utf-8
cache-control: no-cache
content-length: 42

15:22:52.307 [AsyncHttpClient-1-14] DEBUG org.asynchttpclient.netty.channel.ChannelManager - Adding key: http://localhost:57682 for channel [id: 0x6d061a5c, L:/127.0.0.1:62381 - R:localhost/127.0.0.1:57682]
  &amp#27;[32mGiven &amp#27;[0m&amp#27;[32mI am on landing page&amp#27;[0m           &amp#27;[90m# starter.stepdefinitions.ManageVaccinationBookingsSteps.iAmOnLandingPage()&amp#27;[0m
15:22:52.314 [main] DEBUG net.serenitybdd.core.photography.Darkroom - Opening darkroom
15:22:52.315 [Darkroom Processing Line] DEBUG net.serenitybdd.core.photography.DarkroomProcessingLine - Darkroom processing line starting up
15:22:52.315 [Forwarding screenshot on session f7386e42d1cf92cfbe0bf565977922c0 to remote] DEBUG org.asynchttpclient.netty.request.NettyRequestSender - Using pooled Channel '[id: 0x6d061a5c, L:/127.0.0.1:62381 - R:localhost/127.0.0.1:57682]' for 'GET' to 'http://localhost:57682/session/f7386e42d1cf92cfbe0bf565977922c0/screenshot'
15:22:52.315 [Forwarding screenshot on session f7386e42d1cf92cfbe0bf565977922c0 to remote] DEBUG org.asynchttpclient.netty.request.NettyRequestSender - Using open Channel [id: 0x6d061a5c, L:/127.0.0.1:62381 - R:localhost/127.0.0.1:57682] for GET '/session/f7386e42d1cf92cfbe0bf565977922c0/screenshot'
15:22:52.925 [AsyncHttpClient-1-1] DEBUG org.asynchttpclient.netty.channel.DefaultChannelPool - Entry count for : http://localhost:62382 : 1
15:22:52.971 [AsyncHttpClient-1-14] DEBUG org.asynchttpclient.netty.handler.HttpHandler - 

Request DefaultFullHttpRequest(decodeResult: success, version: HTTP/1.1, content: EmptyByteBufBE)
GET /session/f7386e42d1cf92cfbe0bf565977922c0/screenshot HTTP/1.1
User-Agent: selenium/4.1.2 (java windows)
Cache-Control: no-cache
Content-Type: application/json; charset=utf-8
host: localhost:57682
accept: */*

Response DefaultHttpResponse(decodeResult: success, version: HTTP/1.1)
HTTP/1.1 200 OK
Content-Type: application/json; charset=utf-8
cache-control: no-cache
content-length: 847132

15:22:52.986 [AsyncHttpClient-1-14] DEBUG org.asynchttpclient.netty.channel.ChannelManager - Adding key: http://localhost:57682 for channel [id: 0x6d061a5c, L:/127.0.0.1:62381 - R:localhost/127.0.0.1:57682]
15:22:53.006 [main] DEBUG net.serenitybdd.core.photography.Darkroom - Send negative for processing for target\site\serenity\ff3b83dd42f508d91c0c8488aed412149de34b436c7528a8caa8428592644731.png
15:22:53.024 [Forwarding findElement on session f7386e42d1cf92cfbe0bf565977922c0 to remote] DEBUG org.asynchttpclient.netty.request.NettyRequestSender - Using pooled Channel '[id: 0x6d061a5c, L:/127.0.0.1:62381 - R:localhost/127.0.0.1:57682]' for 'POST' to 'http://localhost:57682/session/f7386e42d1cf92cfbe0bf565977922c0/element'
15:22:53.024 [Forwarding findElement on session f7386e42d1cf92cfbe0bf565977922c0 to remote] DEBUG org.asynchttpclient.netty.request.NettyRequestSender - Using open Channel [id: 0x6d061a5c, L:/127.0.0.1:62381 - R:localhost/127.0.0.1:57682] for POST '/session/f7386e42d1cf92cfbe0bf565977922c0/element'
15:22:53.036 [AsyncHttpClient-1-14] DEBUG org.asynchttpclient.netty.handler.HttpHandler - 

Request DefaultHttpRequest(decodeResult: success, version: HTTP/1.1)
POST /session/f7386e42d1cf92cfbe0bf565977922c0/element HTTP/1.1
User-Agent: selenium/4.1.2 (java windows)
Content-Length: 315
Content-Type: application/json; charset=utf-8
host: localhost:57682
accept: */*

Response DefaultHttpResponse(decodeResult: success, version: HTTP/1.1)
HTTP/1.1 200 OK
Content-Type: application/json; charset=utf-8
cache-control: no-cache
content-length: 88

15:22:53.036 [AsyncHttpClient-1-14] DEBUG org.asynchttpclient.netty.channel.ChannelManager - Adding key: http://localhost:57682 for channel [id: 0x6d061a5c, L:/127.0.0.1:62381 - R:localhost/127.0.0.1:57682]
15:22:53.037 [Forwarding getElementTagName on session f7386e42d1cf92cfbe0bf565977922c0 to remote] DEBUG org.asynchttpclient.netty.request.NettyRequestSender - Using pooled Channel '[id: 0x6d061a5c, L:/127.0.0.1:62381 - R:localhost/127.0.0.1:57682]' for 'GET' to 'http://localhost:57682/session/f7386e42d1cf92cfbe0bf565977922c0/element/d1fd98bb-f522-4a7b-982f-650eeac726c2/name'
15:22:53.037 [Forwarding getElementTagName on session f7386e42d1cf92cfbe0bf565977922c0 to remote] DEBUG org.asynchttpclient.netty.request.NettyRequestSender - Using open Channel [id: 0x6d061a5c, L:/127.0.0.1:62381 - R:localhost/127.0.0.1:57682] for GET '/session/f7386e42d1cf92cfbe0bf565977922c0/element/d1fd98bb-f522-4a7b-982f-650eeac726c2/name'
15:22:53.040 [AsyncHttpClient-1-14] DEBUG org.asynchttpclient.netty.handler.HttpHandler - 

Request DefaultFullHttpRequest(decodeResult: success, version: HTTP/1.1, content: EmptyByteBufBE)
GET /session/f7386e42d1cf92cfbe0bf565977922c0/element/d1fd98bb-f522-4a7b-982f-650eeac726c2/name HTTP/1.1
User-Agent: selenium/4.1.2 (java windows)
Cache-Control: no-cache
Content-Type: application/json; charset=utf-8
host: localhost:57682
accept: */*

Response DefaultHttpResponse(decodeResult: success, version: HTTP/1.1)
HTTP/1.1 200 OK
Content-Type: application/json; charset=utf-8
cache-control: no-cache
content-length: 18

15:22:53.040 [AsyncHttpClient-1-14] DEBUG org.asynchttpclient.netty.channel.ChannelManager - Adding key: http://localhost:57682 for channel [id: 0x6d061a5c, L:/127.0.0.1:62381 - R:localhost/127.0.0.1:57682]
15:22:53.041 [Forwarding getElementTagName on session f7386e42d1cf92cfbe0bf565977922c0 to remote] DEBUG org.asynchttpclient.netty.request.NettyRequestSender - Using pooled Channel '[id: 0x6d061a5c, L:/127.0.0.1:62381 - R:localhost/127.0.0.1:57682]' for 'GET' to 'http://localhost:57682/session/f7386e42d1cf92cfbe0bf565977922c0/element/d1fd98bb-f522-4a7b-982f-650eeac726c2/name'
15:22:53.041 [Forwarding getElementTagName on session f7386e42d1cf92cfbe0bf565977922c0 to remote] DEBUG org.asynchttpclient.netty.request.NettyRequestSender - Using open Channel [id: 0x6d061a5c, L:/127.0.0.1:62381 - R:localhost/127.0.0.1:57682] for GET '/session/f7386e42d1cf92cfbe0bf565977922c0/element/d1fd98bb-f522-4a7b-982f-650eeac726c2/name'
15:22:53.042 [AsyncHttpClient-1-14] DEBUG org.asynchttpclient.netty.handler.HttpHandler - 

Request DefaultFullHttpRequest(decodeResult: success, version: HTTP/1.1, content: EmptyByteBufBE)
GET /session/f7386e42d1cf92cfbe0bf565977922c0/element/d1fd98bb-f522-4a7b-982f-650eeac726c2/name HTTP/1.1
User-Agent: selenium/4.1.2 (java windows)
Cache-Control: no-cache
Content-Type: application/json; charset=utf-8
host: localhost:57682
accept: */*

Response DefaultHttpResponse(decodeResult: success, version: HTTP/1.1)
HTTP/1.1 200 OK
Content-Type: application/json; charset=utf-8
cache-control: no-cache
content-length: 18

15:22:53.042 [AsyncHttpClient-1-14] DEBUG org.asynchttpclient.netty.channel.ChannelManager - Adding key: http://localhost:57682 for channel [id: 0x6d061a5c, L:/127.0.0.1:62381 - R:localhost/127.0.0.1:57682]
15:22:53.043 [Forwarding isElementEnabled on session f7386e42d1cf92cfbe0bf565977922c0 to remote] DEBUG org.asynchttpclient.netty.request.NettyRequestSender - Using pooled Channel '[id: 0x6d061a5c, L:/127.0.0.1:62381 - R:localhost/127.0.0.1:57682]' for 'GET' to 'http://localhost:57682/session/f7386e42d1cf92cfbe0bf565977922c0/element/d1fd98bb-f522-4a7b-982f-650eeac726c2/enabled'
15:22:53.043 [Forwarding isElementEnabled on session f7386e42d1cf92cfbe0bf565977922c0 to remote] DEBUG org.asynchttpclient.netty.request.NettyRequestSender - Using open Channel [id: 0x6d061a5c, L:/127.0.0.1:62381 - R:localhost/127.0.0.1:57682] for GET '/session/f7386e42d1cf92cfbe0bf565977922c0/element/d1fd98bb-f522-4a7b-982f-650eeac726c2/enabled'
15:22:53.049 [AsyncHttpClient-1-14] DEBUG org.asynchttpclient.netty.handler.HttpHandler - 

Request DefaultFullHttpRequest(decodeResult: success, version: HTTP/1.1, content: EmptyByteBufBE)
GET /session/f7386e42d1cf92cfbe0bf565977922c0/element/d1fd98bb-f522-4a7b-982f-650eeac726c2/enabled HTTP/1.1
User-Agent: selenium/4.1.2 (java windows)
Cache-Control: no-cache
Content-Type: application/json; charset=utf-8
host: localhost:57682
accept: */*

Response DefaultHttpResponse(decodeResult: success, version: HTTP/1.1)
HTTP/1.1 200 OK
Content-Type: application/json; charset=utf-8
cache-control: no-cache
content-length: 14

15:22:53.049 [AsyncHttpClient-1-14] DEBUG org.asynchttpclient.netty.channel.ChannelManager - Adding key: http://localhost:57682 for channel [id: 0x6d061a5c, L:/127.0.0.1:62381 - R:localhost/127.0.0.1:57682]
15:22:53.049 [Forwarding isElementEnabled on session f7386e42d1cf92cfbe0bf565977922c0 to remote] DEBUG org.asynchttpclient.netty.request.NettyRequestSender - Using pooled Channel '[id: 0x6d061a5c, L:/127.0.0.1:62381 - R:localhost/127.0.0.1:57682]' for 'GET' to 'http://localhost:57682/session/f7386e42d1cf92cfbe0bf565977922c0/element/d1fd98bb-f522-4a7b-982f-650eeac726c2/enabled'
15:22:53.049 [Forwarding isElementEnabled on session f7386e42d1cf92cfbe0bf565977922c0 to remote] DEBUG org.asynchttpclient.netty.request.NettyRequestSender - Using open Channel [id: 0x6d061a5c, L:/127.0.0.1:62381 - R:localhost/127.0.0.1:57682] for GET '/session/f7386e42d1cf92cfbe0bf565977922c0/element/d1fd98bb-f522-4a7b-982f-650eeac726c2/enabled'
15:22:53.052 [AsyncHttpClient-1-14] DEBUG org.asynchttpclient.netty.handler.HttpHandler - 

Request DefaultFullHttpRequest(decodeResult: success, version: HTTP/1.1, content: EmptyByteBufBE)
GET /session/f7386e42d1cf92cfbe0bf565977922c0/element/d1fd98bb-f522-4a7b-982f-650eeac726c2/enabled HTTP/1.1
User-Agent: selenium/4.1.2 (java windows)
Cache-Control: no-cache
Content-Type: application/json; charset=utf-8
host: localhost:57682
accept: */*

Response DefaultHttpResponse(decodeResult: success, version: HTTP/1.1)
HTTP/1.1 200 OK
Content-Type: application/json; charset=utf-8
cache-control: no-cache
content-length: 14

15:22:53.052 [AsyncHttpClient-1-14] DEBUG org.asynchttpclient.netty.channel.ChannelManager - Adding key: http://localhost:57682 for channel [id: 0x6d061a5c, L:/127.0.0.1:62381 - R:localhost/127.0.0.1:57682]
15:22:53.054 [Forwarding findElement on session f7386e42d1cf92cfbe0bf565977922c0 to remote] DEBUG org.asynchttpclient.netty.request.NettyRequestSender - Using pooled Channel '[id: 0x6d061a5c, L:/127.0.0.1:62381 - R:localhost/127.0.0.1:57682]' for 'POST' to 'http://localhost:57682/session/f7386e42d1cf92cfbe0bf565977922c0/element'
15:22:53.054 [Forwarding findElement on session f7386e42d1cf92cfbe0bf565977922c0 to remote] DEBUG org.asynchttpclient.netty.request.NettyRequestSender - Using open Channel [id: 0x6d061a5c, L:/127.0.0.1:62381 - R:localhost/127.0.0.1:57682] for POST '/session/f7386e42d1cf92cfbe0bf565977922c0/element'
15:22:53.058 [AsyncHttpClient-1-14] DEBUG org.asynchttpclient.netty.handler.HttpHandler - 

Request DefaultHttpRequest(decodeResult: success, version: HTTP/1.1)
POST /session/f7386e42d1cf92cfbe0bf565977922c0/element HTTP/1.1
User-Agent: selenium/4.1.2 (java windows)
Content-Length: 315
Content-Type: application/json; charset=utf-8
host: localhost:57682
accept: */*

Response DefaultHttpResponse(decodeResult: success, version: HTTP/1.1)
HTTP/1.1 200 OK
Content-Type: application/json; charset=utf-8
cache-control: no-cache
content-length: 88

15:22:53.058 [AsyncHttpClient-1-14] DEBUG org.asynchttpclient.netty.channel.ChannelManager - Adding key: http://localhost:57682 for channel [id: 0x6d061a5c, L:/127.0.0.1:62381 - R:localhost/127.0.0.1:57682]
15:22:53.058 [Forwarding clickElement on session f7386e42d1cf92cfbe0bf565977922c0 to remote] DEBUG org.asynchttpclient.netty.request.NettyRequestSender - Using pooled Channel '[id: 0x6d061a5c, L:/127.0.0.1:62381 - R:localhost/127.0.0.1:57682]' for 'POST' to 'http://localhost:57682/session/f7386e42d1cf92cfbe0bf565977922c0/element/d1fd98bb-f522-4a7b-982f-650eeac726c2/click'
15:22:53.058 [Forwarding clickElement on session f7386e42d1cf92cfbe0bf565977922c0 to remote] DEBUG org.asynchttpclient.netty.request.NettyRequestSender - Using open Channel [id: 0x6d061a5c, L:/127.0.0.1:62381 - R:localhost/127.0.0.1:57682] for POST '/session/f7386e42d1cf92cfbe0bf565977922c0/element/d1fd98bb-f522-4a7b-982f-650eeac726c2/click'
15:22:53.119 [AsyncHttpClient-1-14] DEBUG org.asynchttpclient.netty.handler.HttpHandler - 

Request DefaultHttpRequest(decodeResult: success, version: HTTP/1.1)
POST /session/f7386e42d1cf92cfbe0bf565977922c0/element/d1fd98bb-f522-4a7b-982f-650eeac726c2/click HTTP/1.1
User-Agent: selenium/4.1.2 (java windows)
Content-Length: 50
Content-Type: application/json; charset=utf-8
host: localhost:57682
accept: */*

Response DefaultHttpResponse(decodeResult: success, version: HTTP/1.1)
HTTP/1.1 200 OK
Content-Type: application/json; charset=utf-8
cache-control: no-cache
content-length: 14

15:22:53.119 [AsyncHttpClient-1-14] DEBUG org.asynchttpclient.netty.channel.ChannelManager - Adding key: http://localhost:57682 for channel [id: 0x6d061a5c, L:/127.0.0.1:62381 - R:localhost/127.0.0.1:57682]
15:22:53.124 [Forwarding findElement on session f7386e42d1cf92cfbe0bf565977922c0 to remote] DEBUG org.asynchttpclient.netty.request.NettyRequestSender - Using pooled Channel '[id: 0x6d061a5c, L:/127.0.0.1:62381 - R:localhost/127.0.0.1:57682]' for 'POST' to 'http://localhost:57682/session/f7386e42d1cf92cfbe0bf565977922c0/element'
15:22:53.124 [Forwarding findElement on session f7386e42d1cf92cfbe0bf565977922c0 to remote] DEBUG org.asynchttpclient.netty.request.NettyRequestSender - Using open Channel [id: 0x6d061a5c, L:/127.0.0.1:62381 - R:localhost/127.0.0.1:57682] for POST '/session/f7386e42d1cf92cfbe0bf565977922c0/element'
15:22:53.133 [AsyncHttpClient-1-14] DEBUG org.asynchttpclient.netty.handler.HttpHandler - 

Request DefaultHttpRequest(decodeResult: success, version: HTTP/1.1)
POST /session/f7386e42d1cf92cfbe0bf565977922c0/element HTTP/1.1
User-Agent: selenium/4.1.2 (java windows)
Content-Length: 69
Content-Type: application/json; charset=utf-8
host: localhost:57682
accept: */*

Response DefaultHttpResponse(decodeResult: success, version: HTTP/1.1)
HTTP/1.1 200 OK
Content-Type: application/json; charset=utf-8
cache-control: no-cache
content-length: 88

15:22:53.133 [AsyncHttpClient-1-14] DEBUG org.asynchttpclient.netty.channel.ChannelManager - Adding key: http://localhost:57682 for channel [id: 0x6d061a5c, L:/127.0.0.1:62381 - R:localhost/127.0.0.1:57682]
15:22:53.134 [Forwarding clearElement on session f7386e42d1cf92cfbe0bf565977922c0 to remote] DEBUG org.asynchttpclient.netty.request.NettyRequestSender - Using pooled Channel '[id: 0x6d061a5c, L:/127.0.0.1:62381 - R:localhost/127.0.0.1:57682]' for 'POST' to 'http://localhost:57682/session/f7386e42d1cf92cfbe0bf565977922c0/element/7e173928-4eaf-460c-8e88-a1a26d7463d2/clear'
15:22:53.134 [Forwarding clearElement on session f7386e42d1cf92cfbe0bf565977922c0 to remote] DEBUG org.asynchttpclient.netty.request.NettyRequestSender - Using open Channel [id: 0x6d061a5c, L:/127.0.0.1:62381 - R:localhost/127.0.0.1:57682] for POST '/session/f7386e42d1cf92cfbe0bf565977922c0/element/7e173928-4eaf-460c-8e88-a1a26d7463d2/clear'
15:22:53.163 [AsyncHttpClient-1-14] DEBUG org.asynchttpclient.netty.handler.HttpHandler - 

Request DefaultHttpRequest(decodeResult: success, version: HTTP/1.1)
POST /session/f7386e42d1cf92cfbe0bf565977922c0/element/7e173928-4eaf-460c-8e88-a1a26d7463d2/clear HTTP/1.1
User-Agent: selenium/4.1.2 (java windows)
Content-Length: 50
Content-Type: application/json; charset=utf-8
host: localhost:57682
accept: */*

Response DefaultHttpResponse(decodeResult: success, version: HTTP/1.1)
HTTP/1.1 200 OK
Content-Type: application/json; charset=utf-8
cache-control: no-cache
content-length: 14

15:22:53.163 [AsyncHttpClient-1-14] DEBUG org.asynchttpclient.netty.channel.ChannelManager - Adding key: http://localhost:57682 for channel [id: 0x6d061a5c, L:/127.0.0.1:62381 - R:localhost/127.0.0.1:57682]
15:22:53.166 [Forwarding sendKeysToElement on session f7386e42d1cf92cfbe0bf565977922c0 to remote] DEBUG org.asynchttpclient.netty.request.NettyRequestSender - Using pooled Channel '[id: 0x6d061a5c, L:/127.0.0.1:62381 - R:localhost/127.0.0.1:57682]' for 'POST' to 'http://localhost:57682/session/f7386e42d1cf92cfbe0bf565977922c0/element/7e173928-4eaf-460c-8e88-a1a26d7463d2/value'
15:22:53.167 [Forwarding sendKeysToElement on session f7386e42d1cf92cfbe0bf565977922c0 to remote] DEBUG org.asynchttpclient.netty.request.NettyRequestSender - Using open Channel [id: 0x6d061a5c, L:/127.0.0.1:62381 - R:localhost/127.0.0.1:57682] for POST '/session/f7386e42d1cf92cfbe0bf565977922c0/element/7e173928-4eaf-460c-8e88-a1a26d7463d2/value'
15:22:53.324 [AsyncHttpClient-1-14] DEBUG org.asynchttpclient.netty.handler.HttpHandler - 

Request DefaultHttpRequest(decodeResult: success, version: HTTP/1.1)
POST /session/f7386e42d1cf92cfbe0bf565977922c0/element/7e173928-4eaf-460c-8e88-a1a26d7463d2/value HTTP/1.1
User-Agent: selenium/4.1.2 (java windows)
Content-Length: 371
Content-Type: application/json; charset=utf-8
host: localhost:57682
accept: */*

Response DefaultHttpResponse(decodeResult: success, version: HTTP/1.1)
HTTP/1.1 200 OK
Content-Type: application/json; charset=utf-8
cache-control: no-cache
content-length: 14

15:22:53.325 [AsyncHttpClient-1-14] DEBUG org.asynchttpclient.netty.channel.ChannelManager - Adding key: http://localhost:57682 for channel [id: 0x6d061a5c, L:/127.0.0.1:62381 - R:localhost/127.0.0.1:57682]
15:22:53.328 [Forwarding findElement on session f7386e42d1cf92cfbe0bf565977922c0 to remote] DEBUG org.asynchttpclient.netty.request.NettyRequestSender - Using pooled Channel '[id: 0x6d061a5c, L:/127.0.0.1:62381 - R:localhost/127.0.0.1:57682]' for 'POST' to 'http://localhost:57682/session/f7386e42d1cf92cfbe0bf565977922c0/element'
15:22:53.328 [Forwarding findElement on session f7386e42d1cf92cfbe0bf565977922c0 to remote] DEBUG org.asynchttpclient.netty.request.NettyRequestSender - Using open Channel [id: 0x6d061a5c, L:/127.0.0.1:62381 - R:localhost/127.0.0.1:57682] for POST '/session/f7386e42d1cf92cfbe0bf565977922c0/element'
15:22:53.341 [AsyncHttpClient-1-14] DEBUG org.asynchttpclient.netty.handler.HttpHandler - 

Request DefaultHttpRequest(decodeResult: success, version: HTTP/1.1)
POST /session/f7386e42d1cf92cfbe0bf565977922c0/element HTTP/1.1
User-Agent: selenium/4.1.2 (java windows)
Content-Length: 72
Content-Type: application/json; charset=utf-8
host: localhost:57682
accept: */*

Response DefaultHttpResponse(decodeResult: success, version: HTTP/1.1)
HTTP/1.1 200 OK
Content-Type: application/json; charset=utf-8
cache-control: no-cache
content-length: 88

15:22:53.341 [AsyncHttpClient-1-14] DEBUG org.asynchttpclient.netty.channel.ChannelManager - Adding key: http://localhost:57682 for channel [id: 0x6d061a5c, L:/127.0.0.1:62381 - R:localhost/127.0.0.1:57682]
15:22:53.342 [Forwarding clearElement on session f7386e42d1cf92cfbe0bf565977922c0 to remote] DEBUG org.asynchttpclient.netty.request.NettyRequestSender - Using pooled Channel '[id: 0x6d061a5c, L:/127.0.0.1:62381 - R:localhost/127.0.0.1:57682]' for 'POST' to 'http://localhost:57682/session/f7386e42d1cf92cfbe0bf565977922c0/element/256eee76-0dc1-484d-802c-4e2b5a438dcd/clear'
15:22:53.342 [Forwarding clearElement on session f7386e42d1cf92cfbe0bf565977922c0 to remote] DEBUG org.asynchttpclient.netty.request.NettyRequestSender - Using open Channel [id: 0x6d061a5c, L:/127.0.0.1:62381 - R:localhost/127.0.0.1:57682] for POST '/session/f7386e42d1cf92cfbe0bf565977922c0/element/256eee76-0dc1-484d-802c-4e2b5a438dcd/clear'
15:22:53.392 [AsyncHttpClient-1-14] DEBUG org.asynchttpclient.netty.handler.HttpHandler - 

Request DefaultHttpRequest(decodeResult: success, version: HTTP/1.1)
POST /session/f7386e42d1cf92cfbe0bf565977922c0/element/256eee76-0dc1-484d-802c-4e2b5a438dcd/clear HTTP/1.1
User-Agent: selenium/4.1.2 (java windows)
Content-Length: 50
Content-Type: application/json; charset=utf-8
host: localhost:57682
accept: */*

Response DefaultHttpResponse(decodeResult: success, version: HTTP/1.1)
HTTP/1.1 200 OK
Content-Type: application/json; charset=utf-8
cache-control: no-cache
content-length: 14

15:22:53.394 [AsyncHttpClient-1-14] DEBUG org.asynchttpclient.netty.channel.ChannelManager - Adding key: http://localhost:57682 for channel [id: 0x6d061a5c, L:/127.0.0.1:62381 - R:localhost/127.0.0.1:57682]
15:22:53.400 [Forwarding sendKeysToElement on session f7386e42d1cf92cfbe0bf565977922c0 to remote] DEBUG org.asynchttpclient.netty.request.NettyRequestSender - Using pooled Channel '[id: 0x6d061a5c, L:/127.0.0.1:62381 - R:localhost/127.0.0.1:57682]' for 'POST' to 'http://localhost:57682/session/f7386e42d1cf92cfbe0bf565977922c0/element/256eee76-0dc1-484d-802c-4e2b5a438dcd/value'
15:22:53.400 [Forwarding sendKeysToElement on session f7386e42d1cf92cfbe0bf565977922c0 to remote] DEBUG org.asynchttpclient.netty.request.NettyRequestSender - Using open Channel [id: 0x6d061a5c, L:/127.0.0.1:62381 - R:localhost/127.0.0.1:57682] for POST '/session/f7386e42d1cf92cfbe0bf565977922c0/element/256eee76-0dc1-484d-802c-4e2b5a438dcd/value'
15:22:53.571 [AsyncHttpClient-1-14] DEBUG org.asynchttpclient.netty.handler.HttpHandler - 

Request DefaultHttpRequest(decodeResult: success, version: HTTP/1.1)
POST /session/f7386e42d1cf92cfbe0bf565977922c0/element/256eee76-0dc1-484d-802c-4e2b5a438dcd/value HTTP/1.1
User-Agent: selenium/4.1.2 (java windows)
Content-Length: 251
Content-Type: application/json; charset=utf-8
host: localhost:57682
accept: */*

Response DefaultHttpResponse(decodeResult: success, version: HTTP/1.1)
HTTP/1.1 200 OK
Content-Type: application/json; charset=utf-8
cache-control: no-cache
content-length: 14

15:22:53.572 [AsyncHttpClient-1-14] DEBUG org.asynchttpclient.netty.channel.ChannelManager - Adding key: http://localhost:57682 for channel [id: 0x6d061a5c, L:/127.0.0.1:62381 - R:localhost/127.0.0.1:57682]
15:22:53.578 [Forwarding findElement on session f7386e42d1cf92cfbe0bf565977922c0 to remote] DEBUG org.asynchttpclient.netty.request.NettyRequestSender - Using pooled Channel '[id: 0x6d061a5c, L:/127.0.0.1:62381 - R:localhost/127.0.0.1:57682]' for 'POST' to 'http://localhost:57682/session/f7386e42d1cf92cfbe0bf565977922c0/element'
15:22:53.578 [Forwarding findElement on session f7386e42d1cf92cfbe0bf565977922c0 to remote] DEBUG org.asynchttpclient.netty.request.NettyRequestSender - Using open Channel [id: 0x6d061a5c, L:/127.0.0.1:62381 - R:localhost/127.0.0.1:57682] for POST '/session/f7386e42d1cf92cfbe0bf565977922c0/element'
15:22:53.592 [AsyncHttpClient-1-14] DEBUG org.asynchttpclient.netty.handler.HttpHandler - 

Request DefaultHttpRequest(decodeResult: success, version: HTTP/1.1)
POST /session/f7386e42d1cf92cfbe0bf565977922c0/element HTTP/1.1
User-Agent: selenium/4.1.2 (java windows)
Content-Length: 321
Content-Type: application/json; charset=utf-8
host: localhost:57682
accept: */*

Response DefaultHttpResponse(decodeResult: success, version: HTTP/1.1)
HTTP/1.1 200 OK
Content-Type: application/json; charset=utf-8
cache-control: no-cache
content-length: 88

15:22:53.592 [AsyncHttpClient-1-14] DEBUG org.asynchttpclient.netty.channel.ChannelManager - Adding key: http://localhost:57682 for channel [id: 0x6d061a5c, L:/127.0.0.1:62381 - R:localhost/127.0.0.1:57682]
15:22:53.593 [Forwarding getElementTagName on session f7386e42d1cf92cfbe0bf565977922c0 to remote] DEBUG org.asynchttpclient.netty.request.NettyRequestSender - Using pooled Channel '[id: 0x6d061a5c, L:/127.0.0.1:62381 - R:localhost/127.0.0.1:57682]' for 'GET' to 'http://localhost:57682/session/f7386e42d1cf92cfbe0bf565977922c0/element/f8139095-755b-4f05-84c8-6f2dd9f1afa6/name'
15:22:53.593 [Forwarding getElementTagName on session f7386e42d1cf92cfbe0bf565977922c0 to remote] DEBUG org.asynchttpclient.netty.request.NettyRequestSender - Using open Channel [id: 0x6d061a5c, L:/127.0.0.1:62381 - R:localhost/127.0.0.1:57682] for GET '/session/f7386e42d1cf92cfbe0bf565977922c0/element/f8139095-755b-4f05-84c8-6f2dd9f1afa6/name'
15:22:53.598 [AsyncHttpClient-1-14] DEBUG org.asynchttpclient.netty.handler.HttpHandler - 

Request DefaultFullHttpRequest(decodeResult: success, version: HTTP/1.1, content: EmptyByteBufBE)
GET /session/f7386e42d1cf92cfbe0bf565977922c0/element/f8139095-755b-4f05-84c8-6f2dd9f1afa6/name HTTP/1.1
User-Agent: selenium/4.1.2 (java windows)
Cache-Control: no-cache
Content-Type: application/json; charset=utf-8
host: localhost:57682
accept: */*

Response DefaultHttpResponse(decodeResult: success, version: HTTP/1.1)
HTTP/1.1 200 OK
Content-Type: application/json; charset=utf-8
cache-control: no-cache
content-length: 18

15:22:53.599 [AsyncHttpClient-1-14] DEBUG org.asynchttpclient.netty.channel.ChannelManager - Adding key: http://localhost:57682 for channel [id: 0x6d061a5c, L:/127.0.0.1:62381 - R:localhost/127.0.0.1:57682]
15:22:53.600 [Forwarding getElementTagName on session f7386e42d1cf92cfbe0bf565977922c0 to remote] DEBUG org.asynchttpclient.netty.request.NettyRequestSender - Using pooled Channel '[id: 0x6d061a5c, L:/127.0.0.1:62381 - R:localhost/127.0.0.1:57682]' for 'GET' to 'http://localhost:57682/session/f7386e42d1cf92cfbe0bf565977922c0/element/f8139095-755b-4f05-84c8-6f2dd9f1afa6/name'
15:22:53.600 [Forwarding getElementTagName on session f7386e42d1cf92cfbe0bf565977922c0 to remote] DEBUG org.asynchttpclient.netty.request.NettyRequestSender - Using open Channel [id: 0x6d061a5c, L:/127.0.0.1:62381 - R:localhost/127.0.0.1:57682] for GET '/session/f7386e42d1cf92cfbe0bf565977922c0/element/f8139095-755b-4f05-84c8-6f2dd9f1afa6/name'
15:22:53.602 [AsyncHttpClient-1-14] DEBUG org.asynchttpclient.netty.handler.HttpHandler - 

Request DefaultFullHttpRequest(decodeResult: success, version: HTTP/1.1, content: EmptyByteBufBE)
GET /session/f7386e42d1cf92cfbe0bf565977922c0/element/f8139095-755b-4f05-84c8-6f2dd9f1afa6/name HTTP/1.1
User-Agent: selenium/4.1.2 (java windows)
Cache-Control: no-cache
Content-Type: application/json; charset=utf-8
host: localhost:57682
accept: */*

Response DefaultHttpResponse(decodeResult: success, version: HTTP/1.1)
HTTP/1.1 200 OK
Content-Type: application/json; charset=utf-8
cache-control: no-cache
content-length: 18

15:22:53.603 [AsyncHttpClient-1-14] DEBUG org.asynchttpclient.netty.channel.ChannelManager - Adding key: http://localhost:57682 for channel [id: 0x6d061a5c, L:/127.0.0.1:62381 - R:localhost/127.0.0.1:57682]
15:22:53.604 [Forwarding isElementEnabled on session f7386e42d1cf92cfbe0bf565977922c0 to remote] DEBUG org.asynchttpclient.netty.request.NettyRequestSender - Using pooled Channel '[id: 0x6d061a5c, L:/127.0.0.1:62381 - R:localhost/127.0.0.1:57682]' for 'GET' to 'http://localhost:57682/session/f7386e42d1cf92cfbe0bf565977922c0/element/f8139095-755b-4f05-84c8-6f2dd9f1afa6/enabled'
15:22:53.604 [Forwarding isElementEnabled on session f7386e42d1cf92cfbe0bf565977922c0 to remote] DEBUG org.asynchttpclient.netty.request.NettyRequestSender - Using open Channel [id: 0x6d061a5c, L:/127.0.0.1:62381 - R:localhost/127.0.0.1:57682] for GET '/session/f7386e42d1cf92cfbe0bf565977922c0/element/f8139095-755b-4f05-84c8-6f2dd9f1afa6/enabled'
15:22:53.610 [AsyncHttpClient-1-14] DEBUG org.asynchttpclient.netty.handler.HttpHandler - 

Request DefaultFullHttpRequest(decodeResult: success, version: HTTP/1.1, content: EmptyByteBufBE)
GET /session/f7386e42d1cf92cfbe0bf565977922c0/element/f8139095-755b-4f05-84c8-6f2dd9f1afa6/enabled HTTP/1.1
User-Agent: selenium/4.1.2 (java windows)
Cache-Control: no-cache
Content-Type: application/json; charset=utf-8
host: localhost:57682
accept: */*

Response DefaultHttpResponse(decodeResult: success, version: HTTP/1.1)
HTTP/1.1 200 OK
Content-Type: application/json; charset=utf-8
cache-control: no-cache
content-length: 14

15:22:53.611 [AsyncHttpClient-1-14] DEBUG org.asynchttpclient.netty.channel.ChannelManager - Adding key: http://localhost:57682 for channel [id: 0x6d061a5c, L:/127.0.0.1:62381 - R:localhost/127.0.0.1:57682]
15:22:53.612 [Forwarding isElementEnabled on session f7386e42d1cf92cfbe0bf565977922c0 to remote] DEBUG org.asynchttpclient.netty.request.NettyRequestSender - Using pooled Channel '[id: 0x6d061a5c, L:/127.0.0.1:62381 - R:localhost/127.0.0.1:57682]' for 'GET' to 'http://localhost:57682/session/f7386e42d1cf92cfbe0bf565977922c0/element/f8139095-755b-4f05-84c8-6f2dd9f1afa6/enabled'
15:22:53.612 [Forwarding isElementEnabled on session f7386e42d1cf92cfbe0bf565977922c0 to remote] DEBUG org.asynchttpclient.netty.request.NettyRequestSender - Using open Channel [id: 0x6d061a5c, L:/127.0.0.1:62381 - R:localhost/127.0.0.1:57682] for GET '/session/f7386e42d1cf92cfbe0bf565977922c0/element/f8139095-755b-4f05-84c8-6f2dd9f1afa6/enabled'
15:22:53.616 [AsyncHttpClient-1-14] DEBUG org.asynchttpclient.netty.handler.HttpHandler - 

Request DefaultFullHttpRequest(decodeResult: success, version: HTTP/1.1, content: EmptyByteBufBE)
GET /session/f7386e42d1cf92cfbe0bf565977922c0/element/f8139095-755b-4f05-84c8-6f2dd9f1afa6/enabled HTTP/1.1
User-Agent: selenium/4.1.2 (java windows)
Cache-Control: no-cache
Content-Type: application/json; charset=utf-8
host: localhost:57682
accept: */*

Response DefaultHttpResponse(decodeResult: success, version: HTTP/1.1)
HTTP/1.1 200 OK
Content-Type: application/json; charset=utf-8
cache-control: no-cache
content-length: 14

15:22:53.616 [AsyncHttpClient-1-14] DEBUG org.asynchttpclient.netty.channel.ChannelManager - Adding key: http://localhost:57682 for channel [id: 0x6d061a5c, L:/127.0.0.1:62381 - R:localhost/127.0.0.1:57682]
15:22:53.618 [Forwarding findElement on session f7386e42d1cf92cfbe0bf565977922c0 to remote] DEBUG org.asynchttpclient.netty.request.NettyRequestSender - Using pooled Channel '[id: 0x6d061a5c, L:/127.0.0.1:62381 - R:localhost/127.0.0.1:57682]' for 'POST' to 'http://localhost:57682/session/f7386e42d1cf92cfbe0bf565977922c0/element'
15:22:53.618 [Forwarding findElement on session f7386e42d1cf92cfbe0bf565977922c0 to remote] DEBUG org.asynchttpclient.netty.request.NettyRequestSender - Using open Channel [id: 0x6d061a5c, L:/127.0.0.1:62381 - R:localhost/127.0.0.1:57682] for POST '/session/f7386e42d1cf92cfbe0bf565977922c0/element'
15:22:53.624 [AsyncHttpClient-1-14] DEBUG org.asynchttpclient.netty.handler.HttpHandler - 

Request DefaultHttpRequest(decodeResult: success, version: HTTP/1.1)
POST /session/f7386e42d1cf92cfbe0bf565977922c0/element HTTP/1.1
User-Agent: selenium/4.1.2 (java windows)
Content-Length: 321
Content-Type: application/json; charset=utf-8
host: localhost:57682
accept: */*

Response DefaultHttpResponse(decodeResult: success, version: HTTP/1.1)
HTTP/1.1 200 OK
Content-Type: application/json; charset=utf-8
cache-control: no-cache
content-length: 88

15:22:53.625 [AsyncHttpClient-1-14] DEBUG org.asynchttpclient.netty.channel.ChannelManager - Adding key: http://localhost:57682 for channel [id: 0x6d061a5c, L:/127.0.0.1:62381 - R:localhost/127.0.0.1:57682]
15:22:53.626 [Forwarding clickElement on session f7386e42d1cf92cfbe0bf565977922c0 to remote] DEBUG org.asynchttpclient.netty.request.NettyRequestSender - Using pooled Channel '[id: 0x6d061a5c, L:/127.0.0.1:62381 - R:localhost/127.0.0.1:57682]' for 'POST' to 'http://localhost:57682/session/f7386e42d1cf92cfbe0bf565977922c0/element/f8139095-755b-4f05-84c8-6f2dd9f1afa6/click'
15:22:53.626 [Forwarding clickElement on session f7386e42d1cf92cfbe0bf565977922c0 to remote] DEBUG org.asynchttpclient.netty.request.NettyRequestSender - Using open Channel [id: 0x6d061a5c, L:/127.0.0.1:62381 - R:localhost/127.0.0.1:57682] for POST '/session/f7386e42d1cf92cfbe0bf565977922c0/element/f8139095-755b-4f05-84c8-6f2dd9f1afa6/click'
15:22:53.675 [AsyncHttpClient-1-14] DEBUG org.asynchttpclient.netty.handler.HttpHandler - 

Request DefaultHttpRequest(decodeResult: success, version: HTTP/1.1)
POST /session/f7386e42d1cf92cfbe0bf565977922c0/element/f8139095-755b-4f05-84c8-6f2dd9f1afa6/click HTTP/1.1
User-Agent: selenium/4.1.2 (java windows)
Content-Length: 50
Content-Type: application/json; charset=utf-8
host: localhost:57682
accept: */*

Response DefaultHttpResponse(decodeResult: success, version: HTTP/1.1)
HTTP/1.1 200 OK
Content-Type: application/json; charset=utf-8
cache-control: no-cache
content-length: 14

15:22:53.675 [AsyncHttpClient-1-14] DEBUG org.asynchttpclient.netty.channel.ChannelManager - Adding key: http://localhost:57682 for channel [id: 0x6d061a5c, L:/127.0.0.1:62381 - R:localhost/127.0.0.1:57682]
  &amp#27;[32mAnd &amp#27;[0m&amp#27;[32mI have logged in&amp#27;[0m                 &amp#27;[90m# starter.stepdefinitions.ManageVaccinationBookingsSteps.iHaveLoggedIn()&amp#27;[0m
15:22:53.683 [Forwarding screenshot on session f7386e42d1cf92cfbe0bf565977922c0 to remote] DEBUG org.asynchttpclient.netty.request.NettyRequestSender - Using pooled Channel '[id: 0x6d061a5c, L:/127.0.0.1:62381 - R:localhost/127.0.0.1:57682]' for 'GET' to 'http://localhost:57682/session/f7386e42d1cf92cfbe0bf565977922c0/screenshot'
15:22:53.683 [Forwarding screenshot on session f7386e42d1cf92cfbe0bf565977922c0 to remote] DEBUG org.asynchttpclient.netty.request.NettyRequestSender - Using open Channel [id: 0x6d061a5c, L:/127.0.0.1:62381 - R:localhost/127.0.0.1:57682] for GET '/session/f7386e42d1cf92cfbe0bf565977922c0/screenshot'
15:22:53.827 [AsyncHttpClient-1-14] DEBUG org.asynchttpclient.netty.handler.HttpHandler - 

Request DefaultFullHttpRequest(decodeResult: success, version: HTTP/1.1, content: EmptyByteBufBE)
GET /session/f7386e42d1cf92cfbe0bf565977922c0/screenshot HTTP/1.1
User-Agent: selenium/4.1.2 (java windows)
Cache-Control: no-cache
Content-Type: application/json; charset=utf-8
host: localhost:57682
accept: */*

Response DefaultHttpResponse(decodeResult: success, version: HTTP/1.1)
HTTP/1.1 200 OK
Content-Type: application/json; charset=utf-8
cache-control: no-cache
content-length: 115772

15:22:53.828 [AsyncHttpClient-1-14] DEBUG org.asynchttpclient.netty.channel.ChannelManager - Adding key: http://localhost:57682 for channel [id: 0x6d061a5c, L:/127.0.0.1:62381 - R:localhost/127.0.0.1:57682]
15:22:53.831 [main] DEBUG net.serenitybdd.core.photography.Darkroom - Send negative for processing for target\site\serenity\0d47efa92e38864e8941762da4b82dad836e1aee474c7b5fa0030fcddd8fcf06.png
15:22:53.832 [Darkroom Processing Line] DEBUG net.serenitybdd.core.photography.DarkroomProcessingLine - Processing screenshot image in /var/screenshots/screenshot-7937242359275507104
15:22:53.832 [Darkroom Processing Line] DEBUG net.serenitybdd.core.photography.DarkroomProcessingLine - Saving screenshot to target\site\serenity\0d47efa92e38864e8941762da4b82dad836e1aee474c7b5fa0030fcddd8fcf06.png
15:22:53.969 [Forwarding findElement on session f7386e42d1cf92cfbe0bf565977922c0 to remote] DEBUG org.asynchttpclient.netty.request.NettyRequestSender - Using pooled Channel '[id: 0x6d061a5c, L:/127.0.0.1:62381 - R:localhost/127.0.0.1:57682]' for 'POST' to 'http://localhost:57682/session/f7386e42d1cf92cfbe0bf565977922c0/element'
15:22:53.969 [Forwarding findElement on session f7386e42d1cf92cfbe0bf565977922c0 to remote] DEBUG org.asynchttpclient.netty.request.NettyRequestSender - Using open Channel [id: 0x6d061a5c, L:/127.0.0.1:62381 - R:localhost/127.0.0.1:57682] for POST '/session/f7386e42d1cf92cfbe0bf565977922c0/element'
15:22:54.024 [AsyncHttpClient-1-1] DEBUG org.asynchttpclient.netty.channel.DefaultChannelPool - Entry count for : http://localhost:62382 : 1
15:22:54.195 [AsyncHttpClient-1-14] DEBUG org.asynchttpclient.netty.handler.HttpHandler - 

Request DefaultHttpRequest(decodeResult: success, version: HTTP/1.1)
POST /session/f7386e42d1cf92cfbe0bf565977922c0/element HTTP/1.1
User-Agent: selenium/4.1.2 (java windows)
Content-Length: 78
Content-Type: application/json; charset=utf-8
host: localhost:57682
accept: */*

Response DefaultHttpResponse(decodeResult: success, version: HTTP/1.1)
HTTP/1.1 200 OK
Content-Type: application/json; charset=utf-8
cache-control: no-cache
content-length: 88

15:22:54.195 [AsyncHttpClient-1-14] DEBUG org.asynchttpclient.netty.channel.ChannelManager - Adding key: http://localhost:57682 for channel [id: 0x6d061a5c, L:/127.0.0.1:62381 - R:localhost/127.0.0.1:57682]
15:22:54.197 [Forwarding getElementTagName on session f7386e42d1cf92cfbe0bf565977922c0 to remote] DEBUG org.asynchttpclient.netty.request.NettyRequestSender - Using pooled Channel '[id: 0x6d061a5c, L:/127.0.0.1:62381 - R:localhost/127.0.0.1:57682]' for 'GET' to 'http://localhost:57682/session/f7386e42d1cf92cfbe0bf565977922c0/element/3c131591-1fc2-4a4b-8b2d-988af7defd2a/name'
15:22:54.197 [Forwarding getElementTagName on session f7386e42d1cf92cfbe0bf565977922c0 to remote] DEBUG org.asynchttpclient.netty.request.NettyRequestSender - Using open Channel [id: 0x6d061a5c, L:/127.0.0.1:62381 - R:localhost/127.0.0.1:57682] for GET '/session/f7386e42d1cf92cfbe0bf565977922c0/element/3c131591-1fc2-4a4b-8b2d-988af7defd2a/name'
15:22:54.203 [AsyncHttpClient-1-14] DEBUG org.asynchttpclient.netty.handler.HttpHandler - 

Request DefaultFullHttpRequest(decodeResult: success, version: HTTP/1.1, content: EmptyByteBufBE)
GET /session/f7386e42d1cf92cfbe0bf565977922c0/element/3c131591-1fc2-4a4b-8b2d-988af7defd2a/name HTTP/1.1
User-Agent: selenium/4.1.2 (java windows)
Cache-Control: no-cache
Content-Type: application/json; charset=utf-8
host: localhost:57682
accept: */*

Response DefaultHttpResponse(decodeResult: success, version: HTTP/1.1)
HTTP/1.1 200 OK
Content-Type: application/json; charset=utf-8
cache-control: no-cache
content-length: 13

15:22:54.203 [AsyncHttpClient-1-14] DEBUG org.asynchttpclient.netty.channel.ChannelManager - Adding key: http://localhost:57682 for channel [id: 0x6d061a5c, L:/127.0.0.1:62381 - R:localhost/127.0.0.1:57682]
15:22:54.204 [Forwarding getElementTagName on session f7386e42d1cf92cfbe0bf565977922c0 to remote] DEBUG org.asynchttpclient.netty.request.NettyRequestSender - Using pooled Channel '[id: 0x6d061a5c, L:/127.0.0.1:62381 - R:localhost/127.0.0.1:57682]' for 'GET' to 'http://localhost:57682/session/f7386e42d1cf92cfbe0bf565977922c0/element/3c131591-1fc2-4a4b-8b2d-988af7defd2a/name'
15:22:54.204 [Forwarding getElementTagName on session f7386e42d1cf92cfbe0bf565977922c0 to remote] DEBUG org.asynchttpclient.netty.request.NettyRequestSender - Using open Channel [id: 0x6d061a5c, L:/127.0.0.1:62381 - R:localhost/127.0.0.1:57682] for GET '/session/f7386e42d1cf92cfbe0bf565977922c0/element/3c131591-1fc2-4a4b-8b2d-988af7defd2a/name'
15:22:54.210 [AsyncHttpClient-1-14] DEBUG org.asynchttpclient.netty.handler.HttpHandler - 

Request DefaultFullHttpRequest(decodeResult: success, version: HTTP/1.1, content: EmptyByteBufBE)
GET /session/f7386e42d1cf92cfbe0bf565977922c0/element/3c131591-1fc2-4a4b-8b2d-988af7defd2a/name HTTP/1.1
User-Agent: selenium/4.1.2 (java windows)
Cache-Control: no-cache
Content-Type: application/json; charset=utf-8
host: localhost:57682
accept: */*

Response DefaultHttpResponse(decodeResult: success, version: HTTP/1.1)
HTTP/1.1 200 OK
Content-Type: application/json; charset=utf-8
cache-control: no-cache
content-length: 13

15:22:54.210 [AsyncHttpClient-1-14] DEBUG org.asynchttpclient.netty.channel.ChannelManager - Adding key: http://localhost:57682 for channel [id: 0x6d061a5c, L:/127.0.0.1:62381 - R:localhost/127.0.0.1:57682]
15:22:54.214 [Forwarding findElement on session f7386e42d1cf92cfbe0bf565977922c0 to remote] DEBUG org.asynchttpclient.netty.request.NettyRequestSender - Using pooled Channel '[id: 0x6d061a5c, L:/127.0.0.1:62381 - R:localhost/127.0.0.1:57682]' for 'POST' to 'http://localhost:57682/session/f7386e42d1cf92cfbe0bf565977922c0/element'
15:22:54.214 [Forwarding findElement on session f7386e42d1cf92cfbe0bf565977922c0 to remote] DEBUG org.asynchttpclient.netty.request.NettyRequestSender - Using open Channel [id: 0x6d061a5c, L:/127.0.0.1:62381 - R:localhost/127.0.0.1:57682] for POST '/session/f7386e42d1cf92cfbe0bf565977922c0/element'
15:22:54.221 [AsyncHttpClient-1-14] DEBUG org.asynchttpclient.netty.handler.HttpHandler - 

Request DefaultHttpRequest(decodeResult: success, version: HTTP/1.1)
POST /session/f7386e42d1cf92cfbe0bf565977922c0/element HTTP/1.1
User-Agent: selenium/4.1.2 (java windows)
Content-Length: 78
Content-Type: application/json; charset=utf-8
host: localhost:57682
accept: */*

Response DefaultHttpResponse(decodeResult: success, version: HTTP/1.1)
HTTP/1.1 200 OK
Content-Type: application/json; charset=utf-8
cache-control: no-cache
content-length: 88

15:22:54.221 [AsyncHttpClient-1-14] DEBUG org.asynchttpclient.netty.channel.ChannelManager - Adding key: http://localhost:57682 for channel [id: 0x6d061a5c, L:/127.0.0.1:62381 - R:localhost/127.0.0.1:57682]
15:22:54.223 [Forwarding clickElement on session f7386e42d1cf92cfbe0bf565977922c0 to remote] DEBUG org.asynchttpclient.netty.request.NettyRequestSender - Using pooled Channel '[id: 0x6d061a5c, L:/127.0.0.1:62381 - R:localhost/127.0.0.1:57682]' for 'POST' to 'http://localhost:57682/session/f7386e42d1cf92cfbe0bf565977922c0/element/3c131591-1fc2-4a4b-8b2d-988af7defd2a/click'
15:22:54.223 [Forwarding clickElement on session f7386e42d1cf92cfbe0bf565977922c0 to remote] DEBUG org.asynchttpclient.netty.request.NettyRequestSender - Using open Channel [id: 0x6d061a5c, L:/127.0.0.1:62381 - R:localhost/127.0.0.1:57682] for POST '/session/f7386e42d1cf92cfbe0bf565977922c0/element/3c131591-1fc2-4a4b-8b2d-988af7defd2a/click'
15:22:54.434 [AsyncHttpClient-1-14] DEBUG org.asynchttpclient.netty.handler.HttpHandler - 

Request DefaultHttpRequest(decodeResult: success, version: HTTP/1.1)
POST /session/f7386e42d1cf92cfbe0bf565977922c0/element/3c131591-1fc2-4a4b-8b2d-988af7defd2a/click HTTP/1.1
User-Agent: selenium/4.1.2 (java windows)
Content-Length: 50
Content-Type: application/json; charset=utf-8
host: localhost:57682
accept: */*

Response DefaultHttpResponse(decodeResult: success, version: HTTP/1.1)
HTTP/1.1 200 OK
Content-Type: application/json; charset=utf-8
cache-control: no-cache
content-length: 14

15:22:54.435 [AsyncHttpClient-1-14] DEBUG org.asynchttpclient.netty.channel.ChannelManager - Adding key: http://localhost:57682 for channel [id: 0x6d061a5c, L:/127.0.0.1:62381 - R:localhost/127.0.0.1:57682]
  &amp#27;[32mWhen &amp#27;[0m&amp#27;[32mI go to Daftar Vaksin page&amp#27;[0m      &amp#27;[90m# starter.stepdefinitions.VaccineNamesSteps.iGoToDaftarVaksinPage()&amp#27;[0m
15:22:54.446 [Forwarding screenshot on session f7386e42d1cf92cfbe0bf565977922c0 to remote] DEBUG org.asynchttpclient.netty.request.NettyRequestSender - Using pooled Channel '[id: 0x6d061a5c, L:/127.0.0.1:62381 - R:localhost/127.0.0.1:57682]' for 'GET' to 'http://localhost:57682/session/f7386e42d1cf92cfbe0bf565977922c0/screenshot'
15:22:54.446 [Forwarding screenshot on session f7386e42d1cf92cfbe0bf565977922c0 to remote] DEBUG org.asynchttpclient.netty.request.NettyRequestSender - Using open Channel [id: 0x6d061a5c, L:/127.0.0.1:62381 - R:localhost/127.0.0.1:57682] for GET '/session/f7386e42d1cf92cfbe0bf565977922c0/screenshot'
15:22:54.766 [AsyncHttpClient-1-14] DEBUG org.asynchttpclient.netty.handler.HttpHandler - 

Request DefaultFullHttpRequest(decodeResult: success, version: HTTP/1.1, content: EmptyByteBufBE)
GET /session/f7386e42d1cf92cfbe0bf565977922c0/screenshot HTTP/1.1
User-Agent: selenium/4.1.2 (java windows)
Cache-Control: no-cache
Content-Type: application/json; charset=utf-8
host: localhost:57682
accept: */*

Response DefaultHttpResponse(decodeResult: success, version: HTTP/1.1)
HTTP/1.1 200 OK
Content-Type: application/json; charset=utf-8
cache-control: no-cache
content-length: 140292

15:22:54.767 [AsyncHttpClient-1-14] DEBUG org.asynchttpclient.netty.channel.ChannelManager - Adding key: http://localhost:57682 for channel [id: 0x6d061a5c, L:/127.0.0.1:62381 - R:localhost/127.0.0.1:57682]
15:22:54.773 [main] DEBUG net.serenitybdd.core.photography.Darkroom - Send negative for processing for target\site\serenity\3716ab105374026c6a5a4f62e06bab7d8f5a44c1bcea0dba5a0a2ae3fdedbf21.png
15:22:54.774 [Darkroom Processing Line] DEBUG net.serenitybdd.core.photography.DarkroomProcessingLine - Processing screenshot image in /var/screenshots/screenshot-11565195579172780434
15:22:54.774 [Darkroom Processing Line] DEBUG net.serenitybdd.core.photography.DarkroomProcessingLine - Saving screenshot to target\site\serenity\3716ab105374026c6a5a4f62e06bab7d8f5a44c1bcea0dba5a0a2ae3fdedbf21.png
15:22:54.796 [Forwarding findElement on session f7386e42d1cf92cfbe0bf565977922c0 to remote] DEBUG org.asynchttpclient.netty.request.NettyRequestSender - Using pooled Channel '[id: 0x6d061a5c, L:/127.0.0.1:62381 - R:localhost/127.0.0.1:57682]' for 'POST' to 'http://localhost:57682/session/f7386e42d1cf92cfbe0bf565977922c0/element'
15:22:54.796 [Forwarding findElement on session f7386e42d1cf92cfbe0bf565977922c0 to remote] DEBUG org.asynchttpclient.netty.request.NettyRequestSender - Using open Channel [id: 0x6d061a5c, L:/127.0.0.1:62381 - R:localhost/127.0.0.1:57682] for POST '/session/f7386e42d1cf92cfbe0bf565977922c0/element'
15:22:54.809 [AsyncHttpClient-1-14] DEBUG org.asynchttpclient.netty.handler.HttpHandler - 

Request DefaultHttpRequest(decodeResult: success, version: HTTP/1.1)
POST /session/f7386e42d1cf92cfbe0bf565977922c0/element HTTP/1.1
User-Agent: selenium/4.1.2 (java windows)
Content-Length: 78
Content-Type: application/json; charset=utf-8
host: localhost:57682
accept: */*

Response DefaultHttpResponse(decodeResult: success, version: HTTP/1.1)
HTTP/1.1 200 OK
Content-Type: application/json; charset=utf-8
cache-control: no-cache
content-length: 88

15:22:54.809 [AsyncHttpClient-1-14] DEBUG org.asynchttpclient.netty.channel.ChannelManager - Adding key: http://localhost:57682 for channel [id: 0x6d061a5c, L:/127.0.0.1:62381 - R:localhost/127.0.0.1:57682]
15:22:54.814 [Forwarding isElementDisplayed on session f7386e42d1cf92cfbe0bf565977922c0 to remote] DEBUG org.asynchttpclient.netty.request.NettyRequestSender - Using pooled Channel '[id: 0x6d061a5c, L:/127.0.0.1:62381 - R:localhost/127.0.0.1:57682]' for 'POST' to 'http://localhost:57682/session/f7386e42d1cf92cfbe0bf565977922c0/execute/sync'
15:22:54.815 [Forwarding isElementDisplayed on session f7386e42d1cf92cfbe0bf565977922c0 to remote] DEBUG org.asynchttpclient.netty.request.NettyRequestSender - Using open Channel [id: 0x6d061a5c, L:/127.0.0.1:62381 - R:localhost/127.0.0.1:57682] for POST '/session/f7386e42d1cf92cfbe0bf565977922c0/execute/sync'
15:22:54.841 [AsyncHttpClient-1-14] DEBUG org.asynchttpclient.netty.handler.HttpHandler - 

Request DefaultHttpRequest(decodeResult: success, version: HTTP/1.1)
POST /session/f7386e42d1cf92cfbe0bf565977922c0/execute/sync HTTP/1.1
User-Agent: selenium/4.1.2 (java windows)
Content-Length: 48780
Content-Type: application/json; charset=utf-8
host: localhost:57682
accept: */*

Response DefaultHttpResponse(decodeResult: success, version: HTTP/1.1)
HTTP/1.1 200 OK
Content-Type: application/json; charset=utf-8
cache-control: no-cache
content-length: 14

15:22:54.841 [AsyncHttpClient-1-14] DEBUG org.asynchttpclient.netty.channel.ChannelManager - Adding key: http://localhost:57682 for channel [id: 0x6d061a5c, L:/127.0.0.1:62381 - R:localhost/127.0.0.1:57682]
  &amp#27;[32mThen &amp#27;[0m&amp#27;[32mvaccine names will be displayed&amp#27;[0m &amp#27;[90m# starter.stepdefinitions.VaccineNamesSteps.vaccineNamesWillBeDisplayed()&amp#27;[0m
15:22:54.846 [Forwarding screenshot on session f7386e42d1cf92cfbe0bf565977922c0 to remote] DEBUG org.asynchttpclient.netty.request.NettyRequestSender - Using pooled Channel '[id: 0x6d061a5c, L:/127.0.0.1:62381 - R:localhost/127.0.0.1:57682]' for 'GET' to 'http://localhost:57682/session/f7386e42d1cf92cfbe0bf565977922c0/screenshot'
15:22:54.846 [Forwarding screenshot on session f7386e42d1cf92cfbe0bf565977922c0 to remote] DEBUG org.asynchttpclient.netty.request.NettyRequestSender - Using open Channel [id: 0x6d061a5c, L:/127.0.0.1:62381 - R:localhost/127.0.0.1:57682] for GET '/session/f7386e42d1cf92cfbe0bf565977922c0/screenshot'
15:22:54.974 [AsyncHttpClient-1-14] DEBUG org.asynchttpclient.netty.handler.HttpHandler - 

Request DefaultFullHttpRequest(decodeResult: success, version: HTTP/1.1, content: EmptyByteBufBE)
GET /session/f7386e42d1cf92cfbe0bf565977922c0/screenshot HTTP/1.1
User-Agent: selenium/4.1.2 (java windows)
Cache-Control: no-cache
Content-Type: application/json; charset=utf-8
host: localhost:57682
accept: */*

Response DefaultHttpResponse(decodeResult: success, version: HTTP/1.1)
HTTP/1.1 200 OK
Content-Type: application/json; charset=utf-8
cache-control: no-cache
content-length: 158584

15:22:54.975 [AsyncHttpClient-1-14] DEBUG org.asynchttpclient.netty.channel.ChannelManager - Adding key: http://localhost:57682 for channel [id: 0x6d061a5c, L:/127.0.0.1:62381 - R:localhost/127.0.0.1:57682]
15:22:54.981 [main] DEBUG net.serenitybdd.core.photography.Darkroom - Send negative for processing for target\site\serenity\71cca4aee9b2b2f04508035cc148f345a4ff20a621f8f13e735d97174f77f399.png
15:22:54.981 [Darkroom Processing Line] DEBUG net.serenitybdd.core.photography.DarkroomProcessingLine - Processing screenshot image in /var/screenshots/screenshot-3063498605043523778
15:22:54.981 [Darkroom Processing Line] DEBUG net.serenitybdd.core.photography.DarkroomProcessingLine - Saving screenshot to target\site\serenity\71cca4aee9b2b2f04508035cc148f345a4ff20a621f8f13e735d97174f77f399.png
15:22:54.984 [main] INFO  - 
  _____   ___   ___   _____     ___     _     ___   ___   ___   ___  
 |_   _| | __| / __| |_   _|   | _ \   /_\   / __| / __| | __| |   \ 
   | |   | _|  \__ \   | |     |  _/  / _ \  \__ \ \__ \ | _|  | |) |
   |_|   |___| |___/   |_|     |_|   /_/ \_\ |___/ |___/ |___| |___/ 


----------------------------------------------------------------------
15:22:54.987 [AsyncHttpClient-1-16] DEBUG org.asynchttpclient.netty.handler.WebSocketHandler - Channel Closed: [id: 0x3883d127, L:/127.0.0.1:62389 ! R:localhost/127.0.0.1:62382] with attribute NettyResponseFuture{currentRetry=5,
	isDone=1,
	isCancelled=0,
	asyncHandler=org.asynchttpclient.ws.WebSocketUpgradeHandler@300b14a,
	nettyRequest=org.asynchttpclient.netty.request.NettyRequest@46023f4e,
	future=java.util.concurrent.CompletableFuture@96414be[Completed normally],
	uri=ws://localhost:62382/devtools/browser/1ce62525-2e9d-4095-981b-f2f25155b0aa,
	keepAlive=true,
	redirectCount=0,
	timeoutsHolder=null,
	inAuth=0,
	touch=1671610971671}
15:22:54.987 [AsyncHttpClient-1-16] DEBUG org.asynchttpclient.netty.channel.ChannelManager - Closing Channel [id: 0x3883d127, L:/127.0.0.1:62389 ! R:localhost/127.0.0.1:62382] 
15:22:54.988 [Driver Command Executor] DEBUG org.asynchttpclient.netty.request.NettyRequestSender - Using pooled Channel '[id: 0x6d061a5c, L:/127.0.0.1:62381 - R:localhost/127.0.0.1:57682]' for 'DELETE' to 'http://localhost:57682/session/f7386e42d1cf92cfbe0bf565977922c0'
15:22:54.988 [Driver Command Executor] DEBUG org.asynchttpclient.netty.request.NettyRequestSender - Using open Channel [id: 0x6d061a5c, L:/127.0.0.1:62381 - R:localhost/127.0.0.1:57682] for DELETE '/session/f7386e42d1cf92cfbe0bf565977922c0'
15:22:55.014 [AsyncHttpClient-1-15] DEBUG org.asynchttpclient.netty.handler.HttpHandler - Unexpected I/O exception on channel [id: 0xad245ab7, L:/127.0.0.1:62388 - R:localhost/127.0.0.1:62382]
java.io.IOException: An existing connection was forcibly closed by the remote host
	at java.base/sun.nio.ch.SocketDispatcher.read0(Native Method)
	at java.base/sun.nio.ch.SocketDispatcher.read(SocketDispatcher.java:43)
	at java.base/sun.nio.ch.IOUtil.readIntoNativeBuffer(IOUtil.java:276)
	at java.base/sun.nio.ch.IOUtil.read(IOUtil.java:233)
	at java.base/sun.nio.ch.IOUtil.read(IOUtil.java:223)
	at java.base/sun.nio.ch.SocketChannelImpl.read(SocketChannelImpl.java:358)
	at io.netty.buffer.PooledByteBuf.setBytes(PooledByteBuf.java:258)
	at io.netty.buffer.AbstractByteBuf.writeBytes(AbstractByteBuf.java:1132)
	at io.netty.channel.socket.nio.NioSocketChannel.doReadBytes(NioSocketChannel.java:350)
	at io.netty.channel.nio.AbstractNioByteChannel$NioByteUnsafe.read(AbstractNioByteChannel.java:151)
	at io.netty.channel.nio.NioEventLoop.processSelectedKey(NioEventLoop.java:722)
	at io.netty.channel.nio.NioEventLoop.processSelectedKeysOptimized(NioEventLoop.java:658)
	at io.netty.channel.nio.NioEventLoop.processSelectedKeys(NioEventLoop.java:584)
	at io.netty.channel.nio.NioEventLoop.run(NioEventLoop.java:496)
	at io.netty.util.concurrent.SingleThreadEventExecutor$4.run(SingleThreadEventExecutor.java:986)
	at io.netty.util.internal.ThreadExecutorMap$2.run(ThreadExecutorMap.java:74)
	at io.netty.util.concurrent.FastThreadLocalRunnable.run(FastThreadLocalRunnable.java:30)
	at java.base/java.lang.Thread.run(Thread.java:834)
15:22:55.014 [AsyncHttpClient-1-15] DEBUG org.asynchttpclient.netty.channel.ChannelManager - Closing Channel [id: 0xad245ab7, L:/127.0.0.1:62388 - R:localhost/127.0.0.1:62382] 
15:22:55.015 [AsyncHttpClient-1-15] DEBUG org.asynchttpclient.netty.handler.HttpHandler - Channel Closed: [id: 0xad245ab7, L:/127.0.0.1:62388 ! R:localhost/127.0.0.1:62382] with attribute DISCARD
15:22:55.044 [AsyncHttpClient-1-14] DEBUG org.asynchttpclient.netty.handler.HttpHandler - 

Request DefaultFullHttpRequest(decodeResult: success, version: HTTP/1.1, content: EmptyByteBufBE)
DELETE /session/f7386e42d1cf92cfbe0bf565977922c0 HTTP/1.1
User-Agent: selenium/4.1.2 (java windows)
Content-Type: application/json; charset=utf-8
host: localhost:57682
accept: */*

Response DefaultHttpResponse(decodeResult: success, version: HTTP/1.1)
HTTP/1.1 200 OK
Content-Type: application/json; charset=utf-8
cache-control: no-cache
content-length: 14

15:22:55.044 [AsyncHttpClient-1-14] DEBUG org.asynchttpclient.netty.channel.ChannelManager - Adding key: http://localhost:57682 for channel [id: 0x6d061a5c, L:/127.0.0.1:62381 - R:localhost/127.0.0.1:57682]
15:22:55.099 [AsyncHttpClient-1-14] DEBUG org.asynchttpclient.netty.handler.HttpHandler - Channel Closed: [id: 0x6d061a5c, L:/127.0.0.1:62381 ! R:localhost/127.0.0.1:57682] with attribute DISCARD
15:22:55.126 [AsyncHttpClient-1-1] DEBUG org.asynchttpclient.netty.channel.DefaultChannelPool - Entry count for : http://localhost:57682 : 1
15:22:55.126 [AsyncHttpClient-1-1] DEBUG org.asynchttpclient.netty.channel.DefaultChannelPool - Entry count for : http://localhost:62382 : 1
15:22:55.126 [AsyncHttpClient-1-1] DEBUG org.asynchttpclient.netty.channel.DefaultChannelPool - Adding Candidate expired Channel [id: 0x6d061a5c, L:/127.0.0.1:62381 ! R:localhost/127.0.0.1:57682] isIdleTimeoutExpired=false isRemotelyClosed=true isTtlExpired=false
15:22:55.126 [AsyncHttpClient-1-1] DEBUG org.asynchttpclient.netty.channel.DefaultChannelPool - Closing Idle Channel [id: 0x6d061a5c, L:/127.0.0.1:62381 ! R:localhost/127.0.0.1:57682]
15:22:55.126 [AsyncHttpClient-1-1] DEBUG org.asynchttpclient.netty.channel.DefaultChannelPool - Adding Candidate expired Channel [id: 0xad245ab7, L:/127.0.0.1:62388 ! R:localhost/127.0.0.1:62382] isIdleTimeoutExpired=false isRemotelyClosed=true isTtlExpired=false
15:22:55.126 [AsyncHttpClient-1-1] DEBUG org.asynchttpclient.netty.channel.DefaultChannelPool - Closing Idle Channel [id: 0xad245ab7, L:/127.0.0.1:62388 ! R:localhost/127.0.0.1:62382]
15:22:55.126 [AsyncHttpClient-1-1] DEBUG org.asynchttpclient.netty.channel.DefaultChannelPool - Closed 2 connections out of 2 in 0 ms
]]></system-out>
    <system-err><![CDATA[Starting ChromeDriver 108.0.5359.71 (1e0e3868ee06e91ad636a874420e3ca3ae3756ac-refs/branch-heads/5359@{#1016}) on port 57682
Only local connections are allowed.
Please see https://chromedriver.chromium.org/security-considerations for suggestions on keeping ChromeDriver safe.
ChromeDriver was started successfully.
Dec 21, 2022 3:22:51 PM org.openqa.selenium.remote.ProtocolHandshake createSession
INFO: Detected dialect: W3C
Dec 21, 2022 3:22:51 PM org.openqa.selenium.devtools.CdpVersionFinder findNearestMatch
WARNING: Unable to find an exact match for CDP version 108, so returning the closest version found: a no-op implementation
Dec 21, 2022 3:22:51 PM org.openqa.selenium.devtools.CdpVersionFinder findNearestMatch
INFO: Unable to find CDP implementation matching 108.
Dec 21, 2022 3:22:51 PM org.openqa.selenium.chromium.ChromiumDriver lambda$new$3
WARNING: Unable to find version of CDP to use for . You may need to include a dependency on a specific version of the CDP using something similar to `org.seleniumhq.selenium:selenium-devtools-v86:4.1.2` where the version ("v86") matches the version of the chromium-based browser you're using and the version number of the artifact is the same as Selenium's.
]]></system-err>
  </testcase>
</testsuite>